<?xml version="1.0" encoding="UTF-8" ?>
<!-- This is a WordPress eXtended RSS file generated by WordPress as an export of your site. -->
<!-- It contains information about your site's posts, pages, comments, categories, and other content. -->
<!-- You may use this file to transfer that content from one site to another. -->
<!-- This file is not intended to serve as a complete backup of your site. -->

<!-- To import this information into a WordPress site follow these steps: -->
<!-- 1. Log in to that site as an administrator. -->
<!-- 2. Go to Tools: Import in the WordPress admin panel. -->
<!-- 3. Install the "WordPress" importer from the list. -->
<!-- 4. Activate & Run Importer. -->
<!-- 5. Upload this file using the form provided on that page. -->
<!-- 6. You will first be asked to map the authors in this export file to users -->
<!--    on the site. For each author, you may choose to map to an -->
<!--    existing user on the site or to create a new user. -->
<!-- 7. WordPress will then import each of the posts, pages, comments, categories, etc. -->
<!--    contained in this file into your site. -->

	<!-- generator="WordPress/5.8.1" created="2021-09-22 21:47" -->
<rss version="2.0"
	xmlns:excerpt="http://wordpress.org/export/1.2/excerpt/"
	xmlns:content="http://purl.org/rss/1.0/modules/content/"
	xmlns:wfw="http://wellformedweb.org/CommentAPI/"
	xmlns:dc="http://purl.org/dc/elements/1.1/"
	xmlns:wp="http://wordpress.org/export/1.2/"
>

<channel>
	<title>test-sass</title>
	<link>http://localhost/sass-wp</link>
	<description>Otro sitio realizado con WordPress</description>
	<pubDate>Wed, 22 Sep 2021 21:47:40 +0000</pubDate>
	<language>es-MX</language>
	<wp:wxr_version>1.2</wp:wxr_version>
	<wp:base_site_url>http://localhost/sass-wp</wp:base_site_url>
	<wp:base_blog_url>http://localhost/sass-wp</wp:base_blog_url>

		<wp:author><wp:author_id>1</wp:author_id><wp:author_login><![CDATA[webmaster]]></wp:author_login><wp:author_email><![CDATA[fablabtoluca@gmail.com]]></wp:author_email><wp:author_display_name><![CDATA[webmaster]]></wp:author_display_name><wp:author_first_name><![CDATA[]]></wp:author_first_name><wp:author_last_name><![CDATA[]]></wp:author_last_name></wp:author>

		<wp:category>
		<wp:term_id>24</wp:term_id>
		<wp:category_nicename><![CDATA[aciform]]></wp:category_nicename>
		<wp:category_parent><![CDATA[]]></wp:category_parent>
		<wp:cat_name><![CDATA[aciform]]></wp:cat_name>
	</wp:category>
		<wp:category>
		<wp:term_id>25</wp:term_id>
		<wp:category_nicename><![CDATA[antiquarianism]]></wp:category_nicename>
		<wp:category_parent><![CDATA[]]></wp:category_parent>
		<wp:cat_name><![CDATA[antiquarianism]]></wp:cat_name>
	</wp:category>
		<wp:category>
		<wp:term_id>26</wp:term_id>
		<wp:category_nicename><![CDATA[arrangement]]></wp:category_nicename>
		<wp:category_parent><![CDATA[]]></wp:category_parent>
		<wp:cat_name><![CDATA[arrangement]]></wp:cat_name>
	</wp:category>
		<wp:category>
		<wp:term_id>27</wp:term_id>
		<wp:category_nicename><![CDATA[asmodeus]]></wp:category_nicename>
		<wp:category_parent><![CDATA[]]></wp:category_parent>
		<wp:cat_name><![CDATA[asmodeus]]></wp:cat_name>
	</wp:category>
		<wp:category>
		<wp:term_id>28</wp:term_id>
		<wp:category_nicename><![CDATA[block]]></wp:category_nicename>
		<wp:category_parent><![CDATA[]]></wp:category_parent>
		<wp:cat_name><![CDATA[Block]]></wp:cat_name>
<wp:category_description><![CDATA[Items in the block category have been created with the block editor.]]></wp:category_description>
	</wp:category>
		<wp:category>
		<wp:term_id>29</wp:term_id>
		<wp:category_nicename><![CDATA[blogroll]]></wp:category_nicename>
		<wp:category_parent><![CDATA[]]></wp:category_parent>
		<wp:cat_name><![CDATA[Blogroll]]></wp:cat_name>
	</wp:category>
		<wp:category>
		<wp:term_id>30</wp:term_id>
		<wp:category_nicename><![CDATA[broder]]></wp:category_nicename>
		<wp:category_parent><![CDATA[]]></wp:category_parent>
		<wp:cat_name><![CDATA[broder]]></wp:cat_name>
	</wp:category>
		<wp:category>
		<wp:term_id>31</wp:term_id>
		<wp:category_nicename><![CDATA[buying]]></wp:category_nicename>
		<wp:category_parent><![CDATA[]]></wp:category_parent>
		<wp:cat_name><![CDATA[buying]]></wp:cat_name>
	</wp:category>
		<wp:category>
		<wp:term_id>32</wp:term_id>
		<wp:category_nicename><![CDATA[cat-a]]></wp:category_nicename>
		<wp:category_parent><![CDATA[]]></wp:category_parent>
		<wp:cat_name><![CDATA[Cat A]]></wp:cat_name>
	</wp:category>
		<wp:category>
		<wp:term_id>33</wp:term_id>
		<wp:category_nicename><![CDATA[cat-b]]></wp:category_nicename>
		<wp:category_parent><![CDATA[]]></wp:category_parent>
		<wp:cat_name><![CDATA[Cat B]]></wp:cat_name>
	</wp:category>
		<wp:category>
		<wp:term_id>34</wp:term_id>
		<wp:category_nicename><![CDATA[cat-c]]></wp:category_nicename>
		<wp:category_parent><![CDATA[]]></wp:category_parent>
		<wp:cat_name><![CDATA[Cat C]]></wp:cat_name>
	</wp:category>
		<wp:category>
		<wp:term_id>35</wp:term_id>
		<wp:category_nicename><![CDATA[championship]]></wp:category_nicename>
		<wp:category_parent><![CDATA[]]></wp:category_parent>
		<wp:cat_name><![CDATA[championship]]></wp:cat_name>
	</wp:category>
		<wp:category>
		<wp:term_id>36</wp:term_id>
		<wp:category_nicename><![CDATA[chastening]]></wp:category_nicename>
		<wp:category_parent><![CDATA[]]></wp:category_parent>
		<wp:cat_name><![CDATA[chastening]]></wp:cat_name>
	</wp:category>
		<wp:category>
		<wp:term_id>9</wp:term_id>
		<wp:category_nicename><![CDATA[citado]]></wp:category_nicename>
		<wp:category_parent><![CDATA[]]></wp:category_parent>
		<wp:cat_name><![CDATA[Citado]]></wp:cat_name>
	</wp:category>
		<wp:category>
		<wp:term_id>37</wp:term_id>
		<wp:category_nicename><![CDATA[classic]]></wp:category_nicename>
		<wp:category_parent><![CDATA[]]></wp:category_parent>
		<wp:cat_name><![CDATA[Classic]]></wp:cat_name>
<wp:category_description><![CDATA[Items in the classic category have been created with the classic editor.]]></wp:category_description>
	</wp:category>
		<wp:category>
		<wp:term_id>38</wp:term_id>
		<wp:category_nicename><![CDATA[clerkship]]></wp:category_nicename>
		<wp:category_parent><![CDATA[]]></wp:category_parent>
		<wp:cat_name><![CDATA[clerkship]]></wp:cat_name>
	</wp:category>
		<wp:category>
		<wp:term_id>8</wp:term_id>
		<wp:category_nicename><![CDATA[descartado]]></wp:category_nicename>
		<wp:category_parent><![CDATA[]]></wp:category_parent>
		<wp:cat_name><![CDATA[Descartado]]></wp:cat_name>
	</wp:category>
		<wp:category>
		<wp:term_id>15</wp:term_id>
		<wp:category_nicename><![CDATA[descartado-en-entrevista-final]]></wp:category_nicename>
		<wp:category_parent><![CDATA[]]></wp:category_parent>
		<wp:cat_name><![CDATA[Descartado en Entrevista Final]]></wp:cat_name>
	</wp:category>
		<wp:category>
		<wp:term_id>12</wp:term_id>
		<wp:category_nicename><![CDATA[descartado-por-psicometricos]]></wp:category_nicename>
		<wp:category_parent><![CDATA[]]></wp:category_parent>
		<wp:cat_name><![CDATA[Descartado por Psicometricos]]></wp:cat_name>
	</wp:category>
		<wp:category>
		<wp:term_id>39</wp:term_id>
		<wp:category_nicename><![CDATA[disinclination]]></wp:category_nicename>
		<wp:category_parent><![CDATA[]]></wp:category_parent>
		<wp:cat_name><![CDATA[disinclination]]></wp:cat_name>
	</wp:category>
		<wp:category>
		<wp:term_id>40</wp:term_id>
		<wp:category_nicename><![CDATA[disinfection]]></wp:category_nicename>
		<wp:category_parent><![CDATA[]]></wp:category_parent>
		<wp:cat_name><![CDATA[disinfection]]></wp:cat_name>
	</wp:category>
		<wp:category>
		<wp:term_id>41</wp:term_id>
		<wp:category_nicename><![CDATA[dispatch]]></wp:category_nicename>
		<wp:category_parent><![CDATA[]]></wp:category_parent>
		<wp:cat_name><![CDATA[dispatch]]></wp:cat_name>
	</wp:category>
		<wp:category>
		<wp:term_id>42</wp:term_id>
		<wp:category_nicename><![CDATA[echappee]]></wp:category_nicename>
		<wp:category_parent><![CDATA[]]></wp:category_parent>
		<wp:cat_name><![CDATA[echappee]]></wp:cat_name>
	</wp:category>
		<wp:category>
		<wp:term_id>43</wp:term_id>
		<wp:category_nicename><![CDATA[edge-case-2]]></wp:category_nicename>
		<wp:category_parent><![CDATA[]]></wp:category_parent>
		<wp:cat_name><![CDATA[Edge Case]]></wp:cat_name>
<wp:category_description><![CDATA[Posts that have edge-case related tests]]></wp:category_description>
	</wp:category>
		<wp:category>
		<wp:term_id>2</wp:term_id>
		<wp:category_nicename><![CDATA[en_revision]]></wp:category_nicename>
		<wp:category_parent><![CDATA[]]></wp:category_parent>
		<wp:cat_name><![CDATA[En revisiÃ³n]]></wp:cat_name>
	</wp:category>
		<wp:category>
		<wp:term_id>44</wp:term_id>
		<wp:category_nicename><![CDATA[enphagy]]></wp:category_nicename>
		<wp:category_parent><![CDATA[]]></wp:category_parent>
		<wp:cat_name><![CDATA[enphagy]]></wp:cat_name>
	</wp:category>
		<wp:category>
		<wp:term_id>45</wp:term_id>
		<wp:category_nicename><![CDATA[equipollent]]></wp:category_nicename>
		<wp:category_parent><![CDATA[]]></wp:category_parent>
		<wp:cat_name><![CDATA[equipollent]]></wp:cat_name>
	</wp:category>
		<wp:category>
		<wp:term_id>46</wp:term_id>
		<wp:category_nicename><![CDATA[fatuity]]></wp:category_nicename>
		<wp:category_parent><![CDATA[]]></wp:category_parent>
		<wp:cat_name><![CDATA[fatuity]]></wp:cat_name>
	</wp:category>
		<wp:category>
		<wp:term_id>47</wp:term_id>
		<wp:category_nicename><![CDATA[foo-a]]></wp:category_nicename>
		<wp:category_parent><![CDATA[]]></wp:category_parent>
		<wp:cat_name><![CDATA[Foo A]]></wp:cat_name>
	</wp:category>
		<wp:category>
		<wp:term_id>48</wp:term_id>
		<wp:category_nicename><![CDATA[foo-parent]]></wp:category_nicename>
		<wp:category_parent><![CDATA[]]></wp:category_parent>
		<wp:cat_name><![CDATA[Foo Parent]]></wp:cat_name>
	</wp:category>
		<wp:category>
		<wp:term_id>49</wp:term_id>
		<wp:category_nicename><![CDATA[gaberlunzie]]></wp:category_nicename>
		<wp:category_parent><![CDATA[]]></wp:category_parent>
		<wp:cat_name><![CDATA[gaberlunzie]]></wp:cat_name>
	</wp:category>
		<wp:category>
		<wp:term_id>50</wp:term_id>
		<wp:category_nicename><![CDATA[illtempered]]></wp:category_nicename>
		<wp:category_parent><![CDATA[]]></wp:category_parent>
		<wp:cat_name><![CDATA[illtempered]]></wp:cat_name>
	</wp:category>
		<wp:category>
		<wp:term_id>51</wp:term_id>
		<wp:category_nicename><![CDATA[insubordination]]></wp:category_nicename>
		<wp:category_parent><![CDATA[]]></wp:category_parent>
		<wp:cat_name><![CDATA[insubordination]]></wp:cat_name>
	</wp:category>
		<wp:category>
		<wp:term_id>52</wp:term_id>
		<wp:category_nicename><![CDATA[lender]]></wp:category_nicename>
		<wp:category_parent><![CDATA[]]></wp:category_parent>
		<wp:cat_name><![CDATA[lender]]></wp:cat_name>
	</wp:category>
		<wp:category>
		<wp:term_id>53</wp:term_id>
		<wp:category_nicename><![CDATA[markup]]></wp:category_nicename>
		<wp:category_parent><![CDATA[]]></wp:category_parent>
		<wp:cat_name><![CDATA[Markup]]></wp:cat_name>
<wp:category_description><![CDATA[Posts in this category test markup tags and styles.]]></wp:category_description>
	</wp:category>
		<wp:category>
		<wp:term_id>54</wp:term_id>
		<wp:category_nicename><![CDATA[media-2]]></wp:category_nicename>
		<wp:category_parent><![CDATA[]]></wp:category_parent>
		<wp:cat_name><![CDATA[Media]]></wp:cat_name>
<wp:category_description><![CDATA[Posts that have media-related tests]]></wp:category_description>
	</wp:category>
		<wp:category>
		<wp:term_id>55</wp:term_id>
		<wp:category_nicename><![CDATA[monosyllable]]></wp:category_nicename>
		<wp:category_parent><![CDATA[]]></wp:category_parent>
		<wp:cat_name><![CDATA[monosyllable]]></wp:cat_name>
	</wp:category>
		<wp:category>
		<wp:term_id>56</wp:term_id>
		<wp:category_nicename><![CDATA[packthread]]></wp:category_nicename>
		<wp:category_parent><![CDATA[]]></wp:category_parent>
		<wp:cat_name><![CDATA[packthread]]></wp:cat_name>
	</wp:category>
		<wp:category>
		<wp:term_id>57</wp:term_id>
		<wp:category_nicename><![CDATA[palter]]></wp:category_nicename>
		<wp:category_parent><![CDATA[]]></wp:category_parent>
		<wp:cat_name><![CDATA[palter]]></wp:cat_name>
	</wp:category>
		<wp:category>
		<wp:term_id>58</wp:term_id>
		<wp:category_nicename><![CDATA[papilionaceous]]></wp:category_nicename>
		<wp:category_parent><![CDATA[]]></wp:category_parent>
		<wp:cat_name><![CDATA[papilionaceous]]></wp:cat_name>
	</wp:category>
		<wp:category>
		<wp:term_id>59</wp:term_id>
		<wp:category_nicename><![CDATA[parent]]></wp:category_nicename>
		<wp:category_parent><![CDATA[]]></wp:category_parent>
		<wp:cat_name><![CDATA[Parent]]></wp:cat_name>
	</wp:category>
		<wp:category>
		<wp:term_id>60</wp:term_id>
		<wp:category_nicename><![CDATA[parent-category]]></wp:category_nicename>
		<wp:category_parent><![CDATA[]]></wp:category_parent>
		<wp:cat_name><![CDATA[Parent Category]]></wp:cat_name>
<wp:category_description><![CDATA[This is a parent category. It will contain child categories]]></wp:category_description>
	</wp:category>
		<wp:category>
		<wp:term_id>61</wp:term_id>
		<wp:category_nicename><![CDATA[personable]]></wp:category_nicename>
		<wp:category_parent><![CDATA[]]></wp:category_parent>
		<wp:cat_name><![CDATA[personable]]></wp:cat_name>
	</wp:category>
		<wp:category>
		<wp:term_id>62</wp:term_id>
		<wp:category_nicename><![CDATA[post-formats]]></wp:category_nicename>
		<wp:category_parent><![CDATA[]]></wp:category_parent>
		<wp:cat_name><![CDATA[Post Formats]]></wp:cat_name>
<wp:category_description><![CDATA[Posts in this category test post formats.]]></wp:category_description>
	</wp:category>
		<wp:category>
		<wp:term_id>5</wp:term_id>
		<wp:category_nicename><![CDATA[postulante-duplicado]]></wp:category_nicename>
		<wp:category_parent><![CDATA[]]></wp:category_parent>
		<wp:cat_name><![CDATA[Postulante Duplicado]]></wp:cat_name>
	</wp:category>
		<wp:category>
		<wp:term_id>16</wp:term_id>
		<wp:category_nicename><![CDATA[proceso-referencia]]></wp:category_nicename>
		<wp:category_parent><![CDATA[]]></wp:category_parent>
		<wp:cat_name><![CDATA[Proceso Referencia]]></wp:cat_name>
	</wp:category>
		<wp:category>
		<wp:term_id>63</wp:term_id>
		<wp:category_nicename><![CDATA[propylaeum]]></wp:category_nicename>
		<wp:category_parent><![CDATA[]]></wp:category_parent>
		<wp:cat_name><![CDATA[propylaeum]]></wp:cat_name>
	</wp:category>
		<wp:category>
		<wp:term_id>64</wp:term_id>
		<wp:category_nicename><![CDATA[pustule]]></wp:category_nicename>
		<wp:category_parent><![CDATA[]]></wp:category_parent>
		<wp:cat_name><![CDATA[pustule]]></wp:cat_name>
	</wp:category>
		<wp:category>
		<wp:term_id>65</wp:term_id>
		<wp:category_nicename><![CDATA[quartern]]></wp:category_nicename>
		<wp:category_parent><![CDATA[]]></wp:category_parent>
		<wp:cat_name><![CDATA[quartern]]></wp:cat_name>
	</wp:category>
		<wp:category>
		<wp:term_id>7</wp:term_id>
		<wp:category_nicename><![CDATA[reagendo-cita]]></wp:category_nicename>
		<wp:category_parent><![CDATA[]]></wp:category_parent>
		<wp:cat_name><![CDATA[Reagendo cita]]></wp:cat_name>
	</wp:category>
		<wp:category>
		<wp:term_id>10</wp:term_id>
		<wp:category_nicename><![CDATA[revisado]]></wp:category_nicename>
		<wp:category_parent><![CDATA[]]></wp:category_parent>
		<wp:cat_name><![CDATA[Revisado]]></wp:cat_name>
	</wp:category>
		<wp:category>
		<wp:term_id>66</wp:term_id>
		<wp:category_nicename><![CDATA[scholarship]]></wp:category_nicename>
		<wp:category_parent><![CDATA[]]></wp:category_parent>
		<wp:cat_name><![CDATA[scholarship]]></wp:cat_name>
	</wp:category>
		<wp:category>
		<wp:term_id>67</wp:term_id>
		<wp:category_nicename><![CDATA[selfconvicted]]></wp:category_nicename>
		<wp:category_parent><![CDATA[]]></wp:category_parent>
		<wp:cat_name><![CDATA[selfconvicted]]></wp:cat_name>
	</wp:category>
		<wp:category>
		<wp:term_id>68</wp:term_id>
		<wp:category_nicename><![CDATA[showshoe]]></wp:category_nicename>
		<wp:category_parent><![CDATA[]]></wp:category_parent>
		<wp:cat_name><![CDATA[showshoe]]></wp:cat_name>
	</wp:category>
		<wp:category>
		<wp:term_id>1</wp:term_id>
		<wp:category_nicename><![CDATA[sin-categoria]]></wp:category_nicename>
		<wp:category_parent><![CDATA[]]></wp:category_parent>
		<wp:cat_name><![CDATA[Sin categorÃ­a]]></wp:cat_name>
	</wp:category>
		<wp:category>
		<wp:term_id>69</wp:term_id>
		<wp:category_nicename><![CDATA[sloyd]]></wp:category_nicename>
		<wp:category_parent><![CDATA[]]></wp:category_parent>
		<wp:cat_name><![CDATA[sloyd]]></wp:cat_name>
	</wp:category>
		<wp:category>
		<wp:term_id>70</wp:term_id>
		<wp:category_nicename><![CDATA[sub]]></wp:category_nicename>
		<wp:category_parent><![CDATA[aciform]]></wp:category_parent>
		<wp:cat_name><![CDATA[sub]]></wp:cat_name>
	</wp:category>
		<wp:category>
		<wp:term_id>71</wp:term_id>
		<wp:category_nicename><![CDATA[sublunary]]></wp:category_nicename>
		<wp:category_parent><![CDATA[]]></wp:category_parent>
		<wp:cat_name><![CDATA[sublunary]]></wp:cat_name>
	</wp:category>
		<wp:category>
		<wp:term_id>72</wp:term_id>
		<wp:category_nicename><![CDATA[tamtam]]></wp:category_nicename>
		<wp:category_parent><![CDATA[]]></wp:category_parent>
		<wp:cat_name><![CDATA[tamtam]]></wp:cat_name>
	</wp:category>
		<wp:category>
		<wp:term_id>73</wp:term_id>
		<wp:category_nicename><![CDATA[template-2]]></wp:category_nicename>
		<wp:category_parent><![CDATA[]]></wp:category_parent>
		<wp:cat_name><![CDATA[Template]]></wp:cat_name>
<wp:category_description><![CDATA[Posts with template-related tests]]></wp:category_description>
	</wp:category>
		<wp:category>
		<wp:term_id>74</wp:term_id>
		<wp:category_nicename><![CDATA[uncategorized]]></wp:category_nicename>
		<wp:category_parent><![CDATA[]]></wp:category_parent>
		<wp:cat_name><![CDATA[Uncategorized]]></wp:cat_name>
	</wp:category>
		<wp:category>
		<wp:term_id>75</wp:term_id>
		<wp:category_nicename><![CDATA[unpublished]]></wp:category_nicename>
		<wp:category_parent><![CDATA[]]></wp:category_parent>
		<wp:cat_name><![CDATA[Unpublished]]></wp:cat_name>
<wp:category_description><![CDATA[Posts in this category test unpublished posts.]]></wp:category_description>
	</wp:category>
		<wp:category>
		<wp:term_id>76</wp:term_id>
		<wp:category_nicename><![CDATA[weakhearted]]></wp:category_nicename>
		<wp:category_parent><![CDATA[]]></wp:category_parent>
		<wp:cat_name><![CDATA[weakhearted]]></wp:cat_name>
	</wp:category>
		<wp:category>
		<wp:term_id>77</wp:term_id>
		<wp:category_nicename><![CDATA[ween]]></wp:category_nicename>
		<wp:category_parent><![CDATA[]]></wp:category_parent>
		<wp:cat_name><![CDATA[ween]]></wp:cat_name>
	</wp:category>
		<wp:category>
		<wp:term_id>78</wp:term_id>
		<wp:category_nicename><![CDATA[wellhead]]></wp:category_nicename>
		<wp:category_parent><![CDATA[]]></wp:category_parent>
		<wp:cat_name><![CDATA[wellhead]]></wp:cat_name>
	</wp:category>
		<wp:category>
		<wp:term_id>79</wp:term_id>
		<wp:category_nicename><![CDATA[wellintentioned]]></wp:category_nicename>
		<wp:category_parent><![CDATA[]]></wp:category_parent>
		<wp:cat_name><![CDATA[wellintentioned]]></wp:cat_name>
	</wp:category>
		<wp:category>
		<wp:term_id>80</wp:term_id>
		<wp:category_nicename><![CDATA[whetstone]]></wp:category_nicename>
		<wp:category_parent><![CDATA[]]></wp:category_parent>
		<wp:cat_name><![CDATA[whetstone]]></wp:cat_name>
	</wp:category>
		<wp:category>
		<wp:term_id>81</wp:term_id>
		<wp:category_nicename><![CDATA[years]]></wp:category_nicename>
		<wp:category_parent><![CDATA[]]></wp:category_parent>
		<wp:cat_name><![CDATA[years]]></wp:cat_name>
	</wp:category>
		<wp:category>
		<wp:term_id>82</wp:term_id>
		<wp:category_nicename><![CDATA[child-1]]></wp:category_nicename>
		<wp:category_parent><![CDATA[parent]]></wp:category_parent>
		<wp:cat_name><![CDATA[Child 1]]></wp:cat_name>
	</wp:category>
		<wp:category>
		<wp:term_id>83</wp:term_id>
		<wp:category_nicename><![CDATA[child-2]]></wp:category_nicename>
		<wp:category_parent><![CDATA[child-1]]></wp:category_parent>
		<wp:cat_name><![CDATA[Child 2]]></wp:cat_name>
	</wp:category>
		<wp:category>
		<wp:term_id>84</wp:term_id>
		<wp:category_nicename><![CDATA[child-category-01]]></wp:category_nicename>
		<wp:category_parent><![CDATA[parent-category]]></wp:category_parent>
		<wp:cat_name><![CDATA[Child Category 01]]></wp:cat_name>
<wp:category_description><![CDATA[This is a description for the Child Category 01.]]></wp:category_description>
	</wp:category>
		<wp:category>
		<wp:term_id>85</wp:term_id>
		<wp:category_nicename><![CDATA[child-category-02]]></wp:category_nicename>
		<wp:category_parent><![CDATA[parent-category]]></wp:category_parent>
		<wp:cat_name><![CDATA[Child Category 02]]></wp:cat_name>
<wp:category_description><![CDATA[This is a description for the Child Category 02.]]></wp:category_description>
	</wp:category>
		<wp:category>
		<wp:term_id>86</wp:term_id>
		<wp:category_nicename><![CDATA[child-category-03]]></wp:category_nicename>
		<wp:category_parent><![CDATA[parent-category]]></wp:category_parent>
		<wp:cat_name><![CDATA[Child Category 03]]></wp:cat_name>
<wp:category_description><![CDATA[This is a description for the Child Category 03.]]></wp:category_description>
	</wp:category>
		<wp:category>
		<wp:term_id>87</wp:term_id>
		<wp:category_nicename><![CDATA[child-category-04]]></wp:category_nicename>
		<wp:category_parent><![CDATA[parent-category]]></wp:category_parent>
		<wp:cat_name><![CDATA[Child Category 04]]></wp:cat_name>
<wp:category_description><![CDATA[This is a description for the Child Category 04.]]></wp:category_description>
	</wp:category>
		<wp:category>
		<wp:term_id>88</wp:term_id>
		<wp:category_nicename><![CDATA[child-category-05]]></wp:category_nicename>
		<wp:category_parent><![CDATA[parent-category]]></wp:category_parent>
		<wp:cat_name><![CDATA[Child Category 05]]></wp:cat_name>
<wp:category_description><![CDATA[This is a description for the Child Category 05.]]></wp:category_description>
	</wp:category>
		<wp:category>
		<wp:term_id>89</wp:term_id>
		<wp:category_nicename><![CDATA[foo-a-foo-parent]]></wp:category_nicename>
		<wp:category_parent><![CDATA[foo-parent]]></wp:category_parent>
		<wp:cat_name><![CDATA[Foo A]]></wp:cat_name>
	</wp:category>
		<wp:category>
		<wp:term_id>90</wp:term_id>
		<wp:category_nicename><![CDATA[grandchild-category]]></wp:category_nicename>
		<wp:category_parent><![CDATA[child-category-03]]></wp:category_parent>
		<wp:cat_name><![CDATA[Grandchild Category]]></wp:cat_name>
<wp:category_description><![CDATA[This is a description for the Grandchild Category.]]></wp:category_description>
	</wp:category>
			<wp:tag>
		<wp:term_id>91</wp:term_id>
		<wp:tag_slug><![CDATA[8bit]]></wp:tag_slug>
		<wp:tag_name><![CDATA[8BIT]]></wp:tag_name>
<wp:tag_description><![CDATA[Tags posts about 8BIT.]]></wp:tag_description>
	</wp:tag>
		<wp:tag>
		<wp:term_id>92</wp:term_id>
		<wp:tag_slug><![CDATA[alignment-2]]></wp:tag_slug>
		<wp:tag_name><![CDATA[alignment]]></wp:tag_name>
	</wp:tag>
		<wp:tag>
		<wp:term_id>93</wp:term_id>
		<wp:tag_slug><![CDATA[articles]]></wp:tag_slug>
		<wp:tag_name><![CDATA[Articles]]></wp:tag_name>
<wp:tag_description><![CDATA[Tags posts about Articles.]]></wp:tag_description>
	</wp:tag>
		<wp:tag>
		<wp:term_id>94</wp:term_id>
		<wp:tag_slug><![CDATA[aside]]></wp:tag_slug>
		<wp:tag_name><![CDATA[aside]]></wp:tag_name>
	</wp:tag>
		<wp:tag>
		<wp:term_id>95</wp:term_id>
		<wp:tag_slug><![CDATA[audio]]></wp:tag_slug>
		<wp:tag_name><![CDATA[audio]]></wp:tag_name>
	</wp:tag>
		<wp:tag>
		<wp:term_id>17</wp:term_id>
		<wp:tag_slug><![CDATA[auxiliar-administrativo]]></wp:tag_slug>
		<wp:tag_name><![CDATA[Auxiliar Administrativo]]></wp:tag_name>
	</wp:tag>
		<wp:tag>
		<wp:term_id>22</wp:term_id>
		<wp:tag_slug><![CDATA[auxiliar-de-diseno-grafico]]></wp:tag_slug>
		<wp:tag_name><![CDATA[Auxiliar de DiseÃ±o Grafico]]></wp:tag_name>
	</wp:tag>
		<wp:tag>
		<wp:term_id>218</wp:term_id>
		<wp:tag_slug><![CDATA[auxiliar-tecnico-preservador-embalsamador]]></wp:tag_slug>
		<wp:tag_name><![CDATA[Auxiliar tÃ©cnico preservador (Embalsamador)]]></wp:tag_name>
	</wp:tag>
		<wp:tag>
		<wp:term_id>96</wp:term_id>
		<wp:tag_slug><![CDATA[captions-2]]></wp:tag_slug>
		<wp:tag_name><![CDATA[captions]]></wp:tag_name>
	</wp:tag>
		<wp:tag>
		<wp:term_id>97</wp:term_id>
		<wp:tag_slug><![CDATA[categories]]></wp:tag_slug>
		<wp:tag_name><![CDATA[categories]]></wp:tag_name>
	</wp:tag>
		<wp:tag>
		<wp:term_id>98</wp:term_id>
		<wp:tag_slug><![CDATA[chat]]></wp:tag_slug>
		<wp:tag_name><![CDATA[chat]]></wp:tag_name>
	</wp:tag>
		<wp:tag>
		<wp:term_id>99</wp:term_id>
		<wp:tag_slug><![CDATA[chattels]]></wp:tag_slug>
		<wp:tag_name><![CDATA[chattels]]></wp:tag_name>
	</wp:tag>
		<wp:tag>
		<wp:term_id>4</wp:term_id>
		<wp:tag_slug><![CDATA[chofer-vendedor]]></wp:tag_slug>
		<wp:tag_name><![CDATA[Chofer-Vendedor]]></wp:tag_name>
	</wp:tag>
		<wp:tag>
		<wp:term_id>100</wp:term_id>
		<wp:tag_slug><![CDATA[cienaga]]></wp:tag_slug>
		<wp:tag_name><![CDATA[cienaga]]></wp:tag_name>
	</wp:tag>
		<wp:tag>
		<wp:term_id>101</wp:term_id>
		<wp:tag_slug><![CDATA[claycold]]></wp:tag_slug>
		<wp:tag_name><![CDATA[claycold]]></wp:tag_name>
	</wp:tag>
		<wp:tag>
		<wp:term_id>102</wp:term_id>
		<wp:tag_slug><![CDATA[codex]]></wp:tag_slug>
		<wp:tag_name><![CDATA[Codex]]></wp:tag_name>
	</wp:tag>
		<wp:tag>
		<wp:term_id>217</wp:term_id>
		<wp:tag_slug><![CDATA[columns]]></wp:tag_slug>
		<wp:tag_name><![CDATA[Columns]]></wp:tag_name>
	</wp:tag>
		<wp:tag>
		<wp:term_id>103</wp:term_id>
		<wp:tag_slug><![CDATA[comments-2]]></wp:tag_slug>
		<wp:tag_name><![CDATA[comments]]></wp:tag_name>
	</wp:tag>
		<wp:tag>
		<wp:term_id>104</wp:term_id>
		<wp:tag_slug><![CDATA[content-2]]></wp:tag_slug>
		<wp:tag_name><![CDATA[content ÏÎµÏÎ¹ÎµÏÏÎ¼ÎµÎ½Î¿]]></wp:tag_name>
	</wp:tag>
		<wp:tag>
		<wp:term_id>216</wp:term_id>
		<wp:tag_slug><![CDATA[content]]></wp:tag_slug>
		<wp:tag_name><![CDATA[content ÏÎµÏÎ¹ÎµÏÏÎ¼ÎµÎ½Î¿]]></wp:tag_name>
	</wp:tag>
		<wp:tag>
		<wp:term_id>105</wp:term_id>
		<wp:tag_slug><![CDATA[crushing]]></wp:tag_slug>
		<wp:tag_name><![CDATA[crushing]]></wp:tag_name>
	</wp:tag>
		<wp:tag>
		<wp:term_id>106</wp:term_id>
		<wp:tag_slug><![CDATA[css]]></wp:tag_slug>
		<wp:tag_name><![CDATA[css]]></wp:tag_name>
	</wp:tag>
		<wp:tag>
		<wp:term_id>107</wp:term_id>
		<wp:tag_slug><![CDATA[depo]]></wp:tag_slug>
		<wp:tag_name><![CDATA[depo]]></wp:tag_name>
	</wp:tag>
		<wp:tag>
		<wp:term_id>108</wp:term_id>
		<wp:tag_slug><![CDATA[dinarchy]]></wp:tag_slug>
		<wp:tag_name><![CDATA[dinarchy]]></wp:tag_name>
	</wp:tag>
		<wp:tag>
		<wp:term_id>109</wp:term_id>
		<wp:tag_slug><![CDATA[doolie]]></wp:tag_slug>
		<wp:tag_name><![CDATA[doolie]]></wp:tag_name>
	</wp:tag>
		<wp:tag>
		<wp:term_id>110</wp:term_id>
		<wp:tag_slug><![CDATA[dowork]]></wp:tag_slug>
		<wp:tag_name><![CDATA[dowork]]></wp:tag_name>
<wp:tag_description><![CDATA[Tags posts about #dowork.]]></wp:tag_description>
	</wp:tag>
		<wp:tag>
		<wp:term_id>111</wp:term_id>
		<wp:tag_slug><![CDATA[edge-case]]></wp:tag_slug>
		<wp:tag_name><![CDATA[edge case]]></wp:tag_name>
	</wp:tag>
		<wp:tag>
		<wp:term_id>112</wp:term_id>
		<wp:tag_slug><![CDATA[embeds-2]]></wp:tag_slug>
		<wp:tag_name><![CDATA[embeds]]></wp:tag_name>
	</wp:tag>
		<wp:tag>
		<wp:term_id>113</wp:term_id>
		<wp:tag_slug><![CDATA[energumen]]></wp:tag_slug>
		<wp:tag_name><![CDATA[energumen]]></wp:tag_name>
	</wp:tag>
		<wp:tag>
		<wp:term_id>114</wp:term_id>
		<wp:tag_slug><![CDATA[ephialtes]]></wp:tag_slug>
		<wp:tag_name><![CDATA[ephialtes]]></wp:tag_name>
	</wp:tag>
		<wp:tag>
		<wp:term_id>115</wp:term_id>
		<wp:tag_slug><![CDATA[eudiometer]]></wp:tag_slug>
		<wp:tag_name><![CDATA[eudiometer]]></wp:tag_name>
	</wp:tag>
		<wp:tag>
		<wp:term_id>116</wp:term_id>
		<wp:tag_slug><![CDATA[excerpt-2]]></wp:tag_slug>
		<wp:tag_name><![CDATA[excerpt]]></wp:tag_name>
	</wp:tag>
		<wp:tag>
		<wp:term_id>117</wp:term_id>
		<wp:tag_slug><![CDATA[fail]]></wp:tag_slug>
		<wp:tag_name><![CDATA[Fail]]></wp:tag_name>
<wp:tag_description><![CDATA[Tags posts about fail.]]></wp:tag_description>
	</wp:tag>
		<wp:tag>
		<wp:term_id>118</wp:term_id>
		<wp:tag_slug><![CDATA[featured-image]]></wp:tag_slug>
		<wp:tag_name><![CDATA[featured image]]></wp:tag_name>
	</wp:tag>
		<wp:tag>
		<wp:term_id>119</wp:term_id>
		<wp:tag_slug><![CDATA[figuriste]]></wp:tag_slug>
		<wp:tag_name><![CDATA[figuriste]]></wp:tag_name>
	</wp:tag>
		<wp:tag>
		<wp:term_id>120</wp:term_id>
		<wp:tag_slug><![CDATA[filler]]></wp:tag_slug>
		<wp:tag_name><![CDATA[filler]]></wp:tag_name>
	</wp:tag>
		<wp:tag>
		<wp:term_id>121</wp:term_id>
		<wp:tag_slug><![CDATA[formatting-2]]></wp:tag_slug>
		<wp:tag_name><![CDATA[formatting]]></wp:tag_name>
	</wp:tag>
		<wp:tag>
		<wp:term_id>122</wp:term_id>
		<wp:tag_slug><![CDATA[ftw]]></wp:tag_slug>
		<wp:tag_name><![CDATA[FTW]]></wp:tag_name>
	</wp:tag>
		<wp:tag>
		<wp:term_id>123</wp:term_id>
		<wp:tag_slug><![CDATA[fun]]></wp:tag_slug>
		<wp:tag_name><![CDATA[Fun]]></wp:tag_name>
<wp:tag_description><![CDATA[Tags posts about fun.]]></wp:tag_description>
	</wp:tag>
		<wp:tag>
		<wp:term_id>124</wp:term_id>
		<wp:tag_slug><![CDATA[gallery]]></wp:tag_slug>
		<wp:tag_name><![CDATA[gallery]]></wp:tag_name>
	</wp:tag>
		<wp:tag>
		<wp:term_id>20</wp:term_id>
		<wp:tag_slug><![CDATA[gestor-comercial]]></wp:tag_slug>
		<wp:tag_name><![CDATA[Gestor Comercial]]></wp:tag_name>
	</wp:tag>
		<wp:tag>
		<wp:term_id>125</wp:term_id>
		<wp:tag_slug><![CDATA[goes-here]]></wp:tag_slug>
		<wp:tag_name><![CDATA[goes here]]></wp:tag_name>
	</wp:tag>
		<wp:tag>
		<wp:term_id>126</wp:term_id>
		<wp:tag_slug><![CDATA[habergeon]]></wp:tag_slug>
		<wp:tag_name><![CDATA[habergeon]]></wp:tag_name>
	</wp:tag>
		<wp:tag>
		<wp:term_id>127</wp:term_id>
		<wp:tag_slug><![CDATA[hapless]]></wp:tag_slug>
		<wp:tag_name><![CDATA[hapless]]></wp:tag_name>
	</wp:tag>
		<wp:tag>
		<wp:term_id>128</wp:term_id>
		<wp:tag_slug><![CDATA[hartshorn]]></wp:tag_slug>
		<wp:tag_name><![CDATA[hartshorn]]></wp:tag_name>
	</wp:tag>
		<wp:tag>
		<wp:term_id>129</wp:term_id>
		<wp:tag_slug><![CDATA[hostility-impregnability]]></wp:tag_slug>
		<wp:tag_name><![CDATA[hostility impregnability]]></wp:tag_name>
	</wp:tag>
		<wp:tag>
		<wp:term_id>130</wp:term_id>
		<wp:tag_slug><![CDATA[html]]></wp:tag_slug>
		<wp:tag_name><![CDATA[html]]></wp:tag_name>
	</wp:tag>
		<wp:tag>
		<wp:term_id>131</wp:term_id>
		<wp:tag_slug><![CDATA[image]]></wp:tag_slug>
		<wp:tag_name><![CDATA[image]]></wp:tag_name>
	</wp:tag>
		<wp:tag>
		<wp:term_id>132</wp:term_id>
		<wp:tag_slug><![CDATA[impropriation]]></wp:tag_slug>
		<wp:tag_name><![CDATA[impropriation]]></wp:tag_name>
	</wp:tag>
		<wp:tag>
		<wp:term_id>133</wp:term_id>
		<wp:tag_slug><![CDATA[is]]></wp:tag_slug>
		<wp:tag_name><![CDATA[is]]></wp:tag_name>
	</wp:tag>
		<wp:tag>
		<wp:term_id>134</wp:term_id>
		<wp:tag_slug><![CDATA[jetpack-2]]></wp:tag_slug>
		<wp:tag_name><![CDATA[jetpack]]></wp:tag_name>
	</wp:tag>
		<wp:tag>
		<wp:term_id>135</wp:term_id>
		<wp:tag_slug><![CDATA[knave]]></wp:tag_slug>
		<wp:tag_name><![CDATA[knave]]></wp:tag_name>
	</wp:tag>
		<wp:tag>
		<wp:term_id>136</wp:term_id>
		<wp:tag_slug><![CDATA[layout]]></wp:tag_slug>
		<wp:tag_name><![CDATA[layout]]></wp:tag_name>
	</wp:tag>
		<wp:tag>
		<wp:term_id>137</wp:term_id>
		<wp:tag_slug><![CDATA[link]]></wp:tag_slug>
		<wp:tag_name><![CDATA[link]]></wp:tag_name>
	</wp:tag>
		<wp:tag>
		<wp:term_id>138</wp:term_id>
		<wp:tag_slug><![CDATA[lists-2]]></wp:tag_slug>
		<wp:tag_name><![CDATA[lists]]></wp:tag_name>
	</wp:tag>
		<wp:tag>
		<wp:term_id>139</wp:term_id>
		<wp:tag_slug><![CDATA[lorem]]></wp:tag_slug>
		<wp:tag_name><![CDATA[lorem]]></wp:tag_name>
	</wp:tag>
		<wp:tag>
		<wp:term_id>140</wp:term_id>
		<wp:tag_slug><![CDATA[love]]></wp:tag_slug>
		<wp:tag_name><![CDATA[Love]]></wp:tag_name>
<wp:tag_description><![CDATA[Tags posts about love.]]></wp:tag_description>
	</wp:tag>
		<wp:tag>
		<wp:term_id>141</wp:term_id>
		<wp:tag_slug><![CDATA[markup-2]]></wp:tag_slug>
		<wp:tag_name><![CDATA[markup]]></wp:tag_name>
	</wp:tag>
		<wp:tag>
		<wp:term_id>142</wp:term_id>
		<wp:tag_slug><![CDATA[media]]></wp:tag_slug>
		<wp:tag_name><![CDATA[media]]></wp:tag_name>
	</wp:tag>
		<wp:tag>
		<wp:term_id>143</wp:term_id>
		<wp:tag_slug><![CDATA[misinformed]]></wp:tag_slug>
		<wp:tag_name><![CDATA[misinformed]]></wp:tag_name>
	</wp:tag>
		<wp:tag>
		<wp:term_id>144</wp:term_id>
		<wp:tag_slug><![CDATA[moil]]></wp:tag_slug>
		<wp:tag_name><![CDATA[moil]]></wp:tag_name>
	</wp:tag>
		<wp:tag>
		<wp:term_id>11</wp:term_id>
		<wp:tag_slug><![CDATA[monitorista]]></wp:tag_slug>
		<wp:tag_name><![CDATA[Monitorista]]></wp:tag_name>
	</wp:tag>
		<wp:tag>
		<wp:term_id>145</wp:term_id>
		<wp:tag_slug><![CDATA[more]]></wp:tag_slug>
		<wp:tag_name><![CDATA[more]]></wp:tag_name>
	</wp:tag>
		<wp:tag>
		<wp:term_id>146</wp:term_id>
		<wp:tag_slug><![CDATA[mornful]]></wp:tag_slug>
		<wp:tag_name><![CDATA[mornful]]></wp:tag_name>
	</wp:tag>
		<wp:tag>
		<wp:term_id>147</wp:term_id>
		<wp:tag_slug><![CDATA[mothership]]></wp:tag_slug>
		<wp:tag_name><![CDATA[Mothership]]></wp:tag_name>
<wp:tag_description><![CDATA[Tags posts about motherships.]]></wp:tag_description>
	</wp:tag>
		<wp:tag>
		<wp:term_id>148</wp:term_id>
		<wp:tag_slug><![CDATA[mustread]]></wp:tag_slug>
		<wp:tag_name><![CDATA[Must Read]]></wp:tag_name>
<wp:tag_description><![CDATA[Tags posts about articles you must read.]]></wp:tag_description>
	</wp:tag>
		<wp:tag>
		<wp:term_id>149</wp:term_id>
		<wp:tag_slug><![CDATA[nailedit]]></wp:tag_slug>
		<wp:tag_name><![CDATA[Nailed It]]></wp:tag_name>
<wp:tag_description><![CDATA[Tags posts about that nailed it.]]></wp:tag_description>
	</wp:tag>
		<wp:tag>
		<wp:term_id>150</wp:term_id>
		<wp:tag_slug><![CDATA[outlaw]]></wp:tag_slug>
		<wp:tag_name><![CDATA[outlaw]]></wp:tag_name>
	</wp:tag>
		<wp:tag>
		<wp:term_id>151</wp:term_id>
		<wp:tag_slug><![CDATA[pagination]]></wp:tag_slug>
		<wp:tag_name><![CDATA[pagination]]></wp:tag_name>
	</wp:tag>
		<wp:tag>
		<wp:term_id>152</wp:term_id>
		<wp:tag_slug><![CDATA[pamphjlet]]></wp:tag_slug>
		<wp:tag_name><![CDATA[pamphjlet]]></wp:tag_name>
	</wp:tag>
		<wp:tag>
		<wp:term_id>153</wp:term_id>
		<wp:tag_slug><![CDATA[password-2]]></wp:tag_slug>
		<wp:tag_name><![CDATA[password]]></wp:tag_name>
	</wp:tag>
		<wp:tag>
		<wp:term_id>154</wp:term_id>
		<wp:tag_slug><![CDATA[pictures]]></wp:tag_slug>
		<wp:tag_name><![CDATA[Pictures]]></wp:tag_name>
	</wp:tag>
		<wp:tag>
		<wp:term_id>155</wp:term_id>
		<wp:tag_slug><![CDATA[pingbacks-2]]></wp:tag_slug>
		<wp:tag_name><![CDATA[pingbacks]]></wp:tag_name>
	</wp:tag>
		<wp:tag>
		<wp:term_id>156</wp:term_id>
		<wp:tag_slug><![CDATA[pneumatics]]></wp:tag_slug>
		<wp:tag_name><![CDATA[pneumatics]]></wp:tag_name>
	</wp:tag>
		<wp:tag>
		<wp:term_id>157</wp:term_id>
		<wp:tag_slug><![CDATA[portly-portreeve]]></wp:tag_slug>
		<wp:tag_name><![CDATA[portly portreeve]]></wp:tag_name>
	</wp:tag>
		<wp:tag>
		<wp:term_id>158</wp:term_id>
		<wp:tag_slug><![CDATA[post]]></wp:tag_slug>
		<wp:tag_name><![CDATA[post]]></wp:tag_name>
	</wp:tag>
		<wp:tag>
		<wp:term_id>159</wp:term_id>
		<wp:tag_slug><![CDATA[post-formats]]></wp:tag_slug>
		<wp:tag_name><![CDATA[Post Formats]]></wp:tag_name>
	</wp:tag>
		<wp:tag>
		<wp:term_id>160</wp:term_id>
		<wp:tag_slug><![CDATA[precipitancy]]></wp:tag_slug>
		<wp:tag_name><![CDATA[precipitancy]]></wp:tag_name>
	</wp:tag>
		<wp:tag>
		<wp:term_id>161</wp:term_id>
		<wp:tag_slug><![CDATA[privation]]></wp:tag_slug>
		<wp:tag_name><![CDATA[privation]]></wp:tag_name>
	</wp:tag>
		<wp:tag>
		<wp:term_id>162</wp:term_id>
		<wp:tag_slug><![CDATA[programme]]></wp:tag_slug>
		<wp:tag_name><![CDATA[programme]]></wp:tag_name>
	</wp:tag>
		<wp:tag>
		<wp:term_id>3</wp:term_id>
		<wp:tag_slug><![CDATA[promotores-de-venta]]></wp:tag_slug>
		<wp:tag_name><![CDATA[Promotores de Venta]]></wp:tag_name>
	</wp:tag>
		<wp:tag>
		<wp:term_id>163</wp:term_id>
		<wp:tag_slug><![CDATA[psychological]]></wp:tag_slug>
		<wp:tag_name><![CDATA[psychological]]></wp:tag_name>
	</wp:tag>
		<wp:tag>
		<wp:term_id>164</wp:term_id>
		<wp:tag_slug><![CDATA[puncher]]></wp:tag_slug>
		<wp:tag_name><![CDATA[puncher]]></wp:tag_name>
	</wp:tag>
		<wp:tag>
		<wp:term_id>165</wp:term_id>
		<wp:tag_slug><![CDATA[quote]]></wp:tag_slug>
		<wp:tag_name><![CDATA[quote]]></wp:tag_name>
	</wp:tag>
		<wp:tag>
		<wp:term_id>166</wp:term_id>
		<wp:tag_slug><![CDATA[ramose]]></wp:tag_slug>
		<wp:tag_name><![CDATA[ramose]]></wp:tag_name>
	</wp:tag>
		<wp:tag>
		<wp:term_id>167</wp:term_id>
		<wp:tag_slug><![CDATA[read-more]]></wp:tag_slug>
		<wp:tag_name><![CDATA[read more]]></wp:tag_name>
	</wp:tag>
		<wp:tag>
		<wp:term_id>168</wp:term_id>
		<wp:tag_slug><![CDATA[readability]]></wp:tag_slug>
		<wp:tag_name><![CDATA[readability]]></wp:tag_name>
	</wp:tag>
		<wp:tag>
		<wp:term_id>14</wp:term_id>
		<wp:tag_slug><![CDATA[recuperador-en-moto]]></wp:tag_slug>
		<wp:tag_name><![CDATA[Recuperador en Moto]]></wp:tag_name>
	</wp:tag>
		<wp:tag>
		<wp:term_id>169</wp:term_id>
		<wp:tag_slug><![CDATA[renegade]]></wp:tag_slug>
		<wp:tag_name><![CDATA[renegade]]></wp:tag_name>
	</wp:tag>
		<wp:tag>
		<wp:term_id>6</wp:term_id>
		<wp:tag_slug><![CDATA[responsable-de-almacen-y-logistica]]></wp:tag_slug>
		<wp:tag_name><![CDATA[Responsable de almacÃ©n y logÃ­stica]]></wp:tag_name>
	</wp:tag>
		<wp:tag>
		<wp:term_id>170</wp:term_id>
		<wp:tag_slug><![CDATA[retrocede]]></wp:tag_slug>
		<wp:tag_name><![CDATA[retrocede]]></wp:tag_name>
	</wp:tag>
		<wp:tag>
		<wp:term_id>171</wp:term_id>
		<wp:tag_slug><![CDATA[shortcode]]></wp:tag_slug>
		<wp:tag_name><![CDATA[shortcode]]></wp:tag_name>
	</wp:tag>
		<wp:tag>
		<wp:term_id>172</wp:term_id>
		<wp:tag_slug><![CDATA[stagnation-unhorsed]]></wp:tag_slug>
		<wp:tag_name><![CDATA[stagnation unhorsed]]></wp:tag_name>
	</wp:tag>
		<wp:tag>
		<wp:term_id>173</wp:term_id>
		<wp:tag_slug><![CDATA[standard-2]]></wp:tag_slug>
		<wp:tag_name><![CDATA[standard]]></wp:tag_name>
	</wp:tag>
		<wp:tag>
		<wp:term_id>174</wp:term_id>
		<wp:tag_slug><![CDATA[status]]></wp:tag_slug>
		<wp:tag_name><![CDATA[status]]></wp:tag_name>
	</wp:tag>
		<wp:tag>
		<wp:term_id>175</wp:term_id>
		<wp:tag_slug><![CDATA[sticky-2]]></wp:tag_slug>
		<wp:tag_name><![CDATA[sticky]]></wp:tag_name>
	</wp:tag>
		<wp:tag>
		<wp:term_id>13</wp:term_id>
		<wp:tag_slug><![CDATA[sub-encargado-de-sucursal]]></wp:tag_slug>
		<wp:tag_name><![CDATA[Sub encargado de sucursal]]></wp:tag_name>
	</wp:tag>
		<wp:tag>
		<wp:term_id>176</wp:term_id>
		<wp:tag_slug><![CDATA[success]]></wp:tag_slug>
		<wp:tag_name><![CDATA[Success]]></wp:tag_name>
<wp:tag_description><![CDATA[Tags posts about success.]]></wp:tag_description>
	</wp:tag>
		<wp:tag>
		<wp:term_id>177</wp:term_id>
		<wp:tag_slug><![CDATA[swagger]]></wp:tag_slug>
		<wp:tag_name><![CDATA[Swagger]]></wp:tag_name>
<wp:tag_description><![CDATA[Tags posts about swagger.]]></wp:tag_description>
	</wp:tag>
		<wp:tag>
		<wp:term_id>178</wp:term_id>
		<wp:tag_slug><![CDATA[tag-a]]></wp:tag_slug>
		<wp:tag_name><![CDATA[Tag A]]></wp:tag_name>
	</wp:tag>
		<wp:tag>
		<wp:term_id>179</wp:term_id>
		<wp:tag_slug><![CDATA[tag-b]]></wp:tag_slug>
		<wp:tag_name><![CDATA[Tag B]]></wp:tag_name>
	</wp:tag>
		<wp:tag>
		<wp:term_id>180</wp:term_id>
		<wp:tag_slug><![CDATA[tag-c]]></wp:tag_slug>
		<wp:tag_name><![CDATA[Tag C]]></wp:tag_name>
	</wp:tag>
		<wp:tag>
		<wp:term_id>181</wp:term_id>
		<wp:tag_slug><![CDATA[tag1]]></wp:tag_slug>
		<wp:tag_name><![CDATA[tag1]]></wp:tag_name>
	</wp:tag>
		<wp:tag>
		<wp:term_id>182</wp:term_id>
		<wp:tag_slug><![CDATA[tag2]]></wp:tag_slug>
		<wp:tag_name><![CDATA[tag2]]></wp:tag_name>
	</wp:tag>
		<wp:tag>
		<wp:term_id>183</wp:term_id>
		<wp:tag_slug><![CDATA[tag3]]></wp:tag_slug>
		<wp:tag_name><![CDATA[tag3]]></wp:tag_name>
	</wp:tag>
		<wp:tag>
		<wp:term_id>184</wp:term_id>
		<wp:tag_slug><![CDATA[tags]]></wp:tag_slug>
		<wp:tag_name><![CDATA[Tags]]></wp:tag_name>
<wp:tag_description><![CDATA[Tags posts about tags. #inception]]></wp:tag_description>
	</wp:tag>
		<wp:tag>
		<wp:term_id>185</wp:term_id>
		<wp:tag_slug><![CDATA[template]]></wp:tag_slug>
		<wp:tag_name><![CDATA[template]]></wp:tag_name>
	</wp:tag>
		<wp:tag>
		<wp:term_id>23</wp:term_id>
		<wp:tag_slug><![CDATA[test1]]></wp:tag_slug>
		<wp:tag_name><![CDATA[test1]]></wp:tag_name>
	</wp:tag>
		<wp:tag>
		<wp:term_id>186</wp:term_id>
		<wp:tag_slug><![CDATA[text]]></wp:tag_slug>
		<wp:tag_name><![CDATA[text]]></wp:tag_name>
	</wp:tag>
		<wp:tag>
		<wp:term_id>187</wp:term_id>
		<wp:tag_slug><![CDATA[the-man]]></wp:tag_slug>
		<wp:tag_name><![CDATA[the man]]></wp:tag_name>
	</wp:tag>
		<wp:tag>
		<wp:term_id>188</wp:term_id>
		<wp:tag_slug><![CDATA[thunderheaded]]></wp:tag_slug>
		<wp:tag_name><![CDATA[thunderheaded]]></wp:tag_name>
	</wp:tag>
		<wp:tag>
		<wp:term_id>189</wp:term_id>
		<wp:tag_slug><![CDATA[tiled]]></wp:tag_slug>
		<wp:tag_name><![CDATA[tiled]]></wp:tag_name>
	</wp:tag>
		<wp:tag>
		<wp:term_id>190</wp:term_id>
		<wp:tag_slug><![CDATA[title]]></wp:tag_slug>
		<wp:tag_name><![CDATA[title]]></wp:tag_name>
	</wp:tag>
		<wp:tag>
		<wp:term_id>191</wp:term_id>
		<wp:tag_slug><![CDATA[trackbacks-2]]></wp:tag_slug>
		<wp:tag_name><![CDATA[trackbacks]]></wp:tag_name>
	</wp:tag>
		<wp:tag>
		<wp:term_id>192</wp:term_id>
		<wp:tag_slug><![CDATA[twitter-2]]></wp:tag_slug>
		<wp:tag_name><![CDATA[twitter]]></wp:tag_name>
	</wp:tag>
		<wp:tag>
		<wp:term_id>193</wp:term_id>
		<wp:tag_slug><![CDATA[unculpable]]></wp:tag_slug>
		<wp:tag_name><![CDATA[unculpable]]></wp:tag_name>
	</wp:tag>
		<wp:tag>
		<wp:term_id>194</wp:term_id>
		<wp:tag_slug><![CDATA[unseen]]></wp:tag_slug>
		<wp:tag_name><![CDATA[Unseen]]></wp:tag_name>
<wp:tag_description><![CDATA[Tags posts about things that cannot be unseen.]]></wp:tag_description>
	</wp:tag>
		<wp:tag>
		<wp:term_id>21</wp:term_id>
		<wp:tag_slug><![CDATA[vendedor]]></wp:tag_slug>
		<wp:tag_name><![CDATA[Vendedor]]></wp:tag_name>
	</wp:tag>
		<wp:tag>
		<wp:term_id>195</wp:term_id>
		<wp:tag_slug><![CDATA[video]]></wp:tag_slug>
		<wp:tag_name><![CDATA[video]]></wp:tag_name>
	</wp:tag>
		<wp:tag>
		<wp:term_id>196</wp:term_id>
		<wp:tag_slug><![CDATA[videopress]]></wp:tag_slug>
		<wp:tag_name><![CDATA[videopress]]></wp:tag_name>
	</wp:tag>
		<wp:tag>
		<wp:term_id>197</wp:term_id>
		<wp:tag_slug><![CDATA[withered-brandnew]]></wp:tag_slug>
		<wp:tag_name><![CDATA[withered brandnew]]></wp:tag_name>
	</wp:tag>
		<wp:tag>
		<wp:term_id>198</wp:term_id>
		<wp:tag_slug><![CDATA[wordpress]]></wp:tag_slug>
		<wp:tag_name><![CDATA[WordPress]]></wp:tag_name>
<wp:tag_description><![CDATA[Tags posts about WordPress.]]></wp:tag_description>
	</wp:tag>
		<wp:tag>
		<wp:term_id>199</wp:term_id>
		<wp:tag_slug><![CDATA[wordpress-tv]]></wp:tag_slug>
		<wp:tag_name><![CDATA[wordpress.tv]]></wp:tag_name>
	</wp:tag>
		<wp:tag>
		<wp:term_id>200</wp:term_id>
		<wp:tag_slug><![CDATA[xanthopsia]]></wp:tag_slug>
		<wp:tag_name><![CDATA[xanthopsia]]></wp:tag_name>
	</wp:tag>
				<wp:term><wp:term_id>201</wp:term_id><wp:term_taxonomy>nav_menu</wp:term_taxonomy><wp:term_slug><![CDATA[all-pages]]></wp:term_slug><wp:term_name><![CDATA[All Pages]]></wp:term_name>
</wp:term>
	<wp:term><wp:term_id>202</wp:term_id><wp:term_taxonomy>nav_menu</wp:term_taxonomy><wp:term_slug><![CDATA[all-pages-flat]]></wp:term_slug><wp:term_name><![CDATA[All Pages Flat]]></wp:term_name>
</wp:term>
	<wp:term><wp:term_id>203</wp:term_id><wp:term_taxonomy>nav_menu</wp:term_taxonomy><wp:term_slug><![CDATA[empty-menu]]></wp:term_slug><wp:term_name><![CDATA[Empty Menu]]></wp:term_name>
</wp:term>
	<wp:term><wp:term_id>18</wp:term_id><wp:term_taxonomy>nav_menu</wp:term_taxonomy><wp:term_slug><![CDATA[proxima-menu]]></wp:term_slug><wp:term_name><![CDATA[proxima-menu]]></wp:term_name>
</wp:term>
	<wp:term><wp:term_id>204</wp:term_id><wp:term_taxonomy>nav_menu</wp:term_taxonomy><wp:term_slug><![CDATA[short]]></wp:term_slug><wp:term_name><![CDATA[Short]]></wp:term_name>
</wp:term>
	<wp:term><wp:term_id>206</wp:term_id><wp:term_taxonomy>nav_menu</wp:term_taxonomy><wp:term_slug><![CDATA[social-menu]]></wp:term_slug><wp:term_name><![CDATA[Social menu]]></wp:term_name>
</wp:term>
	<wp:term><wp:term_id>19</wp:term_id><wp:term_taxonomy>nav_menu</wp:term_taxonomy><wp:term_slug><![CDATA[test]]></wp:term_slug><wp:term_name><![CDATA[test]]></wp:term_name>
</wp:term>
	<wp:term><wp:term_id>205</wp:term_id><wp:term_taxonomy>nav_menu</wp:term_taxonomy><wp:term_slug><![CDATA[testing-menu]]></wp:term_slug><wp:term_name><![CDATA[Testing Menu]]></wp:term_name>
</wp:term>

	<generator>https://wordpress.org/?v=5.8.1</generator>

		<item>
		<title><![CDATA[Bell on Wharf]]></title>
		<link>http://localhost/sass-wp/post-format-gallery/100_5478/</link>
		<pubDate>Mon, 16 Jun 2008 21:34:50 +0000</pubDate>
		<dc:creator><![CDATA[webmaster]]></dc:creator>
		<guid isPermaLink="false">http://localhost/sass-wp/wp-content/uploads/2008/06/100_5478.jpg</guid>
		<description></description>
		<content:encoded><![CDATA[Public domain via https://www.burningwell.org/gallery2/v/Objects/100_5478.JPG.html]]></content:encoded>
		<excerpt:encoded><![CDATA[Bell on wharf in San Francisco]]></excerpt:encoded>
		<wp:post_id>754</wp:post_id>
		<wp:post_date><![CDATA[2008-06-16 14:34:50]]></wp:post_date>
		<wp:post_date_gmt><![CDATA[2008-06-16 21:34:50]]></wp:post_date_gmt>
		<wp:post_modified><![CDATA[2008-06-16 14:34:50]]></wp:post_modified>
		<wp:post_modified_gmt><![CDATA[2008-06-16 21:34:50]]></wp:post_modified_gmt>
		<wp:comment_status><![CDATA[open]]></wp:comment_status>
		<wp:ping_status><![CDATA[closed]]></wp:ping_status>
		<wp:post_name><![CDATA[100_5478]]></wp:post_name>
		<wp:status><![CDATA[inherit]]></wp:status>
		<wp:post_parent>19457</wp:post_parent>
		<wp:menu_order>0</wp:menu_order>
		<wp:post_type><![CDATA[attachment]]></wp:post_type>
		<wp:post_password><![CDATA[]]></wp:post_password>
		<wp:is_sticky>0</wp:is_sticky>
						<wp:attachment_url><![CDATA[http://localhost/sass-wp/wp-content/uploads/2008/06/100_5478.jpg]]></wp:attachment_url>
											<wp:postmeta>
		<wp:meta_key><![CDATA[_wp_attached_file]]></wp:meta_key>
		<wp:meta_value><![CDATA[2008/06/100_5478.jpg]]></wp:meta_value>
		</wp:postmeta>
							<wp:postmeta>
		<wp:meta_key><![CDATA[_wp_attachment_metadata]]></wp:meta_key>
		<wp:meta_value><![CDATA[a:5:{s:5:"width";i:1600;s:6:"height";i:1200;s:4:"file";s:20:"2008/06/100_5478.jpg";s:5:"sizes";a:0:{}s:10:"image_meta";a:12:{s:8:"aperture";s:3:"6.3";s:6:"credit";s:0:"";s:6:"camera";s:32:"KODAK DX7590 ZOOM DIGITAL CAMERA";s:7:"caption";s:0:"";s:17:"created_timestamp";s:10:"1145694068";s:9:"copyright";s:0:"";s:12:"focal_length";s:4:"17.5";s:3:"iso";s:2:"80";s:13:"shutter_speed";s:5:"0.002";s:5:"title";s:0:"";s:11:"orientation";s:1:"1";s:8:"keywords";a:0:{}}}]]></wp:meta_value>
		</wp:postmeta>
							<wp:postmeta>
		<wp:meta_key><![CDATA[_wp_attachment_image_alt]]></wp:meta_key>
		<wp:meta_value><![CDATA[Bell on Wharf]]></wp:meta_value>
		</wp:postmeta>
							<wp:postmeta>
		<wp:meta_key><![CDATA[_attachment_original_parent_id]]></wp:meta_key>
		<wp:meta_value><![CDATA[555]]></wp:meta_value>
		</wp:postmeta>
							</item>
					<item>
		<title><![CDATA[Golden Gate Bridge]]></title>
		<link>http://localhost/sass-wp/post-format-gallery/100_5540/</link>
		<pubDate>Mon, 16 Jun 2008 21:35:55 +0000</pubDate>
		<dc:creator><![CDATA[webmaster]]></dc:creator>
		<guid isPermaLink="false">http://localhost/sass-wp/wp-content/uploads/2008/06/100_5540.jpg</guid>
		<description></description>
		<content:encoded><![CDATA[Public domain via https://www.burningwell.org/gallery2/v/Objects/100_5540.JPG.html]]></content:encoded>
		<excerpt:encoded><![CDATA[Golden Gate Bridge]]></excerpt:encoded>
		<wp:post_id>755</wp:post_id>
		<wp:post_date><![CDATA[2008-06-16 14:35:55]]></wp:post_date>
		<wp:post_date_gmt><![CDATA[2008-06-16 21:35:55]]></wp:post_date_gmt>
		<wp:post_modified><![CDATA[2008-06-16 14:35:55]]></wp:post_modified>
		<wp:post_modified_gmt><![CDATA[2008-06-16 21:35:55]]></wp:post_modified_gmt>
		<wp:comment_status><![CDATA[open]]></wp:comment_status>
		<wp:ping_status><![CDATA[closed]]></wp:ping_status>
		<wp:post_name><![CDATA[100_5540]]></wp:post_name>
		<wp:status><![CDATA[inherit]]></wp:status>
		<wp:post_parent>19457</wp:post_parent>
		<wp:menu_order>0</wp:menu_order>
		<wp:post_type><![CDATA[attachment]]></wp:post_type>
		<wp:post_password><![CDATA[]]></wp:post_password>
		<wp:is_sticky>0</wp:is_sticky>
						<wp:attachment_url><![CDATA[http://localhost/sass-wp/wp-content/uploads/2008/06/100_5540.jpg]]></wp:attachment_url>
											<wp:postmeta>
		<wp:meta_key><![CDATA[_wp_attached_file]]></wp:meta_key>
		<wp:meta_value><![CDATA[2008/06/100_5540.jpg]]></wp:meta_value>
		</wp:postmeta>
							<wp:postmeta>
		<wp:meta_key><![CDATA[_wp_attachment_metadata]]></wp:meta_key>
		<wp:meta_value><![CDATA[a:5:{s:5:"width";i:1600;s:6:"height";i:1200;s:4:"file";s:20:"2008/06/100_5540.jpg";s:5:"sizes";a:0:{}s:10:"image_meta";a:12:{s:8:"aperture";s:1:"4";s:6:"credit";s:0:"";s:6:"camera";s:32:"KODAK DX7590 ZOOM DIGITAL CAMERA";s:7:"caption";s:0:"";s:17:"created_timestamp";s:10:"1145697622";s:9:"copyright";s:0:"";s:12:"focal_length";s:3:"6.3";s:3:"iso";s:2:"80";s:13:"shutter_speed";s:7:"0.00125";s:5:"title";s:0:"";s:11:"orientation";s:1:"1";s:8:"keywords";a:0:{}}}]]></wp:meta_value>
		</wp:postmeta>
							<wp:postmeta>
		<wp:meta_key><![CDATA[_wp_attachment_image_alt]]></wp:meta_key>
		<wp:meta_value><![CDATA[Golden Gate Bridge]]></wp:meta_value>
		</wp:postmeta>
							<wp:postmeta>
		<wp:meta_key><![CDATA[_attachment_original_parent_id]]></wp:meta_key>
		<wp:meta_value><![CDATA[555]]></wp:meta_value>
		</wp:postmeta>
							</item>
					<item>
		<title><![CDATA[Sunburst Over River]]></title>
		<link>http://localhost/sass-wp/post-format-gallery/cep00032/</link>
		<pubDate>Mon, 16 Jun 2008 21:41:24 +0000</pubDate>
		<dc:creator><![CDATA[webmaster]]></dc:creator>
		<guid isPermaLink="false">http://localhost/sass-wp/wp-content/uploads/2008/06/cep00032.jpg</guid>
		<description></description>
		<content:encoded><![CDATA[Public domain via https://www.burningwell.org/gallery2/v/Landscapes/ocean/CEP00032.jpg.html]]></content:encoded>
		<excerpt:encoded><![CDATA[Sunburst over the Clinch River, Southwest Virginia.]]></excerpt:encoded>
		<wp:post_id>756</wp:post_id>
		<wp:post_date><![CDATA[2008-06-16 14:41:24]]></wp:post_date>
		<wp:post_date_gmt><![CDATA[2008-06-16 21:41:24]]></wp:post_date_gmt>
		<wp:post_modified><![CDATA[2008-06-16 14:41:24]]></wp:post_modified>
		<wp:post_modified_gmt><![CDATA[2008-06-16 21:41:24]]></wp:post_modified_gmt>
		<wp:comment_status><![CDATA[open]]></wp:comment_status>
		<wp:ping_status><![CDATA[closed]]></wp:ping_status>
		<wp:post_name><![CDATA[cep00032]]></wp:post_name>
		<wp:status><![CDATA[inherit]]></wp:status>
		<wp:post_parent>19457</wp:post_parent>
		<wp:menu_order>0</wp:menu_order>
		<wp:post_type><![CDATA[attachment]]></wp:post_type>
		<wp:post_password><![CDATA[]]></wp:post_password>
		<wp:is_sticky>0</wp:is_sticky>
						<wp:attachment_url><![CDATA[http://localhost/sass-wp/wp-content/uploads/2008/06/cep00032.jpg]]></wp:attachment_url>
											<wp:postmeta>
		<wp:meta_key><![CDATA[_wp_attached_file]]></wp:meta_key>
		<wp:meta_value><![CDATA[2008/06/cep00032.jpg]]></wp:meta_value>
		</wp:postmeta>
							<wp:postmeta>
		<wp:meta_key><![CDATA[_wp_attachment_metadata]]></wp:meta_key>
		<wp:meta_value><![CDATA[a:5:{s:5:"width";i:1500;s:6:"height";i:1200;s:4:"file";s:20:"2008/06/cep00032.jpg";s:5:"sizes";a:0:{}s:10:"image_meta";a:12:{s:8:"aperture";s:1:"4";s:6:"credit";s:0:"";s:6:"camera";s:13:"Canon ELURA90";s:7:"caption";s:0:"";s:17:"created_timestamp";s:10:"1130775264";s:9:"copyright";s:0:"";s:12:"focal_length";s:4:"4.15";s:3:"iso";s:1:"0";s:13:"shutter_speed";s:8:"0.002091";s:5:"title";s:0:"";s:11:"orientation";s:1:"1";s:8:"keywords";a:0:{}}}]]></wp:meta_value>
		</wp:postmeta>
							<wp:postmeta>
		<wp:meta_key><![CDATA[_wp_attachment_image_alt]]></wp:meta_key>
		<wp:meta_value><![CDATA[Sunburst Over River]]></wp:meta_value>
		</wp:postmeta>
							<wp:postmeta>
		<wp:meta_key><![CDATA[_attachment_original_parent_id]]></wp:meta_key>
		<wp:meta_value><![CDATA[555]]></wp:meta_value>
		</wp:postmeta>
							</item>
					<item>
		<title><![CDATA[Rain Ripples]]></title>
		<link>http://localhost/sass-wp/post-format-gallery/dsc04563/</link>
		<pubDate>Mon, 16 Jun 2008 21:41:37 +0000</pubDate>
		<dc:creator><![CDATA[webmaster]]></dc:creator>
		<guid isPermaLink="false">http://localhost/sass-wp/wp-content/uploads/2008/06/dsc04563.jpg</guid>
		<description></description>
		<content:encoded><![CDATA[Public domain via https://www.burningwell.org/gallery2/v/Landscapes/ocean/dsc04563.jpg.html]]></content:encoded>
		<excerpt:encoded><![CDATA[Raindrop ripples on a pond]]></excerpt:encoded>
		<wp:post_id>759</wp:post_id>
		<wp:post_date><![CDATA[2008-06-16 14:41:37]]></wp:post_date>
		<wp:post_date_gmt><![CDATA[2008-06-16 21:41:37]]></wp:post_date_gmt>
		<wp:post_modified><![CDATA[2008-06-16 14:41:37]]></wp:post_modified>
		<wp:post_modified_gmt><![CDATA[2008-06-16 21:41:37]]></wp:post_modified_gmt>
		<wp:comment_status><![CDATA[open]]></wp:comment_status>
		<wp:ping_status><![CDATA[closed]]></wp:ping_status>
		<wp:post_name><![CDATA[dsc04563]]></wp:post_name>
		<wp:status><![CDATA[inherit]]></wp:status>
		<wp:post_parent>19457</wp:post_parent>
		<wp:menu_order>0</wp:menu_order>
		<wp:post_type><![CDATA[attachment]]></wp:post_type>
		<wp:post_password><![CDATA[]]></wp:post_password>
		<wp:is_sticky>0</wp:is_sticky>
						<wp:attachment_url><![CDATA[http://localhost/sass-wp/wp-content/uploads/2008/06/dsc04563.jpg]]></wp:attachment_url>
											<wp:postmeta>
		<wp:meta_key><![CDATA[_wp_attached_file]]></wp:meta_key>
		<wp:meta_value><![CDATA[2008/06/dsc04563.jpg]]></wp:meta_value>
		</wp:postmeta>
							<wp:postmeta>
		<wp:meta_key><![CDATA[_wp_attachment_metadata]]></wp:meta_key>
		<wp:meta_value><![CDATA[a:5:{s:5:"width";i:1600;s:6:"height";i:1200;s:4:"file";s:20:"2008/06/dsc04563.jpg";s:5:"sizes";a:0:{}s:10:"image_meta";a:12:{s:8:"aperture";s:1:"4";s:6:"credit";s:0:"";s:6:"camera";s:9:"CYBERSHOT";s:7:"caption";s:0:"";s:17:"created_timestamp";s:10:"1040567677";s:9:"copyright";s:0:"";s:12:"focal_length";s:4:"48.5";s:3:"iso";s:3:"100";s:13:"shutter_speed";s:5:"0.002";s:5:"title";s:0:"";s:11:"orientation";s:1:"1";s:8:"keywords";a:0:{}}}]]></wp:meta_value>
		</wp:postmeta>
							<wp:postmeta>
		<wp:meta_key><![CDATA[_wp_attachment_image_alt]]></wp:meta_key>
		<wp:meta_value><![CDATA[Rain Ripples]]></wp:meta_value>
		</wp:postmeta>
							<wp:postmeta>
		<wp:meta_key><![CDATA[_attachment_original_parent_id]]></wp:meta_key>
		<wp:meta_value><![CDATA[555]]></wp:meta_value>
		</wp:postmeta>
							</item>
					<item>
		<title><![CDATA[Sydney Harbor Bridge]]></title>
		<link>http://localhost/sass-wp/post-format-gallery/dsc09114/</link>
		<pubDate>Mon, 16 Jun 2008 21:41:41 +0000</pubDate>
		<dc:creator><![CDATA[webmaster]]></dc:creator>
		<guid isPermaLink="false">http://localhost/sass-wp/wp-content/uploads/2008/06/dsc09114.jpg</guid>
		<description></description>
		<content:encoded><![CDATA[Public domain via https://www.burningwell.org/gallery2/v/Objects/dsc09114.jpg.html]]></content:encoded>
		<excerpt:encoded><![CDATA[Sydney Harbor Bridge]]></excerpt:encoded>
		<wp:post_id>760</wp:post_id>
		<wp:post_date><![CDATA[2008-06-16 14:41:41]]></wp:post_date>
		<wp:post_date_gmt><![CDATA[2008-06-16 21:41:41]]></wp:post_date_gmt>
		<wp:post_modified><![CDATA[2008-06-16 14:41:41]]></wp:post_modified>
		<wp:post_modified_gmt><![CDATA[2008-06-16 21:41:41]]></wp:post_modified_gmt>
		<wp:comment_status><![CDATA[open]]></wp:comment_status>
		<wp:ping_status><![CDATA[closed]]></wp:ping_status>
		<wp:post_name><![CDATA[dsc09114]]></wp:post_name>
		<wp:status><![CDATA[inherit]]></wp:status>
		<wp:post_parent>19457</wp:post_parent>
		<wp:menu_order>0</wp:menu_order>
		<wp:post_type><![CDATA[attachment]]></wp:post_type>
		<wp:post_password><![CDATA[]]></wp:post_password>
		<wp:is_sticky>0</wp:is_sticky>
						<wp:attachment_url><![CDATA[http://localhost/sass-wp/wp-content/uploads/2008/06/dsc09114.jpg]]></wp:attachment_url>
											<wp:postmeta>
		<wp:meta_key><![CDATA[_wp_attached_file]]></wp:meta_key>
		<wp:meta_value><![CDATA[2008/06/dsc09114.jpg]]></wp:meta_value>
		</wp:postmeta>
							<wp:postmeta>
		<wp:meta_key><![CDATA[_wp_attachment_metadata]]></wp:meta_key>
		<wp:meta_value><![CDATA[a:5:{s:5:"width";i:1600;s:6:"height";i:1200;s:4:"file";s:20:"2008/06/dsc09114.jpg";s:5:"sizes";a:0:{}s:10:"image_meta";a:12:{s:8:"aperture";s:3:"5.6";s:6:"credit";s:0:"";s:6:"camera";s:9:"CYBERSHOT";s:7:"caption";s:0:"";s:17:"created_timestamp";s:10:"1067174771";s:9:"copyright";s:0:"";s:12:"focal_length";s:4:"11.8";s:3:"iso";s:3:"100";s:13:"shutter_speed";s:5:"0.002";s:5:"title";s:0:"";s:11:"orientation";s:1:"1";s:8:"keywords";a:0:{}}}]]></wp:meta_value>
		</wp:postmeta>
							<wp:postmeta>
		<wp:meta_key><![CDATA[_wp_attachment_image_alt]]></wp:meta_key>
		<wp:meta_value><![CDATA[Sydney Harbor Bridge]]></wp:meta_value>
		</wp:postmeta>
							<wp:postmeta>
		<wp:meta_key><![CDATA[_attachment_original_parent_id]]></wp:meta_key>
		<wp:meta_value><![CDATA[555]]></wp:meta_value>
		</wp:postmeta>
							</item>
					<item>
		<title><![CDATA[Wind Farm]]></title>
		<link>http://localhost/sass-wp/post-format-gallery/dsc20050102_192118_51/</link>
		<pubDate>Mon, 16 Jun 2008 21:41:42 +0000</pubDate>
		<dc:creator><![CDATA[webmaster]]></dc:creator>
		<guid isPermaLink="false">http://localhost/sass-wp/wp-content/uploads/2008/06/dsc20050102_192118_51.jpg</guid>
		<description></description>
		<content:encoded><![CDATA[Public domain via https://www.burningwell.org/gallery2/v/Landscapes/ocean/dsc20050102_192118_51.jpg.html]]></content:encoded>
		<excerpt:encoded><![CDATA[Albany wind-farm against the sunset, Western Australia]]></excerpt:encoded>
		<wp:post_id>761</wp:post_id>
		<wp:post_date><![CDATA[2008-06-16 14:41:42]]></wp:post_date>
		<wp:post_date_gmt><![CDATA[2008-06-16 21:41:42]]></wp:post_date_gmt>
		<wp:post_modified><![CDATA[2008-06-16 14:41:42]]></wp:post_modified>
		<wp:post_modified_gmt><![CDATA[2008-06-16 21:41:42]]></wp:post_modified_gmt>
		<wp:comment_status><![CDATA[open]]></wp:comment_status>
		<wp:ping_status><![CDATA[closed]]></wp:ping_status>
		<wp:post_name><![CDATA[dsc20050102_192118_51]]></wp:post_name>
		<wp:status><![CDATA[inherit]]></wp:status>
		<wp:post_parent>19457</wp:post_parent>
		<wp:menu_order>0</wp:menu_order>
		<wp:post_type><![CDATA[attachment]]></wp:post_type>
		<wp:post_password><![CDATA[]]></wp:post_password>
		<wp:is_sticky>0</wp:is_sticky>
						<wp:attachment_url><![CDATA[http://localhost/sass-wp/wp-content/uploads/2008/06/dsc20050102_192118_51.jpg]]></wp:attachment_url>
											<wp:postmeta>
		<wp:meta_key><![CDATA[_wp_attached_file]]></wp:meta_key>
		<wp:meta_value><![CDATA[2008/06/dsc20050102_192118_51.jpg]]></wp:meta_value>
		</wp:postmeta>
							<wp:postmeta>
		<wp:meta_key><![CDATA[_wp_attachment_metadata]]></wp:meta_key>
		<wp:meta_value><![CDATA[a:5:{s:5:"width";i:1600;s:6:"height";i:1200;s:4:"file";s:33:"2008/06/dsc20050102_192118_51.jpg";s:5:"sizes";a:0:{}s:10:"image_meta";a:12:{s:8:"aperture";s:1:"4";s:6:"credit";s:0:"";s:6:"camera";s:9:"CYBERSHOT";s:7:"caption";s:0:"";s:17:"created_timestamp";s:10:"1104693678";s:9:"copyright";s:0:"";s:12:"focal_length";s:4:"33.3";s:3:"iso";s:3:"100";s:13:"shutter_speed";s:7:"0.00625";s:5:"title";s:0:"";s:11:"orientation";s:1:"1";s:8:"keywords";a:0:{}}}]]></wp:meta_value>
		</wp:postmeta>
							<wp:postmeta>
		<wp:meta_key><![CDATA[_wp_attachment_image_alt]]></wp:meta_key>
		<wp:meta_value><![CDATA[Wind Farm]]></wp:meta_value>
		</wp:postmeta>
							<wp:postmeta>
		<wp:meta_key><![CDATA[_attachment_original_parent_id]]></wp:meta_key>
		<wp:meta_value><![CDATA[555]]></wp:meta_value>
		</wp:postmeta>
							</item>
					<item>
		<title><![CDATA[Antique Farm Machinery]]></title>
		<link>http://localhost/sass-wp/post-format-gallery/dsc20051220_160808_102/</link>
		<pubDate>Mon, 16 Jun 2008 21:41:45 +0000</pubDate>
		<dc:creator><![CDATA[webmaster]]></dc:creator>
		<guid isPermaLink="false">http://localhost/sass-wp/wp-content/uploads/2008/06/dsc20051220_160808_102.jpg</guid>
		<description></description>
		<content:encoded><![CDATA[Public domain via https://www.burningwell.org/gallery2/v/Objects/dsc20051220_160808_102.jpg.html]]></content:encoded>
		<excerpt:encoded><![CDATA[Antique farm machinery, Mount Barker Museum, Western Australia]]></excerpt:encoded>
		<wp:post_id>762</wp:post_id>
		<wp:post_date><![CDATA[2008-06-16 14:41:45]]></wp:post_date>
		<wp:post_date_gmt><![CDATA[2008-06-16 21:41:45]]></wp:post_date_gmt>
		<wp:post_modified><![CDATA[2008-06-16 14:41:45]]></wp:post_modified>
		<wp:post_modified_gmt><![CDATA[2008-06-16 21:41:45]]></wp:post_modified_gmt>
		<wp:comment_status><![CDATA[open]]></wp:comment_status>
		<wp:ping_status><![CDATA[closed]]></wp:ping_status>
		<wp:post_name><![CDATA[dsc20051220_160808_102]]></wp:post_name>
		<wp:status><![CDATA[inherit]]></wp:status>
		<wp:post_parent>19457</wp:post_parent>
		<wp:menu_order>0</wp:menu_order>
		<wp:post_type><![CDATA[attachment]]></wp:post_type>
		<wp:post_password><![CDATA[]]></wp:post_password>
		<wp:is_sticky>0</wp:is_sticky>
						<wp:attachment_url><![CDATA[http://localhost/sass-wp/wp-content/uploads/2008/06/dsc20051220_160808_102.jpg]]></wp:attachment_url>
											<wp:postmeta>
		<wp:meta_key><![CDATA[_wp_attached_file]]></wp:meta_key>
		<wp:meta_value><![CDATA[2008/06/dsc20051220_160808_102.jpg]]></wp:meta_value>
		</wp:postmeta>
							<wp:postmeta>
		<wp:meta_key><![CDATA[_wp_attachment_metadata]]></wp:meta_key>
		<wp:meta_value><![CDATA[a:5:{s:5:"width";i:1600;s:6:"height";i:1066;s:4:"file";s:34:"2008/06/dsc20051220_160808_102.jpg";s:5:"sizes";a:0:{}s:10:"image_meta";a:12:{s:8:"aperture";s:3:"2.5";s:6:"credit";s:0:"";s:6:"camera";s:13:"Canon EOS 10D";s:7:"caption";s:0:"";s:17:"created_timestamp";s:10:"1135094888";s:9:"copyright";s:0:"";s:12:"focal_length";s:2:"50";s:3:"iso";s:3:"400";s:13:"shutter_speed";s:17:"0.016666666666667";s:5:"title";s:0:"";s:11:"orientation";s:1:"1";s:8:"keywords";a:0:{}}}]]></wp:meta_value>
		</wp:postmeta>
							<wp:postmeta>
		<wp:meta_key><![CDATA[_wp_attachment_image_alt]]></wp:meta_key>
		<wp:meta_value><![CDATA[Antique Farm Machinery]]></wp:meta_value>
		</wp:postmeta>
							<wp:postmeta>
		<wp:meta_key><![CDATA[_attachment_original_parent_id]]></wp:meta_key>
		<wp:meta_value><![CDATA[555]]></wp:meta_value>
		</wp:postmeta>
							</item>
					<item>
		<title><![CDATA[Orange Iris]]></title>
		<link>http://localhost/sass-wp/post-format-gallery/dsc02085/</link>
		<pubDate>Mon, 16 Jun 2008 21:46:27 +0000</pubDate>
		<dc:creator><![CDATA[webmaster]]></dc:creator>
		<guid isPermaLink="false">http://localhost/sass-wp/wp-content/uploads/2008/06/dsc02085.jpg</guid>
		<description></description>
		<content:encoded><![CDATA[Public domain via https://www.burningwell.org/gallery2/main.php?g2_view=dynamicalbum.UpdatesAlbum&amp;g2_itemId=25895]]></content:encoded>
		<excerpt:encoded><![CDATA[Orange Iris]]></excerpt:encoded>
		<wp:post_id>763</wp:post_id>
		<wp:post_date><![CDATA[2008-06-16 14:46:27]]></wp:post_date>
		<wp:post_date_gmt><![CDATA[2008-06-16 21:46:27]]></wp:post_date_gmt>
		<wp:post_modified><![CDATA[2008-06-16 14:46:27]]></wp:post_modified>
		<wp:post_modified_gmt><![CDATA[2008-06-16 21:46:27]]></wp:post_modified_gmt>
		<wp:comment_status><![CDATA[open]]></wp:comment_status>
		<wp:ping_status><![CDATA[closed]]></wp:ping_status>
		<wp:post_name><![CDATA[dsc02085]]></wp:post_name>
		<wp:status><![CDATA[inherit]]></wp:status>
		<wp:post_parent>19457</wp:post_parent>
		<wp:menu_order>0</wp:menu_order>
		<wp:post_type><![CDATA[attachment]]></wp:post_type>
		<wp:post_password><![CDATA[]]></wp:post_password>
		<wp:is_sticky>0</wp:is_sticky>
						<wp:attachment_url><![CDATA[http://localhost/sass-wp/wp-content/uploads/2008/06/dsc02085.jpg]]></wp:attachment_url>
											<wp:postmeta>
		<wp:meta_key><![CDATA[_wp_attached_file]]></wp:meta_key>
		<wp:meta_value><![CDATA[2008/06/dsc02085.jpg]]></wp:meta_value>
		</wp:postmeta>
							<wp:postmeta>
		<wp:meta_key><![CDATA[_wp_attachment_metadata]]></wp:meta_key>
		<wp:meta_value><![CDATA[a:5:{s:5:"width";i:1600;s:6:"height";i:1200;s:4:"file";s:20:"2008/06/dsc02085.jpg";s:5:"sizes";a:0:{}s:10:"image_meta";a:12:{s:8:"aperture";s:3:"2.9";s:6:"credit";s:0:"";s:6:"camera";s:8:"DSC-S930";s:7:"caption";s:0:"";s:17:"created_timestamp";s:10:"1288861799";s:9:"copyright";s:0:"";s:12:"focal_length";s:3:"6.4";s:3:"iso";s:3:"100";s:13:"shutter_speed";s:5:"0.008";s:5:"title";s:0:"";s:11:"orientation";s:1:"1";s:8:"keywords";a:0:{}}}]]></wp:meta_value>
		</wp:postmeta>
							<wp:postmeta>
		<wp:meta_key><![CDATA[_wp_attachment_image_alt]]></wp:meta_key>
		<wp:meta_value><![CDATA[Orange Iris]]></wp:meta_value>
		</wp:postmeta>
							<wp:postmeta>
		<wp:meta_key><![CDATA[_attachment_original_parent_id]]></wp:meta_key>
		<wp:meta_value><![CDATA[555]]></wp:meta_value>
		</wp:postmeta>
							</item>
					<item>
		<title><![CDATA[Rusty Rail]]></title>
		<link>http://localhost/sass-wp/post-format-gallery/dsc20051220_173257_119/</link>
		<pubDate>Mon, 16 Jun 2008 21:47:17 +0000</pubDate>
		<dc:creator><![CDATA[webmaster]]></dc:creator>
		<guid isPermaLink="false">http://localhost/sass-wp/wp-content/uploads/2008/06/dsc20051220_173257_119.jpg</guid>
		<description></description>
		<content:encoded><![CDATA[Public domain via https://www.burningwell.org/gallery2/v/Objects/dsc20051220_173257_119.jpg.html]]></content:encoded>
		<excerpt:encoded><![CDATA[Rusty rails with fishplate, Kojonup]]></excerpt:encoded>
		<wp:post_id>764</wp:post_id>
		<wp:post_date><![CDATA[2008-06-16 14:47:17]]></wp:post_date>
		<wp:post_date_gmt><![CDATA[2008-06-16 21:47:17]]></wp:post_date_gmt>
		<wp:post_modified><![CDATA[2008-06-16 14:47:17]]></wp:post_modified>
		<wp:post_modified_gmt><![CDATA[2008-06-16 21:47:17]]></wp:post_modified_gmt>
		<wp:comment_status><![CDATA[open]]></wp:comment_status>
		<wp:ping_status><![CDATA[closed]]></wp:ping_status>
		<wp:post_name><![CDATA[dsc20051220_173257_119]]></wp:post_name>
		<wp:status><![CDATA[inherit]]></wp:status>
		<wp:post_parent>19457</wp:post_parent>
		<wp:menu_order>0</wp:menu_order>
		<wp:post_type><![CDATA[attachment]]></wp:post_type>
		<wp:post_password><![CDATA[]]></wp:post_password>
		<wp:is_sticky>0</wp:is_sticky>
						<wp:attachment_url><![CDATA[http://localhost/sass-wp/wp-content/uploads/2008/06/dsc20051220_173257_119.jpg]]></wp:attachment_url>
											<wp:postmeta>
		<wp:meta_key><![CDATA[_wp_attached_file]]></wp:meta_key>
		<wp:meta_value><![CDATA[2008/06/dsc20051220_173257_119.jpg]]></wp:meta_value>
		</wp:postmeta>
							<wp:postmeta>
		<wp:meta_key><![CDATA[_wp_attachment_metadata]]></wp:meta_key>
		<wp:meta_value><![CDATA[a:5:{s:5:"width";i:1600;s:6:"height";i:1066;s:4:"file";s:34:"2008/06/dsc20051220_173257_119.jpg";s:5:"sizes";a:0:{}s:10:"image_meta";a:12:{s:8:"aperture";s:3:"6.7";s:6:"credit";s:0:"";s:6:"camera";s:13:"Canon EOS 10D";s:7:"caption";s:0:"";s:17:"created_timestamp";s:10:"1135099977";s:9:"copyright";s:0:"";s:12:"focal_length";s:2:"50";s:3:"iso";s:3:"400";s:13:"shutter_speed";s:18:"0.0013333333333333";s:5:"title";s:0:"";s:11:"orientation";s:1:"1";s:8:"keywords";a:0:{}}}]]></wp:meta_value>
		</wp:postmeta>
							<wp:postmeta>
		<wp:meta_key><![CDATA[_wp_attachment_image_alt]]></wp:meta_key>
		<wp:meta_value><![CDATA[Rusty Rail]]></wp:meta_value>
		</wp:postmeta>
							<wp:postmeta>
		<wp:meta_key><![CDATA[_attachment_original_parent_id]]></wp:meta_key>
		<wp:meta_value><![CDATA[555]]></wp:meta_value>
		</wp:postmeta>
							</item>
					<item>
		<title><![CDATA[Sea and Rocks]]></title>
		<link>http://localhost/sass-wp/post-format-gallery/dscn3316/</link>
		<pubDate>Mon, 16 Jun 2008 21:47:20 +0000</pubDate>
		<dc:creator><![CDATA[webmaster]]></dc:creator>
		<guid isPermaLink="false">http://localhost/sass-wp/wp-content/uploads/2008/06/dscn3316.jpg</guid>
		<description></description>
		<content:encoded><![CDATA[Public domain via https://www.burningwell.org/gallery2/v/Landscapes/ocean/dscn3316.jpg.html]]></content:encoded>
		<excerpt:encoded><![CDATA[Sea and rocks, Plimmerton, New Zealand]]></excerpt:encoded>
		<wp:post_id>765</wp:post_id>
		<wp:post_date><![CDATA[2008-06-16 14:47:20]]></wp:post_date>
		<wp:post_date_gmt><![CDATA[2008-06-16 21:47:20]]></wp:post_date_gmt>
		<wp:post_modified><![CDATA[2008-06-16 14:47:20]]></wp:post_modified>
		<wp:post_modified_gmt><![CDATA[2008-06-16 21:47:20]]></wp:post_modified_gmt>
		<wp:comment_status><![CDATA[open]]></wp:comment_status>
		<wp:ping_status><![CDATA[closed]]></wp:ping_status>
		<wp:post_name><![CDATA[dscn3316]]></wp:post_name>
		<wp:status><![CDATA[inherit]]></wp:status>
		<wp:post_parent>19457</wp:post_parent>
		<wp:menu_order>0</wp:menu_order>
		<wp:post_type><![CDATA[attachment]]></wp:post_type>
		<wp:post_password><![CDATA[]]></wp:post_password>
		<wp:is_sticky>0</wp:is_sticky>
						<wp:attachment_url><![CDATA[http://localhost/sass-wp/wp-content/uploads/2008/06/dscn3316.jpg]]></wp:attachment_url>
											<wp:postmeta>
		<wp:meta_key><![CDATA[_wp_attached_file]]></wp:meta_key>
		<wp:meta_value><![CDATA[2008/06/dscn3316.jpg]]></wp:meta_value>
		</wp:postmeta>
							<wp:postmeta>
		<wp:meta_key><![CDATA[_wp_attachment_metadata]]></wp:meta_key>
		<wp:meta_value><![CDATA[a:5:{s:5:"width";i:1600;s:6:"height";i:1200;s:4:"file";s:20:"2008/06/dscn3316.jpg";s:5:"sizes";a:0:{}s:10:"image_meta";a:12:{s:8:"aperture";s:3:"7.6";s:6:"credit";s:0:"";s:6:"camera";s:5:"E4300";s:7:"caption";s:0:"";s:17:"created_timestamp";s:10:"1170775967";s:9:"copyright";s:0:"";s:12:"focal_length";s:1:"8";s:3:"iso";s:3:"100";s:13:"shutter_speed";s:18:"0.0045454545454545";s:5:"title";s:0:"";s:11:"orientation";s:1:"1";s:8:"keywords";a:0:{}}}]]></wp:meta_value>
		</wp:postmeta>
							<wp:postmeta>
		<wp:meta_key><![CDATA[_wp_attachment_image_alt]]></wp:meta_key>
		<wp:meta_value><![CDATA[Sea and Rocks]]></wp:meta_value>
		</wp:postmeta>
							<wp:postmeta>
		<wp:meta_key><![CDATA[_attachment_original_parent_id]]></wp:meta_key>
		<wp:meta_value><![CDATA[555]]></wp:meta_value>
		</wp:postmeta>
							</item>
					<item>
		<title><![CDATA[St. Louis Blues]]></title>
		<link>http://localhost/sass-wp/post-format-audio/originaldixielandjazzbandwithalbernard-stlouisblues/</link>
		<pubDate>Mon, 16 Jun 2008 16:49:29 +0000</pubDate>
		<dc:creator><![CDATA[webmaster]]></dc:creator>
		<guid isPermaLink="false">http://localhost/sass-wp/wp-content/uploads/2008/06/originaldixielandjazzbandwithalbernard-stlouisblues.mp3</guid>
		<description></description>
		<content:encoded><![CDATA[St. Louis Blues, by Original Dixieland Jazz Band with Al Bernard (public domain)]]></content:encoded>
		<excerpt:encoded><![CDATA[St. Louis Blues, by Original Dixieland Jazz Band with Al Bernard (public domain)]]></excerpt:encoded>
		<wp:post_id>821</wp:post_id>
		<wp:post_date><![CDATA[2008-06-16 09:49:29]]></wp:post_date>
		<wp:post_date_gmt><![CDATA[2008-06-16 16:49:29]]></wp:post_date_gmt>
		<wp:post_modified><![CDATA[2008-06-16 09:49:29]]></wp:post_modified>
		<wp:post_modified_gmt><![CDATA[2008-06-16 16:49:29]]></wp:post_modified_gmt>
		<wp:comment_status><![CDATA[open]]></wp:comment_status>
		<wp:ping_status><![CDATA[closed]]></wp:ping_status>
		<wp:post_name><![CDATA[originaldixielandjazzbandwithalbernard-stlouisblues]]></wp:post_name>
		<wp:status><![CDATA[inherit]]></wp:status>
		<wp:post_parent>19464</wp:post_parent>
		<wp:menu_order>0</wp:menu_order>
		<wp:post_type><![CDATA[attachment]]></wp:post_type>
		<wp:post_password><![CDATA[]]></wp:post_password>
		<wp:is_sticky>0</wp:is_sticky>
						<wp:attachment_url><![CDATA[http://localhost/sass-wp/wp-content/uploads/2008/06/originaldixielandjazzbandwithalbernard-stlouisblues.mp3]]></wp:attachment_url>
											<wp:postmeta>
		<wp:meta_key><![CDATA[_wp_attached_file]]></wp:meta_key>
		<wp:meta_value><![CDATA[2008/06/originaldixielandjazzbandwithalbernard-stlouisblues.mp3]]></wp:meta_value>
		</wp:postmeta>
							<wp:postmeta>
		<wp:meta_key><![CDATA[_wp_attachment_metadata]]></wp:meta_key>
		<wp:meta_value><![CDATA[a:20:{s:10:"dataformat";s:3:"mp3";s:8:"channels";i:2;s:11:"sample_rate";i:44100;s:7:"bitrate";i:128000;s:11:"channelmode";s:12:"joint stereo";s:12:"bitrate_mode";s:3:"cbr";s:8:"lossless";b:0;s:15:"encoder_options";s:6:"CBR128";s:17:"compression_ratio";d:0.09070294784580499;s:10:"fileformat";s:3:"mp3";s:8:"filesize";i:3043247;s:9:"mime_type";s:10:"audio/mpeg";s:6:"length";i:190;s:16:"length_formatted";s:4:"3:10";s:7:"comment";s:4:"None";s:4:"year";s:4:"1921";s:5:"title";s:22:"St. Louis Blues (1921)";s:6:"artist";s:44:"Original Dixieland Jazz Band with Al Bernard";s:5:"genre";s:12:"Acoustic Era";s:5:"album";s:12:"Victor-18772";}]]></wp:meta_value>
		</wp:postmeta>
							</item>
					<item>
		<title><![CDATA[canola2]]></title>
		<link>http://localhost/sass-wp/post-format-gallery/canola2/</link>
		<pubDate>Mon, 16 Jun 2008 13:17:54 +0000</pubDate>
		<dc:creator><![CDATA[webmaster]]></dc:creator>
		<guid isPermaLink="false">http://localhost/sass-wp/wp-content/uploads/2008/06/canola2.jpg</guid>
		<description></description>
		<content:encoded><![CDATA[]]></content:encoded>
		<excerpt:encoded><![CDATA[Lorem ipsum dolor sit amet, consectetuer adipiscing elit. Donec mollis. Quisque convallis libero in sapien pharetra tincidunt. Aliquam elit ante, malesuada id, tempor eu, gravida id, odio. Maecenas suscipit, risus et eleifend imperdiet, nisi orci ullamcorper massa, et adipiscing orci velit quis magna.]]></excerpt:encoded>
		<wp:post_id>19389</wp:post_id>
		<wp:post_date><![CDATA[2008-06-16 06:17:54]]></wp:post_date>
		<wp:post_date_gmt><![CDATA[2008-06-16 13:17:54]]></wp:post_date_gmt>
		<wp:post_modified><![CDATA[2008-06-16 06:17:54]]></wp:post_modified>
		<wp:post_modified_gmt><![CDATA[2008-06-16 13:17:54]]></wp:post_modified_gmt>
		<wp:comment_status><![CDATA[open]]></wp:comment_status>
		<wp:ping_status><![CDATA[closed]]></wp:ping_status>
		<wp:post_name><![CDATA[canola2]]></wp:post_name>
		<wp:status><![CDATA[inherit]]></wp:status>
		<wp:post_parent>19457</wp:post_parent>
		<wp:menu_order>0</wp:menu_order>
		<wp:post_type><![CDATA[attachment]]></wp:post_type>
		<wp:post_password><![CDATA[]]></wp:post_password>
		<wp:is_sticky>0</wp:is_sticky>
						<wp:attachment_url><![CDATA[http://localhost/sass-wp/wp-content/uploads/2008/06/canola2.jpg]]></wp:attachment_url>
											<wp:postmeta>
		<wp:meta_key><![CDATA[_wp_attached_file]]></wp:meta_key>
		<wp:meta_value><![CDATA[2008/06/canola2.jpg]]></wp:meta_value>
		</wp:postmeta>
							<wp:postmeta>
		<wp:meta_key><![CDATA[_wp_attachment_metadata]]></wp:meta_key>
		<wp:meta_value><![CDATA[a:5:{s:5:"width";i:640;s:6:"height";i:480;s:4:"file";s:19:"2008/06/canola2.jpg";s:5:"sizes";a:0:{}s:10:"image_meta";a:12:{s:8:"aperture";s:3:"5.6";s:6:"credit";s:0:"";s:6:"camera";s:18:"Canon PowerShot G2";s:7:"caption";s:0:"";s:17:"created_timestamp";s:10:"1094915268";s:9:"copyright";s:0:"";s:12:"focal_length";s:7:"16.8125";s:3:"iso";s:1:"0";s:13:"shutter_speed";s:9:"0.0015625";s:5:"title";s:0:"";s:11:"orientation";s:1:"0";s:8:"keywords";a:0:{}}}]]></wp:meta_value>
		</wp:postmeta>
							<wp:postmeta>
		<wp:meta_key><![CDATA[_wp_attachment_image_alt]]></wp:meta_key>
		<wp:meta_value><![CDATA[canola]]></wp:meta_value>
		</wp:postmeta>
							<wp:postmeta>
		<wp:meta_key><![CDATA[_attachment_original_parent_id]]></wp:meta_key>
		<wp:meta_value><![CDATA[555]]></wp:meta_value>
		</wp:postmeta>
							</item>
					<item>
		<title><![CDATA[dsc20050727_091048_222]]></title>
		<link>http://localhost/sass-wp/post-format-gallery/dsc20050727_091048_222/</link>
		<pubDate>Mon, 16 Jun 2008 13:20:37 +0000</pubDate>
		<dc:creator><![CDATA[webmaster]]></dc:creator>
		<guid isPermaLink="false">http://localhost/sass-wp/wp-content/uploads/2008/06/dsc20050727_091048_222.jpg</guid>
		<description></description>
		<content:encoded><![CDATA[]]></content:encoded>
		<excerpt:encoded><![CDATA[]]></excerpt:encoded>
		<wp:post_id>19390</wp:post_id>
		<wp:post_date><![CDATA[2008-06-16 06:20:37]]></wp:post_date>
		<wp:post_date_gmt><![CDATA[2008-06-16 13:20:37]]></wp:post_date_gmt>
		<wp:post_modified><![CDATA[2008-06-16 06:20:37]]></wp:post_modified>
		<wp:post_modified_gmt><![CDATA[2008-06-16 13:20:37]]></wp:post_modified_gmt>
		<wp:comment_status><![CDATA[open]]></wp:comment_status>
		<wp:ping_status><![CDATA[closed]]></wp:ping_status>
		<wp:post_name><![CDATA[dsc20050727_091048_222]]></wp:post_name>
		<wp:status><![CDATA[inherit]]></wp:status>
		<wp:post_parent>19457</wp:post_parent>
		<wp:menu_order>0</wp:menu_order>
		<wp:post_type><![CDATA[attachment]]></wp:post_type>
		<wp:post_password><![CDATA[]]></wp:post_password>
		<wp:is_sticky>0</wp:is_sticky>
						<wp:attachment_url><![CDATA[http://localhost/sass-wp/wp-content/uploads/2008/06/dsc20050727_091048_222.jpg]]></wp:attachment_url>
											<wp:postmeta>
		<wp:meta_key><![CDATA[_wp_attached_file]]></wp:meta_key>
		<wp:meta_value><![CDATA[2008/06/dsc20050727_091048_222.jpg]]></wp:meta_value>
		</wp:postmeta>
							<wp:postmeta>
		<wp:meta_key><![CDATA[_wp_attachment_metadata]]></wp:meta_key>
		<wp:meta_value><![CDATA[a:5:{s:5:"width";i:640;s:6:"height";i:480;s:4:"file";s:34:"2008/06/dsc20050727_091048_222.jpg";s:5:"sizes";a:0:{}s:10:"image_meta";a:12:{s:8:"aperture";s:1:"4";s:6:"credit";s:0:"";s:6:"camera";s:9:"CYBERSHOT";s:7:"caption";s:0:"";s:17:"created_timestamp";s:10:"1122455448";s:9:"copyright";s:0:"";s:12:"focal_length";s:3:"9.7";s:3:"iso";s:3:"100";s:13:"shutter_speed";s:5:"0.004";s:5:"title";s:0:"";s:11:"orientation";s:1:"0";s:8:"keywords";a:0:{}}}]]></wp:meta_value>
		</wp:postmeta>
							<wp:postmeta>
		<wp:meta_key><![CDATA[_wp_attachment_image_alt]]></wp:meta_key>
		<wp:meta_value><![CDATA[dsc20050727_091048_222]]></wp:meta_value>
		</wp:postmeta>
							<wp:postmeta>
		<wp:meta_key><![CDATA[_attachment_original_parent_id]]></wp:meta_key>
		<wp:meta_value><![CDATA[555]]></wp:meta_value>
		</wp:postmeta>
							</item>
					<item>
		<title><![CDATA[dsc20050813_115856_52]]></title>
		<link>http://localhost/sass-wp/post-format-gallery/dsc20050813_115856_52/</link>
		<pubDate>Mon, 16 Jun 2008 13:20:57 +0000</pubDate>
		<dc:creator><![CDATA[webmaster]]></dc:creator>
		<guid isPermaLink="false">http://localhost/sass-wp/wp-content/uploads/2008/06/dsc20050813_115856_52.jpg</guid>
		<description></description>
		<content:encoded><![CDATA[]]></content:encoded>
		<excerpt:encoded><![CDATA[]]></excerpt:encoded>
		<wp:post_id>19391</wp:post_id>
		<wp:post_date><![CDATA[2008-06-16 06:20:57]]></wp:post_date>
		<wp:post_date_gmt><![CDATA[2008-06-16 13:20:57]]></wp:post_date_gmt>
		<wp:post_modified><![CDATA[2008-06-16 06:20:57]]></wp:post_modified>
		<wp:post_modified_gmt><![CDATA[2008-06-16 13:20:57]]></wp:post_modified_gmt>
		<wp:comment_status><![CDATA[open]]></wp:comment_status>
		<wp:ping_status><![CDATA[closed]]></wp:ping_status>
		<wp:post_name><![CDATA[dsc20050813_115856_52]]></wp:post_name>
		<wp:status><![CDATA[inherit]]></wp:status>
		<wp:post_parent>19457</wp:post_parent>
		<wp:menu_order>0</wp:menu_order>
		<wp:post_type><![CDATA[attachment]]></wp:post_type>
		<wp:post_password><![CDATA[]]></wp:post_password>
		<wp:is_sticky>0</wp:is_sticky>
						<wp:attachment_url><![CDATA[http://localhost/sass-wp/wp-content/uploads/2008/06/dsc20050813_115856_52.jpg]]></wp:attachment_url>
											<wp:postmeta>
		<wp:meta_key><![CDATA[_wp_attached_file]]></wp:meta_key>
		<wp:meta_value><![CDATA[2008/06/dsc20050813_115856_52.jpg]]></wp:meta_value>
		</wp:postmeta>
							<wp:postmeta>
		<wp:meta_key><![CDATA[_wp_attachment_metadata]]></wp:meta_key>
		<wp:meta_value><![CDATA[a:5:{s:5:"width";i:640;s:6:"height";i:480;s:4:"file";s:33:"2008/06/dsc20050813_115856_52.jpg";s:5:"sizes";a:0:{}s:10:"image_meta";a:12:{s:8:"aperture";s:3:"3.2";s:6:"credit";s:0:"";s:6:"camera";s:9:"CYBERSHOT";s:7:"caption";s:0:"";s:17:"created_timestamp";s:10:"1123934337";s:9:"copyright";s:0:"";s:12:"focal_length";s:3:"9.7";s:3:"iso";s:3:"100";s:13:"shutter_speed";s:5:"0.008";s:5:"title";s:0:"";s:11:"orientation";s:1:"0";s:8:"keywords";a:0:{}}}]]></wp:meta_value>
		</wp:postmeta>
							<wp:postmeta>
		<wp:meta_key><![CDATA[_wp_attachment_image_alt]]></wp:meta_key>
		<wp:meta_value><![CDATA[dsc20050813_115856_52]]></wp:meta_value>
		</wp:postmeta>
							<wp:postmeta>
		<wp:meta_key><![CDATA[_attachment_original_parent_id]]></wp:meta_key>
		<wp:meta_value><![CDATA[555]]></wp:meta_value>
		</wp:postmeta>
							</item>
					<item>
		<title><![CDATA[Boardwalk]]></title>
		<link>http://localhost/sass-wp/post-format-gallery/dcp_2082/</link>
		<pubDate>Mon, 16 Jun 2008 21:41:27 +0000</pubDate>
		<dc:creator><![CDATA[webmaster]]></dc:creator>
		<guid isPermaLink="false">http://localhost/sass-wp/wp-content/uploads/2008/06/dcp_2082.jpg</guid>
		<description></description>
		<content:encoded><![CDATA[Public domain via https://www.burningwell.org/gallery2/v/Landscapes/ocean/DCP_2082.jpg.html]]></content:encoded>
		<excerpt:encoded><![CDATA[Boardwalk at Westport, WA]]></excerpt:encoded>
		<wp:post_id>19394</wp:post_id>
		<wp:post_date><![CDATA[2008-06-16 14:41:27]]></wp:post_date>
		<wp:post_date_gmt><![CDATA[2008-06-16 21:41:27]]></wp:post_date_gmt>
		<wp:post_modified><![CDATA[2008-06-16 14:41:27]]></wp:post_modified>
		<wp:post_modified_gmt><![CDATA[2008-06-16 21:41:27]]></wp:post_modified_gmt>
		<wp:comment_status><![CDATA[open]]></wp:comment_status>
		<wp:ping_status><![CDATA[closed]]></wp:ping_status>
		<wp:post_name><![CDATA[dcp_2082]]></wp:post_name>
		<wp:status><![CDATA[inherit]]></wp:status>
		<wp:post_parent>19457</wp:post_parent>
		<wp:menu_order>0</wp:menu_order>
		<wp:post_type><![CDATA[attachment]]></wp:post_type>
		<wp:post_password><![CDATA[]]></wp:post_password>
		<wp:is_sticky>0</wp:is_sticky>
						<wp:attachment_url><![CDATA[http://localhost/sass-wp/wp-content/uploads/2008/06/dcp_2082.jpg]]></wp:attachment_url>
											<wp:postmeta>
		<wp:meta_key><![CDATA[_wp_attached_file]]></wp:meta_key>
		<wp:meta_value><![CDATA[2008/06/dcp_2082.jpg]]></wp:meta_value>
		</wp:postmeta>
							<wp:postmeta>
		<wp:meta_key><![CDATA[_wp_attachment_metadata]]></wp:meta_key>
		<wp:meta_value><![CDATA[a:5:{s:5:"width";i:1600;s:6:"height";i:1066;s:4:"file";s:20:"2008/06/dcp_2082.jpg";s:5:"sizes";a:0:{}s:10:"image_meta";a:12:{s:8:"aperture";s:3:"5.6";s:6:"credit";s:0:"";s:6:"camera";s:32:"KODAK DX4900 ZOOM DIGITAL CAMERA";s:7:"caption";s:0:"";s:17:"created_timestamp";s:10:"1054666444";s:9:"copyright";s:0:"";s:12:"focal_length";s:3:"7.3";s:3:"iso";s:1:"0";s:13:"shutter_speed";s:5:"0.002";s:5:"title";s:0:"";s:11:"orientation";s:1:"1";s:8:"keywords";a:0:{}}}]]></wp:meta_value>
		</wp:postmeta>
							<wp:postmeta>
		<wp:meta_key><![CDATA[_wp_attachment_image_alt]]></wp:meta_key>
		<wp:meta_value><![CDATA[Boardwalk]]></wp:meta_value>
		</wp:postmeta>
							<wp:postmeta>
		<wp:meta_key><![CDATA[_attachment_original_parent_id]]></wp:meta_key>
		<wp:meta_value><![CDATA[555]]></wp:meta_value>
		</wp:postmeta>
							</item>
					<item>
		<title><![CDATA[Yachtsody in Blue]]></title>
		<link>http://localhost/sass-wp/post-format-gallery/dsc03149/</link>
		<pubDate>Mon, 16 Jun 2008 21:41:33 +0000</pubDate>
		<dc:creator><![CDATA[webmaster]]></dc:creator>
		<guid isPermaLink="false">http://localhost/sass-wp/wp-content/uploads/2008/06/dsc03149.jpg</guid>
		<description></description>
		<content:encoded><![CDATA[Public domain via https://www.burningwell.org/gallery2/v/Landscapes/ocean/dsc03149.jpg.html]]></content:encoded>
		<excerpt:encoded><![CDATA[Boats and reflections, Royal Perth Yacht Club]]></excerpt:encoded>
		<wp:post_id>19395</wp:post_id>
		<wp:post_date><![CDATA[2008-06-16 14:41:33]]></wp:post_date>
		<wp:post_date_gmt><![CDATA[2008-06-16 21:41:33]]></wp:post_date_gmt>
		<wp:post_modified><![CDATA[2008-06-16 14:41:33]]></wp:post_modified>
		<wp:post_modified_gmt><![CDATA[2008-06-16 21:41:33]]></wp:post_modified_gmt>
		<wp:comment_status><![CDATA[open]]></wp:comment_status>
		<wp:ping_status><![CDATA[closed]]></wp:ping_status>
		<wp:post_name><![CDATA[dsc03149]]></wp:post_name>
		<wp:status><![CDATA[inherit]]></wp:status>
		<wp:post_parent>19457</wp:post_parent>
		<wp:menu_order>0</wp:menu_order>
		<wp:post_type><![CDATA[attachment]]></wp:post_type>
		<wp:post_password><![CDATA[]]></wp:post_password>
		<wp:is_sticky>0</wp:is_sticky>
						<wp:attachment_url><![CDATA[http://localhost/sass-wp/wp-content/uploads/2008/06/dsc03149.jpg]]></wp:attachment_url>
											<wp:postmeta>
		<wp:meta_key><![CDATA[_wp_attached_file]]></wp:meta_key>
		<wp:meta_value><![CDATA[2008/06/dsc03149.jpg]]></wp:meta_value>
		</wp:postmeta>
							<wp:postmeta>
		<wp:meta_key><![CDATA[_wp_attachment_metadata]]></wp:meta_key>
		<wp:meta_value><![CDATA[a:5:{s:5:"width";i:1280;s:6:"height";i:960;s:4:"file";s:20:"2008/06/dsc03149.jpg";s:5:"sizes";a:0:{}s:10:"image_meta";a:12:{s:8:"aperture";s:1:"4";s:6:"credit";s:0:"";s:6:"camera";s:9:"CYBERSHOT";s:7:"caption";s:0:"";s:17:"created_timestamp";s:10:"1034618291";s:9:"copyright";s:0:"";s:12:"focal_length";s:3:"9.7";s:3:"iso";s:3:"100";s:13:"shutter_speed";s:5:"0.004";s:5:"title";s:0:"";s:11:"orientation";s:1:"1";s:8:"keywords";a:0:{}}}]]></wp:meta_value>
		</wp:postmeta>
							<wp:postmeta>
		<wp:meta_key><![CDATA[_wp_attachment_image_alt]]></wp:meta_key>
		<wp:meta_value><![CDATA[Yachtsody in Blue]]></wp:meta_value>
		</wp:postmeta>
							<wp:postmeta>
		<wp:meta_key><![CDATA[_attachment_original_parent_id]]></wp:meta_key>
		<wp:meta_value><![CDATA[555]]></wp:meta_value>
		</wp:postmeta>
							</item>
					<item>
		<title><![CDATA[Big Sur]]></title>
		<link>http://localhost/sass-wp/post-format-gallery/michelle_049/</link>
		<pubDate>Mon, 16 Jun 2008 21:47:23 +0000</pubDate>
		<dc:creator><![CDATA[webmaster]]></dc:creator>
		<guid isPermaLink="false">http://localhost/sass-wp/wp-content/uploads/2008/06/michelle_049.jpg</guid>
		<description></description>
		<content:encoded><![CDATA[Public domain via https://www.burningwell.org/gallery2/v/Landscapes/ocean/michelle_049.jpg.html]]></content:encoded>
		<excerpt:encoded><![CDATA[Beach at Big Sur, CA]]></excerpt:encoded>
		<wp:post_id>19396</wp:post_id>
		<wp:post_date><![CDATA[2008-06-16 14:47:23]]></wp:post_date>
		<wp:post_date_gmt><![CDATA[2008-06-16 21:47:23]]></wp:post_date_gmt>
		<wp:post_modified><![CDATA[2008-06-16 14:47:23]]></wp:post_modified>
		<wp:post_modified_gmt><![CDATA[2008-06-16 21:47:23]]></wp:post_modified_gmt>
		<wp:comment_status><![CDATA[open]]></wp:comment_status>
		<wp:ping_status><![CDATA[closed]]></wp:ping_status>
		<wp:post_name><![CDATA[michelle_049]]></wp:post_name>
		<wp:status><![CDATA[inherit]]></wp:status>
		<wp:post_parent>19457</wp:post_parent>
		<wp:menu_order>0</wp:menu_order>
		<wp:post_type><![CDATA[attachment]]></wp:post_type>
		<wp:post_password><![CDATA[]]></wp:post_password>
		<wp:is_sticky>0</wp:is_sticky>
						<wp:attachment_url><![CDATA[http://localhost/sass-wp/wp-content/uploads/2008/06/michelle_049.jpg]]></wp:attachment_url>
											<wp:postmeta>
		<wp:meta_key><![CDATA[_wp_attached_file]]></wp:meta_key>
		<wp:meta_value><![CDATA[2008/06/michelle_049.jpg]]></wp:meta_value>
		</wp:postmeta>
							<wp:postmeta>
		<wp:meta_key><![CDATA[_wp_attachment_metadata]]></wp:meta_key>
		<wp:meta_value><![CDATA[a:5:{s:5:"width";i:1600;s:6:"height";i:1200;s:4:"file";s:24:"2008/06/michelle_049.jpg";s:5:"sizes";a:0:{}s:10:"image_meta";a:12:{s:8:"aperture";s:3:"7.1";s:6:"credit";s:0:"";s:6:"camera";s:18:"Canon PowerShot G3";s:7:"caption";s:0:"";s:17:"created_timestamp";s:10:"1096133874";s:9:"copyright";s:0:"";s:12:"focal_length";s:7:"15.8125";s:3:"iso";s:1:"0";s:13:"shutter_speed";s:7:"0.00625";s:5:"title";s:0:"";s:11:"orientation";s:1:"1";s:8:"keywords";a:0:{}}}]]></wp:meta_value>
		</wp:postmeta>
							<wp:postmeta>
		<wp:meta_key><![CDATA[_wp_attachment_image_alt]]></wp:meta_key>
		<wp:meta_value><![CDATA[Big Sur]]></wp:meta_value>
		</wp:postmeta>
							<wp:postmeta>
		<wp:meta_key><![CDATA[_attachment_original_parent_id]]></wp:meta_key>
		<wp:meta_value><![CDATA[555]]></wp:meta_value>
		</wp:postmeta>
							</item>
					<item>
		<title><![CDATA[Windmill]]></title>
		<link>http://localhost/sass-wp/post-format-gallery/dcf-1-0/</link>
		<pubDate>Mon, 16 Jun 2008 21:47:26 +0000</pubDate>
		<dc:creator><![CDATA[webmaster]]></dc:creator>
		<guid isPermaLink="false">http://localhost/sass-wp/wp-content/uploads/2008/06/windmill.jpg</guid>
		<description></description>
		<content:encoded><![CDATA[Public domain via https://www.burningwell.org/gallery2/v/Objects/Windmill.jpg.html]]></content:encoded>
		<excerpt:encoded><![CDATA[Windmill shrouded in fog at a farm outside of Walker, Iowa]]></excerpt:encoded>
		<wp:post_id>19397</wp:post_id>
		<wp:post_date><![CDATA[2008-06-16 14:47:26]]></wp:post_date>
		<wp:post_date_gmt><![CDATA[2008-06-16 21:47:26]]></wp:post_date_gmt>
		<wp:post_modified><![CDATA[2008-06-16 14:47:26]]></wp:post_modified>
		<wp:post_modified_gmt><![CDATA[2008-06-16 21:47:26]]></wp:post_modified_gmt>
		<wp:comment_status><![CDATA[open]]></wp:comment_status>
		<wp:ping_status><![CDATA[closed]]></wp:ping_status>
		<wp:post_name><![CDATA[dcf-1-0]]></wp:post_name>
		<wp:status><![CDATA[inherit]]></wp:status>
		<wp:post_parent>19457</wp:post_parent>
		<wp:menu_order>0</wp:menu_order>
		<wp:post_type><![CDATA[attachment]]></wp:post_type>
		<wp:post_password><![CDATA[]]></wp:post_password>
		<wp:is_sticky>0</wp:is_sticky>
						<wp:attachment_url><![CDATA[http://localhost/sass-wp/wp-content/uploads/2008/06/windmill.jpg]]></wp:attachment_url>
											<wp:postmeta>
		<wp:meta_key><![CDATA[_wp_attached_file]]></wp:meta_key>
		<wp:meta_value><![CDATA[2008/06/windmill.jpg]]></wp:meta_value>
		</wp:postmeta>
							<wp:postmeta>
		<wp:meta_key><![CDATA[_wp_attachment_metadata]]></wp:meta_key>
		<wp:meta_value><![CDATA[a:5:{s:5:"width";i:1600;s:6:"height";i:1200;s:4:"file";s:20:"2008/06/windmill.jpg";s:5:"sizes";a:0:{}s:10:"image_meta";a:12:{s:8:"aperture";s:3:"5.6";s:6:"credit";s:0:"";s:6:"camera";s:8:"DiMAGE 7";s:7:"caption";s:7:"DCF 1.0";s:17:"created_timestamp";s:10:"1125077631";s:9:"copyright";s:0:"";s:12:"focal_length";s:11:"50.69140625";s:3:"iso";s:3:"100";s:13:"shutter_speed";s:18:"0.0055555555555556";s:5:"title";s:7:"DCF 1.0";s:11:"orientation";s:1:"1";s:8:"keywords";a:0:{}}}]]></wp:meta_value>
		</wp:postmeta>
							<wp:postmeta>
		<wp:meta_key><![CDATA[_wp_attachment_image_alt]]></wp:meta_key>
		<wp:meta_value><![CDATA[Windmill]]></wp:meta_value>
		</wp:postmeta>
							<wp:postmeta>
		<wp:meta_key><![CDATA[_attachment_original_parent_id]]></wp:meta_key>
		<wp:meta_value><![CDATA[555]]></wp:meta_value>
		</wp:postmeta>
							</item>
					<item>
		<title><![CDATA[Huatulco Coastline]]></title>
		<link>http://localhost/sass-wp/post-format-gallery/alas-i-have-found-my-shangri-la/</link>
		<pubDate>Mon, 16 Jun 2008 21:49:48 +0000</pubDate>
		<dc:creator><![CDATA[webmaster]]></dc:creator>
		<guid isPermaLink="false">http://localhost/sass-wp/wp-content/uploads/2008/06/img_0513-1.jpg</guid>
		<description></description>
		<content:encoded><![CDATA[Public domain via https://www.burningwell.org/gallery2/v/Landscapes/ocean/IMG_0513-1.JPG.html]]></content:encoded>
		<excerpt:encoded><![CDATA[Sunrise over the coast in Huatulco, Oaxaca, Mexico]]></excerpt:encoded>
		<wp:post_id>19398</wp:post_id>
		<wp:post_date><![CDATA[2008-06-16 14:49:48]]></wp:post_date>
		<wp:post_date_gmt><![CDATA[2008-06-16 21:49:48]]></wp:post_date_gmt>
		<wp:post_modified><![CDATA[2008-06-16 14:49:48]]></wp:post_modified>
		<wp:post_modified_gmt><![CDATA[2008-06-16 21:49:48]]></wp:post_modified_gmt>
		<wp:comment_status><![CDATA[open]]></wp:comment_status>
		<wp:ping_status><![CDATA[closed]]></wp:ping_status>
		<wp:post_name><![CDATA[alas-i-have-found-my-shangri-la]]></wp:post_name>
		<wp:status><![CDATA[inherit]]></wp:status>
		<wp:post_parent>19457</wp:post_parent>
		<wp:menu_order>0</wp:menu_order>
		<wp:post_type><![CDATA[attachment]]></wp:post_type>
		<wp:post_password><![CDATA[]]></wp:post_password>
		<wp:is_sticky>0</wp:is_sticky>
						<wp:attachment_url><![CDATA[http://localhost/sass-wp/wp-content/uploads/2008/06/img_0513-1.jpg]]></wp:attachment_url>
											<wp:postmeta>
		<wp:meta_key><![CDATA[_wp_attached_file]]></wp:meta_key>
		<wp:meta_value><![CDATA[2008/06/img_0513-1.jpg]]></wp:meta_value>
		</wp:postmeta>
							<wp:postmeta>
		<wp:meta_key><![CDATA[_wp_attachment_metadata]]></wp:meta_key>
		<wp:meta_value><![CDATA[a:5:{s:5:"width";i:800;s:6:"height";i:533;s:4:"file";s:22:"2008/06/img_0513-1.jpg";s:5:"sizes";a:0:{}s:10:"image_meta";a:12:{s:8:"aperture";s:3:"5.6";s:6:"credit";s:10:"Picasa 2.0";s:6:"camera";s:12:"Canon EOS 5D";s:7:"caption";s:32:"Alas! I have found my Shangri-La";s:17:"created_timestamp";s:10:"1158217614";s:9:"copyright";s:0:"";s:12:"focal_length";s:3:"105";s:3:"iso";s:3:"400";s:13:"shutter_speed";s:5:"0.005";s:5:"title";s:32:"Alas! I have found my Shangri-La";s:11:"orientation";s:1:"0";s:8:"keywords";a:0:{}}}]]></wp:meta_value>
		</wp:postmeta>
							<wp:postmeta>
		<wp:meta_key><![CDATA[_wp_attachment_image_alt]]></wp:meta_key>
		<wp:meta_value><![CDATA[Huatulco Coastline]]></wp:meta_value>
		</wp:postmeta>
							<wp:postmeta>
		<wp:meta_key><![CDATA[_attachment_original_parent_id]]></wp:meta_key>
		<wp:meta_value><![CDATA[555]]></wp:meta_value>
		</wp:postmeta>
							</item>
					<item>
		<title><![CDATA[Brazil Beach]]></title>
		<link>http://localhost/sass-wp/post-format-gallery/img_0747/</link>
		<pubDate>Mon, 16 Jun 2008 21:50:37 +0000</pubDate>
		<dc:creator><![CDATA[webmaster]]></dc:creator>
		<guid isPermaLink="false">http://localhost/sass-wp/wp-content/uploads/2008/06/img_0747.jpg</guid>
		<description></description>
		<content:encoded><![CDATA[Public domain via https://www.burningwell.org/gallery2/main.php?g2_view=dynamicalbum.UpdatesAlbum&amp;g2_itemId=25770]]></content:encoded>
		<excerpt:encoded><![CDATA[Jericoacoara Ceara Brasil]]></excerpt:encoded>
		<wp:post_id>19399</wp:post_id>
		<wp:post_date><![CDATA[2008-06-16 14:50:37]]></wp:post_date>
		<wp:post_date_gmt><![CDATA[2008-06-16 21:50:37]]></wp:post_date_gmt>
		<wp:post_modified><![CDATA[2008-06-16 14:50:37]]></wp:post_modified>
		<wp:post_modified_gmt><![CDATA[2008-06-16 21:50:37]]></wp:post_modified_gmt>
		<wp:comment_status><![CDATA[open]]></wp:comment_status>
		<wp:ping_status><![CDATA[closed]]></wp:ping_status>
		<wp:post_name><![CDATA[img_0747]]></wp:post_name>
		<wp:status><![CDATA[inherit]]></wp:status>
		<wp:post_parent>19457</wp:post_parent>
		<wp:menu_order>0</wp:menu_order>
		<wp:post_type><![CDATA[attachment]]></wp:post_type>
		<wp:post_password><![CDATA[]]></wp:post_password>
		<wp:is_sticky>0</wp:is_sticky>
						<wp:attachment_url><![CDATA[http://localhost/sass-wp/wp-content/uploads/2008/06/img_0747.jpg]]></wp:attachment_url>
											<wp:postmeta>
		<wp:meta_key><![CDATA[_wp_attached_file]]></wp:meta_key>
		<wp:meta_value><![CDATA[2008/06/img_0747.jpg]]></wp:meta_value>
		</wp:postmeta>
							<wp:postmeta>
		<wp:meta_key><![CDATA[_wp_attachment_metadata]]></wp:meta_key>
		<wp:meta_value><![CDATA[a:5:{s:5:"width";i:1600;s:6:"height";i:1066;s:4:"file";s:20:"2008/06/img_0747.jpg";s:5:"sizes";a:0:{}s:10:"image_meta";a:12:{s:8:"aperture";s:2:"11";s:6:"credit";s:0:"";s:6:"camera";s:19:"Canon EOS REBEL T2i";s:7:"caption";s:0:"";s:17:"created_timestamp";s:10:"1271654325";s:9:"copyright";s:0:"";s:12:"focal_length";s:2:"18";s:3:"iso";s:3:"800";s:13:"shutter_speed";s:7:"0.00125";s:5:"title";s:0:"";s:11:"orientation";s:1:"1";s:8:"keywords";a:0:{}}}]]></wp:meta_value>
		</wp:postmeta>
							<wp:postmeta>
		<wp:meta_key><![CDATA[_wp_attachment_image_alt]]></wp:meta_key>
		<wp:meta_value><![CDATA[Brazil Beach]]></wp:meta_value>
		</wp:postmeta>
							<wp:postmeta>
		<wp:meta_key><![CDATA[_attachment_original_parent_id]]></wp:meta_key>
		<wp:meta_value><![CDATA[555]]></wp:meta_value>
		</wp:postmeta>
							</item>
					<item>
		<title><![CDATA[valparaiso_chia]]></title>
		<link>http://localhost/sass-wp/valparaiso_chia/</link>
		<pubDate>Thu, 22 Jul 2021 15:04:25 +0000</pubDate>
		<dc:creator><![CDATA[webmaster]]></dc:creator>
		<guid isPermaLink="false">http://localhost/sass-wp/wp-content/uploads/2021/07/valparaiso_chia.jpg</guid>
		<description></description>
		<content:encoded><![CDATA[imagen@valparaiso.com.mx
tel:7224378388]]></content:encoded>
		<excerpt:encoded><![CDATA[220721 VALPARAISO FLOR]]></excerpt:encoded>
		<wp:post_id>11</wp:post_id>
		<wp:post_date><![CDATA[2021-07-22 15:04:25]]></wp:post_date>
		<wp:post_date_gmt><![CDATA[2021-07-22 15:04:25]]></wp:post_date_gmt>
		<wp:post_modified><![CDATA[2021-07-22 15:08:54]]></wp:post_modified>
		<wp:post_modified_gmt><![CDATA[2021-07-22 15:08:54]]></wp:post_modified_gmt>
		<wp:comment_status><![CDATA[open]]></wp:comment_status>
		<wp:ping_status><![CDATA[closed]]></wp:ping_status>
		<wp:post_name><![CDATA[valparaiso_chia]]></wp:post_name>
		<wp:status><![CDATA[inherit]]></wp:status>
		<wp:post_parent>0</wp:post_parent>
		<wp:menu_order>0</wp:menu_order>
		<wp:post_type><![CDATA[attachment]]></wp:post_type>
		<wp:post_password><![CDATA[]]></wp:post_password>
		<wp:is_sticky>0</wp:is_sticky>
						<wp:attachment_url><![CDATA[http://localhost/sass-wp/wp-content/uploads/2021/07/valparaiso_chia.jpg]]></wp:attachment_url>
											<wp:postmeta>
		<wp:meta_key><![CDATA[_wp_attached_file]]></wp:meta_key>
		<wp:meta_value><![CDATA[2021/07/valparaiso_chia.jpg]]></wp:meta_value>
		</wp:postmeta>
							<wp:postmeta>
		<wp:meta_key><![CDATA[_wp_attachment_metadata]]></wp:meta_key>
		<wp:meta_value><![CDATA[a:5:{s:5:"width";i:250;s:6:"height";i:500;s:4:"file";s:27:"2021/07/valparaiso_chia.jpg";s:5:"sizes";a:0:{}s:10:"image_meta";a:12:{s:8:"aperture";s:1:"0";s:6:"credit";s:0:"";s:6:"camera";s:0:"";s:7:"caption";s:0:"";s:17:"created_timestamp";s:1:"0";s:9:"copyright";s:0:"";s:12:"focal_length";s:1:"0";s:3:"iso";s:1:"0";s:13:"shutter_speed";s:1:"0";s:5:"title";s:0:"";s:11:"orientation";s:1:"0";s:8:"keywords";a:0:{}}}]]></wp:meta_value>
		</wp:postmeta>
							<wp:postmeta>
		<wp:meta_key><![CDATA[_wp_attachment_image_alt]]></wp:meta_key>
		<wp:meta_value><![CDATA[IMAGEN PARA HOME SECCION Servicios Funerales]]></wp:meta_value>
		</wp:postmeta>
							</item>
					<item>
		<title><![CDATA[purple-chia-flowers-on-stalk-260nw-559338634]]></title>
		<link>http://localhost/sass-wp/purple-chia-flowers-on-stalk-260nw-559338634/</link>
		<pubDate>Thu, 22 Jul 2021 15:08:09 +0000</pubDate>
		<dc:creator><![CDATA[webmaster]]></dc:creator>
		<guid isPermaLink="false">http://localhost/sass-wp/wp-content/uploads/2021/07/purple-chia-flowers-on-stalk-260nw-559338634.jpg</guid>
		<description></description>
		<content:encoded><![CDATA[imagen@valparaiso.com.mx
tel:7224378388]]></content:encoded>
		<excerpt:encoded><![CDATA[220721 VALPARAISO FLOR 2]]></excerpt:encoded>
		<wp:post_id>12</wp:post_id>
		<wp:post_date><![CDATA[2021-07-22 15:08:09]]></wp:post_date>
		<wp:post_date_gmt><![CDATA[2021-07-22 15:08:09]]></wp:post_date_gmt>
		<wp:post_modified><![CDATA[2021-07-22 15:08:52]]></wp:post_modified>
		<wp:post_modified_gmt><![CDATA[2021-07-22 15:08:52]]></wp:post_modified_gmt>
		<wp:comment_status><![CDATA[open]]></wp:comment_status>
		<wp:ping_status><![CDATA[closed]]></wp:ping_status>
		<wp:post_name><![CDATA[purple-chia-flowers-on-stalk-260nw-559338634]]></wp:post_name>
		<wp:status><![CDATA[inherit]]></wp:status>
		<wp:post_parent>0</wp:post_parent>
		<wp:menu_order>0</wp:menu_order>
		<wp:post_type><![CDATA[attachment]]></wp:post_type>
		<wp:post_password><![CDATA[]]></wp:post_password>
		<wp:is_sticky>0</wp:is_sticky>
						<wp:attachment_url><![CDATA[http://localhost/sass-wp/wp-content/uploads/2021/07/purple-chia-flowers-on-stalk-260nw-559338634.jpg]]></wp:attachment_url>
											<wp:postmeta>
		<wp:meta_key><![CDATA[_wp_attached_file]]></wp:meta_key>
		<wp:meta_value><![CDATA[2021/07/purple-chia-flowers-on-stalk-260nw-559338634.jpg]]></wp:meta_value>
		</wp:postmeta>
							<wp:postmeta>
		<wp:meta_key><![CDATA[_wp_attachment_metadata]]></wp:meta_key>
		<wp:meta_value><![CDATA[a:5:{s:5:"width";i:274;s:6:"height";i:260;s:4:"file";s:56:"2021/07/purple-chia-flowers-on-stalk-260nw-559338634.jpg";s:5:"sizes";a:0:{}s:10:"image_meta";a:12:{s:8:"aperture";s:1:"0";s:6:"credit";s:0:"";s:6:"camera";s:0:"";s:7:"caption";s:0:"";s:17:"created_timestamp";s:1:"0";s:9:"copyright";s:0:"";s:12:"focal_length";s:1:"0";s:3:"iso";s:1:"0";s:13:"shutter_speed";s:1:"0";s:5:"title";s:0:"";s:11:"orientation";s:1:"1";s:8:"keywords";a:0:{}}}]]></wp:meta_value>
		</wp:postmeta>
							<wp:postmeta>
		<wp:meta_key><![CDATA[_wp_attachment_image_alt]]></wp:meta_key>
		<wp:meta_value><![CDATA[IMAGEN PARA HOME SECCION Servicios Funerales 2]]></wp:meta_value>
		</wp:postmeta>
							</item>
					<item>
		<title><![CDATA[Image Alignment 580x300]]></title>
		<link>http://localhost/sass-wp/markup-image-alignment/image-alignment-580x300/</link>
		<pubDate>Fri, 15 Mar 2013 00:44:50 +0000</pubDate>
		<dc:creator><![CDATA[webmaster]]></dc:creator>
		<guid isPermaLink="false">http://localhost/sass-wp/wp-content/uploads/2013/03/image-alignment-580x300-1.jpg</guid>
		<description></description>
		<content:encoded><![CDATA[]]></content:encoded>
		<excerpt:encoded><![CDATA[]]></excerpt:encoded>
		<wp:post_id>967</wp:post_id>
		<wp:post_date><![CDATA[2013-03-14 19:44:50]]></wp:post_date>
		<wp:post_date_gmt><![CDATA[2013-03-15 00:44:50]]></wp:post_date_gmt>
		<wp:post_modified><![CDATA[2013-03-14 19:44:50]]></wp:post_modified>
		<wp:post_modified_gmt><![CDATA[2013-03-15 00:44:50]]></wp:post_modified_gmt>
		<wp:comment_status><![CDATA[open]]></wp:comment_status>
		<wp:ping_status><![CDATA[open]]></wp:ping_status>
		<wp:post_name><![CDATA[image-alignment-580x300]]></wp:post_name>
		<wp:status><![CDATA[inherit]]></wp:status>
		<wp:post_parent>1177</wp:post_parent>
		<wp:menu_order>0</wp:menu_order>
		<wp:post_type><![CDATA[attachment]]></wp:post_type>
		<wp:post_password><![CDATA[]]></wp:post_password>
		<wp:is_sticky>0</wp:is_sticky>
						<wp:attachment_url><![CDATA[http://localhost/sass-wp/wp-content/uploads/2013/03/image-alignment-580x300-1.jpg]]></wp:attachment_url>
											<wp:postmeta>
		<wp:meta_key><![CDATA[_wp_attached_file]]></wp:meta_key>
		<wp:meta_value><![CDATA[2013/03/image-alignment-580x300-1.jpg]]></wp:meta_value>
		</wp:postmeta>
							<wp:postmeta>
		<wp:meta_key><![CDATA[_wp_attachment_metadata]]></wp:meta_key>
		<wp:meta_value><![CDATA[a:5:{s:5:"width";i:580;s:6:"height";i:300;s:4:"file";s:37:"2013/03/image-alignment-580x300-1.jpg";s:5:"sizes";a:0:{}s:10:"image_meta";a:12:{s:8:"aperture";s:1:"0";s:6:"credit";s:0:"";s:6:"camera";s:0:"";s:7:"caption";s:0:"";s:17:"created_timestamp";s:1:"0";s:9:"copyright";s:0:"";s:12:"focal_length";s:1:"0";s:3:"iso";s:1:"0";s:13:"shutter_speed";s:1:"0";s:5:"title";s:0:"";s:11:"orientation";s:1:"0";s:8:"keywords";a:0:{}}}]]></wp:meta_value>
		</wp:postmeta>
							<wp:postmeta>
		<wp:meta_key><![CDATA[_wp_attachment_image_alt]]></wp:meta_key>
		<wp:meta_value><![CDATA[Image Alignment 580x300]]></wp:meta_value>
		</wp:postmeta>
							<wp:postmeta>
		<wp:meta_key><![CDATA[_attachment_original_parent_id]]></wp:meta_key>
		<wp:meta_value><![CDATA[903]]></wp:meta_value>
		</wp:postmeta>
							</item>
					<item>
		<title><![CDATA[Image Alignment 150x150]]></title>
		<link>http://localhost/sass-wp/markup-image-alignment/image-alignment-150x150/</link>
		<pubDate>Fri, 15 Mar 2013 00:44:49 +0000</pubDate>
		<dc:creator><![CDATA[webmaster]]></dc:creator>
		<guid isPermaLink="false">http://localhost/sass-wp/wp-content/uploads/2013/03/image-alignment-150x150-1.jpg</guid>
		<description></description>
		<content:encoded><![CDATA[]]></content:encoded>
		<excerpt:encoded><![CDATA[]]></excerpt:encoded>
		<wp:post_id>968</wp:post_id>
		<wp:post_date><![CDATA[2013-03-14 19:44:49]]></wp:post_date>
		<wp:post_date_gmt><![CDATA[2013-03-15 00:44:49]]></wp:post_date_gmt>
		<wp:post_modified><![CDATA[2013-03-14 19:44:49]]></wp:post_modified>
		<wp:post_modified_gmt><![CDATA[2013-03-15 00:44:49]]></wp:post_modified_gmt>
		<wp:comment_status><![CDATA[open]]></wp:comment_status>
		<wp:ping_status><![CDATA[open]]></wp:ping_status>
		<wp:post_name><![CDATA[image-alignment-150x150]]></wp:post_name>
		<wp:status><![CDATA[inherit]]></wp:status>
		<wp:post_parent>1177</wp:post_parent>
		<wp:menu_order>0</wp:menu_order>
		<wp:post_type><![CDATA[attachment]]></wp:post_type>
		<wp:post_password><![CDATA[]]></wp:post_password>
		<wp:is_sticky>0</wp:is_sticky>
						<wp:attachment_url><![CDATA[http://localhost/sass-wp/wp-content/uploads/2013/03/image-alignment-150x150-1.jpg]]></wp:attachment_url>
											<wp:postmeta>
		<wp:meta_key><![CDATA[_wp_attached_file]]></wp:meta_key>
		<wp:meta_value><![CDATA[2013/03/image-alignment-150x150-1.jpg]]></wp:meta_value>
		</wp:postmeta>
							<wp:postmeta>
		<wp:meta_key><![CDATA[_wp_attachment_metadata]]></wp:meta_key>
		<wp:meta_value><![CDATA[a:5:{s:5:"width";i:150;s:6:"height";i:150;s:4:"file";s:37:"2013/03/image-alignment-150x150-1.jpg";s:5:"sizes";a:0:{}s:10:"image_meta";a:12:{s:8:"aperture";s:1:"0";s:6:"credit";s:0:"";s:6:"camera";s:0:"";s:7:"caption";s:0:"";s:17:"created_timestamp";s:1:"0";s:9:"copyright";s:0:"";s:12:"focal_length";s:1:"0";s:3:"iso";s:1:"0";s:13:"shutter_speed";s:1:"0";s:5:"title";s:0:"";s:11:"orientation";s:1:"0";s:8:"keywords";a:0:{}}}]]></wp:meta_value>
		</wp:postmeta>
							<wp:postmeta>
		<wp:meta_key><![CDATA[_wp_attachment_image_alt]]></wp:meta_key>
		<wp:meta_value><![CDATA[Image Alignment 150x150]]></wp:meta_value>
		</wp:postmeta>
							<wp:postmeta>
		<wp:meta_key><![CDATA[_attachment_original_parent_id]]></wp:meta_key>
		<wp:meta_value><![CDATA[903]]></wp:meta_value>
		</wp:postmeta>
							</item>
					<item>
		<title><![CDATA[Horizontal Featured Image]]></title>
		<link>http://localhost/sass-wp/template-featured-image-horizontal/featured-image-horizontal-2/</link>
		<pubDate>Fri, 15 Mar 2013 20:40:38 +0000</pubDate>
		<dc:creator><![CDATA[webmaster]]></dc:creator>
		<guid isPermaLink="false">http://localhost/sass-wp/wp-content/uploads/2013/03/featured-image-horizontal.jpg</guid>
		<description></description>
		<content:encoded><![CDATA[]]></content:encoded>
		<excerpt:encoded><![CDATA[]]></excerpt:encoded>
		<wp:post_id>1022</wp:post_id>
		<wp:post_date><![CDATA[2013-03-15 15:40:38]]></wp:post_date>
		<wp:post_date_gmt><![CDATA[2013-03-15 20:40:38]]></wp:post_date_gmt>
		<wp:post_modified><![CDATA[2013-03-15 15:40:38]]></wp:post_modified>
		<wp:post_modified_gmt><![CDATA[2013-03-15 20:40:38]]></wp:post_modified_gmt>
		<wp:comment_status><![CDATA[open]]></wp:comment_status>
		<wp:ping_status><![CDATA[open]]></wp:ping_status>
		<wp:post_name><![CDATA[featured-image-horizontal-2]]></wp:post_name>
		<wp:status><![CDATA[inherit]]></wp:status>
		<wp:post_parent>1011</wp:post_parent>
		<wp:menu_order>0</wp:menu_order>
		<wp:post_type><![CDATA[attachment]]></wp:post_type>
		<wp:post_password><![CDATA[]]></wp:post_password>
		<wp:is_sticky>0</wp:is_sticky>
						<wp:attachment_url><![CDATA[http://localhost/sass-wp/wp-content/uploads/2013/03/featured-image-horizontal.jpg]]></wp:attachment_url>
											<wp:postmeta>
		<wp:meta_key><![CDATA[_wp_attached_file]]></wp:meta_key>
		<wp:meta_value><![CDATA[2013/03/featured-image-horizontal.jpg]]></wp:meta_value>
		</wp:postmeta>
							<wp:postmeta>
		<wp:meta_key><![CDATA[_wp_attachment_metadata]]></wp:meta_key>
		<wp:meta_value><![CDATA[a:5:{s:5:"width";i:580;s:6:"height";i:300;s:4:"file";s:37:"2013/03/featured-image-horizontal.jpg";s:5:"sizes";a:0:{}s:10:"image_meta";a:12:{s:8:"aperture";s:1:"0";s:6:"credit";s:0:"";s:6:"camera";s:0:"";s:7:"caption";s:0:"";s:17:"created_timestamp";s:1:"0";s:9:"copyright";s:0:"";s:12:"focal_length";s:1:"0";s:3:"iso";s:1:"0";s:13:"shutter_speed";s:1:"0";s:5:"title";s:0:"";s:11:"orientation";s:1:"0";s:8:"keywords";a:0:{}}}]]></wp:meta_value>
		</wp:postmeta>
							<wp:postmeta>
		<wp:meta_key><![CDATA[_wp_attachment_image_alt]]></wp:meta_key>
		<wp:meta_value><![CDATA[Horizontal Featured Image]]></wp:meta_value>
		</wp:postmeta>
							<wp:postmeta>
		<wp:meta_key><![CDATA[_attachment_original_parent_id]]></wp:meta_key>
		<wp:meta_value><![CDATA[1011]]></wp:meta_value>
		</wp:postmeta>
							</item>
					<item>
		<title><![CDATA[I Am Worth Loving Wallpaper]]></title>
		<link>http://localhost/sass-wp/markup-image-alignment/soworthloving-wallpaper/</link>
		<pubDate>Thu, 14 Mar 2013 14:58:24 +0000</pubDate>
		<dc:creator><![CDATA[webmaster]]></dc:creator>
		<guid isPermaLink="false">http://localhost/sass-wp/wp-content/uploads/2013/03/soworthloving-wallpaper.jpg</guid>
		<description></description>
		<content:encoded><![CDATA[]]></content:encoded>
		<excerpt:encoded><![CDATA[]]></excerpt:encoded>
		<wp:post_id>1023</wp:post_id>
		<wp:post_date><![CDATA[2013-03-14 09:58:24]]></wp:post_date>
		<wp:post_date_gmt><![CDATA[2013-03-14 14:58:24]]></wp:post_date_gmt>
		<wp:post_modified><![CDATA[2013-03-14 09:58:24]]></wp:post_modified>
		<wp:post_modified_gmt><![CDATA[2013-03-14 14:58:24]]></wp:post_modified_gmt>
		<wp:comment_status><![CDATA[open]]></wp:comment_status>
		<wp:ping_status><![CDATA[open]]></wp:ping_status>
		<wp:post_name><![CDATA[soworthloving-wallpaper]]></wp:post_name>
		<wp:status><![CDATA[inherit]]></wp:status>
		<wp:post_parent>1177</wp:post_parent>
		<wp:menu_order>0</wp:menu_order>
		<wp:post_type><![CDATA[attachment]]></wp:post_type>
		<wp:post_password><![CDATA[]]></wp:post_password>
		<wp:is_sticky>0</wp:is_sticky>
						<wp:attachment_url><![CDATA[http://localhost/sass-wp/wp-content/uploads/2013/03/soworthloving-wallpaper.jpg]]></wp:attachment_url>
											<wp:postmeta>
		<wp:meta_key><![CDATA[_wp_attached_file]]></wp:meta_key>
		<wp:meta_value><![CDATA[2013/03/soworthloving-wallpaper.jpg]]></wp:meta_value>
		</wp:postmeta>
							<wp:postmeta>
		<wp:meta_key><![CDATA[_wp_attachment_metadata]]></wp:meta_key>
		<wp:meta_value><![CDATA[a:5:{s:5:"width";i:1920;s:6:"height";i:1200;s:4:"file";s:35:"2013/03/soworthloving-wallpaper.jpg";s:5:"sizes";a:0:{}s:10:"image_meta";a:12:{s:8:"aperture";s:1:"0";s:6:"credit";s:0:"";s:6:"camera";s:0:"";s:7:"caption";s:0:"";s:17:"created_timestamp";s:1:"0";s:9:"copyright";s:0:"";s:12:"focal_length";s:1:"0";s:3:"iso";s:1:"0";s:13:"shutter_speed";s:1:"0";s:5:"title";s:0:"";s:11:"orientation";s:1:"0";s:8:"keywords";a:0:{}}}]]></wp:meta_value>
		</wp:postmeta>
							<wp:postmeta>
		<wp:meta_key><![CDATA[_wp_attachment_image_alt]]></wp:meta_key>
		<wp:meta_value><![CDATA[I Am Worth Loving Wallpaper]]></wp:meta_value>
		</wp:postmeta>
							</item>
					<item>
		<title><![CDATA[Image Alignment 300x200]]></title>
		<link>http://localhost/sass-wp/markup-image-alignment/image-alignment-300x200/</link>
		<pubDate>Fri, 15 Mar 2013 00:44:49 +0000</pubDate>
		<dc:creator><![CDATA[webmaster]]></dc:creator>
		<guid isPermaLink="false">http://localhost/sass-wp/wp-content/uploads/2013/03/image-alignment-300x200-1.jpg</guid>
		<description></description>
		<content:encoded><![CDATA[]]></content:encoded>
		<excerpt:encoded><![CDATA[]]></excerpt:encoded>
		<wp:post_id>1025</wp:post_id>
		<wp:post_date><![CDATA[2013-03-14 19:44:49]]></wp:post_date>
		<wp:post_date_gmt><![CDATA[2013-03-15 00:44:49]]></wp:post_date_gmt>
		<wp:post_modified><![CDATA[2013-03-14 19:44:49]]></wp:post_modified>
		<wp:post_modified_gmt><![CDATA[2013-03-15 00:44:49]]></wp:post_modified_gmt>
		<wp:comment_status><![CDATA[open]]></wp:comment_status>
		<wp:ping_status><![CDATA[open]]></wp:ping_status>
		<wp:post_name><![CDATA[image-alignment-300x200]]></wp:post_name>
		<wp:status><![CDATA[inherit]]></wp:status>
		<wp:post_parent>1177</wp:post_parent>
		<wp:menu_order>0</wp:menu_order>
		<wp:post_type><![CDATA[attachment]]></wp:post_type>
		<wp:post_password><![CDATA[]]></wp:post_password>
		<wp:is_sticky>0</wp:is_sticky>
						<wp:attachment_url><![CDATA[http://localhost/sass-wp/wp-content/uploads/2013/03/image-alignment-300x200-1.jpg]]></wp:attachment_url>
											<wp:postmeta>
		<wp:meta_key><![CDATA[_wp_attached_file]]></wp:meta_key>
		<wp:meta_value><![CDATA[2013/03/image-alignment-300x200-1.jpg]]></wp:meta_value>
		</wp:postmeta>
							<wp:postmeta>
		<wp:meta_key><![CDATA[_wp_attachment_metadata]]></wp:meta_key>
		<wp:meta_value><![CDATA[a:5:{s:5:"width";i:300;s:6:"height";i:200;s:4:"file";s:37:"2013/03/image-alignment-300x200-1.jpg";s:5:"sizes";a:0:{}s:10:"image_meta";a:12:{s:8:"aperture";s:1:"0";s:6:"credit";s:0:"";s:6:"camera";s:0:"";s:7:"caption";s:0:"";s:17:"created_timestamp";s:1:"0";s:9:"copyright";s:0:"";s:12:"focal_length";s:1:"0";s:3:"iso";s:1:"0";s:13:"shutter_speed";s:1:"0";s:5:"title";s:0:"";s:11:"orientation";s:1:"0";s:8:"keywords";a:0:{}}}]]></wp:meta_value>
		</wp:postmeta>
							<wp:postmeta>
		<wp:meta_key><![CDATA[_wp_attachment_image_alt]]></wp:meta_key>
		<wp:meta_value><![CDATA[Image Alignment 300x200]]></wp:meta_value>
		</wp:postmeta>
							<wp:postmeta>
		<wp:meta_key><![CDATA[_attachment_original_parent_id]]></wp:meta_key>
		<wp:meta_value><![CDATA[903]]></wp:meta_value>
		</wp:postmeta>
							</item>
					<item>
		<title><![CDATA[Vertical Featured Image]]></title>
		<link>http://localhost/sass-wp/template-featured-image-vertical/featured-image-vertical-2/</link>
		<pubDate>Fri, 15 Mar 2013 20:41:09 +0000</pubDate>
		<dc:creator><![CDATA[webmaster]]></dc:creator>
		<guid isPermaLink="false">http://localhost/sass-wp/wp-content/uploads/2013/03/featured-image-vertical.jpg</guid>
		<description></description>
		<content:encoded><![CDATA[]]></content:encoded>
		<excerpt:encoded><![CDATA[]]></excerpt:encoded>
		<wp:post_id>1027</wp:post_id>
		<wp:post_date><![CDATA[2013-03-15 15:41:09]]></wp:post_date>
		<wp:post_date_gmt><![CDATA[2013-03-15 20:41:09]]></wp:post_date_gmt>
		<wp:post_modified><![CDATA[2013-03-15 15:41:09]]></wp:post_modified>
		<wp:post_modified_gmt><![CDATA[2013-03-15 20:41:09]]></wp:post_modified_gmt>
		<wp:comment_status><![CDATA[open]]></wp:comment_status>
		<wp:ping_status><![CDATA[open]]></wp:ping_status>
		<wp:post_name><![CDATA[featured-image-vertical-2]]></wp:post_name>
		<wp:status><![CDATA[inherit]]></wp:status>
		<wp:post_parent>1016</wp:post_parent>
		<wp:menu_order>0</wp:menu_order>
		<wp:post_type><![CDATA[attachment]]></wp:post_type>
		<wp:post_password><![CDATA[]]></wp:post_password>
		<wp:is_sticky>0</wp:is_sticky>
						<wp:attachment_url><![CDATA[http://localhost/sass-wp/wp-content/uploads/2013/03/featured-image-vertical.jpg]]></wp:attachment_url>
											<wp:postmeta>
		<wp:meta_key><![CDATA[_wp_attached_file]]></wp:meta_key>
		<wp:meta_value><![CDATA[2013/03/featured-image-vertical.jpg]]></wp:meta_value>
		</wp:postmeta>
							<wp:postmeta>
		<wp:meta_key><![CDATA[_wp_attachment_metadata]]></wp:meta_key>
		<wp:meta_value><![CDATA[a:5:{s:5:"width";i:300;s:6:"height";i:580;s:4:"file";s:35:"2013/03/featured-image-vertical.jpg";s:5:"sizes";a:0:{}s:10:"image_meta";a:12:{s:8:"aperture";s:1:"0";s:6:"credit";s:0:"";s:6:"camera";s:0:"";s:7:"caption";s:0:"";s:17:"created_timestamp";s:1:"0";s:9:"copyright";s:0:"";s:12:"focal_length";s:1:"0";s:3:"iso";s:1:"0";s:13:"shutter_speed";s:1:"0";s:5:"title";s:0:"";s:11:"orientation";s:1:"0";s:8:"keywords";a:0:{}}}]]></wp:meta_value>
		</wp:postmeta>
							<wp:postmeta>
		<wp:meta_key><![CDATA[_wp_attachment_image_alt]]></wp:meta_key>
		<wp:meta_value><![CDATA[Horizontal Featured Image]]></wp:meta_value>
		</wp:postmeta>
							<wp:postmeta>
		<wp:meta_key><![CDATA[_attachment_original_parent_id]]></wp:meta_key>
		<wp:meta_value><![CDATA[1016]]></wp:meta_value>
		</wp:postmeta>
							</item>
					<item>
		<title><![CDATA[Image Alignment 1200x4002]]></title>
		<link>http://localhost/sass-wp/markup-image-alignment/image-alignment-1200x4002/</link>
		<pubDate>Fri, 15 Mar 2013 00:44:50 +0000</pubDate>
		<dc:creator><![CDATA[webmaster]]></dc:creator>
		<guid isPermaLink="false">http://localhost/sass-wp/wp-content/uploads/2013/03/image-alignment-1200x4002-1.jpg</guid>
		<description></description>
		<content:encoded><![CDATA[]]></content:encoded>
		<excerpt:encoded><![CDATA[]]></excerpt:encoded>
		<wp:post_id>1029</wp:post_id>
		<wp:post_date><![CDATA[2013-03-14 19:44:50]]></wp:post_date>
		<wp:post_date_gmt><![CDATA[2013-03-15 00:44:50]]></wp:post_date_gmt>
		<wp:post_modified><![CDATA[2013-03-14 19:44:50]]></wp:post_modified>
		<wp:post_modified_gmt><![CDATA[2013-03-15 00:44:50]]></wp:post_modified_gmt>
		<wp:comment_status><![CDATA[open]]></wp:comment_status>
		<wp:ping_status><![CDATA[open]]></wp:ping_status>
		<wp:post_name><![CDATA[image-alignment-1200x4002]]></wp:post_name>
		<wp:status><![CDATA[inherit]]></wp:status>
		<wp:post_parent>1177</wp:post_parent>
		<wp:menu_order>0</wp:menu_order>
		<wp:post_type><![CDATA[attachment]]></wp:post_type>
		<wp:post_password><![CDATA[]]></wp:post_password>
		<wp:is_sticky>0</wp:is_sticky>
						<wp:attachment_url><![CDATA[http://localhost/sass-wp/wp-content/uploads/2013/03/image-alignment-1200x4002-1.jpg]]></wp:attachment_url>
											<wp:postmeta>
		<wp:meta_key><![CDATA[_wp_attached_file]]></wp:meta_key>
		<wp:meta_value><![CDATA[2013/03/image-alignment-1200x4002-1.jpg]]></wp:meta_value>
		</wp:postmeta>
							<wp:postmeta>
		<wp:meta_key><![CDATA[_wp_attachment_metadata]]></wp:meta_key>
		<wp:meta_value><![CDATA[a:5:{s:5:"width";i:1200;s:6:"height";i:400;s:4:"file";s:39:"2013/03/image-alignment-1200x4002-1.jpg";s:5:"sizes";a:0:{}s:10:"image_meta";a:12:{s:8:"aperture";s:1:"0";s:6:"credit";s:0:"";s:6:"camera";s:0:"";s:7:"caption";s:0:"";s:17:"created_timestamp";s:1:"0";s:9:"copyright";s:0:"";s:12:"focal_length";s:1:"0";s:3:"iso";s:1:"0";s:13:"shutter_speed";s:1:"0";s:5:"title";s:0:"";s:11:"orientation";s:1:"0";s:8:"keywords";a:0:{}}}]]></wp:meta_value>
		</wp:postmeta>
							<wp:postmeta>
		<wp:meta_key><![CDATA[_wp_attachment_image_alt]]></wp:meta_key>
		<wp:meta_value><![CDATA[Image Alignment 1200x4002]]></wp:meta_value>
		</wp:postmeta>
							<wp:postmeta>
		<wp:meta_key><![CDATA[_attachment_original_parent_id]]></wp:meta_key>
		<wp:meta_value><![CDATA[903]]></wp:meta_value>
		</wp:postmeta>
							</item>
					<item>
		<title><![CDATA[Unicorn Wallpaper]]></title>
		<link>http://localhost/sass-wp/post-format-image/unicorn-wallpaper/</link>
		<pubDate>Fri, 14 Dec 2012 03:10:39 +0000</pubDate>
		<dc:creator><![CDATA[webmaster]]></dc:creator>
		<guid isPermaLink="false">http://localhost/sass-wp/wp-content/uploads/2012/12/unicorn-wallpaper.jpg</guid>
		<description></description>
		<content:encoded><![CDATA[]]></content:encoded>
		<excerpt:encoded><![CDATA[]]></excerpt:encoded>
		<wp:post_id>1045</wp:post_id>
		<wp:post_date><![CDATA[2012-12-13 22:10:39]]></wp:post_date>
		<wp:post_date_gmt><![CDATA[2012-12-14 03:10:39]]></wp:post_date_gmt>
		<wp:post_modified><![CDATA[2012-12-13 22:10:39]]></wp:post_modified>
		<wp:post_modified_gmt><![CDATA[2012-12-14 03:10:39]]></wp:post_modified_gmt>
		<wp:comment_status><![CDATA[open]]></wp:comment_status>
		<wp:ping_status><![CDATA[open]]></wp:ping_status>
		<wp:post_name><![CDATA[unicorn-wallpaper]]></wp:post_name>
		<wp:status><![CDATA[inherit]]></wp:status>
		<wp:post_parent>1158</wp:post_parent>
		<wp:menu_order>0</wp:menu_order>
		<wp:post_type><![CDATA[attachment]]></wp:post_type>
		<wp:post_password><![CDATA[]]></wp:post_password>
		<wp:is_sticky>0</wp:is_sticky>
						<wp:attachment_url><![CDATA[http://localhost/sass-wp/wp-content/uploads/2012/12/unicorn-wallpaper.jpg]]></wp:attachment_url>
											<wp:postmeta>
		<wp:meta_key><![CDATA[_wp_attached_file]]></wp:meta_key>
		<wp:meta_value><![CDATA[2012/12/unicorn-wallpaper.jpg]]></wp:meta_value>
		</wp:postmeta>
							<wp:postmeta>
		<wp:meta_key><![CDATA[_wp_attachment_metadata]]></wp:meta_key>
		<wp:meta_value><![CDATA[a:5:{s:5:"width";i:1600;s:6:"height";i:1200;s:4:"file";s:29:"2012/12/unicorn-wallpaper.jpg";s:5:"sizes";a:0:{}s:10:"image_meta";a:12:{s:8:"aperture";s:1:"0";s:6:"credit";s:0:"";s:6:"camera";s:0:"";s:7:"caption";s:0:"";s:17:"created_timestamp";s:1:"0";s:9:"copyright";s:0:"";s:12:"focal_length";s:1:"0";s:3:"iso";s:1:"0";s:13:"shutter_speed";s:1:"0";s:5:"title";s:0:"";s:11:"orientation";s:1:"0";s:8:"keywords";a:0:{}}}]]></wp:meta_value>
		</wp:postmeta>
							<wp:postmeta>
		<wp:meta_key><![CDATA[_wp_attachment_image_alt]]></wp:meta_key>
		<wp:meta_value><![CDATA[Unicorn Wallpaper]]></wp:meta_value>
		</wp:postmeta>
							<wp:postmeta>
		<wp:meta_key><![CDATA[_attachment_original_parent_id]]></wp:meta_key>
		<wp:meta_value><![CDATA[568]]></wp:meta_value>
		</wp:postmeta>
							</item>
					<item>
		<title><![CDATA[triforce-wallpaper]]></title>
		<link>http://localhost/sass-wp/post-format-image-caption/triforce-wallpaper/</link>
		<pubDate>Tue, 17 Aug 2010 20:17:31 +0000</pubDate>
		<dc:creator><![CDATA[webmaster]]></dc:creator>
		<guid isPermaLink="false">http://localhost/sass-wp/wp-content/uploads/2010/08/triforce-wallpaper.jpg</guid>
		<description></description>
		<content:encoded><![CDATA[]]></content:encoded>
		<excerpt:encoded><![CDATA[Itâs dangerous to go alone! Take this.]]></excerpt:encoded>
		<wp:post_id>1628</wp:post_id>
		<wp:post_date><![CDATA[2010-08-17 13:17:31]]></wp:post_date>
		<wp:post_date_gmt><![CDATA[2010-08-17 20:17:31]]></wp:post_date_gmt>
		<wp:post_modified><![CDATA[2010-08-17 13:17:31]]></wp:post_modified>
		<wp:post_modified_gmt><![CDATA[2010-08-17 20:17:31]]></wp:post_modified_gmt>
		<wp:comment_status><![CDATA[open]]></wp:comment_status>
		<wp:ping_status><![CDATA[closed]]></wp:ping_status>
		<wp:post_name><![CDATA[triforce-wallpaper]]></wp:post_name>
		<wp:status><![CDATA[inherit]]></wp:status>
		<wp:post_parent>1163</wp:post_parent>
		<wp:menu_order>0</wp:menu_order>
		<wp:post_type><![CDATA[attachment]]></wp:post_type>
		<wp:post_password><![CDATA[]]></wp:post_password>
		<wp:is_sticky>0</wp:is_sticky>
						<wp:attachment_url><![CDATA[http://localhost/sass-wp/wp-content/uploads/2010/08/triforce-wallpaper.jpg]]></wp:attachment_url>
											<wp:postmeta>
		<wp:meta_key><![CDATA[_wp_attached_file]]></wp:meta_key>
		<wp:meta_value><![CDATA[2010/08/triforce-wallpaper.jpg]]></wp:meta_value>
		</wp:postmeta>
							<wp:postmeta>
		<wp:meta_key><![CDATA[_wp_attachment_metadata]]></wp:meta_key>
		<wp:meta_value><![CDATA[a:5:{s:5:"width";i:1131;s:6:"height";i:707;s:4:"file";s:30:"2010/08/triforce-wallpaper.jpg";s:5:"sizes";a:0:{}s:10:"image_meta";a:12:{s:8:"aperture";s:1:"0";s:6:"credit";s:0:"";s:6:"camera";s:0:"";s:7:"caption";s:0:"";s:17:"created_timestamp";s:1:"0";s:9:"copyright";s:0:"";s:12:"focal_length";s:1:"0";s:3:"iso";s:1:"0";s:13:"shutter_speed";s:1:"0";s:5:"title";s:0:"";s:11:"orientation";s:1:"0";s:8:"keywords";a:0:{}}}]]></wp:meta_value>
		</wp:postmeta>
							</item>
					<item>
		<title><![CDATA[dsc20040724_152504_532]]></title>
		<link>http://localhost/sass-wp/dsc20040724_152504_532/</link>
		<pubDate>Wed, 18 Sep 2013 21:37:05 +0000</pubDate>
		<dc:creator><![CDATA[webmaster]]></dc:creator>
		<guid isPermaLink="false">http://localhost/sass-wp/wp-content/uploads/2013/09/dsc20040724_152504_532.jpg</guid>
		<description></description>
		<content:encoded><![CDATA[]]></content:encoded>
		<excerpt:encoded><![CDATA[]]></excerpt:encoded>
		<wp:post_id>1686</wp:post_id>
		<wp:post_date><![CDATA[2013-09-18 14:37:05]]></wp:post_date>
		<wp:post_date_gmt><![CDATA[2013-09-18 21:37:05]]></wp:post_date_gmt>
		<wp:post_modified><![CDATA[2013-09-18 14:37:05]]></wp:post_modified>
		<wp:post_modified_gmt><![CDATA[2013-09-18 21:37:05]]></wp:post_modified_gmt>
		<wp:comment_status><![CDATA[open]]></wp:comment_status>
		<wp:ping_status><![CDATA[closed]]></wp:ping_status>
		<wp:post_name><![CDATA[dsc20040724_152504_532]]></wp:post_name>
		<wp:status><![CDATA[inherit]]></wp:status>
		<wp:post_parent>0</wp:post_parent>
		<wp:menu_order>0</wp:menu_order>
		<wp:post_type><![CDATA[attachment]]></wp:post_type>
		<wp:post_password><![CDATA[]]></wp:post_password>
		<wp:is_sticky>0</wp:is_sticky>
						<wp:attachment_url><![CDATA[http://localhost/sass-wp/wp-content/uploads/2013/09/dsc20040724_152504_532.jpg]]></wp:attachment_url>
											<wp:postmeta>
		<wp:meta_key><![CDATA[_wp_attached_file]]></wp:meta_key>
		<wp:meta_value><![CDATA[2013/09/dsc20040724_152504_532.jpg]]></wp:meta_value>
		</wp:postmeta>
							<wp:postmeta>
		<wp:meta_key><![CDATA[_wp_attachment_metadata]]></wp:meta_key>
		<wp:meta_value><![CDATA[a:5:{s:5:"width";i:640;s:6:"height";i:480;s:4:"file";s:34:"2013/09/dsc20040724_152504_532.jpg";s:5:"sizes";a:0:{}s:10:"image_meta";a:12:{s:8:"aperture";s:1:"2";s:6:"credit";s:0:"";s:6:"camera";s:9:"CYBERSHOT";s:7:"caption";s:0:"";s:17:"created_timestamp";s:10:"1090682704";s:9:"copyright";s:0:"";s:12:"focal_length";s:3:"9.7";s:3:"iso";s:3:"100";s:13:"shutter_speed";s:4:"0.02";s:5:"title";s:0:"";s:11:"orientation";s:1:"0";s:8:"keywords";a:0:{}}}]]></wp:meta_value>
		</wp:postmeta>
							</item>
					<item>
		<title><![CDATA[dsc20050604_133440_34211]]></title>
		<link>http://localhost/sass-wp/post-format-gallery/dsc20050604_133440_34211/</link>
		<pubDate>Wed, 18 Sep 2013 21:37:07 +0000</pubDate>
		<dc:creator><![CDATA[webmaster]]></dc:creator>
		<guid isPermaLink="false">http://localhost/sass-wp/wp-content/uploads/2013/09/dsc20050604_133440_34211.jpg</guid>
		<description></description>
		<content:encoded><![CDATA[]]></content:encoded>
		<excerpt:encoded><![CDATA[]]></excerpt:encoded>
		<wp:post_id>1687</wp:post_id>
		<wp:post_date><![CDATA[2013-09-18 14:37:07]]></wp:post_date>
		<wp:post_date_gmt><![CDATA[2013-09-18 21:37:07]]></wp:post_date_gmt>
		<wp:post_modified><![CDATA[2013-09-18 14:37:07]]></wp:post_modified>
		<wp:post_modified_gmt><![CDATA[2013-09-18 21:37:07]]></wp:post_modified_gmt>
		<wp:comment_status><![CDATA[open]]></wp:comment_status>
		<wp:ping_status><![CDATA[closed]]></wp:ping_status>
		<wp:post_name><![CDATA[dsc20050604_133440_34211]]></wp:post_name>
		<wp:status><![CDATA[inherit]]></wp:status>
		<wp:post_parent>19457</wp:post_parent>
		<wp:menu_order>0</wp:menu_order>
		<wp:post_type><![CDATA[attachment]]></wp:post_type>
		<wp:post_password><![CDATA[]]></wp:post_password>
		<wp:is_sticky>0</wp:is_sticky>
						<wp:attachment_url><![CDATA[http://localhost/sass-wp/wp-content/uploads/2013/09/dsc20050604_133440_34211.jpg]]></wp:attachment_url>
											<wp:postmeta>
		<wp:meta_key><![CDATA[_wp_attached_file]]></wp:meta_key>
		<wp:meta_value><![CDATA[2013/09/dsc20050604_133440_34211.jpg]]></wp:meta_value>
		</wp:postmeta>
							<wp:postmeta>
		<wp:meta_key><![CDATA[_wp_attachment_metadata]]></wp:meta_key>
		<wp:meta_value><![CDATA[a:5:{s:5:"width";i:640;s:6:"height";i:480;s:4:"file";s:36:"2013/09/dsc20050604_133440_34211.jpg";s:5:"sizes";a:0:{}s:10:"image_meta";a:12:{s:8:"aperture";s:1:"2";s:6:"credit";s:0:"";s:6:"camera";s:9:"CYBERSHOT";s:7:"caption";s:0:"";s:17:"created_timestamp";s:10:"1117892080";s:9:"copyright";s:0:"";s:12:"focal_length";s:3:"9.7";s:3:"iso";s:3:"100";s:13:"shutter_speed";s:6:"0.0125";s:5:"title";s:0:"";s:11:"orientation";s:1:"0";s:8:"keywords";a:0:{}}}]]></wp:meta_value>
		</wp:postmeta>
							</item>
					<item>
		<title><![CDATA[2014-slider-mobile-behavior]]></title>
		<link>http://localhost/sass-wp/2014-slider-mobile-behavior/</link>
		<pubDate>Wed, 04 Dec 2013 18:08:29 +0000</pubDate>
		<dc:creator><![CDATA[webmaster]]></dc:creator>
		<guid isPermaLink="false">http://localhost/sass-wp/wp-content/uploads/2013/12/2014-slider-mobile-behavior.mov</guid>
		<description></description>
		<content:encoded><![CDATA[]]></content:encoded>
		<excerpt:encoded><![CDATA[]]></excerpt:encoded>
		<wp:post_id>1690</wp:post_id>
		<wp:post_date><![CDATA[2013-12-04 11:08:29]]></wp:post_date>
		<wp:post_date_gmt><![CDATA[2013-12-04 18:08:29]]></wp:post_date_gmt>
		<wp:post_modified><![CDATA[2013-12-04 11:08:29]]></wp:post_modified>
		<wp:post_modified_gmt><![CDATA[2013-12-04 18:08:29]]></wp:post_modified_gmt>
		<wp:comment_status><![CDATA[open]]></wp:comment_status>
		<wp:ping_status><![CDATA[closed]]></wp:ping_status>
		<wp:post_name><![CDATA[2014-slider-mobile-behavior]]></wp:post_name>
		<wp:status><![CDATA[inherit]]></wp:status>
		<wp:post_parent>0</wp:post_parent>
		<wp:menu_order>0</wp:menu_order>
		<wp:post_type><![CDATA[attachment]]></wp:post_type>
		<wp:post_password><![CDATA[]]></wp:post_password>
		<wp:is_sticky>0</wp:is_sticky>
						<wp:attachment_url><![CDATA[http://localhost/sass-wp/wp-content/uploads/2013/12/2014-slider-mobile-behavior.mov]]></wp:attachment_url>
											<wp:postmeta>
		<wp:meta_key><![CDATA[_wp_attached_file]]></wp:meta_key>
		<wp:meta_value><![CDATA[2013/12/2014-slider-mobile-behavior.mov]]></wp:meta_value>
		</wp:postmeta>
							<wp:postmeta>
		<wp:meta_key><![CDATA[_wp_attachment_metadata]]></wp:meta_key>
		<wp:meta_value><![CDATA[a:10:{s:8:"filesize";i:29881426;s:9:"mime_type";s:9:"video/mp4";s:6:"length";i:18;s:16:"length_formatted";s:4:"0:18";s:5:"width";i:1920;s:6:"height";i:1080;s:10:"fileformat";s:3:"mp4";s:10:"dataformat";s:9:"quicktime";s:5:"audio";a:7:{s:10:"dataformat";s:3:"mp4";s:5:"codec";s:19:"ISO/IEC 14496-3 AAC";s:11:"sample_rate";d:44100;s:8:"channels";i:1;s:15:"bits_per_sample";i:16;s:8:"lossless";b:0;s:11:"channelmode";s:4:"mono";}s:17:"created_timestamp";i:1385296463;}]]></wp:meta_value>
		</wp:postmeta>
							</item>
					<item>
		<title><![CDATA[dsc20050315_145007_132]]></title>
		<link>http://localhost/sass-wp/post-format-gallery/dsc20050315_145007_132-2/</link>
		<pubDate>Sun, 05 Jan 2014 18:45:21 +0000</pubDate>
		<dc:creator><![CDATA[webmaster]]></dc:creator>
		<guid isPermaLink="false">http://localhost/sass-wp/wp-content/uploads/2014/01/dsc20050315_145007_132.jpg</guid>
		<description></description>
		<content:encoded><![CDATA[]]></content:encoded>
		<excerpt:encoded><![CDATA[]]></excerpt:encoded>
		<wp:post_id>1691</wp:post_id>
		<wp:post_date><![CDATA[2014-01-05 11:45:21]]></wp:post_date>
		<wp:post_date_gmt><![CDATA[2014-01-05 18:45:21]]></wp:post_date_gmt>
		<wp:post_modified><![CDATA[2014-01-05 11:45:21]]></wp:post_modified>
		<wp:post_modified_gmt><![CDATA[2014-01-05 18:45:21]]></wp:post_modified_gmt>
		<wp:comment_status><![CDATA[open]]></wp:comment_status>
		<wp:ping_status><![CDATA[closed]]></wp:ping_status>
		<wp:post_name><![CDATA[dsc20050315_145007_132-2]]></wp:post_name>
		<wp:status><![CDATA[inherit]]></wp:status>
		<wp:post_parent>19457</wp:post_parent>
		<wp:menu_order>0</wp:menu_order>
		<wp:post_type><![CDATA[attachment]]></wp:post_type>
		<wp:post_password><![CDATA[]]></wp:post_password>
		<wp:is_sticky>0</wp:is_sticky>
						<wp:attachment_url><![CDATA[http://localhost/sass-wp/wp-content/uploads/2014/01/dsc20050315_145007_132.jpg]]></wp:attachment_url>
											<wp:postmeta>
		<wp:meta_key><![CDATA[_wp_attached_file]]></wp:meta_key>
		<wp:meta_value><![CDATA[2014/01/dsc20050315_145007_132.jpg]]></wp:meta_value>
		</wp:postmeta>
							<wp:postmeta>
		<wp:meta_key><![CDATA[_wp_attachment_metadata]]></wp:meta_key>
		<wp:meta_value><![CDATA[a:5:{s:5:"width";i:640;s:6:"height";i:480;s:4:"file";s:34:"2014/01/dsc20050315_145007_132.jpg";s:5:"sizes";a:0:{}s:10:"image_meta";a:12:{s:8:"aperture";s:3:"2.2";s:6:"credit";s:0:"";s:6:"camera";s:9:"CYBERSHOT";s:7:"caption";s:0:"";s:17:"created_timestamp";s:10:"1110898207";s:9:"copyright";s:0:"";s:12:"focal_length";s:3:"9.7";s:3:"iso";s:3:"100";s:13:"shutter_speed";s:5:"0.008";s:5:"title";s:0:"";s:11:"orientation";s:1:"0";s:8:"keywords";a:0:{}}}]]></wp:meta_value>
		</wp:postmeta>
							</item>
					<item>
		<title><![CDATA[spectacles]]></title>
		<link>http://localhost/sass-wp/about/clearing-floats/spectacles-2/</link>
		<pubDate>Sun, 05 Jan 2014 18:45:36 +0000</pubDate>
		<dc:creator><![CDATA[webmaster]]></dc:creator>
		<guid isPermaLink="false">http://localhost/sass-wp/wp-content/uploads/2014/01/spectacles.gif</guid>
		<description></description>
		<content:encoded><![CDATA[]]></content:encoded>
		<excerpt:encoded><![CDATA[]]></excerpt:encoded>
		<wp:post_id>1692</wp:post_id>
		<wp:post_date><![CDATA[2014-01-05 11:45:36]]></wp:post_date>
		<wp:post_date_gmt><![CDATA[2014-01-05 18:45:36]]></wp:post_date_gmt>
		<wp:post_modified><![CDATA[2014-01-05 11:45:36]]></wp:post_modified>
		<wp:post_modified_gmt><![CDATA[2014-01-05 18:45:36]]></wp:post_modified_gmt>
		<wp:comment_status><![CDATA[open]]></wp:comment_status>
		<wp:ping_status><![CDATA[closed]]></wp:ping_status>
		<wp:post_name><![CDATA[spectacles-2]]></wp:post_name>
		<wp:status><![CDATA[inherit]]></wp:status>
		<wp:post_parent>19388</wp:post_parent>
		<wp:menu_order>0</wp:menu_order>
		<wp:post_type><![CDATA[attachment]]></wp:post_type>
		<wp:post_password><![CDATA[]]></wp:post_password>
		<wp:is_sticky>0</wp:is_sticky>
						<wp:attachment_url><![CDATA[http://localhost/sass-wp/wp-content/uploads/2014/01/spectacles.gif]]></wp:attachment_url>
											<wp:postmeta>
		<wp:meta_key><![CDATA[_wp_attached_file]]></wp:meta_key>
		<wp:meta_value><![CDATA[2014/01/spectacles.gif]]></wp:meta_value>
		</wp:postmeta>
							<wp:postmeta>
		<wp:meta_key><![CDATA[_wp_attachment_metadata]]></wp:meta_key>
		<wp:meta_value><![CDATA[a:5:{s:5:"width";i:165;s:6:"height";i:210;s:4:"file";s:22:"2014/01/spectacles.gif";s:5:"sizes";a:0:{}s:10:"image_meta";a:12:{s:8:"aperture";s:1:"0";s:6:"credit";s:0:"";s:6:"camera";s:0:"";s:7:"caption";s:0:"";s:17:"created_timestamp";s:1:"0";s:9:"copyright";s:0:"";s:12:"focal_length";s:1:"0";s:3:"iso";s:1:"0";s:13:"shutter_speed";s:1:"0";s:5:"title";s:0:"";s:11:"orientation";s:1:"0";s:8:"keywords";a:0:{}}}]]></wp:meta_value>
		</wp:postmeta>
							</item>
					<item>
		<title><![CDATA[Huatulco Coastline]]></title>
		<link>http://localhost/sass-wp/post-format-gallery/img_0767/</link>
		<pubDate>Mon, 16 Jun 2008 21:51:19 +0000</pubDate>
		<dc:creator><![CDATA[webmaster]]></dc:creator>
		<guid isPermaLink="false">http://localhost/sass-wp/wp-content/uploads/2008/06/img_0767.jpg</guid>
		<description></description>
		<content:encoded><![CDATA[Public domain via https://www.burningwell.org/gallery2/v/Landscapes/ocean/IMG_0767.JPG.html]]></content:encoded>
		<excerpt:encoded><![CDATA[Coastline in Huatulco, Oaxaca, Mexico]]></excerpt:encoded>
		<wp:post_id>19400</wp:post_id>
		<wp:post_date><![CDATA[2008-06-16 14:51:19]]></wp:post_date>
		<wp:post_date_gmt><![CDATA[2008-06-16 21:51:19]]></wp:post_date_gmt>
		<wp:post_modified><![CDATA[2008-06-16 14:51:19]]></wp:post_modified>
		<wp:post_modified_gmt><![CDATA[2008-06-16 21:51:19]]></wp:post_modified_gmt>
		<wp:comment_status><![CDATA[open]]></wp:comment_status>
		<wp:ping_status><![CDATA[closed]]></wp:ping_status>
		<wp:post_name><![CDATA[img_0767]]></wp:post_name>
		<wp:status><![CDATA[inherit]]></wp:status>
		<wp:post_parent>19457</wp:post_parent>
		<wp:menu_order>0</wp:menu_order>
		<wp:post_type><![CDATA[attachment]]></wp:post_type>
		<wp:post_password><![CDATA[]]></wp:post_password>
		<wp:is_sticky>0</wp:is_sticky>
						<wp:attachment_url><![CDATA[http://localhost/sass-wp/wp-content/uploads/2008/06/img_0767.jpg]]></wp:attachment_url>
											<wp:postmeta>
		<wp:meta_key><![CDATA[_wp_attached_file]]></wp:meta_key>
		<wp:meta_value><![CDATA[2008/06/img_0767.jpg]]></wp:meta_value>
		</wp:postmeta>
							<wp:postmeta>
		<wp:meta_key><![CDATA[_wp_attachment_metadata]]></wp:meta_key>
		<wp:meta_value><![CDATA[a:5:{s:5:"width";i:800;s:6:"height";i:533;s:4:"file";s:20:"2008/06/img_0767.jpg";s:5:"sizes";a:0:{}s:10:"image_meta";a:12:{s:8:"aperture";s:2:"10";s:6:"credit";s:10:"Picasa 2.6";s:6:"camera";s:12:"Canon EOS 5D";s:7:"caption";s:0:"";s:17:"created_timestamp";s:10:"1158320386";s:9:"copyright";s:0:"";s:12:"focal_length";s:3:"105";s:3:"iso";s:3:"400";s:13:"shutter_speed";s:5:"0.002";s:5:"title";s:0:"";s:11:"orientation";s:1:"0";s:8:"keywords";a:0:{}}}]]></wp:meta_value>
		</wp:postmeta>
							<wp:postmeta>
		<wp:meta_key><![CDATA[_wp_attachment_image_alt]]></wp:meta_key>
		<wp:meta_value><![CDATA[Huatulco Coastline]]></wp:meta_value>
		</wp:postmeta>
							<wp:postmeta>
		<wp:meta_key><![CDATA[_attachment_original_parent_id]]></wp:meta_key>
		<wp:meta_value><![CDATA[555]]></wp:meta_value>
		</wp:postmeta>
							</item>
					<item>
		<title><![CDATA[Boat Barco Texture]]></title>
		<link>http://localhost/sass-wp/post-format-gallery/img_8399/</link>
		<pubDate>Mon, 16 Jun 2008 21:51:57 +0000</pubDate>
		<dc:creator><![CDATA[webmaster]]></dc:creator>
		<guid isPermaLink="false">http://localhost/sass-wp/wp-content/uploads/2008/06/img_8399.jpg</guid>
		<description></description>
		<content:encoded><![CDATA[Public domain via https://www.burningwell.org/gallery2/main.php?g2_view=dynamicalbum.UpdatesAlbum&amp;g2_itemId=25774]]></content:encoded>
		<excerpt:encoded><![CDATA[Boat BW PB Barco Texture Beautiful Fishing]]></excerpt:encoded>
		<wp:post_id>19401</wp:post_id>
		<wp:post_date><![CDATA[2008-06-16 14:51:57]]></wp:post_date>
		<wp:post_date_gmt><![CDATA[2008-06-16 21:51:57]]></wp:post_date_gmt>
		<wp:post_modified><![CDATA[2008-06-16 14:51:57]]></wp:post_modified>
		<wp:post_modified_gmt><![CDATA[2008-06-16 21:51:57]]></wp:post_modified_gmt>
		<wp:comment_status><![CDATA[open]]></wp:comment_status>
		<wp:ping_status><![CDATA[closed]]></wp:ping_status>
		<wp:post_name><![CDATA[img_8399]]></wp:post_name>
		<wp:status><![CDATA[inherit]]></wp:status>
		<wp:post_parent>19457</wp:post_parent>
		<wp:menu_order>0</wp:menu_order>
		<wp:post_type><![CDATA[attachment]]></wp:post_type>
		<wp:post_password><![CDATA[]]></wp:post_password>
		<wp:is_sticky>0</wp:is_sticky>
						<wp:attachment_url><![CDATA[http://localhost/sass-wp/wp-content/uploads/2008/06/img_8399.jpg]]></wp:attachment_url>
											<wp:postmeta>
		<wp:meta_key><![CDATA[_wp_attached_file]]></wp:meta_key>
		<wp:meta_value><![CDATA[2008/06/img_8399.jpg]]></wp:meta_value>
		</wp:postmeta>
							<wp:postmeta>
		<wp:meta_key><![CDATA[_wp_attachment_metadata]]></wp:meta_key>
		<wp:meta_value><![CDATA[a:5:{s:5:"width";i:1600;s:6:"height";i:1066;s:4:"file";s:20:"2008/06/img_8399.jpg";s:5:"sizes";a:0:{}s:10:"image_meta";a:12:{s:8:"aperture";s:3:"4.5";s:6:"credit";s:0:"";s:6:"camera";s:26:"Canon EOS DIGITAL REBEL XT";s:7:"caption";s:0:"";s:17:"created_timestamp";s:10:"1192368714";s:9:"copyright";s:0:"";s:12:"focal_length";s:2:"75";s:3:"iso";s:3:"100";s:13:"shutter_speed";s:5:"0.004";s:5:"title";s:0:"";s:11:"orientation";s:1:"1";s:8:"keywords";a:0:{}}}]]></wp:meta_value>
		</wp:postmeta>
							<wp:postmeta>
		<wp:meta_key><![CDATA[_wp_attachment_image_alt]]></wp:meta_key>
		<wp:meta_value><![CDATA[Boat Barco Texture]]></wp:meta_value>
		</wp:postmeta>
							<wp:postmeta>
		<wp:meta_key><![CDATA[_attachment_original_parent_id]]></wp:meta_key>
		<wp:meta_value><![CDATA[555]]></wp:meta_value>
		</wp:postmeta>
							</item>
					<item>
		<title><![CDATA[Resinous]]></title>
		<link>http://localhost/sass-wp/post-format-gallery/dsc20040724_152504_532-2/</link>
		<pubDate>Mon, 04 Jun 2012 18:36:56 +0000</pubDate>
		<dc:creator><![CDATA[webmaster]]></dc:creator>
		<guid isPermaLink="false">http://localhost/sass-wp/wp-content/uploads/2012/06/dsc20040724_152504_532.jpg</guid>
		<description></description>
		<content:encoded><![CDATA[]]></content:encoded>
		<excerpt:encoded><![CDATA[log]]></excerpt:encoded>
		<wp:post_id>19402</wp:post_id>
		<wp:post_date><![CDATA[2012-06-04 11:36:56]]></wp:post_date>
		<wp:post_date_gmt><![CDATA[2012-06-04 18:36:56]]></wp:post_date_gmt>
		<wp:post_modified><![CDATA[2012-06-04 11:36:56]]></wp:post_modified>
		<wp:post_modified_gmt><![CDATA[2012-06-04 18:36:56]]></wp:post_modified_gmt>
		<wp:comment_status><![CDATA[open]]></wp:comment_status>
		<wp:ping_status><![CDATA[closed]]></wp:ping_status>
		<wp:post_name><![CDATA[dsc20040724_152504_532-2]]></wp:post_name>
		<wp:status><![CDATA[inherit]]></wp:status>
		<wp:post_parent>19457</wp:post_parent>
		<wp:menu_order>0</wp:menu_order>
		<wp:post_type><![CDATA[attachment]]></wp:post_type>
		<wp:post_password><![CDATA[]]></wp:post_password>
		<wp:is_sticky>0</wp:is_sticky>
						<wp:attachment_url><![CDATA[http://localhost/sass-wp/wp-content/uploads/2012/06/dsc20040724_152504_532.jpg]]></wp:attachment_url>
											<wp:postmeta>
		<wp:meta_key><![CDATA[_wp_attached_file]]></wp:meta_key>
		<wp:meta_value><![CDATA[2012/06/dsc20040724_152504_532.jpg]]></wp:meta_value>
		</wp:postmeta>
							<wp:postmeta>
		<wp:meta_key><![CDATA[_wp_attachment_metadata]]></wp:meta_key>
		<wp:meta_value><![CDATA[a:5:{s:5:"width";i:640;s:6:"height";i:480;s:4:"file";s:34:"2012/06/dsc20040724_152504_532.jpg";s:5:"sizes";a:0:{}s:10:"image_meta";a:12:{s:8:"aperture";s:1:"2";s:6:"credit";s:0:"";s:6:"camera";s:9:"CYBERSHOT";s:7:"caption";s:0:"";s:17:"created_timestamp";s:10:"1090682704";s:9:"copyright";s:0:"";s:12:"focal_length";s:3:"9.7";s:3:"iso";s:3:"100";s:13:"shutter_speed";s:4:"0.02";s:5:"title";s:0:"";s:11:"orientation";s:1:"0";s:8:"keywords";a:0:{}}}]]></wp:meta_value>
		</wp:postmeta>
							<wp:postmeta>
		<wp:meta_key><![CDATA[_attachment_original_parent_id]]></wp:meta_key>
		<wp:meta_value><![CDATA[555]]></wp:meta_value>
		</wp:postmeta>
							</item>
					<item>
		<title><![CDATA[OLYMPUS DIGITAL CAMERA]]></title>
		<link>http://localhost/sass-wp/about/clearing-floats/olympus-digital-camera/</link>
		<pubDate>Thu, 05 Aug 2010 18:07:34 +0000</pubDate>
		<dc:creator><![CDATA[webmaster]]></dc:creator>
		<guid isPermaLink="false">http://localhost/sass-wp/wp-content/uploads/2010/08/manhattansummer.jpg</guid>
		<description></description>
		<content:encoded><![CDATA[]]></content:encoded>
		<excerpt:encoded><![CDATA[]]></excerpt:encoded>
		<wp:post_id>19403</wp:post_id>
		<wp:post_date><![CDATA[2010-08-05 11:07:34]]></wp:post_date>
		<wp:post_date_gmt><![CDATA[2010-08-05 18:07:34]]></wp:post_date_gmt>
		<wp:post_modified><![CDATA[2010-08-05 11:07:34]]></wp:post_modified>
		<wp:post_modified_gmt><![CDATA[2010-08-05 18:07:34]]></wp:post_modified_gmt>
		<wp:comment_status><![CDATA[open]]></wp:comment_status>
		<wp:ping_status><![CDATA[closed]]></wp:ping_status>
		<wp:post_name><![CDATA[olympus-digital-camera]]></wp:post_name>
		<wp:status><![CDATA[inherit]]></wp:status>
		<wp:post_parent>19388</wp:post_parent>
		<wp:menu_order>0</wp:menu_order>
		<wp:post_type><![CDATA[attachment]]></wp:post_type>
		<wp:post_password><![CDATA[]]></wp:post_password>
		<wp:is_sticky>0</wp:is_sticky>
						<wp:attachment_url><![CDATA[http://localhost/sass-wp/wp-content/uploads/2010/08/manhattansummer.jpg]]></wp:attachment_url>
											<wp:postmeta>
		<wp:meta_key><![CDATA[_wp_attached_file]]></wp:meta_key>
		<wp:meta_value><![CDATA[2010/08/manhattansummer.jpg]]></wp:meta_value>
		</wp:postmeta>
							<wp:postmeta>
		<wp:meta_key><![CDATA[_wp_attachment_metadata]]></wp:meta_key>
		<wp:meta_value><![CDATA[a:5:{s:5:"width";i:640;s:6:"height";i:480;s:4:"file";s:27:"2010/08/manhattansummer.jpg";s:5:"sizes";a:0:{}s:10:"image_meta";a:12:{s:8:"aperture";s:3:"2.8";s:6:"credit";s:0:"";s:6:"camera";s:11:"C990Z,D490Z";s:7:"caption";s:22:"OLYMPUS DIGITAL CAMERA";s:17:"created_timestamp";s:10:"1089358496";s:9:"copyright";s:0:"";s:12:"focal_length";s:3:"5.6";s:3:"iso";s:3:"200";s:13:"shutter_speed";s:17:"0.076923076923077";s:5:"title";s:22:"OLYMPUS DIGITAL CAMERA";s:11:"orientation";s:1:"0";s:8:"keywords";a:0:{}}}]]></wp:meta_value>
		</wp:postmeta>
							</item>
					<item>
		<title><![CDATA[portada obituario ValparaÃ­so]]></title>
		<link>http://localhost/sass-wp/portada-obituario-valparaiso/</link>
		<pubDate>Thu, 22 Jul 2021 15:15:52 +0000</pubDate>
		<dc:creator><![CDATA[webmaster]]></dc:creator>
		<guid isPermaLink="false">http://localhost/sass-wp/wp-content/uploads/2021/07/portada-obituario-Valparaiso.jpg</guid>
		<description></description>
		<content:encoded><![CDATA[imagen@valparaiso.com.mx
tel:7224378388]]></content:encoded>
		<excerpt:encoded><![CDATA[220721 VALPARAISO portada obituario]]></excerpt:encoded>
		<wp:post_id>13</wp:post_id>
		<wp:post_date><![CDATA[2021-07-22 15:15:52]]></wp:post_date>
		<wp:post_date_gmt><![CDATA[2021-07-22 15:15:52]]></wp:post_date_gmt>
		<wp:post_modified><![CDATA[2021-07-22 15:16:10]]></wp:post_modified>
		<wp:post_modified_gmt><![CDATA[2021-07-22 15:16:10]]></wp:post_modified_gmt>
		<wp:comment_status><![CDATA[open]]></wp:comment_status>
		<wp:ping_status><![CDATA[closed]]></wp:ping_status>
		<wp:post_name><![CDATA[portada-obituario-valparaiso]]></wp:post_name>
		<wp:status><![CDATA[inherit]]></wp:status>
		<wp:post_parent>0</wp:post_parent>
		<wp:menu_order>0</wp:menu_order>
		<wp:post_type><![CDATA[attachment]]></wp:post_type>
		<wp:post_password><![CDATA[]]></wp:post_password>
		<wp:is_sticky>0</wp:is_sticky>
						<wp:attachment_url><![CDATA[http://localhost/sass-wp/wp-content/uploads/2021/07/portada-obituario-Valparaiso.jpg]]></wp:attachment_url>
											<wp:postmeta>
		<wp:meta_key><![CDATA[_wp_attached_file]]></wp:meta_key>
		<wp:meta_value><![CDATA[2021/07/portada-obituario-Valparaiso.jpg]]></wp:meta_value>
		</wp:postmeta>
							<wp:postmeta>
		<wp:meta_key><![CDATA[_wp_attachment_metadata]]></wp:meta_key>
		<wp:meta_value><![CDATA[a:5:{s:5:"width";i:1420;s:6:"height";i:947;s:4:"file";s:40:"2021/07/portada-obituario-Valparaiso.jpg";s:5:"sizes";a:0:{}s:10:"image_meta";a:12:{s:8:"aperture";s:1:"0";s:6:"credit";s:0:"";s:6:"camera";s:0:"";s:7:"caption";s:0:"";s:17:"created_timestamp";s:1:"0";s:9:"copyright";s:0:"";s:12:"focal_length";s:1:"0";s:3:"iso";s:1:"0";s:13:"shutter_speed";s:1:"0";s:5:"title";s:0:"";s:11:"orientation";s:1:"1";s:8:"keywords";a:0:{}}}]]></wp:meta_value>
		</wp:postmeta>
							</item>
					<item>
		<title><![CDATA[portada_valaparaiso_4]]></title>
		<link>http://localhost/sass-wp/otono-soleado/</link>
		<pubDate>Fri, 23 Jul 2021 16:29:44 +0000</pubDate>
		<dc:creator><![CDATA[webmaster]]></dc:creator>
		<guid isPermaLink="false">http://localhost/sass-wp/wp-content/uploads/2021/07/otono-soleado.jpg</guid>
		<description></description>
		<content:encoded><![CDATA[]]></content:encoded>
		<excerpt:encoded><![CDATA[]]></excerpt:encoded>
		<wp:post_id>19241</wp:post_id>
		<wp:post_date><![CDATA[2021-07-23 16:29:44]]></wp:post_date>
		<wp:post_date_gmt><![CDATA[2021-07-23 16:29:44]]></wp:post_date_gmt>
		<wp:post_modified><![CDATA[2021-07-23 16:54:33]]></wp:post_modified>
		<wp:post_modified_gmt><![CDATA[2021-07-23 16:54:33]]></wp:post_modified_gmt>
		<wp:comment_status><![CDATA[open]]></wp:comment_status>
		<wp:ping_status><![CDATA[closed]]></wp:ping_status>
		<wp:post_name><![CDATA[otono-soleado]]></wp:post_name>
		<wp:status><![CDATA[inherit]]></wp:status>
		<wp:post_parent>0</wp:post_parent>
		<wp:menu_order>0</wp:menu_order>
		<wp:post_type><![CDATA[attachment]]></wp:post_type>
		<wp:post_password><![CDATA[]]></wp:post_password>
		<wp:is_sticky>0</wp:is_sticky>
						<wp:attachment_url><![CDATA[http://localhost/sass-wp/wp-content/uploads/2021/07/otono-soleado.jpg]]></wp:attachment_url>
											<wp:postmeta>
		<wp:meta_key><![CDATA[_wp_attached_file]]></wp:meta_key>
		<wp:meta_value><![CDATA[2021/07/otono-soleado.jpg]]></wp:meta_value>
		</wp:postmeta>
							<wp:postmeta>
		<wp:meta_key><![CDATA[_wp_attachment_metadata]]></wp:meta_key>
		<wp:meta_value><![CDATA[a:5:{s:5:"width";i:960;s:6:"height";i:360;s:4:"file";s:25:"2021/07/otono-soleado.jpg";s:5:"sizes";a:0:{}s:10:"image_meta";a:12:{s:8:"aperture";s:1:"0";s:6:"credit";s:0:"";s:6:"camera";s:0:"";s:7:"caption";s:0:"";s:17:"created_timestamp";s:1:"0";s:9:"copyright";s:0:"";s:12:"focal_length";s:1:"0";s:3:"iso";s:1:"0";s:13:"shutter_speed";s:1:"0";s:5:"title";s:0:"";s:11:"orientation";s:1:"0";s:8:"keywords";a:0:{}}}]]></wp:meta_value>
		</wp:postmeta>
							</item>
					<item>
		<title><![CDATA[portada_valaparaiso_3]]></title>
		<link>http://localhost/sass-wp/pradera-bella/</link>
		<pubDate>Fri, 23 Jul 2021 16:29:44 +0000</pubDate>
		<dc:creator><![CDATA[webmaster]]></dc:creator>
		<guid isPermaLink="false">http://localhost/sass-wp/wp-content/uploads/2021/07/pradera-bella.jpg</guid>
		<description></description>
		<content:encoded><![CDATA[]]></content:encoded>
		<excerpt:encoded><![CDATA[HOMENAJES FUNERARIOS DE NECESIDAD INMEDIATA]]></excerpt:encoded>
		<wp:post_id>19242</wp:post_id>
		<wp:post_date><![CDATA[2021-07-23 16:29:44]]></wp:post_date>
		<wp:post_date_gmt><![CDATA[2021-07-23 16:29:44]]></wp:post_date_gmt>
		<wp:post_modified><![CDATA[2021-07-23 16:55:11]]></wp:post_modified>
		<wp:post_modified_gmt><![CDATA[2021-07-23 16:55:11]]></wp:post_modified_gmt>
		<wp:comment_status><![CDATA[open]]></wp:comment_status>
		<wp:ping_status><![CDATA[closed]]></wp:ping_status>
		<wp:post_name><![CDATA[pradera-bella]]></wp:post_name>
		<wp:status><![CDATA[inherit]]></wp:status>
		<wp:post_parent>0</wp:post_parent>
		<wp:menu_order>0</wp:menu_order>
		<wp:post_type><![CDATA[attachment]]></wp:post_type>
		<wp:post_password><![CDATA[]]></wp:post_password>
		<wp:is_sticky>0</wp:is_sticky>
						<wp:attachment_url><![CDATA[http://localhost/sass-wp/wp-content/uploads/2021/07/pradera-bella.jpg]]></wp:attachment_url>
											<wp:postmeta>
		<wp:meta_key><![CDATA[_wp_attached_file]]></wp:meta_key>
		<wp:meta_value><![CDATA[2021/07/pradera-bella.jpg]]></wp:meta_value>
		</wp:postmeta>
							<wp:postmeta>
		<wp:meta_key><![CDATA[_wp_attachment_metadata]]></wp:meta_key>
		<wp:meta_value><![CDATA[a:5:{s:5:"width";i:980;s:6:"height";i:380;s:4:"file";s:25:"2021/07/pradera-bella.jpg";s:5:"sizes";a:0:{}s:10:"image_meta";a:12:{s:8:"aperture";s:1:"0";s:6:"credit";s:0:"";s:6:"camera";s:0:"";s:7:"caption";s:0:"";s:17:"created_timestamp";s:1:"0";s:9:"copyright";s:11:"pitrs/123RF";s:12:"focal_length";s:1:"0";s:3:"iso";s:1:"0";s:13:"shutter_speed";s:1:"0";s:5:"title";s:0:"";s:11:"orientation";s:1:"0";s:8:"keywords";a:0:{}}}]]></wp:meta_value>
		</wp:postmeta>
							</item>
					<item>
		<title><![CDATA[portada_valaparaiso_2]]></title>
		<link>http://localhost/sass-wp/bosque-otonal/</link>
		<pubDate>Fri, 23 Jul 2021 16:30:25 +0000</pubDate>
		<dc:creator><![CDATA[webmaster]]></dc:creator>
		<guid isPermaLink="false">http://localhost/sass-wp/wp-content/uploads/2021/07/bosque-otonal.jpg</guid>
		<description></description>
		<content:encoded><![CDATA[]]></content:encoded>
		<excerpt:encoded><![CDATA[TRASLADOS NACIONALES E INTERNACIONALES]]></excerpt:encoded>
		<wp:post_id>19243</wp:post_id>
		<wp:post_date><![CDATA[2021-07-23 16:30:25]]></wp:post_date>
		<wp:post_date_gmt><![CDATA[2021-07-23 16:30:25]]></wp:post_date_gmt>
		<wp:post_modified><![CDATA[2021-07-23 16:54:56]]></wp:post_modified>
		<wp:post_modified_gmt><![CDATA[2021-07-23 16:54:56]]></wp:post_modified_gmt>
		<wp:comment_status><![CDATA[open]]></wp:comment_status>
		<wp:ping_status><![CDATA[closed]]></wp:ping_status>
		<wp:post_name><![CDATA[bosque-otonal]]></wp:post_name>
		<wp:status><![CDATA[inherit]]></wp:status>
		<wp:post_parent>0</wp:post_parent>
		<wp:menu_order>0</wp:menu_order>
		<wp:post_type><![CDATA[attachment]]></wp:post_type>
		<wp:post_password><![CDATA[]]></wp:post_password>
		<wp:is_sticky>0</wp:is_sticky>
						<wp:attachment_url><![CDATA[http://localhost/sass-wp/wp-content/uploads/2021/07/bosque-otonal.jpg]]></wp:attachment_url>
											<wp:postmeta>
		<wp:meta_key><![CDATA[_wp_attached_file]]></wp:meta_key>
		<wp:meta_value><![CDATA[2021/07/bosque-otonal.jpg]]></wp:meta_value>
		</wp:postmeta>
							<wp:postmeta>
		<wp:meta_key><![CDATA[_wp_attachment_metadata]]></wp:meta_key>
		<wp:meta_value><![CDATA[a:5:{s:5:"width";i:980;s:6:"height";i:380;s:4:"file";s:25:"2021/07/bosque-otonal.jpg";s:5:"sizes";a:0:{}s:10:"image_meta";a:12:{s:8:"aperture";s:1:"0";s:6:"credit";s:0:"";s:6:"camera";s:0:"";s:7:"caption";s:0:"";s:17:"created_timestamp";s:1:"0";s:9:"copyright";s:7:"Smileus";s:12:"focal_length";s:1:"0";s:3:"iso";s:1:"0";s:13:"shutter_speed";s:1:"0";s:5:"title";s:0:"";s:11:"orientation";s:1:"1";s:8:"keywords";a:0:{}}}]]></wp:meta_value>
		</wp:postmeta>
							</item>
					<item>
		<title><![CDATA[portada_valaparaiso_1]]></title>
		<link>http://localhost/sass-wp/field175959_1920/</link>
		<pubDate>Fri, 23 Jul 2021 16:32:17 +0000</pubDate>
		<dc:creator><![CDATA[webmaster]]></dc:creator>
		<guid isPermaLink="false">http://localhost/sass-wp/wp-content/uploads/2021/07/field175959_1920.jpg</guid>
		<description></description>
		<content:encoded><![CDATA[]]></content:encoded>
		<excerpt:encoded><![CDATA[HONRAMOS A QUIEN AMAS]]></excerpt:encoded>
		<wp:post_id>19244</wp:post_id>
		<wp:post_date><![CDATA[2021-07-23 16:32:17]]></wp:post_date>
		<wp:post_date_gmt><![CDATA[2021-07-23 16:32:17]]></wp:post_date_gmt>
		<wp:post_modified><![CDATA[2021-07-23 16:54:21]]></wp:post_modified>
		<wp:post_modified_gmt><![CDATA[2021-07-23 16:54:21]]></wp:post_modified_gmt>
		<wp:comment_status><![CDATA[open]]></wp:comment_status>
		<wp:ping_status><![CDATA[closed]]></wp:ping_status>
		<wp:post_name><![CDATA[field175959_1920]]></wp:post_name>
		<wp:status><![CDATA[inherit]]></wp:status>
		<wp:post_parent>0</wp:post_parent>
		<wp:menu_order>0</wp:menu_order>
		<wp:post_type><![CDATA[attachment]]></wp:post_type>
		<wp:post_password><![CDATA[]]></wp:post_password>
		<wp:is_sticky>0</wp:is_sticky>
						<wp:attachment_url><![CDATA[http://localhost/sass-wp/wp-content/uploads/2021/07/field175959_1920.jpg]]></wp:attachment_url>
											<wp:postmeta>
		<wp:meta_key><![CDATA[_wp_attached_file]]></wp:meta_key>
		<wp:meta_value><![CDATA[2021/07/field175959_1920.jpg]]></wp:meta_value>
		</wp:postmeta>
							<wp:postmeta>
		<wp:meta_key><![CDATA[_wp_attachment_metadata]]></wp:meta_key>
		<wp:meta_value><![CDATA[a:5:{s:5:"width";i:1600;s:6:"height";i:600;s:4:"file";s:28:"2021/07/field175959_1920.jpg";s:5:"sizes";a:0:{}s:10:"image_meta";a:12:{s:8:"aperture";s:1:"0";s:6:"credit";s:0:"";s:6:"camera";s:0:"";s:7:"caption";s:0:"";s:17:"created_timestamp";s:1:"0";s:9:"copyright";s:0:"";s:12:"focal_length";s:1:"0";s:3:"iso";s:1:"0";s:13:"shutter_speed";s:1:"0";s:5:"title";s:0:"";s:11:"orientation";s:1:"0";s:8:"keywords";a:0:{}}}]]></wp:meta_value>
		</wp:postmeta>
							</item>
					<item>
		<title><![CDATA[Header-Blue-Merged-995x300]]></title>
		<link>http://localhost/sass-wp/header-blue-merged-995x300/</link>
		<pubDate>Fri, 23 Jul 2021 17:06:47 +0000</pubDate>
		<dc:creator><![CDATA[webmaster]]></dc:creator>
		<guid isPermaLink="false">http://localhost/sass-wp/wp-content/uploads/2021/07/Header-Blue-Merged-995x300-1.png</guid>
		<description></description>
		<content:encoded><![CDATA[]]></content:encoded>
		<excerpt:encoded><![CDATA[]]></excerpt:encoded>
		<wp:post_id>19245</wp:post_id>
		<wp:post_date><![CDATA[2021-07-23 17:06:47]]></wp:post_date>
		<wp:post_date_gmt><![CDATA[2021-07-23 17:06:47]]></wp:post_date_gmt>
		<wp:post_modified><![CDATA[2021-07-23 17:06:47]]></wp:post_modified>
		<wp:post_modified_gmt><![CDATA[2021-07-23 17:06:47]]></wp:post_modified_gmt>
		<wp:comment_status><![CDATA[open]]></wp:comment_status>
		<wp:ping_status><![CDATA[closed]]></wp:ping_status>
		<wp:post_name><![CDATA[header-blue-merged-995x300]]></wp:post_name>
		<wp:status><![CDATA[inherit]]></wp:status>
		<wp:post_parent>0</wp:post_parent>
		<wp:menu_order>0</wp:menu_order>
		<wp:post_type><![CDATA[attachment]]></wp:post_type>
		<wp:post_password><![CDATA[]]></wp:post_password>
		<wp:is_sticky>0</wp:is_sticky>
						<wp:attachment_url><![CDATA[http://localhost/sass-wp/wp-content/uploads/2021/07/Header-Blue-Merged-995x300-1.png]]></wp:attachment_url>
											<wp:postmeta>
		<wp:meta_key><![CDATA[_wp_attached_file]]></wp:meta_key>
		<wp:meta_value><![CDATA[2021/07/Header-Blue-Merged-995x300-1.png]]></wp:meta_value>
		</wp:postmeta>
							<wp:postmeta>
		<wp:meta_key><![CDATA[_wp_attachment_metadata]]></wp:meta_key>
		<wp:meta_value><![CDATA[a:5:{s:5:"width";i:995;s:6:"height";i:300;s:4:"file";s:40:"2021/07/Header-Blue-Merged-995x300-1.png";s:5:"sizes";a:0:{}s:10:"image_meta";a:12:{s:8:"aperture";s:1:"0";s:6:"credit";s:0:"";s:6:"camera";s:0:"";s:7:"caption";s:0:"";s:17:"created_timestamp";s:1:"0";s:9:"copyright";s:0:"";s:12:"focal_length";s:1:"0";s:3:"iso";s:1:"0";s:13:"shutter_speed";s:1:"0";s:5:"title";s:0:"";s:11:"orientation";s:1:"0";s:8:"keywords";a:0:{}}}]]></wp:meta_value>
		</wp:postmeta>
							</item>
					<item>
		<title><![CDATA[account-for-your-lifestyle-banner-995x300]]></title>
		<link>http://localhost/sass-wp/account-for-your-lifestyle-banner-995x300/</link>
		<pubDate>Fri, 23 Jul 2021 17:09:07 +0000</pubDate>
		<dc:creator><![CDATA[webmaster]]></dc:creator>
		<guid isPermaLink="false">http://localhost/sass-wp/wp-content/uploads/2021/07/account-for-your-lifestyle-banner-995x300-1.jpg</guid>
		<description></description>
		<content:encoded><![CDATA[]]></content:encoded>
		<excerpt:encoded><![CDATA[]]></excerpt:encoded>
		<wp:post_id>19246</wp:post_id>
		<wp:post_date><![CDATA[2021-07-23 17:09:07]]></wp:post_date>
		<wp:post_date_gmt><![CDATA[2021-07-23 17:09:07]]></wp:post_date_gmt>
		<wp:post_modified><![CDATA[2021-07-23 17:09:07]]></wp:post_modified>
		<wp:post_modified_gmt><![CDATA[2021-07-23 17:09:07]]></wp:post_modified_gmt>
		<wp:comment_status><![CDATA[open]]></wp:comment_status>
		<wp:ping_status><![CDATA[closed]]></wp:ping_status>
		<wp:post_name><![CDATA[account-for-your-lifestyle-banner-995x300]]></wp:post_name>
		<wp:status><![CDATA[inherit]]></wp:status>
		<wp:post_parent>0</wp:post_parent>
		<wp:menu_order>0</wp:menu_order>
		<wp:post_type><![CDATA[attachment]]></wp:post_type>
		<wp:post_password><![CDATA[]]></wp:post_password>
		<wp:is_sticky>0</wp:is_sticky>
						<wp:attachment_url><![CDATA[http://localhost/sass-wp/wp-content/uploads/2021/07/account-for-your-lifestyle-banner-995x300-1.jpg]]></wp:attachment_url>
											<wp:postmeta>
		<wp:meta_key><![CDATA[_wp_attached_file]]></wp:meta_key>
		<wp:meta_value><![CDATA[2021/07/account-for-your-lifestyle-banner-995x300-1.jpg]]></wp:meta_value>
		</wp:postmeta>
							<wp:postmeta>
		<wp:meta_key><![CDATA[_wp_attachment_metadata]]></wp:meta_key>
		<wp:meta_value><![CDATA[a:5:{s:5:"width";i:995;s:6:"height";i:300;s:4:"file";s:55:"2021/07/account-for-your-lifestyle-banner-995x300-1.jpg";s:5:"sizes";a:0:{}s:10:"image_meta";a:12:{s:8:"aperture";s:1:"0";s:6:"credit";s:0:"";s:6:"camera";s:0:"";s:7:"caption";s:0:"";s:17:"created_timestamp";s:1:"0";s:9:"copyright";s:0:"";s:12:"focal_length";s:1:"0";s:3:"iso";s:1:"0";s:13:"shutter_speed";s:1:"0";s:5:"title";s:0:"";s:11:"orientation";s:1:"0";s:8:"keywords";a:0:{}}}]]></wp:meta_value>
		</wp:postmeta>
							</item>
					<item>
		<title><![CDATA[fraudprevention-banner-995x300]]></title>
		<link>http://localhost/sass-wp/fraudprevention-banner-995x300/</link>
		<pubDate>Fri, 23 Jul 2021 17:09:08 +0000</pubDate>
		<dc:creator><![CDATA[webmaster]]></dc:creator>
		<guid isPermaLink="false">http://localhost/sass-wp/wp-content/uploads/2021/07/fraudprevention-banner-995x300-1.jpg</guid>
		<description></description>
		<content:encoded><![CDATA[]]></content:encoded>
		<excerpt:encoded><![CDATA[]]></excerpt:encoded>
		<wp:post_id>19247</wp:post_id>
		<wp:post_date><![CDATA[2021-07-23 17:09:08]]></wp:post_date>
		<wp:post_date_gmt><![CDATA[2021-07-23 17:09:08]]></wp:post_date_gmt>
		<wp:post_modified><![CDATA[2021-07-23 17:09:08]]></wp:post_modified>
		<wp:post_modified_gmt><![CDATA[2021-07-23 17:09:08]]></wp:post_modified_gmt>
		<wp:comment_status><![CDATA[open]]></wp:comment_status>
		<wp:ping_status><![CDATA[closed]]></wp:ping_status>
		<wp:post_name><![CDATA[fraudprevention-banner-995x300]]></wp:post_name>
		<wp:status><![CDATA[inherit]]></wp:status>
		<wp:post_parent>0</wp:post_parent>
		<wp:menu_order>0</wp:menu_order>
		<wp:post_type><![CDATA[attachment]]></wp:post_type>
		<wp:post_password><![CDATA[]]></wp:post_password>
		<wp:is_sticky>0</wp:is_sticky>
						<wp:attachment_url><![CDATA[http://localhost/sass-wp/wp-content/uploads/2021/07/fraudprevention-banner-995x300-1.jpg]]></wp:attachment_url>
											<wp:postmeta>
		<wp:meta_key><![CDATA[_wp_attached_file]]></wp:meta_key>
		<wp:meta_value><![CDATA[2021/07/fraudprevention-banner-995x300-1.jpg]]></wp:meta_value>
		</wp:postmeta>
							<wp:postmeta>
		<wp:meta_key><![CDATA[_wp_attachment_metadata]]></wp:meta_key>
		<wp:meta_value><![CDATA[a:5:{s:5:"width";i:995;s:6:"height";i:300;s:4:"file";s:44:"2021/07/fraudprevention-banner-995x300-1.jpg";s:5:"sizes";a:0:{}s:10:"image_meta";a:12:{s:8:"aperture";s:1:"0";s:6:"credit";s:0:"";s:6:"camera";s:0:"";s:7:"caption";s:0:"";s:17:"created_timestamp";s:1:"0";s:9:"copyright";s:0:"";s:12:"focal_length";s:1:"0";s:3:"iso";s:1:"0";s:13:"shutter_speed";s:1:"0";s:5:"title";s:0:"";s:11:"orientation";s:1:"0";s:8:"keywords";a:0:{}}}]]></wp:meta_value>
		</wp:postmeta>
							</item>
					<item>
		<title><![CDATA[img-maryland-995x300]]></title>
		<link>http://localhost/sass-wp/img-maryland-995x300/</link>
		<pubDate>Fri, 23 Jul 2021 17:09:08 +0000</pubDate>
		<dc:creator><![CDATA[webmaster]]></dc:creator>
		<guid isPermaLink="false">http://localhost/sass-wp/wp-content/uploads/2021/07/img-maryland-995x300-1.jpg</guid>
		<description></description>
		<content:encoded><![CDATA[]]></content:encoded>
		<excerpt:encoded><![CDATA[]]></excerpt:encoded>
		<wp:post_id>19248</wp:post_id>
		<wp:post_date><![CDATA[2021-07-23 17:09:08]]></wp:post_date>
		<wp:post_date_gmt><![CDATA[2021-07-23 17:09:08]]></wp:post_date_gmt>
		<wp:post_modified><![CDATA[2021-07-23 17:09:08]]></wp:post_modified>
		<wp:post_modified_gmt><![CDATA[2021-07-23 17:09:08]]></wp:post_modified_gmt>
		<wp:comment_status><![CDATA[open]]></wp:comment_status>
		<wp:ping_status><![CDATA[closed]]></wp:ping_status>
		<wp:post_name><![CDATA[img-maryland-995x300]]></wp:post_name>
		<wp:status><![CDATA[inherit]]></wp:status>
		<wp:post_parent>0</wp:post_parent>
		<wp:menu_order>0</wp:menu_order>
		<wp:post_type><![CDATA[attachment]]></wp:post_type>
		<wp:post_password><![CDATA[]]></wp:post_password>
		<wp:is_sticky>0</wp:is_sticky>
						<wp:attachment_url><![CDATA[http://localhost/sass-wp/wp-content/uploads/2021/07/img-maryland-995x300-1.jpg]]></wp:attachment_url>
											<wp:postmeta>
		<wp:meta_key><![CDATA[_wp_attached_file]]></wp:meta_key>
		<wp:meta_value><![CDATA[2021/07/img-maryland-995x300-1.jpg]]></wp:meta_value>
		</wp:postmeta>
							<wp:postmeta>
		<wp:meta_key><![CDATA[_wp_attachment_metadata]]></wp:meta_key>
		<wp:meta_value><![CDATA[a:5:{s:5:"width";i:995;s:6:"height";i:300;s:4:"file";s:34:"2021/07/img-maryland-995x300-1.jpg";s:5:"sizes";a:0:{}s:10:"image_meta";a:12:{s:8:"aperture";s:1:"0";s:6:"credit";s:0:"";s:6:"camera";s:0:"";s:7:"caption";s:0:"";s:17:"created_timestamp";s:1:"0";s:9:"copyright";s:0:"";s:12:"focal_length";s:1:"0";s:3:"iso";s:1:"0";s:13:"shutter_speed";s:1:"0";s:5:"title";s:0:"";s:11:"orientation";s:1:"0";s:8:"keywords";a:0:{}}}]]></wp:meta_value>
		</wp:postmeta>
							</item>
					<item>
		<title><![CDATA[Online-oglasavanje_99083654-2-995x300]]></title>
		<link>http://localhost/sass-wp/online-oglasavanje_99083654-2-995x300/</link>
		<pubDate>Fri, 23 Jul 2021 17:09:09 +0000</pubDate>
		<dc:creator><![CDATA[webmaster]]></dc:creator>
		<guid isPermaLink="false">http://localhost/sass-wp/wp-content/uploads/2021/07/Online-oglasavanje_99083654-2-995x300-1.jpg</guid>
		<description></description>
		<content:encoded><![CDATA[]]></content:encoded>
		<excerpt:encoded><![CDATA[]]></excerpt:encoded>
		<wp:post_id>19249</wp:post_id>
		<wp:post_date><![CDATA[2021-07-23 17:09:09]]></wp:post_date>
		<wp:post_date_gmt><![CDATA[2021-07-23 17:09:09]]></wp:post_date_gmt>
		<wp:post_modified><![CDATA[2021-07-23 17:09:09]]></wp:post_modified>
		<wp:post_modified_gmt><![CDATA[2021-07-23 17:09:09]]></wp:post_modified_gmt>
		<wp:comment_status><![CDATA[open]]></wp:comment_status>
		<wp:ping_status><![CDATA[closed]]></wp:ping_status>
		<wp:post_name><![CDATA[online-oglasavanje_99083654-2-995x300]]></wp:post_name>
		<wp:status><![CDATA[inherit]]></wp:status>
		<wp:post_parent>0</wp:post_parent>
		<wp:menu_order>0</wp:menu_order>
		<wp:post_type><![CDATA[attachment]]></wp:post_type>
		<wp:post_password><![CDATA[]]></wp:post_password>
		<wp:is_sticky>0</wp:is_sticky>
						<wp:attachment_url><![CDATA[http://localhost/sass-wp/wp-content/uploads/2021/07/Online-oglasavanje_99083654-2-995x300-1.jpg]]></wp:attachment_url>
											<wp:postmeta>
		<wp:meta_key><![CDATA[_wp_attached_file]]></wp:meta_key>
		<wp:meta_value><![CDATA[2021/07/Online-oglasavanje_99083654-2-995x300-1.jpg]]></wp:meta_value>
		</wp:postmeta>
							<wp:postmeta>
		<wp:meta_key><![CDATA[_wp_attachment_metadata]]></wp:meta_key>
		<wp:meta_value><![CDATA[a:5:{s:5:"width";i:995;s:6:"height";i:300;s:4:"file";s:51:"2021/07/Online-oglasavanje_99083654-2-995x300-1.jpg";s:5:"sizes";a:0:{}s:10:"image_meta";a:12:{s:8:"aperture";s:1:"0";s:6:"credit";s:0:"";s:6:"camera";s:0:"";s:7:"caption";s:0:"";s:17:"created_timestamp";s:1:"0";s:9:"copyright";s:0:"";s:12:"focal_length";s:1:"0";s:3:"iso";s:1:"0";s:13:"shutter_speed";s:1:"0";s:5:"title";s:0:"";s:11:"orientation";s:1:"0";s:8:"keywords";a:0:{}}}]]></wp:meta_value>
		</wp:postmeta>
							</item>
					<item>
		<title><![CDATA[WallpaperDog-11032562]]></title>
		<link>http://localhost/sass-wp/wallpaperdog-11032562/</link>
		<pubDate>Fri, 23 Jul 2021 17:43:24 +0000</pubDate>
		<dc:creator><![CDATA[webmaster]]></dc:creator>
		<guid isPermaLink="false">http://localhost/sass-wp/wp-content/uploads/2021/07/WallpaperDog-11032562.jpg</guid>
		<description></description>
		<content:encoded><![CDATA[]]></content:encoded>
		<excerpt:encoded><![CDATA[]]></excerpt:encoded>
		<wp:post_id>19250</wp:post_id>
		<wp:post_date><![CDATA[2021-07-23 17:43:24]]></wp:post_date>
		<wp:post_date_gmt><![CDATA[2021-07-23 17:43:24]]></wp:post_date_gmt>
		<wp:post_modified><![CDATA[2021-07-23 17:43:24]]></wp:post_modified>
		<wp:post_modified_gmt><![CDATA[2021-07-23 17:43:24]]></wp:post_modified_gmt>
		<wp:comment_status><![CDATA[open]]></wp:comment_status>
		<wp:ping_status><![CDATA[closed]]></wp:ping_status>
		<wp:post_name><![CDATA[wallpaperdog-11032562]]></wp:post_name>
		<wp:status><![CDATA[inherit]]></wp:status>
		<wp:post_parent>0</wp:post_parent>
		<wp:menu_order>0</wp:menu_order>
		<wp:post_type><![CDATA[attachment]]></wp:post_type>
		<wp:post_password><![CDATA[]]></wp:post_password>
		<wp:is_sticky>0</wp:is_sticky>
						<wp:attachment_url><![CDATA[http://localhost/sass-wp/wp-content/uploads/2021/07/WallpaperDog-11032562.jpg]]></wp:attachment_url>
											<wp:postmeta>
		<wp:meta_key><![CDATA[_wp_attached_file]]></wp:meta_key>
		<wp:meta_value><![CDATA[2021/07/WallpaperDog-11032562.jpg]]></wp:meta_value>
		</wp:postmeta>
							<wp:postmeta>
		<wp:meta_key><![CDATA[_wp_attachment_metadata]]></wp:meta_key>
		<wp:meta_value><![CDATA[a:5:{s:5:"width";i:1920;s:6:"height";i:1200;s:4:"file";s:33:"2021/07/WallpaperDog-11032562.jpg";s:5:"sizes";a:0:{}s:10:"image_meta";a:12:{s:8:"aperture";s:1:"0";s:6:"credit";s:0:"";s:6:"camera";s:0:"";s:7:"caption";s:0:"";s:17:"created_timestamp";s:1:"0";s:9:"copyright";s:0:"";s:12:"focal_length";s:1:"0";s:3:"iso";s:1:"0";s:13:"shutter_speed";s:1:"0";s:5:"title";s:0:"";s:11:"orientation";s:1:"0";s:8:"keywords";a:0:{}}}]]></wp:meta_value>
		</wp:postmeta>
							</item>
					<item>
		<title><![CDATA[2WallpaperDog-11032573]]></title>
		<link>http://localhost/sass-wp/2wallpaperdog-11032573/</link>
		<pubDate>Fri, 23 Jul 2021 17:44:46 +0000</pubDate>
		<dc:creator><![CDATA[webmaster]]></dc:creator>
		<guid isPermaLink="false">http://localhost/sass-wp/wp-content/uploads/2021/07/2WallpaperDog-11032573.jpg</guid>
		<description></description>
		<content:encoded><![CDATA[]]></content:encoded>
		<excerpt:encoded><![CDATA[]]></excerpt:encoded>
		<wp:post_id>19251</wp:post_id>
		<wp:post_date><![CDATA[2021-07-23 17:44:46]]></wp:post_date>
		<wp:post_date_gmt><![CDATA[2021-07-23 17:44:46]]></wp:post_date_gmt>
		<wp:post_modified><![CDATA[2021-07-23 17:44:46]]></wp:post_modified>
		<wp:post_modified_gmt><![CDATA[2021-07-23 17:44:46]]></wp:post_modified_gmt>
		<wp:comment_status><![CDATA[open]]></wp:comment_status>
		<wp:ping_status><![CDATA[closed]]></wp:ping_status>
		<wp:post_name><![CDATA[2wallpaperdog-11032573]]></wp:post_name>
		<wp:status><![CDATA[inherit]]></wp:status>
		<wp:post_parent>0</wp:post_parent>
		<wp:menu_order>0</wp:menu_order>
		<wp:post_type><![CDATA[attachment]]></wp:post_type>
		<wp:post_password><![CDATA[]]></wp:post_password>
		<wp:is_sticky>0</wp:is_sticky>
						<wp:attachment_url><![CDATA[http://localhost/sass-wp/wp-content/uploads/2021/07/2WallpaperDog-11032573.jpg]]></wp:attachment_url>
											<wp:postmeta>
		<wp:meta_key><![CDATA[_wp_attached_file]]></wp:meta_key>
		<wp:meta_value><![CDATA[2021/07/2WallpaperDog-11032573.jpg]]></wp:meta_value>
		</wp:postmeta>
							<wp:postmeta>
		<wp:meta_key><![CDATA[_wp_attachment_metadata]]></wp:meta_key>
		<wp:meta_value><![CDATA[a:5:{s:5:"width";i:1920;s:6:"height";i:1200;s:4:"file";s:34:"2021/07/2WallpaperDog-11032573.jpg";s:5:"sizes";a:0:{}s:10:"image_meta";a:12:{s:8:"aperture";s:1:"0";s:6:"credit";s:0:"";s:6:"camera";s:0:"";s:7:"caption";s:0:"";s:17:"created_timestamp";s:1:"0";s:9:"copyright";s:0:"";s:12:"focal_length";s:1:"0";s:3:"iso";s:1:"0";s:13:"shutter_speed";s:1:"0";s:5:"title";s:0:"";s:11:"orientation";s:1:"0";s:8:"keywords";a:0:{}}}]]></wp:meta_value>
		</wp:postmeta>
							</item>
					<item>
		<title><![CDATA[proxima-nosotros]]></title>
		<link>http://localhost/sass-wp/nosotros/proxima-nosotros/</link>
		<pubDate>Wed, 04 Aug 2021 17:43:24 +0000</pubDate>
		<dc:creator><![CDATA[webmaster]]></dc:creator>
		<guid isPermaLink="false">http://localhost/sass-wp/wp-content/uploads/2021/08/proxima-nosotros.png</guid>
		<description></description>
		<content:encoded><![CDATA[]]></content:encoded>
		<excerpt:encoded><![CDATA[]]></excerpt:encoded>
		<wp:post_id>19269</wp:post_id>
		<wp:post_date><![CDATA[2021-08-04 17:43:24]]></wp:post_date>
		<wp:post_date_gmt><![CDATA[2021-08-04 17:43:24]]></wp:post_date_gmt>
		<wp:post_modified><![CDATA[2021-08-04 17:45:14]]></wp:post_modified>
		<wp:post_modified_gmt><![CDATA[2021-08-04 17:45:14]]></wp:post_modified_gmt>
		<wp:comment_status><![CDATA[open]]></wp:comment_status>
		<wp:ping_status><![CDATA[closed]]></wp:ping_status>
		<wp:post_name><![CDATA[proxima-nosotros]]></wp:post_name>
		<wp:status><![CDATA[inherit]]></wp:status>
		<wp:post_parent>14</wp:post_parent>
		<wp:menu_order>0</wp:menu_order>
		<wp:post_type><![CDATA[attachment]]></wp:post_type>
		<wp:post_password><![CDATA[]]></wp:post_password>
		<wp:is_sticky>0</wp:is_sticky>
						<wp:attachment_url><![CDATA[http://localhost/sass-wp/wp-content/uploads/2021/08/proxima-nosotros.png]]></wp:attachment_url>
											<wp:postmeta>
		<wp:meta_key><![CDATA[_wp_attached_file]]></wp:meta_key>
		<wp:meta_value><![CDATA[2021/08/proxima-nosotros.png]]></wp:meta_value>
		</wp:postmeta>
							<wp:postmeta>
		<wp:meta_key><![CDATA[_wp_attachment_metadata]]></wp:meta_key>
		<wp:meta_value><![CDATA[a:5:{s:5:"width";i:1053;s:6:"height";i:442;s:4:"file";s:28:"2021/08/proxima-nosotros.png";s:5:"sizes";a:0:{}s:10:"image_meta";a:12:{s:8:"aperture";s:1:"0";s:6:"credit";s:0:"";s:6:"camera";s:0:"";s:7:"caption";s:0:"";s:17:"created_timestamp";s:1:"0";s:9:"copyright";s:0:"";s:12:"focal_length";s:1:"0";s:3:"iso";s:1:"0";s:13:"shutter_speed";s:1:"0";s:5:"title";s:0:"";s:11:"orientation";s:1:"0";s:8:"keywords";a:0:{}}}]]></wp:meta_value>
		</wp:postmeta>
							<wp:postmeta>
		<wp:meta_key><![CDATA[_wp_attachment_image_alt]]></wp:meta_key>
		<wp:meta_value><![CDATA[nosotros proxima]]></wp:meta_value>
		</wp:postmeta>
							</item>
					<item>
		<title><![CDATA[proxima-nosotros]]></title>
		<link>http://localhost/sass-wp/nosotros/proxima-nosotros-2/</link>
		<pubDate>Tue, 17 Aug 2021 16:16:46 +0000</pubDate>
		<dc:creator><![CDATA[webmaster]]></dc:creator>
		<guid isPermaLink="false">http://localhost/sass-wp/wp-content/uploads/2021/08/proxima-nosotros-1.png</guid>
		<description></description>
		<content:encoded><![CDATA[]]></content:encoded>
		<excerpt:encoded><![CDATA[]]></excerpt:encoded>
		<wp:post_id>19292</wp:post_id>
		<wp:post_date><![CDATA[2021-08-17 16:16:46]]></wp:post_date>
		<wp:post_date_gmt><![CDATA[2021-08-17 16:16:46]]></wp:post_date_gmt>
		<wp:post_modified><![CDATA[2021-08-17 16:16:46]]></wp:post_modified>
		<wp:post_modified_gmt><![CDATA[2021-08-17 16:16:46]]></wp:post_modified_gmt>
		<wp:comment_status><![CDATA[open]]></wp:comment_status>
		<wp:ping_status><![CDATA[closed]]></wp:ping_status>
		<wp:post_name><![CDATA[proxima-nosotros-2]]></wp:post_name>
		<wp:status><![CDATA[inherit]]></wp:status>
		<wp:post_parent>14</wp:post_parent>
		<wp:menu_order>0</wp:menu_order>
		<wp:post_type><![CDATA[attachment]]></wp:post_type>
		<wp:post_password><![CDATA[]]></wp:post_password>
		<wp:is_sticky>0</wp:is_sticky>
						<wp:attachment_url><![CDATA[http://localhost/sass-wp/wp-content/uploads/2021/08/proxima-nosotros-1.png]]></wp:attachment_url>
											<wp:postmeta>
		<wp:meta_key><![CDATA[_wp_attached_file]]></wp:meta_key>
		<wp:meta_value><![CDATA[2021/08/proxima-nosotros-1.png]]></wp:meta_value>
		</wp:postmeta>
							<wp:postmeta>
		<wp:meta_key><![CDATA[_wp_attachment_metadata]]></wp:meta_key>
		<wp:meta_value><![CDATA[a:5:{s:5:"width";i:1200;s:6:"height";i:900;s:4:"file";s:30:"2021/08/proxima-nosotros-1.png";s:5:"sizes";a:0:{}s:10:"image_meta";a:12:{s:8:"aperture";s:1:"0";s:6:"credit";s:0:"";s:6:"camera";s:0:"";s:7:"caption";s:0:"";s:17:"created_timestamp";s:1:"0";s:9:"copyright";s:0:"";s:12:"focal_length";s:1:"0";s:3:"iso";s:1:"0";s:13:"shutter_speed";s:1:"0";s:5:"title";s:0:"";s:11:"orientation";s:1:"0";s:8:"keywords";a:0:{}}}]]></wp:meta_value>
		</wp:postmeta>
							</item>
					<item>
		<title><![CDATA[proxima-nosotros3]]></title>
		<link>http://localhost/sass-wp/nosotros/proxima-nosotros3/</link>
		<pubDate>Tue, 17 Aug 2021 16:18:31 +0000</pubDate>
		<dc:creator><![CDATA[webmaster]]></dc:creator>
		<guid isPermaLink="false">http://localhost/sass-wp/wp-content/uploads/2021/08/proxima-nosotros3.png</guid>
		<description></description>
		<content:encoded><![CDATA[]]></content:encoded>
		<excerpt:encoded><![CDATA[]]></excerpt:encoded>
		<wp:post_id>19294</wp:post_id>
		<wp:post_date><![CDATA[2021-08-17 16:18:31]]></wp:post_date>
		<wp:post_date_gmt><![CDATA[2021-08-17 16:18:31]]></wp:post_date_gmt>
		<wp:post_modified><![CDATA[2021-08-17 16:18:31]]></wp:post_modified>
		<wp:post_modified_gmt><![CDATA[2021-08-17 16:18:31]]></wp:post_modified_gmt>
		<wp:comment_status><![CDATA[open]]></wp:comment_status>
		<wp:ping_status><![CDATA[closed]]></wp:ping_status>
		<wp:post_name><![CDATA[proxima-nosotros3]]></wp:post_name>
		<wp:status><![CDATA[inherit]]></wp:status>
		<wp:post_parent>14</wp:post_parent>
		<wp:menu_order>0</wp:menu_order>
		<wp:post_type><![CDATA[attachment]]></wp:post_type>
		<wp:post_password><![CDATA[]]></wp:post_password>
		<wp:is_sticky>0</wp:is_sticky>
						<wp:attachment_url><![CDATA[http://localhost/sass-wp/wp-content/uploads/2021/08/proxima-nosotros3.png]]></wp:attachment_url>
											<wp:postmeta>
		<wp:meta_key><![CDATA[_wp_attached_file]]></wp:meta_key>
		<wp:meta_value><![CDATA[2021/08/proxima-nosotros3.png]]></wp:meta_value>
		</wp:postmeta>
							<wp:postmeta>
		<wp:meta_key><![CDATA[_wp_attachment_metadata]]></wp:meta_key>
		<wp:meta_value><![CDATA[a:5:{s:5:"width";i:800;s:6:"height";i:350;s:4:"file";s:29:"2021/08/proxima-nosotros3.png";s:5:"sizes";a:0:{}s:10:"image_meta";a:12:{s:8:"aperture";s:1:"0";s:6:"credit";s:0:"";s:6:"camera";s:0:"";s:7:"caption";s:0:"";s:17:"created_timestamp";s:1:"0";s:9:"copyright";s:0:"";s:12:"focal_length";s:1:"0";s:3:"iso";s:1:"0";s:13:"shutter_speed";s:1:"0";s:5:"title";s:0:"";s:11:"orientation";s:1:"0";s:8:"keywords";a:0:{}}}]]></wp:meta_value>
		</wp:postmeta>
							</item>
					<item>
		<title><![CDATA[Recurso 2-8]]></title>
		<link>http://localhost/sass-wp/?attachment_id=19306</link>
		<pubDate>Tue, 17 Aug 2021 18:07:47 +0000</pubDate>
		<dc:creator><![CDATA[webmaster]]></dc:creator>
		<guid isPermaLink="false">http://localhost/sass-wp/wp-content/uploads/2021/08/Recurso-2-8.png</guid>
		<description></description>
		<content:encoded><![CDATA[]]></content:encoded>
		<excerpt:encoded><![CDATA[]]></excerpt:encoded>
		<wp:post_id>19306</wp:post_id>
		<wp:post_date><![CDATA[2021-08-17 18:07:47]]></wp:post_date>
		<wp:post_date_gmt><![CDATA[2021-08-17 18:07:47]]></wp:post_date_gmt>
		<wp:post_modified><![CDATA[2021-08-17 18:07:47]]></wp:post_modified>
		<wp:post_modified_gmt><![CDATA[2021-08-17 18:07:47]]></wp:post_modified_gmt>
		<wp:comment_status><![CDATA[open]]></wp:comment_status>
		<wp:ping_status><![CDATA[closed]]></wp:ping_status>
		<wp:post_name><![CDATA[recurso-2-8]]></wp:post_name>
		<wp:status><![CDATA[inherit]]></wp:status>
		<wp:post_parent>19277</wp:post_parent>
		<wp:menu_order>0</wp:menu_order>
		<wp:post_type><![CDATA[attachment]]></wp:post_type>
		<wp:post_password><![CDATA[]]></wp:post_password>
		<wp:is_sticky>0</wp:is_sticky>
						<wp:attachment_url><![CDATA[http://localhost/sass-wp/wp-content/uploads/2021/08/Recurso-2-8.png]]></wp:attachment_url>
											<wp:postmeta>
		<wp:meta_key><![CDATA[_wp_attached_file]]></wp:meta_key>
		<wp:meta_value><![CDATA[2021/08/Recurso-2-8.png]]></wp:meta_value>
		</wp:postmeta>
							<wp:postmeta>
		<wp:meta_key><![CDATA[_wp_attachment_metadata]]></wp:meta_key>
		<wp:meta_value><![CDATA[a:5:{s:5:"width";i:519;s:6:"height";i:341;s:4:"file";s:23:"2021/08/Recurso-2-8.png";s:5:"sizes";a:0:{}s:10:"image_meta";a:12:{s:8:"aperture";s:1:"0";s:6:"credit";s:0:"";s:6:"camera";s:0:"";s:7:"caption";s:0:"";s:17:"created_timestamp";s:1:"0";s:9:"copyright";s:0:"";s:12:"focal_length";s:1:"0";s:3:"iso";s:1:"0";s:13:"shutter_speed";s:1:"0";s:5:"title";s:0:"";s:11:"orientation";s:1:"0";s:8:"keywords";a:0:{}}}]]></wp:meta_value>
		</wp:postmeta>
							</item>
					<item>
		<title><![CDATA[Recurso 3-8]]></title>
		<link>http://localhost/sass-wp/?attachment_id=19307</link>
		<pubDate>Tue, 17 Aug 2021 18:12:15 +0000</pubDate>
		<dc:creator><![CDATA[webmaster]]></dc:creator>
		<guid isPermaLink="false">http://localhost/sass-wp/wp-content/uploads/2021/08/Recurso-3-8.png</guid>
		<description></description>
		<content:encoded><![CDATA[]]></content:encoded>
		<excerpt:encoded><![CDATA[]]></excerpt:encoded>
		<wp:post_id>19307</wp:post_id>
		<wp:post_date><![CDATA[2021-08-17 18:12:15]]></wp:post_date>
		<wp:post_date_gmt><![CDATA[2021-08-17 18:12:15]]></wp:post_date_gmt>
		<wp:post_modified><![CDATA[2021-08-17 18:12:15]]></wp:post_modified>
		<wp:post_modified_gmt><![CDATA[2021-08-17 18:12:15]]></wp:post_modified_gmt>
		<wp:comment_status><![CDATA[open]]></wp:comment_status>
		<wp:ping_status><![CDATA[closed]]></wp:ping_status>
		<wp:post_name><![CDATA[recurso-3-8]]></wp:post_name>
		<wp:status><![CDATA[inherit]]></wp:status>
		<wp:post_parent>19291</wp:post_parent>
		<wp:menu_order>0</wp:menu_order>
		<wp:post_type><![CDATA[attachment]]></wp:post_type>
		<wp:post_password><![CDATA[]]></wp:post_password>
		<wp:is_sticky>0</wp:is_sticky>
						<wp:attachment_url><![CDATA[http://localhost/sass-wp/wp-content/uploads/2021/08/Recurso-3-8.png]]></wp:attachment_url>
											<wp:postmeta>
		<wp:meta_key><![CDATA[_wp_attached_file]]></wp:meta_key>
		<wp:meta_value><![CDATA[2021/08/Recurso-3-8.png]]></wp:meta_value>
		</wp:postmeta>
							<wp:postmeta>
		<wp:meta_key><![CDATA[_wp_attachment_metadata]]></wp:meta_key>
		<wp:meta_value><![CDATA[a:5:{s:5:"width";i:519;s:6:"height";i:341;s:4:"file";s:23:"2021/08/Recurso-3-8.png";s:5:"sizes";a:0:{}s:10:"image_meta";a:12:{s:8:"aperture";s:1:"0";s:6:"credit";s:0:"";s:6:"camera";s:0:"";s:7:"caption";s:0:"";s:17:"created_timestamp";s:1:"0";s:9:"copyright";s:0:"";s:12:"focal_length";s:1:"0";s:3:"iso";s:1:"0";s:13:"shutter_speed";s:1:"0";s:5:"title";s:0:"";s:11:"orientation";s:1:"0";s:8:"keywords";a:0:{}}}]]></wp:meta_value>
		</wp:postmeta>
							</item>
					<item>
		<title><![CDATA[Recurso 4-8]]></title>
		<link>http://localhost/sass-wp/?attachment_id=19308</link>
		<pubDate>Tue, 17 Aug 2021 18:14:46 +0000</pubDate>
		<dc:creator><![CDATA[webmaster]]></dc:creator>
		<guid isPermaLink="false">http://localhost/sass-wp/wp-content/uploads/2021/08/Recurso-4-8.png</guid>
		<description></description>
		<content:encoded><![CDATA[]]></content:encoded>
		<excerpt:encoded><![CDATA[]]></excerpt:encoded>
		<wp:post_id>19308</wp:post_id>
		<wp:post_date><![CDATA[2021-08-17 18:14:46]]></wp:post_date>
		<wp:post_date_gmt><![CDATA[2021-08-17 18:14:46]]></wp:post_date_gmt>
		<wp:post_modified><![CDATA[2021-08-17 18:14:46]]></wp:post_modified>
		<wp:post_modified_gmt><![CDATA[2021-08-17 18:14:46]]></wp:post_modified_gmt>
		<wp:comment_status><![CDATA[open]]></wp:comment_status>
		<wp:ping_status><![CDATA[closed]]></wp:ping_status>
		<wp:post_name><![CDATA[recurso-4-8]]></wp:post_name>
		<wp:status><![CDATA[inherit]]></wp:status>
		<wp:post_parent>19278</wp:post_parent>
		<wp:menu_order>0</wp:menu_order>
		<wp:post_type><![CDATA[attachment]]></wp:post_type>
		<wp:post_password><![CDATA[]]></wp:post_password>
		<wp:is_sticky>0</wp:is_sticky>
						<wp:attachment_url><![CDATA[http://localhost/sass-wp/wp-content/uploads/2021/08/Recurso-4-8.png]]></wp:attachment_url>
											<wp:postmeta>
		<wp:meta_key><![CDATA[_wp_attached_file]]></wp:meta_key>
		<wp:meta_value><![CDATA[2021/08/Recurso-4-8.png]]></wp:meta_value>
		</wp:postmeta>
							<wp:postmeta>
		<wp:meta_key><![CDATA[_wp_attachment_metadata]]></wp:meta_key>
		<wp:meta_value><![CDATA[a:5:{s:5:"width";i:519;s:6:"height";i:341;s:4:"file";s:23:"2021/08/Recurso-4-8.png";s:5:"sizes";a:0:{}s:10:"image_meta";a:12:{s:8:"aperture";s:1:"0";s:6:"credit";s:0:"";s:6:"camera";s:0:"";s:7:"caption";s:0:"";s:17:"created_timestamp";s:1:"0";s:9:"copyright";s:0:"";s:12:"focal_length";s:1:"0";s:3:"iso";s:1:"0";s:13:"shutter_speed";s:1:"0";s:5:"title";s:0:"";s:11:"orientation";s:1:"0";s:8:"keywords";a:0:{}}}]]></wp:meta_value>
		</wp:postmeta>
							</item>
					<item>
		<title><![CDATA[Recurso 5-8]]></title>
		<link>http://localhost/sass-wp/recurso-5-8/</link>
		<pubDate>Tue, 17 Aug 2021 18:17:05 +0000</pubDate>
		<dc:creator><![CDATA[webmaster]]></dc:creator>
		<guid isPermaLink="false">http://localhost/sass-wp/wp-content/uploads/2021/08/Recurso-5-8.png</guid>
		<description></description>
		<content:encoded><![CDATA[]]></content:encoded>
		<excerpt:encoded><![CDATA[]]></excerpt:encoded>
		<wp:post_id>19309</wp:post_id>
		<wp:post_date><![CDATA[2021-08-17 18:17:05]]></wp:post_date>
		<wp:post_date_gmt><![CDATA[2021-08-17 18:17:05]]></wp:post_date_gmt>
		<wp:post_modified><![CDATA[2021-08-17 18:17:05]]></wp:post_modified>
		<wp:post_modified_gmt><![CDATA[2021-08-17 18:17:05]]></wp:post_modified_gmt>
		<wp:comment_status><![CDATA[open]]></wp:comment_status>
		<wp:ping_status><![CDATA[closed]]></wp:ping_status>
		<wp:post_name><![CDATA[recurso-5-8]]></wp:post_name>
		<wp:status><![CDATA[inherit]]></wp:status>
		<wp:post_parent>0</wp:post_parent>
		<wp:menu_order>0</wp:menu_order>
		<wp:post_type><![CDATA[attachment]]></wp:post_type>
		<wp:post_password><![CDATA[]]></wp:post_password>
		<wp:is_sticky>0</wp:is_sticky>
						<wp:attachment_url><![CDATA[http://localhost/sass-wp/wp-content/uploads/2021/08/Recurso-5-8.png]]></wp:attachment_url>
											<wp:postmeta>
		<wp:meta_key><![CDATA[_wp_attached_file]]></wp:meta_key>
		<wp:meta_value><![CDATA[2021/08/Recurso-5-8.png]]></wp:meta_value>
		</wp:postmeta>
							<wp:postmeta>
		<wp:meta_key><![CDATA[_wp_attachment_metadata]]></wp:meta_key>
		<wp:meta_value><![CDATA[a:5:{s:5:"width";i:519;s:6:"height";i:341;s:4:"file";s:23:"2021/08/Recurso-5-8.png";s:5:"sizes";a:0:{}s:10:"image_meta";a:12:{s:8:"aperture";s:1:"0";s:6:"credit";s:0:"";s:6:"camera";s:0:"";s:7:"caption";s:0:"";s:17:"created_timestamp";s:1:"0";s:9:"copyright";s:0:"";s:12:"focal_length";s:1:"0";s:3:"iso";s:1:"0";s:13:"shutter_speed";s:1:"0";s:5:"title";s:0:"";s:11:"orientation";s:1:"0";s:8:"keywords";a:0:{}}}]]></wp:meta_value>
		</wp:postmeta>
							</item>
					<item>
		<title><![CDATA[proxima-nosotros4]]></title>
		<link>http://localhost/sass-wp/nosotros/proxima-nosotros4/</link>
		<pubDate>Tue, 17 Aug 2021 18:21:48 +0000</pubDate>
		<dc:creator><![CDATA[webmaster]]></dc:creator>
		<guid isPermaLink="false">http://localhost/sass-wp/wp-content/uploads/2021/08/proxima-nosotros4.png</guid>
		<description></description>
		<content:encoded><![CDATA[]]></content:encoded>
		<excerpt:encoded><![CDATA[]]></excerpt:encoded>
		<wp:post_id>19310</wp:post_id>
		<wp:post_date><![CDATA[2021-08-17 18:21:48]]></wp:post_date>
		<wp:post_date_gmt><![CDATA[2021-08-17 18:21:48]]></wp:post_date_gmt>
		<wp:post_modified><![CDATA[2021-08-17 18:21:48]]></wp:post_modified>
		<wp:post_modified_gmt><![CDATA[2021-08-17 18:21:48]]></wp:post_modified_gmt>
		<wp:comment_status><![CDATA[open]]></wp:comment_status>
		<wp:ping_status><![CDATA[closed]]></wp:ping_status>
		<wp:post_name><![CDATA[proxima-nosotros4]]></wp:post_name>
		<wp:status><![CDATA[inherit]]></wp:status>
		<wp:post_parent>14</wp:post_parent>
		<wp:menu_order>0</wp:menu_order>
		<wp:post_type><![CDATA[attachment]]></wp:post_type>
		<wp:post_password><![CDATA[]]></wp:post_password>
		<wp:is_sticky>0</wp:is_sticky>
						<wp:attachment_url><![CDATA[http://localhost/sass-wp/wp-content/uploads/2021/08/proxima-nosotros4.png]]></wp:attachment_url>
											<wp:postmeta>
		<wp:meta_key><![CDATA[_wp_attached_file]]></wp:meta_key>
		<wp:meta_value><![CDATA[2021/08/proxima-nosotros4.png]]></wp:meta_value>
		</wp:postmeta>
							<wp:postmeta>
		<wp:meta_key><![CDATA[_wp_attachment_metadata]]></wp:meta_key>
		<wp:meta_value><![CDATA[a:5:{s:5:"width";i:1198;s:6:"height";i:739;s:4:"file";s:29:"2021/08/proxima-nosotros4.png";s:5:"sizes";a:0:{}s:10:"image_meta";a:12:{s:8:"aperture";s:1:"0";s:6:"credit";s:0:"";s:6:"camera";s:0:"";s:7:"caption";s:0:"";s:17:"created_timestamp";s:1:"0";s:9:"copyright";s:0:"";s:12:"focal_length";s:1:"0";s:3:"iso";s:1:"0";s:13:"shutter_speed";s:1:"0";s:5:"title";s:0:"";s:11:"orientation";s:1:"0";s:8:"keywords";a:0:{}}}]]></wp:meta_value>
		</wp:postmeta>
							</item>
					<item>
		<title><![CDATA[aak_career-trainee-program_16x9-min-750x375]]></title>
		<link>http://localhost/sass-wp/nosotros/aak_career-trainee-program_16x9-min-750x375/</link>
		<pubDate>Tue, 17 Aug 2021 18:38:10 +0000</pubDate>
		<dc:creator><![CDATA[webmaster]]></dc:creator>
		<guid isPermaLink="false">http://localhost/sass-wp/wp-content/uploads/2021/08/aak_career-trainee-program_16x9-min-750x375-1.jpg</guid>
		<description></description>
		<content:encoded><![CDATA[]]></content:encoded>
		<excerpt:encoded><![CDATA[]]></excerpt:encoded>
		<wp:post_id>19311</wp:post_id>
		<wp:post_date><![CDATA[2021-08-17 18:38:10]]></wp:post_date>
		<wp:post_date_gmt><![CDATA[2021-08-17 18:38:10]]></wp:post_date_gmt>
		<wp:post_modified><![CDATA[2021-08-17 18:38:10]]></wp:post_modified>
		<wp:post_modified_gmt><![CDATA[2021-08-17 18:38:10]]></wp:post_modified_gmt>
		<wp:comment_status><![CDATA[open]]></wp:comment_status>
		<wp:ping_status><![CDATA[closed]]></wp:ping_status>
		<wp:post_name><![CDATA[aak_career-trainee-program_16x9-min-750x375]]></wp:post_name>
		<wp:status><![CDATA[inherit]]></wp:status>
		<wp:post_parent>14</wp:post_parent>
		<wp:menu_order>0</wp:menu_order>
		<wp:post_type><![CDATA[attachment]]></wp:post_type>
		<wp:post_password><![CDATA[]]></wp:post_password>
		<wp:is_sticky>0</wp:is_sticky>
						<wp:attachment_url><![CDATA[http://localhost/sass-wp/wp-content/uploads/2021/08/aak_career-trainee-program_16x9-min-750x375-1.jpg]]></wp:attachment_url>
											<wp:postmeta>
		<wp:meta_key><![CDATA[_wp_attached_file]]></wp:meta_key>
		<wp:meta_value><![CDATA[2021/08/aak_career-trainee-program_16x9-min-750x375-1.jpg]]></wp:meta_value>
		</wp:postmeta>
							<wp:postmeta>
		<wp:meta_key><![CDATA[_wp_attachment_metadata]]></wp:meta_key>
		<wp:meta_value><![CDATA[a:5:{s:5:"width";i:750;s:6:"height";i:375;s:4:"file";s:57:"2021/08/aak_career-trainee-program_16x9-min-750x375-1.jpg";s:5:"sizes";a:0:{}s:10:"image_meta";a:12:{s:8:"aperture";s:1:"0";s:6:"credit";s:0:"";s:6:"camera";s:0:"";s:7:"caption";s:0:"";s:17:"created_timestamp";s:1:"0";s:9:"copyright";s:0:"";s:12:"focal_length";s:1:"0";s:3:"iso";s:1:"0";s:13:"shutter_speed";s:1:"0";s:5:"title";s:0:"";s:11:"orientation";s:1:"0";s:8:"keywords";a:0:{}}}]]></wp:meta_value>
		</wp:postmeta>
							</item>
					<item>
		<title><![CDATA[R]]></title>
		<link>http://localhost/sass-wp/nosotros/r/</link>
		<pubDate>Tue, 17 Aug 2021 18:39:57 +0000</pubDate>
		<dc:creator><![CDATA[webmaster]]></dc:creator>
		<guid isPermaLink="false">http://localhost/sass-wp/wp-content/uploads/2021/08/R.png</guid>
		<description></description>
		<content:encoded><![CDATA[]]></content:encoded>
		<excerpt:encoded><![CDATA[]]></excerpt:encoded>
		<wp:post_id>19312</wp:post_id>
		<wp:post_date><![CDATA[2021-08-17 18:39:57]]></wp:post_date>
		<wp:post_date_gmt><![CDATA[2021-08-17 18:39:57]]></wp:post_date_gmt>
		<wp:post_modified><![CDATA[2021-08-17 18:39:57]]></wp:post_modified>
		<wp:post_modified_gmt><![CDATA[2021-08-17 18:39:57]]></wp:post_modified_gmt>
		<wp:comment_status><![CDATA[open]]></wp:comment_status>
		<wp:ping_status><![CDATA[closed]]></wp:ping_status>
		<wp:post_name><![CDATA[r]]></wp:post_name>
		<wp:status><![CDATA[inherit]]></wp:status>
		<wp:post_parent>14</wp:post_parent>
		<wp:menu_order>0</wp:menu_order>
		<wp:post_type><![CDATA[attachment]]></wp:post_type>
		<wp:post_password><![CDATA[]]></wp:post_password>
		<wp:is_sticky>0</wp:is_sticky>
						<wp:attachment_url><![CDATA[http://localhost/sass-wp/wp-content/uploads/2021/08/R.png]]></wp:attachment_url>
											<wp:postmeta>
		<wp:meta_key><![CDATA[_wp_attached_file]]></wp:meta_key>
		<wp:meta_value><![CDATA[2021/08/R.png]]></wp:meta_value>
		</wp:postmeta>
							<wp:postmeta>
		<wp:meta_key><![CDATA[_wp_attachment_metadata]]></wp:meta_key>
		<wp:meta_value><![CDATA[a:5:{s:5:"width";i:800;s:6:"height";i:500;s:4:"file";s:13:"2021/08/R.png";s:5:"sizes";a:0:{}s:10:"image_meta";a:12:{s:8:"aperture";s:1:"0";s:6:"credit";s:0:"";s:6:"camera";s:0:"";s:7:"caption";s:0:"";s:17:"created_timestamp";s:1:"0";s:9:"copyright";s:0:"";s:12:"focal_length";s:1:"0";s:3:"iso";s:1:"0";s:13:"shutter_speed";s:1:"0";s:5:"title";s:0:"";s:11:"orientation";s:1:"0";s:8:"keywords";a:0:{}}}]]></wp:meta_value>
		</wp:postmeta>
							</item>
					<item>
		<title><![CDATA[FÃ¼reiander-und-miteinander]]></title>
		<link>http://localhost/sass-wp/nosotros/fureiander-und-miteinander/</link>
		<pubDate>Tue, 17 Aug 2021 18:40:23 +0000</pubDate>
		<dc:creator><![CDATA[webmaster]]></dc:creator>
		<guid isPermaLink="false">http://localhost/sass-wp/wp-content/uploads/2021/08/Fureiander-und-miteinander.jpg</guid>
		<description></description>
		<content:encoded><![CDATA[]]></content:encoded>
		<excerpt:encoded><![CDATA[]]></excerpt:encoded>
		<wp:post_id>19313</wp:post_id>
		<wp:post_date><![CDATA[2021-08-17 18:40:23]]></wp:post_date>
		<wp:post_date_gmt><![CDATA[2021-08-17 18:40:23]]></wp:post_date_gmt>
		<wp:post_modified><![CDATA[2021-08-17 18:40:23]]></wp:post_modified>
		<wp:post_modified_gmt><![CDATA[2021-08-17 18:40:23]]></wp:post_modified_gmt>
		<wp:comment_status><![CDATA[open]]></wp:comment_status>
		<wp:ping_status><![CDATA[closed]]></wp:ping_status>
		<wp:post_name><![CDATA[fureiander-und-miteinander]]></wp:post_name>
		<wp:status><![CDATA[inherit]]></wp:status>
		<wp:post_parent>14</wp:post_parent>
		<wp:menu_order>0</wp:menu_order>
		<wp:post_type><![CDATA[attachment]]></wp:post_type>
		<wp:post_password><![CDATA[]]></wp:post_password>
		<wp:is_sticky>0</wp:is_sticky>
						<wp:attachment_url><![CDATA[http://localhost/sass-wp/wp-content/uploads/2021/08/Fureiander-und-miteinander.jpg]]></wp:attachment_url>
											<wp:postmeta>
		<wp:meta_key><![CDATA[_wp_attached_file]]></wp:meta_key>
		<wp:meta_value><![CDATA[2021/08/Fureiander-und-miteinander.jpg]]></wp:meta_value>
		</wp:postmeta>
							<wp:postmeta>
		<wp:meta_key><![CDATA[_wp_attachment_metadata]]></wp:meta_key>
		<wp:meta_value><![CDATA[a:5:{s:5:"width";i:2500;s:6:"height";i:1000;s:4:"file";s:38:"2021/08/Fureiander-und-miteinander.jpg";s:5:"sizes";a:0:{}s:10:"image_meta";a:12:{s:8:"aperture";s:1:"0";s:6:"credit";s:0:"";s:6:"camera";s:0:"";s:7:"caption";s:0:"";s:17:"created_timestamp";s:1:"0";s:9:"copyright";s:0:"";s:12:"focal_length";s:1:"0";s:3:"iso";s:1:"0";s:13:"shutter_speed";s:1:"0";s:5:"title";s:0:"";s:11:"orientation";s:1:"0";s:8:"keywords";a:0:{}}}]]></wp:meta_value>
		</wp:postmeta>
							</item>
					<item>
		<title><![CDATA[image_processing20210325-3033-11d6wn]]></title>
		<link>http://localhost/sass-wp/nosotros/image_processing20210325-3033-11d6wn/</link>
		<pubDate>Tue, 17 Aug 2021 18:45:07 +0000</pubDate>
		<dc:creator><![CDATA[webmaster]]></dc:creator>
		<guid isPermaLink="false">http://localhost/sass-wp/wp-content/uploads/2021/08/image_processing20210325-3033-11d6wn.gif</guid>
		<description></description>
		<content:encoded><![CDATA[]]></content:encoded>
		<excerpt:encoded><![CDATA[]]></excerpt:encoded>
		<wp:post_id>19314</wp:post_id>
		<wp:post_date><![CDATA[2021-08-17 18:45:07]]></wp:post_date>
		<wp:post_date_gmt><![CDATA[2021-08-17 18:45:07]]></wp:post_date_gmt>
		<wp:post_modified><![CDATA[2021-08-17 18:45:07]]></wp:post_modified>
		<wp:post_modified_gmt><![CDATA[2021-08-17 18:45:07]]></wp:post_modified_gmt>
		<wp:comment_status><![CDATA[open]]></wp:comment_status>
		<wp:ping_status><![CDATA[closed]]></wp:ping_status>
		<wp:post_name><![CDATA[image_processing20210325-3033-11d6wn]]></wp:post_name>
		<wp:status><![CDATA[inherit]]></wp:status>
		<wp:post_parent>14</wp:post_parent>
		<wp:menu_order>0</wp:menu_order>
		<wp:post_type><![CDATA[attachment]]></wp:post_type>
		<wp:post_password><![CDATA[]]></wp:post_password>
		<wp:is_sticky>0</wp:is_sticky>
						<wp:attachment_url><![CDATA[http://localhost/sass-wp/wp-content/uploads/2021/08/image_processing20210325-3033-11d6wn.gif]]></wp:attachment_url>
											<wp:postmeta>
		<wp:meta_key><![CDATA[_wp_attached_file]]></wp:meta_key>
		<wp:meta_value><![CDATA[2021/08/image_processing20210325-3033-11d6wn.gif]]></wp:meta_value>
		</wp:postmeta>
							<wp:postmeta>
		<wp:meta_key><![CDATA[_wp_attachment_metadata]]></wp:meta_key>
		<wp:meta_value><![CDATA[a:5:{s:5:"width";i:800;s:6:"height";i:600;s:4:"file";s:48:"2021/08/image_processing20210325-3033-11d6wn.gif";s:5:"sizes";a:0:{}s:10:"image_meta";a:12:{s:8:"aperture";s:1:"0";s:6:"credit";s:0:"";s:6:"camera";s:0:"";s:7:"caption";s:0:"";s:17:"created_timestamp";s:1:"0";s:9:"copyright";s:0:"";s:12:"focal_length";s:1:"0";s:3:"iso";s:1:"0";s:13:"shutter_speed";s:1:"0";s:5:"title";s:0:"";s:11:"orientation";s:1:"0";s:8:"keywords";a:0:{}}}]]></wp:meta_value>
		</wp:postmeta>
							</item>
					<item>
		<title><![CDATA[1275_986_x264]]></title>
		<link>http://localhost/sass-wp/nosotros/1275_986_x264/</link>
		<pubDate>Tue, 17 Aug 2021 18:46:22 +0000</pubDate>
		<dc:creator><![CDATA[webmaster]]></dc:creator>
		<guid isPermaLink="false">http://localhost/sass-wp/wp-content/uploads/2021/08/1275_986_x264.gif</guid>
		<description></description>
		<content:encoded><![CDATA[]]></content:encoded>
		<excerpt:encoded><![CDATA[]]></excerpt:encoded>
		<wp:post_id>19315</wp:post_id>
		<wp:post_date><![CDATA[2021-08-17 18:46:22]]></wp:post_date>
		<wp:post_date_gmt><![CDATA[2021-08-17 18:46:22]]></wp:post_date_gmt>
		<wp:post_modified><![CDATA[2021-08-17 18:46:22]]></wp:post_modified>
		<wp:post_modified_gmt><![CDATA[2021-08-17 18:46:22]]></wp:post_modified_gmt>
		<wp:comment_status><![CDATA[open]]></wp:comment_status>
		<wp:ping_status><![CDATA[closed]]></wp:ping_status>
		<wp:post_name><![CDATA[1275_986_x264]]></wp:post_name>
		<wp:status><![CDATA[inherit]]></wp:status>
		<wp:post_parent>14</wp:post_parent>
		<wp:menu_order>0</wp:menu_order>
		<wp:post_type><![CDATA[attachment]]></wp:post_type>
		<wp:post_password><![CDATA[]]></wp:post_password>
		<wp:is_sticky>0</wp:is_sticky>
						<wp:attachment_url><![CDATA[http://localhost/sass-wp/wp-content/uploads/2021/08/1275_986_x264.gif]]></wp:attachment_url>
											<wp:postmeta>
		<wp:meta_key><![CDATA[_wp_attached_file]]></wp:meta_key>
		<wp:meta_value><![CDATA[2021/08/1275_986_x264.gif]]></wp:meta_value>
		</wp:postmeta>
							<wp:postmeta>
		<wp:meta_key><![CDATA[_wp_attachment_metadata]]></wp:meta_key>
		<wp:meta_value><![CDATA[a:5:{s:5:"width";i:1600;s:6:"height";i:1200;s:4:"file";s:25:"2021/08/1275_986_x264.gif";s:5:"sizes";a:0:{}s:10:"image_meta";a:12:{s:8:"aperture";s:1:"0";s:6:"credit";s:0:"";s:6:"camera";s:0:"";s:7:"caption";s:0:"";s:17:"created_timestamp";s:1:"0";s:9:"copyright";s:0:"";s:12:"focal_length";s:1:"0";s:3:"iso";s:1:"0";s:13:"shutter_speed";s:1:"0";s:5:"title";s:0:"";s:11:"orientation";s:1:"0";s:8:"keywords";a:0:{}}}]]></wp:meta_value>
		</wp:postmeta>
							</item>
					<item>
		<title><![CDATA[image_processing20190924-32759-1t8454r]]></title>
		<link>http://localhost/sass-wp/nosotros/image_processing20190924-32759-1t8454r/</link>
		<pubDate>Tue, 17 Aug 2021 18:56:01 +0000</pubDate>
		<dc:creator><![CDATA[webmaster]]></dc:creator>
		<guid isPermaLink="false">http://localhost/sass-wp/wp-content/uploads/2021/08/image_processing20190924-32759-1t8454r.gif</guid>
		<description></description>
		<content:encoded><![CDATA[]]></content:encoded>
		<excerpt:encoded><![CDATA[]]></excerpt:encoded>
		<wp:post_id>19316</wp:post_id>
		<wp:post_date><![CDATA[2021-08-17 18:56:01]]></wp:post_date>
		<wp:post_date_gmt><![CDATA[2021-08-17 18:56:01]]></wp:post_date_gmt>
		<wp:post_modified><![CDATA[2021-08-17 18:56:01]]></wp:post_modified>
		<wp:post_modified_gmt><![CDATA[2021-08-17 18:56:01]]></wp:post_modified_gmt>
		<wp:comment_status><![CDATA[open]]></wp:comment_status>
		<wp:ping_status><![CDATA[closed]]></wp:ping_status>
		<wp:post_name><![CDATA[image_processing20190924-32759-1t8454r]]></wp:post_name>
		<wp:status><![CDATA[inherit]]></wp:status>
		<wp:post_parent>14</wp:post_parent>
		<wp:menu_order>0</wp:menu_order>
		<wp:post_type><![CDATA[attachment]]></wp:post_type>
		<wp:post_password><![CDATA[]]></wp:post_password>
		<wp:is_sticky>0</wp:is_sticky>
						<wp:attachment_url><![CDATA[http://localhost/sass-wp/wp-content/uploads/2021/08/image_processing20190924-32759-1t8454r.gif]]></wp:attachment_url>
											<wp:postmeta>
		<wp:meta_key><![CDATA[_wp_attached_file]]></wp:meta_key>
		<wp:meta_value><![CDATA[2021/08/image_processing20190924-32759-1t8454r.gif]]></wp:meta_value>
		</wp:postmeta>
							<wp:postmeta>
		<wp:meta_key><![CDATA[_wp_attachment_metadata]]></wp:meta_key>
		<wp:meta_value><![CDATA[a:5:{s:5:"width";i:800;s:6:"height";i:600;s:4:"file";s:50:"2021/08/image_processing20190924-32759-1t8454r.gif";s:5:"sizes";a:0:{}s:10:"image_meta";a:12:{s:8:"aperture";s:1:"0";s:6:"credit";s:0:"";s:6:"camera";s:0:"";s:7:"caption";s:0:"";s:17:"created_timestamp";s:1:"0";s:9:"copyright";s:0:"";s:12:"focal_length";s:1:"0";s:3:"iso";s:1:"0";s:13:"shutter_speed";s:1:"0";s:5:"title";s:0:"";s:11:"orientation";s:1:"0";s:8:"keywords";a:0:{}}}]]></wp:meta_value>
		</wp:postmeta>
							</item>
					<item>
		<title><![CDATA[04_final_final]]></title>
		<link>http://localhost/sass-wp/nosotros/04_final_final/</link>
		<pubDate>Tue, 17 Aug 2021 19:02:32 +0000</pubDate>
		<dc:creator><![CDATA[webmaster]]></dc:creator>
		<guid isPermaLink="false">http://localhost/sass-wp/wp-content/uploads/2021/08/04_final_final.mp4</guid>
		<description></description>
		<content:encoded><![CDATA[]]></content:encoded>
		<excerpt:encoded><![CDATA[]]></excerpt:encoded>
		<wp:post_id>19317</wp:post_id>
		<wp:post_date><![CDATA[2021-08-17 19:02:32]]></wp:post_date>
		<wp:post_date_gmt><![CDATA[2021-08-17 19:02:32]]></wp:post_date_gmt>
		<wp:post_modified><![CDATA[2021-08-17 19:02:32]]></wp:post_modified>
		<wp:post_modified_gmt><![CDATA[2021-08-17 19:02:32]]></wp:post_modified_gmt>
		<wp:comment_status><![CDATA[open]]></wp:comment_status>
		<wp:ping_status><![CDATA[closed]]></wp:ping_status>
		<wp:post_name><![CDATA[04_final_final]]></wp:post_name>
		<wp:status><![CDATA[inherit]]></wp:status>
		<wp:post_parent>14</wp:post_parent>
		<wp:menu_order>0</wp:menu_order>
		<wp:post_type><![CDATA[attachment]]></wp:post_type>
		<wp:post_password><![CDATA[]]></wp:post_password>
		<wp:is_sticky>0</wp:is_sticky>
						<wp:attachment_url><![CDATA[http://localhost/sass-wp/wp-content/uploads/2021/08/04_final_final.mp4]]></wp:attachment_url>
											<wp:postmeta>
		<wp:meta_key><![CDATA[_wp_attached_file]]></wp:meta_key>
		<wp:meta_value><![CDATA[2021/08/04_final_final.mp4]]></wp:meta_value>
		</wp:postmeta>
							<wp:postmeta>
		<wp:meta_key><![CDATA[_wp_attachment_metadata]]></wp:meta_key>
		<wp:meta_value><![CDATA[a:10:{s:8:"filesize";i:6583340;s:9:"mime_type";s:9:"video/mp4";s:6:"length";i:21;s:16:"length_formatted";s:4:"0:21";s:5:"width";i:1440;s:6:"height";i:1080;s:10:"fileformat";s:3:"mp4";s:10:"dataformat";s:9:"quicktime";s:5:"audio";a:7:{s:10:"dataformat";s:3:"mp4";s:5:"codec";s:19:"ISO/IEC 14496-3 AAC";s:11:"sample_rate";d:48000;s:8:"channels";i:2;s:15:"bits_per_sample";i:16;s:8:"lossless";b:0;s:11:"channelmode";s:6:"stereo";}s:17:"created_timestamp";i:-2082844800;}]]></wp:meta_value>
		</wp:postmeta>
							</item>
					<item>
		<title><![CDATA[banner-resilience-teamwork]]></title>
		<link>http://localhost/sass-wp/nosotros/banner-resilience-teamwork/</link>
		<pubDate>Tue, 17 Aug 2021 19:02:51 +0000</pubDate>
		<dc:creator><![CDATA[webmaster]]></dc:creator>
		<guid isPermaLink="false">http://localhost/sass-wp/wp-content/uploads/2021/08/banner-resilience-teamwork.jpg</guid>
		<description></description>
		<content:encoded><![CDATA[]]></content:encoded>
		<excerpt:encoded><![CDATA[]]></excerpt:encoded>
		<wp:post_id>19318</wp:post_id>
		<wp:post_date><![CDATA[2021-08-17 19:02:51]]></wp:post_date>
		<wp:post_date_gmt><![CDATA[2021-08-17 19:02:51]]></wp:post_date_gmt>
		<wp:post_modified><![CDATA[2021-08-17 19:02:51]]></wp:post_modified>
		<wp:post_modified_gmt><![CDATA[2021-08-17 19:02:51]]></wp:post_modified_gmt>
		<wp:comment_status><![CDATA[open]]></wp:comment_status>
		<wp:ping_status><![CDATA[closed]]></wp:ping_status>
		<wp:post_name><![CDATA[banner-resilience-teamwork]]></wp:post_name>
		<wp:status><![CDATA[inherit]]></wp:status>
		<wp:post_parent>14</wp:post_parent>
		<wp:menu_order>0</wp:menu_order>
		<wp:post_type><![CDATA[attachment]]></wp:post_type>
		<wp:post_password><![CDATA[]]></wp:post_password>
		<wp:is_sticky>0</wp:is_sticky>
						<wp:attachment_url><![CDATA[http://localhost/sass-wp/wp-content/uploads/2021/08/banner-resilience-teamwork.jpg]]></wp:attachment_url>
											<wp:postmeta>
		<wp:meta_key><![CDATA[_wp_attached_file]]></wp:meta_key>
		<wp:meta_value><![CDATA[2021/08/banner-resilience-teamwork.jpg]]></wp:meta_value>
		</wp:postmeta>
							<wp:postmeta>
		<wp:meta_key><![CDATA[_wp_attachment_metadata]]></wp:meta_key>
		<wp:meta_value><![CDATA[a:5:{s:5:"width";i:675;s:6:"height";i:295;s:4:"file";s:38:"2021/08/banner-resilience-teamwork.jpg";s:5:"sizes";a:0:{}s:10:"image_meta";a:12:{s:8:"aperture";s:1:"0";s:6:"credit";s:0:"";s:6:"camera";s:0:"";s:7:"caption";s:0:"";s:17:"created_timestamp";s:1:"0";s:9:"copyright";s:0:"";s:12:"focal_length";s:1:"0";s:3:"iso";s:1:"0";s:13:"shutter_speed";s:1:"0";s:5:"title";s:0:"";s:11:"orientation";s:1:"0";s:8:"keywords";a:0:{}}}]]></wp:meta_value>
		</wp:postmeta>
							</item>
					<item>
		<title><![CDATA[image_processing20191007-29895-w1e60q]]></title>
		<link>http://localhost/sass-wp/nosotros/image_processing20191007-29895-w1e60q/</link>
		<pubDate>Tue, 17 Aug 2021 19:06:20 +0000</pubDate>
		<dc:creator><![CDATA[webmaster]]></dc:creator>
		<guid isPermaLink="false">http://localhost/sass-wp/wp-content/uploads/2021/08/image_processing20191007-29895-w1e60q.gif</guid>
		<description></description>
		<content:encoded><![CDATA[]]></content:encoded>
		<excerpt:encoded><![CDATA[]]></excerpt:encoded>
		<wp:post_id>19319</wp:post_id>
		<wp:post_date><![CDATA[2021-08-17 19:06:20]]></wp:post_date>
		<wp:post_date_gmt><![CDATA[2021-08-17 19:06:20]]></wp:post_date_gmt>
		<wp:post_modified><![CDATA[2021-08-17 19:06:20]]></wp:post_modified>
		<wp:post_modified_gmt><![CDATA[2021-08-17 19:06:20]]></wp:post_modified_gmt>
		<wp:comment_status><![CDATA[open]]></wp:comment_status>
		<wp:ping_status><![CDATA[closed]]></wp:ping_status>
		<wp:post_name><![CDATA[image_processing20191007-29895-w1e60q]]></wp:post_name>
		<wp:status><![CDATA[inherit]]></wp:status>
		<wp:post_parent>14</wp:post_parent>
		<wp:menu_order>0</wp:menu_order>
		<wp:post_type><![CDATA[attachment]]></wp:post_type>
		<wp:post_password><![CDATA[]]></wp:post_password>
		<wp:is_sticky>0</wp:is_sticky>
						<wp:attachment_url><![CDATA[http://localhost/sass-wp/wp-content/uploads/2021/08/image_processing20191007-29895-w1e60q.gif]]></wp:attachment_url>
											<wp:postmeta>
		<wp:meta_key><![CDATA[_wp_attached_file]]></wp:meta_key>
		<wp:meta_value><![CDATA[2021/08/image_processing20191007-29895-w1e60q.gif]]></wp:meta_value>
		</wp:postmeta>
							<wp:postmeta>
		<wp:meta_key><![CDATA[_wp_attachment_metadata]]></wp:meta_key>
		<wp:meta_value><![CDATA[a:5:{s:5:"width";i:1600;s:6:"height";i:1200;s:4:"file";s:49:"2021/08/image_processing20191007-29895-w1e60q.gif";s:5:"sizes";a:0:{}s:10:"image_meta";a:12:{s:8:"aperture";s:1:"0";s:6:"credit";s:0:"";s:6:"camera";s:0:"";s:7:"caption";s:0:"";s:17:"created_timestamp";s:1:"0";s:9:"copyright";s:0:"";s:12:"focal_length";s:1:"0";s:3:"iso";s:1:"0";s:13:"shutter_speed";s:1:"0";s:5:"title";s:0:"";s:11:"orientation";s:1:"0";s:8:"keywords";a:0:{}}}]]></wp:meta_value>
		</wp:postmeta>
							</item>
					<item>
		<title><![CDATA[teamwork]]></title>
		<link>http://localhost/sass-wp/nosotros/teamwork/</link>
		<pubDate>Tue, 17 Aug 2021 19:06:21 +0000</pubDate>
		<dc:creator><![CDATA[webmaster]]></dc:creator>
		<guid isPermaLink="false">http://localhost/sass-wp/wp-content/uploads/2021/08/teamwork.png</guid>
		<description></description>
		<content:encoded><![CDATA[]]></content:encoded>
		<excerpt:encoded><![CDATA[]]></excerpt:encoded>
		<wp:post_id>19320</wp:post_id>
		<wp:post_date><![CDATA[2021-08-17 19:06:21]]></wp:post_date>
		<wp:post_date_gmt><![CDATA[2021-08-17 19:06:21]]></wp:post_date_gmt>
		<wp:post_modified><![CDATA[2021-08-17 19:06:21]]></wp:post_modified>
		<wp:post_modified_gmt><![CDATA[2021-08-17 19:06:21]]></wp:post_modified_gmt>
		<wp:comment_status><![CDATA[open]]></wp:comment_status>
		<wp:ping_status><![CDATA[closed]]></wp:ping_status>
		<wp:post_name><![CDATA[teamwork]]></wp:post_name>
		<wp:status><![CDATA[inherit]]></wp:status>
		<wp:post_parent>14</wp:post_parent>
		<wp:menu_order>0</wp:menu_order>
		<wp:post_type><![CDATA[attachment]]></wp:post_type>
		<wp:post_password><![CDATA[]]></wp:post_password>
		<wp:is_sticky>0</wp:is_sticky>
						<wp:attachment_url><![CDATA[http://localhost/sass-wp/wp-content/uploads/2021/08/teamwork.png]]></wp:attachment_url>
											<wp:postmeta>
		<wp:meta_key><![CDATA[_wp_attached_file]]></wp:meta_key>
		<wp:meta_value><![CDATA[2021/08/teamwork.png]]></wp:meta_value>
		</wp:postmeta>
							<wp:postmeta>
		<wp:meta_key><![CDATA[_wp_attachment_metadata]]></wp:meta_key>
		<wp:meta_value><![CDATA[a:5:{s:5:"width";i:1000;s:6:"height";i:504;s:4:"file";s:20:"2021/08/teamwork.png";s:5:"sizes";a:0:{}s:10:"image_meta";a:12:{s:8:"aperture";s:1:"0";s:6:"credit";s:0:"";s:6:"camera";s:0:"";s:7:"caption";s:0:"";s:17:"created_timestamp";s:1:"0";s:9:"copyright";s:0:"";s:12:"focal_length";s:1:"0";s:3:"iso";s:1:"0";s:13:"shutter_speed";s:1:"0";s:5:"title";s:0:"";s:11:"orientation";s:1:"0";s:8:"keywords";a:0:{}}}]]></wp:meta_value>
		</wp:postmeta>
							</item>
					<item>
		<title><![CDATA[dribbble]]></title>
		<link>http://localhost/sass-wp/nosotros/dribbble/</link>
		<pubDate>Tue, 17 Aug 2021 19:08:22 +0000</pubDate>
		<dc:creator><![CDATA[webmaster]]></dc:creator>
		<guid isPermaLink="false">http://localhost/sass-wp/wp-content/uploads/2021/08/dribbble.gif</guid>
		<description></description>
		<content:encoded><![CDATA[]]></content:encoded>
		<excerpt:encoded><![CDATA[]]></excerpt:encoded>
		<wp:post_id>19321</wp:post_id>
		<wp:post_date><![CDATA[2021-08-17 19:08:22]]></wp:post_date>
		<wp:post_date_gmt><![CDATA[2021-08-17 19:08:22]]></wp:post_date_gmt>
		<wp:post_modified><![CDATA[2021-08-17 19:08:22]]></wp:post_modified>
		<wp:post_modified_gmt><![CDATA[2021-08-17 19:08:22]]></wp:post_modified_gmt>
		<wp:comment_status><![CDATA[open]]></wp:comment_status>
		<wp:ping_status><![CDATA[closed]]></wp:ping_status>
		<wp:post_name><![CDATA[dribbble]]></wp:post_name>
		<wp:status><![CDATA[inherit]]></wp:status>
		<wp:post_parent>14</wp:post_parent>
		<wp:menu_order>0</wp:menu_order>
		<wp:post_type><![CDATA[attachment]]></wp:post_type>
		<wp:post_password><![CDATA[]]></wp:post_password>
		<wp:is_sticky>0</wp:is_sticky>
						<wp:attachment_url><![CDATA[http://localhost/sass-wp/wp-content/uploads/2021/08/dribbble.gif]]></wp:attachment_url>
											<wp:postmeta>
		<wp:meta_key><![CDATA[_wp_attached_file]]></wp:meta_key>
		<wp:meta_value><![CDATA[2021/08/dribbble.gif]]></wp:meta_value>
		</wp:postmeta>
							<wp:postmeta>
		<wp:meta_key><![CDATA[_wp_attachment_metadata]]></wp:meta_key>
		<wp:meta_value><![CDATA[a:5:{s:5:"width";i:800;s:6:"height";i:600;s:4:"file";s:20:"2021/08/dribbble.gif";s:5:"sizes";a:0:{}s:10:"image_meta";a:12:{s:8:"aperture";s:1:"0";s:6:"credit";s:0:"";s:6:"camera";s:0:"";s:7:"caption";s:0:"";s:17:"created_timestamp";s:1:"0";s:9:"copyright";s:0:"";s:12:"focal_length";s:1:"0";s:3:"iso";s:1:"0";s:13:"shutter_speed";s:1:"0";s:5:"title";s:0:"";s:11:"orientation";s:1:"0";s:8:"keywords";a:0:{}}}]]></wp:meta_value>
		</wp:postmeta>
							</item>
					<item>
		<title><![CDATA[image_processing20200205-30010-19cufl2]]></title>
		<link>http://localhost/sass-wp/nosotros/image_processing20200205-30010-19cufl2/</link>
		<pubDate>Tue, 17 Aug 2021 19:10:15 +0000</pubDate>
		<dc:creator><![CDATA[webmaster]]></dc:creator>
		<guid isPermaLink="false">http://localhost/sass-wp/wp-content/uploads/2021/08/image_processing20200205-30010-19cufl2.gif</guid>
		<description></description>
		<content:encoded><![CDATA[]]></content:encoded>
		<excerpt:encoded><![CDATA[]]></excerpt:encoded>
		<wp:post_id>19322</wp:post_id>
		<wp:post_date><![CDATA[2021-08-17 19:10:15]]></wp:post_date>
		<wp:post_date_gmt><![CDATA[2021-08-17 19:10:15]]></wp:post_date_gmt>
		<wp:post_modified><![CDATA[2021-08-17 19:10:15]]></wp:post_modified>
		<wp:post_modified_gmt><![CDATA[2021-08-17 19:10:15]]></wp:post_modified_gmt>
		<wp:comment_status><![CDATA[open]]></wp:comment_status>
		<wp:ping_status><![CDATA[closed]]></wp:ping_status>
		<wp:post_name><![CDATA[image_processing20200205-30010-19cufl2]]></wp:post_name>
		<wp:status><![CDATA[inherit]]></wp:status>
		<wp:post_parent>14</wp:post_parent>
		<wp:menu_order>0</wp:menu_order>
		<wp:post_type><![CDATA[attachment]]></wp:post_type>
		<wp:post_password><![CDATA[]]></wp:post_password>
		<wp:is_sticky>0</wp:is_sticky>
						<wp:attachment_url><![CDATA[http://localhost/sass-wp/wp-content/uploads/2021/08/image_processing20200205-30010-19cufl2.gif]]></wp:attachment_url>
											<wp:postmeta>
		<wp:meta_key><![CDATA[_wp_attached_file]]></wp:meta_key>
		<wp:meta_value><![CDATA[2021/08/image_processing20200205-30010-19cufl2.gif]]></wp:meta_value>
		</wp:postmeta>
							<wp:postmeta>
		<wp:meta_key><![CDATA[_wp_attachment_metadata]]></wp:meta_key>
		<wp:meta_value><![CDATA[a:5:{s:5:"width";i:800;s:6:"height";i:600;s:4:"file";s:50:"2021/08/image_processing20200205-30010-19cufl2.gif";s:5:"sizes";a:0:{}s:10:"image_meta";a:12:{s:8:"aperture";s:1:"0";s:6:"credit";s:0:"";s:6:"camera";s:0:"";s:7:"caption";s:0:"";s:17:"created_timestamp";s:1:"0";s:9:"copyright";s:0:"";s:12:"focal_length";s:1:"0";s:3:"iso";s:1:"0";s:13:"shutter_speed";s:1:"0";s:5:"title";s:0:"";s:11:"orientation";s:1:"0";s:8:"keywords";a:0:{}}}]]></wp:meta_value>
		</wp:postmeta>
							</item>
					<item>
		<title><![CDATA[a24080d6279127a8ba5c4e779ba0e5a1]]></title>
		<link>http://localhost/sass-wp/nosotros/a24080d6279127a8ba5c4e779ba0e5a1/</link>
		<pubDate>Tue, 17 Aug 2021 19:15:39 +0000</pubDate>
		<dc:creator><![CDATA[webmaster]]></dc:creator>
		<guid isPermaLink="false">http://localhost/sass-wp/wp-content/uploads/2021/08/a24080d6279127a8ba5c4e779ba0e5a1.png</guid>
		<description></description>
		<content:encoded><![CDATA[]]></content:encoded>
		<excerpt:encoded><![CDATA[]]></excerpt:encoded>
		<wp:post_id>19323</wp:post_id>
		<wp:post_date><![CDATA[2021-08-17 19:15:39]]></wp:post_date>
		<wp:post_date_gmt><![CDATA[2021-08-17 19:15:39]]></wp:post_date_gmt>
		<wp:post_modified><![CDATA[2021-08-17 19:15:39]]></wp:post_modified>
		<wp:post_modified_gmt><![CDATA[2021-08-17 19:15:39]]></wp:post_modified_gmt>
		<wp:comment_status><![CDATA[open]]></wp:comment_status>
		<wp:ping_status><![CDATA[closed]]></wp:ping_status>
		<wp:post_name><![CDATA[a24080d6279127a8ba5c4e779ba0e5a1]]></wp:post_name>
		<wp:status><![CDATA[inherit]]></wp:status>
		<wp:post_parent>14</wp:post_parent>
		<wp:menu_order>0</wp:menu_order>
		<wp:post_type><![CDATA[attachment]]></wp:post_type>
		<wp:post_password><![CDATA[]]></wp:post_password>
		<wp:is_sticky>0</wp:is_sticky>
						<wp:attachment_url><![CDATA[http://localhost/sass-wp/wp-content/uploads/2021/08/a24080d6279127a8ba5c4e779ba0e5a1.png]]></wp:attachment_url>
											<wp:postmeta>
		<wp:meta_key><![CDATA[_wp_attached_file]]></wp:meta_key>
		<wp:meta_value><![CDATA[2021/08/a24080d6279127a8ba5c4e779ba0e5a1.png]]></wp:meta_value>
		</wp:postmeta>
							<wp:postmeta>
		<wp:meta_key><![CDATA[_wp_attachment_metadata]]></wp:meta_key>
		<wp:meta_value><![CDATA[a:5:{s:5:"width";i:1200;s:6:"height";i:900;s:4:"file";s:44:"2021/08/a24080d6279127a8ba5c4e779ba0e5a1.png";s:5:"sizes";a:0:{}s:10:"image_meta";a:12:{s:8:"aperture";s:1:"0";s:6:"credit";s:0:"";s:6:"camera";s:0:"";s:7:"caption";s:0:"";s:17:"created_timestamp";s:1:"0";s:9:"copyright";s:0:"";s:12:"focal_length";s:1:"0";s:3:"iso";s:1:"0";s:13:"shutter_speed";s:1:"0";s:5:"title";s:0:"";s:11:"orientation";s:1:"0";s:8:"keywords";a:0:{}}}]]></wp:meta_value>
		</wp:postmeta>
							</item>
					<item>
		<title><![CDATA[test67]]></title>
		<link>http://localhost/sass-wp/nosotros/test67/</link>
		<pubDate>Tue, 17 Aug 2021 19:16:17 +0000</pubDate>
		<dc:creator><![CDATA[webmaster]]></dc:creator>
		<guid isPermaLink="false">http://localhost/sass-wp/wp-content/uploads/2021/08/test67.png</guid>
		<description></description>
		<content:encoded><![CDATA[]]></content:encoded>
		<excerpt:encoded><![CDATA[]]></excerpt:encoded>
		<wp:post_id>19324</wp:post_id>
		<wp:post_date><![CDATA[2021-08-17 19:16:17]]></wp:post_date>
		<wp:post_date_gmt><![CDATA[2021-08-17 19:16:17]]></wp:post_date_gmt>
		<wp:post_modified><![CDATA[2021-08-17 19:16:17]]></wp:post_modified>
		<wp:post_modified_gmt><![CDATA[2021-08-17 19:16:17]]></wp:post_modified_gmt>
		<wp:comment_status><![CDATA[open]]></wp:comment_status>
		<wp:ping_status><![CDATA[closed]]></wp:ping_status>
		<wp:post_name><![CDATA[test67]]></wp:post_name>
		<wp:status><![CDATA[inherit]]></wp:status>
		<wp:post_parent>14</wp:post_parent>
		<wp:menu_order>0</wp:menu_order>
		<wp:post_type><![CDATA[attachment]]></wp:post_type>
		<wp:post_password><![CDATA[]]></wp:post_password>
		<wp:is_sticky>0</wp:is_sticky>
						<wp:attachment_url><![CDATA[http://localhost/sass-wp/wp-content/uploads/2021/08/test67.png]]></wp:attachment_url>
											<wp:postmeta>
		<wp:meta_key><![CDATA[_wp_attached_file]]></wp:meta_key>
		<wp:meta_value><![CDATA[2021/08/test67.png]]></wp:meta_value>
		</wp:postmeta>
							<wp:postmeta>
		<wp:meta_key><![CDATA[_wp_attachment_metadata]]></wp:meta_key>
		<wp:meta_value><![CDATA[a:5:{s:5:"width";i:1299;s:6:"height";i:751;s:4:"file";s:18:"2021/08/test67.png";s:5:"sizes";a:0:{}s:10:"image_meta";a:12:{s:8:"aperture";s:1:"0";s:6:"credit";s:0:"";s:6:"camera";s:0:"";s:7:"caption";s:0:"";s:17:"created_timestamp";s:1:"0";s:9:"copyright";s:0:"";s:12:"focal_length";s:1:"0";s:3:"iso";s:1:"0";s:13:"shutter_speed";s:1:"0";s:5:"title";s:0:"";s:11:"orientation";s:1:"0";s:8:"keywords";a:0:{}}}]]></wp:meta_value>
		</wp:postmeta>
							</item>
					<item>
		<title><![CDATA[All-in-one-animated-dribbble]]></title>
		<link>http://localhost/sass-wp/nosotros/all-in-one-animated-dribbble/</link>
		<pubDate>Tue, 17 Aug 2021 19:18:29 +0000</pubDate>
		<dc:creator><![CDATA[webmaster]]></dc:creator>
		<guid isPermaLink="false">http://localhost/sass-wp/wp-content/uploads/2021/08/All-in-one-animated-dribbble.gif</guid>
		<description></description>
		<content:encoded><![CDATA[]]></content:encoded>
		<excerpt:encoded><![CDATA[]]></excerpt:encoded>
		<wp:post_id>19325</wp:post_id>
		<wp:post_date><![CDATA[2021-08-17 19:18:29]]></wp:post_date>
		<wp:post_date_gmt><![CDATA[2021-08-17 19:18:29]]></wp:post_date_gmt>
		<wp:post_modified><![CDATA[2021-08-17 19:18:29]]></wp:post_modified>
		<wp:post_modified_gmt><![CDATA[2021-08-17 19:18:29]]></wp:post_modified_gmt>
		<wp:comment_status><![CDATA[open]]></wp:comment_status>
		<wp:ping_status><![CDATA[closed]]></wp:ping_status>
		<wp:post_name><![CDATA[all-in-one-animated-dribbble]]></wp:post_name>
		<wp:status><![CDATA[inherit]]></wp:status>
		<wp:post_parent>14</wp:post_parent>
		<wp:menu_order>0</wp:menu_order>
		<wp:post_type><![CDATA[attachment]]></wp:post_type>
		<wp:post_password><![CDATA[]]></wp:post_password>
		<wp:is_sticky>0</wp:is_sticky>
						<wp:attachment_url><![CDATA[http://localhost/sass-wp/wp-content/uploads/2021/08/All-in-one-animated-dribbble.gif]]></wp:attachment_url>
											<wp:postmeta>
		<wp:meta_key><![CDATA[_wp_attached_file]]></wp:meta_key>
		<wp:meta_value><![CDATA[2021/08/All-in-one-animated-dribbble.gif]]></wp:meta_value>
		</wp:postmeta>
							<wp:postmeta>
		<wp:meta_key><![CDATA[_wp_attachment_metadata]]></wp:meta_key>
		<wp:meta_value><![CDATA[a:5:{s:5:"width";i:1600;s:6:"height";i:1200;s:4:"file";s:40:"2021/08/All-in-one-animated-dribbble.gif";s:5:"sizes";a:0:{}s:10:"image_meta";a:12:{s:8:"aperture";s:1:"0";s:6:"credit";s:0:"";s:6:"camera";s:0:"";s:7:"caption";s:0:"";s:17:"created_timestamp";s:1:"0";s:9:"copyright";s:0:"";s:12:"focal_length";s:1:"0";s:3:"iso";s:1:"0";s:13:"shutter_speed";s:1:"0";s:5:"title";s:0:"";s:11:"orientation";s:1:"0";s:8:"keywords";a:0:{}}}]]></wp:meta_value>
		</wp:postmeta>
							</item>
					<item>
		<title><![CDATA[4182a885ae2229841a575431dc218789]]></title>
		<link>http://localhost/sass-wp/nosotros/4182a885ae2229841a575431dc218789/</link>
		<pubDate>Tue, 17 Aug 2021 19:20:31 +0000</pubDate>
		<dc:creator><![CDATA[webmaster]]></dc:creator>
		<guid isPermaLink="false">http://localhost/sass-wp/wp-content/uploads/2021/08/4182a885ae2229841a575431dc218789.jpg</guid>
		<description></description>
		<content:encoded><![CDATA[]]></content:encoded>
		<excerpt:encoded><![CDATA[]]></excerpt:encoded>
		<wp:post_id>19327</wp:post_id>
		<wp:post_date><![CDATA[2021-08-17 19:20:31]]></wp:post_date>
		<wp:post_date_gmt><![CDATA[2021-08-17 19:20:31]]></wp:post_date_gmt>
		<wp:post_modified><![CDATA[2021-08-17 19:20:31]]></wp:post_modified>
		<wp:post_modified_gmt><![CDATA[2021-08-17 19:20:31]]></wp:post_modified_gmt>
		<wp:comment_status><![CDATA[open]]></wp:comment_status>
		<wp:ping_status><![CDATA[closed]]></wp:ping_status>
		<wp:post_name><![CDATA[4182a885ae2229841a575431dc218789]]></wp:post_name>
		<wp:status><![CDATA[inherit]]></wp:status>
		<wp:post_parent>14</wp:post_parent>
		<wp:menu_order>0</wp:menu_order>
		<wp:post_type><![CDATA[attachment]]></wp:post_type>
		<wp:post_password><![CDATA[]]></wp:post_password>
		<wp:is_sticky>0</wp:is_sticky>
						<wp:attachment_url><![CDATA[http://localhost/sass-wp/wp-content/uploads/2021/08/4182a885ae2229841a575431dc218789.jpg]]></wp:attachment_url>
											<wp:postmeta>
		<wp:meta_key><![CDATA[_wp_attached_file]]></wp:meta_key>
		<wp:meta_value><![CDATA[2021/08/4182a885ae2229841a575431dc218789.jpg]]></wp:meta_value>
		</wp:postmeta>
							<wp:postmeta>
		<wp:meta_key><![CDATA[_wp_attachment_metadata]]></wp:meta_key>
		<wp:meta_value><![CDATA[a:5:{s:5:"width";i:473;s:6:"height";i:266;s:4:"file";s:44:"2021/08/4182a885ae2229841a575431dc218789.jpg";s:5:"sizes";a:0:{}s:10:"image_meta";a:12:{s:8:"aperture";s:1:"0";s:6:"credit";s:0:"";s:6:"camera";s:0:"";s:7:"caption";s:0:"";s:17:"created_timestamp";s:1:"0";s:9:"copyright";s:0:"";s:12:"focal_length";s:1:"0";s:3:"iso";s:1:"0";s:13:"shutter_speed";s:1:"0";s:5:"title";s:0:"";s:11:"orientation";s:1:"0";s:8:"keywords";a:0:{}}}]]></wp:meta_value>
		</wp:postmeta>
							</item>
					<item>
		<title><![CDATA[Sin tÃ­tulo]]></title>
		<link>http://localhost/sass-wp/sin-titulo/</link>
		<pubDate>Fri, 20 Aug 2021 14:38:20 +0000</pubDate>
		<dc:creator><![CDATA[webmaster]]></dc:creator>
		<guid isPermaLink="false">http://localhost/sass-wp/wp-content/uploads/2021/08/Sin-titulo.png</guid>
		<description></description>
		<content:encoded><![CDATA[]]></content:encoded>
		<excerpt:encoded><![CDATA[]]></excerpt:encoded>
		<wp:post_id>19341</wp:post_id>
		<wp:post_date><![CDATA[2021-08-20 14:38:20]]></wp:post_date>
		<wp:post_date_gmt><![CDATA[2021-08-20 14:38:20]]></wp:post_date_gmt>
		<wp:post_modified><![CDATA[2021-08-20 14:38:20]]></wp:post_modified>
		<wp:post_modified_gmt><![CDATA[2021-08-20 14:38:20]]></wp:post_modified_gmt>
		<wp:comment_status><![CDATA[open]]></wp:comment_status>
		<wp:ping_status><![CDATA[closed]]></wp:ping_status>
		<wp:post_name><![CDATA[sin-titulo]]></wp:post_name>
		<wp:status><![CDATA[inherit]]></wp:status>
		<wp:post_parent>0</wp:post_parent>
		<wp:menu_order>0</wp:menu_order>
		<wp:post_type><![CDATA[attachment]]></wp:post_type>
		<wp:post_password><![CDATA[]]></wp:post_password>
		<wp:is_sticky>0</wp:is_sticky>
						<wp:attachment_url><![CDATA[http://localhost/sass-wp/wp-content/uploads/2021/08/Sin-titulo.png]]></wp:attachment_url>
											<wp:postmeta>
		<wp:meta_key><![CDATA[_wp_attached_file]]></wp:meta_key>
		<wp:meta_value><![CDATA[2021/08/Sin-titulo.png]]></wp:meta_value>
		</wp:postmeta>
							<wp:postmeta>
		<wp:meta_key><![CDATA[_wp_attachment_metadata]]></wp:meta_key>
		<wp:meta_value><![CDATA[a:5:{s:5:"width";i:232;s:6:"height";i:55;s:4:"file";s:22:"2021/08/Sin-titulo.png";s:5:"sizes";a:0:{}s:10:"image_meta";a:12:{s:8:"aperture";s:1:"0";s:6:"credit";s:0:"";s:6:"camera";s:0:"";s:7:"caption";s:0:"";s:17:"created_timestamp";s:1:"0";s:9:"copyright";s:0:"";s:12:"focal_length";s:1:"0";s:3:"iso";s:1:"0";s:13:"shutter_speed";s:1:"0";s:5:"title";s:0:"";s:11:"orientation";s:1:"0";s:8:"keywords";a:0:{}}}]]></wp:meta_value>
		</wp:postmeta>
							</item>
					<item>
		<title><![CDATA[portada-metapath]]></title>
		<link>http://localhost/sass-wp/?attachment_id=19355</link>
		<pubDate>Fri, 20 Aug 2021 18:02:23 +0000</pubDate>
		<dc:creator><![CDATA[webmaster]]></dc:creator>
		<guid isPermaLink="false">http://localhost/sass-wp/wp-content/uploads/2021/08/portada-metapath.png</guid>
		<description></description>
		<content:encoded><![CDATA[]]></content:encoded>
		<excerpt:encoded><![CDATA[]]></excerpt:encoded>
		<wp:post_id>19355</wp:post_id>
		<wp:post_date><![CDATA[2021-08-20 18:02:23]]></wp:post_date>
		<wp:post_date_gmt><![CDATA[2021-08-20 18:02:23]]></wp:post_date_gmt>
		<wp:post_modified><![CDATA[2021-08-20 18:02:23]]></wp:post_modified>
		<wp:post_modified_gmt><![CDATA[2021-08-20 18:02:23]]></wp:post_modified_gmt>
		<wp:comment_status><![CDATA[open]]></wp:comment_status>
		<wp:ping_status><![CDATA[closed]]></wp:ping_status>
		<wp:post_name><![CDATA[portada-metapath]]></wp:post_name>
		<wp:status><![CDATA[inherit]]></wp:status>
		<wp:post_parent>19354</wp:post_parent>
		<wp:menu_order>0</wp:menu_order>
		<wp:post_type><![CDATA[attachment]]></wp:post_type>
		<wp:post_password><![CDATA[]]></wp:post_password>
		<wp:is_sticky>0</wp:is_sticky>
						<wp:attachment_url><![CDATA[http://localhost/sass-wp/wp-content/uploads/2021/08/portada-metapath.png]]></wp:attachment_url>
											<wp:postmeta>
		<wp:meta_key><![CDATA[_wp_attached_file]]></wp:meta_key>
		<wp:meta_value><![CDATA[2021/08/portada-metapath.png]]></wp:meta_value>
		</wp:postmeta>
							<wp:postmeta>
		<wp:meta_key><![CDATA[_wp_attachment_metadata]]></wp:meta_key>
		<wp:meta_value><![CDATA[a:5:{s:5:"width";i:1096;s:6:"height";i:565;s:4:"file";s:28:"2021/08/portada-metapath.png";s:5:"sizes";a:0:{}s:10:"image_meta";a:12:{s:8:"aperture";s:1:"0";s:6:"credit";s:0:"";s:6:"camera";s:0:"";s:7:"caption";s:0:"";s:17:"created_timestamp";s:1:"0";s:9:"copyright";s:0:"";s:12:"focal_length";s:1:"0";s:3:"iso";s:1:"0";s:13:"shutter_speed";s:1:"0";s:5:"title";s:0:"";s:11:"orientation";s:1:"0";s:8:"keywords";a:0:{}}}]]></wp:meta_value>
		</wp:postmeta>
							</item>
					<item>
		<title><![CDATA[Recurso 1-8]]></title>
		<link>http://localhost/sass-wp/?attachment_id=19356</link>
		<pubDate>Fri, 20 Aug 2021 18:06:02 +0000</pubDate>
		<dc:creator><![CDATA[webmaster]]></dc:creator>
		<guid isPermaLink="false">http://localhost/sass-wp/wp-content/uploads/2021/08/Recurso-1-8.png</guid>
		<description></description>
		<content:encoded><![CDATA[]]></content:encoded>
		<excerpt:encoded><![CDATA[]]></excerpt:encoded>
		<wp:post_id>19356</wp:post_id>
		<wp:post_date><![CDATA[2021-08-20 18:06:02]]></wp:post_date>
		<wp:post_date_gmt><![CDATA[2021-08-20 18:06:02]]></wp:post_date_gmt>
		<wp:post_modified><![CDATA[2021-08-20 18:06:02]]></wp:post_modified>
		<wp:post_modified_gmt><![CDATA[2021-08-20 18:06:02]]></wp:post_modified_gmt>
		<wp:comment_status><![CDATA[open]]></wp:comment_status>
		<wp:ping_status><![CDATA[closed]]></wp:ping_status>
		<wp:post_name><![CDATA[recurso-1-8]]></wp:post_name>
		<wp:status><![CDATA[inherit]]></wp:status>
		<wp:post_parent>19354</wp:post_parent>
		<wp:menu_order>0</wp:menu_order>
		<wp:post_type><![CDATA[attachment]]></wp:post_type>
		<wp:post_password><![CDATA[]]></wp:post_password>
		<wp:is_sticky>0</wp:is_sticky>
						<wp:attachment_url><![CDATA[http://localhost/sass-wp/wp-content/uploads/2021/08/Recurso-1-8.png]]></wp:attachment_url>
											<wp:postmeta>
		<wp:meta_key><![CDATA[_wp_attached_file]]></wp:meta_key>
		<wp:meta_value><![CDATA[2021/08/Recurso-1-8.png]]></wp:meta_value>
		</wp:postmeta>
							<wp:postmeta>
		<wp:meta_key><![CDATA[_wp_attachment_metadata]]></wp:meta_key>
		<wp:meta_value><![CDATA[a:5:{s:5:"width";i:519;s:6:"height";i:341;s:4:"file";s:23:"2021/08/Recurso-1-8.png";s:5:"sizes";a:0:{}s:10:"image_meta";a:12:{s:8:"aperture";s:1:"0";s:6:"credit";s:0:"";s:6:"camera";s:0:"";s:7:"caption";s:0:"";s:17:"created_timestamp";s:1:"0";s:9:"copyright";s:0:"";s:12:"focal_length";s:1:"0";s:3:"iso";s:1:"0";s:13:"shutter_speed";s:1:"0";s:5:"title";s:0:"";s:11:"orientation";s:1:"0";s:8:"keywords";a:0:{}}}]]></wp:meta_value>
		</wp:postmeta>
							</item>
					<item>
		<title><![CDATA[screenshot]]></title>
		<link>http://localhost/sass-wp/?attachment_id=22779</link>
		<pubDate>Thu, 09 Sep 2021 21:12:37 +0000</pubDate>
		<dc:creator><![CDATA[webmaster]]></dc:creator>
		<guid isPermaLink="false">http://localhost/sass-wp/wp-content/uploads/2021/09/screenshot.png</guid>
		<description></description>
		<content:encoded><![CDATA[]]></content:encoded>
		<excerpt:encoded><![CDATA[]]></excerpt:encoded>
		<wp:post_id>22779</wp:post_id>
		<wp:post_date><![CDATA[2021-09-09 21:12:37]]></wp:post_date>
		<wp:post_date_gmt><![CDATA[2021-09-09 21:12:37]]></wp:post_date_gmt>
		<wp:post_modified><![CDATA[2021-09-09 21:12:37]]></wp:post_modified>
		<wp:post_modified_gmt><![CDATA[2021-09-09 21:12:37]]></wp:post_modified_gmt>
		<wp:comment_status><![CDATA[open]]></wp:comment_status>
		<wp:ping_status><![CDATA[closed]]></wp:ping_status>
		<wp:post_name><![CDATA[screenshot]]></wp:post_name>
		<wp:status><![CDATA[inherit]]></wp:status>
		<wp:post_parent>20</wp:post_parent>
		<wp:menu_order>0</wp:menu_order>
		<wp:post_type><![CDATA[attachment]]></wp:post_type>
		<wp:post_password><![CDATA[]]></wp:post_password>
		<wp:is_sticky>0</wp:is_sticky>
						<wp:attachment_url><![CDATA[http://localhost/sass-wp/wp-content/uploads/2021/09/screenshot.png]]></wp:attachment_url>
											<wp:postmeta>
		<wp:meta_key><![CDATA[_wp_attached_file]]></wp:meta_key>
		<wp:meta_value><![CDATA[2021/09/screenshot.png]]></wp:meta_value>
		</wp:postmeta>
							<wp:postmeta>
		<wp:meta_key><![CDATA[_wp_attachment_metadata]]></wp:meta_key>
		<wp:meta_value><![CDATA[a:5:{s:5:"width";i:1200;s:6:"height";i:900;s:4:"file";s:22:"2021/09/screenshot.png";s:5:"sizes";a:0:{}s:10:"image_meta";a:12:{s:8:"aperture";s:1:"0";s:6:"credit";s:0:"";s:6:"camera";s:0:"";s:7:"caption";s:0:"";s:17:"created_timestamp";s:1:"0";s:9:"copyright";s:0:"";s:12:"focal_length";s:1:"0";s:3:"iso";s:1:"0";s:13:"shutter_speed";s:1:"0";s:5:"title";s:0:"";s:11:"orientation";s:1:"0";s:8:"keywords";a:0:{}}}]]></wp:meta_value>
		</wp:postmeta>
							</item>
					<item>
		<title><![CDATA[Boletin]]></title>
		<link>http://localhost/sass-wp/boletin/</link>
		<pubDate>Fri, 30 Jul 2021 18:22:52 +0000</pubDate>
		<dc:creator><![CDATA[webmaster]]></dc:creator>
		<guid isPermaLink="false">https://localhost/sass-wp/boletin/</guid>
		<description></description>
		<content:encoded><![CDATA[]]></content:encoded>
		<excerpt:encoded><![CDATA[]]></excerpt:encoded>
		<wp:post_id>19258</wp:post_id>
		<wp:post_date><![CDATA[2021-08-02 21:35:08]]></wp:post_date>
		<wp:post_date_gmt><![CDATA[2021-07-30 18:22:52]]></wp:post_date_gmt>
		<wp:post_modified><![CDATA[2021-08-02 21:35:08]]></wp:post_modified>
		<wp:post_modified_gmt><![CDATA[2021-08-02 21:35:08]]></wp:post_modified_gmt>
		<wp:comment_status><![CDATA[closed]]></wp:comment_status>
		<wp:ping_status><![CDATA[closed]]></wp:ping_status>
		<wp:post_name><![CDATA[boletin]]></wp:post_name>
		<wp:status><![CDATA[publish]]></wp:status>
		<wp:post_parent>0</wp:post_parent>
		<wp:menu_order>1</wp:menu_order>
		<wp:post_type><![CDATA[nav_menu_item]]></wp:post_type>
		<wp:post_password><![CDATA[]]></wp:post_password>
		<wp:is_sticky>0</wp:is_sticky>
										<category domain="nav_menu" nicename="proxima-menu"><![CDATA[proxima-menu]]></category>
						<wp:postmeta>
		<wp:meta_key><![CDATA[_menu_item_type]]></wp:meta_key>
		<wp:meta_value><![CDATA[custom]]></wp:meta_value>
		</wp:postmeta>
							<wp:postmeta>
		<wp:meta_key><![CDATA[_menu_item_menu_item_parent]]></wp:meta_key>
		<wp:meta_value><![CDATA[0]]></wp:meta_value>
		</wp:postmeta>
							<wp:postmeta>
		<wp:meta_key><![CDATA[_menu_item_object_id]]></wp:meta_key>
		<wp:meta_value><![CDATA[19258]]></wp:meta_value>
		</wp:postmeta>
							<wp:postmeta>
		<wp:meta_key><![CDATA[_menu_item_object]]></wp:meta_key>
		<wp:meta_value><![CDATA[custom]]></wp:meta_value>
		</wp:postmeta>
							<wp:postmeta>
		<wp:meta_key><![CDATA[_menu_item_target]]></wp:meta_key>
		<wp:meta_value><![CDATA[]]></wp:meta_value>
		</wp:postmeta>
							<wp:postmeta>
		<wp:meta_key><![CDATA[_menu_item_classes]]></wp:meta_key>
		<wp:meta_value><![CDATA[a:1:{i:0;s:0:"";}]]></wp:meta_value>
		</wp:postmeta>
							<wp:postmeta>
		<wp:meta_key><![CDATA[_menu_item_xfn]]></wp:meta_key>
		<wp:meta_value><![CDATA[]]></wp:meta_value>
		</wp:postmeta>
							<wp:postmeta>
		<wp:meta_key><![CDATA[_menu_item_url]]></wp:meta_key>
		<wp:meta_value><![CDATA[http://get_permalink(get_page_by_name(page-empresa.php))]]></wp:meta_value>
		</wp:postmeta>
							<wp:postmeta>
		<wp:meta_key><![CDATA[_wp_old_date]]></wp:meta_key>
		<wp:meta_value><![CDATA[2021-07-30]]></wp:meta_value>
		</wp:postmeta>
							</item>
					<item>
		<title><![CDATA[Empresas]]></title>
		<link>http://localhost/sass-wp/empresas/</link>
		<pubDate>Fri, 30 Jul 2021 18:22:52 +0000</pubDate>
		<dc:creator><![CDATA[webmaster]]></dc:creator>
		<guid isPermaLink="false">https://localhost/sass-wp/empresas/</guid>
		<description></description>
		<content:encoded><![CDATA[]]></content:encoded>
		<excerpt:encoded><![CDATA[]]></excerpt:encoded>
		<wp:post_id>19259</wp:post_id>
		<wp:post_date><![CDATA[2021-07-30 18:22:52]]></wp:post_date>
		<wp:post_date_gmt><![CDATA[2021-07-30 18:22:52]]></wp:post_date_gmt>
		<wp:post_modified><![CDATA[2021-07-30 18:22:52]]></wp:post_modified>
		<wp:post_modified_gmt><![CDATA[2021-07-30 18:22:52]]></wp:post_modified_gmt>
		<wp:comment_status><![CDATA[closed]]></wp:comment_status>
		<wp:ping_status><![CDATA[closed]]></wp:ping_status>
		<wp:post_name><![CDATA[empresas]]></wp:post_name>
		<wp:status><![CDATA[publish]]></wp:status>
		<wp:post_parent>0</wp:post_parent>
		<wp:menu_order>2</wp:menu_order>
		<wp:post_type><![CDATA[nav_menu_item]]></wp:post_type>
		<wp:post_password><![CDATA[]]></wp:post_password>
		<wp:is_sticky>0</wp:is_sticky>
										<category domain="nav_menu" nicename="proxima-menu"><![CDATA[proxima-menu]]></category>
						<wp:postmeta>
		<wp:meta_key><![CDATA[_menu_item_type]]></wp:meta_key>
		<wp:meta_value><![CDATA[custom]]></wp:meta_value>
		</wp:postmeta>
							<wp:postmeta>
		<wp:meta_key><![CDATA[_menu_item_menu_item_parent]]></wp:meta_key>
		<wp:meta_value><![CDATA[0]]></wp:meta_value>
		</wp:postmeta>
							<wp:postmeta>
		<wp:meta_key><![CDATA[_menu_item_object_id]]></wp:meta_key>
		<wp:meta_value><![CDATA[19259]]></wp:meta_value>
		</wp:postmeta>
							<wp:postmeta>
		<wp:meta_key><![CDATA[_menu_item_object]]></wp:meta_key>
		<wp:meta_value><![CDATA[custom]]></wp:meta_value>
		</wp:postmeta>
							<wp:postmeta>
		<wp:meta_key><![CDATA[_menu_item_target]]></wp:meta_key>
		<wp:meta_value><![CDATA[]]></wp:meta_value>
		</wp:postmeta>
							<wp:postmeta>
		<wp:meta_key><![CDATA[_menu_item_classes]]></wp:meta_key>
		<wp:meta_value><![CDATA[a:1:{i:0;s:0:"";}]]></wp:meta_value>
		</wp:postmeta>
							<wp:postmeta>
		<wp:meta_key><![CDATA[_menu_item_xfn]]></wp:meta_key>
		<wp:meta_value><![CDATA[]]></wp:meta_value>
		</wp:postmeta>
							<wp:postmeta>
		<wp:meta_key><![CDATA[_menu_item_url]]></wp:meta_key>
		<wp:meta_value><![CDATA[https://localhost/sass-wp]]></wp:meta_value>
		</wp:postmeta>
							</item>
					<item>
		<title><![CDATA[Bolsa de trabajo]]></title>
		<link>http://localhost/sass-wp/bolsa-de-trabajo/</link>
		<pubDate>Fri, 30 Jul 2021 18:22:53 +0000</pubDate>
		<dc:creator><![CDATA[webmaster]]></dc:creator>
		<guid isPermaLink="false">https://localhost/sass-wp/bolsa-de-trabajo/</guid>
		<description></description>
		<content:encoded><![CDATA[]]></content:encoded>
		<excerpt:encoded><![CDATA[]]></excerpt:encoded>
		<wp:post_id>19260</wp:post_id>
		<wp:post_date><![CDATA[2021-07-30 18:22:53]]></wp:post_date>
		<wp:post_date_gmt><![CDATA[2021-07-30 18:22:53]]></wp:post_date_gmt>
		<wp:post_modified><![CDATA[2021-07-30 18:22:53]]></wp:post_modified>
		<wp:post_modified_gmt><![CDATA[2021-07-30 18:22:53]]></wp:post_modified_gmt>
		<wp:comment_status><![CDATA[closed]]></wp:comment_status>
		<wp:ping_status><![CDATA[closed]]></wp:ping_status>
		<wp:post_name><![CDATA[bolsa-de-trabajo]]></wp:post_name>
		<wp:status><![CDATA[publish]]></wp:status>
		<wp:post_parent>0</wp:post_parent>
		<wp:menu_order>3</wp:menu_order>
		<wp:post_type><![CDATA[nav_menu_item]]></wp:post_type>
		<wp:post_password><![CDATA[]]></wp:post_password>
		<wp:is_sticky>0</wp:is_sticky>
										<category domain="nav_menu" nicename="proxima-menu"><![CDATA[proxima-menu]]></category>
						<wp:postmeta>
		<wp:meta_key><![CDATA[_menu_item_type]]></wp:meta_key>
		<wp:meta_value><![CDATA[custom]]></wp:meta_value>
		</wp:postmeta>
							<wp:postmeta>
		<wp:meta_key><![CDATA[_menu_item_menu_item_parent]]></wp:meta_key>
		<wp:meta_value><![CDATA[0]]></wp:meta_value>
		</wp:postmeta>
							<wp:postmeta>
		<wp:meta_key><![CDATA[_menu_item_object_id]]></wp:meta_key>
		<wp:meta_value><![CDATA[19260]]></wp:meta_value>
		</wp:postmeta>
							<wp:postmeta>
		<wp:meta_key><![CDATA[_menu_item_object]]></wp:meta_key>
		<wp:meta_value><![CDATA[custom]]></wp:meta_value>
		</wp:postmeta>
							<wp:postmeta>
		<wp:meta_key><![CDATA[_menu_item_target]]></wp:meta_key>
		<wp:meta_value><![CDATA[]]></wp:meta_value>
		</wp:postmeta>
							<wp:postmeta>
		<wp:meta_key><![CDATA[_menu_item_classes]]></wp:meta_key>
		<wp:meta_value><![CDATA[a:1:{i:0;s:0:"";}]]></wp:meta_value>
		</wp:postmeta>
							<wp:postmeta>
		<wp:meta_key><![CDATA[_menu_item_xfn]]></wp:meta_key>
		<wp:meta_value><![CDATA[]]></wp:meta_value>
		</wp:postmeta>
							<wp:postmeta>
		<wp:meta_key><![CDATA[_menu_item_url]]></wp:meta_key>
		<wp:meta_value><![CDATA[https://localhost/sass-wp]]></wp:meta_value>
		</wp:postmeta>
							</item>
					<item>
		<title><![CDATA[Servicios]]></title>
		<link>http://localhost/sass-wp/servicios/</link>
		<pubDate>Fri, 30 Jul 2021 18:22:53 +0000</pubDate>
		<dc:creator><![CDATA[webmaster]]></dc:creator>
		<guid isPermaLink="false">https://localhost/sass-wp/servicios/</guid>
		<description></description>
		<content:encoded><![CDATA[]]></content:encoded>
		<excerpt:encoded><![CDATA[]]></excerpt:encoded>
		<wp:post_id>19261</wp:post_id>
		<wp:post_date><![CDATA[2021-07-30 18:22:53]]></wp:post_date>
		<wp:post_date_gmt><![CDATA[2021-07-30 18:22:53]]></wp:post_date_gmt>
		<wp:post_modified><![CDATA[2021-07-30 18:22:53]]></wp:post_modified>
		<wp:post_modified_gmt><![CDATA[2021-07-30 18:22:53]]></wp:post_modified_gmt>
		<wp:comment_status><![CDATA[closed]]></wp:comment_status>
		<wp:ping_status><![CDATA[closed]]></wp:ping_status>
		<wp:post_name><![CDATA[servicios]]></wp:post_name>
		<wp:status><![CDATA[publish]]></wp:status>
		<wp:post_parent>0</wp:post_parent>
		<wp:menu_order>4</wp:menu_order>
		<wp:post_type><![CDATA[nav_menu_item]]></wp:post_type>
		<wp:post_password><![CDATA[]]></wp:post_password>
		<wp:is_sticky>0</wp:is_sticky>
										<category domain="nav_menu" nicename="proxima-menu"><![CDATA[proxima-menu]]></category>
						<wp:postmeta>
		<wp:meta_key><![CDATA[_menu_item_type]]></wp:meta_key>
		<wp:meta_value><![CDATA[custom]]></wp:meta_value>
		</wp:postmeta>
							<wp:postmeta>
		<wp:meta_key><![CDATA[_menu_item_menu_item_parent]]></wp:meta_key>
		<wp:meta_value><![CDATA[0]]></wp:meta_value>
		</wp:postmeta>
							<wp:postmeta>
		<wp:meta_key><![CDATA[_menu_item_object_id]]></wp:meta_key>
		<wp:meta_value><![CDATA[19261]]></wp:meta_value>
		</wp:postmeta>
							<wp:postmeta>
		<wp:meta_key><![CDATA[_menu_item_object]]></wp:meta_key>
		<wp:meta_value><![CDATA[custom]]></wp:meta_value>
		</wp:postmeta>
							<wp:postmeta>
		<wp:meta_key><![CDATA[_menu_item_target]]></wp:meta_key>
		<wp:meta_value><![CDATA[]]></wp:meta_value>
		</wp:postmeta>
							<wp:postmeta>
		<wp:meta_key><![CDATA[_menu_item_classes]]></wp:meta_key>
		<wp:meta_value><![CDATA[a:1:{i:0;s:0:"";}]]></wp:meta_value>
		</wp:postmeta>
							<wp:postmeta>
		<wp:meta_key><![CDATA[_menu_item_xfn]]></wp:meta_key>
		<wp:meta_value><![CDATA[]]></wp:meta_value>
		</wp:postmeta>
							<wp:postmeta>
		<wp:meta_key><![CDATA[_menu_item_url]]></wp:meta_key>
		<wp:meta_value><![CDATA[https://localhost/sass-wp]]></wp:meta_value>
		</wp:postmeta>
							</item>
					<item>
		<title><![CDATA[Nosotros]]></title>
		<link>http://localhost/sass-wp/nosotros/</link>
		<pubDate>Fri, 30 Jul 2021 18:22:54 +0000</pubDate>
		<dc:creator><![CDATA[webmaster]]></dc:creator>
		<guid isPermaLink="false">https://localhost/sass-wp/nosotros/</guid>
		<description></description>
		<content:encoded><![CDATA[]]></content:encoded>
		<excerpt:encoded><![CDATA[]]></excerpt:encoded>
		<wp:post_id>19262</wp:post_id>
		<wp:post_date><![CDATA[2021-07-30 18:22:54]]></wp:post_date>
		<wp:post_date_gmt><![CDATA[2021-07-30 18:22:54]]></wp:post_date_gmt>
		<wp:post_modified><![CDATA[2021-07-30 18:22:54]]></wp:post_modified>
		<wp:post_modified_gmt><![CDATA[2021-07-30 18:22:54]]></wp:post_modified_gmt>
		<wp:comment_status><![CDATA[closed]]></wp:comment_status>
		<wp:ping_status><![CDATA[closed]]></wp:ping_status>
		<wp:post_name><![CDATA[nosotros]]></wp:post_name>
		<wp:status><![CDATA[publish]]></wp:status>
		<wp:post_parent>0</wp:post_parent>
		<wp:menu_order>5</wp:menu_order>
		<wp:post_type><![CDATA[nav_menu_item]]></wp:post_type>
		<wp:post_password><![CDATA[]]></wp:post_password>
		<wp:is_sticky>0</wp:is_sticky>
										<category domain="nav_menu" nicename="proxima-menu"><![CDATA[proxima-menu]]></category>
						<wp:postmeta>
		<wp:meta_key><![CDATA[_menu_item_type]]></wp:meta_key>
		<wp:meta_value><![CDATA[custom]]></wp:meta_value>
		</wp:postmeta>
							<wp:postmeta>
		<wp:meta_key><![CDATA[_menu_item_menu_item_parent]]></wp:meta_key>
		<wp:meta_value><![CDATA[0]]></wp:meta_value>
		</wp:postmeta>
							<wp:postmeta>
		<wp:meta_key><![CDATA[_menu_item_object_id]]></wp:meta_key>
		<wp:meta_value><![CDATA[19262]]></wp:meta_value>
		</wp:postmeta>
							<wp:postmeta>
		<wp:meta_key><![CDATA[_menu_item_object]]></wp:meta_key>
		<wp:meta_value><![CDATA[custom]]></wp:meta_value>
		</wp:postmeta>
							<wp:postmeta>
		<wp:meta_key><![CDATA[_menu_item_target]]></wp:meta_key>
		<wp:meta_value><![CDATA[]]></wp:meta_value>
		</wp:postmeta>
							<wp:postmeta>
		<wp:meta_key><![CDATA[_menu_item_classes]]></wp:meta_key>
		<wp:meta_value><![CDATA[a:1:{i:0;s:0:"";}]]></wp:meta_value>
		</wp:postmeta>
							<wp:postmeta>
		<wp:meta_key><![CDATA[_menu_item_xfn]]></wp:meta_key>
		<wp:meta_value><![CDATA[]]></wp:meta_value>
		</wp:postmeta>
							<wp:postmeta>
		<wp:meta_key><![CDATA[_menu_item_url]]></wp:meta_key>
		<wp:meta_value><![CDATA[https://localhost/sass-wp]]></wp:meta_value>
		</wp:postmeta>
							</item>
					<item>
		<title><![CDATA[]]></title>
		<link>http://localhost/sass-wp/19264/</link>
		<pubDate>Fri, 30 Jul 2021 18:26:23 +0000</pubDate>
		<dc:creator><![CDATA[webmaster]]></dc:creator>
		<guid isPermaLink="false">https://localhost/sass-wp/19264/</guid>
		<description></description>
		<content:encoded><![CDATA[ ]]></content:encoded>
		<excerpt:encoded><![CDATA[]]></excerpt:encoded>
		<wp:post_id>19264</wp:post_id>
		<wp:post_date><![CDATA[2021-07-30 18:26:23]]></wp:post_date>
		<wp:post_date_gmt><![CDATA[2021-07-30 18:26:23]]></wp:post_date_gmt>
		<wp:post_modified><![CDATA[2021-07-30 18:26:23]]></wp:post_modified>
		<wp:post_modified_gmt><![CDATA[2021-07-30 18:26:23]]></wp:post_modified_gmt>
		<wp:comment_status><![CDATA[closed]]></wp:comment_status>
		<wp:ping_status><![CDATA[closed]]></wp:ping_status>
		<wp:post_name><![CDATA[19264]]></wp:post_name>
		<wp:status><![CDATA[publish]]></wp:status>
		<wp:post_parent>0</wp:post_parent>
		<wp:menu_order>1</wp:menu_order>
		<wp:post_type><![CDATA[nav_menu_item]]></wp:post_type>
		<wp:post_password><![CDATA[]]></wp:post_password>
		<wp:is_sticky>0</wp:is_sticky>
										<category domain="nav_menu" nicename="test"><![CDATA[test]]></category>
						<wp:postmeta>
		<wp:meta_key><![CDATA[_menu_item_type]]></wp:meta_key>
		<wp:meta_value><![CDATA[post_type]]></wp:meta_value>
		</wp:postmeta>
							<wp:postmeta>
		<wp:meta_key><![CDATA[_menu_item_menu_item_parent]]></wp:meta_key>
		<wp:meta_value><![CDATA[0]]></wp:meta_value>
		</wp:postmeta>
							<wp:postmeta>
		<wp:meta_key><![CDATA[_menu_item_object_id]]></wp:meta_key>
		<wp:meta_value><![CDATA[19252]]></wp:meta_value>
		</wp:postmeta>
							<wp:postmeta>
		<wp:meta_key><![CDATA[_menu_item_object]]></wp:meta_key>
		<wp:meta_value><![CDATA[page]]></wp:meta_value>
		</wp:postmeta>
							<wp:postmeta>
		<wp:meta_key><![CDATA[_menu_item_target]]></wp:meta_key>
		<wp:meta_value><![CDATA[]]></wp:meta_value>
		</wp:postmeta>
							<wp:postmeta>
		<wp:meta_key><![CDATA[_menu_item_classes]]></wp:meta_key>
		<wp:meta_value><![CDATA[a:1:{i:0;s:0:"";}]]></wp:meta_value>
		</wp:postmeta>
							<wp:postmeta>
		<wp:meta_key><![CDATA[_menu_item_xfn]]></wp:meta_key>
		<wp:meta_value><![CDATA[]]></wp:meta_value>
		</wp:postmeta>
							<wp:postmeta>
		<wp:meta_key><![CDATA[_menu_item_url]]></wp:meta_key>
		<wp:meta_value><![CDATA[]]></wp:meta_value>
		</wp:postmeta>
							</item>
					<item>
		<title><![CDATA[]]></title>
		<link>http://localhost/sass-wp/19265/</link>
		<pubDate>Fri, 30 Jul 2021 18:26:24 +0000</pubDate>
		<dc:creator><![CDATA[webmaster]]></dc:creator>
		<guid isPermaLink="false">https://localhost/sass-wp/19265/</guid>
		<description></description>
		<content:encoded><![CDATA[ ]]></content:encoded>
		<excerpt:encoded><![CDATA[]]></excerpt:encoded>
		<wp:post_id>19265</wp:post_id>
		<wp:post_date><![CDATA[2021-07-30 18:26:24]]></wp:post_date>
		<wp:post_date_gmt><![CDATA[2021-07-30 18:26:24]]></wp:post_date_gmt>
		<wp:post_modified><![CDATA[2021-07-30 18:26:24]]></wp:post_modified>
		<wp:post_modified_gmt><![CDATA[2021-07-30 18:26:24]]></wp:post_modified_gmt>
		<wp:comment_status><![CDATA[closed]]></wp:comment_status>
		<wp:ping_status><![CDATA[closed]]></wp:ping_status>
		<wp:post_name><![CDATA[19265]]></wp:post_name>
		<wp:status><![CDATA[publish]]></wp:status>
		<wp:post_parent>0</wp:post_parent>
		<wp:menu_order>2</wp:menu_order>
		<wp:post_type><![CDATA[nav_menu_item]]></wp:post_type>
		<wp:post_password><![CDATA[]]></wp:post_password>
		<wp:is_sticky>0</wp:is_sticky>
										<category domain="nav_menu" nicename="test"><![CDATA[test]]></category>
						<wp:postmeta>
		<wp:meta_key><![CDATA[_menu_item_type]]></wp:meta_key>
		<wp:meta_value><![CDATA[post_type]]></wp:meta_value>
		</wp:postmeta>
							<wp:postmeta>
		<wp:meta_key><![CDATA[_menu_item_menu_item_parent]]></wp:meta_key>
		<wp:meta_value><![CDATA[0]]></wp:meta_value>
		</wp:postmeta>
							<wp:postmeta>
		<wp:meta_key><![CDATA[_menu_item_object_id]]></wp:meta_key>
		<wp:meta_value><![CDATA[15]]></wp:meta_value>
		</wp:postmeta>
							<wp:postmeta>
		<wp:meta_key><![CDATA[_menu_item_object]]></wp:meta_key>
		<wp:meta_value><![CDATA[page]]></wp:meta_value>
		</wp:postmeta>
							<wp:postmeta>
		<wp:meta_key><![CDATA[_menu_item_target]]></wp:meta_key>
		<wp:meta_value><![CDATA[]]></wp:meta_value>
		</wp:postmeta>
							<wp:postmeta>
		<wp:meta_key><![CDATA[_menu_item_classes]]></wp:meta_key>
		<wp:meta_value><![CDATA[a:1:{i:0;s:0:"";}]]></wp:meta_value>
		</wp:postmeta>
							<wp:postmeta>
		<wp:meta_key><![CDATA[_menu_item_xfn]]></wp:meta_key>
		<wp:meta_value><![CDATA[]]></wp:meta_value>
		</wp:postmeta>
							<wp:postmeta>
		<wp:meta_key><![CDATA[_menu_item_url]]></wp:meta_key>
		<wp:meta_value><![CDATA[]]></wp:meta_value>
		</wp:postmeta>
							</item>
					<item>
		<title><![CDATA[]]></title>
		<link>http://localhost/sass-wp/19266/</link>
		<pubDate>Fri, 30 Jul 2021 18:26:24 +0000</pubDate>
		<dc:creator><![CDATA[webmaster]]></dc:creator>
		<guid isPermaLink="false">https://localhost/sass-wp/19266/</guid>
		<description></description>
		<content:encoded><![CDATA[ ]]></content:encoded>
		<excerpt:encoded><![CDATA[]]></excerpt:encoded>
		<wp:post_id>19266</wp:post_id>
		<wp:post_date><![CDATA[2021-07-30 18:26:24]]></wp:post_date>
		<wp:post_date_gmt><![CDATA[2021-07-30 18:26:24]]></wp:post_date_gmt>
		<wp:post_modified><![CDATA[2021-07-30 18:26:24]]></wp:post_modified>
		<wp:post_modified_gmt><![CDATA[2021-07-30 18:26:24]]></wp:post_modified_gmt>
		<wp:comment_status><![CDATA[closed]]></wp:comment_status>
		<wp:ping_status><![CDATA[closed]]></wp:ping_status>
		<wp:post_name><![CDATA[19266]]></wp:post_name>
		<wp:status><![CDATA[publish]]></wp:status>
		<wp:post_parent>0</wp:post_parent>
		<wp:menu_order>3</wp:menu_order>
		<wp:post_type><![CDATA[nav_menu_item]]></wp:post_type>
		<wp:post_password><![CDATA[]]></wp:post_password>
		<wp:is_sticky>0</wp:is_sticky>
										<category domain="nav_menu" nicename="test"><![CDATA[test]]></category>
						<wp:postmeta>
		<wp:meta_key><![CDATA[_menu_item_type]]></wp:meta_key>
		<wp:meta_value><![CDATA[post_type]]></wp:meta_value>
		</wp:postmeta>
							<wp:postmeta>
		<wp:meta_key><![CDATA[_menu_item_menu_item_parent]]></wp:meta_key>
		<wp:meta_value><![CDATA[0]]></wp:meta_value>
		</wp:postmeta>
							<wp:postmeta>
		<wp:meta_key><![CDATA[_menu_item_object_id]]></wp:meta_key>
		<wp:meta_value><![CDATA[19253]]></wp:meta_value>
		</wp:postmeta>
							<wp:postmeta>
		<wp:meta_key><![CDATA[_menu_item_object]]></wp:meta_key>
		<wp:meta_value><![CDATA[page]]></wp:meta_value>
		</wp:postmeta>
							<wp:postmeta>
		<wp:meta_key><![CDATA[_menu_item_target]]></wp:meta_key>
		<wp:meta_value><![CDATA[]]></wp:meta_value>
		</wp:postmeta>
							<wp:postmeta>
		<wp:meta_key><![CDATA[_menu_item_classes]]></wp:meta_key>
		<wp:meta_value><![CDATA[a:1:{i:0;s:0:"";}]]></wp:meta_value>
		</wp:postmeta>
							<wp:postmeta>
		<wp:meta_key><![CDATA[_menu_item_xfn]]></wp:meta_key>
		<wp:meta_value><![CDATA[]]></wp:meta_value>
		</wp:postmeta>
							<wp:postmeta>
		<wp:meta_key><![CDATA[_menu_item_url]]></wp:meta_key>
		<wp:meta_value><![CDATA[]]></wp:meta_value>
		</wp:postmeta>
							</item>
					<item>
		<title><![CDATA[Pages]]></title>
		<link>http://localhost/sass-wp/pages/</link>
		<pubDate>Fri, 03 Sep 2021 17:27:13 +0000</pubDate>
		<dc:creator><![CDATA[webmaster]]></dc:creator>
		<guid isPermaLink="false">http://localhost/sass-wp/pages/</guid>
		<description></description>
		<content:encoded><![CDATA[]]></content:encoded>
		<excerpt:encoded><![CDATA[]]></excerpt:encoded>
		<wp:post_id>19404</wp:post_id>
		<wp:post_date><![CDATA[2021-09-03 17:27:13]]></wp:post_date>
		<wp:post_date_gmt><![CDATA[2021-09-03 17:27:13]]></wp:post_date_gmt>
		<wp:post_modified><![CDATA[2021-09-03 17:27:13]]></wp:post_modified>
		<wp:post_modified_gmt><![CDATA[2021-09-03 17:27:13]]></wp:post_modified_gmt>
		<wp:comment_status><![CDATA[closed]]></wp:comment_status>
		<wp:ping_status><![CDATA[closed]]></wp:ping_status>
		<wp:post_name><![CDATA[pages]]></wp:post_name>
		<wp:status><![CDATA[publish]]></wp:status>
		<wp:post_parent>0</wp:post_parent>
		<wp:menu_order>2</wp:menu_order>
		<wp:post_type><![CDATA[nav_menu_item]]></wp:post_type>
		<wp:post_password><![CDATA[]]></wp:post_password>
		<wp:is_sticky>0</wp:is_sticky>
										<category domain="nav_menu" nicename="testing-menu"><![CDATA[Testing Menu]]></category>
						<wp:postmeta>
		<wp:meta_key><![CDATA[_menu_item_type]]></wp:meta_key>
		<wp:meta_value><![CDATA[custom]]></wp:meta_value>
		</wp:postmeta>
							<wp:postmeta>
		<wp:meta_key><![CDATA[_menu_item_menu_item_parent]]></wp:meta_key>
		<wp:meta_value><![CDATA[0]]></wp:meta_value>
		</wp:postmeta>
							<wp:postmeta>
		<wp:meta_key><![CDATA[_menu_item_object_id]]></wp:meta_key>
		<wp:meta_value><![CDATA[19404]]></wp:meta_value>
		</wp:postmeta>
							<wp:postmeta>
		<wp:meta_key><![CDATA[_menu_item_object]]></wp:meta_key>
		<wp:meta_value><![CDATA[custom]]></wp:meta_value>
		</wp:postmeta>
							<wp:postmeta>
		<wp:meta_key><![CDATA[_menu_item_target]]></wp:meta_key>
		<wp:meta_value><![CDATA[]]></wp:meta_value>
		</wp:postmeta>
							<wp:postmeta>
		<wp:meta_key><![CDATA[_menu_item_classes]]></wp:meta_key>
		<wp:meta_value><![CDATA[a:1:{i:0;s:0:"";}]]></wp:meta_value>
		</wp:postmeta>
							<wp:postmeta>
		<wp:meta_key><![CDATA[_menu_item_xfn]]></wp:meta_key>
		<wp:meta_value><![CDATA[]]></wp:meta_value>
		</wp:postmeta>
							<wp:postmeta>
		<wp:meta_key><![CDATA[_menu_item_url]]></wp:meta_key>
		<wp:meta_value><![CDATA[#]]></wp:meta_value>
		</wp:postmeta>
							</item>
					<item>
		<title><![CDATA[Categories]]></title>
		<link>http://localhost/sass-wp/categories/</link>
		<pubDate>Fri, 03 Sep 2021 17:27:13 +0000</pubDate>
		<dc:creator><![CDATA[webmaster]]></dc:creator>
		<guid isPermaLink="false">http://localhost/sass-wp/categories/</guid>
		<description></description>
		<content:encoded><![CDATA[]]></content:encoded>
		<excerpt:encoded><![CDATA[]]></excerpt:encoded>
		<wp:post_id>19405</wp:post_id>
		<wp:post_date><![CDATA[2021-09-03 17:27:13]]></wp:post_date>
		<wp:post_date_gmt><![CDATA[2021-09-03 17:27:13]]></wp:post_date_gmt>
		<wp:post_modified><![CDATA[2021-09-03 17:27:13]]></wp:post_modified>
		<wp:post_modified_gmt><![CDATA[2021-09-03 17:27:13]]></wp:post_modified_gmt>
		<wp:comment_status><![CDATA[closed]]></wp:comment_status>
		<wp:ping_status><![CDATA[closed]]></wp:ping_status>
		<wp:post_name><![CDATA[categories]]></wp:post_name>
		<wp:status><![CDATA[publish]]></wp:status>
		<wp:post_parent>0</wp:post_parent>
		<wp:menu_order>10</wp:menu_order>
		<wp:post_type><![CDATA[nav_menu_item]]></wp:post_type>
		<wp:post_password><![CDATA[]]></wp:post_password>
		<wp:is_sticky>0</wp:is_sticky>
										<category domain="nav_menu" nicename="testing-menu"><![CDATA[Testing Menu]]></category>
						<wp:postmeta>
		<wp:meta_key><![CDATA[_menu_item_type]]></wp:meta_key>
		<wp:meta_value><![CDATA[custom]]></wp:meta_value>
		</wp:postmeta>
							<wp:postmeta>
		<wp:meta_key><![CDATA[_menu_item_menu_item_parent]]></wp:meta_key>
		<wp:meta_value><![CDATA[0]]></wp:meta_value>
		</wp:postmeta>
							<wp:postmeta>
		<wp:meta_key><![CDATA[_menu_item_object_id]]></wp:meta_key>
		<wp:meta_value><![CDATA[19405]]></wp:meta_value>
		</wp:postmeta>
							<wp:postmeta>
		<wp:meta_key><![CDATA[_menu_item_object]]></wp:meta_key>
		<wp:meta_value><![CDATA[custom]]></wp:meta_value>
		</wp:postmeta>
							<wp:postmeta>
		<wp:meta_key><![CDATA[_menu_item_target]]></wp:meta_key>
		<wp:meta_value><![CDATA[]]></wp:meta_value>
		</wp:postmeta>
							<wp:postmeta>
		<wp:meta_key><![CDATA[_menu_item_classes]]></wp:meta_key>
		<wp:meta_value><![CDATA[a:1:{i:0;s:0:"";}]]></wp:meta_value>
		</wp:postmeta>
							<wp:postmeta>
		<wp:meta_key><![CDATA[_menu_item_xfn]]></wp:meta_key>
		<wp:meta_value><![CDATA[]]></wp:meta_value>
		</wp:postmeta>
							<wp:postmeta>
		<wp:meta_key><![CDATA[_menu_item_url]]></wp:meta_key>
		<wp:meta_value><![CDATA[#]]></wp:meta_value>
		</wp:postmeta>
							</item>
					<item>
		<title><![CDATA[]]></title>
		<link>http://localhost/sass-wp/19406/</link>
		<pubDate>Fri, 03 Sep 2021 17:27:14 +0000</pubDate>
		<dc:creator><![CDATA[webmaster]]></dc:creator>
		<guid isPermaLink="false">http://localhost/sass-wp/</guid>
		<description></description>
		<content:encoded><![CDATA[Posts in this category test markup tags and styles.]]></content:encoded>
		<excerpt:encoded><![CDATA[]]></excerpt:encoded>
		<wp:post_id>19406</wp:post_id>
		<wp:post_date><![CDATA[2021-09-03 17:27:14]]></wp:post_date>
		<wp:post_date_gmt><![CDATA[2021-09-03 17:27:14]]></wp:post_date_gmt>
		<wp:post_modified><![CDATA[2021-09-03 17:27:14]]></wp:post_modified>
		<wp:post_modified_gmt><![CDATA[2021-09-03 17:27:14]]></wp:post_modified_gmt>
		<wp:comment_status><![CDATA[closed]]></wp:comment_status>
		<wp:ping_status><![CDATA[closed]]></wp:ping_status>
		<wp:post_name><![CDATA[19406]]></wp:post_name>
		<wp:status><![CDATA[publish]]></wp:status>
		<wp:post_parent>0</wp:post_parent>
		<wp:menu_order>21</wp:menu_order>
		<wp:post_type><![CDATA[nav_menu_item]]></wp:post_type>
		<wp:post_password><![CDATA[]]></wp:post_password>
		<wp:is_sticky>0</wp:is_sticky>
										<category domain="nav_menu" nicename="testing-menu"><![CDATA[Testing Menu]]></category>
						<wp:postmeta>
		<wp:meta_key><![CDATA[_menu_item_type]]></wp:meta_key>
		<wp:meta_value><![CDATA[taxonomy]]></wp:meta_value>
		</wp:postmeta>
							<wp:postmeta>
		<wp:meta_key><![CDATA[_menu_item_menu_item_parent]]></wp:meta_key>
		<wp:meta_value><![CDATA[19405]]></wp:meta_value>
		</wp:postmeta>
							<wp:postmeta>
		<wp:meta_key><![CDATA[_menu_item_object_id]]></wp:meta_key>
		<wp:meta_value><![CDATA[53]]></wp:meta_value>
		</wp:postmeta>
							<wp:postmeta>
		<wp:meta_key><![CDATA[_menu_item_object]]></wp:meta_key>
		<wp:meta_value><![CDATA[category]]></wp:meta_value>
		</wp:postmeta>
							<wp:postmeta>
		<wp:meta_key><![CDATA[_menu_item_target]]></wp:meta_key>
		<wp:meta_value><![CDATA[]]></wp:meta_value>
		</wp:postmeta>
							<wp:postmeta>
		<wp:meta_key><![CDATA[_menu_item_classes]]></wp:meta_key>
		<wp:meta_value><![CDATA[a:1:{i:0;s:0:"";}]]></wp:meta_value>
		</wp:postmeta>
							<wp:postmeta>
		<wp:meta_key><![CDATA[_menu_item_xfn]]></wp:meta_key>
		<wp:meta_value><![CDATA[]]></wp:meta_value>
		</wp:postmeta>
							<wp:postmeta>
		<wp:meta_key><![CDATA[_menu_item_url]]></wp:meta_key>
		<wp:meta_value><![CDATA[]]></wp:meta_value>
		</wp:postmeta>
							</item>
					<item>
		<title><![CDATA[]]></title>
		<link>http://localhost/sass-wp/19407/</link>
		<pubDate>Fri, 03 Sep 2021 17:27:14 +0000</pubDate>
		<dc:creator><![CDATA[webmaster]]></dc:creator>
		<guid isPermaLink="false">http://localhost/sass-wp/</guid>
		<description></description>
		<content:encoded><![CDATA[Posts in this category test post formats.]]></content:encoded>
		<excerpt:encoded><![CDATA[]]></excerpt:encoded>
		<wp:post_id>19407</wp:post_id>
		<wp:post_date><![CDATA[2021-09-03 17:27:14]]></wp:post_date>
		<wp:post_date_gmt><![CDATA[2021-09-03 17:27:14]]></wp:post_date_gmt>
		<wp:post_modified><![CDATA[2021-09-03 17:27:14]]></wp:post_modified>
		<wp:post_modified_gmt><![CDATA[2021-09-03 17:27:14]]></wp:post_modified_gmt>
		<wp:comment_status><![CDATA[closed]]></wp:comment_status>
		<wp:ping_status><![CDATA[closed]]></wp:ping_status>
		<wp:post_name><![CDATA[19407]]></wp:post_name>
		<wp:status><![CDATA[publish]]></wp:status>
		<wp:post_parent>0</wp:post_parent>
		<wp:menu_order>24</wp:menu_order>
		<wp:post_type><![CDATA[nav_menu_item]]></wp:post_type>
		<wp:post_password><![CDATA[]]></wp:post_password>
		<wp:is_sticky>0</wp:is_sticky>
										<category domain="nav_menu" nicename="testing-menu"><![CDATA[Testing Menu]]></category>
						<wp:postmeta>
		<wp:meta_key><![CDATA[_menu_item_type]]></wp:meta_key>
		<wp:meta_value><![CDATA[taxonomy]]></wp:meta_value>
		</wp:postmeta>
							<wp:postmeta>
		<wp:meta_key><![CDATA[_menu_item_menu_item_parent]]></wp:meta_key>
		<wp:meta_value><![CDATA[19405]]></wp:meta_value>
		</wp:postmeta>
							<wp:postmeta>
		<wp:meta_key><![CDATA[_menu_item_object_id]]></wp:meta_key>
		<wp:meta_value><![CDATA[159]]></wp:meta_value>
		</wp:postmeta>
							<wp:postmeta>
		<wp:meta_key><![CDATA[_menu_item_object]]></wp:meta_key>
		<wp:meta_value><![CDATA[category]]></wp:meta_value>
		</wp:postmeta>
							<wp:postmeta>
		<wp:meta_key><![CDATA[_menu_item_target]]></wp:meta_key>
		<wp:meta_value><![CDATA[]]></wp:meta_value>
		</wp:postmeta>
							<wp:postmeta>
		<wp:meta_key><![CDATA[_menu_item_classes]]></wp:meta_key>
		<wp:meta_value><![CDATA[a:1:{i:0;s:0:"";}]]></wp:meta_value>
		</wp:postmeta>
							<wp:postmeta>
		<wp:meta_key><![CDATA[_menu_item_xfn]]></wp:meta_key>
		<wp:meta_value><![CDATA[]]></wp:meta_value>
		</wp:postmeta>
							<wp:postmeta>
		<wp:meta_key><![CDATA[_menu_item_url]]></wp:meta_key>
		<wp:meta_value><![CDATA[]]></wp:meta_value>
		</wp:postmeta>
							</item>
					<item>
		<title><![CDATA[]]></title>
		<link>http://localhost/sass-wp/19408/</link>
		<pubDate>Fri, 03 Sep 2021 17:27:15 +0000</pubDate>
		<dc:creator><![CDATA[webmaster]]></dc:creator>
		<guid isPermaLink="false">http://localhost/sass-wp/</guid>
		<description></description>
		<content:encoded><![CDATA[Posts in this category test unpublished posts.]]></content:encoded>
		<excerpt:encoded><![CDATA[]]></excerpt:encoded>
		<wp:post_id>19408</wp:post_id>
		<wp:post_date><![CDATA[2021-09-03 17:27:15]]></wp:post_date>
		<wp:post_date_gmt><![CDATA[2021-09-03 17:27:15]]></wp:post_date_gmt>
		<wp:post_modified><![CDATA[2021-09-03 17:27:15]]></wp:post_modified>
		<wp:post_modified_gmt><![CDATA[2021-09-03 17:27:15]]></wp:post_modified_gmt>
		<wp:comment_status><![CDATA[closed]]></wp:comment_status>
		<wp:ping_status><![CDATA[closed]]></wp:ping_status>
		<wp:post_name><![CDATA[19408]]></wp:post_name>
		<wp:status><![CDATA[publish]]></wp:status>
		<wp:post_parent>0</wp:post_parent>
		<wp:menu_order>28</wp:menu_order>
		<wp:post_type><![CDATA[nav_menu_item]]></wp:post_type>
		<wp:post_password><![CDATA[]]></wp:post_password>
		<wp:is_sticky>0</wp:is_sticky>
										<category domain="nav_menu" nicename="testing-menu"><![CDATA[Testing Menu]]></category>
						<wp:postmeta>
		<wp:meta_key><![CDATA[_menu_item_type]]></wp:meta_key>
		<wp:meta_value><![CDATA[taxonomy]]></wp:meta_value>
		</wp:postmeta>
							<wp:postmeta>
		<wp:meta_key><![CDATA[_menu_item_menu_item_parent]]></wp:meta_key>
		<wp:meta_value><![CDATA[19405]]></wp:meta_value>
		</wp:postmeta>
							<wp:postmeta>
		<wp:meta_key><![CDATA[_menu_item_object_id]]></wp:meta_key>
		<wp:meta_value><![CDATA[75]]></wp:meta_value>
		</wp:postmeta>
							<wp:postmeta>
		<wp:meta_key><![CDATA[_menu_item_object]]></wp:meta_key>
		<wp:meta_value><![CDATA[category]]></wp:meta_value>
		</wp:postmeta>
							<wp:postmeta>
		<wp:meta_key><![CDATA[_menu_item_target]]></wp:meta_key>
		<wp:meta_value><![CDATA[]]></wp:meta_value>
		</wp:postmeta>
							<wp:postmeta>
		<wp:meta_key><![CDATA[_menu_item_classes]]></wp:meta_key>
		<wp:meta_value><![CDATA[a:1:{i:0;s:0:"";}]]></wp:meta_value>
		</wp:postmeta>
							<wp:postmeta>
		<wp:meta_key><![CDATA[_menu_item_xfn]]></wp:meta_key>
		<wp:meta_value><![CDATA[]]></wp:meta_value>
		</wp:postmeta>
							<wp:postmeta>
		<wp:meta_key><![CDATA[_menu_item_url]]></wp:meta_key>
		<wp:meta_value><![CDATA[]]></wp:meta_value>
		</wp:postmeta>
							</item>
					<item>
		<title><![CDATA[Depth]]></title>
		<link>http://localhost/sass-wp/depth/</link>
		<pubDate>Fri, 03 Sep 2021 17:27:16 +0000</pubDate>
		<dc:creator><![CDATA[webmaster]]></dc:creator>
		<guid isPermaLink="false">http://localhost/sass-wp/depth/</guid>
		<description></description>
		<content:encoded><![CDATA[]]></content:encoded>
		<excerpt:encoded><![CDATA[]]></excerpt:encoded>
		<wp:post_id>19409</wp:post_id>
		<wp:post_date><![CDATA[2021-09-03 17:27:16]]></wp:post_date>
		<wp:post_date_gmt><![CDATA[2021-09-03 17:27:16]]></wp:post_date_gmt>
		<wp:post_modified><![CDATA[2021-09-03 17:27:16]]></wp:post_modified>
		<wp:post_modified_gmt><![CDATA[2021-09-03 17:27:16]]></wp:post_modified_gmt>
		<wp:comment_status><![CDATA[closed]]></wp:comment_status>
		<wp:ping_status><![CDATA[closed]]></wp:ping_status>
		<wp:post_name><![CDATA[depth]]></wp:post_name>
		<wp:status><![CDATA[publish]]></wp:status>
		<wp:post_parent>0</wp:post_parent>
		<wp:menu_order>29</wp:menu_order>
		<wp:post_type><![CDATA[nav_menu_item]]></wp:post_type>
		<wp:post_password><![CDATA[]]></wp:post_password>
		<wp:is_sticky>0</wp:is_sticky>
										<category domain="nav_menu" nicename="testing-menu"><![CDATA[Testing Menu]]></category>
						<wp:postmeta>
		<wp:meta_key><![CDATA[_menu_item_type]]></wp:meta_key>
		<wp:meta_value><![CDATA[custom]]></wp:meta_value>
		</wp:postmeta>
							<wp:postmeta>
		<wp:meta_key><![CDATA[_menu_item_menu_item_parent]]></wp:meta_key>
		<wp:meta_value><![CDATA[0]]></wp:meta_value>
		</wp:postmeta>
							<wp:postmeta>
		<wp:meta_key><![CDATA[_menu_item_object_id]]></wp:meta_key>
		<wp:meta_value><![CDATA[19409]]></wp:meta_value>
		</wp:postmeta>
							<wp:postmeta>
		<wp:meta_key><![CDATA[_menu_item_object]]></wp:meta_key>
		<wp:meta_value><![CDATA[custom]]></wp:meta_value>
		</wp:postmeta>
							<wp:postmeta>
		<wp:meta_key><![CDATA[_menu_item_target]]></wp:meta_key>
		<wp:meta_value><![CDATA[]]></wp:meta_value>
		</wp:postmeta>
							<wp:postmeta>
		<wp:meta_key><![CDATA[_menu_item_classes]]></wp:meta_key>
		<wp:meta_value><![CDATA[a:1:{i:0;s:0:"";}]]></wp:meta_value>
		</wp:postmeta>
							<wp:postmeta>
		<wp:meta_key><![CDATA[_menu_item_xfn]]></wp:meta_key>
		<wp:meta_value><![CDATA[]]></wp:meta_value>
		</wp:postmeta>
							<wp:postmeta>
		<wp:meta_key><![CDATA[_menu_item_url]]></wp:meta_key>
		<wp:meta_value><![CDATA[#]]></wp:meta_value>
		</wp:postmeta>
							</item>
					<item>
		<title><![CDATA[Level 01]]></title>
		<link>http://localhost/sass-wp/level-01/</link>
		<pubDate>Fri, 03 Sep 2021 17:27:16 +0000</pubDate>
		<dc:creator><![CDATA[webmaster]]></dc:creator>
		<guid isPermaLink="false">http://localhost/sass-wp/level-01/</guid>
		<description></description>
		<content:encoded><![CDATA[]]></content:encoded>
		<excerpt:encoded><![CDATA[]]></excerpt:encoded>
		<wp:post_id>19410</wp:post_id>
		<wp:post_date><![CDATA[2021-09-03 17:27:16]]></wp:post_date>
		<wp:post_date_gmt><![CDATA[2021-09-03 17:27:16]]></wp:post_date_gmt>
		<wp:post_modified><![CDATA[2021-09-03 17:27:16]]></wp:post_modified>
		<wp:post_modified_gmt><![CDATA[2021-09-03 17:27:16]]></wp:post_modified_gmt>
		<wp:comment_status><![CDATA[closed]]></wp:comment_status>
		<wp:ping_status><![CDATA[closed]]></wp:ping_status>
		<wp:post_name><![CDATA[level-01]]></wp:post_name>
		<wp:status><![CDATA[publish]]></wp:status>
		<wp:post_parent>0</wp:post_parent>
		<wp:menu_order>30</wp:menu_order>
		<wp:post_type><![CDATA[nav_menu_item]]></wp:post_type>
		<wp:post_password><![CDATA[]]></wp:post_password>
		<wp:is_sticky>0</wp:is_sticky>
										<category domain="nav_menu" nicename="testing-menu"><![CDATA[Testing Menu]]></category>
						<wp:postmeta>
		<wp:meta_key><![CDATA[_menu_item_type]]></wp:meta_key>
		<wp:meta_value><![CDATA[custom]]></wp:meta_value>
		</wp:postmeta>
							<wp:postmeta>
		<wp:meta_key><![CDATA[_menu_item_menu_item_parent]]></wp:meta_key>
		<wp:meta_value><![CDATA[19409]]></wp:meta_value>
		</wp:postmeta>
							<wp:postmeta>
		<wp:meta_key><![CDATA[_menu_item_object_id]]></wp:meta_key>
		<wp:meta_value><![CDATA[19410]]></wp:meta_value>
		</wp:postmeta>
							<wp:postmeta>
		<wp:meta_key><![CDATA[_menu_item_object]]></wp:meta_key>
		<wp:meta_value><![CDATA[custom]]></wp:meta_value>
		</wp:postmeta>
							<wp:postmeta>
		<wp:meta_key><![CDATA[_menu_item_target]]></wp:meta_key>
		<wp:meta_value><![CDATA[]]></wp:meta_value>
		</wp:postmeta>
							<wp:postmeta>
		<wp:meta_key><![CDATA[_menu_item_classes]]></wp:meta_key>
		<wp:meta_value><![CDATA[a:1:{i:0;s:0:"";}]]></wp:meta_value>
		</wp:postmeta>
							<wp:postmeta>
		<wp:meta_key><![CDATA[_menu_item_xfn]]></wp:meta_key>
		<wp:meta_value><![CDATA[]]></wp:meta_value>
		</wp:postmeta>
							<wp:postmeta>
		<wp:meta_key><![CDATA[_menu_item_url]]></wp:meta_key>
		<wp:meta_value><![CDATA[#]]></wp:meta_value>
		</wp:postmeta>
							</item>
					<item>
		<title><![CDATA[The-Greatest-Sources-of-Injury-in-Welding-Operations-e1547066035697]]></title>
		<link>http://localhost/sass-wp/bolsadetrabajo/herrero/the-greatest-sources-of-injury-in-welding-operations-e1547066035697/</link>
		<pubDate>Thu, 09 Sep 2021 21:23:25 +0000</pubDate>
		<dc:creator><![CDATA[webmaster]]></dc:creator>
		<guid isPermaLink="false">http://localhost/sass-wp/wp-content/uploads/2021/07/The-Greatest-Sources-of-Injury-in-Welding-Operations-e1547066035697.jpg</guid>
		<description></description>
		<content:encoded><![CDATA[]]></content:encoded>
		<excerpt:encoded><![CDATA[]]></excerpt:encoded>
		<wp:post_id>22780</wp:post_id>
		<wp:post_date><![CDATA[2021-09-09 21:23:25]]></wp:post_date>
		<wp:post_date_gmt><![CDATA[2021-09-09 21:23:25]]></wp:post_date_gmt>
		<wp:post_modified><![CDATA[2021-09-09 21:23:25]]></wp:post_modified>
		<wp:post_modified_gmt><![CDATA[2021-09-09 21:23:25]]></wp:post_modified_gmt>
		<wp:comment_status><![CDATA[open]]></wp:comment_status>
		<wp:ping_status><![CDATA[closed]]></wp:ping_status>
		<wp:post_name><![CDATA[the-greatest-sources-of-injury-in-welding-operations-e1547066035697]]></wp:post_name>
		<wp:status><![CDATA[inherit]]></wp:status>
		<wp:post_parent>22770</wp:post_parent>
		<wp:menu_order>0</wp:menu_order>
		<wp:post_type><![CDATA[attachment]]></wp:post_type>
		<wp:post_password><![CDATA[]]></wp:post_password>
		<wp:is_sticky>0</wp:is_sticky>
						<wp:attachment_url><![CDATA[http://localhost/sass-wp/wp-content/uploads/2021/07/The-Greatest-Sources-of-Injury-in-Welding-Operations-e1547066035697.jpg]]></wp:attachment_url>
											<wp:postmeta>
		<wp:meta_key><![CDATA[_wp_attached_file]]></wp:meta_key>
		<wp:meta_value><![CDATA[2021/07/The-Greatest-Sources-of-Injury-in-Welding-Operations-e1547066035697.jpg]]></wp:meta_value>
		</wp:postmeta>
							<wp:postmeta>
		<wp:meta_key><![CDATA[_wp_attachment_metadata]]></wp:meta_key>
		<wp:meta_value><![CDATA[a:5:{s:5:"width";i:1200;s:6:"height";i:800;s:4:"file";s:79:"2021/07/The-Greatest-Sources-of-Injury-in-Welding-Operations-e1547066035697.jpg";s:5:"sizes";a:0:{}s:10:"image_meta";a:12:{s:8:"aperture";s:1:"0";s:6:"credit";s:0:"";s:6:"camera";s:0:"";s:7:"caption";s:0:"";s:17:"created_timestamp";s:1:"0";s:9:"copyright";s:0:"";s:12:"focal_length";s:1:"0";s:3:"iso";s:1:"0";s:13:"shutter_speed";s:1:"0";s:5:"title";s:0:"";s:11:"orientation";s:1:"0";s:8:"keywords";a:0:{}}}]]></wp:meta_value>
		</wp:postmeta>
							</item>
					<item>
		<title><![CDATA[1-9]]></title>
		<link>http://localhost/sass-wp/bolsadetrabajo/gestor-comercial/1-9/</link>
		<pubDate>Thu, 09 Sep 2021 21:25:18 +0000</pubDate>
		<dc:creator><![CDATA[webmaster]]></dc:creator>
		<guid isPermaLink="false">http://localhost/sass-wp/wp-content/uploads/2021/05/1-9.jpg</guid>
		<description></description>
		<content:encoded><![CDATA[]]></content:encoded>
		<excerpt:encoded><![CDATA[]]></excerpt:encoded>
		<wp:post_id>22781</wp:post_id>
		<wp:post_date><![CDATA[2021-09-09 21:25:18]]></wp:post_date>
		<wp:post_date_gmt><![CDATA[2021-09-09 21:25:18]]></wp:post_date_gmt>
		<wp:post_modified><![CDATA[2021-09-09 21:25:18]]></wp:post_modified>
		<wp:post_modified_gmt><![CDATA[2021-09-09 21:25:18]]></wp:post_modified_gmt>
		<wp:comment_status><![CDATA[open]]></wp:comment_status>
		<wp:ping_status><![CDATA[closed]]></wp:ping_status>
		<wp:post_name><![CDATA[1-9]]></wp:post_name>
		<wp:status><![CDATA[inherit]]></wp:status>
		<wp:post_parent>20384</wp:post_parent>
		<wp:menu_order>0</wp:menu_order>
		<wp:post_type><![CDATA[attachment]]></wp:post_type>
		<wp:post_password><![CDATA[]]></wp:post_password>
		<wp:is_sticky>0</wp:is_sticky>
						<wp:attachment_url><![CDATA[http://localhost/sass-wp/wp-content/uploads/2021/05/1-9.jpg]]></wp:attachment_url>
											<wp:postmeta>
		<wp:meta_key><![CDATA[_wp_attached_file]]></wp:meta_key>
		<wp:meta_value><![CDATA[2021/05/1-9.jpg]]></wp:meta_value>
		</wp:postmeta>
							<wp:postmeta>
		<wp:meta_key><![CDATA[_wp_attachment_metadata]]></wp:meta_key>
		<wp:meta_value><![CDATA[a:5:{s:5:"width";i:500;s:6:"height";i:260;s:4:"file";s:15:"2021/05/1-9.jpg";s:5:"sizes";a:0:{}s:10:"image_meta";a:12:{s:8:"aperture";s:1:"0";s:6:"credit";s:0:"";s:6:"camera";s:0:"";s:7:"caption";s:0:"";s:17:"created_timestamp";s:1:"0";s:9:"copyright";s:0:"";s:12:"focal_length";s:1:"0";s:3:"iso";s:1:"0";s:13:"shutter_speed";s:1:"0";s:5:"title";s:0:"";s:11:"orientation";s:1:"0";s:8:"keywords";a:0:{}}}]]></wp:meta_value>
		</wp:postmeta>
							</item>
					<item>
		<title><![CDATA[CuÃ¡l-es-el-sueldo-de-un-diseÃ±ador-grÃ¡fico]]></title>
		<link>http://localhost/sass-wp/bolsadetrabajo/auxiliar-de-diseno-grafico/cual-es-el-sueldo-de-un-disenador-grafico/</link>
		<pubDate>Thu, 09 Sep 2021 21:27:03 +0000</pubDate>
		<dc:creator><![CDATA[webmaster]]></dc:creator>
		<guid isPermaLink="false">http://localhost/sass-wp/wp-content/uploads/2021/05/Cual-es-el-sueldo-de-un-disenador-grafico.jpg</guid>
		<description></description>
		<content:encoded><![CDATA[]]></content:encoded>
		<excerpt:encoded><![CDATA[]]></excerpt:encoded>
		<wp:post_id>22782</wp:post_id>
		<wp:post_date><![CDATA[2021-09-09 21:27:03]]></wp:post_date>
		<wp:post_date_gmt><![CDATA[2021-09-09 21:27:03]]></wp:post_date_gmt>
		<wp:post_modified><![CDATA[2021-09-09 21:27:03]]></wp:post_modified>
		<wp:post_modified_gmt><![CDATA[2021-09-09 21:27:03]]></wp:post_modified_gmt>
		<wp:comment_status><![CDATA[open]]></wp:comment_status>
		<wp:ping_status><![CDATA[closed]]></wp:ping_status>
		<wp:post_name><![CDATA[cual-es-el-sueldo-de-un-disenador-grafico]]></wp:post_name>
		<wp:status><![CDATA[inherit]]></wp:status>
		<wp:post_parent>20076</wp:post_parent>
		<wp:menu_order>0</wp:menu_order>
		<wp:post_type><![CDATA[attachment]]></wp:post_type>
		<wp:post_password><![CDATA[]]></wp:post_password>
		<wp:is_sticky>0</wp:is_sticky>
						<wp:attachment_url><![CDATA[http://localhost/sass-wp/wp-content/uploads/2021/05/Cual-es-el-sueldo-de-un-disenador-grafico.jpg]]></wp:attachment_url>
											<wp:postmeta>
		<wp:meta_key><![CDATA[_wp_attached_file]]></wp:meta_key>
		<wp:meta_value><![CDATA[2021/05/Cual-es-el-sueldo-de-un-disenador-grafico.jpg]]></wp:meta_value>
		</wp:postmeta>
							<wp:postmeta>
		<wp:meta_key><![CDATA[_wp_attachment_metadata]]></wp:meta_key>
		<wp:meta_value><![CDATA[a:5:{s:5:"width";i:700;s:6:"height";i:467;s:4:"file";s:53:"2021/05/Cual-es-el-sueldo-de-un-disenador-grafico.jpg";s:5:"sizes";a:0:{}s:10:"image_meta";a:12:{s:8:"aperture";s:1:"0";s:6:"credit";s:0:"";s:6:"camera";s:0:"";s:7:"caption";s:0:"";s:17:"created_timestamp";s:1:"0";s:9:"copyright";s:0:"";s:12:"focal_length";s:1:"0";s:3:"iso";s:1:"0";s:13:"shutter_speed";s:1:"0";s:5:"title";s:0:"";s:11:"orientation";s:1:"1";s:8:"keywords";a:0:{}}}]]></wp:meta_value>
		</wp:postmeta>
							</item>
					<item>
		<title><![CDATA[OIP (2)]]></title>
		<link>http://localhost/sass-wp/bolsadetrabajo/programador-wordpress-jr/oip-2/</link>
		<pubDate>Thu, 09 Sep 2021 21:30:37 +0000</pubDate>
		<dc:creator><![CDATA[webmaster]]></dc:creator>
		<guid isPermaLink="false">http://localhost/sass-wp/wp-content/uploads/2021/05/OIP-2.jpg</guid>
		<description></description>
		<content:encoded><![CDATA[]]></content:encoded>
		<excerpt:encoded><![CDATA[]]></excerpt:encoded>
		<wp:post_id>22783</wp:post_id>
		<wp:post_date><![CDATA[2021-09-09 21:30:37]]></wp:post_date>
		<wp:post_date_gmt><![CDATA[2021-09-09 21:30:37]]></wp:post_date_gmt>
		<wp:post_modified><![CDATA[2021-09-09 21:30:37]]></wp:post_modified>
		<wp:post_modified_gmt><![CDATA[2021-09-09 21:30:37]]></wp:post_modified_gmt>
		<wp:comment_status><![CDATA[open]]></wp:comment_status>
		<wp:ping_status><![CDATA[closed]]></wp:ping_status>
		<wp:post_name><![CDATA[oip-2]]></wp:post_name>
		<wp:status><![CDATA[inherit]]></wp:status>
		<wp:post_parent>19626</wp:post_parent>
		<wp:menu_order>0</wp:menu_order>
		<wp:post_type><![CDATA[attachment]]></wp:post_type>
		<wp:post_password><![CDATA[]]></wp:post_password>
		<wp:is_sticky>0</wp:is_sticky>
						<wp:attachment_url><![CDATA[http://localhost/sass-wp/wp-content/uploads/2021/05/OIP-2.jpg]]></wp:attachment_url>
											<wp:postmeta>
		<wp:meta_key><![CDATA[_wp_attached_file]]></wp:meta_key>
		<wp:meta_value><![CDATA[2021/05/OIP-2.jpg]]></wp:meta_value>
		</wp:postmeta>
							<wp:postmeta>
		<wp:meta_key><![CDATA[_wp_attachment_metadata]]></wp:meta_key>
		<wp:meta_value><![CDATA[a:5:{s:5:"width";i:474;s:6:"height";i:300;s:4:"file";s:17:"2021/05/OIP-2.jpg";s:5:"sizes";a:0:{}s:10:"image_meta";a:12:{s:8:"aperture";s:1:"0";s:6:"credit";s:0:"";s:6:"camera";s:0:"";s:7:"caption";s:0:"";s:17:"created_timestamp";s:1:"0";s:9:"copyright";s:0:"";s:12:"focal_length";s:1:"0";s:3:"iso";s:1:"0";s:13:"shutter_speed";s:1:"0";s:5:"title";s:0:"";s:11:"orientation";s:1:"0";s:8:"keywords";a:0:{}}}]]></wp:meta_value>
		</wp:postmeta>
							</item>
					<item>
		<title><![CDATA[buscador]]></title>
		<link>http://localhost/sass-wp/?coblocks_pattern=buscador</link>
		<pubDate>Sat, 11 Sep 2021 14:28:14 +0000</pubDate>
		<dc:creator><![CDATA[webmaster]]></dc:creator>
		<guid isPermaLink="false">http://localhost/sass-wp/?post_type=coblocks_pattern&#038;p=22785</guid>
		<description></description>
		<content:encoded><![CDATA[<!-- wp:search {"label":"Buscar","buttonText":"Buscar"} /-->

<!-- wp:paragraph -->
<p id="buscador_proxima"></p>
<!-- /wp:paragraph -->]]></content:encoded>
		<excerpt:encoded><![CDATA[]]></excerpt:encoded>
		<wp:post_id>22785</wp:post_id>
		<wp:post_date><![CDATA[2021-09-11 14:28:14]]></wp:post_date>
		<wp:post_date_gmt><![CDATA[2021-09-11 14:28:14]]></wp:post_date_gmt>
		<wp:post_modified><![CDATA[2021-09-11 14:30:23]]></wp:post_modified>
		<wp:post_modified_gmt><![CDATA[2021-09-11 14:30:23]]></wp:post_modified_gmt>
		<wp:comment_status><![CDATA[closed]]></wp:comment_status>
		<wp:ping_status><![CDATA[closed]]></wp:ping_status>
		<wp:post_name><![CDATA[buscador]]></wp:post_name>
		<wp:status><![CDATA[publish]]></wp:status>
		<wp:post_parent>0</wp:post_parent>
		<wp:menu_order>0</wp:menu_order>
		<wp:post_type><![CDATA[coblocks_pattern]]></wp:post_type>
		<wp:post_password><![CDATA[]]></wp:post_password>
		<wp:is_sticky>0</wp:is_sticky>
														</item>
					<item>
		<title><![CDATA[Level 02]]></title>
		<link>http://localhost/sass-wp/level-02/</link>
		<pubDate>Fri, 03 Sep 2021 17:27:16 +0000</pubDate>
		<dc:creator><![CDATA[webmaster]]></dc:creator>
		<guid isPermaLink="false">http://localhost/sass-wp/level-02/</guid>
		<description></description>
		<content:encoded><![CDATA[]]></content:encoded>
		<excerpt:encoded><![CDATA[]]></excerpt:encoded>
		<wp:post_id>19411</wp:post_id>
		<wp:post_date><![CDATA[2021-09-03 17:27:16]]></wp:post_date>
		<wp:post_date_gmt><![CDATA[2021-09-03 17:27:16]]></wp:post_date_gmt>
		<wp:post_modified><![CDATA[2021-09-03 17:27:16]]></wp:post_modified>
		<wp:post_modified_gmt><![CDATA[2021-09-03 17:27:16]]></wp:post_modified_gmt>
		<wp:comment_status><![CDATA[closed]]></wp:comment_status>
		<wp:ping_status><![CDATA[closed]]></wp:ping_status>
		<wp:post_name><![CDATA[level-02]]></wp:post_name>
		<wp:status><![CDATA[publish]]></wp:status>
		<wp:post_parent>0</wp:post_parent>
		<wp:menu_order>31</wp:menu_order>
		<wp:post_type><![CDATA[nav_menu_item]]></wp:post_type>
		<wp:post_password><![CDATA[]]></wp:post_password>
		<wp:is_sticky>0</wp:is_sticky>
										<category domain="nav_menu" nicename="testing-menu"><![CDATA[Testing Menu]]></category>
						<wp:postmeta>
		<wp:meta_key><![CDATA[_menu_item_type]]></wp:meta_key>
		<wp:meta_value><![CDATA[custom]]></wp:meta_value>
		</wp:postmeta>
							<wp:postmeta>
		<wp:meta_key><![CDATA[_menu_item_menu_item_parent]]></wp:meta_key>
		<wp:meta_value><![CDATA[19410]]></wp:meta_value>
		</wp:postmeta>
							<wp:postmeta>
		<wp:meta_key><![CDATA[_menu_item_object_id]]></wp:meta_key>
		<wp:meta_value><![CDATA[19411]]></wp:meta_value>
		</wp:postmeta>
							<wp:postmeta>
		<wp:meta_key><![CDATA[_menu_item_object]]></wp:meta_key>
		<wp:meta_value><![CDATA[custom]]></wp:meta_value>
		</wp:postmeta>
							<wp:postmeta>
		<wp:meta_key><![CDATA[_menu_item_target]]></wp:meta_key>
		<wp:meta_value><![CDATA[]]></wp:meta_value>
		</wp:postmeta>
							<wp:postmeta>
		<wp:meta_key><![CDATA[_menu_item_classes]]></wp:meta_key>
		<wp:meta_value><![CDATA[a:1:{i:0;s:0:"";}]]></wp:meta_value>
		</wp:postmeta>
							<wp:postmeta>
		<wp:meta_key><![CDATA[_menu_item_xfn]]></wp:meta_key>
		<wp:meta_value><![CDATA[]]></wp:meta_value>
		</wp:postmeta>
							<wp:postmeta>
		<wp:meta_key><![CDATA[_menu_item_url]]></wp:meta_key>
		<wp:meta_value><![CDATA[#]]></wp:meta_value>
		</wp:postmeta>
							</item>
					<item>
		<title><![CDATA[Level 03]]></title>
		<link>http://localhost/sass-wp/level-03/</link>
		<pubDate>Fri, 03 Sep 2021 17:27:17 +0000</pubDate>
		<dc:creator><![CDATA[webmaster]]></dc:creator>
		<guid isPermaLink="false">http://localhost/sass-wp/level-03/</guid>
		<description></description>
		<content:encoded><![CDATA[]]></content:encoded>
		<excerpt:encoded><![CDATA[]]></excerpt:encoded>
		<wp:post_id>19412</wp:post_id>
		<wp:post_date><![CDATA[2021-09-03 17:27:17]]></wp:post_date>
		<wp:post_date_gmt><![CDATA[2021-09-03 17:27:17]]></wp:post_date_gmt>
		<wp:post_modified><![CDATA[2021-09-03 17:27:17]]></wp:post_modified>
		<wp:post_modified_gmt><![CDATA[2021-09-03 17:27:17]]></wp:post_modified_gmt>
		<wp:comment_status><![CDATA[closed]]></wp:comment_status>
		<wp:ping_status><![CDATA[closed]]></wp:ping_status>
		<wp:post_name><![CDATA[level-03]]></wp:post_name>
		<wp:status><![CDATA[publish]]></wp:status>
		<wp:post_parent>0</wp:post_parent>
		<wp:menu_order>32</wp:menu_order>
		<wp:post_type><![CDATA[nav_menu_item]]></wp:post_type>
		<wp:post_password><![CDATA[]]></wp:post_password>
		<wp:is_sticky>0</wp:is_sticky>
										<category domain="nav_menu" nicename="testing-menu"><![CDATA[Testing Menu]]></category>
						<wp:postmeta>
		<wp:meta_key><![CDATA[_menu_item_type]]></wp:meta_key>
		<wp:meta_value><![CDATA[custom]]></wp:meta_value>
		</wp:postmeta>
							<wp:postmeta>
		<wp:meta_key><![CDATA[_menu_item_menu_item_parent]]></wp:meta_key>
		<wp:meta_value><![CDATA[19411]]></wp:meta_value>
		</wp:postmeta>
							<wp:postmeta>
		<wp:meta_key><![CDATA[_menu_item_object_id]]></wp:meta_key>
		<wp:meta_value><![CDATA[19412]]></wp:meta_value>
		</wp:postmeta>
							<wp:postmeta>
		<wp:meta_key><![CDATA[_menu_item_object]]></wp:meta_key>
		<wp:meta_value><![CDATA[custom]]></wp:meta_value>
		</wp:postmeta>
							<wp:postmeta>
		<wp:meta_key><![CDATA[_menu_item_target]]></wp:meta_key>
		<wp:meta_value><![CDATA[]]></wp:meta_value>
		</wp:postmeta>
							<wp:postmeta>
		<wp:meta_key><![CDATA[_menu_item_classes]]></wp:meta_key>
		<wp:meta_value><![CDATA[a:1:{i:0;s:0:"";}]]></wp:meta_value>
		</wp:postmeta>
							<wp:postmeta>
		<wp:meta_key><![CDATA[_menu_item_xfn]]></wp:meta_key>
		<wp:meta_value><![CDATA[]]></wp:meta_value>
		</wp:postmeta>
							<wp:postmeta>
		<wp:meta_key><![CDATA[_menu_item_url]]></wp:meta_key>
		<wp:meta_value><![CDATA[#]]></wp:meta_value>
		</wp:postmeta>
							</item>
					<item>
		<title><![CDATA[Level 04]]></title>
		<link>http://localhost/sass-wp/level-04/</link>
		<pubDate>Fri, 03 Sep 2021 17:27:18 +0000</pubDate>
		<dc:creator><![CDATA[webmaster]]></dc:creator>
		<guid isPermaLink="false">http://localhost/sass-wp/level-04/</guid>
		<description></description>
		<content:encoded><![CDATA[]]></content:encoded>
		<excerpt:encoded><![CDATA[]]></excerpt:encoded>
		<wp:post_id>19413</wp:post_id>
		<wp:post_date><![CDATA[2021-09-03 17:27:18]]></wp:post_date>
		<wp:post_date_gmt><![CDATA[2021-09-03 17:27:18]]></wp:post_date_gmt>
		<wp:post_modified><![CDATA[2021-09-03 17:27:18]]></wp:post_modified>
		<wp:post_modified_gmt><![CDATA[2021-09-03 17:27:18]]></wp:post_modified_gmt>
		<wp:comment_status><![CDATA[closed]]></wp:comment_status>
		<wp:ping_status><![CDATA[closed]]></wp:ping_status>
		<wp:post_name><![CDATA[level-04]]></wp:post_name>
		<wp:status><![CDATA[publish]]></wp:status>
		<wp:post_parent>0</wp:post_parent>
		<wp:menu_order>33</wp:menu_order>
		<wp:post_type><![CDATA[nav_menu_item]]></wp:post_type>
		<wp:post_password><![CDATA[]]></wp:post_password>
		<wp:is_sticky>0</wp:is_sticky>
										<category domain="nav_menu" nicename="testing-menu"><![CDATA[Testing Menu]]></category>
						<wp:postmeta>
		<wp:meta_key><![CDATA[_menu_item_type]]></wp:meta_key>
		<wp:meta_value><![CDATA[custom]]></wp:meta_value>
		</wp:postmeta>
							<wp:postmeta>
		<wp:meta_key><![CDATA[_menu_item_menu_item_parent]]></wp:meta_key>
		<wp:meta_value><![CDATA[19412]]></wp:meta_value>
		</wp:postmeta>
							<wp:postmeta>
		<wp:meta_key><![CDATA[_menu_item_object_id]]></wp:meta_key>
		<wp:meta_value><![CDATA[19413]]></wp:meta_value>
		</wp:postmeta>
							<wp:postmeta>
		<wp:meta_key><![CDATA[_menu_item_object]]></wp:meta_key>
		<wp:meta_value><![CDATA[custom]]></wp:meta_value>
		</wp:postmeta>
							<wp:postmeta>
		<wp:meta_key><![CDATA[_menu_item_target]]></wp:meta_key>
		<wp:meta_value><![CDATA[]]></wp:meta_value>
		</wp:postmeta>
							<wp:postmeta>
		<wp:meta_key><![CDATA[_menu_item_classes]]></wp:meta_key>
		<wp:meta_value><![CDATA[a:1:{i:0;s:0:"";}]]></wp:meta_value>
		</wp:postmeta>
							<wp:postmeta>
		<wp:meta_key><![CDATA[_menu_item_xfn]]></wp:meta_key>
		<wp:meta_value><![CDATA[]]></wp:meta_value>
		</wp:postmeta>
							<wp:postmeta>
		<wp:meta_key><![CDATA[_menu_item_url]]></wp:meta_key>
		<wp:meta_value><![CDATA[#]]></wp:meta_value>
		</wp:postmeta>
							</item>
					<item>
		<title><![CDATA[Level 05]]></title>
		<link>http://localhost/sass-wp/level-05/</link>
		<pubDate>Fri, 03 Sep 2021 17:27:18 +0000</pubDate>
		<dc:creator><![CDATA[webmaster]]></dc:creator>
		<guid isPermaLink="false">http://localhost/sass-wp/level-05/</guid>
		<description></description>
		<content:encoded><![CDATA[]]></content:encoded>
		<excerpt:encoded><![CDATA[]]></excerpt:encoded>
		<wp:post_id>19414</wp:post_id>
		<wp:post_date><![CDATA[2021-09-03 17:27:18]]></wp:post_date>
		<wp:post_date_gmt><![CDATA[2021-09-03 17:27:18]]></wp:post_date_gmt>
		<wp:post_modified><![CDATA[2021-09-03 17:27:18]]></wp:post_modified>
		<wp:post_modified_gmt><![CDATA[2021-09-03 17:27:18]]></wp:post_modified_gmt>
		<wp:comment_status><![CDATA[closed]]></wp:comment_status>
		<wp:ping_status><![CDATA[closed]]></wp:ping_status>
		<wp:post_name><![CDATA[level-05]]></wp:post_name>
		<wp:status><![CDATA[publish]]></wp:status>
		<wp:post_parent>0</wp:post_parent>
		<wp:menu_order>34</wp:menu_order>
		<wp:post_type><![CDATA[nav_menu_item]]></wp:post_type>
		<wp:post_password><![CDATA[]]></wp:post_password>
		<wp:is_sticky>0</wp:is_sticky>
										<category domain="nav_menu" nicename="testing-menu"><![CDATA[Testing Menu]]></category>
						<wp:postmeta>
		<wp:meta_key><![CDATA[_menu_item_type]]></wp:meta_key>
		<wp:meta_value><![CDATA[custom]]></wp:meta_value>
		</wp:postmeta>
							<wp:postmeta>
		<wp:meta_key><![CDATA[_menu_item_menu_item_parent]]></wp:meta_key>
		<wp:meta_value><![CDATA[19413]]></wp:meta_value>
		</wp:postmeta>
							<wp:postmeta>
		<wp:meta_key><![CDATA[_menu_item_object_id]]></wp:meta_key>
		<wp:meta_value><![CDATA[19414]]></wp:meta_value>
		</wp:postmeta>
							<wp:postmeta>
		<wp:meta_key><![CDATA[_menu_item_object]]></wp:meta_key>
		<wp:meta_value><![CDATA[custom]]></wp:meta_value>
		</wp:postmeta>
							<wp:postmeta>
		<wp:meta_key><![CDATA[_menu_item_target]]></wp:meta_key>
		<wp:meta_value><![CDATA[]]></wp:meta_value>
		</wp:postmeta>
							<wp:postmeta>
		<wp:meta_key><![CDATA[_menu_item_classes]]></wp:meta_key>
		<wp:meta_value><![CDATA[a:1:{i:0;s:0:"";}]]></wp:meta_value>
		</wp:postmeta>
							<wp:postmeta>
		<wp:meta_key><![CDATA[_menu_item_xfn]]></wp:meta_key>
		<wp:meta_value><![CDATA[]]></wp:meta_value>
		</wp:postmeta>
							<wp:postmeta>
		<wp:meta_key><![CDATA[_menu_item_url]]></wp:meta_key>
		<wp:meta_value><![CDATA[#]]></wp:meta_value>
		</wp:postmeta>
							</item>
					<item>
		<title><![CDATA[Level 06]]></title>
		<link>http://localhost/sass-wp/level-06/</link>
		<pubDate>Fri, 03 Sep 2021 17:27:19 +0000</pubDate>
		<dc:creator><![CDATA[webmaster]]></dc:creator>
		<guid isPermaLink="false">http://localhost/sass-wp/level-06/</guid>
		<description></description>
		<content:encoded><![CDATA[]]></content:encoded>
		<excerpt:encoded><![CDATA[]]></excerpt:encoded>
		<wp:post_id>19415</wp:post_id>
		<wp:post_date><![CDATA[2021-09-03 17:27:19]]></wp:post_date>
		<wp:post_date_gmt><![CDATA[2021-09-03 17:27:19]]></wp:post_date_gmt>
		<wp:post_modified><![CDATA[2021-09-03 17:27:19]]></wp:post_modified>
		<wp:post_modified_gmt><![CDATA[2021-09-03 17:27:19]]></wp:post_modified_gmt>
		<wp:comment_status><![CDATA[closed]]></wp:comment_status>
		<wp:ping_status><![CDATA[closed]]></wp:ping_status>
		<wp:post_name><![CDATA[level-06]]></wp:post_name>
		<wp:status><![CDATA[publish]]></wp:status>
		<wp:post_parent>0</wp:post_parent>
		<wp:menu_order>35</wp:menu_order>
		<wp:post_type><![CDATA[nav_menu_item]]></wp:post_type>
		<wp:post_password><![CDATA[]]></wp:post_password>
		<wp:is_sticky>0</wp:is_sticky>
										<category domain="nav_menu" nicename="testing-menu"><![CDATA[Testing Menu]]></category>
						<wp:postmeta>
		<wp:meta_key><![CDATA[_menu_item_type]]></wp:meta_key>
		<wp:meta_value><![CDATA[custom]]></wp:meta_value>
		</wp:postmeta>
							<wp:postmeta>
		<wp:meta_key><![CDATA[_menu_item_menu_item_parent]]></wp:meta_key>
		<wp:meta_value><![CDATA[19414]]></wp:meta_value>
		</wp:postmeta>
							<wp:postmeta>
		<wp:meta_key><![CDATA[_menu_item_object_id]]></wp:meta_key>
		<wp:meta_value><![CDATA[19415]]></wp:meta_value>
		</wp:postmeta>
							<wp:postmeta>
		<wp:meta_key><![CDATA[_menu_item_object]]></wp:meta_key>
		<wp:meta_value><![CDATA[custom]]></wp:meta_value>
		</wp:postmeta>
							<wp:postmeta>
		<wp:meta_key><![CDATA[_menu_item_target]]></wp:meta_key>
		<wp:meta_value><![CDATA[]]></wp:meta_value>
		</wp:postmeta>
							<wp:postmeta>
		<wp:meta_key><![CDATA[_menu_item_classes]]></wp:meta_key>
		<wp:meta_value><![CDATA[a:1:{i:0;s:0:"";}]]></wp:meta_value>
		</wp:postmeta>
							<wp:postmeta>
		<wp:meta_key><![CDATA[_menu_item_xfn]]></wp:meta_key>
		<wp:meta_value><![CDATA[]]></wp:meta_value>
		</wp:postmeta>
							<wp:postmeta>
		<wp:meta_key><![CDATA[_menu_item_url]]></wp:meta_key>
		<wp:meta_value><![CDATA[#]]></wp:meta_value>
		</wp:postmeta>
							</item>
					<item>
		<title><![CDATA[Level 07]]></title>
		<link>http://localhost/sass-wp/level-07/</link>
		<pubDate>Fri, 03 Sep 2021 17:27:19 +0000</pubDate>
		<dc:creator><![CDATA[webmaster]]></dc:creator>
		<guid isPermaLink="false">http://localhost/sass-wp/level-07/</guid>
		<description></description>
		<content:encoded><![CDATA[]]></content:encoded>
		<excerpt:encoded><![CDATA[]]></excerpt:encoded>
		<wp:post_id>19416</wp:post_id>
		<wp:post_date><![CDATA[2021-09-03 17:27:19]]></wp:post_date>
		<wp:post_date_gmt><![CDATA[2021-09-03 17:27:19]]></wp:post_date_gmt>
		<wp:post_modified><![CDATA[2021-09-03 17:27:19]]></wp:post_modified>
		<wp:post_modified_gmt><![CDATA[2021-09-03 17:27:19]]></wp:post_modified_gmt>
		<wp:comment_status><![CDATA[closed]]></wp:comment_status>
		<wp:ping_status><![CDATA[closed]]></wp:ping_status>
		<wp:post_name><![CDATA[level-07]]></wp:post_name>
		<wp:status><![CDATA[publish]]></wp:status>
		<wp:post_parent>0</wp:post_parent>
		<wp:menu_order>36</wp:menu_order>
		<wp:post_type><![CDATA[nav_menu_item]]></wp:post_type>
		<wp:post_password><![CDATA[]]></wp:post_password>
		<wp:is_sticky>0</wp:is_sticky>
										<category domain="nav_menu" nicename="testing-menu"><![CDATA[Testing Menu]]></category>
						<wp:postmeta>
		<wp:meta_key><![CDATA[_menu_item_type]]></wp:meta_key>
		<wp:meta_value><![CDATA[custom]]></wp:meta_value>
		</wp:postmeta>
							<wp:postmeta>
		<wp:meta_key><![CDATA[_menu_item_menu_item_parent]]></wp:meta_key>
		<wp:meta_value><![CDATA[19415]]></wp:meta_value>
		</wp:postmeta>
							<wp:postmeta>
		<wp:meta_key><![CDATA[_menu_item_object_id]]></wp:meta_key>
		<wp:meta_value><![CDATA[19416]]></wp:meta_value>
		</wp:postmeta>
							<wp:postmeta>
		<wp:meta_key><![CDATA[_menu_item_object]]></wp:meta_key>
		<wp:meta_value><![CDATA[custom]]></wp:meta_value>
		</wp:postmeta>
							<wp:postmeta>
		<wp:meta_key><![CDATA[_menu_item_target]]></wp:meta_key>
		<wp:meta_value><![CDATA[]]></wp:meta_value>
		</wp:postmeta>
							<wp:postmeta>
		<wp:meta_key><![CDATA[_menu_item_classes]]></wp:meta_key>
		<wp:meta_value><![CDATA[a:1:{i:0;s:0:"";}]]></wp:meta_value>
		</wp:postmeta>
							<wp:postmeta>
		<wp:meta_key><![CDATA[_menu_item_xfn]]></wp:meta_key>
		<wp:meta_value><![CDATA[]]></wp:meta_value>
		</wp:postmeta>
							<wp:postmeta>
		<wp:meta_key><![CDATA[_menu_item_url]]></wp:meta_key>
		<wp:meta_value><![CDATA[#]]></wp:meta_value>
		</wp:postmeta>
							</item>
					<item>
		<title><![CDATA[Level 08]]></title>
		<link>http://localhost/sass-wp/level-08/</link>
		<pubDate>Fri, 03 Sep 2021 17:27:20 +0000</pubDate>
		<dc:creator><![CDATA[webmaster]]></dc:creator>
		<guid isPermaLink="false">http://localhost/sass-wp/level-08/</guid>
		<description></description>
		<content:encoded><![CDATA[]]></content:encoded>
		<excerpt:encoded><![CDATA[]]></excerpt:encoded>
		<wp:post_id>19417</wp:post_id>
		<wp:post_date><![CDATA[2021-09-03 17:27:20]]></wp:post_date>
		<wp:post_date_gmt><![CDATA[2021-09-03 17:27:20]]></wp:post_date_gmt>
		<wp:post_modified><![CDATA[2021-09-03 17:27:20]]></wp:post_modified>
		<wp:post_modified_gmt><![CDATA[2021-09-03 17:27:20]]></wp:post_modified_gmt>
		<wp:comment_status><![CDATA[closed]]></wp:comment_status>
		<wp:ping_status><![CDATA[closed]]></wp:ping_status>
		<wp:post_name><![CDATA[level-08]]></wp:post_name>
		<wp:status><![CDATA[publish]]></wp:status>
		<wp:post_parent>0</wp:post_parent>
		<wp:menu_order>37</wp:menu_order>
		<wp:post_type><![CDATA[nav_menu_item]]></wp:post_type>
		<wp:post_password><![CDATA[]]></wp:post_password>
		<wp:is_sticky>0</wp:is_sticky>
										<category domain="nav_menu" nicename="testing-menu"><![CDATA[Testing Menu]]></category>
						<wp:postmeta>
		<wp:meta_key><![CDATA[_menu_item_type]]></wp:meta_key>
		<wp:meta_value><![CDATA[custom]]></wp:meta_value>
		</wp:postmeta>
							<wp:postmeta>
		<wp:meta_key><![CDATA[_menu_item_menu_item_parent]]></wp:meta_key>
		<wp:meta_value><![CDATA[19416]]></wp:meta_value>
		</wp:postmeta>
							<wp:postmeta>
		<wp:meta_key><![CDATA[_menu_item_object_id]]></wp:meta_key>
		<wp:meta_value><![CDATA[19417]]></wp:meta_value>
		</wp:postmeta>
							<wp:postmeta>
		<wp:meta_key><![CDATA[_menu_item_object]]></wp:meta_key>
		<wp:meta_value><![CDATA[custom]]></wp:meta_value>
		</wp:postmeta>
							<wp:postmeta>
		<wp:meta_key><![CDATA[_menu_item_target]]></wp:meta_key>
		<wp:meta_value><![CDATA[]]></wp:meta_value>
		</wp:postmeta>
							<wp:postmeta>
		<wp:meta_key><![CDATA[_menu_item_classes]]></wp:meta_key>
		<wp:meta_value><![CDATA[a:1:{i:0;s:0:"";}]]></wp:meta_value>
		</wp:postmeta>
							<wp:postmeta>
		<wp:meta_key><![CDATA[_menu_item_xfn]]></wp:meta_key>
		<wp:meta_value><![CDATA[]]></wp:meta_value>
		</wp:postmeta>
							<wp:postmeta>
		<wp:meta_key><![CDATA[_menu_item_url]]></wp:meta_key>
		<wp:meta_value><![CDATA[#]]></wp:meta_value>
		</wp:postmeta>
							</item>
					<item>
		<title><![CDATA[Level 09]]></title>
		<link>http://localhost/sass-wp/level-09/</link>
		<pubDate>Fri, 03 Sep 2021 17:27:20 +0000</pubDate>
		<dc:creator><![CDATA[webmaster]]></dc:creator>
		<guid isPermaLink="false">http://localhost/sass-wp/level-09/</guid>
		<description></description>
		<content:encoded><![CDATA[]]></content:encoded>
		<excerpt:encoded><![CDATA[]]></excerpt:encoded>
		<wp:post_id>19418</wp:post_id>
		<wp:post_date><![CDATA[2021-09-03 17:27:20]]></wp:post_date>
		<wp:post_date_gmt><![CDATA[2021-09-03 17:27:20]]></wp:post_date_gmt>
		<wp:post_modified><![CDATA[2021-09-03 17:27:20]]></wp:post_modified>
		<wp:post_modified_gmt><![CDATA[2021-09-03 17:27:20]]></wp:post_modified_gmt>
		<wp:comment_status><![CDATA[closed]]></wp:comment_status>
		<wp:ping_status><![CDATA[closed]]></wp:ping_status>
		<wp:post_name><![CDATA[level-09]]></wp:post_name>
		<wp:status><![CDATA[publish]]></wp:status>
		<wp:post_parent>0</wp:post_parent>
		<wp:menu_order>38</wp:menu_order>
		<wp:post_type><![CDATA[nav_menu_item]]></wp:post_type>
		<wp:post_password><![CDATA[]]></wp:post_password>
		<wp:is_sticky>0</wp:is_sticky>
										<category domain="nav_menu" nicename="testing-menu"><![CDATA[Testing Menu]]></category>
						<wp:postmeta>
		<wp:meta_key><![CDATA[_menu_item_type]]></wp:meta_key>
		<wp:meta_value><![CDATA[custom]]></wp:meta_value>
		</wp:postmeta>
							<wp:postmeta>
		<wp:meta_key><![CDATA[_menu_item_menu_item_parent]]></wp:meta_key>
		<wp:meta_value><![CDATA[19417]]></wp:meta_value>
		</wp:postmeta>
							<wp:postmeta>
		<wp:meta_key><![CDATA[_menu_item_object_id]]></wp:meta_key>
		<wp:meta_value><![CDATA[19418]]></wp:meta_value>
		</wp:postmeta>
							<wp:postmeta>
		<wp:meta_key><![CDATA[_menu_item_object]]></wp:meta_key>
		<wp:meta_value><![CDATA[custom]]></wp:meta_value>
		</wp:postmeta>
							<wp:postmeta>
		<wp:meta_key><![CDATA[_menu_item_target]]></wp:meta_key>
		<wp:meta_value><![CDATA[]]></wp:meta_value>
		</wp:postmeta>
							<wp:postmeta>
		<wp:meta_key><![CDATA[_menu_item_classes]]></wp:meta_key>
		<wp:meta_value><![CDATA[a:1:{i:0;s:0:"";}]]></wp:meta_value>
		</wp:postmeta>
							<wp:postmeta>
		<wp:meta_key><![CDATA[_menu_item_xfn]]></wp:meta_key>
		<wp:meta_value><![CDATA[]]></wp:meta_value>
		</wp:postmeta>
							<wp:postmeta>
		<wp:meta_key><![CDATA[_menu_item_url]]></wp:meta_key>
		<wp:meta_value><![CDATA[#]]></wp:meta_value>
		</wp:postmeta>
							</item>
					<item>
		<title><![CDATA[Level 10]]></title>
		<link>http://localhost/sass-wp/level-10/</link>
		<pubDate>Fri, 03 Sep 2021 17:27:21 +0000</pubDate>
		<dc:creator><![CDATA[webmaster]]></dc:creator>
		<guid isPermaLink="false">http://localhost/sass-wp/level-10/</guid>
		<description></description>
		<content:encoded><![CDATA[]]></content:encoded>
		<excerpt:encoded><![CDATA[]]></excerpt:encoded>
		<wp:post_id>19419</wp:post_id>
		<wp:post_date><![CDATA[2021-09-03 17:27:21]]></wp:post_date>
		<wp:post_date_gmt><![CDATA[2021-09-03 17:27:21]]></wp:post_date_gmt>
		<wp:post_modified><![CDATA[2021-09-03 17:27:21]]></wp:post_modified>
		<wp:post_modified_gmt><![CDATA[2021-09-03 17:27:21]]></wp:post_modified_gmt>
		<wp:comment_status><![CDATA[closed]]></wp:comment_status>
		<wp:ping_status><![CDATA[closed]]></wp:ping_status>
		<wp:post_name><![CDATA[level-10]]></wp:post_name>
		<wp:status><![CDATA[publish]]></wp:status>
		<wp:post_parent>0</wp:post_parent>
		<wp:menu_order>39</wp:menu_order>
		<wp:post_type><![CDATA[nav_menu_item]]></wp:post_type>
		<wp:post_password><![CDATA[]]></wp:post_password>
		<wp:is_sticky>0</wp:is_sticky>
										<category domain="nav_menu" nicename="testing-menu"><![CDATA[Testing Menu]]></category>
						<wp:postmeta>
		<wp:meta_key><![CDATA[_menu_item_type]]></wp:meta_key>
		<wp:meta_value><![CDATA[custom]]></wp:meta_value>
		</wp:postmeta>
							<wp:postmeta>
		<wp:meta_key><![CDATA[_menu_item_menu_item_parent]]></wp:meta_key>
		<wp:meta_value><![CDATA[19418]]></wp:meta_value>
		</wp:postmeta>
							<wp:postmeta>
		<wp:meta_key><![CDATA[_menu_item_object_id]]></wp:meta_key>
		<wp:meta_value><![CDATA[19419]]></wp:meta_value>
		</wp:postmeta>
							<wp:postmeta>
		<wp:meta_key><![CDATA[_menu_item_object]]></wp:meta_key>
		<wp:meta_value><![CDATA[custom]]></wp:meta_value>
		</wp:postmeta>
							<wp:postmeta>
		<wp:meta_key><![CDATA[_menu_item_target]]></wp:meta_key>
		<wp:meta_value><![CDATA[]]></wp:meta_value>
		</wp:postmeta>
							<wp:postmeta>
		<wp:meta_key><![CDATA[_menu_item_classes]]></wp:meta_key>
		<wp:meta_value><![CDATA[a:1:{i:0;s:0:"";}]]></wp:meta_value>
		</wp:postmeta>
							<wp:postmeta>
		<wp:meta_key><![CDATA[_menu_item_xfn]]></wp:meta_key>
		<wp:meta_value><![CDATA[]]></wp:meta_value>
		</wp:postmeta>
							<wp:postmeta>
		<wp:meta_key><![CDATA[_menu_item_url]]></wp:meta_key>
		<wp:meta_value><![CDATA[#]]></wp:meta_value>
		</wp:postmeta>
							</item>
					<item>
		<title><![CDATA[Advanced]]></title>
		<link>http://localhost/sass-wp/advanced/</link>
		<pubDate>Fri, 03 Sep 2021 17:27:22 +0000</pubDate>
		<dc:creator><![CDATA[webmaster]]></dc:creator>
		<guid isPermaLink="false">http://localhost/sass-wp/advanced/</guid>
		<description></description>
		<content:encoded><![CDATA[]]></content:encoded>
		<excerpt:encoded><![CDATA[]]></excerpt:encoded>
		<wp:post_id>19420</wp:post_id>
		<wp:post_date><![CDATA[2021-09-03 17:27:22]]></wp:post_date>
		<wp:post_date_gmt><![CDATA[2021-09-03 17:27:22]]></wp:post_date_gmt>
		<wp:post_modified><![CDATA[2021-09-03 17:27:22]]></wp:post_modified>
		<wp:post_modified_gmt><![CDATA[2021-09-03 17:27:22]]></wp:post_modified_gmt>
		<wp:comment_status><![CDATA[closed]]></wp:comment_status>
		<wp:ping_status><![CDATA[closed]]></wp:ping_status>
		<wp:post_name><![CDATA[advanced]]></wp:post_name>
		<wp:status><![CDATA[publish]]></wp:status>
		<wp:post_parent>0</wp:post_parent>
		<wp:menu_order>40</wp:menu_order>
		<wp:post_type><![CDATA[nav_menu_item]]></wp:post_type>
		<wp:post_password><![CDATA[]]></wp:post_password>
		<wp:is_sticky>0</wp:is_sticky>
										<category domain="nav_menu" nicename="testing-menu"><![CDATA[Testing Menu]]></category>
						<wp:postmeta>
		<wp:meta_key><![CDATA[_menu_item_type]]></wp:meta_key>
		<wp:meta_value><![CDATA[custom]]></wp:meta_value>
		</wp:postmeta>
							<wp:postmeta>
		<wp:meta_key><![CDATA[_menu_item_menu_item_parent]]></wp:meta_key>
		<wp:meta_value><![CDATA[0]]></wp:meta_value>
		</wp:postmeta>
							<wp:postmeta>
		<wp:meta_key><![CDATA[_menu_item_object_id]]></wp:meta_key>
		<wp:meta_value><![CDATA[19420]]></wp:meta_value>
		</wp:postmeta>
							<wp:postmeta>
		<wp:meta_key><![CDATA[_menu_item_object]]></wp:meta_key>
		<wp:meta_value><![CDATA[custom]]></wp:meta_value>
		</wp:postmeta>
							<wp:postmeta>
		<wp:meta_key><![CDATA[_menu_item_target]]></wp:meta_key>
		<wp:meta_value><![CDATA[]]></wp:meta_value>
		</wp:postmeta>
							<wp:postmeta>
		<wp:meta_key><![CDATA[_menu_item_classes]]></wp:meta_key>
		<wp:meta_value><![CDATA[a:1:{i:0;s:0:"";}]]></wp:meta_value>
		</wp:postmeta>
							<wp:postmeta>
		<wp:meta_key><![CDATA[_menu_item_xfn]]></wp:meta_key>
		<wp:meta_value><![CDATA[]]></wp:meta_value>
		</wp:postmeta>
							<wp:postmeta>
		<wp:meta_key><![CDATA[_menu_item_url]]></wp:meta_key>
		<wp:meta_value><![CDATA[#]]></wp:meta_value>
		</wp:postmeta>
							</item>
					<item>
		<title><![CDATA[Menu Description]]></title>
		<link>http://localhost/sass-wp/menu-description/</link>
		<pubDate>Fri, 03 Sep 2021 17:27:22 +0000</pubDate>
		<dc:creator><![CDATA[webmaster]]></dc:creator>
		<guid isPermaLink="false">http://localhost/sass-wp/menu-description/</guid>
		<description></description>
		<content:encoded><![CDATA[Custom Menu Description]]></content:encoded>
		<excerpt:encoded><![CDATA[]]></excerpt:encoded>
		<wp:post_id>19421</wp:post_id>
		<wp:post_date><![CDATA[2021-09-03 17:27:22]]></wp:post_date>
		<wp:post_date_gmt><![CDATA[2021-09-03 17:27:22]]></wp:post_date_gmt>
		<wp:post_modified><![CDATA[2021-09-03 17:27:22]]></wp:post_modified>
		<wp:post_modified_gmt><![CDATA[2021-09-03 17:27:22]]></wp:post_modified_gmt>
		<wp:comment_status><![CDATA[closed]]></wp:comment_status>
		<wp:ping_status><![CDATA[closed]]></wp:ping_status>
		<wp:post_name><![CDATA[menu-description]]></wp:post_name>
		<wp:status><![CDATA[publish]]></wp:status>
		<wp:post_parent>0</wp:post_parent>
		<wp:menu_order>44</wp:menu_order>
		<wp:post_type><![CDATA[nav_menu_item]]></wp:post_type>
		<wp:post_password><![CDATA[]]></wp:post_password>
		<wp:is_sticky>0</wp:is_sticky>
										<category domain="nav_menu" nicename="testing-menu"><![CDATA[Testing Menu]]></category>
						<wp:postmeta>
		<wp:meta_key><![CDATA[_menu_item_type]]></wp:meta_key>
		<wp:meta_value><![CDATA[custom]]></wp:meta_value>
		</wp:postmeta>
							<wp:postmeta>
		<wp:meta_key><![CDATA[_menu_item_menu_item_parent]]></wp:meta_key>
		<wp:meta_value><![CDATA[0]]></wp:meta_value>
		</wp:postmeta>
							<wp:postmeta>
		<wp:meta_key><![CDATA[_menu_item_object_id]]></wp:meta_key>
		<wp:meta_value><![CDATA[19421]]></wp:meta_value>
		</wp:postmeta>
							<wp:postmeta>
		<wp:meta_key><![CDATA[_menu_item_object]]></wp:meta_key>
		<wp:meta_value><![CDATA[custom]]></wp:meta_value>
		</wp:postmeta>
							<wp:postmeta>
		<wp:meta_key><![CDATA[_menu_item_target]]></wp:meta_key>
		<wp:meta_value><![CDATA[]]></wp:meta_value>
		</wp:postmeta>
							<wp:postmeta>
		<wp:meta_key><![CDATA[_menu_item_classes]]></wp:meta_key>
		<wp:meta_value><![CDATA[a:1:{i:0;s:0:"";}]]></wp:meta_value>
		</wp:postmeta>
							<wp:postmeta>
		<wp:meta_key><![CDATA[_menu_item_xfn]]></wp:meta_key>
		<wp:meta_value><![CDATA[]]></wp:meta_value>
		</wp:postmeta>
							<wp:postmeta>
		<wp:meta_key><![CDATA[_menu_item_url]]></wp:meta_key>
		<wp:meta_value><![CDATA[#]]></wp:meta_value>
		</wp:postmeta>
							</item>
					<item>
		<title><![CDATA[Menu Title Attribute]]></title>
		<link>http://localhost/sass-wp/menu-title-attribute/</link>
		<pubDate>Fri, 03 Sep 2021 17:27:23 +0000</pubDate>
		<dc:creator><![CDATA[webmaster]]></dc:creator>
		<guid isPermaLink="false">http://localhost/sass-wp/menu-title-attribute/</guid>
		<description></description>
		<content:encoded><![CDATA[]]></content:encoded>
		<excerpt:encoded><![CDATA[Custom Title Attribute]]></excerpt:encoded>
		<wp:post_id>19422</wp:post_id>
		<wp:post_date><![CDATA[2021-09-03 17:27:23]]></wp:post_date>
		<wp:post_date_gmt><![CDATA[2021-09-03 17:27:23]]></wp:post_date_gmt>
		<wp:post_modified><![CDATA[2021-09-03 17:27:23]]></wp:post_modified>
		<wp:post_modified_gmt><![CDATA[2021-09-03 17:27:23]]></wp:post_modified_gmt>
		<wp:comment_status><![CDATA[closed]]></wp:comment_status>
		<wp:ping_status><![CDATA[closed]]></wp:ping_status>
		<wp:post_name><![CDATA[menu-title-attribute]]></wp:post_name>
		<wp:status><![CDATA[publish]]></wp:status>
		<wp:post_parent>0</wp:post_parent>
		<wp:menu_order>41</wp:menu_order>
		<wp:post_type><![CDATA[nav_menu_item]]></wp:post_type>
		<wp:post_password><![CDATA[]]></wp:post_password>
		<wp:is_sticky>0</wp:is_sticky>
										<category domain="nav_menu" nicename="testing-menu"><![CDATA[Testing Menu]]></category>
						<wp:postmeta>
		<wp:meta_key><![CDATA[_menu_item_type]]></wp:meta_key>
		<wp:meta_value><![CDATA[custom]]></wp:meta_value>
		</wp:postmeta>
							<wp:postmeta>
		<wp:meta_key><![CDATA[_menu_item_menu_item_parent]]></wp:meta_key>
		<wp:meta_value><![CDATA[19420]]></wp:meta_value>
		</wp:postmeta>
							<wp:postmeta>
		<wp:meta_key><![CDATA[_menu_item_object_id]]></wp:meta_key>
		<wp:meta_value><![CDATA[19422]]></wp:meta_value>
		</wp:postmeta>
							<wp:postmeta>
		<wp:meta_key><![CDATA[_menu_item_object]]></wp:meta_key>
		<wp:meta_value><![CDATA[custom]]></wp:meta_value>
		</wp:postmeta>
							<wp:postmeta>
		<wp:meta_key><![CDATA[_menu_item_target]]></wp:meta_key>
		<wp:meta_value><![CDATA[]]></wp:meta_value>
		</wp:postmeta>
							<wp:postmeta>
		<wp:meta_key><![CDATA[_menu_item_classes]]></wp:meta_key>
		<wp:meta_value><![CDATA[a:1:{i:0;s:0:"";}]]></wp:meta_value>
		</wp:postmeta>
							<wp:postmeta>
		<wp:meta_key><![CDATA[_menu_item_xfn]]></wp:meta_key>
		<wp:meta_value><![CDATA[]]></wp:meta_value>
		</wp:postmeta>
							<wp:postmeta>
		<wp:meta_key><![CDATA[_menu_item_url]]></wp:meta_key>
		<wp:meta_value><![CDATA[#]]></wp:meta_value>
		</wp:postmeta>
							</item>
					<item>
		<title><![CDATA[Menu CSS Class]]></title>
		<link>http://localhost/sass-wp/menu-css-class/</link>
		<pubDate>Fri, 03 Sep 2021 17:27:23 +0000</pubDate>
		<dc:creator><![CDATA[webmaster]]></dc:creator>
		<guid isPermaLink="false">http://localhost/sass-wp/menu-css-class/</guid>
		<description></description>
		<content:encoded><![CDATA[]]></content:encoded>
		<excerpt:encoded><![CDATA[]]></excerpt:encoded>
		<wp:post_id>19423</wp:post_id>
		<wp:post_date><![CDATA[2021-09-03 17:27:23]]></wp:post_date>
		<wp:post_date_gmt><![CDATA[2021-09-03 17:27:23]]></wp:post_date_gmt>
		<wp:post_modified><![CDATA[2021-09-03 17:27:23]]></wp:post_modified>
		<wp:post_modified_gmt><![CDATA[2021-09-03 17:27:23]]></wp:post_modified_gmt>
		<wp:comment_status><![CDATA[closed]]></wp:comment_status>
		<wp:ping_status><![CDATA[closed]]></wp:ping_status>
		<wp:post_name><![CDATA[menu-css-class]]></wp:post_name>
		<wp:status><![CDATA[publish]]></wp:status>
		<wp:post_parent>0</wp:post_parent>
		<wp:menu_order>42</wp:menu_order>
		<wp:post_type><![CDATA[nav_menu_item]]></wp:post_type>
		<wp:post_password><![CDATA[]]></wp:post_password>
		<wp:is_sticky>0</wp:is_sticky>
										<category domain="nav_menu" nicename="testing-menu"><![CDATA[Testing Menu]]></category>
						<wp:postmeta>
		<wp:meta_key><![CDATA[_menu_item_type]]></wp:meta_key>
		<wp:meta_value><![CDATA[custom]]></wp:meta_value>
		</wp:postmeta>
							<wp:postmeta>
		<wp:meta_key><![CDATA[_menu_item_menu_item_parent]]></wp:meta_key>
		<wp:meta_value><![CDATA[19420]]></wp:meta_value>
		</wp:postmeta>
							<wp:postmeta>
		<wp:meta_key><![CDATA[_menu_item_object_id]]></wp:meta_key>
		<wp:meta_value><![CDATA[19423]]></wp:meta_value>
		</wp:postmeta>
							<wp:postmeta>
		<wp:meta_key><![CDATA[_menu_item_object]]></wp:meta_key>
		<wp:meta_value><![CDATA[custom]]></wp:meta_value>
		</wp:postmeta>
							<wp:postmeta>
		<wp:meta_key><![CDATA[_menu_item_target]]></wp:meta_key>
		<wp:meta_value><![CDATA[]]></wp:meta_value>
		</wp:postmeta>
							<wp:postmeta>
		<wp:meta_key><![CDATA[_menu_item_classes]]></wp:meta_key>
		<wp:meta_value><![CDATA[a:1:{i:0;s:21:"custom-menu-css-class";}]]></wp:meta_value>
		</wp:postmeta>
							<wp:postmeta>
		<wp:meta_key><![CDATA[_menu_item_xfn]]></wp:meta_key>
		<wp:meta_value><![CDATA[]]></wp:meta_value>
		</wp:postmeta>
							<wp:postmeta>
		<wp:meta_key><![CDATA[_menu_item_url]]></wp:meta_key>
		<wp:meta_value><![CDATA[#]]></wp:meta_value>
		</wp:postmeta>
							</item>
					<item>
		<title><![CDATA[New Window / Tab]]></title>
		<link>http://localhost/sass-wp/new-window-tab/</link>
		<pubDate>Fri, 03 Sep 2021 17:27:24 +0000</pubDate>
		<dc:creator><![CDATA[webmaster]]></dc:creator>
		<guid isPermaLink="false">http://localhost/sass-wp/new-window-tab/</guid>
		<description></description>
		<content:encoded><![CDATA[]]></content:encoded>
		<excerpt:encoded><![CDATA[]]></excerpt:encoded>
		<wp:post_id>19424</wp:post_id>
		<wp:post_date><![CDATA[2021-09-03 17:27:24]]></wp:post_date>
		<wp:post_date_gmt><![CDATA[2021-09-03 17:27:24]]></wp:post_date_gmt>
		<wp:post_modified><![CDATA[2021-09-03 17:27:24]]></wp:post_modified>
		<wp:post_modified_gmt><![CDATA[2021-09-03 17:27:24]]></wp:post_modified_gmt>
		<wp:comment_status><![CDATA[closed]]></wp:comment_status>
		<wp:ping_status><![CDATA[closed]]></wp:ping_status>
		<wp:post_name><![CDATA[new-window-tab]]></wp:post_name>
		<wp:status><![CDATA[publish]]></wp:status>
		<wp:post_parent>0</wp:post_parent>
		<wp:menu_order>43</wp:menu_order>
		<wp:post_type><![CDATA[nav_menu_item]]></wp:post_type>
		<wp:post_password><![CDATA[]]></wp:post_password>
		<wp:is_sticky>0</wp:is_sticky>
										<category domain="nav_menu" nicename="testing-menu"><![CDATA[Testing Menu]]></category>
						<wp:postmeta>
		<wp:meta_key><![CDATA[_menu_item_type]]></wp:meta_key>
		<wp:meta_value><![CDATA[custom]]></wp:meta_value>
		</wp:postmeta>
							<wp:postmeta>
		<wp:meta_key><![CDATA[_menu_item_menu_item_parent]]></wp:meta_key>
		<wp:meta_value><![CDATA[19420]]></wp:meta_value>
		</wp:postmeta>
							<wp:postmeta>
		<wp:meta_key><![CDATA[_menu_item_object_id]]></wp:meta_key>
		<wp:meta_value><![CDATA[19424]]></wp:meta_value>
		</wp:postmeta>
							<wp:postmeta>
		<wp:meta_key><![CDATA[_menu_item_object]]></wp:meta_key>
		<wp:meta_value><![CDATA[custom]]></wp:meta_value>
		</wp:postmeta>
							<wp:postmeta>
		<wp:meta_key><![CDATA[_menu_item_target]]></wp:meta_key>
		<wp:meta_value><![CDATA[_blank]]></wp:meta_value>
		</wp:postmeta>
							<wp:postmeta>
		<wp:meta_key><![CDATA[_menu_item_classes]]></wp:meta_key>
		<wp:meta_value><![CDATA[a:1:{i:0;s:0:"";}]]></wp:meta_value>
		</wp:postmeta>
							<wp:postmeta>
		<wp:meta_key><![CDATA[_menu_item_xfn]]></wp:meta_key>
		<wp:meta_value><![CDATA[]]></wp:meta_value>
		</wp:postmeta>
							<wp:postmeta>
		<wp:meta_key><![CDATA[_menu_item_url]]></wp:meta_key>
		<wp:meta_value><![CDATA[https://wordpressfoundation.org/]]></wp:meta_value>
		</wp:postmeta>
							</item>
					<item>
		<title><![CDATA[twitter.com]]></title>
		<link>http://localhost/sass-wp/twitter-com/</link>
		<pubDate>Fri, 03 Sep 2021 17:27:24 +0000</pubDate>
		<dc:creator><![CDATA[webmaster]]></dc:creator>
		<guid isPermaLink="false">http://localhost/sass-wp/twitter-com/</guid>
		<description></description>
		<content:encoded><![CDATA[]]></content:encoded>
		<excerpt:encoded><![CDATA[]]></excerpt:encoded>
		<wp:post_id>19425</wp:post_id>
		<wp:post_date><![CDATA[2021-09-03 17:27:24]]></wp:post_date>
		<wp:post_date_gmt><![CDATA[2021-09-03 17:27:24]]></wp:post_date_gmt>
		<wp:post_modified><![CDATA[2021-09-03 17:27:24]]></wp:post_modified>
		<wp:post_modified_gmt><![CDATA[2021-09-03 17:27:24]]></wp:post_modified_gmt>
		<wp:comment_status><![CDATA[closed]]></wp:comment_status>
		<wp:ping_status><![CDATA[closed]]></wp:ping_status>
		<wp:post_name><![CDATA[twitter-com]]></wp:post_name>
		<wp:status><![CDATA[publish]]></wp:status>
		<wp:post_parent>0</wp:post_parent>
		<wp:menu_order>1</wp:menu_order>
		<wp:post_type><![CDATA[nav_menu_item]]></wp:post_type>
		<wp:post_password><![CDATA[]]></wp:post_password>
		<wp:is_sticky>0</wp:is_sticky>
										<category domain="nav_menu" nicename="social-menu"><![CDATA[Social menu]]></category>
						<wp:postmeta>
		<wp:meta_key><![CDATA[_menu_item_type]]></wp:meta_key>
		<wp:meta_value><![CDATA[custom]]></wp:meta_value>
		</wp:postmeta>
							<wp:postmeta>
		<wp:meta_key><![CDATA[_menu_item_menu_item_parent]]></wp:meta_key>
		<wp:meta_value><![CDATA[0]]></wp:meta_value>
		</wp:postmeta>
							<wp:postmeta>
		<wp:meta_key><![CDATA[_menu_item_object_id]]></wp:meta_key>
		<wp:meta_value><![CDATA[19425]]></wp:meta_value>
		</wp:postmeta>
							<wp:postmeta>
		<wp:meta_key><![CDATA[_menu_item_object]]></wp:meta_key>
		<wp:meta_value><![CDATA[custom]]></wp:meta_value>
		</wp:postmeta>
							<wp:postmeta>
		<wp:meta_key><![CDATA[_menu_item_target]]></wp:meta_key>
		<wp:meta_value><![CDATA[]]></wp:meta_value>
		</wp:postmeta>
							<wp:postmeta>
		<wp:meta_key><![CDATA[_menu_item_classes]]></wp:meta_key>
		<wp:meta_value><![CDATA[a:1:{i:0;s:0:"";}]]></wp:meta_value>
		</wp:postmeta>
							<wp:postmeta>
		<wp:meta_key><![CDATA[_menu_item_xfn]]></wp:meta_key>
		<wp:meta_value><![CDATA[]]></wp:meta_value>
		</wp:postmeta>
							<wp:postmeta>
		<wp:meta_key><![CDATA[_menu_item_url]]></wp:meta_key>
		<wp:meta_value><![CDATA[https://twitter.com/wordpress]]></wp:meta_value>
		</wp:postmeta>
							</item>
					<item>
		<title><![CDATA[facebook.com]]></title>
		<link>http://localhost/sass-wp/facebook-com/</link>
		<pubDate>Fri, 03 Sep 2021 17:27:25 +0000</pubDate>
		<dc:creator><![CDATA[webmaster]]></dc:creator>
		<guid isPermaLink="false">http://localhost/sass-wp/facebook-com/</guid>
		<description></description>
		<content:encoded><![CDATA[]]></content:encoded>
		<excerpt:encoded><![CDATA[]]></excerpt:encoded>
		<wp:post_id>19426</wp:post_id>
		<wp:post_date><![CDATA[2021-09-03 17:27:25]]></wp:post_date>
		<wp:post_date_gmt><![CDATA[2021-09-03 17:27:25]]></wp:post_date_gmt>
		<wp:post_modified><![CDATA[2021-09-03 17:27:25]]></wp:post_modified>
		<wp:post_modified_gmt><![CDATA[2021-09-03 17:27:25]]></wp:post_modified_gmt>
		<wp:comment_status><![CDATA[closed]]></wp:comment_status>
		<wp:ping_status><![CDATA[closed]]></wp:ping_status>
		<wp:post_name><![CDATA[facebook-com]]></wp:post_name>
		<wp:status><![CDATA[publish]]></wp:status>
		<wp:post_parent>0</wp:post_parent>
		<wp:menu_order>2</wp:menu_order>
		<wp:post_type><![CDATA[nav_menu_item]]></wp:post_type>
		<wp:post_password><![CDATA[]]></wp:post_password>
		<wp:is_sticky>0</wp:is_sticky>
										<category domain="nav_menu" nicename="social-menu"><![CDATA[Social menu]]></category>
						<wp:postmeta>
		<wp:meta_key><![CDATA[_menu_item_type]]></wp:meta_key>
		<wp:meta_value><![CDATA[custom]]></wp:meta_value>
		</wp:postmeta>
							<wp:postmeta>
		<wp:meta_key><![CDATA[_menu_item_menu_item_parent]]></wp:meta_key>
		<wp:meta_value><![CDATA[0]]></wp:meta_value>
		</wp:postmeta>
							<wp:postmeta>
		<wp:meta_key><![CDATA[_menu_item_object_id]]></wp:meta_key>
		<wp:meta_value><![CDATA[19426]]></wp:meta_value>
		</wp:postmeta>
							<wp:postmeta>
		<wp:meta_key><![CDATA[_menu_item_object]]></wp:meta_key>
		<wp:meta_value><![CDATA[custom]]></wp:meta_value>
		</wp:postmeta>
							<wp:postmeta>
		<wp:meta_key><![CDATA[_menu_item_target]]></wp:meta_key>
		<wp:meta_value><![CDATA[]]></wp:meta_value>
		</wp:postmeta>
							<wp:postmeta>
		<wp:meta_key><![CDATA[_menu_item_classes]]></wp:meta_key>
		<wp:meta_value><![CDATA[a:1:{i:0;s:0:"";}]]></wp:meta_value>
		</wp:postmeta>
							<wp:postmeta>
		<wp:meta_key><![CDATA[_menu_item_xfn]]></wp:meta_key>
		<wp:meta_value><![CDATA[]]></wp:meta_value>
		</wp:postmeta>
							<wp:postmeta>
		<wp:meta_key><![CDATA[_menu_item_url]]></wp:meta_key>
		<wp:meta_value><![CDATA[https://www.facebook.com/WordPress/]]></wp:meta_value>
		</wp:postmeta>
							</item>
					<item>
		<title><![CDATA[github.com]]></title>
		<link>http://localhost/sass-wp/github-com/</link>
		<pubDate>Fri, 03 Sep 2021 17:27:26 +0000</pubDate>
		<dc:creator><![CDATA[webmaster]]></dc:creator>
		<guid isPermaLink="false">http://localhost/sass-wp/github-com/</guid>
		<description></description>
		<content:encoded><![CDATA[]]></content:encoded>
		<excerpt:encoded><![CDATA[]]></excerpt:encoded>
		<wp:post_id>19427</wp:post_id>
		<wp:post_date><![CDATA[2021-09-03 17:27:26]]></wp:post_date>
		<wp:post_date_gmt><![CDATA[2021-09-03 17:27:26]]></wp:post_date_gmt>
		<wp:post_modified><![CDATA[2021-09-03 17:27:26]]></wp:post_modified>
		<wp:post_modified_gmt><![CDATA[2021-09-03 17:27:26]]></wp:post_modified_gmt>
		<wp:comment_status><![CDATA[closed]]></wp:comment_status>
		<wp:ping_status><![CDATA[closed]]></wp:ping_status>
		<wp:post_name><![CDATA[github-com]]></wp:post_name>
		<wp:status><![CDATA[publish]]></wp:status>
		<wp:post_parent>0</wp:post_parent>
		<wp:menu_order>3</wp:menu_order>
		<wp:post_type><![CDATA[nav_menu_item]]></wp:post_type>
		<wp:post_password><![CDATA[]]></wp:post_password>
		<wp:is_sticky>0</wp:is_sticky>
										<category domain="nav_menu" nicename="social-menu"><![CDATA[Social menu]]></category>
						<wp:postmeta>
		<wp:meta_key><![CDATA[_menu_item_type]]></wp:meta_key>
		<wp:meta_value><![CDATA[custom]]></wp:meta_value>
		</wp:postmeta>
							<wp:postmeta>
		<wp:meta_key><![CDATA[_menu_item_menu_item_parent]]></wp:meta_key>
		<wp:meta_value><![CDATA[0]]></wp:meta_value>
		</wp:postmeta>
							<wp:postmeta>
		<wp:meta_key><![CDATA[_menu_item_object_id]]></wp:meta_key>
		<wp:meta_value><![CDATA[19427]]></wp:meta_value>
		</wp:postmeta>
							<wp:postmeta>
		<wp:meta_key><![CDATA[_menu_item_object]]></wp:meta_key>
		<wp:meta_value><![CDATA[custom]]></wp:meta_value>
		</wp:postmeta>
							<wp:postmeta>
		<wp:meta_key><![CDATA[_menu_item_target]]></wp:meta_key>
		<wp:meta_value><![CDATA[]]></wp:meta_value>
		</wp:postmeta>
							<wp:postmeta>
		<wp:meta_key><![CDATA[_menu_item_classes]]></wp:meta_key>
		<wp:meta_value><![CDATA[a:1:{i:0;s:0:"";}]]></wp:meta_value>
		</wp:postmeta>
							<wp:postmeta>
		<wp:meta_key><![CDATA[_menu_item_xfn]]></wp:meta_key>
		<wp:meta_value><![CDATA[]]></wp:meta_value>
		</wp:postmeta>
							<wp:postmeta>
		<wp:meta_key><![CDATA[_menu_item_url]]></wp:meta_key>
		<wp:meta_value><![CDATA[https://github.com/WordPress/]]></wp:meta_value>
		</wp:postmeta>
							</item>
					<item>
		<title><![CDATA[instagram.com]]></title>
		<link>http://localhost/sass-wp/instagram-com/</link>
		<pubDate>Fri, 03 Sep 2021 17:27:26 +0000</pubDate>
		<dc:creator><![CDATA[webmaster]]></dc:creator>
		<guid isPermaLink="false">http://localhost/sass-wp/instagram-com/</guid>
		<description></description>
		<content:encoded><![CDATA[]]></content:encoded>
		<excerpt:encoded><![CDATA[]]></excerpt:encoded>
		<wp:post_id>19428</wp:post_id>
		<wp:post_date><![CDATA[2021-09-03 17:27:26]]></wp:post_date>
		<wp:post_date_gmt><![CDATA[2021-09-03 17:27:26]]></wp:post_date_gmt>
		<wp:post_modified><![CDATA[2021-09-03 17:27:26]]></wp:post_modified>
		<wp:post_modified_gmt><![CDATA[2021-09-03 17:27:26]]></wp:post_modified_gmt>
		<wp:comment_status><![CDATA[closed]]></wp:comment_status>
		<wp:ping_status><![CDATA[closed]]></wp:ping_status>
		<wp:post_name><![CDATA[instagram-com]]></wp:post_name>
		<wp:status><![CDATA[publish]]></wp:status>
		<wp:post_parent>0</wp:post_parent>
		<wp:menu_order>5</wp:menu_order>
		<wp:post_type><![CDATA[nav_menu_item]]></wp:post_type>
		<wp:post_password><![CDATA[]]></wp:post_password>
		<wp:is_sticky>0</wp:is_sticky>
										<category domain="nav_menu" nicename="social-menu"><![CDATA[Social menu]]></category>
						<wp:postmeta>
		<wp:meta_key><![CDATA[_menu_item_type]]></wp:meta_key>
		<wp:meta_value><![CDATA[custom]]></wp:meta_value>
		</wp:postmeta>
							<wp:postmeta>
		<wp:meta_key><![CDATA[_menu_item_menu_item_parent]]></wp:meta_key>
		<wp:meta_value><![CDATA[0]]></wp:meta_value>
		</wp:postmeta>
							<wp:postmeta>
		<wp:meta_key><![CDATA[_menu_item_object_id]]></wp:meta_key>
		<wp:meta_value><![CDATA[19428]]></wp:meta_value>
		</wp:postmeta>
							<wp:postmeta>
		<wp:meta_key><![CDATA[_menu_item_object]]></wp:meta_key>
		<wp:meta_value><![CDATA[custom]]></wp:meta_value>
		</wp:postmeta>
							<wp:postmeta>
		<wp:meta_key><![CDATA[_menu_item_target]]></wp:meta_key>
		<wp:meta_value><![CDATA[]]></wp:meta_value>
		</wp:postmeta>
							<wp:postmeta>
		<wp:meta_key><![CDATA[_menu_item_classes]]></wp:meta_key>
		<wp:meta_value><![CDATA[a:1:{i:0;s:0:"";}]]></wp:meta_value>
		</wp:postmeta>
							<wp:postmeta>
		<wp:meta_key><![CDATA[_menu_item_xfn]]></wp:meta_key>
		<wp:meta_value><![CDATA[]]></wp:meta_value>
		</wp:postmeta>
							<wp:postmeta>
		<wp:meta_key><![CDATA[_menu_item_url]]></wp:meta_key>
		<wp:meta_value><![CDATA[https://www.instagram.com/photomatt/]]></wp:meta_value>
		</wp:postmeta>
							</item>
					<item>
		<title><![CDATA[linkedin.com]]></title>
		<link>http://localhost/sass-wp/linkedin-com/</link>
		<pubDate>Fri, 03 Sep 2021 17:27:27 +0000</pubDate>
		<dc:creator><![CDATA[webmaster]]></dc:creator>
		<guid isPermaLink="false">http://localhost/sass-wp/linkedin-com/</guid>
		<description></description>
		<content:encoded><![CDATA[]]></content:encoded>
		<excerpt:encoded><![CDATA[]]></excerpt:encoded>
		<wp:post_id>19429</wp:post_id>
		<wp:post_date><![CDATA[2021-09-03 17:27:27]]></wp:post_date>
		<wp:post_date_gmt><![CDATA[2021-09-03 17:27:27]]></wp:post_date_gmt>
		<wp:post_modified><![CDATA[2021-09-03 17:27:27]]></wp:post_modified>
		<wp:post_modified_gmt><![CDATA[2021-09-03 17:27:27]]></wp:post_modified_gmt>
		<wp:comment_status><![CDATA[closed]]></wp:comment_status>
		<wp:ping_status><![CDATA[closed]]></wp:ping_status>
		<wp:post_name><![CDATA[linkedin-com]]></wp:post_name>
		<wp:status><![CDATA[publish]]></wp:status>
		<wp:post_parent>0</wp:post_parent>
		<wp:menu_order>4</wp:menu_order>
		<wp:post_type><![CDATA[nav_menu_item]]></wp:post_type>
		<wp:post_password><![CDATA[]]></wp:post_password>
		<wp:is_sticky>0</wp:is_sticky>
										<category domain="nav_menu" nicename="social-menu"><![CDATA[Social menu]]></category>
						<wp:postmeta>
		<wp:meta_key><![CDATA[_menu_item_type]]></wp:meta_key>
		<wp:meta_value><![CDATA[custom]]></wp:meta_value>
		</wp:postmeta>
							<wp:postmeta>
		<wp:meta_key><![CDATA[_menu_item_menu_item_parent]]></wp:meta_key>
		<wp:meta_value><![CDATA[0]]></wp:meta_value>
		</wp:postmeta>
							<wp:postmeta>
		<wp:meta_key><![CDATA[_menu_item_object_id]]></wp:meta_key>
		<wp:meta_value><![CDATA[19429]]></wp:meta_value>
		</wp:postmeta>
							<wp:postmeta>
		<wp:meta_key><![CDATA[_menu_item_object]]></wp:meta_key>
		<wp:meta_value><![CDATA[custom]]></wp:meta_value>
		</wp:postmeta>
							<wp:postmeta>
		<wp:meta_key><![CDATA[_menu_item_target]]></wp:meta_key>
		<wp:meta_value><![CDATA[]]></wp:meta_value>
		</wp:postmeta>
							<wp:postmeta>
		<wp:meta_key><![CDATA[_menu_item_classes]]></wp:meta_key>
		<wp:meta_value><![CDATA[a:1:{i:0;s:0:"";}]]></wp:meta_value>
		</wp:postmeta>
							<wp:postmeta>
		<wp:meta_key><![CDATA[_menu_item_xfn]]></wp:meta_key>
		<wp:meta_value><![CDATA[]]></wp:meta_value>
		</wp:postmeta>
							<wp:postmeta>
		<wp:meta_key><![CDATA[_menu_item_url]]></wp:meta_key>
		<wp:meta_value><![CDATA[https://www.linkedin.com/company/wordpress/]]></wp:meta_value>
		</wp:postmeta>
							</item>
					<item>
		<title><![CDATA[]]></title>
		<link>http://localhost/sass-wp/19430/</link>
		<pubDate>Fri, 03 Sep 2021 17:27:28 +0000</pubDate>
		<dc:creator><![CDATA[webmaster]]></dc:creator>
		<guid isPermaLink="false">http://localhost/sass-wp/</guid>
		<description></description>
		<content:encoded><![CDATA[ ]]></content:encoded>
		<excerpt:encoded><![CDATA[]]></excerpt:encoded>
		<wp:post_id>19430</wp:post_id>
		<wp:post_date><![CDATA[2021-09-03 17:27:28]]></wp:post_date>
		<wp:post_date_gmt><![CDATA[2021-09-03 17:27:28]]></wp:post_date_gmt>
		<wp:post_modified><![CDATA[2021-09-03 17:27:28]]></wp:post_modified>
		<wp:post_modified_gmt><![CDATA[2021-09-03 17:27:28]]></wp:post_modified_gmt>
		<wp:comment_status><![CDATA[closed]]></wp:comment_status>
		<wp:ping_status><![CDATA[closed]]></wp:ping_status>
		<wp:post_name><![CDATA[19430]]></wp:post_name>
		<wp:status><![CDATA[publish]]></wp:status>
		<wp:post_parent>0</wp:post_parent>
		<wp:menu_order>2</wp:menu_order>
		<wp:post_type><![CDATA[nav_menu_item]]></wp:post_type>
		<wp:post_password><![CDATA[]]></wp:post_password>
		<wp:is_sticky>0</wp:is_sticky>
										<category domain="nav_menu" nicename="short"><![CDATA[Short]]></category>
						<wp:postmeta>
		<wp:meta_key><![CDATA[_menu_item_type]]></wp:meta_key>
		<wp:meta_value><![CDATA[post_type]]></wp:meta_value>
		</wp:postmeta>
							<wp:postmeta>
		<wp:meta_key><![CDATA[_menu_item_menu_item_parent]]></wp:meta_key>
		<wp:meta_value><![CDATA[0]]></wp:meta_value>
		</wp:postmeta>
							<wp:postmeta>
		<wp:meta_key><![CDATA[_menu_item_object_id]]></wp:meta_key>
		<wp:meta_value><![CDATA[19393]]></wp:meta_value>
		</wp:postmeta>
							<wp:postmeta>
		<wp:meta_key><![CDATA[_menu_item_object]]></wp:meta_key>
		<wp:meta_value><![CDATA[page]]></wp:meta_value>
		</wp:postmeta>
							<wp:postmeta>
		<wp:meta_key><![CDATA[_menu_item_target]]></wp:meta_key>
		<wp:meta_value><![CDATA[]]></wp:meta_value>
		</wp:postmeta>
							<wp:postmeta>
		<wp:meta_key><![CDATA[_menu_item_classes]]></wp:meta_key>
		<wp:meta_value><![CDATA[a:1:{i:0;s:0:"";}]]></wp:meta_value>
		</wp:postmeta>
							<wp:postmeta>
		<wp:meta_key><![CDATA[_menu_item_xfn]]></wp:meta_key>
		<wp:meta_value><![CDATA[]]></wp:meta_value>
		</wp:postmeta>
							<wp:postmeta>
		<wp:meta_key><![CDATA[_menu_item_url]]></wp:meta_key>
		<wp:meta_value><![CDATA[]]></wp:meta_value>
		</wp:postmeta>
							</item>
					<item>
		<title><![CDATA[]]></title>
		<link>http://localhost/sass-wp/19431/</link>
		<pubDate>Fri, 03 Sep 2021 17:27:29 +0000</pubDate>
		<dc:creator><![CDATA[webmaster]]></dc:creator>
		<guid isPermaLink="false">http://localhost/sass-wp/</guid>
		<description></description>
		<content:encoded><![CDATA[ ]]></content:encoded>
		<excerpt:encoded><![CDATA[]]></excerpt:encoded>
		<wp:post_id>19431</wp:post_id>
		<wp:post_date><![CDATA[2021-09-03 17:27:29]]></wp:post_date>
		<wp:post_date_gmt><![CDATA[2021-09-03 17:27:29]]></wp:post_date_gmt>
		<wp:post_modified><![CDATA[2021-09-03 17:27:29]]></wp:post_modified>
		<wp:post_modified_gmt><![CDATA[2021-09-03 17:27:29]]></wp:post_modified_gmt>
		<wp:comment_status><![CDATA[closed]]></wp:comment_status>
		<wp:ping_status><![CDATA[closed]]></wp:ping_status>
		<wp:post_name><![CDATA[19431]]></wp:post_name>
		<wp:status><![CDATA[publish]]></wp:status>
		<wp:post_parent>0</wp:post_parent>
		<wp:menu_order>3</wp:menu_order>
		<wp:post_type><![CDATA[nav_menu_item]]></wp:post_type>
		<wp:post_password><![CDATA[]]></wp:post_password>
		<wp:is_sticky>0</wp:is_sticky>
										<category domain="nav_menu" nicename="short"><![CDATA[Short]]></category>
						<wp:postmeta>
		<wp:meta_key><![CDATA[_menu_item_type]]></wp:meta_key>
		<wp:meta_value><![CDATA[post_type]]></wp:meta_value>
		</wp:postmeta>
							<wp:postmeta>
		<wp:meta_key><![CDATA[_menu_item_menu_item_parent]]></wp:meta_key>
		<wp:meta_value><![CDATA[0]]></wp:meta_value>
		</wp:postmeta>
							<wp:postmeta>
		<wp:meta_key><![CDATA[_menu_item_object_id]]></wp:meta_key>
		<wp:meta_value><![CDATA[19387]]></wp:meta_value>
		</wp:postmeta>
							<wp:postmeta>
		<wp:meta_key><![CDATA[_menu_item_object]]></wp:meta_key>
		<wp:meta_value><![CDATA[page]]></wp:meta_value>
		</wp:postmeta>
							<wp:postmeta>
		<wp:meta_key><![CDATA[_menu_item_target]]></wp:meta_key>
		<wp:meta_value><![CDATA[]]></wp:meta_value>
		</wp:postmeta>
							<wp:postmeta>
		<wp:meta_key><![CDATA[_menu_item_classes]]></wp:meta_key>
		<wp:meta_value><![CDATA[a:1:{i:0;s:0:"";}]]></wp:meta_value>
		</wp:postmeta>
							<wp:postmeta>
		<wp:meta_key><![CDATA[_menu_item_xfn]]></wp:meta_key>
		<wp:meta_value><![CDATA[]]></wp:meta_value>
		</wp:postmeta>
							<wp:postmeta>
		<wp:meta_key><![CDATA[_menu_item_url]]></wp:meta_key>
		<wp:meta_value><![CDATA[]]></wp:meta_value>
		</wp:postmeta>
							</item>
					<item>
		<title><![CDATA[]]></title>
		<link>http://localhost/sass-wp/19432/</link>
		<pubDate>Fri, 03 Sep 2021 17:27:29 +0000</pubDate>
		<dc:creator><![CDATA[webmaster]]></dc:creator>
		<guid isPermaLink="false">http://localhost/sass-wp/</guid>
		<description></description>
		<content:encoded><![CDATA[ ]]></content:encoded>
		<excerpt:encoded><![CDATA[]]></excerpt:encoded>
		<wp:post_id>19432</wp:post_id>
		<wp:post_date><![CDATA[2021-09-03 17:27:29]]></wp:post_date>
		<wp:post_date_gmt><![CDATA[2021-09-03 17:27:29]]></wp:post_date_gmt>
		<wp:post_modified><![CDATA[2021-09-03 17:27:29]]></wp:post_modified>
		<wp:post_modified_gmt><![CDATA[2021-09-03 17:27:29]]></wp:post_modified_gmt>
		<wp:comment_status><![CDATA[closed]]></wp:comment_status>
		<wp:ping_status><![CDATA[closed]]></wp:ping_status>
		<wp:post_name><![CDATA[19432]]></wp:post_name>
		<wp:status><![CDATA[publish]]></wp:status>
		<wp:post_parent>19387</wp:post_parent>
		<wp:menu_order>4</wp:menu_order>
		<wp:post_type><![CDATA[nav_menu_item]]></wp:post_type>
		<wp:post_password><![CDATA[]]></wp:post_password>
		<wp:is_sticky>0</wp:is_sticky>
										<category domain="nav_menu" nicename="short"><![CDATA[Short]]></category>
						<wp:postmeta>
		<wp:meta_key><![CDATA[_menu_item_type]]></wp:meta_key>
		<wp:meta_value><![CDATA[post_type]]></wp:meta_value>
		</wp:postmeta>
							<wp:postmeta>
		<wp:meta_key><![CDATA[_menu_item_menu_item_parent]]></wp:meta_key>
		<wp:meta_value><![CDATA[19431]]></wp:meta_value>
		</wp:postmeta>
							<wp:postmeta>
		<wp:meta_key><![CDATA[_menu_item_object_id]]></wp:meta_key>
		<wp:meta_value><![CDATA[19388]]></wp:meta_value>
		</wp:postmeta>
							<wp:postmeta>
		<wp:meta_key><![CDATA[_menu_item_object]]></wp:meta_key>
		<wp:meta_value><![CDATA[page]]></wp:meta_value>
		</wp:postmeta>
							<wp:postmeta>
		<wp:meta_key><![CDATA[_menu_item_target]]></wp:meta_key>
		<wp:meta_value><![CDATA[]]></wp:meta_value>
		</wp:postmeta>
							<wp:postmeta>
		<wp:meta_key><![CDATA[_menu_item_classes]]></wp:meta_key>
		<wp:meta_value><![CDATA[a:1:{i:0;s:0:"";}]]></wp:meta_value>
		</wp:postmeta>
							<wp:postmeta>
		<wp:meta_key><![CDATA[_menu_item_xfn]]></wp:meta_key>
		<wp:meta_value><![CDATA[]]></wp:meta_value>
		</wp:postmeta>
							<wp:postmeta>
		<wp:meta_key><![CDATA[_menu_item_url]]></wp:meta_key>
		<wp:meta_value><![CDATA[]]></wp:meta_value>
		</wp:postmeta>
							</item>
					<item>
		<title><![CDATA[]]></title>
		<link>http://localhost/sass-wp/19433/</link>
		<pubDate>Fri, 03 Sep 2021 17:27:29 +0000</pubDate>
		<dc:creator><![CDATA[webmaster]]></dc:creator>
		<guid isPermaLink="false">http://localhost/sass-wp/</guid>
		<description></description>
		<content:encoded><![CDATA[ ]]></content:encoded>
		<excerpt:encoded><![CDATA[]]></excerpt:encoded>
		<wp:post_id>19433</wp:post_id>
		<wp:post_date><![CDATA[2021-09-03 17:27:29]]></wp:post_date>
		<wp:post_date_gmt><![CDATA[2021-09-03 17:27:29]]></wp:post_date_gmt>
		<wp:post_modified><![CDATA[2021-09-03 17:27:29]]></wp:post_modified>
		<wp:post_modified_gmt><![CDATA[2021-09-03 17:27:29]]></wp:post_modified_gmt>
		<wp:comment_status><![CDATA[closed]]></wp:comment_status>
		<wp:ping_status><![CDATA[closed]]></wp:ping_status>
		<wp:post_name><![CDATA[19433]]></wp:post_name>
		<wp:status><![CDATA[publish]]></wp:status>
		<wp:post_parent>19387</wp:post_parent>
		<wp:menu_order>5</wp:menu_order>
		<wp:post_type><![CDATA[nav_menu_item]]></wp:post_type>
		<wp:post_password><![CDATA[]]></wp:post_password>
		<wp:is_sticky>0</wp:is_sticky>
										<category domain="nav_menu" nicename="short"><![CDATA[Short]]></category>
						<wp:postmeta>
		<wp:meta_key><![CDATA[_menu_item_type]]></wp:meta_key>
		<wp:meta_value><![CDATA[post_type]]></wp:meta_value>
		</wp:postmeta>
							<wp:postmeta>
		<wp:meta_key><![CDATA[_menu_item_menu_item_parent]]></wp:meta_key>
		<wp:meta_value><![CDATA[19431]]></wp:meta_value>
		</wp:postmeta>
							<wp:postmeta>
		<wp:meta_key><![CDATA[_menu_item_object_id]]></wp:meta_key>
		<wp:meta_value><![CDATA[155]]></wp:meta_value>
		</wp:postmeta>
							<wp:postmeta>
		<wp:meta_key><![CDATA[_menu_item_object]]></wp:meta_key>
		<wp:meta_value><![CDATA[page]]></wp:meta_value>
		</wp:postmeta>
							<wp:postmeta>
		<wp:meta_key><![CDATA[_menu_item_target]]></wp:meta_key>
		<wp:meta_value><![CDATA[]]></wp:meta_value>
		</wp:postmeta>
							<wp:postmeta>
		<wp:meta_key><![CDATA[_menu_item_classes]]></wp:meta_key>
		<wp:meta_value><![CDATA[a:1:{i:0;s:0:"";}]]></wp:meta_value>
		</wp:postmeta>
							<wp:postmeta>
		<wp:meta_key><![CDATA[_menu_item_xfn]]></wp:meta_key>
		<wp:meta_value><![CDATA[]]></wp:meta_value>
		</wp:postmeta>
							<wp:postmeta>
		<wp:meta_key><![CDATA[_menu_item_url]]></wp:meta_key>
		<wp:meta_value><![CDATA[]]></wp:meta_value>
		</wp:postmeta>
							</item>
					<item>
		<title><![CDATA[]]></title>
		<link>http://localhost/sass-wp/19434/</link>
		<pubDate>Fri, 03 Sep 2021 17:27:30 +0000</pubDate>
		<dc:creator><![CDATA[webmaster]]></dc:creator>
		<guid isPermaLink="false">http://localhost/sass-wp/</guid>
		<description></description>
		<content:encoded><![CDATA[ ]]></content:encoded>
		<excerpt:encoded><![CDATA[]]></excerpt:encoded>
		<wp:post_id>19434</wp:post_id>
		<wp:post_date><![CDATA[2021-09-03 17:27:30]]></wp:post_date>
		<wp:post_date_gmt><![CDATA[2021-09-03 17:27:30]]></wp:post_date_gmt>
		<wp:post_modified><![CDATA[2021-09-03 17:27:30]]></wp:post_modified>
		<wp:post_modified_gmt><![CDATA[2021-09-03 17:27:30]]></wp:post_modified_gmt>
		<wp:comment_status><![CDATA[closed]]></wp:comment_status>
		<wp:ping_status><![CDATA[closed]]></wp:ping_status>
		<wp:post_name><![CDATA[19434]]></wp:post_name>
		<wp:status><![CDATA[publish]]></wp:status>
		<wp:post_parent>19387</wp:post_parent>
		<wp:menu_order>6</wp:menu_order>
		<wp:post_type><![CDATA[nav_menu_item]]></wp:post_type>
		<wp:post_password><![CDATA[]]></wp:post_password>
		<wp:is_sticky>0</wp:is_sticky>
										<category domain="nav_menu" nicename="short"><![CDATA[Short]]></category>
						<wp:postmeta>
		<wp:meta_key><![CDATA[_menu_item_type]]></wp:meta_key>
		<wp:meta_value><![CDATA[post_type]]></wp:meta_value>
		</wp:postmeta>
							<wp:postmeta>
		<wp:meta_key><![CDATA[_menu_item_menu_item_parent]]></wp:meta_key>
		<wp:meta_value><![CDATA[19431]]></wp:meta_value>
		</wp:postmeta>
							<wp:postmeta>
		<wp:meta_key><![CDATA[_menu_item_object_id]]></wp:meta_key>
		<wp:meta_value><![CDATA[156]]></wp:meta_value>
		</wp:postmeta>
							<wp:postmeta>
		<wp:meta_key><![CDATA[_menu_item_object]]></wp:meta_key>
		<wp:meta_value><![CDATA[page]]></wp:meta_value>
		</wp:postmeta>
							<wp:postmeta>
		<wp:meta_key><![CDATA[_menu_item_target]]></wp:meta_key>
		<wp:meta_value><![CDATA[]]></wp:meta_value>
		</wp:postmeta>
							<wp:postmeta>
		<wp:meta_key><![CDATA[_menu_item_classes]]></wp:meta_key>
		<wp:meta_value><![CDATA[a:1:{i:0;s:0:"";}]]></wp:meta_value>
		</wp:postmeta>
							<wp:postmeta>
		<wp:meta_key><![CDATA[_menu_item_xfn]]></wp:meta_key>
		<wp:meta_value><![CDATA[]]></wp:meta_value>
		</wp:postmeta>
							<wp:postmeta>
		<wp:meta_key><![CDATA[_menu_item_url]]></wp:meta_key>
		<wp:meta_value><![CDATA[]]></wp:meta_value>
		</wp:postmeta>
							</item>
					<item>
		<title><![CDATA[]]></title>
		<link>http://localhost/sass-wp/19435/</link>
		<pubDate>Fri, 03 Sep 2021 17:27:31 +0000</pubDate>
		<dc:creator><![CDATA[webmaster]]></dc:creator>
		<guid isPermaLink="false">http://localhost/sass-wp/</guid>
		<description></description>
		<content:encoded><![CDATA[ ]]></content:encoded>
		<excerpt:encoded><![CDATA[]]></excerpt:encoded>
		<wp:post_id>19435</wp:post_id>
		<wp:post_date><![CDATA[2021-09-03 17:27:31]]></wp:post_date>
		<wp:post_date_gmt><![CDATA[2021-09-03 17:27:31]]></wp:post_date_gmt>
		<wp:post_modified><![CDATA[2021-09-03 17:27:31]]></wp:post_modified>
		<wp:post_modified_gmt><![CDATA[2021-09-03 17:27:31]]></wp:post_modified_gmt>
		<wp:comment_status><![CDATA[closed]]></wp:comment_status>
		<wp:ping_status><![CDATA[closed]]></wp:ping_status>
		<wp:post_name><![CDATA[19435]]></wp:post_name>
		<wp:status><![CDATA[publish]]></wp:status>
		<wp:post_parent>0</wp:post_parent>
		<wp:menu_order>7</wp:menu_order>
		<wp:post_type><![CDATA[nav_menu_item]]></wp:post_type>
		<wp:post_password><![CDATA[]]></wp:post_password>
		<wp:is_sticky>0</wp:is_sticky>
										<category domain="nav_menu" nicename="short"><![CDATA[Short]]></category>
						<wp:postmeta>
		<wp:meta_key><![CDATA[_menu_item_type]]></wp:meta_key>
		<wp:meta_value><![CDATA[post_type]]></wp:meta_value>
		</wp:postmeta>
							<wp:postmeta>
		<wp:meta_key><![CDATA[_menu_item_menu_item_parent]]></wp:meta_key>
		<wp:meta_value><![CDATA[0]]></wp:meta_value>
		</wp:postmeta>
							<wp:postmeta>
		<wp:meta_key><![CDATA[_menu_item_object_id]]></wp:meta_key>
		<wp:meta_value><![CDATA[146]]></wp:meta_value>
		</wp:postmeta>
							<wp:postmeta>
		<wp:meta_key><![CDATA[_menu_item_object]]></wp:meta_key>
		<wp:meta_value><![CDATA[page]]></wp:meta_value>
		</wp:postmeta>
							<wp:postmeta>
		<wp:meta_key><![CDATA[_menu_item_target]]></wp:meta_key>
		<wp:meta_value><![CDATA[]]></wp:meta_value>
		</wp:postmeta>
							<wp:postmeta>
		<wp:meta_key><![CDATA[_menu_item_classes]]></wp:meta_key>
		<wp:meta_value><![CDATA[a:1:{i:0;s:0:"";}]]></wp:meta_value>
		</wp:postmeta>
							<wp:postmeta>
		<wp:meta_key><![CDATA[_menu_item_xfn]]></wp:meta_key>
		<wp:meta_value><![CDATA[]]></wp:meta_value>
		</wp:postmeta>
							<wp:postmeta>
		<wp:meta_key><![CDATA[_menu_item_url]]></wp:meta_key>
		<wp:meta_value><![CDATA[]]></wp:meta_value>
		</wp:postmeta>
							</item>
					<item>
		<title><![CDATA[]]></title>
		<link>http://localhost/sass-wp/19436/</link>
		<pubDate>Fri, 03 Sep 2021 17:27:31 +0000</pubDate>
		<dc:creator><![CDATA[webmaster]]></dc:creator>
		<guid isPermaLink="false">http://localhost/sass-wp/</guid>
		<description></description>
		<content:encoded><![CDATA[ ]]></content:encoded>
		<excerpt:encoded><![CDATA[]]></excerpt:encoded>
		<wp:post_id>19436</wp:post_id>
		<wp:post_date><![CDATA[2021-09-03 17:27:31]]></wp:post_date>
		<wp:post_date_gmt><![CDATA[2021-09-03 17:27:31]]></wp:post_date_gmt>
		<wp:post_modified><![CDATA[2021-09-03 17:27:31]]></wp:post_modified>
		<wp:post_modified_gmt><![CDATA[2021-09-03 17:27:31]]></wp:post_modified_gmt>
		<wp:comment_status><![CDATA[closed]]></wp:comment_status>
		<wp:ping_status><![CDATA[closed]]></wp:ping_status>
		<wp:post_name><![CDATA[19436]]></wp:post_name>
		<wp:status><![CDATA[publish]]></wp:status>
		<wp:post_parent>0</wp:post_parent>
		<wp:menu_order>2</wp:menu_order>
		<wp:post_type><![CDATA[nav_menu_item]]></wp:post_type>
		<wp:post_password><![CDATA[]]></wp:post_password>
		<wp:is_sticky>0</wp:is_sticky>
										<category domain="nav_menu" nicename="all-pages-flat"><![CDATA[All Pages Flat]]></category>
						<wp:postmeta>
		<wp:meta_key><![CDATA[_menu_item_type]]></wp:meta_key>
		<wp:meta_value><![CDATA[post_type]]></wp:meta_value>
		</wp:postmeta>
							<wp:postmeta>
		<wp:meta_key><![CDATA[_menu_item_menu_item_parent]]></wp:meta_key>
		<wp:meta_value><![CDATA[0]]></wp:meta_value>
		</wp:postmeta>
							<wp:postmeta>
		<wp:meta_key><![CDATA[_menu_item_object_id]]></wp:meta_key>
		<wp:meta_value><![CDATA[19393]]></wp:meta_value>
		</wp:postmeta>
							<wp:postmeta>
		<wp:meta_key><![CDATA[_menu_item_object]]></wp:meta_key>
		<wp:meta_value><![CDATA[page]]></wp:meta_value>
		</wp:postmeta>
							<wp:postmeta>
		<wp:meta_key><![CDATA[_menu_item_target]]></wp:meta_key>
		<wp:meta_value><![CDATA[]]></wp:meta_value>
		</wp:postmeta>
							<wp:postmeta>
		<wp:meta_key><![CDATA[_menu_item_classes]]></wp:meta_key>
		<wp:meta_value><![CDATA[a:1:{i:0;s:0:"";}]]></wp:meta_value>
		</wp:postmeta>
							<wp:postmeta>
		<wp:meta_key><![CDATA[_menu_item_xfn]]></wp:meta_key>
		<wp:meta_value><![CDATA[]]></wp:meta_value>
		</wp:postmeta>
							<wp:postmeta>
		<wp:meta_key><![CDATA[_menu_item_url]]></wp:meta_key>
		<wp:meta_value><![CDATA[]]></wp:meta_value>
		</wp:postmeta>
							</item>
					<item>
		<title><![CDATA[]]></title>
		<link>http://localhost/sass-wp/19437/</link>
		<pubDate>Fri, 03 Sep 2021 17:27:32 +0000</pubDate>
		<dc:creator><![CDATA[webmaster]]></dc:creator>
		<guid isPermaLink="false">http://localhost/sass-wp/</guid>
		<description></description>
		<content:encoded><![CDATA[ ]]></content:encoded>
		<excerpt:encoded><![CDATA[]]></excerpt:encoded>
		<wp:post_id>19437</wp:post_id>
		<wp:post_date><![CDATA[2021-09-03 17:27:32]]></wp:post_date>
		<wp:post_date_gmt><![CDATA[2021-09-03 17:27:32]]></wp:post_date_gmt>
		<wp:post_modified><![CDATA[2021-09-03 17:27:32]]></wp:post_modified>
		<wp:post_modified_gmt><![CDATA[2021-09-03 17:27:32]]></wp:post_modified_gmt>
		<wp:comment_status><![CDATA[closed]]></wp:comment_status>
		<wp:ping_status><![CDATA[closed]]></wp:ping_status>
		<wp:post_name><![CDATA[19437]]></wp:post_name>
		<wp:status><![CDATA[publish]]></wp:status>
		<wp:post_parent>0</wp:post_parent>
		<wp:menu_order>3</wp:menu_order>
		<wp:post_type><![CDATA[nav_menu_item]]></wp:post_type>
		<wp:post_password><![CDATA[]]></wp:post_password>
		<wp:is_sticky>0</wp:is_sticky>
										<category domain="nav_menu" nicename="all-pages-flat"><![CDATA[All Pages Flat]]></category>
						<wp:postmeta>
		<wp:meta_key><![CDATA[_menu_item_type]]></wp:meta_key>
		<wp:meta_value><![CDATA[post_type]]></wp:meta_value>
		</wp:postmeta>
							<wp:postmeta>
		<wp:meta_key><![CDATA[_menu_item_menu_item_parent]]></wp:meta_key>
		<wp:meta_value><![CDATA[0]]></wp:meta_value>
		</wp:postmeta>
							<wp:postmeta>
		<wp:meta_key><![CDATA[_menu_item_object_id]]></wp:meta_key>
		<wp:meta_value><![CDATA[19392]]></wp:meta_value>
		</wp:postmeta>
							<wp:postmeta>
		<wp:meta_key><![CDATA[_menu_item_object]]></wp:meta_key>
		<wp:meta_value><![CDATA[page]]></wp:meta_value>
		</wp:postmeta>
							<wp:postmeta>
		<wp:meta_key><![CDATA[_menu_item_target]]></wp:meta_key>
		<wp:meta_value><![CDATA[]]></wp:meta_value>
		</wp:postmeta>
							<wp:postmeta>
		<wp:meta_key><![CDATA[_menu_item_classes]]></wp:meta_key>
		<wp:meta_value><![CDATA[a:1:{i:0;s:0:"";}]]></wp:meta_value>
		</wp:postmeta>
							<wp:postmeta>
		<wp:meta_key><![CDATA[_menu_item_xfn]]></wp:meta_key>
		<wp:meta_value><![CDATA[]]></wp:meta_value>
		</wp:postmeta>
							<wp:postmeta>
		<wp:meta_key><![CDATA[_menu_item_url]]></wp:meta_key>
		<wp:meta_value><![CDATA[]]></wp:meta_value>
		</wp:postmeta>
							</item>
					<item>
		<title><![CDATA[]]></title>
		<link>http://localhost/sass-wp/19438/</link>
		<pubDate>Fri, 03 Sep 2021 17:27:32 +0000</pubDate>
		<dc:creator><![CDATA[webmaster]]></dc:creator>
		<guid isPermaLink="false">http://localhost/sass-wp/</guid>
		<description></description>
		<content:encoded><![CDATA[ ]]></content:encoded>
		<excerpt:encoded><![CDATA[]]></excerpt:encoded>
		<wp:post_id>19438</wp:post_id>
		<wp:post_date><![CDATA[2021-09-03 17:27:32]]></wp:post_date>
		<wp:post_date_gmt><![CDATA[2021-09-03 17:27:32]]></wp:post_date_gmt>
		<wp:post_modified><![CDATA[2021-09-03 17:27:32]]></wp:post_modified>
		<wp:post_modified_gmt><![CDATA[2021-09-03 17:27:32]]></wp:post_modified_gmt>
		<wp:comment_status><![CDATA[closed]]></wp:comment_status>
		<wp:ping_status><![CDATA[closed]]></wp:ping_status>
		<wp:post_name><![CDATA[19438]]></wp:post_name>
		<wp:status><![CDATA[publish]]></wp:status>
		<wp:post_parent>0</wp:post_parent>
		<wp:menu_order>4</wp:menu_order>
		<wp:post_type><![CDATA[nav_menu_item]]></wp:post_type>
		<wp:post_password><![CDATA[]]></wp:post_password>
		<wp:is_sticky>0</wp:is_sticky>
										<category domain="nav_menu" nicename="all-pages-flat"><![CDATA[All Pages Flat]]></category>
						<wp:postmeta>
		<wp:meta_key><![CDATA[_menu_item_type]]></wp:meta_key>
		<wp:meta_value><![CDATA[post_type]]></wp:meta_value>
		</wp:postmeta>
							<wp:postmeta>
		<wp:meta_key><![CDATA[_menu_item_menu_item_parent]]></wp:meta_key>
		<wp:meta_value><![CDATA[0]]></wp:meta_value>
		</wp:postmeta>
							<wp:postmeta>
		<wp:meta_key><![CDATA[_menu_item_object_id]]></wp:meta_key>
		<wp:meta_value><![CDATA[19387]]></wp:meta_value>
		</wp:postmeta>
							<wp:postmeta>
		<wp:meta_key><![CDATA[_menu_item_object]]></wp:meta_key>
		<wp:meta_value><![CDATA[page]]></wp:meta_value>
		</wp:postmeta>
							<wp:postmeta>
		<wp:meta_key><![CDATA[_menu_item_target]]></wp:meta_key>
		<wp:meta_value><![CDATA[]]></wp:meta_value>
		</wp:postmeta>
							<wp:postmeta>
		<wp:meta_key><![CDATA[_menu_item_classes]]></wp:meta_key>
		<wp:meta_value><![CDATA[a:1:{i:0;s:0:"";}]]></wp:meta_value>
		</wp:postmeta>
							<wp:postmeta>
		<wp:meta_key><![CDATA[_menu_item_xfn]]></wp:meta_key>
		<wp:meta_value><![CDATA[]]></wp:meta_value>
		</wp:postmeta>
							<wp:postmeta>
		<wp:meta_key><![CDATA[_menu_item_url]]></wp:meta_key>
		<wp:meta_value><![CDATA[]]></wp:meta_value>
		</wp:postmeta>
							</item>
					<item>
		<title><![CDATA[]]></title>
		<link>http://localhost/sass-wp/19439/</link>
		<pubDate>Fri, 03 Sep 2021 17:27:33 +0000</pubDate>
		<dc:creator><![CDATA[webmaster]]></dc:creator>
		<guid isPermaLink="false">http://localhost/sass-wp/</guid>
		<description></description>
		<content:encoded><![CDATA[ ]]></content:encoded>
		<excerpt:encoded><![CDATA[]]></excerpt:encoded>
		<wp:post_id>19439</wp:post_id>
		<wp:post_date><![CDATA[2021-09-03 17:27:33]]></wp:post_date>
		<wp:post_date_gmt><![CDATA[2021-09-03 17:27:33]]></wp:post_date_gmt>
		<wp:post_modified><![CDATA[2021-09-03 17:27:33]]></wp:post_modified>
		<wp:post_modified_gmt><![CDATA[2021-09-03 17:27:33]]></wp:post_modified_gmt>
		<wp:comment_status><![CDATA[closed]]></wp:comment_status>
		<wp:ping_status><![CDATA[closed]]></wp:ping_status>
		<wp:post_name><![CDATA[19439]]></wp:post_name>
		<wp:status><![CDATA[publish]]></wp:status>
		<wp:post_parent>19387</wp:post_parent>
		<wp:menu_order>7</wp:menu_order>
		<wp:post_type><![CDATA[nav_menu_item]]></wp:post_type>
		<wp:post_password><![CDATA[]]></wp:post_password>
		<wp:is_sticky>0</wp:is_sticky>
										<category domain="nav_menu" nicename="all-pages-flat"><![CDATA[All Pages Flat]]></category>
						<wp:postmeta>
		<wp:meta_key><![CDATA[_menu_item_type]]></wp:meta_key>
		<wp:meta_value><![CDATA[post_type]]></wp:meta_value>
		</wp:postmeta>
							<wp:postmeta>
		<wp:meta_key><![CDATA[_menu_item_menu_item_parent]]></wp:meta_key>
		<wp:meta_value><![CDATA[0]]></wp:meta_value>
		</wp:postmeta>
							<wp:postmeta>
		<wp:meta_key><![CDATA[_menu_item_object_id]]></wp:meta_key>
		<wp:meta_value><![CDATA[19388]]></wp:meta_value>
		</wp:postmeta>
							<wp:postmeta>
		<wp:meta_key><![CDATA[_menu_item_object]]></wp:meta_key>
		<wp:meta_value><![CDATA[page]]></wp:meta_value>
		</wp:postmeta>
							<wp:postmeta>
		<wp:meta_key><![CDATA[_menu_item_target]]></wp:meta_key>
		<wp:meta_value><![CDATA[]]></wp:meta_value>
		</wp:postmeta>
							<wp:postmeta>
		<wp:meta_key><![CDATA[_menu_item_classes]]></wp:meta_key>
		<wp:meta_value><![CDATA[a:1:{i:0;s:0:"";}]]></wp:meta_value>
		</wp:postmeta>
							<wp:postmeta>
		<wp:meta_key><![CDATA[_menu_item_xfn]]></wp:meta_key>
		<wp:meta_value><![CDATA[]]></wp:meta_value>
		</wp:postmeta>
							<wp:postmeta>
		<wp:meta_key><![CDATA[_menu_item_url]]></wp:meta_key>
		<wp:meta_value><![CDATA[]]></wp:meta_value>
		</wp:postmeta>
							</item>
					<item>
		<title><![CDATA[]]></title>
		<link>http://localhost/sass-wp/19440/</link>
		<pubDate>Fri, 03 Sep 2021 17:27:34 +0000</pubDate>
		<dc:creator><![CDATA[webmaster]]></dc:creator>
		<guid isPermaLink="false">http://localhost/sass-wp/</guid>
		<description></description>
		<content:encoded><![CDATA[ ]]></content:encoded>
		<excerpt:encoded><![CDATA[]]></excerpt:encoded>
		<wp:post_id>19440</wp:post_id>
		<wp:post_date><![CDATA[2021-09-03 17:27:34]]></wp:post_date>
		<wp:post_date_gmt><![CDATA[2021-09-03 17:27:34]]></wp:post_date_gmt>
		<wp:post_modified><![CDATA[2021-09-03 17:27:34]]></wp:post_modified>
		<wp:post_modified_gmt><![CDATA[2021-09-03 17:27:34]]></wp:post_modified_gmt>
		<wp:comment_status><![CDATA[closed]]></wp:comment_status>
		<wp:ping_status><![CDATA[closed]]></wp:ping_status>
		<wp:post_name><![CDATA[19440]]></wp:post_name>
		<wp:status><![CDATA[publish]]></wp:status>
		<wp:post_parent>19387</wp:post_parent>
		<wp:menu_order>8</wp:menu_order>
		<wp:post_type><![CDATA[nav_menu_item]]></wp:post_type>
		<wp:post_password><![CDATA[]]></wp:post_password>
		<wp:is_sticky>0</wp:is_sticky>
										<category domain="nav_menu" nicename="all-pages-flat"><![CDATA[All Pages Flat]]></category>
						<wp:postmeta>
		<wp:meta_key><![CDATA[_menu_item_type]]></wp:meta_key>
		<wp:meta_value><![CDATA[post_type]]></wp:meta_value>
		</wp:postmeta>
							<wp:postmeta>
		<wp:meta_key><![CDATA[_menu_item_menu_item_parent]]></wp:meta_key>
		<wp:meta_value><![CDATA[0]]></wp:meta_value>
		</wp:postmeta>
							<wp:postmeta>
		<wp:meta_key><![CDATA[_menu_item_object_id]]></wp:meta_key>
		<wp:meta_value><![CDATA[155]]></wp:meta_value>
		</wp:postmeta>
							<wp:postmeta>
		<wp:meta_key><![CDATA[_menu_item_object]]></wp:meta_key>
		<wp:meta_value><![CDATA[page]]></wp:meta_value>
		</wp:postmeta>
							<wp:postmeta>
		<wp:meta_key><![CDATA[_menu_item_target]]></wp:meta_key>
		<wp:meta_value><![CDATA[]]></wp:meta_value>
		</wp:postmeta>
							<wp:postmeta>
		<wp:meta_key><![CDATA[_menu_item_classes]]></wp:meta_key>
		<wp:meta_value><![CDATA[a:1:{i:0;s:0:"";}]]></wp:meta_value>
		</wp:postmeta>
							<wp:postmeta>
		<wp:meta_key><![CDATA[_menu_item_xfn]]></wp:meta_key>
		<wp:meta_value><![CDATA[]]></wp:meta_value>
		</wp:postmeta>
							<wp:postmeta>
		<wp:meta_key><![CDATA[_menu_item_url]]></wp:meta_key>
		<wp:meta_value><![CDATA[]]></wp:meta_value>
		</wp:postmeta>
							</item>
					<item>
		<title><![CDATA[]]></title>
		<link>http://localhost/sass-wp/19441/</link>
		<pubDate>Fri, 03 Sep 2021 17:27:35 +0000</pubDate>
		<dc:creator><![CDATA[webmaster]]></dc:creator>
		<guid isPermaLink="false">http://localhost/sass-wp/</guid>
		<description></description>
		<content:encoded><![CDATA[ ]]></content:encoded>
		<excerpt:encoded><![CDATA[]]></excerpt:encoded>
		<wp:post_id>19441</wp:post_id>
		<wp:post_date><![CDATA[2021-09-03 17:27:35]]></wp:post_date>
		<wp:post_date_gmt><![CDATA[2021-09-03 17:27:35]]></wp:post_date_gmt>
		<wp:post_modified><![CDATA[2021-09-03 17:27:35]]></wp:post_modified>
		<wp:post_modified_gmt><![CDATA[2021-09-03 17:27:35]]></wp:post_modified_gmt>
		<wp:comment_status><![CDATA[closed]]></wp:comment_status>
		<wp:ping_status><![CDATA[closed]]></wp:ping_status>
		<wp:post_name><![CDATA[19441]]></wp:post_name>
		<wp:status><![CDATA[publish]]></wp:status>
		<wp:post_parent>19387</wp:post_parent>
		<wp:menu_order>9</wp:menu_order>
		<wp:post_type><![CDATA[nav_menu_item]]></wp:post_type>
		<wp:post_password><![CDATA[]]></wp:post_password>
		<wp:is_sticky>0</wp:is_sticky>
										<category domain="nav_menu" nicename="all-pages-flat"><![CDATA[All Pages Flat]]></category>
						<wp:postmeta>
		<wp:meta_key><![CDATA[_menu_item_type]]></wp:meta_key>
		<wp:meta_value><![CDATA[post_type]]></wp:meta_value>
		</wp:postmeta>
							<wp:postmeta>
		<wp:meta_key><![CDATA[_menu_item_menu_item_parent]]></wp:meta_key>
		<wp:meta_value><![CDATA[0]]></wp:meta_value>
		</wp:postmeta>
							<wp:postmeta>
		<wp:meta_key><![CDATA[_menu_item_object_id]]></wp:meta_key>
		<wp:meta_value><![CDATA[156]]></wp:meta_value>
		</wp:postmeta>
							<wp:postmeta>
		<wp:meta_key><![CDATA[_menu_item_object]]></wp:meta_key>
		<wp:meta_value><![CDATA[page]]></wp:meta_value>
		</wp:postmeta>
							<wp:postmeta>
		<wp:meta_key><![CDATA[_menu_item_target]]></wp:meta_key>
		<wp:meta_value><![CDATA[]]></wp:meta_value>
		</wp:postmeta>
							<wp:postmeta>
		<wp:meta_key><![CDATA[_menu_item_classes]]></wp:meta_key>
		<wp:meta_value><![CDATA[a:1:{i:0;s:0:"";}]]></wp:meta_value>
		</wp:postmeta>
							<wp:postmeta>
		<wp:meta_key><![CDATA[_menu_item_xfn]]></wp:meta_key>
		<wp:meta_value><![CDATA[]]></wp:meta_value>
		</wp:postmeta>
							<wp:postmeta>
		<wp:meta_key><![CDATA[_menu_item_url]]></wp:meta_key>
		<wp:meta_value><![CDATA[]]></wp:meta_value>
		</wp:postmeta>
							</item>
					<item>
		<title><![CDATA[]]></title>
		<link>http://localhost/sass-wp/19442/</link>
		<pubDate>Fri, 03 Sep 2021 17:27:35 +0000</pubDate>
		<dc:creator><![CDATA[webmaster]]></dc:creator>
		<guid isPermaLink="false">http://localhost/sass-wp/</guid>
		<description></description>
		<content:encoded><![CDATA[ ]]></content:encoded>
		<excerpt:encoded><![CDATA[]]></excerpt:encoded>
		<wp:post_id>19442</wp:post_id>
		<wp:post_date><![CDATA[2021-09-03 17:27:35]]></wp:post_date>
		<wp:post_date_gmt><![CDATA[2021-09-03 17:27:35]]></wp:post_date_gmt>
		<wp:post_modified><![CDATA[2021-09-03 17:27:35]]></wp:post_modified>
		<wp:post_modified_gmt><![CDATA[2021-09-03 17:27:35]]></wp:post_modified_gmt>
		<wp:comment_status><![CDATA[closed]]></wp:comment_status>
		<wp:ping_status><![CDATA[closed]]></wp:ping_status>
		<wp:post_name><![CDATA[19442]]></wp:post_name>
		<wp:status><![CDATA[publish]]></wp:status>
		<wp:post_parent>0</wp:post_parent>
		<wp:menu_order>10</wp:menu_order>
		<wp:post_type><![CDATA[nav_menu_item]]></wp:post_type>
		<wp:post_password><![CDATA[]]></wp:post_password>
		<wp:is_sticky>0</wp:is_sticky>
										<category domain="nav_menu" nicename="all-pages-flat"><![CDATA[All Pages Flat]]></category>
						<wp:postmeta>
		<wp:meta_key><![CDATA[_menu_item_type]]></wp:meta_key>
		<wp:meta_value><![CDATA[post_type]]></wp:meta_value>
		</wp:postmeta>
							<wp:postmeta>
		<wp:meta_key><![CDATA[_menu_item_menu_item_parent]]></wp:meta_key>
		<wp:meta_value><![CDATA[0]]></wp:meta_value>
		</wp:postmeta>
							<wp:postmeta>
		<wp:meta_key><![CDATA[_menu_item_object_id]]></wp:meta_key>
		<wp:meta_value><![CDATA[174]]></wp:meta_value>
		</wp:postmeta>
							<wp:postmeta>
		<wp:meta_key><![CDATA[_menu_item_object]]></wp:meta_key>
		<wp:meta_value><![CDATA[page]]></wp:meta_value>
		</wp:postmeta>
							<wp:postmeta>
		<wp:meta_key><![CDATA[_menu_item_target]]></wp:meta_key>
		<wp:meta_value><![CDATA[]]></wp:meta_value>
		</wp:postmeta>
							<wp:postmeta>
		<wp:meta_key><![CDATA[_menu_item_classes]]></wp:meta_key>
		<wp:meta_value><![CDATA[a:1:{i:0;s:0:"";}]]></wp:meta_value>
		</wp:postmeta>
							<wp:postmeta>
		<wp:meta_key><![CDATA[_menu_item_xfn]]></wp:meta_key>
		<wp:meta_value><![CDATA[]]></wp:meta_value>
		</wp:postmeta>
							<wp:postmeta>
		<wp:meta_key><![CDATA[_menu_item_url]]></wp:meta_key>
		<wp:meta_value><![CDATA[]]></wp:meta_value>
		</wp:postmeta>
							</item>
					<item>
		<title><![CDATA[]]></title>
		<link>http://localhost/sass-wp/19443/</link>
		<pubDate>Fri, 03 Sep 2021 17:27:36 +0000</pubDate>
		<dc:creator><![CDATA[webmaster]]></dc:creator>
		<guid isPermaLink="false">http://localhost/sass-wp/</guid>
		<description></description>
		<content:encoded><![CDATA[ ]]></content:encoded>
		<excerpt:encoded><![CDATA[]]></excerpt:encoded>
		<wp:post_id>19443</wp:post_id>
		<wp:post_date><![CDATA[2021-09-03 17:27:36]]></wp:post_date>
		<wp:post_date_gmt><![CDATA[2021-09-03 17:27:36]]></wp:post_date_gmt>
		<wp:post_modified><![CDATA[2021-09-03 17:27:36]]></wp:post_modified>
		<wp:post_modified_gmt><![CDATA[2021-09-03 17:27:36]]></wp:post_modified_gmt>
		<wp:comment_status><![CDATA[closed]]></wp:comment_status>
		<wp:ping_status><![CDATA[closed]]></wp:ping_status>
		<wp:post_name><![CDATA[19443]]></wp:post_name>
		<wp:status><![CDATA[publish]]></wp:status>
		<wp:post_parent>0</wp:post_parent>
		<wp:menu_order>11</wp:menu_order>
		<wp:post_type><![CDATA[nav_menu_item]]></wp:post_type>
		<wp:post_password><![CDATA[]]></wp:post_password>
		<wp:is_sticky>0</wp:is_sticky>
										<category domain="nav_menu" nicename="all-pages-flat"><![CDATA[All Pages Flat]]></category>
						<wp:postmeta>
		<wp:meta_key><![CDATA[_menu_item_type]]></wp:meta_key>
		<wp:meta_value><![CDATA[post_type]]></wp:meta_value>
		</wp:postmeta>
							<wp:postmeta>
		<wp:meta_key><![CDATA[_menu_item_menu_item_parent]]></wp:meta_key>
		<wp:meta_value><![CDATA[0]]></wp:meta_value>
		</wp:postmeta>
							<wp:postmeta>
		<wp:meta_key><![CDATA[_menu_item_object_id]]></wp:meta_key>
		<wp:meta_value><![CDATA[173]]></wp:meta_value>
		</wp:postmeta>
							<wp:postmeta>
		<wp:meta_key><![CDATA[_menu_item_object]]></wp:meta_key>
		<wp:meta_value><![CDATA[page]]></wp:meta_value>
		</wp:postmeta>
							<wp:postmeta>
		<wp:meta_key><![CDATA[_menu_item_target]]></wp:meta_key>
		<wp:meta_value><![CDATA[]]></wp:meta_value>
		</wp:postmeta>
							<wp:postmeta>
		<wp:meta_key><![CDATA[_menu_item_classes]]></wp:meta_key>
		<wp:meta_value><![CDATA[a:1:{i:0;s:0:"";}]]></wp:meta_value>
		</wp:postmeta>
							<wp:postmeta>
		<wp:meta_key><![CDATA[_menu_item_xfn]]></wp:meta_key>
		<wp:meta_value><![CDATA[]]></wp:meta_value>
		</wp:postmeta>
							<wp:postmeta>
		<wp:meta_key><![CDATA[_menu_item_url]]></wp:meta_key>
		<wp:meta_value><![CDATA[]]></wp:meta_value>
		</wp:postmeta>
							</item>
					<item>
		<title><![CDATA[]]></title>
		<link>http://localhost/sass-wp/19444/</link>
		<pubDate>Fri, 03 Sep 2021 17:27:36 +0000</pubDate>
		<dc:creator><![CDATA[webmaster]]></dc:creator>
		<guid isPermaLink="false">http://localhost/sass-wp/</guid>
		<description></description>
		<content:encoded><![CDATA[ ]]></content:encoded>
		<excerpt:encoded><![CDATA[]]></excerpt:encoded>
		<wp:post_id>19444</wp:post_id>
		<wp:post_date><![CDATA[2021-09-03 17:27:36]]></wp:post_date>
		<wp:post_date_gmt><![CDATA[2021-09-03 17:27:36]]></wp:post_date_gmt>
		<wp:post_modified><![CDATA[2021-09-03 17:27:36]]></wp:post_modified>
		<wp:post_modified_gmt><![CDATA[2021-09-03 17:27:36]]></wp:post_modified_gmt>
		<wp:comment_status><![CDATA[closed]]></wp:comment_status>
		<wp:ping_status><![CDATA[closed]]></wp:ping_status>
		<wp:post_name><![CDATA[19444]]></wp:post_name>
		<wp:status><![CDATA[publish]]></wp:status>
		<wp:post_parent>0</wp:post_parent>
		<wp:menu_order>12</wp:menu_order>
		<wp:post_type><![CDATA[nav_menu_item]]></wp:post_type>
		<wp:post_password><![CDATA[]]></wp:post_password>
		<wp:is_sticky>0</wp:is_sticky>
										<category domain="nav_menu" nicename="all-pages-flat"><![CDATA[All Pages Flat]]></category>
						<wp:postmeta>
		<wp:meta_key><![CDATA[_menu_item_type]]></wp:meta_key>
		<wp:meta_value><![CDATA[post_type]]></wp:meta_value>
		</wp:postmeta>
							<wp:postmeta>
		<wp:meta_key><![CDATA[_menu_item_menu_item_parent]]></wp:meta_key>
		<wp:meta_value><![CDATA[0]]></wp:meta_value>
		</wp:postmeta>
							<wp:postmeta>
		<wp:meta_key><![CDATA[_menu_item_object_id]]></wp:meta_key>
		<wp:meta_value><![CDATA[172]]></wp:meta_value>
		</wp:postmeta>
							<wp:postmeta>
		<wp:meta_key><![CDATA[_menu_item_object]]></wp:meta_key>
		<wp:meta_value><![CDATA[page]]></wp:meta_value>
		</wp:postmeta>
							<wp:postmeta>
		<wp:meta_key><![CDATA[_menu_item_target]]></wp:meta_key>
		<wp:meta_value><![CDATA[]]></wp:meta_value>
		</wp:postmeta>
							<wp:postmeta>
		<wp:meta_key><![CDATA[_menu_item_classes]]></wp:meta_key>
		<wp:meta_value><![CDATA[a:1:{i:0;s:0:"";}]]></wp:meta_value>
		</wp:postmeta>
							<wp:postmeta>
		<wp:meta_key><![CDATA[_menu_item_xfn]]></wp:meta_key>
		<wp:meta_value><![CDATA[]]></wp:meta_value>
		</wp:postmeta>
							<wp:postmeta>
		<wp:meta_key><![CDATA[_menu_item_url]]></wp:meta_key>
		<wp:meta_value><![CDATA[]]></wp:meta_value>
		</wp:postmeta>
							</item>
					<item>
		<title><![CDATA[]]></title>
		<link>http://localhost/sass-wp/19445/</link>
		<pubDate>Fri, 03 Sep 2021 17:27:37 +0000</pubDate>
		<dc:creator><![CDATA[webmaster]]></dc:creator>
		<guid isPermaLink="false">http://localhost/sass-wp/</guid>
		<description></description>
		<content:encoded><![CDATA[ ]]></content:encoded>
		<excerpt:encoded><![CDATA[]]></excerpt:encoded>
		<wp:post_id>19445</wp:post_id>
		<wp:post_date><![CDATA[2021-09-03 17:27:37]]></wp:post_date>
		<wp:post_date_gmt><![CDATA[2021-09-03 17:27:37]]></wp:post_date_gmt>
		<wp:post_modified><![CDATA[2021-09-03 17:27:37]]></wp:post_modified>
		<wp:post_modified_gmt><![CDATA[2021-09-03 17:27:37]]></wp:post_modified_gmt>
		<wp:comment_status><![CDATA[closed]]></wp:comment_status>
		<wp:ping_status><![CDATA[closed]]></wp:ping_status>
		<wp:post_name><![CDATA[19445]]></wp:post_name>
		<wp:status><![CDATA[publish]]></wp:status>
		<wp:post_parent>0</wp:post_parent>
		<wp:menu_order>17</wp:menu_order>
		<wp:post_type><![CDATA[nav_menu_item]]></wp:post_type>
		<wp:post_password><![CDATA[]]></wp:post_password>
		<wp:is_sticky>0</wp:is_sticky>
										<category domain="nav_menu" nicename="all-pages-flat"><![CDATA[All Pages Flat]]></category>
						<wp:postmeta>
		<wp:meta_key><![CDATA[_menu_item_type]]></wp:meta_key>
		<wp:meta_value><![CDATA[post_type]]></wp:meta_value>
		</wp:postmeta>
							<wp:postmeta>
		<wp:meta_key><![CDATA[_menu_item_menu_item_parent]]></wp:meta_key>
		<wp:meta_value><![CDATA[0]]></wp:meta_value>
		</wp:postmeta>
							<wp:postmeta>
		<wp:meta_key><![CDATA[_menu_item_object_id]]></wp:meta_key>
		<wp:meta_value><![CDATA[146]]></wp:meta_value>
		</wp:postmeta>
							<wp:postmeta>
		<wp:meta_key><![CDATA[_menu_item_object]]></wp:meta_key>
		<wp:meta_value><![CDATA[page]]></wp:meta_value>
		</wp:postmeta>
							<wp:postmeta>
		<wp:meta_key><![CDATA[_menu_item_target]]></wp:meta_key>
		<wp:meta_value><![CDATA[]]></wp:meta_value>
		</wp:postmeta>
							<wp:postmeta>
		<wp:meta_key><![CDATA[_menu_item_classes]]></wp:meta_key>
		<wp:meta_value><![CDATA[a:1:{i:0;s:0:"";}]]></wp:meta_value>
		</wp:postmeta>
							<wp:postmeta>
		<wp:meta_key><![CDATA[_menu_item_xfn]]></wp:meta_key>
		<wp:meta_value><![CDATA[]]></wp:meta_value>
		</wp:postmeta>
							<wp:postmeta>
		<wp:meta_key><![CDATA[_menu_item_url]]></wp:meta_key>
		<wp:meta_value><![CDATA[]]></wp:meta_value>
		</wp:postmeta>
							</item>
					<item>
		<title><![CDATA[]]></title>
		<link>http://localhost/sass-wp/19468/</link>
		<pubDate>Fri, 03 Sep 2021 17:28:41 +0000</pubDate>
		<dc:creator><![CDATA[webmaster]]></dc:creator>
		<guid isPermaLink="false">http://localhost/sass-wp/19468/</guid>
		<description></description>
		<content:encoded><![CDATA[ ]]></content:encoded>
		<excerpt:encoded><![CDATA[]]></excerpt:encoded>
		<wp:post_id>19468</wp:post_id>
		<wp:post_date><![CDATA[2021-09-03 17:28:41]]></wp:post_date>
		<wp:post_date_gmt><![CDATA[2021-09-03 17:28:41]]></wp:post_date_gmt>
		<wp:post_modified><![CDATA[2021-09-03 17:28:41]]></wp:post_modified>
		<wp:post_modified_gmt><![CDATA[2021-09-03 17:28:41]]></wp:post_modified_gmt>
		<wp:comment_status><![CDATA[closed]]></wp:comment_status>
		<wp:ping_status><![CDATA[closed]]></wp:ping_status>
		<wp:post_name><![CDATA[19468]]></wp:post_name>
		<wp:status><![CDATA[publish]]></wp:status>
		<wp:post_parent>19387</wp:post_parent>
		<wp:menu_order>8</wp:menu_order>
		<wp:post_type><![CDATA[nav_menu_item]]></wp:post_type>
		<wp:post_password><![CDATA[]]></wp:post_password>
		<wp:is_sticky>0</wp:is_sticky>
										<category domain="nav_menu" nicename="testing-menu"><![CDATA[Testing Menu]]></category>
						<wp:postmeta>
		<wp:meta_key><![CDATA[_menu_item_type]]></wp:meta_key>
		<wp:meta_value><![CDATA[post_type]]></wp:meta_value>
		</wp:postmeta>
							<wp:postmeta>
		<wp:meta_key><![CDATA[_menu_item_menu_item_parent]]></wp:meta_key>
		<wp:meta_value><![CDATA[19404]]></wp:meta_value>
		</wp:postmeta>
							<wp:postmeta>
		<wp:meta_key><![CDATA[_menu_item_object_id]]></wp:meta_key>
		<wp:meta_value><![CDATA[1133]]></wp:meta_value>
		</wp:postmeta>
							<wp:postmeta>
		<wp:meta_key><![CDATA[_menu_item_object]]></wp:meta_key>
		<wp:meta_value><![CDATA[page]]></wp:meta_value>
		</wp:postmeta>
							<wp:postmeta>
		<wp:meta_key><![CDATA[_menu_item_target]]></wp:meta_key>
		<wp:meta_value><![CDATA[]]></wp:meta_value>
		</wp:postmeta>
							<wp:postmeta>
		<wp:meta_key><![CDATA[_menu_item_classes]]></wp:meta_key>
		<wp:meta_value><![CDATA[a:1:{i:0;s:0:"";}]]></wp:meta_value>
		</wp:postmeta>
							<wp:postmeta>
		<wp:meta_key><![CDATA[_menu_item_xfn]]></wp:meta_key>
		<wp:meta_value><![CDATA[]]></wp:meta_value>
		</wp:postmeta>
							<wp:postmeta>
		<wp:meta_key><![CDATA[_menu_item_url]]></wp:meta_key>
		<wp:meta_value><![CDATA[]]></wp:meta_value>
		</wp:postmeta>
							</item>
					<item>
		<title><![CDATA[]]></title>
		<link>http://localhost/sass-wp/19469/</link>
		<pubDate>Fri, 03 Sep 2021 17:28:42 +0000</pubDate>
		<dc:creator><![CDATA[webmaster]]></dc:creator>
		<guid isPermaLink="false">http://localhost/sass-wp/19469/</guid>
		<description></description>
		<content:encoded><![CDATA[ ]]></content:encoded>
		<excerpt:encoded><![CDATA[]]></excerpt:encoded>
		<wp:post_id>19469</wp:post_id>
		<wp:post_date><![CDATA[2021-09-03 17:28:42]]></wp:post_date>
		<wp:post_date_gmt><![CDATA[2021-09-03 17:28:42]]></wp:post_date_gmt>
		<wp:post_modified><![CDATA[2021-09-03 17:28:42]]></wp:post_modified>
		<wp:post_modified_gmt><![CDATA[2021-09-03 17:28:42]]></wp:post_modified_gmt>
		<wp:comment_status><![CDATA[closed]]></wp:comment_status>
		<wp:ping_status><![CDATA[closed]]></wp:ping_status>
		<wp:post_name><![CDATA[19469]]></wp:post_name>
		<wp:status><![CDATA[publish]]></wp:status>
		<wp:post_parent>19387</wp:post_parent>
		<wp:menu_order>9</wp:menu_order>
		<wp:post_type><![CDATA[nav_menu_item]]></wp:post_type>
		<wp:post_password><![CDATA[]]></wp:post_password>
		<wp:is_sticky>0</wp:is_sticky>
										<category domain="nav_menu" nicename="testing-menu"><![CDATA[Testing Menu]]></category>
						<wp:postmeta>
		<wp:meta_key><![CDATA[_menu_item_type]]></wp:meta_key>
		<wp:meta_value><![CDATA[post_type]]></wp:meta_value>
		</wp:postmeta>
							<wp:postmeta>
		<wp:meta_key><![CDATA[_menu_item_menu_item_parent]]></wp:meta_key>
		<wp:meta_value><![CDATA[19404]]></wp:meta_value>
		</wp:postmeta>
							<wp:postmeta>
		<wp:meta_key><![CDATA[_menu_item_object_id]]></wp:meta_key>
		<wp:meta_value><![CDATA[1134]]></wp:meta_value>
		</wp:postmeta>
							<wp:postmeta>
		<wp:meta_key><![CDATA[_menu_item_object]]></wp:meta_key>
		<wp:meta_value><![CDATA[page]]></wp:meta_value>
		</wp:postmeta>
							<wp:postmeta>
		<wp:meta_key><![CDATA[_menu_item_target]]></wp:meta_key>
		<wp:meta_value><![CDATA[]]></wp:meta_value>
		</wp:postmeta>
							<wp:postmeta>
		<wp:meta_key><![CDATA[_menu_item_classes]]></wp:meta_key>
		<wp:meta_value><![CDATA[a:1:{i:0;s:0:"";}]]></wp:meta_value>
		</wp:postmeta>
							<wp:postmeta>
		<wp:meta_key><![CDATA[_menu_item_xfn]]></wp:meta_key>
		<wp:meta_value><![CDATA[]]></wp:meta_value>
		</wp:postmeta>
							<wp:postmeta>
		<wp:meta_key><![CDATA[_menu_item_url]]></wp:meta_key>
		<wp:meta_value><![CDATA[]]></wp:meta_value>
		</wp:postmeta>
							</item>
					<item>
		<title><![CDATA[]]></title>
		<link>http://localhost/sass-wp/19470/</link>
		<pubDate>Fri, 03 Sep 2021 17:28:42 +0000</pubDate>
		<dc:creator><![CDATA[webmaster]]></dc:creator>
		<guid isPermaLink="false">http://localhost/sass-wp/19470/</guid>
		<description></description>
		<content:encoded><![CDATA[ ]]></content:encoded>
		<excerpt:encoded><![CDATA[]]></excerpt:encoded>
		<wp:post_id>19470</wp:post_id>
		<wp:post_date><![CDATA[2021-09-03 17:28:42]]></wp:post_date>
		<wp:post_date_gmt><![CDATA[2021-09-03 17:28:42]]></wp:post_date_gmt>
		<wp:post_modified><![CDATA[2021-09-03 17:28:42]]></wp:post_modified>
		<wp:post_modified_gmt><![CDATA[2021-09-03 17:28:42]]></wp:post_modified_gmt>
		<wp:comment_status><![CDATA[closed]]></wp:comment_status>
		<wp:ping_status><![CDATA[closed]]></wp:ping_status>
		<wp:post_name><![CDATA[19470]]></wp:post_name>
		<wp:status><![CDATA[publish]]></wp:status>
		<wp:post_parent>19387</wp:post_parent>
		<wp:menu_order>5</wp:menu_order>
		<wp:post_type><![CDATA[nav_menu_item]]></wp:post_type>
		<wp:post_password><![CDATA[]]></wp:post_password>
		<wp:is_sticky>0</wp:is_sticky>
										<category domain="nav_menu" nicename="all-pages-flat"><![CDATA[All Pages Flat]]></category>
						<wp:postmeta>
		<wp:meta_key><![CDATA[_menu_item_type]]></wp:meta_key>
		<wp:meta_value><![CDATA[post_type]]></wp:meta_value>
		</wp:postmeta>
							<wp:postmeta>
		<wp:meta_key><![CDATA[_menu_item_menu_item_parent]]></wp:meta_key>
		<wp:meta_value><![CDATA[0]]></wp:meta_value>
		</wp:postmeta>
							<wp:postmeta>
		<wp:meta_key><![CDATA[_menu_item_object_id]]></wp:meta_key>
		<wp:meta_value><![CDATA[1133]]></wp:meta_value>
		</wp:postmeta>
							<wp:postmeta>
		<wp:meta_key><![CDATA[_menu_item_object]]></wp:meta_key>
		<wp:meta_value><![CDATA[page]]></wp:meta_value>
		</wp:postmeta>
							<wp:postmeta>
		<wp:meta_key><![CDATA[_menu_item_target]]></wp:meta_key>
		<wp:meta_value><![CDATA[]]></wp:meta_value>
		</wp:postmeta>
							<wp:postmeta>
		<wp:meta_key><![CDATA[_menu_item_classes]]></wp:meta_key>
		<wp:meta_value><![CDATA[a:1:{i:0;s:0:"";}]]></wp:meta_value>
		</wp:postmeta>
							<wp:postmeta>
		<wp:meta_key><![CDATA[_menu_item_xfn]]></wp:meta_key>
		<wp:meta_value><![CDATA[]]></wp:meta_value>
		</wp:postmeta>
							<wp:postmeta>
		<wp:meta_key><![CDATA[_menu_item_url]]></wp:meta_key>
		<wp:meta_value><![CDATA[]]></wp:meta_value>
		</wp:postmeta>
							</item>
					<item>
		<title><![CDATA[]]></title>
		<link>http://localhost/sass-wp/19471/</link>
		<pubDate>Fri, 03 Sep 2021 17:28:43 +0000</pubDate>
		<dc:creator><![CDATA[webmaster]]></dc:creator>
		<guid isPermaLink="false">http://localhost/sass-wp/19471/</guid>
		<description></description>
		<content:encoded><![CDATA[ ]]></content:encoded>
		<excerpt:encoded><![CDATA[]]></excerpt:encoded>
		<wp:post_id>19471</wp:post_id>
		<wp:post_date><![CDATA[2021-09-03 17:28:43]]></wp:post_date>
		<wp:post_date_gmt><![CDATA[2021-09-03 17:28:43]]></wp:post_date_gmt>
		<wp:post_modified><![CDATA[2021-09-03 17:28:43]]></wp:post_modified>
		<wp:post_modified_gmt><![CDATA[2021-09-03 17:28:43]]></wp:post_modified_gmt>
		<wp:comment_status><![CDATA[closed]]></wp:comment_status>
		<wp:ping_status><![CDATA[closed]]></wp:ping_status>
		<wp:post_name><![CDATA[19471]]></wp:post_name>
		<wp:status><![CDATA[publish]]></wp:status>
		<wp:post_parent>19387</wp:post_parent>
		<wp:menu_order>6</wp:menu_order>
		<wp:post_type><![CDATA[nav_menu_item]]></wp:post_type>
		<wp:post_password><![CDATA[]]></wp:post_password>
		<wp:is_sticky>0</wp:is_sticky>
										<category domain="nav_menu" nicename="all-pages-flat"><![CDATA[All Pages Flat]]></category>
						<wp:postmeta>
		<wp:meta_key><![CDATA[_menu_item_type]]></wp:meta_key>
		<wp:meta_value><![CDATA[post_type]]></wp:meta_value>
		</wp:postmeta>
							<wp:postmeta>
		<wp:meta_key><![CDATA[_menu_item_menu_item_parent]]></wp:meta_key>
		<wp:meta_value><![CDATA[0]]></wp:meta_value>
		</wp:postmeta>
							<wp:postmeta>
		<wp:meta_key><![CDATA[_menu_item_object_id]]></wp:meta_key>
		<wp:meta_value><![CDATA[1134]]></wp:meta_value>
		</wp:postmeta>
							<wp:postmeta>
		<wp:meta_key><![CDATA[_menu_item_object]]></wp:meta_key>
		<wp:meta_value><![CDATA[page]]></wp:meta_value>
		</wp:postmeta>
							<wp:postmeta>
		<wp:meta_key><![CDATA[_menu_item_target]]></wp:meta_key>
		<wp:meta_value><![CDATA[]]></wp:meta_value>
		</wp:postmeta>
							<wp:postmeta>
		<wp:meta_key><![CDATA[_menu_item_classes]]></wp:meta_key>
		<wp:meta_value><![CDATA[a:1:{i:0;s:0:"";}]]></wp:meta_value>
		</wp:postmeta>
							<wp:postmeta>
		<wp:meta_key><![CDATA[_menu_item_xfn]]></wp:meta_key>
		<wp:meta_value><![CDATA[]]></wp:meta_value>
		</wp:postmeta>
							<wp:postmeta>
		<wp:meta_key><![CDATA[_menu_item_url]]></wp:meta_key>
		<wp:meta_value><![CDATA[]]></wp:meta_value>
		</wp:postmeta>
							</item>
					<item>
		<title><![CDATA[]]></title>
		<link>http://localhost/sass-wp/19472/</link>
		<pubDate>Fri, 03 Sep 2021 17:28:44 +0000</pubDate>
		<dc:creator><![CDATA[webmaster]]></dc:creator>
		<guid isPermaLink="false">http://localhost/sass-wp/19472/</guid>
		<description></description>
		<content:encoded><![CDATA[ ]]></content:encoded>
		<excerpt:encoded><![CDATA[]]></excerpt:encoded>
		<wp:post_id>19472</wp:post_id>
		<wp:post_date><![CDATA[2021-09-03 17:28:44]]></wp:post_date>
		<wp:post_date_gmt><![CDATA[2021-09-03 17:28:44]]></wp:post_date_gmt>
		<wp:post_modified><![CDATA[2021-09-03 17:28:44]]></wp:post_modified>
		<wp:post_modified_gmt><![CDATA[2021-09-03 17:28:44]]></wp:post_modified_gmt>
		<wp:comment_status><![CDATA[closed]]></wp:comment_status>
		<wp:ping_status><![CDATA[closed]]></wp:ping_status>
		<wp:post_name><![CDATA[19472]]></wp:post_name>
		<wp:status><![CDATA[publish]]></wp:status>
		<wp:post_parent>173</wp:post_parent>
		<wp:menu_order>13</wp:menu_order>
		<wp:post_type><![CDATA[nav_menu_item]]></wp:post_type>
		<wp:post_password><![CDATA[]]></wp:post_password>
		<wp:is_sticky>0</wp:is_sticky>
										<category domain="nav_menu" nicename="all-pages-flat"><![CDATA[All Pages Flat]]></category>
						<wp:postmeta>
		<wp:meta_key><![CDATA[_menu_item_type]]></wp:meta_key>
		<wp:meta_value><![CDATA[post_type]]></wp:meta_value>
		</wp:postmeta>
							<wp:postmeta>
		<wp:meta_key><![CDATA[_menu_item_menu_item_parent]]></wp:meta_key>
		<wp:meta_value><![CDATA[0]]></wp:meta_value>
		</wp:postmeta>
							<wp:postmeta>
		<wp:meta_key><![CDATA[_menu_item_object_id]]></wp:meta_key>
		<wp:meta_value><![CDATA[746]]></wp:meta_value>
		</wp:postmeta>
							<wp:postmeta>
		<wp:meta_key><![CDATA[_menu_item_object]]></wp:meta_key>
		<wp:meta_value><![CDATA[page]]></wp:meta_value>
		</wp:postmeta>
							<wp:postmeta>
		<wp:meta_key><![CDATA[_menu_item_target]]></wp:meta_key>
		<wp:meta_value><![CDATA[]]></wp:meta_value>
		</wp:postmeta>
							<wp:postmeta>
		<wp:meta_key><![CDATA[_menu_item_classes]]></wp:meta_key>
		<wp:meta_value><![CDATA[a:1:{i:0;s:0:"";}]]></wp:meta_value>
		</wp:postmeta>
							<wp:postmeta>
		<wp:meta_key><![CDATA[_menu_item_xfn]]></wp:meta_key>
		<wp:meta_value><![CDATA[]]></wp:meta_value>
		</wp:postmeta>
							<wp:postmeta>
		<wp:meta_key><![CDATA[_menu_item_url]]></wp:meta_key>
		<wp:meta_value><![CDATA[]]></wp:meta_value>
		</wp:postmeta>
							</item>
					<item>
		<title><![CDATA[]]></title>
		<link>http://localhost/sass-wp/19446/</link>
		<pubDate>Fri, 03 Sep 2021 17:27:37 +0000</pubDate>
		<dc:creator><![CDATA[webmaster]]></dc:creator>
		<guid isPermaLink="false">http://localhost/sass-wp/</guid>
		<description></description>
		<content:encoded><![CDATA[ ]]></content:encoded>
		<excerpt:encoded><![CDATA[]]></excerpt:encoded>
		<wp:post_id>19446</wp:post_id>
		<wp:post_date><![CDATA[2021-09-03 18:31:23]]></wp:post_date>
		<wp:post_date_gmt><![CDATA[2021-09-03 17:27:37]]></wp:post_date_gmt>
		<wp:post_modified><![CDATA[2021-09-03 18:31:23]]></wp:post_modified>
		<wp:post_modified_gmt><![CDATA[2021-09-03 18:31:23]]></wp:post_modified_gmt>
		<wp:comment_status><![CDATA[closed]]></wp:comment_status>
		<wp:ping_status><![CDATA[closed]]></wp:ping_status>
		<wp:post_name><![CDATA[19446]]></wp:post_name>
		<wp:status><![CDATA[publish]]></wp:status>
		<wp:post_parent>0</wp:post_parent>
		<wp:menu_order>1</wp:menu_order>
		<wp:post_type><![CDATA[nav_menu_item]]></wp:post_type>
		<wp:post_password><![CDATA[]]></wp:post_password>
		<wp:is_sticky>0</wp:is_sticky>
										<category domain="nav_menu" nicename="all-pages"><![CDATA[All Pages]]></category>
						<wp:postmeta>
		<wp:meta_key><![CDATA[_menu_item_type]]></wp:meta_key>
		<wp:meta_value><![CDATA[post_type]]></wp:meta_value>
		</wp:postmeta>
							<wp:postmeta>
		<wp:meta_key><![CDATA[_menu_item_menu_item_parent]]></wp:meta_key>
		<wp:meta_value><![CDATA[0]]></wp:meta_value>
		</wp:postmeta>
							<wp:postmeta>
		<wp:meta_key><![CDATA[_menu_item_object_id]]></wp:meta_key>
		<wp:meta_value><![CDATA[19393]]></wp:meta_value>
		</wp:postmeta>
							<wp:postmeta>
		<wp:meta_key><![CDATA[_menu_item_object]]></wp:meta_key>
		<wp:meta_value><![CDATA[page]]></wp:meta_value>
		</wp:postmeta>
							<wp:postmeta>
		<wp:meta_key><![CDATA[_menu_item_target]]></wp:meta_key>
		<wp:meta_value><![CDATA[]]></wp:meta_value>
		</wp:postmeta>
							<wp:postmeta>
		<wp:meta_key><![CDATA[_menu_item_classes]]></wp:meta_key>
		<wp:meta_value><![CDATA[a:1:{i:0;s:0:"";}]]></wp:meta_value>
		</wp:postmeta>
							<wp:postmeta>
		<wp:meta_key><![CDATA[_menu_item_xfn]]></wp:meta_key>
		<wp:meta_value><![CDATA[]]></wp:meta_value>
		</wp:postmeta>
							<wp:postmeta>
		<wp:meta_key><![CDATA[_menu_item_url]]></wp:meta_key>
		<wp:meta_value><![CDATA[]]></wp:meta_value>
		</wp:postmeta>
							</item>
					<item>
		<title><![CDATA[]]></title>
		<link>http://localhost/sass-wp/19447/</link>
		<pubDate>Fri, 03 Sep 2021 17:27:38 +0000</pubDate>
		<dc:creator><![CDATA[webmaster]]></dc:creator>
		<guid isPermaLink="false">http://localhost/sass-wp/</guid>
		<description></description>
		<content:encoded><![CDATA[ ]]></content:encoded>
		<excerpt:encoded><![CDATA[]]></excerpt:encoded>
		<wp:post_id>19447</wp:post_id>
		<wp:post_date><![CDATA[2021-09-03 18:31:23]]></wp:post_date>
		<wp:post_date_gmt><![CDATA[2021-09-03 17:27:38]]></wp:post_date_gmt>
		<wp:post_modified><![CDATA[2021-09-03 18:31:23]]></wp:post_modified>
		<wp:post_modified_gmt><![CDATA[2021-09-03 18:31:23]]></wp:post_modified_gmt>
		<wp:comment_status><![CDATA[closed]]></wp:comment_status>
		<wp:ping_status><![CDATA[closed]]></wp:ping_status>
		<wp:post_name><![CDATA[19447]]></wp:post_name>
		<wp:status><![CDATA[publish]]></wp:status>
		<wp:post_parent>0</wp:post_parent>
		<wp:menu_order>2</wp:menu_order>
		<wp:post_type><![CDATA[nav_menu_item]]></wp:post_type>
		<wp:post_password><![CDATA[]]></wp:post_password>
		<wp:is_sticky>0</wp:is_sticky>
										<category domain="nav_menu" nicename="all-pages"><![CDATA[All Pages]]></category>
						<wp:postmeta>
		<wp:meta_key><![CDATA[_menu_item_type]]></wp:meta_key>
		<wp:meta_value><![CDATA[post_type]]></wp:meta_value>
		</wp:postmeta>
							<wp:postmeta>
		<wp:meta_key><![CDATA[_menu_item_menu_item_parent]]></wp:meta_key>
		<wp:meta_value><![CDATA[0]]></wp:meta_value>
		</wp:postmeta>
							<wp:postmeta>
		<wp:meta_key><![CDATA[_menu_item_object_id]]></wp:meta_key>
		<wp:meta_value><![CDATA[19392]]></wp:meta_value>
		</wp:postmeta>
							<wp:postmeta>
		<wp:meta_key><![CDATA[_menu_item_object]]></wp:meta_key>
		<wp:meta_value><![CDATA[page]]></wp:meta_value>
		</wp:postmeta>
							<wp:postmeta>
		<wp:meta_key><![CDATA[_menu_item_target]]></wp:meta_key>
		<wp:meta_value><![CDATA[]]></wp:meta_value>
		</wp:postmeta>
							<wp:postmeta>
		<wp:meta_key><![CDATA[_menu_item_classes]]></wp:meta_key>
		<wp:meta_value><![CDATA[a:1:{i:0;s:0:"";}]]></wp:meta_value>
		</wp:postmeta>
							<wp:postmeta>
		<wp:meta_key><![CDATA[_menu_item_xfn]]></wp:meta_key>
		<wp:meta_value><![CDATA[]]></wp:meta_value>
		</wp:postmeta>
							<wp:postmeta>
		<wp:meta_key><![CDATA[_menu_item_url]]></wp:meta_key>
		<wp:meta_value><![CDATA[]]></wp:meta_value>
		</wp:postmeta>
							</item>
					<item>
		<title><![CDATA[]]></title>
		<link>http://localhost/sass-wp/19448/</link>
		<pubDate>Fri, 03 Sep 2021 17:27:39 +0000</pubDate>
		<dc:creator><![CDATA[webmaster]]></dc:creator>
		<guid isPermaLink="false">http://localhost/sass-wp/</guid>
		<description></description>
		<content:encoded><![CDATA[ ]]></content:encoded>
		<excerpt:encoded><![CDATA[]]></excerpt:encoded>
		<wp:post_id>19448</wp:post_id>
		<wp:post_date><![CDATA[2021-09-03 18:31:23]]></wp:post_date>
		<wp:post_date_gmt><![CDATA[2021-09-03 17:27:39]]></wp:post_date_gmt>
		<wp:post_modified><![CDATA[2021-09-03 18:31:23]]></wp:post_modified>
		<wp:post_modified_gmt><![CDATA[2021-09-03 18:31:23]]></wp:post_modified_gmt>
		<wp:comment_status><![CDATA[closed]]></wp:comment_status>
		<wp:ping_status><![CDATA[closed]]></wp:ping_status>
		<wp:post_name><![CDATA[19448]]></wp:post_name>
		<wp:status><![CDATA[publish]]></wp:status>
		<wp:post_parent>0</wp:post_parent>
		<wp:menu_order>3</wp:menu_order>
		<wp:post_type><![CDATA[nav_menu_item]]></wp:post_type>
		<wp:post_password><![CDATA[]]></wp:post_password>
		<wp:is_sticky>0</wp:is_sticky>
										<category domain="nav_menu" nicename="all-pages"><![CDATA[All Pages]]></category>
						<wp:postmeta>
		<wp:meta_key><![CDATA[_menu_item_type]]></wp:meta_key>
		<wp:meta_value><![CDATA[post_type]]></wp:meta_value>
		</wp:postmeta>
							<wp:postmeta>
		<wp:meta_key><![CDATA[_menu_item_menu_item_parent]]></wp:meta_key>
		<wp:meta_value><![CDATA[0]]></wp:meta_value>
		</wp:postmeta>
							<wp:postmeta>
		<wp:meta_key><![CDATA[_menu_item_object_id]]></wp:meta_key>
		<wp:meta_value><![CDATA[19387]]></wp:meta_value>
		</wp:postmeta>
							<wp:postmeta>
		<wp:meta_key><![CDATA[_menu_item_object]]></wp:meta_key>
		<wp:meta_value><![CDATA[page]]></wp:meta_value>
		</wp:postmeta>
							<wp:postmeta>
		<wp:meta_key><![CDATA[_menu_item_target]]></wp:meta_key>
		<wp:meta_value><![CDATA[]]></wp:meta_value>
		</wp:postmeta>
							<wp:postmeta>
		<wp:meta_key><![CDATA[_menu_item_classes]]></wp:meta_key>
		<wp:meta_value><![CDATA[a:1:{i:0;s:0:"";}]]></wp:meta_value>
		</wp:postmeta>
							<wp:postmeta>
		<wp:meta_key><![CDATA[_menu_item_xfn]]></wp:meta_key>
		<wp:meta_value><![CDATA[]]></wp:meta_value>
		</wp:postmeta>
							<wp:postmeta>
		<wp:meta_key><![CDATA[_menu_item_url]]></wp:meta_key>
		<wp:meta_value><![CDATA[]]></wp:meta_value>
		</wp:postmeta>
							</item>
					<item>
		<title><![CDATA[]]></title>
		<link>http://localhost/sass-wp/19449/</link>
		<pubDate>Fri, 03 Sep 2021 17:27:39 +0000</pubDate>
		<dc:creator><![CDATA[webmaster]]></dc:creator>
		<guid isPermaLink="false">http://localhost/sass-wp/</guid>
		<description></description>
		<content:encoded><![CDATA[ ]]></content:encoded>
		<excerpt:encoded><![CDATA[]]></excerpt:encoded>
		<wp:post_id>19449</wp:post_id>
		<wp:post_date><![CDATA[2021-09-03 18:31:23]]></wp:post_date>
		<wp:post_date_gmt><![CDATA[2021-09-03 17:27:39]]></wp:post_date_gmt>
		<wp:post_modified><![CDATA[2021-09-03 18:31:23]]></wp:post_modified>
		<wp:post_modified_gmt><![CDATA[2021-09-03 18:31:23]]></wp:post_modified_gmt>
		<wp:comment_status><![CDATA[closed]]></wp:comment_status>
		<wp:ping_status><![CDATA[closed]]></wp:ping_status>
		<wp:post_name><![CDATA[19449]]></wp:post_name>
		<wp:status><![CDATA[publish]]></wp:status>
		<wp:post_parent>19387</wp:post_parent>
		<wp:menu_order>6</wp:menu_order>
		<wp:post_type><![CDATA[nav_menu_item]]></wp:post_type>
		<wp:post_password><![CDATA[]]></wp:post_password>
		<wp:is_sticky>0</wp:is_sticky>
										<category domain="nav_menu" nicename="all-pages"><![CDATA[All Pages]]></category>
						<wp:postmeta>
		<wp:meta_key><![CDATA[_menu_item_type]]></wp:meta_key>
		<wp:meta_value><![CDATA[post_type]]></wp:meta_value>
		</wp:postmeta>
							<wp:postmeta>
		<wp:meta_key><![CDATA[_menu_item_menu_item_parent]]></wp:meta_key>
		<wp:meta_value><![CDATA[19448]]></wp:meta_value>
		</wp:postmeta>
							<wp:postmeta>
		<wp:meta_key><![CDATA[_menu_item_object_id]]></wp:meta_key>
		<wp:meta_value><![CDATA[19388]]></wp:meta_value>
		</wp:postmeta>
							<wp:postmeta>
		<wp:meta_key><![CDATA[_menu_item_object]]></wp:meta_key>
		<wp:meta_value><![CDATA[page]]></wp:meta_value>
		</wp:postmeta>
							<wp:postmeta>
		<wp:meta_key><![CDATA[_menu_item_target]]></wp:meta_key>
		<wp:meta_value><![CDATA[]]></wp:meta_value>
		</wp:postmeta>
							<wp:postmeta>
		<wp:meta_key><![CDATA[_menu_item_classes]]></wp:meta_key>
		<wp:meta_value><![CDATA[a:1:{i:0;s:0:"";}]]></wp:meta_value>
		</wp:postmeta>
							<wp:postmeta>
		<wp:meta_key><![CDATA[_menu_item_xfn]]></wp:meta_key>
		<wp:meta_value><![CDATA[]]></wp:meta_value>
		</wp:postmeta>
							<wp:postmeta>
		<wp:meta_key><![CDATA[_menu_item_url]]></wp:meta_key>
		<wp:meta_value><![CDATA[]]></wp:meta_value>
		</wp:postmeta>
							</item>
					<item>
		<title><![CDATA[]]></title>
		<link>http://localhost/sass-wp/19450/</link>
		<pubDate>Fri, 03 Sep 2021 17:27:40 +0000</pubDate>
		<dc:creator><![CDATA[webmaster]]></dc:creator>
		<guid isPermaLink="false">http://localhost/sass-wp/</guid>
		<description></description>
		<content:encoded><![CDATA[ ]]></content:encoded>
		<excerpt:encoded><![CDATA[]]></excerpt:encoded>
		<wp:post_id>19450</wp:post_id>
		<wp:post_date><![CDATA[2021-09-03 18:31:23]]></wp:post_date>
		<wp:post_date_gmt><![CDATA[2021-09-03 17:27:40]]></wp:post_date_gmt>
		<wp:post_modified><![CDATA[2021-09-03 18:31:23]]></wp:post_modified>
		<wp:post_modified_gmt><![CDATA[2021-09-03 18:31:23]]></wp:post_modified_gmt>
		<wp:comment_status><![CDATA[closed]]></wp:comment_status>
		<wp:ping_status><![CDATA[closed]]></wp:ping_status>
		<wp:post_name><![CDATA[19450]]></wp:post_name>
		<wp:status><![CDATA[publish]]></wp:status>
		<wp:post_parent>19387</wp:post_parent>
		<wp:menu_order>7</wp:menu_order>
		<wp:post_type><![CDATA[nav_menu_item]]></wp:post_type>
		<wp:post_password><![CDATA[]]></wp:post_password>
		<wp:is_sticky>0</wp:is_sticky>
										<category domain="nav_menu" nicename="all-pages"><![CDATA[All Pages]]></category>
						<wp:postmeta>
		<wp:meta_key><![CDATA[_menu_item_type]]></wp:meta_key>
		<wp:meta_value><![CDATA[post_type]]></wp:meta_value>
		</wp:postmeta>
							<wp:postmeta>
		<wp:meta_key><![CDATA[_menu_item_menu_item_parent]]></wp:meta_key>
		<wp:meta_value><![CDATA[19448]]></wp:meta_value>
		</wp:postmeta>
							<wp:postmeta>
		<wp:meta_key><![CDATA[_menu_item_object_id]]></wp:meta_key>
		<wp:meta_value><![CDATA[155]]></wp:meta_value>
		</wp:postmeta>
							<wp:postmeta>
		<wp:meta_key><![CDATA[_menu_item_object]]></wp:meta_key>
		<wp:meta_value><![CDATA[page]]></wp:meta_value>
		</wp:postmeta>
							<wp:postmeta>
		<wp:meta_key><![CDATA[_menu_item_target]]></wp:meta_key>
		<wp:meta_value><![CDATA[]]></wp:meta_value>
		</wp:postmeta>
							<wp:postmeta>
		<wp:meta_key><![CDATA[_menu_item_classes]]></wp:meta_key>
		<wp:meta_value><![CDATA[a:1:{i:0;s:0:"";}]]></wp:meta_value>
		</wp:postmeta>
							<wp:postmeta>
		<wp:meta_key><![CDATA[_menu_item_xfn]]></wp:meta_key>
		<wp:meta_value><![CDATA[]]></wp:meta_value>
		</wp:postmeta>
							<wp:postmeta>
		<wp:meta_key><![CDATA[_menu_item_url]]></wp:meta_key>
		<wp:meta_value><![CDATA[]]></wp:meta_value>
		</wp:postmeta>
							</item>
					<item>
		<title><![CDATA[]]></title>
		<link>http://localhost/sass-wp/19451/</link>
		<pubDate>Fri, 03 Sep 2021 17:27:40 +0000</pubDate>
		<dc:creator><![CDATA[webmaster]]></dc:creator>
		<guid isPermaLink="false">http://localhost/sass-wp/</guid>
		<description></description>
		<content:encoded><![CDATA[ ]]></content:encoded>
		<excerpt:encoded><![CDATA[]]></excerpt:encoded>
		<wp:post_id>19451</wp:post_id>
		<wp:post_date><![CDATA[2021-09-03 18:31:23]]></wp:post_date>
		<wp:post_date_gmt><![CDATA[2021-09-03 17:27:40]]></wp:post_date_gmt>
		<wp:post_modified><![CDATA[2021-09-03 18:31:23]]></wp:post_modified>
		<wp:post_modified_gmt><![CDATA[2021-09-03 18:31:23]]></wp:post_modified_gmt>
		<wp:comment_status><![CDATA[closed]]></wp:comment_status>
		<wp:ping_status><![CDATA[closed]]></wp:ping_status>
		<wp:post_name><![CDATA[19451]]></wp:post_name>
		<wp:status><![CDATA[publish]]></wp:status>
		<wp:post_parent>19387</wp:post_parent>
		<wp:menu_order>8</wp:menu_order>
		<wp:post_type><![CDATA[nav_menu_item]]></wp:post_type>
		<wp:post_password><![CDATA[]]></wp:post_password>
		<wp:is_sticky>0</wp:is_sticky>
										<category domain="nav_menu" nicename="all-pages"><![CDATA[All Pages]]></category>
						<wp:postmeta>
		<wp:meta_key><![CDATA[_menu_item_type]]></wp:meta_key>
		<wp:meta_value><![CDATA[post_type]]></wp:meta_value>
		</wp:postmeta>
							<wp:postmeta>
		<wp:meta_key><![CDATA[_menu_item_menu_item_parent]]></wp:meta_key>
		<wp:meta_value><![CDATA[19448]]></wp:meta_value>
		</wp:postmeta>
							<wp:postmeta>
		<wp:meta_key><![CDATA[_menu_item_object_id]]></wp:meta_key>
		<wp:meta_value><![CDATA[156]]></wp:meta_value>
		</wp:postmeta>
							<wp:postmeta>
		<wp:meta_key><![CDATA[_menu_item_object]]></wp:meta_key>
		<wp:meta_value><![CDATA[page]]></wp:meta_value>
		</wp:postmeta>
							<wp:postmeta>
		<wp:meta_key><![CDATA[_menu_item_target]]></wp:meta_key>
		<wp:meta_value><![CDATA[]]></wp:meta_value>
		</wp:postmeta>
							<wp:postmeta>
		<wp:meta_key><![CDATA[_menu_item_classes]]></wp:meta_key>
		<wp:meta_value><![CDATA[a:1:{i:0;s:0:"";}]]></wp:meta_value>
		</wp:postmeta>
							<wp:postmeta>
		<wp:meta_key><![CDATA[_menu_item_xfn]]></wp:meta_key>
		<wp:meta_value><![CDATA[]]></wp:meta_value>
		</wp:postmeta>
							<wp:postmeta>
		<wp:meta_key><![CDATA[_menu_item_url]]></wp:meta_key>
		<wp:meta_value><![CDATA[]]></wp:meta_value>
		</wp:postmeta>
							</item>
					<item>
		<title><![CDATA[]]></title>
		<link>http://localhost/sass-wp/19452/</link>
		<pubDate>Fri, 03 Sep 2021 17:27:41 +0000</pubDate>
		<dc:creator><![CDATA[webmaster]]></dc:creator>
		<guid isPermaLink="false">http://localhost/sass-wp/</guid>
		<description></description>
		<content:encoded><![CDATA[ ]]></content:encoded>
		<excerpt:encoded><![CDATA[]]></excerpt:encoded>
		<wp:post_id>19452</wp:post_id>
		<wp:post_date><![CDATA[2021-09-03 18:31:23]]></wp:post_date>
		<wp:post_date_gmt><![CDATA[2021-09-03 17:27:41]]></wp:post_date_gmt>
		<wp:post_modified><![CDATA[2021-09-03 18:31:23]]></wp:post_modified>
		<wp:post_modified_gmt><![CDATA[2021-09-03 18:31:23]]></wp:post_modified_gmt>
		<wp:comment_status><![CDATA[closed]]></wp:comment_status>
		<wp:ping_status><![CDATA[closed]]></wp:ping_status>
		<wp:post_name><![CDATA[19452]]></wp:post_name>
		<wp:status><![CDATA[publish]]></wp:status>
		<wp:post_parent>0</wp:post_parent>
		<wp:menu_order>9</wp:menu_order>
		<wp:post_type><![CDATA[nav_menu_item]]></wp:post_type>
		<wp:post_password><![CDATA[]]></wp:post_password>
		<wp:is_sticky>0</wp:is_sticky>
										<category domain="nav_menu" nicename="all-pages"><![CDATA[All Pages]]></category>
						<wp:postmeta>
		<wp:meta_key><![CDATA[_menu_item_type]]></wp:meta_key>
		<wp:meta_value><![CDATA[post_type]]></wp:meta_value>
		</wp:postmeta>
							<wp:postmeta>
		<wp:meta_key><![CDATA[_menu_item_menu_item_parent]]></wp:meta_key>
		<wp:meta_value><![CDATA[0]]></wp:meta_value>
		</wp:postmeta>
							<wp:postmeta>
		<wp:meta_key><![CDATA[_menu_item_object_id]]></wp:meta_key>
		<wp:meta_value><![CDATA[174]]></wp:meta_value>
		</wp:postmeta>
							<wp:postmeta>
		<wp:meta_key><![CDATA[_menu_item_object]]></wp:meta_key>
		<wp:meta_value><![CDATA[page]]></wp:meta_value>
		</wp:postmeta>
							<wp:postmeta>
		<wp:meta_key><![CDATA[_menu_item_target]]></wp:meta_key>
		<wp:meta_value><![CDATA[]]></wp:meta_value>
		</wp:postmeta>
							<wp:postmeta>
		<wp:meta_key><![CDATA[_menu_item_classes]]></wp:meta_key>
		<wp:meta_value><![CDATA[a:1:{i:0;s:0:"";}]]></wp:meta_value>
		</wp:postmeta>
							<wp:postmeta>
		<wp:meta_key><![CDATA[_menu_item_xfn]]></wp:meta_key>
		<wp:meta_value><![CDATA[]]></wp:meta_value>
		</wp:postmeta>
							<wp:postmeta>
		<wp:meta_key><![CDATA[_menu_item_url]]></wp:meta_key>
		<wp:meta_value><![CDATA[]]></wp:meta_value>
		</wp:postmeta>
							</item>
					<item>
		<title><![CDATA[]]></title>
		<link>http://localhost/sass-wp/19453/</link>
		<pubDate>Fri, 03 Sep 2021 17:27:41 +0000</pubDate>
		<dc:creator><![CDATA[webmaster]]></dc:creator>
		<guid isPermaLink="false">http://localhost/sass-wp/</guid>
		<description></description>
		<content:encoded><![CDATA[ ]]></content:encoded>
		<excerpt:encoded><![CDATA[]]></excerpt:encoded>
		<wp:post_id>19453</wp:post_id>
		<wp:post_date><![CDATA[2021-09-03 18:31:23]]></wp:post_date>
		<wp:post_date_gmt><![CDATA[2021-09-03 17:27:41]]></wp:post_date_gmt>
		<wp:post_modified><![CDATA[2021-09-03 18:31:23]]></wp:post_modified>
		<wp:post_modified_gmt><![CDATA[2021-09-03 18:31:23]]></wp:post_modified_gmt>
		<wp:comment_status><![CDATA[closed]]></wp:comment_status>
		<wp:ping_status><![CDATA[closed]]></wp:ping_status>
		<wp:post_name><![CDATA[19453]]></wp:post_name>
		<wp:status><![CDATA[publish]]></wp:status>
		<wp:post_parent>174</wp:post_parent>
		<wp:menu_order>10</wp:menu_order>
		<wp:post_type><![CDATA[nav_menu_item]]></wp:post_type>
		<wp:post_password><![CDATA[]]></wp:post_password>
		<wp:is_sticky>0</wp:is_sticky>
										<category domain="nav_menu" nicename="all-pages"><![CDATA[All Pages]]></category>
						<wp:postmeta>
		<wp:meta_key><![CDATA[_menu_item_type]]></wp:meta_key>
		<wp:meta_value><![CDATA[post_type]]></wp:meta_value>
		</wp:postmeta>
							<wp:postmeta>
		<wp:meta_key><![CDATA[_menu_item_menu_item_parent]]></wp:meta_key>
		<wp:meta_value><![CDATA[19452]]></wp:meta_value>
		</wp:postmeta>
							<wp:postmeta>
		<wp:meta_key><![CDATA[_menu_item_object_id]]></wp:meta_key>
		<wp:meta_value><![CDATA[173]]></wp:meta_value>
		</wp:postmeta>
							<wp:postmeta>
		<wp:meta_key><![CDATA[_menu_item_object]]></wp:meta_key>
		<wp:meta_value><![CDATA[page]]></wp:meta_value>
		</wp:postmeta>
							<wp:postmeta>
		<wp:meta_key><![CDATA[_menu_item_target]]></wp:meta_key>
		<wp:meta_value><![CDATA[]]></wp:meta_value>
		</wp:postmeta>
							<wp:postmeta>
		<wp:meta_key><![CDATA[_menu_item_classes]]></wp:meta_key>
		<wp:meta_value><![CDATA[a:1:{i:0;s:0:"";}]]></wp:meta_value>
		</wp:postmeta>
							<wp:postmeta>
		<wp:meta_key><![CDATA[_menu_item_xfn]]></wp:meta_key>
		<wp:meta_value><![CDATA[]]></wp:meta_value>
		</wp:postmeta>
							<wp:postmeta>
		<wp:meta_key><![CDATA[_menu_item_url]]></wp:meta_key>
		<wp:meta_value><![CDATA[]]></wp:meta_value>
		</wp:postmeta>
							</item>
					<item>
		<title><![CDATA[]]></title>
		<link>http://localhost/sass-wp/19454/</link>
		<pubDate>Fri, 03 Sep 2021 17:27:42 +0000</pubDate>
		<dc:creator><![CDATA[webmaster]]></dc:creator>
		<guid isPermaLink="false">http://localhost/sass-wp/</guid>
		<description></description>
		<content:encoded><![CDATA[ ]]></content:encoded>
		<excerpt:encoded><![CDATA[]]></excerpt:encoded>
		<wp:post_id>19454</wp:post_id>
		<wp:post_date><![CDATA[2021-09-03 18:31:24]]></wp:post_date>
		<wp:post_date_gmt><![CDATA[2021-09-03 17:27:42]]></wp:post_date_gmt>
		<wp:post_modified><![CDATA[2021-09-03 18:31:24]]></wp:post_modified>
		<wp:post_modified_gmt><![CDATA[2021-09-03 18:31:24]]></wp:post_modified_gmt>
		<wp:comment_status><![CDATA[closed]]></wp:comment_status>
		<wp:ping_status><![CDATA[closed]]></wp:ping_status>
		<wp:post_name><![CDATA[19454]]></wp:post_name>
		<wp:status><![CDATA[publish]]></wp:status>
		<wp:post_parent>173</wp:post_parent>
		<wp:menu_order>11</wp:menu_order>
		<wp:post_type><![CDATA[nav_menu_item]]></wp:post_type>
		<wp:post_password><![CDATA[]]></wp:post_password>
		<wp:is_sticky>0</wp:is_sticky>
										<category domain="nav_menu" nicename="all-pages"><![CDATA[All Pages]]></category>
						<wp:postmeta>
		<wp:meta_key><![CDATA[_menu_item_type]]></wp:meta_key>
		<wp:meta_value><![CDATA[post_type]]></wp:meta_value>
		</wp:postmeta>
							<wp:postmeta>
		<wp:meta_key><![CDATA[_menu_item_menu_item_parent]]></wp:meta_key>
		<wp:meta_value><![CDATA[19453]]></wp:meta_value>
		</wp:postmeta>
							<wp:postmeta>
		<wp:meta_key><![CDATA[_menu_item_object_id]]></wp:meta_key>
		<wp:meta_value><![CDATA[172]]></wp:meta_value>
		</wp:postmeta>
							<wp:postmeta>
		<wp:meta_key><![CDATA[_menu_item_object]]></wp:meta_key>
		<wp:meta_value><![CDATA[page]]></wp:meta_value>
		</wp:postmeta>
							<wp:postmeta>
		<wp:meta_key><![CDATA[_menu_item_target]]></wp:meta_key>
		<wp:meta_value><![CDATA[]]></wp:meta_value>
		</wp:postmeta>
							<wp:postmeta>
		<wp:meta_key><![CDATA[_menu_item_classes]]></wp:meta_key>
		<wp:meta_value><![CDATA[a:1:{i:0;s:0:"";}]]></wp:meta_value>
		</wp:postmeta>
							<wp:postmeta>
		<wp:meta_key><![CDATA[_menu_item_xfn]]></wp:meta_key>
		<wp:meta_value><![CDATA[]]></wp:meta_value>
		</wp:postmeta>
							<wp:postmeta>
		<wp:meta_key><![CDATA[_menu_item_url]]></wp:meta_key>
		<wp:meta_value><![CDATA[]]></wp:meta_value>
		</wp:postmeta>
							</item>
					<item>
		<title><![CDATA[]]></title>
		<link>http://localhost/sass-wp/19455/</link>
		<pubDate>Fri, 03 Sep 2021 17:27:43 +0000</pubDate>
		<dc:creator><![CDATA[webmaster]]></dc:creator>
		<guid isPermaLink="false">http://localhost/sass-wp/</guid>
		<description></description>
		<content:encoded><![CDATA[ ]]></content:encoded>
		<excerpt:encoded><![CDATA[]]></excerpt:encoded>
		<wp:post_id>19455</wp:post_id>
		<wp:post_date><![CDATA[2021-09-03 18:31:24]]></wp:post_date>
		<wp:post_date_gmt><![CDATA[2021-09-03 17:27:43]]></wp:post_date_gmt>
		<wp:post_modified><![CDATA[2021-09-03 18:31:24]]></wp:post_modified>
		<wp:post_modified_gmt><![CDATA[2021-09-03 18:31:24]]></wp:post_modified_gmt>
		<wp:comment_status><![CDATA[closed]]></wp:comment_status>
		<wp:ping_status><![CDATA[closed]]></wp:ping_status>
		<wp:post_name><![CDATA[19455]]></wp:post_name>
		<wp:status><![CDATA[publish]]></wp:status>
		<wp:post_parent>0</wp:post_parent>
		<wp:menu_order>16</wp:menu_order>
		<wp:post_type><![CDATA[nav_menu_item]]></wp:post_type>
		<wp:post_password><![CDATA[]]></wp:post_password>
		<wp:is_sticky>0</wp:is_sticky>
										<category domain="nav_menu" nicename="all-pages"><![CDATA[All Pages]]></category>
						<wp:postmeta>
		<wp:meta_key><![CDATA[_menu_item_type]]></wp:meta_key>
		<wp:meta_value><![CDATA[post_type]]></wp:meta_value>
		</wp:postmeta>
							<wp:postmeta>
		<wp:meta_key><![CDATA[_menu_item_menu_item_parent]]></wp:meta_key>
		<wp:meta_value><![CDATA[0]]></wp:meta_value>
		</wp:postmeta>
							<wp:postmeta>
		<wp:meta_key><![CDATA[_menu_item_object_id]]></wp:meta_key>
		<wp:meta_value><![CDATA[146]]></wp:meta_value>
		</wp:postmeta>
							<wp:postmeta>
		<wp:meta_key><![CDATA[_menu_item_object]]></wp:meta_key>
		<wp:meta_value><![CDATA[page]]></wp:meta_value>
		</wp:postmeta>
							<wp:postmeta>
		<wp:meta_key><![CDATA[_menu_item_target]]></wp:meta_key>
		<wp:meta_value><![CDATA[]]></wp:meta_value>
		</wp:postmeta>
							<wp:postmeta>
		<wp:meta_key><![CDATA[_menu_item_classes]]></wp:meta_key>
		<wp:meta_value><![CDATA[a:1:{i:0;s:0:"";}]]></wp:meta_value>
		</wp:postmeta>
							<wp:postmeta>
		<wp:meta_key><![CDATA[_menu_item_xfn]]></wp:meta_key>
		<wp:meta_value><![CDATA[]]></wp:meta_value>
		</wp:postmeta>
							<wp:postmeta>
		<wp:meta_key><![CDATA[_menu_item_url]]></wp:meta_key>
		<wp:meta_value><![CDATA[]]></wp:meta_value>
		</wp:postmeta>
							</item>
					<item>
		<title><![CDATA[]]></title>
		<link>http://localhost/sass-wp/19473/</link>
		<pubDate>Fri, 03 Sep 2021 17:28:45 +0000</pubDate>
		<dc:creator><![CDATA[webmaster]]></dc:creator>
		<guid isPermaLink="false">http://localhost/sass-wp/19473/</guid>
		<description></description>
		<content:encoded><![CDATA[ ]]></content:encoded>
		<excerpt:encoded><![CDATA[]]></excerpt:encoded>
		<wp:post_id>19473</wp:post_id>
		<wp:post_date><![CDATA[2021-09-03 17:28:45]]></wp:post_date>
		<wp:post_date_gmt><![CDATA[2021-09-03 17:28:45]]></wp:post_date_gmt>
		<wp:post_modified><![CDATA[2021-09-03 17:28:45]]></wp:post_modified>
		<wp:post_modified_gmt><![CDATA[2021-09-03 17:28:45]]></wp:post_modified_gmt>
		<wp:comment_status><![CDATA[closed]]></wp:comment_status>
		<wp:ping_status><![CDATA[closed]]></wp:ping_status>
		<wp:post_name><![CDATA[19473]]></wp:post_name>
		<wp:status><![CDATA[publish]]></wp:status>
		<wp:post_parent>173</wp:post_parent>
		<wp:menu_order>14</wp:menu_order>
		<wp:post_type><![CDATA[nav_menu_item]]></wp:post_type>
		<wp:post_password><![CDATA[]]></wp:post_password>
		<wp:is_sticky>0</wp:is_sticky>
										<category domain="nav_menu" nicename="all-pages-flat"><![CDATA[All Pages Flat]]></category>
						<wp:postmeta>
		<wp:meta_key><![CDATA[_menu_item_type]]></wp:meta_key>
		<wp:meta_value><![CDATA[post_type]]></wp:meta_value>
		</wp:postmeta>
							<wp:postmeta>
		<wp:meta_key><![CDATA[_menu_item_menu_item_parent]]></wp:meta_key>
		<wp:meta_value><![CDATA[0]]></wp:meta_value>
		</wp:postmeta>
							<wp:postmeta>
		<wp:meta_key><![CDATA[_menu_item_object_id]]></wp:meta_key>
		<wp:meta_value><![CDATA[748]]></wp:meta_value>
		</wp:postmeta>
							<wp:postmeta>
		<wp:meta_key><![CDATA[_menu_item_object]]></wp:meta_key>
		<wp:meta_value><![CDATA[page]]></wp:meta_value>
		</wp:postmeta>
							<wp:postmeta>
		<wp:meta_key><![CDATA[_menu_item_target]]></wp:meta_key>
		<wp:meta_value><![CDATA[]]></wp:meta_value>
		</wp:postmeta>
							<wp:postmeta>
		<wp:meta_key><![CDATA[_menu_item_classes]]></wp:meta_key>
		<wp:meta_value><![CDATA[a:1:{i:0;s:0:"";}]]></wp:meta_value>
		</wp:postmeta>
							<wp:postmeta>
		<wp:meta_key><![CDATA[_menu_item_xfn]]></wp:meta_key>
		<wp:meta_value><![CDATA[]]></wp:meta_value>
		</wp:postmeta>
							<wp:postmeta>
		<wp:meta_key><![CDATA[_menu_item_url]]></wp:meta_key>
		<wp:meta_value><![CDATA[]]></wp:meta_value>
		</wp:postmeta>
							</item>
					<item>
		<title><![CDATA[]]></title>
		<link>http://localhost/sass-wp/19474/</link>
		<pubDate>Fri, 03 Sep 2021 17:28:45 +0000</pubDate>
		<dc:creator><![CDATA[webmaster]]></dc:creator>
		<guid isPermaLink="false">http://localhost/sass-wp/19474/</guid>
		<description></description>
		<content:encoded><![CDATA[ ]]></content:encoded>
		<excerpt:encoded><![CDATA[]]></excerpt:encoded>
		<wp:post_id>19474</wp:post_id>
		<wp:post_date><![CDATA[2021-09-03 17:28:45]]></wp:post_date>
		<wp:post_date_gmt><![CDATA[2021-09-03 17:28:45]]></wp:post_date_gmt>
		<wp:post_modified><![CDATA[2021-09-03 17:28:45]]></wp:post_modified>
		<wp:post_modified_gmt><![CDATA[2021-09-03 17:28:45]]></wp:post_modified_gmt>
		<wp:comment_status><![CDATA[closed]]></wp:comment_status>
		<wp:ping_status><![CDATA[closed]]></wp:ping_status>
		<wp:post_name><![CDATA[19474]]></wp:post_name>
		<wp:status><![CDATA[publish]]></wp:status>
		<wp:post_parent>174</wp:post_parent>
		<wp:menu_order>15</wp:menu_order>
		<wp:post_type><![CDATA[nav_menu_item]]></wp:post_type>
		<wp:post_password><![CDATA[]]></wp:post_password>
		<wp:is_sticky>0</wp:is_sticky>
										<category domain="nav_menu" nicename="all-pages-flat"><![CDATA[All Pages Flat]]></category>
						<wp:postmeta>
		<wp:meta_key><![CDATA[_menu_item_type]]></wp:meta_key>
		<wp:meta_value><![CDATA[post_type]]></wp:meta_value>
		</wp:postmeta>
							<wp:postmeta>
		<wp:meta_key><![CDATA[_menu_item_menu_item_parent]]></wp:meta_key>
		<wp:meta_value><![CDATA[0]]></wp:meta_value>
		</wp:postmeta>
							<wp:postmeta>
		<wp:meta_key><![CDATA[_menu_item_object_id]]></wp:meta_key>
		<wp:meta_value><![CDATA[19466]]></wp:meta_value>
		</wp:postmeta>
							<wp:postmeta>
		<wp:meta_key><![CDATA[_menu_item_object]]></wp:meta_key>
		<wp:meta_value><![CDATA[page]]></wp:meta_value>
		</wp:postmeta>
							<wp:postmeta>
		<wp:meta_key><![CDATA[_menu_item_target]]></wp:meta_key>
		<wp:meta_value><![CDATA[]]></wp:meta_value>
		</wp:postmeta>
							<wp:postmeta>
		<wp:meta_key><![CDATA[_menu_item_classes]]></wp:meta_key>
		<wp:meta_value><![CDATA[a:1:{i:0;s:0:"";}]]></wp:meta_value>
		</wp:postmeta>
							<wp:postmeta>
		<wp:meta_key><![CDATA[_menu_item_xfn]]></wp:meta_key>
		<wp:meta_value><![CDATA[]]></wp:meta_value>
		</wp:postmeta>
							<wp:postmeta>
		<wp:meta_key><![CDATA[_menu_item_url]]></wp:meta_key>
		<wp:meta_value><![CDATA[]]></wp:meta_value>
		</wp:postmeta>
							</item>
					<item>
		<title><![CDATA[]]></title>
		<link>http://localhost/sass-wp/19475/</link>
		<pubDate>Fri, 03 Sep 2021 17:28:46 +0000</pubDate>
		<dc:creator><![CDATA[webmaster]]></dc:creator>
		<guid isPermaLink="false">http://localhost/sass-wp/19475/</guid>
		<description></description>
		<content:encoded><![CDATA[ ]]></content:encoded>
		<excerpt:encoded><![CDATA[]]></excerpt:encoded>
		<wp:post_id>19475</wp:post_id>
		<wp:post_date><![CDATA[2021-09-03 17:28:46]]></wp:post_date>
		<wp:post_date_gmt><![CDATA[2021-09-03 17:28:46]]></wp:post_date_gmt>
		<wp:post_modified><![CDATA[2021-09-03 17:28:46]]></wp:post_modified>
		<wp:post_modified_gmt><![CDATA[2021-09-03 17:28:46]]></wp:post_modified_gmt>
		<wp:comment_status><![CDATA[closed]]></wp:comment_status>
		<wp:ping_status><![CDATA[closed]]></wp:ping_status>
		<wp:post_name><![CDATA[19475]]></wp:post_name>
		<wp:status><![CDATA[publish]]></wp:status>
		<wp:post_parent>174</wp:post_parent>
		<wp:menu_order>16</wp:menu_order>
		<wp:post_type><![CDATA[nav_menu_item]]></wp:post_type>
		<wp:post_password><![CDATA[]]></wp:post_password>
		<wp:is_sticky>0</wp:is_sticky>
										<category domain="nav_menu" nicename="all-pages-flat"><![CDATA[All Pages Flat]]></category>
						<wp:postmeta>
		<wp:meta_key><![CDATA[_menu_item_type]]></wp:meta_key>
		<wp:meta_value><![CDATA[post_type]]></wp:meta_value>
		</wp:postmeta>
							<wp:postmeta>
		<wp:meta_key><![CDATA[_menu_item_menu_item_parent]]></wp:meta_key>
		<wp:meta_value><![CDATA[0]]></wp:meta_value>
		</wp:postmeta>
							<wp:postmeta>
		<wp:meta_key><![CDATA[_menu_item_object_id]]></wp:meta_key>
		<wp:meta_value><![CDATA[19467]]></wp:meta_value>
		</wp:postmeta>
							<wp:postmeta>
		<wp:meta_key><![CDATA[_menu_item_object]]></wp:meta_key>
		<wp:meta_value><![CDATA[page]]></wp:meta_value>
		</wp:postmeta>
							<wp:postmeta>
		<wp:meta_key><![CDATA[_menu_item_target]]></wp:meta_key>
		<wp:meta_value><![CDATA[]]></wp:meta_value>
		</wp:postmeta>
							<wp:postmeta>
		<wp:meta_key><![CDATA[_menu_item_classes]]></wp:meta_key>
		<wp:meta_value><![CDATA[a:1:{i:0;s:0:"";}]]></wp:meta_value>
		</wp:postmeta>
							<wp:postmeta>
		<wp:meta_key><![CDATA[_menu_item_xfn]]></wp:meta_key>
		<wp:meta_value><![CDATA[]]></wp:meta_value>
		</wp:postmeta>
							<wp:postmeta>
		<wp:meta_key><![CDATA[_menu_item_url]]></wp:meta_key>
		<wp:meta_value><![CDATA[]]></wp:meta_value>
		</wp:postmeta>
							</item>
					<item>
		<title><![CDATA[]]></title>
		<link>http://localhost/sass-wp/19476/</link>
		<pubDate>Fri, 03 Sep 2021 17:28:47 +0000</pubDate>
		<dc:creator><![CDATA[webmaster]]></dc:creator>
		<guid isPermaLink="false">http://localhost/sass-wp/19476/</guid>
		<description></description>
		<content:encoded><![CDATA[ ]]></content:encoded>
		<excerpt:encoded><![CDATA[]]></excerpt:encoded>
		<wp:post_id>19476</wp:post_id>
		<wp:post_date><![CDATA[2021-09-03 17:28:47]]></wp:post_date>
		<wp:post_date_gmt><![CDATA[2021-09-03 17:28:47]]></wp:post_date_gmt>
		<wp:post_modified><![CDATA[2021-09-03 17:28:47]]></wp:post_modified>
		<wp:post_modified_gmt><![CDATA[2021-09-03 17:28:47]]></wp:post_modified_gmt>
		<wp:comment_status><![CDATA[closed]]></wp:comment_status>
		<wp:ping_status><![CDATA[closed]]></wp:ping_status>
		<wp:post_name><![CDATA[19476]]></wp:post_name>
		<wp:status><![CDATA[publish]]></wp:status>
		<wp:post_parent>0</wp:post_parent>
		<wp:menu_order>18</wp:menu_order>
		<wp:post_type><![CDATA[nav_menu_item]]></wp:post_type>
		<wp:post_password><![CDATA[]]></wp:post_password>
		<wp:is_sticky>0</wp:is_sticky>
										<category domain="nav_menu" nicename="all-pages-flat"><![CDATA[All Pages Flat]]></category>
						<wp:postmeta>
		<wp:meta_key><![CDATA[_menu_item_type]]></wp:meta_key>
		<wp:meta_value><![CDATA[post_type]]></wp:meta_value>
		</wp:postmeta>
							<wp:postmeta>
		<wp:meta_key><![CDATA[_menu_item_menu_item_parent]]></wp:meta_key>
		<wp:meta_value><![CDATA[0]]></wp:meta_value>
		</wp:postmeta>
							<wp:postmeta>
		<wp:meta_key><![CDATA[_menu_item_object_id]]></wp:meta_key>
		<wp:meta_value><![CDATA[19465]]></wp:meta_value>
		</wp:postmeta>
							<wp:postmeta>
		<wp:meta_key><![CDATA[_menu_item_object]]></wp:meta_key>
		<wp:meta_value><![CDATA[page]]></wp:meta_value>
		</wp:postmeta>
							<wp:postmeta>
		<wp:meta_key><![CDATA[_menu_item_target]]></wp:meta_key>
		<wp:meta_value><![CDATA[]]></wp:meta_value>
		</wp:postmeta>
							<wp:postmeta>
		<wp:meta_key><![CDATA[_menu_item_classes]]></wp:meta_key>
		<wp:meta_value><![CDATA[a:1:{i:0;s:0:"";}]]></wp:meta_value>
		</wp:postmeta>
							<wp:postmeta>
		<wp:meta_key><![CDATA[_menu_item_xfn]]></wp:meta_key>
		<wp:meta_value><![CDATA[]]></wp:meta_value>
		</wp:postmeta>
							<wp:postmeta>
		<wp:meta_key><![CDATA[_menu_item_url]]></wp:meta_key>
		<wp:meta_value><![CDATA[]]></wp:meta_value>
		</wp:postmeta>
							</item>
					<item>
		<title><![CDATA[]]></title>
		<link>http://localhost/sass-wp/19477/</link>
		<pubDate>Fri, 03 Sep 2021 17:28:47 +0000</pubDate>
		<dc:creator><![CDATA[webmaster]]></dc:creator>
		<guid isPermaLink="false">http://localhost/sass-wp/19477/</guid>
		<description></description>
		<content:encoded><![CDATA[ ]]></content:encoded>
		<excerpt:encoded><![CDATA[]]></excerpt:encoded>
		<wp:post_id>19477</wp:post_id>
		<wp:post_date><![CDATA[2021-09-03 17:28:47]]></wp:post_date>
		<wp:post_date_gmt><![CDATA[2021-09-03 17:28:47]]></wp:post_date_gmt>
		<wp:post_modified><![CDATA[2021-09-03 17:28:47]]></wp:post_modified>
		<wp:post_modified_gmt><![CDATA[2021-09-03 17:28:47]]></wp:post_modified_gmt>
		<wp:comment_status><![CDATA[closed]]></wp:comment_status>
		<wp:ping_status><![CDATA[closed]]></wp:ping_status>
		<wp:post_name><![CDATA[19477]]></wp:post_name>
		<wp:status><![CDATA[publish]]></wp:status>
		<wp:post_parent>0</wp:post_parent>
		<wp:menu_order>19</wp:menu_order>
		<wp:post_type><![CDATA[nav_menu_item]]></wp:post_type>
		<wp:post_password><![CDATA[]]></wp:post_password>
		<wp:is_sticky>0</wp:is_sticky>
										<category domain="nav_menu" nicename="all-pages-flat"><![CDATA[All Pages Flat]]></category>
						<wp:postmeta>
		<wp:meta_key><![CDATA[_menu_item_type]]></wp:meta_key>
		<wp:meta_value><![CDATA[post_type]]></wp:meta_value>
		</wp:postmeta>
							<wp:postmeta>
		<wp:meta_key><![CDATA[_menu_item_menu_item_parent]]></wp:meta_key>
		<wp:meta_value><![CDATA[0]]></wp:meta_value>
		</wp:postmeta>
							<wp:postmeta>
		<wp:meta_key><![CDATA[_menu_item_object_id]]></wp:meta_key>
		<wp:meta_value><![CDATA[735]]></wp:meta_value>
		</wp:postmeta>
							<wp:postmeta>
		<wp:meta_key><![CDATA[_menu_item_object]]></wp:meta_key>
		<wp:meta_value><![CDATA[page]]></wp:meta_value>
		</wp:postmeta>
							<wp:postmeta>
		<wp:meta_key><![CDATA[_menu_item_target]]></wp:meta_key>
		<wp:meta_value><![CDATA[]]></wp:meta_value>
		</wp:postmeta>
							<wp:postmeta>
		<wp:meta_key><![CDATA[_menu_item_classes]]></wp:meta_key>
		<wp:meta_value><![CDATA[a:1:{i:0;s:0:"";}]]></wp:meta_value>
		</wp:postmeta>
							<wp:postmeta>
		<wp:meta_key><![CDATA[_menu_item_xfn]]></wp:meta_key>
		<wp:meta_value><![CDATA[]]></wp:meta_value>
		</wp:postmeta>
							<wp:postmeta>
		<wp:meta_key><![CDATA[_menu_item_url]]></wp:meta_key>
		<wp:meta_value><![CDATA[]]></wp:meta_value>
		</wp:postmeta>
							</item>
					<item>
		<title><![CDATA[]]></title>
		<link>http://localhost/sass-wp/19478/</link>
		<pubDate>Fri, 03 Sep 2021 17:28:48 +0000</pubDate>
		<dc:creator><![CDATA[webmaster]]></dc:creator>
		<guid isPermaLink="false">http://localhost/sass-wp/19478/</guid>
		<description></description>
		<content:encoded><![CDATA[ ]]></content:encoded>
		<excerpt:encoded><![CDATA[]]></excerpt:encoded>
		<wp:post_id>19478</wp:post_id>
		<wp:post_date><![CDATA[2021-09-03 18:31:23]]></wp:post_date>
		<wp:post_date_gmt><![CDATA[2021-09-03 17:28:48]]></wp:post_date_gmt>
		<wp:post_modified><![CDATA[2021-09-03 18:31:23]]></wp:post_modified>
		<wp:post_modified_gmt><![CDATA[2021-09-03 18:31:23]]></wp:post_modified_gmt>
		<wp:comment_status><![CDATA[closed]]></wp:comment_status>
		<wp:ping_status><![CDATA[closed]]></wp:ping_status>
		<wp:post_name><![CDATA[19478]]></wp:post_name>
		<wp:status><![CDATA[publish]]></wp:status>
		<wp:post_parent>19387</wp:post_parent>
		<wp:menu_order>4</wp:menu_order>
		<wp:post_type><![CDATA[nav_menu_item]]></wp:post_type>
		<wp:post_password><![CDATA[]]></wp:post_password>
		<wp:is_sticky>0</wp:is_sticky>
										<category domain="nav_menu" nicename="all-pages"><![CDATA[All Pages]]></category>
						<wp:postmeta>
		<wp:meta_key><![CDATA[_menu_item_type]]></wp:meta_key>
		<wp:meta_value><![CDATA[post_type]]></wp:meta_value>
		</wp:postmeta>
							<wp:postmeta>
		<wp:meta_key><![CDATA[_menu_item_menu_item_parent]]></wp:meta_key>
		<wp:meta_value><![CDATA[19448]]></wp:meta_value>
		</wp:postmeta>
							<wp:postmeta>
		<wp:meta_key><![CDATA[_menu_item_object_id]]></wp:meta_key>
		<wp:meta_value><![CDATA[1133]]></wp:meta_value>
		</wp:postmeta>
							<wp:postmeta>
		<wp:meta_key><![CDATA[_menu_item_object]]></wp:meta_key>
		<wp:meta_value><![CDATA[page]]></wp:meta_value>
		</wp:postmeta>
							<wp:postmeta>
		<wp:meta_key><![CDATA[_menu_item_target]]></wp:meta_key>
		<wp:meta_value><![CDATA[]]></wp:meta_value>
		</wp:postmeta>
							<wp:postmeta>
		<wp:meta_key><![CDATA[_menu_item_classes]]></wp:meta_key>
		<wp:meta_value><![CDATA[a:1:{i:0;s:0:"";}]]></wp:meta_value>
		</wp:postmeta>
							<wp:postmeta>
		<wp:meta_key><![CDATA[_menu_item_xfn]]></wp:meta_key>
		<wp:meta_value><![CDATA[]]></wp:meta_value>
		</wp:postmeta>
							<wp:postmeta>
		<wp:meta_key><![CDATA[_menu_item_url]]></wp:meta_key>
		<wp:meta_value><![CDATA[]]></wp:meta_value>
		</wp:postmeta>
							</item>
					<item>
		<title><![CDATA[]]></title>
		<link>http://localhost/sass-wp/19479/</link>
		<pubDate>Fri, 03 Sep 2021 17:28:49 +0000</pubDate>
		<dc:creator><![CDATA[webmaster]]></dc:creator>
		<guid isPermaLink="false">http://localhost/sass-wp/19479/</guid>
		<description></description>
		<content:encoded><![CDATA[ ]]></content:encoded>
		<excerpt:encoded><![CDATA[]]></excerpt:encoded>
		<wp:post_id>19479</wp:post_id>
		<wp:post_date><![CDATA[2021-09-03 18:31:23]]></wp:post_date>
		<wp:post_date_gmt><![CDATA[2021-09-03 17:28:49]]></wp:post_date_gmt>
		<wp:post_modified><![CDATA[2021-09-03 18:31:23]]></wp:post_modified>
		<wp:post_modified_gmt><![CDATA[2021-09-03 18:31:23]]></wp:post_modified_gmt>
		<wp:comment_status><![CDATA[closed]]></wp:comment_status>
		<wp:ping_status><![CDATA[closed]]></wp:ping_status>
		<wp:post_name><![CDATA[19479]]></wp:post_name>
		<wp:status><![CDATA[publish]]></wp:status>
		<wp:post_parent>19387</wp:post_parent>
		<wp:menu_order>5</wp:menu_order>
		<wp:post_type><![CDATA[nav_menu_item]]></wp:post_type>
		<wp:post_password><![CDATA[]]></wp:post_password>
		<wp:is_sticky>0</wp:is_sticky>
										<category domain="nav_menu" nicename="all-pages"><![CDATA[All Pages]]></category>
						<wp:postmeta>
		<wp:meta_key><![CDATA[_menu_item_type]]></wp:meta_key>
		<wp:meta_value><![CDATA[post_type]]></wp:meta_value>
		</wp:postmeta>
							<wp:postmeta>
		<wp:meta_key><![CDATA[_menu_item_menu_item_parent]]></wp:meta_key>
		<wp:meta_value><![CDATA[19448]]></wp:meta_value>
		</wp:postmeta>
							<wp:postmeta>
		<wp:meta_key><![CDATA[_menu_item_object_id]]></wp:meta_key>
		<wp:meta_value><![CDATA[1134]]></wp:meta_value>
		</wp:postmeta>
							<wp:postmeta>
		<wp:meta_key><![CDATA[_menu_item_object]]></wp:meta_key>
		<wp:meta_value><![CDATA[page]]></wp:meta_value>
		</wp:postmeta>
							<wp:postmeta>
		<wp:meta_key><![CDATA[_menu_item_target]]></wp:meta_key>
		<wp:meta_value><![CDATA[]]></wp:meta_value>
		</wp:postmeta>
							<wp:postmeta>
		<wp:meta_key><![CDATA[_menu_item_classes]]></wp:meta_key>
		<wp:meta_value><![CDATA[a:1:{i:0;s:0:"";}]]></wp:meta_value>
		</wp:postmeta>
							<wp:postmeta>
		<wp:meta_key><![CDATA[_menu_item_xfn]]></wp:meta_key>
		<wp:meta_value><![CDATA[]]></wp:meta_value>
		</wp:postmeta>
							<wp:postmeta>
		<wp:meta_key><![CDATA[_menu_item_url]]></wp:meta_key>
		<wp:meta_value><![CDATA[]]></wp:meta_value>
		</wp:postmeta>
							</item>
					<item>
		<title><![CDATA[]]></title>
		<link>http://localhost/sass-wp/19480/</link>
		<pubDate>Fri, 03 Sep 2021 17:28:49 +0000</pubDate>
		<dc:creator><![CDATA[webmaster]]></dc:creator>
		<guid isPermaLink="false">http://localhost/sass-wp/19480/</guid>
		<description></description>
		<content:encoded><![CDATA[ ]]></content:encoded>
		<excerpt:encoded><![CDATA[]]></excerpt:encoded>
		<wp:post_id>19480</wp:post_id>
		<wp:post_date><![CDATA[2021-09-03 18:31:24]]></wp:post_date>
		<wp:post_date_gmt><![CDATA[2021-09-03 17:28:49]]></wp:post_date_gmt>
		<wp:post_modified><![CDATA[2021-09-03 18:31:24]]></wp:post_modified>
		<wp:post_modified_gmt><![CDATA[2021-09-03 18:31:24]]></wp:post_modified_gmt>
		<wp:comment_status><![CDATA[closed]]></wp:comment_status>
		<wp:ping_status><![CDATA[closed]]></wp:ping_status>
		<wp:post_name><![CDATA[19480]]></wp:post_name>
		<wp:status><![CDATA[publish]]></wp:status>
		<wp:post_parent>173</wp:post_parent>
		<wp:menu_order>12</wp:menu_order>
		<wp:post_type><![CDATA[nav_menu_item]]></wp:post_type>
		<wp:post_password><![CDATA[]]></wp:post_password>
		<wp:is_sticky>0</wp:is_sticky>
										<category domain="nav_menu" nicename="all-pages"><![CDATA[All Pages]]></category>
						<wp:postmeta>
		<wp:meta_key><![CDATA[_menu_item_type]]></wp:meta_key>
		<wp:meta_value><![CDATA[post_type]]></wp:meta_value>
		</wp:postmeta>
							<wp:postmeta>
		<wp:meta_key><![CDATA[_menu_item_menu_item_parent]]></wp:meta_key>
		<wp:meta_value><![CDATA[19453]]></wp:meta_value>
		</wp:postmeta>
							<wp:postmeta>
		<wp:meta_key><![CDATA[_menu_item_object_id]]></wp:meta_key>
		<wp:meta_value><![CDATA[746]]></wp:meta_value>
		</wp:postmeta>
							<wp:postmeta>
		<wp:meta_key><![CDATA[_menu_item_object]]></wp:meta_key>
		<wp:meta_value><![CDATA[page]]></wp:meta_value>
		</wp:postmeta>
							<wp:postmeta>
		<wp:meta_key><![CDATA[_menu_item_target]]></wp:meta_key>
		<wp:meta_value><![CDATA[]]></wp:meta_value>
		</wp:postmeta>
							<wp:postmeta>
		<wp:meta_key><![CDATA[_menu_item_classes]]></wp:meta_key>
		<wp:meta_value><![CDATA[a:1:{i:0;s:0:"";}]]></wp:meta_value>
		</wp:postmeta>
							<wp:postmeta>
		<wp:meta_key><![CDATA[_menu_item_xfn]]></wp:meta_key>
		<wp:meta_value><![CDATA[]]></wp:meta_value>
		</wp:postmeta>
							<wp:postmeta>
		<wp:meta_key><![CDATA[_menu_item_url]]></wp:meta_key>
		<wp:meta_value><![CDATA[]]></wp:meta_value>
		</wp:postmeta>
							</item>
					<item>
		<title><![CDATA[]]></title>
		<link>http://localhost/sass-wp/19481/</link>
		<pubDate>Fri, 03 Sep 2021 17:28:50 +0000</pubDate>
		<dc:creator><![CDATA[webmaster]]></dc:creator>
		<guid isPermaLink="false">http://localhost/sass-wp/19481/</guid>
		<description></description>
		<content:encoded><![CDATA[ ]]></content:encoded>
		<excerpt:encoded><![CDATA[]]></excerpt:encoded>
		<wp:post_id>19481</wp:post_id>
		<wp:post_date><![CDATA[2021-09-03 18:31:24]]></wp:post_date>
		<wp:post_date_gmt><![CDATA[2021-09-03 17:28:50]]></wp:post_date_gmt>
		<wp:post_modified><![CDATA[2021-09-03 18:31:24]]></wp:post_modified>
		<wp:post_modified_gmt><![CDATA[2021-09-03 18:31:24]]></wp:post_modified_gmt>
		<wp:comment_status><![CDATA[closed]]></wp:comment_status>
		<wp:ping_status><![CDATA[closed]]></wp:ping_status>
		<wp:post_name><![CDATA[19481]]></wp:post_name>
		<wp:status><![CDATA[publish]]></wp:status>
		<wp:post_parent>173</wp:post_parent>
		<wp:menu_order>13</wp:menu_order>
		<wp:post_type><![CDATA[nav_menu_item]]></wp:post_type>
		<wp:post_password><![CDATA[]]></wp:post_password>
		<wp:is_sticky>0</wp:is_sticky>
										<category domain="nav_menu" nicename="all-pages"><![CDATA[All Pages]]></category>
						<wp:postmeta>
		<wp:meta_key><![CDATA[_menu_item_type]]></wp:meta_key>
		<wp:meta_value><![CDATA[post_type]]></wp:meta_value>
		</wp:postmeta>
							<wp:postmeta>
		<wp:meta_key><![CDATA[_menu_item_menu_item_parent]]></wp:meta_key>
		<wp:meta_value><![CDATA[19453]]></wp:meta_value>
		</wp:postmeta>
							<wp:postmeta>
		<wp:meta_key><![CDATA[_menu_item_object_id]]></wp:meta_key>
		<wp:meta_value><![CDATA[748]]></wp:meta_value>
		</wp:postmeta>
							<wp:postmeta>
		<wp:meta_key><![CDATA[_menu_item_object]]></wp:meta_key>
		<wp:meta_value><![CDATA[page]]></wp:meta_value>
		</wp:postmeta>
							<wp:postmeta>
		<wp:meta_key><![CDATA[_menu_item_target]]></wp:meta_key>
		<wp:meta_value><![CDATA[]]></wp:meta_value>
		</wp:postmeta>
							<wp:postmeta>
		<wp:meta_key><![CDATA[_menu_item_classes]]></wp:meta_key>
		<wp:meta_value><![CDATA[a:1:{i:0;s:0:"";}]]></wp:meta_value>
		</wp:postmeta>
							<wp:postmeta>
		<wp:meta_key><![CDATA[_menu_item_xfn]]></wp:meta_key>
		<wp:meta_value><![CDATA[]]></wp:meta_value>
		</wp:postmeta>
							<wp:postmeta>
		<wp:meta_key><![CDATA[_menu_item_url]]></wp:meta_key>
		<wp:meta_value><![CDATA[]]></wp:meta_value>
		</wp:postmeta>
							</item>
					<item>
		<title><![CDATA[]]></title>
		<link>http://localhost/sass-wp/19482/</link>
		<pubDate>Fri, 03 Sep 2021 17:28:51 +0000</pubDate>
		<dc:creator><![CDATA[webmaster]]></dc:creator>
		<guid isPermaLink="false">http://localhost/sass-wp/19482/</guid>
		<description></description>
		<content:encoded><![CDATA[ ]]></content:encoded>
		<excerpt:encoded><![CDATA[]]></excerpt:encoded>
		<wp:post_id>19482</wp:post_id>
		<wp:post_date><![CDATA[2021-09-03 18:31:24]]></wp:post_date>
		<wp:post_date_gmt><![CDATA[2021-09-03 17:28:51]]></wp:post_date_gmt>
		<wp:post_modified><![CDATA[2021-09-03 18:31:24]]></wp:post_modified>
		<wp:post_modified_gmt><![CDATA[2021-09-03 18:31:24]]></wp:post_modified_gmt>
		<wp:comment_status><![CDATA[closed]]></wp:comment_status>
		<wp:ping_status><![CDATA[closed]]></wp:ping_status>
		<wp:post_name><![CDATA[19482]]></wp:post_name>
		<wp:status><![CDATA[publish]]></wp:status>
		<wp:post_parent>174</wp:post_parent>
		<wp:menu_order>14</wp:menu_order>
		<wp:post_type><![CDATA[nav_menu_item]]></wp:post_type>
		<wp:post_password><![CDATA[]]></wp:post_password>
		<wp:is_sticky>0</wp:is_sticky>
										<category domain="nav_menu" nicename="all-pages"><![CDATA[All Pages]]></category>
						<wp:postmeta>
		<wp:meta_key><![CDATA[_menu_item_type]]></wp:meta_key>
		<wp:meta_value><![CDATA[post_type]]></wp:meta_value>
		</wp:postmeta>
							<wp:postmeta>
		<wp:meta_key><![CDATA[_menu_item_menu_item_parent]]></wp:meta_key>
		<wp:meta_value><![CDATA[19452]]></wp:meta_value>
		</wp:postmeta>
							<wp:postmeta>
		<wp:meta_key><![CDATA[_menu_item_object_id]]></wp:meta_key>
		<wp:meta_value><![CDATA[19466]]></wp:meta_value>
		</wp:postmeta>
							<wp:postmeta>
		<wp:meta_key><![CDATA[_menu_item_object]]></wp:meta_key>
		<wp:meta_value><![CDATA[page]]></wp:meta_value>
		</wp:postmeta>
							<wp:postmeta>
		<wp:meta_key><![CDATA[_menu_item_target]]></wp:meta_key>
		<wp:meta_value><![CDATA[]]></wp:meta_value>
		</wp:postmeta>
							<wp:postmeta>
		<wp:meta_key><![CDATA[_menu_item_classes]]></wp:meta_key>
		<wp:meta_value><![CDATA[a:1:{i:0;s:0:"";}]]></wp:meta_value>
		</wp:postmeta>
							<wp:postmeta>
		<wp:meta_key><![CDATA[_menu_item_xfn]]></wp:meta_key>
		<wp:meta_value><![CDATA[]]></wp:meta_value>
		</wp:postmeta>
							<wp:postmeta>
		<wp:meta_key><![CDATA[_menu_item_url]]></wp:meta_key>
		<wp:meta_value><![CDATA[]]></wp:meta_value>
		</wp:postmeta>
							</item>
					<item>
		<title><![CDATA[PolÃ­tica de privacidad]]></title>
		<link>http://localhost/sass-wp/?page_id=3</link>
		<pubDate>Wed, 21 Jul 2021 15:39:48 +0000</pubDate>
		<dc:creator><![CDATA[webmaster]]></dc:creator>
		<guid isPermaLink="false">http://localhost/sass-wp/?page_id=3</guid>
		<description></description>
		<content:encoded><![CDATA[<!-- wp:heading --><h2>QuiÃ©nes somos</h2><!-- /wp:heading --><!-- wp:paragraph --><p><strong class="privacy-policy-tutorial">Texto sugerido: </strong>La direcciÃ³n de nuestra web es: http://localhost/sass-wp.</p><!-- /wp:paragraph --><!-- wp:heading --><h2>Comentarios</h2><!-- /wp:heading --><!-- wp:paragraph --><p><strong class="privacy-policy-tutorial">Texto sugerido: </strong>Cuando los visitantes dejan comentarios en la web, recopilamos los datos que se muestran en el formulario de comentarios, asÃ­ como la direcciÃ³n IP del visitante y la cadena de agentes de usuario del navegador para ayudar a la detecciÃ³n de spam.</p><!-- /wp:paragraph --><!-- wp:paragraph --><p>Una cadena anÃ³nima creada a partir de tu direcciÃ³n de correo electrÃ³nico (tambiÃ©n llamada hash) puede ser proporcionada al servicio de Gravatar para ver si la estÃ¡s usando. La polÃ­tica de privacidad del servicio Gravatar estÃ¡ disponible aquÃ­: https://automattic.com/privacy/. DespuÃ©s de la aprobaciÃ³n de tu comentario, la imagen de tu perfil es visible para el pÃºblico en el contexto de su comentario.</p><!-- /wp:paragraph --><!-- wp:heading --><h2>Medios</h2><!-- /wp:heading --><!-- wp:paragraph --><p><strong class="privacy-policy-tutorial">Texto sugerido: </strong>Si subes imÃ¡genes a la web deberÃ­as evitar subir imÃ¡genes con datos de ubicaciÃ³n (GPS EXIF) incluidos. Los visitantes de la web pueden descargar y extraer cualquier dato de localizaciÃ³n de las imÃ¡genes de la web.</p><!-- /wp:paragraph --><!-- wp:heading --><h2>Cookies</h2><!-- /wp:heading --><!-- wp:paragraph --><p><strong class="privacy-policy-tutorial">Texto sugerido: </strong>Si dejas un comentario en nuestro sitio puedes elegir guardar tu nombre, direcciÃ³n de correo electrÃ³nico y web en cookies. Esto es para tu comodidad, para que no tengas que volver a rellenar tus datos cuando dejes otro comentario. Estas cookies tendrÃ¡n una duraciÃ³n de un aÃ±o.</p><!-- /wp:paragraph --><!-- wp:paragraph --><p>Si tienes una cuenta y te conectas a este sitio, instalaremos una cookie temporal para determinar si tu navegador acepta cookies. Esta cookie no contiene datos personales y se elimina al cerrar el navegador.</p><!-- /wp:paragraph --><!-- wp:paragraph --><p>Cuando inicias sesiÃ³n, tambiÃ©n instalaremos varias cookies para guardar tu informaciÃ³n de inicio de sesiÃ³n y tus opciones de visualizaciÃ³n de pantalla. Las cookies de inicio de sesiÃ³n duran dos dÃ­as, y las cookies de opciones de pantalla duran un aÃ±o. Si seleccionas &quot;Recordarme&quot;, tu inicio de sesiÃ³n perdurarÃ¡ durante dos semanas. Si sales de tu cuenta, las cookies de inicio de sesiÃ³n se eliminarÃ¡n.</p><!-- /wp:paragraph --><!-- wp:paragraph --><p>Si editas o publicas un artÃ­culo se guardarÃ¡ una cookie adicional en tu navegador. Esta cookie no incluye datos personales y simplemente indica el ID del artÃ­culo que acabas de editar. Caduca despuÃ©s de 1 dÃ­a.</p><!-- /wp:paragraph --><!-- wp:heading --><h2>Contenido incrustado de otros sitios web</h2><!-- /wp:heading --><!-- wp:paragraph --><p><strong class="privacy-policy-tutorial">Texto sugerido: </strong>Los artÃ­culos de este sitio pueden incluir contenido incrustado (por ejemplo, vÃ­deos, imÃ¡genes, artÃ­culos, etc.). El contenido incrustado de otras web se comporta exactamente de la misma manera que si el visitante hubiera visitado la otra web.</p><!-- /wp:paragraph --><!-- wp:paragraph --><p>Estas web pueden recopilar datos sobre ti, utilizar cookies, incrustar un seguimiento adicional de terceros, y supervisar tu interacciÃ³n con ese contenido incrustado, incluido el seguimiento de tu interacciÃ³n con el contenido incrustado si tienes una cuenta y estÃ¡s conectado a esa web.</p><!-- /wp:paragraph --><!-- wp:heading --><h2>Con quiÃ©n compartimos tus datos</h2><!-- /wp:heading --><!-- wp:paragraph --><p><strong class="privacy-policy-tutorial">Texto sugerido: </strong>Si solicitas un restablecimiento de contraseÃ±a, tu direcciÃ³n IP serÃ¡ incluida en el correo electrÃ³nico de restablecimiento.</p><!-- /wp:paragraph --><!-- wp:heading --><h2>CuÃ¡nto tiempo conservamos tus datos</h2><!-- /wp:heading --><!-- wp:paragraph --><p><strong class="privacy-policy-tutorial">Texto sugerido: </strong>Si dejas un comentario, el comentario y sus metadatos se conservan indefinidamente. Esto es para que podamos reconocer y aprobar comentarios sucesivos automÃ¡ticamente en lugar de mantenerlos en una cola de moderaciÃ³n.</p><!-- /wp:paragraph --><!-- wp:paragraph --><p>De los usuarios que se registran en nuestra web (si los hay), tambiÃ©n almacenamos la informaciÃ³n personal que proporcionan en su perfil de usuario. Todos los usuarios pueden ver, editar o eliminar su informaciÃ³n personal en cualquier momento (excepto que no pueden cambiar su nombre de usuario). Los administradores de la web tambiÃ©n pueden ver y editar esa informaciÃ³n.</p><!-- /wp:paragraph --><!-- wp:heading --><h2>QuÃ© derechos tienes sobre tus datos</h2><!-- /wp:heading --><!-- wp:paragraph --><p><strong class="privacy-policy-tutorial">Texto sugerido: </strong>Si tienes una cuenta o has dejado comentarios en esta web, puedes solicitar recibir un archivo de exportaciÃ³n de los datos personales que tenemos sobre ti, incluyendo cualquier dato que nos hayas proporcionado. TambiÃ©n puedes solicitar que eliminemos cualquier dato personal que tengamos sobre ti. Esto no incluye ningÃºn dato que estemos obligados a conservar con fines administrativos, legales o de seguridad.</p><!-- /wp:paragraph --><!-- wp:heading --><h2>DÃ³nde enviamos tus datos</h2><!-- /wp:heading --><!-- wp:paragraph --><p><strong class="privacy-policy-tutorial">Texto sugerido: </strong>Los comentarios de los visitantes puede que los revise un servicio de detecciÃ³n automÃ¡tica de spam.</p><!-- /wp:paragraph -->]]></content:encoded>
		<excerpt:encoded><![CDATA[]]></excerpt:encoded>
		<wp:post_id>3</wp:post_id>
		<wp:post_date><![CDATA[2021-07-21 15:39:48]]></wp:post_date>
		<wp:post_date_gmt><![CDATA[2021-07-21 15:39:48]]></wp:post_date_gmt>
		<wp:post_modified><![CDATA[2021-07-21 15:39:48]]></wp:post_modified>
		<wp:post_modified_gmt><![CDATA[2021-07-21 15:39:48]]></wp:post_modified_gmt>
		<wp:comment_status><![CDATA[closed]]></wp:comment_status>
		<wp:ping_status><![CDATA[open]]></wp:ping_status>
		<wp:post_name><![CDATA[politica-privacidad]]></wp:post_name>
		<wp:status><![CDATA[draft]]></wp:status>
		<wp:post_parent>0</wp:post_parent>
		<wp:menu_order>0</wp:menu_order>
		<wp:post_type><![CDATA[page]]></wp:post_type>
		<wp:post_password><![CDATA[]]></wp:post_password>
		<wp:is_sticky>0</wp:is_sticky>
														<wp:postmeta>
		<wp:meta_key><![CDATA[_wp_page_template]]></wp:meta_key>
		<wp:meta_value><![CDATA[default]]></wp:meta_value>
		</wp:postmeta>
							</item>
					<item>
		<title><![CDATA[Lorem Ipsum]]></title>
		<link>http://localhost/sass-wp/lorem-ipsum/</link>
		<pubDate>Tue, 04 Sep 2007 16:52:50 +0000</pubDate>
		<dc:creator><![CDATA[webmaster]]></dc:creator>
		<guid isPermaLink="false">https://wpthemetestdata.wordpress.com/lorem-ipsum/</guid>
		<description></description>
		<content:encoded><![CDATA[Lorem ipsum dolor sit amet, consectetuer adipiscing elit. Donec mollis. Quisque convallis libero in sapien pharetra tincidunt. Aliquam elit ante, malesuada id, tempor eu, gravida id, odio. Maecenas suscipit, risus et eleifend imperdiet, nisi orci ullamcorper massa, et adipiscing orci velit quis magna. Praesent sit amet ligula id orci venenatis auctor. Phasellus porttitor, metus non tincidunt dapibus, orci pede pretium neque, sit amet adipiscing ipsum lectus et libero. Aenean bibendum. Curabitur mattis quam id urna. Vivamus dui. Donec nonummy lacinia lorem. Cras risus arcu, sodales ac, ultrices ac, mollis quis, justo. Sed a libero. Quisque risus erat, posuere at, tristique non, lacinia quis, eros.

Cras volutpat, lacus quis semper pharetra, nisi enim dignissim est, et sollicitudin quam ipsum vel mi. Sed commodo urna ac urna. Nullam eu tortor. Curabitur sodales scelerisque magna. Donec ultricies tristique pede. Nullam libero. Nam sollicitudin felis vel metus. Nullam posuere molestie metus. Nullam molestie, nunc id suscipit rhoncus, felis mi vulputate lacus, a ultrices tortor dolor eget augue. Aenean ultricies felis ut turpis. Lorem ipsum dolor sit amet, consectetuer adipiscing elit. Suspendisse placerat tellus ac nulla. Proin adipiscing sem ac risus. Maecenas nisi. Cras semper.

Praesent interdum mollis neque. In egestas nulla eget pede. Integer eu purus sed diam dictum scelerisque. Morbi cursus velit et felis. Maecenas faucibus aliquet erat. In aliquet rhoncus tellus. Integer auctor nibh a nunc fringilla tempus. Cras turpis urna, dignissim vel, suscipit pulvinar, rutrum quis, sem. Ut lobortis convallis dui. Sed nonummy orci a justo. Morbi nec diam eget eros eleifend tincidunt.

ÕÕ¡ÕµÕ¥ÖÕ¥Õ¶

Lorem Ipsum-Õ¨ Õ¿ÕºÕ¡Õ£ÖÕ¸ÖÕ©ÕµÕ¡Õ¶ Ö Õ¿ÕºÕ¡Õ£ÖÕ¡Õ¯Õ¡Õ¶ Õ¡ÖÕ¤ÕµÕ¸ÖÕ¶Õ¡Õ¢Õ¥ÖÕ¸ÖÕ©ÕµÕ¡Õ¶ Õ°Õ¡Õ´Õ¡Ö Õ¶Õ¡Õ­Õ¡Õ¿Õ¥Õ½Õ¾Õ¡Õ® Õ´Õ¸Õ¤Õ¥Õ¬Õ¡ÕµÕ«Õ¶ Õ¿Õ¥ÖÕ½Õ¿ Õ§: ÕÕ¯Õ½Õ¡Õ® 1500-Õ¡Õ¯Õ¡Õ¶Õ¶Õ¥ÖÕ«Ö` Lorem Ipsum-Õ¨ Õ°Õ¡Õ¶Õ¤Õ«Õ½Õ¡ÖÕ¥Õ¬ Õ§ Õ¿ÕºÕ¡Õ£ÖÕ¡Õ¯Õ¡Õ¶ Õ¡ÖÕ¤ÕµÕ¸ÖÕ¶Õ¡Õ¢Õ¥ÖÕ¸ÖÕ©ÕµÕ¡Õ¶ Õ½Õ¿Õ¡Õ¶Õ¤Õ¡ÖÕ¿ Õ´Õ¸Õ¤Õ¥Õ¬Õ¡ÕµÕ«Õ¶ Õ¿Õ¥ÖÕ½Õ¿, Õ«Õ¶Õ¹Õ¨ Õ´Õ« Õ¡Õ¶Õ°Õ¡ÕµÕ¿ Õ¿ÕºÕ¡Õ£ÖÕ«Õ¹Õ« Õ¯Õ¸Õ²Õ´Õ«Ö Õ¿Õ¡ÖÕ¢Õ¥Ö Õ¿Õ¡Õ¼Õ¡Õ¿Õ¥Õ½Õ¡Õ¯Õ¶Õ¥ÖÕ« ÖÖÕ«Õ¶Õ¡Õ¯Õ¶Õ¥ÖÕ« Õ£Õ«ÖÖ Õ½Õ¿Õ¥Õ²Õ®Õ¥Õ¬Õ¸Ö Õ»Õ¡Õ¶ÖÕ¥ÖÕ« Õ¡ÖÕ¤ÕµÕ¸ÖÕ¶Ö Õ§: Ô±ÕµÕ½ Õ¿Õ¥ÖÕ½Õ¿Õ¨ Õ¸Õ¹ Õ´Õ«Õ¡ÕµÕ¶ Õ¯Õ¡ÖÕ¸Õ²Õ¡ÖÕ¥Õ¬ Õ§ Õ£Õ¸ÕµÕ¡Õ¿ÖÕ¥Õ¬ Õ°Õ«Õ¶Õ£ Õ¤Õ¡ÖÕ¡Õ·ÖÕ»Õ¡Õ¶, Õ¡ÕµÕ¬Ö Õ¶Õ¥ÖÕ¡Õ¼Õ¾Õ¥Õ¬ Õ§ Õ§Õ¬Õ¥Õ¯Õ¿ÖÕ¸Õ¶Õ¡ÕµÕ«Õ¶ Õ¿ÕºÕ¡Õ£ÖÕ¸ÖÕ©ÕµÕ¡Õ¶ Õ´Õ¥Õ»` Õ´Õ¶Õ¡Õ¬Õ¸Õ¾ Õ§Õ¡ÕºÕ¥Õ½ Õ¡Õ¶ÖÕ¸ÖÕ¸Õ­: Ô±ÕµÕ¶ Õ°Õ¡ÕµÕ¿Õ¶Õ« Õ§ Õ¤Õ¡ÖÕ±Õ¥Õ¬ 1960-Õ¡Õ¯Õ¡Õ¶Õ¶Õ¥ÖÕ«Õ¶ Lorem Ipsum Õ¢Õ¸Õ¾Õ¡Õ¶Õ¤Õ¡Õ¯Õ¸Õ² Letraset Õ§Õ»Õ¥ÖÕ« Õ©Õ¸Õ²Õ¡ÖÕ¯Õ´Õ¡Õ¶ Õ¡ÖÕ¤ÕµÕ¸ÖÕ¶ÖÕ¸ÖÕ´, Õ«Õ½Õ¯ Õ¡Õ¾Õ¥Õ¬Õ« Õ¸ÖÕ· Õ°Õ¡Õ´Õ¡Õ¯Õ¡ÖÕ£Õ¹Õ¡ÕµÕ«Õ¶ Õ¿ÕºÕ¡Õ£ÖÕ¸ÖÕ©ÕµÕ¡Õ¶ Õ¡ÕµÕ¶ÕºÕ«Õ½Õ« Õ®ÖÕ¡Õ£ÖÕ¥ÖÕ« Õ©Õ¸Õ²Õ¡ÖÕ¯Õ´Õ¡Õ¶ Õ°Õ¥Õ¿ÖÕ¡Õ¶ÖÕ¸Õ¾, Õ«Õ¶Õ¹ÕºÕ«Õ½Õ«Õ¶ Õ§ Aldus PageMaker-Õ¨, Õ¸ÖÕ¨ Õ¶Õ¥ÖÕ¡Õ¼Õ¸ÖÕ´ Õ§ Lorem Ipsum-Õ« Õ¿Õ¡ÖÕ¡Õ¿Õ¥Õ½Õ¡Õ¯Õ¶Õ¥Ö:

ÐÑÐ»Ð³Ð°ÑÑÐºÐ¸

Lorem Ipsum Ðµ ÐµÐ»ÐµÐ¼ÐµÐ½ÑÐ°ÑÐµÐ½ Ð¿ÑÐ¸Ð¼ÐµÑÐµÐ½ ÑÐµÐºÑÑ, Ð¸Ð·Ð¿Ð¾Ð»Ð·Ð²Ð°Ð½ Ð² Ð¿ÐµÑÐ°ÑÐ°ÑÑÐºÐ°ÑÐ° Ð¸ ÑÐ¸Ð¿Ð¾Ð³ÑÐ°ÑÑÐºÐ°ÑÐ° Ð¸Ð½Ð´ÑÑÑÑÐ¸Ñ. Lorem Ipsum Ðµ Ð¸Ð½Ð´ÑÑÑÑÐ¸Ð°Ð»ÐµÐ½ ÑÑÐ°Ð½Ð´Ð°ÑÑ Ð¾Ñ Ð¾ÐºÐ¾Ð»Ð¾ 1500 Ð³Ð¾Ð´Ð¸Ð½Ð°, ÐºÐ¾Ð³Ð°ÑÐ¾ Ð½ÐµÐ¸Ð·Ð²ÐµÑÑÐµÐ½ Ð¿ÐµÑÐ°ÑÐ°Ñ Ð²Ð·ÐµÐ¼Ð° Ð½ÑÐºÐ¾Ð»ÐºÐ¾ Ð¿ÐµÑÐ°ÑÐ°ÑÑÐºÐ¸ Ð±ÑÐºÐ²Ð¸ Ð¸ Ð³Ð¸ ÑÐ°Ð·Ð±ÑÑÐºÐ²Ð°, Ð·Ð° Ð´Ð° Ð½Ð°Ð¿ÐµÑÐ°ÑÐ° Ñ ÑÑÑ ÐºÐ½Ð¸Ð³Ð° Ñ Ð¿ÑÐ¸Ð¼ÐµÑÐ½Ð¸ ÑÑÐ¸ÑÑÐ¾Ð²Ðµ. Ð¢Ð¾Ð·Ð¸ Ð½Ð°ÑÐ¸Ð½ Ð½Ðµ ÑÐ°Ð¼Ð¾ Ðµ Ð¾ÑÐµÐ»ÑÐ» Ð¿Ð¾Ð²ÐµÑÐµ Ð¾Ñ 5 Ð²ÐµÐºÐ°, Ð½Ð¾ Ðµ Ð½Ð°Ð²Ð»ÑÐ·ÑÐ» Ð¸ Ð² Ð¿ÑÐ±Ð»Ð¸ÐºÑÐ²Ð°Ð½ÐµÑÐ¾ Ð½Ð° ÐµÐ»ÐµÐºÑÑÐ¾Ð½Ð½Ð¸ Ð¸Ð·Ð´Ð°Ð½Ð¸Ñ ÐºÐ°ÑÐ¾ Ðµ Ð·Ð°Ð¿Ð°Ð·ÐµÐ½ Ð¿Ð¾ÑÑÐ¸ Ð±ÐµÐ· Ð¿ÑÐ¾Ð¼ÑÐ½Ð°. ÐÐ¾Ð¿ÑÐ»ÑÑÐ¸Ð·Ð¸ÑÐ°Ð½ Ðµ Ð¿ÑÐµÐ· 60ÑÐµ Ð³Ð¾Ð´Ð¸Ð½Ð¸ Ð½Ð° 20ÑÐ¸ Ð²ÐµÐº ÑÑÑ Ð¸Ð·Ð´Ð°Ð²Ð°Ð½ÐµÑÐ¾ Ð½Ð° Letraset Ð»Ð¸ÑÑÐ¸, ÑÑÐ´ÑÑÐ¶Ð°ÑÐ¸ Lorem Ipsum Ð¿Ð°ÑÐ°Ð¶Ð¸, Ð¿Ð¾Ð¿ÑÐ»ÑÑÐµÐ½ Ðµ Ð¸ Ð² Ð½Ð°ÑÐ¸ Ð´Ð½Ð¸ Ð²ÑÐ² ÑÐ¾ÑÑÑÐµÑ Ð·Ð° Ð¿ÐµÑÐ°ÑÐ½Ð¸ Ð¸Ð·Ð´Ð°Ð½Ð¸Ñ ÐºÐ°ÑÐ¾ Aldus PageMaker, ÐºÐ¾Ð¹ÑÐ¾ Ð²ÐºÐ»ÑÑÐ²Ð° ÑÐ°Ð·Ð»Ð¸ÑÐ½Ð¸ Ð²ÐµÑÑÐ¸Ð¸ Ð½Ð° Lorem Ipsum.

CatalÃ 

Lorem Ipsum Ã©s un text de farciment usat per la indÃºstria de la tipografia i la impremta. Lorem Ipsum ha estat el text estÃ ndard de la indÃºstria des de l'any 1500, quan un impressor desconegut va fer servir una galerada de text i la va mesclar per crear un llibre de mostres tipogrÃ fiques. No nomÃ©s ha sobreviscut cinc segles, sinÃ³ que ha fet el salt cap a la creaciÃ³ de tipus de lletra electrÃ²nics, romanent essencialment sense canvis. Es va popularitzar l'any 1960 amb el llanÃ§ament de fulls Letraset que contenien passatges de Lorem Ipsum, i mÃ©s recentment amb programari d'autoediciÃ³ com Aldus Pagemaker que inclou versions de Lorem Ipsum.

Hrvatski

Lorem Ipsum je jednostavno probni tekst koji se koristi u tiskarskoj i slovoslagarskoj industriji. Lorem Ipsum postoji kao industrijski standard joÅ¡ od 16-og stoljeÄa, kada je nepoznati tiskar uzeo tiskarsku galiju slova i posloÅ¾io ih da bi napravio knjigu s uzorkom tiska. Taj je tekst ne samo preÅ¾ivio pet stoljeÄa, veÄ se i vinuo u svijet elektronskog slovoslagarstva, ostajuÄi u suÅ¡tini nepromijenjen. Postao je popularan tijekom 1960-ih s pojavom Letraset listova s odlomcima Lorem Ipsum-a, a u skorije vrijeme sa software-om za stolno izdavaÅ¡tvo kao Å¡to je Aldus PageMaker koji takoÄer sadrÅ¾i varijante Lorem Ipsum-a.

Äesky

Lorem Ipsum je demonstrativnÃ­ vÃ½plÅovÃ½ text pouÅ¾Ã­vanÃ½ v tiskaÅskÃ©m a knihaÅskÃ©m prÅ¯myslu. Lorem Ipsum je povaÅ¾ovÃ¡no za standard v tÃ©to oblasti uÅ¾ od zaÄÃ¡tku 16. stoletÃ­, kdy dnes neznÃ¡mÃ½ tiskaÅ vzal kusy textu a na jejich zÃ¡kladÄ vytvoÅil speciÃ¡lnÃ­ vzorovou knihu. Jeho odkaz nevydrÅ¾el pouze pÄt stoletÃ­, on pÅeÅ¾il i nÃ¡stup elektronickÃ© sazby v podstatÄ beze zmÄny. NejvÃ­ce popularizovÃ¡no bylo Lorem Ipsum v Å¡edesÃ¡tÃ½ch letech 20. stoletÃ­, kdy byly vydÃ¡vÃ¡ny speciÃ¡lnÃ­ vzornÃ­ky s jeho pasÃ¡Å¾emi a pozdÄji pak dÃ­ky poÄÃ­taÄovÃ½m DTP programÅ¯m jako Aldus PageMaker.

RomÃ¢na

Lorem Ipsum este pur Åi simplu o machetÄ pentru text a industriei tipografice. Lorem Ipsum a fost macheta standard a industriei Ã®ncÄ din secolul al XVI-lea, cÃ¢nd un tipograf anonim a luat o planÅetÄ de litere Åi le-a amestecat pentru a crea o carte demonstrativÄ pentru literele respective. Nu doar cÄ a supravieÅ£uit timp de cinci secole, dar Åi a facut saltul Ã®n tipografia electronicÄ practic neschimbatÄ. A fost popularizatÄ Ã®n anii '60 odatÄ cu ieÅirea colilor Letraset care conÅ£ineau pasaje Lorem Ipsum, iar mai recent, prin programele de publicare pentru calculator, ca Aldus PageMaker care includeau versiuni de Lorem Ipsum.

Ð¡ÑÐ¿ÑÐºÐ¸

Lorem Ipsum ÑÐµ ÑÐµÐ´Ð½Ð¾ÑÑÐ°Ð²Ð½Ð¾ Ð¼Ð¾Ð´ÐµÐ» ÑÐµÐºÑÑÐ° ÐºÐ¾ÑÐ¸ ÑÐµ ÐºÐ¾ÑÐ¸ÑÑÐ¸ Ñ ÑÑÐ°Ð¼Ð¿Ð°ÑÑÐºÐ¾Ñ Ð¸ ÑÐ»Ð¾Ð²Ð¾ÑÐ»Ð°Ð³Ð°ÑÐºÐ¾Ñ Ð¸Ð½Ð´ÑÑÑÑÐ¸ÑÐ¸. Lorem ipsum ÑÐµ Ð±Ð¸Ð¾ ÑÑÐ°Ð½Ð´Ð°ÑÐ´ Ð·Ð° Ð¼Ð¾Ð´ÐµÐ» ÑÐµÐºÑÑÐ° ÑÐ¾Ñ Ð¾Ð´ 1500. Ð³Ð¾Ð´Ð¸Ð½Ðµ, ÐºÐ°Ð´Ð° ÑÐµ Ð½ÐµÐ¿Ð¾Ð·Ð½Ð°ÑÐ¸ ÑÑÐ°Ð¼Ð¿Ð°Ñ ÑÐ·ÐµÐ¾ ÐºÑÑÐ¸ÑÑ ÑÐ° ÑÐ»Ð¾Ð²Ð¸Ð¼Ð° Ð¸ ÑÐ»Ð¾Ð¶Ð¸Ð¾ Ð¸Ñ ÐºÐ°ÐºÐ¾ Ð±Ð¸ Ð½Ð°Ð¿ÑÐ°Ð²Ð¸Ð¾ ÑÐ·Ð¾ÑÐ°Ðº ÐºÑÐ¸Ð³Ðµ. ÐÐµ ÑÐ°Ð¼Ð¾ ÑÑÐ¾ ÑÐµ Ð¾Ð²Ð°Ñ Ð¼Ð¾Ð´ÐµÐ» Ð¾Ð¿ÑÑÐ°Ð¾ Ð¿ÐµÑ Ð²ÐµÐºÐ¾Ð²Ð°, Ð½ÐµÐ³Ð¾ ÑÐµ ÑÐ°Ðº Ð¿Ð¾ÑÐµÐ¾ Ð´Ð° ÑÐµ ÐºÐ¾ÑÐ¸ÑÑÐ¸ Ð¸ Ñ ÐµÐ»ÐµÐºÑÑÐ¾Ð½ÑÐºÐ¸Ð¼ Ð¼ÐµÐ´Ð¸ÑÐ¸Ð¼Ð°, Ð½ÐµÐ¿ÑÐ¾Ð¼ÐµÐ½Ð¸Ð²ÑÐ¸ ÑÐµ. ÐÐ¾Ð¿ÑÐ»Ð°ÑÐ¸Ð·Ð¾Ð²Ð°Ð½ ÑÐµ ÑÐµÐ·Ð´ÐµÑÐµÑÐ¸Ñ Ð³Ð¾Ð´Ð¸Ð½Ð° Ð´Ð²Ð°Ð´ÐµÑÐµÑÐ¾Ð³ Ð²ÐµÐºÐ° Ð·Ð°ÑÐµÐ´Ð½Ð¾ ÑÐ° Ð»Ð¸ÑÑÐ¾Ð²Ð¸Ð¼Ð° Ð»ÐµÑÐµÑÑÐµÑÐ° ÐºÐ¾ÑÐ¸ ÑÑ ÑÐ°Ð´ÑÐ¶Ð°Ð»Ð¸ Lorem Ipsum Ð¿Ð°ÑÑÑÐµ, Ð° Ð´Ð°Ð½Ð°Ñ ÑÐ° ÑÐ¾ÑÑÐ²ÐµÑÑÐºÐ¸Ð¼ Ð¿Ð°ÐºÐµÑÐ¾Ð¼ Ð·Ð° Ð¿ÑÐµÐ»Ð¾Ð¼ ÐºÐ°Ð¾ ÑÑÐ¾ ÑÐµ Aldus PageMaker ÐºÐ¾ÑÐ¸ ÑÐµ ÑÐ°Ð´ÑÐ¶Ð°Ð¾ Lorem Ipsum Ð²ÐµÑÐ·Ð¸ÑÐµ.

ÎÎ»Î»Î·Î½Î¹ÎºÎ¬

Î¤Î¬ÏÎ¹ÏÏÎ· Î±Î»ÏÏÎ·Î¾ Î²Î±ÏÎ®Ï ÏÎ·Î¼Î­Î½Î· Î³Î·, Î´ÏÎ±ÏÎºÎµÎ»Î¯Î¶ÎµÎ¹ ÏÏÎ­Ï Î½ÏÎ¸ÏÎ¿Ï ÎºÏÎ½ÏÏ Î¤Î¬ÏÎ¹ÏÏÎ· Î±Î»ÏÏÎ·Î¾ Î²Î±ÏÎ®Ï ÏÎ·Î¼Î­Î½Î· Î³Î·, Î´ÏÎ±ÏÎºÎµÎ»Î¯Î¶ÎµÎ¹ ÏÏÎ­Ï Î½ÏÎ¸ÏÎ¿Ï ÎºÏÎ½ÏÏ. ÎªÏÏ, Î¤Î¬ÏÎ¹ÏÏÎ· Î±Î»ÏÏÎ·Î¾ Î²Î±ÏÎ®Ï ÏÎ·Î¼Î­Î½Î· Î³Î·, Î´ÏÎ±ÏÎºÎµÎ»Î¯Î¶ÎµÎ¹ ÏÏÎ­Ï Î½ÏÎ¸ÏÎ¿Ï ÎºÏÎ½ÏÏ Î¤Î¬ÏÎ¹ÏÏÎ· Î±Î»ÏÏÎ·Î¾ Î²Î±ÏÎ®Ï ÏÎ·Î¼Î­Î½Î· Î³Î·, Î´ÏÎ±ÏÎºÎµÎ»Î¯Î¶ÎµÎ¹ ÏÏÎ­Ï Î½ÏÎ¸ÏÎ¿Ï ÎºÏÎ½ÏÏ. Î¤ÎÎ§ÎÎ£Î¤Î ÎÎÎ©Î ÎÎ ÎÎÎ¦ÎÎ£ Î¨ÎÎÎÎÎ ÎÎ, ÎÎ¡ÎÎ£ÎÎÎÎÎÎÎ Î¥Î ÎÎ¡ ÎÎ©ÎÎ¡ÎÎ¥ ÎÎ¥ÎÎÎ£. Î¤Î¬ÏÎ¹ÏÏÎ· Î±Î»ÏÏÎ·Î¾ Î²Î±ÏÎ®Ï ÏÎ·Î¼Î­Î½Î· Î³Î·, Î´ÏÎ±ÏÎºÎµÎ»Î¯Î¶ÎµÎ¹ ÏÏÎ­Ï Î½ÏÎ¸ÏÎ¿Ï ÎºÏÎ½ÏÏ Î¤Î¬ÏÎ¹ÏÏÎ· Î±Î»ÏÏÎ·Î¾ Î²Î±ÏÎ®Ï ÏÎ·Î¼Î­Î½Î· Î³Î·, Î´ÏÎ±ÏÎºÎµÎ»Î¯Î¶ÎµÎ¹ ÏÏÎ­Ï Î½ÏÎ¸ÏÎ¿Ï ÎºÏÎ½ÏÏ. ÎªÏÏ, Î¤Î¬ÏÎ¹ÏÏÎ· Î±Î»ÏÏÎ·Î¾ Î²Î±ÏÎ®Ï ÏÎ·Î¼Î­Î½Î· Î³Î·, Î´ÏÎ±ÏÎºÎµÎ»Î¯Î¶ÎµÎ¹ ÏÏÎ­Ï Î½ÏÎ¸ÏÎ¿Ï ÎºÏÎ½ÏÏ Î¤Î¬ÏÎ¹ÏÏÎ· Î±Î»ÏÏÎ·Î¾ Î²Î±ÏÎ®Ï ÏÎ·Î¼Î­Î½Î· Î³Î·, Î´ÏÎ±ÏÎºÎµÎ»Î¯Î¶ÎµÎ¹ ÏÏÎ­Ï Î½ÏÎ¸ÏÎ¿Ï ÎºÏÎ½ÏÏ. Î¤ÎÎ§ÎÎ£Î¤Î ÎÎÎ©Î ÎÎ ÎÎÎ¦ÎÎ£ Î¨ÎÎÎÎÎ ÎÎ, ÎÎ¡ÎÎ£ÎÎÎÎÎÎÎ Î¥Î ÎÎ¡ ÎÎ©ÎÎ¡ÎÎ¥ ÎÎ¥ÎÎÎ£.]]></content:encoded>
		<excerpt:encoded><![CDATA[]]></excerpt:encoded>
		<wp:post_id>146</wp:post_id>
		<wp:post_date><![CDATA[2007-09-04 09:52:50]]></wp:post_date>
		<wp:post_date_gmt><![CDATA[2007-09-04 16:52:50]]></wp:post_date_gmt>
		<wp:post_modified><![CDATA[2007-09-04 09:52:50]]></wp:post_modified>
		<wp:post_modified_gmt><![CDATA[2007-09-04 16:52:50]]></wp:post_modified_gmt>
		<wp:comment_status><![CDATA[closed]]></wp:comment_status>
		<wp:ping_status><![CDATA[closed]]></wp:ping_status>
		<wp:post_name><![CDATA[lorem-ipsum]]></wp:post_name>
		<wp:status><![CDATA[publish]]></wp:status>
		<wp:post_parent>0</wp:post_parent>
		<wp:menu_order>7</wp:menu_order>
		<wp:post_type><![CDATA[page]]></wp:post_type>
		<wp:post_password><![CDATA[]]></wp:post_password>
		<wp:is_sticky>0</wp:is_sticky>
														</item>
					<item>
		<title><![CDATA[Page with comments]]></title>
		<link>http://localhost/sass-wp/about/page-with-comments/</link>
		<pubDate>Tue, 04 Sep 2007 17:47:47 +0000</pubDate>
		<dc:creator><![CDATA[webmaster]]></dc:creator>
		<guid isPermaLink="false">https://wpthemetestdata.wordpress.com/page-with-comments/</guid>
		<description></description>
		<content:encoded><![CDATA[Repository-hosted Themes are required to support display of comments on static Pages as well as on single blog Posts.  This static Page has comments, and these comments should be displayed.
If the Theme includes a custom option to prevent static Pages from displaying comments, such option must be disabled (i.e. so that static Pages display comments) by default.
Also, verify that this Page does not display taxonomy information (e.g. categories or tags) or time-stamp information (Page publish date/time).]]></content:encoded>
		<excerpt:encoded><![CDATA[]]></excerpt:encoded>
		<wp:post_id>155</wp:post_id>
		<wp:post_date><![CDATA[2007-09-04 10:47:47]]></wp:post_date>
		<wp:post_date_gmt><![CDATA[2007-09-04 17:47:47]]></wp:post_date_gmt>
		<wp:post_modified><![CDATA[2007-09-04 10:47:47]]></wp:post_modified>
		<wp:post_modified_gmt><![CDATA[2007-09-04 17:47:47]]></wp:post_modified_gmt>
		<wp:comment_status><![CDATA[open]]></wp:comment_status>
		<wp:ping_status><![CDATA[closed]]></wp:ping_status>
		<wp:post_name><![CDATA[page-with-comments]]></wp:post_name>
		<wp:status><![CDATA[publish]]></wp:status>
		<wp:post_parent>19387</wp:post_parent>
		<wp:menu_order>3</wp:menu_order>
		<wp:post_type><![CDATA[page]]></wp:post_type>
		<wp:post_password><![CDATA[]]></wp:post_password>
		<wp:is_sticky>0</wp:is_sticky>
														<wp:comment>
			<wp:comment_id>2</wp:comment_id>
			<wp:comment_author><![CDATA[Anon]]></wp:comment_author>
			<wp:comment_author_email><![CDATA[anon@example.com]]></wp:comment_author_email>
			<wp:comment_author_url></wp:comment_author_url>
			<wp:comment_author_IP><![CDATA[]]></wp:comment_author_IP>
			<wp:comment_date><![CDATA[2007-09-04 10:49:28]]></wp:comment_date>
			<wp:comment_date_gmt><![CDATA[2007-09-04 00:49:28]]></wp:comment_date_gmt>
			<wp:comment_content><![CDATA[Anonymous comment.]]></wp:comment_content>
			<wp:comment_approved><![CDATA[1]]></wp:comment_approved>
			<wp:comment_type><![CDATA[comment]]></wp:comment_type>
			<wp:comment_parent>0</wp:comment_parent>
			<wp:comment_user_id>0</wp:comment_user_id>
							</wp:comment>
					<wp:comment>
			<wp:comment_id>3</wp:comment_id>
			<wp:comment_author><![CDATA[tellyworthtest2]]></wp:comment_author>
			<wp:comment_author_email><![CDATA[tellyworth+test2@example.com]]></wp:comment_author_email>
			<wp:comment_author_url></wp:comment_author_url>
			<wp:comment_author_IP><![CDATA[]]></wp:comment_author_IP>
			<wp:comment_date><![CDATA[2007-09-04 10:49:03]]></wp:comment_date>
			<wp:comment_date_gmt><![CDATA[2007-09-04 00:49:03]]></wp:comment_date_gmt>
			<wp:comment_content><![CDATA[Contributor comment.]]></wp:comment_content>
			<wp:comment_approved><![CDATA[1]]></wp:comment_approved>
			<wp:comment_type><![CDATA[comment]]></wp:comment_type>
			<wp:comment_parent>0</wp:comment_parent>
			<wp:comment_user_id>0</wp:comment_user_id>
							</wp:comment>
					<wp:comment>
			<wp:comment_id>4</wp:comment_id>
			<wp:comment_author><![CDATA[themedemos]]></wp:comment_author>
			<wp:comment_author_email><![CDATA[themeshaperwp+demos@gmail.com]]></wp:comment_author_email>
			<wp:comment_author_url>https://wpthemetestdata.wordpress.com/</wp:comment_author_url>
			<wp:comment_author_IP><![CDATA[]]></wp:comment_author_IP>
			<wp:comment_date><![CDATA[2007-09-04 10:48:51]]></wp:comment_date>
			<wp:comment_date_gmt><![CDATA[2007-09-04 17:48:51]]></wp:comment_date_gmt>
			<wp:comment_content><![CDATA[Author comment.]]></wp:comment_content>
			<wp:comment_approved><![CDATA[1]]></wp:comment_approved>
			<wp:comment_type><![CDATA[comment]]></wp:comment_type>
			<wp:comment_parent>0</wp:comment_parent>
			<wp:comment_user_id>0</wp:comment_user_id>
							</wp:comment>
					<wp:comment>
			<wp:comment_id>5</wp:comment_id>
			<wp:comment_author><![CDATA[themereviewteam]]></wp:comment_author>
			<wp:comment_author_email><![CDATA[themereviewteam@gmail.com]]></wp:comment_author_email>
			<wp:comment_author_url></wp:comment_author_url>
			<wp:comment_author_IP><![CDATA[]]></wp:comment_author_IP>
			<wp:comment_date><![CDATA[2014-12-10 01:56:24]]></wp:comment_date>
			<wp:comment_date_gmt><![CDATA[2014-12-10 08:56:24]]></wp:comment_date_gmt>
			<wp:comment_content><![CDATA[nothing useful to say]]></wp:comment_content>
			<wp:comment_approved><![CDATA[0]]></wp:comment_approved>
			<wp:comment_type><![CDATA[comment]]></wp:comment_type>
			<wp:comment_parent>3</wp:comment_parent>
			<wp:comment_user_id>0</wp:comment_user_id>
							</wp:comment>
					</item>
					<item>
		<title><![CDATA[Page with comments disabled]]></title>
		<link>http://localhost/sass-wp/about/page-with-comments-disabled/</link>
		<pubDate>Tue, 04 Sep 2007 17:48:10 +0000</pubDate>
		<dc:creator><![CDATA[webmaster]]></dc:creator>
		<guid isPermaLink="false">https://wpthemetestdata.wordpress.com/page-with-comments-disabled/</guid>
		<description></description>
		<content:encoded><![CDATA[This static Page is set not to allow comments. Verify that the Page does not display a comment list, comment reply links, or comment reply form.
Also, verify that the Page does not display a "comments are closed" type message. Such messages are not suitable for static Pages, and should only be used on blog Posts.]]></content:encoded>
		<excerpt:encoded><![CDATA[]]></excerpt:encoded>
		<wp:post_id>156</wp:post_id>
		<wp:post_date><![CDATA[2007-09-04 10:48:10]]></wp:post_date>
		<wp:post_date_gmt><![CDATA[2007-09-04 17:48:10]]></wp:post_date_gmt>
		<wp:post_modified><![CDATA[2007-09-04 10:48:10]]></wp:post_modified>
		<wp:post_modified_gmt><![CDATA[2007-09-04 17:48:10]]></wp:post_modified_gmt>
		<wp:comment_status><![CDATA[closed]]></wp:comment_status>
		<wp:ping_status><![CDATA[closed]]></wp:ping_status>
		<wp:post_name><![CDATA[page-with-comments-disabled]]></wp:post_name>
		<wp:status><![CDATA[publish]]></wp:status>
		<wp:post_parent>19387</wp:post_parent>
		<wp:menu_order>4</wp:menu_order>
		<wp:post_type><![CDATA[page]]></wp:post_type>
		<wp:post_password><![CDATA[]]></wp:post_password>
		<wp:is_sticky>0</wp:is_sticky>
														</item>
					<item>
		<title><![CDATA[Level 3]]></title>
		<link>http://localhost/sass-wp/level-1/level-2/level-3/</link>
		<pubDate>Tue, 11 Dec 2007 06:23:16 +0000</pubDate>
		<dc:creator><![CDATA[webmaster]]></dc:creator>
		<guid isPermaLink="false">https://wpthemetestdata.wordpress.com/level-3/</guid>
		<description></description>
		<content:encoded><![CDATA[Level 3 of the reverse hierarchy test.]]></content:encoded>
		<excerpt:encoded><![CDATA[]]></excerpt:encoded>
		<wp:post_id>172</wp:post_id>
		<wp:post_date><![CDATA[2007-12-11 16:23:16]]></wp:post_date>
		<wp:post_date_gmt><![CDATA[2007-12-11 06:23:16]]></wp:post_date_gmt>
		<wp:post_modified><![CDATA[2007-12-11 16:23:16]]></wp:post_modified>
		<wp:post_modified_gmt><![CDATA[2007-12-11 06:23:16]]></wp:post_modified_gmt>
		<wp:comment_status><![CDATA[closed]]></wp:comment_status>
		<wp:ping_status><![CDATA[closed]]></wp:ping_status>
		<wp:post_name><![CDATA[level-3]]></wp:post_name>
		<wp:status><![CDATA[publish]]></wp:status>
		<wp:post_parent>173</wp:post_parent>
		<wp:menu_order>0</wp:menu_order>
		<wp:post_type><![CDATA[page]]></wp:post_type>
		<wp:post_password><![CDATA[]]></wp:post_password>
		<wp:is_sticky>0</wp:is_sticky>
														</item>
					<item>
		<title><![CDATA[Level 2]]></title>
		<link>http://localhost/sass-wp/level-1/level-2/</link>
		<pubDate>Tue, 11 Dec 2007 06:23:33 +0000</pubDate>
		<dc:creator><![CDATA[webmaster]]></dc:creator>
		<guid isPermaLink="false">https://wpthemetestdata.wordpress.com/level-2/</guid>
		<description></description>
		<content:encoded><![CDATA[Level 2 of the reverse hierarchy test.]]></content:encoded>
		<excerpt:encoded><![CDATA[]]></excerpt:encoded>
		<wp:post_id>173</wp:post_id>
		<wp:post_date><![CDATA[2007-12-11 16:23:33]]></wp:post_date>
		<wp:post_date_gmt><![CDATA[2007-12-11 06:23:33]]></wp:post_date_gmt>
		<wp:post_modified><![CDATA[2007-12-11 16:23:33]]></wp:post_modified>
		<wp:post_modified_gmt><![CDATA[2007-12-11 06:23:33]]></wp:post_modified_gmt>
		<wp:comment_status><![CDATA[closed]]></wp:comment_status>
		<wp:ping_status><![CDATA[closed]]></wp:ping_status>
		<wp:post_name><![CDATA[level-2]]></wp:post_name>
		<wp:status><![CDATA[publish]]></wp:status>
		<wp:post_parent>174</wp:post_parent>
		<wp:menu_order>0</wp:menu_order>
		<wp:post_type><![CDATA[page]]></wp:post_type>
		<wp:post_password><![CDATA[]]></wp:post_password>
		<wp:is_sticky>0</wp:is_sticky>
														</item>
					<item>
		<title><![CDATA[Level 1]]></title>
		<link>http://localhost/sass-wp/level-1/</link>
		<pubDate>Tue, 11 Dec 2007 23:25:40 +0000</pubDate>
		<dc:creator><![CDATA[webmaster]]></dc:creator>
		<guid isPermaLink="false">https://wpthemetestdata.wordpress.com/level-1/</guid>
		<description></description>
		<content:encoded><![CDATA[Level 1 of the reverse hierarchy test.  This is to make sure the importer correctly assigns parents and children even when the children come first in the export file.]]></content:encoded>
		<excerpt:encoded><![CDATA[]]></excerpt:encoded>
		<wp:post_id>174</wp:post_id>
		<wp:post_date><![CDATA[2007-12-11 16:25:40]]></wp:post_date>
		<wp:post_date_gmt><![CDATA[2007-12-11 23:25:40]]></wp:post_date_gmt>
		<wp:post_modified><![CDATA[2007-12-11 16:25:40]]></wp:post_modified>
		<wp:post_modified_gmt><![CDATA[2007-12-11 23:25:40]]></wp:post_modified_gmt>
		<wp:comment_status><![CDATA[closed]]></wp:comment_status>
		<wp:ping_status><![CDATA[closed]]></wp:ping_status>
		<wp:post_name><![CDATA[level-1]]></wp:post_name>
		<wp:status><![CDATA[publish]]></wp:status>
		<wp:post_parent>0</wp:post_parent>
		<wp:menu_order>5</wp:menu_order>
		<wp:post_type><![CDATA[page]]></wp:post_type>
		<wp:post_password><![CDATA[]]></wp:post_password>
		<wp:is_sticky>0</wp:is_sticky>
														</item>
					<item>
		<title><![CDATA[PÃ¡gina de inicio]]></title>
		<link>http://localhost/sass-wp/?page_id=19336</link>
		<pubDate></pubDate>
		<dc:creator><![CDATA[webmaster]]></dc:creator>
		<guid isPermaLink="false">http://localhost/sass-wp/?page_id=19336</guid>
		<description></description>
		<content:encoded><![CDATA[<!-- wp:image {"align":"full","id":0,"linkDestination":"none"} -->
<figure class="wp-block-image alignfull"><img src="http://localhost/sass-wp/wp-content/themes/go/partials/layouts/images/2x3.jpg" alt="DescripciÃ³n de la imagen"/></figure>
<!-- /wp:image -->

<!-- wp:heading {"align":"center"} -->
<h2>Nuestro enfoque refleja la gente a la que servimos. Somos diversos, pero iguales.</h2>
<!-- /wp:heading -->

<!-- wp:button {"align":"center","className":"is-style-default"} -->
<div class="wp-block-button aligncenter is-style-default"><a class="wp-block-button__link" href="https://godaddy.com">MÃ¡s InformaciÃ³n</a></div>
<!-- /wp:button -->

<!-- wp:gallery {"ids":[1,2],"linkTo":"none","align":"wide"} -->
<figure class="wp-block-gallery alignwide columns-2 is-cropped"><ul class="blocks-gallery-grid"><li class="blocks-gallery-item"><figure><img src="http://localhost/sass-wp/wp-content/themes/go/partials/layouts/images/1x1.jpg" alt="DescripciÃ³n de la imagen" data-id="1" class="wp-image-1"/></figure></li><li class="blocks-gallery-item"><figure><img src="http://localhost/sass-wp/wp-content/themes/go/partials/layouts/images/1x1.jpg" alt="DescripciÃ³n de la imagen" data-id="2" class="wp-image-2"/></figure></li></ul></figure>
<!-- /wp:gallery -->

<!-- wp:columns {"align":"wide"} -->
<div class="wp-block-columns alignwide"><!-- wp:column {"width":40} -->
<div class="wp-block-column" style="flex-basis:40%"><!-- wp:quote -->
<blockquote class="wp-block-quote"><p>We are 100% committed to quality. From the coffee we source, to the love with which it is roasted by.</p><cite>Jenna Stone, Founder</cite></blockquote>
<!-- /wp:quote --></div>
<!-- /wp:column -->

<!-- wp:column {"width":60} -->
<div class="wp-block-column" style="flex-basis:60%"><!-- wp:paragraph -->
<p>Cuando montamos el negocio con una mÃ¡quina de cafÃ© expreso en la parte delantera y una tostadora en la parte trasera, esperÃ¡bamos ser algÃºn dÃ­a parte de la rica tradiciÃ³n de servicio y logros culinarios de Nueva York. Cada dÃ­a esta aspiraciÃ³n nos impulsa.</p>
<!-- /wp:paragraph -->

<!-- wp:paragraph -->
<p>La energÃ­a de la ciudad nos une. Nos impulsa a ser los mejores.</p>
<!-- /wp:paragraph -->

<!-- wp:paragraph -->
<p>Esta nueva cafeterÃ­a, situada en el centro de Scottsdale, es una de las mejores cafeterÃ­as en las que he estado, y crÃ©eme cuando digo que he estado en muchas. Los dueÃ±os y el personal te harÃ¡n sentir como un viejo amigo o incluso familia.</p>
<!-- /wp:paragraph -->

<!-- wp:button -->
<div class="wp-block-button"><a class="wp-block-button__link" href="https://godaddy.com">Coge una taza</a></div>
<!-- /wp:button --></div>
<!-- /wp:column --></div>
<!-- /wp:columns -->

<!-- wp:image {"align":"full","id":3,"linkDestination":"none"} -->
<figure class="wp-block-image alignfull"><img src="http://localhost/sass-wp/wp-content/themes/go/partials/layouts/images/2x3.jpg" alt="DescripciÃ³n de la imagen" class="wp-image-3"/></figure>
<!-- /wp:image -->]]></content:encoded>
		<excerpt:encoded><![CDATA[]]></excerpt:encoded>
		<wp:post_id>19336</wp:post_id>
		<wp:post_date><![CDATA[2021-08-19 21:54:52]]></wp:post_date>
		<wp:post_date_gmt><![CDATA[0000-00-00 00:00:00]]></wp:post_date_gmt>
		<wp:post_modified><![CDATA[2021-08-19 21:54:52]]></wp:post_modified>
		<wp:post_modified_gmt><![CDATA[2021-08-19 21:54:52]]></wp:post_modified_gmt>
		<wp:comment_status><![CDATA[closed]]></wp:comment_status>
		<wp:ping_status><![CDATA[closed]]></wp:ping_status>
		<wp:post_name><![CDATA[]]></wp:post_name>
		<wp:status><![CDATA[draft]]></wp:status>
		<wp:post_parent>0</wp:post_parent>
		<wp:menu_order>0</wp:menu_order>
		<wp:post_type><![CDATA[page]]></wp:post_type>
		<wp:post_password><![CDATA[]]></wp:post_password>
		<wp:is_sticky>0</wp:is_sticky>
														</item>
					<item>
		<title><![CDATA[About The Tests]]></title>
		<link>http://localhost/sass-wp/about/</link>
		<pubDate>Mon, 26 Jul 2010 02:40:01 +0000</pubDate>
		<dc:creator><![CDATA[webmaster]]></dc:creator>
		<guid isPermaLink="false">https://wpthemetestdata.wordpress.com/about/</guid>
		<description></description>
		<content:encoded><![CDATA[This site is using the standard WordPress Theme Unit Test Data for content. The Theme Unit Test is a series of posts and pages that match up with a checklist on the WordPress codex. You can use the data and checklist together to test your theme. It is recommended that you test your theme with the Theme Unit Test before submitting your theme to the WordPress.org theme directory.

<h2>WordPress Theme Development Resources</h2>

<ol>
	<li>See <a href="https://developer.wordpress.org/themes/">the WordPress Theme Developer Handbook</a> for examples of best practices.</li>
	<li>See <a href="https://developer.wordpress.org/reference/">the WordPress Code Reference</a> for more information about WordPress' functions, classes, methods, and hooks.</li>
	<li>See <a href="https://codex.wordpress.org/Theme_Unit_Test">Theme Unit Test</a> for a robust test suite for your Theme and get the latest version of the test data you see here.</li>
	<li>See <a href="https://developer.wordpress.org/themes/release/">Releasing Your Theme</a> for a guide to submitting your Theme to the <a href="https://wordpress.org/themes/">Theme Directory</a>.</li>
</ol>]]></content:encoded>
		<excerpt:encoded><![CDATA[]]></excerpt:encoded>
		<wp:post_id>19387</wp:post_id>
		<wp:post_date><![CDATA[2010-07-25 19:40:01]]></wp:post_date>
		<wp:post_date_gmt><![CDATA[2010-07-26 02:40:01]]></wp:post_date_gmt>
		<wp:post_modified><![CDATA[2010-07-25 19:40:01]]></wp:post_modified>
		<wp:post_modified_gmt><![CDATA[2010-07-26 02:40:01]]></wp:post_modified_gmt>
		<wp:comment_status><![CDATA[closed]]></wp:comment_status>
		<wp:ping_status><![CDATA[closed]]></wp:ping_status>
		<wp:post_name><![CDATA[about]]></wp:post_name>
		<wp:status><![CDATA[publish]]></wp:status>
		<wp:post_parent>0</wp:post_parent>
		<wp:menu_order>1</wp:menu_order>
		<wp:post_type><![CDATA[page]]></wp:post_type>
		<wp:post_password><![CDATA[]]></wp:post_password>
		<wp:is_sticky>0</wp:is_sticky>
														</item>
					<item>
		<title><![CDATA[Clearing Floats]]></title>
		<link>http://localhost/sass-wp/about/clearing-floats/</link>
		<pubDate>Sun, 01 Aug 2010 16:42:26 +0000</pubDate>
		<dc:creator><![CDATA[webmaster]]></dc:creator>
		<guid isPermaLink="false">https://wpthemetestdata.wordpress.com/</guid>
		<description></description>
		<content:encoded><![CDATA[The last item in this page's content is a thumbnail floated left. There should be page links following it. Make sure any elements after the content are clearing properly.

  The float is cleared when it does not stick out the bottom of the parent container, and when other elements that follow it do not wrap around the floated element.

<img class="alignleft size-thumbnail wp-image-827" title="Camera" src="http://localhost/sass-wp/wp-content/uploads/2010/08/manhattansummer.jpg?w=150" alt="" width="160" /> <!--nextpage-->This is the second page]]></content:encoded>
		<excerpt:encoded><![CDATA[]]></excerpt:encoded>
		<wp:post_id>19388</wp:post_id>
		<wp:post_date><![CDATA[2010-08-01 09:42:26]]></wp:post_date>
		<wp:post_date_gmt><![CDATA[2010-08-01 16:42:26]]></wp:post_date_gmt>
		<wp:post_modified><![CDATA[2010-08-01 09:42:26]]></wp:post_modified>
		<wp:post_modified_gmt><![CDATA[2010-08-01 16:42:26]]></wp:post_modified_gmt>
		<wp:comment_status><![CDATA[closed]]></wp:comment_status>
		<wp:ping_status><![CDATA[closed]]></wp:ping_status>
		<wp:post_name><![CDATA[clearing-floats]]></wp:post_name>
		<wp:status><![CDATA[publish]]></wp:status>
		<wp:post_parent>19387</wp:post_parent>
		<wp:menu_order>2</wp:menu_order>
		<wp:post_type><![CDATA[page]]></wp:post_type>
		<wp:post_password><![CDATA[]]></wp:post_password>
		<wp:is_sticky>0</wp:is_sticky>
														</item>
					<item>
		<title><![CDATA[Front Page]]></title>
		<link>http://localhost/sass-wp/front-page/</link>
		<pubDate>Sat, 21 May 2011 01:49:43 +0000</pubDate>
		<dc:creator><![CDATA[webmaster]]></dc:creator>
		<guid isPermaLink="false">https://wpthemetestdata.wordpress.com/?page_id=701</guid>
		<description></description>
		<content:encoded><![CDATA[Use this static Page to test the Theme's handling of the Front Page template file.

This is the Front Page content. Use this static Page to test the Front Page output of the Theme. The Theme should properly handle both Blog Posts Index as Front Page and static Page as Front Page.

If the site is set to display the Blog Posts Index as the Front Page, then this text should not be visible. If the site is set to display a static Page as the Front Page, then this text may or may not be visible. If the Theme does not include a front-page.php template file, then this text should appear on the Front Page when set to display a static Page. If the Theme does include a front-page.php template file, then this text may or may not appear.]]></content:encoded>
		<excerpt:encoded><![CDATA[]]></excerpt:encoded>
		<wp:post_id>19392</wp:post_id>
		<wp:post_date><![CDATA[2011-05-20 18:49:43]]></wp:post_date>
		<wp:post_date_gmt><![CDATA[2011-05-21 01:49:43]]></wp:post_date_gmt>
		<wp:post_modified><![CDATA[2011-05-20 18:49:43]]></wp:post_modified>
		<wp:post_modified_gmt><![CDATA[2011-05-21 01:49:43]]></wp:post_modified_gmt>
		<wp:comment_status><![CDATA[open]]></wp:comment_status>
		<wp:ping_status><![CDATA[closed]]></wp:ping_status>
		<wp:post_name><![CDATA[front-page]]></wp:post_name>
		<wp:status><![CDATA[publish]]></wp:status>
		<wp:post_parent>0</wp:post_parent>
		<wp:menu_order>0</wp:menu_order>
		<wp:post_type><![CDATA[page]]></wp:post_type>
		<wp:post_password><![CDATA[]]></wp:post_password>
		<wp:is_sticky>0</wp:is_sticky>
														</item>
					<item>
		<title><![CDATA[a Blog page]]></title>
		<link>http://localhost/sass-wp/blog/</link>
		<pubDate>Sat, 21 May 2011 01:51:43 +0000</pubDate>
		<dc:creator><![CDATA[webmaster]]></dc:creator>
		<guid isPermaLink="false">https://wpthemetestdata.wordpress.com/?page_id=703</guid>
		<description></description>
		<content:encoded><![CDATA[Use this static Page to test the Theme's handling of the Blog Posts Index page. If the site is set to display a static Page on the Front Page, and this Page is set to display the Blog Posts Index, then this text should not appear. The title might, so make sure the theme is not supplying a hard-coded title for the Blog Post Index.]]></content:encoded>
		<excerpt:encoded><![CDATA[]]></excerpt:encoded>
		<wp:post_id>19393</wp:post_id>
		<wp:post_date><![CDATA[2011-05-20 18:51:43]]></wp:post_date>
		<wp:post_date_gmt><![CDATA[2011-05-21 01:51:43]]></wp:post_date_gmt>
		<wp:post_modified><![CDATA[2011-05-20 18:51:43]]></wp:post_modified>
		<wp:post_modified_gmt><![CDATA[2011-05-21 01:51:43]]></wp:post_modified_gmt>
		<wp:comment_status><![CDATA[open]]></wp:comment_status>
		<wp:ping_status><![CDATA[closed]]></wp:ping_status>
		<wp:post_name><![CDATA[blog]]></wp:post_name>
		<wp:status><![CDATA[publish]]></wp:status>
		<wp:post_parent>0</wp:post_parent>
		<wp:menu_order>0</wp:menu_order>
		<wp:post_type><![CDATA[page]]></wp:post_type>
		<wp:post_password><![CDATA[]]></wp:post_password>
		<wp:is_sticky>0</wp:is_sticky>
														<wp:comment>
			<wp:comment_id>6</wp:comment_id>
			<wp:comment_author><![CDATA[ken]]></wp:comment_author>
			<wp:comment_author_email><![CDATA[example@example.com]]></wp:comment_author_email>
			<wp:comment_author_url></wp:comment_author_url>
			<wp:comment_author_IP><![CDATA[]]></wp:comment_author_IP>
			<wp:comment_date><![CDATA[2014-11-29 21:03:05]]></wp:comment_date>
			<wp:comment_date_gmt><![CDATA[2014-11-30 04:03:05]]></wp:comment_date_gmt>
			<wp:comment_content><![CDATA[I want to learn how to make chinese eggrolls]]></wp:comment_content>
			<wp:comment_approved><![CDATA[0]]></wp:comment_approved>
			<wp:comment_type><![CDATA[comment]]></wp:comment_type>
			<wp:comment_parent>0</wp:comment_parent>
			<wp:comment_user_id>0</wp:comment_user_id>
							</wp:comment>
					</item>
					<item>
		<title><![CDATA[]]></title>
		<link>http://localhost/sass-wp/19483/</link>
		<pubDate>Fri, 03 Sep 2021 17:28:53 +0000</pubDate>
		<dc:creator><![CDATA[webmaster]]></dc:creator>
		<guid isPermaLink="false">http://localhost/sass-wp/19483/</guid>
		<description></description>
		<content:encoded><![CDATA[ ]]></content:encoded>
		<excerpt:encoded><![CDATA[]]></excerpt:encoded>
		<wp:post_id>19483</wp:post_id>
		<wp:post_date><![CDATA[2021-09-03 18:31:24]]></wp:post_date>
		<wp:post_date_gmt><![CDATA[2021-09-03 17:28:53]]></wp:post_date_gmt>
		<wp:post_modified><![CDATA[2021-09-03 18:31:24]]></wp:post_modified>
		<wp:post_modified_gmt><![CDATA[2021-09-03 18:31:24]]></wp:post_modified_gmt>
		<wp:comment_status><![CDATA[closed]]></wp:comment_status>
		<wp:ping_status><![CDATA[closed]]></wp:ping_status>
		<wp:post_name><![CDATA[19483]]></wp:post_name>
		<wp:status><![CDATA[publish]]></wp:status>
		<wp:post_parent>174</wp:post_parent>
		<wp:menu_order>15</wp:menu_order>
		<wp:post_type><![CDATA[nav_menu_item]]></wp:post_type>
		<wp:post_password><![CDATA[]]></wp:post_password>
		<wp:is_sticky>0</wp:is_sticky>
										<category domain="nav_menu" nicename="all-pages"><![CDATA[All Pages]]></category>
						<wp:postmeta>
		<wp:meta_key><![CDATA[_menu_item_type]]></wp:meta_key>
		<wp:meta_value><![CDATA[post_type]]></wp:meta_value>
		</wp:postmeta>
							<wp:postmeta>
		<wp:meta_key><![CDATA[_menu_item_menu_item_parent]]></wp:meta_key>
		<wp:meta_value><![CDATA[19452]]></wp:meta_value>
		</wp:postmeta>
							<wp:postmeta>
		<wp:meta_key><![CDATA[_menu_item_object_id]]></wp:meta_key>
		<wp:meta_value><![CDATA[19467]]></wp:meta_value>
		</wp:postmeta>
							<wp:postmeta>
		<wp:meta_key><![CDATA[_menu_item_object]]></wp:meta_key>
		<wp:meta_value><![CDATA[page]]></wp:meta_value>
		</wp:postmeta>
							<wp:postmeta>
		<wp:meta_key><![CDATA[_menu_item_target]]></wp:meta_key>
		<wp:meta_value><![CDATA[]]></wp:meta_value>
		</wp:postmeta>
							<wp:postmeta>
		<wp:meta_key><![CDATA[_menu_item_classes]]></wp:meta_key>
		<wp:meta_value><![CDATA[a:1:{i:0;s:0:"";}]]></wp:meta_value>
		</wp:postmeta>
							<wp:postmeta>
		<wp:meta_key><![CDATA[_menu_item_xfn]]></wp:meta_key>
		<wp:meta_value><![CDATA[]]></wp:meta_value>
		</wp:postmeta>
							<wp:postmeta>
		<wp:meta_key><![CDATA[_menu_item_url]]></wp:meta_key>
		<wp:meta_value><![CDATA[]]></wp:meta_value>
		</wp:postmeta>
							</item>
					<item>
		<title><![CDATA[]]></title>
		<link>http://localhost/sass-wp/19484/</link>
		<pubDate>Fri, 03 Sep 2021 17:28:53 +0000</pubDate>
		<dc:creator><![CDATA[webmaster]]></dc:creator>
		<guid isPermaLink="false">http://localhost/sass-wp/19484/</guid>
		<description></description>
		<content:encoded><![CDATA[ ]]></content:encoded>
		<excerpt:encoded><![CDATA[]]></excerpt:encoded>
		<wp:post_id>19484</wp:post_id>
		<wp:post_date><![CDATA[2021-09-03 18:31:24]]></wp:post_date>
		<wp:post_date_gmt><![CDATA[2021-09-03 17:28:53]]></wp:post_date_gmt>
		<wp:post_modified><![CDATA[2021-09-03 18:31:24]]></wp:post_modified>
		<wp:post_modified_gmt><![CDATA[2021-09-03 18:31:24]]></wp:post_modified_gmt>
		<wp:comment_status><![CDATA[closed]]></wp:comment_status>
		<wp:ping_status><![CDATA[closed]]></wp:ping_status>
		<wp:post_name><![CDATA[19484]]></wp:post_name>
		<wp:status><![CDATA[publish]]></wp:status>
		<wp:post_parent>0</wp:post_parent>
		<wp:menu_order>17</wp:menu_order>
		<wp:post_type><![CDATA[nav_menu_item]]></wp:post_type>
		<wp:post_password><![CDATA[]]></wp:post_password>
		<wp:is_sticky>0</wp:is_sticky>
										<category domain="nav_menu" nicename="all-pages"><![CDATA[All Pages]]></category>
						<wp:postmeta>
		<wp:meta_key><![CDATA[_menu_item_type]]></wp:meta_key>
		<wp:meta_value><![CDATA[post_type]]></wp:meta_value>
		</wp:postmeta>
							<wp:postmeta>
		<wp:meta_key><![CDATA[_menu_item_menu_item_parent]]></wp:meta_key>
		<wp:meta_value><![CDATA[0]]></wp:meta_value>
		</wp:postmeta>
							<wp:postmeta>
		<wp:meta_key><![CDATA[_menu_item_object_id]]></wp:meta_key>
		<wp:meta_value><![CDATA[19465]]></wp:meta_value>
		</wp:postmeta>
							<wp:postmeta>
		<wp:meta_key><![CDATA[_menu_item_object]]></wp:meta_key>
		<wp:meta_value><![CDATA[page]]></wp:meta_value>
		</wp:postmeta>
							<wp:postmeta>
		<wp:meta_key><![CDATA[_menu_item_target]]></wp:meta_key>
		<wp:meta_value><![CDATA[]]></wp:meta_value>
		</wp:postmeta>
							<wp:postmeta>
		<wp:meta_key><![CDATA[_menu_item_classes]]></wp:meta_key>
		<wp:meta_value><![CDATA[a:1:{i:0;s:0:"";}]]></wp:meta_value>
		</wp:postmeta>
							<wp:postmeta>
		<wp:meta_key><![CDATA[_menu_item_xfn]]></wp:meta_key>
		<wp:meta_value><![CDATA[]]></wp:meta_value>
		</wp:postmeta>
							<wp:postmeta>
		<wp:meta_key><![CDATA[_menu_item_url]]></wp:meta_key>
		<wp:meta_value><![CDATA[]]></wp:meta_value>
		</wp:postmeta>
							</item>
					<item>
		<title><![CDATA[]]></title>
		<link>http://localhost/sass-wp/19485/</link>
		<pubDate>Fri, 03 Sep 2021 17:28:54 +0000</pubDate>
		<dc:creator><![CDATA[webmaster]]></dc:creator>
		<guid isPermaLink="false">http://localhost/sass-wp/19485/</guid>
		<description></description>
		<content:encoded><![CDATA[ ]]></content:encoded>
		<excerpt:encoded><![CDATA[]]></excerpt:encoded>
		<wp:post_id>19485</wp:post_id>
		<wp:post_date><![CDATA[2021-09-03 18:31:24]]></wp:post_date>
		<wp:post_date_gmt><![CDATA[2021-09-03 17:28:54]]></wp:post_date_gmt>
		<wp:post_modified><![CDATA[2021-09-03 18:31:24]]></wp:post_modified>
		<wp:post_modified_gmt><![CDATA[2021-09-03 18:31:24]]></wp:post_modified_gmt>
		<wp:comment_status><![CDATA[closed]]></wp:comment_status>
		<wp:ping_status><![CDATA[closed]]></wp:ping_status>
		<wp:post_name><![CDATA[19485]]></wp:post_name>
		<wp:status><![CDATA[publish]]></wp:status>
		<wp:post_parent>0</wp:post_parent>
		<wp:menu_order>18</wp:menu_order>
		<wp:post_type><![CDATA[nav_menu_item]]></wp:post_type>
		<wp:post_password><![CDATA[]]></wp:post_password>
		<wp:is_sticky>0</wp:is_sticky>
										<category domain="nav_menu" nicename="all-pages"><![CDATA[All Pages]]></category>
						<wp:postmeta>
		<wp:meta_key><![CDATA[_menu_item_type]]></wp:meta_key>
		<wp:meta_value><![CDATA[post_type]]></wp:meta_value>
		</wp:postmeta>
							<wp:postmeta>
		<wp:meta_key><![CDATA[_menu_item_menu_item_parent]]></wp:meta_key>
		<wp:meta_value><![CDATA[0]]></wp:meta_value>
		</wp:postmeta>
							<wp:postmeta>
		<wp:meta_key><![CDATA[_menu_item_object_id]]></wp:meta_key>
		<wp:meta_value><![CDATA[735]]></wp:meta_value>
		</wp:postmeta>
							<wp:postmeta>
		<wp:meta_key><![CDATA[_menu_item_object]]></wp:meta_key>
		<wp:meta_value><![CDATA[page]]></wp:meta_value>
		</wp:postmeta>
							<wp:postmeta>
		<wp:meta_key><![CDATA[_menu_item_target]]></wp:meta_key>
		<wp:meta_value><![CDATA[]]></wp:meta_value>
		</wp:postmeta>
							<wp:postmeta>
		<wp:meta_key><![CDATA[_menu_item_classes]]></wp:meta_key>
		<wp:meta_value><![CDATA[a:1:{i:0;s:0:"";}]]></wp:meta_value>
		</wp:postmeta>
							<wp:postmeta>
		<wp:meta_key><![CDATA[_menu_item_xfn]]></wp:meta_key>
		<wp:meta_value><![CDATA[]]></wp:meta_value>
		</wp:postmeta>
							<wp:postmeta>
		<wp:meta_key><![CDATA[_menu_item_url]]></wp:meta_key>
		<wp:meta_value><![CDATA[]]></wp:meta_value>
		</wp:postmeta>
							</item>
					<item>
		<title><![CDATA[]]></title>
		<link>http://localhost/sass-wp/22818/</link>
		<pubDate>Mon, 13 Sep 2021 17:14:17 +0000</pubDate>
		<dc:creator><![CDATA[webmaster]]></dc:creator>
		<guid isPermaLink="false">http://localhost/sass-wp/22818/</guid>
		<description></description>
		<content:encoded><![CDATA[ ]]></content:encoded>
		<excerpt:encoded><![CDATA[]]></excerpt:encoded>
		<wp:post_id>22818</wp:post_id>
		<wp:post_date><![CDATA[2021-09-13 17:14:17]]></wp:post_date>
		<wp:post_date_gmt><![CDATA[2021-09-13 17:14:17]]></wp:post_date_gmt>
		<wp:post_modified><![CDATA[2021-09-13 17:14:17]]></wp:post_modified>
		<wp:post_modified_gmt><![CDATA[2021-09-13 17:14:17]]></wp:post_modified_gmt>
		<wp:comment_status><![CDATA[closed]]></wp:comment_status>
		<wp:ping_status><![CDATA[closed]]></wp:ping_status>
		<wp:post_name><![CDATA[22818]]></wp:post_name>
		<wp:status><![CDATA[publish]]></wp:status>
		<wp:post_parent>0</wp:post_parent>
		<wp:menu_order>19</wp:menu_order>
		<wp:post_type><![CDATA[nav_menu_item]]></wp:post_type>
		<wp:post_password><![CDATA[]]></wp:post_password>
		<wp:is_sticky>0</wp:is_sticky>
										<category domain="nav_menu" nicename="all-pages"><![CDATA[All Pages]]></category>
						<wp:postmeta>
		<wp:meta_key><![CDATA[_menu_item_type]]></wp:meta_key>
		<wp:meta_value><![CDATA[post_type]]></wp:meta_value>
		</wp:postmeta>
							<wp:postmeta>
		<wp:meta_key><![CDATA[_menu_item_menu_item_parent]]></wp:meta_key>
		<wp:meta_value><![CDATA[0]]></wp:meta_value>
		</wp:postmeta>
							<wp:postmeta>
		<wp:meta_key><![CDATA[_menu_item_object_id]]></wp:meta_key>
		<wp:meta_value><![CDATA[22817]]></wp:meta_value>
		</wp:postmeta>
							<wp:postmeta>
		<wp:meta_key><![CDATA[_menu_item_object]]></wp:meta_key>
		<wp:meta_value><![CDATA[page]]></wp:meta_value>
		</wp:postmeta>
							<wp:postmeta>
		<wp:meta_key><![CDATA[_menu_item_target]]></wp:meta_key>
		<wp:meta_value><![CDATA[]]></wp:meta_value>
		</wp:postmeta>
							<wp:postmeta>
		<wp:meta_key><![CDATA[_menu_item_classes]]></wp:meta_key>
		<wp:meta_value><![CDATA[a:1:{i:0;s:0:"";}]]></wp:meta_value>
		</wp:postmeta>
							<wp:postmeta>
		<wp:meta_key><![CDATA[_menu_item_xfn]]></wp:meta_key>
		<wp:meta_value><![CDATA[]]></wp:meta_value>
		</wp:postmeta>
							<wp:postmeta>
		<wp:meta_key><![CDATA[_menu_item_url]]></wp:meta_key>
		<wp:meta_value><![CDATA[]]></wp:meta_value>
		</wp:postmeta>
							</item>
					<item>
		<title><![CDATA[]]></title>
		<link>http://localhost/sass-wp/22821/</link>
		<pubDate>Mon, 13 Sep 2021 17:22:38 +0000</pubDate>
		<dc:creator><![CDATA[webmaster]]></dc:creator>
		<guid isPermaLink="false">http://localhost/sass-wp/22821/</guid>
		<description></description>
		<content:encoded><![CDATA[ ]]></content:encoded>
		<excerpt:encoded><![CDATA[]]></excerpt:encoded>
		<wp:post_id>22821</wp:post_id>
		<wp:post_date><![CDATA[2021-09-13 17:22:38]]></wp:post_date>
		<wp:post_date_gmt><![CDATA[2021-09-13 17:22:38]]></wp:post_date_gmt>
		<wp:post_modified><![CDATA[2021-09-13 17:22:38]]></wp:post_modified>
		<wp:post_modified_gmt><![CDATA[2021-09-13 17:22:38]]></wp:post_modified_gmt>
		<wp:comment_status><![CDATA[closed]]></wp:comment_status>
		<wp:ping_status><![CDATA[closed]]></wp:ping_status>
		<wp:post_name><![CDATA[22821]]></wp:post_name>
		<wp:status><![CDATA[publish]]></wp:status>
		<wp:post_parent>0</wp:post_parent>
		<wp:menu_order>19</wp:menu_order>
		<wp:post_type><![CDATA[nav_menu_item]]></wp:post_type>
		<wp:post_password><![CDATA[]]></wp:post_password>
		<wp:is_sticky>0</wp:is_sticky>
										<category domain="nav_menu" nicename="all-pages"><![CDATA[All Pages]]></category>
						<wp:postmeta>
		<wp:meta_key><![CDATA[_menu_item_type]]></wp:meta_key>
		<wp:meta_value><![CDATA[post_type]]></wp:meta_value>
		</wp:postmeta>
							<wp:postmeta>
		<wp:meta_key><![CDATA[_menu_item_menu_item_parent]]></wp:meta_key>
		<wp:meta_value><![CDATA[0]]></wp:meta_value>
		</wp:postmeta>
							<wp:postmeta>
		<wp:meta_key><![CDATA[_menu_item_object_id]]></wp:meta_key>
		<wp:meta_value><![CDATA[22820]]></wp:meta_value>
		</wp:postmeta>
							<wp:postmeta>
		<wp:meta_key><![CDATA[_menu_item_object]]></wp:meta_key>
		<wp:meta_value><![CDATA[page]]></wp:meta_value>
		</wp:postmeta>
							<wp:postmeta>
		<wp:meta_key><![CDATA[_menu_item_target]]></wp:meta_key>
		<wp:meta_value><![CDATA[]]></wp:meta_value>
		</wp:postmeta>
							<wp:postmeta>
		<wp:meta_key><![CDATA[_menu_item_classes]]></wp:meta_key>
		<wp:meta_value><![CDATA[a:1:{i:0;s:0:"";}]]></wp:meta_value>
		</wp:postmeta>
							<wp:postmeta>
		<wp:meta_key><![CDATA[_menu_item_xfn]]></wp:meta_key>
		<wp:meta_value><![CDATA[]]></wp:meta_value>
		</wp:postmeta>
							<wp:postmeta>
		<wp:meta_key><![CDATA[_menu_item_url]]></wp:meta_key>
		<wp:meta_value><![CDATA[]]></wp:meta_value>
		</wp:postmeta>
							</item>
					<item>
		<title><![CDATA[]]></title>
		<link>http://localhost/sass-wp/22824/</link>
		<pubDate>Mon, 13 Sep 2021 17:29:48 +0000</pubDate>
		<dc:creator><![CDATA[webmaster]]></dc:creator>
		<guid isPermaLink="false">http://localhost/sass-wp/22824/</guid>
		<description></description>
		<content:encoded><![CDATA[ ]]></content:encoded>
		<excerpt:encoded><![CDATA[]]></excerpt:encoded>
		<wp:post_id>22824</wp:post_id>
		<wp:post_date><![CDATA[2021-09-13 17:29:48]]></wp:post_date>
		<wp:post_date_gmt><![CDATA[2021-09-13 17:29:48]]></wp:post_date_gmt>
		<wp:post_modified><![CDATA[2021-09-13 17:29:48]]></wp:post_modified>
		<wp:post_modified_gmt><![CDATA[2021-09-13 17:29:48]]></wp:post_modified_gmt>
		<wp:comment_status><![CDATA[closed]]></wp:comment_status>
		<wp:ping_status><![CDATA[closed]]></wp:ping_status>
		<wp:post_name><![CDATA[22824]]></wp:post_name>
		<wp:status><![CDATA[publish]]></wp:status>
		<wp:post_parent>0</wp:post_parent>
		<wp:menu_order>20</wp:menu_order>
		<wp:post_type><![CDATA[nav_menu_item]]></wp:post_type>
		<wp:post_password><![CDATA[]]></wp:post_password>
		<wp:is_sticky>0</wp:is_sticky>
										<category domain="nav_menu" nicename="all-pages"><![CDATA[All Pages]]></category>
						<wp:postmeta>
		<wp:meta_key><![CDATA[_menu_item_type]]></wp:meta_key>
		<wp:meta_value><![CDATA[post_type]]></wp:meta_value>
		</wp:postmeta>
							<wp:postmeta>
		<wp:meta_key><![CDATA[_menu_item_menu_item_parent]]></wp:meta_key>
		<wp:meta_value><![CDATA[0]]></wp:meta_value>
		</wp:postmeta>
							<wp:postmeta>
		<wp:meta_key><![CDATA[_menu_item_object_id]]></wp:meta_key>
		<wp:meta_value><![CDATA[22823]]></wp:meta_value>
		</wp:postmeta>
							<wp:postmeta>
		<wp:meta_key><![CDATA[_menu_item_object]]></wp:meta_key>
		<wp:meta_value><![CDATA[page]]></wp:meta_value>
		</wp:postmeta>
							<wp:postmeta>
		<wp:meta_key><![CDATA[_menu_item_target]]></wp:meta_key>
		<wp:meta_value><![CDATA[]]></wp:meta_value>
		</wp:postmeta>
							<wp:postmeta>
		<wp:meta_key><![CDATA[_menu_item_classes]]></wp:meta_key>
		<wp:meta_value><![CDATA[a:1:{i:0;s:0:"";}]]></wp:meta_value>
		</wp:postmeta>
							<wp:postmeta>
		<wp:meta_key><![CDATA[_menu_item_xfn]]></wp:meta_key>
		<wp:meta_value><![CDATA[]]></wp:meta_value>
		</wp:postmeta>
							<wp:postmeta>
		<wp:meta_key><![CDATA[_menu_item_url]]></wp:meta_key>
		<wp:meta_value><![CDATA[]]></wp:meta_value>
		</wp:postmeta>
							</item>
					<item>
		<title><![CDATA[]]></title>
		<link>http://localhost/sass-wp/22827/</link>
		<pubDate>Mon, 13 Sep 2021 17:39:39 +0000</pubDate>
		<dc:creator><![CDATA[webmaster]]></dc:creator>
		<guid isPermaLink="false">http://localhost/sass-wp/22827/</guid>
		<description></description>
		<content:encoded><![CDATA[ ]]></content:encoded>
		<excerpt:encoded><![CDATA[]]></excerpt:encoded>
		<wp:post_id>22827</wp:post_id>
		<wp:post_date><![CDATA[2021-09-13 17:39:39]]></wp:post_date>
		<wp:post_date_gmt><![CDATA[2021-09-13 17:39:39]]></wp:post_date_gmt>
		<wp:post_modified><![CDATA[2021-09-13 17:39:39]]></wp:post_modified>
		<wp:post_modified_gmt><![CDATA[2021-09-13 17:39:39]]></wp:post_modified_gmt>
		<wp:comment_status><![CDATA[closed]]></wp:comment_status>
		<wp:ping_status><![CDATA[closed]]></wp:ping_status>
		<wp:post_name><![CDATA[22827]]></wp:post_name>
		<wp:status><![CDATA[publish]]></wp:status>
		<wp:post_parent>0</wp:post_parent>
		<wp:menu_order>21</wp:menu_order>
		<wp:post_type><![CDATA[nav_menu_item]]></wp:post_type>
		<wp:post_password><![CDATA[]]></wp:post_password>
		<wp:is_sticky>0</wp:is_sticky>
										<category domain="nav_menu" nicename="all-pages"><![CDATA[All Pages]]></category>
						<wp:postmeta>
		<wp:meta_key><![CDATA[_menu_item_type]]></wp:meta_key>
		<wp:meta_value><![CDATA[post_type]]></wp:meta_value>
		</wp:postmeta>
							<wp:postmeta>
		<wp:meta_key><![CDATA[_menu_item_menu_item_parent]]></wp:meta_key>
		<wp:meta_value><![CDATA[0]]></wp:meta_value>
		</wp:postmeta>
							<wp:postmeta>
		<wp:meta_key><![CDATA[_menu_item_object_id]]></wp:meta_key>
		<wp:meta_value><![CDATA[22826]]></wp:meta_value>
		</wp:postmeta>
							<wp:postmeta>
		<wp:meta_key><![CDATA[_menu_item_object]]></wp:meta_key>
		<wp:meta_value><![CDATA[page]]></wp:meta_value>
		</wp:postmeta>
							<wp:postmeta>
		<wp:meta_key><![CDATA[_menu_item_target]]></wp:meta_key>
		<wp:meta_value><![CDATA[]]></wp:meta_value>
		</wp:postmeta>
							<wp:postmeta>
		<wp:meta_key><![CDATA[_menu_item_classes]]></wp:meta_key>
		<wp:meta_value><![CDATA[a:1:{i:0;s:0:"";}]]></wp:meta_value>
		</wp:postmeta>
							<wp:postmeta>
		<wp:meta_key><![CDATA[_menu_item_xfn]]></wp:meta_key>
		<wp:meta_value><![CDATA[]]></wp:meta_value>
		</wp:postmeta>
							<wp:postmeta>
		<wp:meta_key><![CDATA[_menu_item_url]]></wp:meta_key>
		<wp:meta_value><![CDATA[]]></wp:meta_value>
		</wp:postmeta>
							</item>
					<item>
		<title><![CDATA[]]></title>
		<link>http://localhost/sass-wp/22831/</link>
		<pubDate>Tue, 14 Sep 2021 16:23:43 +0000</pubDate>
		<dc:creator><![CDATA[webmaster]]></dc:creator>
		<guid isPermaLink="false">http://localhost/sass-wp/22831/</guid>
		<description></description>
		<content:encoded><![CDATA[ ]]></content:encoded>
		<excerpt:encoded><![CDATA[]]></excerpt:encoded>
		<wp:post_id>22831</wp:post_id>
		<wp:post_date><![CDATA[2021-09-14 16:23:43]]></wp:post_date>
		<wp:post_date_gmt><![CDATA[2021-09-14 16:23:43]]></wp:post_date_gmt>
		<wp:post_modified><![CDATA[2021-09-14 16:23:43]]></wp:post_modified>
		<wp:post_modified_gmt><![CDATA[2021-09-14 16:23:43]]></wp:post_modified_gmt>
		<wp:comment_status><![CDATA[closed]]></wp:comment_status>
		<wp:ping_status><![CDATA[closed]]></wp:ping_status>
		<wp:post_name><![CDATA[22831]]></wp:post_name>
		<wp:status><![CDATA[publish]]></wp:status>
		<wp:post_parent>0</wp:post_parent>
		<wp:menu_order>22</wp:menu_order>
		<wp:post_type><![CDATA[nav_menu_item]]></wp:post_type>
		<wp:post_password><![CDATA[]]></wp:post_password>
		<wp:is_sticky>0</wp:is_sticky>
										<category domain="nav_menu" nicename="all-pages"><![CDATA[All Pages]]></category>
						<wp:postmeta>
		<wp:meta_key><![CDATA[_menu_item_type]]></wp:meta_key>
		<wp:meta_value><![CDATA[post_type]]></wp:meta_value>
		</wp:postmeta>
							<wp:postmeta>
		<wp:meta_key><![CDATA[_menu_item_menu_item_parent]]></wp:meta_key>
		<wp:meta_value><![CDATA[0]]></wp:meta_value>
		</wp:postmeta>
							<wp:postmeta>
		<wp:meta_key><![CDATA[_menu_item_object_id]]></wp:meta_key>
		<wp:meta_value><![CDATA[22830]]></wp:meta_value>
		</wp:postmeta>
							<wp:postmeta>
		<wp:meta_key><![CDATA[_menu_item_object]]></wp:meta_key>
		<wp:meta_value><![CDATA[page]]></wp:meta_value>
		</wp:postmeta>
							<wp:postmeta>
		<wp:meta_key><![CDATA[_menu_item_target]]></wp:meta_key>
		<wp:meta_value><![CDATA[]]></wp:meta_value>
		</wp:postmeta>
							<wp:postmeta>
		<wp:meta_key><![CDATA[_menu_item_classes]]></wp:meta_key>
		<wp:meta_value><![CDATA[a:1:{i:0;s:0:"";}]]></wp:meta_value>
		</wp:postmeta>
							<wp:postmeta>
		<wp:meta_key><![CDATA[_menu_item_xfn]]></wp:meta_key>
		<wp:meta_value><![CDATA[]]></wp:meta_value>
		</wp:postmeta>
							<wp:postmeta>
		<wp:meta_key><![CDATA[_menu_item_url]]></wp:meta_key>
		<wp:meta_value><![CDATA[]]></wp:meta_value>
		</wp:postmeta>
							</item>
					<item>
		<title><![CDATA[PÃ¡gina de ejemplo]]></title>
		<link>http://localhost/sass-wp/pagina-ejemplo/</link>
		<pubDate>Wed, 21 Jul 2021 15:39:48 +0000</pubDate>
		<dc:creator><![CDATA[webmaster]]></dc:creator>
		<guid isPermaLink="false">http://localhost/sass-wp/?page_id=2</guid>
		<description></description>
		<content:encoded><![CDATA[<!-- wp:paragraph -->
<p>Esta es una pÃ¡gina de ejemplo. Es diferente a una entrada del blog porque permanecerÃ¡ en un solo lugar y aparecerÃ¡ en la navegaciÃ³n de su sitio (en la mayorÃ­a de los temas). La mayorÃ­a de las personas comienzan con una pÃ¡gina "Acerca de" que les presenta a los visitantes potenciales del sitio. PodrÃ­a decir algo asÃ­:</p>
<!-- /wp:paragraph -->

<!-- wp:quote -->
<blockquote class="wp-block-quote"><p>Â¡Bienvenido! Soy camarero de dÃ­a, aspirante a actor de noche y esta es mi web. Vivo en Morelia, tengo un perro que se llama Firulais y me gusta el mezcal. (Y las tardes largas con cafÃ©)</p></blockquote>
<!-- /wp:quote -->

<!-- wp:paragraph -->
<p>â¦o algo asÃ­:</p>
<!-- /wp:paragraph -->

<!-- wp:quote -->
<blockquote class="wp-block-quote"><p>La empresa Mariscos Recio fue fundada por Antonio Recio Mata. EmpezÃ³ siendo una pequeÃ±a empresa que suministraba marisco a hoteles y restaurantes, pero poco a poco se ha ido transformando en un gran imperio. Mariscos Recio, el mar al mejor precio.</p></blockquote>
<!-- /wp:quote -->

<!-- wp:paragraph -->
<p>Como nuevo usuario de WordPress, deberÃ­as ir a <a href="http://localhost/sass-wp/wp-admin/">tu escritorio</a> para borrar esta pÃ¡gina y crear nuevas pÃ¡ginas para tu contenido. Â¡PÃ¡salo bien!</p>
<!-- /wp:paragraph -->]]></content:encoded>
		<excerpt:encoded><![CDATA[]]></excerpt:encoded>
		<wp:post_id>2</wp:post_id>
		<wp:post_date><![CDATA[2021-07-21 15:39:48]]></wp:post_date>
		<wp:post_date_gmt><![CDATA[2021-07-21 15:39:48]]></wp:post_date_gmt>
		<wp:post_modified><![CDATA[2021-07-21 15:39:48]]></wp:post_modified>
		<wp:post_modified_gmt><![CDATA[2021-07-21 15:39:48]]></wp:post_modified_gmt>
		<wp:comment_status><![CDATA[closed]]></wp:comment_status>
		<wp:ping_status><![CDATA[open]]></wp:ping_status>
		<wp:post_name><![CDATA[pagina-ejemplo]]></wp:post_name>
		<wp:status><![CDATA[publish]]></wp:status>
		<wp:post_parent>0</wp:post_parent>
		<wp:menu_order>0</wp:menu_order>
		<wp:post_type><![CDATA[page]]></wp:post_type>
		<wp:post_password><![CDATA[]]></wp:post_password>
		<wp:is_sticky>0</wp:is_sticky>
														<wp:postmeta>
		<wp:meta_key><![CDATA[_wp_page_template]]></wp:meta_key>
		<wp:meta_value><![CDATA[default]]></wp:meta_value>
		</wp:postmeta>
							</item>
					<item>
		<title><![CDATA[Nosotros]]></title>
		<link>http://localhost/sass-wp/nosotros/</link>
		<pubDate>Thu, 22 Jul 2021 22:40:58 +0000</pubDate>
		<dc:creator><![CDATA[webmaster]]></dc:creator>
		<guid isPermaLink="false">https://localhost/sass-wp/nosotros/</guid>
		<description></description>
		<content:encoded><![CDATA[<!-- wp:paragraph {"align":"left"} -->
<p class="has-text-align-left">"Lorem ipsum dolor sit amet, consectetur adipiscing elit, sed do eiusmod tempor incididunt<br> ut labore et dolore magna aliqua. Ut enim ad minim veniam, quis nostrud exercitation<br> ullamco laboris nisi ut aliquip ex ea commodo consequat. Duis aute irure dolor in <br>reprehenderit in voluptate velit esse cillum dolore eu fugiat nulla pariatur.</p>
<!-- /wp:paragraph -->]]></content:encoded>
		<excerpt:encoded><![CDATA[]]></excerpt:encoded>
		<wp:post_id>14</wp:post_id>
		<wp:post_date><![CDATA[2021-07-22 22:40:58]]></wp:post_date>
		<wp:post_date_gmt><![CDATA[2021-07-22 22:40:58]]></wp:post_date_gmt>
		<wp:post_modified><![CDATA[2021-08-30 18:44:35]]></wp:post_modified>
		<wp:post_modified_gmt><![CDATA[2021-08-30 18:44:35]]></wp:post_modified_gmt>
		<wp:comment_status><![CDATA[closed]]></wp:comment_status>
		<wp:ping_status><![CDATA[closed]]></wp:ping_status>
		<wp:post_name><![CDATA[nosotros]]></wp:post_name>
		<wp:status><![CDATA[publish]]></wp:status>
		<wp:post_parent>0</wp:post_parent>
		<wp:menu_order>0</wp:menu_order>
		<wp:post_type><![CDATA[page]]></wp:post_type>
		<wp:post_password><![CDATA[]]></wp:post_password>
		<wp:is_sticky>0</wp:is_sticky>
														<wp:postmeta>
		<wp:meta_key><![CDATA[_thumbnail_id]]></wp:meta_key>
		<wp:meta_value><![CDATA[19313]]></wp:meta_value>
		</wp:postmeta>
							</item>
					<item>
		<title><![CDATA[Ajax para enviar mails]]></title>
		<link>http://localhost/sass-wp/ajax-mail/</link>
		<pubDate>Thu, 22 Jul 2021 22:40:59 +0000</pubDate>
		<dc:creator><![CDATA[webmaster]]></dc:creator>
		<guid isPermaLink="false">https://localhost/sass-wp/ajax-mail/</guid>
		<description></description>
		<content:encoded><![CDATA[]]></content:encoded>
		<excerpt:encoded><![CDATA[]]></excerpt:encoded>
		<wp:post_id>15</wp:post_id>
		<wp:post_date><![CDATA[2021-07-22 22:40:59]]></wp:post_date>
		<wp:post_date_gmt><![CDATA[2021-07-22 22:40:59]]></wp:post_date_gmt>
		<wp:post_modified><![CDATA[2021-07-22 22:40:59]]></wp:post_modified>
		<wp:post_modified_gmt><![CDATA[2021-07-22 22:40:59]]></wp:post_modified_gmt>
		<wp:comment_status><![CDATA[closed]]></wp:comment_status>
		<wp:ping_status><![CDATA[closed]]></wp:ping_status>
		<wp:post_name><![CDATA[ajax-mail]]></wp:post_name>
		<wp:status><![CDATA[publish]]></wp:status>
		<wp:post_parent>0</wp:post_parent>
		<wp:menu_order>0</wp:menu_order>
		<wp:post_type><![CDATA[page]]></wp:post_type>
		<wp:post_password><![CDATA[]]></wp:post_password>
		<wp:is_sticky>0</wp:is_sticky>
														</item>
					<item>
		<title><![CDATA[Page B]]></title>
		<link>http://localhost/sass-wp/page-b/</link>
		<pubDate>Fri, 24 Jun 2011 01:39:14 +0000</pubDate>
		<dc:creator><![CDATA[webmaster]]></dc:creator>
		<guid isPermaLink="false">https://wpthemetestdata.wordpress.com/?page_id=735</guid>
		<description></description>
		<content:encoded><![CDATA[(lorem ipsum)]]></content:encoded>
		<excerpt:encoded><![CDATA[]]></excerpt:encoded>
		<wp:post_id>735</wp:post_id>
		<wp:post_date><![CDATA[2011-06-23 18:39:14]]></wp:post_date>
		<wp:post_date_gmt><![CDATA[2011-06-24 01:39:14]]></wp:post_date_gmt>
		<wp:post_modified><![CDATA[2011-06-23 18:39:14]]></wp:post_modified>
		<wp:post_modified_gmt><![CDATA[2011-06-24 01:39:14]]></wp:post_modified_gmt>
		<wp:comment_status><![CDATA[open]]></wp:comment_status>
		<wp:ping_status><![CDATA[closed]]></wp:ping_status>
		<wp:post_name><![CDATA[page-b]]></wp:post_name>
		<wp:status><![CDATA[publish]]></wp:status>
		<wp:post_parent>0</wp:post_parent>
		<wp:menu_order>11</wp:menu_order>
		<wp:post_type><![CDATA[page]]></wp:post_type>
		<wp:post_password><![CDATA[]]></wp:post_password>
		<wp:is_sticky>0</wp:is_sticky>
														</item>
					<item>
		<title><![CDATA[Level 3a]]></title>
		<link>http://localhost/sass-wp/level-1/level-2/level-3a/</link>
		<pubDate>Fri, 24 Jun 2011 02:04:24 +0000</pubDate>
		<dc:creator><![CDATA[webmaster]]></dc:creator>
		<guid isPermaLink="false">https://wpthemetestdata.wordpress.com/?page_id=746</guid>
		<description></description>
		<content:encoded><![CDATA[(lorem ipsum)]]></content:encoded>
		<excerpt:encoded><![CDATA[]]></excerpt:encoded>
		<wp:post_id>746</wp:post_id>
		<wp:post_date><![CDATA[2011-06-23 19:04:24]]></wp:post_date>
		<wp:post_date_gmt><![CDATA[2011-06-24 02:04:24]]></wp:post_date_gmt>
		<wp:post_modified><![CDATA[2011-06-23 19:04:24]]></wp:post_modified>
		<wp:post_modified_gmt><![CDATA[2011-06-24 02:04:24]]></wp:post_modified_gmt>
		<wp:comment_status><![CDATA[open]]></wp:comment_status>
		<wp:ping_status><![CDATA[closed]]></wp:ping_status>
		<wp:post_name><![CDATA[level-3a]]></wp:post_name>
		<wp:status><![CDATA[publish]]></wp:status>
		<wp:post_parent>173</wp:post_parent>
		<wp:menu_order>0</wp:menu_order>
		<wp:post_type><![CDATA[page]]></wp:post_type>
		<wp:post_password><![CDATA[]]></wp:post_password>
		<wp:is_sticky>0</wp:is_sticky>
														</item>
					<item>
		<title><![CDATA[Level 3b]]></title>
		<link>http://localhost/sass-wp/level-1/level-2/level-3b/</link>
		<pubDate>Fri, 24 Jun 2011 02:04:46 +0000</pubDate>
		<dc:creator><![CDATA[webmaster]]></dc:creator>
		<guid isPermaLink="false">https://wpthemetestdata.wordpress.com/?page_id=748</guid>
		<description></description>
		<content:encoded><![CDATA[(lorem ipsum)]]></content:encoded>
		<excerpt:encoded><![CDATA[]]></excerpt:encoded>
		<wp:post_id>748</wp:post_id>
		<wp:post_date><![CDATA[2011-06-23 19:04:46]]></wp:post_date>
		<wp:post_date_gmt><![CDATA[2011-06-24 02:04:46]]></wp:post_date_gmt>
		<wp:post_modified><![CDATA[2011-06-23 19:04:46]]></wp:post_modified>
		<wp:post_modified_gmt><![CDATA[2011-06-24 02:04:46]]></wp:post_modified_gmt>
		<wp:comment_status><![CDATA[open]]></wp:comment_status>
		<wp:ping_status><![CDATA[closed]]></wp:ping_status>
		<wp:post_name><![CDATA[level-3b]]></wp:post_name>
		<wp:status><![CDATA[publish]]></wp:status>
		<wp:post_parent>173</wp:post_parent>
		<wp:menu_order>0</wp:menu_order>
		<wp:post_type><![CDATA[page]]></wp:post_type>
		<wp:post_password><![CDATA[]]></wp:post_password>
		<wp:is_sticky>0</wp:is_sticky>
														</item>
					<item>
		<title><![CDATA[Sample Page]]></title>
		<link>http://localhost/sass-wp/sample-page/</link>
		<pubDate>Tue, 10 May 2016 03:48:21 +0000</pubDate>
		<dc:creator><![CDATA[webmaster]]></dc:creator>
		<guid isPermaLink="false">http://valparaiso.com.mx/?page_id=2</guid>
		<description></description>
		<content:encoded><![CDATA[This is an example page. It's different from a blog post because it will stay in one place and will show up in your site navigation (in most themes). Most people start with an About page that introduces them to potential site visitors. It might say something like this:

<blockquote>Hi there! I'm a bike messenger by day, aspiring actor by night, and this is my website. I live in Los Angeles, have a great dog named Jack, and I like pi&#241;a coladas. (And gettin' caught in the rain.)</blockquote>

...or something like this:

<blockquote>The XYZ Doohickey Company was founded in 1971, and has been providing quality doohickeys to the public ever since. Located in Gotham City, XYZ employs over 2,000 people and does all kinds of awesome things for the Gotham community.</blockquote>

As a new WordPress user, you should go to <a href="http://valparaiso.com.mx/wp-admin/">your dashboard</a> to delete this page and create new pages for your content. Have fun!]]></content:encoded>
		<excerpt:encoded><![CDATA[]]></excerpt:encoded>
		<wp:post_id>829</wp:post_id>
		<wp:post_date><![CDATA[2016-05-10 03:48:21]]></wp:post_date>
		<wp:post_date_gmt><![CDATA[2016-05-10 03:48:21]]></wp:post_date_gmt>
		<wp:post_modified><![CDATA[2016-05-10 03:48:21]]></wp:post_modified>
		<wp:post_modified_gmt><![CDATA[2016-05-10 03:48:21]]></wp:post_modified_gmt>
		<wp:comment_status><![CDATA[closed]]></wp:comment_status>
		<wp:ping_status><![CDATA[open]]></wp:ping_status>
		<wp:post_name><![CDATA[sample-page]]></wp:post_name>
		<wp:status><![CDATA[publish]]></wp:status>
		<wp:post_parent>0</wp:post_parent>
		<wp:menu_order>0</wp:menu_order>
		<wp:post_type><![CDATA[page]]></wp:post_type>
		<wp:post_password><![CDATA[]]></wp:post_password>
		<wp:is_sticky>0</wp:is_sticky>
														<wp:postmeta>
		<wp:meta_key><![CDATA[_wp_page_template]]></wp:meta_key>
		<wp:meta_value><![CDATA[default]]></wp:meta_value>
		</wp:postmeta>
							</item>
					<item>
		<title><![CDATA[Page Image Alignment]]></title>
		<link>http://localhost/sass-wp/about/page-image-alignment/</link>
		<pubDate>Fri, 15 Mar 2013 23:19:23 +0000</pubDate>
		<dc:creator><![CDATA[webmaster]]></dc:creator>
		<guid isPermaLink="false">http://wptest.io/demo/?page_id=1080</guid>
		<description></description>
		<content:encoded><![CDATA[Welcome to image alignment! The best way to demonstrate the ebb and flow of the various image positioning options is to nestle them snuggly among an ocean of words. Grab a paddle and let's get started.

On the topic of alignment, it should be noted that users can choose from the options of <em>None</em>, <em>Left</em>, <em>Right, </em>and <em>Center</em>. In addition, they also get the options of <em>Thumbnail</em>, <em>Medium</em>, <em>Large</em> &amp; <em>Fullsize</em>. Be sure to try this page in RTL mode and it should look the same as LTR. 
<p><img class="size-full wp-image-906 aligncenter" title="Image Alignment 580x300" alt="Image Alignment 580x300" src="http://localhost/sass-wp/wp-content/uploads/2013/03/image-alignment-580x300-1.jpg" width="580" height="300" /></p>
The image above happens to be <em><strong>centered</strong></em>.

<img class="size-full wp-image-904 alignleft" title="Image Alignment 150x150" alt="Image Alignment 150x150" src="http://localhost/sass-wp/wp-content/uploads/2013/03/image-alignment-150x150-1.jpg" width="150" height="150" /> The rest of this paragraph is filler for the sake of seeing the text wrap around the 150x150 image, which is <em><strong>left aligned</strong></em>. 

As you can see there should be some space above, below, and to the right of the image. The text should not be creeping on the image. Creeping is just not right. Images need breathing room too. Let them speak like you words. Let them do their jobs without any hassle from the text. In about one more sentence here, we'll see that the text moves from the right of the image down below the image in seamless transition. Again, letting the do it's thang. Mission accomplished!

And now for a <em><strong>massively large image</strong></em>. It also has <em><strong>no alignment</strong></em>.

<img class="alignnone  wp-image-907" title="Image Alignment 1200x400" alt="Image Alignment 1200x400" src="http://localhost/sass-wp/wp-content/uploads/2013/03/image-alignment-1200x4002-1.jpg" width="1200" height="400" />

The image above, though 1200px wide, should not overflow the content area. It should remain contained with no visible disruption to the flow of content.

<img class="aligncenter  wp-image-907" title="Image Alignment 1200x400" alt="Image Alignment 1200x400" src="http://localhost/sass-wp/wp-content/uploads/2013/03/image-alignment-1200x4002-1.jpg" width="1200" height="400" />

And we try the large image again, with the center alignment since that sometimes is a problem. The image above, though 1200px wide, should not overflow the content area. It should remain contained with no visible disruption to the flow of content.

<img class="size-full wp-image-905 alignright" title="Image Alignment 300x200" alt="Image Alignment 300x200" src="http://localhost/sass-wp/wp-content/uploads/2013/03/image-alignment-300x200-1.jpg" width="300" height="200" />

And now we're going to shift things to the <em><strong>right align</strong></em>. Again, there should be plenty of room above, below, and to the left of the image. Just look at him there... Hey guy! Way to rock that right side. I don't care what the left aligned image says, you look great. Don't let anyone else tell you differently.

In just a bit here, you should see the text start to wrap below the right aligned image and settle in nicely. There should still be plenty of room and everything should be sitting pretty. Yeah... Just like that. It never felt so good to be right.

And just when you thought we were done, we're going to do them all over again with captions!

[caption id="attachment_906" align="aligncenter" width="580"]<img class="size-full wp-image-906  " title="Image Alignment 580x300" alt="Image Alignment 580x300" src="http://localhost/sass-wp/wp-content/uploads/2013/03/image-alignment-580x300-1.jpg" width="580" height="300" /> Look at 580x300 getting some <a title="Image Settings" href="https://en.support.wordpress.com/images/image-settings/">caption</a> love.[/caption]

The image above happens to be <em><strong>centered</strong></em>. The caption also has a link in it, just to see if it does anything funky.

[caption id="attachment_904" align="alignleft" width="150"]<img class="size-full wp-image-904  " title="Image Alignment 150x150" alt="Image Alignment 150x150" src="http://localhost/sass-wp/wp-content/uploads/2013/03/image-alignment-150x150-1.jpg" width="150" height="150" /> Bigger caption than the image usually is.[/caption]

The rest of this paragraph is filler for the sake of seeing the text wrap around the 150x150 image, which is <em><strong>left aligned</strong></em>. 

As you can see the should be some space above, below, and to the right of the image. The text should not be creeping on the image. Creeping is just not right. Images need breathing room too. Let them speak like you words. Let them do their jobs without any hassle from the text. In about one more sentence here, we'll see that the text moves from the right of the image down below the image in seamless transition. Again, letting the do it's thang. Mission accomplished!

And now for a <em><strong>massively large image</strong></em>. It also has <em><strong>no alignment</strong></em>.

[caption id="attachment_907" align="alignnone" width="1200"]<img class=" wp-image-907" title="Image Alignment 1200x400" alt="Image Alignment 1200x400" src="http://localhost/sass-wp/wp-content/uploads/2013/03/image-alignment-1200x4002-1.jpg" width="1200" height="400" /> Comment for massive image for your eyeballs.[/caption]

The image above, though 1200px wide, should not overflow the content area. It should remain contained with no visible disruption to the flow of content.
[caption id="attachment_907" align="aligncenter" width="1200"]<img class=" wp-image-907" title="Image Alignment 1200x400" alt="Image Alignment 1200x400" src="http://localhost/sass-wp/wp-content/uploads/2013/03/image-alignment-1200x4002-1.jpg" width="1200" height="400" /> This massive image is centered.[/caption]

And again with the big image centered. The image above, though 1200px wide, should not overflow the content area. It should remain contained with no visible disruption to the flow of content.

[caption id="attachment_905" align="alignright" width="300"]<img class="size-full wp-image-905 " title="Image Alignment 300x200" alt="Image Alignment 300x200" src="http://localhost/sass-wp/wp-content/uploads/2013/03/image-alignment-300x200-1.jpg" width="300" height="200" /> Feels good to be right all the time.[/caption]

And now we're going to shift things to the <em><strong>right align</strong></em>. Again, there should be plenty of room above, below, and to the left of the image. Just look at him there... Hey guy! Way to rock that right side. I don't care what the left aligned image says, you look great. Don't let anyone else tell you differently.

In just a bit here, you should see the text start to wrap below the right aligned image and settle in nicely. There should still be plenty of room and everything should be sitting pretty. Yeah... Just like that. It never felt so good to be right.

And that's a wrap, yo! You survived the tumultuous waters of alignment. Image alignment achievement unlocked! Last thing is a small image aligned right. Whatever follows should be unaffected. <img class="size-full wp-image-904 alignright" title="Image Alignment 150x150" alt="Image Alignment 150x150" src="http://localhost/sass-wp/wp-content/uploads/2013/03/image-alignment-150x150-1.jpg" width="150" height="150" />]]></content:encoded>
		<excerpt:encoded><![CDATA[]]></excerpt:encoded>
		<wp:post_id>1133</wp:post_id>
		<wp:post_date><![CDATA[2013-03-15 18:19:23]]></wp:post_date>
		<wp:post_date_gmt><![CDATA[2013-03-15 23:19:23]]></wp:post_date_gmt>
		<wp:post_modified><![CDATA[2013-03-15 18:19:23]]></wp:post_modified>
		<wp:post_modified_gmt><![CDATA[2013-03-15 23:19:23]]></wp:post_modified_gmt>
		<wp:comment_status><![CDATA[open]]></wp:comment_status>
		<wp:ping_status><![CDATA[open]]></wp:ping_status>
		<wp:post_name><![CDATA[page-image-alignment]]></wp:post_name>
		<wp:status><![CDATA[publish]]></wp:status>
		<wp:post_parent>19387</wp:post_parent>
		<wp:menu_order>0</wp:menu_order>
		<wp:post_type><![CDATA[page]]></wp:post_type>
		<wp:post_password><![CDATA[]]></wp:post_password>
		<wp:is_sticky>0</wp:is_sticky>
														</item>
					<item>
		<title><![CDATA[Page Markup And Formatting]]></title>
		<link>http://localhost/sass-wp/about/page-markup-and-formatting/</link>
		<pubDate>Fri, 15 Mar 2013 23:20:05 +0000</pubDate>
		<dc:creator><![CDATA[webmaster]]></dc:creator>
		<guid isPermaLink="false">http://wptest.io/demo/?page_id=1083</guid>
		<description></description>
		<content:encoded><![CDATA[<strong>Headings</strong>
<h1>Header one</h1>
<h2>Header two</h2>
<h3>Header three</h3>
<h4>Header four</h4>
<h5>Header five</h5>
<h6>Header six</h6>
<h2>Blockquotes</h2>
Single line blockquote:
<blockquote>Stay hungry. Stay foolish.</blockquote>
Multi line blockquote with a cite reference:
<blockquote cite="https://developer.mozilla.org/en-US/docs/Web/HTML/Element/blockquote"><p>The <strong>HTML <code>&lt;blockquote&gt;</code> Element</strong> (or <em>HTML Block Quotation Element</em>) indicates that the enclosed text is an extended quotation. Usually, this is rendered visually by indentation (see <a href="https://developer.mozilla.org/en-US/docs/HTML/Element/blockquote#Notes">Notes</a> for how to change it). A URL for the source of the quotation may be given using the <strong>cite</strong> attribute, while a text representation of the source can be given using the <a href="https://developer.mozilla.org/en-US/docs/Web/HTML/Element/cite" title="The HTML Citation Element &lt;cite&gt; represents a reference to a creative work. It must include the title of a work or a URL reference, which may be in an abbreviated form according to the conventions used for the addition of citation metadata."><code>&lt;cite&gt;</code></a> element.</p></blockquote>
<cite>multiple contributors</cite> - MDN HTML element reference - blockquote
<h2>Tables</h2>
<table>
<tbody>
<tr>
<th>Employee</th>
<th class="views">Salary</th>
<th></th>
</tr>
<tr class="odd">
<td><a href="http://example.com/">Jane</a></td>
<td>$1</td>
<td>Because that's all Steve Jobs needed for a salary.</td>
</tr>
<tr class="even">
<td><a href="http://example.com">John</a></td>
<td>$100K</td>
<td>For all the blogging he does.</td>
</tr>
<tr class="odd">
<td><a href="http://example.com/">Jane</a></td>
<td>$100M</td>
<td>Pictures are worth a thousand words, right? So Tom x 1,000.</td>
</tr>
<tr class="even">
<td><a href="http://example.com/">Jane</a></td>
<td>$100B</td>
<td>With hair like that?! Enough said...</td>
</tr>
</tbody>
</table>
<h2>Definition Lists</h2>
<dl><dt>Definition List Title</dt><dd>Definition list division.</dd><dt>Startup</dt><dd>A startup company or startup is a company or temporary organization designed to search for a repeatable and scalable business model.</dd><dt>#dowork</dt><dd>Coined by Rob Dyrdek and his personal body guard Christopher "Big Black" Boykins, "Do Work" works as a self motivator, to motivating your friends.</dd><dt>Do It Live</dt><dd>I'll let Bill O'Reilly will <a title="We'll Do It Live" href="https://www.youtube.com/watch?v=O_HyZ5aW76c">explain</a> this one.</dd></dl>
<h2>Unordered Lists (Nested)</h2>
<ul>
	<li>List item one
<ul>
	<li>List item one
<ul>
	<li>List item one</li>
	<li>List item two</li>
	<li>List item three</li>
	<li>List item four</li>
</ul>
</li>
	<li>List item two</li>
	<li>List item three</li>
	<li>List item four</li>
</ul>
</li>
	<li>List item two</li>
	<li>List item three</li>
	<li>List item four</li>
</ul>
<h2>Ordered List (Nested)</h2>
<ol start="8">
 	<li>List item one -start at 8
<ol>
 	<li>List item one
<ol reversed="reversed">
 	<li>List item one -reversed attribute</li>
	<li>List item two</li>
	<li>List item three</li>
	<li>List item four</li>
</ol>
</li>
	<li>List item two</li>
	<li>List item three</li>
	<li>List item four</li>
</ol>
</li>
	<li>List item two</li>
	<li>List item three</li>
	<li>List item four</li>
</ol>
<h2>HTML Tags</h2>
These supported tags come from the WordPress.com code <a title="Code" href="https://en.support.wordpress.com/code/">FAQ</a>.

<strong>Address Tag</strong>

<address>1 Infinite Loop
Cupertino, CA 95014
United States</address><strong>Anchor Tag (aka. Link)</strong>

This is an example of a <a title="WordPress Foundation" href="https://wordpressfoundation.org/">link</a>.

<strong>Abbreviation Tag</strong>

The abbreviation <abbr title="Seriously">srsly</abbr> stands for "seriously".

<strong>Acronym Tag (<em>deprecated in HTML5</em>)</strong>

The acronym <acronym title="For The Win">ftw</acronym> stands for "for the win".

<strong>Big Tag</strong> (<em>deprecated in HTML5</em>)

These tests are a <big>big</big> deal, but this tag is no longer supported in HTML5.

<strong>Cite Tag</strong>

"Code is poetry." --<cite>Automattic</cite>

<strong>Code Tag</strong>

This tag styles blocks of code.
<code>.post-title {
	margin: 0 0 5px;
	font-weight: bold;
	font-size: 38px;
	line-height: 1.2;
	and here's a line of some really, really, really, really long text, just to see how it is handled and to find out how it overflows;
}</code>
You will learn later on in these tests that <code>word-wrap: break-word;</code> will be your best friend.

<strong>Delete Tag</strong>

This tag will let you <del cite="deleted it">strike out text</del>, but this tag is <em>recommended</em> supported in HTML5 (use the <code>&lt;s&gt;</code> instead).

<strong>Emphasize Tag</strong>

The emphasize tag should <em>italicize</em> <i>text</i>.

<strong>Horizontal Rule Tag</strong>

<hr />

This sentence is following a <code>&lt;hr /&gt;</code> tag.

<strong>Insert Tag</strong>

This tag should denote <ins cite="inserted it">inserted</ins> text.

<strong>Keyboard Tag</strong>

This scarcely known tag emulates <kbd>keyboard text</kbd>, which is usually styled like the <code>&lt;code&gt;</code> tag.

<strong>Preformatted Tag</strong>

This tag is for preserving whitespace as typed, such as in poetry or ASCII art.
<h2>The Road Not Taken</h2>
<pre>
 <cite>Robert Frost</cite>


  Two roads diverged in a yellow wood,
  And sorry I could not travel both          (\_/)
  And be one traveler, long I stood         (='.'=)
  And looked down one as far as I could     (")_(")
  To where it bent in the undergrowth;

  Then took the other, as just as fair,
  And having perhaps the better claim,          |\_/|
  Because it was grassy and wanted wear;       / @ @ \
  Though as for that the passing there        ( &gt; Âº &lt; )
  Had worn them really about the same,         `&gt;&gt;x&lt;&lt;Â´
                                               /  O  \
  And both that morning equally lay
  In leaves no step had trodden black.
  Oh, I kept the first for another day!
  Yet knowing how way leads on to way,
  I doubted if I should ever come back.

  I shall be telling this with a sigh
  Somewhere ages and ages hence:
  Two roads diverged in a wood, and Iâ
  I took the one less traveled by,
  And that has made all the difference.


  and here's a line of some really, really, really, really long text, just to see how it is handled and to find out how it overflows;
</pre>
<strong>Quote Tag</strong> for short, inline quotes

<q>Developers, developers, developers...</q> --Steve Ballmer

<strong>Strike Tag</strong> (<em>deprecated in HTML5</em>) and <strong>S Tag</strong>

This tag shows <strike>strike-through</strike> <s>text</s>.

<strong>Small Tag</strong>

This tag shows <small>smaller<small> text.</small></small>

<strong>Strong Tag</strong>

This tag shows <strong>bold<strong> text.</strong></strong>

<strong>Subscript Tag</strong>

Getting our science styling on with H<sub>2</sub>O, which should push the "2" down.

<strong>Superscript Tag</strong>

Still sticking with science and Albert Einstein's E = MC<sup>2</sup>, which should lift the 2 up.

<strong>Teletype Tag </strong>(<em>obsolete in HTML5</em>)

This rarely used tag emulates <tt>teletype text</tt>, which is usually styled like the <code>&lt;code&gt;</code> tag.

<strong>Underline Tag</strong> <em>deprecated in HTML 4, re-introduced in HTML5 with other semantics</em>

This tag shows <u>underlined text</u>.

<strong>Variable Tag</strong>

This allows you to denote <var>variables</var>.]]></content:encoded>
		<excerpt:encoded><![CDATA[]]></excerpt:encoded>
		<wp:post_id>1134</wp:post_id>
		<wp:post_date><![CDATA[2013-03-15 18:20:05]]></wp:post_date>
		<wp:post_date_gmt><![CDATA[2013-03-15 23:20:05]]></wp:post_date_gmt>
		<wp:post_modified><![CDATA[2013-03-15 18:20:05]]></wp:post_modified>
		<wp:post_modified_gmt><![CDATA[2013-03-15 23:20:05]]></wp:post_modified_gmt>
		<wp:comment_status><![CDATA[open]]></wp:comment_status>
		<wp:ping_status><![CDATA[open]]></wp:ping_status>
		<wp:post_name><![CDATA[page-markup-and-formatting]]></wp:post_name>
		<wp:status><![CDATA[publish]]></wp:status>
		<wp:post_parent>19387</wp:post_parent>
		<wp:menu_order>0</wp:menu_order>
		<wp:post_type><![CDATA[page]]></wp:post_type>
		<wp:post_password><![CDATA[]]></wp:post_password>
		<wp:is_sticky>0</wp:is_sticky>
														</item>
					<item>
		<title><![CDATA[ÎÎ»Î»Î·Î½Î¹ÎºÎ¬-Greek]]></title>
		<link>http://localhost/sass-wp/greek/</link>
		<pubDate>Fri, 14 Feb 2020 10:31:00 +0000</pubDate>
		<dc:creator><![CDATA[webmaster]]></dc:creator>
		<guid isPermaLink="false">https://wpthemetestdata.wordpress.com/?page_id=1809</guid>
		<description></description>
		<content:encoded><![CDATA[Typography tests for Greek ÎÎ»Î»Î·Î½Î¹ÎºÎ® ÏÎµÎ»Î¯Î´Î± 1Î¿Ï ÎµÏÎ¹ÏÎ­Î´Î¿Ï ÎºÎ±Î¹ Î´ÎµÎ¯Î³Î¼Î± ÏÏÏÎ¿Î³ÏÎ±ÏÎ¯Î±Ï.

<strong>Headings ÎÏÎ¹ÎºÎµÏÎ±Î»Î¯Î´ÎµÏ</strong>
<h1>ÎÏÎ¹ÎºÎµÏÎ±Î»Î¯Î´Î± 1 Header one</h1>
<h2>ÎÏÎ¹ÎºÎµÏÎ±Î»Î¯Î´Î± 2 Header two</h2>
<h3>ÎÏÎ¹ÎºÎµÏÎ±Î»Î¯Î´Î± 3 Header three</h3>
<h4>ÎÏÎ¹ÎºÎµÏÎ±Î»Î¯Î´Î± 2 Header four</h4>
<h5>ÎÏÎ¹ÎºÎµÏÎ±Î»Î¯Î´Î± 5 Header five</h5>
<h6>ÎÏÎ¹ÎºÎµÏÎ±Î»Î¯Î´Î± 6Header six</h6>
<h2>Î Î±ÏÎ¬Î¸ÎµÏÎ· Î¬Î»Î»Î¿Ï Blockquotes</h2>
Single line blockquote: ÎÎ¹Î± Î³ÏÎ±Î¼Î¼Î®
<blockquote>Î Î¬Î½ÏÎ± Î½Î± ÎµÎ¯Î½Î±Î¹ ÏÎµÏÎ¯ÎµÏÎ³Î¿Ï.</blockquote>
Î Î¿Î»Î»Î­Ï Î³ÏÎ±Î¼Î¼Î­ Î¼Îµ Î±Î½Î±ÏÎ¿ÏÎ¬ Multi line blockquote with a cite reference:
<blockquote>Î¤Î¿ <strong>HTML <code>&lt;blockquote&gt;</code> Element</strong> (Î® <em>HTML Block Quotation Element</em>) ÎºÎ±ÏÎ±Î´ÎµÎ¹ÎºÎ½ÏÎµÎ¹ ÏÏÎ¹ ÏÎ¿ ÎºÎµÎ¯Î¼ÎµÎ½Î¿ Î­ÏÎµÎ¹ Î¼Î¹Î± ÏÎ±ÏÎ¬Î¸ÎµÏÎ·. Î£ÏÎ½Î®Î¸ÏÏ Î¿ÏÏÎ¹ÎºÎ¿ÏÎ¿Î¹ÎµÎ¯ÏÎ±Î¹ Î¼Îµ ÎµÏÎ¿ÏÎ® (Î´ÎµÎ¯ÏÎµ <a href="https://developer.mozilla.org/en-US/docs/HTML/Element/blockquote#Notes">Î£Î·Î¼ÎµÎ¹ÏÏÎµÎ¹Ï</a> Î³Î¹Î± ÏÎ¿ ÏÏÏ Î½Î± ÏÎ¿ Î±Î»Î»Î¬Î¾ÎµÏÎµ. ÎÏÏÏ Î½Î± Î´Î¯Î½ÎµÏÎ±Î¹ ÎºÎ±Î¹ URL ÏÎ·Î³Î®Ï Î¼Îµ ÏÎ·Î½ ÏÏÎ®ÏÎ· ÏÎ¿Ï <strong>cite</strong> attribute, Î¼ÏÎ»Î±, Î¼ÏÎ»Î± <a href="https://developer.mozilla.org/en-US/docs/Web/HTML/Element/cite"><code>&lt;cite&gt;</code></a> .</blockquote>
<cite>multiple contributors - MDN HTML element reference - blockquote</cite>
<h2>Î Î¯Î½Î±ÎºÎµÏ Tables</h2>
<table>
<thead>
<tr>
<th>Î¥ÏÎ¬Î»Î»Î·Î»Î¿Ï Employee</th>
<th>ÎÎ¹ÏÎ¸ÏÏ Salary</th>
<th></th>
</tr>
</thead>
<tbody>
<tr>
<th><a href="http://example.org/">Î¤Î¬Î´Îµ ÎºÎ¬ÏÎ¿Î¹Î¿Ï</a></th>
<td>$1</td>
<td>ÎÎ¹Î±ÏÎ¯ ÏÏÏÎ± ÏÏÎµÎ¹Î¬Î¶ÎµÏÎ±Î¹ Î³Î¹Î± Î½Î± Î¶Î®ÏÎµÎ¹</td>
</tr>
<tr>
<th><a href="http://example.org/">Jane Doe</a></th>
<td>$100K</td>
<td>For all the blogging she does.</td>
</tr>
<tr>
<th><a href="http://example.org/">Fred Bloggs</a></th>
<td>$100M</td>
<td>Pictures are worth a thousand words, right? So Jane x 1,000.</td>
</tr>
<tr>
<th><a href="http://example.org/">Jane Bloggs</a></th>
<td>$100B</td>
<td>With hair like that?! Enough said...</td>
</tr>
</tbody>
</table>
<h2>ÎÎ¯ÏÏÎµÏ Definition Lists</h2>
<dl>
 	<dt>Î¤Î¯ÏÎ»Î¿Ï Î»Î¯ÏÏÎ±Ï Definition List Title</dt>
 	<dd>Î¥ÏÎ¿Î´Î¹Î±Î¯ÏÎµÏÎ· Î»Î¯ÏÏÎ±Ï Definition list division.</dd>
</dl>
<h2>ÎÎ¯ÏÏÎ± Î¼Îµ ÎºÎ¿ÏÎºÎ¯Î´ÎµÏ Unordered Lists (Nested)</h2>
<ul>
 	<li>Î ÏÏÏÎ¿ ÏÏÎ¿Î¹ÏÎµÎ¯Î¿ List item one
<ul>
 	<li>Î£ÏÎ¿Î¹ÏÎµÎ¯Î¿ ÏÏÏÏÎ¿ List item one
<ul>
 	<li>Î£ÏÎ¿Î¹ÏÎµÎ¯Î¿ Î»Î¯ÏÏÎ± Î­Î½Î± List item one</li>
 	<li>Î£ÏÎ¿Î¹ÏÎµÎ¯Î¿ Î»Î¯ÏÏÎ±Ï Î´ÏÎ¿ List item two</li>
</ul>
</li>
 	<li>Î£ÏÎ¿Î¹ÏÎµÎ¯Î¿ Î´ÎµÏÏÎµÏÎ¿ -item two</li>
</ul>
</li>
 	<li>Î£ÏÎ¿Î¹ÏÎµÎ¹Î¿ Î´ÏÎ¿ List item two</li>
</ul>
<h2>ÎÏÎ¹Î¸Î¼Î·Î¼Î­Î½Î· Î»Î¯ÏÏÎ±(Nested)</h2>
<ol start="8">
 	<li>Î£ÏÎ¿Î¹ÏÎµÎ¹Î¿ Î¾ÎµÎºÎ¹Î½Î¬ Î¼Îµ 8-start at 8
<ol>
 	<li>Î£ÏÎ¿Î¹ÏÎµÎ¯Î¿ Î»Î¯ÏÏÎ±Ï ÎµÎ½Î± List item one
<ol>
 	<li>Î£ÏÎ¿Î¹ÏÎµÎ¯Î¿ Î»Î¯ÏÏÎ±Ï ÎµÎ½Î±Â  -reversed attribute</li>
 	<li>Î£ÏÎ¿Î¹ÏÎµÎ¯Î¿ Î»Î¯ÏÏÎ±Ï Î´ÏÎ¿</li>
</ol>
</li>
 	<li>ÎÎµÏÏÎµÏÎ¿ ÏÏÎ¿Î¹ÏÎµÎ¯Î¿</li>
</ol>
</li>
 	<li>Î£ÏÎ¿Î¹ÏÎµÎ¯Î¿ Î´ÏÎ¿</li>
</ol>
<h2>ÎÏÎ¹ÎºÎ­ÏÏÎµÏ HTML Tags</h2>
<strong>ÎÎ¹ÎµÏÎ¸ÏÎ½ÏÎ· Address Tag</strong>

<address>1 ÎÏÎ­ÏÎ±Î½ÏÎ· Î´Î¹Î±Î´ÏÎ¿Î¼Î® Infinite Loop
ÎÏÎ»ÏÏÎ¿Î»Î® , Î¤Î 95014
ÎÎ»Î»Î¬Î´Î±</address><strong>ÎÎ³ÎºÏÏÏÏÎ· Anchor Tag (aka. Link)</strong>

Î Î¬ÏÎ±Î´ÎµÎ¹Î³Î¼Î± <a title="WordPress Foundation" href="https://wordpressfoundation.org/">ÏÏÎ½Î´Î­ÏÎ¼Î¿Ï</a>.

<strong>Î£ÏÎ½ÏÎ¿Î¼Î¿Î³ÏÎ±ÏÎ¯Î± Abbreviation Tag</strong>

Î ÏÏÎ½ÏÎ¿Î¼Î¿Î³ÏÎ±ÏÎ¯Î± <abbr title="ÎÎ±Î¹ ÏÎ± Î»Î¿Î¹ÏÎ¬">ÎºÏÎ»</abbr> ÏÎ·Î¼Î±Î¯Î½ÎµÎ¹ "ÎÎ±Î¹ ÏÎ± Î»Î¿Î¹ÏÎ¬".

<strong>ÎÎºÏÏÎ½ÏÎ¼Î¹Î¿ Acronym Tag</strong>

Î¤Î¿ Î±ÎºÏÏÎ½ÏÎ¼Î¹Î¿ <acronym title="ÎÏÏÎ¹Î¿Ï">ÎºÏÏ</acronym> ÏÎ·Î¼Î±Î¯Î½ÎµÎ¹ "ÎÏÏÎ¹Î¿Ï".

<strong>Big Tag</strong>

ÎÏÏÏ ÎµÎ¯Î½Î±Î¹ <big>Î¼ÎµÎ³Î¬Î»Î¿</big> Î¸Î­Î¼Î±

<strong>Cite Tag</strong>

"Î¦Î¬Îµ ÏÎ¿ ÏÎ±Ï ÏÎ¿Ï" --<cite>ÎÎ»ÎµÏ Î¿Î¹ Î¼Î±Î¼Î¬Î´ÎµÏ</cite>

<strong>Code Tag</strong>

This tag styles blocks of code.
<code>.post-title {
margin: 0 0 5px;
font-weight: bold;
font-size: 38px;
line-height: 1.2;
ÎºÎ±Î¹ Î¼Î¯Î± Î³ÏÎ±Î¼Î¼Î® Î¼Îµ ÏÎ¿Î»Ï ÏÎ¬ÏÎ± ÏÎ¿Î»Ï ÏÏÎµÏÎ²Î¿Î»Î¹ÎºÎ¬ ÏÎ¬ÏÎ± ÏÎ¿Î»Ï Î¼ÎµÎ³Î¬Î»Î¿ ÎºÎµÎ¯Î¼ÎµÎ½Î¿ ÏÎ¿Ï ÏÏÎ­ÏÎµÎ¹ Î½Î± Î´Î¿ÏÎ¼Îµ ÏÏÏ ÏÎ¿ ÏÎµÎ¹ÏÎ¯Î¶ÎµÏÎ±Î¹ Î· Î³ÏÎ±Î¼Î¼Î±ÏÎ¿ÏÎµÎ¹ÏÎ¬ ÎºÎ±Î¹ Î±Î½ Î¾ÎµÏÎµÎ¹Î»Î¯Î¶ÎµÎ¹ Î±ÏÏ ÏÎ¹Ï Î³ÏÎ±Î¼Î¼Î­Ï ÎºÎ±Î¹ Î´Î·Î¼Î¹Î¿ÏÏÎ³ÎµÎ¯ ÏÏÏÎ²Î»Î·Î¼Î±;
}</code>

<strong>ÎÎ¹Î±Î³ÏÎ±ÏÎ® Delete Tag</strong>

ÎÏÎ¿ÏÎµÎ¯ÏÎµ Î½Î± <del>Î´Î¹Î±Î³ÏÎ¬ÏÎµÏÎ±Î¹ ÎºÎµÎ¯Î¼ÎµÎ½Î¿</del>, Î±Î»Î»Î¬ Î´ÎµÎ½ <em>ÏÏÎ½Î¹ÏÏÎ¬ÏÎ±Î¹</em>.

<strong>ÎÎ¼ÏÎ±ÏÎ· Emphasize Tag</strong>

ÎÎ± ÏÏÎ­ÏÎµÎ¹ Î½Î± ÎºÎ¬Î½ÎµÎ¹ <em>Î¹ÏÎ±Î»Î¹Îº italicize ÏÎ¿</em> <i>ÎºÎµÎ¯Î¼ÎµÎ½Î¿</i>.

<strong>ÎÎ¹ÏÎ±Î³ÏÎ³Î® Insert Tag</strong>

ÎÏÏÏ ÏÎ¿ tag ÏÏÎ¿Î´Î·Î»ÏÎ½ÎµÎ¹ <ins cite="ÎÎ¹ÏÎ±Î³ÏÎ³Î® inserted it">ÎµÎ¹ÏÎ·Î³Î¼Î­Î½Î¿ inserted </ins> ÎºÎµÎ¯Î¼ÎµÎ½Î¿.

<strong>Keyboard Tag</strong>

ÎÏÏÏ ÏÎ¿ ÎµÎ»Î¬ÏÎ¹ÏÏÎ¿ Î³Î½ÏÏÏÏ <kbd>ÎºÎµÎ¯Î¼ÎµÎ½Î¿ ÏÎ»Î·ÎºÏÏÎ¿Î»Î¿Î³Î¯Î¿Ï keyboard Tag</kbd>, ÏÏÎ½Î®Î¸ÏÏ Î¼Î¿ÏÏÎ¿ÏÎ¿Î¹ÎµÎ¯ÏÎ±Î¹ ÏÎ¼Î¿Î¹Î± Î¼Îµ ÏÎ¿ <code>&lt;ÎºÏÎ´Î¹ÎºÎ± code&gt;</code> tag.

<strong>Î ÏÎ¿Î´Î¹Î±Î¼Î¿ÏÏÏÎ¼Î­Î½Î¿ Preformatted Tag</strong>
<h2>Î ÎÏÏÎ¼Î¿Ï ÏÎ¿Ï Î´ÎµÎ½ Î´Î¹Î¬Î»ÎµÎ¾Î± - The Road Not Taken</h2>
<pre><cite>Robert Frost</cite>
   ÎÏÎ¿ Î´ÏÏÎ¼Î¿Î¹ Î´Î¹Î±ÏÏÎ±ÏÏÏÎ¸Î·ÎºÎ±Î½ Ï' Î­Î½Î± ÏÏÏÏÎ±ÏÎ­Î½Î¹Î¿ Î´Î¬ÏÎ¿Ï ,
   ÎÎ±Î¹ ÏÏÎ¿Ï Î»ÏÏÎ· Î¼Î¿Ï ÎºÎ±Î¹ ÏÎ¿ÏÏ Î´ÏÎ¿ ÏÎ± ÏÏÎ´Î¹Î± Î¼Î¿Ï Î½Î± ÏÎ±Î¾Î¹Î´Î­ÏÎ¿ÏÎ½ Î´ÎµÎ½ Î¼ÏÎ¿ÏÎ¿ÏÏÎ±Î½
   ÎÎ¹ ÎµÏÎ¯ Î¼Î±ÎºÏÏÎ½ ÎµÏÏÎ¬Î¸Î·ÎºÎ± , ÎºÎ±Î¸ÏÏ Î­Î½Î±Ï Î®Î¼Î¿ÏÎ½ ÏÎ±Î¾Î¹Î´ÎµÏÏÎ®Ï Î¼Î¿Î½Î¬ÏÎ¿Ï ,
   ÎºÎ¹ Î­ÏÏÏÎµÏÎ± ÏÎ¿ Î²Î»Î­Î¼Î¼Î± Î¼Î¿Ï ÏÏÎ¿Î½ ÏÏÏÏÎ¿ ÏÏÎ¿ Î½Î± ÏÎ±Î¸ÎµÎ¯ ÏÏÎ¿ Î²Î¬Î¸Î¿Ï
   Î¼Î­ÏÏÎ¹ ÎµÎºÎµÎ¯ ÏÎ¿Ï ÏÎ¬Î½Î¿Î½ÏÎ±Î½ ÏÏÎ± Î¬Î³ÏÎ¹Î± ÏÏÏÏÎ± ÏÎ¿Ï Î²Î»Î±ÏÏÎ¿ÏÏÎ±Î½.

  Two roads diverged in a yellow wood,
  And sorry I could not travel both          (\_/)
  And be one traveler, long I stood         (='.'=)
  And looked down one as far as I could     (")_(")
  To where it bent in the undergrowth;

  Then took the other, as just as fair,
  And having perhaps the better claim,          |\_/|
  Because it was grassy and wanted wear;       / @ @ \
  Though as for that the passing there        ( &gt; Âº &lt; )
  Had worn them really about the same,         `&gt;&gt;x&lt;&lt;Â´
                                               /  O  \
  And both that morning equally lay
  In leaves no step had trodden black.
  Oh, I kept the first for another day!
  Yet knowing how way leads on to way,
  I doubted if I should ever come back.

  I shall be telling this with a sigh
  Somewhere ages and ages hence:
  Two roads diverged in a wood, and Iâ
  I took the one less traveled by,
  And that has made all the difference.


  ÎºÎ±Î¹ Î¼Î¯Î± Î¼Î±ÎºÏÎ¹Î¬, ÏÎ¬ÏÎ± ÏÎ¿Î»Ï Î¼Î±ÎºÏÎ¹Î¬, ÏÏÎµÏÎ²Î¿Î»Î¹ÎºÎ¬ Î¼Î±ÎºÏÎ¿ÏÎºÎµÎ»Î®Ï Î´Î¯ÏÏÏ Î½ÏÎ·Î¼Î± ÏÏÏÏÎ±ÏÎ· Î³Î¹Î± Î½Î± Î´Î¿ÏÎ¼Îµ ÏÏÏ ÏÎ¿ ÏÎµÎ¹ÏÎ¯Î¶ÎµÏÎ±Î¹ ÏÎ¿ Î¸Î­Î¼Î± ÎµÎ¼ÏÎ¬Î½Î¹ÏÎ·Ï ÎºÎ±Î¹ Î±Î½ Î±Î½Î±Î´Î¹ÏÎ»ÏÎ½ÎµÏÎ±Î¹, ÎºÏÏÎ²ÎµÏÎ±Î¹ Î® Î¾ÎµÏÎµÎ¹Î»Î¯Î¶ÎµÎ¹;
</pre>
<strong>Quote Tag</strong> for short, inline quotes

<q>Î ÏÎ¿Î³ÏÎ±Î¼Î¼Î±ÏÎ¹ÏÏÎ­Ï, ÏÏÎ¿Î³ÏÎ±Î¼Î¼Î±ÏÎ¹ÏÏÎ­Ï, developers...</q> --Steve Ballmer

<strong>Strike Tag</strong> (<em>deprecated in HTML5</em>) and <strong>S Tag</strong>

ÎÏÏÎ® Î· ÎµÏÎ¹ÎºÎ­ÏÎ± ÎµÎ¯Î½Î±Î¹ <span style="text-decoration: line-through;">Î¼Îµ Î´Î¹Î±Î³ÏÎ¬Î¼Î¼Î¹ÏÎ· strike-through</span> <s>ÎºÎµÎ¯Î¼ÎµÎ½Î¿ text</s>.

<strong>ÎÎ¹ÎºÏÎ¬ Small Tag</strong>

ÎÏÏÎ® Î· ÎµÏÎ¹ÎºÎ­ÏÎ± ÎµÎ¯Î½Î±Î¹ <small>Î¼Î¹ÎºÏÏÏÎµÏÎ¿ smaller<small> ÎºÎµÎ¯Î¼ÎµÎ½Î¿ text.</small></small>

<strong>Strong Tag</strong>

ÎÏÏÎ® Î· ÎµÏÎ¹ÎºÎ­ÏÎ± Î´ÎµÎ¯ÏÎ½ÎµÎ¹ <strong> Î­Î½ÏÎ¿Î½Î¿ bold<strong> ÎºÎµÎ¯Î¼ÎµÎ½Î¿ text.</strong></strong>

<strong>Subscript Tag</strong>

Getting our science styling on with H<sub>2 Î´ÏÎ¿</sub>O, which should push the "2" down.

<strong>Superscript Tag</strong>

Still sticking with science and Albert Einstein's E = MC<sup>2 Î´ÏÎ¿</sup>, which should lift the 2 up.

<strong>Teletype Tag </strong>(<em>obsolete in HTML5</em>)

ÎÏÏÎ® Î· ÎµÏÎ¹ÎºÎ­ÏÎ± Î´ÎµÎ¯ÏÎ½ÎµÎ¹ <tt>ÏÏÎ»ÎµÏÏÏÎ¿Ï teletype ÎºÎµÎ¯Î¼ÎµÎ½Î¿</tt>, which is usually styled like the <code>&lt;ÎºÏÎ´Î¹ÎºÎ± code&gt;</code> tag.

<strong>Underline Tag</strong> <em>deprecated in HTML 4, re-introduced in HTML5 with other semantics</em>

ÎÏÏÎ® Î· ÎµÏÎ¹ÎºÎ­ÏÎ± Î´ÎµÎ¯ÏÎ½ÎµÎ¹ <u>ÏÏÎ¿Î³ÏÎ¬Î¼Î¼Î¹ÏÎ· underlined text</u>.

<strong>Variable Tag</strong>

ÎÏÏÎ® Î· ÎµÏÎ¹ÎºÎ­ÏÎ± Î´ÎµÎ¯ÏÎ½ÎµÎ¹ <var>ÏÎ±ÏÎ¬Î¼ÎµÏÏÎ¿Î¹ variables</var>.]]></content:encoded>
		<excerpt:encoded><![CDATA[]]></excerpt:encoded>
		<wp:post_id>1809</wp:post_id>
		<wp:post_date><![CDATA[2020-02-14 13:31:00]]></wp:post_date>
		<wp:post_date_gmt><![CDATA[2020-02-14 10:31:00]]></wp:post_date_gmt>
		<wp:post_modified><![CDATA[2020-02-14 13:31:00]]></wp:post_modified>
		<wp:post_modified_gmt><![CDATA[2020-02-14 10:31:00]]></wp:post_modified_gmt>
		<wp:comment_status><![CDATA[closed]]></wp:comment_status>
		<wp:ping_status><![CDATA[closed]]></wp:ping_status>
		<wp:post_name><![CDATA[greek]]></wp:post_name>
		<wp:status><![CDATA[publish]]></wp:status>
		<wp:post_parent>0</wp:post_parent>
		<wp:menu_order>0</wp:menu_order>
		<wp:post_type><![CDATA[page]]></wp:post_type>
		<wp:post_password><![CDATA[]]></wp:post_password>
		<wp:is_sticky>0</wp:is_sticky>
														<wp:postmeta>
		<wp:meta_key><![CDATA[_wp_page_template]]></wp:meta_key>
		<wp:meta_value><![CDATA[default]]></wp:meta_value>
		</wp:postmeta>
							</item>
					<item>
		<title><![CDATA[ÎÏÎ¯ÏÎµÎ´Î¿ 2 -Second Greek level]]></title>
		<link>http://localhost/sass-wp/greek/%ce%b5%cf%80%ce%af%cf%80%ce%b5%ce%b4%ce%bf-2/</link>
		<pubDate>Fri, 14 Feb 2020 10:31:47 +0000</pubDate>
		<dc:creator><![CDATA[webmaster]]></dc:creator>
		<guid isPermaLink="false">https://wpthemetestdata.wordpress.com/?page_id=1811</guid>
		<description></description>
		<content:encoded><![CDATA[Î£ÎµÎ»Î¯Î´Î± 2Î¿Ï ÎµÏÎ¹ÏÎ­Î´Î¿Ï - Second level page
]]></content:encoded>
		<excerpt:encoded><![CDATA[]]></excerpt:encoded>
		<wp:post_id>1811</wp:post_id>
		<wp:post_date><![CDATA[2020-02-14 13:31:47]]></wp:post_date>
		<wp:post_date_gmt><![CDATA[2020-02-14 10:31:47]]></wp:post_date_gmt>
		<wp:post_modified><![CDATA[2020-02-14 13:31:47]]></wp:post_modified>
		<wp:post_modified_gmt><![CDATA[2020-02-14 10:31:47]]></wp:post_modified_gmt>
		<wp:comment_status><![CDATA[closed]]></wp:comment_status>
		<wp:ping_status><![CDATA[closed]]></wp:ping_status>
		<wp:post_name><![CDATA[%ce%b5%cf%80%ce%af%cf%80%ce%b5%ce%b4%ce%bf-2]]></wp:post_name>
		<wp:status><![CDATA[publish]]></wp:status>
		<wp:post_parent>1809</wp:post_parent>
		<wp:menu_order>0</wp:menu_order>
		<wp:post_type><![CDATA[page]]></wp:post_type>
		<wp:post_password><![CDATA[]]></wp:post_password>
		<wp:is_sticky>0</wp:is_sticky>
														<wp:postmeta>
		<wp:meta_key><![CDATA[_wp_page_template]]></wp:meta_key>
		<wp:meta_value><![CDATA[default]]></wp:meta_value>
		</wp:postmeta>
							</item>
					<item>
		<title><![CDATA[ÎÏÎ¯ÏÎµÎ´Î¿ 3]]></title>
		<link>http://localhost/sass-wp/greek/%ce%b5%cf%80%ce%af%cf%80%ce%b5%ce%b4%ce%bf-2/%ce%b5%cf%80%ce%af%cf%80%ce%b5%ce%b4%ce%bf-3/</link>
		<pubDate>Fri, 14 Feb 2020 10:32:50 +0000</pubDate>
		<dc:creator><![CDATA[webmaster]]></dc:creator>
		<guid isPermaLink="false">https://wpthemetestdata.wordpress.com/?page_id=1813</guid>
		<description></description>
		<content:encoded><![CDATA[]]></content:encoded>
		<excerpt:encoded><![CDATA[]]></excerpt:encoded>
		<wp:post_id>1813</wp:post_id>
		<wp:post_date><![CDATA[2020-02-14 13:32:50]]></wp:post_date>
		<wp:post_date_gmt><![CDATA[2020-02-14 10:32:50]]></wp:post_date_gmt>
		<wp:post_modified><![CDATA[2020-02-14 13:32:50]]></wp:post_modified>
		<wp:post_modified_gmt><![CDATA[2020-02-14 10:32:50]]></wp:post_modified_gmt>
		<wp:comment_status><![CDATA[closed]]></wp:comment_status>
		<wp:ping_status><![CDATA[closed]]></wp:ping_status>
		<wp:post_name><![CDATA[%ce%b5%cf%80%ce%af%cf%80%ce%b5%ce%b4%ce%bf-3]]></wp:post_name>
		<wp:status><![CDATA[publish]]></wp:status>
		<wp:post_parent>1811</wp:post_parent>
		<wp:menu_order>0</wp:menu_order>
		<wp:post_type><![CDATA[page]]></wp:post_type>
		<wp:post_password><![CDATA[]]></wp:post_password>
		<wp:is_sticky>0</wp:is_sticky>
														<wp:postmeta>
		<wp:meta_key><![CDATA[_wp_page_template]]></wp:meta_key>
		<wp:meta_value><![CDATA[default]]></wp:meta_value>
		</wp:postmeta>
							</item>
					<item>
		<title><![CDATA[Clientes]]></title>
		<link>http://localhost/sass-wp/clientes/</link>
		<pubDate>Tue, 27 Jul 2021 14:04:14 +0000</pubDate>
		<dc:creator><![CDATA[webmaster]]></dc:creator>
		<guid isPermaLink="false">https://localhost/sass-wp/clientes/</guid>
		<description></description>
		<content:encoded><![CDATA[]]></content:encoded>
		<excerpt:encoded><![CDATA[]]></excerpt:encoded>
		<wp:post_id>19252</wp:post_id>
		<wp:post_date><![CDATA[2021-07-27 14:04:14]]></wp:post_date>
		<wp:post_date_gmt><![CDATA[2021-07-27 14:04:14]]></wp:post_date_gmt>
		<wp:post_modified><![CDATA[2021-07-27 14:04:14]]></wp:post_modified>
		<wp:post_modified_gmt><![CDATA[2021-07-27 14:04:14]]></wp:post_modified_gmt>
		<wp:comment_status><![CDATA[closed]]></wp:comment_status>
		<wp:ping_status><![CDATA[closed]]></wp:ping_status>
		<wp:post_name><![CDATA[clientes]]></wp:post_name>
		<wp:status><![CDATA[publish]]></wp:status>
		<wp:post_parent>0</wp:post_parent>
		<wp:menu_order>0</wp:menu_order>
		<wp:post_type><![CDATA[page]]></wp:post_type>
		<wp:post_password><![CDATA[]]></wp:post_password>
		<wp:is_sticky>0</wp:is_sticky>
														</item>
					<item>
		<title><![CDATA[Contacto]]></title>
		<link>http://localhost/sass-wp/contacto/</link>
		<pubDate>Tue, 27 Jul 2021 14:04:14 +0000</pubDate>
		<dc:creator><![CDATA[webmaster]]></dc:creator>
		<guid isPermaLink="false">https://localhost/sass-wp/contacto/</guid>
		<description></description>
		<content:encoded><![CDATA[]]></content:encoded>
		<excerpt:encoded><![CDATA[]]></excerpt:encoded>
		<wp:post_id>19253</wp:post_id>
		<wp:post_date><![CDATA[2021-07-27 14:04:14]]></wp:post_date>
		<wp:post_date_gmt><![CDATA[2021-07-27 14:04:14]]></wp:post_date_gmt>
		<wp:post_modified><![CDATA[2021-07-27 14:04:14]]></wp:post_modified>
		<wp:post_modified_gmt><![CDATA[2021-07-27 14:04:14]]></wp:post_modified_gmt>
		<wp:comment_status><![CDATA[closed]]></wp:comment_status>
		<wp:ping_status><![CDATA[closed]]></wp:ping_status>
		<wp:post_name><![CDATA[contacto]]></wp:post_name>
		<wp:status><![CDATA[publish]]></wp:status>
		<wp:post_parent>0</wp:post_parent>
		<wp:menu_order>0</wp:menu_order>
		<wp:post_type><![CDATA[page]]></wp:post_type>
		<wp:post_password><![CDATA[]]></wp:post_password>
		<wp:is_sticky>0</wp:is_sticky>
														</item>
					<item>
		<title><![CDATA[Empresas]]></title>
		<link>http://localhost/sass-wp/empresas/</link>
		<pubDate>Fri, 20 Aug 2021 17:12:11 +0000</pubDate>
		<dc:creator><![CDATA[webmaster]]></dc:creator>
		<guid isPermaLink="false">http://localhost/sass-wp/?page_id=19348</guid>
		<description></description>
		<content:encoded><![CDATA[]]></content:encoded>
		<excerpt:encoded><![CDATA[]]></excerpt:encoded>
		<wp:post_id>19348</wp:post_id>
		<wp:post_date><![CDATA[2021-08-20 17:12:11]]></wp:post_date>
		<wp:post_date_gmt><![CDATA[2021-08-20 17:12:11]]></wp:post_date_gmt>
		<wp:post_modified><![CDATA[2021-08-20 17:12:11]]></wp:post_modified>
		<wp:post_modified_gmt><![CDATA[2021-08-20 17:12:11]]></wp:post_modified_gmt>
		<wp:comment_status><![CDATA[closed]]></wp:comment_status>
		<wp:ping_status><![CDATA[closed]]></wp:ping_status>
		<wp:post_name><![CDATA[empresas]]></wp:post_name>
		<wp:status><![CDATA[publish]]></wp:status>
		<wp:post_parent>0</wp:post_parent>
		<wp:menu_order>0</wp:menu_order>
		<wp:post_type><![CDATA[page]]></wp:post_type>
		<wp:post_password><![CDATA[]]></wp:post_password>
		<wp:is_sticky>0</wp:is_sticky>
														</item>
					<item>
		<title><![CDATA[Boletin]]></title>
		<link>http://localhost/sass-wp/boletin/</link>
		<pubDate>Fri, 20 Aug 2021 17:30:19 +0000</pubDate>
		<dc:creator><![CDATA[webmaster]]></dc:creator>
		<guid isPermaLink="false">http://localhost/sass-wp/?page_id=19350</guid>
		<description></description>
		<content:encoded><![CDATA[<!-- wp:paragraph -->
<p> boletin abore et dolore magna aliqua. Ut enim ad minim veniam, quis nostrud exercitation<br> ullamco laboris nisi ut aliquip ex ea commodo consequat. Duis aute irure dolor in <br>reprehenderit in voluptate velit esse cillum dolore eu fugiat nulla pariatur. tintan</p>
<!-- /wp:paragraph -->

<!-- wp:search {"label":"Buscar","buttonText":"Buscar"} /-->

<!-- wp:social-links -->
<ul class="wp-block-social-links"><!-- wp:social-link {"service":"behance"} /-->

<!-- wp:social-link {"service":"wordpress"} /-->

<!-- wp:social-link {"service":"amazon"} /--></ul>
<!-- /wp:social-links -->]]></content:encoded>
		<excerpt:encoded><![CDATA[]]></excerpt:encoded>
		<wp:post_id>19350</wp:post_id>
		<wp:post_date><![CDATA[2021-08-20 17:30:19]]></wp:post_date>
		<wp:post_date_gmt><![CDATA[2021-08-20 17:30:19]]></wp:post_date_gmt>
		<wp:post_modified><![CDATA[2021-09-14 16:20:40]]></wp:post_modified>
		<wp:post_modified_gmt><![CDATA[2021-09-14 16:20:40]]></wp:post_modified_gmt>
		<wp:comment_status><![CDATA[closed]]></wp:comment_status>
		<wp:ping_status><![CDATA[closed]]></wp:ping_status>
		<wp:post_name><![CDATA[boletin]]></wp:post_name>
		<wp:status><![CDATA[publish]]></wp:status>
		<wp:post_parent>0</wp:post_parent>
		<wp:menu_order>0</wp:menu_order>
		<wp:post_type><![CDATA[page]]></wp:post_type>
		<wp:post_password><![CDATA[]]></wp:post_password>
		<wp:is_sticky>0</wp:is_sticky>
														<wp:postmeta>
		<wp:meta_key><![CDATA[_thumbnail_id]]></wp:meta_key>
		<wp:meta_value><![CDATA[19320]]></wp:meta_value>
		</wp:postmeta>
							<wp:postmeta>
		<wp:meta_key><![CDATA[_oembed_69efe391c54d9ad4121260fe7d08421b]]></wp:meta_key>
		<wp:meta_value><![CDATA[<iframe title="Timbaland got some Beats for Kanye West ð¶" width="580" height="326" src="https://www.youtube.com/embed/hWZjqjcJbVc?feature=oembed" frameborder="0" allow="accelerometer; autoplay; clipboard-write; encrypted-media; gyroscope; picture-in-picture" allowfullscreen></iframe>]]></wp:meta_value>
		</wp:postmeta>
							<wp:postmeta>
		<wp:meta_key><![CDATA[_oembed_time_69efe391c54d9ad4121260fe7d08421b]]></wp:meta_key>
		<wp:meta_value><![CDATA[1631375674]]></wp:meta_value>
		</wp:postmeta>
							<wp:postmeta>
		<wp:meta_key><![CDATA[_oembed_8bc7811c525f9d3a87dd4f23f20af961]]></wp:meta_key>
		<wp:meta_value><![CDATA[<iframe title="Timbaland got some Beats for Kanye West ð¶" width="500" height="281" src="https://www.youtube.com/embed/hWZjqjcJbVc?feature=oembed" frameborder="0" allow="accelerometer; autoplay; clipboard-write; encrypted-media; gyroscope; picture-in-picture" allowfullscreen></iframe>]]></wp:meta_value>
		</wp:postmeta>
							<wp:postmeta>
		<wp:meta_key><![CDATA[_oembed_time_8bc7811c525f9d3a87dd4f23f20af961]]></wp:meta_key>
		<wp:meta_value><![CDATA[1631377496]]></wp:meta_value>
		</wp:postmeta>
							<wp:postmeta>
		<wp:meta_key><![CDATA[_oembed_48fa2c90bf70b579680354d38d92f02c]]></wp:meta_key>
		<wp:meta_value><![CDATA[<iframe title="Timbaland got some Beats for Kanye West ð¶" width="660" height="371" src="https://www.youtube.com/embed/hWZjqjcJbVc?feature=oembed" frameborder="0" allow="accelerometer; autoplay; clipboard-write; encrypted-media; gyroscope; picture-in-picture" allowfullscreen></iframe>]]></wp:meta_value>
		</wp:postmeta>
							<wp:postmeta>
		<wp:meta_key><![CDATA[_oembed_time_48fa2c90bf70b579680354d38d92f02c]]></wp:meta_key>
		<wp:meta_value><![CDATA[1631563093]]></wp:meta_value>
		</wp:postmeta>
							</item>
					<item>
		<title><![CDATA[Empresas2]]></title>
		<link>http://localhost/sass-wp/empresas2/</link>
		<pubDate>Fri, 20 Aug 2021 17:44:03 +0000</pubDate>
		<dc:creator><![CDATA[webmaster]]></dc:creator>
		<guid isPermaLink="false">http://localhost/sass-wp/?page_id=19352</guid>
		<description></description>
		<content:encoded><![CDATA[]]></content:encoded>
		<excerpt:encoded><![CDATA[]]></excerpt:encoded>
		<wp:post_id>19352</wp:post_id>
		<wp:post_date><![CDATA[2021-08-20 17:44:03]]></wp:post_date>
		<wp:post_date_gmt><![CDATA[2021-08-20 17:44:03]]></wp:post_date_gmt>
		<wp:post_modified><![CDATA[2021-08-20 17:44:03]]></wp:post_modified>
		<wp:post_modified_gmt><![CDATA[2021-08-20 17:44:03]]></wp:post_modified_gmt>
		<wp:comment_status><![CDATA[closed]]></wp:comment_status>
		<wp:ping_status><![CDATA[closed]]></wp:ping_status>
		<wp:post_name><![CDATA[empresas2]]></wp:post_name>
		<wp:status><![CDATA[publish]]></wp:status>
		<wp:post_parent>0</wp:post_parent>
		<wp:menu_order>0</wp:menu_order>
		<wp:post_type><![CDATA[page]]></wp:post_type>
		<wp:post_password><![CDATA[]]></wp:post_password>
		<wp:is_sticky>0</wp:is_sticky>
														</item>
					<item>
		<title><![CDATA[Page A]]></title>
		<link>http://localhost/sass-wp/page-a/</link>
		<pubDate>Fri, 24 Jun 2011 01:38:52 +0000</pubDate>
		<dc:creator><![CDATA[webmaster]]></dc:creator>
		<guid isPermaLink="false">https://wpthemetestdata.wordpress.com/?page_id=733</guid>
		<description></description>
		<content:encoded><![CDATA[Integer posuere erat a ante venenatis dapibus posuere velit aliquet. Aenean lacinia bibendum nulla sed consectetur. Etiam porta sem malesuada magna mollis euismod. Fusce dapibus, tellus ac cursus commodo, tortor mauris condimentum nibh, ut fermentum massa justo sit amet risus.]]></content:encoded>
		<excerpt:encoded><![CDATA[]]></excerpt:encoded>
		<wp:post_id>19465</wp:post_id>
		<wp:post_date><![CDATA[2011-06-23 18:38:52]]></wp:post_date>
		<wp:post_date_gmt><![CDATA[2011-06-24 01:38:52]]></wp:post_date_gmt>
		<wp:post_modified><![CDATA[2011-06-23 18:38:52]]></wp:post_modified>
		<wp:post_modified_gmt><![CDATA[2011-06-24 01:38:52]]></wp:post_modified_gmt>
		<wp:comment_status><![CDATA[open]]></wp:comment_status>
		<wp:ping_status><![CDATA[closed]]></wp:ping_status>
		<wp:post_name><![CDATA[page-a]]></wp:post_name>
		<wp:status><![CDATA[publish]]></wp:status>
		<wp:post_parent>0</wp:post_parent>
		<wp:menu_order>10</wp:menu_order>
		<wp:post_type><![CDATA[page]]></wp:post_type>
		<wp:post_password><![CDATA[]]></wp:post_password>
		<wp:is_sticky>0</wp:is_sticky>
														</item>
					<item>
		<title><![CDATA[Level 2a]]></title>
		<link>http://localhost/sass-wp/level-1/level-2a/</link>
		<pubDate>Fri, 24 Jun 2011 02:03:33 +0000</pubDate>
		<dc:creator><![CDATA[webmaster]]></dc:creator>
		<guid isPermaLink="false">https://wpthemetestdata.wordpress.com/?page_id=742</guid>
		<description></description>
		<content:encoded><![CDATA[(lorem ipsum)]]></content:encoded>
		<excerpt:encoded><![CDATA[]]></excerpt:encoded>
		<wp:post_id>19466</wp:post_id>
		<wp:post_date><![CDATA[2011-06-23 19:03:33]]></wp:post_date>
		<wp:post_date_gmt><![CDATA[2011-06-24 02:03:33]]></wp:post_date_gmt>
		<wp:post_modified><![CDATA[2011-06-23 19:03:33]]></wp:post_modified>
		<wp:post_modified_gmt><![CDATA[2011-06-24 02:03:33]]></wp:post_modified_gmt>
		<wp:comment_status><![CDATA[open]]></wp:comment_status>
		<wp:ping_status><![CDATA[closed]]></wp:ping_status>
		<wp:post_name><![CDATA[level-2a]]></wp:post_name>
		<wp:status><![CDATA[publish]]></wp:status>
		<wp:post_parent>174</wp:post_parent>
		<wp:menu_order>0</wp:menu_order>
		<wp:post_type><![CDATA[page]]></wp:post_type>
		<wp:post_password><![CDATA[]]></wp:post_password>
		<wp:is_sticky>0</wp:is_sticky>
														</item>
					<item>
		<title><![CDATA[Level 2b]]></title>
		<link>http://localhost/sass-wp/level-1/level-2b/</link>
		<pubDate>Fri, 24 Jun 2011 02:04:03 +0000</pubDate>
		<dc:creator><![CDATA[webmaster]]></dc:creator>
		<guid isPermaLink="false">https://wpthemetestdata.wordpress.com/?page_id=744</guid>
		<description></description>
		<content:encoded><![CDATA[(lorem ipsum)]]></content:encoded>
		<excerpt:encoded><![CDATA[]]></excerpt:encoded>
		<wp:post_id>19467</wp:post_id>
		<wp:post_date><![CDATA[2011-06-23 19:04:03]]></wp:post_date>
		<wp:post_date_gmt><![CDATA[2011-06-24 02:04:03]]></wp:post_date_gmt>
		<wp:post_modified><![CDATA[2011-06-23 19:04:03]]></wp:post_modified>
		<wp:post_modified_gmt><![CDATA[2011-06-24 02:04:03]]></wp:post_modified_gmt>
		<wp:comment_status><![CDATA[open]]></wp:comment_status>
		<wp:ping_status><![CDATA[closed]]></wp:ping_status>
		<wp:post_name><![CDATA[level-2b]]></wp:post_name>
		<wp:status><![CDATA[publish]]></wp:status>
		<wp:post_parent>174</wp:post_parent>
		<wp:menu_order>0</wp:menu_order>
		<wp:post_type><![CDATA[page]]></wp:post_type>
		<wp:post_password><![CDATA[]]></wp:post_password>
		<wp:is_sticky>0</wp:is_sticky>
														</item>
					<item>
		<title><![CDATA[Post Format: Quote]]></title>
		<link>http://localhost/sass-wp/post-format-quote/</link>
		<pubDate>Fri, 05 Feb 2010 15:13:15 +0000</pubDate>
		<dc:creator><![CDATA[webmaster]]></dc:creator>
		<guid isPermaLink="false">https://wpthemetestdata.wordpress.com/?p=575</guid>
		<description></description>
		<content:encoded><![CDATA[<blockquote>Only one thing is impossible for God: To find any sense in any copyright law on the planet.
<cite><a href="http://www.brainyquote.com/quotes/quotes/m/marktwain163473.html">Mark Twain</a></cite></blockquote>]]></content:encoded>
		<excerpt:encoded><![CDATA[]]></excerpt:encoded>
		<wp:post_id>575</wp:post_id>
		<wp:post_date><![CDATA[2010-02-05 08:13:15]]></wp:post_date>
		<wp:post_date_gmt><![CDATA[2010-02-05 15:13:15]]></wp:post_date_gmt>
		<wp:post_modified><![CDATA[2010-02-05 08:13:15]]></wp:post_modified>
		<wp:post_modified_gmt><![CDATA[2010-02-05 15:13:15]]></wp:post_modified_gmt>
		<wp:comment_status><![CDATA[closed]]></wp:comment_status>
		<wp:ping_status><![CDATA[closed]]></wp:ping_status>
		<wp:post_name><![CDATA[post-format-quote]]></wp:post_name>
		<wp:status><![CDATA[publish]]></wp:status>
		<wp:post_parent>0</wp:post_parent>
		<wp:menu_order>0</wp:menu_order>
		<wp:post_type><![CDATA[post]]></wp:post_type>
		<wp:post_password><![CDATA[]]></wp:post_password>
		<wp:is_sticky>0</wp:is_sticky>
										<category domain="category" nicename="classic"><![CDATA[Classic]]></category>
		<category domain="category" nicename="post-formats"><![CDATA[Post Formats]]></category>
		<category domain="post_tag" nicename="post-formats"><![CDATA[Post Formats]]></category>
		<category domain="post_tag" nicename="quote"><![CDATA[quote]]></category>
		<category domain="post_format" nicename="post-format-quote"><![CDATA[Cita]]></category>
						</item>
					<item>
		<title><![CDATA[Edge Case: Nested And Mixed Lists]]></title>
		<link>http://localhost/sass-wp/edge-case-nested-and-mixed-lists/</link>
		<pubDate>Fri, 15 May 2009 21:48:32 +0000</pubDate>
		<dc:creator><![CDATA[webmaster]]></dc:creator>
		<guid isPermaLink="false">http://wptest.io/demo/?p=1000</guid>
		<description></description>
		<content:encoded><![CDATA[Nested and mixed lists are an interesting beast. It's a corner case to make sure that
<ul>
	<li>Lists within lists do not break the ordered list numbering order</li>
	<li>Your list styles go deep enough.</li>
</ul>
<h3>Ordered - Unordered - Ordered</h3>
<ol>
	<li>ordered item</li>
	<li>ordered item
<ul>
	<li><strong>unordered</strong></li>
	<li><strong>unordered</strong>
<ol>
	<li>ordered item</li>
	<li>ordered item</li>
</ol>
</li>
</ul>
</li>
	<li>ordered item</li>
	<li>ordered item</li>
</ol>
<h3>Ordered - Unordered - Unordered</h3>
<ol>
	<li>ordered item</li>
	<li>ordered item
<ul>
	<li><strong>unordered</strong></li>
	<li><strong>unordered</strong>
<ul>
	<li>unordered item</li>
	<li>unordered item</li>
</ul>
</li>
</ul>
</li>
	<li>ordered item</li>
	<li>ordered item</li>
</ol>
<h3>Unordered - Ordered - Unordered</h3>
<ul>
	<li>unordered item</li>
	<li>unordered item
<ol>
	<li>ordered</li>
	<li>ordered
<ul>
	<li>unordered item</li>
	<li>unordered item</li>
</ul>
</li>
</ol>
</li>
	<li>unordered item</li>
	<li>unordered item</li>
</ul>
<h3>Unordered - Unordered - Ordered</h3>
<ul>
	<li>unordered item</li>
	<li>unordered item
<ul>
	<li>unordered</li>
	<li>unordered
<ol>
	<li><strong>ordered item</strong></li>
	<li><strong>ordered item</strong></li>
</ol>
</li>
</ul>
</li>
	<li>unordered item</li>
	<li>unordered item</li>
</ul>]]></content:encoded>
		<excerpt:encoded><![CDATA[]]></excerpt:encoded>
		<wp:post_id>1000</wp:post_id>
		<wp:post_date><![CDATA[2009-05-15 14:48:32]]></wp:post_date>
		<wp:post_date_gmt><![CDATA[2009-05-15 21:48:32]]></wp:post_date_gmt>
		<wp:post_modified><![CDATA[2009-05-15 14:48:32]]></wp:post_modified>
		<wp:post_modified_gmt><![CDATA[2009-05-15 21:48:32]]></wp:post_modified_gmt>
		<wp:comment_status><![CDATA[closed]]></wp:comment_status>
		<wp:ping_status><![CDATA[closed]]></wp:ping_status>
		<wp:post_name><![CDATA[edge-case-nested-and-mixed-lists]]></wp:post_name>
		<wp:status><![CDATA[publish]]></wp:status>
		<wp:post_parent>0</wp:post_parent>
		<wp:menu_order>0</wp:menu_order>
		<wp:post_type><![CDATA[post]]></wp:post_type>
		<wp:post_password><![CDATA[]]></wp:post_password>
		<wp:is_sticky>0</wp:is_sticky>
										<category domain="category" nicename="classic"><![CDATA[Classic]]></category>
		<category domain="post_tag" nicename="content-2"><![CDATA[content ÏÎµÏÎ¹ÎµÏÏÎ¼ÎµÎ½Î¿]]></category>
		<category domain="post_tag" nicename="css"><![CDATA[css]]></category>
		<category domain="category" nicename="edge-case-2"><![CDATA[Edge Case]]></category>
		<category domain="post_tag" nicename="edge-case"><![CDATA[edge case]]></category>
		<category domain="post_tag" nicename="lists-2"><![CDATA[lists]]></category>
		<category domain="post_tag" nicename="markup-2"><![CDATA[markup]]></category>
						</item>
					<item>
		<title><![CDATA[Edge Case: Many Tags]]></title>
		<link>http://localhost/sass-wp/edge-case-many-tags/</link>
		<pubDate>Mon, 01 Jun 2009 08:00:34 +0000</pubDate>
		<dc:creator><![CDATA[webmaster]]></dc:creator>
		<guid isPermaLink="false">https://wpthemetestdata.wordpress.com/2007/11/24/many-tags/</guid>
		<description></description>
		<content:encoded><![CDATA[This post has many tags.]]></content:encoded>
		<excerpt:encoded><![CDATA[]]></excerpt:encoded>
		<wp:post_id>1151</wp:post_id>
		<wp:post_date><![CDATA[2009-06-01 01:00:34]]></wp:post_date>
		<wp:post_date_gmt><![CDATA[2009-06-01 08:00:34]]></wp:post_date_gmt>
		<wp:post_modified><![CDATA[2009-06-01 01:00:34]]></wp:post_modified>
		<wp:post_modified_gmt><![CDATA[2009-06-01 08:00:34]]></wp:post_modified_gmt>
		<wp:comment_status><![CDATA[closed]]></wp:comment_status>
		<wp:ping_status><![CDATA[closed]]></wp:ping_status>
		<wp:post_name><![CDATA[edge-case-many-tags]]></wp:post_name>
		<wp:status><![CDATA[publish]]></wp:status>
		<wp:post_parent>0</wp:post_parent>
		<wp:menu_order>0</wp:menu_order>
		<wp:post_type><![CDATA[post]]></wp:post_type>
		<wp:post_password><![CDATA[]]></wp:post_password>
		<wp:is_sticky>0</wp:is_sticky>
										<category domain="post_tag" nicename="8bit"><![CDATA[8BIT]]></category>
		<category domain="post_tag" nicename="alignment-2"><![CDATA[alignment]]></category>
		<category domain="post_tag" nicename="articles"><![CDATA[Articles]]></category>
		<category domain="post_tag" nicename="captions-2"><![CDATA[captions]]></category>
		<category domain="post_tag" nicename="categories"><![CDATA[categories]]></category>
		<category domain="post_tag" nicename="chat"><![CDATA[chat]]></category>
		<category domain="category" nicename="classic"><![CDATA[Classic]]></category>
		<category domain="post_tag" nicename="codex"><![CDATA[Codex]]></category>
		<category domain="post_tag" nicename="comments-2"><![CDATA[comments]]></category>
		<category domain="post_tag" nicename="content-2"><![CDATA[content ÏÎµÏÎ¹ÎµÏÏÎ¼ÎµÎ½Î¿]]></category>
		<category domain="post_tag" nicename="css"><![CDATA[css]]></category>
		<category domain="post_tag" nicename="dowork"><![CDATA[dowork]]></category>
		<category domain="category" nicename="edge-case-2"><![CDATA[Edge Case]]></category>
		<category domain="post_tag" nicename="edge-case"><![CDATA[edge case]]></category>
		<category domain="post_tag" nicename="embeds-2"><![CDATA[embeds]]></category>
		<category domain="post_tag" nicename="excerpt-2"><![CDATA[excerpt]]></category>
		<category domain="post_tag" nicename="fail"><![CDATA[Fail]]></category>
		<category domain="post_tag" nicename="featured-image"><![CDATA[featured image]]></category>
		<category domain="post_tag" nicename="ftw"><![CDATA[FTW]]></category>
		<category domain="post_tag" nicename="fun"><![CDATA[Fun]]></category>
		<category domain="post_tag" nicename="gallery"><![CDATA[gallery]]></category>
		<category domain="post_tag" nicename="html"><![CDATA[html]]></category>
		<category domain="post_tag" nicename="image"><![CDATA[image]]></category>
		<category domain="post_tag" nicename="jetpack-2"><![CDATA[jetpack]]></category>
		<category domain="post_tag" nicename="layout"><![CDATA[layout]]></category>
		<category domain="post_tag" nicename="link"><![CDATA[link]]></category>
		<category domain="post_tag" nicename="love"><![CDATA[Love]]></category>
		<category domain="post_tag" nicename="markup-2"><![CDATA[markup]]></category>
		<category domain="post_tag" nicename="mothership"><![CDATA[Mothership]]></category>
		<category domain="post_tag" nicename="mustread"><![CDATA[Must Read]]></category>
		<category domain="post_tag" nicename="nailedit"><![CDATA[Nailed It]]></category>
		<category domain="post_tag" nicename="pictures"><![CDATA[Pictures]]></category>
		<category domain="post_tag" nicename="post-formats"><![CDATA[Post Formats]]></category>
		<category domain="post_tag" nicename="quote"><![CDATA[quote]]></category>
		<category domain="post_tag" nicename="shortcode"><![CDATA[shortcode]]></category>
		<category domain="post_tag" nicename="standard-2"><![CDATA[standard]]></category>
		<category domain="post_tag" nicename="success"><![CDATA[Success]]></category>
		<category domain="post_tag" nicename="swagger"><![CDATA[Swagger]]></category>
		<category domain="post_tag" nicename="tags"><![CDATA[Tags]]></category>
		<category domain="post_tag" nicename="template"><![CDATA[template]]></category>
		<category domain="post_tag" nicename="title"><![CDATA[title]]></category>
		<category domain="post_tag" nicename="twitter-2"><![CDATA[twitter]]></category>
		<category domain="post_tag" nicename="unseen"><![CDATA[Unseen]]></category>
		<category domain="post_tag" nicename="video"><![CDATA[video]]></category>
		<category domain="post_tag" nicename="videopress"><![CDATA[videopress]]></category>
		<category domain="post_tag" nicename="wordpress"><![CDATA[WordPress]]></category>
		<category domain="post_tag" nicename="wordpress-tv"><![CDATA[wordpress.tv]]></category>
						</item>
					<item>
		<title><![CDATA[Edge Case: Many Categories]]></title>
		<link>http://localhost/sass-wp/edge-case-many-categories/</link>
		<pubDate>Thu, 02 Jul 2009 09:00:03 +0000</pubDate>
		<dc:creator><![CDATA[webmaster]]></dc:creator>
		<guid isPermaLink="false">https://wpthemetestdata.wordpress.com/2007/11/24/many-categories/</guid>
		<description></description>
		<content:encoded><![CDATA[This post has many categories.]]></content:encoded>
		<excerpt:encoded><![CDATA[]]></excerpt:encoded>
		<wp:post_id>1152</wp:post_id>
		<wp:post_date><![CDATA[2009-07-02 02:00:03]]></wp:post_date>
		<wp:post_date_gmt><![CDATA[2009-07-02 09:00:03]]></wp:post_date_gmt>
		<wp:post_modified><![CDATA[2009-07-02 02:00:03]]></wp:post_modified>
		<wp:post_modified_gmt><![CDATA[2009-07-02 09:00:03]]></wp:post_modified_gmt>
		<wp:comment_status><![CDATA[closed]]></wp:comment_status>
		<wp:ping_status><![CDATA[closed]]></wp:ping_status>
		<wp:post_name><![CDATA[edge-case-many-categories]]></wp:post_name>
		<wp:status><![CDATA[publish]]></wp:status>
		<wp:post_parent>0</wp:post_parent>
		<wp:menu_order>0</wp:menu_order>
		<wp:post_type><![CDATA[post]]></wp:post_type>
		<wp:post_password><![CDATA[]]></wp:post_password>
		<wp:is_sticky>0</wp:is_sticky>
										<category domain="category" nicename="aciform"><![CDATA[aciform]]></category>
		<category domain="category" nicename="antiquarianism"><![CDATA[antiquarianism]]></category>
		<category domain="category" nicename="arrangement"><![CDATA[arrangement]]></category>
		<category domain="category" nicename="asmodeus"><![CDATA[asmodeus]]></category>
		<category domain="category" nicename="broder"><![CDATA[broder]]></category>
		<category domain="category" nicename="buying"><![CDATA[buying]]></category>
		<category domain="category" nicename="cat-a"><![CDATA[Cat A]]></category>
		<category domain="category" nicename="cat-b"><![CDATA[Cat B]]></category>
		<category domain="category" nicename="cat-c"><![CDATA[Cat C]]></category>
		<category domain="post_tag" nicename="categories"><![CDATA[categories]]></category>
		<category domain="category" nicename="championship"><![CDATA[championship]]></category>
		<category domain="category" nicename="chastening"><![CDATA[chastening]]></category>
		<category domain="category" nicename="child-1"><![CDATA[Child 1]]></category>
		<category domain="category" nicename="child-2"><![CDATA[Child 2]]></category>
		<category domain="category" nicename="child-category-01"><![CDATA[Child Category 01]]></category>
		<category domain="category" nicename="child-category-02"><![CDATA[Child Category 02]]></category>
		<category domain="category" nicename="child-category-03"><![CDATA[Child Category 03]]></category>
		<category domain="category" nicename="child-category-04"><![CDATA[Child Category 04]]></category>
		<category domain="category" nicename="child-category-05"><![CDATA[Child Category 05]]></category>
		<category domain="category" nicename="classic"><![CDATA[Classic]]></category>
		<category domain="category" nicename="clerkship"><![CDATA[clerkship]]></category>
		<category domain="category" nicename="disinclination"><![CDATA[disinclination]]></category>
		<category domain="category" nicename="disinfection"><![CDATA[disinfection]]></category>
		<category domain="category" nicename="dispatch"><![CDATA[dispatch]]></category>
		<category domain="category" nicename="echappee"><![CDATA[echappee]]></category>
		<category domain="category" nicename="edge-case-2"><![CDATA[Edge Case]]></category>
		<category domain="post_tag" nicename="edge-case"><![CDATA[edge case]]></category>
		<category domain="category" nicename="enphagy"><![CDATA[enphagy]]></category>
		<category domain="category" nicename="equipollent"><![CDATA[equipollent]]></category>
		<category domain="category" nicename="fatuity"><![CDATA[fatuity]]></category>
		<category domain="category" nicename="foo-a"><![CDATA[Foo A]]></category>
		<category domain="category" nicename="foo-a-foo-parent"><![CDATA[Foo A]]></category>
		<category domain="category" nicename="foo-parent"><![CDATA[Foo Parent]]></category>
		<category domain="category" nicename="gaberlunzie"><![CDATA[gaberlunzie]]></category>
		<category domain="category" nicename="grandchild-category"><![CDATA[Grandchild Category]]></category>
		<category domain="category" nicename="illtempered"><![CDATA[illtempered]]></category>
		<category domain="category" nicename="insubordination"><![CDATA[insubordination]]></category>
		<category domain="category" nicename="lender"><![CDATA[lender]]></category>
		<category domain="category" nicename="markup"><![CDATA[Markup]]></category>
		<category domain="category" nicename="media-2"><![CDATA[Media]]></category>
		<category domain="category" nicename="monosyllable"><![CDATA[monosyllable]]></category>
		<category domain="category" nicename="packthread"><![CDATA[packthread]]></category>
		<category domain="category" nicename="palter"><![CDATA[palter]]></category>
		<category domain="category" nicename="papilionaceous"><![CDATA[papilionaceous]]></category>
		<category domain="category" nicename="parent"><![CDATA[Parent]]></category>
		<category domain="category" nicename="parent-category"><![CDATA[Parent Category]]></category>
		<category domain="category" nicename="personable"><![CDATA[personable]]></category>
		<category domain="category" nicename="post-formats"><![CDATA[Post Formats]]></category>
		<category domain="category" nicename="propylaeum"><![CDATA[propylaeum]]></category>
		<category domain="category" nicename="pustule"><![CDATA[pustule]]></category>
		<category domain="category" nicename="quartern"><![CDATA[quartern]]></category>
		<category domain="category" nicename="scholarship"><![CDATA[scholarship]]></category>
		<category domain="category" nicename="selfconvicted"><![CDATA[selfconvicted]]></category>
		<category domain="category" nicename="showshoe"><![CDATA[showshoe]]></category>
		<category domain="category" nicename="sloyd"><![CDATA[sloyd]]></category>
		<category domain="category" nicename="sub"><![CDATA[sub]]></category>
		<category domain="category" nicename="sublunary"><![CDATA[sublunary]]></category>
		<category domain="category" nicename="tamtam"><![CDATA[tamtam]]></category>
		<category domain="category" nicename="unpublished"><![CDATA[Unpublished]]></category>
		<category domain="category" nicename="weakhearted"><![CDATA[weakhearted]]></category>
		<category domain="category" nicename="ween"><![CDATA[ween]]></category>
		<category domain="category" nicename="wellhead"><![CDATA[wellhead]]></category>
		<category domain="category" nicename="wellintentioned"><![CDATA[wellintentioned]]></category>
		<category domain="category" nicename="whetstone"><![CDATA[whetstone]]></category>
		<category domain="category" nicename="years"><![CDATA[years]]></category>
						</item>
					<item>
		<title><![CDATA[Scheduled]]></title>
		<link>http://localhost/sass-wp/?p=1153</link>
		<pubDate>Tue, 01 Jan 2030 19:00:18 +0000</pubDate>
		<dc:creator><![CDATA[webmaster]]></dc:creator>
		<guid isPermaLink="false">https://wpthemetestdata.wordpress.com/?p=418</guid>
		<description></description>
		<content:encoded><![CDATA[This post is scheduled to be published in the future.

It should not be displayed by the theme.]]></content:encoded>
		<excerpt:encoded><![CDATA[]]></excerpt:encoded>
		<wp:post_id>1153</wp:post_id>
		<wp:post_date><![CDATA[2030-01-01 12:00:18]]></wp:post_date>
		<wp:post_date_gmt><![CDATA[2030-01-01 19:00:18]]></wp:post_date_gmt>
		<wp:post_modified><![CDATA[2030-01-01 12:00:18]]></wp:post_modified>
		<wp:post_modified_gmt><![CDATA[2030-01-01 19:00:18]]></wp:post_modified_gmt>
		<wp:comment_status><![CDATA[closed]]></wp:comment_status>
		<wp:ping_status><![CDATA[closed]]></wp:ping_status>
		<wp:post_name><![CDATA[scheduled]]></wp:post_name>
		<wp:status><![CDATA[future]]></wp:status>
		<wp:post_parent>0</wp:post_parent>
		<wp:menu_order>0</wp:menu_order>
		<wp:post_type><![CDATA[post]]></wp:post_type>
		<wp:post_password><![CDATA[]]></wp:post_password>
		<wp:is_sticky>0</wp:is_sticky>
										<category domain="category" nicename="classic"><![CDATA[Classic]]></category>
		<category domain="post_tag" nicename="content-2"><![CDATA[content ÏÎµÏÎ¹ÎµÏÏÎ¼ÎµÎ½Î¿]]></category>
		<category domain="category" nicename="unpublished"><![CDATA[Unpublished]]></category>
						</item>
					<item>
		<title><![CDATA[Draft]]></title>
		<link>http://localhost/sass-wp/?p=1164</link>
		<pubDate>Tue, 09 Apr 2013 18:20:39 +0000</pubDate>
		<dc:creator><![CDATA[webmaster]]></dc:creator>
		<guid isPermaLink="false">http://wptest.io/demo/?p=922</guid>
		<description></description>
		<content:encoded><![CDATA[This post is drafted and not published yet.

It should not be displayed by the theme.]]></content:encoded>
		<excerpt:encoded><![CDATA[]]></excerpt:encoded>
		<wp:post_id>1164</wp:post_id>
		<wp:post_date><![CDATA[2013-04-09 11:20:39]]></wp:post_date>
		<wp:post_date_gmt><![CDATA[2013-04-09 18:20:39]]></wp:post_date_gmt>
		<wp:post_modified><![CDATA[2013-04-09 11:20:39]]></wp:post_modified>
		<wp:post_modified_gmt><![CDATA[2013-04-09 18:20:39]]></wp:post_modified_gmt>
		<wp:comment_status><![CDATA[closed]]></wp:comment_status>
		<wp:ping_status><![CDATA[closed]]></wp:ping_status>
		<wp:post_name><![CDATA[]]></wp:post_name>
		<wp:status><![CDATA[draft]]></wp:status>
		<wp:post_parent>0</wp:post_parent>
		<wp:menu_order>0</wp:menu_order>
		<wp:post_type><![CDATA[post]]></wp:post_type>
		<wp:post_password><![CDATA[]]></wp:post_password>
		<wp:is_sticky>0</wp:is_sticky>
										<category domain="category" nicename="classic"><![CDATA[Classic]]></category>
		<category domain="post_tag" nicename="content-2"><![CDATA[content ÏÎµÏÎ¹ÎµÏÏÎ¼ÎµÎ½Î¿]]></category>
		<category domain="category" nicename="unpublished"><![CDATA[Unpublished]]></category>
						</item>
					<item>
		<title><![CDATA[]]></title>
		<link>http://localhost/sass-wp/edge-case-no-title/</link>
		<pubDate>Sat, 05 Sep 2009 16:00:23 +0000</pubDate>
		<dc:creator><![CDATA[webmaster]]></dc:creator>
		<guid isPermaLink="false">https://wpthemetestdata.wordpress.com/2007/09/04/14/</guid>
		<description></description>
		<content:encoded><![CDATA[This post has no title, but it still must link to the single post view somehow.

This is typically done by placing the permalink on the post date.]]></content:encoded>
		<excerpt:encoded><![CDATA[]]></excerpt:encoded>
		<wp:post_id>1169</wp:post_id>
		<wp:post_date><![CDATA[2009-09-05 09:00:23]]></wp:post_date>
		<wp:post_date_gmt><![CDATA[2009-09-05 16:00:23]]></wp:post_date_gmt>
		<wp:post_modified><![CDATA[2009-09-05 09:00:23]]></wp:post_modified>
		<wp:post_modified_gmt><![CDATA[2009-09-05 16:00:23]]></wp:post_modified_gmt>
		<wp:comment_status><![CDATA[closed]]></wp:comment_status>
		<wp:ping_status><![CDATA[closed]]></wp:ping_status>
		<wp:post_name><![CDATA[edge-case-no-title]]></wp:post_name>
		<wp:status><![CDATA[publish]]></wp:status>
		<wp:post_parent>0</wp:post_parent>
		<wp:menu_order>0</wp:menu_order>
		<wp:post_type><![CDATA[post]]></wp:post_type>
		<wp:post_password><![CDATA[]]></wp:post_password>
		<wp:is_sticky>0</wp:is_sticky>
										<category domain="category" nicename="classic"><![CDATA[Classic]]></category>
		<category domain="category" nicename="edge-case-2"><![CDATA[Edge Case]]></category>
		<category domain="post_tag" nicename="edge-case"><![CDATA[edge case]]></category>
		<category domain="post_tag" nicename="layout"><![CDATA[layout]]></category>
		<category domain="post_tag" nicename="title"><![CDATA[title]]></category>
						</item>
					<item>
		<title><![CDATA[Edge Case: No Content]]></title>
		<link>http://localhost/sass-wp/edge-case-no-content/</link>
		<pubDate>Thu, 06 Aug 2009 16:39:56 +0000</pubDate>
		<dc:creator><![CDATA[webmaster]]></dc:creator>
		<guid isPermaLink="false">https://wpthemetestdata.wordpress.com/2007/09/04/this-post-has-no-body/</guid>
		<description></description>
		<content:encoded><![CDATA[]]></content:encoded>
		<excerpt:encoded><![CDATA[]]></excerpt:encoded>
		<wp:post_id>1170</wp:post_id>
		<wp:post_date><![CDATA[2009-08-06 09:39:56]]></wp:post_date>
		<wp:post_date_gmt><![CDATA[2009-08-06 16:39:56]]></wp:post_date_gmt>
		<wp:post_modified><![CDATA[2009-08-06 09:39:56]]></wp:post_modified>
		<wp:post_modified_gmt><![CDATA[2009-08-06 16:39:56]]></wp:post_modified_gmt>
		<wp:comment_status><![CDATA[closed]]></wp:comment_status>
		<wp:ping_status><![CDATA[closed]]></wp:ping_status>
		<wp:post_name><![CDATA[edge-case-no-content]]></wp:post_name>
		<wp:status><![CDATA[publish]]></wp:status>
		<wp:post_parent>0</wp:post_parent>
		<wp:menu_order>0</wp:menu_order>
		<wp:post_type><![CDATA[post]]></wp:post_type>
		<wp:post_password><![CDATA[]]></wp:post_password>
		<wp:is_sticky>0</wp:is_sticky>
										<category domain="category" nicename="classic"><![CDATA[Classic]]></category>
		<category domain="post_tag" nicename="content-2"><![CDATA[content ÏÎµÏÎ¹ÎµÏÏÎ¼ÎµÎ½Î¿]]></category>
		<category domain="category" nicename="edge-case-2"><![CDATA[Edge Case]]></category>
		<category domain="post_tag" nicename="edge-case"><![CDATA[edge case]]></category>
		<category domain="post_tag" nicename="layout"><![CDATA[layout]]></category>
						<wp:comment>
			<wp:comment_id>33</wp:comment_id>
			<wp:comment_author><![CDATA[John Doe]]></wp:comment_author>
			<wp:comment_author_email><![CDATA[example@example.org]]></wp:comment_author_email>
			<wp:comment_author_url>http://example.org/</wp:comment_author_url>
			<wp:comment_author_IP><![CDATA[]]></wp:comment_author_IP>
			<wp:comment_date><![CDATA[2013-03-14 12:35:07]]></wp:comment_date>
			<wp:comment_date_gmt><![CDATA[2013-03-14 19:35:07]]></wp:comment_date_gmt>
			<wp:comment_content><![CDATA[Having no content in the post should have no adverse effects on the layout or functionality.]]></wp:comment_content>
			<wp:comment_approved><![CDATA[1]]></wp:comment_approved>
			<wp:comment_type><![CDATA[comment]]></wp:comment_type>
			<wp:comment_parent>0</wp:comment_parent>
			<wp:comment_user_id>0</wp:comment_user_id>
							</wp:comment>
					</item>
					<item>
		<title><![CDATA[Taumatawhakatangihangakoauauotamateaturipukakapikimaungahoronukupokaiwhenuakitanatahu]]></title>
		<link>http://localhost/sass-wp/title-should-not-overflow-the-content-area/</link>
		<pubDate>Mon, 05 Oct 2009 19:00:59 +0000</pubDate>
		<dc:creator><![CDATA[webmaster]]></dc:creator>
		<guid isPermaLink="false">http://wptest.io/demo/?p=877</guid>
		<description></description>
		<content:encoded><![CDATA[<h2>Title should not overflow the content area</h2>

A few things to check for:
<ul>
	<li>Non-breaking text in the title, content, and comments should have no adverse effects on layout or functionality.</li>
	<li>Check the browser window / tab title.</li>
	<li>If you are a plugin or widget developer, check that this text does not break anything.</li>
</ul>

The following CSS properties will help you support non-breaking text.

<pre>-ms-word-wrap: break-word;
word-wrap: break-word;</pre>
&nbsp;]]></content:encoded>
		<excerpt:encoded><![CDATA[]]></excerpt:encoded>
		<wp:post_id>1175</wp:post_id>
		<wp:post_date><![CDATA[2009-10-05 12:00:59]]></wp:post_date>
		<wp:post_date_gmt><![CDATA[2009-10-05 19:00:59]]></wp:post_date_gmt>
		<wp:post_modified><![CDATA[2009-10-05 12:00:59]]></wp:post_modified>
		<wp:post_modified_gmt><![CDATA[2009-10-05 19:00:59]]></wp:post_modified_gmt>
		<wp:comment_status><![CDATA[closed]]></wp:comment_status>
		<wp:ping_status><![CDATA[closed]]></wp:ping_status>
		<wp:post_name><![CDATA[title-should-not-overflow-the-content-area]]></wp:post_name>
		<wp:status><![CDATA[publish]]></wp:status>
		<wp:post_parent>0</wp:post_parent>
		<wp:menu_order>0</wp:menu_order>
		<wp:post_type><![CDATA[post]]></wp:post_type>
		<wp:post_password><![CDATA[]]></wp:post_password>
		<wp:is_sticky>0</wp:is_sticky>
										<category domain="category" nicename="classic"><![CDATA[Classic]]></category>
		<category domain="post_tag" nicename="content-2"><![CDATA[content ÏÎµÏÎ¹ÎµÏÏÎ¼ÎµÎ½Î¿]]></category>
		<category domain="post_tag" nicename="css"><![CDATA[css]]></category>
		<category domain="category" nicename="edge-case-2"><![CDATA[Edge Case]]></category>
		<category domain="post_tag" nicename="edge-case"><![CDATA[edge case]]></category>
		<category domain="post_tag" nicename="html"><![CDATA[html]]></category>
		<category domain="post_tag" nicename="layout"><![CDATA[layout]]></category>
		<category domain="post_tag" nicename="title"><![CDATA[title]]></category>
						</item>
					<item>
		<title><![CDATA[Servicios]]></title>
		<link>http://localhost/sass-wp/servicios/</link>
		<pubDate>Fri, 20 Aug 2021 21:46:30 +0000</pubDate>
		<dc:creator><![CDATA[webmaster]]></dc:creator>
		<guid isPermaLink="false">http://localhost/sass-wp/?page_id=19358</guid>
		<description></description>
		<content:encoded><![CDATA[<!-- wp:paragraph -->
<p> Servicios boletin abore et dolore magna aliqua. Ut enim ad minim veniam, quis nostrud exercitation<br> ullamco laboris nisi ut aliquip ex ea commodo consequat. Duis aute irure dolor in <br>reprehenderit in voluptate velit esse cillum dolore eu fugiat nulla pariatur. tintan </p>
<!-- /wp:paragraph -->]]></content:encoded>
		<excerpt:encoded><![CDATA[]]></excerpt:encoded>
		<wp:post_id>19358</wp:post_id>
		<wp:post_date><![CDATA[2021-08-20 21:46:30]]></wp:post_date>
		<wp:post_date_gmt><![CDATA[2021-08-20 21:46:30]]></wp:post_date_gmt>
		<wp:post_modified><![CDATA[2021-09-14 16:27:08]]></wp:post_modified>
		<wp:post_modified_gmt><![CDATA[2021-09-14 16:27:08]]></wp:post_modified_gmt>
		<wp:comment_status><![CDATA[closed]]></wp:comment_status>
		<wp:ping_status><![CDATA[closed]]></wp:ping_status>
		<wp:post_name><![CDATA[servicios]]></wp:post_name>
		<wp:status><![CDATA[publish]]></wp:status>
		<wp:post_parent>0</wp:post_parent>
		<wp:menu_order>0</wp:menu_order>
		<wp:post_type><![CDATA[page]]></wp:post_type>
		<wp:post_password><![CDATA[]]></wp:post_password>
		<wp:is_sticky>0</wp:is_sticky>
														<wp:postmeta>
		<wp:meta_key><![CDATA[_thumbnail_id]]></wp:meta_key>
		<wp:meta_value><![CDATA[19325]]></wp:meta_value>
		</wp:postmeta>
							</item>
					<item>
		<title><![CDATA[postulacion]]></title>
		<link>http://localhost/sass-wp/postulacion/</link>
		<pubDate>Mon, 30 Aug 2021 20:19:07 +0000</pubDate>
		<dc:creator><![CDATA[webmaster]]></dc:creator>
		<guid isPermaLink="false">http://localhost/sass-wp/?page_id=19373</guid>
		<description></description>
		<content:encoded><![CDATA[]]></content:encoded>
		<excerpt:encoded><![CDATA[]]></excerpt:encoded>
		<wp:post_id>19373</wp:post_id>
		<wp:post_date><![CDATA[2021-08-30 20:19:07]]></wp:post_date>
		<wp:post_date_gmt><![CDATA[2021-08-30 20:19:07]]></wp:post_date_gmt>
		<wp:post_modified><![CDATA[2021-08-30 20:19:07]]></wp:post_modified>
		<wp:post_modified_gmt><![CDATA[2021-08-30 20:19:07]]></wp:post_modified_gmt>
		<wp:comment_status><![CDATA[closed]]></wp:comment_status>
		<wp:ping_status><![CDATA[closed]]></wp:ping_status>
		<wp:post_name><![CDATA[postulacion]]></wp:post_name>
		<wp:status><![CDATA[publish]]></wp:status>
		<wp:post_parent>0</wp:post_parent>
		<wp:menu_order>0</wp:menu_order>
		<wp:post_type><![CDATA[page]]></wp:post_type>
		<wp:post_password><![CDATA[]]></wp:post_password>
		<wp:is_sticky>0</wp:is_sticky>
														</item>
					<item>
		<title><![CDATA[Post Format: Aside]]></title>
		<link>http://localhost/sass-wp/post-format-aside/</link>
		<pubDate>Sun, 09 May 2010 14:51:54 +0000</pubDate>
		<dc:creator><![CDATA[webmaster]]></dc:creator>
		<guid isPermaLink="false">https://wpthemetestdata.wordpress.com/?p=559</guid>
		<description></description>
		<content:encoded><![CDATA[âI never tried to prove nothing, just wanted to give a good show. My life has always been my music, it's always come first, but the music ain't worth nothing if you can't lay it on the public. The main thing is to live for that audience, 'cause what you're there for is to please the people.â]]></content:encoded>
		<excerpt:encoded><![CDATA[]]></excerpt:encoded>
		<wp:post_id>19458</wp:post_id>
		<wp:post_date><![CDATA[2010-05-09 07:51:54]]></wp:post_date>
		<wp:post_date_gmt><![CDATA[2010-05-09 14:51:54]]></wp:post_date_gmt>
		<wp:post_modified><![CDATA[2010-05-09 07:51:54]]></wp:post_modified>
		<wp:post_modified_gmt><![CDATA[2010-05-09 14:51:54]]></wp:post_modified_gmt>
		<wp:comment_status><![CDATA[closed]]></wp:comment_status>
		<wp:ping_status><![CDATA[closed]]></wp:ping_status>
		<wp:post_name><![CDATA[post-format-aside]]></wp:post_name>
		<wp:status><![CDATA[publish]]></wp:status>
		<wp:post_parent>0</wp:post_parent>
		<wp:menu_order>0</wp:menu_order>
		<wp:post_type><![CDATA[post]]></wp:post_type>
		<wp:post_password><![CDATA[]]></wp:post_password>
		<wp:is_sticky>0</wp:is_sticky>
										<category domain="post_tag" nicename="aside"><![CDATA[aside]]></category>
		<category domain="post_format" nicename="post-format-aside"><![CDATA[Minientrada]]></category>
		<category domain="category" nicename="classic"><![CDATA[Classic]]></category>
		<category domain="category" nicename="post-formats"><![CDATA[Post Formats]]></category>
		<category domain="post_tag" nicename="post-formats"><![CDATA[Post Formats]]></category>
						</item>
					<item>
		<title><![CDATA[Post Format: Chat]]></title>
		<link>http://localhost/sass-wp/post-format-chat/</link>
		<pubDate>Fri, 08 Jan 2010 14:59:31 +0000</pubDate>
		<dc:creator><![CDATA[webmaster]]></dc:creator>
		<guid isPermaLink="false">https://wpthemetestdata.wordpress.com/?p=562</guid>
		<description></description>
		<content:encoded><![CDATA[Abbott: Strange as it may seem, they give ball players nowadays very peculiar names.

Costello: Funny names?

Abbott: Nicknames, nicknames. Now, on the St. Louis team we have Who's on first, What's on second, I Don't Know is on third--

Costello: That's what I want to find out. I want you to tell me the names of the fellows on the St. Louis team.

Abbott: I'm telling you. Who's on first, What's on second, I Don't Know is on third--

Costello: You know the fellows' names?

Abbott: Yes.

Costello: Well, then who's playing first?

Abbott: Yes.

Costello: I mean the fellow's name on first base.

Abbott: Who.

Costello: The fellow playin' first base.

Abbott: Who.

Costello: The guy on first base.

Abbott: Who is on first.

Costello: Well, what are you askin' me for?

Abbott: I'm not asking you--I'm telling you. Who is on first.

Costello: I'm asking you--who's on first?

Abbott: That's the man's name.

Costello: That's who's name?

Abbott: Yes.

Costello: When you pay off the first baseman every month, who gets the money?

Abbott: Every dollar of it. And why not, the man's entitled to it.

Costello: Who is?

Abbott: Yes.

Costello: So who gets it?

Abbott: Why shouldn't he? Sometimes his wife comes down and collects it.

Costello: Who's wife?

Abbott: Yes. After all, the man earns it.

Costello: Who does?

Abbott: Absolutely.

Costello: Well, all I'm trying to find out is what's the guy's name on first base?

Abbott: Oh, no, no. What is on second base.

Costello: I'm not asking you who's on second.

Abbott: Who's on first!

Costello: St. Louis has a good outfield?

Abbott: Oh, absolutely.

Costello: The left fielder's name?

Abbott: Why.

Costello: I don't know, I just thought I'd ask.

Abbott: Well, I just thought I'd tell you.

Costello: Then tell me who's playing left field?

Abbott: Who's playing first.

Costello: Stay out of the infield! The left fielder's name?

Abbott: Why.

Costello: Because.

Abbott: Oh, he's center field.

Costello: Wait a minute. You got a pitcher on this team?

Abbott: Wouldn't this be a fine team without a pitcher?

Costello: Tell me the pitcher's name.

Abbott: Tomorrow.

Costello: Now, when the guy at bat bunts the ball--me being a good catcher--I want to throw the guy out at first base, so I pick up the ball and throw it to who?

Abbott: Now, that's he first thing you've said right.

Costello: I DON'T EVEN KNOW WHAT I'M TALKING ABOUT!

Abbott: Don't get excited. Take it easy.

Costello: I throw the ball to first base, whoever it is grabs the ball, so the guy runs to second. Who picks up the ball and throws it to what. What throws it to I don't know. I don't know throws it back to tomorrow--a triple play.

Abbott: Yeah, it could be.

Costello: Another guy gets up and it's a long ball to center.

Abbott: Because.

Costello: Why? I don't know. And I don't care.

Abbott: What was that?

Costello: I said, I DON'T CARE!

Abbott: Oh, that's our shortstop!]]></content:encoded>
		<excerpt:encoded><![CDATA[]]></excerpt:encoded>
		<wp:post_id>19459</wp:post_id>
		<wp:post_date><![CDATA[2010-01-08 07:59:31]]></wp:post_date>
		<wp:post_date_gmt><![CDATA[2010-01-08 14:59:31]]></wp:post_date_gmt>
		<wp:post_modified><![CDATA[2010-01-08 07:59:31]]></wp:post_modified>
		<wp:post_modified_gmt><![CDATA[2010-01-08 14:59:31]]></wp:post_modified_gmt>
		<wp:comment_status><![CDATA[closed]]></wp:comment_status>
		<wp:ping_status><![CDATA[closed]]></wp:ping_status>
		<wp:post_name><![CDATA[post-format-chat]]></wp:post_name>
		<wp:status><![CDATA[publish]]></wp:status>
		<wp:post_parent>0</wp:post_parent>
		<wp:menu_order>0</wp:menu_order>
		<wp:post_type><![CDATA[post]]></wp:post_type>
		<wp:post_password><![CDATA[]]></wp:post_password>
		<wp:is_sticky>0</wp:is_sticky>
										<category domain="post_tag" nicename="chat"><![CDATA[chat]]></category>
		<category domain="post_format" nicename="post-format-chat"><![CDATA[Chat]]></category>
		<category domain="category" nicename="classic"><![CDATA[Classic]]></category>
		<category domain="category" nicename="post-formats"><![CDATA[Post Formats]]></category>
		<category domain="post_tag" nicename="post-formats"><![CDATA[Post Formats]]></category>
						</item>
					<item>
		<title><![CDATA[Post Format: Link]]></title>
		<link>http://localhost/sass-wp/post-format-link/</link>
		<pubDate>Sun, 07 Mar 2010 15:06:53 +0000</pubDate>
		<dc:creator><![CDATA[webmaster]]></dc:creator>
		<guid isPermaLink="false">https://wpthemetestdata.wordpress.com/?p=565</guid>
		<description></description>
		<content:encoded><![CDATA[<a href="https://make.wordpress.org/themes" title="The WordPress Theme Review Team Website">The WordPress Theme Review Team Website</a>]]></content:encoded>
		<excerpt:encoded><![CDATA[]]></excerpt:encoded>
		<wp:post_id>19460</wp:post_id>
		<wp:post_date><![CDATA[2010-03-07 08:06:53]]></wp:post_date>
		<wp:post_date_gmt><![CDATA[2010-03-07 15:06:53]]></wp:post_date_gmt>
		<wp:post_modified><![CDATA[2010-03-07 08:06:53]]></wp:post_modified>
		<wp:post_modified_gmt><![CDATA[2010-03-07 15:06:53]]></wp:post_modified_gmt>
		<wp:comment_status><![CDATA[closed]]></wp:comment_status>
		<wp:ping_status><![CDATA[closed]]></wp:ping_status>
		<wp:post_name><![CDATA[post-format-link]]></wp:post_name>
		<wp:status><![CDATA[publish]]></wp:status>
		<wp:post_parent>0</wp:post_parent>
		<wp:menu_order>0</wp:menu_order>
		<wp:post_type><![CDATA[post]]></wp:post_type>
		<wp:post_password><![CDATA[]]></wp:post_password>
		<wp:is_sticky>0</wp:is_sticky>
										<category domain="category" nicename="classic"><![CDATA[Classic]]></category>
		<category domain="post_tag" nicename="link"><![CDATA[link]]></category>
		<category domain="post_format" nicename="post-format-link"><![CDATA[Enlace]]></category>
		<category domain="category" nicename="post-formats"><![CDATA[Post Formats]]></category>
		<category domain="post_tag" nicename="post-formats"><![CDATA[Post Formats]]></category>
						</item>
					<item>
		<title><![CDATA[Post Format: Status]]></title>
		<link>http://localhost/sass-wp/post-format-status/</link>
		<pubDate>Sun, 04 Apr 2010 15:21:24 +0000</pubDate>
		<dc:creator><![CDATA[webmaster]]></dc:creator>
		<guid isPermaLink="false">https://wpthemetestdata.wordpress.com/?p=579</guid>
		<description></description>
		<content:encoded><![CDATA[WordPress, how do I love thee? Let me count the ways (in 140 characters or less).]]></content:encoded>
		<excerpt:encoded><![CDATA[]]></excerpt:encoded>
		<wp:post_id>19462</wp:post_id>
		<wp:post_date><![CDATA[2010-04-04 08:21:24]]></wp:post_date>
		<wp:post_date_gmt><![CDATA[2010-04-04 15:21:24]]></wp:post_date_gmt>
		<wp:post_modified><![CDATA[2010-04-04 08:21:24]]></wp:post_modified>
		<wp:post_modified_gmt><![CDATA[2010-04-04 15:21:24]]></wp:post_modified_gmt>
		<wp:comment_status><![CDATA[closed]]></wp:comment_status>
		<wp:ping_status><![CDATA[closed]]></wp:ping_status>
		<wp:post_name><![CDATA[post-format-status]]></wp:post_name>
		<wp:status><![CDATA[publish]]></wp:status>
		<wp:post_parent>0</wp:post_parent>
		<wp:menu_order>0</wp:menu_order>
		<wp:post_type><![CDATA[post]]></wp:post_type>
		<wp:post_password><![CDATA[]]></wp:post_password>
		<wp:is_sticky>0</wp:is_sticky>
										<category domain="category" nicename="classic"><![CDATA[Classic]]></category>
		<category domain="category" nicename="post-formats"><![CDATA[Post Formats]]></category>
		<category domain="post_tag" nicename="post-formats"><![CDATA[Post Formats]]></category>
		<category domain="post_tag" nicename="status"><![CDATA[status]]></category>
		<category domain="post_format" nicename="post-format-status"><![CDATA[Estado]]></category>
						</item>
					<item>
		<title><![CDATA[trabajos2]]></title>
		<link>http://localhost/sass-wp/?page_id=22817</link>
		<pubDate>Mon, 13 Sep 2021 17:14:17 +0000</pubDate>
		<dc:creator><![CDATA[webmaster]]></dc:creator>
		<guid isPermaLink="false">http://localhost/sass-wp/?page_id=22817</guid>
		<description></description>
		<content:encoded><![CDATA[]]></content:encoded>
		<excerpt:encoded><![CDATA[]]></excerpt:encoded>
		<wp:post_id>22817</wp:post_id>
		<wp:post_date><![CDATA[2021-09-13 17:14:17]]></wp:post_date>
		<wp:post_date_gmt><![CDATA[2021-09-13 17:14:17]]></wp:post_date_gmt>
		<wp:post_modified><![CDATA[2021-09-13 17:22:20]]></wp:post_modified>
		<wp:post_modified_gmt><![CDATA[2021-09-13 17:22:20]]></wp:post_modified_gmt>
		<wp:comment_status><![CDATA[closed]]></wp:comment_status>
		<wp:ping_status><![CDATA[closed]]></wp:ping_status>
		<wp:post_name><![CDATA[trabajos2__trashed]]></wp:post_name>
		<wp:status><![CDATA[trash]]></wp:status>
		<wp:post_parent>0</wp:post_parent>
		<wp:menu_order>0</wp:menu_order>
		<wp:post_type><![CDATA[page]]></wp:post_type>
		<wp:post_password><![CDATA[]]></wp:post_password>
		<wp:is_sticky>0</wp:is_sticky>
														<wp:postmeta>
		<wp:meta_key><![CDATA[_wp_trash_meta_status]]></wp:meta_key>
		<wp:meta_value><![CDATA[publish]]></wp:meta_value>
		</wp:postmeta>
							<wp:postmeta>
		<wp:meta_key><![CDATA[_wp_trash_meta_time]]></wp:meta_key>
		<wp:meta_value><![CDATA[1631553740]]></wp:meta_value>
		</wp:postmeta>
							<wp:postmeta>
		<wp:meta_key><![CDATA[_wp_desired_post_slug]]></wp:meta_key>
		<wp:meta_value><![CDATA[trabajos2]]></wp:meta_value>
		</wp:postmeta>
							</item>
					<item>
		<title><![CDATA[vacantes valparaiso]]></title>
		<link>http://localhost/sass-wp/vacantes-valpa/</link>
		<pubDate>Mon, 13 Sep 2021 17:22:38 +0000</pubDate>
		<dc:creator><![CDATA[webmaster]]></dc:creator>
		<guid isPermaLink="false">http://localhost/sass-wp/?page_id=22820</guid>
		<description></description>
		<content:encoded><![CDATA[]]></content:encoded>
		<excerpt:encoded><![CDATA[]]></excerpt:encoded>
		<wp:post_id>22820</wp:post_id>
		<wp:post_date><![CDATA[2021-09-13 17:22:38]]></wp:post_date>
		<wp:post_date_gmt><![CDATA[2021-09-13 17:22:38]]></wp:post_date_gmt>
		<wp:post_modified><![CDATA[2021-09-13 17:27:05]]></wp:post_modified>
		<wp:post_modified_gmt><![CDATA[2021-09-13 17:27:05]]></wp:post_modified_gmt>
		<wp:comment_status><![CDATA[closed]]></wp:comment_status>
		<wp:ping_status><![CDATA[closed]]></wp:ping_status>
		<wp:post_name><![CDATA[vacantes-valpa]]></wp:post_name>
		<wp:status><![CDATA[publish]]></wp:status>
		<wp:post_parent>0</wp:post_parent>
		<wp:menu_order>0</wp:menu_order>
		<wp:post_type><![CDATA[page]]></wp:post_type>
		<wp:post_password><![CDATA[]]></wp:post_password>
		<wp:is_sticky>0</wp:is_sticky>
														</item>
					<item>
		<title><![CDATA[vacanteslapcit]]></title>
		<link>http://localhost/sass-wp/vacanteslapcit/</link>
		<pubDate>Mon, 13 Sep 2021 17:29:48 +0000</pubDate>
		<dc:creator><![CDATA[webmaster]]></dc:creator>
		<guid isPermaLink="false">http://localhost/sass-wp/?page_id=22823</guid>
		<description></description>
		<content:encoded><![CDATA[]]></content:encoded>
		<excerpt:encoded><![CDATA[]]></excerpt:encoded>
		<wp:post_id>22823</wp:post_id>
		<wp:post_date><![CDATA[2021-09-13 17:29:48]]></wp:post_date>
		<wp:post_date_gmt><![CDATA[2021-09-13 17:29:48]]></wp:post_date_gmt>
		<wp:post_modified><![CDATA[2021-09-13 17:29:48]]></wp:post_modified>
		<wp:post_modified_gmt><![CDATA[2021-09-13 17:29:48]]></wp:post_modified_gmt>
		<wp:comment_status><![CDATA[closed]]></wp:comment_status>
		<wp:ping_status><![CDATA[closed]]></wp:ping_status>
		<wp:post_name><![CDATA[vacanteslapcit]]></wp:post_name>
		<wp:status><![CDATA[publish]]></wp:status>
		<wp:post_parent>0</wp:post_parent>
		<wp:menu_order>0</wp:menu_order>
		<wp:post_type><![CDATA[page]]></wp:post_type>
		<wp:post_password><![CDATA[]]></wp:post_password>
		<wp:is_sticky>0</wp:is_sticky>
														</item>
					<item>
		<title><![CDATA[vacantescencal]]></title>
		<link>http://localhost/sass-wp/vacantescencal/</link>
		<pubDate>Mon, 13 Sep 2021 17:39:39 +0000</pubDate>
		<dc:creator><![CDATA[webmaster]]></dc:creator>
		<guid isPermaLink="false">http://localhost/sass-wp/?page_id=22826</guid>
		<description></description>
		<content:encoded><![CDATA[]]></content:encoded>
		<excerpt:encoded><![CDATA[]]></excerpt:encoded>
		<wp:post_id>22826</wp:post_id>
		<wp:post_date><![CDATA[2021-09-13 17:39:39]]></wp:post_date>
		<wp:post_date_gmt><![CDATA[2021-09-13 17:39:39]]></wp:post_date_gmt>
		<wp:post_modified><![CDATA[2021-09-13 17:39:39]]></wp:post_modified>
		<wp:post_modified_gmt><![CDATA[2021-09-13 17:39:39]]></wp:post_modified_gmt>
		<wp:comment_status><![CDATA[closed]]></wp:comment_status>
		<wp:ping_status><![CDATA[closed]]></wp:ping_status>
		<wp:post_name><![CDATA[vacantescencal]]></wp:post_name>
		<wp:status><![CDATA[publish]]></wp:status>
		<wp:post_parent>0</wp:post_parent>
		<wp:menu_order>0</wp:menu_order>
		<wp:post_type><![CDATA[page]]></wp:post_type>
		<wp:post_password><![CDATA[]]></wp:post_password>
		<wp:is_sticky>0</wp:is_sticky>
														</item>
					<item>
		<title><![CDATA[servicios]]></title>
		<link>http://localhost/sass-wp/?page_id=22830</link>
		<pubDate>Tue, 14 Sep 2021 16:23:43 +0000</pubDate>
		<dc:creator><![CDATA[webmaster]]></dc:creator>
		<guid isPermaLink="false">http://localhost/sass-wp/?page_id=22830</guid>
		<description></description>
		<content:encoded><![CDATA[]]></content:encoded>
		<excerpt:encoded><![CDATA[]]></excerpt:encoded>
		<wp:post_id>22830</wp:post_id>
		<wp:post_date><![CDATA[2021-09-14 16:23:43]]></wp:post_date>
		<wp:post_date_gmt><![CDATA[2021-09-14 16:23:43]]></wp:post_date_gmt>
		<wp:post_modified><![CDATA[2021-09-14 16:24:12]]></wp:post_modified>
		<wp:post_modified_gmt><![CDATA[2021-09-14 16:24:12]]></wp:post_modified_gmt>
		<wp:comment_status><![CDATA[closed]]></wp:comment_status>
		<wp:ping_status><![CDATA[closed]]></wp:ping_status>
		<wp:post_name><![CDATA[servicios-2__trashed]]></wp:post_name>
		<wp:status><![CDATA[trash]]></wp:status>
		<wp:post_parent>0</wp:post_parent>
		<wp:menu_order>0</wp:menu_order>
		<wp:post_type><![CDATA[page]]></wp:post_type>
		<wp:post_password><![CDATA[]]></wp:post_password>
		<wp:is_sticky>0</wp:is_sticky>
														<wp:postmeta>
		<wp:meta_key><![CDATA[_wp_trash_meta_status]]></wp:meta_key>
		<wp:meta_value><![CDATA[publish]]></wp:meta_value>
		</wp:postmeta>
							<wp:postmeta>
		<wp:meta_key><![CDATA[_wp_trash_meta_time]]></wp:meta_key>
		<wp:meta_value><![CDATA[1631636652]]></wp:meta_value>
		</wp:postmeta>
							<wp:postmeta>
		<wp:meta_key><![CDATA[_wp_desired_post_slug]]></wp:meta_key>
		<wp:meta_value><![CDATA[servicios-2]]></wp:meta_value>
		</wp:postmeta>
							</item>
					<item>
		<title><![CDATA[Template: Excerpt (Defined)]]></title>
		<link>http://localhost/sass-wp/template-excerpt-defined/</link>
		<pubDate>Thu, 15 Mar 2012 21:38:08 +0000</pubDate>
		<dc:creator><![CDATA[webmaster]]></dc:creator>
		<guid isPermaLink="false">http://wptest.io/demo/?p=993</guid>
		<description></description>
		<content:encoded><![CDATA[This is the post content. It <strong>should</strong> be displayed in place of the user-defined excerpt in single-page views.]]></content:encoded>
		<excerpt:encoded><![CDATA[This is a user-defined post excerpt. It <em>should</em> be displayed in place of the post content in archive-index pages. It can be longer than the automatically generated excerpts, and can have <strong>HTML</strong> tags.]]></excerpt:encoded>
		<wp:post_id>993</wp:post_id>
		<wp:post_date><![CDATA[2012-03-15 14:38:08]]></wp:post_date>
		<wp:post_date_gmt><![CDATA[2012-03-15 21:38:08]]></wp:post_date_gmt>
		<wp:post_modified><![CDATA[2012-03-15 14:38:08]]></wp:post_modified>
		<wp:post_modified_gmt><![CDATA[2012-03-15 21:38:08]]></wp:post_modified_gmt>
		<wp:comment_status><![CDATA[closed]]></wp:comment_status>
		<wp:ping_status><![CDATA[closed]]></wp:ping_status>
		<wp:post_name><![CDATA[template-excerpt-defined]]></wp:post_name>
		<wp:status><![CDATA[publish]]></wp:status>
		<wp:post_parent>0</wp:post_parent>
		<wp:menu_order>0</wp:menu_order>
		<wp:post_type><![CDATA[post]]></wp:post_type>
		<wp:post_password><![CDATA[]]></wp:post_password>
		<wp:is_sticky>0</wp:is_sticky>
										<category domain="category" nicename="classic"><![CDATA[Classic]]></category>
		<category domain="post_tag" nicename="content-2"><![CDATA[content ÏÎµÏÎ¹ÎµÏÏÎ¼ÎµÎ½Î¿]]></category>
		<category domain="post_tag" nicename="excerpt-2"><![CDATA[excerpt]]></category>
		<category domain="category" nicename="template-2"><![CDATA[Template]]></category>
		<category domain="post_tag" nicename="template"><![CDATA[template]]></category>
		<category domain="category" nicename="uncategorized"><![CDATA[Uncategorized]]></category>
						</item>
					<item>
		<title><![CDATA[Template: More Tag]]></title>
		<link>http://localhost/sass-wp/template-more-tag/</link>
		<pubDate>Thu, 15 Mar 2012 21:41:11 +0000</pubDate>
		<dc:creator><![CDATA[webmaster]]></dc:creator>
		<guid isPermaLink="false">http://wptest.io/demo/?p=996</guid>
		<description></description>
		<content:encoded><![CDATA[This content is before the <a title="The More Tag" href="https://en.support.wordpress.com/splitting-content/more-tag/" target="_blank" rel="noopener">more tag</a>.

Right after this sentence should be a "continue reading" button of some sort on list pages of themes that show full content. It won't show on single pages or on themes showing excerpts.

<!--more-->

And this content is after the more tag. (which should be the anchor link for when the button is clicked)]]></content:encoded>
		<excerpt:encoded><![CDATA[]]></excerpt:encoded>
		<wp:post_id>996</wp:post_id>
		<wp:post_date><![CDATA[2012-03-15 14:41:11]]></wp:post_date>
		<wp:post_date_gmt><![CDATA[2012-03-15 21:41:11]]></wp:post_date_gmt>
		<wp:post_modified><![CDATA[2012-03-15 14:41:11]]></wp:post_modified>
		<wp:post_modified_gmt><![CDATA[2012-03-15 21:41:11]]></wp:post_modified_gmt>
		<wp:comment_status><![CDATA[closed]]></wp:comment_status>
		<wp:ping_status><![CDATA[closed]]></wp:ping_status>
		<wp:post_name><![CDATA[template-more-tag]]></wp:post_name>
		<wp:status><![CDATA[publish]]></wp:status>
		<wp:post_parent>0</wp:post_parent>
		<wp:menu_order>0</wp:menu_order>
		<wp:post_type><![CDATA[post]]></wp:post_type>
		<wp:post_password><![CDATA[]]></wp:post_password>
		<wp:is_sticky>0</wp:is_sticky>
										<category domain="category" nicename="classic"><![CDATA[Classic]]></category>
		<category domain="post_tag" nicename="content-2"><![CDATA[content ÏÎµÏÎ¹ÎµÏÏÎ¼ÎµÎ½Î¿]]></category>
		<category domain="post_tag" nicename="read-more"><![CDATA[read more]]></category>
		<category domain="category" nicename="template-2"><![CDATA[Template]]></category>
		<category domain="post_tag" nicename="template"><![CDATA[template]]></category>
		<category domain="category" nicename="uncategorized"><![CDATA[Uncategorized]]></category>
						</item>
					<item>
		<title><![CDATA[Template: Featured Image (Horizontal)]]></title>
		<link>http://localhost/sass-wp/template-featured-image-horizontal/</link>
		<pubDate>Thu, 15 Mar 2012 22:15:12 +0000</pubDate>
		<dc:creator><![CDATA[webmaster]]></dc:creator>
		<guid isPermaLink="false">http://wptest.io/demo/?p=1011</guid>
		<description></description>
		<content:encoded><![CDATA[This post should display a <a title="Featured Images" href="https://en.support.wordpress.com/featured-images/#setting-a-featured-image" target="_blank" rel="noopener">featured image</a>, if the theme <a title="Post Thumbnails" href="https://codex.wordpress.org/Post_Thumbnails" target="_blank" rel="noopener">supports it</a>.

Non-square images can provide some unique styling issues.

This post tests a horizontal featured image.]]></content:encoded>
		<excerpt:encoded><![CDATA[]]></excerpt:encoded>
		<wp:post_id>1011</wp:post_id>
		<wp:post_date><![CDATA[2012-03-15 15:15:12]]></wp:post_date>
		<wp:post_date_gmt><![CDATA[2012-03-15 22:15:12]]></wp:post_date_gmt>
		<wp:post_modified><![CDATA[2012-03-15 15:15:12]]></wp:post_modified>
		<wp:post_modified_gmt><![CDATA[2012-03-15 22:15:12]]></wp:post_modified_gmt>
		<wp:comment_status><![CDATA[closed]]></wp:comment_status>
		<wp:ping_status><![CDATA[closed]]></wp:ping_status>
		<wp:post_name><![CDATA[template-featured-image-horizontal]]></wp:post_name>
		<wp:status><![CDATA[publish]]></wp:status>
		<wp:post_parent>0</wp:post_parent>
		<wp:menu_order>0</wp:menu_order>
		<wp:post_type><![CDATA[post]]></wp:post_type>
		<wp:post_password><![CDATA[]]></wp:post_password>
		<wp:is_sticky>0</wp:is_sticky>
										<category domain="category" nicename="classic"><![CDATA[Classic]]></category>
		<category domain="post_tag" nicename="codex"><![CDATA[Codex]]></category>
		<category domain="post_tag" nicename="edge-case"><![CDATA[edge case]]></category>
		<category domain="post_tag" nicename="featured-image"><![CDATA[featured image]]></category>
		<category domain="post_tag" nicename="image"><![CDATA[image]]></category>
		<category domain="category" nicename="template-2"><![CDATA[Template]]></category>
		<category domain="post_tag" nicename="template"><![CDATA[template]]></category>
		<category domain="category" nicename="uncategorized"><![CDATA[Uncategorized]]></category>
						<wp:postmeta>
		<wp:meta_key><![CDATA[_thumbnail_id]]></wp:meta_key>
		<wp:meta_value><![CDATA[1022]]></wp:meta_value>
		</wp:postmeta>
							</item>
					<item>
		<title><![CDATA[Post Format: Gallery (Tiled)]]></title>
		<link>http://localhost/sass-wp/post-format-gallery-tiled/</link>
		<pubDate>Fri, 10 Sep 2010 00:23:27 +0000</pubDate>
		<dc:creator><![CDATA[webmaster]]></dc:creator>
		<guid isPermaLink="false">http://wptest.io/demo/?p=1031</guid>
		<description></description>
		<content:encoded><![CDATA[This is a test for Jetpack's Tiled Gallery.

Install <a title="Jetpack for WordPress" href="https://wordpress.org/plugins/jetpack/" target="_blank" rel="noopener">Jetpack</a> to test.

[gallery type="rectangular" columns="4" ids="755,757,758,760,766,763" orderby="rand"]

This is some text after the Tiled Gallery just to make sure that everything spaces nicely.]]></content:encoded>
		<excerpt:encoded><![CDATA[]]></excerpt:encoded>
		<wp:post_id>1031</wp:post_id>
		<wp:post_date><![CDATA[2010-09-09 17:23:27]]></wp:post_date>
		<wp:post_date_gmt><![CDATA[2010-09-10 00:23:27]]></wp:post_date_gmt>
		<wp:post_modified><![CDATA[2010-09-09 17:23:27]]></wp:post_modified>
		<wp:post_modified_gmt><![CDATA[2010-09-10 00:23:27]]></wp:post_modified_gmt>
		<wp:comment_status><![CDATA[closed]]></wp:comment_status>
		<wp:ping_status><![CDATA[closed]]></wp:ping_status>
		<wp:post_name><![CDATA[post-format-gallery-tiled]]></wp:post_name>
		<wp:status><![CDATA[publish]]></wp:status>
		<wp:post_parent>0</wp:post_parent>
		<wp:menu_order>0</wp:menu_order>
		<wp:post_type><![CDATA[post]]></wp:post_type>
		<wp:post_password><![CDATA[]]></wp:post_password>
		<wp:is_sticky>0</wp:is_sticky>
										<category domain="category" nicename="classic"><![CDATA[Classic]]></category>
		<category domain="post_tag" nicename="gallery"><![CDATA[gallery]]></category>
		<category domain="post_format" nicename="post-format-gallery"><![CDATA[GalerÃ­a]]></category>
		<category domain="post_tag" nicename="jetpack-2"><![CDATA[jetpack]]></category>
		<category domain="category" nicename="post-formats"><![CDATA[Post Formats]]></category>
		<category domain="post_tag" nicename="post-formats"><![CDATA[Post Formats]]></category>
		<category domain="post_tag" nicename="shortcode"><![CDATA[shortcode]]></category>
		<category domain="post_tag" nicename="tiled"><![CDATA[tiled]]></category>
						</item>
					<item>
		<title><![CDATA[Template: Comments]]></title>
		<link>http://localhost/sass-wp/template-comments/</link>
		<pubDate>Tue, 03 Jan 2012 17:11:37 +0000</pubDate>
		<dc:creator><![CDATA[webmaster]]></dc:creator>
		<guid isPermaLink="false">https://wpthemetestdata.wordpress.com/2007/09/04/comment-test/</guid>
		<description></description>
		<content:encoded><![CDATA[This post tests comments in the following ways.
<ul>
	<li>Threaded comments up to 10 levels deep</li>
	<li>Paginated comments (set <em><strong>Settings &gt; Discussion &gt; Break comments into pages</strong></em> to <em><strong>5</strong></em> top level comments per page)</li>
	<li>Comment markup / formatting</li>
	<li>Comment images</li>
	<li>Comment videos</li>
	<li>Author comments</li>
	<li>Gravatars and default fallbacks</li>
</ul>]]></content:encoded>
		<excerpt:encoded><![CDATA[]]></excerpt:encoded>
		<wp:post_id>1148</wp:post_id>
		<wp:post_date><![CDATA[2012-01-03 10:11:37]]></wp:post_date>
		<wp:post_date_gmt><![CDATA[2012-01-03 17:11:37]]></wp:post_date_gmt>
		<wp:post_modified><![CDATA[2012-01-03 10:11:37]]></wp:post_modified>
		<wp:post_modified_gmt><![CDATA[2012-01-03 17:11:37]]></wp:post_modified_gmt>
		<wp:comment_status><![CDATA[open]]></wp:comment_status>
		<wp:ping_status><![CDATA[closed]]></wp:ping_status>
		<wp:post_name><![CDATA[template-comments]]></wp:post_name>
		<wp:status><![CDATA[publish]]></wp:status>
		<wp:post_parent>0</wp:post_parent>
		<wp:menu_order>0</wp:menu_order>
		<wp:post_type><![CDATA[post]]></wp:post_type>
		<wp:post_password><![CDATA[]]></wp:post_password>
		<wp:is_sticky>0</wp:is_sticky>
										<category domain="category" nicename="classic"><![CDATA[Classic]]></category>
		<category domain="post_tag" nicename="comments-2"><![CDATA[comments]]></category>
		<category domain="category" nicename="template-2"><![CDATA[Template]]></category>
		<category domain="post_tag" nicename="template"><![CDATA[template]]></category>
		<category domain="category" nicename="uncategorized"><![CDATA[Uncategorized]]></category>
						<wp:comment>
			<wp:comment_id>7</wp:comment_id>
			<wp:comment_author><![CDATA[John ÎÎ¹Î¬Î½Î½Î·Ï Doe ÎÎ¬ÏÎ¿Î¹Î¿Ï]]></wp:comment_author>
			<wp:comment_author_email><![CDATA[example@example.org]]></wp:comment_author_email>
			<wp:comment_author_url>http://example.org/</wp:comment_author_url>
			<wp:comment_author_IP><![CDATA[]]></wp:comment_author_IP>
			<wp:comment_date><![CDATA[2012-09-03 10:18:04]]></wp:comment_date>
			<wp:comment_date_gmt><![CDATA[2012-09-03 17:18:04]]></wp:comment_date_gmt>
			<wp:comment_content><![CDATA[<strong>Headings</strong>
<h1>Header one</h1>
<h2>Header two</h2>
<h3>Header three</h3>
<h4>Header four</h4>
<h5>Header five</h5>
<h6>Header six</h6>
<h2>Blockquotes</h2>
Single line blockquote:
<blockquote>Stay hungry. Stay foolish.</blockquote>
Multi line blockquote with a cite reference:
<blockquote cite="https://developer.mozilla.org/en-US/docs/Web/HTML/Element/blockquote"><p>The <strong>HTML <code>&lt;blockquote&gt;</code> Element</strong> (or <em>HTML Block Quotation Element</em>) indicates that the enclosed text is an extended quotation. Usually, this is rendered visually by indentation (see <a href="https://developer.mozilla.org/en-US/docs/HTML/Element/blockquote#Notes" rel="nofollow ugc">Notes</a> for how to change it). A URL for the source of the quotation may be given using the <strong>cite</strong> attribute, while a text representation of the source can be given using the <a href="https://developer.mozilla.org/en-US/docs/Web/HTML/Element/cite" title="The HTML Citation Element &lt;cite&gt; represents a reference to a creative work. It must include the title of a work or a URL reference, which may be in an abbreviated form according to the conventions used for the addition of citation metadata." rel="nofollow ugc"><code>&lt;cite&gt;</code></a> element.</p></blockquote>
<cite>multiple contributors</cite> - MDN HTML element reference - blockquote
<h2>Tables</h2>
<table>
<tbody>
<tr>
<th>Employee</th>
<th class="views">Salary</th>
<th></th>
</tr>
<tr class="odd">
<td><a href="http://example.org/" rel="nofollow ugc">John Saddington</a></td>
<td>$1</td>
<td>Because that's all Steve Job' needed for a salary.</td>
</tr>
<tr class="even">
<td><a href="http://example.org/" rel="nofollow ugc">Tom McFarlin</a></td>
<td>$100K</td>
<td>For all the blogging he does.</td>
</tr>
<tr class="odd">
<td><a href="http://example.org/" rel="nofollow ugc">Jared Erickson</a></td>
<td>$100M</td>
<td>Pictures are worth a thousand words, right? So Tom x 1,000.</td>
</tr>
<tr class="even">
<td><a href="http://example.org/" rel="nofollow ugc">Chris Ames</a></td>
<td>$100B</td>
<td>With hair like that?! Enough said...</td>
</tr>
</tbody>
</table>
<h2>Definition Lists</h2>
<dl><dt>Definition List Title</dt><dd>Definition list division.</dd><dt>Startup</dt><dd>A startup company or startup is a company or temporary organization designed to search for a repeatable and scalable business model.</dd><dt>#dowork</dt><dd>Coined by Rob Dyrdek and his personal body guard Christopher "Big Black" Boykins, "Do Work" works as a self motivator, to motivating your friends.</dd><dt>Do It Live</dt><dd>I'll let Bill O'Reilly will <a title="We&#039;ll Do It Live" href="https://www.youtube.com/watch?v=O_HyZ5aW76c" rel="nofollow ugc">explain</a> this one.</dd></dl>
<h2>Unordered Lists (Nested)</h2>
<ul>
	<li>List item one
<ul>
	<li>List item one
<ul>
	<li>List item one</li>
	<li>List item two</li>
	<li>List item three</li>
	<li>List item four</li>
</ul>
</li>
	<li>List item two</li>
	<li>List item three</li>
	<li>List item four</li>
</ul>
</li>
	<li>List item two</li>
	<li>List item three</li>
	<li>List item four</li>
</ul>
<h2>Ordered List (Nested)</h2>
<ol start="8">
 	<li>List item one -start at 8
<ol>
 	<li>List item one
<ol reversed="reversed">
 	<li>List item one -reversed attribute</li>
	<li>List item two</li>
	<li>List item three</li>
	<li>List item four</li>
</ol>
</li>
	<li>List item two</li>
	<li>List item three</li>
	<li>List item four</li>
</ol>
</li>
	<li>List item two</li>
	<li>List item three</li>
	<li>List item four</li>
</ol>

<h2>HTML Tags</h2>
These supported tags come from the WordPress.com code <a title="Code" href="https://en.support.wordpress.com/code/" rel="nofollow ugc">FAQ</a>.

<strong>Address Tag</strong>

<address>1 Infinite Loop
Cupertino, CA 95014
United States</address><strong>Anchor Tag (aka. Link)</strong>

This is an example of a <a title="WordPress Foundation" href="//wordpressfoundation.org/" rel="nofollow ugc">link</a>.

<strong>Abbreviation Tag</strong>

The abbreviation <abbr title="Seriously">srsly</abbr> stands for "seriously".

<strong>Acronym Tag (<em>deprecated in HTML5</em>)</strong>

The acronym <acronym title="For The Win">ftw</acronym> stands for "for the win".

<strong>Big Tag</strong> (<em>deprecated in HTML5</em>)

These tests are a <big>big</big> deal, but this tag is no longer supported in HTML5.

<strong>Cite Tag</strong>

"Code is poetry." --<cite>Automattic</cite>

<strong>Code Tag</strong>

This tag styles blocks of code.
<code>.post-title {
	margin: 0 0 5px;
	font-weight: bold;
	font-size: 38px;
	line-height: 1.2;
	and here's a line of some really, really, really, really long text, just to see how it is handled and to find out how it overflows;
}</code>
You will learn later on in these tests that <code>word-wrap: break-word;</code> will be your best friend.

<strong>Delete Tag</strong>

This tag will let you <del cite="deleted it">strike out text</del>, but this tag is <em>recommended</em> supported in HTML5 (use the <code>&lt;s&gt;</code> instead).

<strong>Emphasize Tag</strong>

The emphasize tag should <em>italicize</em> <i>text</i>.

<strong>Horizontal Rule Tag</strong>

<hr />

This sentence is following a <code>&lt;hr /&gt;</code> tag.

<strong>Insert Tag</strong>

This tag should denote <ins cite="inserted it">inserted</ins> text.

<strong>Keyboard Tag</strong>

This scarcely known tag emulates <kbd>keyboard text</kbd>, which is usually styled like the <code>&lt;code&gt;</code> tag.

<strong>Preformatted Tag</strong>

This tag is for preserving whitespace as typed, such as in poetry or ASCII art.
<h2>The Road Not Taken</h2>
<pre>
<cite>Robert Frost</cite>

  Two roads diverged in a yellow wood,
  And sorry I could not travel both          (\_/)
  And be one traveler, long I stood         (='.'=)
  And looked down one as far as I could     (")_(")
  To where it bent in the undergrowth;

  Then took the other, as just as fair,
  And having perhaps the better claim,          |\_/|
  Because it was grassy and wanted wear;       / @ @ \
  Though as for that the passing there        ( &gt; Âº &lt; )
  Had worn them really about the same,         `&gt;&gt;x&lt;&lt;Â´
                                               /  O  \
  And both that morning equally lay
  In leaves no step had trodden black.
  Oh, I kept the first for another day!
  Yet knowing how way leads on to way,
  I doubted if I should ever come back.

  I shall be telling this with a sigh
  Somewhere ages and ages hence:
  Two roads diverged in a wood, and Iâ
  I took the one less traveled by,
  And that has made all the difference.


  and here's a line of some really, really, really, really long text, just to see how it is handled and to find out how it overflows;
</pre>

<strong>Quote Tag</strong> for short, inline quotes

<q>Developers, developers, developers...</q> --Steve Ballmer

<strong>Subscript Tag</strong>

Getting our science styling on with H<sub>2</sub>O, which should push the "2" down.

<strong>Superscript Tag</strong>

Still sticking with science and Albert Einstein's E = MC<sup>2</sup>, which should lift the 2 up.]]></wp:comment_content>
			<wp:comment_approved><![CDATA[1]]></wp:comment_approved>
			<wp:comment_type><![CDATA[comment]]></wp:comment_type>
			<wp:comment_parent>0</wp:comment_parent>
			<wp:comment_user_id>0</wp:comment_user_id>
							</wp:comment>
					<wp:comment>
			<wp:comment_id>8</wp:comment_id>
			<wp:comment_author><![CDATA[Anonymous User]]></wp:comment_author>
			<wp:comment_author_email><![CDATA[fake@example.com]]></wp:comment_author_email>
			<wp:comment_author_url></wp:comment_author_url>
			<wp:comment_author_IP><![CDATA[]]></wp:comment_author_IP>
			<wp:comment_date><![CDATA[2013-03-11 23:45:54]]></wp:comment_date>
			<wp:comment_date_gmt><![CDATA[2013-03-12 04:45:54]]></wp:comment_date_gmt>
			<wp:comment_content><![CDATA[This user it trying to be anonymous.


    They used a fake email, so there should be no <a href="https://gravatar.com//" title="Gravatar" rel="nofollow ugc">Gravatar</a> associated with it.
    They did not speify a website, so there should be no link to it in the comment.
]]></wp:comment_content>
			<wp:comment_approved><![CDATA[1]]></wp:comment_approved>
			<wp:comment_type><![CDATA[comment]]></wp:comment_type>
			<wp:comment_parent>0</wp:comment_parent>
			<wp:comment_user_id>0</wp:comment_user_id>
							</wp:comment>
					<wp:comment>
			<wp:comment_id>9</wp:comment_id>
			<wp:comment_author><![CDATA[Jane Doe]]></wp:comment_author>
			<wp:comment_author_email><![CDATA[example@example.org]]></wp:comment_author_email>
			<wp:comment_author_url>http://example.org/</wp:comment_author_url>
			<wp:comment_author_IP><![CDATA[]]></wp:comment_author_IP>
			<wp:comment_date><![CDATA[2013-03-12 13:17:35]]></wp:comment_date>
			<wp:comment_date_gmt><![CDATA[2013-03-12 20:17:35]]></wp:comment_date_gmt>
			<wp:comment_content><![CDATA[Comments? I love comments!]]></wp:comment_content>
			<wp:comment_approved><![CDATA[1]]></wp:comment_approved>
			<wp:comment_type><![CDATA[comment]]></wp:comment_type>
			<wp:comment_parent>0</wp:comment_parent>
			<wp:comment_user_id>0</wp:comment_user_id>
							</wp:comment>
					<wp:comment>
			<wp:comment_id>10</wp:comment_id>
			<wp:comment_author><![CDATA[John ÎÎ¹Î±Î½Î·Ï Doe ÎÎ¬ÏÎ¿Î¹Î¿Ï]]></wp:comment_author>
			<wp:comment_author_email><![CDATA[example@example.org]]></wp:comment_author_email>
			<wp:comment_author_url>http://example.org</wp:comment_author_url>
			<wp:comment_author_IP><![CDATA[]]></wp:comment_author_IP>
			<wp:comment_date><![CDATA[2013-03-14 07:53:26]]></wp:comment_date>
			<wp:comment_date_gmt><![CDATA[2013-03-14 14:53:26]]></wp:comment_date_gmt>
			<wp:comment_content><![CDATA[These tests are amazing!]]></wp:comment_content>
			<wp:comment_approved><![CDATA[1]]></wp:comment_approved>
			<wp:comment_type><![CDATA[comment]]></wp:comment_type>
			<wp:comment_parent>0</wp:comment_parent>
			<wp:comment_user_id>0</wp:comment_user_id>
							</wp:comment>
					<wp:comment>
			<wp:comment_id>11</wp:comment_id>
			<wp:comment_author><![CDATA[themedemos]]></wp:comment_author>
			<wp:comment_author_email><![CDATA[themeshaperwp+demos@gmail.com]]></wp:comment_author_email>
			<wp:comment_author_url>https://wpthemetestdata.wordpress.com/</wp:comment_author_url>
			<wp:comment_author_IP><![CDATA[]]></wp:comment_author_IP>
			<wp:comment_date><![CDATA[2013-03-14 07:56:46]]></wp:comment_date>
			<wp:comment_date_gmt><![CDATA[2013-03-14 14:56:46]]></wp:comment_date_gmt>
			<wp:comment_content><![CDATA[Author Comment.]]></wp:comment_content>
			<wp:comment_approved><![CDATA[1]]></wp:comment_approved>
			<wp:comment_type><![CDATA[comment]]></wp:comment_type>
			<wp:comment_parent>0</wp:comment_parent>
			<wp:comment_user_id>0</wp:comment_user_id>
							</wp:comment>
					<wp:comment>
			<wp:comment_id>12</wp:comment_id>
			<wp:comment_author><![CDATA[John ÎÏÏÏÎ±Ï Doe Î¤Î¬Î´Îµ]]></wp:comment_author>
			<wp:comment_author_email><![CDATA[example@example.org]]></wp:comment_author_email>
			<wp:comment_author_url>http://example.org/</wp:comment_author_url>
			<wp:comment_author_IP><![CDATA[]]></wp:comment_author_IP>
			<wp:comment_date><![CDATA[2013-03-14 07:57:01]]></wp:comment_date>
			<wp:comment_date_gmt><![CDATA[2013-03-14 14:57:01]]></wp:comment_date_gmt>
			<wp:comment_content><![CDATA[Comment Depth 01]]></wp:comment_content>
			<wp:comment_approved><![CDATA[1]]></wp:comment_approved>
			<wp:comment_type><![CDATA[comment]]></wp:comment_type>
			<wp:comment_parent>0</wp:comment_parent>
			<wp:comment_user_id>0</wp:comment_user_id>
							</wp:comment>
					<wp:comment>
			<wp:comment_id>13</wp:comment_id>
			<wp:comment_author><![CDATA[Jane Bloggs]]></wp:comment_author>
			<wp:comment_author_email><![CDATA[example@example.org]]></wp:comment_author_email>
			<wp:comment_author_url>http://example.org/</wp:comment_author_url>
			<wp:comment_author_IP><![CDATA[]]></wp:comment_author_IP>
			<wp:comment_date><![CDATA[2013-03-14 08:01:21]]></wp:comment_date>
			<wp:comment_date_gmt><![CDATA[2013-03-14 15:01:21]]></wp:comment_date_gmt>
			<wp:comment_content><![CDATA[Comment Depth 02]]></wp:comment_content>
			<wp:comment_approved><![CDATA[1]]></wp:comment_approved>
			<wp:comment_type><![CDATA[comment]]></wp:comment_type>
			<wp:comment_parent>12</wp:comment_parent>
			<wp:comment_user_id>0</wp:comment_user_id>
							</wp:comment>
					<wp:comment>
			<wp:comment_id>14</wp:comment_id>
			<wp:comment_author><![CDATA[Fred Bloggs]]></wp:comment_author>
			<wp:comment_author_email><![CDATA[example@example.org]]></wp:comment_author_email>
			<wp:comment_author_url>http://example.org/</wp:comment_author_url>
			<wp:comment_author_IP><![CDATA[]]></wp:comment_author_IP>
			<wp:comment_date><![CDATA[2013-03-14 08:02:06]]></wp:comment_date>
			<wp:comment_date_gmt><![CDATA[2013-03-14 15:02:06]]></wp:comment_date_gmt>
			<wp:comment_content><![CDATA[Comment Depth 03]]></wp:comment_content>
			<wp:comment_approved><![CDATA[1]]></wp:comment_approved>
			<wp:comment_type><![CDATA[comment]]></wp:comment_type>
			<wp:comment_parent>13</wp:comment_parent>
			<wp:comment_user_id>0</wp:comment_user_id>
							</wp:comment>
					<wp:comment>
			<wp:comment_id>15</wp:comment_id>
			<wp:comment_author><![CDATA[Fred Bloggs]]></wp:comment_author>
			<wp:comment_author_email><![CDATA[example@example.org]]></wp:comment_author_email>
			<wp:comment_author_url>http://example.org/</wp:comment_author_url>
			<wp:comment_author_IP><![CDATA[]]></wp:comment_author_IP>
			<wp:comment_date><![CDATA[2013-03-14 08:03:22]]></wp:comment_date>
			<wp:comment_date_gmt><![CDATA[2013-03-14 15:03:22]]></wp:comment_date_gmt>
			<wp:comment_content><![CDATA[Comment Depth 04]]></wp:comment_content>
			<wp:comment_approved><![CDATA[1]]></wp:comment_approved>
			<wp:comment_type><![CDATA[comment]]></wp:comment_type>
			<wp:comment_parent>14</wp:comment_parent>
			<wp:comment_user_id>0</wp:comment_user_id>
							</wp:comment>
					<wp:comment>
			<wp:comment_id>16</wp:comment_id>
			<wp:comment_author><![CDATA[themedemos]]></wp:comment_author>
			<wp:comment_author_email><![CDATA[themeshaperwp+demos@gmail.com]]></wp:comment_author_email>
			<wp:comment_author_url>https://wpthemetestdata.wordpress.com/</wp:comment_author_url>
			<wp:comment_author_IP><![CDATA[]]></wp:comment_author_IP>
			<wp:comment_date><![CDATA[2013-03-14 08:10:29]]></wp:comment_date>
			<wp:comment_date_gmt><![CDATA[2013-03-14 15:10:29]]></wp:comment_date_gmt>
			<wp:comment_content><![CDATA[Comment Depth 05

Also an author comment.]]></wp:comment_content>
			<wp:comment_approved><![CDATA[1]]></wp:comment_approved>
			<wp:comment_type><![CDATA[comment]]></wp:comment_type>
			<wp:comment_parent>15</wp:comment_parent>
			<wp:comment_user_id>0</wp:comment_user_id>
							</wp:comment>
					<wp:comment>
			<wp:comment_id>17</wp:comment_id>
			<wp:comment_author><![CDATA[Jane Bloggs]]></wp:comment_author>
			<wp:comment_author_email><![CDATA[example@example.org]]></wp:comment_author_email>
			<wp:comment_author_url>http://example.org/</wp:comment_author_url>
			<wp:comment_author_IP><![CDATA[]]></wp:comment_author_IP>
			<wp:comment_date><![CDATA[2013-03-14 08:12:16]]></wp:comment_date>
			<wp:comment_date_gmt><![CDATA[2013-03-14 15:12:16]]></wp:comment_date_gmt>
			<wp:comment_content><![CDATA[Comment Depth 06 has some more text than some of the other comments on this post.]]></wp:comment_content>
			<wp:comment_approved><![CDATA[1]]></wp:comment_approved>
			<wp:comment_type><![CDATA[comment]]></wp:comment_type>
			<wp:comment_parent>16</wp:comment_parent>
			<wp:comment_user_id>0</wp:comment_user_id>
							</wp:comment>
					<wp:comment>
			<wp:comment_id>18</wp:comment_id>
			<wp:comment_author><![CDATA[Joe Bloggs]]></wp:comment_author>
			<wp:comment_author_email><![CDATA[example@example.org]]></wp:comment_author_email>
			<wp:comment_author_url>http://example.org/</wp:comment_author_url>
			<wp:comment_author_IP><![CDATA[]]></wp:comment_author_IP>
			<wp:comment_date><![CDATA[2013-03-14 08:12:58]]></wp:comment_date>
			<wp:comment_date_gmt><![CDATA[2013-03-14 15:12:58]]></wp:comment_date_gmt>
			<wp:comment_content><![CDATA[Comment Depth 07 has a little bit.]]></wp:comment_content>
			<wp:comment_approved><![CDATA[1]]></wp:comment_approved>
			<wp:comment_type><![CDATA[comment]]></wp:comment_type>
			<wp:comment_parent>17</wp:comment_parent>
			<wp:comment_user_id>0</wp:comment_user_id>
							</wp:comment>
					<wp:comment>
			<wp:comment_id>19</wp:comment_id>
			<wp:comment_author><![CDATA[Jane Bloggs]]></wp:comment_author>
			<wp:comment_author_email><![CDATA[example@example.org]]></wp:comment_author_email>
			<wp:comment_author_url>http://example.org/</wp:comment_author_url>
			<wp:comment_author_IP><![CDATA[]]></wp:comment_author_IP>
			<wp:comment_date><![CDATA[2013-03-14 08:13:42]]></wp:comment_date>
			<wp:comment_date_gmt><![CDATA[2013-03-14 15:13:42]]></wp:comment_date_gmt>
			<wp:comment_content><![CDATA[Comment Depth 08]]></wp:comment_content>
			<wp:comment_approved><![CDATA[1]]></wp:comment_approved>
			<wp:comment_type><![CDATA[comment]]></wp:comment_type>
			<wp:comment_parent>18</wp:comment_parent>
			<wp:comment_user_id>0</wp:comment_user_id>
							</wp:comment>
					<wp:comment>
			<wp:comment_id>20</wp:comment_id>
			<wp:comment_author><![CDATA[Joe Bloggs]]></wp:comment_author>
			<wp:comment_author_email><![CDATA[example@example.org]]></wp:comment_author_email>
			<wp:comment_author_url>http://example.org/</wp:comment_author_url>
			<wp:comment_author_IP><![CDATA[]]></wp:comment_author_IP>
			<wp:comment_date><![CDATA[2013-03-14 08:14:13]]></wp:comment_date>
			<wp:comment_date_gmt><![CDATA[2013-03-14 15:14:13]]></wp:comment_date_gmt>
			<wp:comment_content><![CDATA[Comment Depth 09 is way nested, but there are a lot of sites with very nested comments.]]></wp:comment_content>
			<wp:comment_approved><![CDATA[1]]></wp:comment_approved>
			<wp:comment_type><![CDATA[comment]]></wp:comment_type>
			<wp:comment_parent>19</wp:comment_parent>
			<wp:comment_user_id>0</wp:comment_user_id>
							</wp:comment>
					<wp:comment>
			<wp:comment_id>21</wp:comment_id>
			<wp:comment_author><![CDATA[themedemos]]></wp:comment_author>
			<wp:comment_author_email><![CDATA[themeshaperwp+demos@gmail.com]]></wp:comment_author_email>
			<wp:comment_author_url>https://wpthemetestdata.wordpress.com/</wp:comment_author_url>
			<wp:comment_author_IP><![CDATA[]]></wp:comment_author_IP>
			<wp:comment_date><![CDATA[2013-03-14 08:14:47]]></wp:comment_date>
			<wp:comment_date_gmt><![CDATA[2013-03-14 15:14:47]]></wp:comment_date_gmt>
			<wp:comment_content><![CDATA[Comment Depth 10

Also an author comment.]]></wp:comment_content>
			<wp:comment_approved><![CDATA[1]]></wp:comment_approved>
			<wp:comment_type><![CDATA[comment]]></wp:comment_type>
			<wp:comment_parent>20</wp:comment_parent>
			<wp:comment_user_id>0</wp:comment_user_id>
							</wp:comment>
					<wp:comment>
			<wp:comment_id>22</wp:comment_id>
			<wp:comment_author><![CDATA[Jane Doe]]></wp:comment_author>
			<wp:comment_author_email><![CDATA[example@example.org]]></wp:comment_author_email>
			<wp:comment_author_url>http://example.org/</wp:comment_author_url>
			<wp:comment_author_IP><![CDATA[]]></wp:comment_author_IP>
			<wp:comment_date><![CDATA[2013-03-14 09:56:43]]></wp:comment_date>
			<wp:comment_date_gmt><![CDATA[2013-03-14 16:56:43]]></wp:comment_date_gmt>
			<wp:comment_content><![CDATA[Image comment.
    <img src="https://wpthemetestdata.files.wordpress.com/2008/06/dsc20050102_192118_51.jpg?w=171&h=128" alt="Albany wind-farm against the sunset, Western Australia" />
    If the image imports...
    ]]></wp:comment_content>
			<wp:comment_approved><![CDATA[1]]></wp:comment_approved>
			<wp:comment_type><![CDATA[comment]]></wp:comment_type>
			<wp:comment_parent>0</wp:comment_parent>
			<wp:comment_user_id>0</wp:comment_user_id>
							</wp:comment>
					<wp:comment>
			<wp:comment_id>23</wp:comment_id>
			<wp:comment_author><![CDATA[John ÎÎ±ÏÎ¯Î± Doe ÎÏÎ¿ÏÎµ]]></wp:comment_author>
			<wp:comment_author_email><![CDATA[example@example.org]]></wp:comment_author_email>
			<wp:comment_author_url>http://example.org/</wp:comment_author_url>
			<wp:comment_author_IP><![CDATA[]]></wp:comment_author_IP>
			<wp:comment_date><![CDATA[2013-03-14 11:23:24]]></wp:comment_date>
			<wp:comment_date_gmt><![CDATA[2013-03-14 18:23:24]]></wp:comment_date_gmt>
			<wp:comment_content><![CDATA[We are totally going to blog about these tests Î£Î¯Î³Î¿ÏÏÎ± Î¸Î± ÏÏÎ¿Î»Î¹Î¬ÏÎ¿ÏÎ¼Îµ ÏÎ± ÏÎµÏÏÏ!]]></wp:comment_content>
			<wp:comment_approved><![CDATA[1]]></wp:comment_approved>
			<wp:comment_type><![CDATA[comment]]></wp:comment_type>
			<wp:comment_parent>0</wp:comment_parent>
			<wp:comment_user_id>0</wp:comment_user_id>
							</wp:comment>
					<wp:comment>
			<wp:comment_id>24</wp:comment_id>
			<wp:comment_author><![CDATA[John Doe]]></wp:comment_author>
			<wp:comment_author_email><![CDATA[example@example.org]]></wp:comment_author_email>
			<wp:comment_author_url>http://example.org/</wp:comment_author_url>
			<wp:comment_author_IP><![CDATA[]]></wp:comment_author_IP>
			<wp:comment_date><![CDATA[2013-03-14 11:27:54]]></wp:comment_date>
			<wp:comment_date_gmt><![CDATA[2013-03-14 18:27:54]]></wp:comment_date_gmt>
			<wp:comment_content><![CDATA[We use these tests all the time! Killer stuff!]]></wp:comment_content>
			<wp:comment_approved><![CDATA[1]]></wp:comment_approved>
			<wp:comment_type><![CDATA[comment]]></wp:comment_type>
			<wp:comment_parent>0</wp:comment_parent>
			<wp:comment_user_id>0</wp:comment_user_id>
							</wp:comment>
					<wp:comment>
			<wp:comment_id>25</wp:comment_id>
			<wp:comment_author><![CDATA[Jane Doe]]></wp:comment_author>
			<wp:comment_author_email><![CDATA[example@example.org]]></wp:comment_author_email>
			<wp:comment_author_url>http://example.org/</wp:comment_author_url>
			<wp:comment_author_IP><![CDATA[]]></wp:comment_author_IP>
			<wp:comment_date><![CDATA[2013-03-14 11:30:33]]></wp:comment_date>
			<wp:comment_date_gmt><![CDATA[2013-03-14 18:30:33]]></wp:comment_date_gmt>
			<wp:comment_content><![CDATA[Thanks for all the comments, everyone!]]></wp:comment_content>
			<wp:comment_approved><![CDATA[1]]></wp:comment_approved>
			<wp:comment_type><![CDATA[comment]]></wp:comment_type>
			<wp:comment_parent>0</wp:comment_parent>
			<wp:comment_user_id>0</wp:comment_user_id>
							</wp:comment>
					<wp:comment>
			<wp:comment_id>26</wp:comment_id>
			<wp:comment_author><![CDATA[auser]]></wp:comment_author>
			<wp:comment_author_email><![CDATA[auser@example.com]]></wp:comment_author_email>
			<wp:comment_author_url></wp:comment_author_url>
			<wp:comment_author_IP><![CDATA[]]></wp:comment_author_IP>
			<wp:comment_date><![CDATA[2014-09-29 02:52:15]]></wp:comment_date>
			<wp:comment_date_gmt><![CDATA[2014-09-29 09:52:15]]></wp:comment_date_gmt>
			<wp:comment_content><![CDATA[this is test comment

    	Feeling testy?]]></wp:comment_content>
			<wp:comment_approved><![CDATA[0]]></wp:comment_approved>
			<wp:comment_type><![CDATA[comment]]></wp:comment_type>
			<wp:comment_parent>0</wp:comment_parent>
			<wp:comment_user_id>0</wp:comment_user_id>
							</wp:comment>
					</item>
					<item>
		<title><![CDATA[Template: Pingbacks And Trackbacks]]></title>
		<link>http://localhost/sass-wp/template-pingbacks-an-trackbacks/</link>
		<pubDate>Sun, 01 Jan 2012 17:17:18 +0000</pubDate>
		<dc:creator><![CDATA[webmaster]]></dc:creator>
		<guid isPermaLink="false">https://wpthemetestdata.wordpress.com/2007/09/04/many-trackbacks/</guid>
		<description></description>
		<content:encoded><![CDATA[This post has many pingpacks and trackbacks.

There are a few ways to list them.
<ol>
	<li>Above the comments</li>
	<li>Below the comments</li>
	<li>Included within the normal flow of comments</li>
</ol>]]></content:encoded>
		<excerpt:encoded><![CDATA[]]></excerpt:encoded>
		<wp:post_id>1149</wp:post_id>
		<wp:post_date><![CDATA[2012-01-01 10:17:18]]></wp:post_date>
		<wp:post_date_gmt><![CDATA[2012-01-01 17:17:18]]></wp:post_date_gmt>
		<wp:post_modified><![CDATA[2012-01-01 10:17:18]]></wp:post_modified>
		<wp:post_modified_gmt><![CDATA[2012-01-01 17:17:18]]></wp:post_modified_gmt>
		<wp:comment_status><![CDATA[closed]]></wp:comment_status>
		<wp:ping_status><![CDATA[closed]]></wp:ping_status>
		<wp:post_name><![CDATA[template-pingbacks-an-trackbacks]]></wp:post_name>
		<wp:status><![CDATA[publish]]></wp:status>
		<wp:post_parent>0</wp:post_parent>
		<wp:menu_order>0</wp:menu_order>
		<wp:post_type><![CDATA[post]]></wp:post_type>
		<wp:post_password><![CDATA[]]></wp:post_password>
		<wp:is_sticky>0</wp:is_sticky>
										<category domain="category" nicename="classic"><![CDATA[Classic]]></category>
		<category domain="post_tag" nicename="comments-2"><![CDATA[comments]]></category>
		<category domain="post_tag" nicename="pingbacks-2"><![CDATA[pingbacks]]></category>
		<category domain="category" nicename="template-2"><![CDATA[Template]]></category>
		<category domain="post_tag" nicename="template"><![CDATA[template]]></category>
		<category domain="post_tag" nicename="trackbacks-2"><![CDATA[trackbacks]]></category>
		<category domain="category" nicename="uncategorized"><![CDATA[Uncategorized]]></category>
						<wp:comment>
			<wp:comment_id>27</wp:comment_id>
			<wp:comment_author><![CDATA[Ping 1 &laquo; What&#8217;s a tellyworth?]]></wp:comment_author>
			<wp:comment_author_email><![CDATA[]]></wp:comment_author_email>
			<wp:comment_author_url>http://tellyworth.wordpress.com/2007/11/21/ping-1/</wp:comment_author_url>
			<wp:comment_author_IP><![CDATA[]]></wp:comment_author_IP>
			<wp:comment_date><![CDATA[2007-11-21 11:31:12]]></wp:comment_date>
			<wp:comment_date_gmt><![CDATA[2007-11-21 01:31:12]]></wp:comment_date_gmt>
			<wp:comment_content><![CDATA[[...] Trackback test. [...]]]></wp:comment_content>
			<wp:comment_approved><![CDATA[1]]></wp:comment_approved>
			<wp:comment_type><![CDATA[trackback]]></wp:comment_type>
			<wp:comment_parent>0</wp:comment_parent>
			<wp:comment_user_id>0</wp:comment_user_id>
							</wp:comment>
					<wp:comment>
			<wp:comment_id>28</wp:comment_id>
			<wp:comment_author><![CDATA[Ping 2 with a much longer title than the previous ping, which was called Ping 1 &laquo; What&#8217;s a tellyworth?]]></wp:comment_author>
			<wp:comment_author_email><![CDATA[]]></wp:comment_author_email>
			<wp:comment_author_url>http://tellyworth.wordpress.com/2007/11/21/ping-2-with-a-much-longer-title-than-the-previous-ping-which-was-called-ping-1/</wp:comment_author_url>
			<wp:comment_author_IP><![CDATA[]]></wp:comment_author_IP>
			<wp:comment_date><![CDATA[2007-11-21 11:35:47]]></wp:comment_date>
			<wp:comment_date_gmt><![CDATA[2007-11-21 01:35:47]]></wp:comment_date_gmt>
			<wp:comment_content><![CDATA[[...] Another trackback test.  Lorem ipsum dolor sit amet, consectetuer adipiscing elit. Donec hendrerit gravida nisi. Praesent libero odio, tincidunt nec, fringilla et, mollis ut, ipsum. Proin a lacus quis nisi pulvinar bibendum. Donec massa justo, dapibus at, imperdiet vestibulum, dapibus in, leo. Donec pretium tellus in dui. Phasellus tristique aliquet justo. Donec sodales. Nulla urna mi, molestie ac, malesuada sit amet, sagittis id, lacus. Mauris auctor leo ac justo. Proin convallis. Nulla eleifend dictum mi. Donec at lectus. Integer augue sapien, ornare vitae, rhoncus quis, rhoncus sed, sapien. Nunc mattis diam sodales diam.Etiam porttitor, ante sed varius semper, ante arcu rutrum tortor, at luctus nunc urna id nibh. Fusce sodales. Integer sed ligula. Donec posuere, nibh aliquet auctor congue, augue est porttitor odio, imperdiet facilisis tortor urna vel mauris. Pellentesque pretium, lorem non pellentesque varius, elit diam ultrices mi, sed posuere sapien lectus sed mi. Donec vestibulum urna. Donec gravida elit et enim. Ut dignissim neque ut erat. Morbi tincidunt nunc vitae lorem. Morbi rhoncus mi. Praesent facilisis tincidunt enim. Ut pulvinar. Suspendisse potenti. Vivamus turpis odio, porta at, malesuada in, iaculis eget, odio. Aenean faucibus, urna quis congue dignissim, orci tellus ornare leo, eget viverra ante ipsum sit amet magna. Suspendisse mattis nunc at justo. Nullam malesuada lobortis lorem. Morbi ultricies. Nam risus erat, sagittis ut, tristique rhoncus, luctus id, ante. Maecenas ac dui. [...]]]></wp:comment_content>
			<wp:comment_approved><![CDATA[1]]></wp:comment_approved>
			<wp:comment_type><![CDATA[trackback]]></wp:comment_type>
			<wp:comment_parent>0</wp:comment_parent>
			<wp:comment_user_id>0</wp:comment_user_id>
							</wp:comment>
					<wp:comment>
			<wp:comment_id>29</wp:comment_id>
			<wp:comment_author><![CDATA[Ping 4 &laquo; What&#8217;s a tellyworth?]]></wp:comment_author>
			<wp:comment_author_email><![CDATA[]]></wp:comment_author_email>
			<wp:comment_author_url>http://tellyworth.wordpress.com/2007/11/21/ping-4/</wp:comment_author_url>
			<wp:comment_author_IP><![CDATA[]]></wp:comment_author_IP>
			<wp:comment_date><![CDATA[2007-11-21 11:39:25]]></wp:comment_date>
			<wp:comment_date_gmt><![CDATA[2007-11-21 01:39:25]]></wp:comment_date_gmt>
			<wp:comment_content><![CDATA[[...] Another short one. [...]]]></wp:comment_content>
			<wp:comment_approved><![CDATA[1]]></wp:comment_approved>
			<wp:comment_type><![CDATA[pingback]]></wp:comment_type>
			<wp:comment_parent>0</wp:comment_parent>
			<wp:comment_user_id>0</wp:comment_user_id>
							</wp:comment>
					<wp:comment>
			<wp:comment_id>30</wp:comment_id>
			<wp:comment_author><![CDATA[Ping 3 &laquo; What&#8217;s a tellyworth?]]></wp:comment_author>
			<wp:comment_author_email><![CDATA[]]></wp:comment_author_email>
			<wp:comment_author_url>http://tellyworth.wordpress.com/2007/11/21/ping-3/</wp:comment_author_url>
			<wp:comment_author_IP><![CDATA[]]></wp:comment_author_IP>
			<wp:comment_date><![CDATA[2007-11-21 11:38:22]]></wp:comment_date>
			<wp:comment_date_gmt><![CDATA[2007-11-21 01:38:22]]></wp:comment_date_gmt>
			<wp:comment_content><![CDATA[[...] Just a short one. [...]]]></wp:comment_content>
			<wp:comment_approved><![CDATA[1]]></wp:comment_approved>
			<wp:comment_type><![CDATA[pingback]]></wp:comment_type>
			<wp:comment_parent>0</wp:comment_parent>
			<wp:comment_user_id>0</wp:comment_user_id>
							</wp:comment>
					<wp:comment>
			<wp:comment_id>31</wp:comment_id>
			<wp:comment_author><![CDATA[John Doe]]></wp:comment_author>
			<wp:comment_author_email><![CDATA[example@example.org]]></wp:comment_author_email>
			<wp:comment_author_url>http://example.org/</wp:comment_author_url>
			<wp:comment_author_IP><![CDATA[]]></wp:comment_author_IP>
			<wp:comment_date><![CDATA[2010-06-11 15:27:04]]></wp:comment_date>
			<wp:comment_date_gmt><![CDATA[2010-06-11 22:27:04]]></wp:comment_date_gmt>
			<wp:comment_content><![CDATA[This is a comment amongst pingbacks and trackbacks.]]></wp:comment_content>
			<wp:comment_approved><![CDATA[1]]></wp:comment_approved>
			<wp:comment_type><![CDATA[comment]]></wp:comment_type>
			<wp:comment_parent>0</wp:comment_parent>
			<wp:comment_user_id>0</wp:comment_user_id>
							</wp:comment>
					</item>
					<item>
		<title><![CDATA[Template: Comments Disabled]]></title>
		<link>http://localhost/sass-wp/template-comments-disabled/</link>
		<pubDate>Mon, 02 Jan 2012 17:21:15 +0000</pubDate>
		<dc:creator><![CDATA[webmaster]]></dc:creator>
		<guid isPermaLink="false">https://wpthemetestdata.wordpress.com/2007/09/04/no-comments/</guid>
		<description></description>
		<content:encoded><![CDATA[This post has its comments, pingbacks, and trackbacks disabled.

There should be no comment reply form, but <em>should</em> display pingbacks and trackbacks.]]></content:encoded>
		<excerpt:encoded><![CDATA[]]></excerpt:encoded>
		<wp:post_id>1150</wp:post_id>
		<wp:post_date><![CDATA[2012-01-02 10:21:15]]></wp:post_date>
		<wp:post_date_gmt><![CDATA[2012-01-02 17:21:15]]></wp:post_date_gmt>
		<wp:post_modified><![CDATA[2012-01-02 10:21:15]]></wp:post_modified>
		<wp:post_modified_gmt><![CDATA[2012-01-02 17:21:15]]></wp:post_modified_gmt>
		<wp:comment_status><![CDATA[closed]]></wp:comment_status>
		<wp:ping_status><![CDATA[closed]]></wp:ping_status>
		<wp:post_name><![CDATA[template-comments-disabled]]></wp:post_name>
		<wp:status><![CDATA[publish]]></wp:status>
		<wp:post_parent>0</wp:post_parent>
		<wp:menu_order>0</wp:menu_order>
		<wp:post_type><![CDATA[post]]></wp:post_type>
		<wp:post_password><![CDATA[]]></wp:post_password>
		<wp:is_sticky>0</wp:is_sticky>
										<category domain="category" nicename="classic"><![CDATA[Classic]]></category>
		<category domain="post_tag" nicename="comments-2"><![CDATA[comments]]></category>
		<category domain="category" nicename="template-2"><![CDATA[Template]]></category>
		<category domain="post_tag" nicename="template"><![CDATA[template]]></category>
		<category domain="category" nicename="uncategorized"><![CDATA[Uncategorized]]></category>
						</item>
					<item>
		<title><![CDATA[Post Format: Image]]></title>
		<link>http://localhost/sass-wp/post-format-image/</link>
		<pubDate>Sun, 08 Aug 2010 12:00:39 +0000</pubDate>
		<dc:creator><![CDATA[webmaster]]></dc:creator>
		<guid isPermaLink="false">https://wpthemetestdata.wordpress.com/?p=568</guid>
		<description></description>
		<content:encoded><![CDATA[<dl id="attachment_612" class="wp-caption aligncenter" style="width:650px;"><dt class="wp-caption-dt"></dt></dl>&nbsp;

<a href="http://localhost/sass-wp/wp-content/uploads/2008/06/100_5540.jpg"><img class="alignnone wp-image-755 size-large" src="http://localhost/sass-wp/wp-content/uploads/2008/06/100_5540.jpg?w=604" alt="" width="604" height="453" /></a>]]></content:encoded>
		<excerpt:encoded><![CDATA[]]></excerpt:encoded>
		<wp:post_id>1158</wp:post_id>
		<wp:post_date><![CDATA[2010-08-08 05:00:39]]></wp:post_date>
		<wp:post_date_gmt><![CDATA[2010-08-08 12:00:39]]></wp:post_date_gmt>
		<wp:post_modified><![CDATA[2010-08-08 05:00:39]]></wp:post_modified>
		<wp:post_modified_gmt><![CDATA[2010-08-08 12:00:39]]></wp:post_modified_gmt>
		<wp:comment_status><![CDATA[closed]]></wp:comment_status>
		<wp:ping_status><![CDATA[closed]]></wp:ping_status>
		<wp:post_name><![CDATA[post-format-image]]></wp:post_name>
		<wp:status><![CDATA[publish]]></wp:status>
		<wp:post_parent>0</wp:post_parent>
		<wp:menu_order>0</wp:menu_order>
		<wp:post_type><![CDATA[post]]></wp:post_type>
		<wp:post_password><![CDATA[]]></wp:post_password>
		<wp:is_sticky>0</wp:is_sticky>
										<category domain="category" nicename="classic"><![CDATA[Classic]]></category>
		<category domain="post_tag" nicename="image"><![CDATA[image]]></category>
		<category domain="post_format" nicename="post-format-image"><![CDATA[Imagen]]></category>
		<category domain="category" nicename="post-formats"><![CDATA[Post Formats]]></category>
		<category domain="post_tag" nicename="post-formats"><![CDATA[Post Formats]]></category>
						</item>
					<item>
		<title><![CDATA[Post Format: Video (YouTube)]]></title>
		<link>http://localhost/sass-wp/post-format-video-youtube/</link>
		<pubDate>Wed, 02 Jun 2010 09:00:58 +0000</pubDate>
		<dc:creator><![CDATA[webmaster]]></dc:creator>
		<guid isPermaLink="false">https://wpthemetestdata.wordpress.com/?p=582</guid>
		<description></description>
		<content:encoded><![CDATA[https://www.youtube.com/watch?v=SQEQr7c0-dw

Learn more about <a title="WordPress Embeds" href="https://codex.wordpress.org/Embeds" target="_blank" rel="noopener">WordPress Embeds</a>.]]></content:encoded>
		<excerpt:encoded><![CDATA[]]></excerpt:encoded>
		<wp:post_id>1161</wp:post_id>
		<wp:post_date><![CDATA[2010-06-02 02:00:58]]></wp:post_date>
		<wp:post_date_gmt><![CDATA[2010-06-02 09:00:58]]></wp:post_date_gmt>
		<wp:post_modified><![CDATA[2010-06-02 02:00:58]]></wp:post_modified>
		<wp:post_modified_gmt><![CDATA[2010-06-02 09:00:58]]></wp:post_modified_gmt>
		<wp:comment_status><![CDATA[closed]]></wp:comment_status>
		<wp:ping_status><![CDATA[closed]]></wp:ping_status>
		<wp:post_name><![CDATA[post-format-video-youtube]]></wp:post_name>
		<wp:status><![CDATA[publish]]></wp:status>
		<wp:post_parent>0</wp:post_parent>
		<wp:menu_order>0</wp:menu_order>
		<wp:post_type><![CDATA[post]]></wp:post_type>
		<wp:post_password><![CDATA[]]></wp:post_password>
		<wp:is_sticky>0</wp:is_sticky>
										<category domain="category" nicename="classic"><![CDATA[Classic]]></category>
		<category domain="category" nicename="post-formats"><![CDATA[Post Formats]]></category>
		<category domain="post_tag" nicename="post-formats"><![CDATA[Post Formats]]></category>
		<category domain="post_format" nicename="post-format-video"><![CDATA[VÃ­deo]]></category>
						</item>
					<item>
		<title><![CDATA[Post Format: Image (Caption)]]></title>
		<link>http://localhost/sass-wp/post-format-image-caption/</link>
		<pubDate>Sat, 07 Aug 2010 13:00:19 +0000</pubDate>
		<dc:creator><![CDATA[webmaster]]></dc:creator>
		<guid isPermaLink="false">https://wpthemetestdata.wordpress.com/?p=674</guid>
		<description></description>
		<content:encoded><![CDATA[[caption id="attachment_754" align="alignnone" width="604"]<a href="http://localhost/sass-wp/wp-content/uploads/2008/06/100_5478.jpg"><img class="wp-image-754 size-large" src="http://localhost/sass-wp/wp-content/uploads/2008/06/100_5478.jpg?w=604" alt="Bell on Wharf" width="604" height="453" /></a> Bell on wharf in San Francisco[/caption]]]></content:encoded>
		<excerpt:encoded><![CDATA[]]></excerpt:encoded>
		<wp:post_id>1163</wp:post_id>
		<wp:post_date><![CDATA[2010-08-07 06:00:19]]></wp:post_date>
		<wp:post_date_gmt><![CDATA[2010-08-07 13:00:19]]></wp:post_date_gmt>
		<wp:post_modified><![CDATA[2010-08-07 06:00:19]]></wp:post_modified>
		<wp:post_modified_gmt><![CDATA[2010-08-07 13:00:19]]></wp:post_modified_gmt>
		<wp:comment_status><![CDATA[closed]]></wp:comment_status>
		<wp:ping_status><![CDATA[closed]]></wp:ping_status>
		<wp:post_name><![CDATA[post-format-image-caption]]></wp:post_name>
		<wp:status><![CDATA[publish]]></wp:status>
		<wp:post_parent>0</wp:post_parent>
		<wp:menu_order>0</wp:menu_order>
		<wp:post_type><![CDATA[post]]></wp:post_type>
		<wp:post_password><![CDATA[]]></wp:post_password>
		<wp:is_sticky>0</wp:is_sticky>
										<category domain="category" nicename="classic"><![CDATA[Classic]]></category>
		<category domain="post_tag" nicename="image"><![CDATA[image]]></category>
		<category domain="post_format" nicename="post-format-image"><![CDATA[Imagen]]></category>
		<category domain="category" nicename="post-formats"><![CDATA[Post Formats]]></category>
		<category domain="post_tag" nicename="post-formats"><![CDATA[Post Formats]]></category>
		<category domain="post_tag" nicename="shortcode"><![CDATA[shortcode]]></category>
						<wp:postmeta>
		<wp:meta_key><![CDATA[_thumbnail_id]]></wp:meta_key>
		<wp:meta_value><![CDATA[1628]]></wp:meta_value>
		</wp:postmeta>
							</item>
					<item>
		<title><![CDATA[Template: Password Protected (the password is "enter")]]></title>
		<link>http://localhost/sass-wp/template-password-protected/</link>
		<pubDate>Wed, 04 Jan 2012 16:38:05 +0000</pubDate>
		<dc:creator><![CDATA[webmaster]]></dc:creator>
		<guid isPermaLink="false">https://wpthemetestdata.wordpress.com/2007/09/04/test-with-secret-password/</guid>
		<description></description>
		<content:encoded><![CDATA[This content, comments, pingbacks, and trackbacks should not be visible until the password is entered.]]></content:encoded>
		<excerpt:encoded><![CDATA[]]></excerpt:encoded>
		<wp:post_id>1168</wp:post_id>
		<wp:post_date><![CDATA[2012-01-04 09:38:05]]></wp:post_date>
		<wp:post_date_gmt><![CDATA[2012-01-04 16:38:05]]></wp:post_date_gmt>
		<wp:post_modified><![CDATA[2012-01-04 09:38:05]]></wp:post_modified>
		<wp:post_modified_gmt><![CDATA[2012-01-04 16:38:05]]></wp:post_modified_gmt>
		<wp:comment_status><![CDATA[closed]]></wp:comment_status>
		<wp:ping_status><![CDATA[closed]]></wp:ping_status>
		<wp:post_name><![CDATA[template-password-protected]]></wp:post_name>
		<wp:status><![CDATA[publish]]></wp:status>
		<wp:post_parent>0</wp:post_parent>
		<wp:menu_order>0</wp:menu_order>
		<wp:post_type><![CDATA[post]]></wp:post_type>
		<wp:post_password><![CDATA[enter]]></wp:post_password>
		<wp:is_sticky>0</wp:is_sticky>
										<category domain="category" nicename="classic"><![CDATA[Classic]]></category>
		<category domain="post_tag" nicename="password-2"><![CDATA[password]]></category>
		<category domain="category" nicename="template-2"><![CDATA[Template]]></category>
		<category domain="post_tag" nicename="template"><![CDATA[template]]></category>
		<category domain="category" nicename="uncategorized"><![CDATA[Uncategorized]]></category>
						<wp:comment>
			<wp:comment_id>32</wp:comment_id>
			<wp:comment_author><![CDATA[Jane Doe]]></wp:comment_author>
			<wp:comment_author_email><![CDATA[example@example.org]]></wp:comment_author_email>
			<wp:comment_author_url>http://example.org/</wp:comment_author_url>
			<wp:comment_author_IP><![CDATA[]]></wp:comment_author_IP>
			<wp:comment_date><![CDATA[2013-03-14 11:56:08]]></wp:comment_date>
			<wp:comment_date_gmt><![CDATA[2013-03-14 18:56:08]]></wp:comment_date_gmt>
			<wp:comment_content><![CDATA[This comment should not be visible until the password is entered.]]></wp:comment_content>
			<wp:comment_approved><![CDATA[1]]></wp:comment_approved>
			<wp:comment_type><![CDATA[comment]]></wp:comment_type>
			<wp:comment_parent>0</wp:comment_parent>
			<wp:comment_user_id>0</wp:comment_user_id>
							</wp:comment>
					</item>
					<item>
		<title><![CDATA[Template: Paginated]]></title>
		<link>http://localhost/sass-wp/template-paginated/</link>
		<pubDate>Sun, 08 Jan 2012 17:00:20 +0000</pubDate>
		<dc:creator><![CDATA[webmaster]]></dc:creator>
		<guid isPermaLink="false">https://noeltest.wordpress.com/?p=188</guid>
		<description></description>
		<content:encoded><![CDATA[Post Page 1

<!--nextpage-->

Post Page 2

<!--nextpage-->

Post Page 3]]></content:encoded>
		<excerpt:encoded><![CDATA[]]></excerpt:encoded>
		<wp:post_id>1171</wp:post_id>
		<wp:post_date><![CDATA[2012-01-08 10:00:20]]></wp:post_date>
		<wp:post_date_gmt><![CDATA[2012-01-08 17:00:20]]></wp:post_date_gmt>
		<wp:post_modified><![CDATA[2012-01-08 10:00:20]]></wp:post_modified>
		<wp:post_modified_gmt><![CDATA[2012-01-08 17:00:20]]></wp:post_modified_gmt>
		<wp:comment_status><![CDATA[closed]]></wp:comment_status>
		<wp:ping_status><![CDATA[closed]]></wp:ping_status>
		<wp:post_name><![CDATA[template-paginated]]></wp:post_name>
		<wp:status><![CDATA[publish]]></wp:status>
		<wp:post_parent>0</wp:post_parent>
		<wp:menu_order>0</wp:menu_order>
		<wp:post_type><![CDATA[post]]></wp:post_type>
		<wp:post_password><![CDATA[]]></wp:post_password>
		<wp:is_sticky>0</wp:is_sticky>
										<category domain="category" nicename="classic"><![CDATA[Classic]]></category>
		<category domain="post_tag" nicename="content-2"><![CDATA[content ÏÎµÏÎ¹ÎµÏÏÎ¼ÎµÎ½Î¿]]></category>
		<category domain="post_tag" nicename="pagination"><![CDATA[pagination]]></category>
		<category domain="category" nicename="template-2"><![CDATA[Template]]></category>
		<category domain="post_tag" nicename="template"><![CDATA[template]]></category>
		<category domain="category" nicename="uncategorized"><![CDATA[Uncategorized]]></category>
						</item>
					<item>
		<title><![CDATA[Media: Twitter Embeds]]></title>
		<link>http://localhost/sass-wp/media-twitter-embeds/</link>
		<pubDate>Tue, 15 Mar 2011 22:47:16 +0000</pubDate>
		<dc:creator><![CDATA[webmaster]]></dc:creator>
		<guid isPermaLink="false">http://wptest.io/demo/?p=1027</guid>
		<description></description>
		<content:encoded><![CDATA[https://twitter.com/nacin/status/319508408669708289

This post tests WordPress' <a title="Twitter Embeds" href="https://en.support.wordpress.com/twitter/twitter-embeds/" target="_blank" rel="noopener">Twitter Embeds</a> feature.]]></content:encoded>
		<excerpt:encoded><![CDATA[]]></excerpt:encoded>
		<wp:post_id>1179</wp:post_id>
		<wp:post_date><![CDATA[2011-03-15 15:47:16]]></wp:post_date>
		<wp:post_date_gmt><![CDATA[2011-03-15 22:47:16]]></wp:post_date_gmt>
		<wp:post_modified><![CDATA[2011-03-15 15:47:16]]></wp:post_modified>
		<wp:post_modified_gmt><![CDATA[2011-03-15 22:47:16]]></wp:post_modified_gmt>
		<wp:comment_status><![CDATA[closed]]></wp:comment_status>
		<wp:ping_status><![CDATA[closed]]></wp:ping_status>
		<wp:post_name><![CDATA[media-twitter-embeds]]></wp:post_name>
		<wp:status><![CDATA[publish]]></wp:status>
		<wp:post_parent>0</wp:post_parent>
		<wp:menu_order>0</wp:menu_order>
		<wp:post_type><![CDATA[post]]></wp:post_type>
		<wp:post_password><![CDATA[]]></wp:post_password>
		<wp:is_sticky>0</wp:is_sticky>
										<category domain="category" nicename="classic"><![CDATA[Classic]]></category>
		<category domain="post_tag" nicename="content-2"><![CDATA[content ÏÎµÏÎ¹ÎµÏÏÎ¼ÎµÎ½Î¿]]></category>
		<category domain="post_tag" nicename="embeds-2"><![CDATA[embeds]]></category>
		<category domain="category" nicename="media-2"><![CDATA[Media]]></category>
		<category domain="post_tag" nicename="media"><![CDATA[media]]></category>
		<category domain="post_tag" nicename="twitter-2"><![CDATA[twitter]]></category>
						<wp:postmeta>
		<wp:meta_key><![CDATA[_oembed_time_d01e104b758ab65a49dfdede5913069c]]></wp:meta_key>
		<wp:meta_value><![CDATA[1410548953]]></wp:meta_value>
		</wp:postmeta>
							<wp:postmeta>
		<wp:meta_key><![CDATA[_oembed_ac49b172e1844531a885a53eff2efd91]]></wp:meta_key>
		<wp:meta_value><![CDATA[<div class="embed-twitter"><blockquote class="twitter-tweet" width="550"><p>Really cool to read through and find so much awesomeness added to WordPress 3.6 while I was gone. I should take three weeks off more often.</p>&mdash; Andrew Nacin (@nacin) <a href="https://twitter.com/nacin/status/319508408669708289">April 3, 2013</a></blockquote><script async src="//platform.twitter.com/widgets.js" charset="utf-8"></script></div>]]></wp:meta_value>
		</wp:postmeta>
							<wp:postmeta>
		<wp:meta_key><![CDATA[_oembed_time_ac49b172e1844531a885a53eff2efd91]]></wp:meta_key>
		<wp:meta_value><![CDATA[1420203780]]></wp:meta_value>
		</wp:postmeta>
							<wp:postmeta>
		<wp:meta_key><![CDATA[_oembed_d01e104b758ab65a49dfdede5913069c]]></wp:meta_key>
		<wp:meta_value><![CDATA[<div class="embed-twitter"><blockquote class="twitter-tweet" width="550"><p>Really cool to read through and find so much awesomeness added to WordPress 3.6 while I was gone. I should take three weeks off more often.</p>&mdash; Andrew Nacin (@nacin) <a href="https://twitter.com/nacin/status/319508408669708289">April 3, 2013</a></blockquote><script async src="//platform.twitter.com/widgets.js" charset="utf-8"></script></div>]]></wp:meta_value>
		</wp:postmeta>
							</item>
					<item>
		<title><![CDATA[Template: Sticky]]></title>
		<link>http://localhost/sass-wp/template-sticky/</link>
		<pubDate>Sat, 07 Jan 2012 14:07:21 +0000</pubDate>
		<dc:creator><![CDATA[webmaster]]></dc:creator>
		<guid isPermaLink="false">http://wptest.io/demo/?p=1241</guid>
		<description></description>
		<content:encoded><![CDATA[This is a sticky post.

There are a few things to verify:
<ul>
	<li>The sticky post should be distinctly recognizable in some way in comparison to normal posts. You can style the <code>.sticky</code> class if you are using the <a title="WordPress post_class() Function" href="https://developer.wordpress.org/reference/functions/post_class/" target="_blank" rel="noopener">post_class()</a> function to generate your post classes, which is a best practice.</li>
	<li>They should show at the very top of the blog index page, even though they could be several posts back chronologically.</li>
	<li>They should still show up again in their chronologically correct postion in time, but without the sticky indicator.</li>
	<li>If you have a plugin or widget that lists popular posts or comments, make sure that this sticky post is not always at the top of those lists unless it really is popular.</li>
</ul>]]></content:encoded>
		<excerpt:encoded><![CDATA[]]></excerpt:encoded>
		<wp:post_id>1241</wp:post_id>
		<wp:post_date><![CDATA[2012-01-07 07:07:21]]></wp:post_date>
		<wp:post_date_gmt><![CDATA[2012-01-07 14:07:21]]></wp:post_date_gmt>
		<wp:post_modified><![CDATA[2012-01-07 07:07:21]]></wp:post_modified>
		<wp:post_modified_gmt><![CDATA[2012-01-07 14:07:21]]></wp:post_modified_gmt>
		<wp:comment_status><![CDATA[closed]]></wp:comment_status>
		<wp:ping_status><![CDATA[closed]]></wp:ping_status>
		<wp:post_name><![CDATA[template-sticky]]></wp:post_name>
		<wp:status><![CDATA[publish]]></wp:status>
		<wp:post_parent>0</wp:post_parent>
		<wp:menu_order>0</wp:menu_order>
		<wp:post_type><![CDATA[post]]></wp:post_type>
		<wp:post_password><![CDATA[]]></wp:post_password>
		<wp:is_sticky>1</wp:is_sticky>
										<category domain="category" nicename="classic"><![CDATA[Classic]]></category>
		<category domain="post_tag" nicename="sticky-2"><![CDATA[sticky]]></category>
		<category domain="post_tag" nicename="template"><![CDATA[template]]></category>
		<category domain="category" nicename="uncategorized"><![CDATA[Uncategorized]]></category>
						</item>
					<item>
		<title><![CDATA[Template: Excerpt (Generated)]]></title>
		<link>http://localhost/sass-wp/template-excerpt-generated/</link>
		<pubDate>Wed, 14 Mar 2012 16:49:22 +0000</pubDate>
		<dc:creator><![CDATA[webmaster]]></dc:creator>
		<guid isPermaLink="false">https://wpthemetestdata.wordpress.com/?p=1446</guid>
		<description></description>
		<content:encoded><![CDATA[This is the post content. It should be displayed in place of the auto-generated excerpt in single-page views. Archive-index pages should display an auto-generated excerpt of this content. Depending on Theme-defined filters, the length of the auto-generated excerpt will vary from Theme-to-Theme. The default length for auto-generated excerpts is 55 words, so to test the excerpt auto-generation, this post must have more than 55 words.

Be sure to test the formatting of the auto-generated excerpt, to ensure that it doesn't create any layout problems. Also, ensure that any filters applied to the excerpt, such as <code>excerpt_length</code> and <code>excerpt_more</code>, display properly.]]></content:encoded>
		<excerpt:encoded><![CDATA[]]></excerpt:encoded>
		<wp:post_id>1446</wp:post_id>
		<wp:post_date><![CDATA[2012-03-14 09:49:22]]></wp:post_date>
		<wp:post_date_gmt><![CDATA[2012-03-14 16:49:22]]></wp:post_date_gmt>
		<wp:post_modified><![CDATA[2012-03-14 09:49:22]]></wp:post_modified>
		<wp:post_modified_gmt><![CDATA[2012-03-14 16:49:22]]></wp:post_modified_gmt>
		<wp:comment_status><![CDATA[closed]]></wp:comment_status>
		<wp:ping_status><![CDATA[closed]]></wp:ping_status>
		<wp:post_name><![CDATA[template-excerpt-generated]]></wp:post_name>
		<wp:status><![CDATA[publish]]></wp:status>
		<wp:post_parent>0</wp:post_parent>
		<wp:menu_order>0</wp:menu_order>
		<wp:post_type><![CDATA[post]]></wp:post_type>
		<wp:post_password><![CDATA[]]></wp:post_password>
		<wp:is_sticky>0</wp:is_sticky>
										<category domain="category" nicename="classic"><![CDATA[Classic]]></category>
		<category domain="post_tag" nicename="content-2"><![CDATA[content ÏÎµÏÎ¹ÎµÏÏÎ¼ÎµÎ½Î¿]]></category>
		<category domain="post_tag" nicename="excerpt-2"><![CDATA[excerpt]]></category>
		<category domain="category" nicename="template-2"><![CDATA[Template]]></category>
		<category domain="post_tag" nicename="template"><![CDATA[template]]></category>
		<category domain="category" nicename="uncategorized"><![CDATA[Uncategorized]]></category>
						</item>
					<item>
		<title><![CDATA[Post Format: Standard]]></title>
		<link>http://localhost/sass-wp/post-format-standard/</link>
		<pubDate>Tue, 05 Oct 2010 07:27:25 +0000</pubDate>
		<dc:creator><![CDATA[webmaster]]></dc:creator>
		<guid isPermaLink="false">https://wpthemetestdata.wordpress.com/?p=358</guid>
		<description></description>
		<content:encoded><![CDATA[All children, except one, grow up. They soon know that they will grow up, and the way Wendy knew was this. One day when she was two years old she was playing in a garden, and she plucked another flower and ran with it to her mother. I suppose she must have looked rather delightful, for Mrs. Darling put her hand to her heart and cried, "Oh, why can't you remain like this for ever!" This was all that passed between them on the subject, but henceforth Wendy knew that she must grow up. You always know after you are two. Two is the beginning of the end.

<!--more-->

Mrs. Darling first heard of Peter when she was tidying up her children's minds. It is the nightly custom of every good mother after her children are asleep to rummage in their minds and put things straight for next morning, repacking into their proper places the many articles that have wandered during the day.

If you could keep awake (but of course you can't) you would see your own mother doing this, and you would find it very interesting to watch her. It is quite like tidying up drawers. You would see her on her knees, I expect, lingering humorously over some of your contents, wondering where on earth you had picked this thing up, making discoveries sweet and not so sweet, pressing this to her cheek as if it were as nice as a kitten, and hurriedly stowing that out of sight. When you wake in the morning, the naughtiness and evil passions with which you went to bed have been folded up small and placed at the bottom of your mind and on the top, beautifully aired, are spread out your prettier thoughts, ready for you to put on.

I don't know whether you have ever seen a map of a person's mind. Doctors sometimes draw maps of other parts of you, and your own map can become intensely interesting, but catch them trying to draw a map of a child's mind, which is not only confused, but keeps going round all the time. There are zigzag lines on it, just like your temperature on a card, and these are probably roads in the island, for the Neverland is always more or less an island, with astonishing splashes of colour here and there, and coral reefs and rakish-looking craft in the offing, and savages and lonely lairs, and gnomes who are mostly tailors, and caves through which a river runs, and princes with six elder brothers, and a hut fast going to decay, and one very small old lady with a hooked nose. It would be an easy map if that were all, but there is also first day at school, religion, fathers, the round pond, needle-work, murders, hangings, verbs that take the dative, chocolate pudding day, getting into braces, say ninety-nine, three-pence for pulling out your tooth yourself, and so on, and either these are part of the island or they are another map showing through, and it is all rather confusing, especially as nothing will stand still.

Of course the Neverlands vary a good deal. John's, for instance, had a lagoon with flamingoes flying over it at which John was shooting, while Michael, who was very small, had a flamingo with lagoons flying over it. John lived in a boat turned upside down on the sands, Michael in a wigwam, Wendy in a house of leaves deftly sewn together. John had no friends, Michael had friends at night, Wendy had a pet wolf forsaken by its parents, but on the whole the Neverlands have a family resemblance, and if they stood still in a row you could say of them that they have each other's nose, and so forth. On these magic shores children at play are for ever beaching their coracles [simple boat]. We too have been there; we can still hear the sound of the surf, though we shall land no more.

Of all delectable islands the Neverland is the snuggest and most compact, not large and sprawly, you know, with tedious distances between one adventure and another, but nicely crammed. When you play at it by day with the chairs and table-cloth, it is not in the least alarming, but in the two minutes before you go to sleep it becomes very real. That is why there are night-lights.

Occasionally in her travels through her children's minds Mrs. Darling found things she could not understand, and of these quite the most perplexing was the word Peter. She knew of no Peter, and yet he was here and there in John and Michael's minds, while Wendy's began to be scrawled all over with him. The name stood out in bolder letters than any of the other words, and as Mrs. Darling gazed she felt that it had an oddly cocky appearance.]]></content:encoded>
		<excerpt:encoded><![CDATA[]]></excerpt:encoded>
		<wp:post_id>19456</wp:post_id>
		<wp:post_date><![CDATA[2010-10-05 00:27:25]]></wp:post_date>
		<wp:post_date_gmt><![CDATA[2010-10-05 07:27:25]]></wp:post_date_gmt>
		<wp:post_modified><![CDATA[2010-10-05 00:27:25]]></wp:post_modified>
		<wp:post_modified_gmt><![CDATA[2010-10-05 07:27:25]]></wp:post_modified_gmt>
		<wp:comment_status><![CDATA[closed]]></wp:comment_status>
		<wp:ping_status><![CDATA[closed]]></wp:ping_status>
		<wp:post_name><![CDATA[post-format-standard]]></wp:post_name>
		<wp:status><![CDATA[publish]]></wp:status>
		<wp:post_parent>0</wp:post_parent>
		<wp:menu_order>0</wp:menu_order>
		<wp:post_type><![CDATA[post]]></wp:post_type>
		<wp:post_password><![CDATA[]]></wp:post_password>
		<wp:is_sticky>0</wp:is_sticky>
										<category domain="category" nicename="classic"><![CDATA[Classic]]></category>
		<category domain="category" nicename="post-formats"><![CDATA[Post Formats]]></category>
		<category domain="post_tag" nicename="post-formats"><![CDATA[Post Formats]]></category>
		<category domain="post_tag" nicename="readability"><![CDATA[readability]]></category>
		<category domain="post_tag" nicename="standard-2"><![CDATA[standard]]></category>
						</item>
					<item>
		<title><![CDATA[Post Format: Gallery]]></title>
		<link>http://localhost/sass-wp/post-format-gallery/</link>
		<pubDate>Fri, 10 Sep 2010 14:24:14 +0000</pubDate>
		<dc:creator><![CDATA[webmaster]]></dc:creator>
		<guid isPermaLink="false">https://wpthemetestdata.wordpress.com/?p=555</guid>
		<description></description>
		<content:encoded><![CDATA[[gallery]

<!--nextpage-->

You can use this page to test the Theme's handling of the gallery shortcode, including the <code>columns</code> parameter, from 1 to 9 columns. Themes are only required to support the default setting (3 columns), so this page is entirely optional.
<h2>One Column</h2>
[gallery columns="1"]
<h2>Two Columns</h2>
[gallery columns="2"]
<h2>Three Columns</h2>
[gallery columns="3"]
<h2>Four Columns</h2>
[gallery columns="4"]
<h2>Five Columns</h2>
[gallery columns="5"]
<h2>Six Columns</h2>
[gallery columns="6"]
<h2>Seven Columns</h2>
[gallery columns="7"]
<h2>Eight Columns</h2>
[gallery columns="8"]
<h2>Nine Columns</h2>
[gallery columns="9"]]]></content:encoded>
		<excerpt:encoded><![CDATA[]]></excerpt:encoded>
		<wp:post_id>19457</wp:post_id>
		<wp:post_date><![CDATA[2010-09-10 07:24:14]]></wp:post_date>
		<wp:post_date_gmt><![CDATA[2010-09-10 14:24:14]]></wp:post_date_gmt>
		<wp:post_modified><![CDATA[2010-09-10 07:24:14]]></wp:post_modified>
		<wp:post_modified_gmt><![CDATA[2010-09-10 14:24:14]]></wp:post_modified_gmt>
		<wp:comment_status><![CDATA[closed]]></wp:comment_status>
		<wp:ping_status><![CDATA[closed]]></wp:ping_status>
		<wp:post_name><![CDATA[post-format-gallery]]></wp:post_name>
		<wp:status><![CDATA[publish]]></wp:status>
		<wp:post_parent>0</wp:post_parent>
		<wp:menu_order>0</wp:menu_order>
		<wp:post_type><![CDATA[post]]></wp:post_type>
		<wp:post_password><![CDATA[]]></wp:post_password>
		<wp:is_sticky>0</wp:is_sticky>
										<category domain="category" nicename="classic"><![CDATA[Classic]]></category>
		<category domain="post_tag" nicename="gallery"><![CDATA[gallery]]></category>
		<category domain="post_format" nicename="post-format-gallery"><![CDATA[GalerÃ­a]]></category>
		<category domain="category" nicename="post-formats"><![CDATA[Post Formats]]></category>
		<category domain="post_tag" nicename="post-formats"><![CDATA[Post Formats]]></category>
		<category domain="post_tag" nicename="shortcode"><![CDATA[shortcode]]></category>
						</item>
					<item>
		<title><![CDATA[Post Format: Image (Linked)]]></title>
		<link>http://localhost/sass-wp/post-format-image-linked/</link>
		<pubDate>Fri, 06 Aug 2010 15:09:39 +0000</pubDate>
		<dc:creator><![CDATA[webmaster]]></dc:creator>
		<guid isPermaLink="false">https://wpthemetestdata.wordpress.com/?p=568</guid>
		<description></description>
		<content:encoded><![CDATA[[caption id="attachment_612" align="aligncenter" width="640" caption="Chunk of resinous blackboy husk, Clarkson, Western Australia. This burns like a spinifex log."]<a href="http://localhost/sass-wp/wp-content/uploads/2013/09/dsc20040724_152504_532.jpg"><img src="http://localhost/sass-wp/wp-content/uploads/2013/09/dsc20040724_152504_532.jpg" alt="chunk of resinous blackboy husk" title="dsc20040724_152504_532" width="640" height="480" class="size-full wp-image-612" /></a>[/caption]
]]></content:encoded>
		<excerpt:encoded><![CDATA[]]></excerpt:encoded>
		<wp:post_id>19461</wp:post_id>
		<wp:post_date><![CDATA[2010-08-06 08:09:39]]></wp:post_date>
		<wp:post_date_gmt><![CDATA[2010-08-06 15:09:39]]></wp:post_date_gmt>
		<wp:post_modified><![CDATA[2010-08-06 08:09:39]]></wp:post_modified>
		<wp:post_modified_gmt><![CDATA[2010-08-06 15:09:39]]></wp:post_modified_gmt>
		<wp:comment_status><![CDATA[closed]]></wp:comment_status>
		<wp:ping_status><![CDATA[closed]]></wp:ping_status>
		<wp:post_name><![CDATA[post-format-image-linked]]></wp:post_name>
		<wp:status><![CDATA[publish]]></wp:status>
		<wp:post_parent>0</wp:post_parent>
		<wp:menu_order>0</wp:menu_order>
		<wp:post_type><![CDATA[post]]></wp:post_type>
		<wp:post_password><![CDATA[]]></wp:post_password>
		<wp:is_sticky>0</wp:is_sticky>
										<category domain="category" nicename="classic"><![CDATA[Classic]]></category>
		<category domain="post_tag" nicename="image"><![CDATA[image]]></category>
		<category domain="post_format" nicename="post-format-image"><![CDATA[Imagen]]></category>
		<category domain="category" nicename="post-formats"><![CDATA[Post Formats]]></category>
		<category domain="post_tag" nicename="post-formats"><![CDATA[Post Formats]]></category>
						</item>
					<item>
		<title><![CDATA[Post Format: Video (WordPress.tv)]]></title>
		<link>http://localhost/sass-wp/post-format-video-wordpresstv/</link>
		<pubDate>Thu, 03 Jun 2010 15:25:58 +0000</pubDate>
		<dc:creator><![CDATA[webmaster]]></dc:creator>
		<guid isPermaLink="false">https://wpthemetestdata.wordpress.com/?p=582</guid>
		<description></description>
		<content:encoded><![CDATA[https://wordpress.tv/2009/03/16/anatomy-of-a-wordpress-theme-exploring-the-files-behind-your-theme/

Posted as per the <a href="https://codex.wordpress.org/Embeds" target="_blank" rel="noopener">instructions in the Codex</a>.]]></content:encoded>
		<excerpt:encoded><![CDATA[]]></excerpt:encoded>
		<wp:post_id>19463</wp:post_id>
		<wp:post_date><![CDATA[2010-06-03 08:25:58]]></wp:post_date>
		<wp:post_date_gmt><![CDATA[2010-06-03 15:25:58]]></wp:post_date_gmt>
		<wp:post_modified><![CDATA[2010-06-03 08:25:58]]></wp:post_modified>
		<wp:post_modified_gmt><![CDATA[2010-06-03 15:25:58]]></wp:post_modified_gmt>
		<wp:comment_status><![CDATA[closed]]></wp:comment_status>
		<wp:ping_status><![CDATA[closed]]></wp:ping_status>
		<wp:post_name><![CDATA[post-format-video-wordpresstv]]></wp:post_name>
		<wp:status><![CDATA[publish]]></wp:status>
		<wp:post_parent>0</wp:post_parent>
		<wp:menu_order>0</wp:menu_order>
		<wp:post_type><![CDATA[post]]></wp:post_type>
		<wp:post_password><![CDATA[]]></wp:post_password>
		<wp:is_sticky>0</wp:is_sticky>
										<category domain="category" nicename="classic"><![CDATA[Classic]]></category>
		<category domain="post_tag" nicename="embeds-2"><![CDATA[embeds]]></category>
		<category domain="category" nicename="post-formats"><![CDATA[Post Formats]]></category>
		<category domain="post_tag" nicename="post-formats"><![CDATA[Post Formats]]></category>
		<category domain="post_tag" nicename="video"><![CDATA[video]]></category>
		<category domain="post_format" nicename="post-format-video"><![CDATA[VÃ­deo]]></category>
		<category domain="post_tag" nicename="wordpress-tv"><![CDATA[wordpress.tv]]></category>
						<wp:postmeta>
		<wp:meta_key><![CDATA[_oembed_4321638fc1a6fee26443f7fe8a70a871]]></wp:meta_key>
		<wp:meta_value><![CDATA[<embed src="http://v.wordpress.com/hrPKeL5t" type="application/x-shockwave-flash" width="500" height="281" allowscriptaccess="always" allowfullscreen="true" wmode="transparent"></embed>]]></wp:meta_value>
		</wp:postmeta>
							<wp:postmeta>
		<wp:meta_key><![CDATA[_oembed_29351fff85c1be1d1e9a965a0332a861]]></wp:meta_key>
		<wp:meta_value><![CDATA[<div class="embed-"><embed src="http://v.wordpress.com/hrPKeL5t" type="application/x-shockwave-flash" width="604" height="339" allowscriptaccess="always" allowfullscreen="true" wmode="transparent"></embed></div>]]></wp:meta_value>
		</wp:postmeta>
							<wp:postmeta>
		<wp:meta_key><![CDATA[_oembed_9fcc86d7d9398ff736577f922307f64d]]></wp:meta_key>
		<wp:meta_value><![CDATA[<div class="embed-"><embed src="http://v.wordpress.com/hrPKeL5t" type="application/x-shockwave-flash" width="808" height="454" allowscriptaccess="always" allowfullscreen="true" wmode="transparent"></embed></div>]]></wp:meta_value>
		</wp:postmeta>
							<wp:postmeta>
		<wp:meta_key><![CDATA[_oembed_366237792d32461d0052efb2edec37f5]]></wp:meta_key>
		<wp:meta_value><![CDATA[<div class="embed-"><embed src="http://v.wordpress.com/hrPKeL5t" type="application/x-shockwave-flash" width="584" height="328" allowscriptaccess="always" allowfullscreen="true" wmode="transparent"></embed></div>]]></wp:meta_value>
		</wp:postmeta>
							<wp:postmeta>
		<wp:meta_key><![CDATA[_oembed_37fdfe862c13c46a93be2921279bf675]]></wp:meta_key>
		<wp:meta_value><![CDATA[<div class="embed-"><embed src="http://v.wordpress.com/hrPKeL5t" type="application/x-shockwave-flash" width="599" height="336" allowscriptaccess="always" allowfullscreen="true" wmode="transparent"></embed></div>]]></wp:meta_value>
		</wp:postmeta>
							</item>
					<item>
		<title><![CDATA[Post Format: Audio]]></title>
		<link>http://localhost/sass-wp/post-format-audio/</link>
		<pubDate>Fri, 02 Jul 2010 15:36:44 +0000</pubDate>
		<dc:creator><![CDATA[webmaster]]></dc:creator>
		<guid isPermaLink="false">https://wpthemetestdata.wordpress.com/?p=587</guid>
		<description></description>
		<content:encoded><![CDATA[Link:

<a href="http://localhost/sass-wp/wp-content/uploads/2008/06/originaldixielandjazzbandwithalbernard-stlouisblues.mp3">St. Louis Blues</a>

Audio shortcode:

[audio http://localhost/sass-wp/wp-content/uploads/2008/06/originaldixielandjazzbandwithalbernard-stlouisblues.mp3]]]></content:encoded>
		<excerpt:encoded><![CDATA[]]></excerpt:encoded>
		<wp:post_id>19464</wp:post_id>
		<wp:post_date><![CDATA[2010-07-02 08:36:44]]></wp:post_date>
		<wp:post_date_gmt><![CDATA[2010-07-02 15:36:44]]></wp:post_date_gmt>
		<wp:post_modified><![CDATA[2010-07-02 08:36:44]]></wp:post_modified>
		<wp:post_modified_gmt><![CDATA[2010-07-02 15:36:44]]></wp:post_modified_gmt>
		<wp:comment_status><![CDATA[closed]]></wp:comment_status>
		<wp:ping_status><![CDATA[closed]]></wp:ping_status>
		<wp:post_name><![CDATA[post-format-audio]]></wp:post_name>
		<wp:status><![CDATA[publish]]></wp:status>
		<wp:post_parent>0</wp:post_parent>
		<wp:menu_order>0</wp:menu_order>
		<wp:post_type><![CDATA[post]]></wp:post_type>
		<wp:post_password><![CDATA[]]></wp:post_password>
		<wp:is_sticky>0</wp:is_sticky>
										<category domain="post_tag" nicename="audio"><![CDATA[audio]]></category>
		<category domain="post_format" nicename="post-format-audio"><![CDATA[Audio]]></category>
		<category domain="category" nicename="classic"><![CDATA[Classic]]></category>
		<category domain="category" nicename="post-formats"><![CDATA[Post Formats]]></category>
		<category domain="post_tag" nicename="post-formats"><![CDATA[Post Formats]]></category>
		<category domain="post_tag" nicename="shortcode"><![CDATA[shortcode]]></category>
						<wp:postmeta>
		<wp:meta_key><![CDATA[enclosure]]></wp:meta_key>
		<wp:meta_value><![CDATA[http://localhost/sass-wp/wp-content/uploads/2008/06/originaldixielandjazzbandwithalbernard-stlouisblues.mp3
3043247
audio/mpeg
]]></wp:meta_value>
		</wp:postmeta>
							</item>
					<item>
		<title><![CDATA[Eduardo  Alcaraz Navarro]]></title>
		<link>http://localhost/sass-wp/eduardo-alcaraz-navarro/</link>
		<pubDate>Thu, 06 Aug 2020 22:33:13 +0000</pubDate>
		<dc:creator><![CDATA[webmaster]]></dc:creator>
		<guid isPermaLink="false">https://valparaiso.com.mx/eduardo-alcaraz-navarro/</guid>
		<description></description>
		<content:encoded><![CDATA[<strong>Contacto Valparaiso<br></strong> <br><strong>puesto.- </strong> 56. <br><strong>sucursal.- </strong> Toluca Nezahualcoyotl. <br><strong>documento-1.- </strong> CURP. <br><strong>documento-3.- </strong> Numero de Seguridad Social. <br><strong>documento-4.- </strong> Copia de Comprobante de Domicilio. <br><strong>documento-7.- </strong> Cartas Laborales. <br><strong>Nombre.- </strong> Eduardo . <br><strong>ApellidoPaterno.- </strong> Alcaraz. <br><strong>ApellidoMaterno.- </strong> Navarro. <br><strong>CURP.- </strong> 454654646. <br><strong>NSS.- </strong> 5644984949. <br><strong>Direccion.- </strong> atlixco 100. <br><strong>Ciudad.- </strong> Mexico. <br><strong>Colonia.- </strong> 063000. <br><strong>CP.- </strong> 557667668. <br><strong>E-mail.- </strong> danielalmeida.mx@gmail.com. <br><strong>Celular.- </strong> 5576687668. <br><strong>TelÃ©fono.- </strong> 5576687668. <br><strong>Referencia1.- </strong> sfd. <br><strong>Referencia1empresa.- </strong> fsd. <br><strong>Referencia1telefono.- </strong> 5576687668. <br><strong>Referencia2.- </strong> sf. <br><strong>Referencia2empresa.- </strong> fds. <br><strong>Referencia2telefono.- </strong> 5576687668. <br><strong>Referencia3.- </strong> fds. <br><strong>Referencia3empresa.- </strong> fds. <br><strong>Referencia3telefono.- </strong> 5576687668. <br><strong>Â¿Sueldo mensual deseado?.- </strong> Sin informaciÃ³n. <br><strong>Nombre de la empresa del Ãºltimo empleo.- </strong> Sin informaciÃ³n. <br><strong>Periodo que prestÃ³ sus servicios.- </strong> Sin informaciÃ³n. <br><strong>Puesto desempeÃ±ado.- </strong> Sin informaciÃ³n. <br><strong>Actividades que realizo.- </strong> Actividades que realizo. <br><strong>Motivo de separaciÃ³n.- </strong> Motivo de separaciÃ³n. <br><strong>Explique sus enfermedas crÃ³nicas.- </strong> Explique sus enfermedas crÃ³nicas. <br>]]></content:encoded>
		<excerpt:encoded><![CDATA[]]></excerpt:encoded>
		<wp:post_id>125</wp:post_id>
		<wp:post_date><![CDATA[2020-08-06 22:33:13]]></wp:post_date>
		<wp:post_date_gmt><![CDATA[2020-08-06 22:33:13]]></wp:post_date_gmt>
		<wp:post_modified><![CDATA[2020-08-06 22:33:13]]></wp:post_modified>
		<wp:post_modified_gmt><![CDATA[2020-08-06 22:33:13]]></wp:post_modified_gmt>
		<wp:comment_status><![CDATA[open]]></wp:comment_status>
		<wp:ping_status><![CDATA[open]]></wp:ping_status>
		<wp:post_name><![CDATA[eduardo-alcaraz-navarro]]></wp:post_name>
		<wp:status><![CDATA[publish]]></wp:status>
		<wp:post_parent>0</wp:post_parent>
		<wp:menu_order>0</wp:menu_order>
		<wp:post_type><![CDATA[post]]></wp:post_type>
		<wp:post_password><![CDATA[]]></wp:post_password>
		<wp:is_sticky>0</wp:is_sticky>
										<category domain="category" nicename="en_revision"><![CDATA[En revisiÃ³n]]></category>
		<category domain="post_tag" nicename="promotores-de-venta"><![CDATA[Promotores de Venta]]></category>
						<wp:postmeta>
		<wp:meta_key><![CDATA[folio_global_meta]]></wp:meta_key>
		<wp:meta_value><![CDATA[2]]></wp:meta_value>
		</wp:postmeta>
							<wp:postmeta>
		<wp:meta_key><![CDATA[valpa_telefono_solcitante_meta]]></wp:meta_key>
		<wp:meta_value><![CDATA[]]></wp:meta_value>
		</wp:postmeta>
							<wp:postmeta>
		<wp:meta_key><![CDATA[valpa_celular_solcitante_meta]]></wp:meta_key>
		<wp:meta_value><![CDATA[]]></wp:meta_value>
		</wp:postmeta>
							<wp:postmeta>
		<wp:meta_key><![CDATA[valpa_mail_solcitante_meta]]></wp:meta_key>
		<wp:meta_value><![CDATA[]]></wp:meta_value>
		</wp:postmeta>
							<wp:postmeta>
		<wp:meta_key><![CDATA[valpa_alias_solcitante_meta]]></wp:meta_key>
		<wp:meta_value><![CDATA[Eduardo ]]></wp:meta_value>
		</wp:postmeta>
							<wp:postmeta>
		<wp:meta_key><![CDATA[puesto_relacionado_meta]]></wp:meta_key>
		<wp:meta_value><![CDATA[Promotores de Venta]]></wp:meta_value>
		</wp:postmeta>
							<wp:postmeta>
		<wp:meta_key><![CDATA[sucursal_relacionada_meta]]></wp:meta_key>
		<wp:meta_value><![CDATA[Toluca Nezahualcoyotl]]></wp:meta_value>
		</wp:postmeta>
							<wp:postmeta>
		<wp:meta_key><![CDATA[solicitud_codigo_meta]]></wp:meta_key>
		<wp:meta_value><![CDATA[6029de85a5]]></wp:meta_value>
		</wp:postmeta>
							</item>
					<item>
		<title><![CDATA[Romina  LÃ³pez GarcÃ­a]]></title>
		<link>http://localhost/sass-wp/romina-lopez-garcia/</link>
		<pubDate>Fri, 07 Aug 2020 17:47:15 +0000</pubDate>
		<dc:creator><![CDATA[webmaster]]></dc:creator>
		<guid isPermaLink="false">https://valparaiso.com.mx/romina-lopez-garcia/</guid>
		<description></description>
		<content:encoded><![CDATA[<strong>Contacto Valparaiso
</strong>
<strong>puesto.- </strong> 106.
<strong>sucursal.- </strong> Toluca Nezahualcoyotl.
<strong>Nombre.- </strong> Romina .
<strong>ApellidoPaterno.- </strong> LÃ³pez.
<strong>ApellidoMaterno.- </strong> GarcÃ­a.
<strong>CURP.- </strong> Gasl830616mmcrrr01.
<strong>NSS.- </strong> 169843762.
<strong>Direccion.- </strong> Paseo matlazincs .
<strong>Ciudad.- </strong> Toluca.
<strong>Colonia.- </strong> Sta barbaea .
<strong>CP.- </strong> 5092.
<strong>E-mail.- </strong> Lauraalicia.garcia@hotmail.com.
<strong>Celular.- </strong> 7227872875.
<strong>TelÃ©fono.- </strong> 7228872875.
<strong>Referencia1.- </strong> Guillermo diaz.
<strong>Referencia1empresa.- </strong> Gpo ssmano .
<strong>Referencia1telefono.- </strong> 7282841405.
<strong>Referencia2.- </strong> Cristuna RodrÃ­guez.
<strong>Referencia2empresa.- </strong> Despacho jurÃ­dico disfraz .
<strong>Referencia2telefono.- </strong> 7282841402.
<strong>Referencia3.- </strong> Tramisa logistics.
<strong>Referencia3empresa.- </strong> Tramisa logistics.
<strong>Referencia3telefono.- </strong> 018002020847.
<strong>Â¿Vives en Toluca?.- </strong> si.
<strong>Â¿Has trabajado en Funeraria?.- </strong> No.
<strong>Â¿Conoces el ramo funerario?.- </strong> no.
<strong>Â¿Sueldo mensual deseado?.- </strong> 12000.
<strong>Estado civil.- </strong> Soltero.
<strong>Escolaridad.- </strong> Licenciatura o Ingenieria.
<strong>Â¿Tienes experiencia en la vacante?.- </strong> Si.
<strong>Nombre de la empresa del Ãºltimo empleo.- </strong> Despacho. Juridico.
<strong>Periodo que prestÃ³ sus servicios.- </strong> 2020 _2017.
<strong>Puesto desempeÃ±ado.- </strong> AdministraciÃ³n.
<strong>Actividades que realizo.- </strong> Actividades que rebsjdndbdhdh
Hdhdjfbrj
Hfjfjfjfjf
alizo.
<strong>Motivo de separaciÃ³n.- </strong> Motivo de separ personalesaciÃ³n.
<strong>Explique sus enfermedas crÃ³nicas.- </strong> Explique sus enfermedas.
<strong>Â¿Puede viajar?.- </strong> pregunta-Si.
<strong>Â¿Esta dispuesto a cambiar de Residencia?.- </strong> No.]]></content:encoded>
		<excerpt:encoded><![CDATA[]]></excerpt:encoded>
		<wp:post_id>127</wp:post_id>
		<wp:post_date><![CDATA[2020-08-07 17:47:15]]></wp:post_date>
		<wp:post_date_gmt><![CDATA[2020-08-07 17:47:15]]></wp:post_date_gmt>
		<wp:post_modified><![CDATA[2020-08-07 17:47:15]]></wp:post_modified>
		<wp:post_modified_gmt><![CDATA[2020-08-07 17:47:15]]></wp:post_modified_gmt>
		<wp:comment_status><![CDATA[open]]></wp:comment_status>
		<wp:ping_status><![CDATA[open]]></wp:ping_status>
		<wp:post_name><![CDATA[romina-lopez-garcia]]></wp:post_name>
		<wp:status><![CDATA[publish]]></wp:status>
		<wp:post_parent>0</wp:post_parent>
		<wp:menu_order>0</wp:menu_order>
		<wp:post_type><![CDATA[post]]></wp:post_type>
		<wp:post_password><![CDATA[]]></wp:post_password>
		<wp:is_sticky>0</wp:is_sticky>
										<category domain="post_tag" nicename="chofer-vendedor"><![CDATA[Chofer-Vendedor]]></category>
		<category domain="category" nicename="en_revision"><![CDATA[En revisiÃ³n]]></category>
						<wp:postmeta>
		<wp:meta_key><![CDATA[folio_global_meta]]></wp:meta_key>
		<wp:meta_value><![CDATA[3]]></wp:meta_value>
		</wp:postmeta>
							<wp:postmeta>
		<wp:meta_key><![CDATA[valpa_telefono_solcitante_meta]]></wp:meta_key>
		<wp:meta_value><![CDATA[]]></wp:meta_value>
		</wp:postmeta>
							<wp:postmeta>
		<wp:meta_key><![CDATA[valpa_celular_solcitante_meta]]></wp:meta_key>
		<wp:meta_value><![CDATA[]]></wp:meta_value>
		</wp:postmeta>
							<wp:postmeta>
		<wp:meta_key><![CDATA[valpa_mail_solcitante_meta]]></wp:meta_key>
		<wp:meta_value><![CDATA[]]></wp:meta_value>
		</wp:postmeta>
							<wp:postmeta>
		<wp:meta_key><![CDATA[valpa_alias_solcitante_meta]]></wp:meta_key>
		<wp:meta_value><![CDATA[Romina ]]></wp:meta_value>
		</wp:postmeta>
							<wp:postmeta>
		<wp:meta_key><![CDATA[puesto_relacionado_meta]]></wp:meta_key>
		<wp:meta_value><![CDATA[Chofer-Vendedor]]></wp:meta_value>
		</wp:postmeta>
							<wp:postmeta>
		<wp:meta_key><![CDATA[sucursal_relacionada_meta]]></wp:meta_key>
		<wp:meta_value><![CDATA[Toluca Nezahualcoyotl]]></wp:meta_value>
		</wp:postmeta>
							<wp:postmeta>
		<wp:meta_key><![CDATA[solicitud_codigo_meta]]></wp:meta_key>
		<wp:meta_value><![CDATA[06a47def70]]></wp:meta_value>
		</wp:postmeta>
							<wp:postmeta>
		<wp:meta_key><![CDATA[_edit_last]]></wp:meta_key>
		<wp:meta_value><![CDATA[1]]></wp:meta_value>
		</wp:postmeta>
							<wp:postmeta>
		<wp:meta_key><![CDATA[_start_month]]></wp:meta_key>
		<wp:meta_value><![CDATA[08]]></wp:meta_value>
		</wp:postmeta>
							<wp:postmeta>
		<wp:meta_key><![CDATA[_start_day]]></wp:meta_key>
		<wp:meta_value><![CDATA[07]]></wp:meta_value>
		</wp:postmeta>
							<wp:postmeta>
		<wp:meta_key><![CDATA[_start_hour]]></wp:meta_key>
		<wp:meta_value><![CDATA[21]]></wp:meta_value>
		</wp:postmeta>
							<wp:postmeta>
		<wp:meta_key><![CDATA[_start_year]]></wp:meta_key>
		<wp:meta_value><![CDATA[2020]]></wp:meta_value>
		</wp:postmeta>
							<wp:postmeta>
		<wp:meta_key><![CDATA[_start_minute]]></wp:meta_key>
		<wp:meta_value><![CDATA[00]]></wp:meta_value>
		</wp:postmeta>
							<wp:postmeta>
		<wp:meta_key><![CDATA[_start_eventtimestamp]]></wp:meta_key>
		<wp:meta_value><![CDATA[202008072100]]></wp:meta_value>
		</wp:postmeta>
							<wp:postmeta>
		<wp:meta_key><![CDATA[valpa_telefono_solicitante_meta]]></wp:meta_key>
		<wp:meta_value><![CDATA[7228872875]]></wp:meta_value>
		</wp:postmeta>
							<wp:postmeta>
		<wp:meta_key><![CDATA[valpa_celular_solicitante_meta]]></wp:meta_key>
		<wp:meta_value><![CDATA[7228872875]]></wp:meta_value>
		</wp:postmeta>
							<wp:postmeta>
		<wp:meta_key><![CDATA[valpa_alias_solicitante_meta]]></wp:meta_key>
		<wp:meta_value><![CDATA[Romina]]></wp:meta_value>
		</wp:postmeta>
							<wp:postmeta>
		<wp:meta_key><![CDATA[valpa_mail_solicitante_meta]]></wp:meta_key>
		<wp:meta_value><![CDATA[lauraalicia.garcia@hotmail.com]]></wp:meta_value>
		</wp:postmeta>
							</item>
					<item>
		<title><![CDATA[Template: Featured Image (Vertical)]]></title>
		<link>http://localhost/sass-wp/template-featured-image-vertical/</link>
		<pubDate>Thu, 15 Mar 2012 22:36:32 +0000</pubDate>
		<dc:creator><![CDATA[webmaster]]></dc:creator>
		<guid isPermaLink="false">http://wptest.io/demo/?p=1016</guid>
		<description></description>
		<content:encoded><![CDATA[This post should display a <a title="Featured Images" href="https://en.support.wordpress.com/featured-images/#setting-a-featured-image" target="_blank" rel="noopener">featured image</a>, if the theme <a title="Post Thumbnails" href="https://codex.wordpress.org/Post_Thumbnails" target="_blank" rel="noopener">supports it</a>.

Non-square images can provide some unique styling issues.

This post tests a vertical featured image.]]></content:encoded>
		<excerpt:encoded><![CDATA[]]></excerpt:encoded>
		<wp:post_id>1016</wp:post_id>
		<wp:post_date><![CDATA[2012-03-15 15:36:32]]></wp:post_date>
		<wp:post_date_gmt><![CDATA[2012-03-15 22:36:32]]></wp:post_date_gmt>
		<wp:post_modified><![CDATA[2012-03-15 15:36:32]]></wp:post_modified>
		<wp:post_modified_gmt><![CDATA[2012-03-15 22:36:32]]></wp:post_modified_gmt>
		<wp:comment_status><![CDATA[closed]]></wp:comment_status>
		<wp:ping_status><![CDATA[closed]]></wp:ping_status>
		<wp:post_name><![CDATA[template-featured-image-vertical]]></wp:post_name>
		<wp:status><![CDATA[publish]]></wp:status>
		<wp:post_parent>0</wp:post_parent>
		<wp:menu_order>0</wp:menu_order>
		<wp:post_type><![CDATA[post]]></wp:post_type>
		<wp:post_password><![CDATA[]]></wp:post_password>
		<wp:is_sticky>0</wp:is_sticky>
										<category domain="category" nicename="classic"><![CDATA[Classic]]></category>
		<category domain="post_tag" nicename="codex"><![CDATA[Codex]]></category>
		<category domain="post_tag" nicename="edge-case"><![CDATA[edge case]]></category>
		<category domain="post_tag" nicename="featured-image"><![CDATA[featured image]]></category>
		<category domain="post_tag" nicename="image"><![CDATA[image]]></category>
		<category domain="category" nicename="template-2"><![CDATA[Template]]></category>
		<category domain="post_tag" nicename="template"><![CDATA[template]]></category>
		<category domain="category" nicename="uncategorized"><![CDATA[Uncategorized]]></category>
						<wp:postmeta>
		<wp:meta_key><![CDATA[_thumbnail_id]]></wp:meta_key>
		<wp:meta_value><![CDATA[1027]]></wp:meta_value>
		</wp:postmeta>
							</item>
					<item>
		<title><![CDATA[Markup: Title <em>With</em> <b>Mark<sup>up</sup></b>]]></title>
		<link>http://localhost/sass-wp/markup-title-with-markup/</link>
		<pubDate>Sat, 05 Jan 2013 17:00:49 +0000</pubDate>
		<dc:creator><![CDATA[webmaster]]></dc:creator>
		<guid isPermaLink="false">http://wptest.io/demo/?p=861</guid>
		<description></description>
		<content:encoded><![CDATA[Verify that:
<ul>
	<li>The post title renders the word "with" in <em>italics</em> and the word "markup" in <strong>bold</strong> (and "up" is <sup>super</sup>script).</li>
	<li><strong>The post title markup should be removed from the browser window / tab.</strong></li>
</ul>]]></content:encoded>
		<excerpt:encoded><![CDATA[]]></excerpt:encoded>
		<wp:post_id>1173</wp:post_id>
		<wp:post_date><![CDATA[2013-01-05 10:00:49]]></wp:post_date>
		<wp:post_date_gmt><![CDATA[2013-01-05 17:00:49]]></wp:post_date_gmt>
		<wp:post_modified><![CDATA[2013-01-05 10:00:49]]></wp:post_modified>
		<wp:post_modified_gmt><![CDATA[2013-01-05 17:00:49]]></wp:post_modified_gmt>
		<wp:comment_status><![CDATA[closed]]></wp:comment_status>
		<wp:ping_status><![CDATA[closed]]></wp:ping_status>
		<wp:post_name><![CDATA[markup-title-with-markup]]></wp:post_name>
		<wp:status><![CDATA[publish]]></wp:status>
		<wp:post_parent>0</wp:post_parent>
		<wp:menu_order>0</wp:menu_order>
		<wp:post_type><![CDATA[post]]></wp:post_type>
		<wp:post_password><![CDATA[]]></wp:post_password>
		<wp:is_sticky>0</wp:is_sticky>
										<category domain="category" nicename="classic"><![CDATA[Classic]]></category>
		<category domain="post_tag" nicename="css"><![CDATA[css]]></category>
		<category domain="post_tag" nicename="html"><![CDATA[html]]></category>
		<category domain="category" nicename="markup"><![CDATA[Markup]]></category>
		<category domain="post_tag" nicename="title"><![CDATA[title]]></category>
						</item>
					<item>
		<title><![CDATA[Markup: Title With Special Characters ~`!@#$%^&*()-_=+{}[]/\;:'"?,.>]]></title>
		<link>http://localhost/sass-wp/title-with-special-characters/</link>
		<pubDate>Sat, 05 Jan 2013 18:00:20 +0000</pubDate>
		<dc:creator><![CDATA[webmaster]]></dc:creator>
		<guid isPermaLink="false">http://wptest.io/demo/?p=867</guid>
		<description></description>
		<content:encoded><![CDATA[Putting special characters in the title should have no adverse effect on the layout or functionality.

Special characters in the post title have been known to cause issues with JavaScript when it is minified, especially in the admin when editing the post itself (ie. issues with metaboxes, media upload, etc.).
<h2>Latin Character Tests</h2>
This is a test to see if the fonts used in this theme support basic Latin characters.
<table>
<tbody>
<tr>
<td>!</td>
<td>"</td>
<td>#</td>
<td>$</td>
<td>%</td>
<td>&amp;</td>
<td>'</td>
<td>(</td>
<td>)</td>
<td>*</td>
</tr>
<tr>
<td>+</td>
<td>,</td>
<td>-</td>
<td>.</td>
<td>/</td>
<td>0</td>
<td>1</td>
<td>2</td>
<td>3</td>
<td>4</td>
</tr>
<tr>
<td>5</td>
<td>6</td>
<td>7</td>
<td>8</td>
<td>9</td>
<td>:</td>
<td>;</td>
<td>&gt;</td>
<td>=</td>
<td>&lt;</td>
</tr>
<tr>
<td>?</td>
<td>@</td>
<td>A</td>
<td>B</td>
<td>C</td>
<td>D</td>
<td>E</td>
<td>F</td>
<td>G</td>
<td>H</td>
</tr>
<tr>
<td>I</td>
<td>J</td>
<td>K</td>
<td>L</td>
<td>M</td>
<td>N</td>
<td>O</td>
<td>P</td>
<td>Q</td>
<td>R</td>
</tr>
<tr>
<td>S</td>
<td>T</td>
<td>U</td>
<td>V</td>
<td>W</td>
<td>X</td>
<td>Y</td>
<td>Z</td>
<td>[</td>
<td>\</td>
</tr>
<tr>
<td>]</td>
<td>^</td>
<td>_</td>
<td>`</td>
<td>a</td>
<td>b</td>
<td>c</td>
<td>d</td>
<td>e</td>
<td>f</td>
</tr>
<tr>
<td>g</td>
<td>h</td>
<td>i</td>
<td>j</td>
<td>k</td>
<td>l</td>
<td>m</td>
<td>n</td>
<td>o</td>
<td>p</td>
</tr>
<tr>
<td>q</td>
<td>r</td>
<td>s</td>
<td>t</td>
<td>u</td>
<td>v</td>
<td>w</td>
<td>x</td>
<td>y</td>
<td>z</td>
</tr>
<tr>
<td>{</td>
<td>|</td>
<td>}</td>
<td>~</td>
<td></td>
<td></td>
<td></td>
<td></td>
<td></td>
<td></td>
</tr>
</tbody>
</table>]]></content:encoded>
		<excerpt:encoded><![CDATA[]]></excerpt:encoded>
		<wp:post_id>1174</wp:post_id>
		<wp:post_date><![CDATA[2013-01-05 11:00:20]]></wp:post_date>
		<wp:post_date_gmt><![CDATA[2013-01-05 18:00:20]]></wp:post_date_gmt>
		<wp:post_modified><![CDATA[2013-01-05 11:00:20]]></wp:post_modified>
		<wp:post_modified_gmt><![CDATA[2013-01-05 18:00:20]]></wp:post_modified_gmt>
		<wp:comment_status><![CDATA[closed]]></wp:comment_status>
		<wp:ping_status><![CDATA[closed]]></wp:ping_status>
		<wp:post_name><![CDATA[title-with-special-characters]]></wp:post_name>
		<wp:status><![CDATA[publish]]></wp:status>
		<wp:post_parent>0</wp:post_parent>
		<wp:menu_order>0</wp:menu_order>
		<wp:post_type><![CDATA[post]]></wp:post_type>
		<wp:post_password><![CDATA[]]></wp:post_password>
		<wp:is_sticky>0</wp:is_sticky>
										<category domain="category" nicename="classic"><![CDATA[Classic]]></category>
		<category domain="post_tag" nicename="html"><![CDATA[html]]></category>
		<category domain="category" nicename="markup"><![CDATA[Markup]]></category>
		<category domain="post_tag" nicename="markup-2"><![CDATA[markup]]></category>
		<category domain="post_tag" nicename="post"><![CDATA[post]]></category>
		<category domain="post_tag" nicename="title"><![CDATA[title]]></category>
						</item>
					<item>
		<title><![CDATA[Markup: Text Alignment]]></title>
		<link>http://localhost/sass-wp/markup-text-alignment/</link>
		<pubDate>Wed, 09 Jan 2013 16:00:39 +0000</pubDate>
		<dc:creator><![CDATA[webmaster]]></dc:creator>
		<guid isPermaLink="false">http://wptest.io/demo/?p=895</guid>
		<description></description>
		<content:encoded><![CDATA[<h3>Default</h3>
This is a paragraph. It should not have any alignment of any kind. It should just flow like you would normally expect. Nothing fancy. Just straight up text, free flowing, with love. Completely neutral and not picking a side or sitting on the fence. It just is. It just freaking is. It likes where it is. It does not feel compelled to pick a side. Leave him be. It will just be better that way. Trust me.
<h3>Left Align</h3>
<p style="text-align:left;">This is a paragraph. It is left aligned. Because of this, it is a bit more liberal in it's views. It's favorite color is green. Left align tends to be more eco-friendly, but it provides no concrete evidence that it really is. Even though it likes share the wealth evenly, it leaves the equal distribution up to justified alignment.</p>

<h3>Center Align</h3>
<p style="text-align:center;">This is a paragraph. It is center aligned. Center is, but nature, a fence sitter. A flip flopper. It has a difficult time making up its mind. It wants to pick a side. Really, it does. It has the best intentions, but it tends to complicate matters more than help. The best you can do is try to win it over and hope for the best. I hear center align does take bribes.</p>

<h3>Right Align</h3>
<p style="text-align:right;">This is a paragraph. It is right aligned. It is a bit more conservative in it's views. It's prefers to not be told what to do or how to do it. Right align totally owns a slew of guns and loves to head to the range for some practice. Which is cool and all. I mean, it's a pretty good shot from at least four or five football fields away. Dead on. So boss.</p>

<h3>Justify Align</h3>
<p style="text-align:justify;">This is a paragraph. It is justify aligned. It gets really mad when people associate it with Justin Timberlake. Typically, justified is pretty straight laced. It likes everything to be in it's place and not all cattywampus like the rest of the aligns. I am not saying that makes it better than the rest of the aligns, but it does tend to put off more of an elitist attitude.</p>]]></content:encoded>
		<excerpt:encoded><![CDATA[]]></excerpt:encoded>
		<wp:post_id>1176</wp:post_id>
		<wp:post_date><![CDATA[2013-01-09 09:00:39]]></wp:post_date>
		<wp:post_date_gmt><![CDATA[2013-01-09 16:00:39]]></wp:post_date_gmt>
		<wp:post_modified><![CDATA[2013-01-09 09:00:39]]></wp:post_modified>
		<wp:post_modified_gmt><![CDATA[2013-01-09 16:00:39]]></wp:post_modified_gmt>
		<wp:comment_status><![CDATA[closed]]></wp:comment_status>
		<wp:ping_status><![CDATA[closed]]></wp:ping_status>
		<wp:post_name><![CDATA[markup-text-alignment]]></wp:post_name>
		<wp:status><![CDATA[publish]]></wp:status>
		<wp:post_parent>0</wp:post_parent>
		<wp:menu_order>0</wp:menu_order>
		<wp:post_type><![CDATA[post]]></wp:post_type>
		<wp:post_password><![CDATA[]]></wp:post_password>
		<wp:is_sticky>0</wp:is_sticky>
										<category domain="post_tag" nicename="alignment-2"><![CDATA[alignment]]></category>
		<category domain="category" nicename="classic"><![CDATA[Classic]]></category>
		<category domain="post_tag" nicename="content-2"><![CDATA[content ÏÎµÏÎ¹ÎµÏÏÎ¼ÎµÎ½Î¿]]></category>
		<category domain="post_tag" nicename="css"><![CDATA[css]]></category>
		<category domain="category" nicename="markup"><![CDATA[Markup]]></category>
		<category domain="post_tag" nicename="markup-2"><![CDATA[markup]]></category>
						</item>
					<item>
		<title><![CDATA[Markup: Image Alignment]]></title>
		<link>http://localhost/sass-wp/markup-image-alignment/</link>
		<pubDate>Fri, 11 Jan 2013 03:15:40 +0000</pubDate>
		<dc:creator><![CDATA[webmaster]]></dc:creator>
		<guid isPermaLink="false">http://wptest.io/demo/?p=903</guid>
		<description></description>
		<content:encoded><![CDATA[Welcome to image alignment! The best way to demonstrate the ebb and flow of the various image positioning options is to nestle them snuggly among an ocean of words. Grab a paddle and let's get started.

On the topic of alignment, it should be noted that users can choose from the options of <em>None</em>, <em>Left</em>, <em>Right, </em>and <em>Center</em>. In addition, they also get the options of <em>Thumbnail</em>, <em>Medium</em>, <em>Large</em> &amp; <em>Fullsize</em>. Be sure to try this page in RTL mode and it should look the same as LTR. 
<p><img class="size-full wp-image-906 aligncenter" title="Image Alignment 580x300" alt="Image Alignment 580x300" src="http://localhost/sass-wp/wp-content/uploads/2013/03/image-alignment-580x300-1.jpg" width="580" height="300" /></p>
The image above happens to be <em><strong>centered</strong></em>.

<img class="size-full wp-image-904 alignleft" title="Image Alignment 150x150" alt="Image Alignment 150x150" src="http://localhost/sass-wp/wp-content/uploads/2013/03/image-alignment-150x150-1.jpg" width="150" height="150" /> The rest of this paragraph is filler for the sake of seeing the text wrap around the 150x150 image, which is <em><strong>left aligned</strong></em>. 

As you can see the should be some space above, below, and to the right of the image. The text should not be creeping on the image. Creeping is just not right. Images need breathing room too. Let them speak like you words. Let them do their jobs without any hassle from the text. In about one more sentence here, we'll see that the text moves from the right of the image down below the image in seamless transition. Again, letting the do it's thang. Mission accomplished!

And now for a <em><strong>massively large image</strong></em>. It also has <em><strong>no alignment</strong></em>.

<img class="alignnone  wp-image-907" title="Image Alignment 1200x400" alt="Image Alignment 1200x400" src="http://localhost/sass-wp/wp-content/uploads/2013/03/image-alignment-1200x4002-1.jpg" width="1200" height="400" />

The image above, though 1200px wide, should not overflow the content area. It should remain contained with no visible disruption to the flow of content.

<img class="aligncenter  wp-image-907" title="Image Alignment 1200x400" alt="Image Alignment 1200x400" src="http://localhost/sass-wp/wp-content/uploads/2013/03/image-alignment-1200x4002-1.jpg" width="1200" height="400" />

And we try the large image again, with the center alignment since that sometimes is a problem. The image above, though 1200px wide, should not overflow the content area. It should remain contained with no visible disruption to the flow of content.

<img class="size-full wp-image-905 alignright" title="Image Alignment 300x200" alt="Image Alignment 300x200" src="http://localhost/sass-wp/wp-content/uploads/2013/03/image-alignment-300x200-1.jpg" width="300" height="200" />

And now we're going to shift things to the <em><strong>right align</strong></em>. Again, there should be plenty of room above, below, and to the left of the image. Just look at him there... Hey guy! Way to rock that right side. I don't care what the left aligned image says, you look great. Don't let anyone else tell you differently.

In just a bit here, you should see the text start to wrap below the right aligned image and settle in nicely. There should still be plenty of room and everything should be sitting pretty. Yeah... Just like that. It never felt so good to be right.

And just when you thought we were done, we're going to do them all over again with captions!

[caption id="attachment_906" align="aligncenter" width="580"]<img class="size-full wp-image-906  " title="Image Alignment 580x300" alt="Image Alignment 580x300" src="http://localhost/sass-wp/wp-content/uploads/2013/03/image-alignment-580x300-1.jpg" width="580" height="300" /> Look at 580x300 getting some <a title="Image Settings" href="https://en.support.wordpress.com/images/image-settings/">caption</a> love.[/caption]

The image above happens to be <em><strong>centered</strong></em>. The caption also has a link in it, just to see if it does anything funky.

[caption id="attachment_904" align="alignleft" width="150"]<img class="size-full wp-image-904  " title="Image Alignment 150x150" alt="Image Alignment 150x150" src="http://localhost/sass-wp/wp-content/uploads/2013/03/image-alignment-150x150-1.jpg" width="150" height="150" /> Bigger caption than the image usually is.[/caption]

The rest of this paragraph is filler for the sake of seeing the text wrap around the 150x150 image, which is <em><strong>left aligned</strong></em>. 

As you can see the should be some space above, below, and to the right of the image. The text should not be creeping on the image. Creeping is just not right. Images need breathing room too. Let them speak like you words. Let them do their jobs without any hassle from the text. In about one more sentence here, we'll see that the text moves from the right of the image down below the image in seamless transition. Again, letting the do it's thang. Mission accomplished!

And now for a <em><strong>massively large image</strong></em>. It also has <em><strong>no alignment</strong></em>.

[caption id="attachment_907" align="alignnone" width="1200"]<img class=" wp-image-907" title="Image Alignment 1200x400" alt="Image Alignment 1200x400" src="http://localhost/sass-wp/wp-content/uploads/2013/03/image-alignment-1200x4002-1.jpg" width="1200" height="400" /> Comment for massive image for your eyeballs.[/caption]

The image above, though 1200px wide, should not overflow the content area. It should remain contained with no visible disruption to the flow of content.
[caption id="attachment_907" align="aligncenter" width="1200"]<img class=" wp-image-907" title="Image Alignment 1200x400" alt="Image Alignment 1200x400" src="http://localhost/sass-wp/wp-content/uploads/2013/03/image-alignment-1200x4002-1.jpg" width="1200" height="400" /> This massive image is centered.[/caption]

And again with the big image centered. The image above, though 1200px wide, should not overflow the content area. It should remain contained with no visible disruption to the flow of content.

[caption id="attachment_905" align="alignright" width="300"]<img class="size-full wp-image-905 " title="Image Alignment 300x200" alt="Image Alignment 300x200" src="http://localhost/sass-wp/wp-content/uploads/2013/03/image-alignment-300x200-1.jpg" width="300" height="200" /> Feels good to be right all the time.[/caption]

And now we're going to shift things to the <em><strong>right align</strong></em>. Again, there should be plenty of room above, below, and to the left of the image. Just look at him there... Hey guy! Way to rock that right side. I don't care what the left aligned image says, you look great. Don't let anyone else tell you differently.

In just a bit here, you should see the text start to wrap below the right aligned image and settle in nicely. There should still be plenty of room and everything should be sitting pretty. Yeah... Just like that. It never felt so good to be right.

And that's a wrap, yo! You survived the tumultuous waters of alignment. Image alignment achievement unlocked! One last thing: The last item in this post's content is a thumbnail floated right. Make sure any elements after the content are clearing properly.

<img class="alignright size-thumbnail wp-image-827" title="Camera" src="http://localhost/sass-wp/wp-content/uploads/2010/08/manhattansummer.jpg" alt="" width="160" />]]></content:encoded>
		<excerpt:encoded><![CDATA[]]></excerpt:encoded>
		<wp:post_id>1177</wp:post_id>
		<wp:post_date><![CDATA[2013-01-10 20:15:40]]></wp:post_date>
		<wp:post_date_gmt><![CDATA[2013-01-11 03:15:40]]></wp:post_date_gmt>
		<wp:post_modified><![CDATA[2013-01-10 20:15:40]]></wp:post_modified>
		<wp:post_modified_gmt><![CDATA[2013-01-11 03:15:40]]></wp:post_modified_gmt>
		<wp:comment_status><![CDATA[closed]]></wp:comment_status>
		<wp:ping_status><![CDATA[closed]]></wp:ping_status>
		<wp:post_name><![CDATA[markup-image-alignment]]></wp:post_name>
		<wp:status><![CDATA[publish]]></wp:status>
		<wp:post_parent>0</wp:post_parent>
		<wp:menu_order>0</wp:menu_order>
		<wp:post_type><![CDATA[post]]></wp:post_type>
		<wp:post_password><![CDATA[]]></wp:post_password>
		<wp:is_sticky>0</wp:is_sticky>
										<category domain="post_tag" nicename="alignment-2"><![CDATA[alignment]]></category>
		<category domain="post_tag" nicename="captions-2"><![CDATA[captions]]></category>
		<category domain="category" nicename="classic"><![CDATA[Classic]]></category>
		<category domain="post_tag" nicename="content-2"><![CDATA[content ÏÎµÏÎ¹ÎµÏÏÎ¼ÎµÎ½Î¿]]></category>
		<category domain="post_tag" nicename="css"><![CDATA[css]]></category>
		<category domain="post_tag" nicename="image"><![CDATA[image]]></category>
		<category domain="category" nicename="markup"><![CDATA[Markup]]></category>
		<category domain="post_tag" nicename="markup-2"><![CDATA[markup]]></category>
						<wp:postmeta>
		<wp:meta_key><![CDATA[_thumbnail_id]]></wp:meta_key>
		<wp:meta_value><![CDATA[1023]]></wp:meta_value>
		</wp:postmeta>
							</item>
					<item>
		<title><![CDATA[Markup: HTML Tags and Formatting]]></title>
		<link>http://localhost/sass-wp/markup-html-tags-and-formatting/</link>
		<pubDate>Sat, 12 Jan 2013 03:22:19 +0000</pubDate>
		<dc:creator><![CDATA[webmaster]]></dc:creator>
		<guid isPermaLink="false">http://wptest.io/demo/?p=919</guid>
		<description></description>
		<content:encoded><![CDATA[<strong>Headings</strong>
<h1>Header one</h1>
<h2>Header two</h2>
<h3>Header three</h3>
<h4>Header four</h4>
<h5>Header five</h5>
<h6>Header six</h6>
<h2>Blockquotes</h2>
Single line blockquote:
<blockquote>Stay hungry. Stay foolish.</blockquote>
Multi line blockquote with a cite reference:
<blockquote cite="https://developer.mozilla.org/en-US/docs/Web/HTML/Element/blockquote"><p>The <strong>HTML <code>&lt;blockquote&gt;</code> Element</strong> (or <em>HTML Block Quotation Element</em>) indicates that the enclosed text is an extended quotation. Usually, this is rendered visually by indentation (see <a href="https://developer.mozilla.org/en-US/docs/HTML/Element/blockquote#Notes">Notes</a> for how to change it). A URL for the source of the quotation may be given using the <strong>cite</strong> attribute, while a text representation of the source can be given using the <a href="https://developer.mozilla.org/en-US/docs/Web/HTML/Element/cite" title="The HTML Citation Element &lt;cite&gt; represents a reference to a creative work. It must include the title of a work or a URL reference, which may be in an abbreviated form according to the conventions used for the addition of citation metadata."><code>&lt;cite&gt;</code></a> element.</p></blockquote>
<cite>multiple contributors</cite> - MDN HTML element reference - blockquote
<h2>Tables</h2>
<table>
<thead>
<tr>
<th>Employee</th>
<th>Salary</th>
<th></th>
</tr>
</thead>
<tbody>
<tr>
<th><a href="http://example.org/">John Doe</a></th>
<td>$1</td>
<td>Because that's all Steve Jobs needed for a salary.</td>
</tr>
<tr>
<th><a href="http://example.org/">Jane Doe</a></th>
<td>$100K</td>
<td>For all the blogging she does.</td>
</tr>
<tr>
<th><a href="http://example.org/">Fred Bloggs</a></th>
<td>$100M</td>
<td>Pictures are worth a thousand words, right? So Jane x 1,000.</td>
</tr>
<tr>
<th><a href="http://example.org/">Jane Bloggs</a></th>
<td>$100B</td>
<td>With hair like that?! Enough said...</td>
</tr>
</tbody>
</table>
<h2>Definition Lists</h2>
<dl><dt>Definition List Title</dt><dd>Definition list division.</dd><dt>Startup</dt><dd>A startup company or startup is a company or temporary organization designed to search for a repeatable and scalable business model.</dd><dt>#dowork</dt><dd>Coined by Rob Dyrdek and his personal body guard Christopher "Big Black" Boykins, "Do Work" works as a self motivator, to motivating your friends.</dd><dt>Do It Live</dt><dd>I'll let Bill O'Reilly will <a title="We'll Do It Live" href="https://www.youtube.com/watch?v=O_HyZ5aW76c">explain</a> this one.</dd></dl>
<h2>Unordered Lists (Nested)</h2>
<ul>
	<li>List item one
<ul>
	<li>List item one
<ul>
	<li>List item one</li>
	<li>List item two</li>
	<li>List item three</li>
	<li>List item four</li>
</ul>
</li>
	<li>List item two</li>
	<li>List item three</li>
	<li>List item four</li>
</ul>
</li>
	<li>List item two</li>
	<li>List item three</li>
	<li>List item four</li>
</ul>
<h2>Ordered List (Nested)</h2>
<ol start="8">
 	<li>List item one -start at 8
<ol>
 	<li>List item one
<ol reversed="reversed">
 	<li>List item one -reversed attribute</li>
	<li>List item two</li>
	<li>List item three</li>
	<li>List item four</li>
</ol>
</li>
	<li>List item two</li>
	<li>List item three</li>
	<li>List item four</li>
</ol>
</li>
	<li>List item two</li>
	<li>List item three</li>
	<li>List item four</li>
</ol>
<h2>HTML Tags</h2>
These supported tags come from the WordPress.com code <a title="Code" href="https://en.support.wordpress.com/code/">FAQ</a>.

<strong>Address Tag</strong>

<address>1 Infinite Loop
Cupertino, CA 95014
United States</address><strong>Anchor Tag (aka. Link)</strong>

This is an example of a <a title="WordPress Foundation" href="https://wordpressfoundation.org/">link</a>.

<strong>Abbreviation Tag</strong>

The abbreviation <abbr title="Seriously">srsly</abbr> stands for "seriously".

<strong>Acronym Tag (<em>deprecated in HTML5</em>)</strong>

The acronym <acronym title="For The Win">ftw</acronym> stands for "for the win".

<strong>Big Tag</strong> (<em>deprecated in HTML5</em>)

These tests are a <big>big</big> deal, but this tag is no longer supported in HTML5.

<strong>Cite Tag</strong>

"Code is poetry." --<cite>Automattic</cite>

<strong>Code Tag</strong>

This tag styles blocks of code.
<code>.post-title {
	margin: 0 0 5px;
	font-weight: bold;
	font-size: 38px;
	line-height: 1.2;
	and here's a line of some really, really, really, really long text, just to see how it is handled and to find out how it overflows;
}</code>
You will learn later on in these tests that <code>word-wrap: break-word;</code> will be your best friend.

<strong>Delete Tag</strong>

This tag will let you <del cite="deleted it">strike out text</del>, but this tag is <em>recommended</em> supported in HTML5 (use the <code>&lt;s&gt;</code> instead).

<strong>Emphasize Tag</strong>

The emphasize tag should <em>italicize</em> <i>text</i>.

<strong>Horizontal Rule Tag</strong>

<hr />

This sentence is following a <code>&lt;hr /&gt;</code> tag.

<strong>Insert Tag</strong>

This tag should denote <ins cite="inserted it">inserted</ins> text.

<strong>Keyboard Tag</strong>

This scarcely known tag emulates <kbd>keyboard text</kbd>, which is usually styled like the <code>&lt;code&gt;</code> tag.

<strong>Preformatted Tag</strong>

This tag is for preserving whitespace as typed, such as in poetry or ASCII art.
<h2>The Road Not Taken</h2>
<pre>
<cite>Robert Frost</cite>


  Two roads diverged in a yellow wood,
  And sorry I could not travel both          (\_/)
  And be one traveler, long I stood         (='.'=)
  And looked down one as far as I could     (")_(")
  To where it bent in the undergrowth;

  Then took the other, as just as fair,
  And having perhaps the better claim,          |\_/|
  Because it was grassy and wanted wear;       / @ @ \
  Though as for that the passing there        ( &gt; Âº &lt; )
  Had worn them really about the same,         `&gt;&gt;x&lt;&lt;Â´
                                               /  O  \
  And both that morning equally lay
  In leaves no step had trodden black.
  Oh, I kept the first for another day!
  Yet knowing how way leads on to way,
  I doubted if I should ever come back.

  I shall be telling this with a sigh
  Somewhere ages and ages hence:
  Two roads diverged in a wood, and Iâ
  I took the one less traveled by,
  And that has made all the difference.


  and here's a line of some really, really, really, really long text, just to see how it is handled and to find out how it overflows;
</pre>
<strong>Quote Tag</strong> for short, inline quotes

<q>Developers, developers, developers...</q> --Steve Ballmer

<strong>Strike Tag</strong> (<em>deprecated in HTML5</em>) and <strong>S Tag</strong>

This tag shows <strike>strike-through</strike> <s>text</s>.

<strong>Small Tag</strong>

This tag shows <small>smaller<small> text.</small></small>

<strong>Strong Tag</strong>

This tag shows <strong>bold<strong> text.</strong></strong>

<strong>Subscript Tag</strong>

Getting our science styling on with H<sub>2</sub>O, which should push the "2" down.

<strong>Superscript Tag</strong>

Still sticking with science and Albert Einstein's E = MC<sup>2</sup>, which should lift the 2 up.

<strong>Teletype Tag </strong>(<em>obsolete in HTML5</em>)

This rarely used tag emulates <tt>teletype text</tt>, which is usually styled like the <code>&lt;code&gt;</code> tag.

<strong>Underline Tag</strong> <em>deprecated in HTML 4, re-introduced in HTML5 with other semantics</em>

This tag shows <u>underlined text</u>.

<strong>Variable Tag</strong>

This allows you to denote <var>variables</var>.]]></content:encoded>
		<excerpt:encoded><![CDATA[]]></excerpt:encoded>
		<wp:post_id>1178</wp:post_id>
		<wp:post_date><![CDATA[2013-01-11 20:22:19]]></wp:post_date>
		<wp:post_date_gmt><![CDATA[2013-01-12 03:22:19]]></wp:post_date_gmt>
		<wp:post_modified><![CDATA[2013-01-11 20:22:19]]></wp:post_modified>
		<wp:post_modified_gmt><![CDATA[2013-01-12 03:22:19]]></wp:post_modified_gmt>
		<wp:comment_status><![CDATA[closed]]></wp:comment_status>
		<wp:ping_status><![CDATA[closed]]></wp:ping_status>
		<wp:post_name><![CDATA[markup-html-tags-and-formatting]]></wp:post_name>
		<wp:status><![CDATA[publish]]></wp:status>
		<wp:post_parent>0</wp:post_parent>
		<wp:menu_order>0</wp:menu_order>
		<wp:post_type><![CDATA[post]]></wp:post_type>
		<wp:post_password><![CDATA[]]></wp:post_password>
		<wp:is_sticky>0</wp:is_sticky>
										<category domain="category" nicename="classic"><![CDATA[Classic]]></category>
		<category domain="post_tag" nicename="content-2"><![CDATA[content ÏÎµÏÎ¹ÎµÏÏÎ¼ÎµÎ½Î¿]]></category>
		<category domain="post_tag" nicename="css"><![CDATA[css]]></category>
		<category domain="post_tag" nicename="formatting-2"><![CDATA[formatting]]></category>
		<category domain="post_tag" nicename="html"><![CDATA[html]]></category>
		<category domain="category" nicename="markup"><![CDATA[Markup]]></category>
		<category domain="post_tag" nicename="markup-2"><![CDATA[markup]]></category>
						</item>
					<item>
		<title><![CDATA[Keyboard navigation]]></title>
		<link>http://localhost/sass-wp/keyboard-navigation/</link>
		<pubDate>Sun, 21 Oct 2018 03:03:48 +0000</pubDate>
		<dc:creator><![CDATA[webmaster]]></dc:creator>
		<guid isPermaLink="false">https://wpthemetestdata.wordpress.com/?p=1724</guid>
		<description></description>
		<content:encoded><![CDATA[<!-- wp:paragraph -->
<p>There are many different ways to use the web besides a mouse and a pair of eyes.  Users navigate for example with a keyboard only or with their voice. </p>
<!-- /wp:paragraph -->

<!-- wp:paragraph -->
<p>All the functionality, including menus, links and forms should work using a <strong>keyboard only</strong>. This is essential for all assistive technology to work properly. The only way to test this, at the moment, is manually. The best time to test this is during development.</p>
<!-- /wp:paragraph -->

<!-- wp:heading {"level":3} -->
<h3>How to keyboard test:</h3>
<!-- /wp:heading -->

<!-- wp:paragraph -->
<p>Tab through your pages, links and forms to do the following tests:</p>
<!-- /wp:paragraph -->

<!-- wp:list -->
<ul><li>Confirm that all links can be reached and activated via keyboard, including any in dropdown submenus.</li><li>Confirm that all links get a visible focus indicator (e.g., a border highlight).</li><li>Confirm that all <a href="https://make.wordpress.org/accessibility/handbook/best-practices/markup/the-css-class-screen-reader-text/">visually hidden links</a> (e.g. <a href="https://make.wordpress.org/accessibility/handbook/best-practices/markup/skip-links/">skip links</a>) become visible when in focus.</li><li>Confirm that all form input fields and buttons can be accessed and used via keyboard.</li><li>Confirm that all interactions, buttons, and other controls can be triggered via keyboard â any action you can complete with a mouse must also be performable via keyboard.</li><li>Confirm that focus doesnât move in unexpected ways around the page.</li><li>Confirm that using shift+tab to move backwards works as well.</li></ul>
<!-- /wp:list -->

<!-- wp:heading {"level":3} -->
<h3>Resources</h3>
<!-- /wp:heading -->

<!-- wp:list -->
<ul><li><a href="https://make.wordpress.org/accessibility/handbook/">The Make WordPress Accessibility Handbook </a><ul><li><a href="https://make.wordpress.org/accessibility/handbook/test-for-web-accessibility/">Test for web accessibility</a></li></ul></li><li><a href="https://webaim.org/techniques/keyboard/">Keyboard Accessibility</a> by WebAIM</li><li><a href="http://rianrietveld.com/2016/05/10/keyboard/">Workshop keyboard accessibility</a></li><li><a href="https://make.wordpress.org/themes/handbook/review/accessibility/required/">Theme review accessibility-ready requirements: Keyboard Navigation</a></li></ul>
<!-- /wp:list -->]]></content:encoded>
		<excerpt:encoded><![CDATA[]]></excerpt:encoded>
		<wp:post_id>1724</wp:post_id>
		<wp:post_date><![CDATA[2018-10-20 20:03:48]]></wp:post_date>
		<wp:post_date_gmt><![CDATA[2018-10-21 03:03:48]]></wp:post_date_gmt>
		<wp:post_modified><![CDATA[2018-10-20 20:03:48]]></wp:post_modified>
		<wp:post_modified_gmt><![CDATA[2018-10-21 03:03:48]]></wp:post_modified_gmt>
		<wp:comment_status><![CDATA[closed]]></wp:comment_status>
		<wp:ping_status><![CDATA[closed]]></wp:ping_status>
		<wp:post_name><![CDATA[keyboard-navigation]]></wp:post_name>
		<wp:status><![CDATA[publish]]></wp:status>
		<wp:post_parent>0</wp:post_parent>
		<wp:menu_order>0</wp:menu_order>
		<wp:post_type><![CDATA[post]]></wp:post_type>
		<wp:post_password><![CDATA[]]></wp:post_password>
		<wp:is_sticky>0</wp:is_sticky>
										<category domain="post_tag" nicename="codex"><![CDATA[Codex]]></category>
		<category domain="category" nicename="sin-categoria"><![CDATA[Sin categorÃ­a]]></category>
						</item>
					<item>
		<title><![CDATA[Block category: Common]]></title>
		<link>http://localhost/sass-wp/block-category-common/</link>
		<pubDate>Thu, 01 Nov 2018 07:10:43 +0000</pubDate>
		<dc:creator><![CDATA[webmaster]]></dc:creator>
		<guid isPermaLink="false">https://wpthemetestdata.wordpress.com/?p=1730</guid>
		<description></description>
		<content:encoded><![CDATA[<!-- wp:paragraph -->
<p>The Common category includes the following blocks:<em> Paragraph, image, headings, list, gallery, quote, audio, cover, video.</em></p>
<!-- /wp:paragraph -->

<!-- wp:paragraph -->
<p>The paragraph block is the default block type.&nbsp; It should not have any alignment of any kind. It should just flow like you would normally expect. Nothing fancy. Just straight up text, free flowing, with love.</p>
<!-- /wp:paragraph -->

<!-- wp:paragraph -->
<p>This paragraph is left aligned.</p>
<!-- /wp:paragraph -->

<!-- wp:paragraph {"align":"right"} -->
<p class="has-text-align-right"><em>This italic paragraph is right aligned.</em></p>
<!-- /wp:paragraph -->

<!-- wp:paragraph {"dropCap":true,"fontSize":"medium"} -->
<p class="has-drop-cap has-medium-font-size"><strong>Neither of these paragraphs care about politics, but this one is bold, medium sized and has a drop cap.</strong></p>
<!-- /wp:paragraph -->

<!-- wp:paragraph {"align":"center"} -->
<p class="has-text-align-center">This paragraph is centered. </p>
<!-- /wp:paragraph -->

<!-- wp:paragraph {"fontSize":"small"} -->
<p class="has-small-font-size">This paragraph prefers Jazz over Justin Timberlake. It also uses the small font size.</p>
<!-- /wp:paragraph -->

<!-- wp:paragraph {"fontSize":"large"} -->
<p class="has-large-font-size">This paragraph has something important to say:&nbsp; It has a large font size, which defaults to 36px.</p>
<!-- /wp:paragraph -->

<!-- wp:paragraph {"customFontSize":46} -->
<p style="font-size:46px">The huge text size defaults to 46px, but the size can be customized.</p>
<!-- /wp:paragraph -->

<!-- wp:paragraph {"textColor":"very-light-gray","customBackgroundColor":"#cf2e2e"} -->
<p style="background-color:#cf2e2e" class="has-text-color has-background has-very-light-gray-color">This paragraph is colorful, with a red background and white text (maybe).  Colored blocks should have a high enough contrast, so that the text is readable. </p>
<!-- /wp:paragraph -->

<!-- wp:paragraph {"customTextColor":"#1e0566"} -->
<p style="color:#1e0566" class="has-text-color"><strong>Below this block, you will see a single image with a circle mask applied.</strong></p>
<!-- /wp:paragraph -->

<!-- wp:image {"id":968,"sizeSlug":"full","className":"is-style-circle-mask"} -->
<figure class="wp-block-image size-full is-style-circle-mask"><img src="http://localhost/sass-wp/wp-content/uploads/2013/03/image-alignment-150x150-1.jpg" alt="Image Alignment 150x150" class="wp-image-968"/></figure>
<!-- /wp:image -->

<!-- wp:heading {"level":1} -->
<h1>H1 Heading</h1>
<!-- /wp:heading -->

<!-- wp:heading -->
<h2>H2 Heading</h2>
<!-- /wp:heading -->

<!-- wp:heading {"level":3} -->
<h3>H3 Heading</h3>
<!-- /wp:heading -->

<!-- wp:heading {"level":4} -->
<h4>H4 Heading</h4>
<!-- /wp:heading -->

<!-- wp:heading {"level":5} -->
<h5>H5 Heading</h5>
<!-- /wp:heading -->

<!-- wp:heading {"level":6} -->
<h6>H6 Heading</h6>
<!-- /wp:heading -->

<!-- wp:heading -->
<h2>Ordered list</h2>
<!-- /wp:heading -->

<!-- wp:list {"ordered":true,"start":0} -->
<ol start="0"><li>The software should be licensed under the&nbsp;<a href="http://www.gnu.org/copyleft/gpl.html">GNU Public License</a>.</li><li>The software should be freely available to anyone to use for any purpose, and without permission.</li><li>The software should be open to modifications.<ol><li>Any modifications should be freely distributable at no cost and without permission from its creators.</li></ol></li><li>The software should provide a framework for translation to make it globally accessible to speakers of all languages.</li><li>The software should provide a framework for extensions so modifications and enhancements can be made without modifying core code</li></ol>
<!-- /wp:list -->

<!-- wp:heading -->
<h2>Unordered list</h2>
<!-- /wp:heading -->

<!-- wp:list -->
<ul><li>One</li><li>Two</li><li>Three<ul><li>Four</li></ul></li><li>Five</li></ul>
<!-- /wp:list -->

<!-- wp:gallery {"ids":["769","768","767","770","807","766"],"columns":2} -->
<figure class="wp-block-gallery columns-2 is-cropped"><ul class="blocks-gallery-grid"><li class="blocks-gallery-item"><figure><img src="http://localhost/sass-wp/wp-content/uploads/2008/06/img_0747.jpg" alt="Brazil Beach" data-id="769" data-link="https://wpthemetestdata.wordpress.com/2010/09/10/post-format-gallery/img_0747/" class="wp-image-769"/><figcaption class="blocks-gallery-item__caption">Jericoacoara Ceara Brasil</figcaption></figure></li><li class="blocks-gallery-item"><figure><img src="http://localhost/sass-wp/wp-content/uploads/2008/06/img_0513-1.jpg" alt="Huatulco Coastline" data-id="768" data-link="https://wpthemetestdata.wordpress.com/2010/09/10/post-format-gallery/alas-i-have-found-my-shangri-la/" class="wp-image-768"/><figcaption class="blocks-gallery-item__caption">Sunrise over the coast in Huatulco, Oaxaca, Mexico</figcaption></figure></li><li class="blocks-gallery-item"><figure><img src="http://localhost/sass-wp/wp-content/uploads/2008/06/windmill.jpg" alt="Windmill" data-id="767" data-link="https://wpthemetestdata.wordpress.com/2010/09/10/post-format-gallery//dcf-1-0/" class="wp-image-767"/><figcaption class="blocks-gallery-item__caption">Windmill shrouded in fog at a farm outside of Walker, Iowa</figcaption></figure></li><li class="blocks-gallery-item"><figure><img src="http://localhost/sass-wp/wp-content/uploads/2008/06/img_0767.jpg" alt="Huatulco Coastline" data-id="770" data-link="https://wpthemetestdata.wordpress.com/2010/09/10/post-format-gallery/img_0767/" class="wp-image-770"/><figcaption class="blocks-gallery-item__caption">Coastline in Huatulco, Oaxaca, Mexico</figcaption></figure></li><li class="blocks-gallery-item"><figure><img src="http://localhost/sass-wp/wp-content/uploads/2012/06/dsc20040724_152504_532.jpg" alt="" data-id="807" data-link="https://wpthemetestdata.wordpress.com/2010/09/10/post-format-gallery/dsc20040724_152504_532-2/" class="wp-image-807"/></figure></li><li class="blocks-gallery-item"><figure><img src="http://localhost/sass-wp/wp-content/uploads/2008/06/michelle_049.jpg" alt="Big Sur" data-id="766" data-link="https://wpthemetestdata.wordpress.com/2010/09/10/post-format-gallery/michelle_049/" class="wp-image-766"/><figcaption class="blocks-gallery-item__caption">Beach at Big Sur, CA</figcaption></figure></li></ul><figcaption class="blocks-gallery-caption">images are not linked</figcaption></figure>
<!-- /wp:gallery -->

<!-- wp:quote -->
<blockquote class="wp-block-quote"><p>Quote</p><cite>Cite</cite></blockquote>
<!-- /wp:quote -->

<!-- wp:audio {"id":821} -->
<figure class="wp-block-audio"><audio controls src="http://localhost/sass-wp/wp-content/uploads/2008/06/originaldixielandjazzbandwithalbernard-stlouisblues.mp3"></audio></figure>
<!-- /wp:audio -->

<!-- wp:cover {"url":"http://localhost/sass-wp/wp-content/uploads/2008/06/dsc04563.jpg","id":759,"minHeight":274} -->
<div class="wp-block-cover has-background-dim" style="background-image:url(http://localhost/sass-wp/wp-content/uploads/2008/06/dsc04563.jpg);min-height:274px"><div class="wp-block-cover__inner-container"><!-- wp:paragraph {"align":"center","placeholder":"Write titleâ¦","fontSize":"large"} -->
<p class="has-text-align-center has-large-font-size">Cover block with background image</p>
<!-- /wp:paragraph --></div></div>
<!-- /wp:cover -->

<!-- wp:paragraph -->
<p>The file block has a setting that lets us show or hide a download button with editable text: </p>
<!-- /wp:paragraph -->

<!-- wp:file {"id":1690,"href":"https://wpthemetestdata.files.wordpress.com/2018/11/file_block.pdf"} -->
<div class="wp-block-file"><a href="https://wpthemetestdata.files.wordpress.com/2018/11/file_block.pdf">File Block PDF</a><a href="https://wpthemetestdata.files.wordpress.com/2018/11/file_block.pdf" class="wp-block-file__button" download>Download</a></div>
<!-- /wp:file -->

<!-- wp:file {"id":1690,"href":"https://wpthemetestdata.files.wordpress.com/2018/11/file_block.pdf","showDownloadButton":false} -->
<div class="wp-block-file"><a href="https://wpthemetestdata.files.wordpress.com/2018/11/file_block.pdf">File Block PDF</a></div>
<!-- /wp:file -->

<!-- wp:paragraph -->
<p>Video blocks have settings for showing and hiding the playback controls. Use autoplay and playback controls responsibly. </p>
<!-- /wp:paragraph -->

<!-- wp:video {"id":1690} -->
<figure class="wp-block-video"><video controls loop src="http://localhost/sass-wp/wp-content/uploads/2013/12/2014-slider-mobile-behavior.mov"></video><figcaption>This is a video block caption.</figcaption></figure>
<!-- /wp:video -->

<!-- wp:paragraph -->
<p>The video block below is muted and has a poster image that displays before the video starts:</p>
<!-- /wp:paragraph -->

<!-- wp:video {"id":1690} -->
<figure class="wp-block-video"><video controls muted poster="http://localhost/sass-wp/wp-content/uploads/2008/06/dsc20050727_091048_222.jpg" src="http://localhost/sass-wp/wp-content/uploads/2013/12/2014-slider-mobile-behavior.mov"></video></figure>
<!-- /wp:video -->
]]></content:encoded>
		<excerpt:encoded><![CDATA[]]></excerpt:encoded>
		<wp:post_id>1730</wp:post_id>
		<wp:post_date><![CDATA[2018-11-01 07:10:43]]></wp:post_date>
		<wp:post_date_gmt><![CDATA[2018-11-01 07:10:43]]></wp:post_date_gmt>
		<wp:post_modified><![CDATA[2018-11-01 07:10:43]]></wp:post_modified>
		<wp:post_modified_gmt><![CDATA[2018-11-01 07:10:43]]></wp:post_modified_gmt>
		<wp:comment_status><![CDATA[open]]></wp:comment_status>
		<wp:ping_status><![CDATA[open]]></wp:ping_status>
		<wp:post_name><![CDATA[block-category-common]]></wp:post_name>
		<wp:status><![CDATA[publish]]></wp:status>
		<wp:post_parent>0</wp:post_parent>
		<wp:menu_order>0</wp:menu_order>
		<wp:post_type><![CDATA[post]]></wp:post_type>
		<wp:post_password><![CDATA[]]></wp:post_password>
		<wp:is_sticky>0</wp:is_sticky>
										<category domain="category" nicename="block"><![CDATA[Block]]></category>
		<category domain="post_tag" nicename="content"><![CDATA[content ÏÎµÏÎ¹ÎµÏÏÎ¼ÎµÎ½Î¿]]></category>
		<category domain="post_tag" nicename="embeds-2"><![CDATA[embeds]]></category>
		<category domain="post_tag" nicename="gallery"><![CDATA[gallery]]></category>
		<category domain="post_tag" nicename="image"><![CDATA[image]]></category>
		<category domain="post_tag" nicename="video"><![CDATA[video]]></category>
						<wp:postmeta>
		<wp:meta_key><![CDATA[enclosure]]></wp:meta_key>
		<wp:meta_value><![CDATA[http://localhost/sass-wp/wp-content/uploads/2008/06/originaldixielandjazzbandwithalbernard-stlouisblues.mp3
3043247
audio/mpeg
]]></wp:meta_value>
		</wp:postmeta>
							<wp:postmeta>
		<wp:meta_key><![CDATA[enclosure]]></wp:meta_key>
		<wp:meta_value><![CDATA[http://localhost/sass-wp/wp-content/uploads/2013/12/2014-slider-mobile-behavior.mov
29881426
video/quicktime
]]></wp:meta_value>
		</wp:postmeta>
							</item>
					<item>
		<title><![CDATA[Block category: Formatting]]></title>
		<link>http://localhost/sass-wp/blocks-formatting/</link>
		<pubDate>Thu, 01 Nov 2018 06:03:22 +0000</pubDate>
		<dc:creator><![CDATA[webmaster]]></dc:creator>
		<guid isPermaLink="false">https://wpthemetestdata.wordpress.com/?p=1732</guid>
		<description></description>
		<content:encoded><![CDATA[<!-- wp:paragraph -->
<p>The formatting category includes the following blocks:</p>
<!-- /wp:paragraph -->

<!-- wp:code -->
<pre class="wp-block-code"><code>The code block starts with
&lt;!-- wp:code -->
&lt;?php echo 'Hello World'; ?>
</code></pre>
<!-- /wp:code -->

<p>The classic block can have <em>almost</em> anything in it.</p>
<hr />
<h6>a heading</h6>

<!-- wp:html -->
<div style="width: 45%">The custom HTML block lets you put HTML that isn't configured like blocks in it. (this div has a width of 45%)</div>
<!-- /wp:html -->

<!-- wp:preformatted -->
<pre class="wp-block-preformatted">The preformatted block.<br><br>The Road Not Taken<br><br>Robert Frost <br>Two roads diverged in a yellow wood,<br>And sorry I could not travel both          (\_/)  <br>And be one traveler, long I stood         (='.'=)  <br>And looked down one as far as I could     (")_(")  <br>To where it bent in the undergrowth; <br><br>Then took the other, as just as fair,  <br>And having perhaps the better claim,          |\_/|  <br>Because it was grassy and wanted wear;       / @ @ \  <br>Though as for that the passing there        ( &gt; Âº &lt; )  <br>Had worn them really about the same,         `&gt;&gt;x&lt;&lt;Â´  <br>                                             /  O  \  <br>And both that morning equally lay  <br>In leaves no step had trodden black.  <br>Oh, I kept the first for another day!  <br>Yet knowing how way leads on to way,  <br>I doubted if I should ever come back.  <br>I shall be telling this with a sigh  <br>Somewhere ages and ages hence:  <br>Two roads diverged in a wood, and Iâ  <br>I took the one less traveled by,  <br>And that has made all the difference.  <br><br><br><br>and here's a line of some really, really, really, really long text, just to see how it is handled and to find out how it overflows;<br></pre>
<!-- /wp:preformatted -->

<!-- wp:pullquote -->
<figure class="wp-block-pullquote"><blockquote><p>The pull quote can be aligned or wide or neither.</p><cite>Theme Reviewer</cite></blockquote></figure>
<!-- /wp:pullquote -->

<!-- wp:table -->
<figure class="wp-block-table"><table class=""><tbody><tr><td>The table block</td><td>This is the default style.</td></tr><tr><td></td><td>The cell next to this is empty.</td></tr><tr><td>Cell #5<br></td><td>Cell #6</td></tr></tbody></table></figure>
<!-- /wp:table -->

<!-- wp:table {"hasFixedLayout":true,"className":"is-style-stripes"} -->
<figure class="wp-block-table is-style-stripes"><table class="has-fixed-layout"><tbody><tr><td>This is the striped style.</td><td>This row should have a background color.</td></tr><tr><td>The cell next to this is empty.</td><td><br><br></td></tr><tr><td></td><td>This table has fixed width table cells.<br></td></tr><tr><td><br>Make sure that the text wraps correctly.<br><br></td><td></td></tr></tbody></table></figure>
<!-- /wp:table -->

<!-- wp:verse -->
<pre class="wp-block-verse">The Verse block<br><br>A block for haiku? <br>  Why not? <br>    Blocks for all the things!</pre>
<!-- /wp:verse -->]]></content:encoded>
		<excerpt:encoded><![CDATA[]]></excerpt:encoded>
		<wp:post_id>1732</wp:post_id>
		<wp:post_date><![CDATA[2018-11-01 06:03:22]]></wp:post_date>
		<wp:post_date_gmt><![CDATA[2018-11-01 06:03:22]]></wp:post_date_gmt>
		<wp:post_modified><![CDATA[2018-11-01 06:03:22]]></wp:post_modified>
		<wp:post_modified_gmt><![CDATA[2018-11-01 06:03:22]]></wp:post_modified_gmt>
		<wp:comment_status><![CDATA[open]]></wp:comment_status>
		<wp:ping_status><![CDATA[open]]></wp:ping_status>
		<wp:post_name><![CDATA[blocks-formatting]]></wp:post_name>
		<wp:status><![CDATA[publish]]></wp:status>
		<wp:post_parent>0</wp:post_parent>
		<wp:menu_order>0</wp:menu_order>
		<wp:post_type><![CDATA[post]]></wp:post_type>
		<wp:post_password><![CDATA[]]></wp:post_password>
		<wp:is_sticky>0</wp:is_sticky>
										<category domain="category" nicename="block"><![CDATA[Block]]></category>
		<category domain="post_tag" nicename="content"><![CDATA[content ÏÎµÏÎ¹ÎµÏÏÎ¼ÎµÎ½Î¿]]></category>
		<category domain="post_tag" nicename="formatting-2"><![CDATA[formatting]]></category>
						</item>
					<item>
		<title><![CDATA[Block category: Layout Elements]]></title>
		<link>http://localhost/sass-wp/blocks-layout-elements/</link>
		<pubDate>Thu, 01 Nov 2018 06:08:25 +0000</pubDate>
		<dc:creator><![CDATA[webmaster]]></dc:creator>
		<guid isPermaLink="false">https://wpthemetestdata.wordpress.com/?p=1734</guid>
		<description></description>
		<content:encoded><![CDATA[<!-- wp:group {"customBackgroundColor":"#d8f6ec"} -->
<div class="wp-block-group has-background" style="background-color:#d8f6ec"><div class="wp-block-group__inner-container"><!-- wp:paragraph -->
<p>The Layout Elements category includes the following blocks: <em>Group, Button, Columns, Media &amp; Text, separator, spacer, read more, and page break.</em></p>
<!-- /wp:paragraph -->

<!-- wp:paragraph -->
<p>This group block has a light green background color.</p>
<!-- /wp:paragraph -->

<!-- wp:button -->
<div class="wp-block-button"><a class="wp-block-button__link">A button</a></div>
<!-- /wp:button -->

<!-- wp:paragraph -->
<p>The read more block should be right below this text, but only on list pages of themes that show the full content. It won't show on the single page or on themes showing excerpts.</p>
<!-- /wp:paragraph --></div></div>
<!-- /wp:group -->

<!-- wp:more -->
<!--more-->
<!-- /wp:more -->

<!-- wp:columns {"className":"has-4-columns"} -->
<div class="wp-block-columns has-4-columns"><!-- wp:column -->
<div class="wp-block-column"><!-- wp:paragraph -->
<p>The columns:</p>
<!-- /wp:paragraph --></div>
<!-- /wp:column -->

<!-- wp:column -->
<div class="wp-block-column"><!-- wp:paragraph -->
<p>Column two.</p>
<!-- /wp:paragraph --></div>
<!-- /wp:column -->

<!-- wp:column -->
<div class="wp-block-column"><!-- wp:paragraph -->
<p>Column three.</p>
<!-- /wp:paragraph --></div>
<!-- /wp:column -->

<!-- wp:column -->
<div class="wp-block-column"><!-- wp:paragraph -->
<p>Column four.</p>
<!-- /wp:paragraph --></div>
<!-- /wp:column --></div>
<!-- /wp:columns -->

<!-- wp:media-text {"mediaId":757,"mediaType":"image"} -->
<div class="wp-block-media-text alignwide"><figure class="wp-block-media-text__media"><img src="http://localhost/sass-wp/wp-content/uploads/2008/06/dcp_2082.jpg" alt="Boardwalk" class="wp-image-757"/></figure><div class="wp-block-media-text__content"><!-- wp:paragraph {"placeholder":"Contentâ¦","fontSize":"large"} -->
<p class="has-large-font-size">Media &amp;Text</p>
<!-- /wp:paragraph -->

<!-- wp:paragraph -->
<p>For displaying media and text next to each other. By default, the media is to the left.</p>
<!-- /wp:paragraph --></div></div>
<!-- /wp:media-text -->

<!-- wp:media-text {"align":"full","customBackgroundColor":"#ebf5fe","mediaPosition":"right","mediaId":755,"mediaType":"image","isStackedOnMobile":true} -->
<div class="wp-block-media-text alignfull has-media-on-the-right has-background is-stacked-on-mobile" style="background-color:#ebf5fe"><figure class="wp-block-media-text__media"><img src="http://localhost/sass-wp/wp-content/uploads/2008/06/100_5540.jpg" alt="Golden Gate Bridge" class="wp-image-755"/></figure><div class="wp-block-media-text__content"><!-- wp:paragraph {"placeholder":"Contentâ¦","fontSize":"large"} -->
<p class="has-large-font-size">This time our block is full width, and the image is to the right.</p>
<!-- /wp:paragraph -->

<!-- wp:paragraph -->
<p>The background color is a pale blue.&nbsp;</p>
<!-- /wp:paragraph --></div></div>
<!-- /wp:media-text -->

<!-- wp:paragraph -->
<p>Test to make sure that the editor and the front match.&nbsp;To test the <em>Stack on mobile </em>setting, reduce the browser window width.</p>
<!-- /wp:paragraph -->

<!-- wp:paragraph -->
<p>The control these settings, the block uses the css classes "has-media-on-the-right" and "is-stacked-on-mobile".</p>
<!-- /wp:paragraph -->

<!-- wp:paragraph -->
<p>The separator has three styles: default, wide line, and dots.</p>
<!-- /wp:paragraph -->

<!-- wp:separator -->
<hr class="wp-block-separator"/>
<!-- /wp:separator -->

<!-- wp:separator {"className":"is-style-wide"} -->
<hr class="wp-block-separator is-style-wide"/>
<!-- /wp:separator -->

<!-- wp:separator {"className":"is-style-dots"} -->
<hr class="wp-block-separator is-style-dots"/>
<!-- /wp:separator -->

<!-- wp:paragraph -->
<p>The spacer block has a default height of 100 pixels:</p>
<!-- /wp:paragraph -->

<!-- wp:spacer -->
<div style="height:100px" aria-hidden="true" class="wp-block-spacer"></div>
<!-- /wp:spacer -->

<!-- wp:paragraph -->
<p>And finally, the page break:</p>
<!-- /wp:paragraph -->

<!-- wp:nextpage -->
<!--nextpage-->
<!-- /wp:nextpage -->

<!-- wp:paragraph -->
<p>This paragraph block is on page two, after the page break.</p>
<!-- /wp:paragraph -->

<!-- wp:button {"className":"is-style-outline"} -->
<div class="wp-block-button is-style-outline"><a class="wp-block-button__link" href="https://wpthemetestdata.wordpress.com/2018/11/03/block-button/">another button</a></div>
<!-- /wp:button -->]]></content:encoded>
		<excerpt:encoded><![CDATA[]]></excerpt:encoded>
		<wp:post_id>1734</wp:post_id>
		<wp:post_date><![CDATA[2018-11-01 06:08:25]]></wp:post_date>
		<wp:post_date_gmt><![CDATA[2018-11-01 06:08:25]]></wp:post_date_gmt>
		<wp:post_modified><![CDATA[2018-11-01 06:08:25]]></wp:post_modified>
		<wp:post_modified_gmt><![CDATA[2018-11-01 06:08:25]]></wp:post_modified_gmt>
		<wp:comment_status><![CDATA[open]]></wp:comment_status>
		<wp:ping_status><![CDATA[open]]></wp:ping_status>
		<wp:post_name><![CDATA[blocks-layout-elements]]></wp:post_name>
		<wp:status><![CDATA[publish]]></wp:status>
		<wp:post_parent>0</wp:post_parent>
		<wp:menu_order>0</wp:menu_order>
		<wp:post_type><![CDATA[post]]></wp:post_type>
		<wp:post_password><![CDATA[]]></wp:post_password>
		<wp:is_sticky>0</wp:is_sticky>
										<category domain="category" nicename="block"><![CDATA[Block]]></category>
		<category domain="post_tag" nicename="content"><![CDATA[content ÏÎµÏÎ¹ÎµÏÏÎ¼ÎµÎ½Î¿]]></category>
						</item>
					<item>
		<title><![CDATA[Block category: Widgets]]></title>
		<link>http://localhost/sass-wp/blocks-widgets/</link>
		<pubDate>Thu, 01 Nov 2018 06:14:47 +0000</pubDate>
		<dc:creator><![CDATA[webmaster]]></dc:creator>
		<guid isPermaLink="false">https://wpthemetestdata.wordpress.com/?p=1736</guid>
		<description></description>
		<content:encoded><![CDATA[
    <!-- wp:paragraph -->
<p>The shortcode widget:</p>
<!-- /wp:paragraph -->

<!-- wp:shortcode -->
[gallery columns=2 ids="770,771"]
<!-- /wp:shortcode -->

<!-- wp:paragraph -->
<p>The Archive Widget:</p>
<!-- /wp:paragraph -->

<!-- wp:archives {"className":"extraclass","showPostCounts":true} /-->

<!-- wp:paragraph -->
<p>The same Archive widget but as a dropdown:</p>
<!-- /wp:paragraph -->

<!-- wp:archives {"displayAsDropdown":true,"showPostCounts":true} /-->

<!-- wp:calendar /-->

<!-- wp:paragraph -->
<p>The Category widget block has an additional option for showing category hierarchies:</p>
<!-- /wp:paragraph -->

<!-- wp:categories {"displayAsDropdown":true,"showHierarchy":true,"showPostCounts":true} /-->

<!-- wp:paragraph -->
<p>The Latest Comments widget can display or hide the avatars, the date, and the comment excerpt:</p>
<!-- /wp:paragraph -->

<!-- wp:latest-comments {"commentsToShow":4} /-->

<!-- wp:paragraph -->
<p>Here is an example of the Comments widget with all the options disabled. The number of comments has been reduced to two.</p>
<!-- /wp:paragraph -->

<!-- wp:latest-comments {"commentsToShow":2,"displayAvatar":false,"displayDate":false,"displayExcerpt":false} /-->

<!-- wp:paragraph -->
<p>And here is the Latest Posts widget in the list view, with dates:</p>
<!-- /wp:paragraph -->

<!-- wp:latest-posts {"displayPostDate":true} /-->

<!-- wp:paragraph -->
<p>Grid view, now sorted from A -Z.</p>
<!-- /wp:paragraph -->

<!-- wp:latest-posts {"postLayout":"grid","order":"asc","orderBy":"title"} /-->

<!-- wp:paragraph -->
<p>You can also change the number of columns used to display the latest posts. The block below only displays posts from the Block category:</p>
<!-- /wp:paragraph -->

<!-- wp:latest-posts {"categories":"6","postsToShow":10,"displayPostDate":true,"postLayout":"grid","columns":5} /-->

<!-- wp:paragraph -->
<p>Search widget:</p>
<!-- /wp:paragraph -->

<!-- wp:search /-->

<!-- wp:paragraph -->
<p>Tag Cloud widget:</p>
<!-- /wp:paragraph -->

<!-- wp:tag-cloud /-->

<!-- wp:paragraph -->
<p>RSS Feed widget:</p>
<!-- /wp:paragraph -->

<!-- wp:rss {"feedURL":"https://make.wordpress.org/themes/feed/"} /-->
    ]]></content:encoded>
		<excerpt:encoded><![CDATA[]]></excerpt:encoded>
		<wp:post_id>1736</wp:post_id>
		<wp:post_date><![CDATA[2018-11-01 06:14:47]]></wp:post_date>
		<wp:post_date_gmt><![CDATA[2018-11-01 06:14:47]]></wp:post_date_gmt>
		<wp:post_modified><![CDATA[2018-11-01 06:14:47]]></wp:post_modified>
		<wp:post_modified_gmt><![CDATA[2018-11-01 06:14:47]]></wp:post_modified_gmt>
		<wp:comment_status><![CDATA[open]]></wp:comment_status>
		<wp:ping_status><![CDATA[open]]></wp:ping_status>
		<wp:post_name><![CDATA[blocks-widgets]]></wp:post_name>
		<wp:status><![CDATA[publish]]></wp:status>
		<wp:post_parent>0</wp:post_parent>
		<wp:menu_order>0</wp:menu_order>
		<wp:post_type><![CDATA[post]]></wp:post_type>
		<wp:post_password><![CDATA[]]></wp:post_password>
		<wp:is_sticky>0</wp:is_sticky>
										<category domain="category" nicename="block"><![CDATA[Block]]></category>
		<category domain="post_tag" nicename="content"><![CDATA[content ÏÎµÏÎ¹ÎµÏÏÎ¼ÎµÎ½Î¿]]></category>
						</item>
					<item>
		<title><![CDATA[Block category: Embeds]]></title>
		<link>http://localhost/sass-wp/blocks-embeds/</link>
		<pubDate>Thu, 01 Nov 2018 06:18:46 +0000</pubDate>
		<dc:creator><![CDATA[webmaster]]></dc:creator>
		<guid isPermaLink="false">https://wpthemetestdata.wordpress.com/?p=1738</guid>
		<description></description>
		<content:encoded><![CDATA[
    <!-- wp:paragraph -->
<p>This post tests various embed blocks:</p>
<!-- /wp:paragraph -->
    
<!-- wp:core-embed/twitter {"url":"https://twitter.com/WordPress/status/1057136472321613824","type":"rich","providerNameSlug":"twitter","align":"wide","className":""} -->
<figure class="wp-block-embed-twitter alignwide wp-block-embed is-type-rich is-provider-twitter"><div class="wp-block-embed__wrapper">
https://twitter.com/WordPress/status/1057136472321613824
</div><figcaption>Twitter,&nbsp; wide width</figcaption></figure>
<!-- /wp:core-embed/twitter -->

<!-- wp:core-embed/youtube {"url":"https://youtu.be/ex8fMxXJDJw","type":"video","providerNameSlug":"youtube","className":"wp-embed-aspect-16-9 wp-has-aspect-ratio"} -->
<figure class="wp-block-embed-youtube wp-block-embed is-type-video is-provider-youtube wp-embed-aspect-16-9 wp-has-aspect-ratio"><div class="wp-block-embed__wrapper">
https://youtu.be/ex8fMxXJDJw
</div><figcaption>YouTube<br></figcaption></figure>
<!-- /wp:core-embed/youtube -->

<!-- wp:core-embed/facebook {"url":"https://www.facebook.com/6427302910/posts/10156380423617911/","type":"rich","providerNameSlug":"facebook","className":""} -->
<figure class="wp-block-embed-facebook wp-block-embed is-type-rich is-provider-facebook"><div class="wp-block-embed__wrapper">
https://www.facebook.com/6427302910/posts/10156380423617911/
</div></figure>
<!-- /wp:core-embed/facebook -->

<!-- wp:core-embed/instagram {"url":"https://www.instagram.com/p/BpmueLLgEn_/?utm_source=ig_share_sheet\u0026igshid=1hcxphic7p9e2","type":"rich","providerNameSlug":"instagram","className":""} -->
<figure class="wp-block-embed-instagram wp-block-embed is-type-rich is-provider-instagram"><div class="wp-block-embed__wrapper">
https://www.instagram.com/p/BpmueLLgEn_/?utm_source=ig_share_sheet&amp;igshid=1hcxphic7p9e2
</div></figure>
<!-- /wp:core-embed/instagram -->

<!-- wp:core-embed/wordpress-tv {"url":"https://wordpress.tv/2018/10/14/kjell-reigstad-allan-cole-how-we-made-our-first-gutenberg-powered-theme/","type":"video","providerNameSlug":"","align":"full","className":"wp-embed-aspect-16-9 wp-has-aspect-ratio"} -->
<figure class="wp-block-embed-wordpress-tv alignfull wp-block-embed is-type-video wp-embed-aspect-16-9 wp-has-aspect-ratio"><div class="wp-block-embed__wrapper">
https://wordpress.tv/2018/10/14/kjell-reigstad-allan-cole-how-we-made-our-first-gutenberg-powered-theme/
</div><figcaption>WordPress TV, full width<br></figcaption></figure>
<!-- /wp:core-embed/wordpress-tv -->

<!-- wp:paragraph -->
<p></p>
<!-- /wp:paragraph -->]]></content:encoded>
		<excerpt:encoded><![CDATA[]]></excerpt:encoded>
		<wp:post_id>1738</wp:post_id>
		<wp:post_date><![CDATA[2018-11-01 06:18:46]]></wp:post_date>
		<wp:post_date_gmt><![CDATA[2018-11-01 06:18:46]]></wp:post_date_gmt>
		<wp:post_modified><![CDATA[2018-11-01 06:18:46]]></wp:post_modified>
		<wp:post_modified_gmt><![CDATA[2018-11-01 06:18:46]]></wp:post_modified_gmt>
		<wp:comment_status><![CDATA[open]]></wp:comment_status>
		<wp:ping_status><![CDATA[open]]></wp:ping_status>
		<wp:post_name><![CDATA[blocks-embeds]]></wp:post_name>
		<wp:status><![CDATA[publish]]></wp:status>
		<wp:post_parent>0</wp:post_parent>
		<wp:menu_order>0</wp:menu_order>
		<wp:post_type><![CDATA[post]]></wp:post_type>
		<wp:post_password><![CDATA[]]></wp:post_password>
		<wp:is_sticky>0</wp:is_sticky>
										<category domain="category" nicename="block"><![CDATA[Block]]></category>
		<category domain="post_tag" nicename="content"><![CDATA[content ÏÎµÏÎ¹ÎµÏÏÎ¼ÎµÎ½Î¿]]></category>
		<category domain="post_tag" nicename="embeds-2"><![CDATA[embeds]]></category>
		<category domain="category" nicename="media-2"><![CDATA[Media]]></category>
						<wp:postmeta>
		<wp:meta_key><![CDATA[_oembed_874fe46ae491204826d1694d2ef33bc0]]></wp:meta_key>
		<wp:meta_value><![CDATA[<blockquote class="twitter-tweet" data-width="550" data-dnt="true"><p lang="en" dir="ltr">WordPress 5.0 Beta 2 <a href="https://t.co/Bn5QRqAwLN">https://t.co/Bn5QRqAwLN</a></p>&mdash; WordPress (@WordPress) <a href="https://twitter.com/WordPress/status/1057136472321613824?ref_src=twsrc%5Etfw">October 30, 2018</a></blockquote><script async src="https://platform.twitter.com/widgets.js" charset="utf-8"></script>]]></wp:meta_value>
		</wp:postmeta>
							<wp:postmeta>
		<wp:meta_key><![CDATA[_oembed_8391feecdd4849ee3e1e157e0c2149eb]]></wp:meta_key>
		<wp:meta_value><![CDATA[<blockquote class="twitter-tweet" data-width="550" data-dnt="true"><p lang="en" dir="ltr">WordPress 5.0 Beta 2 <a href="https://t.co/Bn5QRqAwLN">https://t.co/Bn5QRqAwLN</a></p>&mdash; WordPress (@WordPress) <a href="https://twitter.com/WordPress/status/1057136472321613824?ref_src=twsrc%5Etfw">October 30, 2018</a></blockquote><script async src="https://platform.twitter.com/widgets.js" charset="utf-8"></script>]]></wp:meta_value>
		</wp:postmeta>
							<wp:postmeta>
		<wp:meta_key><![CDATA[_oembed_time_8391feecdd4849ee3e1e157e0c2149eb]]></wp:meta_key>
		<wp:meta_value><![CDATA[1541053042]]></wp:meta_value>
		</wp:postmeta>
							<wp:postmeta>
		<wp:meta_key><![CDATA[_oembed_time_874fe46ae491204826d1694d2ef33bc0]]></wp:meta_key>
		<wp:meta_value><![CDATA[1541177221]]></wp:meta_value>
		</wp:postmeta>
							<wp:postmeta>
		<wp:meta_key><![CDATA[_oembed_8954002f3cee8b890d4d590be308ea1a]]></wp:meta_key>
		<wp:meta_value><![CDATA[<iframe width="720" height="405" src="https://www.youtube.com/embed/ex8fMxXJDJw?feature=oembed" frameborder="0" allow="accelerometer; autoplay; encrypted-media; gyroscope; picture-in-picture" allowfullscreen></iframe>]]></wp:meta_value>
		</wp:postmeta>
							<wp:postmeta>
		<wp:meta_key><![CDATA[_oembed_time_8954002f3cee8b890d4d590be308ea1a]]></wp:meta_key>
		<wp:meta_value><![CDATA[1541177221]]></wp:meta_value>
		</wp:postmeta>
							<wp:postmeta>
		<wp:meta_key><![CDATA[_oembed_b0ae412e6c1109b456d564d524e039f4]]></wp:meta_key>
		<wp:meta_value><![CDATA[<div id="fb-root"></div><script>(function(d, s, id) {  var js, fjs = d.getElementsByTagName(s)[0];  if (d.getElementById(id)) return;  js = d.createElement(s); js.id = id;  js.src = 'https://connect.facebook.net/sv_SE/sdk.js#xfbml=1&version=v3.2';  fjs.parentNode.insertBefore(js, fjs);}(document, 'script', 'facebook-jssdk'));</script><div class="fb-post" data-href="https://www.facebook.com/6427302910/posts/10156380423617911/" data-width="720"><blockquote cite="https://www.facebook.com/WordPress/posts/10156380423617911" class="fb-xfbml-parse-ignore"><p>Many of the WordPress contribution teams have been working hard on the new WordPress editor, and the tools, services,...</p>Publicerat av <a href="https://www.facebook.com/WordPress/">WordPress</a>&nbsp;<a href="https://www.facebook.com/WordPress/posts/10156380423617911">MÃ¥ndag 3 september 2018</a></blockquote></div>]]></wp:meta_value>
		</wp:postmeta>
							<wp:postmeta>
		<wp:meta_key><![CDATA[_oembed_time_b0ae412e6c1109b456d564d524e039f4]]></wp:meta_key>
		<wp:meta_value><![CDATA[1541177221]]></wp:meta_value>
		</wp:postmeta>
							<wp:postmeta>
		<wp:meta_key><![CDATA[_oembed_6fa7bb5895e39bde447f2aa42112350c]]></wp:meta_key>
		<wp:meta_value><![CDATA[<blockquote class="instagram-media" data-instgrm-captioned data-instgrm-permalink="https://www.instagram.com/p/BpmueLLgEn_/?utm_source=ig_embed&amp;utm_medium=loading" data-instgrm-version="12" style=" background:#FFF; border:0; border-radius:3px; box-shadow:0 0 1px 0 rgba(0,0,0,0.5),0 1px 10px 0 rgba(0,0,0,0.15); margin: 1px; max-width:658px; min-width:326px; padding:0; width:99.375%; width:-webkit-calc(100% - 2px); width:calc(100% - 2px);"><div style="padding:16px;"> <a href="https://www.instagram.com/p/BpmueLLgEn_/?utm_source=ig_embed&amp;utm_medium=loading" style=" background:#FFFFFF; line-height:0; padding:0 0; text-align:center; text-decoration:none; width:100%;" target="_blank"> <div style=" display: flex; flex-direction: row; align-items: center;"> <div style="background-color: #F4F4F4; border-radius: 50%; flex-grow: 0; height: 40px; margin-right: 14px; width: 40px;"></div> <div style="display: flex; flex-direction: column; flex-grow: 1; justify-content: center;"> <div style=" background-color: #F4F4F4; border-radius: 4px; flex-grow: 0; height: 14px; margin-bottom: 6px; width: 100px;"></div> <div style=" background-color: #F4F4F4; border-radius: 4px; flex-grow: 0; height: 14px; width: 60px;"></div></div></div><div style="padding: 19% 0;"></div><div style="display:block; height:50px; margin:0 auto 12px; width:50px;"><svg width="50px" height="50px" viewBox="0 0 60 60" version="1.1" xmlns="https://www.w3.org/2000/svg" xmlns:xlink="https://www.w3.org/1999/xlink"><g stroke="none" stroke-width="1" fill="none" fill-rule="evenodd"><g transform="translate(-511.000000, -20.000000)" fill="#000000"><g><path d="M556.869,30.41 C554.814,30.41 553.148,32.076 553.148,34.131 C553.148,36.186 554.814,37.852 556.869,37.852 C558.924,37.852 560.59,36.186 560.59,34.131 C560.59,32.076 558.924,30.41 556.869,30.41 M541,60.657 C535.114,60.657 530.342,55.887 530.342,50 C530.342,44.114 535.114,39.342 541,39.342 C546.887,39.342 551.658,44.114 551.658,50 C551.658,55.887 546.887,60.657 541,60.657 M541,33.886 C532.1,33.886 524.886,41.1 524.886,50 C524.886,58.899 532.1,66.113 541,66.113 C549.9,66.113 557.115,58.899 557.115,50 C557.115,41.1 549.9,33.886 541,33.886 M565.378,62.101 C565.244,65.022 564.756,66.606 564.346,67.663 C563.803,69.06 563.154,70.057 562.106,71.106 C561.058,72.155 560.06,72.803 558.662,73.347 C557.607,73.757 556.021,74.244 553.102,74.378 C549.944,74.521 548.997,74.552 541,74.552 C533.003,74.552 532.056,74.521 528.898,74.378 C525.979,74.244 524.393,73.757 523.338,73.347 C521.94,72.803 520.942,72.155 519.894,71.106 C518.846,70.057 518.197,69.06 517.654,67.663 C517.244,66.606 516.755,65.022 516.623,62.101 C516.479,58.943 516.448,57.996 516.448,50 C516.448,42.003 516.479,41.056 516.623,37.899 C516.755,34.978 517.244,33.391 517.654,32.338 C518.197,30.938 518.846,29.942 519.894,28.894 C520.942,27.846 521.94,27.196 523.338,26.654 C524.393,26.244 525.979,25.756 528.898,25.623 C532.057,25.479 533.004,25.448 541,25.448 C548.997,25.448 549.943,25.479 553.102,25.623 C556.021,25.756 557.607,26.244 558.662,26.654 C560.06,27.196 561.058,27.846 562.106,28.894 C563.154,29.942 563.803,30.938 564.346,32.338 C564.756,33.391 565.244,34.978 565.378,37.899 C565.522,41.056 565.552,42.003 565.552,50 C565.552,57.996 565.522,58.943 565.378,62.101 M570.82,37.631 C570.674,34.438 570.167,32.258 569.425,30.349 C568.659,28.377 567.633,26.702 565.965,25.035 C564.297,23.368 562.623,22.342 560.652,21.575 C558.743,20.834 556.562,20.326 553.369,20.18 C550.169,20.033 549.148,20 541,20 C532.853,20 531.831,20.033 528.631,20.18 C525.438,20.326 523.257,20.834 521.349,21.575 C519.376,22.342 517.703,23.368 516.035,25.035 C514.368,26.702 513.342,28.377 512.574,30.349 C511.834,32.258 511.326,34.438 511.181,37.631 C511.035,40.831 511,41.851 511,50 C511,58.147 511.035,59.17 511.181,62.369 C511.326,65.562 511.834,67.743 512.574,69.651 C513.342,71.625 514.368,73.296 516.035,74.965 C517.703,76.634 519.376,77.658 521.349,78.425 C523.257,79.167 525.438,79.673 528.631,79.82 C531.831,79.965 532.853,80.001 541,80.001 C549.148,80.001 550.169,79.965 553.369,79.82 C556.562,79.673 558.743,79.167 560.652,78.425 C562.623,77.658 564.297,76.634 565.965,74.965 C567.633,73.296 568.659,71.625 569.425,69.651 C570.167,67.743 570.674,65.562 570.82,62.369 C570.966,59.17 571,58.147 571,50 C571,41.851 570.966,40.831 570.82,37.631"></path></g></g></g></svg></div><div style="padding-top: 8px;"> <div style=" color:#3897f0; font-family:Arial,sans-serif; font-size:14px; font-style:normal; font-weight:550; line-height:18px;"> View this post on Instagram</div></div><div style="padding: 12.5% 0;"></div> <div style="display: flex; flex-direction: row; margin-bottom: 14px; align-items: center;"><div> <div style="background-color: #F4F4F4; border-radius: 50%; height: 12.5px; width: 12.5px; transform: translateX(0px) translateY(7px);"></div> <div style="background-color: #F4F4F4; height: 12.5px; transform: rotate(-45deg) translateX(3px) translateY(1px); width: 12.5px; flex-grow: 0; margin-right: 14px; margin-left: 2px;"></div> <div style="background-color: #F4F4F4; border-radius: 50%; height: 12.5px; width: 12.5px; transform: translateX(9px) translateY(-18px);"></div></div><div style="margin-left: 8px;"> <div style=" background-color: #F4F4F4; border-radius: 50%; flex-grow: 0; height: 20px; width: 20px;"></div> <div style=" width: 0; height: 0; border-top: 2px solid transparent; border-left: 6px solid #f4f4f4; border-bottom: 2px solid transparent; transform: translateX(16px) translateY(-4px) rotate(30deg)"></div></div><div style="margin-left: auto;"> <div style=" width: 0px; border-top: 8px solid #F4F4F4; border-right: 8px solid transparent; transform: translateY(16px);"></div> <div style=" background-color: #F4F4F4; flex-grow: 0; height: 12px; width: 16px; transform: translateY(-4px);"></div> <div style=" width: 0; height: 0; border-top: 8px solid #F4F4F4; border-left: 8px solid transparent; transform: translateY(-4px) translateX(8px);"></div></div></div></a> <p style=" margin:8px 0 0 0; padding:0 4px;"> <a href="https://www.instagram.com/p/BpmueLLgEn_/?utm_source=ig_embed&amp;utm_medium=loading" style=" color:#000; font-family:Arial,sans-serif; font-size:14px; font-style:normal; font-weight:normal; line-height:17px; text-decoration:none; word-wrap:break-word;" target="_blank">Happy Halloween!! For this Halloween edition of #WapuuWednesday, we&#39;ve chose Vampuu. Vampuu comes to us from WordCamp Philly 2017.</a></p> <p style=" color:#c9c8cd; font-family:Arial,sans-serif; font-size:14px; line-height:17px; margin-bottom:0; margin-top:8px; overflow:hidden; padding:8px 0 7px; text-align:center; text-overflow:ellipsis; white-space:nowrap;">A post shared by <a href="https://www.instagram.com/wordcampus/?utm_source=ig_embed&amp;utm_medium=loading" style=" color:#c9c8cd; font-family:Arial,sans-serif; font-size:14px; font-style:normal; font-weight:normal; line-height:17px;" target="_blank"> WordCamp US</a> (@wordcampus) on <time style=" font-family:Arial,sans-serif; font-size:14px; line-height:17px;" datetime="2018-10-31T17:00:37+00:00">Oct 31, 2018 at 10:00am PDT</time></p></div></blockquote><script async src="//www.instagram.com/embed.js"></script>]]></wp:meta_value>
		</wp:postmeta>
							<wp:postmeta>
		<wp:meta_key><![CDATA[_oembed_time_6fa7bb5895e39bde447f2aa42112350c]]></wp:meta_key>
		<wp:meta_value><![CDATA[1541177222]]></wp:meta_value>
		</wp:postmeta>
							<wp:postmeta>
		<wp:meta_key><![CDATA[_oembed_f284bc472428c21b3a384f58eeabdfe9]]></wp:meta_key>
		<wp:meta_value><![CDATA[<iframe width='720' height='405' src='https://videopress.com/embed/r0l8GmDi?hd=0' frameborder='0' allowfullscreen></iframe><script src='https://v0.wordpress.com/js/next/videopress-iframe.js?m=1435166243'></script>]]></wp:meta_value>
		</wp:postmeta>
							<wp:postmeta>
		<wp:meta_key><![CDATA[_oembed_time_f284bc472428c21b3a384f58eeabdfe9]]></wp:meta_key>
		<wp:meta_value><![CDATA[1541177222]]></wp:meta_value>
		</wp:postmeta>
							<wp:postmeta>
		<wp:meta_key><![CDATA[_oembed_8c87a830bb75021cd30329a001513994]]></wp:meta_key>
		<wp:meta_value><![CDATA[<blockquote class="twitter-tweet" data-width="550" data-dnt="true"><p lang="en" dir="ltr">WordPress 5.0 Beta 2 <a href="https://t.co/Bn5QRqAwLN">https://t.co/Bn5QRqAwLN</a></p>&mdash; WordPress (@WordPress) <a href="https://twitter.com/WordPress/status/1057136472321613824?ref_src=twsrc%5Etfw">October 30, 2018</a></blockquote><script async src="https://platform.twitter.com/widgets.js" charset="utf-8"></script>]]></wp:meta_value>
		</wp:postmeta>
							<wp:postmeta>
		<wp:meta_key><![CDATA[_oembed_time_8c87a830bb75021cd30329a001513994]]></wp:meta_key>
		<wp:meta_value><![CDATA[1541092484]]></wp:meta_value>
		</wp:postmeta>
							<wp:postmeta>
		<wp:meta_key><![CDATA[_oembed_574f2ec202809f638414562e06899fc7]]></wp:meta_key>
		<wp:meta_value><![CDATA[<iframe width="1170" height="658" src="https://www.youtube.com/embed/ex8fMxXJDJw?feature=oembed" frameborder="0" allow="accelerometer; autoplay; encrypted-media; gyroscope; picture-in-picture" allowfullscreen></iframe>]]></wp:meta_value>
		</wp:postmeta>
							<wp:postmeta>
		<wp:meta_key><![CDATA[_oembed_time_574f2ec202809f638414562e06899fc7]]></wp:meta_key>
		<wp:meta_value><![CDATA[1541092484]]></wp:meta_value>
		</wp:postmeta>
							<wp:postmeta>
		<wp:meta_key><![CDATA[_oembed_26afb00b3c55411ff47bd585cbb4a4eb]]></wp:meta_key>
		<wp:meta_value><![CDATA[<div id="fb-root"></div><script>(function(d, s, id) {  var js, fjs = d.getElementsByTagName(s)[0];  if (d.getElementById(id)) return;  js = d.createElement(s); js.id = id;  js.src = 'https://connect.facebook.net/sv_SE/sdk.js#xfbml=1&version=v3.2';  fjs.parentNode.insertBefore(js, fjs);}(document, 'script', 'facebook-jssdk'));</script><div class="fb-post" data-href="https://www.facebook.com/6427302910/posts/10156380423617911/" data-width="750"><blockquote cite="https://www.facebook.com/WordPress/posts/10156380423617911" class="fb-xfbml-parse-ignore"><p>Many of the WordPress contribution teams have been working hard on the new WordPress editor, and the tools, services,...</p>Publicerat av <a href="https://www.facebook.com/WordPress/">WordPress</a>&nbsp;<a href="https://www.facebook.com/WordPress/posts/10156380423617911">MÃ¥ndag 3 september 2018</a></blockquote></div>]]></wp:meta_value>
		</wp:postmeta>
							<wp:postmeta>
		<wp:meta_key><![CDATA[_oembed_time_26afb00b3c55411ff47bd585cbb4a4eb]]></wp:meta_key>
		<wp:meta_value><![CDATA[1541092484]]></wp:meta_value>
		</wp:postmeta>
							<wp:postmeta>
		<wp:meta_key><![CDATA[_oembed_915f84bafbd1c86d8d5092d985805e15]]></wp:meta_key>
		<wp:meta_value><![CDATA[<blockquote class="instagram-media" data-instgrm-captioned data-instgrm-permalink="https://www.instagram.com/p/BpmueLLgEn_/?utm_source=ig_embed&amp;utm_medium=loading" data-instgrm-version="12" style=" background:#FFF; border:0; border-radius:3px; box-shadow:0 0 1px 0 rgba(0,0,0,0.5),0 1px 10px 0 rgba(0,0,0,0.15); margin: 1px; max-width:658px; min-width:326px; padding:0; width:99.375%; width:-webkit-calc(100% - 2px); width:calc(100% - 2px);"><div style="padding:16px;"> <a href="https://www.instagram.com/p/BpmueLLgEn_/?utm_source=ig_embed&amp;utm_medium=loading" style=" background:#FFFFFF; line-height:0; padding:0 0; text-align:center; text-decoration:none; width:100%;" target="_blank"> <div style=" display: flex; flex-direction: row; align-items: center;"> <div style="background-color: #F4F4F4; border-radius: 50%; flex-grow: 0; height: 40px; margin-right: 14px; width: 40px;"></div> <div style="display: flex; flex-direction: column; flex-grow: 1; justify-content: center;"> <div style=" background-color: #F4F4F4; border-radius: 4px; flex-grow: 0; height: 14px; margin-bottom: 6px; width: 100px;"></div> <div style=" background-color: #F4F4F4; border-radius: 4px; flex-grow: 0; height: 14px; width: 60px;"></div></div></div><div style="padding: 19% 0;"></div><div style="display:block; height:50px; margin:0 auto 12px; width:50px;"><svg width="50px" height="50px" viewBox="0 0 60 60" version="1.1" xmlns="https://www.w3.org/2000/svg" xmlns:xlink="https://www.w3.org/1999/xlink"><g stroke="none" stroke-width="1" fill="none" fill-rule="evenodd"><g transform="translate(-511.000000, -20.000000)" fill="#000000"><g><path d="M556.869,30.41 C554.814,30.41 553.148,32.076 553.148,34.131 C553.148,36.186 554.814,37.852 556.869,37.852 C558.924,37.852 560.59,36.186 560.59,34.131 C560.59,32.076 558.924,30.41 556.869,30.41 M541,60.657 C535.114,60.657 530.342,55.887 530.342,50 C530.342,44.114 535.114,39.342 541,39.342 C546.887,39.342 551.658,44.114 551.658,50 C551.658,55.887 546.887,60.657 541,60.657 M541,33.886 C532.1,33.886 524.886,41.1 524.886,50 C524.886,58.899 532.1,66.113 541,66.113 C549.9,66.113 557.115,58.899 557.115,50 C557.115,41.1 549.9,33.886 541,33.886 M565.378,62.101 C565.244,65.022 564.756,66.606 564.346,67.663 C563.803,69.06 563.154,70.057 562.106,71.106 C561.058,72.155 560.06,72.803 558.662,73.347 C557.607,73.757 556.021,74.244 553.102,74.378 C549.944,74.521 548.997,74.552 541,74.552 C533.003,74.552 532.056,74.521 528.898,74.378 C525.979,74.244 524.393,73.757 523.338,73.347 C521.94,72.803 520.942,72.155 519.894,71.106 C518.846,70.057 518.197,69.06 517.654,67.663 C517.244,66.606 516.755,65.022 516.623,62.101 C516.479,58.943 516.448,57.996 516.448,50 C516.448,42.003 516.479,41.056 516.623,37.899 C516.755,34.978 517.244,33.391 517.654,32.338 C518.197,30.938 518.846,29.942 519.894,28.894 C520.942,27.846 521.94,27.196 523.338,26.654 C524.393,26.244 525.979,25.756 528.898,25.623 C532.057,25.479 533.004,25.448 541,25.448 C548.997,25.448 549.943,25.479 553.102,25.623 C556.021,25.756 557.607,26.244 558.662,26.654 C560.06,27.196 561.058,27.846 562.106,28.894 C563.154,29.942 563.803,30.938 564.346,32.338 C564.756,33.391 565.244,34.978 565.378,37.899 C565.522,41.056 565.552,42.003 565.552,50 C565.552,57.996 565.522,58.943 565.378,62.101 M570.82,37.631 C570.674,34.438 570.167,32.258 569.425,30.349 C568.659,28.377 567.633,26.702 565.965,25.035 C564.297,23.368 562.623,22.342 560.652,21.575 C558.743,20.834 556.562,20.326 553.369,20.18 C550.169,20.033 549.148,20 541,20 C532.853,20 531.831,20.033 528.631,20.18 C525.438,20.326 523.257,20.834 521.349,21.575 C519.376,22.342 517.703,23.368 516.035,25.035 C514.368,26.702 513.342,28.377 512.574,30.349 C511.834,32.258 511.326,34.438 511.181,37.631 C511.035,40.831 511,41.851 511,50 C511,58.147 511.035,59.17 511.181,62.369 C511.326,65.562 511.834,67.743 512.574,69.651 C513.342,71.625 514.368,73.296 516.035,74.965 C517.703,76.634 519.376,77.658 521.349,78.425 C523.257,79.167 525.438,79.673 528.631,79.82 C531.831,79.965 532.853,80.001 541,80.001 C549.148,80.001 550.169,79.965 553.369,79.82 C556.562,79.673 558.743,79.167 560.652,78.425 C562.623,77.658 564.297,76.634 565.965,74.965 C567.633,73.296 568.659,71.625 569.425,69.651 C570.167,67.743 570.674,65.562 570.82,62.369 C570.966,59.17 571,58.147 571,50 C571,41.851 570.966,40.831 570.82,37.631"></path></g></g></g></svg></div><div style="padding-top: 8px;"> <div style=" color:#3897f0; font-family:Arial,sans-serif; font-size:14px; font-style:normal; font-weight:550; line-height:18px;"> View this post on Instagram</div></div><div style="padding: 12.5% 0;"></div> <div style="display: flex; flex-direction: row; margin-bottom: 14px; align-items: center;"><div> <div style="background-color: #F4F4F4; border-radius: 50%; height: 12.5px; width: 12.5px; transform: translateX(0px) translateY(7px);"></div> <div style="background-color: #F4F4F4; height: 12.5px; transform: rotate(-45deg) translateX(3px) translateY(1px); width: 12.5px; flex-grow: 0; margin-right: 14px; margin-left: 2px;"></div> <div style="background-color: #F4F4F4; border-radius: 50%; height: 12.5px; width: 12.5px; transform: translateX(9px) translateY(-18px);"></div></div><div style="margin-left: 8px;"> <div style=" background-color: #F4F4F4; border-radius: 50%; flex-grow: 0; height: 20px; width: 20px;"></div> <div style=" width: 0; height: 0; border-top: 2px solid transparent; border-left: 6px solid #f4f4f4; border-bottom: 2px solid transparent; transform: translateX(16px) translateY(-4px) rotate(30deg)"></div></div><div style="margin-left: auto;"> <div style=" width: 0px; border-top: 8px solid #F4F4F4; border-right: 8px solid transparent; transform: translateY(16px);"></div> <div style=" background-color: #F4F4F4; flex-grow: 0; height: 12px; width: 16px; transform: translateY(-4px);"></div> <div style=" width: 0; height: 0; border-top: 8px solid #F4F4F4; border-left: 8px solid transparent; transform: translateY(-4px) translateX(8px);"></div></div></div></a> <p style=" margin:8px 0 0 0; padding:0 4px;"> <a href="https://www.instagram.com/p/BpmueLLgEn_/?utm_source=ig_embed&amp;utm_medium=loading" style=" color:#000; font-family:Arial,sans-serif; font-size:14px; font-style:normal; font-weight:normal; line-height:17px; text-decoration:none; word-wrap:break-word;" target="_blank">Happy Halloween!! For this Halloween edition of #WapuuWednesday, we&#39;ve chose Vampuu. Vampuu comes to us from WordCamp Philly 2017.</a></p> <p style=" color:#c9c8cd; font-family:Arial,sans-serif; font-size:14px; line-height:17px; margin-bottom:0; margin-top:8px; overflow:hidden; padding:8px 0 7px; text-align:center; text-overflow:ellipsis; white-space:nowrap;">A post shared by <a href="https://www.instagram.com/wordcampus/?utm_source=ig_embed&amp;utm_medium=loading" style=" color:#c9c8cd; font-family:Arial,sans-serif; font-size:14px; font-style:normal; font-weight:normal; line-height:17px;" target="_blank"> WordCamp US</a> (@wordcampus) on <time style=" font-family:Arial,sans-serif; font-size:14px; line-height:17px;" datetime="2018-10-31T17:00:37+00:00">Oct 31, 2018 at 10:00am PDT</time></p></div></blockquote><script async src="//www.instagram.com/embed.js"></script>]]></wp:meta_value>
		</wp:postmeta>
							<wp:postmeta>
		<wp:meta_key><![CDATA[_oembed_time_915f84bafbd1c86d8d5092d985805e15]]></wp:meta_key>
		<wp:meta_value><![CDATA[1541092485]]></wp:meta_value>
		</wp:postmeta>
							<wp:postmeta>
		<wp:meta_key><![CDATA[_oembed_e77958e689d5721871a80e7c8a612eb8]]></wp:meta_key>
		<wp:meta_value><![CDATA[<iframe width='1170' height='658' src='https://videopress.com/embed/r0l8GmDi?hd=0' frameborder='0' allowfullscreen></iframe><script src='https://v0.wordpress.com/js/next/videopress-iframe.js?m=1435166243'></script>]]></wp:meta_value>
		</wp:postmeta>
							<wp:postmeta>
		<wp:meta_key><![CDATA[_oembed_time_e77958e689d5721871a80e7c8a612eb8]]></wp:meta_key>
		<wp:meta_value><![CDATA[1541092486]]></wp:meta_value>
		</wp:postmeta>
							</item>
					<item>
		<title><![CDATA[Block: Columns]]></title>
		<link>http://localhost/sass-wp/column-blocks/</link>
		<pubDate>Fri, 02 Nov 2018 12:10:00 +0000</pubDate>
		<dc:creator><![CDATA[webmaster]]></dc:creator>
		<guid isPermaLink="false">https://wpthemetestdata.wordpress.com/?p=1743</guid>
		<description></description>
		<content:encoded><![CDATA[<!-- wp:columns -->
<div class="wp-block-columns"><!-- wp:column -->
<div class="wp-block-column"><!-- wp:paragraph -->
<p>This page tests how the theme displays the columns block. The first block tests a two column block with paragraphs.</p>
<!-- /wp:paragraph --></div>
<!-- /wp:column -->

<!-- wp:column -->
<div class="wp-block-column"><!-- wp:paragraph -->
<p>This is the <strong>second</strong> column. It should align next to the first column. Reduce the browser window width to test the responsiveness.</p>
<!-- /wp:paragraph --></div>
<!-- /wp:column --></div>
<!-- /wp:columns -->

<!-- wp:columns -->
<div class="wp-block-columns"><!-- wp:column -->
<div class="wp-block-column"><!-- wp:paragraph -->
<p>This is the second column block. It has <strong>3</strong> columns.</p>
<!-- /wp:paragraph --></div>
<!-- /wp:column -->

<!-- wp:column -->
<div class="wp-block-column"><!-- wp:paragraph -->
<p>Paragraph 2 is in the middle.</p>
<!-- /wp:paragraph --></div>
<!-- /wp:column -->

<!-- wp:column -->
<div class="wp-block-column"><!-- wp:paragraph -->
<p>Paragraph 3 is in the last column.</p>
<!-- /wp:paragraph --></div>
<!-- /wp:column --></div>
<!-- /wp:columns -->

<!-- wp:columns -->
<div class="wp-block-columns"><!-- wp:column -->
<div class="wp-block-column"><!-- wp:paragraph -->
<p> The third column block has <strong>4</strong> columns. Make sure that all the text is visible and that it is not cut off. </p>
<!-- /wp:paragraph --></div>
<!-- /wp:column -->

<!-- wp:column -->
<div class="wp-block-column"><!-- wp:paragraph -->
<p>Now the columns are getting narrower.</p>
<!-- /wp:paragraph --></div>
<!-- /wp:column -->

<!-- wp:column -->
<div class="wp-block-column"><!-- wp:paragraph -->
<p>The margins between the columns should be wide enough,</p>
<!-- /wp:paragraph --></div>
<!-- /wp:column -->

<!-- wp:column -->
<div class="wp-block-column"><!-- wp:paragraph -->
<p>so that the content of the columns does not run into or overlap each other.</p>
<!-- /wp:paragraph --></div>
<!-- /wp:column --></div>
<!-- /wp:columns -->

<!-- wp:columns -->
<div class="wp-block-columns"><!-- wp:column -->
<div class="wp-block-column"><!-- wp:paragraph -->
<p>Column one.</p>
<!-- /wp:paragraph --></div>
<!-- /wp:column -->

<!-- wp:column -->
<div class="wp-block-column"><!-- wp:paragraph -->
<p>Column two.</p>
<!-- /wp:paragraph --></div>
<!-- /wp:column -->

<!-- wp:column -->
<div class="wp-block-column"><!-- wp:paragraph -->
<p>Column three.</p>
<!-- /wp:paragraph --></div>
<!-- /wp:column -->

<!-- wp:column -->
<div class="wp-block-column"><!-- wp:paragraph -->
<p>Column four.</p>
<!-- /wp:paragraph --></div>
<!-- /wp:column -->

<!-- wp:column -->
<div class="wp-block-column"><!-- wp:paragraph -->
<p>Column <strong>five</strong>.</p>
<!-- /wp:paragraph --></div>
<!-- /wp:column --></div>
<!-- /wp:columns -->

<!-- wp:paragraph -->
<p>To change the number of columns, select the column block to open the settings panel. You can show up to 6 columns. If the theme has support for wide align, you can also set the alignments to wide and full width.</p>
<!-- /wp:paragraph -->

<!-- wp:paragraph -->
<p>Below is a column block with six columns, and no alignment:</p>
<!-- /wp:paragraph -->

<!-- wp:columns -->
<div class="wp-block-columns"><!-- wp:column -->
<div class="wp-block-column"><!-- wp:paragraph -->
<p>Column one.</p>
<!-- /wp:paragraph --></div>
<!-- /wp:column -->

<!-- wp:column -->
<div class="wp-block-column"><!-- wp:paragraph -->
<p>Column two.</p>
<!-- /wp:paragraph --></div>
<!-- /wp:column -->

<!-- wp:column -->
<div class="wp-block-column"><!-- wp:paragraph -->
<p>Column three.</p>
<!-- /wp:paragraph --></div>
<!-- /wp:column -->

<!-- wp:column -->
<div class="wp-block-column"><!-- wp:paragraph -->
<p>Column four.</p>
<!-- /wp:paragraph --></div>
<!-- /wp:column -->

<!-- wp:column -->
<div class="wp-block-column"><!-- wp:paragraph -->
<p>Column five.</p>
<!-- /wp:paragraph --></div>
<!-- /wp:column -->

<!-- wp:column -->
<div class="wp-block-column"><!-- wp:paragraph -->
<p>Column six.</p>
<!-- /wp:paragraph --></div>
<!-- /wp:column --></div>
<!-- /wp:columns -->

<!-- wp:paragraph -->
<p>Next is a 3 column block, with a wide alignment:</p>
<!-- /wp:paragraph -->

<!-- wp:columns {"align":"wide"} -->
<div class="wp-block-columns alignwide"><!-- wp:column -->
<div class="wp-block-column"><!-- wp:paragraph -->
<p>Column one.</p>
<!-- /wp:paragraph --></div>
<!-- /wp:column -->

<!-- wp:column -->
<div class="wp-block-column"><!-- wp:paragraph -->
<p>Column two.</p>
<!-- /wp:paragraph --></div>
<!-- /wp:column -->

<!-- wp:column -->
<div class="wp-block-column"><!-- wp:paragraph -->
<p>Column three.</p>
<!-- /wp:paragraph --></div>
<!-- /wp:column --></div>
<!-- /wp:columns -->

<!-- wp:paragraph -->
<p>And here is a two column block with full width, and a longer text. Make sure that the text wraps correctly.</p>
<!-- /wp:paragraph -->

<!-- wp:columns {"align":"full","className":"has-2-columns"} -->
<div class="wp-block-columns alignfull has-2-columns"><!-- wp:column -->
<div class="wp-block-column"><!-- wp:paragraph -->
<p>This is column one. Sometimes, you may want to use columns to display a larger text, so, lets add some <strong>more words</strong>.   Lorem ipsum dolor sit amet, consectetuer adipiscing elit. Donec mollis. Quisque convallis libero in sapien pharetra tincidunt. Aliquam elit ante, malesuada id, tempor eu, gravida id, odio. Maecenas suscipit, risus et eleifend imperdiet, nisi orci ullamcorper massa, et adipiscing orci velit quis magna. Praesent sit amet ligula id orci venenatis auctor. Phasellus porttitor, metus non tincidunt dapibus, orci pede pretium neque, sit amet adipiscing ipsum lectus et libero. <em>Aenean</em> bibendum. Curabitur mattis quam id urna. Vivamus dui. Donec nonummy lacinia lorem. Cras risus arcu, sodales ac, ultrices ac, mollis quis, justo. Sed a libero. Quisque risus erat, posuere at, tristique non, lacinia quis, eros.</p>
<!-- /wp:paragraph --></div>
<!-- /wp:column -->

<!-- wp:column -->
<div class="wp-block-column"><!-- wp:paragraph -->
<p><strong>Column two.</strong> Cras volutpat, lacus quis semper pharetra, nisi enim dignissim est, et sollicitudin quam ipsum vel mi. Sed commodo urna ac urna. Nullam eu tortor. Curabitur sodales scelerisque magna. Donec ultricies tristique pede. Nullam libero. Nam sollicitudin f<em>elis vel metus. Nullam posuere molestie metus. Nullam molestie, nunc id suscipit rhoncus, felis mi </em>vulputate lacus, a ultrices tortor dolor eget augue. Aenean ultricies felis ut turpis. Lorem ipsum dolor sit amet, consectetuer adipiscing elit. Suspendisse placerat tellus ac nulla. Proin adipiscing sem ac risus. Maecenas nisi. Cras semper.</p>
<!-- /wp:paragraph --></div>
<!-- /wp:column --></div>
<!-- /wp:columns -->

<!-- wp:paragraph -->
<p>We can also add blocks inside columns:</p>
<!-- /wp:paragraph -->

<!-- wp:columns {"align":"wide"} -->
<div class="wp-block-columns alignwide"><!-- wp:column -->
<div class="wp-block-column"><!-- wp:list {"ordered":true} -->
<ol><li>This is a numbered list,</li><li>inside a 3 column block</li><li>with a wide alignment.</li></ol>
<!-- /wp:list --></div>
<!-- /wp:column -->

<!-- wp:column -->
<div class="wp-block-column"><!-- wp:paragraph -->
<p>The middle column has a paragraph with an image block below.</p>
<!-- /wp:paragraph -->

<!-- wp:image {"id":611} -->
<figure class="wp-block-image"><img src="http://localhost/sass-wp/wp-content/uploads/2008/06/canola2.jpg" alt="canola" class="wp-image-611"/><figcaption>Lorem ipsum dolor sit amet, consectetuer adipiscing elit. Donec mollis. Quisque convallis libero in sapien pharetra tincidunt. Aliquam elit ante, malesuada id, tempor eu, gravida id, odio. Maecenas suscipit, risus et eleifend imperdiet, nisi orci ullamcorper massa, et adipiscing orci velit quis magna.</figcaption></figure>
<!-- /wp:image --></div>
<!-- /wp:column -->

<!-- wp:column -->
<div class="wp-block-column"><!-- wp:quote -->
<blockquote class="wp-block-quote"><p>-This third column has a quote</p><cite>Theme Reviewer<br></cite></blockquote>
<!-- /wp:quote --></div>
<!-- /wp:column --></div>
<!-- /wp:columns -->

<!-- wp:paragraph -->
<p><strong>But wait there is more!</strong>&nbsp; We also have a block called <em>Media &amp; Text,</em> which is a two column block that helps you display media and text content next to each other, without having to first setup a column block:</p>
<!-- /wp:paragraph -->

<!-- wp:media-text {"mediaId":617,"mediaType":"image"} -->
<div class="wp-block-media-text alignwide"><figure class="wp-block-media-text__media"><img src="http://localhost/sass-wp/wp-content/uploads/2008/06/dsc20050813_115856_52.jpg" alt="dsc20050813_115856_52" class="wp-image-617"/></figure><div class="wp-block-media-text__content"><!-- wp:paragraph {"placeholder":"Contentâ¦","fontSize":"large"} -->
<p class="has-large-font-size">Media &amp; Text</p>
<!-- /wp:paragraph -->

<!-- wp:paragraph -->
<p>A paragraph block sits ready to be used, below your headline.</p>
<!-- /wp:paragraph -->

<!-- wp:paragraph -->
<p></p>
<!-- /wp:paragraph --></div></div>
<!-- /wp:media-text -->]]></content:encoded>
		<excerpt:encoded><![CDATA[]]></excerpt:encoded>
		<wp:post_id>1743</wp:post_id>
		<wp:post_date><![CDATA[2018-11-02 12:10:00]]></wp:post_date>
		<wp:post_date_gmt><![CDATA[2018-11-02 12:10:00]]></wp:post_date_gmt>
		<wp:post_modified><![CDATA[2018-11-02 12:10:00]]></wp:post_modified>
		<wp:post_modified_gmt><![CDATA[2018-11-02 12:10:00]]></wp:post_modified_gmt>
		<wp:comment_status><![CDATA[open]]></wp:comment_status>
		<wp:ping_status><![CDATA[open]]></wp:ping_status>
		<wp:post_name><![CDATA[column-blocks]]></wp:post_name>
		<wp:status><![CDATA[publish]]></wp:status>
		<wp:post_parent>0</wp:post_parent>
		<wp:menu_order>0</wp:menu_order>
		<wp:post_type><![CDATA[post]]></wp:post_type>
		<wp:post_password><![CDATA[]]></wp:post_password>
		<wp:is_sticky>0</wp:is_sticky>
										<category domain="category" nicename="block"><![CDATA[Block]]></category>
		<category domain="post_tag" nicename="columns"><![CDATA[Columns]]></category>
		<category domain="post_tag" nicename="content"><![CDATA[content ÏÎµÏÎ¹ÎµÏÏÎ¼ÎµÎ½Î¿]]></category>
						</item>
					<item>
		<title><![CDATA[Block: Cover]]></title>
		<link>http://localhost/sass-wp/block-cover/</link>
		<pubDate>Sat, 03 Nov 2018 12:25:00 +0000</pubDate>
		<dc:creator><![CDATA[webmaster]]></dc:creator>
		<guid isPermaLink="false">https://wpthemetestdata.wordpress.com/?p=1745</guid>
		<description></description>
		<content:encoded><![CDATA[
    <!-- wp:cover {"url":"http://localhost/sass-wp/wp-content/uploads/2008/06/dsc20050102_192118_51.jpg","align":"left","id":761} -->
<div class="wp-block-cover has-background-dim alignleft" style="background-image:url(http://localhost/sass-wp/wp-content/uploads/2008/06/dsc20050102_192118_51.jpg)"><p class="wp-block-cover-text">This is a left aligned cover block with a background image.</p></div>
<!-- /wp:cover -->

<!-- wp:paragraph -->
<p>The cover block lets you add text on top of images or videos.</p>
<!-- /wp:paragraph -->

<!-- wp:paragraph -->
<p>This blocktype has several alignment options, and you can also align or center the text inside the block.</p>
<!-- /wp:paragraph -->

<!-- wp:paragraph -->
<p>The background image can be fixed and you can change its opacity and add an overlay color.</p>
<!-- /wp:paragraph -->

<!-- wp:paragraph -->
<p>Make sure that the text wraps correctly over the image, and that text markup and alignments are working.</p>
<!-- /wp:paragraph -->

<!-- wp:paragraph -->
<p>The next image should have a pink overlay color, the text should be bold and aligned to the left:</p>
<!-- /wp:paragraph -->

<!-- wp:cover {"url":"http://localhost/sass-wp/wp-content/uploads/2008/06/canola2.jpg","align":"center","contentAlign":"left","id":611,"overlayColor":"pale-pink"} -->
<div class="wp-block-cover has-pale-pink-background-color has-background-dim has-left-content aligncenter" style="background-image:url(http://localhost/sass-wp/wp-content/uploads/2008/06/canola2.jpg)"><p class="wp-block-cover-text"><strong>A center aligned cover image block, with a left aligned text.</strong></p></div>
<!-- /wp:cover -->

<!-- wp:cover {"url":"http://localhost/sass-wp/wp-content/uploads/2008/06/dsc04563.jpg","align":"full","id":759,"hasParallax":true,"dimRatio":20} -->
<div class="wp-block-cover has-background-dim-20 has-background-dim has-parallax alignfull" style="background-image:url(http://localhost/sass-wp/wp-content/uploads/2008/06/dsc04563.jpg)"><p class="wp-block-cover-text">This is a full width cover block with a fixed background image with a 20% opacity.</p></div>
<!-- /wp:cover -->

<!-- wp:paragraph {"align":"center"} -->
<p style="text-align:center">Make sure that all the text is readable.</p>
<!-- /wp:paragraph -->

<!-- wp:cover {"url":"http://localhost/sass-wp/wp-content/uploads/2008/06/dsc03149.jpg","align":"wide","id":758} -->
<div class="wp-block-cover has-background-dim alignwide" style="background-image:url(http://localhost/sass-wp/wp-content/uploads/2008/06/dsc03149.jpg)"><p class="wp-block-cover-text">Our last cover image block has a wide width.</p></div>
<!-- /wp:cover -->

<!-- wp:cover {"url":"http://localhost/sass-wp/wp-content/uploads/2013/12/2014-slider-mobile-behavior.mov","align":"wide","id":1800,"backgroundType":"video"} -->
<div class="wp-block-cover has-background-dim alignwide"><video class="wp-block-cover__video-background" autoplay muted loop src="http://localhost/sass-wp/wp-content/uploads/2013/12/2014-slider-mobile-behavior.mov"></video><p class="wp-block-cover-text">This is a wide cover block with a video background.</p></div>
<!-- /wp:cover -->

<!-- wp:cover {"url":"http://localhost/sass-wp/wp-content/uploads/2013/12/2014-slider-mobile-behavior.mov","align":"center","id":1800,"backgroundType":"video"} -->
<div class="wp-block-cover has-background-dim aligncenter"><video class="wp-block-cover__video-background" autoplay muted loop src="http://localhost/sass-wp/wp-content/uploads/2013/12/2014-slider-mobile-behavior.mov"></video><p class="wp-block-cover-text">Compare the video and image blocks.<br>This block is centered.</p></div>
<!-- /wp:cover -->

<!-- wp:paragraph -->
<p>The block below has no alignment, and the text is a link. Overlay colors must also work with video backgrounds.</p>
<!-- /wp:paragraph -->

<!-- wp:cover {"url":"http://localhost/sass-wp/wp-content/uploads/2013/12/2014-slider-mobile-behavior.mov","id":1800,"dimRatio":60,"customOverlayColor":"#f4399d","backgroundType":"video"} -->
<div class="wp-block-cover has-background-dim-60 has-background-dim" style="background-color:#f4399d"><video class="wp-block-cover__video-background" autoplay muted loop src="http://localhost/sass-wp/wp-content/uploads/2013/12/2014-slider-mobile-behavior.mov"></video><p class="wp-block-cover-text"><a href="https://wordpress.org/gutenberg/">This page needed more pink</a>. </p></div>
<!-- /wp:cover -->]]></content:encoded>
		<excerpt:encoded><![CDATA[]]></excerpt:encoded>
		<wp:post_id>1745</wp:post_id>
		<wp:post_date><![CDATA[2018-11-03 12:25:00]]></wp:post_date>
		<wp:post_date_gmt><![CDATA[2018-11-03 12:25:00]]></wp:post_date_gmt>
		<wp:post_modified><![CDATA[2018-11-03 12:25:00]]></wp:post_modified>
		<wp:post_modified_gmt><![CDATA[2018-11-03 12:25:00]]></wp:post_modified_gmt>
		<wp:comment_status><![CDATA[open]]></wp:comment_status>
		<wp:ping_status><![CDATA[open]]></wp:ping_status>
		<wp:post_name><![CDATA[block-cover]]></wp:post_name>
		<wp:status><![CDATA[publish]]></wp:status>
		<wp:post_parent>0</wp:post_parent>
		<wp:menu_order>0</wp:menu_order>
		<wp:post_type><![CDATA[post]]></wp:post_type>
		<wp:post_password><![CDATA[]]></wp:post_password>
		<wp:is_sticky>0</wp:is_sticky>
										<category domain="category" nicename="block"><![CDATA[Block]]></category>
		<category domain="post_tag" nicename="image"><![CDATA[image]]></category>
						</item>
					<item>
		<title><![CDATA[Block: Button]]></title>
		<link>http://localhost/sass-wp/block-button/</link>
		<pubDate>Sat, 03 Nov 2018 13:20:00 +0000</pubDate>
		<dc:creator><![CDATA[webmaster]]></dc:creator>
		<guid isPermaLink="false">https://wpthemetestdata.wordpress.com/?p=1747</guid>
		<description></description>
		<content:encoded><![CDATA[<!-- wp:paragraph -->
<p>Button blocks are not semantically <em>buttons</em>, but links inside a styled div.&nbsp;</p>
<!-- /wp:paragraph -->

<!-- wp:paragraph {"align":"left"} -->
<p style="text-align:left">If you do not add a link, a link tag without an anchor will be used.</p>
<!-- /wp:paragraph -->

<!-- wp:button {"align":"left"} -->
<div class="wp-block-button alignleft"><a class="wp-block-button__link">Left aligned<br></a></div>
<!-- /wp:button -->

<!-- wp:paragraph -->
<p>Check to make sure that the text wraps correctly when the button has more than one line of text, and when it is extra long.</p>
<!-- /wp:paragraph -->

<!-- wp:button {"align":"center"} -->
<div class="wp-block-button aligncenter"><a class="wp-block-button__link">A centered button with <br>more than <br>one line of text</a></div>
<!-- /wp:button -->

<!-- wp:paragraph -->
<p>Buttons have three styles:&nbsp;</p>
<!-- /wp:paragraph -->

<!-- wp:button -->
<div class="wp-block-button"><a class="wp-block-button__link">Rounded</a></div>
<!-- /wp:button -->

<!-- wp:button {"className":"is-style-outline"} -->
<div class="wp-block-button is-style-outline"><a class="wp-block-button__link">Outline<br></a></div>
<!-- /wp:button -->

<!-- wp:button {"className":"is-style-squared"} -->
<div class="wp-block-button is-style-squared"><a class="wp-block-button__link">Square<br></a></div>
<!-- /wp:button -->

<!-- wp:paragraph -->
<p>If the theme has a custom color palette, test that background color and text color settings work correctly.&nbsp;</p>
<!-- /wp:paragraph -->

<!-- wp:button -->
<div class="wp-block-button"><a class="wp-block-button__link" href="https://wordpress.org/gutenberg/handbook/extensibility/theme-support/#block-color-palette">Read more about the color palettes in the handbook.</a></div>
<!-- /wp:button -->

<!-- wp:paragraph -->
<p>Now lets test how buttons display together with large texts.</p>
<!-- /wp:paragraph -->

<!-- wp:paragraph -->
<p>Lorem ipsum dolor sit amet, consectetuer adipiscing elit. Donec mollis. Quisque convallis libero in sapien pharetra tincidunt. Aliquam elit ante, malesuada id, tempor eu, gravida id, odio. </p>
<!-- /wp:paragraph -->

<!-- wp:button {"align":"right"} -->
<div class="wp-block-button alignright"><a class="wp-block-button__link">Right aligned<br></a></div>
<!-- /wp:button -->

<!-- wp:paragraph -->
<p>Maecenas suscipit, risus et eleifend imperdiet, nisi orci ullamcorper massa, et adipiscing orci velit quis magna. Praesent sit amet ligula id orci venenatis auctor. Phasellus porttitor, metus non tincidunt dapibus, orci pede pretium neque, sit amet adipiscing ipsum lectus et libero. Aenean bibendum. Curabitur mattis quam id urna. </p>
<!-- /wp:paragraph -->

<!-- wp:button {"align":"left"} -->
<div class="wp-block-button alignleft"><a class="wp-block-button__link">Left aligned<br></a></div>
<!-- /wp:button -->

<!-- wp:paragraph -->
<p>Vivamus dui. Donec nonummy lacinia lorem. Cras risus arcu, sodales ac, ultrices ac, mollis quis, justo. Sed a libero. Quisque risus erat, posuere at, tristique non, lacinia quis, eros.</p>
<!-- /wp:paragraph -->]]></content:encoded>
		<excerpt:encoded><![CDATA[]]></excerpt:encoded>
		<wp:post_id>1747</wp:post_id>
		<wp:post_date><![CDATA[2018-11-03 13:20:00]]></wp:post_date>
		<wp:post_date_gmt><![CDATA[2018-11-03 13:20:00]]></wp:post_date_gmt>
		<wp:post_modified><![CDATA[2018-11-03 13:20:00]]></wp:post_modified>
		<wp:post_modified_gmt><![CDATA[2018-11-03 13:20:00]]></wp:post_modified_gmt>
		<wp:comment_status><![CDATA[open]]></wp:comment_status>
		<wp:ping_status><![CDATA[open]]></wp:ping_status>
		<wp:post_name><![CDATA[block-button]]></wp:post_name>
		<wp:status><![CDATA[publish]]></wp:status>
		<wp:post_parent>0</wp:post_parent>
		<wp:menu_order>0</wp:menu_order>
		<wp:post_type><![CDATA[post]]></wp:post_type>
		<wp:post_password><![CDATA[]]></wp:post_password>
		<wp:is_sticky>0</wp:is_sticky>
										<category domain="category" nicename="block"><![CDATA[Block]]></category>
		<category domain="post_tag" nicename="content"><![CDATA[content ÏÎµÏÎ¹ÎµÏÏÎ¼ÎµÎ½Î¿]]></category>
						</item>
					<item>
		<title><![CDATA[Block: Quote]]></title>
		<link>http://localhost/sass-wp/block-quotes/</link>
		<pubDate>Thu, 01 Nov 2018 15:28:56 +0000</pubDate>
		<dc:creator><![CDATA[webmaster]]></dc:creator>
		<guid isPermaLink="false">https://wpthemetestdata.wordpress.com/?p=1749</guid>
		<description></description>
		<content:encoded><![CDATA[<!-- wp:paragraph -->
<p>The quote block has two styles,&nbsp;regular:</p>
<!-- /wp:paragraph -->

<!-- wp:quote -->
<blockquote class="wp-block-quote"><p>Gutenberg is more than an editor.</p><cite>The Gutenberg Team<br></cite></blockquote>
<!-- /wp:quote -->

<!-- wp:paragraph -->
<p>and large:</p>
<!-- /wp:paragraph -->

<!-- wp:quote {"className":"is-style-large"} -->
<blockquote class="wp-block-quote is-style-large"><p>Yes, it is a press, certainly, but a press from which shall flow in inexhaustible streams, the most abundant and most marvelous liquor that has ever flowed to relieve the thirst of men! </p><cite><br><em>Johannes Gutenberg</em><br></cite></blockquote>
<!-- /wp:quote -->

<!-- wp:paragraph -->
<p>The quote blocks themselves have no alignments but the text can be aligned, bold, italic, and linked:</p>
<!-- /wp:paragraph -->

<!-- wp:quote {"align":"right","className":"extraclass"} -->
<blockquote class="wp-block-quote has-text-align-right extraclass"><p><strong><em><a href="https://developer.wordpress.org/block-editor/developers/themes/theme-support/">Right</a></em></strong></p><cite>Theme Review<br></cite></blockquote>
<!-- /wp:quote -->

<!-- wp:paragraph -->
<p>In addition to the quote block, we also have the <em>pull quote</em>, with a regular and a solid color style.</p>
<!-- /wp:paragraph -->

<!-- wp:paragraph -->
<p>You can change the color of the border and the text with the regular style:</p>
<!-- /wp:paragraph -->

<!-- wp:pullquote {"customMainColor":"#b80000","textColor":"light-gray"} -->
<figure class="wp-block-pullquote" style="border-color:#b80000"><blockquote class="has-text-color has-light-gray-color"><p>In addition to the quote block, we also have the pull quote.</p><cite>Theme Reviewer</cite></blockquote></figure>
<!-- /wp:pullquote -->

<!-- wp:paragraph -->
<p>Or change the background color and text color with the solid color style:</p>
<!-- /wp:paragraph -->

<!-- wp:pullquote {"mainColor":"cyan-bluish-gray","textColor":"very-dark-gray","className":"has-cyan-bluish-gray-background-color is-style-solid-color"} -->
<figure class="wp-block-pullquote has-background has-cyan-bluish-gray-background-color is-style-solid-color"><blockquote class="has-text-color has-very-dark-gray-color"><p>a solid color style</p><cite>Theme Reviewer</cite></blockquote></figure>
<!-- /wp:pullquote -->]]></content:encoded>
		<excerpt:encoded><![CDATA[]]></excerpt:encoded>
		<wp:post_id>1749</wp:post_id>
		<wp:post_date><![CDATA[2018-11-01 15:28:56]]></wp:post_date>
		<wp:post_date_gmt><![CDATA[2018-11-01 15:28:56]]></wp:post_date_gmt>
		<wp:post_modified><![CDATA[2018-11-01 15:28:56]]></wp:post_modified>
		<wp:post_modified_gmt><![CDATA[2018-11-01 15:28:56]]></wp:post_modified_gmt>
		<wp:comment_status><![CDATA[open]]></wp:comment_status>
		<wp:ping_status><![CDATA[open]]></wp:ping_status>
		<wp:post_name><![CDATA[block-quotes]]></wp:post_name>
		<wp:status><![CDATA[publish]]></wp:status>
		<wp:post_parent>0</wp:post_parent>
		<wp:menu_order>0</wp:menu_order>
		<wp:post_type><![CDATA[post]]></wp:post_type>
		<wp:post_password><![CDATA[]]></wp:post_password>
		<wp:is_sticky>0</wp:is_sticky>
										<category domain="category" nicename="block"><![CDATA[Block]]></category>
		<category domain="post_tag" nicename="content"><![CDATA[content ÏÎµÏÎ¹ÎµÏÏÎ¼ÎµÎ½Î¿]]></category>
						</item>
					<item>
		<title><![CDATA[Block: Gallery]]></title>
		<link>http://localhost/sass-wp/block-gallery/</link>
		<pubDate>Sat, 03 Nov 2018 03:55:09 +0000</pubDate>
		<dc:creator><![CDATA[webmaster]]></dc:creator>
		<guid isPermaLink="false">https://wpthemetestdata.wordpress.com/?p=1752</guid>
		<description></description>
		<content:encoded><![CDATA[<!-- wp:paragraph -->
<p>Gallery blocks have two settings: the number of columns, and whether or not images should be cropped. The default number of columns is three, and the maximum number of columns is eight.</p>
<!-- /wp:paragraph -->

<!-- wp:paragraph -->
<p>Below is a three column gallery at full width, with cropped images.</p>
<!-- /wp:paragraph -->

<!-- wp:gallery {"ids":[],"linkTo":"attachment","className":"alignfull"} -->
<figure class="wp-block-gallery columns-3 is-cropped alignfull"><ul class="blocks-gallery-grid"><li class="blocks-gallery-item"><figure><a href="https://wpthemetestdata.wordpress.com/2010/09/10/post-format-gallery/canola2/"><img src="http://localhost/sass-wp/wp-content/uploads/2008/06/canola2.jpg" alt="canola" data-id="611" data-link="https://wpthemetestdata.wordpress.com/2010/09/10/post-format-gallery/canola2/" class="wp-image-611"/></a><figcaption class="blocks-gallery-item__caption">Lorem ipsum dolor sit amet, consectetuer adipiscing elit. Donec mollis. Quisque convallis libero in sapien pharetra tincidunt. Aliquam elit ante, malesuada id, tempor eu, gravida id, odio. Maecenas suscipit, risus et eleifend imperdiet, nisi orci ullamcorper massa, 
et adipiscing orci velit quis magna.</figcaption></figure></li><li class="blocks-gallery-item"><figure><a href="https://wpthemetestdata.wordpress.com/2010/09/10/post-format-gallery/cep00032/"><img src="http://localhost/sass-wp/wp-content/uploads/2008/06/cep00032.jpg" alt="Sunburst Over River" data-id="756" data-link="https://wpthemetestdata.wordpress.com/2010/09/10/post-format-gallery/cep00032/" class="wp-image-756"/></a><figcaption class="blocks-gallery-item__caption">Sunburst over the Clinch River, 
Southwest Virginia.</figcaption></figure></li><li class="blocks-gallery-item"><figure><a href="https://wpthemetestdata.wordpress.com/2010/09/10/post-format-gallery/dsc02085/"><img src="http://localhost/sass-wp/wp-content/uploads/2008/06/dsc02085.jpg" alt="Orange Iris" data-id="763" data-link="https://wpthemetestdata.wordpress.com/2010/09/10/post-format-gallery/dsc02085/" class="wp-image-763"/></a><figcaption class="blocks-gallery-item__caption">Orange Iris</figcaption></figure></li><li class="blocks-gallery-item"><figure><a href="https://wpthemetestdata.wordpress.com/2010/09/10/post-format-gallery/dcp_2082/"><img src="http://localhost/sass-wp/wp-content/uploads/2008/06/dcp_2082.jpg" alt="Boardwalk" data-id="757" data-link="https://wpthemetestdata.wordpress.com/2010/09/10/post-format-gallery/dcp_2082/" class="wp-image-757"/></a><figcaption class="blocks-gallery-item__caption">Boardwalk at Westport, WA</figcaption></figure></li><li class="blocks-gallery-item"><figure><a href="https://wpthemetestdata.wordpress.com/2010/09/10/post-format-gallery/100_5478/"><img src="http://localhost/sass-wp/wp-content/uploads/2008/06/100_5478.jpg" alt="Bell on Wharf" data-id="754" data-link="https://wpthemetestdata.wordpress.com/2010/09/10/post-format-gallery/100_5478/" class="wp-image-754"/></a><figcaption class="blocks-gallery-item__caption">Bell on wharf in San 
Francisco</figcaption></figure></li><li class="blocks-gallery-item"><figure><a href="https://wpthemetestdata.wordpress.com/2010/09/10/post-format-gallery/img_0767/"><img src="http://localhost/sass-wp/wp-content/uploads/2008/06/img_0767.jpg" alt="Huatulco Coastline" data-id="770" data-link="https://wpthemetestdata.wordpress.com/2010/09/10/post-format-gallery/img_0767/" class="wp-image-770"/></a><figcaption class="blocks-gallery-item__caption">Coastline in Huatulco, Oaxaca, Mexico</figcaption></figure></li></ul><figcaption class="blocks-gallery-caption"><em>(gallery caption)</em> 3 column, full width, cropped, <strong>linked to attachment pages</strong></figcaption></figure>
<!-- /wp:gallery -->

<!-- wp:gallery {"ids":[],"columns":2,"linkTo":"media","className":"alignleft extraclass"} -->
<figure class="wp-block-gallery columns-2 is-cropped alignleft extraclass"><ul class="blocks-gallery-grid"><li class="blocks-gallery-item"><figure><a href="http://localhost/sass-wp/wp-content/uploads/2014/01/spectacles.gif"><img src="http://localhost/sass-wp/wp-content/uploads/2014/01/spectacles.gif" alt="" data-id="1692" data-link="https://wpthemetestdata.wordpress.com/about/clearing-floats/spectacles-2/" class="wp-image-1692"/></a></figure></li><li class="blocks-gallery-item"><figure><a href="http://localhost/sass-wp/wp-content/uploads/2012/12/unicorn-wallpaper.jpg"><img src="http://localhost/sass-wp/wp-content/uploads/2012/12/unicorn-wallpaper.jpg" alt="Unicorn Wallpaper" data-id="1045" data-link="https://wpthemetestdata.wordpress.com/2010/08/08/post-format-image/unicorn-wallpaper/" class="wp-image-1045"/></a></figure></li><li class="blocks-gallery-item"><figure><a href="http://localhost/sass-wp/wp-content/uploads/2010/08/manhattansummer.jpg"><img src="http://localhost/sass-wp/wp-content/uploads/2010/08/manhattansummer.jpg" alt="" data-id="827" data-link="https://wpthemetestdata.wordpress.com/about/clearing-floats/olympus-digital-camera/" class="wp-image-827"/></a></figure></li><li class="blocks-gallery-item"><figure><a href="http://localhost/sass-wp/wp-content/uploads/2012/06/dsc20040724_152504_532.jpg"><img src="http://localhost/sass-wp/wp-content/uploads/2012/06/dsc20040724_152504_532.jpg" alt="" data-id="807" data-link="https://wpthemetestdata.wordpress.com/2010/09/10/post-format-gallery/dsc20040724_152504_532-2/" class="wp-image-807"/></a></figure></li><li class="blocks-gallery-item"><figure><a href="http://localhost/sass-wp/wp-content/uploads/2008/06/img_8399.jpg"><img src="http://localhost/sass-wp/wp-content/uploads/2008/06/img_8399.jpg" alt="Boat Barco Texture" data-id="771" data-link="https://wpthemetestdata.wordpress.com/2010/09/10/post-format-gallery/img_8399/" class="wp-image-771"/></a><figcaption class="blocks-gallery-item__caption">Boat BW PB Barco Texture Beautiful Fishing</figcaption></figure></li></ul></figure>
<!-- /wp:gallery -->

<!-- wp:paragraph -->
<p>Some more text for taking up space.</p>
<!-- /wp:paragraph -->

<!-- wp:paragraph -->
<p>A two column gallery, aligned to the left, linked to media file.</p>
<!-- /wp:paragraph -->

<!-- wp:paragraph -->
<p>In the editor, the image captions can be edited directly by clicking on the text.</p>
<!-- /wp:paragraph -->

<!-- wp:paragraph -->
<p>If the number of images cannot be divided into the number of columns you have selected, the default is to have the last image(s) automatically stretch to the width of your gallery.</p>
<!-- /wp:paragraph -->

<!-- wp:spacer {"height":70,"className":"clear"} -->
<div style="height:70px" aria-hidden="true" class="wp-block-spacer clear"></div>
<!-- /wp:spacer -->

<!-- wp:paragraph -->
<p>A four column gallery with a wide width:</p>
<!-- /wp:paragraph -->

<!-- wp:gallery {"ids":["1687","1691","768","611","617","616"],"columns":4,"className":"alignwide featured"} -->
<figure class="wp-block-gallery columns-4 is-cropped alignwide featured"><ul class="blocks-gallery-grid"><li class="blocks-gallery-item"><figure><img src="http://localhost/sass-wp/wp-content/uploads/2013/09/dsc20050604_133440_34211.jpg" alt="" data-id="1687" data-link="https://wpthemetestdata.wordpress.com/2010/09/10/post-format-gallery/dsc20050604_133440_34211/" class="wp-image-1687"/></figure></li><li class="blocks-gallery-item"><figure><img src="http://localhost/sass-wp/wp-content/uploads/2014/01/dsc20050315_145007_132.jpg" alt="" data-id="1691" data-link="https://wpthemetestdata.wordpress.com/2010/09/10/post-format-gallery/dsc20050315_145007_132-2/" class="wp-image-1691"/></figure></li><li class="blocks-gallery-item"><figure><img src="http://localhost/sass-wp/wp-content/uploads/2008/06/img_0513-1.jpg" alt="Huatulco Coastline" data-id="768" data-link="https://wpthemetestdata.wordpress.com/2010/09/10/post-format-gallery/alas-i-have-found-my-shangri-la/" class="wp-image-768"/><figcaption class="blocks-gallery-item__caption">Sunrise over the coast in Huatulco, Oaxaca, Mexico</figcaption></figure></li><li class="blocks-gallery-item"><figure><img src="http://localhost/sass-wp/wp-content/uploads/2008/06/canola2.jpg" alt="canola" data-id="611" data-link="https://wpthemetestdata.wordpress.com/2010/09/10/post-format-gallery/canola2/" class="wp-image-611"/><figcaption class="blocks-gallery-item__caption">
Lorem ipsum dolor sit amet, consectetuer adipiscing elit. Donec mollis. Quisque convallis libero in sapien pharetra tincidunt. Aliquam elit ante, malesuada id, 
tempor eu, gravida id, odio. Maecenas suscipit, risus et eleifend imperdiet, nisi orci ullamcorper massa, et adipiscing orci velit quis magna.</figcaption></figure></li><li class="blocks-gallery-item"><figure><img src="http://localhost/sass-wp/wp-content/uploads/2008/06/dsc20050813_115856_52.jpg" alt="dsc20050813_115856_52" data-id="617" data-link="https://wpthemetestdata.wordpress.com/2010/09/10/post-format-gallery/dsc20050813_115856_52/" class="wp-image-617"/></figure></li><li class="blocks-gallery-item"><figure><img src="http://localhost/sass-wp/wp-content/uploads/2008/06/dsc20050727_091048_222.jpg" alt="dsc20050727_091048_222" data-id="616" data-link="https://wpthemetestdata.wordpress.com/2010/09/10/post-format-gallery/dsc20050727_091048_222/" class="wp-image-616"/></figure></li></ul></figure>
<!-- /wp:gallery -->

<!-- wp:paragraph -->
<p>A five column gallery with normal  images:</p>
<!-- /wp:paragraph -->

<!-- wp:gallery {"ids":[],"columns":5,"imageCrop":false,"linkTo":"media"} -->
<figure class="wp-block-gallery columns-5"><ul class="blocks-gallery-grid"><li class="blocks-gallery-item"><figure><a href="http://localhost/sass-wp/wp-content/uploads/2013/03/featured-image-vertical.jpg"><img src="http://localhost/sass-wp/wp-content/uploads/2013/03/featured-image-vertical.jpg" alt="Horizontal Featured Image" data-id="1027" data-link="https://wpthemetestdata.wordpress.com/2012/03/15/template-featured-image-vertical/featured-image-vertical-2/" class="wp-image-1027"/></a></figure></li><li class="blocks-gallery-item"><figure><a href="http://localhost/sass-wp/wp-content/uploads/2013/03/image-alignment-300x200-1.jpg"><img src="http://localhost/sass-wp/wp-content/uploads/2013/03/image-alignment-300x200-1.jpg" alt="Image Alignment 300x200" data-id="1025" data-link="https://wpthemetestdata.wordpress.com/2013/01/10/markup-image-alignment/image-alignment-300x200/" class="wp-image-1025"/></a></figure></li><li class="blocks-gallery-item"><figure><a href="http://localhost/sass-wp/wp-content/uploads/2013/03/image-alignment-150x150-1.jpg"><img src="http://localhost/sass-wp/wp-content/uploads/2013/03/image-alignment-150x150-1.jpg" alt="Image Alignment 150x150" data-id="968" data-link="https://wpthemetestdata.wordpress.com/2013/01/10/markup-image-alignment/image-alignment-150x150/" class="wp-image-968"/></a></figure></li><li class="blocks-gallery-item"><figure><a href="http://localhost/sass-wp/wp-content/uploads/2013/03/image-alignment-580x300-1.jpg"><img src="http://localhost/sass-wp/wp-content/uploads/2013/03/image-alignment-580x300-1.jpg" alt="Image Alignment 580x300" data-id="967" data-link="https://wpthemetestdata.wordpress.com/2013/01/10/markup-image-alignment/image-alignment-580x300/" class="wp-image-967"/></a></figure></li><li class="blocks-gallery-item"><figure><a href="http://localhost/sass-wp/wp-content/uploads/2013/03/featured-image-horizontal.jpg"><img src="http://localhost/sass-wp/wp-content/uploads/2013/03/featured-image-horizontal.jpg" alt="Horizontal Featured Image" data-id="1022" data-link="https://wpthemetestdata.wordpress.com/2012/03/15/template-featured-image-horizontal/featured-image-horizontal-2/" class="wp-image-1022"/></a></figure></li><li class="blocks-gallery-item"><figure><a href="http://localhost/sass-wp/wp-content/uploads/2013/03/image-alignment-1200x4002-1.jpg"><img src="http://localhost/sass-wp/wp-content/uploads/2013/03/image-alignment-1200x4002-1.jpg" alt="Image Alignment 1200x4002" data-id="1029" data-link="https://wpthemetestdata.wordpress.com/2013/01/10/markup-image-alignment/image-alignment-1200x4002/" class="wp-image-1029"/></a></figure></li><li class="blocks-gallery-item"><figure><a href="http://localhost/sass-wp/wp-content/uploads/2012/12/unicorn-wallpaper.jpg"><img src="http://localhost/sass-wp/wp-content/uploads/2012/12/unicorn-wallpaper.jpg" alt="Unicorn Wallpaper" data-id="1045" data-link="https://wpthemetestdata.wordpress.com/2010/08/08/post-format-image/unicorn-wallpaper/" class="wp-image-1045"/></a></figure></li></ul></figure>
<!-- /wp:gallery -->

<!-- wp:paragraph -->
<p>This is the same gallery, but <b>with cropped images</b>.</p>
<!-- /wp:paragraph -->

<!-- wp:gallery {"ids":[],"columns":5,"linkTo":"media"} -->
<figure class="wp-block-gallery columns-5 is-cropped"><ul class="blocks-gallery-grid"><li class="blocks-gallery-item"><figure><a href="http://localhost/sass-wp/wp-content/uploads/2013/03/featured-image-vertical.jpg"><img src="http://localhost/sass-wp/wp-content/uploads/2013/03/featured-image-vertical.jpg" alt="Horizontal Featured Image" data-id="1027" data-link="https://wpthemetestdata.wordpress.com/2012/03/15/template-featured-image-vertical/featured-image-vertical-2/" class="wp-image-1027"/></a></figure></li><li class="blocks-gallery-item"><figure><a href="http://localhost/sass-wp/wp-content/uploads/2013/03/image-alignment-300x200-1.jpg"><img src="http://localhost/sass-wp/wp-content/uploads/2013/03/image-alignment-300x200-1.jpg" alt="Image Alignment 300x200" data-id="1025" data-link="https://wpthemetestdata.wordpress.com/2013/01/10/markup-image-alignment/image-alignment-300x200/" class="wp-image-1025"/></a></figure></li><li class="blocks-gallery-item"><figure><a href="http://localhost/sass-wp/wp-content/uploads/2013/03/image-alignment-150x150-1.jpg"><img src="http://localhost/sass-wp/wp-content/uploads/2013/03/image-alignment-150x150-1.jpg" alt="Image Alignment 150x150" data-id="968" data-link="https://wpthemetestdata.wordpress.com/2013/01/10/markup-image-alignment/image-alignment-150x150/" class="wp-image-968"/></a></figure></li><li class="blocks-gallery-item"><figure><a href="http://localhost/sass-wp/wp-content/uploads/2013/03/image-alignment-580x300-1.jpg"><img src="http://localhost/sass-wp/wp-content/uploads/2013/03/image-alignment-580x300-1.jpg" alt="Image Alignment 580x300" data-id="967" data-link="https://wpthemetestdata.wordpress.com/2013/01/10/markup-image-alignment/image-alignment-580x300/" class="wp-image-967"/></a></figure></li><li class="blocks-gallery-item"><figure><a href="http://localhost/sass-wp/wp-content/uploads/2013/03/featured-image-horizontal.jpg"><img src="http://localhost/sass-wp/wp-content/uploads/2013/03/featured-image-horizontal.jpg" alt="Horizontal Featured Image" data-id="1022" data-link="https://wpthemetestdata.wordpress.com/2012/03/15/template-featured-image-horizontal/featured-image-horizontal-2/" class="wp-image-1022"/></a></figure></li><li class="blocks-gallery-item"><figure><a href="http://localhost/sass-wp/wp-content/uploads/2013/03/image-alignment-1200x4002-1.jpg"><img src="http://localhost/sass-wp/wp-content/uploads/2013/03/image-alignment-1200x4002-1.jpg" alt="Image Alignment 1200x4002" data-id="1029" data-link="https://wpthemetestdata.wordpress.com/2013/01/10/markup-image-alignment/image-alignment-1200x4002/" class="wp-image-1029"/></a></figure></li><li class="blocks-gallery-item"><figure><a href="http://localhost/sass-wp/wp-content/uploads/2012/12/unicorn-wallpaper.jpg"><img src="http://localhost/sass-wp/wp-content/uploads/2012/12/unicorn-wallpaper.jpg" alt="Unicorn Wallpaper" data-id="1045" data-link="https://wpthemetestdata.wordpress.com/2010/08/08/post-format-image/unicorn-wallpaper/" class="wp-image-1045"/></a></figure></li></ul></figure>
<!-- /wp:gallery -->

<!-- wp:paragraph -->
<p>Six columns: does it work at all window sizes?</p>
<!-- /wp:paragraph -->

<!-- wp:gallery {"ids":["757","755","760","754","764","758","762","827","759","761","611","767","769","768"],"columns":6,"className":"extraclass"} -->
<figure class="wp-block-gallery columns-6 is-cropped extraclass"><ul class="blocks-gallery-grid"><li class="blocks-gallery-item"><figure><img src="http://localhost/sass-wp/wp-content/uploads/2008/06/dcp_2082.jpg" alt="Boardwalk" data-id="757" data-link="https://wpthemetestdata.wordpress.com/2010/09/10/post-format-gallery/dcp_2082/" class="wp-image-757"/><figcaption class="blocks-gallery-item__caption">Boardwalk at Westport, WA</figcaption></figure></li><li class="blocks-gallery-item"><figure><img src="http://localhost/sass-wp/wp-content/uploads/2008/06/100_5540.jpg" alt="Golden Gate Bridge" data-id="755" data-link="https://wpthemetestdata.wordpress.com/2010/09/10/post-format-gallery/100_5540/" class="wp-image-755"/><figcaption class="blocks-gallery-item__caption">Golden Gate Bridge</figcaption></figure></li><li class="blocks-gallery-item"><figure><img src="http://localhost/sass-wp/wp-content/uploads/2008/06/dsc09114.jpg" alt="Sydney Harbor Bridge" data-id="760" data-link="https://wpthemetestdata.wordpress.com/2010/09/10/post-format-gallery/dsc09114/" class="wp-image-760"/><figcaption class="blocks-gallery-item__caption">Sydney Harbor Bridge</figcaption></figure></li><li class="blocks-gallery-item"><figure><img src="http://localhost/sass-wp/wp-content/uploads/2008/06/100_5478.jpg" alt="Bell on Wharf" data-id="754" data-link="https://wpthemetestdata.wordpress.com/2010/09/10/post-format-gallery/100_5478/" class="wp-image-754"/><figcaption class="blocks-gallery-item__caption">Bell on wharf in San Francisco</figcaption></figure></li><li class="blocks-gallery-item"><figure><img src="http://localhost/sass-wp/wp-content/uploads/2008/06/dsc20051220_173257_119.jpg" alt="Rusty Rail" data-id="764" data-link="https://wpthemetestdata.wordpress.com/2010/09/10/post-format-gallery/dsc20051220_173257_119/" class="wp-image-764"/><figcaption class="blocks-gallery-item__caption">
Rusty rails with fishplate, Kojonup</figcaption></figure></li><li class="blocks-gallery-item"><figure><img src="http://localhost/sass-wp/wp-content/uploads/2008/06/dsc03149.jpg" alt="Yachtsody in Blue" data-id="758" data-link="https://wpthemetestdata.wordpress.com/2010/09/10/post-format-gallery/dsc03149/" class="wp-image-758"/><figcaption class="blocks-gallery-item__caption">Boats and reflections, Royal Perth Yacht Club</figcaption></figure></li><li class="blocks-gallery-item"><figure><img src="http://localhost/sass-wp/wp-content/uploads/2008/06/dsc20051220_160808_102.jpg" alt="Antique Farm Machinery" data-id="762" data-link="https://wpthemetestdata.wordpress.com/2010/09/10/post-format-gallery/dsc20051220_160808_102/" class="wp-image-762"/><figcaption class="blocks-gallery-item__caption">Antique farm machinery, Mount Barker Museum, Western Australia</figcaption></figure></li><li class="blocks-gallery-item"><figure><img src="http://localhost/sass-wp/wp-content/uploads/2010/08/manhattansummer.jpg" alt="" data-id="827" data-link="https://wpthemetestdata.wordpress.com/about/clearing-floats/olympus-digital-camera/" class="wp-image-827"/></figure></li><li class="blocks-gallery-item"><figure><img src="http://localhost/sass-wp/wp-content/uploads/2008/06/dsc04563.jpg" alt="Rain Ripples" data-id="759" data-link="https://wpthemetestdata.wordpress.com/2010/09/10/post-format-gallery/dsc04563/" class="wp-image-759"/><figcaption class="blocks-gallery-item__caption">
Raindrop ripples on a pond</figcaption></figure></li><li class="blocks-gallery-item"><figure><img src="http://localhost/sass-wp/wp-content/uploads/2008/06/dsc20050102_192118_51.jpg" alt="Wind Farm" data-id="761" data-link="https://wpthemetestdata.wordpress.com/2010/09/10/post-format-gallery/dsc20050102_192118_51/" class="wp-image-761"/><figcaption class="blocks-gallery-item__caption">Albany wind-farm against the sunset, Western Australia</figcaption></figure></li><li class="blocks-gallery-item"><figure><img src="http://localhost/sass-wp/wp-content/uploads/2008/06/canola2.jpg" alt="canola" data-id="611" data-link="https://wpthemetestdata.wordpress.com/2010/09/10/post-format-gallery/canola2/" class="wp-image-611"/><figcaption class="blocks-gallery-item__caption">Lorem ipsum dolor sit amet, consectetuer adipiscing elit. Donec mollis. Quisque convallis libero in sapien pharetra tincidunt. Aliquam elit ante, malesuada id, tempor eu, gravida id, odio. Maecenas suscipit, risus et eleifend imperdiet, nisi orci ullamcorper massa, et adipiscing orci velit quis magna.</figcaption></figure></li><li class="blocks-gallery-item"><figure><img src="http://localhost/sass-wp/wp-content/uploads/2008/06/windmill.jpg" alt="Windmill" data-id="767" data-link="https://wpthemetestdata.wordpress.com/2010/09/10/post-format-gallery//dcf-1-0/" class="wp-image-767"/><figcaption class="blocks-gallery-item__caption">Windmill shrouded in fog at a farm outside of Walker, Iowa</figcaption></figure></li><li class="blocks-gallery-item"><figure><img src="http://localhost/sass-wp/wp-content/uploads/2008/06/img_0747.jpg" alt="Brazil Beach" data-id="769" data-link="https://wpthemetestdata.wordpress.com/2010/09/10/post-format-gallery/img_0747/" class="wp-image-769"/><figcaption class="blocks-gallery-item__caption">Jericoacoara Ceara Brasil</figcaption></figure></li><li class="blocks-gallery-item"><figure><img src="http://localhost/sass-wp/wp-content/uploads/2008/06/img_0513-1.jpg" alt="Huatulco Coastline" data-id="768" data-link="https://wpthemetestdata.wordpress.com/2010/09/10/post-format-gallery/alas-i-have-found-my-shangri-la/" class="wp-image-768"/><figcaption class="blocks-gallery-item__caption">Sunrise over the coast in Huatulco, Oaxaca, Mexico</figcaption></figure></li></ul></figure>
<!-- /wp:gallery -->

<!-- wp:paragraph -->
<p>Seven columns: how does this look on a narrow window?</p>
<!-- /wp:paragraph -->

<!-- wp:gallery {"ids":[],"columns":7,"linkTo":"media"} -->
<figure class="wp-block-gallery columns-7 is-cropped"><ul class="blocks-gallery-grid"><li class="blocks-gallery-item"><figure><a href="http://localhost/sass-wp/wp-content/uploads/2014/01/spectacles.gif"><img src="http://localhost/sass-wp/wp-content/uploads/2014/01/spectacles.gif" alt="" data-id="1692" data-link="https://wpthemetestdata.wordpress.com/about/clearing-floats/spectacles-2/" class="wp-image-1692"/></a></figure></li><li class="blocks-gallery-item"><figure><a href="http://localhost/sass-wp/wp-content/uploads/2014/01/dsc20050315_145007_132.jpg"><img src="http://localhost/sass-wp/wp-content/uploads/2014/01/dsc20050315_145007_132.jpg" alt="" data-id="1691" data-link="https://wpthemetestdata.wordpress.com/2010/09/10/post-format-gallery/dsc20050315_145007_132-2/" class="wp-image-1691"/></a></figure></li><li class="blocks-gallery-item"><figure><a href="http://localhost/sass-wp/wp-content/uploads/2013/09/dsc20050604_133440_34211.jpg"><img src="http://localhost/sass-wp/wp-content/uploads/2013/09/dsc20050604_133440_34211.jpg" alt="" data-id="1687" data-link="https://wpthemetestdata.wordpress.com/2010/09/10/post-format-gallery/dsc20050604_133440_34211/" class="wp-image-1687"/></a></figure></li><li class="blocks-gallery-item"><figure><a href="http://localhost/sass-wp/wp-content/uploads/2012/06/dsc20040724_152504_532.jpg"><img src="http://localhost/sass-wp/wp-content/uploads/2012/06/dsc20040724_152504_532.jpg" alt="" data-id="1686" data-link="https://wpthemetestdata.wordpress.com/2010/09/10/post-format-gallery/dsc20040724_152504_532-2/" class="wp-image-1686"/></a></figure></li><li class="blocks-gallery-item"><figure><a href="http://localhost/sass-wp/wp-content/uploads/2010/08/triforce-wallpaper.jpg"><img src="http://localhost/sass-wp/wp-content/uploads/2010/08/triforce-wallpaper.jpg" alt="" data-id="1628" data-link="https://wpthemetestdata.wordpress.com/2010/08/07/post-format-image-caption/triforce-wallpaper/" class="wp-image-1628"/></a><figcaption class="blocks-gallery-item__caption">Itâs dangerous to go alone! Take this.</figcaption></figure></li><li class="blocks-gallery-item"><figure><a href="http://localhost/sass-wp/wp-content/uploads/2012/12/unicorn-wallpaper.jpg"><img src="http://localhost/sass-wp/wp-content/uploads/2012/12/unicorn-wallpaper.jpg" alt="Unicorn Wallpaper" data-id="1045" data-link="https://wpthemetestdata.wordpress.com/2010/08/08/post-format-image/unicorn-wallpaper/" class="wp-image-1045"/></a></figure></li><li class="blocks-gallery-item"><figure><a href="http://localhost/sass-wp/wp-content/uploads/2010/08/manhattansummer.jpg"><img src="http://localhost/sass-wp/wp-content/uploads/2010/08/manhattansummer.jpg" alt="" data-id="827" data-link="https://wpthemetestdata.wordpress.com/about/clearing-floats/olympus-digital-camera/" class="wp-image-827"/></a></figure></li><li class="blocks-gallery-item"><figure><a href="http://localhost/sass-wp/wp-content/uploads/2013/09/dsc20050604_133440_34211.jpg"><img src="http://localhost/sass-wp/wp-content/uploads/2013/09/dsc20050604_133440_34211.jpg" alt="" data-id="1687" data-link="https://wpthemetestdata.wordpress.com/2010/09/10/post-format-gallery/dsc20050604_133440_34211/" class="wp-image-1687"/></a></figure></li><li class="blocks-gallery-item"><figure><a href="http://localhost/sass-wp/wp-content/uploads/2012/06/dsc20040724_152504_532.jpg"><img src="http://localhost/sass-wp/wp-content/uploads/2012/06/dsc20040724_152504_532.jpg" alt="" data-id="807" data-link="https://wpthemetestdata.wordpress.com/2010/09/10/post-format-gallery/dsc20040724_152504_532-2/" class="wp-image-807"/></a></figure></li><li class="blocks-gallery-item"><figure><a href="http://localhost/sass-wp/wp-content/uploads/2008/06/img_8399.jpg"><img src="http://localhost/sass-wp/wp-content/uploads/2008/06/img_8399.jpg" alt="Boat Barco Texture" data-id="771" data-link="https://wpthemetestdata.wordpress.com/2010/09/10/post-format-gallery/img_8399/" class="wp-image-771"/></a><figcaption class="blocks-gallery-item__caption">Boat BW PB Barco Texture Beautiful Fishing</figcaption></figure></li><li class="blocks-gallery-item"><figure><a href="http://localhost/sass-wp/wp-content/uploads/2008/06/img_0767.jpg"><img src="http://localhost/sass-wp/wp-content/uploads/2008/06/img_0767.jpg" alt="Huatulco Coastline" data-id="770" data-link="https://wpthemetestdata.wordpress.com/2010/09/10/post-format-gallery//img_0767/" class="wp-image-770"/></a><figcaption class="blocks-gallery-item__caption">Coastline in Huatulco, Oaxaca, Mexico</figcaption></figure></li><li class="blocks-gallery-item"><figure><a href="http://localhost/sass-wp/wp-content/uploads/2008/06/img_0747.jpg"><img src="http://localhost/sass-wp/wp-content/uploads/2008/06/img_0747.jpg" alt="Brazil Beach" data-id="769" data-link="https://wpthemetestdata.wordpress.com/2010/09/10/post-format-gallery/img_0747/" class="wp-image-769"/></a><figcaption class="blocks-gallery-item__caption">Jericoacoara Ceara Brasil</figcaption></figure></li><li class="blocks-gallery-item"><figure><a href="http://localhost/sass-wp/wp-content/uploads/2008/06/img_0513-1.jpg"><img src="http://localhost/sass-wp/wp-content/uploads/2008/06/img_0513-1.jpg" alt="Huatulco Coastline" data-id="768" data-link="https://wpthemetestdata.wordpress.com/2010/09/10/post-format-gallery/alas-i-have-found-my-shangri-la/" class="wp-image-768"/></a><figcaption class="blocks-gallery-item__caption">Sunrise over the coast in Huatulco, Oaxaca, Mexico</figcaption></figure></li><li class="blocks-gallery-item"><figure><a href="http://localhost/sass-wp/wp-content/uploads/2008/06/michelle_049.jpg"><img src="http://localhost/sass-wp/wp-content/uploads/2008/06/michelle_049.jpg" alt="Big Sur" data-id="766" data-link="https://wpthemetestdata.wordpress.com/2010/09/10/post-format-gallery/michelle_049/" class="wp-image-766"/></a><figcaption class="blocks-gallery-item__caption">Beach at Big Sur, CA</figcaption></figure></li><li class="blocks-gallery-item"><figure><a href="http://localhost/sass-wp/wp-content/uploads/2008/06/windmill.jpg"><img src="http://localhost/sass-wp/wp-content/uploads/2008/06/windmill.jpg" alt="Windmill" data-id="767" data-link="https://wpthemetestdata.wordpress.com/2010/09/10/post-format-gallery//dcf-1-0/" class="wp-image-767"/></a><figcaption class="blocks-gallery-item__caption">Windmill shrouded in fog at a farm outside of Walker, Iowa</figcaption></figure></li><li class="blocks-gallery-item"><figure><a href="http://localhost/sass-wp/wp-content/uploads/2008/06/dscn3316.jpg"><img src="http://localhost/sass-wp/wp-content/uploads/2008/06/dscn3316.jpg" alt="Sea and Rocks" data-id="765" data-link="https://wpthemetestdata.wordpress.com/2010/09/10/post-format-gallery/dscn3316/" class="wp-image-765"/></a><figcaption class="blocks-gallery-item__caption">Sea and rocks, Plimmerton, New Zealand</figcaption></figure></li><li class="blocks-gallery-item"><figure><a href="http://localhost/sass-wp/wp-content/uploads/2008/06/dsc20051220_173257_119.jpg"><img src="http://localhost/sass-wp/wp-content/uploads/2008/06/dsc20051220_173257_119.jpg" alt="Rusty Rail" data-id="764" data-link="https://wpthemetestdata.wordpress.com/2010/09/10/post-format-gallery/dsc20051220_173257_119/" class="wp-image-764"/></a><figcaption class="blocks-gallery-item__caption">Rusty rails with fishplate, Kojonup</figcaption></figure></li></ul><figcaption class="blocks-gallery-caption">images linked to media file - do captions obscure links?</figcaption></figure>
<!-- /wp:gallery -->

<!-- wp:paragraph -->
<p>Eight columns:</p>
<!-- /wp:paragraph -->

<!-- wp:gallery {"ids":["611","757","755","762","763","761","754","760","617","759","827","1045","771","807","758","764","765","770","1687","1691"],"columns":8,"linkTo":"attachment"} -->
<figure class="wp-block-gallery columns-8 is-cropped"><ul class="blocks-gallery-grid"><li class="blocks-gallery-item"><figure><a href="https://wpthemetestdata.wordpress.com/2010/09/10/post-format-gallery/canola2/"><img src="http://localhost/sass-wp/wp-content/uploads/2008/06/canola2.jpg" alt="canola" data-id="611" data-link="https://wpthemetestdata.wordpress.com/2010/09/10/post-format-gallery/canola2/" class="wp-image-611"/></a><figcaption class="blocks-gallery-item__caption">Lorem ipsum dolor sit amet, consectetuer adipiscing elit. Donec mollis. Quisque convallis libero in sapien pharetra tincidunt. Aliquam elit ante, malesuada id, tempor eu, gravida id, odio. Maecenas suscipit, risus et eleifend imperdiet, nisi orci ullamcorper massa, et adipiscing orci velit quis magna.</figcaption></figure></li><li class="blocks-gallery-item"><figure><a href="https://wpthemetestdata.wordpress.com/2010/09/10/post-format-gallery/dcp_2082"><img src="http://localhost/sass-wp/wp-content/uploads/2008/06/dcp_2082.jpg" alt="Boardwalk" data-id="757" data-link="https://wpthemetestdata.wordpress.com/2010/09/10/post-format-gallery/dcp_2082" class="wp-image-757"/></a><figcaption class="blocks-gallery-item__caption">Boardwalk at Westport, WA</figcaption></figure></li><li class="blocks-gallery-item"><figure><a href="https://wpthemetestdata.wordpress.com/2010/09/10/post-format-gallery/100_5540/"><img src="http://localhost/sass-wp/wp-content/uploads/2008/06/100_5540.jpg" alt="Golden Gate Bridge" data-id="755" data-link="https://wpthemetestdata.wordpress.com/2010/09/10/post-format-gallery/100_5540/" class="wp-image-755"/></a><figcaption class="blocks-gallery-item__caption">Golden Gate Bridge</figcaption></figure></li><li class="blocks-gallery-item"><figure><a href="https://wpthemetestdata.wordpress.com/2010/09/10/post-format-gallery/dsc20051220_160808_102/"><img src="http://localhost/sass-wp/wp-content/uploads/2008/06/dsc20051220_160808_102.jpg" alt="Antique Farm Machinery" data-id="762" data-link="https://wpthemetestdata.wordpress.com/2010/09/10/post-format-gallery/dsc20051220_160808_102/" class="wp-image-762"/></a><figcaption class="blocks-gallery-item__caption">Antique farm machinery, Mount Barker Museum, Western Australia</figcaption></figure></li><li class="blocks-gallery-item"><figure><a href="https://wpthemetestdata.wordpress.com/2010/09/10/post-format-gallery/dsc02085/"><img src="http://localhost/sass-wp/wp-content/uploads/2008/06/dsc02085.jpg" alt="Orange Iris" data-id="763" data-link="https://wpthemetestdata.wordpress.com/2010/09/10/post-format-gallery/dsc02085/" class="wp-image-763"/></a><figcaption class="blocks-gallery-item__caption">Orange Iris</figcaption></figure></li><li class="blocks-gallery-item"><figure><a href="https://wpthemetestdata.wordpress.com/2010/09/10/post-format-gallery/dsc20050102_192118_51/"><img src="http://localhost/sass-wp/wp-content/uploads/2008/06/dsc20050102_192118_51.jpg" alt="Wind Farm" data-id="761" data-link="https://wpthemetestdata.wordpress.com/2010/09/10/post-format-gallery/dsc20050102_192118_51/" class="wp-image-761"/></a><figcaption class="blocks-gallery-item__caption">Albany wind-farm against the sunset, Western Australia</figcaption></figure></li><li class="blocks-gallery-item"><figure><a href="https://wpthemetestdata.wordpress.com/2010/09/10/post-format-gallery/100_5478/"><img src="http://localhost/sass-wp/wp-content/uploads/2008/06/100_5478.jpg" alt="Bell on Wharf" data-id="754" data-link="https://wpthemetestdata.wordpress.com/2010/09/10/post-format-gallery/100_5478/" class="wp-image-754"/></a><figcaption class="blocks-gallery-item__caption">Bell on wharf in San Francisco</figcaption></figure></li><li class="blocks-gallery-item"><figure><a href="https://wpthemetestdata.wordpress.com/2010/09/10/post-format-gallery/dsc09114/"><img src="http://localhost/sass-wp/wp-content/uploads/2008/06/dsc09114.jpg" alt="Sydney Harbor Bridge" data-id="760" data-link="https://wpthemetestdata.wordpress.com/2010/09/10/post-format-gallery/dsc09114/" class="wp-image-760"/></a><figcaption class="blocks-gallery-item__caption">Sydney Harbor Bridge</figcaption></figure></li><li class="blocks-gallery-item"><figure><a href="https://wpthemetestdata.wordpress.com/2010/09/10/post-format-gallery/dsc20050813_115856_52/"><img src="http://localhost/sass-wp/wp-content/uploads/2008/06/dsc20050813_115856_52.jpg" alt="dsc20050813_115856_52" data-id="617" data-link="https://wpthemetestdata.wordpress.com/2010/09/10/post-format-gallery/dsc20050813_115856_52/" class="wp-image-617"/></a></figure></li><li class="blocks-gallery-item"><figure><a href="https://wpthemetestdata.wordpress.com/2010/09/10/post-format-gallery/dsc04563/"><img src="http://localhost/sass-wp/wp-content/uploads/2008/06/dsc04563.jpg" alt="Rain Ripples" data-id="759" data-link="https://wpthemetestdata.wordpress.com/2010/09/10/post-format-gallery/dsc04563/" class="wp-image-759"/></a><figcaption class="blocks-gallery-item__caption">Raindrop ripples on a pond</figcaption></figure></li><li class="blocks-gallery-item"><figure><a href="https://wpthemetestdata.wordpress.com/about/clearing-floats/olympus-digital-camera/"><img src="http://localhost/sass-wp/wp-content/uploads/2010/08/manhattansummer.jpg" alt="" data-id="827" data-link="https://wpthemetestdata.wordpress.com/about/clearing-floats/olympus-digital-camera/" class="wp-image-827"/></a></figure></li><li class="blocks-gallery-item"><figure><a href="https://wpthemetestdata.wordpress.com/2010/08/08/post-format-image/unicorn-wallpaper/"><img src="http://localhost/sass-wp/wp-content/uploads/2012/12/unicorn-wallpaper.jpg" alt="Unicorn Wallpaper" data-id="1045" data-link="https://wpthemetestdata.wordpress.com/2010/08/08/post-format-image/unicorn-wallpaper/" class="wp-image-1045"/></a></figure></li><li class="blocks-gallery-item"><figure><a href="https://wpthemetestdata.wordpress.com/2010/09/10/post-format-gallery/img_8399/"><img src="http://localhost/sass-wp/wp-content/uploads/2008/06/img_8399.jpg" alt="Boat Barco Texture" data-id="771" data-link="https://wpthemetestdata.wordpress.com/2010/09/10/post-format-gallery/img_8399/" class="wp-image-771"/></a><figcaption class="blocks-gallery-item__caption">Boat BW PB Barco Texture Beautiful Fishing</figcaption></figure></li><li class="blocks-gallery-item"><figure><a href="https://wpthemetestdata.wordpress.com/2010/09/10/post-format-gallery/dsc20040724_152504_532-2/"><img src="http://localhost/sass-wp/wp-content/uploads/2012/06/dsc20040724_152504_532.jpg" alt="" data-id="807" data-link="https://wpthemetestdata.wordpress.com/2010/09/10/post-format-gallery/dsc20040724_152504_532-2/" class="wp-image-807"/></a></figure></li><li class="blocks-gallery-item"><figure><a href="https://wpthemetestdata.wordpress.com/2010/09/10/post-format-gallery/dsc03149/"><img src="http://localhost/sass-wp/wp-content/uploads/2008/06/dsc03149.jpg" alt="Yachtsody in Blue" data-id="758" data-link="https://wpthemetestdata.wordpress.com/2010/09/10/post-format-gallery/dsc03149/" class="wp-image-758"/></a><figcaption class="blocks-gallery-item__caption">Boats and reflections, Royal Perth Yacht Club</figcaption></figure></li><li class="blocks-gallery-item"><figure><a href="https://wpthemetestdata.wordpress.com/2010/09/10/post-format-gallery/dsc20051220_173257_119/"><img src="http://localhost/sass-wp/wp-content/uploads/2008/06/dsc20051220_173257_119.jpg" alt="Rusty Rail" data-id="764" data-link="https://wpthemetestdata.wordpress.com/2010/09/10/post-format-gallery/dsc20051220_173257_119/" class="wp-image-764"/></a><figcaption class="blocks-gallery-item__caption">Rusty rails with fishplate, Kojonup</figcaption></figure></li><li class="blocks-gallery-item"><figure><a href="https://wpthemetestdata.wordpress.com/2010/09/10/post-format-gallery/dscn3316/"><img src="http://localhost/sass-wp/wp-content/uploads/2008/06/dscn3316.jpg" alt="Sea and Rocks" data-id="765" data-link="https://wpthemetestdata.wordpress.com/2010/09/10/post-format-gallery/dscn3316/" class="wp-image-765"/></a><figcaption class="blocks-gallery-item__caption">Sea and rocks, Plimmerton, New Zealand</figcaption></figure></li><li class="blocks-gallery-item"><figure><a href="https://wpthemetestdata.wordpress.com/2010/09/10/post-format-gallery/img_0767/"><img src="http://localhost/sass-wp/wp-content/uploads/2008/06/img_0767.jpg" alt="Huatulco Coastline" data-id="770" data-link="https://wpthemetestdata.wordpress.com/2010/09/10/post-format-gallery/img_0767/" class="wp-image-770"/></a><figcaption class="blocks-gallery-item__caption">Coastline in Huatulco, Oaxaca, Mexico</figcaption></figure></li><li class="blocks-gallery-item"><figure><a href="https://wpthemetestdata.wordpress.com/2010/09/10/post-format-gallery/dsc20050604_133440_34211/"><img src="http://localhost/sass-wp/wp-content/uploads/2013/09/dsc20050604_133440_34211.jpg" alt="" data-id="1687" data-link="https://wpthemetestdata.wordpress.com/2010/09/10/post-format-gallery/dsc20050604_133440_34211/" class="wp-image-1687"/></a></figure></li><li class="blocks-gallery-item"><figure><a href="https://wpthemetestdata.wordpress.com/2010/09/10/post-format-gallery/dsc20050315_145007_132-2/"><img src="http://localhost/sass-wp/wp-content/uploads/2014/01/dsc20050315_145007_132.jpg" alt="" data-id="1691" data-link="https://wpthemetestdata.wordpress.com/2010/09/10/post-format-gallery/dsc20050315_145007_132-2/" class="wp-image-1691"/></a></figure></li></ul><figcaption class="blocks-gallery-caption">images are linked, do the links work?</figcaption></figure>
<!-- /wp:gallery -->]]></content:encoded>
		<excerpt:encoded><![CDATA[]]></excerpt:encoded>
		<wp:post_id>1752</wp:post_id>
		<wp:post_date><![CDATA[2018-11-03 03:55:09]]></wp:post_date>
		<wp:post_date_gmt><![CDATA[2018-11-03 03:55:09]]></wp:post_date_gmt>
		<wp:post_modified><![CDATA[2018-11-03 03:55:09]]></wp:post_modified>
		<wp:post_modified_gmt><![CDATA[2018-11-03 03:55:09]]></wp:post_modified_gmt>
		<wp:comment_status><![CDATA[open]]></wp:comment_status>
		<wp:ping_status><![CDATA[open]]></wp:ping_status>
		<wp:post_name><![CDATA[block-gallery]]></wp:post_name>
		<wp:status><![CDATA[publish]]></wp:status>
		<wp:post_parent>0</wp:post_parent>
		<wp:menu_order>0</wp:menu_order>
		<wp:post_type><![CDATA[post]]></wp:post_type>
		<wp:post_password><![CDATA[]]></wp:post_password>
		<wp:is_sticky>0</wp:is_sticky>
										<category domain="category" nicename="block"><![CDATA[Block]]></category>
		<category domain="post_tag" nicename="columns"><![CDATA[Columns]]></category>
		<category domain="post_tag" nicename="content"><![CDATA[content ÏÎµÏÎ¹ÎµÏÏÎ¼ÎµÎ½Î¿]]></category>
		<category domain="post_tag" nicename="gallery"><![CDATA[gallery]]></category>
		<category domain="post_tag" nicename="image"><![CDATA[image]]></category>
						<wp:postmeta>
		<wp:meta_key><![CDATA[_thumbnail_id]]></wp:meta_key>
		<wp:meta_value><![CDATA[19401]]></wp:meta_value>
		</wp:postmeta>
							</item>
					<item>
		<title><![CDATA[Block: Image]]></title>
		<link>http://localhost/sass-wp/block-image/</link>
		<pubDate>Sat, 03 Nov 2018 15:20:00 +0000</pubDate>
		<dc:creator><![CDATA[webmaster]]></dc:creator>
		<guid isPermaLink="false">https://wpthemetestdata.wordpress.com/?p=1755</guid>
		<description></description>
		<content:encoded><![CDATA[<!-- wp:paragraph -->
<p>Welcome to image alignment! If you recognize this post, it is because these are blocks that have been converted from the classic <em>Markup: Image Alignment</em> post. The best way to demonstrate the ebb and flow of the various image positioning options is to nestle them snuggly among an ocean of words. Grab a paddle and let's get started. Be sure to try it in RTL mode. Left should stay left and right should stay right for both reading directions.</p>
<!-- /wp:paragraph -->

<!-- wp:paragraph -->
<p>On the topic of alignment, it should be noted that users can choose from the options of <em>None</em>, <em>Left</em>, <em>Right, </em>and <em>Center</em>. If the theme has added support for <em>align wide</em>,&nbsp;images can also be <em>wide</em> and <em>full width</em>. Be sure to test this page in RTL mode.</p>
<!-- /wp:paragraph -->

<!-- wp:paragraph -->
<p>In addition, they also get the options of the image dimensions 25%, 50%, 75%, 100% or a set width and height.</p>
<!-- /wp:paragraph -->

<!-- wp:image {"id":906,"align":"center"} -->
<div class="wp-block-image"><figure class="aligncenter"><img src="http://localhost/sass-wp/wp-content/uploads/2013/03/image-alignment-580x300-1.jpg" alt="Image Alignment 580x300" class="wp-image-906"/></figure></div>
<!-- /wp:image -->

<!-- wp:paragraph -->
<p>The image above happens to be <em><strong>centered</strong></em>.</p>
<!-- /wp:paragraph -->

<!-- wp:image {"id":904,"align":"left"} -->
<div class="wp-block-image"><figure class="alignleft"><img src="http://localhost/sass-wp/wp-content/uploads/2013/03/image-alignment-150x150-1.jpg" alt="Image Alignment 150x150" class="wp-image-904"/></figure></div>
<!-- /wp:image -->

<!-- wp:paragraph -->
<p>The rest of this paragraph is filler for the sake of seeing the text wrap around the 150x150 image, which is <em><strong>left aligned</strong></em>. </p>
<!-- /wp:paragraph -->

<!-- wp:paragraph -->
<p>As you can see the should be some space above, below, and to the right of the image. The text should not be creeping on the image. Creeping is just not right. Images need breathing room too. Let them speak like you words. Let them do their jobs without any hassle from the text. In about one more sentence here, we'll see that the text moves from the right of the image down below the image in seamless transition. Again, letting the do it's thang. Mission accomplished!</p>
<!-- /wp:paragraph -->

<!-- wp:paragraph -->
<p>And now for a <em><strong>massively large image</strong></em>. It also has <em><strong>no alignment</strong></em>.</p>
<!-- /wp:paragraph -->

<!-- wp:image {"id":907} -->
<figure class="wp-block-image"><img src="http://localhost/sass-wp/wp-content/uploads/2013/03/image-alignment-1200x4002-1.jpg" alt="Image Alignment 1200x400" class="wp-image-907"/></figure>
<!-- /wp:image -->

<!-- wp:paragraph -->
<p>The image above, though 1200px wide, should not overflow the content area. It should remain contained with no visible disruption to the flow of content.</p>
<!-- /wp:paragraph -->

<!-- wp:image {"id":905,"align":"right"} -->
<div class="wp-block-image"><figure class="alignright"><img src="http://localhost/sass-wp/wp-content/uploads/2013/03/image-alignment-300x200-1.jpg" alt="Image Alignment 300x200" class="wp-image-905"/></figure></div>
<!-- /wp:image -->

<!-- wp:paragraph -->
<p>And now we're going to shift things to the <em><strong>right align</strong></em>. Again, there should be plenty of room above, below, and to the left of the image. Just look at him thereâ¦ Hey guy! Way to rock that right side. I don't care what the left aligned image says, you look great. Don't let anyone else tell you differently.</p>
<!-- /wp:paragraph -->

<!-- wp:paragraph -->
<p>In just a bit here, you should see the text start to wrap below the right aligned image and settle in nicely. There should still be plenty of room and everything should be sitting pretty. Yeahâ¦ Just like that. It never felt so good to be right.</p>
<!-- /wp:paragraph -->

<!-- wp:paragraph -->
<p>And just when you thought we were done, we're going to do them all over again with captions!</p>
<!-- /wp:paragraph -->

<!-- wp:image {"id":906,"align":"center","className":"size-full wp-image-906"} -->
<div class="wp-block-image size-full wp-image-906"><figure class="aligncenter"><a href="https://en.support.wordpress.com/images/image-settings/"><img src="http://localhost/sass-wp/wp-content/uploads/2013/03/image-alignment-580x300-1.jpg" alt="Image Alignment 580x300" class="wp-image-906"/></a><figcaption>Look at 580x300 getting some <a title="Image Settings" href="https://en.support.wordpress.com/images/image-settings/">caption</a> love.</figcaption></figure></div>
<!-- /wp:image -->

<!-- wp:paragraph -->
<p>The image above happens to be <em><strong>centered</strong></em>. The caption also has a link in it, just to see if it does anything funky.</p>
<!-- /wp:paragraph -->

<!-- wp:image {"id":904,"align":"left","className":"size-full wp-image-904"} -->
<div class="wp-block-image size-full wp-image-904"><figure class="alignleft"><img src="http://localhost/sass-wp/wp-content/uploads/2013/03/image-alignment-150x150-1.jpg" alt="Image Alignment 150x150" class="wp-image-904"/><figcaption>Itty-bitty caption.</figcaption></figure></div>
<!-- /wp:image -->

<!-- wp:paragraph -->
<p>The rest of this paragraph is filler for the sake of seeing the text wrap around the 150x150 image, which is <em><strong>left aligned</strong></em>. </p>
<!-- /wp:paragraph -->

<!-- wp:paragraph -->
<p>As you can see the should be some space above, below, and to the right of the image. The text should not be creeping on the image. Creeping is just not right. Images need breathing room too. Let them speak like you words. Let them do their jobs without any hassle from the text. In about one more sentence here, we'll see that the text moves from the right of the image down below the image in seamless transition. Again, letting the do it's thang. Mission accomplished!</p>
<!-- /wp:paragraph -->

<!-- wp:paragraph -->
<p>And now for a <em><strong>massively large image</strong></em>. It also has <em><strong>no alignment</strong></em>.</p>
<!-- /wp:paragraph -->

<!-- wp:image {"id":907,"align":"none","className":"wp-image-907"} -->
<figure class="wp-block-image alignnone wp-image-907"><img src="http://localhost/sass-wp/wp-content/uploads/2013/03/image-alignment-1200x4002-1.jpg" alt="Image Alignment 1200x400" class="wp-image-907"/><figcaption>Massive image comment for your eyeballs.</figcaption></figure>
<!-- /wp:image -->

<!-- wp:paragraph -->
<p>The image above, though 1200px wide, should not overflow the content area. It should remain contained with no visible disruption to the flow of content.</p>
<!-- /wp:paragraph -->

<!-- wp:image {"id":905,"align":"right","className":"size-full wp-image-905"} -->
<div class="wp-block-image size-full wp-image-905"><figure class="alignright"><img src="http://localhost/sass-wp/wp-content/uploads/2013/03/image-alignment-300x200-1.jpg" alt="Image Alignment 300x200" class="wp-image-905"/><figcaption>Feels good to be right all the time.</figcaption></figure></div>
<!-- /wp:image -->

<!-- wp:paragraph -->
<p>And now we're going to shift things to the <em><strong>right align</strong></em>. Again, there should be plenty of room above, below, and to the left of the image. Just look at him thereâ¦ Hey guy! Way to rock that right side. I don't care what the left aligned image says, you look great. Don't let anyone else tell you differently.</p>
<!-- /wp:paragraph -->

<!-- wp:paragraph -->
<p>In just a bit here, you should see the text start to wrap below the right aligned image and settle in nicely. There should still be plenty of room and everything should be sitting pretty. Yeahâ¦ Just like that. It never felt so good to be right.</p>
<!-- /wp:paragraph -->

<!-- wp:paragraph -->
<p>Imagine that we would find a use for the extra wide image! This image has the <em>wide width</em> alignment:</p>
<!-- /wp:paragraph -->

<!-- wp:image {"id":1029,"align":"wide"} -->
<figure class="wp-block-image alignwide"><img src="http://localhost/sass-wp/wp-content/uploads/2013/03/image-alignment-1200x4002-1.jpg" alt="Image Alignment 1200x4002" class="wp-image-1029"/></figure>
<!-- /wp:image -->

<!-- wp:paragraph -->
<p><strong>Can we go bigger?</strong> This image has the <em>full width</em> alignment:</p>
<!-- /wp:paragraph -->

<!-- wp:image {"id":1029,"align":"full"} -->
<figure class="wp-block-image alignfull"><img src="http://localhost/sass-wp/wp-content/uploads/2013/03/image-alignment-1200x4002-1.jpg" alt="Image Alignment 1200x4002" class="wp-image-1029"/></figure>
<!-- /wp:image -->

<!-- wp:paragraph -->
<p>And that's a wrap, yo! You survived the tumultuous waters of alignment. Image alignment achievement unlocked! One last thing: The last item in this post's content is a thumbnail floated right. Make sure any elements after the content are clearing properly.</p>
<!-- /wp:paragraph -->

<!-- wp:image {"id":827,"align":"right","width":160,"height":120} -->
<div class="wp-block-image"><figure class="alignright is-resized"><img src="http://localhost/sass-wp/wp-content/uploads/2010/08/manhattansummer.jpg" alt="" class="wp-image-827" width="160" height="120"/></figure></div>
<!-- /wp:image -->]]></content:encoded>
		<excerpt:encoded><![CDATA[]]></excerpt:encoded>
		<wp:post_id>1755</wp:post_id>
		<wp:post_date><![CDATA[2018-11-03 15:20:00]]></wp:post_date>
		<wp:post_date_gmt><![CDATA[2018-11-03 15:20:00]]></wp:post_date_gmt>
		<wp:post_modified><![CDATA[2018-11-03 15:20:00]]></wp:post_modified>
		<wp:post_modified_gmt><![CDATA[2018-11-03 15:20:00]]></wp:post_modified_gmt>
		<wp:comment_status><![CDATA[open]]></wp:comment_status>
		<wp:ping_status><![CDATA[open]]></wp:ping_status>
		<wp:post_name><![CDATA[block-image]]></wp:post_name>
		<wp:status><![CDATA[publish]]></wp:status>
		<wp:post_parent>0</wp:post_parent>
		<wp:menu_order>0</wp:menu_order>
		<wp:post_type><![CDATA[post]]></wp:post_type>
		<wp:post_password><![CDATA[]]></wp:post_password>
		<wp:is_sticky>0</wp:is_sticky>
										<category domain="category" nicename="block"><![CDATA[Block]]></category>
		<category domain="post_tag" nicename="content"><![CDATA[content ÏÎµÏÎ¹ÎµÏÏÎ¼ÎµÎ½Î¿]]></category>
		<category domain="post_tag" nicename="image"><![CDATA[image]]></category>
						</item>
					<item>
		<title><![CDATA[Cintya  Ortiz Luna]]></title>
		<link>http://localhost/sass-wp/cintya-ortiz-luna/</link>
		<pubDate>Fri, 07 Aug 2020 20:17:27 +0000</pubDate>
		<dc:creator><![CDATA[webmaster]]></dc:creator>
		<guid isPermaLink="false">https://valparaiso.com.mx/cintya-ortiz-luna/</guid>
		<description></description>
		<content:encoded><![CDATA[<strong>Contacto Valparaiso<br></strong> <br><strong>puesto.- </strong> 56. <br><strong>sucursal.- </strong> Toluca Nezahualcoyotl. <br><strong>documento-1.- </strong> CURP. <br><strong>documento-2.- </strong> RFC. <br><strong>documento-3.- </strong> Numero de Seguridad Social. <br><strong>documento-4.- </strong> Copia de Comprobante de Domicilio. <br><strong>documento-5.- </strong> Copia Acta Nacimiento. <br><strong>documento-6.- </strong> Copia de IFE. <br><strong>documento-7.- </strong> Cartas Laborales. <br><strong>Nombre.- </strong> Cintya . <br><strong>ApellidoPaterno.- </strong> Ortiz. <br><strong>ApellidoMaterno.- </strong> Luna. <br><strong>CURP.- </strong> OILC850309MJCRNN05. <br><strong>NSS.- </strong> 16235656. <br><strong>Direccion.- </strong> Paseo matlazincs . <br><strong>Ciudad.- </strong> Toluca. <br><strong>Colonia.- </strong> Sta barbaea . <br><strong>CP.- </strong> 50200. <br><strong>E-mail.- </strong> Lauraalicia.garcia@hotmail.com. <br><strong>Celular.- </strong> 7227872875. <br><strong>TelÃ©fono.- </strong> 7227872875. <br><strong>Referencia1.- </strong> Guillermo diaz. <br><strong>Referencia1empresa.- </strong> Acaprint. <br><strong>Referencia1telefono.- </strong> 7282841405. <br><strong>Referencia2.- </strong> Cristuna RodrÃ­guez. <br><strong>Referencia2empresa.- </strong> Despacho jurÃ­dico disfraz . <br><strong>Referencia2telefono.- </strong> 7282841402. <br><strong>Referencia3.- </strong> Julian . <br><strong>Referencia3empresa.- </strong> Bimbo. <br><strong>Referencia3telefono.- </strong> 7221410579. <br><strong>Â¿Vives en Toluca?.- </strong> si. <br><strong>Â¿Has trabajado en Funeraria?.- </strong> No. <br><strong>Â¿Conoces el ramo funerario?.- </strong> si. <br><strong>Â¿Sueldo mensual deseado?.- </strong> 10000. <br><strong>Estado civil.- </strong> Soltero. <br><strong>Escolaridad.- </strong>  Bachillerato o Tecnico. <br><strong>Â¿Tienes experiencia en la vacante?.- </strong> Si. <br><strong>Nombre de la empresa del Ãºltimo empleo.- </strong> Gajiajsu. <br><strong>Periodo que prestÃ³ sus servicios.- </strong> 2020 _2017. <br><strong>Puesto desempeÃ±ado.- </strong> Gshsjkd. <br><strong>Actividades que realizo.- </strong> Activgajhskszo. <br><strong>Motivo de separaciÃ³n.- </strong> Motivo de separacivshsjjakdÃ³n. <br><strong>Â¿Porque medio se entero de la vacante?.- </strong> Facebook. <br><strong>Â¿Como considera su estado de salud actual?.- </strong> Bueno. <br><strong>Â¿Padece alguna enfermedad Cronica?.- </strong> No. <br><strong>Explique sus enfermedas crÃ³nicas.- </strong> Explique sus enfermedas crÃ³nicas. <br><strong>Â¿Puede viajar?.- </strong> pregunta-No. <br><strong>Â¿Esta dispuesto a cambiar de Residencia?.- </strong>  No. <br>]]></content:encoded>
		<excerpt:encoded><![CDATA[]]></excerpt:encoded>
		<wp:post_id>129</wp:post_id>
		<wp:post_date><![CDATA[2020-08-07 20:17:27]]></wp:post_date>
		<wp:post_date_gmt><![CDATA[2020-08-07 20:17:27]]></wp:post_date_gmt>
		<wp:post_modified><![CDATA[2020-08-07 20:17:27]]></wp:post_modified>
		<wp:post_modified_gmt><![CDATA[2020-08-07 20:17:27]]></wp:post_modified_gmt>
		<wp:comment_status><![CDATA[open]]></wp:comment_status>
		<wp:ping_status><![CDATA[open]]></wp:ping_status>
		<wp:post_name><![CDATA[cintya-ortiz-luna]]></wp:post_name>
		<wp:status><![CDATA[publish]]></wp:status>
		<wp:post_parent>0</wp:post_parent>
		<wp:menu_order>0</wp:menu_order>
		<wp:post_type><![CDATA[post]]></wp:post_type>
		<wp:post_password><![CDATA[]]></wp:post_password>
		<wp:is_sticky>0</wp:is_sticky>
										<category domain="category" nicename="en_revision"><![CDATA[En revisiÃ³n]]></category>
		<category domain="post_tag" nicename="promotores-de-venta"><![CDATA[Promotores de Venta]]></category>
						<wp:postmeta>
		<wp:meta_key><![CDATA[folio_global_meta]]></wp:meta_key>
		<wp:meta_value><![CDATA[4]]></wp:meta_value>
		</wp:postmeta>
							<wp:postmeta>
		<wp:meta_key><![CDATA[valpa_telefono_solicitante_meta]]></wp:meta_key>
		<wp:meta_value><![CDATA[]]></wp:meta_value>
		</wp:postmeta>
							<wp:postmeta>
		<wp:meta_key><![CDATA[valpa_celular_solicitante_meta]]></wp:meta_key>
		<wp:meta_value><![CDATA[]]></wp:meta_value>
		</wp:postmeta>
							<wp:postmeta>
		<wp:meta_key><![CDATA[valpa_mail_solicitante_meta]]></wp:meta_key>
		<wp:meta_value><![CDATA[]]></wp:meta_value>
		</wp:postmeta>
							<wp:postmeta>
		<wp:meta_key><![CDATA[valpa_alias_solicitante_meta]]></wp:meta_key>
		<wp:meta_value><![CDATA[Cintya ]]></wp:meta_value>
		</wp:postmeta>
							<wp:postmeta>
		<wp:meta_key><![CDATA[puesto_relacionado_meta]]></wp:meta_key>
		<wp:meta_value><![CDATA[Promotores de Venta]]></wp:meta_value>
		</wp:postmeta>
							<wp:postmeta>
		<wp:meta_key><![CDATA[sucursal_relacionada_meta]]></wp:meta_key>
		<wp:meta_value><![CDATA[Toluca Nezahualcoyotl]]></wp:meta_value>
		</wp:postmeta>
							<wp:postmeta>
		<wp:meta_key><![CDATA[solicitud_codigo_meta]]></wp:meta_key>
		<wp:meta_value><![CDATA[06a47def70]]></wp:meta_value>
		</wp:postmeta>
							</item>
					<item>
		<title><![CDATA[Javier  a la Torre MarÃ­n]]></title>
		<link>http://localhost/sass-wp/javier-a-la-torre-marin/</link>
		<pubDate>Fri, 07 Aug 2020 20:48:59 +0000</pubDate>
		<dc:creator><![CDATA[webmaster]]></dc:creator>
		<guid isPermaLink="false">https://valparaiso.com.mx/javier-a-la-torre-marin/</guid>
		<description></description>
		<content:encoded><![CDATA[<strong>Contacto Valparaiso<br></strong> <br><strong>puesto.- </strong> 56. <br><strong>sucursal.- </strong> Toluca Nezahualcoyotl. <br><strong>documento-5.- </strong> Copia Acta Nacimiento. <br><strong>documento-6.- </strong> Copia de IFE. <br><strong>Nombre.- </strong> Javier . <br><strong>ApellidoPaterno.- </strong> a la Torre. <br><strong>ApellidoMaterno.- </strong> MarÃ­n. <br><strong>CURP.- </strong> fds. <br><strong>NSS.- </strong> fdssfd. <br><strong>Direccion.- </strong> Atlixco 100. <br><strong>Ciudad.- </strong> de MÃ©xico. <br><strong>Colonia.- </strong> Del Valle. <br><strong>CP.- </strong> 06300. <br><strong>E-mail.- </strong> danielalmeida.mx@gmail.com. <br><strong>celular.- </strong> 5576687668. <br><strong>telefono.- </strong> 3112404882. <br><strong>Referencia1.- </strong> dsf. <br><strong>Referencia1empresa.- </strong> fd. <br><strong>Referencia1telefono.- </strong> fds. <br><strong>Referencia2.- </strong> dsf. <br><strong>Referencia2empresa.- </strong> fds. <br><strong>Referencia2telefono.- </strong> fds. <br><strong>Referencia3.- </strong> sfd. <br><strong>Referencia3empresa.- </strong> sdf. <br><strong>Referencia3telefono.- </strong> sfd. <br><strong>Â¿Sueldo mensual deseado?.- </strong> Sin informaciÃ³n. <br><strong>Nombre de la empresa del Ãºltimo empleo.- </strong> Sin informaciÃ³n. <br><strong>Periodo que prestÃ³ sus servicios.- </strong> Sin informaciÃ³n. <br><strong>Puesto desempeÃ±ado.- </strong> Sin informaciÃ³n. <br><strong>Actividades que realizo.- </strong> Actividades que realizo. <br><strong>Motivo de separaciÃ³n.- </strong> Motivo de separaciÃ³n. <br><strong>Explique sus enfermedas crÃ³nicas.- </strong> Explique sus enfermedas crÃ³nicas. <br>]]></content:encoded>
		<excerpt:encoded><![CDATA[]]></excerpt:encoded>
		<wp:post_id>131</wp:post_id>
		<wp:post_date><![CDATA[2020-08-07 20:48:59]]></wp:post_date>
		<wp:post_date_gmt><![CDATA[2020-08-07 20:48:59]]></wp:post_date_gmt>
		<wp:post_modified><![CDATA[2020-08-07 20:48:59]]></wp:post_modified>
		<wp:post_modified_gmt><![CDATA[2020-08-07 20:48:59]]></wp:post_modified_gmt>
		<wp:comment_status><![CDATA[open]]></wp:comment_status>
		<wp:ping_status><![CDATA[open]]></wp:ping_status>
		<wp:post_name><![CDATA[javier-a-la-torre-marin]]></wp:post_name>
		<wp:status><![CDATA[publish]]></wp:status>
		<wp:post_parent>0</wp:post_parent>
		<wp:menu_order>0</wp:menu_order>
		<wp:post_type><![CDATA[post]]></wp:post_type>
		<wp:post_password><![CDATA[]]></wp:post_password>
		<wp:is_sticky>0</wp:is_sticky>
										<category domain="category" nicename="en_revision"><![CDATA[En revisiÃ³n]]></category>
		<category domain="post_tag" nicename="promotores-de-venta"><![CDATA[Promotores de Venta]]></category>
						<wp:postmeta>
		<wp:meta_key><![CDATA[folio_global_meta]]></wp:meta_key>
		<wp:meta_value><![CDATA[5]]></wp:meta_value>
		</wp:postmeta>
							<wp:postmeta>
		<wp:meta_key><![CDATA[valpa_telefono_solicitante_meta]]></wp:meta_key>
		<wp:meta_value><![CDATA[3112404882]]></wp:meta_value>
		</wp:postmeta>
							<wp:postmeta>
		<wp:meta_key><![CDATA[valpa_celular_solicitante_meta]]></wp:meta_key>
		<wp:meta_value><![CDATA[5576687668]]></wp:meta_value>
		</wp:postmeta>
							<wp:postmeta>
		<wp:meta_key><![CDATA[valpa_mail_solicitante_meta]]></wp:meta_key>
		<wp:meta_value><![CDATA[danielalmeida.mx@gmail.com]]></wp:meta_value>
		</wp:postmeta>
							<wp:postmeta>
		<wp:meta_key><![CDATA[valpa_alias_solicitante_meta]]></wp:meta_key>
		<wp:meta_value><![CDATA[Javier ]]></wp:meta_value>
		</wp:postmeta>
							<wp:postmeta>
		<wp:meta_key><![CDATA[puesto_relacionado_meta]]></wp:meta_key>
		<wp:meta_value><![CDATA[Promotores de Venta]]></wp:meta_value>
		</wp:postmeta>
							<wp:postmeta>
		<wp:meta_key><![CDATA[sucursal_relacionada_meta]]></wp:meta_key>
		<wp:meta_value><![CDATA[Toluca Nezahualcoyotl]]></wp:meta_value>
		</wp:postmeta>
							<wp:postmeta>
		<wp:meta_key><![CDATA[solicitud_codigo_meta]]></wp:meta_key>
		<wp:meta_value><![CDATA[86d2ba1213]]></wp:meta_value>
		</wp:postmeta>
							</item>
					<item>
		<title><![CDATA[JosÃ©  Almeida Ramirez]]></title>
		<link>http://localhost/sass-wp/jose-almeida-ramirez/</link>
		<pubDate>Sun, 09 Aug 2020 22:56:25 +0000</pubDate>
		<dc:creator><![CDATA[webmaster]]></dc:creator>
		<guid isPermaLink="false">https://valparaiso.com.mx/jose-almeida-ramirez/</guid>
		<description></description>
		<content:encoded><![CDATA[<strong>Contacto Valparaiso
</strong>
<strong>puesto.- </strong> 106.
<strong>sucursal.- </strong> Toluca Nezahualcoyotl.
<strong>documento-1.- </strong> CURP.
<strong>documento-3.- </strong> Numero de Seguridad Social.
<strong>documento-4.- </strong> Copia de Comprobante de Domicilio.
<strong>documento-5.- </strong> Copia Acta Nacimiento.
<strong>Nombre.- </strong> JosÃ© .
<strong>ApellidoPaterno.- </strong> Almeida.
<strong>ApellidoMaterno.- </strong> Ramirez .
<strong>CURP.- </strong> Aers3828282.
<strong>NSS.- </strong> 282828282.
<strong>Direccion.- </strong> Jsjek.
<strong>Ciudad.- </strong> Toluca .
<strong>Colonia.- </strong> Centro.
<strong>CP.- </strong> 50159.
<strong>E-mail.- </strong> Dralmeid101@Hotmail.com.
<strong>celular.- </strong> 66834343545.
<strong>telefono.- </strong> 3112404882.
<strong>Referencia1.- </strong> Lapcit.
<strong>Referencia1empresa.- </strong> Lapcit.
<strong>Referencia1telefono.- </strong> 66734353444.
<strong>Referencia2.- </strong> JosÃ© .
<strong>Referencia2empresa.- </strong> Lapcit.
<strong>Referencia2telefono.- </strong> 6734848383.
<strong>Referencia3.- </strong> Ahro.
<strong>Referencia3empresa.- </strong> Ahora sa de cv.
<strong>Referencia3telefono.- </strong> 3383838383.
<strong>Â¿Vives en Toluca?.- </strong> si.
<strong>Â¿Has trabajado en Funeraria?.- </strong> No.
<strong>Â¿Conoces el ramo funerario?.- </strong> si.
<strong>Â¿Sueldo mensual deseado?.- </strong> 3000.
<strong>Estado civil.- </strong> Soltero.
<strong>Escolaridad.- </strong>  Bachillerato o Tecnico.
<strong>Â¿Le gustan las ventas ?.- </strong>  No.
<strong>Â¿Tienes experiencia en la vacante?.- </strong> Si.
<strong>Nombre de la empresa del Ãºltimo empleo.- </strong> Shri .
<strong>Periodo que prestÃ³ sus servicios.- </strong> 2020.
<strong>Puesto desempeÃ±ado.- </strong> Chofer.
<strong>Actividades que realizo.- </strong> Actividades que realizÃ³ gofer repartidor .
<strong>Motivo de separaciÃ³n.- </strong> Motivo de separaciÃ³npresuouesto.
<strong>Â¿Porque medio se entero de la vacante?.- </strong> Facebook.
<strong>Â¿Como considera su estado de salud actual?.- </strong> Bueno.
<strong>Â¿Padece alguna enfermedad Cronica?.- </strong> No.
<strong>Explique sus enfermedas crÃ³nicas.- </strong> Explique sus enfermedas crÃ³nicas.
<strong>Â¿Puede viajar?.- </strong> pregunta-Si.
<strong>Â¿Esta dispuesto a cambiar de Residencia?.- </strong>  No.]]></content:encoded>
		<excerpt:encoded><![CDATA[]]></excerpt:encoded>
		<wp:post_id>139</wp:post_id>
		<wp:post_date><![CDATA[2020-08-09 22:56:25]]></wp:post_date>
		<wp:post_date_gmt><![CDATA[2020-08-09 22:56:25]]></wp:post_date_gmt>
		<wp:post_modified><![CDATA[2020-08-09 22:56:25]]></wp:post_modified>
		<wp:post_modified_gmt><![CDATA[2020-08-09 22:56:25]]></wp:post_modified_gmt>
		<wp:comment_status><![CDATA[open]]></wp:comment_status>
		<wp:ping_status><![CDATA[open]]></wp:ping_status>
		<wp:post_name><![CDATA[jose-almeida-ramirez]]></wp:post_name>
		<wp:status><![CDATA[publish]]></wp:status>
		<wp:post_parent>0</wp:post_parent>
		<wp:menu_order>0</wp:menu_order>
		<wp:post_type><![CDATA[post]]></wp:post_type>
		<wp:post_password><![CDATA[]]></wp:post_password>
		<wp:is_sticky>0</wp:is_sticky>
										<category domain="post_tag" nicename="chofer-vendedor"><![CDATA[Chofer-Vendedor]]></category>
		<category domain="category" nicename="en_revision"><![CDATA[En revisiÃ³n]]></category>
						<wp:postmeta>
		<wp:meta_key><![CDATA[folio_global_meta]]></wp:meta_key>
		<wp:meta_value><![CDATA[6]]></wp:meta_value>
		</wp:postmeta>
							<wp:postmeta>
		<wp:meta_key><![CDATA[valpa_telefono_solicitante_meta]]></wp:meta_key>
		<wp:meta_value><![CDATA[3112404882]]></wp:meta_value>
		</wp:postmeta>
							<wp:postmeta>
		<wp:meta_key><![CDATA[valpa_celular_solicitante_meta]]></wp:meta_key>
		<wp:meta_value><![CDATA[3112404875]]></wp:meta_value>
		</wp:postmeta>
							<wp:postmeta>
		<wp:meta_key><![CDATA[valpa_mail_solicitante_meta]]></wp:meta_key>
		<wp:meta_value><![CDATA[Dralmeid101@Hotmail.com]]></wp:meta_value>
		</wp:postmeta>
							<wp:postmeta>
		<wp:meta_key><![CDATA[valpa_alias_solicitante_meta]]></wp:meta_key>
		<wp:meta_value><![CDATA[JosÃ© ]]></wp:meta_value>
		</wp:postmeta>
							<wp:postmeta>
		<wp:meta_key><![CDATA[puesto_relacionado_meta]]></wp:meta_key>
		<wp:meta_value><![CDATA[Chofer-Vendedor]]></wp:meta_value>
		</wp:postmeta>
							<wp:postmeta>
		<wp:meta_key><![CDATA[sucursal_relacionada_meta]]></wp:meta_key>
		<wp:meta_value><![CDATA[Toluca Nezahualcoyotl]]></wp:meta_value>
		</wp:postmeta>
							<wp:postmeta>
		<wp:meta_key><![CDATA[solicitud_codigo_meta]]></wp:meta_key>
		<wp:meta_value><![CDATA[00b1af8542]]></wp:meta_value>
		</wp:postmeta>
							<wp:postmeta>
		<wp:meta_key><![CDATA[_edit_last]]></wp:meta_key>
		<wp:meta_value><![CDATA[1]]></wp:meta_value>
		</wp:postmeta>
							<wp:postmeta>
		<wp:meta_key><![CDATA[_start_month]]></wp:meta_key>
		<wp:meta_value><![CDATA[08]]></wp:meta_value>
		</wp:postmeta>
							<wp:postmeta>
		<wp:meta_key><![CDATA[_start_day]]></wp:meta_key>
		<wp:meta_value><![CDATA[09]]></wp:meta_value>
		</wp:postmeta>
							<wp:postmeta>
		<wp:meta_key><![CDATA[_start_hour]]></wp:meta_key>
		<wp:meta_value><![CDATA[22]]></wp:meta_value>
		</wp:postmeta>
							<wp:postmeta>
		<wp:meta_key><![CDATA[_start_year]]></wp:meta_key>
		<wp:meta_value><![CDATA[2020]]></wp:meta_value>
		</wp:postmeta>
							<wp:postmeta>
		<wp:meta_key><![CDATA[_start_minute]]></wp:meta_key>
		<wp:meta_value><![CDATA[00]]></wp:meta_value>
		</wp:postmeta>
							<wp:postmeta>
		<wp:meta_key><![CDATA[_start_eventtimestamp]]></wp:meta_key>
		<wp:meta_value><![CDATA[202008092200]]></wp:meta_value>
		</wp:postmeta>
							</item>
					<item>
		<title><![CDATA[Carlos Alejandro Diaz Plauchud]]></title>
		<link>http://localhost/sass-wp/carlos-alejandro-diaz-plauchud/</link>
		<pubDate>Sun, 09 Aug 2020 22:59:04 +0000</pubDate>
		<dc:creator><![CDATA[webmaster]]></dc:creator>
		<guid isPermaLink="false">https://valparaiso.com.mx/carlos-alejandro-diaz-plauchud/</guid>
		<description></description>
		<content:encoded><![CDATA[<strong>Contacto Valparaiso<br></strong> <br><strong>puesto.- </strong> 106. <br><strong>sucursal.- </strong> Toluca Nezahualcoyotl. <br><strong>documento-1.- </strong> CURP. <br><strong>documento-2.- </strong> RFC. <br><strong>documento-4.- </strong> Copia de Comprobante de Domicilio. <br><strong>documento-5.- </strong> Copia Acta Nacimiento. <br><strong>documento-6.- </strong> Copia de IFE. <br><strong>documento-8.- </strong> Licencia Vigente. <br><strong>Nombre.- </strong> Carlos Alejandro. <br><strong>ApellidoPaterno.- </strong> Diaz. <br><strong>ApellidoMaterno.- </strong> Plauchud. <br><strong>CURP.- </strong> DIPC920206HFDZLR01. <br><strong>NSS.- </strong> 00000000. <br><strong>Direccion.- </strong> Pedro Romero de Terreros. <br><strong>Ciudad.- </strong> Ciudad de MÃ©xico. <br><strong>Colonia.- </strong> Narvarte poniente. <br><strong>CP.- </strong> 03020. <br><strong>E-mail.- </strong> alexdpllau@outlook.com. <br><strong>celular.- </strong> 5519680789. <br><strong>telefono.- </strong> 5519680789. <br><strong>Referencia1.- </strong> Iliana Almeida. <br><strong>Referencia1empresa.- </strong> ValparaÃ­so. <br><strong>Referencia1telefono.- </strong> 3339560558. <br><strong>Referencia2.- </strong> Yu. <br><strong>Referencia2empresa.- </strong> Ygy. <br><strong>Referencia2telefono.- </strong> Yy. <br><strong>Referencia3.- </strong> Yy. <br><strong>Referencia3empresa.- </strong> Yy. <br><strong>Referencia3telefono.- </strong> Yy. <br><strong>Â¿Vives en Toluca?.- </strong> si. <br><strong>Â¿Has trabajado en Funeraria?.- </strong> No. <br><strong>Â¿Conoces el ramo funerario?.- </strong> no. <br><strong>Â¿Sueldo mensual deseado?.- </strong> 15000000000. <br><strong>Estado civil.- </strong> Soltero. <br><strong>Escolaridad.- </strong>  Licenciatura o Ingenieria. <br><strong>Â¿Le gustan las ventas ?.- </strong>  No. <br><strong>Â¿Tienes experiencia en la vacante?.- </strong> No. <br><strong>Nombre de la empresa del Ãºltimo empleo.- </strong> DIF Toluca. <br><strong>Periodo que prestÃ³ sus servicios.- </strong> Diciembre Julio. <br><strong>Puesto desempeÃ±ado.- </strong> Director . <br><strong>Actividades que realizo.- </strong> Que onda? <br />
. <br><strong>Motivo de separaciÃ³n.- </strong> Ya no me entendÃ­a con el patrÃ³n . <br><strong>Â¿Porque medio se entero de la vacante?.- </strong> Facebook. <br><strong>Â¿Como considera su estado de salud actual?.- </strong> Bueno. <br><strong>Â¿Padece alguna enfermedad Cronica?.- </strong> No. <br><strong>Explique sus enfermedas crÃ³nicas.- </strong> Explique sus enfermedas crÃ³nicas. <br><strong>Â¿Puede viajar?.- </strong> pregunta-Si. <br><strong>Â¿Esta dispuesto a cambiar de Residencia?.- </strong> Si. <br>]]></content:encoded>
		<excerpt:encoded><![CDATA[]]></excerpt:encoded>
		<wp:post_id>141</wp:post_id>
		<wp:post_date><![CDATA[2020-08-09 22:59:04]]></wp:post_date>
		<wp:post_date_gmt><![CDATA[2020-08-09 22:59:04]]></wp:post_date_gmt>
		<wp:post_modified><![CDATA[2020-08-09 22:59:04]]></wp:post_modified>
		<wp:post_modified_gmt><![CDATA[2020-08-09 22:59:04]]></wp:post_modified_gmt>
		<wp:comment_status><![CDATA[open]]></wp:comment_status>
		<wp:ping_status><![CDATA[open]]></wp:ping_status>
		<wp:post_name><![CDATA[carlos-alejandro-diaz-plauchud]]></wp:post_name>
		<wp:status><![CDATA[publish]]></wp:status>
		<wp:post_parent>0</wp:post_parent>
		<wp:menu_order>0</wp:menu_order>
		<wp:post_type><![CDATA[post]]></wp:post_type>
		<wp:post_password><![CDATA[]]></wp:post_password>
		<wp:is_sticky>0</wp:is_sticky>
										<category domain="post_tag" nicename="chofer-vendedor"><![CDATA[Chofer-Vendedor]]></category>
		<category domain="category" nicename="en_revision"><![CDATA[En revisiÃ³n]]></category>
						<wp:postmeta>
		<wp:meta_key><![CDATA[folio_global_meta]]></wp:meta_key>
		<wp:meta_value><![CDATA[7]]></wp:meta_value>
		</wp:postmeta>
							<wp:postmeta>
		<wp:meta_key><![CDATA[valpa_telefono_solicitante_meta]]></wp:meta_key>
		<wp:meta_value><![CDATA[5519680789]]></wp:meta_value>
		</wp:postmeta>
							<wp:postmeta>
		<wp:meta_key><![CDATA[valpa_celular_solicitante_meta]]></wp:meta_key>
		<wp:meta_value><![CDATA[5519680789]]></wp:meta_value>
		</wp:postmeta>
							<wp:postmeta>
		<wp:meta_key><![CDATA[valpa_mail_solicitante_meta]]></wp:meta_key>
		<wp:meta_value><![CDATA[alexdpllau@outlook.com]]></wp:meta_value>
		</wp:postmeta>
							<wp:postmeta>
		<wp:meta_key><![CDATA[valpa_alias_solicitante_meta]]></wp:meta_key>
		<wp:meta_value><![CDATA[Carlos Alejandro]]></wp:meta_value>
		</wp:postmeta>
							<wp:postmeta>
		<wp:meta_key><![CDATA[puesto_relacionado_meta]]></wp:meta_key>
		<wp:meta_value><![CDATA[Chofer-Vendedor]]></wp:meta_value>
		</wp:postmeta>
							<wp:postmeta>
		<wp:meta_key><![CDATA[sucursal_relacionada_meta]]></wp:meta_key>
		<wp:meta_value><![CDATA[Toluca Nezahualcoyotl]]></wp:meta_value>
		</wp:postmeta>
							<wp:postmeta>
		<wp:meta_key><![CDATA[solicitud_codigo_meta]]></wp:meta_key>
		<wp:meta_value><![CDATA[00b1af8542]]></wp:meta_value>
		</wp:postmeta>
							</item>
					<item>
		<title><![CDATA[Mireya  Aleman Rojas]]></title>
		<link>http://localhost/sass-wp/mireya-aleman-rojas/</link>
		<pubDate>Sun, 09 Aug 2020 23:40:05 +0000</pubDate>
		<dc:creator><![CDATA[webmaster]]></dc:creator>
		<guid isPermaLink="false">https://valparaiso.com.mx/mireya-aleman-rojas/</guid>
		<description></description>
		<content:encoded><![CDATA[<strong>Contacto Valparaiso<br></strong> <br><strong>puesto.- </strong> 106. <br><strong>sucursal.- </strong> Toluca Nezahualcoyotl. <br><strong>documento-1.- </strong> CURP. <br><strong>documento-3.- </strong> Numero de Seguridad Social. <br><strong>documento-4.- </strong> Copia de Comprobante de Domicilio. <br><strong>documento-5.- </strong> Copia Acta Nacimiento. <br><strong>documento-6.- </strong> Copia de IFE. <br><strong>documento-8.- </strong> Licencia Vigente. <br><strong>Nombre.- </strong> Mireya . <br><strong>ApellidoPaterno.- </strong> Aleman. <br><strong>ApellidoMaterno.- </strong> Rojas. <br><strong>CURP.- </strong> Mjar739025367853. <br><strong>NSS.- </strong> 7680954917468619. <br><strong>Direccion.- </strong> Nezahualcoyolt. <br><strong>Ciudad.- </strong> Toluca. <br><strong>Colonia.- </strong> San sebastan. <br><strong>CP.- </strong> 03020. <br><strong>E-mail.- </strong> Mireyarojas@hotmail.com. <br><strong>celular.- </strong> 7225337345. <br><strong>telefono.- </strong> 7225336345. <br><strong>Referencia1.- </strong> Iliana Almeida ramirez. <br><strong>Referencia1empresa.- </strong> Valparaiso. <br><strong>Referencia1telefono.- </strong> 3339560548. <br><strong>Referencia2.- </strong> Iliana navarro MartÃ­n . <br><strong>Referencia2empresa.- </strong> Valparaiso. <br><strong>Referencia2telefono.- </strong> 3112404882. <br><strong>Referencia3.- </strong> Jose Samuel Almeida ramirez. <br><strong>Referencia3empresa.- </strong> Valparaiso. <br><strong>Referencia3telefono.- </strong> 3112404875. <br><strong>Â¿Vives en Toluca?.- </strong> si. <br><strong>Â¿Has trabajado en Funeraria?.- </strong> Si. <br><strong>Â¿Conoces el ramo funerario?.- </strong> si. <br><strong>Â¿Sueldo mensual deseado?.- </strong> 1800. <br><strong>Estado civil.- </strong> Soltero. <br><strong>Escolaridad.- </strong> Primaria. <br><strong>Â¿Le gustan las ventas ?.- </strong> Si. <br><strong>Â¿Tienes experiencia en la vacante?.- </strong> No. <br><strong>Nombre de la empresa del Ãºltimo empleo.- </strong> Santa teresa. <br><strong>Periodo que prestÃ³ sus servicios.- </strong> 5 aÃ±os. <br><strong>Puesto desempeÃ±ado.- </strong> Jornalera. <br><strong>Actividades que realizo.- </strong> Cosecha. <br><strong>Motivo de separaciÃ³n.- </strong> Mucha calor. <br><strong>Â¿Porque medio se entero de la vacante?.- </strong> Facebook. <br><strong>Â¿Como considera su estado de salud actual?.- </strong> Bueno. <br><strong>Â¿Padece alguna enfermedad Cronica?.- </strong> No. <br><strong>Explique sus enfermedas crÃ³nicas.- </strong> Explique sus enfermedas crÃ³nicas. <br><strong>Â¿Puede viajar?.- </strong> pregunta-Si. <br><strong>Â¿Esta dispuesto a cambiar de Residencia?.- </strong> Si. <br>]]></content:encoded>
		<excerpt:encoded><![CDATA[]]></excerpt:encoded>
		<wp:post_id>144</wp:post_id>
		<wp:post_date><![CDATA[2020-08-09 23:40:05]]></wp:post_date>
		<wp:post_date_gmt><![CDATA[2020-08-09 23:40:05]]></wp:post_date_gmt>
		<wp:post_modified><![CDATA[2020-08-09 23:40:05]]></wp:post_modified>
		<wp:post_modified_gmt><![CDATA[2020-08-09 23:40:05]]></wp:post_modified_gmt>
		<wp:comment_status><![CDATA[open]]></wp:comment_status>
		<wp:ping_status><![CDATA[open]]></wp:ping_status>
		<wp:post_name><![CDATA[mireya-aleman-rojas]]></wp:post_name>
		<wp:status><![CDATA[publish]]></wp:status>
		<wp:post_parent>0</wp:post_parent>
		<wp:menu_order>0</wp:menu_order>
		<wp:post_type><![CDATA[post]]></wp:post_type>
		<wp:post_password><![CDATA[]]></wp:post_password>
		<wp:is_sticky>0</wp:is_sticky>
										<category domain="post_tag" nicename="chofer-vendedor"><![CDATA[Chofer-Vendedor]]></category>
		<category domain="category" nicename="en_revision"><![CDATA[En revisiÃ³n]]></category>
						<wp:postmeta>
		<wp:meta_key><![CDATA[folio_global_meta]]></wp:meta_key>
		<wp:meta_value><![CDATA[9]]></wp:meta_value>
		</wp:postmeta>
							<wp:postmeta>
		<wp:meta_key><![CDATA[valpa_telefono_solicitante_meta]]></wp:meta_key>
		<wp:meta_value><![CDATA[7225336345]]></wp:meta_value>
		</wp:postmeta>
							<wp:postmeta>
		<wp:meta_key><![CDATA[valpa_celular_solicitante_meta]]></wp:meta_key>
		<wp:meta_value><![CDATA[7225337345]]></wp:meta_value>
		</wp:postmeta>
							<wp:postmeta>
		<wp:meta_key><![CDATA[valpa_mail_solicitante_meta]]></wp:meta_key>
		<wp:meta_value><![CDATA[Mireyarojas@hotmail.com]]></wp:meta_value>
		</wp:postmeta>
							<wp:postmeta>
		<wp:meta_key><![CDATA[valpa_alias_solicitante_meta]]></wp:meta_key>
		<wp:meta_value><![CDATA[Mireya ]]></wp:meta_value>
		</wp:postmeta>
							<wp:postmeta>
		<wp:meta_key><![CDATA[puesto_relacionado_meta]]></wp:meta_key>
		<wp:meta_value><![CDATA[Chofer-Vendedor]]></wp:meta_value>
		</wp:postmeta>
							<wp:postmeta>
		<wp:meta_key><![CDATA[sucursal_relacionada_meta]]></wp:meta_key>
		<wp:meta_value><![CDATA[Toluca Nezahualcoyotl]]></wp:meta_value>
		</wp:postmeta>
							<wp:postmeta>
		<wp:meta_key><![CDATA[solicitud_codigo_meta]]></wp:meta_key>
		<wp:meta_value><![CDATA[00b1af8542]]></wp:meta_value>
		</wp:postmeta>
							</item>
					<item>
		<title><![CDATA[daniel Almeida Navarro]]></title>
		<link>http://localhost/sass-wp/daniel-almeida-navarro/</link>
		<pubDate>Wed, 19 Aug 2020 02:18:58 +0000</pubDate>
		<dc:creator><![CDATA[webmaster]]></dc:creator>
		<guid isPermaLink="false">https://valparaiso.com.mx/daniel-almeida-navarro/</guid>
		<description></description>
		<content:encoded><![CDATA[<strong>Contacto Valparaiso
</strong>
<strong>puesto.- </strong> 106.
<strong>sucursal.- </strong> Toluca Nezahualcoyotl.
<strong>documento-1.- </strong> CURP.
<strong>documento-5.- </strong> Copia Acta Nacimiento.
<strong>Nombre.- </strong> daniel.
<strong>ApellidoPaterno.- </strong> Almeida.
<strong>ApellidoMaterno.- </strong> Navarro.
<strong>CURP.- </strong> sadd.
<strong>NSS.- </strong> assasadd.
<strong>Direccion.- </strong> sad.
<strong>Ciudad.- </strong> dsa.
<strong>Colonia.- </strong> dsa.
<strong>CP.- </strong> asd.
<strong>E-mail.- </strong> tonal.mx@gmail.com.
<strong>celular.- </strong> 5576687668.
<strong>telefono.- </strong> 5576687668.
<strong>Referencia1.- </strong> fds.
<strong>Referencia1empresa.- </strong> EMAUS CASA FUNERARIA SA DE CV.
<strong>Referencia1telefono.- </strong> 5576687668.
<strong>Referencia2.- </strong> fds.
<strong>Referencia2empresa.- </strong> fds.
<strong>Referencia2telefono.- </strong> 5576687668.
<strong>Referencia3.- </strong> fds.
<strong>Referencia3empresa.- </strong> fs.
<strong>Referencia3telefono.- </strong> rfsd.
<strong>Â¿Vives en Toluca?.- </strong>  no.
<strong>Â¿Sueldo mensual deseado?.- </strong> Sin informaciÃ³n.
<strong>Nombre de la empresa del Ãºltimo empleo.- </strong> Sin informaciÃ³n.
<strong>Periodo que prestÃ³ sus servicios.- </strong> Sin informaciÃ³n.
<strong>Puesto desempeÃ±ado.- </strong> Sin informaciÃ³n.
<strong>Actividades que realizo.- </strong> Actividades que realizo.
<strong>Motivo de separaciÃ³n.- </strong> Motivo de separaciÃ³n.
<strong>Explique sus enfermedas crÃ³nicas.- </strong> Explique sus enfermedas crÃ³nicas.]]></content:encoded>
		<excerpt:encoded><![CDATA[]]></excerpt:encoded>
		<wp:post_id>147</wp:post_id>
		<wp:post_date><![CDATA[2020-08-19 02:18:58]]></wp:post_date>
		<wp:post_date_gmt><![CDATA[2020-08-19 02:18:58]]></wp:post_date_gmt>
		<wp:post_modified><![CDATA[2020-08-19 02:18:58]]></wp:post_modified>
		<wp:post_modified_gmt><![CDATA[2020-08-19 02:18:58]]></wp:post_modified_gmt>
		<wp:comment_status><![CDATA[open]]></wp:comment_status>
		<wp:ping_status><![CDATA[open]]></wp:ping_status>
		<wp:post_name><![CDATA[daniel-almeida-navarro]]></wp:post_name>
		<wp:status><![CDATA[publish]]></wp:status>
		<wp:post_parent>0</wp:post_parent>
		<wp:menu_order>0</wp:menu_order>
		<wp:post_type><![CDATA[post]]></wp:post_type>
		<wp:post_password><![CDATA[]]></wp:post_password>
		<wp:is_sticky>0</wp:is_sticky>
										<category domain="post_tag" nicename="chofer-vendedor"><![CDATA[Chofer-Vendedor]]></category>
		<category domain="category" nicename="en_revision"><![CDATA[En revisiÃ³n]]></category>
						<wp:postmeta>
		<wp:meta_key><![CDATA[folio_global_meta]]></wp:meta_key>
		<wp:meta_value><![CDATA[10]]></wp:meta_value>
		</wp:postmeta>
							<wp:postmeta>
		<wp:meta_key><![CDATA[valpa_telefono_solicitante_meta]]></wp:meta_key>
		<wp:meta_value><![CDATA[5576687668]]></wp:meta_value>
		</wp:postmeta>
							<wp:postmeta>
		<wp:meta_key><![CDATA[valpa_celular_solicitante_meta]]></wp:meta_key>
		<wp:meta_value><![CDATA[5576687668]]></wp:meta_value>
		</wp:postmeta>
							<wp:postmeta>
		<wp:meta_key><![CDATA[valpa_mail_solicitante_meta]]></wp:meta_key>
		<wp:meta_value><![CDATA[tonal.mx@gmail.com]]></wp:meta_value>
		</wp:postmeta>
							<wp:postmeta>
		<wp:meta_key><![CDATA[valpa_alias_solicitante_meta]]></wp:meta_key>
		<wp:meta_value><![CDATA[daniel]]></wp:meta_value>
		</wp:postmeta>
							<wp:postmeta>
		<wp:meta_key><![CDATA[puesto_relacionado_meta]]></wp:meta_key>
		<wp:meta_value><![CDATA[Chofer-Vendedor]]></wp:meta_value>
		</wp:postmeta>
							<wp:postmeta>
		<wp:meta_key><![CDATA[sucursal_relacionada_meta]]></wp:meta_key>
		<wp:meta_value><![CDATA[Toluca Nezahualcoyotl]]></wp:meta_value>
		</wp:postmeta>
							<wp:postmeta>
		<wp:meta_key><![CDATA[solicitud_codigo_meta]]></wp:meta_key>
		<wp:meta_value><![CDATA[4a6cb049fb]]></wp:meta_value>
		</wp:postmeta>
							<wp:postmeta>
		<wp:meta_key><![CDATA[_edit_last]]></wp:meta_key>
		<wp:meta_value><![CDATA[1]]></wp:meta_value>
		</wp:postmeta>
							<wp:postmeta>
		<wp:meta_key><![CDATA[_start_month]]></wp:meta_key>
		<wp:meta_value><![CDATA[08]]></wp:meta_value>
		</wp:postmeta>
							<wp:postmeta>
		<wp:meta_key><![CDATA[_start_day]]></wp:meta_key>
		<wp:meta_value><![CDATA[24]]></wp:meta_value>
		</wp:postmeta>
							<wp:postmeta>
		<wp:meta_key><![CDATA[_start_hour]]></wp:meta_key>
		<wp:meta_value><![CDATA[10]]></wp:meta_value>
		</wp:postmeta>
							<wp:postmeta>
		<wp:meta_key><![CDATA[_start_year]]></wp:meta_key>
		<wp:meta_value><![CDATA[2020]]></wp:meta_value>
		</wp:postmeta>
							<wp:postmeta>
		<wp:meta_key><![CDATA[_start_minute]]></wp:meta_key>
		<wp:meta_value><![CDATA[30]]></wp:meta_value>
		</wp:postmeta>
							<wp:postmeta>
		<wp:meta_key><![CDATA[_start_eventtimestamp]]></wp:meta_key>
		<wp:meta_value><![CDATA[202008241030]]></wp:meta_value>
		</wp:postmeta>
							</item>
					<item>
		<title><![CDATA[]]></title>
		<link>http://localhost/sass-wp/161-2/</link>
		<pubDate>Sat, 22 Aug 2020 03:46:34 +0000</pubDate>
		<dc:creator><![CDATA[webmaster]]></dc:creator>
		<guid isPermaLink="false">https://valparaiso.com.mx/161-2/</guid>
		<description></description>
		<content:encoded><![CDATA[<strong>Contacto Valparaiso<br></strong> <br><strong>puesto.- </strong> 56. <br><strong>Nombre.- </strong> Sin informaciÃ³n. <br><strong>ApellidoPaterno.- </strong> Sin informaciÃ³n. <br><strong>ApellidoMaterno.- </strong> Sin informaciÃ³n. <br><strong>CURP.- </strong> Sin informaciÃ³n. <br><strong>NSS.- </strong> Sin informaciÃ³n. <br><strong>Direccion.- </strong> Sin informaciÃ³n. <br><strong>Ciudad.- </strong> Sin informaciÃ³n. <br><strong>Colonia.- </strong> Sin informaciÃ³n. <br><strong>CP.- </strong> Sin informaciÃ³n. <br><strong>E-mail.- </strong> Sin informaciÃ³n. <br><strong>celular.- </strong> Sin informaciÃ³n. <br><strong>telefono.- </strong> Sin informaciÃ³n. <br><strong>Referencia1.- </strong> Sin informaciÃ³n. <br><strong>Referencia1empresa.- </strong> Sin informaciÃ³n. <br><strong>Referencia1telefono.- </strong> Sin informaciÃ³n. <br><strong>Referencia2.- </strong> Sin informaciÃ³n. <br><strong>Referencia2empresa.- </strong> Sin informaciÃ³n. <br><strong>Referencia2telefono.- </strong> Sin informaciÃ³n. <br><strong>Referencia3.- </strong> Sin informaciÃ³n. <br><strong>Referencia3empresa.- </strong> Sin informaciÃ³n. <br><strong>Referencia3telefono.- </strong> Sin informaciÃ³n. <br><strong>Â¿Sueldo mensual deseado?.- </strong> Sin informaciÃ³n. <br><strong>Nombre de la empresa del Ãºltimo empleo.- </strong> Sin informaciÃ³n. <br><strong>Periodo que prestÃ³ sus servicios.- </strong> Sin informaciÃ³n. <br><strong>Puesto desempeÃ±ado.- </strong> Sin informaciÃ³n. <br><strong>Actividades que realizo.- </strong> Actividades que realizo. <br><strong>Motivo de separaciÃ³n.- </strong> Motivo de separaciÃ³n. <br><strong>Explique sus enfermedas crÃ³nicas.- </strong> Explique sus enfermedas crÃ³nicas. <br>]]></content:encoded>
		<excerpt:encoded><![CDATA[]]></excerpt:encoded>
		<wp:post_id>161</wp:post_id>
		<wp:post_date><![CDATA[2020-08-22 03:46:34]]></wp:post_date>
		<wp:post_date_gmt><![CDATA[2020-08-22 03:46:34]]></wp:post_date_gmt>
		<wp:post_modified><![CDATA[2020-08-22 03:46:34]]></wp:post_modified>
		<wp:post_modified_gmt><![CDATA[2020-08-22 03:46:34]]></wp:post_modified_gmt>
		<wp:comment_status><![CDATA[open]]></wp:comment_status>
		<wp:ping_status><![CDATA[open]]></wp:ping_status>
		<wp:post_name><![CDATA[161-2]]></wp:post_name>
		<wp:status><![CDATA[publish]]></wp:status>
		<wp:post_parent>0</wp:post_parent>
		<wp:menu_order>0</wp:menu_order>
		<wp:post_type><![CDATA[post]]></wp:post_type>
		<wp:post_password><![CDATA[]]></wp:post_password>
		<wp:is_sticky>0</wp:is_sticky>
										<category domain="category" nicename="en_revision"><![CDATA[En revisiÃ³n]]></category>
		<category domain="post_tag" nicename="promotores-de-venta"><![CDATA[Promotores de Venta]]></category>
						<wp:postmeta>
		<wp:meta_key><![CDATA[folio_global_meta]]></wp:meta_key>
		<wp:meta_value><![CDATA[11]]></wp:meta_value>
		</wp:postmeta>
							<wp:postmeta>
		<wp:meta_key><![CDATA[valpa_telefono_solicitante_meta]]></wp:meta_key>
		<wp:meta_value><![CDATA[]]></wp:meta_value>
		</wp:postmeta>
							<wp:postmeta>
		<wp:meta_key><![CDATA[valpa_celular_solicitante_meta]]></wp:meta_key>
		<wp:meta_value><![CDATA[]]></wp:meta_value>
		</wp:postmeta>
							<wp:postmeta>
		<wp:meta_key><![CDATA[valpa_mail_solicitante_meta]]></wp:meta_key>
		<wp:meta_value><![CDATA[]]></wp:meta_value>
		</wp:postmeta>
							<wp:postmeta>
		<wp:meta_key><![CDATA[valpa_alias_solicitante_meta]]></wp:meta_key>
		<wp:meta_value><![CDATA[]]></wp:meta_value>
		</wp:postmeta>
							<wp:postmeta>
		<wp:meta_key><![CDATA[puesto_relacionado_meta]]></wp:meta_key>
		<wp:meta_value><![CDATA[Promotores de Venta]]></wp:meta_value>
		</wp:postmeta>
							<wp:postmeta>
		<wp:meta_key><![CDATA[sucursal_relacionada_meta]]></wp:meta_key>
		<wp:meta_value><![CDATA[]]></wp:meta_value>
		</wp:postmeta>
							<wp:postmeta>
		<wp:meta_key><![CDATA[solicitud_codigo_meta]]></wp:meta_key>
		<wp:meta_value><![CDATA[a33387006a]]></wp:meta_value>
		</wp:postmeta>
							</item>
					<item>
		<title><![CDATA[]]></title>
		<link>http://localhost/sass-wp/164-2/</link>
		<pubDate>Sat, 22 Aug 2020 14:13:32 +0000</pubDate>
		<dc:creator><![CDATA[webmaster]]></dc:creator>
		<guid isPermaLink="false">https://valparaiso.com.mx/164-2/</guid>
		<description></description>
		<content:encoded><![CDATA[<strong>Contacto Valparaiso<br></strong> <br><strong>puesto.- </strong> 56. <br><strong>Nombre.- </strong> Sin informaciÃ³n. <br><strong>ApellidoPaterno.- </strong> Sin informaciÃ³n. <br><strong>ApellidoMaterno.- </strong> Sin informaciÃ³n. <br><strong>CURP.- </strong> Sin informaciÃ³n. <br><strong>NSS.- </strong> Sin informaciÃ³n. <br><strong>Direccion.- </strong> Sin informaciÃ³n. <br><strong>Ciudad.- </strong> Sin informaciÃ³n. <br><strong>Colonia.- </strong> Sin informaciÃ³n. <br><strong>CP.- </strong> Sin informaciÃ³n. <br><strong>E-mail.- </strong> Sin informaciÃ³n. <br><strong>celular.- </strong> Sin informaciÃ³n. <br><strong>telefono.- </strong> Sin informaciÃ³n. <br><strong>Referencia1.- </strong> Sin informaciÃ³n. <br><strong>Referencia1empresa.- </strong> Sin informaciÃ³n. <br><strong>Referencia1telefono.- </strong> Sin informaciÃ³n. <br><strong>Referencia2.- </strong> Sin informaciÃ³n. <br><strong>Referencia2empresa.- </strong> Sin informaciÃ³n. <br><strong>Referencia2telefono.- </strong> Sin informaciÃ³n. <br><strong>Referencia3.- </strong> Sin informaciÃ³n. <br><strong>Referencia3empresa.- </strong> Sin informaciÃ³n. <br><strong>Referencia3telefono.- </strong> Sin informaciÃ³n. <br><strong>Â¿Sueldo mensual deseado?.- </strong> Sin informaciÃ³n. <br><strong>Nombre de la empresa del Ãºltimo empleo.- </strong> Sin informaciÃ³n. <br><strong>Periodo que prestÃ³ sus servicios.- </strong> Sin informaciÃ³n. <br><strong>Puesto desempeÃ±ado.- </strong> Sin informaciÃ³n. <br><strong>Actividades que realizo.- </strong> Actividades que realizo. <br><strong>Motivo de separaciÃ³n.- </strong> Motivo de separaciÃ³n. <br><strong>Explique sus enfermedas crÃ³nicas.- </strong> Explique sus enfermedas crÃ³nicas. <br>]]></content:encoded>
		<excerpt:encoded><![CDATA[]]></excerpt:encoded>
		<wp:post_id>164</wp:post_id>
		<wp:post_date><![CDATA[2020-08-22 14:13:32]]></wp:post_date>
		<wp:post_date_gmt><![CDATA[2020-08-22 14:13:32]]></wp:post_date_gmt>
		<wp:post_modified><![CDATA[2020-08-22 14:13:32]]></wp:post_modified>
		<wp:post_modified_gmt><![CDATA[2020-08-22 14:13:32]]></wp:post_modified_gmt>
		<wp:comment_status><![CDATA[open]]></wp:comment_status>
		<wp:ping_status><![CDATA[open]]></wp:ping_status>
		<wp:post_name><![CDATA[164-2]]></wp:post_name>
		<wp:status><![CDATA[publish]]></wp:status>
		<wp:post_parent>0</wp:post_parent>
		<wp:menu_order>0</wp:menu_order>
		<wp:post_type><![CDATA[post]]></wp:post_type>
		<wp:post_password><![CDATA[]]></wp:post_password>
		<wp:is_sticky>0</wp:is_sticky>
										<category domain="category" nicename="en_revision"><![CDATA[En revisiÃ³n]]></category>
		<category domain="post_tag" nicename="promotores-de-venta"><![CDATA[Promotores de Venta]]></category>
						<wp:postmeta>
		<wp:meta_key><![CDATA[folio_global_meta]]></wp:meta_key>
		<wp:meta_value><![CDATA[12]]></wp:meta_value>
		</wp:postmeta>
							<wp:postmeta>
		<wp:meta_key><![CDATA[valpa_telefono_solicitante_meta]]></wp:meta_key>
		<wp:meta_value><![CDATA[]]></wp:meta_value>
		</wp:postmeta>
							<wp:postmeta>
		<wp:meta_key><![CDATA[valpa_celular_solicitante_meta]]></wp:meta_key>
		<wp:meta_value><![CDATA[]]></wp:meta_value>
		</wp:postmeta>
							<wp:postmeta>
		<wp:meta_key><![CDATA[valpa_mail_solicitante_meta]]></wp:meta_key>
		<wp:meta_value><![CDATA[]]></wp:meta_value>
		</wp:postmeta>
							<wp:postmeta>
		<wp:meta_key><![CDATA[valpa_alias_solicitante_meta]]></wp:meta_key>
		<wp:meta_value><![CDATA[]]></wp:meta_value>
		</wp:postmeta>
							<wp:postmeta>
		<wp:meta_key><![CDATA[puesto_relacionado_meta]]></wp:meta_key>
		<wp:meta_value><![CDATA[Promotores de Venta]]></wp:meta_value>
		</wp:postmeta>
							<wp:postmeta>
		<wp:meta_key><![CDATA[sucursal_relacionada_meta]]></wp:meta_key>
		<wp:meta_value><![CDATA[]]></wp:meta_value>
		</wp:postmeta>
							<wp:postmeta>
		<wp:meta_key><![CDATA[solicitud_codigo_meta]]></wp:meta_key>
		<wp:meta_value><![CDATA[267c072ec3]]></wp:meta_value>
		</wp:postmeta>
							</item>
					<item>
		<title><![CDATA[]]></title>
		<link>http://localhost/sass-wp/176-2/</link>
		<pubDate>Sat, 22 Aug 2020 16:45:35 +0000</pubDate>
		<dc:creator><![CDATA[webmaster]]></dc:creator>
		<guid isPermaLink="false">https://valparaiso.com.mx/176-2/</guid>
		<description></description>
		<content:encoded><![CDATA[<strong>Contacto Valparaiso<br></strong> <br><strong>puesto.- </strong> 56. <br><strong>Nombre.- </strong> Sin informaciÃ³n. <br><strong>ApellidoPaterno.- </strong> Sin informaciÃ³n. <br><strong>ApellidoMaterno.- </strong> Sin informaciÃ³n. <br><strong>CURP.- </strong> Sin informaciÃ³n. <br><strong>NSS.- </strong> Sin informaciÃ³n. <br><strong>Direccion.- </strong> Sin informaciÃ³n. <br><strong>Ciudad.- </strong> Sin informaciÃ³n. <br><strong>Colonia.- </strong> Sin informaciÃ³n. <br><strong>CP.- </strong> Sin informaciÃ³n. <br><strong>E-mail.- </strong> Sin informaciÃ³n. <br><strong>celular.- </strong> Sin informaciÃ³n. <br><strong>telefono.- </strong> Sin informaciÃ³n. <br><strong>Referencia1.- </strong> Sin informaciÃ³n. <br><strong>Referencia1empresa.- </strong> Sin informaciÃ³n. <br><strong>Referencia1telefono.- </strong> Sin informaciÃ³n. <br><strong>Referencia2.- </strong> Sin informaciÃ³n. <br><strong>Referencia2empresa.- </strong> Sin informaciÃ³n. <br><strong>Referencia2telefono.- </strong> Sin informaciÃ³n. <br><strong>Referencia3.- </strong> Sin informaciÃ³n. <br><strong>Referencia3empresa.- </strong> Sin informaciÃ³n. <br><strong>Referencia3telefono.- </strong> Sin informaciÃ³n. <br><strong>Â¿Sueldo mensual deseado?.- </strong> Sin informaciÃ³n. <br><strong>Nombre de la empresa del Ãºltimo empleo.- </strong> Sin informaciÃ³n. <br><strong>Periodo que prestÃ³ sus servicios.- </strong> Sin informaciÃ³n. <br><strong>Puesto desempeÃ±ado.- </strong> Sin informaciÃ³n. <br><strong>Actividades que realizo.- </strong> Actividades que realizo. <br><strong>Motivo de separaciÃ³n.- </strong> Motivo de separaciÃ³n. <br><strong>Explique sus enfermedas crÃ³nicas.- </strong> Explique sus enfermedas crÃ³nicas. <br>]]></content:encoded>
		<excerpt:encoded><![CDATA[]]></excerpt:encoded>
		<wp:post_id>176</wp:post_id>
		<wp:post_date><![CDATA[2020-08-22 16:45:35]]></wp:post_date>
		<wp:post_date_gmt><![CDATA[2020-08-22 16:45:35]]></wp:post_date_gmt>
		<wp:post_modified><![CDATA[2020-08-22 16:45:35]]></wp:post_modified>
		<wp:post_modified_gmt><![CDATA[2020-08-22 16:45:35]]></wp:post_modified_gmt>
		<wp:comment_status><![CDATA[open]]></wp:comment_status>
		<wp:ping_status><![CDATA[open]]></wp:ping_status>
		<wp:post_name><![CDATA[176-2]]></wp:post_name>
		<wp:status><![CDATA[publish]]></wp:status>
		<wp:post_parent>0</wp:post_parent>
		<wp:menu_order>0</wp:menu_order>
		<wp:post_type><![CDATA[post]]></wp:post_type>
		<wp:post_password><![CDATA[]]></wp:post_password>
		<wp:is_sticky>0</wp:is_sticky>
										<category domain="category" nicename="en_revision"><![CDATA[En revisiÃ³n]]></category>
		<category domain="post_tag" nicename="promotores-de-venta"><![CDATA[Promotores de Venta]]></category>
						<wp:postmeta>
		<wp:meta_key><![CDATA[folio_global_meta]]></wp:meta_key>
		<wp:meta_value><![CDATA[13]]></wp:meta_value>
		</wp:postmeta>
							<wp:postmeta>
		<wp:meta_key><![CDATA[valpa_telefono_solicitante_meta]]></wp:meta_key>
		<wp:meta_value><![CDATA[]]></wp:meta_value>
		</wp:postmeta>
							<wp:postmeta>
		<wp:meta_key><![CDATA[valpa_celular_solicitante_meta]]></wp:meta_key>
		<wp:meta_value><![CDATA[]]></wp:meta_value>
		</wp:postmeta>
							<wp:postmeta>
		<wp:meta_key><![CDATA[valpa_mail_solicitante_meta]]></wp:meta_key>
		<wp:meta_value><![CDATA[]]></wp:meta_value>
		</wp:postmeta>
							<wp:postmeta>
		<wp:meta_key><![CDATA[valpa_alias_solicitante_meta]]></wp:meta_key>
		<wp:meta_value><![CDATA[]]></wp:meta_value>
		</wp:postmeta>
							<wp:postmeta>
		<wp:meta_key><![CDATA[puesto_relacionado_meta]]></wp:meta_key>
		<wp:meta_value><![CDATA[Promotores de Venta]]></wp:meta_value>
		</wp:postmeta>
							<wp:postmeta>
		<wp:meta_key><![CDATA[sucursal_relacionada_meta]]></wp:meta_key>
		<wp:meta_value><![CDATA[]]></wp:meta_value>
		</wp:postmeta>
							<wp:postmeta>
		<wp:meta_key><![CDATA[solicitud_codigo_meta]]></wp:meta_key>
		<wp:meta_value><![CDATA[497cd93709]]></wp:meta_value>
		</wp:postmeta>
							</item>
					<item>
		<title><![CDATA[Wiliams  Gonzalez Cruz]]></title>
		<link>http://localhost/sass-wp/wiliams-gonzalez-cruz/</link>
		<pubDate>Tue, 25 Aug 2020 15:00:07 +0000</pubDate>
		<dc:creator><![CDATA[webmaster]]></dc:creator>
		<guid isPermaLink="false">https://valparaiso.com.mx/wiliams-gonzalez-cruz/</guid>
		<description></description>
		<content:encoded><![CDATA[<strong>Contacto Valparaiso<br></strong> <br><strong>puesto.- </strong> 137. <br><strong>sucursal.- </strong> Toluca Nezahualcoyotl. <br><strong>documento-1.- </strong> CURP. <br><strong>documento-2.- </strong> RFC. <br><strong>documento-3.- </strong> Numero de Seguridad Social. <br><strong>documento-4.- </strong> Copia de Comprobante de Domicilio. <br><strong>documento-5.- </strong> Copia Acta Nacimiento. <br><strong>documento-6.- </strong> Copia de IFE. <br><strong>documento-7.- </strong> Cartas Laborales. <br><strong>documento-8.- </strong> Licencia Vigente. <br><strong>documento-9.- </strong> Copia de Comprobante de Estudios. <br><strong>Nombre.- </strong> Wiliams . <br><strong>ApellidoPaterno.- </strong> Gonzalez. <br><strong>ApellidoMaterno.- </strong> Cruz. <br><strong>CURP.- </strong> GOCW870709HGRNRL03. <br><strong>NSS.- </strong> 72028701588. <br><strong>Direccion.- </strong> Paseo Vicente Lombardo Toledano 25. <br><strong>Ciudad.- </strong> Toluca . <br><strong>Colonia.- </strong> Santa marÃ­a Totoltepec . <br><strong>CP.- </strong> 50245. <br><strong>E-mail.- </strong> willchicago76@hotmail.com. <br><strong>celular.- </strong> 7222606682. <br><strong>telefono.- </strong> 7229174258. <br><strong>Referencia1.- </strong> Ulises veces. <br><strong>Referencia1empresa.- </strong> Vallen proveedora. <br><strong>Referencia1telefono.- </strong> 55 3399 0966. <br><strong>Referencia2.- </strong> Ricardo mojica jimenez. <br><strong>Referencia2empresa.- </strong> Farmacias del ahorro. <br><strong>Referencia2telefono.- </strong> 461 101 0916. <br><strong>Referencia3.- </strong> AdriÃ¡na arizaga aviÃ±a. <br><strong>Referencia3empresa.- </strong> Farmacias farmaahorro. <br><strong>Referencia3telefono.- </strong> 327 109 8972. <br><strong>Â¿Vives en Toluca?.- </strong> si. <br><strong>Â¿Has trabajado en Funeraria?.- </strong> No. <br><strong>Â¿Conoces el ramo funerario?.- </strong> no. <br><strong>Â¿Sueldo mensual deseado?.- </strong> 7000. <br><strong>Estado civil.- </strong> Soltero. <br><strong>Escolaridad.- </strong>  Bachillerato o Tecnico. <br><strong>Â¿Tiene experiencia en Manejo de personal?.- </strong> Si. <br><strong>Â¿Tienes experiencia en la vacante?.- </strong> Si. <br><strong>Nombre de la empresa del Ãºltimo empleo.- </strong> Farmacias del ahorro. <br><strong>Periodo que prestÃ³ sus servicios.- </strong> 10 meses. <br><strong>Puesto desempeÃ±ado.- </strong> Gerente. <br><strong>Actividades que realizo.- </strong> -Encargado de Personal<br />
-RealizaciÃ³n de indicadores. <br />
-AtenciÃ³n a autoridades y clientes.<br />
-inventarios<br />
- llenado de bitÃ¡cora y check list. <br />
Etc... <br />
<br />
. <br><strong>Motivo de separaciÃ³n.- </strong> Renuncia voluntaria. . <br><strong>Â¿Porque medio se entero de la vacante?.- </strong>  Indeed. <br><strong>Â¿Como considera su estado de salud actual?.- </strong> Bueno. <br><strong>Â¿Padece alguna enfermedad Cronica?.- </strong> No. <br><strong>Explique sus enfermedas crÃ³nicas.- </strong> Explique sus enfermedas crÃ³nicas. <br><strong>Â¿Puede viajar?.- </strong> pregunta-Si. <br><strong>Â¿Esta dispuesto a cambiar de Residencia?.- </strong> Si. <br>]]></content:encoded>
		<excerpt:encoded><![CDATA[]]></excerpt:encoded>
		<wp:post_id>196</wp:post_id>
		<wp:post_date><![CDATA[2020-08-25 15:00:07]]></wp:post_date>
		<wp:post_date_gmt><![CDATA[2020-08-25 15:00:07]]></wp:post_date_gmt>
		<wp:post_modified><![CDATA[2020-08-25 15:00:07]]></wp:post_modified>
		<wp:post_modified_gmt><![CDATA[2020-08-25 15:00:07]]></wp:post_modified_gmt>
		<wp:comment_status><![CDATA[closed]]></wp:comment_status>
		<wp:ping_status><![CDATA[closed]]></wp:ping_status>
		<wp:post_name><![CDATA[wiliams-gonzalez-cruz]]></wp:post_name>
		<wp:status><![CDATA[publish]]></wp:status>
		<wp:post_parent>0</wp:post_parent>
		<wp:menu_order>0</wp:menu_order>
		<wp:post_type><![CDATA[post]]></wp:post_type>
		<wp:post_password><![CDATA[]]></wp:post_password>
		<wp:is_sticky>0</wp:is_sticky>
										<category domain="category" nicename="postulante-duplicado"><![CDATA[Postulante Duplicado]]></category>
		<category domain="post_tag" nicename="responsable-de-almacen-y-logistica"><![CDATA[Responsable de almacÃ©n y logÃ­stica]]></category>
						<wp:postmeta>
		<wp:meta_key><![CDATA[folio_global_meta]]></wp:meta_key>
		<wp:meta_value><![CDATA[14]]></wp:meta_value>
		</wp:postmeta>
							<wp:postmeta>
		<wp:meta_key><![CDATA[valpa_telefono_solicitante_meta]]></wp:meta_key>
		<wp:meta_value><![CDATA[7229174258]]></wp:meta_value>
		</wp:postmeta>
							<wp:postmeta>
		<wp:meta_key><![CDATA[valpa_celular_solicitante_meta]]></wp:meta_key>
		<wp:meta_value><![CDATA[7222606682]]></wp:meta_value>
		</wp:postmeta>
							<wp:postmeta>
		<wp:meta_key><![CDATA[valpa_mail_solicitante_meta]]></wp:meta_key>
		<wp:meta_value><![CDATA[willchicago76@hotmail.com]]></wp:meta_value>
		</wp:postmeta>
							<wp:postmeta>
		<wp:meta_key><![CDATA[valpa_alias_solicitante_meta]]></wp:meta_key>
		<wp:meta_value><![CDATA[Wiliams ]]></wp:meta_value>
		</wp:postmeta>
							<wp:postmeta>
		<wp:meta_key><![CDATA[puesto_relacionado_meta]]></wp:meta_key>
		<wp:meta_value><![CDATA[Responsable de almacÃ©n y logÃ­stica]]></wp:meta_value>
		</wp:postmeta>
							<wp:postmeta>
		<wp:meta_key><![CDATA[sucursal_relacionada_meta]]></wp:meta_key>
		<wp:meta_value><![CDATA[Toluca Nezahualcoyotl]]></wp:meta_value>
		</wp:postmeta>
							<wp:postmeta>
		<wp:meta_key><![CDATA[solicitud_codigo_meta]]></wp:meta_key>
		<wp:meta_value><![CDATA[d328760e6e]]></wp:meta_value>
		</wp:postmeta>
							<wp:postmeta>
		<wp:meta_key><![CDATA[_edit_last]]></wp:meta_key>
		<wp:meta_value><![CDATA[1]]></wp:meta_value>
		</wp:postmeta>
							</item>
					<item>
		<title><![CDATA[Wiliams  Gonzalez Cruz]]></title>
		<link>http://localhost/sass-wp/wiliams-gonzalez-cruz-2/</link>
		<pubDate>Tue, 25 Aug 2020 15:09:15 +0000</pubDate>
		<dc:creator><![CDATA[webmaster]]></dc:creator>
		<guid isPermaLink="false">https://valparaiso.com.mx/wiliams-gonzalez-cruz-2/</guid>
		<description></description>
		<content:encoded><![CDATA[<p><strong>Contacto Valparaiso<br /></strong><br /><strong>puesto.- </strong> 137.<br /><strong>sucursal.- </strong> Toluca Nezahualcoyotl.<br /><strong>documento-1.- </strong> CURP.<br /><strong>documento-2.- </strong> RFC.<br /><strong>documento-3.- </strong> Numero de Seguridad Social.<br /><strong>documento-4.- </strong> Copia de Comprobante de Domicilio.<br /><strong>documento-5.- </strong> Copia Acta Nacimiento.<br /><strong>documento-6.- </strong> Copia de IFE.<br /><strong>documento-7.- </strong> Cartas Laborales.<br /><strong>documento-8.- </strong> Licencia Vigente.<br /><strong>documento-9.- </strong> Copia de Comprobante de Estudios.<br /><strong>Nombre.- </strong> Wiliams .<br /><strong>ApellidoPaterno.- </strong> Gonzalez.<br /><strong>ApellidoMaterno.- </strong> Cruz.<br /><strong>CURP.- </strong> GOCW870709HGRNRL03.<br /><strong>NSS.- </strong> 72028701588.<br /><strong>Direccion.- </strong> PaseÃ³ Vicente lombardo Toledano 25.<br /><strong>Ciudad.- </strong> Toluca.<br /><strong>Colonia.- </strong> Santa marÃ­a Totoltepec .<br /><strong>CP.- </strong> 50245.<br /><strong>E-mail.- </strong> willchicago76@hotmail.com.<br /><strong>celular.- </strong> 7222606682 .<br /><strong>telefono.- </strong> 7229174258.<br /><strong>Referencia1.- </strong> Ulises vences MartÃ­nez .<br /><strong>Referencia1empresa.- </strong> Vallen provedoora.<br /><strong>Referencia1telefono.- </strong> 55 3399 0966.<br /><strong>Referencia2.- </strong> Ricardo mojica JimÃ©nez .<br /><strong>Referencia2empresa.- </strong> Farmacias del ahorro.<br /><strong>Referencia2telefono.- </strong> 461 101 0916.<br /><strong>Referencia3.- </strong> AdriÃ¡na Araceli arizaga aviÃ±a.<br /><strong>Referencia3empresa.- </strong> Farmacias farmaahorro.<br /><strong>Referencia3telefono.- </strong> 327 109 8972.<br /><strong>Â¿Vives en Toluca?.- </strong> si.<br /><strong>Â¿Has trabajado en Funeraria?.- </strong> No.<br /><strong>Â¿Conoces el ramo funerario?.- </strong> no.<br /><strong>Â¿Sueldo mensual deseado?.- </strong> 7000.<br /><strong>Estado civil.- </strong> Soltero.<br /><strong>Escolaridad.- </strong> Bachillerato o Tecnico.<br /><strong>Â¿Tiene experiencia en Manejo de personal?.- </strong> Si.<br /><strong>Â¿Tienes experiencia en la vacante?.- </strong> Si.<br /><strong>Nombre de la empresa del Ãºltimo empleo.- </strong> Farmacias del Ahorro .<br /><strong>Periodo que prestÃ³ sus servicios.- </strong> 10 meses .<br /><strong>Puesto desempeÃ±ado.- </strong> Gerente.<br /><strong>Actividades que realizo.- </strong> Encargado de Personal<br />Inventarios<br />Seguimiento a kpi's<br />AtenciÃ³n a autoridades y clientes<br />Etc... .<br /><strong>Motivo de separaciÃ³n.- </strong> Renuncia voluntaria .<br /><strong>Â¿Porque medio se entero de la vacante?.- </strong> Indeed.<br /><strong>Â¿Como considera su estado de salud actual?.- </strong> Bueno.<br /><strong>Â¿Padece alguna enfermedad Cronica?.- </strong> No.<br /><strong>Explique sus enfermedas crÃ³nicas.- </strong> Explique sus enfermedas crÃ³nicas.<br /><strong>Â¿Puede viajar?.- </strong> pregunta-Si.<br /><strong>Â¿Esta dispuesto a cambiar de Residencia?.- </strong> Si.</p>
<p>RE AGENDO CITA, PARA EL DIA LUNES 31 DE AGOSTO , ASISITIO A ENTREVISTA PERO SE LE REGRESO POR QUE NO TRAIA CARTAS LABORALES (27.AGO.20)</p>

<!-- wp:paragraph -->
<p></p>
<!-- /wp:paragraph -->]]></content:encoded>
		<excerpt:encoded><![CDATA[]]></excerpt:encoded>
		<wp:post_id>197</wp:post_id>
		<wp:post_date><![CDATA[2020-08-25 15:09:15]]></wp:post_date>
		<wp:post_date_gmt><![CDATA[2020-08-25 15:09:15]]></wp:post_date_gmt>
		<wp:post_modified><![CDATA[2020-08-25 15:09:15]]></wp:post_modified>
		<wp:post_modified_gmt><![CDATA[2020-08-25 15:09:15]]></wp:post_modified_gmt>
		<wp:comment_status><![CDATA[closed]]></wp:comment_status>
		<wp:ping_status><![CDATA[closed]]></wp:ping_status>
		<wp:post_name><![CDATA[wiliams-gonzalez-cruz-2]]></wp:post_name>
		<wp:status><![CDATA[publish]]></wp:status>
		<wp:post_parent>0</wp:post_parent>
		<wp:menu_order>0</wp:menu_order>
		<wp:post_type><![CDATA[post]]></wp:post_type>
		<wp:post_password><![CDATA[]]></wp:post_password>
		<wp:is_sticky>0</wp:is_sticky>
										<category domain="category" nicename="reagendo-cita"><![CDATA[Reagendo cita]]></category>
		<category domain="post_tag" nicename="responsable-de-almacen-y-logistica"><![CDATA[Responsable de almacÃ©n y logÃ­stica]]></category>
						<wp:postmeta>
		<wp:meta_key><![CDATA[folio_global_meta]]></wp:meta_key>
		<wp:meta_value><![CDATA[15]]></wp:meta_value>
		</wp:postmeta>
							<wp:postmeta>
		<wp:meta_key><![CDATA[valpa_telefono_solicitante_meta]]></wp:meta_key>
		<wp:meta_value><![CDATA[7229174258]]></wp:meta_value>
		</wp:postmeta>
							<wp:postmeta>
		<wp:meta_key><![CDATA[valpa_celular_solicitante_meta]]></wp:meta_key>
		<wp:meta_value><![CDATA[7222606682 ]]></wp:meta_value>
		</wp:postmeta>
							<wp:postmeta>
		<wp:meta_key><![CDATA[valpa_mail_solicitante_meta]]></wp:meta_key>
		<wp:meta_value><![CDATA[willchicago76@hotmail.com]]></wp:meta_value>
		</wp:postmeta>
							<wp:postmeta>
		<wp:meta_key><![CDATA[valpa_alias_solicitante_meta]]></wp:meta_key>
		<wp:meta_value><![CDATA[Wiliams ]]></wp:meta_value>
		</wp:postmeta>
							<wp:postmeta>
		<wp:meta_key><![CDATA[puesto_relacionado_meta]]></wp:meta_key>
		<wp:meta_value><![CDATA[Responsable de almacÃ©n y logÃ­stica]]></wp:meta_value>
		</wp:postmeta>
							<wp:postmeta>
		<wp:meta_key><![CDATA[sucursal_relacionada_meta]]></wp:meta_key>
		<wp:meta_value><![CDATA[Toluca Nezahualcoyotl]]></wp:meta_value>
		</wp:postmeta>
							<wp:postmeta>
		<wp:meta_key><![CDATA[solicitud_codigo_meta]]></wp:meta_key>
		<wp:meta_value><![CDATA[d328760e6e]]></wp:meta_value>
		</wp:postmeta>
							<wp:postmeta>
		<wp:meta_key><![CDATA[_edit_last]]></wp:meta_key>
		<wp:meta_value><![CDATA[1]]></wp:meta_value>
		</wp:postmeta>
							<wp:postmeta>
		<wp:meta_key><![CDATA[_start_month]]></wp:meta_key>
		<wp:meta_value><![CDATA[08]]></wp:meta_value>
		</wp:postmeta>
							<wp:postmeta>
		<wp:meta_key><![CDATA[_start_day]]></wp:meta_key>
		<wp:meta_value><![CDATA[31]]></wp:meta_value>
		</wp:postmeta>
							<wp:postmeta>
		<wp:meta_key><![CDATA[_start_hour]]></wp:meta_key>
		<wp:meta_value><![CDATA[10]]></wp:meta_value>
		</wp:postmeta>
							<wp:postmeta>
		<wp:meta_key><![CDATA[_start_year]]></wp:meta_key>
		<wp:meta_value><![CDATA[2020]]></wp:meta_value>
		</wp:postmeta>
							<wp:postmeta>
		<wp:meta_key><![CDATA[_start_minute]]></wp:meta_key>
		<wp:meta_value><![CDATA[30]]></wp:meta_value>
		</wp:postmeta>
							<wp:postmeta>
		<wp:meta_key><![CDATA[_start_eventtimestamp]]></wp:meta_key>
		<wp:meta_value><![CDATA[202008311030]]></wp:meta_value>
		</wp:postmeta>
							</item>
					<item>
		<title><![CDATA[JosÃ© MartÃ­nez OlguÃ­n]]></title>
		<link>http://localhost/sass-wp/jose-martinez-olguin/</link>
		<pubDate>Tue, 25 Aug 2020 15:24:20 +0000</pubDate>
		<dc:creator><![CDATA[webmaster]]></dc:creator>
		<guid isPermaLink="false">https://valparaiso.com.mx/jose-martinez-olguin/</guid>
		<description></description>
		<content:encoded><![CDATA[<p><strong>Contacto Valparaiso<br></strong><br><strong>puesto.- </strong> 137.<br><strong>sucursal.- </strong> Toluca Nezahualcoyotl.<br><strong>documento-1.- </strong> CURP.<br><strong>documento-2.- </strong> RFC.<br><strong>documento-3.- </strong> Numero de Seguridad Social.<br><strong>documento-4.- </strong> Copia de Comprobante de Domicilio.<br><strong>documento-5.- </strong> Copia Acta Nacimiento.<br><strong>documento-6.- </strong> Copia de IFE.<br><strong>documento-7.- </strong> Cartas Laborales.<br><strong>documento-8.- </strong> Licencia Vigente.<br><strong>documento-9.- </strong> Copia de Comprobante de Estudios.<br><strong>Nombre.- </strong> JosÃ©.<br><strong>ApellidoPaterno.- </strong> MartÃ­nez.<br><strong>ApellidoMaterno.- </strong> OlguÃ­n.</p>
<p>EDAD 31<br><strong>CURP.- </strong> MAOJ890828HDFRLS02.<br><strong>NSS.- </strong> 16108916863.<br><strong>Direccion.- </strong> Heriberto Enriquez. 613<br><strong>Ciudad.- </strong> Toluca.<br><strong>Colonia.- </strong> Santa Maria de las Losas.<br><strong>CP.- </strong> 50140.<br><strong>E-mail.- </strong> jose.martinez0lg@gmail.com.<br><strong>celular.- </strong> 722-504-95-20.<br><strong>telefono.- </strong> 7222170668.<br><strong>Referencia1.- </strong> Carta de RecomendaciÃ³n.<br><strong>Referencia1empresa.- </strong> Ryder â Gpo. Renault. (YA ESTA)<br><strong>Referencia1telefono.- </strong> adjunto carta.<br><strong>Referencia2.- </strong> Carta de RecomendaciÃ³n.<br><strong>Referencia2empresa.- </strong> Distribuidora Gamexpress|Gamers.. (PERIODO FUERON 2 AÃOS, ACTIVIDADES COMO JEFE DE ALMACEN CONTROL DE PERSONAS DE 50 PERSONAS)<br><strong>Referencia2telefono.- </strong> adjunto carta.<br><strong>Referencia3.- </strong> Carta de RecomendaciÃ³n.<br><strong>Referencia3empresa.- </strong> Integradora LogÃ­stica en Salud (ILS). (DOS AÃOS SUPERVISOR DE ALMACEN RECIBO DE PRODUCTO FARMACETUTICO Y MAQUILA)<br><strong>Referencia3telefono.- </strong> adjunto carta.<br><strong>Â¿Vives en Toluca?.- </strong> si.<br><strong>Â¿Has trabajado en Funeraria?.- </strong> No.<br><strong>Â¿Conoces el ramo funerario?.- </strong> no.<br><strong>Â¿Sueldo mensual deseado?.- </strong> 10,000 libres.<br><strong>Estado civil.- </strong> Casado .<br><strong>Escolaridad.- </strong> Licenciatura o Ingenieria.<br><strong>Â¿Tiene experiencia en Manejo de personal?.- </strong> Si.<br><strong>Â¿Tienes experiencia en la vacante?.- </strong> Si.<br><strong>Nombre de la empresa del Ãºltimo empleo.- </strong> Ryder â Gpo. Renault.<br><strong>Periodo que prestÃ³ sus servicios.- </strong> 22/01/2019 a 06/03/2020.<br><strong>Puesto desempeÃ±ado.- </strong> Coordinador de Operaciones.<br><strong>Actividades que realizo.- </strong> DesempeÃ±e funciones dentro de la cadena de suministro en el Ã¡rea de Transportes, coordinando lÃ­neas de transportes y envÃ­o de refacciones a distribuidores, Cross Dock &amp; Clientes Finales, ademÃ¡s de admon. de logÃ­stica inversa.</p>
<p>ï· Actividades Generales.<br>o AdministraciÃ³n de presupuesto en lÃ­neas de Transporte para asegurar el traslado de M3 de lotes de venta.<br>o AplicaciÃ³n de KPIÂ´s para una correcta aplicaciÃ³n de PNOÂ´s<br>o Mapeo de actividades operativas mejora continua(Lean)<br>o ImplementaciÃ³n de 5Â´s<br>o AplicaciÃ³n de LogÃ­stica Inversa.<br>o GeneraciÃ³n de nuevas rutas para optimizar costos.<br>ï· Actividades Operativas.<br>o Garantizar entrega a distribuidores en refacciones &gt;= 99.9% en M3<br>o Garantizar recolecciones de refacciones autorizadas &gt;= 98%<br>o CreaciÃ³n de Diagramas de Rutas de acuerdo a volumen de venta.<br>o Packing de refacciones para un correcto aprovechamiento en unidades asignadas para entrega.<br>o DestrucciÃ³n de Inventarios daÃ±ados, por garantÃ­as.<br>o Monitoreo a traslados de refacciones, mediante Tracking &amp; GPS..<br><strong>Motivo de separaciÃ³n.- </strong> Se tercerizo la operaciÃ³n con un proveedor Logistico..<br><strong>Â¿Porque medio se entero de la vacante?.- </strong> Indeed.<br><strong>Â¿Como considera su estado de salud actual?.- </strong> Bueno.<br><strong>Â¿Padece alguna enfermedad Cronica?.- </strong> No.<br><strong>Explique sus enfermedas crÃ³nicas.- </strong> Explique sus enfermedas crÃ³nicas.<br><strong>Â¿Puede viajar?.- </strong> pregunta-Si.<br><strong>Â¿Esta dispuesto a cambiar de Residencia?.- </strong> Si.</p>
<p>NO CONTESTA DICEN QUE AHÃ NO VIVE</p>
<p>SE VOLVIO A COMUNICAR CON NOSOTROS PERO SE DESCARTO POR QUE BUSCABA UN SUELDO MAS ALTO</p>

<!-- wp:paragraph -->
<p></p>
<!-- /wp:paragraph -->]]></content:encoded>
		<excerpt:encoded><![CDATA[]]></excerpt:encoded>
		<wp:post_id>198</wp:post_id>
		<wp:post_date><![CDATA[2020-08-25 15:24:20]]></wp:post_date>
		<wp:post_date_gmt><![CDATA[2020-08-25 15:24:20]]></wp:post_date_gmt>
		<wp:post_modified><![CDATA[2020-08-25 15:24:20]]></wp:post_modified>
		<wp:post_modified_gmt><![CDATA[2020-08-25 15:24:20]]></wp:post_modified_gmt>
		<wp:comment_status><![CDATA[closed]]></wp:comment_status>
		<wp:ping_status><![CDATA[closed]]></wp:ping_status>
		<wp:post_name><![CDATA[jose-martinez-olguin]]></wp:post_name>
		<wp:status><![CDATA[publish]]></wp:status>
		<wp:post_parent>0</wp:post_parent>
		<wp:menu_order>0</wp:menu_order>
		<wp:post_type><![CDATA[post]]></wp:post_type>
		<wp:post_password><![CDATA[]]></wp:post_password>
		<wp:is_sticky>0</wp:is_sticky>
										<category domain="category" nicename="descartado"><![CDATA[Descartado]]></category>
		<category domain="post_tag" nicename="responsable-de-almacen-y-logistica"><![CDATA[Responsable de almacÃ©n y logÃ­stica]]></category>
						<wp:postmeta>
		<wp:meta_key><![CDATA[folio_global_meta]]></wp:meta_key>
		<wp:meta_value><![CDATA[16]]></wp:meta_value>
		</wp:postmeta>
							<wp:postmeta>
		<wp:meta_key><![CDATA[valpa_telefono_solicitante_meta]]></wp:meta_key>
		<wp:meta_value><![CDATA[7222170668]]></wp:meta_value>
		</wp:postmeta>
							<wp:postmeta>
		<wp:meta_key><![CDATA[valpa_celular_solicitante_meta]]></wp:meta_key>
		<wp:meta_value><![CDATA[722-504-95-20]]></wp:meta_value>
		</wp:postmeta>
							<wp:postmeta>
		<wp:meta_key><![CDATA[valpa_mail_solicitante_meta]]></wp:meta_key>
		<wp:meta_value><![CDATA[jose.martinez0lg@gmail.com]]></wp:meta_value>
		</wp:postmeta>
							<wp:postmeta>
		<wp:meta_key><![CDATA[valpa_alias_solicitante_meta]]></wp:meta_key>
		<wp:meta_value><![CDATA[JosÃ©]]></wp:meta_value>
		</wp:postmeta>
							<wp:postmeta>
		<wp:meta_key><![CDATA[puesto_relacionado_meta]]></wp:meta_key>
		<wp:meta_value><![CDATA[Responsable de almacÃ©n y logÃ­stica]]></wp:meta_value>
		</wp:postmeta>
							<wp:postmeta>
		<wp:meta_key><![CDATA[sucursal_relacionada_meta]]></wp:meta_key>
		<wp:meta_value><![CDATA[Toluca Nezahualcoyotl]]></wp:meta_value>
		</wp:postmeta>
							<wp:postmeta>
		<wp:meta_key><![CDATA[solicitud_codigo_meta]]></wp:meta_key>
		<wp:meta_value><![CDATA[d328760e6e]]></wp:meta_value>
		</wp:postmeta>
							<wp:postmeta>
		<wp:meta_key><![CDATA[_edit_last]]></wp:meta_key>
		<wp:meta_value><![CDATA[1]]></wp:meta_value>
		</wp:postmeta>
							<wp:postmeta>
		<wp:meta_key><![CDATA[_start_month]]></wp:meta_key>
		<wp:meta_value><![CDATA[08]]></wp:meta_value>
		</wp:postmeta>
							<wp:postmeta>
		<wp:meta_key><![CDATA[_start_day]]></wp:meta_key>
		<wp:meta_value><![CDATA[26]]></wp:meta_value>
		</wp:postmeta>
							<wp:postmeta>
		<wp:meta_key><![CDATA[_start_hour]]></wp:meta_key>
		<wp:meta_value><![CDATA[15]]></wp:meta_value>
		</wp:postmeta>
							<wp:postmeta>
		<wp:meta_key><![CDATA[_start_year]]></wp:meta_key>
		<wp:meta_value><![CDATA[2020]]></wp:meta_value>
		</wp:postmeta>
							<wp:postmeta>
		<wp:meta_key><![CDATA[_start_minute]]></wp:meta_key>
		<wp:meta_value><![CDATA[00]]></wp:meta_value>
		</wp:postmeta>
							<wp:postmeta>
		<wp:meta_key><![CDATA[_start_eventtimestamp]]></wp:meta_key>
		<wp:meta_value><![CDATA[202008261500]]></wp:meta_value>
		</wp:postmeta>
							</item>
					<item>
		<title><![CDATA[Salvador RamÃ­rez MejÃ­a]]></title>
		<link>http://localhost/sass-wp/salvador-ramirez-mejia/</link>
		<pubDate>Tue, 25 Aug 2020 15:59:03 +0000</pubDate>
		<dc:creator><![CDATA[webmaster]]></dc:creator>
		<guid isPermaLink="false">https://valparaiso.com.mx/salvador-ramirez-mejia/</guid>
		<description></description>
		<content:encoded><![CDATA[<strong>Contacto Valparaiso<br></strong> <br><strong>puesto.- </strong> 137. <br><strong>sucursal.- </strong> Toluca Nezahualcoyotl. <br><strong>documento-1.- </strong> CURP. <br><strong>documento-2.- </strong> RFC. <br><strong>documento-3.- </strong> Numero de Seguridad Social. <br><strong>documento-4.- </strong> Copia de Comprobante de Domicilio. <br><strong>documento-5.- </strong> Copia Acta Nacimiento. <br><strong>documento-6.- </strong> Copia de IFE. <br><strong>documento-7.- </strong> Cartas Laborales. <br><strong>documento-8.- </strong> Licencia Vigente. <br><strong>documento-9.- </strong> Copia de Comprobante de Estudios. <br><strong>Nombre.- </strong> Salvador. <br><strong>ApellidoPaterno.- </strong> RamÃ­rez. <br><strong>ApellidoMaterno.- </strong> MejÃ­a. <br><strong>CURP.- </strong> RAMS890201HMCMJL08. <br><strong>NSS.- </strong> 16078922735. <br><strong>Direccion.- </strong> Priv. NicolÃ¡s Bravo. <br><strong>Ciudad.- </strong> Otzolotepec. <br><strong>Colonia.- </strong> Villa CuauhtÃ©moc. <br><strong>CP.- </strong> 52080. <br><strong>E-mail.- </strong> chavaramires0319@gmail.com. <br><strong>celular.- </strong> 7223636358. <br><strong>telefono.- </strong> 7223636358. <br><strong>Referencia1.- </strong> Francisco Navarrete Templos. <br><strong>Referencia1empresa.- </strong> Fipros. <br><strong>Referencia1telefono.- </strong> 5524006119. <br><strong>Referencia2.- </strong> Antonio Cortazar. <br><strong>Referencia2empresa.- </strong> Negocio Propio. <br><strong>Referencia2telefono.- </strong> 7222563781. <br><strong>Referencia3.- </strong> Olimpica BÃ¡rcenas. <br><strong>Referencia3empresa.- </strong> Ultragas MÃ©xico. <br><strong>Referencia3telefono.- </strong> 7221470193. <br><strong>Â¿Vives en Toluca?.- </strong>  no. <br><strong>Â¿Has trabajado en Funeraria?.- </strong> No. <br><strong>Â¿Conoces el ramo funerario?.- </strong> si. <br><strong>Â¿Sueldo mensual deseado?.- </strong> 8000. <br><strong>Estado civil.- </strong>  UniÃ³n libre. <br><strong>Escolaridad.- </strong>  Bachillerato o Tecnico. <br><strong>Â¿Tiene experiencia en Manejo de personal?.- </strong> Si. <br><strong>Â¿Tienes experiencia en la vacante?.- </strong> Si. <br><strong>Nombre de la empresa del Ãºltimo empleo.- </strong> Ultragas MÃ©xico. <br><strong>Periodo que prestÃ³ sus servicios.- </strong> 2 aÃ±os. <br><strong>Puesto desempeÃ±ado.- </strong> Jefe de inventarios. <br><strong>Actividades que realizo.- </strong> Control y anÃ¡lisis de inventarios. <br><strong>Motivo de separaciÃ³n.- </strong> Problemas Personales. <br><strong>Â¿Porque medio se entero de la vacante?.- </strong>  Indeed. <br><strong>Â¿Como considera su estado de salud actual?.- </strong> Bueno. <br><strong>Â¿Padece alguna enfermedad Cronica?.- </strong> No. <br><strong>Explique sus enfermedas crÃ³nicas.- </strong> Explique sus enfermedas crÃ³nicas. <br><strong>Â¿Puede viajar?.- </strong> pregunta-Si. <br><strong>Â¿Esta dispuesto a cambiar de Residencia?.- </strong> Si. <br>]]></content:encoded>
		<excerpt:encoded><![CDATA[]]></excerpt:encoded>
		<wp:post_id>200</wp:post_id>
		<wp:post_date><![CDATA[2020-08-25 15:59:03]]></wp:post_date>
		<wp:post_date_gmt><![CDATA[2020-08-25 15:59:03]]></wp:post_date_gmt>
		<wp:post_modified><![CDATA[2020-08-25 15:59:03]]></wp:post_modified>
		<wp:post_modified_gmt><![CDATA[2020-08-25 15:59:03]]></wp:post_modified_gmt>
		<wp:comment_status><![CDATA[closed]]></wp:comment_status>
		<wp:ping_status><![CDATA[closed]]></wp:ping_status>
		<wp:post_name><![CDATA[salvador-ramirez-mejia]]></wp:post_name>
		<wp:status><![CDATA[publish]]></wp:status>
		<wp:post_parent>0</wp:post_parent>
		<wp:menu_order>0</wp:menu_order>
		<wp:post_type><![CDATA[post]]></wp:post_type>
		<wp:post_password><![CDATA[]]></wp:post_password>
		<wp:is_sticky>0</wp:is_sticky>
										<category domain="category" nicename="postulante-duplicado"><![CDATA[Postulante Duplicado]]></category>
		<category domain="post_tag" nicename="responsable-de-almacen-y-logistica"><![CDATA[Responsable de almacÃ©n y logÃ­stica]]></category>
						<wp:postmeta>
		<wp:meta_key><![CDATA[folio_global_meta]]></wp:meta_key>
		<wp:meta_value><![CDATA[17]]></wp:meta_value>
		</wp:postmeta>
							<wp:postmeta>
		<wp:meta_key><![CDATA[valpa_telefono_solicitante_meta]]></wp:meta_key>
		<wp:meta_value><![CDATA[7223636358]]></wp:meta_value>
		</wp:postmeta>
							<wp:postmeta>
		<wp:meta_key><![CDATA[valpa_celular_solicitante_meta]]></wp:meta_key>
		<wp:meta_value><![CDATA[7223636358]]></wp:meta_value>
		</wp:postmeta>
							<wp:postmeta>
		<wp:meta_key><![CDATA[valpa_mail_solicitante_meta]]></wp:meta_key>
		<wp:meta_value><![CDATA[chavaramires0319@gmail.com]]></wp:meta_value>
		</wp:postmeta>
							<wp:postmeta>
		<wp:meta_key><![CDATA[valpa_alias_solicitante_meta]]></wp:meta_key>
		<wp:meta_value><![CDATA[Salvador]]></wp:meta_value>
		</wp:postmeta>
							<wp:postmeta>
		<wp:meta_key><![CDATA[puesto_relacionado_meta]]></wp:meta_key>
		<wp:meta_value><![CDATA[Responsable de almacÃ©n y logÃ­stica]]></wp:meta_value>
		</wp:postmeta>
							<wp:postmeta>
		<wp:meta_key><![CDATA[sucursal_relacionada_meta]]></wp:meta_key>
		<wp:meta_value><![CDATA[Toluca Nezahualcoyotl]]></wp:meta_value>
		</wp:postmeta>
							<wp:postmeta>
		<wp:meta_key><![CDATA[solicitud_codigo_meta]]></wp:meta_key>
		<wp:meta_value><![CDATA[d328760e6e]]></wp:meta_value>
		</wp:postmeta>
							<wp:postmeta>
		<wp:meta_key><![CDATA[_edit_last]]></wp:meta_key>
		<wp:meta_value><![CDATA[1]]></wp:meta_value>
		</wp:postmeta>
							</item>
					<item>
		<title><![CDATA[Salvador RamÃ­rez MejÃ­a]]></title>
		<link>http://localhost/sass-wp/salvador-ramirez-mejia-2/</link>
		<pubDate>Tue, 25 Aug 2020 16:04:38 +0000</pubDate>
		<dc:creator><![CDATA[webmaster]]></dc:creator>
		<guid isPermaLink="false">https://valparaiso.com.mx/salvador-ramirez-mejia-2/</guid>
		<description></description>
		<content:encoded><![CDATA[<strong>Contacto Valparaiso
</strong>
<strong>puesto.- </strong> 137.
<strong>sucursal.- </strong> Toluca Nezahualcoyotl.
<strong>Nombre.- </strong> Salvador.
<strong>ApellidoPaterno.- </strong> RamÃ­rez.
<strong>ApellidoMaterno.- </strong> MejÃ­a.

(Edad 31)
<strong>CURP.- </strong> RAMS890201HMCMJL08.
<strong>NSS.- </strong> 16078922735.
<strong>Direccion.- </strong> Priv NicolÃ¡s Bravo.
<strong>Ciudad.- </strong> Otzolotepec.
<strong>Colonia.- </strong> Villa CuauhtÃ©moc.
<strong>CP.- </strong> 52080.
<strong>E-mail.- </strong> chavaramires0319@gmail.com.
<strong>celular.- </strong> 7223636358.
<strong>telefono.- </strong> 7223636358.
<strong>Referencia1.- </strong> Francisco Navarrete.
<strong>Referencia1empresa.- </strong> Fipros. ( se dedica a almacenamiento y resguardo de archivos le trabajan a empresas, inicio como operativo dando entradas y salidas lo registraba en sistema coordinador de operaciones levantamiento de cotizaciones , desarrollo de programas tiempo de produccion 20011 a 2017)
<strong>Referencia1telefono.- </strong> 5524006119.
<strong>Referencia2.- </strong> Antonio Cortazar.
<strong>Referencia2empresa.- </strong> Negocio. (Negocio propio de antonio estuvo como diseÃ±ador serigrafica diseÃ±o publicitario credenciales periodo antes de fipros 2 aÃ±os 2009 a 2011)
<strong>Referencia2telefono.- </strong> 722 256 3781.
<strong>Referencia3.- </strong> Olimpica BÃ¡rcenas.
<strong>Referencia3empresa.- </strong> Ultragas MÃ©xico. fue ultimo de empleo, de 2018 a 2020
<strong>Referencia3telefono.- </strong> 722 147 0193.
<strong>Â¿Vives en Toluca?.- </strong> no.
<strong>Â¿Has trabajado en Funeraria?.- </strong> No.
<strong>Â¿Conoces el ramo funerario?.- </strong> si.
<strong>Â¿Sueldo mensual deseado?.- </strong> 8000.
<strong>Estado civil.- </strong> UniÃ³n libre.
<strong>Escolaridad.- </strong> Bachillerato o Tecnico.
<strong>Â¿Tiene experiencia en Manejo de personal?.- </strong> Si.
<strong>Â¿Tienes experiencia en la vacante?.- </strong> Si.
<strong>Nombre de la empresa del Ãºltimo empleo.- </strong> Ultragas MÃ©xico.
<strong>Periodo que prestÃ³ sus servicios.- </strong> 2 aÃ±os.
<strong>Puesto desempeÃ±ado.- </strong> Jefe de inventarios.
<strong>Actividades que realizo.- </strong> AnÃ¡lisis de inventarios Entradas y Salidas, auditorÃ­a interna.. de unidades registrar salidas en los inventarios y validar
<strong>Motivo de separaciÃ³n.- </strong> Sin informaciÃ³n.
<strong>Â¿Porque medio se entero de la vacante?.- </strong> Indeed.
<strong>Â¿Como considera su estado de salud actual?.- </strong> Bueno.
<strong>Â¿Padece alguna enfermedad Cronica?.- </strong> No.
<strong>Explique sus enfermedas crÃ³nicas.- </strong> Explique sus enfermedas crÃ³nicas.
<strong>Â¿Puede viajar?.- </strong> pregunta-Si.
<strong>Â¿Esta dispuesto a cambiar de Residencia?.- </strong> Si.

DESCARTADO BUSCABA UN SUELDO MAS ALTO]]></content:encoded>
		<excerpt:encoded><![CDATA[]]></excerpt:encoded>
		<wp:post_id>201</wp:post_id>
		<wp:post_date><![CDATA[2020-08-25 16:04:38]]></wp:post_date>
		<wp:post_date_gmt><![CDATA[2020-08-25 16:04:38]]></wp:post_date_gmt>
		<wp:post_modified><![CDATA[2020-08-25 16:04:38]]></wp:post_modified>
		<wp:post_modified_gmt><![CDATA[2020-08-25 16:04:38]]></wp:post_modified_gmt>
		<wp:comment_status><![CDATA[closed]]></wp:comment_status>
		<wp:ping_status><![CDATA[closed]]></wp:ping_status>
		<wp:post_name><![CDATA[salvador-ramirez-mejia-2]]></wp:post_name>
		<wp:status><![CDATA[publish]]></wp:status>
		<wp:post_parent>0</wp:post_parent>
		<wp:menu_order>0</wp:menu_order>
		<wp:post_type><![CDATA[post]]></wp:post_type>
		<wp:post_password><![CDATA[]]></wp:post_password>
		<wp:is_sticky>0</wp:is_sticky>
										<category domain="category" nicename="descartado"><![CDATA[Descartado]]></category>
		<category domain="post_tag" nicename="responsable-de-almacen-y-logistica"><![CDATA[Responsable de almacÃ©n y logÃ­stica]]></category>
						<wp:postmeta>
		<wp:meta_key><![CDATA[folio_global_meta]]></wp:meta_key>
		<wp:meta_value><![CDATA[18]]></wp:meta_value>
		</wp:postmeta>
							<wp:postmeta>
		<wp:meta_key><![CDATA[valpa_telefono_solicitante_meta]]></wp:meta_key>
		<wp:meta_value><![CDATA[7223636358]]></wp:meta_value>
		</wp:postmeta>
							<wp:postmeta>
		<wp:meta_key><![CDATA[valpa_celular_solicitante_meta]]></wp:meta_key>
		<wp:meta_value><![CDATA[7223636358]]></wp:meta_value>
		</wp:postmeta>
							<wp:postmeta>
		<wp:meta_key><![CDATA[valpa_mail_solicitante_meta]]></wp:meta_key>
		<wp:meta_value><![CDATA[chavaramires0319@gmail.com]]></wp:meta_value>
		</wp:postmeta>
							<wp:postmeta>
		<wp:meta_key><![CDATA[valpa_alias_solicitante_meta]]></wp:meta_key>
		<wp:meta_value><![CDATA[Salvador]]></wp:meta_value>
		</wp:postmeta>
							<wp:postmeta>
		<wp:meta_key><![CDATA[puesto_relacionado_meta]]></wp:meta_key>
		<wp:meta_value><![CDATA[Responsable de almacÃ©n y logÃ­stica]]></wp:meta_value>
		</wp:postmeta>
							<wp:postmeta>
		<wp:meta_key><![CDATA[sucursal_relacionada_meta]]></wp:meta_key>
		<wp:meta_value><![CDATA[Toluca Nezahualcoyotl]]></wp:meta_value>
		</wp:postmeta>
							<wp:postmeta>
		<wp:meta_key><![CDATA[solicitud_codigo_meta]]></wp:meta_key>
		<wp:meta_value><![CDATA[d328760e6e]]></wp:meta_value>
		</wp:postmeta>
							<wp:postmeta>
		<wp:meta_key><![CDATA[_edit_last]]></wp:meta_key>
		<wp:meta_value><![CDATA[1]]></wp:meta_value>
		</wp:postmeta>
							<wp:postmeta>
		<wp:meta_key><![CDATA[_start_month]]></wp:meta_key>
		<wp:meta_value><![CDATA[08]]></wp:meta_value>
		</wp:postmeta>
							<wp:postmeta>
		<wp:meta_key><![CDATA[_start_day]]></wp:meta_key>
		<wp:meta_value><![CDATA[25]]></wp:meta_value>
		</wp:postmeta>
							<wp:postmeta>
		<wp:meta_key><![CDATA[_start_hour]]></wp:meta_key>
		<wp:meta_value><![CDATA[20]]></wp:meta_value>
		</wp:postmeta>
							<wp:postmeta>
		<wp:meta_key><![CDATA[_start_year]]></wp:meta_key>
		<wp:meta_value><![CDATA[2020]]></wp:meta_value>
		</wp:postmeta>
							<wp:postmeta>
		<wp:meta_key><![CDATA[_start_minute]]></wp:meta_key>
		<wp:meta_value><![CDATA[00]]></wp:meta_value>
		</wp:postmeta>
							<wp:postmeta>
		<wp:meta_key><![CDATA[_start_eventtimestamp]]></wp:meta_key>
		<wp:meta_value><![CDATA[202008252000]]></wp:meta_value>
		</wp:postmeta>
							</item>
					<item>
		<title><![CDATA[Victor LÃ³pez Lopez]]></title>
		<link>http://localhost/sass-wp/victor-lopez-lopez/</link>
		<pubDate>Tue, 25 Aug 2020 18:17:26 +0000</pubDate>
		<dc:creator><![CDATA[webmaster]]></dc:creator>
		<guid isPermaLink="false">https://valparaiso.com.mx/victor-lopez-lopez/</guid>
		<description></description>
		<content:encoded><![CDATA[<strong>Contacto Valparaiso
</strong>
<strong>puesto.- </strong> 137.
<strong>sucursal.- </strong> Toluca Nezahualcoyotl.
<strong>documento-1.- </strong> CURP.
<strong>documento-2.- </strong> RFC.
<strong>documento-3.- </strong> Numero de Seguridad Social.
<strong>documento-4.- </strong> Copia de Comprobante de Domicilio.
<strong>documento-5.- </strong> Copia Acta Nacimiento.
<strong>documento-6.- </strong> Copia de IFE.
<strong>documento-7.- </strong> Cartas Laborales.
<strong>documento-8.- </strong> Licencia Vigente.
<strong>documento-9.- </strong> Copia de Comprobante de Estudios.
<strong>Nombre.- </strong> Victor.
<strong>ApellidoPaterno.- </strong> LÃ³pez.
<strong>ApellidoMaterno.- </strong> Lopez.

edad 50 aÃ±os
<strong>CURP.- </strong> LOLV690915HGRPPC00.
<strong>NSS.- </strong> 16896914823.
<strong>Direccion.- </strong> Nicolas Bravo #416.
<strong>Ciudad.- </strong> Capulhuac de Mirafuentes.
<strong>Colonia.- </strong> sn Miguelito.
<strong>CP.- </strong> 52700.
<strong>E-mail.- </strong> lopezlopezvictor@yahoo.com.
<strong>celular.- </strong> 7227593130.
<strong>telefono.- </strong> 7227593130.
<strong>Referencia1.- </strong> Miguel A. Munguia.
<strong>Referencia1empresa.- </strong> KHS de mexico. ( periodo del 2010 a 2015, estaba como almacen y analista de inventarios, entrada a todo el material que llegaba y que se fabricaba daba salida y ensamblar)
<strong>Referencia1telefono.- </strong> 722 7562114.
<strong>Referencia2.- </strong> Ricardo Sanchez.
<strong>Referencia2empresa.- </strong> Seglo. (1999 a 2009 estuvo como supervisor de almacen empresa de logistica que le daba servicio a general motors como supervisor de embarque recibo de material inventarios ciclios especiales recibo de material y maquinado)
<strong>Referencia2telefono.- </strong> 722 2792185.
<strong>Referencia3.- </strong> Luz M. Hernandez.
<strong>Referencia3empresa.- </strong> Seglo.
<strong>Referencia3telefono.- </strong> 722 2792185.
<strong>Â¿Vives en Toluca?.- </strong> si.
<strong>Â¿Has trabajado en Funeraria?.- </strong> Si. (cuando era joven su papa era quien hacia&nbsp; cajas)
<strong>Â¿Conoces el ramo funerario?.- </strong> si.
<strong>Â¿Sueldo mensual deseado?.- </strong> Sin informaciÃ³n.
<strong>Estado civil.- </strong> Casado .
<strong>Escolaridad.- </strong> Bachillerato o Tecnico.
<strong>Â¿Tiene experiencia en Manejo de personal?.- </strong> Si.
<strong>Â¿Tienes experiencia en la vacante?.- </strong> Si.
<strong>Nombre de la empresa del Ãºltimo empleo.- </strong> Dox Steel.
<strong>Periodo que prestÃ³ sus servicios.- </strong> Marzo 2015 a Enero 2020.
<strong>Puesto desempeÃ±ado.- </strong> Supervisor de matenimiento.
<strong>Actividades que realizo.- </strong> Actividades que realizo:
Tenia a cargo tÃ©cnicos de mantenimiento, programar mateniemiÃ©nto preventivo de la maquinaria en la planta, mentenimiento de sistema elÃ©ctrico de la planta asi como matenimiento correctivo, solicitar las refacciones que se ocupan y reguardo de las mismas. .&nbsp; a cargo el resguardo del material encargado de hacer el pedido y pasar los requerimientos y de recibir)
<strong>Motivo de separaciÃ³n.- </strong> Motivo de separaciÃ³n:

La empresa quebro y fue embargada. .
<strong>Â¿Porque medio se entero de la vacante?.- </strong> Indeed.
<strong>Â¿Como considera su estado de salud actual?.- </strong> Bueno.
<strong>Â¿Padece alguna enfermedad Cronica?.- </strong> No.
<strong>Explique sus enfermedas crÃ³nicas.- </strong> Explique sus enfermedas crÃ³nicas.
<strong>Â¿Puede viajar?.- </strong> pregunta-Si.
<strong>Â¿Esta dispuesto a cambiar de Residencia?.- </strong> Si.]]></content:encoded>
		<excerpt:encoded><![CDATA[]]></excerpt:encoded>
		<wp:post_id>205</wp:post_id>
		<wp:post_date><![CDATA[2020-08-25 18:17:26]]></wp:post_date>
		<wp:post_date_gmt><![CDATA[2020-08-25 18:17:26]]></wp:post_date_gmt>
		<wp:post_modified><![CDATA[2020-08-25 18:17:26]]></wp:post_modified>
		<wp:post_modified_gmt><![CDATA[2020-08-25 18:17:26]]></wp:post_modified_gmt>
		<wp:comment_status><![CDATA[closed]]></wp:comment_status>
		<wp:ping_status><![CDATA[closed]]></wp:ping_status>
		<wp:post_name><![CDATA[victor-lopez-lopez]]></wp:post_name>
		<wp:status><![CDATA[publish]]></wp:status>
		<wp:post_parent>0</wp:post_parent>
		<wp:menu_order>0</wp:menu_order>
		<wp:post_type><![CDATA[post]]></wp:post_type>
		<wp:post_password><![CDATA[]]></wp:post_password>
		<wp:is_sticky>0</wp:is_sticky>
										<category domain="category" nicename="citado"><![CDATA[Citado]]></category>
		<category domain="post_tag" nicename="responsable-de-almacen-y-logistica"><![CDATA[Responsable de almacÃ©n y logÃ­stica]]></category>
						<wp:postmeta>
		<wp:meta_key><![CDATA[folio_global_meta]]></wp:meta_key>
		<wp:meta_value><![CDATA[20]]></wp:meta_value>
		</wp:postmeta>
							<wp:postmeta>
		<wp:meta_key><![CDATA[valpa_telefono_solicitante_meta]]></wp:meta_key>
		<wp:meta_value><![CDATA[7227593130]]></wp:meta_value>
		</wp:postmeta>
							<wp:postmeta>
		<wp:meta_key><![CDATA[valpa_celular_solicitante_meta]]></wp:meta_key>
		<wp:meta_value><![CDATA[7227593130]]></wp:meta_value>
		</wp:postmeta>
							<wp:postmeta>
		<wp:meta_key><![CDATA[valpa_mail_solicitante_meta]]></wp:meta_key>
		<wp:meta_value><![CDATA[lopezlopezvictor@yahoo.com]]></wp:meta_value>
		</wp:postmeta>
							<wp:postmeta>
		<wp:meta_key><![CDATA[valpa_alias_solicitante_meta]]></wp:meta_key>
		<wp:meta_value><![CDATA[Victor]]></wp:meta_value>
		</wp:postmeta>
							<wp:postmeta>
		<wp:meta_key><![CDATA[puesto_relacionado_meta]]></wp:meta_key>
		<wp:meta_value><![CDATA[Responsable de almacÃ©n y logÃ­stica]]></wp:meta_value>
		</wp:postmeta>
							<wp:postmeta>
		<wp:meta_key><![CDATA[sucursal_relacionada_meta]]></wp:meta_key>
		<wp:meta_value><![CDATA[Toluca Nezahualcoyotl]]></wp:meta_value>
		</wp:postmeta>
							<wp:postmeta>
		<wp:meta_key><![CDATA[solicitud_codigo_meta]]></wp:meta_key>
		<wp:meta_value><![CDATA[d328760e6e]]></wp:meta_value>
		</wp:postmeta>
							<wp:postmeta>
		<wp:meta_key><![CDATA[_edit_last]]></wp:meta_key>
		<wp:meta_value><![CDATA[1]]></wp:meta_value>
		</wp:postmeta>
							<wp:postmeta>
		<wp:meta_key><![CDATA[_start_month]]></wp:meta_key>
		<wp:meta_value><![CDATA[08]]></wp:meta_value>
		</wp:postmeta>
							<wp:postmeta>
		<wp:meta_key><![CDATA[_start_day]]></wp:meta_key>
		<wp:meta_value><![CDATA[27]]></wp:meta_value>
		</wp:postmeta>
							<wp:postmeta>
		<wp:meta_key><![CDATA[_start_hour]]></wp:meta_key>
		<wp:meta_value><![CDATA[10]]></wp:meta_value>
		</wp:postmeta>
							<wp:postmeta>
		<wp:meta_key><![CDATA[_start_year]]></wp:meta_key>
		<wp:meta_value><![CDATA[2020]]></wp:meta_value>
		</wp:postmeta>
							<wp:postmeta>
		<wp:meta_key><![CDATA[_start_minute]]></wp:meta_key>
		<wp:meta_value><![CDATA[45]]></wp:meta_value>
		</wp:postmeta>
							<wp:postmeta>
		<wp:meta_key><![CDATA[_start_eventtimestamp]]></wp:meta_key>
		<wp:meta_value><![CDATA[202008271045]]></wp:meta_value>
		</wp:postmeta>
							</item>
					<item>
		<title><![CDATA[Arturo Benjanin Tellez PeÃ±a]]></title>
		<link>http://localhost/sass-wp/arturo-benjanin-tellez-pena/</link>
		<pubDate>Tue, 25 Aug 2020 19:45:34 +0000</pubDate>
		<dc:creator><![CDATA[webmaster]]></dc:creator>
		<guid isPermaLink="false">https://valparaiso.com.mx/arturo-benjanin-tellez-pena/</guid>
		<description></description>
		<content:encoded><![CDATA[<strong>Contacto Valparaiso
</strong>
<strong>puesto.- </strong> 137.
<strong>sucursal.- </strong> Toluca Nezahualcoyotl.
<strong>documento-1.- </strong> CURP.
<strong>documento-2.- </strong> RFC.
<strong>documento-3.- </strong> Numero de Seguridad Social.
<strong>documento-4.- </strong> Copia de Comprobante de Domicilio.
<strong>documento-5.- </strong> Copia Acta Nacimiento.
<strong>documento-6.- </strong> Copia de IFE.
<strong>documento-7.- </strong> Cartas Laborales.
<strong>documento-8.- </strong> Licencia Vigente.
<strong>documento-9.- </strong> Copia de Comprobante de Estudios.
<strong>Nombre.- </strong> Arturo Benjanin.
<strong>ApellidoPaterno.- </strong> Tellez.
<strong>ApellidoMaterno.- </strong> PeÃ±a.
<strong>CURP.- </strong> Tepa920724hmcxlr04.
<strong>NSS.- </strong> 16129259426.
<strong>Direccion.- </strong> NiÃ±os heroes 26.
<strong>Ciudad.- </strong> Toluca.
<strong>Colonia.- </strong> Centro.
<strong>CP.- </strong> 52060.
<strong>E-mail.- </strong> mashaemeck@gmail.com.
<strong>celular.- </strong> 7293947206.
<strong>telefono.- </strong> 7293847206.
<strong>Referencia1.- </strong> Manaf.
<strong>Referencia1empresa.- </strong> Manaf.
<strong>Referencia1telefono.- </strong> +52 1 722 613 4798.
<strong>Referencia2.- </strong> Bonafont.
<strong>Referencia2empresa.- </strong> Bonafont.
<strong>Referencia2telefono.- </strong> +52 1 55 8071 6836.
<strong>Referencia3.- </strong> Henkel.
<strong>Referencia3empresa.- </strong> Henkel.
<strong>Referencia3telefono.- </strong> 722 249 7102.
<strong>Â¿Vives en Toluca?.- </strong> no.
<strong>Â¿Has trabajado en Funeraria?.- </strong> Si.
<strong>Â¿Conoces el ramo funerario?.- </strong> si.
<strong>Â¿Sueldo mensual deseado?.- </strong> Sin informaciÃ³n.
<strong>Estado civil.- </strong> Casado .
<strong>Escolaridad.- </strong> Bachillerato o Tecnico.
<strong>Â¿Tiene experiencia en Manejo de personal?.- </strong> Si.
<strong>Â¿Tienes experiencia en la vacante?.- </strong> Si.
<strong>Nombre de la empresa del Ãºltimo empleo.- </strong> Henkel.
<strong>Periodo que prestÃ³ sus servicios.- </strong> 2 aÃ±os.
<strong>Puesto desempeÃ±ado.- </strong> Almacenista .
<strong>Actividades que realizo.- </strong> Almacenamiento
Seguimiento a guias
Manejo de personal
Inventarios.
<strong>Motivo de separaciÃ³n.- </strong> Renuncia.
<strong>Â¿Porque medio se entero de la vacante?.- </strong> Indeed.
<strong>Â¿Como considera su estado de salud actual?.- </strong> Bueno.
<strong>Â¿Padece alguna enfermedad Cronica?.- </strong> No.
<strong>Explique sus enfermedas crÃ³nicas.- </strong> Explique sus enfermedas crÃ³nicas.
<strong>Â¿Puede viajar?.- </strong> pregunta-Si.
<strong>Â¿Esta dispuesto a cambiar de Residencia?.- </strong> Si.

SE LE LLAMO ENTRA LA LLAMADA PERO NO CONTESTA, Y EN EL NUMERO DE CELULAR DICE USUARIO NO DISPONIBLE]]></content:encoded>
		<excerpt:encoded><![CDATA[]]></excerpt:encoded>
		<wp:post_id>207</wp:post_id>
		<wp:post_date><![CDATA[2020-08-25 19:45:34]]></wp:post_date>
		<wp:post_date_gmt><![CDATA[2020-08-25 19:45:34]]></wp:post_date_gmt>
		<wp:post_modified><![CDATA[2020-08-25 19:45:34]]></wp:post_modified>
		<wp:post_modified_gmt><![CDATA[2020-08-25 19:45:34]]></wp:post_modified_gmt>
		<wp:comment_status><![CDATA[open]]></wp:comment_status>
		<wp:ping_status><![CDATA[open]]></wp:ping_status>
		<wp:post_name><![CDATA[arturo-benjanin-tellez-pena]]></wp:post_name>
		<wp:status><![CDATA[publish]]></wp:status>
		<wp:post_parent>0</wp:post_parent>
		<wp:menu_order>0</wp:menu_order>
		<wp:post_type><![CDATA[post]]></wp:post_type>
		<wp:post_password><![CDATA[]]></wp:post_password>
		<wp:is_sticky>0</wp:is_sticky>
										<category domain="post_tag" nicename="responsable-de-almacen-y-logistica"><![CDATA[Responsable de almacÃ©n y logÃ­stica]]></category>
		<category domain="category" nicename="revisado"><![CDATA[Revisado]]></category>
						<wp:postmeta>
		<wp:meta_key><![CDATA[folio_global_meta]]></wp:meta_key>
		<wp:meta_value><![CDATA[21]]></wp:meta_value>
		</wp:postmeta>
							<wp:postmeta>
		<wp:meta_key><![CDATA[valpa_telefono_solicitante_meta]]></wp:meta_key>
		<wp:meta_value><![CDATA[7293847206]]></wp:meta_value>
		</wp:postmeta>
							<wp:postmeta>
		<wp:meta_key><![CDATA[valpa_celular_solicitante_meta]]></wp:meta_key>
		<wp:meta_value><![CDATA[7293947206]]></wp:meta_value>
		</wp:postmeta>
							<wp:postmeta>
		<wp:meta_key><![CDATA[valpa_mail_solicitante_meta]]></wp:meta_key>
		<wp:meta_value><![CDATA[mashaemeck@gmail.com]]></wp:meta_value>
		</wp:postmeta>
							<wp:postmeta>
		<wp:meta_key><![CDATA[valpa_alias_solicitante_meta]]></wp:meta_key>
		<wp:meta_value><![CDATA[Arturo Benjanin]]></wp:meta_value>
		</wp:postmeta>
							<wp:postmeta>
		<wp:meta_key><![CDATA[puesto_relacionado_meta]]></wp:meta_key>
		<wp:meta_value><![CDATA[Responsable de almacÃ©n y logÃ­stica]]></wp:meta_value>
		</wp:postmeta>
							<wp:postmeta>
		<wp:meta_key><![CDATA[sucursal_relacionada_meta]]></wp:meta_key>
		<wp:meta_value><![CDATA[Toluca Nezahualcoyotl]]></wp:meta_value>
		</wp:postmeta>
							<wp:postmeta>
		<wp:meta_key><![CDATA[solicitud_codigo_meta]]></wp:meta_key>
		<wp:meta_value><![CDATA[d328760e6e]]></wp:meta_value>
		</wp:postmeta>
							<wp:postmeta>
		<wp:meta_key><![CDATA[_edit_last]]></wp:meta_key>
		<wp:meta_value><![CDATA[1]]></wp:meta_value>
		</wp:postmeta>
							<wp:postmeta>
		<wp:meta_key><![CDATA[_start_month]]></wp:meta_key>
		<wp:meta_value><![CDATA[08]]></wp:meta_value>
		</wp:postmeta>
							<wp:postmeta>
		<wp:meta_key><![CDATA[_start_day]]></wp:meta_key>
		<wp:meta_value><![CDATA[25]]></wp:meta_value>
		</wp:postmeta>
							<wp:postmeta>
		<wp:meta_key><![CDATA[_start_hour]]></wp:meta_key>
		<wp:meta_value><![CDATA[22]]></wp:meta_value>
		</wp:postmeta>
							<wp:postmeta>
		<wp:meta_key><![CDATA[_start_year]]></wp:meta_key>
		<wp:meta_value><![CDATA[2020]]></wp:meta_value>
		</wp:postmeta>
							<wp:postmeta>
		<wp:meta_key><![CDATA[_start_minute]]></wp:meta_key>
		<wp:meta_value><![CDATA[00]]></wp:meta_value>
		</wp:postmeta>
							<wp:postmeta>
		<wp:meta_key><![CDATA[_start_eventtimestamp]]></wp:meta_key>
		<wp:meta_value><![CDATA[202008252200]]></wp:meta_value>
		</wp:postmeta>
							</item>
					<item>
		<title><![CDATA[Daniel  Nava Carbajal]]></title>
		<link>http://localhost/sass-wp/daniel-nava-carbajal/</link>
		<pubDate>Tue, 25 Aug 2020 19:49:35 +0000</pubDate>
		<dc:creator><![CDATA[webmaster]]></dc:creator>
		<guid isPermaLink="false">https://valparaiso.com.mx/daniel-nava-carbajal/</guid>
		<description></description>
		<content:encoded><![CDATA[<strong>Contacto Valparaiso
</strong>
<strong>puesto.- </strong> 137.
<strong>sucursal.- </strong> Toluca Nezahualcoyotl.
<strong>documento-1.- </strong> CURP.
<strong>documento-2.- </strong> RFC.
<strong>documento-3.- </strong> Numero de Seguridad Social.
<strong>documento-4.- </strong> Copia de Comprobante de Domicilio.
<strong>documento-5.- </strong> Copia Acta Nacimiento.
<strong>documento-8.- </strong> Licencia Vigente.
<strong>documento-9.- </strong> Copia de Comprobante de Estudios.
<strong>Nombre.- </strong> Daniel .
<strong>ApellidoPaterno.- </strong> Nava.
<strong>ApellidoMaterno.- </strong> Carbajal.

EDAD 23 AÃOS
<strong>CURP.- </strong> NACD960901HMCVRN04.
<strong>NSS.- </strong> 04169629666.
<strong>Direccion.- </strong> Fray servando teresa de mier .
<strong>Ciudad.- </strong> Toluca.
<strong>Colonia.- </strong> La crespa .
<strong>CP.- </strong> 50220.
<strong>E-mail.- </strong> Danirx377@gmail.com.
<strong>celular.- </strong> 7293013684.
<strong>telefono.- </strong> 7227054190.
<strong>Referencia1.- </strong> Nutriwell.
<strong>Referencia1empresa.- </strong> Alimenticio. (Tiendas de abarrotes PERIODO DEL 2015 HASTA EL 2019, GERENTE DE LA SUCURSAL DE INVENTARIOS TRATO CON EL CLIENTE LA PRODUCCION ATENCION DE LOS EMPLEADOS VENTAS Y COMPRAS)
<strong>Referencia1telefono.- </strong> 7226928084.
<strong>Referencia2.- </strong> Juan .
<strong>Referencia2empresa.- </strong> Nutriwell.
<strong>Referencia2telefono.- </strong> 72221085524.
<strong>Referencia3.- </strong> Elsa .
<strong>Referencia3empresa.- </strong> Bellalaser. (NO TRABAJO AHI )

YOHAMA YAQUE MEXICO PERIODO 2018 A FEB 2020) INGENIERO DE CAMPO TRATABA CON LOS CLIENTES PROSPECCION DE CLIENTES INVENTARIOS DE LLANTAS PARA QUE COMPRARAN CALIDAD DE LAS LLANTAS
<strong>Referencia3telefono.- </strong> 7221085524.
<strong>Â¿Vives en Toluca?.- </strong> si.
<strong>Â¿Has trabajado en Funeraria?.- </strong> No.
<strong>Â¿Conoces el ramo funerario?.- </strong> no.
<strong>Â¿Sueldo mensual deseado?.- </strong> Sin informaciÃ³n.
<strong>Estado civil.- </strong> UniÃ³n libre.
<strong>Escolaridad.- </strong> Licenciatura o Ingenieria.
<strong>Â¿Tiene experiencia en Manejo de personal?.- </strong> Si.
<strong>Â¿Tienes experiencia en la vacante?.- </strong> Si.
<strong>Nombre de la empresa del Ãºltimo empleo.- </strong> Nutriwell.
<strong>Periodo que prestÃ³ sus servicios.- </strong> Septiembre 2019-actualmente.
<strong>Puesto desempeÃ±ado.- </strong> Supervisor de almacen .
<strong>Actividades que realizo.- </strong> Recepcion de mp
Embarques a clientes
Inventarios ciclicos
Surtido a produccion
Recepcion de pt
Alta de productos en sistema
Movimientos fisicos y en sistema de productos
Surtido en base alas peps
Conocimiento de las buenas practicas de almacenamiento
Manejo de montacargas .

LOGISTA LOS EMBARQUE DE A QUE HORA LLEGAN EL TIEMPO Y TIEMPO QUE SE TIENEN QUE IR GESTIONAR LAS UNIDADES
<strong>Motivo de separaciÃ³n.- </strong> Economico .
<strong>Â¿Porque medio se entero de la vacante?.- </strong> Indeed.
<strong>Â¿Como considera su estado de salud actual?.- </strong> Bueno.
<strong>Â¿Padece alguna enfermedad Cronica?.- </strong> No.
<strong>Explique sus enfermedas crÃ³nicas.- </strong> Explique sus enfermedas crÃ³nicas.
<strong>Â¿Puede viajar?.- </strong> pregunta-Si.
<strong>Â¿Esta dispuesto a cambiar de Residencia?.- </strong> Si.

DESCARTADO POR EDAD SE LE OFRECIO MONITORISTA PERO NO TIENE EXPERIENCIA Y NO LE INTERESA ASOCIADO

NO SE ESCUCHA SE CORTA LA LLAMADA]]></content:encoded>
		<excerpt:encoded><![CDATA[]]></excerpt:encoded>
		<wp:post_id>208</wp:post_id>
		<wp:post_date><![CDATA[2020-08-25 19:49:35]]></wp:post_date>
		<wp:post_date_gmt><![CDATA[2020-08-25 19:49:35]]></wp:post_date_gmt>
		<wp:post_modified><![CDATA[2020-08-25 19:49:35]]></wp:post_modified>
		<wp:post_modified_gmt><![CDATA[2020-08-25 19:49:35]]></wp:post_modified_gmt>
		<wp:comment_status><![CDATA[open]]></wp:comment_status>
		<wp:ping_status><![CDATA[open]]></wp:ping_status>
		<wp:post_name><![CDATA[daniel-nava-carbajal]]></wp:post_name>
		<wp:status><![CDATA[publish]]></wp:status>
		<wp:post_parent>0</wp:post_parent>
		<wp:menu_order>0</wp:menu_order>
		<wp:post_type><![CDATA[post]]></wp:post_type>
		<wp:post_password><![CDATA[]]></wp:post_password>
		<wp:is_sticky>0</wp:is_sticky>
										<category domain="category" nicename="descartado"><![CDATA[Descartado]]></category>
		<category domain="post_tag" nicename="responsable-de-almacen-y-logistica"><![CDATA[Responsable de almacÃ©n y logÃ­stica]]></category>
						<wp:postmeta>
		<wp:meta_key><![CDATA[folio_global_meta]]></wp:meta_key>
		<wp:meta_value><![CDATA[22]]></wp:meta_value>
		</wp:postmeta>
							<wp:postmeta>
		<wp:meta_key><![CDATA[valpa_telefono_solicitante_meta]]></wp:meta_key>
		<wp:meta_value><![CDATA[7227054190]]></wp:meta_value>
		</wp:postmeta>
							<wp:postmeta>
		<wp:meta_key><![CDATA[valpa_celular_solicitante_meta]]></wp:meta_key>
		<wp:meta_value><![CDATA[7293013684]]></wp:meta_value>
		</wp:postmeta>
							<wp:postmeta>
		<wp:meta_key><![CDATA[valpa_mail_solicitante_meta]]></wp:meta_key>
		<wp:meta_value><![CDATA[Danirx377@gmail.com]]></wp:meta_value>
		</wp:postmeta>
							<wp:postmeta>
		<wp:meta_key><![CDATA[valpa_alias_solicitante_meta]]></wp:meta_key>
		<wp:meta_value><![CDATA[Daniel ]]></wp:meta_value>
		</wp:postmeta>
							<wp:postmeta>
		<wp:meta_key><![CDATA[puesto_relacionado_meta]]></wp:meta_key>
		<wp:meta_value><![CDATA[Responsable de almacÃ©n y logÃ­stica]]></wp:meta_value>
		</wp:postmeta>
							<wp:postmeta>
		<wp:meta_key><![CDATA[sucursal_relacionada_meta]]></wp:meta_key>
		<wp:meta_value><![CDATA[Toluca Nezahualcoyotl]]></wp:meta_value>
		</wp:postmeta>
							<wp:postmeta>
		<wp:meta_key><![CDATA[solicitud_codigo_meta]]></wp:meta_key>
		<wp:meta_value><![CDATA[d328760e6e]]></wp:meta_value>
		</wp:postmeta>
							<wp:postmeta>
		<wp:meta_key><![CDATA[_edit_last]]></wp:meta_key>
		<wp:meta_value><![CDATA[1]]></wp:meta_value>
		</wp:postmeta>
							<wp:postmeta>
		<wp:meta_key><![CDATA[_start_month]]></wp:meta_key>
		<wp:meta_value><![CDATA[08]]></wp:meta_value>
		</wp:postmeta>
							<wp:postmeta>
		<wp:meta_key><![CDATA[_start_day]]></wp:meta_key>
		<wp:meta_value><![CDATA[25]]></wp:meta_value>
		</wp:postmeta>
							<wp:postmeta>
		<wp:meta_key><![CDATA[_start_hour]]></wp:meta_key>
		<wp:meta_value><![CDATA[22]]></wp:meta_value>
		</wp:postmeta>
							<wp:postmeta>
		<wp:meta_key><![CDATA[_start_year]]></wp:meta_key>
		<wp:meta_value><![CDATA[2020]]></wp:meta_value>
		</wp:postmeta>
							<wp:postmeta>
		<wp:meta_key><![CDATA[_start_minute]]></wp:meta_key>
		<wp:meta_value><![CDATA[00]]></wp:meta_value>
		</wp:postmeta>
							<wp:postmeta>
		<wp:meta_key><![CDATA[_start_eventtimestamp]]></wp:meta_key>
		<wp:meta_value><![CDATA[202008252200]]></wp:meta_value>
		</wp:postmeta>
							</item>
					<item>
		<title><![CDATA[Igancio Roca Lopez]]></title>
		<link>http://localhost/sass-wp/igancio-roca-lopez/</link>
		<pubDate>Tue, 25 Aug 2020 20:11:44 +0000</pubDate>
		<dc:creator><![CDATA[webmaster]]></dc:creator>
		<guid isPermaLink="false">https://valparaiso.com.mx/igancio-roca-lopez/</guid>
		<description></description>
		<content:encoded><![CDATA[<strong>Contacto Valparaiso<br></strong> <br><strong>puesto.- </strong> 137. <br><strong>sucursal.- </strong> Toluca Nezahualcoyotl. <br><strong>documento-1.- </strong> CURP. <br><strong>documento-2.- </strong> RFC. <br><strong>documento-3.- </strong> Numero de Seguridad Social. <br><strong>documento-4.- </strong> Copia de Comprobante de Domicilio. <br><strong>documento-5.- </strong> Copia Acta Nacimiento. <br><strong>documento-6.- </strong> Copia de IFE. <br><strong>documento-7.- </strong> Cartas Laborales. <br><strong>documento-9.- </strong> Copia de Comprobante de Estudios. <br><strong>Nombre.- </strong> Igancio. <br><strong>ApellidoPaterno.- </strong> Roca. <br><strong>ApellidoMaterno.- </strong> Lopez. <br><strong>CURP.- </strong> ROLI940625HMCCPG02. <br><strong>NSS.- </strong> 16129437956. <br><strong>Direccion.- </strong> Salvador Alvarado 206. <br><strong>Ciudad.- </strong> Toluca. <br><strong>Colonia.- </strong> Guadalupe. <br><strong>CP.- </strong> 50010. <br><strong>E-mail.- </strong> ignacio.roca.l@outlook.com. <br><strong>celular.- </strong> 7293592237. <br><strong>telefono.- </strong> 7229256894. <br><strong>Referencia1.- </strong> Diego Sanchez de la Sancha. <br><strong>Referencia1empresa.- </strong> CAF NestlÃ©. <br><strong>Referencia1telefono.- </strong> 5569102517. <br><strong>Referencia2.- </strong> JesÃºs Cuenca Hernandez. <br><strong>Referencia2empresa.- </strong> Treepak. <br><strong>Referencia2telefono.- </strong> 7224711329. <br><strong>Referencia3.- </strong> Eleazar Perez Lara. <br><strong>Referencia3empresa.- </strong> Megacable. <br><strong>Referencia3telefono.- </strong> 7221594972. <br><strong>Â¿Vives en Toluca?.- </strong> si. <br><strong>Â¿Has trabajado en Funeraria?.- </strong> No. <br><strong>Â¿Conoces el ramo funerario?.- </strong> no. <br><strong>Â¿Sueldo mensual deseado?.- </strong> Sin informaciÃ³n. <br><strong>Estado civil.- </strong> Soltero. <br><strong>Escolaridad.- </strong>  Bachillerato o Tecnico. <br><strong>Â¿Tiene experiencia en Manejo de personal?.- </strong> Si. <br><strong>Â¿Tienes experiencia en la vacante?.- </strong> Si. <br><strong>Nombre de la empresa del Ãºltimo empleo.- </strong> CAF NestlÃ©. <br><strong>Periodo que prestÃ³ sus servicios.- </strong> 2019-2020. <br><strong>Puesto desempeÃ±ado.- </strong> Verificador Mesa de Control. <br><strong>Actividades que realizo.- </strong> SAP. Mesa de control. FacturaciÃ³n. Apoyo a planeaciÃ³n. Autorizar salidas de transportistas. NOMs de envÃ­o, embalaje y etiquetado. Buenas prÃ¡cticas de documentaciÃ³n. Manejo de personal. Control y seguimiento de operaciones. AnÃ¡lisis de inventarios. Manejo de devoluciones y producto no conforme. Trato con proveedores.. <br><strong>Motivo de separaciÃ³n.- </strong> Fin de la beca. <br><strong>Â¿Porque medio se entero de la vacante?.- </strong>  Indeed. <br><strong>Â¿Como considera su estado de salud actual?.- </strong> Bueno. <br><strong>Â¿Padece alguna enfermedad Cronica?.- </strong> No. <br><strong>Explique sus enfermedas crÃ³nicas.- </strong> N/A. <br><strong>Â¿Puede viajar?.- </strong> pregunta-Si. <br><strong>Â¿Esta dispuesto a cambiar de Residencia?.- </strong> Si. <br>]]></content:encoded>
		<excerpt:encoded><![CDATA[]]></excerpt:encoded>
		<wp:post_id>209</wp:post_id>
		<wp:post_date><![CDATA[2020-08-25 20:11:44]]></wp:post_date>
		<wp:post_date_gmt><![CDATA[2020-08-25 20:11:44]]></wp:post_date_gmt>
		<wp:post_modified><![CDATA[2020-08-25 20:11:44]]></wp:post_modified>
		<wp:post_modified_gmt><![CDATA[2020-08-25 20:11:44]]></wp:post_modified_gmt>
		<wp:comment_status><![CDATA[closed]]></wp:comment_status>
		<wp:ping_status><![CDATA[closed]]></wp:ping_status>
		<wp:post_name><![CDATA[igancio-roca-lopez]]></wp:post_name>
		<wp:status><![CDATA[publish]]></wp:status>
		<wp:post_parent>0</wp:post_parent>
		<wp:menu_order>0</wp:menu_order>
		<wp:post_type><![CDATA[post]]></wp:post_type>
		<wp:post_password><![CDATA[]]></wp:post_password>
		<wp:is_sticky>0</wp:is_sticky>
										<category domain="category" nicename="postulante-duplicado"><![CDATA[Postulante Duplicado]]></category>
		<category domain="post_tag" nicename="responsable-de-almacen-y-logistica"><![CDATA[Responsable de almacÃ©n y logÃ­stica]]></category>
						<wp:postmeta>
		<wp:meta_key><![CDATA[folio_global_meta]]></wp:meta_key>
		<wp:meta_value><![CDATA[23]]></wp:meta_value>
		</wp:postmeta>
							<wp:postmeta>
		<wp:meta_key><![CDATA[valpa_telefono_solicitante_meta]]></wp:meta_key>
		<wp:meta_value><![CDATA[7229256894]]></wp:meta_value>
		</wp:postmeta>
							<wp:postmeta>
		<wp:meta_key><![CDATA[valpa_celular_solicitante_meta]]></wp:meta_key>
		<wp:meta_value><![CDATA[7293592237]]></wp:meta_value>
		</wp:postmeta>
							<wp:postmeta>
		<wp:meta_key><![CDATA[valpa_mail_solicitante_meta]]></wp:meta_key>
		<wp:meta_value><![CDATA[ignacio.roca.l@outlook.com]]></wp:meta_value>
		</wp:postmeta>
							<wp:postmeta>
		<wp:meta_key><![CDATA[valpa_alias_solicitante_meta]]></wp:meta_key>
		<wp:meta_value><![CDATA[Igancio]]></wp:meta_value>
		</wp:postmeta>
							<wp:postmeta>
		<wp:meta_key><![CDATA[puesto_relacionado_meta]]></wp:meta_key>
		<wp:meta_value><![CDATA[Responsable de almacÃ©n y logÃ­stica]]></wp:meta_value>
		</wp:postmeta>
							<wp:postmeta>
		<wp:meta_key><![CDATA[sucursal_relacionada_meta]]></wp:meta_key>
		<wp:meta_value><![CDATA[Toluca Nezahualcoyotl]]></wp:meta_value>
		</wp:postmeta>
							<wp:postmeta>
		<wp:meta_key><![CDATA[solicitud_codigo_meta]]></wp:meta_key>
		<wp:meta_value><![CDATA[d328760e6e]]></wp:meta_value>
		</wp:postmeta>
							<wp:postmeta>
		<wp:meta_key><![CDATA[_edit_last]]></wp:meta_key>
		<wp:meta_value><![CDATA[1]]></wp:meta_value>
		</wp:postmeta>
							</item>
					<item>
		<title><![CDATA[Arturo Lemus  Calva]]></title>
		<link>http://localhost/sass-wp/arturo-lemus-calva/</link>
		<pubDate>Tue, 25 Aug 2020 20:18:59 +0000</pubDate>
		<dc:creator><![CDATA[webmaster]]></dc:creator>
		<guid isPermaLink="false">https://valparaiso.com.mx/arturo-lemus-calva/</guid>
		<description></description>
		<content:encoded><![CDATA[<strong>Contacto Valparaiso
</strong>
<strong>puesto.- </strong> 137.
<strong>sucursal.- </strong> Toluca Nezahualcoyotl.
<strong>documento-1.- </strong> CURP.
<strong>documento-2.- </strong> RFC.
<strong>documento-3.- </strong> Numero de Seguridad Social.
<strong>documento-4.- </strong> Copia de Comprobante de Domicilio.
<strong>documento-5.- </strong> Copia Acta Nacimiento.
<strong>documento-6.- </strong> Copia de IFE.
<strong>documento-8.- </strong> Licencia Vigente.
<strong>documento-9.- </strong> Copia de Comprobante de Estudios.
<strong>Nombre.- </strong> Arturo.
<strong>ApellidoPaterno.- </strong> Lemus .
<strong>ApellidoMaterno.- </strong> Calva .

EDAD 29 AÃOS
<strong>CURP.- </strong> LECA901221HVZMLR09.
<strong>NSS.- </strong> 2813900044-3.
<strong>Direccion.- </strong> Privada de la Amistad lote 5.
<strong>Ciudad.- </strong> Metepec.
<strong>Colonia.- </strong> San JerÃ³nimo Chicahualco.
<strong>CP.- </strong> 50226.
<strong>E-mail.- </strong> arturo_leca@outlook.com.
<strong>celular.- </strong> 7223808669.
<strong>telefono.- </strong> 7221990282.
<strong>Referencia1.- </strong> Eduardo Reynoso .
<strong>Referencia1empresa.- </strong> Sensient Colors . ( Periodo de abril 2018 a junio 2019, area de embarques como supervisor planificacion de rutas monitoreo coordianr los socuemntos asesorar el equipo el inventario en transito mantener el almacen en optimas condiciones contacto de cliente subir y bajka estatus) trabajando como uber
<strong>Referencia1telefono.- </strong> 7222651100.
<strong>Referencia2.- </strong> Jennifer Juarez .
<strong>Referencia2empresa.- </strong> Chupa Chups. (periodo abril 2016 a octubre 2007 area de maquilas administrar maquiladoras del personal trabajen en condiciones optimas planeacion de transporte)
<strong>Referencia2telefono.- </strong> 7222766880.
<strong>Referencia3.- </strong> Jefe de ProducciÃ³n .
<strong>Referencia3empresa.- </strong> Boomerang Metal. (agosto 20015 solo 6 meses riesgos de seguridad general reporte en el area de produccion)
<strong>Referencia3telefono.- </strong> 7282840090.
<strong>Â¿Vives en Toluca?.- </strong> si.
<strong>Â¿Has trabajado en Funeraria?.- </strong> No.
<strong>Â¿Conoces el ramo funerario?.- </strong> no.
<strong>Â¿Sueldo mensual deseado?.- </strong> 12000.
<strong>Estado civil.- </strong> Soltero.
<strong>Escolaridad.- </strong> Licenciatura o Ingenieria.
<strong>Â¿Tiene experiencia en Manejo de personal?.- </strong> Si.
<strong>Â¿Tienes experiencia en la vacante?.- </strong> Si.
<strong>Nombre de la empresa del Ãºltimo empleo.- </strong> Sensient Colors .
<strong>Periodo que prestÃ³ sus servicios.- </strong> Abril 2018 - junio 2019.
<strong>Puesto desempeÃ±ado.- </strong> Supervisor de Embarques .
<strong>Actividades que realizo.- </strong> Actividades que realizo.
<strong>Motivo de separaciÃ³n.- </strong> Motivo de separaciÃ³n.
<strong>Â¿Porque medio se entero de la vacante?.- </strong> Indeed.
<strong>Â¿Como considera su estado de salud actual?.- </strong> Bueno.
<strong>Â¿Padece alguna enfermedad Cronica?.- </strong> No.
<strong>Explique sus enfermedas crÃ³nicas.- </strong> Explique sus enfermedas crÃ³nicas.
<strong>Â¿Puede viajar?.- </strong> pregunta-Si.
<strong>Â¿Esta dispuesto a cambiar de Residencia?.- </strong> Si.]]></content:encoded>
		<excerpt:encoded><![CDATA[]]></excerpt:encoded>
		<wp:post_id>210</wp:post_id>
		<wp:post_date><![CDATA[2020-08-25 20:18:59]]></wp:post_date>
		<wp:post_date_gmt><![CDATA[2020-08-25 20:18:59]]></wp:post_date_gmt>
		<wp:post_modified><![CDATA[2020-08-25 20:18:59]]></wp:post_modified>
		<wp:post_modified_gmt><![CDATA[2020-08-25 20:18:59]]></wp:post_modified_gmt>
		<wp:comment_status><![CDATA[open]]></wp:comment_status>
		<wp:ping_status><![CDATA[open]]></wp:ping_status>
		<wp:post_name><![CDATA[arturo-lemus-calva]]></wp:post_name>
		<wp:status><![CDATA[publish]]></wp:status>
		<wp:post_parent>0</wp:post_parent>
		<wp:menu_order>0</wp:menu_order>
		<wp:post_type><![CDATA[post]]></wp:post_type>
		<wp:post_password><![CDATA[]]></wp:post_password>
		<wp:is_sticky>0</wp:is_sticky>
										<category domain="category" nicename="citado"><![CDATA[Citado]]></category>
		<category domain="post_tag" nicename="responsable-de-almacen-y-logistica"><![CDATA[Responsable de almacÃ©n y logÃ­stica]]></category>
						<wp:postmeta>
		<wp:meta_key><![CDATA[folio_global_meta]]></wp:meta_key>
		<wp:meta_value><![CDATA[24]]></wp:meta_value>
		</wp:postmeta>
							<wp:postmeta>
		<wp:meta_key><![CDATA[valpa_telefono_solicitante_meta]]></wp:meta_key>
		<wp:meta_value><![CDATA[7221990282]]></wp:meta_value>
		</wp:postmeta>
							<wp:postmeta>
		<wp:meta_key><![CDATA[valpa_celular_solicitante_meta]]></wp:meta_key>
		<wp:meta_value><![CDATA[7223808669]]></wp:meta_value>
		</wp:postmeta>
							<wp:postmeta>
		<wp:meta_key><![CDATA[valpa_mail_solicitante_meta]]></wp:meta_key>
		<wp:meta_value><![CDATA[arturo_leca@outlook.com]]></wp:meta_value>
		</wp:postmeta>
							<wp:postmeta>
		<wp:meta_key><![CDATA[valpa_alias_solicitante_meta]]></wp:meta_key>
		<wp:meta_value><![CDATA[Arturo]]></wp:meta_value>
		</wp:postmeta>
							<wp:postmeta>
		<wp:meta_key><![CDATA[puesto_relacionado_meta]]></wp:meta_key>
		<wp:meta_value><![CDATA[Responsable de almacÃ©n y logÃ­stica]]></wp:meta_value>
		</wp:postmeta>
							<wp:postmeta>
		<wp:meta_key><![CDATA[sucursal_relacionada_meta]]></wp:meta_key>
		<wp:meta_value><![CDATA[Toluca Nezahualcoyotl]]></wp:meta_value>
		</wp:postmeta>
							<wp:postmeta>
		<wp:meta_key><![CDATA[solicitud_codigo_meta]]></wp:meta_key>
		<wp:meta_value><![CDATA[d328760e6e]]></wp:meta_value>
		</wp:postmeta>
							<wp:postmeta>
		<wp:meta_key><![CDATA[_edit_last]]></wp:meta_key>
		<wp:meta_value><![CDATA[1]]></wp:meta_value>
		</wp:postmeta>
							<wp:postmeta>
		<wp:meta_key><![CDATA[_start_month]]></wp:meta_key>
		<wp:meta_value><![CDATA[08]]></wp:meta_value>
		</wp:postmeta>
							<wp:postmeta>
		<wp:meta_key><![CDATA[_start_day]]></wp:meta_key>
		<wp:meta_value><![CDATA[27]]></wp:meta_value>
		</wp:postmeta>
							<wp:postmeta>
		<wp:meta_key><![CDATA[_start_hour]]></wp:meta_key>
		<wp:meta_value><![CDATA[10]]></wp:meta_value>
		</wp:postmeta>
							<wp:postmeta>
		<wp:meta_key><![CDATA[_start_year]]></wp:meta_key>
		<wp:meta_value><![CDATA[2020]]></wp:meta_value>
		</wp:postmeta>
							<wp:postmeta>
		<wp:meta_key><![CDATA[_start_minute]]></wp:meta_key>
		<wp:meta_value><![CDATA[30]]></wp:meta_value>
		</wp:postmeta>
							<wp:postmeta>
		<wp:meta_key><![CDATA[_start_eventtimestamp]]></wp:meta_key>
		<wp:meta_value><![CDATA[202008271030]]></wp:meta_value>
		</wp:postmeta>
							</item>
					<item>
		<title><![CDATA[Jair Tejeda Cartagena]]></title>
		<link>http://localhost/sass-wp/jair-tejeda-cartagena/</link>
		<pubDate>Tue, 25 Aug 2020 22:36:42 +0000</pubDate>
		<dc:creator><![CDATA[webmaster]]></dc:creator>
		<guid isPermaLink="false">https://valparaiso.com.mx/jair-tejeda-cartagena/</guid>
		<description></description>
		<content:encoded><![CDATA[<strong>Contacto Valparaiso<br></strong> <br><strong>puesto.- </strong> 137. <br><strong>sucursal.- </strong> Toluca Nezahualcoyotl. <br><strong>documento-1.- </strong> CURP. <br><strong>documento-2.- </strong> RFC. <br><strong>documento-3.- </strong> Numero de Seguridad Social. <br><strong>documento-4.- </strong> Copia de Comprobante de Domicilio. <br><strong>documento-5.- </strong> Copia Acta Nacimiento. <br><strong>documento-6.- </strong> Copia de IFE. <br><strong>documento-7.- </strong> Cartas Laborales. <br><strong>documento-8.- </strong> Licencia Vigente. <br><strong>documento-9.- </strong> Copia de Comprobante de Estudios. <br><strong>Nombre.- </strong> Jair. <br><strong>ApellidoPaterno.- </strong> Tejeda. <br><strong>ApellidoMaterno.- </strong> Cartagena . <br><strong>CURP.- </strong> TECJ921118HDFJRR00. <br><strong>NSS.- </strong> 28129214095. <br><strong>Direccion.- </strong> CUAHUTEMOC 308. <br><strong>Ciudad.- </strong> SANTA MARIA RAYON. <br><strong>Colonia.- </strong> RAYON. <br><strong>CP.- </strong> 52360. <br><strong>E-mail.- </strong> djplack@hotmail.com. <br><strong>celular.- </strong> 7225339135. <br><strong>telefono.- </strong> 7225339135. <br><strong>Referencia1.- </strong> Gabriel gonzalez. <br><strong>Referencia1empresa.- </strong> Farmacias del ahorro. <br><strong>Referencia1telefono.- </strong> 7225017047. <br><strong>Referencia2.- </strong> Paloma. <br><strong>Referencia2empresa.- </strong> Lhag. <br><strong>Referencia2telefono.- </strong> 7223550134. <br><strong>Referencia3.- </strong> Araceli gomez. <br><strong>Referencia3empresa.- </strong> AmÃ©rica logistics. <br><strong>Referencia3telefono.- </strong> 85033200. <br><strong>Â¿Vives en Toluca?.- </strong> si. <br><strong>Â¿Has trabajado en Funeraria?.- </strong> No. <br><strong>Â¿Conoces el ramo funerario?.- </strong> si. <br><strong>Â¿Sueldo mensual deseado?.- </strong> 10000. <br><strong>Estado civil.- </strong>  Casado . <br><strong>Escolaridad.- </strong>  Bachillerato o Tecnico. <br><strong>Â¿Tiene experiencia en Manejo de personal?.- </strong> Si. <br><strong>Â¿Tienes experiencia en la vacante?.- </strong> Si. <br><strong>Nombre de la empresa del Ãºltimo empleo.- </strong> Farmacias del ahorro . <br><strong>Periodo que prestÃ³ sus servicios.- </strong> 1 aÃ±o. <br><strong>Puesto desempeÃ±ado.- </strong> Responsable . <br><strong>Actividades que realizo.- </strong>  Responsable mesa de control: seguimiento de surtido actualizaciones de base de datos a nivel gerencial, seguimiento a los almacenajes de producto ubicaciones a reabastecer, dar soluciones a coordinador sobre incidencias, y apoyo a coordinaciÃ³n de embarques, manejo de personal para aclaraciÃ³n de incidencias, manejo de WMS, sistema JDA.. <br><strong>Motivo de separaciÃ³n.- </strong> Baja voluntaria por problemas familiares. <br><strong>Â¿Porque medio se entero de la vacante?.- </strong>  Indeed. <br><strong>Â¿Como considera su estado de salud actual?.- </strong> Bueno. <br><strong>Â¿Padece alguna enfermedad Cronica?.- </strong> No. <br><strong>Explique sus enfermedas crÃ³nicas.- </strong> Explique sus enfermedas crÃ³nicas. <br><strong>Â¿Puede viajar?.- </strong> pregunta-Si. <br><strong>Â¿Esta dispuesto a cambiar de Residencia?.- </strong>  No. <br>]]></content:encoded>
		<excerpt:encoded><![CDATA[]]></excerpt:encoded>
		<wp:post_id>240</wp:post_id>
		<wp:post_date><![CDATA[2020-08-25 22:36:42]]></wp:post_date>
		<wp:post_date_gmt><![CDATA[2020-08-25 22:36:42]]></wp:post_date_gmt>
		<wp:post_modified><![CDATA[2020-08-25 22:36:42]]></wp:post_modified>
		<wp:post_modified_gmt><![CDATA[2020-08-25 22:36:42]]></wp:post_modified_gmt>
		<wp:comment_status><![CDATA[closed]]></wp:comment_status>
		<wp:ping_status><![CDATA[closed]]></wp:ping_status>
		<wp:post_name><![CDATA[jair-tejeda-cartagena]]></wp:post_name>
		<wp:status><![CDATA[publish]]></wp:status>
		<wp:post_parent>0</wp:post_parent>
		<wp:menu_order>0</wp:menu_order>
		<wp:post_type><![CDATA[post]]></wp:post_type>
		<wp:post_password><![CDATA[]]></wp:post_password>
		<wp:is_sticky>0</wp:is_sticky>
										<category domain="category" nicename="postulante-duplicado"><![CDATA[Postulante Duplicado]]></category>
		<category domain="post_tag" nicename="responsable-de-almacen-y-logistica"><![CDATA[Responsable de almacÃ©n y logÃ­stica]]></category>
						<wp:postmeta>
		<wp:meta_key><![CDATA[folio_global_meta]]></wp:meta_key>
		<wp:meta_value><![CDATA[25]]></wp:meta_value>
		</wp:postmeta>
							<wp:postmeta>
		<wp:meta_key><![CDATA[valpa_telefono_solicitante_meta]]></wp:meta_key>
		<wp:meta_value><![CDATA[7225339135]]></wp:meta_value>
		</wp:postmeta>
							<wp:postmeta>
		<wp:meta_key><![CDATA[valpa_celular_solicitante_meta]]></wp:meta_key>
		<wp:meta_value><![CDATA[7225339135]]></wp:meta_value>
		</wp:postmeta>
							<wp:postmeta>
		<wp:meta_key><![CDATA[valpa_mail_solicitante_meta]]></wp:meta_key>
		<wp:meta_value><![CDATA[djplack@hotmail.com]]></wp:meta_value>
		</wp:postmeta>
							<wp:postmeta>
		<wp:meta_key><![CDATA[valpa_alias_solicitante_meta]]></wp:meta_key>
		<wp:meta_value><![CDATA[Jair]]></wp:meta_value>
		</wp:postmeta>
							<wp:postmeta>
		<wp:meta_key><![CDATA[puesto_relacionado_meta]]></wp:meta_key>
		<wp:meta_value><![CDATA[Responsable de almacÃ©n y logÃ­stica]]></wp:meta_value>
		</wp:postmeta>
							<wp:postmeta>
		<wp:meta_key><![CDATA[sucursal_relacionada_meta]]></wp:meta_key>
		<wp:meta_value><![CDATA[Toluca Nezahualcoyotl]]></wp:meta_value>
		</wp:postmeta>
							<wp:postmeta>
		<wp:meta_key><![CDATA[solicitud_codigo_meta]]></wp:meta_key>
		<wp:meta_value><![CDATA[d328760e6e]]></wp:meta_value>
		</wp:postmeta>
							<wp:postmeta>
		<wp:meta_key><![CDATA[_edit_last]]></wp:meta_key>
		<wp:meta_value><![CDATA[1]]></wp:meta_value>
		</wp:postmeta>
							</item>
					<item>
		<title><![CDATA[Ignacio Roca Lopez]]></title>
		<link>http://localhost/sass-wp/ignacio-roca-lopez/</link>
		<pubDate>Thu, 27 Aug 2020 10:30:10 +0000</pubDate>
		<dc:creator><![CDATA[webmaster]]></dc:creator>
		<guid isPermaLink="false">https://valparaiso.com.mx/ignacio-roca-lopez/</guid>
		<description></description>
		<content:encoded><![CDATA[<strong>Contacto Valparaiso
</strong>
<strong>puesto.- </strong> 137.
<strong>sucursal.- </strong> Toluca Nezahualcoyotl.
<strong>documento-1.- </strong> CURP.
<strong>documento-2.- </strong> RFC.
<strong>documento-3.- </strong> Numero de Seguridad Social.
<strong>documento-4.- </strong> Copia de Comprobante de Domicilio.
<strong>documento-5.- </strong> Copia Acta Nacimiento.
<strong>documento-6.- </strong> Copia de IFE.
<strong>documento-7.- </strong> Cartas Laborales.
<strong>documento-9.- </strong> Copia de Comprobante de Estudios.
<strong>Nombre.- </strong> Ignacio.
<strong>ApellidoPaterno.- </strong> Roca.
<strong>ApellidoMaterno.- </strong> Lopez.

(Edad: 26)
<strong>CURP.- </strong> ROLI940625HMCCPG02.
<strong>NSS.- </strong> 16129437956.
<strong>Direccion.- </strong> Salvador Alvarado 206.
<strong>Ciudad.- </strong> Toluca.
<strong>Colonia.- </strong> Guadalupe.
<strong>CP.- </strong> 50010.
<strong>E-mail.- </strong> ignacio.roca.l@outlook.com.
<strong>celular.- </strong> 7293592237.
<strong>telefono.- </strong> 7229256894.
<strong>Referencia1.- </strong> Diego Sanchez de la Sancha.
<strong>Referencia1empresa.- </strong> CAF NestlÃ©. (periodo de febrero de 20019 a feb de 2020) mesa control apoyando a las rutas de planeaciÃ³n transportistas recibo y exportaciÃ³n trato directo con proveedores)
<strong>Referencia1telefono.- </strong> 5569102517.
<strong>Referencia2.- </strong> JesÃºs Cuenca Hernandez.
<strong>Referencia2empresa.- </strong> Treepak. (estuvo de 2017 a 2018) estuvo como almacenista encargado de almacen en dos turno operativas y administrativas, operadores rutas descarga y descarga facturaciÃ³n)
<strong>Referencia2telefono.- </strong> 7224711329.
<strong>Referencia3.- </strong> Eleazar Perez Lara.
<strong>Referencia3empresa.- </strong> Megacable. (walmart de 2012 a 2015 como cajero copbro de mercancia atencion a clientes)
<strong>Referencia3telefono.- </strong> 7221594972.
<strong>Â¿Vives en Toluca?.- </strong> si.
<strong>Â¿Has trabajado en Funeraria?.- </strong> No.
<strong>Â¿Conoces el ramo funerario?.- </strong> no.
<strong>Â¿Sueldo mensual deseado?.- </strong> 5000-6000.
<strong>Estado civil.- </strong> Soltero.
<strong>Escolaridad.- </strong> Licenciatura o Ingenieria.
<strong>Â¿Tiene experiencia en Manejo de personal?.- </strong> Si.
<strong>Â¿Tienes experiencia en la vacante?.- </strong> Si.
<strong>Nombre de la empresa del Ãºltimo empleo.- </strong> CAF NestlÃ©.
<strong>Periodo que prestÃ³ sus servicios.- </strong> 2019-2020.
<strong>Puesto desempeÃ±ado.- </strong> Verificador Mesa de Control.
<strong>Actividades que realizo.- </strong> SAP. Mesa de control. FacturaciÃ³n. Apoyo a planeaciÃ³n. Autorizar salidas de transportistas. NOMs de envÃ­o, embalaje y etiquetado. Buenas prÃ¡cticas de documentaciÃ³n. Manejo de personal. Control y seguimiento de operaciones. AnÃ¡lisis de inventarios. Manejo de devoluciones y producto no conforme. Trato con proveedores. .
<strong>Motivo de separaciÃ³n.- </strong> Fin de la beca.
<strong>Â¿Porque medio se entero de la vacante?.- </strong> Indeed.
<strong>Â¿Como considera su estado de salud actual?.- </strong> Bueno.
<strong>Â¿Padece alguna enfermedad Cronica?.- </strong> No.
<strong>Explique sus enfermedas crÃ³nicas.- </strong> N/A.
<strong>Â¿Puede viajar?.- </strong> pregunta-Si.
<strong>Â¿Esta dispuesto a cambiar de Residencia?.- </strong> Si.

DESCARTADO POR PSICOMETRICOS]]></content:encoded>
		<excerpt:encoded><![CDATA[]]></excerpt:encoded>
		<wp:post_id>202</wp:post_id>
		<wp:post_date><![CDATA[2020-08-27 10:30:10]]></wp:post_date>
		<wp:post_date_gmt><![CDATA[2020-08-27 10:30:10]]></wp:post_date_gmt>
		<wp:post_modified><![CDATA[2020-08-27 10:30:10]]></wp:post_modified>
		<wp:post_modified_gmt><![CDATA[2020-08-27 10:30:10]]></wp:post_modified_gmt>
		<wp:comment_status><![CDATA[closed]]></wp:comment_status>
		<wp:ping_status><![CDATA[closed]]></wp:ping_status>
		<wp:post_name><![CDATA[ignacio-roca-lopez]]></wp:post_name>
		<wp:status><![CDATA[publish]]></wp:status>
		<wp:post_parent>0</wp:post_parent>
		<wp:menu_order>0</wp:menu_order>
		<wp:post_type><![CDATA[post]]></wp:post_type>
		<wp:post_password><![CDATA[]]></wp:post_password>
		<wp:is_sticky>0</wp:is_sticky>
										<category domain="category" nicename="descartado"><![CDATA[Descartado]]></category>
		<category domain="post_tag" nicename="responsable-de-almacen-y-logistica"><![CDATA[Responsable de almacÃ©n y logÃ­stica]]></category>
						<wp:postmeta>
		<wp:meta_key><![CDATA[folio_global_meta]]></wp:meta_key>
		<wp:meta_value><![CDATA[19]]></wp:meta_value>
		</wp:postmeta>
							<wp:postmeta>
		<wp:meta_key><![CDATA[valpa_telefono_solicitante_meta]]></wp:meta_key>
		<wp:meta_value><![CDATA[7229256894]]></wp:meta_value>
		</wp:postmeta>
							<wp:postmeta>
		<wp:meta_key><![CDATA[valpa_celular_solicitante_meta]]></wp:meta_key>
		<wp:meta_value><![CDATA[7293592237]]></wp:meta_value>
		</wp:postmeta>
							<wp:postmeta>
		<wp:meta_key><![CDATA[valpa_mail_solicitante_meta]]></wp:meta_key>
		<wp:meta_value><![CDATA[ignacio.roca.l@outlook.com]]></wp:meta_value>
		</wp:postmeta>
							<wp:postmeta>
		<wp:meta_key><![CDATA[valpa_alias_solicitante_meta]]></wp:meta_key>
		<wp:meta_value><![CDATA[Ignacio]]></wp:meta_value>
		</wp:postmeta>
							<wp:postmeta>
		<wp:meta_key><![CDATA[puesto_relacionado_meta]]></wp:meta_key>
		<wp:meta_value><![CDATA[Responsable de almacÃ©n y logÃ­stica]]></wp:meta_value>
		</wp:postmeta>
							<wp:postmeta>
		<wp:meta_key><![CDATA[sucursal_relacionada_meta]]></wp:meta_key>
		<wp:meta_value><![CDATA[Toluca Nezahualcoyotl]]></wp:meta_value>
		</wp:postmeta>
							<wp:postmeta>
		<wp:meta_key><![CDATA[solicitud_codigo_meta]]></wp:meta_key>
		<wp:meta_value><![CDATA[d328760e6e]]></wp:meta_value>
		</wp:postmeta>
							<wp:postmeta>
		<wp:meta_key><![CDATA[_edit_last]]></wp:meta_key>
		<wp:meta_value><![CDATA[1]]></wp:meta_value>
		</wp:postmeta>
							<wp:postmeta>
		<wp:meta_key><![CDATA[_start_month]]></wp:meta_key>
		<wp:meta_value><![CDATA[08]]></wp:meta_value>
		</wp:postmeta>
							<wp:postmeta>
		<wp:meta_key><![CDATA[_start_day]]></wp:meta_key>
		<wp:meta_value><![CDATA[27]]></wp:meta_value>
		</wp:postmeta>
							<wp:postmeta>
		<wp:meta_key><![CDATA[_start_hour]]></wp:meta_key>
		<wp:meta_value><![CDATA[10]]></wp:meta_value>
		</wp:postmeta>
							<wp:postmeta>
		<wp:meta_key><![CDATA[_start_year]]></wp:meta_key>
		<wp:meta_value><![CDATA[2020]]></wp:meta_value>
		</wp:postmeta>
							<wp:postmeta>
		<wp:meta_key><![CDATA[_start_minute]]></wp:meta_key>
		<wp:meta_value><![CDATA[30]]></wp:meta_value>
		</wp:postmeta>
							<wp:postmeta>
		<wp:meta_key><![CDATA[_start_eventtimestamp]]></wp:meta_key>
		<wp:meta_value><![CDATA[202008271030]]></wp:meta_value>
		</wp:postmeta>
							</item>
					<item>
		<title><![CDATA[Jair Tejeda Cartagena]]></title>
		<link>http://localhost/sass-wp/jair-tejeda-cartagena-2/</link>
		<pubDate>Tue, 25 Aug 2020 22:46:30 +0000</pubDate>
		<dc:creator><![CDATA[webmaster]]></dc:creator>
		<guid isPermaLink="false">https://valparaiso.com.mx/jair-tejeda-cartagena-2/</guid>
		<description></description>
		<content:encoded><![CDATA[<strong>Contacto Valparaiso<br></strong> <br><strong>puesto.- </strong> 137. <br><strong>sucursal.- </strong> Toluca Nezahualcoyotl. <br><strong>documento-1.- </strong> CURP. <br><strong>documento-2.- </strong> RFC. <br><strong>documento-3.- </strong> Numero de Seguridad Social. <br><strong>documento-4.- </strong> Copia de Comprobante de Domicilio. <br><strong>documento-5.- </strong> Copia Acta Nacimiento. <br><strong>documento-6.- </strong> Copia de IFE. <br><strong>documento-7.- </strong> Cartas Laborales. <br><strong>documento-8.- </strong> Licencia Vigente. <br><strong>documento-9.- </strong> Copia de Comprobante de Estudios. <br><strong>Nombre.- </strong> Jair. <br><strong>ApellidoPaterno.- </strong> Tejeda. <br><strong>ApellidoMaterno.- </strong> Cartagena . <br><strong>CURP.- </strong> Tecj921118hdfjrr00. <br><strong>NSS.- </strong> 28129214095. <br><strong>Direccion.- </strong> Cuahutemoc 308. <br><strong>Ciudad.- </strong> Rayon. <br><strong>Colonia.- </strong> San jose. <br><strong>CP.- </strong> 52360. <br><strong>E-mail.- </strong> djplack@hotmail.com. <br><strong>celular.- </strong> 7225339135. <br><strong>telefono.- </strong> 7225339135. <br><strong>Referencia1.- </strong> Gabriel gonzalez . <br><strong>Referencia1empresa.- </strong> Farmacias del ahorro. <br><strong>Referencia1telefono.- </strong> 7225017047. <br><strong>Referencia2.- </strong> Paloma. <br><strong>Referencia2empresa.- </strong> Lhag. <br><strong>Referencia2telefono.- </strong> 7223550134. <br><strong>Referencia3.- </strong> Araceli gomez. <br><strong>Referencia3empresa.- </strong> AmÃ©rica logistics. <br><strong>Referencia3telefono.- </strong> 85033200. <br><strong>Â¿Vives en Toluca?.- </strong> si. <br><strong>Â¿Has trabajado en Funeraria?.- </strong> Si. <br><strong>Â¿Conoces el ramo funerario?.- </strong> si. <br><strong>Â¿Sueldo mensual deseado?.- </strong> 10000. <br><strong>Estado civil.- </strong>  UniÃ³n libre. <br><strong>Escolaridad.- </strong>  Bachillerato o Tecnico. <br><strong>Â¿Tiene experiencia en Manejo de personal?.- </strong> Si. <br><strong>Â¿Tienes experiencia en la vacante?.- </strong> Si. <br><strong>Nombre de la empresa del Ãºltimo empleo.- </strong> Farmacias del ahorro. <br><strong>Periodo que prestÃ³ sus servicios.- </strong> 1 aÃ±o. <br><strong>Puesto desempeÃ±ado.- </strong> Responsable. <br><strong>Actividades que realizo.- </strong>  Responsable mesa de control: seguimiento de surtido actualizaciones de base de datos a nivel gerencial, seguimiento a los almacenajes de producto ubicaciones a reabastecer, dar soluciones a coordinador sobre incidencias, y apoyo a coordinaciÃ³n de embarques, manejo de personal para aclaraciÃ³n de incidencias, manejo de WMS, sistema JDA.. <br><strong>Motivo de separaciÃ³n.- </strong> Baja voluntaria . <br><strong>Â¿Porque medio se entero de la vacante?.- </strong>  Indeed. <br><strong>Â¿Como considera su estado de salud actual?.- </strong> Bueno. <br><strong>Â¿Padece alguna enfermedad Cronica?.- </strong> No. <br><strong>Explique sus enfermedas crÃ³nicas.- </strong> Explique sus enfermedas crÃ³nicas. <br><strong>Â¿Puede viajar?.- </strong> pregunta-Si. <br><strong>Â¿Esta dispuesto a cambiar de Residencia?.- </strong>  No. <br>]]></content:encoded>
		<excerpt:encoded><![CDATA[]]></excerpt:encoded>
		<wp:post_id>250</wp:post_id>
		<wp:post_date><![CDATA[2020-08-25 22:46:30]]></wp:post_date>
		<wp:post_date_gmt><![CDATA[2020-08-25 22:46:30]]></wp:post_date_gmt>
		<wp:post_modified><![CDATA[2020-08-25 22:46:30]]></wp:post_modified>
		<wp:post_modified_gmt><![CDATA[2020-08-25 22:46:30]]></wp:post_modified_gmt>
		<wp:comment_status><![CDATA[closed]]></wp:comment_status>
		<wp:ping_status><![CDATA[closed]]></wp:ping_status>
		<wp:post_name><![CDATA[jair-tejeda-cartagena-2]]></wp:post_name>
		<wp:status><![CDATA[publish]]></wp:status>
		<wp:post_parent>0</wp:post_parent>
		<wp:menu_order>0</wp:menu_order>
		<wp:post_type><![CDATA[post]]></wp:post_type>
		<wp:post_password><![CDATA[]]></wp:post_password>
		<wp:is_sticky>0</wp:is_sticky>
										<category domain="category" nicename="postulante-duplicado"><![CDATA[Postulante Duplicado]]></category>
		<category domain="post_tag" nicename="responsable-de-almacen-y-logistica"><![CDATA[Responsable de almacÃ©n y logÃ­stica]]></category>
						<wp:postmeta>
		<wp:meta_key><![CDATA[folio_global_meta]]></wp:meta_key>
		<wp:meta_value><![CDATA[26]]></wp:meta_value>
		</wp:postmeta>
							<wp:postmeta>
		<wp:meta_key><![CDATA[valpa_telefono_solicitante_meta]]></wp:meta_key>
		<wp:meta_value><![CDATA[7225339135]]></wp:meta_value>
		</wp:postmeta>
							<wp:postmeta>
		<wp:meta_key><![CDATA[valpa_celular_solicitante_meta]]></wp:meta_key>
		<wp:meta_value><![CDATA[7225339135]]></wp:meta_value>
		</wp:postmeta>
							<wp:postmeta>
		<wp:meta_key><![CDATA[valpa_mail_solicitante_meta]]></wp:meta_key>
		<wp:meta_value><![CDATA[djplack@hotmail.com]]></wp:meta_value>
		</wp:postmeta>
							<wp:postmeta>
		<wp:meta_key><![CDATA[valpa_alias_solicitante_meta]]></wp:meta_key>
		<wp:meta_value><![CDATA[Jair]]></wp:meta_value>
		</wp:postmeta>
							<wp:postmeta>
		<wp:meta_key><![CDATA[puesto_relacionado_meta]]></wp:meta_key>
		<wp:meta_value><![CDATA[Responsable de almacÃ©n y logÃ­stica]]></wp:meta_value>
		</wp:postmeta>
							<wp:postmeta>
		<wp:meta_key><![CDATA[sucursal_relacionada_meta]]></wp:meta_key>
		<wp:meta_value><![CDATA[Toluca Nezahualcoyotl]]></wp:meta_value>
		</wp:postmeta>
							<wp:postmeta>
		<wp:meta_key><![CDATA[solicitud_codigo_meta]]></wp:meta_key>
		<wp:meta_value><![CDATA[d328760e6e]]></wp:meta_value>
		</wp:postmeta>
							<wp:postmeta>
		<wp:meta_key><![CDATA[_edit_last]]></wp:meta_key>
		<wp:meta_value><![CDATA[1]]></wp:meta_value>
		</wp:postmeta>
							</item>
					<item>
		<title><![CDATA[Jair Tejeda Cartagena]]></title>
		<link>http://localhost/sass-wp/jair-tejeda-cartagena-3/</link>
		<pubDate>Tue, 25 Aug 2020 22:54:10 +0000</pubDate>
		<dc:creator><![CDATA[webmaster]]></dc:creator>
		<guid isPermaLink="false">https://valparaiso.com.mx/jair-tejeda-cartagena-3/</guid>
		<description></description>
		<content:encoded><![CDATA[<strong>Contacto Valparaiso<br></strong> <br><strong>puesto.- </strong> 137. <br><strong>sucursal.- </strong> Toluca Nezahualcoyotl. <br><strong>documento-1.- </strong> CURP. <br><strong>documento-2.- </strong> RFC. <br><strong>documento-3.- </strong> Numero de Seguridad Social. <br><strong>documento-4.- </strong> Copia de Comprobante de Domicilio. <br><strong>documento-5.- </strong> Copia Acta Nacimiento. <br><strong>documento-6.- </strong> Copia de IFE. <br><strong>documento-7.- </strong> Cartas Laborales. <br><strong>documento-8.- </strong> Licencia Vigente. <br><strong>documento-9.- </strong> Copia de Comprobante de Estudios. <br><strong>Nombre.- </strong> Jair. <br><strong>ApellidoPaterno.- </strong> Tejeda. <br><strong>ApellidoMaterno.- </strong> Cartagena. <br><strong>CURP.- </strong> TECJ921118HDFJRR00. <br><strong>NSS.- </strong> 28129214095. <br><strong>Direccion.- </strong> CUAHITEMOC 308. <br><strong>Ciudad.- </strong> TOLUCA. <br><strong>Colonia.- </strong> TOLUCA. <br><strong>CP.- </strong> 50017. <br><strong>E-mail.- </strong> Plackomander123@outloock.es. <br><strong>celular.- </strong> 7225339135. <br><strong>telefono.- </strong> 7225339135. <br><strong>Referencia1.- </strong> Gabriel gonzalez . <br><strong>Referencia1empresa.- </strong> Farmacias del ahorro. <br><strong>Referencia1telefono.- </strong> 7225017042. <br><strong>Referencia2.- </strong> Paloma. <br><strong>Referencia2empresa.- </strong> Lhag. <br><strong>Referencia2telefono.- </strong> 7223550134. <br><strong>Referencia3.- </strong> Araceli gomez. <br><strong>Referencia3empresa.- </strong> AmÃ©rica logistics. <br><strong>Referencia3telefono.- </strong> 85033200. <br><strong>Â¿Vives en Toluca?.- </strong> si. <br><strong>Â¿Has trabajado en Funeraria?.- </strong> No. <br><strong>Â¿Conoces el ramo funerario?.- </strong> si. <br><strong>Â¿Sueldo mensual deseado?.- </strong> 10000. <br><strong>Nombre de la empresa del Ãºltimo empleo.- </strong> Farmacias del ahorro . <br><strong>Periodo que prestÃ³ sus servicios.- </strong> 1 aÃ±os. <br><strong>Puesto desempeÃ±ado.- </strong> Responsable. <br><strong>Actividades que realizo.- </strong>  Responsable mesa de control: seguimiento de surtido actualizaciones de base de datos a nivel gerencial, seguimiento a los almacenajes de producto ubicaciones a reabastecer, dar soluciones a coordinador sobre incidencias, y apoyo a coordinaciÃ³n de embarques, manejo de personal para aclaraciÃ³n de incidencias, manejo de WMS, sistema JDA.. <br><strong>Motivo de separaciÃ³n.- </strong> Motivos personales<br />
. <br><strong>Â¿Porque medio se entero de la vacante?.- </strong>  Indeed. <br><strong>Â¿Como considera su estado de salud actual?.- </strong> Bueno. <br><strong>Â¿Padece alguna enfermedad Cronica?.- </strong> No. <br><strong>Explique sus enfermedas crÃ³nicas.- </strong> Explique sus enfermedas crÃ³nicas. <br><strong>Â¿Puede viajar?.- </strong> pregunta-Si. <br><strong>Â¿Esta dispuesto a cambiar de Residencia?.- </strong>  No. <br>]]></content:encoded>
		<excerpt:encoded><![CDATA[]]></excerpt:encoded>
		<wp:post_id>259</wp:post_id>
		<wp:post_date><![CDATA[2020-08-25 22:54:10]]></wp:post_date>
		<wp:post_date_gmt><![CDATA[2020-08-25 22:54:10]]></wp:post_date_gmt>
		<wp:post_modified><![CDATA[2020-08-25 22:54:10]]></wp:post_modified>
		<wp:post_modified_gmt><![CDATA[2020-08-25 22:54:10]]></wp:post_modified_gmt>
		<wp:comment_status><![CDATA[closed]]></wp:comment_status>
		<wp:ping_status><![CDATA[closed]]></wp:ping_status>
		<wp:post_name><![CDATA[jair-tejeda-cartagena-3]]></wp:post_name>
		<wp:status><![CDATA[publish]]></wp:status>
		<wp:post_parent>0</wp:post_parent>
		<wp:menu_order>0</wp:menu_order>
		<wp:post_type><![CDATA[post]]></wp:post_type>
		<wp:post_password><![CDATA[]]></wp:post_password>
		<wp:is_sticky>0</wp:is_sticky>
										<category domain="category" nicename="postulante-duplicado"><![CDATA[Postulante Duplicado]]></category>
		<category domain="post_tag" nicename="responsable-de-almacen-y-logistica"><![CDATA[Responsable de almacÃ©n y logÃ­stica]]></category>
						<wp:postmeta>
		<wp:meta_key><![CDATA[folio_global_meta]]></wp:meta_key>
		<wp:meta_value><![CDATA[27]]></wp:meta_value>
		</wp:postmeta>
							<wp:postmeta>
		<wp:meta_key><![CDATA[valpa_telefono_solicitante_meta]]></wp:meta_key>
		<wp:meta_value><![CDATA[7225339135]]></wp:meta_value>
		</wp:postmeta>
							<wp:postmeta>
		<wp:meta_key><![CDATA[valpa_celular_solicitante_meta]]></wp:meta_key>
		<wp:meta_value><![CDATA[7225339135]]></wp:meta_value>
		</wp:postmeta>
							<wp:postmeta>
		<wp:meta_key><![CDATA[valpa_mail_solicitante_meta]]></wp:meta_key>
		<wp:meta_value><![CDATA[Plackomander123@outloock.es]]></wp:meta_value>
		</wp:postmeta>
							<wp:postmeta>
		<wp:meta_key><![CDATA[valpa_alias_solicitante_meta]]></wp:meta_key>
		<wp:meta_value><![CDATA[Jair]]></wp:meta_value>
		</wp:postmeta>
							<wp:postmeta>
		<wp:meta_key><![CDATA[puesto_relacionado_meta]]></wp:meta_key>
		<wp:meta_value><![CDATA[Responsable de almacÃ©n y logÃ­stica]]></wp:meta_value>
		</wp:postmeta>
							<wp:postmeta>
		<wp:meta_key><![CDATA[sucursal_relacionada_meta]]></wp:meta_key>
		<wp:meta_value><![CDATA[Toluca Nezahualcoyotl]]></wp:meta_value>
		</wp:postmeta>
							<wp:postmeta>
		<wp:meta_key><![CDATA[solicitud_codigo_meta]]></wp:meta_key>
		<wp:meta_value><![CDATA[d328760e6e]]></wp:meta_value>
		</wp:postmeta>
							<wp:postmeta>
		<wp:meta_key><![CDATA[_edit_last]]></wp:meta_key>
		<wp:meta_value><![CDATA[1]]></wp:meta_value>
		</wp:postmeta>
							</item>
					<item>
		<title><![CDATA[Jair Tejeda Cartagena]]></title>
		<link>http://localhost/sass-wp/jair-tejeda-cartagena-4/</link>
		<pubDate>Tue, 25 Aug 2020 23:12:33 +0000</pubDate>
		<dc:creator><![CDATA[webmaster]]></dc:creator>
		<guid isPermaLink="false">https://valparaiso.com.mx/jair-tejeda-cartagena-4/</guid>
		<description></description>
		<content:encoded><![CDATA[<strong>Contacto Valparaiso
</strong>
<strong>puesto.- </strong> 137.
<strong>sucursal.- </strong> Toluca Nezahualcoyotl.
<strong>documento-1.- </strong> CURP.
<strong>documento-2.- </strong> RFC.
<strong>documento-3.- </strong> Numero de Seguridad Social.
<strong>documento-4.- </strong> Copia de Comprobante de Domicilio.
<strong>documento-5.- </strong> Copia Acta Nacimiento.
<strong>documento-6.- </strong> Copia de IFE.
<strong>documento-7.- </strong> Cartas Laborales.
<strong>documento-8.- </strong> Licencia Vigente.
<strong>documento-9.- </strong> Copia de Comprobante de Estudios.
<strong>Nombre.- </strong> Jair.
<strong>ApellidoPaterno.- </strong> Tejeda.
<strong>ApellidoMaterno.- </strong> Cartagena.
<strong>CURP.- </strong> TECJ921118HDFJRR00 .
<strong>NSS.- </strong> 28129214095.
<strong>Direccion.- </strong> Ezequiel capistran .
<strong>Ciudad.- </strong> Metepec.
<strong>Colonia.- </strong> Metepec.
<strong>CP.- </strong> 52140.
<strong>E-mail.- </strong> djplack@hotmail.com.
<strong>celular.- </strong> 7225339135.
<strong>telefono.- </strong> 7225339135.
<strong>Referencia1.- </strong> Gabriel gonzalez .
<strong>Referencia1empresa.- </strong> Farmacias del ahorro .
<strong>Referencia1telefono.- </strong> 7225017042.
<strong>Referencia2.- </strong> Paloma.
<strong>Referencia2empresa.- </strong> Lhag.
<strong>Referencia2telefono.- </strong> 7223550134.
<strong>Referencia3.- </strong> Araceli gomez.
<strong>Referencia3empresa.- </strong> AmÃ©rica logistics.
<strong>Referencia3telefono.- </strong> 85033200.
<strong>Â¿Vives en Toluca?.- </strong> si.
<strong>Â¿Has trabajado en Funeraria?.- </strong> No.
<strong>Â¿Conoces el ramo funerario?.- </strong> si.
<strong>Â¿Sueldo mensual deseado?.- </strong> 10000.
<strong>Estado civil.- </strong> Casado .
<strong>Escolaridad.- </strong> Bachillerato o Tecnico.
<strong>Â¿Tiene experiencia en Manejo de personal?.- </strong> Si.
<strong>Â¿Tienes experiencia en la vacante?.- </strong> Si.
<strong>Nombre de la empresa del Ãºltimo empleo.- </strong> Farmacias del ahorro .
<strong>Periodo que prestÃ³ sus servicios.- </strong> 1 aÃ±os.
<strong>Puesto desempeÃ±ado.- </strong> Responsable.
<strong>Actividades que realizo.- </strong> Responsable mesa de control: seguimiento de surtido actualizaciones de base de datos a nivel gerencial, seguimiento a los almacenajes de producto ubicaciones a reabastecer, dar soluciones a coordinador sobre incidencias, y apoyo a coordinaciÃ³n de embarques, manejo de personal para aclaraciÃ³n de incidencias, manejo de WMS, sistema JDA..
<strong>Motivo de separaciÃ³n.- </strong> Motivos personales .
<strong>Â¿Porque medio se entero de la vacante?.- </strong> Indeed.
<strong>Â¿Como considera su estado de salud actual?.- </strong> Bueno.
<strong>Â¿Padece alguna enfermedad Cronica?.- </strong> No.
<strong>Explique sus enfermedas crÃ³nicas.- </strong> Explique sus enfermedas crÃ³nicas.
<strong>Â¿Puede viajar?.- </strong> pregunta-Si.
<strong>Â¿Esta dispuesto a cambiar de Residencia?.- </strong> No.

NO CONTESTA, CONSTESTO UNA MUJER Y DIJO QUE REGRESARIA LA LLAMADA]]></content:encoded>
		<excerpt:encoded><![CDATA[]]></excerpt:encoded>
		<wp:post_id>265</wp:post_id>
		<wp:post_date><![CDATA[2020-08-25 23:12:33]]></wp:post_date>
		<wp:post_date_gmt><![CDATA[2020-08-25 23:12:33]]></wp:post_date_gmt>
		<wp:post_modified><![CDATA[2020-08-25 23:12:33]]></wp:post_modified>
		<wp:post_modified_gmt><![CDATA[2020-08-25 23:12:33]]></wp:post_modified_gmt>
		<wp:comment_status><![CDATA[closed]]></wp:comment_status>
		<wp:ping_status><![CDATA[closed]]></wp:ping_status>
		<wp:post_name><![CDATA[jair-tejeda-cartagena-4]]></wp:post_name>
		<wp:status><![CDATA[publish]]></wp:status>
		<wp:post_parent>0</wp:post_parent>
		<wp:menu_order>0</wp:menu_order>
		<wp:post_type><![CDATA[post]]></wp:post_type>
		<wp:post_password><![CDATA[]]></wp:post_password>
		<wp:is_sticky>0</wp:is_sticky>
										<category domain="post_tag" nicename="monitorista"><![CDATA[Monitorista]]></category>
		<category domain="category" nicename="revisado"><![CDATA[Revisado]]></category>
						<wp:postmeta>
		<wp:meta_key><![CDATA[folio_global_meta]]></wp:meta_key>
		<wp:meta_value><![CDATA[28]]></wp:meta_value>
		</wp:postmeta>
							<wp:postmeta>
		<wp:meta_key><![CDATA[valpa_telefono_solicitante_meta]]></wp:meta_key>
		<wp:meta_value><![CDATA[7225339135]]></wp:meta_value>
		</wp:postmeta>
							<wp:postmeta>
		<wp:meta_key><![CDATA[valpa_celular_solicitante_meta]]></wp:meta_key>
		<wp:meta_value><![CDATA[7225339135]]></wp:meta_value>
		</wp:postmeta>
							<wp:postmeta>
		<wp:meta_key><![CDATA[valpa_mail_solicitante_meta]]></wp:meta_key>
		<wp:meta_value><![CDATA[djplack@hotmail.com]]></wp:meta_value>
		</wp:postmeta>
							<wp:postmeta>
		<wp:meta_key><![CDATA[valpa_alias_solicitante_meta]]></wp:meta_key>
		<wp:meta_value><![CDATA[Jair]]></wp:meta_value>
		</wp:postmeta>
							<wp:postmeta>
		<wp:meta_key><![CDATA[puesto_relacionado_meta]]></wp:meta_key>
		<wp:meta_value><![CDATA[Responsable de almacÃ©n y logÃ­stica]]></wp:meta_value>
		</wp:postmeta>
							<wp:postmeta>
		<wp:meta_key><![CDATA[sucursal_relacionada_meta]]></wp:meta_key>
		<wp:meta_value><![CDATA[Toluca Nezahualcoyotl]]></wp:meta_value>
		</wp:postmeta>
							<wp:postmeta>
		<wp:meta_key><![CDATA[solicitud_codigo_meta]]></wp:meta_key>
		<wp:meta_value><![CDATA[d328760e6e]]></wp:meta_value>
		</wp:postmeta>
							<wp:postmeta>
		<wp:meta_key><![CDATA[_edit_last]]></wp:meta_key>
		<wp:meta_value><![CDATA[1]]></wp:meta_value>
		</wp:postmeta>
							<wp:postmeta>
		<wp:meta_key><![CDATA[_start_month]]></wp:meta_key>
		<wp:meta_value><![CDATA[08]]></wp:meta_value>
		</wp:postmeta>
							<wp:postmeta>
		<wp:meta_key><![CDATA[_start_day]]></wp:meta_key>
		<wp:meta_value><![CDATA[26]]></wp:meta_value>
		</wp:postmeta>
							<wp:postmeta>
		<wp:meta_key><![CDATA[_start_hour]]></wp:meta_key>
		<wp:meta_value><![CDATA[18]]></wp:meta_value>
		</wp:postmeta>
							<wp:postmeta>
		<wp:meta_key><![CDATA[_start_year]]></wp:meta_key>
		<wp:meta_value><![CDATA[2020]]></wp:meta_value>
		</wp:postmeta>
							<wp:postmeta>
		<wp:meta_key><![CDATA[_start_minute]]></wp:meta_key>
		<wp:meta_value><![CDATA[00]]></wp:meta_value>
		</wp:postmeta>
							<wp:postmeta>
		<wp:meta_key><![CDATA[_start_eventtimestamp]]></wp:meta_key>
		<wp:meta_value><![CDATA[202008261800]]></wp:meta_value>
		</wp:postmeta>
							</item>
					<item>
		<title><![CDATA[Evaristo Alfredo  Torres  RodrÃ­guez]]></title>
		<link>http://localhost/sass-wp/evaristo-alfredo-torres-rodriguez/</link>
		<pubDate>Wed, 26 Aug 2020 15:18:55 +0000</pubDate>
		<dc:creator><![CDATA[webmaster]]></dc:creator>
		<guid isPermaLink="false">https://valparaiso.com.mx/evaristo-alfredo-torres-rodriguez/</guid>
		<description></description>
		<content:encoded><![CDATA[<strong>Contacto Valparaiso
</strong>
<strong>puesto.- </strong> 137.
<strong>sucursal.- </strong> Toluca Nezahualcoyotl.
<strong>documento-1.- </strong> CURP.
<strong>documento-2.- </strong> RFC.
<strong>documento-3.- </strong> Numero de Seguridad Social.
<strong>documento-4.- </strong> Copia de Comprobante de Domicilio.
<strong>documento-5.- </strong> Copia Acta Nacimiento.
<strong>documento-6.- </strong> Copia de IFE.
<strong>documento-7.- </strong> Cartas Laborales.
<strong>documento-9.- </strong> Copia de Comprobante de Estudios.
<strong>Nombre.- </strong> Evaristo Alfredo .
<strong>ApellidoPaterno.- </strong> Torres .
<strong>ApellidoMaterno.- </strong> RodrÃ­guez .

EDAD: 33
<strong>CURP.- </strong> Tore870112hdfrdv00.
<strong>NSS.- </strong> 16058740297.
<strong>Direccion.- </strong> Bugambilias 111.
<strong>Ciudad.- </strong> Ocoyoacac .
<strong>Colonia.- </strong> Barrio de Santa MarÃ­a .
<strong>CP.- </strong> 52740.
<strong>E-mail.- </strong> alftr26@gmail.com.
<strong>celular.- </strong> 7291513069.
<strong>telefono.- </strong> 7282878221.
<strong>Referencia1.- </strong> Jorge Luis Parra RodrÃ­guez .
<strong>Referencia1empresa.- </strong> Envases AgrÃ­colas e Industriales . <span style="color: #3366ff;">(PERIODO DE MARZO DEL 2019 A ENERO DEL 2020 ERA JEFE DE PLANTA FUNCIONES A REALIZAR ERA SUPERVICION DE PRODUCCION MANTENIMIENTO LOGISTICA ALMACENES PLAN DE EMBARQUES ATENCION DIRECTA CON CLIENTES)</span>
<strong>Referencia1telefono.- </strong> 7225584593.
<strong>Referencia2.- </strong> Lic. Gustavo.
<strong>Referencia2empresa.- </strong> Turmix de MÃ©xico . (YA ESTA)
<strong>Referencia2telefono.- </strong> 7282884142 ext. 122.
<strong>Referencia3.- </strong> Luci Cortez .
<strong>Referencia3empresa.- </strong> Envases AgrÃ­colas e Industriales .
<strong>Referencia3telefono.- </strong> 7131117840.
<strong>Â¿Vives en Toluca?.- </strong> no.
<strong>Â¿Has trabajado en Funeraria?.- </strong> No.
<strong>Â¿Conoces el ramo funerario?.- </strong> si.
<strong>Â¿Sueldo mensual deseado?.- </strong> 12,000.
<strong>Estado civil.- </strong> Casado .
<strong>Escolaridad.- </strong> Licenciatura o Ingenieria.
<strong>Â¿Tiene experiencia en Manejo de personal?.- </strong> Si.
<strong>Â¿Tienes experiencia en la vacante?.- </strong> Si.
<strong>Nombre de la empresa del Ãºltimo empleo.- </strong> Turmix.
<strong>Periodo que prestÃ³ sus servicios.- </strong> Enero 2020-agosto 2020.
<strong>Puesto desempeÃ±ado.- </strong> Supervisor de producciÃ³n .
<strong>Actividades que realizo.- </strong> Supervicion a lÃ­neas de producciÃ³n.
Manejo de KPI's
AdministraciÃ³n de recursos, humanos y materiales.
Mejora continua en lineas de producciÃ³n.
Aumento de los estÃ¡ndares de producciÃ³n.
ReducciÃ³n de merma.
CapacitaciÃ³n a personal.
.
<strong>Motivo de separaciÃ³n.- </strong> Despido por baja producciÃ³n .
<strong>Â¿Porque medio se entero de la vacante?.- </strong> Indeed.
<strong>Â¿Como considera su estado de salud actual?.- </strong> Bueno.
<strong>Â¿Padece alguna enfermedad Cronica?.- </strong> No.
<strong>Explique sus enfermedas crÃ³nicas.- </strong> Explique sus enfermedas crÃ³nicas.
<strong>Â¿Puede viajar?.- </strong> pregunta-Si.
<strong>Â¿Esta dispuesto a cambiar de Residencia?.- </strong> Si.

DESCARTADO BUSCA UN SUELDO MAYOR A $10, 000.00]]></content:encoded>
		<excerpt:encoded><![CDATA[]]></excerpt:encoded>
		<wp:post_id>285</wp:post_id>
		<wp:post_date><![CDATA[2020-08-26 15:18:55]]></wp:post_date>
		<wp:post_date_gmt><![CDATA[2020-08-26 15:18:55]]></wp:post_date_gmt>
		<wp:post_modified><![CDATA[2020-08-26 15:18:55]]></wp:post_modified>
		<wp:post_modified_gmt><![CDATA[2020-08-26 15:18:55]]></wp:post_modified_gmt>
		<wp:comment_status><![CDATA[open]]></wp:comment_status>
		<wp:ping_status><![CDATA[open]]></wp:ping_status>
		<wp:post_name><![CDATA[evaristo-alfredo-torres-rodriguez]]></wp:post_name>
		<wp:status><![CDATA[publish]]></wp:status>
		<wp:post_parent>0</wp:post_parent>
		<wp:menu_order>0</wp:menu_order>
		<wp:post_type><![CDATA[post]]></wp:post_type>
		<wp:post_password><![CDATA[]]></wp:post_password>
		<wp:is_sticky>0</wp:is_sticky>
										<category domain="category" nicename="descartado"><![CDATA[Descartado]]></category>
		<category domain="post_tag" nicename="responsable-de-almacen-y-logistica"><![CDATA[Responsable de almacÃ©n y logÃ­stica]]></category>
						<wp:postmeta>
		<wp:meta_key><![CDATA[folio_global_meta]]></wp:meta_key>
		<wp:meta_value><![CDATA[35]]></wp:meta_value>
		</wp:postmeta>
							<wp:postmeta>
		<wp:meta_key><![CDATA[valpa_telefono_solicitante_meta]]></wp:meta_key>
		<wp:meta_value><![CDATA[7282878221]]></wp:meta_value>
		</wp:postmeta>
							<wp:postmeta>
		<wp:meta_key><![CDATA[valpa_celular_solicitante_meta]]></wp:meta_key>
		<wp:meta_value><![CDATA[7282878221]]></wp:meta_value>
		</wp:postmeta>
							<wp:postmeta>
		<wp:meta_key><![CDATA[valpa_mail_solicitante_meta]]></wp:meta_key>
		<wp:meta_value><![CDATA[alftr26@gmail.com]]></wp:meta_value>
		</wp:postmeta>
							<wp:postmeta>
		<wp:meta_key><![CDATA[valpa_alias_solicitante_meta]]></wp:meta_key>
		<wp:meta_value><![CDATA[Evaristo Alfredo ]]></wp:meta_value>
		</wp:postmeta>
							<wp:postmeta>
		<wp:meta_key><![CDATA[puesto_relacionado_meta]]></wp:meta_key>
		<wp:meta_value><![CDATA[Responsable de almacÃ©n y logÃ­stica]]></wp:meta_value>
		</wp:postmeta>
							<wp:postmeta>
		<wp:meta_key><![CDATA[sucursal_relacionada_meta]]></wp:meta_key>
		<wp:meta_value><![CDATA[Toluca Nezahualcoyotl]]></wp:meta_value>
		</wp:postmeta>
							<wp:postmeta>
		<wp:meta_key><![CDATA[solicitud_codigo_meta]]></wp:meta_key>
		<wp:meta_value><![CDATA[2db394a5e5]]></wp:meta_value>
		</wp:postmeta>
							<wp:postmeta>
		<wp:meta_key><![CDATA[_edit_last]]></wp:meta_key>
		<wp:meta_value><![CDATA[1]]></wp:meta_value>
		</wp:postmeta>
							<wp:postmeta>
		<wp:meta_key><![CDATA[_start_month]]></wp:meta_key>
		<wp:meta_value><![CDATA[08]]></wp:meta_value>
		</wp:postmeta>
							<wp:postmeta>
		<wp:meta_key><![CDATA[_start_day]]></wp:meta_key>
		<wp:meta_value><![CDATA[26]]></wp:meta_value>
		</wp:postmeta>
							<wp:postmeta>
		<wp:meta_key><![CDATA[_start_hour]]></wp:meta_key>
		<wp:meta_value><![CDATA[15]]></wp:meta_value>
		</wp:postmeta>
							<wp:postmeta>
		<wp:meta_key><![CDATA[_start_year]]></wp:meta_key>
		<wp:meta_value><![CDATA[2020]]></wp:meta_value>
		</wp:postmeta>
							<wp:postmeta>
		<wp:meta_key><![CDATA[_start_minute]]></wp:meta_key>
		<wp:meta_value><![CDATA[00]]></wp:meta_value>
		</wp:postmeta>
							<wp:postmeta>
		<wp:meta_key><![CDATA[_start_eventtimestamp]]></wp:meta_key>
		<wp:meta_value><![CDATA[202008261500]]></wp:meta_value>
		</wp:postmeta>
							</item>
					<item>
		<title><![CDATA[Erick  Juarez Cejudo]]></title>
		<link>http://localhost/sass-wp/erick-juarez-cejudo/</link>
		<pubDate>Wed, 26 Aug 2020 15:19:49 +0000</pubDate>
		<dc:creator><![CDATA[webmaster]]></dc:creator>
		<guid isPermaLink="false">https://valparaiso.com.mx/erick-juarez-cejudo/</guid>
		<description></description>
		<content:encoded><![CDATA[<strong>Contacto Valparaiso
</strong>
<strong>puesto.- </strong> 137.
<strong>sucursal.- </strong> Toluca Nezahualcoyotl.
<strong>documento-1.- </strong> CURP.
<strong>documento-2.- </strong> RFC.
<strong>documento-3.- </strong> Numero de Seguridad Social.
<strong>documento-4.- </strong> Copia de Comprobante de Domicilio.
<strong>documento-5.- </strong> Copia Acta Nacimiento.
<strong>documento-6.- </strong> Copia de IFE.
<strong>documento-7.- </strong> Cartas Laborales.
<strong>documento-8.- </strong> Licencia Vigente.
<strong>documento-9.- </strong> Copia de Comprobante de Estudios.
<strong>Nombre.- </strong> Erick .
<strong>ApellidoPaterno.- </strong> Juarez.
<strong>ApellidoMaterno.- </strong> Cejudo.

EDAD 36 AÃOS
<strong>CURP.- </strong> JUCE811020HMCRJR00.
<strong>NSS.- </strong> 18968139255.
<strong>Direccion.- </strong> Matamoros 412.
<strong>Ciudad.- </strong> San Mateo Atenco.
<strong>Colonia.- </strong> La ConcepciÃ³n .
<strong>CP.- </strong> 52105.
<strong>E-mail.- </strong> ejcejudo@hotmail.com.
<strong>celular.- </strong> 7222026582.
<strong>telefono.- </strong> 7228573070.
<strong>Referencia1.- </strong> Ing. Hugo JimÃ©nez .
<strong>Referencia1empresa.- </strong> Infra. (SEMANA EN SEPTIEMBRE EN TRANSPORTES LAMINA)
<strong>Referencia1telefono.- </strong> 7222755780.
<strong>Referencia2.- </strong> Contador Miguel Hernandez.
<strong>Referencia2empresa.- </strong> Transportes Lamina. (ESTUVO LABORANDO AL MIMO TIEMPO ERA TRABAJO DE HOME WORK TRABAJABA EN LAS NOCHES EN INFRA DE 8 A 6 Y 8 A 1, COORDINADOR DE EMBARQUES DE TRAFICO SEGUIMIENTO DE UNIDADES RECOPILACION PAGOS DE NOMINA LLEGADA DE SALIDA DE UNIDADES)
<strong>Referencia2telefono.- </strong> 2222341600.
<strong>Referencia3.- </strong> Ing Pablo Hadadd.
<strong>Referencia3empresa.- </strong> Absara. (
<strong>Referencia3telefono.- </strong> 5552731903.
<strong>Â¿Vives en Toluca?.- </strong> si.
<strong>Â¿Has trabajado en Funeraria?.- </strong> No.
<strong>Â¿Conoces el ramo funerario?.- </strong> no.
<strong>Â¿Sueldo mensual deseado?.- </strong> Sin informaciÃ³n.
<strong>Estado civil.- </strong> UniÃ³n libre.
<strong>Escolaridad.- </strong> Licenciatura o Ingenieria.
<strong>Â¿Tiene experiencia en Manejo de personal?.- </strong> Si.
<strong>Â¿Tienes experiencia en la vacante?.- </strong> Si.
<strong>Nombre de la empresa del Ãºltimo empleo.- </strong> Infra. (OXIDOM A DOMICILIO ENTREGAR SERVICIO A DOMICILIO VARIOS CLIENTES IMMS ISSTE 10000 PACIENTES CLIENTES ATENCION SEGUIMIENTO INVENTARIOS POR AÃO)
<strong>Periodo que prestÃ³ sus servicios.- </strong> Agosto 2016 - Agosto 2020.
<strong>Puesto desempeÃ±ado.- </strong> Jefe de distribuciÃ³n y atenciÃ³n a clientes.
<strong>Actividades que realizo.- </strong> -Atencion a clientes.
-Control de flota vehicular.
-Facturacion.
-Control de almacenamiento terminado
-Reportes de GPS
-Consiliacion de facturas con instituciones del sector gobierno
-Cobranza.
<strong>Motivo de separaciÃ³n.- </strong> Despido.
<strong>Â¿Porque medio se entero de la vacante?.- </strong> Indeed.
<strong>Â¿Como considera su estado de salud actual?.- </strong> Bueno.
<strong>Explique sus enfermedas crÃ³nicas.- </strong> Explique sus enfermedas crÃ³nicas.
<strong>Â¿Puede viajar?.- </strong> pregunta-Si.
<strong>Â¿Esta dispuesto a cambiar de Residencia?.- </strong> Si.

DIJO QUE SE COMUNICARIA LE HACEN FALTA LAS CARTAS LABORALES QUE LA PROXIMA SEMANA SE LAS DAN Y EN CUANDO LAS TENGA SE COMUNICARIA CON NOSOTROS PARA AGENDARLE UNA ENTREVISTA]]></content:encoded>
		<excerpt:encoded><![CDATA[]]></excerpt:encoded>
		<wp:post_id>286</wp:post_id>
		<wp:post_date><![CDATA[2020-08-26 15:19:49]]></wp:post_date>
		<wp:post_date_gmt><![CDATA[2020-08-26 15:19:49]]></wp:post_date_gmt>
		<wp:post_modified><![CDATA[2020-08-26 15:19:49]]></wp:post_modified>
		<wp:post_modified_gmt><![CDATA[2020-08-26 15:19:49]]></wp:post_modified_gmt>
		<wp:comment_status><![CDATA[closed]]></wp:comment_status>
		<wp:ping_status><![CDATA[closed]]></wp:ping_status>
		<wp:post_name><![CDATA[erick-juarez-cejudo]]></wp:post_name>
		<wp:status><![CDATA[publish]]></wp:status>
		<wp:post_parent>0</wp:post_parent>
		<wp:menu_order>0</wp:menu_order>
		<wp:post_type><![CDATA[post]]></wp:post_type>
		<wp:post_password><![CDATA[]]></wp:post_password>
		<wp:is_sticky>0</wp:is_sticky>
										<category domain="post_tag" nicename="responsable-de-almacen-y-logistica"><![CDATA[Responsable de almacÃ©n y logÃ­stica]]></category>
		<category domain="category" nicename="revisado"><![CDATA[Revisado]]></category>
						<wp:postmeta>
		<wp:meta_key><![CDATA[folio_global_meta]]></wp:meta_key>
		<wp:meta_value><![CDATA[36]]></wp:meta_value>
		</wp:postmeta>
							<wp:postmeta>
		<wp:meta_key><![CDATA[valpa_telefono_solicitante_meta]]></wp:meta_key>
		<wp:meta_value><![CDATA[7228573070]]></wp:meta_value>
		</wp:postmeta>
							<wp:postmeta>
		<wp:meta_key><![CDATA[valpa_celular_solicitante_meta]]></wp:meta_key>
		<wp:meta_value><![CDATA[7222026582]]></wp:meta_value>
		</wp:postmeta>
							<wp:postmeta>
		<wp:meta_key><![CDATA[valpa_mail_solicitante_meta]]></wp:meta_key>
		<wp:meta_value><![CDATA[ejcejudo@hotmail.com]]></wp:meta_value>
		</wp:postmeta>
							<wp:postmeta>
		<wp:meta_key><![CDATA[valpa_alias_solicitante_meta]]></wp:meta_key>
		<wp:meta_value><![CDATA[Erick ]]></wp:meta_value>
		</wp:postmeta>
							<wp:postmeta>
		<wp:meta_key><![CDATA[puesto_relacionado_meta]]></wp:meta_key>
		<wp:meta_value><![CDATA[Responsable de almacÃ©n y logÃ­stica]]></wp:meta_value>
		</wp:postmeta>
							<wp:postmeta>
		<wp:meta_key><![CDATA[sucursal_relacionada_meta]]></wp:meta_key>
		<wp:meta_value><![CDATA[Toluca Nezahualcoyotl]]></wp:meta_value>
		</wp:postmeta>
							<wp:postmeta>
		<wp:meta_key><![CDATA[solicitud_codigo_meta]]></wp:meta_key>
		<wp:meta_value><![CDATA[2db394a5e5]]></wp:meta_value>
		</wp:postmeta>
							<wp:postmeta>
		<wp:meta_key><![CDATA[_edit_last]]></wp:meta_key>
		<wp:meta_value><![CDATA[1]]></wp:meta_value>
		</wp:postmeta>
							<wp:postmeta>
		<wp:meta_key><![CDATA[_start_month]]></wp:meta_key>
		<wp:meta_value><![CDATA[08]]></wp:meta_value>
		</wp:postmeta>
							<wp:postmeta>
		<wp:meta_key><![CDATA[_start_day]]></wp:meta_key>
		<wp:meta_value><![CDATA[26]]></wp:meta_value>
		</wp:postmeta>
							<wp:postmeta>
		<wp:meta_key><![CDATA[_start_hour]]></wp:meta_key>
		<wp:meta_value><![CDATA[16]]></wp:meta_value>
		</wp:postmeta>
							<wp:postmeta>
		<wp:meta_key><![CDATA[_start_year]]></wp:meta_key>
		<wp:meta_value><![CDATA[2020]]></wp:meta_value>
		</wp:postmeta>
							<wp:postmeta>
		<wp:meta_key><![CDATA[_start_minute]]></wp:meta_key>
		<wp:meta_value><![CDATA[00]]></wp:meta_value>
		</wp:postmeta>
							<wp:postmeta>
		<wp:meta_key><![CDATA[_start_eventtimestamp]]></wp:meta_key>
		<wp:meta_value><![CDATA[202008261600]]></wp:meta_value>
		</wp:postmeta>
							</item>
					<item>
		<title><![CDATA[Evaristo Alfredo Torres Rodriguez]]></title>
		<link>http://localhost/sass-wp/evaristo-alfredo-torres-rodriguez-2/</link>
		<pubDate>Wed, 26 Aug 2020 15:38:51 +0000</pubDate>
		<dc:creator><![CDATA[webmaster]]></dc:creator>
		<guid isPermaLink="false">https://valparaiso.com.mx/evaristo-alfredo-torres-rodriguez-2/</guid>
		<description></description>
		<content:encoded><![CDATA[<strong>Contacto Valparaiso<br></strong> <br><strong>puesto.- </strong> 137. <br><strong>sucursal.- </strong> Toluca Nezahualcoyotl. <br><strong>documento-1.- </strong> CURP. <br><strong>documento-2.- </strong> RFC. <br><strong>documento-3.- </strong> Numero de Seguridad Social. <br><strong>documento-4.- </strong> Copia de Comprobante de Domicilio. <br><strong>documento-5.- </strong> Copia Acta Nacimiento. <br><strong>documento-6.- </strong> Copia de IFE. <br><strong>documento-8.- </strong> Licencia Vigente. <br><strong>documento-9.- </strong> Copia de Comprobante de Estudios. <br><strong>Nombre.- </strong> Evaristo Alfredo. <br><strong>ApellidoPaterno.- </strong> Torres. <br><strong>ApellidoMaterno.- </strong> Rodriguez. <br><strong>CURP.- </strong> Tore870112hdfrdv00. <br><strong>NSS.- </strong> 16058740297. <br><strong>Direccion.- </strong> Bugambilias 111. <br><strong>Ciudad.- </strong> Ocoyoacac. <br><strong>Colonia.- </strong> Flores del rincon. <br><strong>CP.- </strong> 52740. <br><strong>E-mail.- </strong> alftr26@gmail.com. <br><strong>celular.- </strong> 7291513069. <br><strong>telefono.- </strong> 7282878221. <br><strong>Referencia1.- </strong> Jorge Parra. <br><strong>Referencia1empresa.- </strong> Envases AgrÃ­colas e industriales. <br><strong>Referencia1telefono.- </strong> 7225584593. <br><strong>Referencia2.- </strong> Irma Romero. <br><strong>Referencia2empresa.- </strong> Turmix. <br><strong>Referencia2telefono.- </strong> 7224353089. <br><strong>Referencia3.- </strong> Mariano Reyes . <br><strong>Referencia3empresa.- </strong> Producciones display. <br><strong>Referencia3telefono.- </strong> 7282884068. <br><strong>Â¿Vives en Toluca?.- </strong> si. <br><strong>Â¿Has trabajado en Funeraria?.- </strong> No. <br><strong>Â¿Conoces el ramo funerario?.- </strong> no. <br><strong>Â¿Sueldo mensual deseado?.- </strong> 12000. <br><strong>Estado civil.- </strong>  Casado . <br><strong>Escolaridad.- </strong>  Licenciatura o Ingenieria. <br><strong>Â¿Tiene experiencia en Manejo de personal?.- </strong> Si. <br><strong>Â¿Tienes experiencia en la vacante?.- </strong> Si. <br><strong>Nombre de la empresa del Ãºltimo empleo.- </strong> Turmix. <br><strong>Periodo que prestÃ³ sus servicios.- </strong> Enero, agosto 2020. <br><strong>Puesto desempeÃ±ado.- </strong> Supervisor de produccion. <br><strong>Actividades que realizo.- </strong> SupervisiÃ³n de lÃ­neas de producciÃ³n<br />
Manejo de indicadores<br />
CapacitaciÃ³n a personal<br />
Aumento de productividad<br />
GeneraciÃ³n de reportes. <br><strong>Motivo de separaciÃ³n.- </strong> Despido, baja producciÃ³n y ventas de la empresa. <br><strong>Â¿Porque medio se entero de la vacante?.- </strong>  Indeed. <br><strong>Â¿Como considera su estado de salud actual?.- </strong> Bueno. <br><strong>Â¿Padece alguna enfermedad Cronica?.- </strong> No. <br><strong>Explique sus enfermedas crÃ³nicas.- </strong> Explique sus enfermedas crÃ³nicas. <br><strong>Â¿Puede viajar?.- </strong> pregunta-Si. <br><strong>Â¿Esta dispuesto a cambiar de Residencia?.- </strong> Si. <br>]]></content:encoded>
		<excerpt:encoded><![CDATA[]]></excerpt:encoded>
		<wp:post_id>289</wp:post_id>
		<wp:post_date><![CDATA[2020-08-26 15:38:51]]></wp:post_date>
		<wp:post_date_gmt><![CDATA[2020-08-26 15:38:51]]></wp:post_date_gmt>
		<wp:post_modified><![CDATA[2020-08-26 15:38:51]]></wp:post_modified>
		<wp:post_modified_gmt><![CDATA[2020-08-26 15:38:51]]></wp:post_modified_gmt>
		<wp:comment_status><![CDATA[closed]]></wp:comment_status>
		<wp:ping_status><![CDATA[closed]]></wp:ping_status>
		<wp:post_name><![CDATA[evaristo-alfredo-torres-rodriguez-2]]></wp:post_name>
		<wp:status><![CDATA[publish]]></wp:status>
		<wp:post_parent>0</wp:post_parent>
		<wp:menu_order>0</wp:menu_order>
		<wp:post_type><![CDATA[post]]></wp:post_type>
		<wp:post_password><![CDATA[]]></wp:post_password>
		<wp:is_sticky>0</wp:is_sticky>
										<category domain="category" nicename="postulante-duplicado"><![CDATA[Postulante Duplicado]]></category>
		<category domain="post_tag" nicename="responsable-de-almacen-y-logistica"><![CDATA[Responsable de almacÃ©n y logÃ­stica]]></category>
						<wp:postmeta>
		<wp:meta_key><![CDATA[folio_global_meta]]></wp:meta_key>
		<wp:meta_value><![CDATA[37]]></wp:meta_value>
		</wp:postmeta>
							<wp:postmeta>
		<wp:meta_key><![CDATA[valpa_telefono_solicitante_meta]]></wp:meta_key>
		<wp:meta_value><![CDATA[7282878221]]></wp:meta_value>
		</wp:postmeta>
							<wp:postmeta>
		<wp:meta_key><![CDATA[valpa_celular_solicitante_meta]]></wp:meta_key>
		<wp:meta_value><![CDATA[7291513069]]></wp:meta_value>
		</wp:postmeta>
							<wp:postmeta>
		<wp:meta_key><![CDATA[valpa_mail_solicitante_meta]]></wp:meta_key>
		<wp:meta_value><![CDATA[alftr26@gmail.com]]></wp:meta_value>
		</wp:postmeta>
							<wp:postmeta>
		<wp:meta_key><![CDATA[valpa_alias_solicitante_meta]]></wp:meta_key>
		<wp:meta_value><![CDATA[Evaristo Alfredo]]></wp:meta_value>
		</wp:postmeta>
							<wp:postmeta>
		<wp:meta_key><![CDATA[puesto_relacionado_meta]]></wp:meta_key>
		<wp:meta_value><![CDATA[Responsable de almacÃ©n y logÃ­stica]]></wp:meta_value>
		</wp:postmeta>
							<wp:postmeta>
		<wp:meta_key><![CDATA[sucursal_relacionada_meta]]></wp:meta_key>
		<wp:meta_value><![CDATA[Toluca Nezahualcoyotl]]></wp:meta_value>
		</wp:postmeta>
							<wp:postmeta>
		<wp:meta_key><![CDATA[solicitud_codigo_meta]]></wp:meta_key>
		<wp:meta_value><![CDATA[2db394a5e5]]></wp:meta_value>
		</wp:postmeta>
							<wp:postmeta>
		<wp:meta_key><![CDATA[_edit_last]]></wp:meta_key>
		<wp:meta_value><![CDATA[1]]></wp:meta_value>
		</wp:postmeta>
							</item>
					<item>
		<title><![CDATA[Luis Emmanuel  HernÃ¡ndez  Vargas]]></title>
		<link>http://localhost/sass-wp/luis-emmanuel-hernandez-vargas/</link>
		<pubDate>Wed, 26 Aug 2020 16:18:48 +0000</pubDate>
		<dc:creator><![CDATA[webmaster]]></dc:creator>
		<guid isPermaLink="false">https://valparaiso.com.mx/luis-emmanuel-hernandez-vargas/</guid>
		<description></description>
		<content:encoded><![CDATA[<strong>Contacto Valparaiso
</strong>
<strong>puesto.- </strong> 137.
<strong>sucursal.- </strong> Toluca Nezahualcoyotl.
<strong>documento-1.- </strong> CURP.
<strong>documento-2.- </strong> RFC.
<strong>documento-3.- </strong> Numero de Seguridad Social.
<strong>documento-4.- </strong> Copia de Comprobante de Domicilio.
<strong>documento-5.- </strong> Copia Acta Nacimiento.
<strong>documento-6.- </strong> Copia de IFE.
<strong>documento-9.- </strong> Copia de Comprobante de Estudios.
<strong>Nombre.- </strong> Luis Emmanuel .
<strong>ApellidoPaterno.- </strong> HernÃ¡ndez .
<strong>ApellidoMaterno.- </strong> Vargas.

EDAD 26 AÃOS
<strong>CURP.- </strong> HEVL931027HDFRRS03 .
<strong>NSS.- </strong> 42109310468.
<strong>Direccion.- </strong> Av toluca 340.
<strong>Ciudad.- </strong> Estado de MÃ©xico .
<strong>Colonia.- </strong> Guadalupe Victoria.
<strong>CP.- </strong> 52088.
<strong>E-mail.- </strong> emmanuelh217@gmail.com.
<strong>celular.- </strong> 5525466563.
<strong>telefono.- </strong> 5525466563.
<strong>Referencia1.- </strong> Identidad y diseÃ±o en construcciÃ³n AG S.A. DE C.V..
<strong>Referencia1empresa.- </strong> Disark .
<strong>Referencia1telefono.- </strong> 5580189492.
<strong>Referencia2.- </strong> Rcaraveo.
<strong>Referencia2empresa.- </strong> Rcaraveo. (DE COBRANZA VIA TELFONICA COMO GESTOR Y CAPACITO PERSONAL Y FINALMENTE FUE SUPERVISOR 20016 A 2018)
<strong>Referencia2telefono.- </strong> 5555641414.
<strong>Referencia3.- </strong> Na.
<strong>Referencia3empresa.- </strong> Na.
<strong>Referencia3telefono.- </strong> Na.
<strong>Â¿Vives en Toluca?.- </strong> si.
<strong>Â¿Has trabajado en Funeraria?.- </strong> No.
<strong>Â¿Conoces el ramo funerario?.- </strong> no.
<strong>Â¿Sueldo mensual deseado?.- </strong> 6500 en adelante.
<strong>Estado civil.- </strong> Soltero.
<strong>Escolaridad.- </strong> Bachillerato o Tecnico.
<strong>Â¿Tiene experiencia en Manejo de personal?.- </strong> Si.
<strong>Â¿Tienes experiencia en la vacante?.- </strong> Si.
<strong>Nombre de la empresa del Ãºltimo empleo.- </strong> Disark.Â  (CONSTRUCTOARA FUE ALMACENISTA, COORDINACION AREA DE LOGISTICA Y COMPRAS ADQUISICION Y SUPERVISION DE PERSONAL 20 PERSONAS PERIODO 2019 A FEBRERO DE 2020)
<strong>Periodo que prestÃ³ sus servicios.- </strong> 1 aÃ±o.
<strong>Puesto desempeÃ±ado.- </strong> Encargado de almacÃ©n .
<strong>Actividades que realizo.- </strong> 1 AÃO COMO ENCARGADO DE ALMACÃN CUMPLIENDO FUNCIONES COMO: RECEPTOR DE MERCANCÃA, ORGANIZACIÃN DE MATERIALES, CONTROL DE INVENTARIOS, MANEJO DE PERSONAL, TRABAJO BAJO PRESIÃN, COMPRAS, REQUISICIONES..
<strong>Motivo de separaciÃ³n.- </strong> Pandemia.
<strong>Â¿Porque medio se entero de la vacante?.- </strong> Indeed.
<strong>Â¿Como considera su estado de salud actual?.- </strong> Bueno.
<strong>Â¿Padece alguna enfermedad Cronica?.- </strong> No.
<strong>Explique sus enfermedas crÃ³nicas.- </strong> Explique sus enfermedas crÃ³nicas.
<strong>Â¿Puede viajar?.- </strong> pregunta-Si.
<strong>Â¿Esta dispuesto a cambiar de Residencia?.- </strong> Si.

BOICONET ATENCION A CLIENTES ADMINISTRADOR EN CONSTRUCTORA DE SISTEMASÂ  SAYBER SALIO DE LA EMPRESA POR CAMBIO DE DOMICILIO

LE FALTAN CARTAS LABORALES Y SU LICENCIA DE MANEJO VIGENTE, DIJO QUE ACTUALIZARIA SUS DATOS Y DESPUES SE COMUNICABA CON NOSOTROS PARA AGENDARLE UNA ENTREVISTA]]></content:encoded>
		<excerpt:encoded><![CDATA[]]></excerpt:encoded>
		<wp:post_id>297</wp:post_id>
		<wp:post_date><![CDATA[2020-08-26 16:18:48]]></wp:post_date>
		<wp:post_date_gmt><![CDATA[2020-08-26 16:18:48]]></wp:post_date_gmt>
		<wp:post_modified><![CDATA[2020-08-26 16:18:48]]></wp:post_modified>
		<wp:post_modified_gmt><![CDATA[2020-08-26 16:18:48]]></wp:post_modified_gmt>
		<wp:comment_status><![CDATA[closed]]></wp:comment_status>
		<wp:ping_status><![CDATA[closed]]></wp:ping_status>
		<wp:post_name><![CDATA[luis-emmanuel-hernandez-vargas]]></wp:post_name>
		<wp:status><![CDATA[publish]]></wp:status>
		<wp:post_parent>0</wp:post_parent>
		<wp:menu_order>0</wp:menu_order>
		<wp:post_type><![CDATA[post]]></wp:post_type>
		<wp:post_password><![CDATA[]]></wp:post_password>
		<wp:is_sticky>0</wp:is_sticky>
										<category domain="post_tag" nicename="responsable-de-almacen-y-logistica"><![CDATA[Responsable de almacÃ©n y logÃ­stica]]></category>
		<category domain="category" nicename="revisado"><![CDATA[Revisado]]></category>
						<wp:postmeta>
		<wp:meta_key><![CDATA[folio_global_meta]]></wp:meta_key>
		<wp:meta_value><![CDATA[38]]></wp:meta_value>
		</wp:postmeta>
							<wp:postmeta>
		<wp:meta_key><![CDATA[valpa_telefono_solicitante_meta]]></wp:meta_key>
		<wp:meta_value><![CDATA[5525466563]]></wp:meta_value>
		</wp:postmeta>
							<wp:postmeta>
		<wp:meta_key><![CDATA[valpa_celular_solicitante_meta]]></wp:meta_key>
		<wp:meta_value><![CDATA[5525466563]]></wp:meta_value>
		</wp:postmeta>
							<wp:postmeta>
		<wp:meta_key><![CDATA[valpa_mail_solicitante_meta]]></wp:meta_key>
		<wp:meta_value><![CDATA[emmanuelh217@gmail.com]]></wp:meta_value>
		</wp:postmeta>
							<wp:postmeta>
		<wp:meta_key><![CDATA[valpa_alias_solicitante_meta]]></wp:meta_key>
		<wp:meta_value><![CDATA[Luis Emmanuel ]]></wp:meta_value>
		</wp:postmeta>
							<wp:postmeta>
		<wp:meta_key><![CDATA[puesto_relacionado_meta]]></wp:meta_key>
		<wp:meta_value><![CDATA[Responsable de almacÃ©n y logÃ­stica]]></wp:meta_value>
		</wp:postmeta>
							<wp:postmeta>
		<wp:meta_key><![CDATA[sucursal_relacionada_meta]]></wp:meta_key>
		<wp:meta_value><![CDATA[Toluca Nezahualcoyotl]]></wp:meta_value>
		</wp:postmeta>
							<wp:postmeta>
		<wp:meta_key><![CDATA[solicitud_codigo_meta]]></wp:meta_key>
		<wp:meta_value><![CDATA[2db394a5e5]]></wp:meta_value>
		</wp:postmeta>
							<wp:postmeta>
		<wp:meta_key><![CDATA[_edit_last]]></wp:meta_key>
		<wp:meta_value><![CDATA[1]]></wp:meta_value>
		</wp:postmeta>
							<wp:postmeta>
		<wp:meta_key><![CDATA[_start_month]]></wp:meta_key>
		<wp:meta_value><![CDATA[08]]></wp:meta_value>
		</wp:postmeta>
							<wp:postmeta>
		<wp:meta_key><![CDATA[_start_day]]></wp:meta_key>
		<wp:meta_value><![CDATA[26]]></wp:meta_value>
		</wp:postmeta>
							<wp:postmeta>
		<wp:meta_key><![CDATA[_start_hour]]></wp:meta_key>
		<wp:meta_value><![CDATA[18]]></wp:meta_value>
		</wp:postmeta>
							<wp:postmeta>
		<wp:meta_key><![CDATA[_start_year]]></wp:meta_key>
		<wp:meta_value><![CDATA[2020]]></wp:meta_value>
		</wp:postmeta>
							<wp:postmeta>
		<wp:meta_key><![CDATA[_start_minute]]></wp:meta_key>
		<wp:meta_value><![CDATA[00]]></wp:meta_value>
		</wp:postmeta>
							<wp:postmeta>
		<wp:meta_key><![CDATA[_start_eventtimestamp]]></wp:meta_key>
		<wp:meta_value><![CDATA[202008261800]]></wp:meta_value>
		</wp:postmeta>
							</item>
					<item>
		<title><![CDATA[MarÃ­a Elena Estrella GutiÃ©rrez]]></title>
		<link>http://localhost/sass-wp/maria-elena-estrella-gutierrez/</link>
		<pubDate>Wed, 26 Aug 2020 17:06:22 +0000</pubDate>
		<dc:creator><![CDATA[webmaster]]></dc:creator>
		<guid isPermaLink="false">https://valparaiso.com.mx/maria-elena-estrella-gutierrez/</guid>
		<description></description>
		<content:encoded><![CDATA[<strong>Contacto Valparaiso
</strong>
<strong>puesto.- </strong> 137.
<strong>sucursal.- </strong> Toluca Nezahualcoyotl.
<strong>documento-1.- </strong> CURP.
<strong>documento-2.- </strong> RFC.
<strong>documento-3.- </strong> Numero de Seguridad Social.
<strong>documento-4.- </strong> Copia de Comprobante de Domicilio.
<strong>documento-5.- </strong> Copia Acta Nacimiento.
<strong>documento-6.- </strong> Copia de IFE.
<strong>documento-9.- </strong> Copia de Comprobante de Estudios.
<strong>Nombre.- </strong> MarÃ­a Elena.
<strong>ApellidoPaterno.- </strong> Estrella.
<strong>ApellidoMaterno.- </strong> GutiÃ©rrez .

EDAD 29
<strong>CURP.- </strong> EEGE910527MMCSTL07.
<strong>NSS.- </strong> 16119158505.
<strong>Direccion.- </strong> San Eduardo Mza 56 Lt02.
<strong>Ciudad.- </strong> MÃ©xico .
<strong>Colonia.- </strong> San Antonio la isla.
<strong>CP.- </strong> 52282.
<strong>E-mail.- </strong> m.estrella.g91@hotmail.com.
<strong>celular.- </strong> 7228413239.
<strong>telefono.- </strong> 0000000000.
<strong>Referencia1.- </strong> MarÃ­a del RocÃ­o .
<strong>Referencia1empresa.- </strong> Totalplay.
<strong>Referencia1telefono.- </strong> 722 656 8402.
<strong>Referencia2.- </strong> Mauricio Popoca.
<strong>Referencia2empresa.- </strong> Totalplay.
<strong>Referencia2telefono.- </strong> 722 891 0293.
<strong>Referencia3.- </strong> -----.
<strong>Referencia3empresa.- </strong> -------.
<strong>Referencia3telefono.- </strong> 0000000000.
<strong>Â¿Vives en Toluca?.- </strong> si.
<strong>Â¿Has trabajado en Funeraria?.- </strong> No.
<strong>Â¿Conoces el ramo funerario?.- </strong> no.
<strong>Â¿Sueldo mensual deseado?.- </strong> $12000.
<strong>Estado civil.- </strong> Soltero.
<strong>Escolaridad.- </strong> Licenciatura o Ingenieria.
<strong>Â¿Tiene experiencia en Manejo de personal?.- </strong> Si.
<strong>Â¿Tienes experiencia en la vacante?.- </strong> Si.
<strong>Nombre de la empresa del Ãºltimo empleo.- </strong> Totalplay.
<strong>Periodo que prestÃ³ sus servicios.- </strong> Seis meses . (DIC 2019- 3O JUN 2020)
<strong>Puesto desempeÃ±ado.- </strong> Analista de calidad .
<strong>Actividades que realizo.- </strong> Aplicar las 5`s en el Ã¡rea de trabajo (Seleccionar, Organizar, Limpieza, Estandarizar, Disciplina)
â¢ Verificar en Sistema (Salesforce) ordenes de servicios de los clientes.
â¢ Verificar datos del cliente vÃ­a telefÃ³nica y presencial.
â¢ Verificar instalaciÃ³n interior y exterior del domicilio de la fibra Ã³ptica y utp de punto a punto ( casa â cierre)
â¢ Tomar evidencia fotogrÃ¡fica (open cÃ¡mara)
â¢ Enviar desviaciones / reincidentes a supervisores por medio de correo electrÃ³nico.
â¢ Reportar a servicio a cliente sobre faltantes en instalaciÃ³n.
â¢ Realizar reporte de las inspecciones por dÃ­a
â¢ Llevar a cabo un acumulado por mes de las inspecciones.
â¢ Analizar reincidentes por semana a mano de obra..
<strong>Motivo de separaciÃ³n.- </strong> Despidieron porque no habÃ­a presupuesto para una analista de calidad y como tenÃ­a poco tiempo de trabajar me dieron las Gracias ..
<strong>Â¿Porque medio se entero de la vacante?.- </strong> Indeed.
<strong>Â¿Como considera su estado de salud actual?.- </strong> Bueno.
<strong>Â¿Padece alguna enfermedad Cronica?.- </strong> No.
<strong>Explique sus enfermedas crÃ³nicas.- </strong> Explique sus enfermedas crÃ³nicas.
<strong>Â¿Puede viajar?.- </strong> pregunta-Si.
<strong>Â¿Esta dispuesto a cambiar de Residencia?.- </strong> Si.

TRABAJO COMO SUPERVISOR DE INSDUSTRIAL EN EMPRESA CONTRATISTA EN POLIOLES 6 MESES EN SEGURIDAD CONTRATISTA EN COCA COLA HENKEL ENTRE 6 O 7 MESES HACE 2 aÃ±os egreso de la carrera de logistica ECO DURO 8 MESES NO LE QUIEREN DAR CARTAS DE RECOMENDACION CONSTANCIA LABORAL EN TOTAL PLAY SOLO DOS

DESCARTADO NO SABE MANEJAR Y NO CUENTA CON LICENCIA DE MANEJO]]></content:encoded>
		<excerpt:encoded><![CDATA[]]></excerpt:encoded>
		<wp:post_id>299</wp:post_id>
		<wp:post_date><![CDATA[2020-08-26 17:06:22]]></wp:post_date>
		<wp:post_date_gmt><![CDATA[2020-08-26 17:06:22]]></wp:post_date_gmt>
		<wp:post_modified><![CDATA[2020-08-26 17:06:22]]></wp:post_modified>
		<wp:post_modified_gmt><![CDATA[2020-08-26 17:06:22]]></wp:post_modified_gmt>
		<wp:comment_status><![CDATA[closed]]></wp:comment_status>
		<wp:ping_status><![CDATA[closed]]></wp:ping_status>
		<wp:post_name><![CDATA[maria-elena-estrella-gutierrez]]></wp:post_name>
		<wp:status><![CDATA[publish]]></wp:status>
		<wp:post_parent>0</wp:post_parent>
		<wp:menu_order>0</wp:menu_order>
		<wp:post_type><![CDATA[post]]></wp:post_type>
		<wp:post_password><![CDATA[]]></wp:post_password>
		<wp:is_sticky>0</wp:is_sticky>
										<category domain="category" nicename="descartado"><![CDATA[Descartado]]></category>
		<category domain="post_tag" nicename="responsable-de-almacen-y-logistica"><![CDATA[Responsable de almacÃ©n y logÃ­stica]]></category>
						<wp:postmeta>
		<wp:meta_key><![CDATA[folio_global_meta]]></wp:meta_key>
		<wp:meta_value><![CDATA[39]]></wp:meta_value>
		</wp:postmeta>
							<wp:postmeta>
		<wp:meta_key><![CDATA[valpa_telefono_solicitante_meta]]></wp:meta_key>
		<wp:meta_value><![CDATA[0000000000]]></wp:meta_value>
		</wp:postmeta>
							<wp:postmeta>
		<wp:meta_key><![CDATA[valpa_celular_solicitante_meta]]></wp:meta_key>
		<wp:meta_value><![CDATA[7228413239]]></wp:meta_value>
		</wp:postmeta>
							<wp:postmeta>
		<wp:meta_key><![CDATA[valpa_mail_solicitante_meta]]></wp:meta_key>
		<wp:meta_value><![CDATA[m.estrella.g91@hotmail.com]]></wp:meta_value>
		</wp:postmeta>
							<wp:postmeta>
		<wp:meta_key><![CDATA[valpa_alias_solicitante_meta]]></wp:meta_key>
		<wp:meta_value><![CDATA[MarÃ­a Elena]]></wp:meta_value>
		</wp:postmeta>
							<wp:postmeta>
		<wp:meta_key><![CDATA[puesto_relacionado_meta]]></wp:meta_key>
		<wp:meta_value><![CDATA[Responsable de almacÃ©n y logÃ­stica]]></wp:meta_value>
		</wp:postmeta>
							<wp:postmeta>
		<wp:meta_key><![CDATA[sucursal_relacionada_meta]]></wp:meta_key>
		<wp:meta_value><![CDATA[Toluca Nezahualcoyotl]]></wp:meta_value>
		</wp:postmeta>
							<wp:postmeta>
		<wp:meta_key><![CDATA[solicitud_codigo_meta]]></wp:meta_key>
		<wp:meta_value><![CDATA[2db394a5e5]]></wp:meta_value>
		</wp:postmeta>
							<wp:postmeta>
		<wp:meta_key><![CDATA[_edit_last]]></wp:meta_key>
		<wp:meta_value><![CDATA[1]]></wp:meta_value>
		</wp:postmeta>
							<wp:postmeta>
		<wp:meta_key><![CDATA[_start_month]]></wp:meta_key>
		<wp:meta_value><![CDATA[08]]></wp:meta_value>
		</wp:postmeta>
							<wp:postmeta>
		<wp:meta_key><![CDATA[_start_day]]></wp:meta_key>
		<wp:meta_value><![CDATA[26]]></wp:meta_value>
		</wp:postmeta>
							<wp:postmeta>
		<wp:meta_key><![CDATA[_start_hour]]></wp:meta_key>
		<wp:meta_value><![CDATA[18]]></wp:meta_value>
		</wp:postmeta>
							<wp:postmeta>
		<wp:meta_key><![CDATA[_start_year]]></wp:meta_key>
		<wp:meta_value><![CDATA[2020]]></wp:meta_value>
		</wp:postmeta>
							<wp:postmeta>
		<wp:meta_key><![CDATA[_start_minute]]></wp:meta_key>
		<wp:meta_value><![CDATA[00]]></wp:meta_value>
		</wp:postmeta>
							<wp:postmeta>
		<wp:meta_key><![CDATA[_start_eventtimestamp]]></wp:meta_key>
		<wp:meta_value><![CDATA[202008261800]]></wp:meta_value>
		</wp:postmeta>
							</item>
					<item>
		<title><![CDATA[prueba de   datos]]></title>
		<link>http://localhost/sass-wp/prueba-de-datos/</link>
		<pubDate>Wed, 26 Aug 2020 20:14:05 +0000</pubDate>
		<dc:creator><![CDATA[webmaster]]></dc:creator>
		<guid isPermaLink="false">https://valparaiso.com.mx/prueba-de-datos/</guid>
		<description></description>
		<content:encoded><![CDATA[<strong>Contacto Valparaiso<br></strong> <br><strong>puesto.- </strong> 56. <br><strong>sucursal.- </strong> Toluca Nezahualcoyotl. <br><strong>documento-1.- </strong> CURP. <br><strong>documento-5.- </strong> Copia Acta Nacimiento. <br><strong>Nombre.- </strong> prueba. <br><strong>ApellidoPaterno.- </strong> de  . <br><strong>ApellidoMaterno.- </strong> datos. <br><strong>CURP.- </strong> GASL830616MMCRRR04. <br><strong>NSS.- </strong> 161502544. <br><strong>Direccion.- </strong> PASEO MATLAZINCAS 505. <br><strong>Ciudad.- </strong> TOLUCA. <br><strong>Colonia.- </strong> sta barbara. <br><strong>CP.- </strong> 500050. <br><strong>E-mail.- </strong> Lauraalicia.garcia@hotmail.com. <br><strong>celular.- </strong> 55. <br><strong>telefono.- </strong> 7228872875. <br><strong>Referencia1.- </strong> CRISTINA RODRIGUEZ. <br><strong>Referencia1empresa.- </strong> DESPACHO/DISFRAZ ARTE. <br><strong>Referencia1telefono.- </strong> 7282841405. <br><strong>Referencia2.- </strong> guillermo diaz. <br><strong>Referencia2empresa.- </strong> GRUPO SAMANO SA DE CV. <br><strong>Referencia2telefono.- </strong> 78555555555. <br><strong>Referencia3.- </strong> TRAMISA LOGISTICS SA DE CV . <br><strong>Referencia3empresa.- </strong> tramisa logistics. <br><strong>Referencia3telefono.- </strong> 111111111111. <br><strong>Â¿Vives en Toluca?.- </strong> si. <br><strong>Â¿Has trabajado en Funeraria?.- </strong> No. <br><strong>Â¿Sueldo mensual deseado?.- </strong> Sin informaciÃ³n. <br><strong>Nombre de la empresa del Ãºltimo empleo.- </strong> Sin informaciÃ³n. <br><strong>Periodo que prestÃ³ sus servicios.- </strong> Sin informaciÃ³n. <br><strong>Puesto desempeÃ±ado.- </strong> Sin informaciÃ³n. <br><strong>Actividades que realizo.- </strong> Actividades que realizo. <br><strong>Motivo de separaciÃ³n.- </strong> Motivo de separaciÃ³n. <br><strong>Explique sus enfermedas crÃ³nicas.- </strong> Explique sus enfermedas crÃ³nicas. <br>]]></content:encoded>
		<excerpt:encoded><![CDATA[]]></excerpt:encoded>
		<wp:post_id>309</wp:post_id>
		<wp:post_date><![CDATA[2020-08-26 20:14:05]]></wp:post_date>
		<wp:post_date_gmt><![CDATA[2020-08-26 20:14:05]]></wp:post_date_gmt>
		<wp:post_modified><![CDATA[2020-08-26 20:14:05]]></wp:post_modified>
		<wp:post_modified_gmt><![CDATA[2020-08-26 20:14:05]]></wp:post_modified_gmt>
		<wp:comment_status><![CDATA[open]]></wp:comment_status>
		<wp:ping_status><![CDATA[open]]></wp:ping_status>
		<wp:post_name><![CDATA[prueba-de-datos]]></wp:post_name>
		<wp:status><![CDATA[publish]]></wp:status>
		<wp:post_parent>0</wp:post_parent>
		<wp:menu_order>0</wp:menu_order>
		<wp:post_type><![CDATA[post]]></wp:post_type>
		<wp:post_password><![CDATA[]]></wp:post_password>
		<wp:is_sticky>0</wp:is_sticky>
										<category domain="category" nicename="en_revision"><![CDATA[En revisiÃ³n]]></category>
		<category domain="post_tag" nicename="promotores-de-venta"><![CDATA[Promotores de Venta]]></category>
						<wp:postmeta>
		<wp:meta_key><![CDATA[folio_global_meta]]></wp:meta_key>
		<wp:meta_value><![CDATA[40]]></wp:meta_value>
		</wp:postmeta>
							<wp:postmeta>
		<wp:meta_key><![CDATA[valpa_telefono_solicitante_meta]]></wp:meta_key>
		<wp:meta_value><![CDATA[7228872875]]></wp:meta_value>
		</wp:postmeta>
							<wp:postmeta>
		<wp:meta_key><![CDATA[valpa_celular_solicitante_meta]]></wp:meta_key>
		<wp:meta_value><![CDATA[55]]></wp:meta_value>
		</wp:postmeta>
							<wp:postmeta>
		<wp:meta_key><![CDATA[valpa_mail_solicitante_meta]]></wp:meta_key>
		<wp:meta_value><![CDATA[Lauraalicia.garcia@hotmail.com]]></wp:meta_value>
		</wp:postmeta>
							<wp:postmeta>
		<wp:meta_key><![CDATA[valpa_alias_solicitante_meta]]></wp:meta_key>
		<wp:meta_value><![CDATA[prueba]]></wp:meta_value>
		</wp:postmeta>
							<wp:postmeta>
		<wp:meta_key><![CDATA[puesto_relacionado_meta]]></wp:meta_key>
		<wp:meta_value><![CDATA[Promotores de Venta]]></wp:meta_value>
		</wp:postmeta>
							<wp:postmeta>
		<wp:meta_key><![CDATA[sucursal_relacionada_meta]]></wp:meta_key>
		<wp:meta_value><![CDATA[Toluca Nezahualcoyotl]]></wp:meta_value>
		</wp:postmeta>
							<wp:postmeta>
		<wp:meta_key><![CDATA[solicitud_codigo_meta]]></wp:meta_key>
		<wp:meta_value><![CDATA[2db394a5e5]]></wp:meta_value>
		</wp:postmeta>
							</item>
					<item>
		<title><![CDATA[Diego Armando  Arellano  Silva]]></title>
		<link>http://localhost/sass-wp/diego-armando-arellano-silva/</link>
		<pubDate>Wed, 26 Aug 2020 20:28:01 +0000</pubDate>
		<dc:creator><![CDATA[webmaster]]></dc:creator>
		<guid isPermaLink="false">https://valparaiso.com.mx/diego-armando-arellano-silva/</guid>
		<description></description>
		<content:encoded><![CDATA[<strong>Contacto Valparaiso
</strong>
<strong>puesto.- </strong> 158.
<strong>sucursal.- </strong> Toluca Nezahualcoyotl.
<strong>documento-1.- </strong> CURP.
<strong>documento-2.- </strong> RFC.
<strong>documento-3.- </strong> Numero de Seguridad Social.
<strong>documento-4.- </strong> Copia de Comprobante de Domicilio.
<strong>documento-5.- </strong> Copia Acta Nacimiento.
<strong>documento-6.- </strong> Copia de IFE.
<strong>documento-7.- </strong> Cartas Laborales.
<strong>documento-8.- </strong> Licencia Vigente.
<strong>documento-9.- </strong> Copia de Comprobante de Estudios.
<strong>Nombre.- </strong> Diego Armando .

EDAD 28
<strong>ApellidoPaterno.- </strong> Arellano .
<strong>ApellidoMaterno.- </strong> Silva.
<strong>CURP.- </strong> AESD911130HMCRLG.
<strong>NSS.- </strong> 1610911524-2.
<strong>Direccion.- </strong> GÃ³mez Pedraza #306 .
<strong>Ciudad.- </strong> Toluca.
<strong>Colonia.- </strong> Barrio de Santa Clara .
<strong>CP.- </strong> 52171.
<strong>E-mail.- </strong> aresil.diego@outlook.com.
<strong>celular.- </strong> 7291394680.
<strong>telefono.- </strong> 7291394680.
<strong>Referencia1.- </strong> Sandra SolÃ­s .
<strong>Referencia1empresa.- </strong> Italiannis .
<strong>Referencia1telefono.- </strong> 7291082394.
<strong>Referencia2.- </strong> Carlos Arizmendi .
<strong>Referencia2empresa.- </strong> Uaemex . (FACULTAD DE CONTADURIA ENCARGADO GENERAL DE 3 AREAS 3 AÃOS 2015 A 2018)
<strong>Referencia2telefono.- </strong> 0000000.
<strong>Referencia3.- </strong> Brenda Quiroz .
<strong>Referencia3empresa.- </strong> Uaemex .
<strong>Referencia3telefono.- </strong> 00000.
<strong>Â¿Vives en Toluca?.- </strong> si.
<strong>Â¿Has trabajado en Funeraria?.- </strong> No.
<strong>Â¿Conoces el ramo funerario?.- </strong> no.
<strong>Â¿Sueldo mensual deseado?.- </strong> 10000.
<strong>Estado civil.- </strong> Soltero.
<strong>Escolaridad.- </strong> Licenciatura o Ingenieria.
<strong>Â¿Tiene experiencia en Manejo de personal?.- </strong> Si.
<strong>Â¿Le gustan las ventas ?.- </strong> Si.
<strong>Â¿Tienes experiencia en la vacante?.- </strong> Si.
<strong>Nombre de la empresa del Ãºltimo empleo.- </strong> Italiannis .
<strong>Periodo que prestÃ³ sus servicios.- </strong> Enero 2019 diciembre 2019 .
<strong>Puesto desempeÃ±ado.- </strong> Gerente de cocina .
<strong>Actividades que realizo.- </strong> Control de personal
Contacto y resoluciÃ³n de conflictos con clientes
Manejo de inventarios
Altas y bajas de personal
Control de actividades
Horarios y descansos
OperaciÃ³n del restaurante
Procesos administrativos
Objetivos bajo metas
Indicaciones y capacitaciones .
<strong>Motivo de separaciÃ³n.- </strong> Cambio de tienda la cual no me convenÃ­a por distancia .
<strong>Â¿Porque medio se entero de la vacante?.- </strong> Indeed.
<strong>Â¿Como considera su estado de salud actual?.- </strong> Bueno.
<strong>Â¿Padece alguna enfermedad Cronica?.- </strong> No.
<strong>Explique sus enfermedas crÃ³nicas.- </strong> Explique sus enfermedas crÃ³nicas.
<strong>Â¿Puede viajar?.- </strong> pregunta-Si.
<strong>Â¿Esta dispuesto a cambiar de Residencia?.- </strong> Si.

ENCARGADO DE CAFETERIA DE UAEMEX ESTUVO 1 AÃOS DE 14 AL 15

EXPERIENCIA EN RESTAURANTES DE COMIDA CHINA TIENE UN NEGOCIO PROPIO VENDE COMEDOR A LAS PERSONAS DE GOBIERNO LA CAMARA DE DIPUTADOS]]></content:encoded>
		<excerpt:encoded><![CDATA[]]></excerpt:encoded>
		<wp:post_id>310</wp:post_id>
		<wp:post_date><![CDATA[2020-08-26 20:28:01]]></wp:post_date>
		<wp:post_date_gmt><![CDATA[2020-08-26 20:28:01]]></wp:post_date_gmt>
		<wp:post_modified><![CDATA[2020-08-26 20:28:01]]></wp:post_modified>
		<wp:post_modified_gmt><![CDATA[2020-08-26 20:28:01]]></wp:post_modified_gmt>
		<wp:comment_status><![CDATA[closed]]></wp:comment_status>
		<wp:ping_status><![CDATA[closed]]></wp:ping_status>
		<wp:post_name><![CDATA[diego-armando-arellano-silva]]></wp:post_name>
		<wp:status><![CDATA[publish]]></wp:status>
		<wp:post_parent>0</wp:post_parent>
		<wp:menu_order>0</wp:menu_order>
		<wp:post_type><![CDATA[post]]></wp:post_type>
		<wp:post_password><![CDATA[]]></wp:post_password>
		<wp:is_sticky>0</wp:is_sticky>
										<category domain="category" nicename="descartado-por-psicometricos"><![CDATA[Descartado por Psicometricos]]></category>
		<category domain="post_tag" nicename="sub-encargado-de-sucursal"><![CDATA[Sub encargado de sucursal]]></category>
						<wp:postmeta>
		<wp:meta_key><![CDATA[folio_global_meta]]></wp:meta_key>
		<wp:meta_value><![CDATA[41]]></wp:meta_value>
		</wp:postmeta>
							<wp:postmeta>
		<wp:meta_key><![CDATA[valpa_telefono_solicitante_meta]]></wp:meta_key>
		<wp:meta_value><![CDATA[7291394680]]></wp:meta_value>
		</wp:postmeta>
							<wp:postmeta>
		<wp:meta_key><![CDATA[valpa_celular_solicitante_meta]]></wp:meta_key>
		<wp:meta_value><![CDATA[7291394680]]></wp:meta_value>
		</wp:postmeta>
							<wp:postmeta>
		<wp:meta_key><![CDATA[valpa_mail_solicitante_meta]]></wp:meta_key>
		<wp:meta_value><![CDATA[aresil.diego@outlook.com]]></wp:meta_value>
		</wp:postmeta>
							<wp:postmeta>
		<wp:meta_key><![CDATA[valpa_alias_solicitante_meta]]></wp:meta_key>
		<wp:meta_value><![CDATA[Diego Armando ]]></wp:meta_value>
		</wp:postmeta>
							<wp:postmeta>
		<wp:meta_key><![CDATA[puesto_relacionado_meta]]></wp:meta_key>
		<wp:meta_value><![CDATA[Sub encargado de sucursal]]></wp:meta_value>
		</wp:postmeta>
							<wp:postmeta>
		<wp:meta_key><![CDATA[sucursal_relacionada_meta]]></wp:meta_key>
		<wp:meta_value><![CDATA[Toluca Nezahualcoyotl]]></wp:meta_value>
		</wp:postmeta>
							<wp:postmeta>
		<wp:meta_key><![CDATA[solicitud_codigo_meta]]></wp:meta_key>
		<wp:meta_value><![CDATA[2db394a5e5]]></wp:meta_value>
		</wp:postmeta>
							<wp:postmeta>
		<wp:meta_key><![CDATA[_edit_last]]></wp:meta_key>
		<wp:meta_value><![CDATA[1]]></wp:meta_value>
		</wp:postmeta>
							<wp:postmeta>
		<wp:meta_key><![CDATA[_start_month]]></wp:meta_key>
		<wp:meta_value><![CDATA[08]]></wp:meta_value>
		</wp:postmeta>
							<wp:postmeta>
		<wp:meta_key><![CDATA[_start_day]]></wp:meta_key>
		<wp:meta_value><![CDATA[31]]></wp:meta_value>
		</wp:postmeta>
							<wp:postmeta>
		<wp:meta_key><![CDATA[_start_hour]]></wp:meta_key>
		<wp:meta_value><![CDATA[10]]></wp:meta_value>
		</wp:postmeta>
							<wp:postmeta>
		<wp:meta_key><![CDATA[_start_year]]></wp:meta_key>
		<wp:meta_value><![CDATA[2020]]></wp:meta_value>
		</wp:postmeta>
							<wp:postmeta>
		<wp:meta_key><![CDATA[_start_minute]]></wp:meta_key>
		<wp:meta_value><![CDATA[30]]></wp:meta_value>
		</wp:postmeta>
							<wp:postmeta>
		<wp:meta_key><![CDATA[_start_eventtimestamp]]></wp:meta_key>
		<wp:meta_value><![CDATA[202008311030]]></wp:meta_value>
		</wp:postmeta>
							</item>
					<item>
		<title><![CDATA[Hugo Enrique  Vargas  Montes de OCA]]></title>
		<link>http://localhost/sass-wp/hugo-enrique-vargas-montes-de-oca/</link>
		<pubDate>Wed, 26 Aug 2020 20:56:56 +0000</pubDate>
		<dc:creator><![CDATA[webmaster]]></dc:creator>
		<guid isPermaLink="false">https://valparaiso.com.mx/hugo-enrique-vargas-montes-de-oca/</guid>
		<description></description>
		<content:encoded><![CDATA[<strong>Contacto Valparaiso
</strong>
<strong>puesto.- </strong> 179.
<strong>sucursal.- </strong> Toluca Nezahualcoyotl.
<strong>documento-1.- </strong> CURP.
<strong>documento-2.- </strong> RFC.
<strong>documento-3.- </strong> Numero de Seguridad Social.
<strong>documento-4.- </strong> Copia de Comprobante de Domicilio.
<strong>documento-5.- </strong> Copia Acta Nacimiento.
<strong>documento-6.- </strong> Copia de IFE.
<strong>documento-7.- </strong> Cartas Laborales.
<strong>documento-9.- </strong> Copia de Comprobante de Estudios.
<strong>Nombre.- </strong> Hugo Enrique .
<strong>ApellidoPaterno.- </strong> Vargas .
<strong>ApellidoMaterno.- </strong> Montes de OCA .

EDAD 40 AÃOS
<strong>CURP.- </strong> VAMH800703HMCRNGO9.
<strong>NSS.- </strong> 16058011285.
<strong>Direccion.- </strong> Costituyentes #15.
<strong>Ciudad.- </strong> TOLUCA .
<strong>Colonia.- </strong> Cacalomacan .
<strong>CP.- </strong> 50265.
<strong>E-mail.- </strong> hugovmdo@gmail.com.
<strong>celular.- </strong> 5526637427.
<strong>telefono.- </strong> 5526637427.
<strong>Referencia1.- </strong> Financiera ayudamos .
<strong>Referencia1empresa.- </strong> Financiera ayudamos .
<strong>Referencia1telefono.- </strong> 7291523610.
<strong>Referencia2.- </strong> Banco azteca .
<strong>Referencia2empresa.- </strong> Banco azteca . (JEFE DE CREDITO Y COBRANZA DEL 2016 AL 2017)
<strong>Referencia2telefono.- </strong> 7227964823.
<strong>Referencia3.- </strong> .....
<strong>Referencia3empresa.- </strong> .....
<strong>Referencia3telefono.- </strong> ....
<strong>Â¿Vives en Toluca?.- </strong> si.
<strong>Â¿Has trabajado en Funeraria?.- </strong> No.
<strong>Â¿Conoces el ramo funerario?.- </strong> si.
<strong>Â¿Sueldo mensual deseado?.- </strong> 10.000.
<strong>Estado civil.- </strong> Casado .
<strong>Escolaridad.- </strong> Secundaria.
<strong>Â¿Tienes experiencia en la vacante?.- </strong> Si.
<strong>Nombre de la empresa del Ãºltimo empleo.- </strong> Financiera ayudamos . (ULTIMO EMPLEO EN COBRANZA)
<strong>Periodo que prestÃ³ sus servicios.- </strong> 2017 a 2019.
<strong>Puesto desempeÃ±ado.- </strong> Ejecutivo de cobranza .
<strong>Actividades que realizo.- </strong> Actividades que realizo recuperador de cuentas en atraso . (EJECUTIVO DE COBRANZA)
<strong>Motivo de separaciÃ³n.- </strong> Motivo de sepase cerrÃ³ la financiera raciÃ³n.
<strong>Â¿Porque medio se entero de la vacante?.- </strong> Facebook.
<strong>Â¿Como considera su estado de salud actual?.- </strong> Bueno.
<strong>Â¿Padece alguna enfermedad Cronica?.- </strong> No.
<strong>Explique sus enfermedas crÃ³nicas.- </strong> Explique sus enfermedas ningun
rÃ³nicas.
<strong>Â¿Puede viajar?.- </strong> pregunta-Si.
<strong>Â¿Esta dispuesto a cambiar de Residencia?.- </strong> Si.

TRABAJO EN EMPRESA DE PASTAS LA MODERNA PRIMER EMPLEO BANCO AZTECA DESPUÃS EN FINANCIERA AYUDAMOS PROBLEMAS CERRARON TODAS LAS SUCURSALES , TRABAJADO EN EMPRESA QUE TRABAJA A OXXO RAPARTIDOR DE TARJETAS DE REGALO.

SU LICENCIA DE MOTOCICLISTA ESTA VENCIDA

COMO SE SINTIO: NO LE COSTÃ TRABAJO,&nbsp; FUE RAPIDO NINGUNA SUGERENCIA]]></content:encoded>
		<excerpt:encoded><![CDATA[]]></excerpt:encoded>
		<wp:post_id>313</wp:post_id>
		<wp:post_date><![CDATA[2020-08-26 20:56:56]]></wp:post_date>
		<wp:post_date_gmt><![CDATA[2020-08-26 20:56:56]]></wp:post_date_gmt>
		<wp:post_modified><![CDATA[2020-08-26 20:56:56]]></wp:post_modified>
		<wp:post_modified_gmt><![CDATA[2020-08-26 20:56:56]]></wp:post_modified_gmt>
		<wp:comment_status><![CDATA[open]]></wp:comment_status>
		<wp:ping_status><![CDATA[open]]></wp:ping_status>
		<wp:post_name><![CDATA[hugo-enrique-vargas-montes-de-oca]]></wp:post_name>
		<wp:status><![CDATA[publish]]></wp:status>
		<wp:post_parent>0</wp:post_parent>
		<wp:menu_order>0</wp:menu_order>
		<wp:post_type><![CDATA[post]]></wp:post_type>
		<wp:post_password><![CDATA[]]></wp:post_password>
		<wp:is_sticky>0</wp:is_sticky>
										<category domain="category" nicename="citado"><![CDATA[Citado]]></category>
		<category domain="post_tag" nicename="recuperador-en-moto"><![CDATA[Recuperador en Moto]]></category>
						<wp:postmeta>
		<wp:meta_key><![CDATA[folio_global_meta]]></wp:meta_key>
		<wp:meta_value><![CDATA[42]]></wp:meta_value>
		</wp:postmeta>
							<wp:postmeta>
		<wp:meta_key><![CDATA[valpa_telefono_solicitante_meta]]></wp:meta_key>
		<wp:meta_value><![CDATA[5526637427]]></wp:meta_value>
		</wp:postmeta>
							<wp:postmeta>
		<wp:meta_key><![CDATA[valpa_celular_solicitante_meta]]></wp:meta_key>
		<wp:meta_value><![CDATA[5526637427]]></wp:meta_value>
		</wp:postmeta>
							<wp:postmeta>
		<wp:meta_key><![CDATA[valpa_mail_solicitante_meta]]></wp:meta_key>
		<wp:meta_value><![CDATA[hugovmdo@gmail.com]]></wp:meta_value>
		</wp:postmeta>
							<wp:postmeta>
		<wp:meta_key><![CDATA[valpa_alias_solicitante_meta]]></wp:meta_key>
		<wp:meta_value><![CDATA[Hugo Enrique ]]></wp:meta_value>
		</wp:postmeta>
							<wp:postmeta>
		<wp:meta_key><![CDATA[puesto_relacionado_meta]]></wp:meta_key>
		<wp:meta_value><![CDATA[Recuperador en Moto]]></wp:meta_value>
		</wp:postmeta>
							<wp:postmeta>
		<wp:meta_key><![CDATA[sucursal_relacionada_meta]]></wp:meta_key>
		<wp:meta_value><![CDATA[Toluca Nezahualcoyotl]]></wp:meta_value>
		</wp:postmeta>
							<wp:postmeta>
		<wp:meta_key><![CDATA[solicitud_codigo_meta]]></wp:meta_key>
		<wp:meta_value><![CDATA[2db394a5e5]]></wp:meta_value>
		</wp:postmeta>
							<wp:postmeta>
		<wp:meta_key><![CDATA[_edit_last]]></wp:meta_key>
		<wp:meta_value><![CDATA[1]]></wp:meta_value>
		</wp:postmeta>
							<wp:postmeta>
		<wp:meta_key><![CDATA[_start_month]]></wp:meta_key>
		<wp:meta_value><![CDATA[08]]></wp:meta_value>
		</wp:postmeta>
							<wp:postmeta>
		<wp:meta_key><![CDATA[_start_day]]></wp:meta_key>
		<wp:meta_value><![CDATA[27]]></wp:meta_value>
		</wp:postmeta>
							<wp:postmeta>
		<wp:meta_key><![CDATA[_start_hour]]></wp:meta_key>
		<wp:meta_value><![CDATA[11]]></wp:meta_value>
		</wp:postmeta>
							<wp:postmeta>
		<wp:meta_key><![CDATA[_start_year]]></wp:meta_key>
		<wp:meta_value><![CDATA[2020]]></wp:meta_value>
		</wp:postmeta>
							<wp:postmeta>
		<wp:meta_key><![CDATA[_start_minute]]></wp:meta_key>
		<wp:meta_value><![CDATA[30]]></wp:meta_value>
		</wp:postmeta>
							<wp:postmeta>
		<wp:meta_key><![CDATA[_start_eventtimestamp]]></wp:meta_key>
		<wp:meta_value><![CDATA[202008271130]]></wp:meta_value>
		</wp:postmeta>
							</item>
					<item>
		<title><![CDATA[Miguel Ãngel Morales Cirilo]]></title>
		<link>http://localhost/sass-wp/miguel-angel-morales-cirilo/</link>
		<pubDate>Thu, 27 Aug 2020 00:16:42 +0000</pubDate>
		<dc:creator><![CDATA[webmaster]]></dc:creator>
		<guid isPermaLink="false">https://valparaiso.com.mx/miguel-angel-morales-cirilo/</guid>
		<description></description>
		<content:encoded><![CDATA[<strong>Contacto Valparaiso
</strong>
<strong>puesto.- </strong> 137.
<strong>sucursal.- </strong> Toluca Nezahualcoyotl.
<strong>documento-1.- </strong> CURP.
<strong>documento-2.- </strong> RFC.
<strong>documento-3.- </strong> Numero de Seguridad Social.
<strong>documento-4.- </strong> Copia de Comprobante de Domicilio.
<strong>documento-5.- </strong> Copia Acta Nacimiento.
<strong>documento-6.- </strong> Copia de IFE.
<strong>documento-7.- </strong> Cartas Laborales.
<strong>documento-9.- </strong> Copia de Comprobante de Estudios.
<strong>Nombre.- </strong> Miguel Ãngel.
<strong>ApellidoPaterno.- </strong> Morales.
<strong>ApellidoMaterno.- </strong> Cirilo.

EDAD 25 AÃOS
<strong>CURP.- </strong> MOCM950822HMCRRG08.
<strong>NSS.- </strong> 44159535853.
<strong>Direccion.- </strong> Av independencia.
<strong>Ciudad.- </strong> Toluca.
<strong>Colonia.- </strong> San Pedro Totoltepec.
<strong>CP.- </strong> 50236.
<strong>E-mail.- </strong> misic_1995@hotmail.com.
<strong>celular.- </strong> 7293602744.
<strong>telefono.- </strong> 7222869555.
<strong>Referencia1.- </strong> Juan Longino Benito.
<strong>Referencia1empresa.- </strong> DOLMEN. (LABORO PERIODO SERVICIO SOCIAL)
<strong>Referencia1telefono.- </strong> 7221087438.
<strong>Referencia2.- </strong> Hugo Salvera Salvera.
<strong>Referencia2empresa.- </strong> Pinturas Acuario.
<strong>Referencia2telefono.- </strong> 7221087438.
<strong>Referencia3.- </strong> Jorge HernÃ¡ndez Lascano.
<strong>Referencia3empresa.- </strong> SOMAI. (SUPERVISOR DE OPERACIONES, PERIODO DEL 2019 A 15 DE ABRIL 2019)
<strong>Referencia3telefono.- </strong> 7222430177.
<strong>Â¿Vives en Toluca?.- </strong> si.
<strong>Â¿Has trabajado en Funeraria?.- </strong> No.
<strong>Â¿Conoces el ramo funerario?.- </strong> no.
<strong>Â¿Sueldo mensual deseado?.- </strong> 12000.
<strong>Estado civil.- </strong> UniÃ³n libre.
<strong>Escolaridad.- </strong> Licenciatura o Ingenieria.
<strong>Â¿Tiene experiencia en Manejo de personal?.- </strong> Si.
<strong>Â¿Tienes experiencia en la vacante?.- </strong> Si.
<strong>Nombre de la empresa del Ãºltimo empleo.- </strong> Pinturas Acuario S.A DE C.V.
<strong>Periodo que prestÃ³ sus servicios.- </strong> 1.5 aÃ±os. PERIDO ABRIL 2019 A AGOSTO DEL 2020
<strong>Puesto desempeÃ±ado.- </strong> Supervisor de almacÃ©n.
<strong>Actividades que realizo.- </strong> Supervisar y coordinar el proceso de surtido y embarque de productos terminados, ofreciendo el mejor servicio al cliente.
Seguimiento y cumplimento de objetivos de producciÃ³n y eficiencia.
Dar seguimiento a entradas y salidas de los materiales de almacÃ©n..
<strong>Motivo de separaciÃ³n.- </strong> RecortÃ© se personal..
<strong>Â¿Porque medio se entero de la vacante?.- </strong> Indeed.
<strong>Â¿Como considera su estado de salud actual?.- </strong> Bueno.
<strong>Â¿Padece alguna enfermedad Cronica?.- </strong> No.
<strong>Explique sus enfermedas crÃ³nicas.- </strong> Explique sus enfermedas crÃ³nicas.
<strong>Â¿Puede viajar?.- </strong> pregunta-Si.
<strong>Â¿Esta dispuesto a cambiar de Residencia?.- </strong> Si.

DESCARTADO POR EDAD Y BUSCABA UN SUELDO MAS ALTO]]></content:encoded>
		<excerpt:encoded><![CDATA[]]></excerpt:encoded>
		<wp:post_id>319</wp:post_id>
		<wp:post_date><![CDATA[2020-08-27 00:16:42]]></wp:post_date>
		<wp:post_date_gmt><![CDATA[2020-08-27 00:16:42]]></wp:post_date_gmt>
		<wp:post_modified><![CDATA[2020-08-27 00:16:42]]></wp:post_modified>
		<wp:post_modified_gmt><![CDATA[2020-08-27 00:16:42]]></wp:post_modified_gmt>
		<wp:comment_status><![CDATA[open]]></wp:comment_status>
		<wp:ping_status><![CDATA[open]]></wp:ping_status>
		<wp:post_name><![CDATA[miguel-angel-morales-cirilo]]></wp:post_name>
		<wp:status><![CDATA[publish]]></wp:status>
		<wp:post_parent>0</wp:post_parent>
		<wp:menu_order>0</wp:menu_order>
		<wp:post_type><![CDATA[post]]></wp:post_type>
		<wp:post_password><![CDATA[]]></wp:post_password>
		<wp:is_sticky>0</wp:is_sticky>
										<category domain="category" nicename="descartado"><![CDATA[Descartado]]></category>
		<category domain="post_tag" nicename="responsable-de-almacen-y-logistica"><![CDATA[Responsable de almacÃ©n y logÃ­stica]]></category>
						<wp:postmeta>
		<wp:meta_key><![CDATA[folio_global_meta]]></wp:meta_key>
		<wp:meta_value><![CDATA[43]]></wp:meta_value>
		</wp:postmeta>
							<wp:postmeta>
		<wp:meta_key><![CDATA[valpa_telefono_solicitante_meta]]></wp:meta_key>
		<wp:meta_value><![CDATA[7222869555]]></wp:meta_value>
		</wp:postmeta>
							<wp:postmeta>
		<wp:meta_key><![CDATA[valpa_celular_solicitante_meta]]></wp:meta_key>
		<wp:meta_value><![CDATA[7293602744]]></wp:meta_value>
		</wp:postmeta>
							<wp:postmeta>
		<wp:meta_key><![CDATA[valpa_mail_solicitante_meta]]></wp:meta_key>
		<wp:meta_value><![CDATA[misic_1995@hotmail.com]]></wp:meta_value>
		</wp:postmeta>
							<wp:postmeta>
		<wp:meta_key><![CDATA[valpa_alias_solicitante_meta]]></wp:meta_key>
		<wp:meta_value><![CDATA[Miguel Ãngel]]></wp:meta_value>
		</wp:postmeta>
							<wp:postmeta>
		<wp:meta_key><![CDATA[puesto_relacionado_meta]]></wp:meta_key>
		<wp:meta_value><![CDATA[Responsable de almacÃ©n y logÃ­stica]]></wp:meta_value>
		</wp:postmeta>
							<wp:postmeta>
		<wp:meta_key><![CDATA[sucursal_relacionada_meta]]></wp:meta_key>
		<wp:meta_value><![CDATA[Toluca Nezahualcoyotl]]></wp:meta_value>
		</wp:postmeta>
							<wp:postmeta>
		<wp:meta_key><![CDATA[solicitud_codigo_meta]]></wp:meta_key>
		<wp:meta_value><![CDATA[effd4f8364]]></wp:meta_value>
		</wp:postmeta>
							<wp:postmeta>
		<wp:meta_key><![CDATA[_edit_last]]></wp:meta_key>
		<wp:meta_value><![CDATA[1]]></wp:meta_value>
		</wp:postmeta>
							<wp:postmeta>
		<wp:meta_key><![CDATA[_start_month]]></wp:meta_key>
		<wp:meta_value><![CDATA[08]]></wp:meta_value>
		</wp:postmeta>
							<wp:postmeta>
		<wp:meta_key><![CDATA[_start_day]]></wp:meta_key>
		<wp:meta_value><![CDATA[27]]></wp:meta_value>
		</wp:postmeta>
							<wp:postmeta>
		<wp:meta_key><![CDATA[_start_hour]]></wp:meta_key>
		<wp:meta_value><![CDATA[14]]></wp:meta_value>
		</wp:postmeta>
							<wp:postmeta>
		<wp:meta_key><![CDATA[_start_year]]></wp:meta_key>
		<wp:meta_value><![CDATA[2020]]></wp:meta_value>
		</wp:postmeta>
							<wp:postmeta>
		<wp:meta_key><![CDATA[_start_minute]]></wp:meta_key>
		<wp:meta_value><![CDATA[00]]></wp:meta_value>
		</wp:postmeta>
							<wp:postmeta>
		<wp:meta_key><![CDATA[_start_eventtimestamp]]></wp:meta_key>
		<wp:meta_value><![CDATA[202008271400]]></wp:meta_value>
		</wp:postmeta>
							</item>
					<item>
		<title><![CDATA[Emmanuel  Ventolero Rivera]]></title>
		<link>http://localhost/sass-wp/emmanuel-ventolero-rivera/</link>
		<pubDate>Thu, 27 Aug 2020 00:20:45 +0000</pubDate>
		<dc:creator><![CDATA[webmaster]]></dc:creator>
		<guid isPermaLink="false">https://valparaiso.com.mx/emmanuel-ventolero-rivera/</guid>
		<description></description>
		<content:encoded><![CDATA[<p><strong>Contacto Valparaiso<br></strong> <br><strong>puesto.- </strong> 137. <br><strong>sucursal.- </strong> Toluca Nezahualcoyotl. <br><strong>documento-1.- </strong> CURP. <br><strong>documento-2.- </strong> RFC. <br><strong>documento-3.- </strong> Numero de Seguridad Social. <br><strong>documento-4.- </strong> Copia de Comprobante de Domicilio. <br><strong>documento-5.- </strong> Copia Acta Nacimiento. <br><strong>documento-6.- </strong> Copia de IFE. <br><strong>documento-7.- </strong> Cartas Laborales. <br><strong>documento-8.- </strong> Licencia Vigente. <br><strong>documento-9.- </strong> Copia de Comprobante de Estudios. <br><strong>Nombre.- </strong> Emmanuel . <br><strong>ApellidoPaterno.- </strong> Ventolero. <br><strong>ApellidoMaterno.- </strong> Rivera.</p>
<p>EDAD 30 AÃOS<br><strong>CURP.- </strong> VERE900502HMCNVM08. <br><strong>NSS.- </strong> 16109014452. <br><strong>Direccion.- </strong> Girasoles. n|23<br><strong>Ciudad.- </strong> Metepec. <br><strong>Colonia.- </strong> IZCALLI CUAUHTEMOC 1. <br><strong>CP.- </strong> 52176. <br><strong>E-mail.- </strong> ventolero_90@hotmail.com. <br><strong>celular.- </strong> 7292877986. <br><strong>telefono.- </strong> 7292877986. <br><strong>Referencia1.- </strong> Rene Flores Gutierrez. <br><strong>Referencia1empresa.- </strong> FTR. <br><strong>Referencia1telefono.- </strong> 7226205198. <br><strong>Referencia2.- </strong> x. <br><strong>Referencia2empresa.- </strong> x. (NO CUENTA CON REFERENCIAS Y PERO SI EMPLEOS)</p>
<p>LABORO EN FÃRMACOS DAROVI: SE DEDICA DISPENSAR LOS VALES DE MEDICAMENTO ESTAR AL PENDIENTE DE QUE LAS FARMACIAS ESTABAN SURTIDAS</p>
<p>MEDISTIK: ATENCION A CLIENTE GENERABA PEDIDOS DE LOS CLIENTES RECIBO A LA MERCANCIA ACOMODO DE LA MERCANCIA Y DISTRIBUCION</p>
<p><strong>Referencia2telefono.- </strong> x. <br><strong>Referencia3.- </strong> x. <br><strong>Referencia3empresa.- </strong> x. <br><strong>Referencia3telefono.- </strong> x. <br><strong>Â¿Vives en Toluca?.- </strong> si. <br><strong>Â¿Has trabajado en Funeraria?.- </strong> No. <br><strong>Â¿Conoces el ramo funerario?.- </strong> no. <br><strong>Â¿Sueldo mensual deseado?.- </strong> 7000. <br><strong>Estado civil.- </strong> Soltero.</p>
<p><strong>Escolaridad.- </strong> Licenciatura o Ingenieria. <br><strong>Â¿Tiene experiencia en Manejo de personal?.- </strong> Si. <br><strong>Â¿Tienes experiencia en la vacante?.- </strong> No. <br><strong>Nombre de la empresa del Ãºltimo empleo.- </strong> Fletes y transportes Ruiz. <br><strong>Periodo que prestÃ³ sus servicios.- </strong> AÃ±o y medio. (PERIODO DEL AGOSTO DEL 2018 A FEBRERO DEL 2020)<br><strong>Puesto desempeÃ±ado.- </strong> Despachador de unidades. <br><strong>Actividades que realizo.- </strong> Seguimiento y monitoreo de unidades en ruta, llenado de bitÃ¡coras, generaciÃ³n de reporte s ,<br>contacto directo con el cliente, seguimiento de horarios de carga y descarga, soluciÃ³n de contingencias<br>en ruta, coordinaciÃ³n y capacitaciÃ³n de personal, alimentaciÃ³n de sistema del cliente (SAP).. <br><strong>Motivo de separaciÃ³n.- </strong> Salud familiar. <br><strong>Â¿Porque medio se entero de la vacante?.- </strong> Indeed. <br><strong>Â¿Como considera su estado de salud actual?.- </strong> Bueno. <br><strong>Â¿Padece alguna enfermedad Cronica?.- </strong> No. <br><strong>Explique sus enfermedas crÃ³nicas.- </strong> Explique sus enfermedas crÃ³nicas. <br><strong>Â¿Puede viajar?.- </strong> pregunta-Si. <br><strong>Â¿Esta dispuesto a cambiar de Residencia?.- </strong> No.</p>
<p>LE LLAMO LA ATENCIÃN SUPERVISIÃN DE LOS VEHÃCULOS</p>
<p>FACIL Y FLEXIBLE INFORMACION BASICA RAPIDO&nbsp;</p>
<p>EN EL PROCESO TODO BIEN COMPLETO&nbsp;</p>

<!-- wp:paragraph -->
<p></p>
<!-- /wp:paragraph -->]]></content:encoded>
		<excerpt:encoded><![CDATA[]]></excerpt:encoded>
		<wp:post_id>320</wp:post_id>
		<wp:post_date><![CDATA[2020-08-27 00:20:45]]></wp:post_date>
		<wp:post_date_gmt><![CDATA[2020-08-27 00:20:45]]></wp:post_date_gmt>
		<wp:post_modified><![CDATA[2020-08-27 00:20:45]]></wp:post_modified>
		<wp:post_modified_gmt><![CDATA[2020-08-27 00:20:45]]></wp:post_modified_gmt>
		<wp:comment_status><![CDATA[closed]]></wp:comment_status>
		<wp:ping_status><![CDATA[closed]]></wp:ping_status>
		<wp:post_name><![CDATA[emmanuel-ventolero-rivera]]></wp:post_name>
		<wp:status><![CDATA[publish]]></wp:status>
		<wp:post_parent>0</wp:post_parent>
		<wp:menu_order>0</wp:menu_order>
		<wp:post_type><![CDATA[post]]></wp:post_type>
		<wp:post_password><![CDATA[]]></wp:post_password>
		<wp:is_sticky>0</wp:is_sticky>
										<category domain="category" nicename="descartado-en-entrevista-final"><![CDATA[Descartado en Entrevista Final]]></category>
		<category domain="post_tag" nicename="responsable-de-almacen-y-logistica"><![CDATA[Responsable de almacÃ©n y logÃ­stica]]></category>
						<wp:postmeta>
		<wp:meta_key><![CDATA[folio_global_meta]]></wp:meta_key>
		<wp:meta_value><![CDATA[44]]></wp:meta_value>
		</wp:postmeta>
							<wp:postmeta>
		<wp:meta_key><![CDATA[valpa_telefono_solicitante_meta]]></wp:meta_key>
		<wp:meta_value><![CDATA[7292877986]]></wp:meta_value>
		</wp:postmeta>
							<wp:postmeta>
		<wp:meta_key><![CDATA[valpa_celular_solicitante_meta]]></wp:meta_key>
		<wp:meta_value><![CDATA[7292877986]]></wp:meta_value>
		</wp:postmeta>
							<wp:postmeta>
		<wp:meta_key><![CDATA[valpa_mail_solicitante_meta]]></wp:meta_key>
		<wp:meta_value><![CDATA[ventolero_90@hotmail.com]]></wp:meta_value>
		</wp:postmeta>
							<wp:postmeta>
		<wp:meta_key><![CDATA[valpa_alias_solicitante_meta]]></wp:meta_key>
		<wp:meta_value><![CDATA[Emmanuel ]]></wp:meta_value>
		</wp:postmeta>
							<wp:postmeta>
		<wp:meta_key><![CDATA[puesto_relacionado_meta]]></wp:meta_key>
		<wp:meta_value><![CDATA[Responsable de almacÃ©n y logÃ­stica]]></wp:meta_value>
		</wp:postmeta>
							<wp:postmeta>
		<wp:meta_key><![CDATA[sucursal_relacionada_meta]]></wp:meta_key>
		<wp:meta_value><![CDATA[Toluca Nezahualcoyotl]]></wp:meta_value>
		</wp:postmeta>
							<wp:postmeta>
		<wp:meta_key><![CDATA[solicitud_codigo_meta]]></wp:meta_key>
		<wp:meta_value><![CDATA[2db394a5e5]]></wp:meta_value>
		</wp:postmeta>
							<wp:postmeta>
		<wp:meta_key><![CDATA[_edit_last]]></wp:meta_key>
		<wp:meta_value><![CDATA[1]]></wp:meta_value>
		</wp:postmeta>
							<wp:postmeta>
		<wp:meta_key><![CDATA[_start_month]]></wp:meta_key>
		<wp:meta_value><![CDATA[08]]></wp:meta_value>
		</wp:postmeta>
							<wp:postmeta>
		<wp:meta_key><![CDATA[_start_day]]></wp:meta_key>
		<wp:meta_value><![CDATA[31]]></wp:meta_value>
		</wp:postmeta>
							<wp:postmeta>
		<wp:meta_key><![CDATA[_start_hour]]></wp:meta_key>
		<wp:meta_value><![CDATA[10]]></wp:meta_value>
		</wp:postmeta>
							<wp:postmeta>
		<wp:meta_key><![CDATA[_start_year]]></wp:meta_key>
		<wp:meta_value><![CDATA[2020]]></wp:meta_value>
		</wp:postmeta>
							<wp:postmeta>
		<wp:meta_key><![CDATA[_start_minute]]></wp:meta_key>
		<wp:meta_value><![CDATA[30]]></wp:meta_value>
		</wp:postmeta>
							<wp:postmeta>
		<wp:meta_key><![CDATA[_start_eventtimestamp]]></wp:meta_key>
		<wp:meta_value><![CDATA[202008311030]]></wp:meta_value>
		</wp:postmeta>
							</item>
					<item>
		<title><![CDATA[SERGIO ALBERTO ELIZAIS VALDES]]></title>
		<link>http://localhost/sass-wp/sergio-alberto-elizais-valdes/</link>
		<pubDate>Thu, 27 Aug 2020 00:52:39 +0000</pubDate>
		<dc:creator><![CDATA[webmaster]]></dc:creator>
		<guid isPermaLink="false">https://valparaiso.com.mx/sergio-alberto-elizais-valdes/</guid>
		<description></description>
		<content:encoded><![CDATA[<strong>Contacto Valparaiso
</strong>
<strong>puesto.- </strong> 137.
<strong>sucursal.- </strong> Toluca Nezahualcoyotl.
<strong>documento-1.- </strong> CURP.
<strong>documento-2.- </strong> RFC.
<strong>documento-3.- </strong> Numero de Seguridad Social.
<strong>documento-4.- </strong> Copia de Comprobante de Domicilio.
<strong>documento-5.- </strong> Copia Acta Nacimiento.
<strong>documento-6.- </strong> Copia de IFE.
<strong>documento-7.- </strong> Cartas Laborales.
<strong>documento-8.- </strong> Licencia Vigente.
<strong>documento-9.- </strong> Copia de Comprobante de Estudios.
<strong>Nombre.- </strong> SERGIO ALBERTO.
<strong>ApellidoPaterno.- </strong> ELIZAIS.
<strong>ApellidoMaterno.- </strong> VALDES.

edad 36
<strong>CURP.- </strong> EIVS831217HMCLLR02.
<strong>NSS.- </strong> 16038325565.
<strong>Direccion.- </strong> AND HACIENDA XAJAY 1.
<strong>Ciudad.- </strong> METEPEC.
<strong>Colonia.- </strong> INFONAVIT SAN FRANCSICO.
<strong>CP.- </strong> 52176.
<strong>E-mail.- </strong> sergioelizais@yahoo.com.mx.
<strong>celular.- </strong> 7291118106.
<strong>telefono.- </strong> 7228786725.
<strong>Referencia1.- </strong> JORGE PABLO LARA SANCHEZ.
<strong>Referencia1empresa.- </strong> MEGACABLE. (PERIODO UN AÃO Y MEDIO 2017 A2018 ASESOR EMPRESARIAL DE VENTASEN VENTAS
<strong>Referencia1telefono.- </strong> 7291320667.
<strong>Referencia2.- </strong> LUIS JAVIER COLIN GARCIA.
<strong>Referencia2empresa.- </strong> H. AYUNTAMIENTO DE TOLUCA.
<strong>Referencia2telefono.- </strong> 7221465310.
<strong>Referencia3.- </strong> LUIS ALBERTO RODRIGUEZ .
<strong>Referencia3empresa.- </strong> FINCOMUN SERVICIOS FINANCIEROS COMUNITARIOS. (AUDITOR DEL 20141 AL 2017 DEL 2018 AL 2019 EN CEDIS COMO AUDITO DE INVENTARIOS) LOGISTICA SEGLO EN LOGISTICA MANEJO DE PERONAL 14 PERSONAS
<strong>Referencia3telefono.- </strong> 5543816258.
<strong>Â¿Vives en Toluca?.- </strong> si.
<strong>Â¿Has trabajado en Funeraria?.- </strong> No.
<strong>Â¿Conoces el ramo funerario?.- </strong> si.
<strong>Â¿Sueldo mensual deseado?.- </strong> 7000.
<strong>Estado civil.- </strong> Casado .
<strong>Escolaridad.- </strong> Bachillerato o Tecnico.
<strong>Â¿Tiene experiencia en Manejo de personal?.- </strong> Si.
<strong>Â¿Tienes experiencia en la vacante?.- </strong> Si.
<strong>Nombre de la empresa del Ãºltimo empleo.- </strong> h. ayuntamiento de Toluca.
<strong>Periodo que prestÃ³ sus servicios.- </strong> de Noviembre 2019 a Julio 2020.
<strong>Puesto desempeÃ±ado.- </strong> Policia Comunitario.
<strong>Actividades que realizo.- </strong> Brindar apoyo a la PolicÃ­a Municipal de Toluca en puntos de revisiÃ³n, vigilancia a pie y patrullaje.
<strong>Motivo de separaciÃ³n.- </strong> FALTA DE DOCUMENTACION COMPLETA. Extravie mi certificado de preparatoria y no lo pude recuperar a tiempo. ( Ya cuento con el ).
<strong>Â¿Porque medio se entero de la vacante?.- </strong> Indeed.
<strong>Â¿Como considera su estado de salud actual?.- </strong> Bueno.
<strong>Â¿Padece alguna enfermedad Cronica?.- </strong> No.
<strong>Explique sus enfermedas crÃ³nicas.- </strong> Ninguna.
<strong>Â¿Puede viajar?.- </strong> pregunta-Si.
<strong>Â¿Esta dispuesto a cambiar de Residencia?.- </strong> Si.

COMO SE SINTIO MUY FACIL PRACTICO MUY PRACTICO]]></content:encoded>
		<excerpt:encoded><![CDATA[]]></excerpt:encoded>
		<wp:post_id>321</wp:post_id>
		<wp:post_date><![CDATA[2020-08-27 00:52:39]]></wp:post_date>
		<wp:post_date_gmt><![CDATA[2020-08-27 00:52:39]]></wp:post_date_gmt>
		<wp:post_modified><![CDATA[2020-08-27 00:52:39]]></wp:post_modified>
		<wp:post_modified_gmt><![CDATA[2020-08-27 00:52:39]]></wp:post_modified_gmt>
		<wp:comment_status><![CDATA[open]]></wp:comment_status>
		<wp:ping_status><![CDATA[open]]></wp:ping_status>
		<wp:post_name><![CDATA[sergio-alberto-elizais-valdes]]></wp:post_name>
		<wp:status><![CDATA[publish]]></wp:status>
		<wp:post_parent>0</wp:post_parent>
		<wp:menu_order>0</wp:menu_order>
		<wp:post_type><![CDATA[post]]></wp:post_type>
		<wp:post_password><![CDATA[]]></wp:post_password>
		<wp:is_sticky>0</wp:is_sticky>
										<category domain="category" nicename="citado"><![CDATA[Citado]]></category>
		<category domain="post_tag" nicename="responsable-de-almacen-y-logistica"><![CDATA[Responsable de almacÃ©n y logÃ­stica]]></category>
						<wp:postmeta>
		<wp:meta_key><![CDATA[folio_global_meta]]></wp:meta_key>
		<wp:meta_value><![CDATA[45]]></wp:meta_value>
		</wp:postmeta>
							<wp:postmeta>
		<wp:meta_key><![CDATA[valpa_telefono_solicitante_meta]]></wp:meta_key>
		<wp:meta_value><![CDATA[7228786725]]></wp:meta_value>
		</wp:postmeta>
							<wp:postmeta>
		<wp:meta_key><![CDATA[valpa_celular_solicitante_meta]]></wp:meta_key>
		<wp:meta_value><![CDATA[7291118106]]></wp:meta_value>
		</wp:postmeta>
							<wp:postmeta>
		<wp:meta_key><![CDATA[valpa_mail_solicitante_meta]]></wp:meta_key>
		<wp:meta_value><![CDATA[sergioelizais@yahoo.com.mx]]></wp:meta_value>
		</wp:postmeta>
							<wp:postmeta>
		<wp:meta_key><![CDATA[valpa_alias_solicitante_meta]]></wp:meta_key>
		<wp:meta_value><![CDATA[SERGIO ALBERTO]]></wp:meta_value>
		</wp:postmeta>
							<wp:postmeta>
		<wp:meta_key><![CDATA[puesto_relacionado_meta]]></wp:meta_key>
		<wp:meta_value><![CDATA[Responsable de almacÃ©n y logÃ­stica]]></wp:meta_value>
		</wp:postmeta>
							<wp:postmeta>
		<wp:meta_key><![CDATA[sucursal_relacionada_meta]]></wp:meta_key>
		<wp:meta_value><![CDATA[Toluca Nezahualcoyotl]]></wp:meta_value>
		</wp:postmeta>
							<wp:postmeta>
		<wp:meta_key><![CDATA[solicitud_codigo_meta]]></wp:meta_key>
		<wp:meta_value><![CDATA[effd4f8364]]></wp:meta_value>
		</wp:postmeta>
							<wp:postmeta>
		<wp:meta_key><![CDATA[_edit_last]]></wp:meta_key>
		<wp:meta_value><![CDATA[1]]></wp:meta_value>
		</wp:postmeta>
							<wp:postmeta>
		<wp:meta_key><![CDATA[_start_month]]></wp:meta_key>
		<wp:meta_value><![CDATA[09]]></wp:meta_value>
		</wp:postmeta>
							<wp:postmeta>
		<wp:meta_key><![CDATA[_start_day]]></wp:meta_key>
		<wp:meta_value><![CDATA[1]]></wp:meta_value>
		</wp:postmeta>
							<wp:postmeta>
		<wp:meta_key><![CDATA[_start_hour]]></wp:meta_key>
		<wp:meta_value><![CDATA[10]]></wp:meta_value>
		</wp:postmeta>
							<wp:postmeta>
		<wp:meta_key><![CDATA[_start_year]]></wp:meta_key>
		<wp:meta_value><![CDATA[2020]]></wp:meta_value>
		</wp:postmeta>
							<wp:postmeta>
		<wp:meta_key><![CDATA[_start_minute]]></wp:meta_key>
		<wp:meta_value><![CDATA[30]]></wp:meta_value>
		</wp:postmeta>
							<wp:postmeta>
		<wp:meta_key><![CDATA[_start_eventtimestamp]]></wp:meta_key>
		<wp:meta_value><![CDATA[20200911030]]></wp:meta_value>
		</wp:postmeta>
							</item>
					<item>
		<title><![CDATA[Elba Nidia HernÃ¡ndez Pacheco]]></title>
		<link>http://localhost/sass-wp/elba-nidia-hernandez-pacheco/</link>
		<pubDate>Thu, 27 Aug 2020 17:03:59 +0000</pubDate>
		<dc:creator><![CDATA[webmaster]]></dc:creator>
		<guid isPermaLink="false">https://valparaiso.com.mx/elba-nidia-hernandez-pacheco/</guid>
		<description></description>
		<content:encoded><![CDATA[<strong>Contacto Valparaiso<br></strong> <br><strong>puesto.- </strong> 158. <br><strong>sucursal.- </strong> Toluca Nezahualcoyotl. <br><strong>documento-1.- </strong> CURP. <br><strong>documento-2.- </strong> RFC. <br><strong>documento-3.- </strong> Numero de Seguridad Social. <br><strong>documento-4.- </strong> Copia de Comprobante de Domicilio. <br><strong>documento-5.- </strong> Copia Acta Nacimiento. <br><strong>documento-6.- </strong> Copia de IFE. <br><strong>documento-7.- </strong> Cartas Laborales. <br><strong>documento-8.- </strong> Licencia Vigente. <br><strong>documento-9.- </strong> Copia de Comprobante de Estudios. <br><strong>Nombre.- </strong> Elba Nidia. <br><strong>ApellidoPaterno.- </strong> HernÃ¡ndez. <br><strong>ApellidoMaterno.- </strong> Pacheco. <br><strong>CURP.- </strong> HEPE801231MDFRCL07. <br><strong>NSS.- </strong> 42998004685. <br><strong>Direccion.- </strong> 23 de Septiembre, 517. <br><strong>Ciudad.- </strong> Toluca. <br><strong>Colonia.- </strong> Morelos, primera secciÃ³n. <br><strong>CP.- </strong> 50120. <br><strong>E-mail.- </strong> al221511664@gmail.com. <br><strong>celular.- </strong> 7225504827. <br><strong>telefono.- </strong> 7225504827. <br><strong>Referencia1.- </strong> IvÃ¡n Tumalan Gallardo. <br><strong>Referencia1empresa.- </strong> La cabaÃ±a de la arrachera. <br><strong>Referencia1telefono.- </strong> 4434107779. <br><strong>Referencia2.- </strong> Daniel Eduardo JimÃ©nez LÃ³pez. <br><strong>Referencia2empresa.- </strong> Fiesta Inn. <br><strong>Referencia2telefono.- </strong> 5532256122. <br><strong>Referencia3.- </strong> Samuel ChÃ¡vez. <br><strong>Referencia3empresa.- </strong> Novedades Vasam. <br><strong>Referencia3telefono.- </strong> 5554337532. <br><strong>Â¿Vives en Toluca?.- </strong> si. <br><strong>Â¿Has trabajado en Funeraria?.- </strong> No. <br><strong>Â¿Conoces el ramo funerario?.- </strong> no. <br><strong>Â¿Sueldo mensual deseado?.- </strong> 9,000 - 11,000. <br><strong>Estado civil.- </strong> Soltero. <br><strong>Escolaridad.- </strong>  Licenciatura o Ingenieria. <br><strong>Â¿Tiene experiencia en Manejo de personal?.- </strong> Si. <br><strong>Â¿Le gustan las ventas ?.- </strong> Si. <br><strong>Â¿Tienes experiencia en la vacante?.- </strong> Si. <br><strong>Nombre de la empresa del Ãºltimo empleo.- </strong> La CabaÃ±a de la Arrachera. <br><strong>Periodo que prestÃ³ sus servicios.- </strong> 2018 - 2020. <br><strong>Puesto desempeÃ±ado.- </strong> Gerente de Operaciones. <br><strong>Actividades que realizo.- </strong> AtenciÃ³n al cliente, elaboraciÃ³n de alimentos (barra frÃ­a, barra caliente, buffet), marketing, ventas, compras y almacÃ©n.. <br><strong>Motivo de separaciÃ³n.- </strong> Crecimiento personal . <br><strong>Â¿Porque medio se entero de la vacante?.- </strong>  Indeed. <br><strong>Â¿Como considera su estado de salud actual?.- </strong> Bueno. <br><strong>Â¿Padece alguna enfermedad Cronica?.- </strong> No. <br><strong>Explique sus enfermedas crÃ³nicas.- </strong> Explique sus enfermedas crÃ³nicas. <br><strong>Â¿Puede viajar?.- </strong> pregunta-Si. <br><strong>Â¿Esta dispuesto a cambiar de Residencia?.- </strong> Si. <br>]]></content:encoded>
		<excerpt:encoded><![CDATA[]]></excerpt:encoded>
		<wp:post_id>357</wp:post_id>
		<wp:post_date><![CDATA[2020-08-27 17:03:59]]></wp:post_date>
		<wp:post_date_gmt><![CDATA[2020-08-27 17:03:59]]></wp:post_date_gmt>
		<wp:post_modified><![CDATA[2020-08-27 17:03:59]]></wp:post_modified>
		<wp:post_modified_gmt><![CDATA[2020-08-27 17:03:59]]></wp:post_modified_gmt>
		<wp:comment_status><![CDATA[closed]]></wp:comment_status>
		<wp:ping_status><![CDATA[closed]]></wp:ping_status>
		<wp:post_name><![CDATA[elba-nidia-hernandez-pacheco]]></wp:post_name>
		<wp:status><![CDATA[publish]]></wp:status>
		<wp:post_parent>0</wp:post_parent>
		<wp:menu_order>0</wp:menu_order>
		<wp:post_type><![CDATA[post]]></wp:post_type>
		<wp:post_password><![CDATA[]]></wp:post_password>
		<wp:is_sticky>0</wp:is_sticky>
										<category domain="category" nicename="postulante-duplicado"><![CDATA[Postulante Duplicado]]></category>
		<category domain="post_tag" nicename="sub-encargado-de-sucursal"><![CDATA[Sub encargado de sucursal]]></category>
						<wp:postmeta>
		<wp:meta_key><![CDATA[folio_global_meta]]></wp:meta_key>
		<wp:meta_value><![CDATA[46]]></wp:meta_value>
		</wp:postmeta>
							<wp:postmeta>
		<wp:meta_key><![CDATA[valpa_telefono_solicitante_meta]]></wp:meta_key>
		<wp:meta_value><![CDATA[7225504827]]></wp:meta_value>
		</wp:postmeta>
							<wp:postmeta>
		<wp:meta_key><![CDATA[valpa_celular_solicitante_meta]]></wp:meta_key>
		<wp:meta_value><![CDATA[7225504827]]></wp:meta_value>
		</wp:postmeta>
							<wp:postmeta>
		<wp:meta_key><![CDATA[valpa_mail_solicitante_meta]]></wp:meta_key>
		<wp:meta_value><![CDATA[al221511664@gmail.com]]></wp:meta_value>
		</wp:postmeta>
							<wp:postmeta>
		<wp:meta_key><![CDATA[valpa_alias_solicitante_meta]]></wp:meta_key>
		<wp:meta_value><![CDATA[Elba Nidia]]></wp:meta_value>
		</wp:postmeta>
							<wp:postmeta>
		<wp:meta_key><![CDATA[puesto_relacionado_meta]]></wp:meta_key>
		<wp:meta_value><![CDATA[Sub encargado de sucursal]]></wp:meta_value>
		</wp:postmeta>
							<wp:postmeta>
		<wp:meta_key><![CDATA[sucursal_relacionada_meta]]></wp:meta_key>
		<wp:meta_value><![CDATA[Toluca Nezahualcoyotl]]></wp:meta_value>
		</wp:postmeta>
							<wp:postmeta>
		<wp:meta_key><![CDATA[solicitud_codigo_meta]]></wp:meta_key>
		<wp:meta_value><![CDATA[9492be3dc3]]></wp:meta_value>
		</wp:postmeta>
							<wp:postmeta>
		<wp:meta_key><![CDATA[_edit_last]]></wp:meta_key>
		<wp:meta_value><![CDATA[1]]></wp:meta_value>
		</wp:postmeta>
							</item>
					<item>
		<title><![CDATA[Elba Nidia HernÃ¡ndez Pacheco]]></title>
		<link>http://localhost/sass-wp/elba-nidia-hernandez-pacheco-2/</link>
		<pubDate>Thu, 27 Aug 2020 17:08:56 +0000</pubDate>
		<dc:creator><![CDATA[webmaster]]></dc:creator>
		<guid isPermaLink="false">https://valparaiso.com.mx/elba-nidia-hernandez-pacheco-2/</guid>
		<description></description>
		<content:encoded><![CDATA[<strong>Contacto Valparaiso
</strong>
<strong>puesto.- </strong> 158.
<strong>sucursal.- </strong> Toluca Nezahualcoyotl.
<strong>documento-1.- </strong> CURP.
<strong>documento-2.- </strong> RFC.
<strong>documento-3.- </strong> Numero de Seguridad Social.
<strong>documento-4.- </strong> Copia de Comprobante de Domicilio.
<strong>documento-5.- </strong> Copia Acta Nacimiento.
<strong>documento-6.- </strong> Copia de IFE.
<strong>documento-7.- </strong> Cartas Laborales.
<strong>documento-8.- </strong> Licencia Vigente.
<strong>documento-9.- </strong> Copia de Comprobante de Estudios.
<strong>Nombre.- </strong> Elba Nidia.
<strong>ApellidoPaterno.- </strong> HernÃ¡ndez.
<strong>ApellidoMaterno.- </strong> Pacheco.

EDAD 31
<strong>CURP.- </strong> HEPE801231MDFRCL07.
<strong>NSS.- </strong> 42998004685.
<strong>Direccion.- </strong> 23 de Septiembre, 517.
<strong>Ciudad.- </strong> Toluca.
<strong>Colonia.- </strong> Morelos, primera secciÃ³n.
<strong>CP.- </strong> 50120.
<strong>E-mail.- </strong> al221511664@gmail.com.
<strong>celular.- </strong> 7225504827.
<strong>telefono.- </strong> 7225504827.
<strong>Referencia1.- </strong> IvÃ¡n Tumalan Gallardo.
<strong>Referencia1empresa.- </strong> La cabaÃ±a de la arrachera.
<strong>Referencia1telefono.- </strong> 4434107779.
<strong>Referencia2.- </strong> Daniel Eduardo JimÃ©nez LÃ³pez.
<strong>Referencia2empresa.- </strong> Fiesta Inn. (PERIODO DEL 2010 A 2014, COCINERA Y SUBCHEF)
<strong>Referencia2telefono.- </strong> 5532256122.
<strong>Referencia3.- </strong> Samuel ChÃ¡vez.
<strong>Referencia3empresa.- </strong> Novedades Vasam. (COMO AYUDANTE GENERAL DE 1999 A 2013)
<strong>Referencia3telefono.- </strong> 5554337532.
<strong>Â¿Vives en Toluca?.- </strong> si.
<strong>Â¿Has trabajado en Funeraria?.- </strong> No.
<strong>Â¿Conoces el ramo funerario?.- </strong> no.
<strong>Â¿Sueldo mensual deseado?.- </strong> 10000.
<strong>Estado civil.- </strong> Soltero.
<strong>Escolaridad.- </strong> Licenciatura o Ingenieria.
<strong>Â¿Tiene experiencia en Manejo de personal?.- </strong> Si.
<strong>Â¿Le gustan las ventas ?.- </strong> Si.
<strong>Â¿Tienes experiencia en la vacante?.- </strong> Si.
<strong>Nombre de la empresa del Ãºltimo empleo.- </strong> La CabaÃ±a de la Arrachera.
<strong>Periodo que prestÃ³ sus servicios.- </strong> 2018 2020. AUN PERTENECE A LA EMPRESA ESTA ESPERANDO UNA PERSONA PARA QUE LLEGUE
<strong>Puesto desempeÃ±ado.- </strong> Gerente de Operaciones.
<strong>Actividades que realizo.- </strong> AtenciÃ³n al cliente, manejo de personal, preparaciÃ³n de alimentos, marketing, ventas, compras y almacÃ©n..
<strong>Motivo de separaciÃ³n.- </strong> Crecimiento personal..
<strong>Â¿Porque medio se entero de la vacante?.- </strong> Indeed.
<strong>Â¿Como considera su estado de salud actual?.- </strong> Bueno.
<strong>Â¿Padece alguna enfermedad Cronica?.- </strong> No.
<strong>Explique sus enfermedas crÃ³nicas.- </strong> No padezco de enfermedades crÃ³nicas..
<strong>Â¿Puede viajar?.- </strong> pregunta-Si.
<strong>Â¿Esta dispuesto a cambiar de Residencia?.- </strong> Si.

COMO SE SINTIO NO TUVO NINGÃN PROBLEMA FUE ,MAS RAPIDO]]></content:encoded>
		<excerpt:encoded><![CDATA[]]></excerpt:encoded>
		<wp:post_id>363</wp:post_id>
		<wp:post_date><![CDATA[2020-08-27 17:08:56]]></wp:post_date>
		<wp:post_date_gmt><![CDATA[2020-08-27 17:08:56]]></wp:post_date_gmt>
		<wp:post_modified><![CDATA[2020-08-27 17:08:56]]></wp:post_modified>
		<wp:post_modified_gmt><![CDATA[2020-08-27 17:08:56]]></wp:post_modified_gmt>
		<wp:comment_status><![CDATA[closed]]></wp:comment_status>
		<wp:ping_status><![CDATA[closed]]></wp:ping_status>
		<wp:post_name><![CDATA[elba-nidia-hernandez-pacheco-2]]></wp:post_name>
		<wp:status><![CDATA[publish]]></wp:status>
		<wp:post_parent>0</wp:post_parent>
		<wp:menu_order>0</wp:menu_order>
		<wp:post_type><![CDATA[post]]></wp:post_type>
		<wp:post_password><![CDATA[]]></wp:post_password>
		<wp:is_sticky>0</wp:is_sticky>
										<category domain="category" nicename="descartado-por-psicometricos"><![CDATA[Descartado por Psicometricos]]></category>
		<category domain="post_tag" nicename="sub-encargado-de-sucursal"><![CDATA[Sub encargado de sucursal]]></category>
						<wp:postmeta>
		<wp:meta_key><![CDATA[folio_global_meta]]></wp:meta_key>
		<wp:meta_value><![CDATA[47]]></wp:meta_value>
		</wp:postmeta>
							<wp:postmeta>
		<wp:meta_key><![CDATA[valpa_telefono_solicitante_meta]]></wp:meta_key>
		<wp:meta_value><![CDATA[7225504827]]></wp:meta_value>
		</wp:postmeta>
							<wp:postmeta>
		<wp:meta_key><![CDATA[valpa_celular_solicitante_meta]]></wp:meta_key>
		<wp:meta_value><![CDATA[7225504827]]></wp:meta_value>
		</wp:postmeta>
							<wp:postmeta>
		<wp:meta_key><![CDATA[valpa_mail_solicitante_meta]]></wp:meta_key>
		<wp:meta_value><![CDATA[al221511664@gmail.com]]></wp:meta_value>
		</wp:postmeta>
							<wp:postmeta>
		<wp:meta_key><![CDATA[valpa_alias_solicitante_meta]]></wp:meta_key>
		<wp:meta_value><![CDATA[Elba Nidia]]></wp:meta_value>
		</wp:postmeta>
							<wp:postmeta>
		<wp:meta_key><![CDATA[puesto_relacionado_meta]]></wp:meta_key>
		<wp:meta_value><![CDATA[Sub encargado de sucursal]]></wp:meta_value>
		</wp:postmeta>
							<wp:postmeta>
		<wp:meta_key><![CDATA[sucursal_relacionada_meta]]></wp:meta_key>
		<wp:meta_value><![CDATA[Toluca Nezahualcoyotl]]></wp:meta_value>
		</wp:postmeta>
							<wp:postmeta>
		<wp:meta_key><![CDATA[solicitud_codigo_meta]]></wp:meta_key>
		<wp:meta_value><![CDATA[9492be3dc3]]></wp:meta_value>
		</wp:postmeta>
							<wp:postmeta>
		<wp:meta_key><![CDATA[_edit_last]]></wp:meta_key>
		<wp:meta_value><![CDATA[1]]></wp:meta_value>
		</wp:postmeta>
							<wp:postmeta>
		<wp:meta_key><![CDATA[_start_month]]></wp:meta_key>
		<wp:meta_value><![CDATA[08]]></wp:meta_value>
		</wp:postmeta>
							<wp:postmeta>
		<wp:meta_key><![CDATA[_start_day]]></wp:meta_key>
		<wp:meta_value><![CDATA[31]]></wp:meta_value>
		</wp:postmeta>
							<wp:postmeta>
		<wp:meta_key><![CDATA[_start_hour]]></wp:meta_key>
		<wp:meta_value><![CDATA[11]]></wp:meta_value>
		</wp:postmeta>
							<wp:postmeta>
		<wp:meta_key><![CDATA[_start_year]]></wp:meta_key>
		<wp:meta_value><![CDATA[2020]]></wp:meta_value>
		</wp:postmeta>
							<wp:postmeta>
		<wp:meta_key><![CDATA[_start_minute]]></wp:meta_key>
		<wp:meta_value><![CDATA[00]]></wp:meta_value>
		</wp:postmeta>
							<wp:postmeta>
		<wp:meta_key><![CDATA[_start_eventtimestamp]]></wp:meta_key>
		<wp:meta_value><![CDATA[202008311100]]></wp:meta_value>
		</wp:postmeta>
							</item>
					<item>
		<title><![CDATA[Juan JosÃ© SÃ¡nchez Ãlvarez]]></title>
		<link>http://localhost/sass-wp/juan-jose-sanchez-alvarez/</link>
		<pubDate>Thu, 27 Aug 2020 19:42:43 +0000</pubDate>
		<dc:creator><![CDATA[webmaster]]></dc:creator>
		<guid isPermaLink="false">https://valparaiso.com.mx/juan-jose-sanchez-alvarez/</guid>
		<description></description>
		<content:encoded><![CDATA[<strong>Contacto Valparaiso
</strong>
<strong>puesto.- </strong> 106.
<strong>sucursal.- </strong> Toluca Nezahualcoyotl.
<strong>Nombre.- </strong> Juan JosÃ©.
<strong>ApellidoPaterno.- </strong> SÃ¡nchez. ALVAREZ
<strong>ApellidoMaterno.- </strong> Ãlvarez. SANCHEZ

EDAD 22 AÃOS
<strong>CURP.- </strong> AASJ980228HMCLNN09.
<strong>NSS.- </strong> 02159880000.
<strong>Direccion.- </strong> S/C.
<strong>Ciudad.- </strong> Toluca.
<strong>Colonia.- </strong> San AgustÃ­n poteje centro.
<strong>CP.- </strong> 50946.
<strong>E-mail.- </strong> Daker.1998sanchesito@gmail.com.
<strong>celular.- </strong> 7225247712.
<strong>telefono.- </strong> 7225247712.
<strong>Referencia1.- </strong> Bartender.
<strong>Referencia1empresa.- </strong> Play city casino.
<strong>Referencia1telefono.- </strong> 7291542168.
<strong>Referencia2.- </strong> Chofer repartidor.
<strong>Referencia2empresa.- </strong> Tortilleria la unica. PERIODO DURO 1 AÃO Y MEDIO EN EL 2018
<strong>Referencia2telefono.- </strong> 7222477900.
<strong>Referencia3.- </strong> Ayudante general.
<strong>Referencia3empresa.- </strong> DepÃ³sito el fallas. (HA TRABAJADO AHI ANTES TRABAJABA Y AYUDABA A SU PAPA)
<strong>Referencia3telefono.- </strong> 5554910986.
<strong>Â¿Vives en Toluca?.- </strong> si.
<strong>Â¿Has trabajado en Funeraria?.- </strong> Si. (SOLO 15 DIAS)
<strong>Â¿Conoces el ramo funerario?.- </strong> si.
<strong>Â¿Sueldo mensual deseado?.- </strong> 6,000.
<strong>Estado civil.- </strong> Soltero.
<strong>Escolaridad.- </strong> Bachillerato o Tecnico.
<strong>Â¿Le gustan las ventas ?.- </strong> Si.
<strong>Â¿Tienes experiencia en la vacante?.- </strong> Si.
<strong>Nombre de la empresa del Ãºltimo empleo.- </strong> Play city casino.
<strong>Periodo que prestÃ³ sus servicios.- </strong> 5 meses . (PERIODO EN ENERO A JULIO DEL 2019)
<strong>Puesto desempeÃ±ado.- </strong> Bartender.
<strong>Actividades que realizo.- </strong> Actividades que realizo

PreparaciÃ³n bebidas
ATN cliente
Inventarios
Operaciones
ProducciÃ³n
Cobranza .
<strong>Motivo de separaciÃ³n.- </strong> Motivo de separaciÃ³n
Problema con cliente
SolventaciÃ³n de gastos.
<strong>Â¿Porque medio se entero de la vacante?.- </strong> Facebook.
<strong>Â¿Como considera su estado de salud actual?.- </strong> Bueno.
<strong>Â¿Padece alguna enfermedad Cronica?.- </strong> No.
<strong>Explique sus enfermedas crÃ³nicas.- </strong> Explique sus enfermedas crÃ³nicas.
<strong>Â¿Puede viajar?.- </strong> pregunta-Si.
<strong>Â¿Esta dispuesto a cambiar de Residencia?.- </strong> Si.

SELECIONO PERO NO SE MARCARON LOS DOCUMENTOS

YA HA TRABAJADO CON NOSOTROS SOLO DURO 15 DIAS

ES REINGRESO SALIO POR PROBLEMAS EN VENTAS EN CAMBACEO Y SE POSTULO PARA CHOFER PROMOTOR PERO NO CUMPLE CON LA EDAD]]></content:encoded>
		<excerpt:encoded><![CDATA[]]></excerpt:encoded>
		<wp:post_id>461</wp:post_id>
		<wp:post_date><![CDATA[2020-08-27 19:42:43]]></wp:post_date>
		<wp:post_date_gmt><![CDATA[2020-08-27 19:42:43]]></wp:post_date_gmt>
		<wp:post_modified><![CDATA[2020-08-27 19:42:43]]></wp:post_modified>
		<wp:post_modified_gmt><![CDATA[2020-08-27 19:42:43]]></wp:post_modified_gmt>
		<wp:comment_status><![CDATA[open]]></wp:comment_status>
		<wp:ping_status><![CDATA[open]]></wp:ping_status>
		<wp:post_name><![CDATA[juan-jose-sanchez-alvarez]]></wp:post_name>
		<wp:status><![CDATA[publish]]></wp:status>
		<wp:post_parent>0</wp:post_parent>
		<wp:menu_order>0</wp:menu_order>
		<wp:post_type><![CDATA[post]]></wp:post_type>
		<wp:post_password><![CDATA[]]></wp:post_password>
		<wp:is_sticky>0</wp:is_sticky>
										<category domain="post_tag" nicename="chofer-vendedor"><![CDATA[Chofer-Vendedor]]></category>
		<category domain="category" nicename="descartado"><![CDATA[Descartado]]></category>
						<wp:postmeta>
		<wp:meta_key><![CDATA[folio_global_meta]]></wp:meta_key>
		<wp:meta_value><![CDATA[48]]></wp:meta_value>
		</wp:postmeta>
							<wp:postmeta>
		<wp:meta_key><![CDATA[valpa_telefono_solicitante_meta]]></wp:meta_key>
		<wp:meta_value><![CDATA[7225247712]]></wp:meta_value>
		</wp:postmeta>
							<wp:postmeta>
		<wp:meta_key><![CDATA[valpa_celular_solicitante_meta]]></wp:meta_key>
		<wp:meta_value><![CDATA[7225247712]]></wp:meta_value>
		</wp:postmeta>
							<wp:postmeta>
		<wp:meta_key><![CDATA[valpa_mail_solicitante_meta]]></wp:meta_key>
		<wp:meta_value><![CDATA[Daker.1998sanchesito@gmail.com]]></wp:meta_value>
		</wp:postmeta>
							<wp:postmeta>
		<wp:meta_key><![CDATA[valpa_alias_solicitante_meta]]></wp:meta_key>
		<wp:meta_value><![CDATA[Juan JosÃ©]]></wp:meta_value>
		</wp:postmeta>
							<wp:postmeta>
		<wp:meta_key><![CDATA[puesto_relacionado_meta]]></wp:meta_key>
		<wp:meta_value><![CDATA[Chofer-Vendedor]]></wp:meta_value>
		</wp:postmeta>
							<wp:postmeta>
		<wp:meta_key><![CDATA[sucursal_relacionada_meta]]></wp:meta_key>
		<wp:meta_value><![CDATA[Toluca Nezahualcoyotl]]></wp:meta_value>
		</wp:postmeta>
							<wp:postmeta>
		<wp:meta_key><![CDATA[solicitud_codigo_meta]]></wp:meta_key>
		<wp:meta_value><![CDATA[9492be3dc3]]></wp:meta_value>
		</wp:postmeta>
							<wp:postmeta>
		<wp:meta_key><![CDATA[_edit_last]]></wp:meta_key>
		<wp:meta_value><![CDATA[1]]></wp:meta_value>
		</wp:postmeta>
							<wp:postmeta>
		<wp:meta_key><![CDATA[_start_month]]></wp:meta_key>
		<wp:meta_value><![CDATA[08]]></wp:meta_value>
		</wp:postmeta>
							<wp:postmeta>
		<wp:meta_key><![CDATA[_start_day]]></wp:meta_key>
		<wp:meta_value><![CDATA[27]]></wp:meta_value>
		</wp:postmeta>
							<wp:postmeta>
		<wp:meta_key><![CDATA[_start_hour]]></wp:meta_key>
		<wp:meta_value><![CDATA[20]]></wp:meta_value>
		</wp:postmeta>
							<wp:postmeta>
		<wp:meta_key><![CDATA[_start_year]]></wp:meta_key>
		<wp:meta_value><![CDATA[2020]]></wp:meta_value>
		</wp:postmeta>
							<wp:postmeta>
		<wp:meta_key><![CDATA[_start_minute]]></wp:meta_key>
		<wp:meta_value><![CDATA[00]]></wp:meta_value>
		</wp:postmeta>
							<wp:postmeta>
		<wp:meta_key><![CDATA[_start_eventtimestamp]]></wp:meta_key>
		<wp:meta_value><![CDATA[202008272000]]></wp:meta_value>
		</wp:postmeta>
							</item>
					<item>
		<title><![CDATA[Daniel Mejia Beltran]]></title>
		<link>http://localhost/sass-wp/daniel-mejia-beltran/</link>
		<pubDate>Fri, 28 Aug 2020 15:54:03 +0000</pubDate>
		<dc:creator><![CDATA[webmaster]]></dc:creator>
		<guid isPermaLink="false">https://valparaiso.com.mx/daniel-mejia-beltran/</guid>
		<description></description>
		<content:encoded><![CDATA[<strong>Contacto Valparaiso<br></strong> <br><strong>puesto.- </strong> 137. <br><strong>sucursal.- </strong> Toluca Nezahualcoyotl. <br><strong>documento-1.- </strong> CURP. <br><strong>documento-2.- </strong> RFC. <br><strong>documento-3.- </strong> Numero de Seguridad Social. <br><strong>documento-4.- </strong> Copia de Comprobante de Domicilio. <br><strong>documento-5.- </strong> Copia Acta Nacimiento. <br><strong>documento-6.- </strong> Copia de IFE. <br><strong>documento-7.- </strong> Cartas Laborales. <br><strong>documento-8.- </strong> Licencia Vigente. <br><strong>documento-9.- </strong> Copia de Comprobante de Estudios. <br><strong>Nombre.- </strong> Daniel. <br><strong>ApellidoPaterno.- </strong> Mejia. <br><strong>ApellidoMaterno.- </strong> Beltran. <br><strong>Edad.- </strong> 23. <br><strong>CURP.- </strong> MEBD97HMCJLN04. <br><strong>NSS.- </strong> 16159717665. <br><strong>Direccion.- </strong> Galileo Galilei 102. <br><strong>Ciudad.- </strong> Toluca. <br><strong>Colonia.- </strong> CientÃ­ficos. <br><strong>CP.- </strong> 50075. <br><strong>E-mail.- </strong> danybalorm@outlook.com. <br><strong>celular.- </strong> 7291091942. <br><strong>telefono.- </strong> 7229305535. <br><strong>Referencia1.- </strong> Sandra PeÃ±aloza. <br><strong>Referencia1empresa.- </strong> Merck. <br><strong>Referencia1telefono.- </strong> 7226478366. <br><strong>Referencia2.- </strong> Ismael Mendiola DÃ­az. <br><strong>Referencia2empresa.- </strong> Transportes B&amp;B. <br><strong>Referencia2telefono.- </strong> 7225910492. <br><strong>Referencia3.- </strong> Antonio Garcia Flores. <br><strong>Referencia3empresa.- </strong> Alas del Monte. <br><strong>Referencia3telefono.- </strong> 5620070720. <br><strong>Â¿Vives en Toluca?.- </strong> si. <br><strong>Â¿Has trabajado en Funeraria?.- </strong> No. <br><strong>Â¿Conoces el ramo funerario?.- </strong> si. <br><strong>Â¿Sueldo mensual deseado?.- </strong> 7500. <br><strong>Estado civil.- </strong>  UniÃ³n libre. <br><strong>Escolaridad.- </strong>  Licenciatura o Ingenieria. <br><strong>Â¿Tiene experiencia en Manejo de personal?.- </strong> Si. <br><strong>Â¿Tienes experiencia en la vacante?.- </strong> Si. <br><strong>Nombre de la empresa del Ãºltimo empleo.- </strong> Merck. <br><strong>Periodo que prestÃ³ sus servicios.- </strong> Dos aÃ±os y seis meses. <br><strong>Puesto desempeÃ±ado.- </strong> Supervisor de Departamento. <br><strong>Actividades que realizo.- </strong> LogÃ­stica y distribuciÃ³n<br />
Manejo y reparto de personal<br />
AsignaciÃ³n de unidades<br />
CreaciÃ³n de bases de datos<br />
Monitoreo de unidades<br />
Carga y descarga de producto<br />
RedacciÃ³n de procedimientos industriales. <br><strong>Motivo de separaciÃ³n.- </strong> RescisiÃ³n de contrato. <br><strong>Â¿Porque medio se entero de la vacante?.- </strong>  Indeed. <br><strong>Â¿Como considera su estado de salud actual?.- </strong> Bueno. <br><strong>Â¿Padece alguna enfermedad Cronica?.- </strong> No. <br><strong>Explique sus enfermedas crÃ³nicas.- </strong> Explique sus enfermedas crÃ³nicas. <br><strong>Â¿Puede viajar?.- </strong> pregunta-Si. <br><strong>Â¿Esta dispuesto a cambiar de Residencia?.- </strong> Si. <br>]]></content:encoded>
		<excerpt:encoded><![CDATA[]]></excerpt:encoded>
		<wp:post_id>655</wp:post_id>
		<wp:post_date><![CDATA[2020-08-28 15:54:03]]></wp:post_date>
		<wp:post_date_gmt><![CDATA[2020-08-28 15:54:03]]></wp:post_date_gmt>
		<wp:post_modified><![CDATA[2020-08-28 15:54:03]]></wp:post_modified>
		<wp:post_modified_gmt><![CDATA[2020-08-28 15:54:03]]></wp:post_modified_gmt>
		<wp:comment_status><![CDATA[closed]]></wp:comment_status>
		<wp:ping_status><![CDATA[closed]]></wp:ping_status>
		<wp:post_name><![CDATA[daniel-mejia-beltran]]></wp:post_name>
		<wp:status><![CDATA[publish]]></wp:status>
		<wp:post_parent>0</wp:post_parent>
		<wp:menu_order>0</wp:menu_order>
		<wp:post_type><![CDATA[post]]></wp:post_type>
		<wp:post_password><![CDATA[]]></wp:post_password>
		<wp:is_sticky>0</wp:is_sticky>
										<category domain="category" nicename="postulante-duplicado"><![CDATA[Postulante Duplicado]]></category>
		<category domain="post_tag" nicename="responsable-de-almacen-y-logistica"><![CDATA[Responsable de almacÃ©n y logÃ­stica]]></category>
						<wp:postmeta>
		<wp:meta_key><![CDATA[folio_global_meta]]></wp:meta_key>
		<wp:meta_value><![CDATA[49]]></wp:meta_value>
		</wp:postmeta>
							<wp:postmeta>
		<wp:meta_key><![CDATA[valpa_telefono_solicitante_meta]]></wp:meta_key>
		<wp:meta_value><![CDATA[7229305535]]></wp:meta_value>
		</wp:postmeta>
							<wp:postmeta>
		<wp:meta_key><![CDATA[valpa_celular_solicitante_meta]]></wp:meta_key>
		<wp:meta_value><![CDATA[7291091942]]></wp:meta_value>
		</wp:postmeta>
							<wp:postmeta>
		<wp:meta_key><![CDATA[valpa_mail_solicitante_meta]]></wp:meta_key>
		<wp:meta_value><![CDATA[danybalorm@outlook.com]]></wp:meta_value>
		</wp:postmeta>
							<wp:postmeta>
		<wp:meta_key><![CDATA[valpa_alias_solicitante_meta]]></wp:meta_key>
		<wp:meta_value><![CDATA[Daniel]]></wp:meta_value>
		</wp:postmeta>
							<wp:postmeta>
		<wp:meta_key><![CDATA[puesto_relacionado_meta]]></wp:meta_key>
		<wp:meta_value><![CDATA[Responsable de almacÃ©n y logÃ­stica]]></wp:meta_value>
		</wp:postmeta>
							<wp:postmeta>
		<wp:meta_key><![CDATA[sucursal_relacionada_meta]]></wp:meta_key>
		<wp:meta_value><![CDATA[Toluca Nezahualcoyotl]]></wp:meta_value>
		</wp:postmeta>
							<wp:postmeta>
		<wp:meta_key><![CDATA[solicitud_codigo_meta]]></wp:meta_key>
		<wp:meta_value><![CDATA[5a71d84ced]]></wp:meta_value>
		</wp:postmeta>
							<wp:postmeta>
		<wp:meta_key><![CDATA[_edit_last]]></wp:meta_key>
		<wp:meta_value><![CDATA[1]]></wp:meta_value>
		</wp:postmeta>
							</item>
					<item>
		<title><![CDATA[Daniel MejÃ­a Beltran]]></title>
		<link>http://localhost/sass-wp/daniel-mejia-beltran-2/</link>
		<pubDate>Fri, 28 Aug 2020 16:07:01 +0000</pubDate>
		<dc:creator><![CDATA[webmaster]]></dc:creator>
		<guid isPermaLink="false">https://valparaiso.com.mx/daniel-mejia-beltran-2/</guid>
		<description></description>
		<content:encoded><![CDATA[<strong>Contacto Valparaiso
</strong>
<strong>puesto.- </strong> 137.
<strong>sucursal.- </strong> Toluca Nezahualcoyotl.
<strong>documento-1.- </strong> CURP.
<strong>documento-2.- </strong> RFC.
<strong>documento-3.- </strong> Numero de Seguridad Social.
<strong>documento-4.- </strong> Copia de Comprobante de Domicilio.
<strong>documento-5.- </strong> Copia Acta Nacimiento.
<strong>documento-6.- </strong> Copia de IFE.
<strong>documento-7.- </strong> Cartas Laborales.
<strong>documento-8.- </strong> Licencia Vigente.
<strong>documento-9.- </strong> Copia de Comprobante de Estudios.
<strong>Nombre.- </strong> Daniel.
<strong>ApellidoPaterno.- </strong> MejÃ­a.
<strong>ApellidoMaterno.- </strong> Beltran.
<strong>Edad.- </strong> 23.
<strong>CURP.- </strong> MEBD97HMCJLN04.
<strong>NSS.- </strong> 16159717665.
<strong>Direccion.- </strong> GALILEO GALILEI 102.
<strong>Ciudad.- </strong> Toluca.
<strong>Colonia.- </strong> CientÃ­ficos.
<strong>CP.- </strong> 50075.
<strong>E-mail.- </strong> danybalorm@outlook.com.
<strong>celular.- </strong> 7291091942.
<strong>telefono.- </strong> 7229305535.
<strong>Referencia1.- </strong> Sandra PeÃ±aloza.
<strong>Referencia1empresa.- </strong> Merck.
<strong>Referencia1telefono.- </strong> 7226478366.
<strong>Referencia2.- </strong> Ismael Mendiola DÃ­az.
<strong>Referencia2empresa.- </strong> Transportes B&amp;B. (EN SHASHA CENTRO DE DISTRIBUCION)
<strong>Referencia2telefono.- </strong> 7225910492.
<strong>Referencia3.- </strong> Antonio Garcia Flores.
<strong>Referencia3empresa.- </strong> Alas del Monte. (TRABAJABA ERA PARTE TRANSPORTE )
<strong>Referencia3telefono.- </strong> 5520070720.
<strong>Â¿Vives en Toluca?.- </strong> si.
<strong>Â¿Has trabajado en Funeraria?.- </strong> No.
<strong>Â¿Conoces el ramo funerario?.- </strong> si.
<strong>Â¿Sueldo mensual deseado?.- </strong> 7000.
<strong>Estado civil.- </strong> Soltero.
<strong>Escolaridad.- </strong> Licenciatura o Ingenieria.
<strong>Â¿Tiene experiencia en Manejo de personal?.- </strong> Si.
<strong>Â¿Tienes experiencia en la vacante?.- </strong> Si.
<strong>Nombre de la empresa del Ãºltimo empleo.- </strong> Merck.
<strong>Periodo que prestÃ³ sus servicios.- </strong> 2 aÃ±os 8 neses. (PERIDODO FEBRERO DEL 2018 A 1 DE AGOSTO DE 2019)
<strong>Puesto desempeÃ±ado.- </strong> Supervisor de Departamento.
<strong>Actividades que realizo.- </strong> ElaboraciÃ³n de rutas
AsignaciÃ³n de unidades
DistribuciÃ³n
Rastreo de unidades y monitoreo
PlaneaciÃ³n anual de entregas
Bases de datos
Manejo de personal
RedacciÃ³n de procedimientos industriales.
<strong>Motivo de separaciÃ³n.- </strong> RescisiÃ³n de contrato.
<strong>Â¿Porque medio se entero de la vacante?.- </strong> Indeed.
<strong>Â¿Como considera su estado de salud actual?.- </strong> Bueno.
<strong>Â¿Padece alguna enfermedad Cronica?.- </strong> No.
<strong>Explique sus enfermedas crÃ³nicas.- </strong> No padezco.
<strong>Â¿Puede viajar?.- </strong> pregunta-Si.
<strong>Â¿Esta dispuesto a cambiar de Residencia?.- </strong> Si.

FUE SENCILLO MAS EFICIENTE, SUGERENCIA NO NINGUNA FUE RAPIDO Y FACIL.]]></content:encoded>
		<excerpt:encoded><![CDATA[]]></excerpt:encoded>
		<wp:post_id>656</wp:post_id>
		<wp:post_date><![CDATA[2020-08-28 16:07:01]]></wp:post_date>
		<wp:post_date_gmt><![CDATA[2020-08-28 16:07:01]]></wp:post_date_gmt>
		<wp:post_modified><![CDATA[2020-08-28 16:07:01]]></wp:post_modified>
		<wp:post_modified_gmt><![CDATA[2020-08-28 16:07:01]]></wp:post_modified_gmt>
		<wp:comment_status><![CDATA[open]]></wp:comment_status>
		<wp:ping_status><![CDATA[open]]></wp:ping_status>
		<wp:post_name><![CDATA[daniel-mejia-beltran-2]]></wp:post_name>
		<wp:status><![CDATA[publish]]></wp:status>
		<wp:post_parent>0</wp:post_parent>
		<wp:menu_order>0</wp:menu_order>
		<wp:post_type><![CDATA[post]]></wp:post_type>
		<wp:post_password><![CDATA[]]></wp:post_password>
		<wp:is_sticky>0</wp:is_sticky>
										<category domain="category" nicename="citado"><![CDATA[Citado]]></category>
		<category domain="post_tag" nicename="responsable-de-almacen-y-logistica"><![CDATA[Responsable de almacÃ©n y logÃ­stica]]></category>
						<wp:postmeta>
		<wp:meta_key><![CDATA[folio_global_meta]]></wp:meta_key>
		<wp:meta_value><![CDATA[50]]></wp:meta_value>
		</wp:postmeta>
							<wp:postmeta>
		<wp:meta_key><![CDATA[valpa_telefono_solicitante_meta]]></wp:meta_key>
		<wp:meta_value><![CDATA[7229305535]]></wp:meta_value>
		</wp:postmeta>
							<wp:postmeta>
		<wp:meta_key><![CDATA[valpa_celular_solicitante_meta]]></wp:meta_key>
		<wp:meta_value><![CDATA[7291091942]]></wp:meta_value>
		</wp:postmeta>
							<wp:postmeta>
		<wp:meta_key><![CDATA[valpa_mail_solicitante_meta]]></wp:meta_key>
		<wp:meta_value><![CDATA[danybalorm@outlook.com]]></wp:meta_value>
		</wp:postmeta>
							<wp:postmeta>
		<wp:meta_key><![CDATA[valpa_alias_solicitante_meta]]></wp:meta_key>
		<wp:meta_value><![CDATA[Daniel]]></wp:meta_value>
		</wp:postmeta>
							<wp:postmeta>
		<wp:meta_key><![CDATA[puesto_relacionado_meta]]></wp:meta_key>
		<wp:meta_value><![CDATA[Responsable de almacÃ©n y logÃ­stica]]></wp:meta_value>
		</wp:postmeta>
							<wp:postmeta>
		<wp:meta_key><![CDATA[sucursal_relacionada_meta]]></wp:meta_key>
		<wp:meta_value><![CDATA[Toluca Nezahualcoyotl]]></wp:meta_value>
		</wp:postmeta>
							<wp:postmeta>
		<wp:meta_key><![CDATA[solicitud_codigo_meta]]></wp:meta_key>
		<wp:meta_value><![CDATA[5a71d84ced]]></wp:meta_value>
		</wp:postmeta>
							<wp:postmeta>
		<wp:meta_key><![CDATA[_edit_last]]></wp:meta_key>
		<wp:meta_value><![CDATA[1]]></wp:meta_value>
		</wp:postmeta>
							<wp:postmeta>
		<wp:meta_key><![CDATA[_start_month]]></wp:meta_key>
		<wp:meta_value><![CDATA[08]]></wp:meta_value>
		</wp:postmeta>
							<wp:postmeta>
		<wp:meta_key><![CDATA[_start_day]]></wp:meta_key>
		<wp:meta_value><![CDATA[31]]></wp:meta_value>
		</wp:postmeta>
							<wp:postmeta>
		<wp:meta_key><![CDATA[_start_hour]]></wp:meta_key>
		<wp:meta_value><![CDATA[11]]></wp:meta_value>
		</wp:postmeta>
							<wp:postmeta>
		<wp:meta_key><![CDATA[_start_year]]></wp:meta_key>
		<wp:meta_value><![CDATA[2020]]></wp:meta_value>
		</wp:postmeta>
							<wp:postmeta>
		<wp:meta_key><![CDATA[_start_minute]]></wp:meta_key>
		<wp:meta_value><![CDATA[00]]></wp:meta_value>
		</wp:postmeta>
							<wp:postmeta>
		<wp:meta_key><![CDATA[_start_eventtimestamp]]></wp:meta_key>
		<wp:meta_value><![CDATA[202008311100]]></wp:meta_value>
		</wp:postmeta>
							</item>
					<item>
		<title><![CDATA[Edelsy  Ortiz  Guzman]]></title>
		<link>http://localhost/sass-wp/edelsy-ortiz-guzman/</link>
		<pubDate>Fri, 28 Aug 2020 17:11:51 +0000</pubDate>
		<dc:creator><![CDATA[webmaster]]></dc:creator>
		<guid isPermaLink="false">https://valparaiso.com.mx/edelsy-ortiz-guzman/</guid>
		<description></description>
		<content:encoded><![CDATA[<strong>Contacto Valparaiso
</strong>
<strong>puesto.- </strong> 137.
<strong>sucursal.- </strong> Toluca Nezahualcoyotl.
<strong>documento-1.- </strong> CURP.
<strong>documento-2.- </strong> RFC.
<strong>documento-3.- </strong> Numero de Seguridad Social.
<strong>documento-4.- </strong> Copia de Comprobante de Domicilio.
<strong>documento-5.- </strong> Copia Acta Nacimiento.
<strong>documento-6.- </strong> Copia de IFE.
<strong>documento-7.- </strong> Cartas Laborales.
<strong>documento-9.- </strong> Copia de Comprobante de Estudios.
<strong>Nombre.- </strong> Edelsy .
<strong>ApellidoPaterno.- </strong> Ortiz .
<strong>ApellidoMaterno.- </strong> Guzman.
<strong>Edad.- </strong> 29.
<strong>CURP.- </strong> OIGE910306MVZRZD03.
<strong>NSS.- </strong> 6511910552-9.
<strong>Direccion.- </strong> Av Rancho GRANde Bloq 3 301.
<strong>Ciudad.- </strong> Metepec.
<strong>Colonia.- </strong> Inonavid San Francisco.
<strong>CP.- </strong> 52177.
<strong>E-mail.- </strong> eortiz_06@hotmail.com.
<strong>celular.- </strong> 7224107175.
<strong>telefono.- </strong> 7291426701.
<strong>Referencia1.- </strong> Miguel Angel GarduÃ±o Hernandez.
<strong>Referencia1empresa.- </strong> Cronw Fabricas Monterrey.
<strong>Referencia1telefono.- </strong> 7224801180.
<strong>Referencia2.- </strong> Ishel de Leon Lopez.
<strong>Referencia2empresa.- </strong> Comercializadora Farmaceutica de Chiapas. (EN LOGISTICA, ENCARGADA DE DEVOLUCIONES FAMACIAS DEL AHORRO RETIRO TOTAL ENVIO HACIA PROVEDOR PERIODO DEL 2017 A 2020)
<strong>Referencia2telefono.- </strong> 5521408023.
<strong>Referencia3.- </strong> Manuel Mendoza.
<strong>Referencia3empresa.- </strong> All in One Carga Express. (CIUDAD DE MEXICO, PERIODO EN 2015 HASTA 2017, ACTIVIDADES EJECUTIVO DE CUENTA DE LA ENTREGA A NIVEL NACIONAL DE MUEBLES PARA AT&amp;T)
<strong>Referencia3telefono.- </strong> 5526436423.
<strong>Â¿Vives en Toluca?.- </strong> si.
<strong>Â¿Has trabajado en Funeraria?.- </strong> Si.
<strong>Â¿Conoces el ramo funerario?.- </strong> si.
<strong>Â¿Sueldo mensual deseado?.- </strong> 5,500 a 6,000 mensual.
<strong>Estado civil.- </strong> Soltero.
<strong>Escolaridad.- </strong> Bachillerato o Tecnico.
<strong>Â¿Tiene experiencia en Manejo de personal?.- </strong> Si.
<strong>Â¿Tienes experiencia en la vacante?.- </strong> Si.
<strong>Nombre de la empresa del Ãºltimo empleo.- </strong> Crown Fabricas Monterrey.
<strong>Periodo que prestÃ³ sus servicios.- </strong> Febrero 2020 a Julio 2020.
<strong>Puesto desempeÃ±ado.- </strong> RevisiÃ³n de Separadores.
<strong>Actividades que realizo.- </strong> Retiro de etiquetas y revisar que el material que se envÃ­a con el producto terminado valla en optimas condiciones a su destino final al almacÃ©n del cliente. AUXILIABA A SU JEFE EN AREA ADMINISTRATIVA, ORGANIZABA PARTE DEL ALMACEN Y MANEJO DE PERSONAL,
<strong>Motivo de separaciÃ³n.- </strong> Recorte de personal..
<strong>Â¿Porque medio se entero de la vacante?.- </strong> Indeed.
<strong>Â¿Como considera su estado de salud actual?.- </strong> Bueno.
<strong>Â¿Padece alguna enfermedad Cronica?.- </strong> No.
<strong>Explique sus enfermedas crÃ³nicas.- </strong> Ninguna..
<strong>Â¿Puede viajar?.- </strong> pregunta-Si.
<strong>Â¿Esta dispuesto a cambiar de Residencia?.- </strong> Si.

NO CUENTA CON LICENCIA DE MANEJO NO SABE MANEJAR, SE LE OFRECIO MONITORISTA Y DIJO QUE SI LE INTERESABA

SE SINTIO MUY COMODO SUGERENCIA QUE PUSIERAN MAS OPCIONES EN EXPERINECIA LABORAL]]></content:encoded>
		<excerpt:encoded><![CDATA[]]></excerpt:encoded>
		<wp:post_id>689</wp:post_id>
		<wp:post_date><![CDATA[2020-08-28 17:11:51]]></wp:post_date>
		<wp:post_date_gmt><![CDATA[2020-08-28 17:11:51]]></wp:post_date_gmt>
		<wp:post_modified><![CDATA[2020-08-28 17:11:51]]></wp:post_modified>
		<wp:post_modified_gmt><![CDATA[2020-08-28 17:11:51]]></wp:post_modified_gmt>
		<wp:comment_status><![CDATA[open]]></wp:comment_status>
		<wp:ping_status><![CDATA[open]]></wp:ping_status>
		<wp:post_name><![CDATA[edelsy-ortiz-guzman]]></wp:post_name>
		<wp:status><![CDATA[publish]]></wp:status>
		<wp:post_parent>0</wp:post_parent>
		<wp:menu_order>0</wp:menu_order>
		<wp:post_type><![CDATA[post]]></wp:post_type>
		<wp:post_password><![CDATA[]]></wp:post_password>
		<wp:is_sticky>0</wp:is_sticky>
										<category domain="category" nicename="citado"><![CDATA[Citado]]></category>
		<category domain="post_tag" nicename="responsable-de-almacen-y-logistica"><![CDATA[Responsable de almacÃ©n y logÃ­stica]]></category>
						<wp:postmeta>
		<wp:meta_key><![CDATA[folio_global_meta]]></wp:meta_key>
		<wp:meta_value><![CDATA[51]]></wp:meta_value>
		</wp:postmeta>
							<wp:postmeta>
		<wp:meta_key><![CDATA[valpa_telefono_solicitante_meta]]></wp:meta_key>
		<wp:meta_value><![CDATA[7291426701]]></wp:meta_value>
		</wp:postmeta>
							<wp:postmeta>
		<wp:meta_key><![CDATA[valpa_celular_solicitante_meta]]></wp:meta_key>
		<wp:meta_value><![CDATA[7224107175]]></wp:meta_value>
		</wp:postmeta>
							<wp:postmeta>
		<wp:meta_key><![CDATA[valpa_mail_solicitante_meta]]></wp:meta_key>
		<wp:meta_value><![CDATA[eortiz_06@hotmail.com]]></wp:meta_value>
		</wp:postmeta>
							<wp:postmeta>
		<wp:meta_key><![CDATA[valpa_alias_solicitante_meta]]></wp:meta_key>
		<wp:meta_value><![CDATA[Edelsy ]]></wp:meta_value>
		</wp:postmeta>
							<wp:postmeta>
		<wp:meta_key><![CDATA[puesto_relacionado_meta]]></wp:meta_key>
		<wp:meta_value><![CDATA[Responsable de almacÃ©n y logÃ­stica]]></wp:meta_value>
		</wp:postmeta>
							<wp:postmeta>
		<wp:meta_key><![CDATA[sucursal_relacionada_meta]]></wp:meta_key>
		<wp:meta_value><![CDATA[Toluca Nezahualcoyotl]]></wp:meta_value>
		</wp:postmeta>
							<wp:postmeta>
		<wp:meta_key><![CDATA[solicitud_codigo_meta]]></wp:meta_key>
		<wp:meta_value><![CDATA[5a71d84ced]]></wp:meta_value>
		</wp:postmeta>
							<wp:postmeta>
		<wp:meta_key><![CDATA[_edit_last]]></wp:meta_key>
		<wp:meta_value><![CDATA[1]]></wp:meta_value>
		</wp:postmeta>
							<wp:postmeta>
		<wp:meta_key><![CDATA[_start_month]]></wp:meta_key>
		<wp:meta_value><![CDATA[08]]></wp:meta_value>
		</wp:postmeta>
							<wp:postmeta>
		<wp:meta_key><![CDATA[_start_day]]></wp:meta_key>
		<wp:meta_value><![CDATA[31]]></wp:meta_value>
		</wp:postmeta>
							<wp:postmeta>
		<wp:meta_key><![CDATA[_start_hour]]></wp:meta_key>
		<wp:meta_value><![CDATA[11]]></wp:meta_value>
		</wp:postmeta>
							<wp:postmeta>
		<wp:meta_key><![CDATA[_start_year]]></wp:meta_key>
		<wp:meta_value><![CDATA[2020]]></wp:meta_value>
		</wp:postmeta>
							<wp:postmeta>
		<wp:meta_key><![CDATA[_start_minute]]></wp:meta_key>
		<wp:meta_value><![CDATA[15]]></wp:meta_value>
		</wp:postmeta>
							<wp:postmeta>
		<wp:meta_key><![CDATA[_start_eventtimestamp]]></wp:meta_key>
		<wp:meta_value><![CDATA[202008311115]]></wp:meta_value>
		</wp:postmeta>
							</item>
					<item>
		<title><![CDATA[Diana Gabriela Ruiz Perez]]></title>
		<link>http://localhost/sass-wp/diana-gabriela-ruiz-perez/</link>
		<pubDate>Fri, 28 Aug 2020 17:38:40 +0000</pubDate>
		<dc:creator><![CDATA[webmaster]]></dc:creator>
		<guid isPermaLink="false">https://valparaiso.com.mx/diana-gabriela-ruiz-perez/</guid>
		<description></description>
		<content:encoded><![CDATA[<strong>Contacto Valparaiso<br></strong> <br><strong>puesto.- </strong> 151. <br><strong>sucursal.- </strong> Toluca Nezahualcoyotl. <br><strong>documento-1.- </strong> CURP. <br><strong>documento-2.- </strong> RFC. <br><strong>documento-3.- </strong> Numero de Seguridad Social. <br><strong>documento-4.- </strong> Copia de Comprobante de Domicilio. <br><strong>documento-5.- </strong> Copia Acta Nacimiento. <br><strong>documento-6.- </strong> Copia de IFE. <br><strong>documento-7.- </strong> Cartas Laborales. <br><strong>documento-9.- </strong> Copia de Comprobante de Estudios. <br><strong>Nombre.- </strong> Diana Gabriela. <br><strong>ApellidoPaterno.- </strong> Ruiz. <br><strong>ApellidoMaterno.- </strong> Perez . <br><strong>Edad.- </strong> 25 . <br><strong>CURP.- </strong> RUPD950219MMCZRN01. <br><strong>NSS.- </strong> 26149577616. <br><strong>Direccion.- </strong> CUAUHTEMOC 129. <br><strong>Ciudad.- </strong> Toluca de Lerdo. <br><strong>Colonia.- </strong> CapultitlÃ¡n. <br><strong>CP.- </strong> 50260. <br><strong>E-mail.- </strong> gabyruiz238@hotmail.com. <br><strong>celular.- </strong> 7292293070. <br><strong>telefono.- </strong> 7292293070. <br><strong>Referencia1.- </strong> Grupo Excaphmex . <br><strong>Referencia1empresa.- </strong> LogÃ­stica y transporte. <br><strong>Referencia1telefono.- </strong> +52 55 3717 9268. <br><strong>Referencia2.- </strong> Comercializadora farmacÃ©utica de Chiapas . <br><strong>Referencia2empresa.- </strong> Farmacias del ahorro. <br><strong>Referencia2telefono.- </strong> 5553224320. <br><strong>Referencia3.- </strong> Rh. <br><strong>Referencia3empresa.- </strong> FarmacÃ©utica. <br><strong>Referencia3telefono.- </strong> 5553224320. <br><strong>Â¿Vives en Toluca?.- </strong> si. <br><strong>Â¿Has trabajado en Funeraria?.- </strong> No. <br><strong>Â¿Conoces el ramo funerario?.- </strong> si. <br><strong>Â¿Sueldo mensual deseado?.- </strong> 7000. <br><strong>Estado civil.- </strong> Soltero. <br><strong>Escolaridad.- </strong>  Bachillerato o Tecnico. <br><strong>Â¿Tienes experiencia en la vacante?.- </strong> Si. <br><strong>Nombre de la empresa del Ãºltimo empleo.- </strong> Grupo Excaphmex. <br><strong>Periodo que prestÃ³ sus servicios.- </strong> 9 meses . <br><strong>Puesto desempeÃ±ado.- </strong> Monitorista. <br><strong>Actividades que realizo.- </strong> Monitoreo de unidades desde origen hasta destuno, gestiÃ³n de maniobras, reportes y prÃ³rrogas . <br><strong>Motivo de separaciÃ³n.- </strong> Termino de campaÃ±a . <br><strong>Â¿Porque medio se entero de la vacante?.- </strong>  Indeed. <br><strong>Â¿Como considera su estado de salud actual?.- </strong> Bueno. <br><strong>Â¿Padece alguna enfermedad Cronica?.- </strong> No. <br><strong>Explique sus enfermedas crÃ³nicas.- </strong> Explique sus enfermedas crÃ³nicas. <br><strong>Â¿Puede viajar?.- </strong> pregunta-Si. <br><strong>Â¿Esta dispuesto a cambiar de Residencia?.- </strong>  No. <br>]]></content:encoded>
		<excerpt:encoded><![CDATA[]]></excerpt:encoded>
		<wp:post_id>729</wp:post_id>
		<wp:post_date><![CDATA[2020-08-28 17:38:40]]></wp:post_date>
		<wp:post_date_gmt><![CDATA[2020-08-28 17:38:40]]></wp:post_date_gmt>
		<wp:post_modified><![CDATA[2020-08-28 17:38:40]]></wp:post_modified>
		<wp:post_modified_gmt><![CDATA[2020-08-28 17:38:40]]></wp:post_modified_gmt>
		<wp:comment_status><![CDATA[closed]]></wp:comment_status>
		<wp:ping_status><![CDATA[closed]]></wp:ping_status>
		<wp:post_name><![CDATA[diana-gabriela-ruiz-perez]]></wp:post_name>
		<wp:status><![CDATA[publish]]></wp:status>
		<wp:post_parent>0</wp:post_parent>
		<wp:menu_order>0</wp:menu_order>
		<wp:post_type><![CDATA[post]]></wp:post_type>
		<wp:post_password><![CDATA[]]></wp:post_password>
		<wp:is_sticky>0</wp:is_sticky>
										<category domain="post_tag" nicename="monitorista"><![CDATA[Monitorista]]></category>
		<category domain="category" nicename="postulante-duplicado"><![CDATA[Postulante Duplicado]]></category>
						<wp:postmeta>
		<wp:meta_key><![CDATA[folio_global_meta]]></wp:meta_key>
		<wp:meta_value><![CDATA[52]]></wp:meta_value>
		</wp:postmeta>
							<wp:postmeta>
		<wp:meta_key><![CDATA[valpa_telefono_solicitante_meta]]></wp:meta_key>
		<wp:meta_value><![CDATA[7292293070]]></wp:meta_value>
		</wp:postmeta>
							<wp:postmeta>
		<wp:meta_key><![CDATA[valpa_celular_solicitante_meta]]></wp:meta_key>
		<wp:meta_value><![CDATA[7292293070]]></wp:meta_value>
		</wp:postmeta>
							<wp:postmeta>
		<wp:meta_key><![CDATA[valpa_mail_solicitante_meta]]></wp:meta_key>
		<wp:meta_value><![CDATA[gabyruiz238@hotmail.com]]></wp:meta_value>
		</wp:postmeta>
							<wp:postmeta>
		<wp:meta_key><![CDATA[valpa_alias_solicitante_meta]]></wp:meta_key>
		<wp:meta_value><![CDATA[Diana Gabriela]]></wp:meta_value>
		</wp:postmeta>
							<wp:postmeta>
		<wp:meta_key><![CDATA[puesto_relacionado_meta]]></wp:meta_key>
		<wp:meta_value><![CDATA[Monitorista]]></wp:meta_value>
		</wp:postmeta>
							<wp:postmeta>
		<wp:meta_key><![CDATA[sucursal_relacionada_meta]]></wp:meta_key>
		<wp:meta_value><![CDATA[Toluca Nezahualcoyotl]]></wp:meta_value>
		</wp:postmeta>
							<wp:postmeta>
		<wp:meta_key><![CDATA[solicitud_codigo_meta]]></wp:meta_key>
		<wp:meta_value><![CDATA[5a71d84ced]]></wp:meta_value>
		</wp:postmeta>
							<wp:postmeta>
		<wp:meta_key><![CDATA[_edit_last]]></wp:meta_key>
		<wp:meta_value><![CDATA[1]]></wp:meta_value>
		</wp:postmeta>
							</item>
					<item>
		<title><![CDATA[Diana Gabriela Ruiz Perez]]></title>
		<link>http://localhost/sass-wp/diana-gabriela-ruiz-perez-2/</link>
		<pubDate>Fri, 28 Aug 2020 17:42:24 +0000</pubDate>
		<dc:creator><![CDATA[webmaster]]></dc:creator>
		<guid isPermaLink="false">https://valparaiso.com.mx/diana-gabriela-ruiz-perez-2/</guid>
		<description></description>
		<content:encoded><![CDATA[<strong>Contacto Valparaiso
</strong>
<strong>puesto.- </strong> 151.
<strong>sucursal.- </strong> Toluca Nezahualcoyotl.
<strong>documento-1.- </strong> CURP.
<strong>documento-2.- </strong> RFC.
<strong>documento-3.- </strong> Numero de Seguridad Social.
<strong>documento-4.- </strong> Copia de Comprobante de Domicilio.
<strong>documento-5.- </strong> Copia Acta Nacimiento.
<strong>documento-6.- </strong> Copia de IFE.
<strong>documento-7.- </strong> Cartas Laborales.
<strong>documento-9.- </strong> Copia de Comprobante de Estudios.
<strong>Nombre.- </strong> Diana Gabriela.
<strong>ApellidoPaterno.- </strong> Ruiz.
<strong>ApellidoMaterno.- </strong> Perez .
<strong>Edad.- </strong> 25 .
<strong>CURP.- </strong> RUPD950219MMCZRN01.
<strong>NSS.- </strong> 26149577616.
<strong>Direccion.- </strong> CUAUHTEMOC 129.
<strong>Ciudad.- </strong> Toluca de Lerdo.
<strong>Colonia.- </strong> CapultitlÃ¡n.
<strong>CP.- </strong> 50260.
<strong>E-mail.- </strong> gabyruiz238@hotmail.com.

CONOCE LOS SERVICIOS Y NOS UBICA
<strong>celular.- </strong> 7292293070.
<strong>telefono.- </strong> 7292293070.
<strong>Referencia1.- </strong> Grupo Excaphmex .
<strong>Referencia1empresa.- </strong> LogÃ­stica y transporte.
<strong>Referencia1telefono.- </strong> +52 55 3717 9268.
<strong>Referencia2.- </strong> Comercializadora farmacÃ©utica de Chiapas . (PERIODO LABORA 1 AÃO DE FEBRERO DEL 2019 A ENERO 2020, ANALISTA DE INVENTARIOS ENTRADAS Y SALIDAD Y CHECABA EXIXTENCIA Y CAJERA)
<strong>Referencia2empresa.- </strong> Farmacias del ahorro.
<strong>Referencia2telefono.- </strong> 5553224320.
<strong>Referencia3.- </strong> Pinturas Jm .
<strong>Referencia3empresa.- </strong> Sherwin Williams . (PERIODO EN JULIO DEL 2018 A ENERO 2019 COMO CAJERA CON SOLVENTES Y LE AFECTO POR LOS SOLVENTES ARQUEJO Y CAJA Y COBRO)
<strong>Referencia3telefono.- </strong> 7293659128.
<strong>Â¿Vives en Toluca?.- </strong> si.
<strong>Â¿Has trabajado en Funeraria?.- </strong> No.
<strong>Â¿Conoces el ramo funerario?.- </strong> si.
<strong>Â¿Sueldo mensual deseado?.- </strong> 7000.
<strong>Estado civil.- </strong> Soltero.
<strong>Escolaridad.- </strong> Bachillerato o Tecnico.
<strong>Â¿Tienes experiencia en la vacante?.- </strong> Si.
<strong>Nombre de la empresa del Ãºltimo empleo.- </strong> Grupo Excaphmex.
<strong>Periodo que prestÃ³ sus servicios.- </strong> 9 meses . (PERIODO DE ENERO 2020- ACTUALMENTE) 20 DIAS QUE SALIO DE AHI
<strong>Puesto desempeÃ±ado.- </strong> Monitorista.
<strong>Actividades que realizo.- </strong> Monitoreo de unidades desde origen hasta destinos, gestiÃ³n de maniobras, Reportes y bitÃ¡coras de unidades.
<strong>Motivo de separaciÃ³n.- </strong> TerminÃ³ de contrato .
<strong>Â¿Porque medio se entero de la vacante?.- </strong> Indeed.
<strong>Â¿Como considera su estado de salud actual?.- </strong> Bueno.
<strong>Â¿Padece alguna enfermedad Cronica?.- </strong> No.
<strong>Explique sus enfermedas crÃ³nicas.- </strong> Explique sus enfermedas crÃ³nicas.
<strong>Â¿Puede viajar?.- </strong> pregunta-Si.
<strong>Â¿Esta dispuesto a cambiar de Residencia?.- </strong> No.

FUE INCIERTO SALIO ERROR EN EL ENVIO, DE COMPUTADORA Y SALIO DE ERROR DE ENVIO

PRACTICA Y BIEN]]></content:encoded>
		<excerpt:encoded><![CDATA[]]></excerpt:encoded>
		<wp:post_id>737</wp:post_id>
		<wp:post_date><![CDATA[2020-08-28 17:42:24]]></wp:post_date>
		<wp:post_date_gmt><![CDATA[2020-08-28 17:42:24]]></wp:post_date_gmt>
		<wp:post_modified><![CDATA[2020-08-28 17:42:24]]></wp:post_modified>
		<wp:post_modified_gmt><![CDATA[2020-08-28 17:42:24]]></wp:post_modified_gmt>
		<wp:comment_status><![CDATA[closed]]></wp:comment_status>
		<wp:ping_status><![CDATA[closed]]></wp:ping_status>
		<wp:post_name><![CDATA[diana-gabriela-ruiz-perez-2]]></wp:post_name>
		<wp:status><![CDATA[publish]]></wp:status>
		<wp:post_parent>0</wp:post_parent>
		<wp:menu_order>0</wp:menu_order>
		<wp:post_type><![CDATA[post]]></wp:post_type>
		<wp:post_password><![CDATA[]]></wp:post_password>
		<wp:is_sticky>0</wp:is_sticky>
										<category domain="post_tag" nicename="monitorista"><![CDATA[Monitorista]]></category>
		<category domain="category" nicename="proceso-referencia"><![CDATA[Proceso Referencia]]></category>
						<wp:postmeta>
		<wp:meta_key><![CDATA[folio_global_meta]]></wp:meta_key>
		<wp:meta_value><![CDATA[53]]></wp:meta_value>
		</wp:postmeta>
							<wp:postmeta>
		<wp:meta_key><![CDATA[valpa_telefono_solicitante_meta]]></wp:meta_key>
		<wp:meta_value><![CDATA[7292293070]]></wp:meta_value>
		</wp:postmeta>
							<wp:postmeta>
		<wp:meta_key><![CDATA[valpa_celular_solicitante_meta]]></wp:meta_key>
		<wp:meta_value><![CDATA[7292293070]]></wp:meta_value>
		</wp:postmeta>
							<wp:postmeta>
		<wp:meta_key><![CDATA[valpa_mail_solicitante_meta]]></wp:meta_key>
		<wp:meta_value><![CDATA[gabyruiz238@hotmail.com]]></wp:meta_value>
		</wp:postmeta>
							<wp:postmeta>
		<wp:meta_key><![CDATA[valpa_alias_solicitante_meta]]></wp:meta_key>
		<wp:meta_value><![CDATA[Diana Gabriela]]></wp:meta_value>
		</wp:postmeta>
							<wp:postmeta>
		<wp:meta_key><![CDATA[puesto_relacionado_meta]]></wp:meta_key>
		<wp:meta_value><![CDATA[Monitorista]]></wp:meta_value>
		</wp:postmeta>
							<wp:postmeta>
		<wp:meta_key><![CDATA[sucursal_relacionada_meta]]></wp:meta_key>
		<wp:meta_value><![CDATA[Toluca Nezahualcoyotl]]></wp:meta_value>
		</wp:postmeta>
							<wp:postmeta>
		<wp:meta_key><![CDATA[solicitud_codigo_meta]]></wp:meta_key>
		<wp:meta_value><![CDATA[5a71d84ced]]></wp:meta_value>
		</wp:postmeta>
							<wp:postmeta>
		<wp:meta_key><![CDATA[_edit_last]]></wp:meta_key>
		<wp:meta_value><![CDATA[1]]></wp:meta_value>
		</wp:postmeta>
							<wp:postmeta>
		<wp:meta_key><![CDATA[_start_month]]></wp:meta_key>
		<wp:meta_value><![CDATA[08]]></wp:meta_value>
		</wp:postmeta>
							<wp:postmeta>
		<wp:meta_key><![CDATA[_start_day]]></wp:meta_key>
		<wp:meta_value><![CDATA[31]]></wp:meta_value>
		</wp:postmeta>
							<wp:postmeta>
		<wp:meta_key><![CDATA[_start_hour]]></wp:meta_key>
		<wp:meta_value><![CDATA[11]]></wp:meta_value>
		</wp:postmeta>
							<wp:postmeta>
		<wp:meta_key><![CDATA[_start_year]]></wp:meta_key>
		<wp:meta_value><![CDATA[2020]]></wp:meta_value>
		</wp:postmeta>
							<wp:postmeta>
		<wp:meta_key><![CDATA[_start_minute]]></wp:meta_key>
		<wp:meta_value><![CDATA[15]]></wp:meta_value>
		</wp:postmeta>
							<wp:postmeta>
		<wp:meta_key><![CDATA[_start_eventtimestamp]]></wp:meta_key>
		<wp:meta_value><![CDATA[202008311115]]></wp:meta_value>
		</wp:postmeta>
							</item>
					<item>
		<title><![CDATA[Bani Emanuel Manjarrez GarcÃ­a]]></title>
		<link>http://localhost/sass-wp/bani-emanuel-manjarrez-garcia/</link>
		<pubDate>Fri, 28 Aug 2020 17:48:13 +0000</pubDate>
		<dc:creator><![CDATA[webmaster]]></dc:creator>
		<guid isPermaLink="false">https://valparaiso.com.mx/bani-emanuel-manjarrez-garcia/</guid>
		<description></description>
		<content:encoded><![CDATA[<strong>Contacto Valparaiso
</strong>
<strong>puesto.- </strong> 137.
<strong>sucursal.- </strong> Toluca Nezahualcoyotl.
<strong>documento-1.- </strong> CURP.
<strong>documento-2.- </strong> RFC.
<strong>documento-3.- </strong> Numero de Seguridad Social.
<strong>documento-4.- </strong> Copia de Comprobante de Domicilio.
<strong>documento-5.- </strong> Copia Acta Nacimiento.
<strong>documento-6.- </strong> Copia de IFE.
<strong>documento-7.- </strong> Cartas Laborales.
<strong>documento-8.- </strong> Licencia Vigente.
<strong>documento-9.- </strong> Copia de Comprobante de Estudios.
<strong>Nombre.- </strong> Bani Emanuel.
<strong>ApellidoPaterno.- </strong> Manjarrez.
<strong>ApellidoMaterno.- </strong> GarcÃ­a.
<strong>Edad.- </strong> 29.
<strong>CURP.- </strong> Magb910420hmcnrn02.
<strong>NSS.- </strong> 16109162806.
<strong>Direccion.- </strong> 5 de febrero 340 .
<strong>Ciudad.- </strong> Metepec.
<strong>Colonia.- </strong> Bellavista.
<strong>CP.- </strong> 52172.

CONOCE LOS SERVICIOS<strong>E-mail.- </strong> al221410633@gmail.com.
<strong>celular.- </strong> 7227110450.
<strong>telefono.- </strong> 7222712120.
<strong>Referencia1.- </strong> Roxana Madin Ulloa.
<strong>Referencia1empresa.- </strong> Transporte Castores de baja California. (PERIODO DE 2018 A FEB 2020) COORDINADOR OPERATIVO GERENCIAL A CARGO DE 6 PERSONAS Y FLOTILLA DE UNIDADES
<strong>Referencia1telefono.- </strong> 729 153 7782.
<strong>Referencia2.- </strong> Ãngel Vargas.
<strong>Referencia2empresa.- </strong> Grupo Sigma divisiÃ³n Golfo. (PERIODO INGENIERO DE SISTEMAS DEL 2016 A DIC 2018)
<strong>Referencia2telefono.- </strong> 722 498 6358.
<strong>Referencia3.- </strong> FroylÃ¡n GarcÃ­a.
<strong>Referencia3empresa.- </strong> Transporte GarcÃ­a.
<strong>Referencia3telefono.- </strong> 722 261 8565.
<strong>Â¿Vives en Toluca?.- </strong> si.
<strong>Â¿Has trabajado en Funeraria?.- </strong> No.
<strong>Â¿Conoces el ramo funerario?.- </strong> no.
<strong>Â¿Sueldo mensual deseado?.- </strong> 10000.
<strong>Estado civil.- </strong> Soltero.
<strong>Escolaridad.- </strong> Bachillerato o Tecnico.
<strong>Â¿Tiene experiencia en Manejo de personal?.- </strong> Si.
<strong>Â¿Tienes experiencia en la vacante?.- </strong> Si.
<strong>Nombre de la empresa del Ãºltimo empleo.- </strong> Morgan express.
<strong>Periodo que prestÃ³ sus servicios.- </strong> 6 meses. (MARZO 2020 ACTUALMENTE)
<strong>Puesto desempeÃ±ado.- </strong> Coordinador de operaciones.
<strong>Actividades que realizo.- </strong> CoordinaciÃ³n de unidades, control de devoluciones, control y asignaciÃ³n de recursos para operaciÃ³n logÃ­stica, manejo de flotilla..
<strong>Motivo de separaciÃ³n.- </strong> Distancia y horarios poco flexibles.
<strong>Â¿Porque medio se entero de la vacante?.- </strong> Indeed.
<strong>Â¿Como considera su estado de salud actual?.- </strong> Regular.
<strong>Â¿Padece alguna enfermedad Cronica?.- </strong> No.
<strong>Explique sus enfermedas crÃ³nicas.- </strong> Explique sus enfermedas crÃ³nicas.
<strong>Â¿Puede viajar?.- </strong> pregunta-Si.
<strong>Â¿Esta dispuesto a cambiar de Residencia?.- </strong> Si.

FUE SENCILLO Y RAPIDO AL FINALIZAR ARROGO ERROR DE ENVIO]]></content:encoded>
		<excerpt:encoded><![CDATA[]]></excerpt:encoded>
		<wp:post_id>745</wp:post_id>
		<wp:post_date><![CDATA[2020-08-28 17:48:13]]></wp:post_date>
		<wp:post_date_gmt><![CDATA[2020-08-28 17:48:13]]></wp:post_date_gmt>
		<wp:post_modified><![CDATA[2020-08-28 17:48:13]]></wp:post_modified>
		<wp:post_modified_gmt><![CDATA[2020-08-28 17:48:13]]></wp:post_modified_gmt>
		<wp:comment_status><![CDATA[open]]></wp:comment_status>
		<wp:ping_status><![CDATA[open]]></wp:ping_status>
		<wp:post_name><![CDATA[bani-emanuel-manjarrez-garcia]]></wp:post_name>
		<wp:status><![CDATA[publish]]></wp:status>
		<wp:post_parent>0</wp:post_parent>
		<wp:menu_order>0</wp:menu_order>
		<wp:post_type><![CDATA[post]]></wp:post_type>
		<wp:post_password><![CDATA[]]></wp:post_password>
		<wp:is_sticky>0</wp:is_sticky>
										<category domain="category" nicename="citado"><![CDATA[Citado]]></category>
		<category domain="post_tag" nicename="responsable-de-almacen-y-logistica"><![CDATA[Responsable de almacÃ©n y logÃ­stica]]></category>
						<wp:postmeta>
		<wp:meta_key><![CDATA[folio_global_meta]]></wp:meta_key>
		<wp:meta_value><![CDATA[54]]></wp:meta_value>
		</wp:postmeta>
							<wp:postmeta>
		<wp:meta_key><![CDATA[valpa_telefono_solicitante_meta]]></wp:meta_key>
		<wp:meta_value><![CDATA[7222712120]]></wp:meta_value>
		</wp:postmeta>
							<wp:postmeta>
		<wp:meta_key><![CDATA[valpa_celular_solicitante_meta]]></wp:meta_key>
		<wp:meta_value><![CDATA[7227110450]]></wp:meta_value>
		</wp:postmeta>
							<wp:postmeta>
		<wp:meta_key><![CDATA[valpa_mail_solicitante_meta]]></wp:meta_key>
		<wp:meta_value><![CDATA[al221410633@gmail.com]]></wp:meta_value>
		</wp:postmeta>
							<wp:postmeta>
		<wp:meta_key><![CDATA[valpa_alias_solicitante_meta]]></wp:meta_key>
		<wp:meta_value><![CDATA[Bani Emanuel]]></wp:meta_value>
		</wp:postmeta>
							<wp:postmeta>
		<wp:meta_key><![CDATA[puesto_relacionado_meta]]></wp:meta_key>
		<wp:meta_value><![CDATA[Responsable de almacÃ©n y logÃ­stica]]></wp:meta_value>
		</wp:postmeta>
							<wp:postmeta>
		<wp:meta_key><![CDATA[sucursal_relacionada_meta]]></wp:meta_key>
		<wp:meta_value><![CDATA[Toluca Nezahualcoyotl]]></wp:meta_value>
		</wp:postmeta>
							<wp:postmeta>
		<wp:meta_key><![CDATA[solicitud_codigo_meta]]></wp:meta_key>
		<wp:meta_value><![CDATA[5a71d84ced]]></wp:meta_value>
		</wp:postmeta>
							<wp:postmeta>
		<wp:meta_key><![CDATA[_edit_last]]></wp:meta_key>
		<wp:meta_value><![CDATA[1]]></wp:meta_value>
		</wp:postmeta>
							<wp:postmeta>
		<wp:meta_key><![CDATA[_start_month]]></wp:meta_key>
		<wp:meta_value><![CDATA[08]]></wp:meta_value>
		</wp:postmeta>
							<wp:postmeta>
		<wp:meta_key><![CDATA[_start_day]]></wp:meta_key>
		<wp:meta_value><![CDATA[31]]></wp:meta_value>
		</wp:postmeta>
							<wp:postmeta>
		<wp:meta_key><![CDATA[_start_hour]]></wp:meta_key>
		<wp:meta_value><![CDATA[11]]></wp:meta_value>
		</wp:postmeta>
							<wp:postmeta>
		<wp:meta_key><![CDATA[_start_year]]></wp:meta_key>
		<wp:meta_value><![CDATA[2020]]></wp:meta_value>
		</wp:postmeta>
							<wp:postmeta>
		<wp:meta_key><![CDATA[_start_minute]]></wp:meta_key>
		<wp:meta_value><![CDATA[15]]></wp:meta_value>
		</wp:postmeta>
							<wp:postmeta>
		<wp:meta_key><![CDATA[_start_eventtimestamp]]></wp:meta_key>
		<wp:meta_value><![CDATA[202008311115]]></wp:meta_value>
		</wp:postmeta>
							</item>
					<item>
		<title><![CDATA[Selene Ponce Leal]]></title>
		<link>http://localhost/sass-wp/selene-ponce-leal/</link>
		<pubDate>Fri, 28 Aug 2020 18:06:16 +0000</pubDate>
		<dc:creator><![CDATA[webmaster]]></dc:creator>
		<guid isPermaLink="false">https://valparaiso.com.mx/selene-ponce-leal/</guid>
		<description></description>
		<content:encoded><![CDATA[<strong>Contacto Valparaiso
</strong>
<strong>puesto.- </strong> 151.
<strong>sucursal.- </strong> Toluca Nezahualcoyotl.
<strong>documento-1.- </strong> CURP.
<strong>documento-2.- </strong> RFC.
<strong>documento-3.- </strong> Numero de Seguridad Social.
<strong>documento-4.- </strong> Copia de Comprobante de Domicilio.
<strong>documento-5.- </strong> Copia Acta Nacimiento.
<strong>documento-6.- </strong> Copia de IFE.
<strong>documento-7.- </strong> Cartas Laborales.
<strong>documento-8.- </strong> Licencia Vigente.
<strong>documento-9.- </strong> Copia de Comprobante de Estudios.
<strong>Nombre.- </strong> Selene.
<strong>ApellidoPaterno.- </strong> Ponce.
<strong>ApellidoMaterno.- </strong> Leal.
<strong>Edad.- </strong> 39.
<strong>CURP.- </strong> Pold810607mdfnln07.
<strong>NSS.- </strong> 16998114462.
<strong>Direccion.- </strong> Prado nte C16.
<strong>Ciudad.- </strong> Toluca.
<strong>Colonia.- </strong> Prados.
<strong>CP.- </strong> 50240.
<strong>E-mail.- </strong> Audyane@gmail.com.
<strong>celular.- </strong> 7223577169.
<strong>telefono.- </strong> 7223577169.
<strong>Referencia1.- </strong> Manpower.
<strong>Referencia1empresa.- </strong> 27234567 ext 3545.
<strong>Referencia1telefono.- </strong> Ext 3545.
<strong>Referencia2.- </strong> SupervisiÃ³n  seguridad.
<strong>Referencia2empresa.- </strong> 7226286639.
<strong>Referencia2telefono.- </strong> 7226286639.
<strong>Referencia3.- </strong> Lic miranda.
<strong>Referencia3empresa.- </strong> Zeus..
<strong>Referencia3telefono.- </strong> 2896745.
<strong>Â¿Vives en Toluca?.- </strong> si.
<strong>Â¿Has trabajado en Funeraria?.- </strong> No.
<strong>Â¿Conoces el ramo funerario?.- </strong> si.
<strong>Â¿Sueldo mensual deseado?.- </strong> 7000.
<strong>Estado civil.- </strong>  UniÃ³n libre.
<strong>Escolaridad.- </strong>  Licenciatura o Ingenieria.
<strong>Â¿Tienes experiencia en la vacante?.- </strong> Si.
<strong>Nombre de la empresa del Ãºltimo empleo.- </strong> Empresa privada a.a de c.v.
<strong>Periodo que prestÃ³ sus servicios.- </strong> 2019.
<strong>Puesto desempeÃ±ado.- </strong> 2020.
<strong>Actividades que realizo.- </strong> Actividades que realizo
VerificaciÃ³n del panel de monitoreo. Con activaciÃ³n de anel de Emergencias.asÃ­ mismo control del gps de unidades en situaciÃ³n de custodias forÃ¡neas .
Manejo de situaciones de Emergencias crÃ­ticas
.
<strong>Motivo de separaciÃ³n.- </strong> Motivo de separaciÃ³n
Por situaciÃ³n de pandemia recorte  de personal.
<strong>Â¿Porque medio se entero de la vacante?.- </strong>  Indeed.
<strong>Â¿Como considera su estado de salud actual?.- </strong> Bueno.
<strong>Â¿Padece alguna enfermedad Cronica?.- </strong>  Si .
<strong>Explique sus enfermedas crÃ³nicas.- </strong> Explique sus enfermedas crÃ³nicas
Asma ctonica controlada por medicacion.
<strong>Â¿Puede viajar?.- </strong> pregunta-Si.
<strong>Â¿Esta dispuesto a cambiar de Residencia?.- </strong> Si.]]></content:encoded>
		<excerpt:encoded><![CDATA[]]></excerpt:encoded>
		<wp:post_id>750</wp:post_id>
		<wp:post_date><![CDATA[2020-08-28 18:06:16]]></wp:post_date>
		<wp:post_date_gmt><![CDATA[2020-08-28 18:06:16]]></wp:post_date_gmt>
		<wp:post_modified><![CDATA[2020-08-28 18:06:16]]></wp:post_modified>
		<wp:post_modified_gmt><![CDATA[2020-08-28 18:06:16]]></wp:post_modified_gmt>
		<wp:comment_status><![CDATA[open]]></wp:comment_status>
		<wp:ping_status><![CDATA[open]]></wp:ping_status>
		<wp:post_name><![CDATA[selene-ponce-leal]]></wp:post_name>
		<wp:status><![CDATA[publish]]></wp:status>
		<wp:post_parent>0</wp:post_parent>
		<wp:menu_order>0</wp:menu_order>
		<wp:post_type><![CDATA[post]]></wp:post_type>
		<wp:post_password><![CDATA[]]></wp:post_password>
		<wp:is_sticky>0</wp:is_sticky>
										<category domain="category" nicename="en_revision"><![CDATA[En revisiÃ³n]]></category>
		<category domain="post_tag" nicename="monitorista"><![CDATA[Monitorista]]></category>
						<wp:postmeta>
		<wp:meta_key><![CDATA[folio_global_meta]]></wp:meta_key>
		<wp:meta_value><![CDATA[55]]></wp:meta_value>
		</wp:postmeta>
							<wp:postmeta>
		<wp:meta_key><![CDATA[valpa_telefono_solicitante_meta]]></wp:meta_key>
		<wp:meta_value><![CDATA[7223577169]]></wp:meta_value>
		</wp:postmeta>
							<wp:postmeta>
		<wp:meta_key><![CDATA[valpa_celular_solicitante_meta]]></wp:meta_key>
		<wp:meta_value><![CDATA[7223577169]]></wp:meta_value>
		</wp:postmeta>
							<wp:postmeta>
		<wp:meta_key><![CDATA[valpa_mail_solicitante_meta]]></wp:meta_key>
		<wp:meta_value><![CDATA[Audyane@gmail.com]]></wp:meta_value>
		</wp:postmeta>
							<wp:postmeta>
		<wp:meta_key><![CDATA[valpa_alias_solicitante_meta]]></wp:meta_key>
		<wp:meta_value><![CDATA[Selene]]></wp:meta_value>
		</wp:postmeta>
							<wp:postmeta>
		<wp:meta_key><![CDATA[puesto_relacionado_meta]]></wp:meta_key>
		<wp:meta_value><![CDATA[Monitorista]]></wp:meta_value>
		</wp:postmeta>
							<wp:postmeta>
		<wp:meta_key><![CDATA[sucursal_relacionada_meta]]></wp:meta_key>
		<wp:meta_value><![CDATA[Toluca Nezahualcoyotl]]></wp:meta_value>
		</wp:postmeta>
							<wp:postmeta>
		<wp:meta_key><![CDATA[solicitud_codigo_meta]]></wp:meta_key>
		<wp:meta_value><![CDATA[5a71d84ced]]></wp:meta_value>
		</wp:postmeta>
							<wp:postmeta>
		<wp:meta_key><![CDATA[_edit_last]]></wp:meta_key>
		<wp:meta_value><![CDATA[1]]></wp:meta_value>
		</wp:postmeta>
							<wp:postmeta>
		<wp:meta_key><![CDATA[_start_month]]></wp:meta_key>
		<wp:meta_value><![CDATA[08]]></wp:meta_value>
		</wp:postmeta>
							<wp:postmeta>
		<wp:meta_key><![CDATA[_start_day]]></wp:meta_key>
		<wp:meta_value><![CDATA[28]]></wp:meta_value>
		</wp:postmeta>
							<wp:postmeta>
		<wp:meta_key><![CDATA[_start_hour]]></wp:meta_key>
		<wp:meta_value><![CDATA[18]]></wp:meta_value>
		</wp:postmeta>
							<wp:postmeta>
		<wp:meta_key><![CDATA[_start_year]]></wp:meta_key>
		<wp:meta_value><![CDATA[2020]]></wp:meta_value>
		</wp:postmeta>
							<wp:postmeta>
		<wp:meta_key><![CDATA[_start_minute]]></wp:meta_key>
		<wp:meta_value><![CDATA[00]]></wp:meta_value>
		</wp:postmeta>
							<wp:postmeta>
		<wp:meta_key><![CDATA[_start_eventtimestamp]]></wp:meta_key>
		<wp:meta_value><![CDATA[202008281800]]></wp:meta_value>
		</wp:postmeta>
							</item>
					<item>
		<title><![CDATA[Bianca Edith  VILLEGAS  PALMA]]></title>
		<link>http://localhost/sass-wp/bianca-edith-villegas-palma/</link>
		<pubDate>Fri, 28 Aug 2020 18:11:37 +0000</pubDate>
		<dc:creator><![CDATA[webmaster]]></dc:creator>
		<guid isPermaLink="false">https://valparaiso.com.mx/bianca-edith-villegas-palma/</guid>
		<description></description>
		<content:encoded><![CDATA[<strong>Contacto Valparaiso
</strong>DESCARTADO COMENTO QUE NO TIENE DISPONIBILIDAD EN LA NOCHE Y NO TIENE EXPERIENCIA EN ADMINISTRACION
<strong>puesto.- </strong> 159.
<strong>sucursal.- </strong> Toluca Nezahualcoyotl.
<strong>documento-1.- </strong> CURP.
<strong>documento-2.- </strong> RFC.
<strong>documento-3.- </strong> Numero de Seguridad Social.
<strong>documento-4.- </strong> Copia de Comprobante de Domicilio.
<strong>documento-5.- </strong> Copia Acta Nacimiento.
<strong>documento-6.- </strong> Copia de IFE.
<strong>documento-9.- </strong> Copia de Comprobante de Estudios.
<strong>Nombre.- </strong> Bianca Edith .
<strong>ApellidoPaterno.- </strong> VILLEGAS .
<strong>ApellidoMaterno.- </strong> PALMA .
<strong>Edad.- </strong> 25.
<strong>CURP.- </strong> VIPB950706MMCLLN05.
<strong>NSS.- </strong> 16139568774.
<strong>Direccion.- </strong> Cuitlahuac 106.
<strong>Ciudad.- </strong> Zinacantepec .
<strong>Colonia.- </strong> Santa Cruz Cuahutenco .
<strong>CP.- </strong> 51370.
<strong>E-mail.- </strong> Bianca.bp391@gmail.com.
<strong>celular.- </strong> 7225290647 .
<strong>telefono.- </strong> 7225290647.
<strong>Referencia1.- </strong> LÃ­nea de turismo Toluca Tenango estrella de oro .
<strong>Referencia1empresa.- </strong> LÃ­nea de turismo Toluca Tenango estrella de oro .
<strong>Referencia1telefono.- </strong> 7228221083.
<strong>Referencia2.- </strong> Altum.
<strong>Referencia2empresa.- </strong> Altum. (PERIODO DE MAYO 2019 SEPTIEMBRE 2019 INTALACIOND E EQUIPOS DE COMPUTO)
<strong>Referencia2telefono.- </strong> 7225290647 .
<strong>Referencia3.- </strong> Teo.
<strong>Referencia3empresa.- </strong> Teo.
<strong>Referencia3telefono.- </strong> 7225290647 .
<strong>Â¿Vives en Toluca?.- </strong> si.
<strong>Â¿Has trabajado en Funeraria?.- </strong> No.
<strong>Â¿Conoces el ramo funerario?.- </strong> no.
<strong>Â¿Sueldo mensual deseado?.- </strong> 8000.
<strong>Estado civil.- </strong> Soltero.
<strong>Escolaridad.- </strong> Licenciatura o Ingenieria.
<strong>Â¿Tienes experiencia en la vacante?.- </strong> Si.
<strong>Nombre de la empresa del Ãºltimo empleo.- </strong> LÃ­nea de turismo Toluca Tenango estrella de oro .
<strong>Periodo que prestÃ³ sus servicios.- </strong> Octubre 2019 - junio 2020.
<strong>Puesto desempeÃ±ado.- </strong> Auxiliar de anÃ¡lisis y monitoreo .
<strong>Actividades que realizo.- </strong> -monitoreo de unidades vÃ­a GPS.
-AnÃ¡lisis de liquidaciones.
-Liquidaciones. (OPTOCONTROL)
-Control de tecnologÃ­a en los autobuses.
-Levantamiento de tickes. (STGT)
-Cierre de tickes
-Archivos de ingresos de las unidades.
-Reporte de unidades en movimiento. (AVL Logic)
-Reporte de operadores. (SICOM)
-Reporte de unidades fuera de ruta. (AVL Logic)
-Bases de datos en Excel.
-Concentrado de Diferencias en las liquidaciones.
-Concentrado de Diferencias en el reporte de ingresos.
-EnviÃ³ de correos.
-Respaldo de videos.
-Aforamiento por video. que realizo.
<strong>Motivo de separaciÃ³n.- </strong> La empresa no ha tenido suficientes ingresos monetarios.
<strong>Â¿Porque medio se entero de la vacante?.- </strong> Indeed.
<strong>Â¿Como considera su estado de salud actual?.- </strong> Bueno.
<strong>Â¿Padece alguna enfermedad Cronica?.- </strong> No.
<strong>Explique sus enfermedas crÃ³nicas.- </strong> Explique sus enfermedas crÃ³nicas.
<strong>Â¿Puede viajar?.- </strong> pregunta-No.
<strong>Â¿Esta dispuesto a cambiar de Residencia?.- </strong> No.

SE SINTIO BIEN NO]]></content:encoded>
		<excerpt:encoded><![CDATA[]]></excerpt:encoded>
		<wp:post_id>751</wp:post_id>
		<wp:post_date><![CDATA[2020-08-28 18:11:37]]></wp:post_date>
		<wp:post_date_gmt><![CDATA[2020-08-28 18:11:37]]></wp:post_date_gmt>
		<wp:post_modified><![CDATA[2020-08-28 18:11:37]]></wp:post_modified>
		<wp:post_modified_gmt><![CDATA[2020-08-28 18:11:37]]></wp:post_modified_gmt>
		<wp:comment_status><![CDATA[closed]]></wp:comment_status>
		<wp:ping_status><![CDATA[closed]]></wp:ping_status>
		<wp:post_name><![CDATA[bianca-edith-villegas-palma]]></wp:post_name>
		<wp:status><![CDATA[publish]]></wp:status>
		<wp:post_parent>0</wp:post_parent>
		<wp:menu_order>0</wp:menu_order>
		<wp:post_type><![CDATA[post]]></wp:post_type>
		<wp:post_password><![CDATA[]]></wp:post_password>
		<wp:is_sticky>0</wp:is_sticky>
										<category domain="post_tag" nicename="auxiliar-administrativo"><![CDATA[Auxiliar Administrativo]]></category>
		<category domain="category" nicename="descartado"><![CDATA[Descartado]]></category>
						<wp:postmeta>
		<wp:meta_key><![CDATA[folio_global_meta]]></wp:meta_key>
		<wp:meta_value><![CDATA[56]]></wp:meta_value>
		</wp:postmeta>
							<wp:postmeta>
		<wp:meta_key><![CDATA[valpa_telefono_solicitante_meta]]></wp:meta_key>
		<wp:meta_value><![CDATA[7225290647]]></wp:meta_value>
		</wp:postmeta>
							<wp:postmeta>
		<wp:meta_key><![CDATA[valpa_celular_solicitante_meta]]></wp:meta_key>
		<wp:meta_value><![CDATA[7225290647 ]]></wp:meta_value>
		</wp:postmeta>
							<wp:postmeta>
		<wp:meta_key><![CDATA[valpa_mail_solicitante_meta]]></wp:meta_key>
		<wp:meta_value><![CDATA[Bianca.bp391@gmail.com]]></wp:meta_value>
		</wp:postmeta>
							<wp:postmeta>
		<wp:meta_key><![CDATA[valpa_alias_solicitante_meta]]></wp:meta_key>
		<wp:meta_value><![CDATA[Bianca Edith ]]></wp:meta_value>
		</wp:postmeta>
							<wp:postmeta>
		<wp:meta_key><![CDATA[puesto_relacionado_meta]]></wp:meta_key>
		<wp:meta_value><![CDATA[Auxiliar Administrativo]]></wp:meta_value>
		</wp:postmeta>
							<wp:postmeta>
		<wp:meta_key><![CDATA[sucursal_relacionada_meta]]></wp:meta_key>
		<wp:meta_value><![CDATA[Toluca Nezahualcoyotl]]></wp:meta_value>
		</wp:postmeta>
							<wp:postmeta>
		<wp:meta_key><![CDATA[solicitud_codigo_meta]]></wp:meta_key>
		<wp:meta_value><![CDATA[5a71d84ced]]></wp:meta_value>
		</wp:postmeta>
							<wp:postmeta>
		<wp:meta_key><![CDATA[_edit_last]]></wp:meta_key>
		<wp:meta_value><![CDATA[1]]></wp:meta_value>
		</wp:postmeta>
							<wp:postmeta>
		<wp:meta_key><![CDATA[_start_month]]></wp:meta_key>
		<wp:meta_value><![CDATA[08]]></wp:meta_value>
		</wp:postmeta>
							<wp:postmeta>
		<wp:meta_key><![CDATA[_start_day]]></wp:meta_key>
		<wp:meta_value><![CDATA[31]]></wp:meta_value>
		</wp:postmeta>
							<wp:postmeta>
		<wp:meta_key><![CDATA[_start_hour]]></wp:meta_key>
		<wp:meta_value><![CDATA[11]]></wp:meta_value>
		</wp:postmeta>
							<wp:postmeta>
		<wp:meta_key><![CDATA[_start_year]]></wp:meta_key>
		<wp:meta_value><![CDATA[2020]]></wp:meta_value>
		</wp:postmeta>
							<wp:postmeta>
		<wp:meta_key><![CDATA[_start_minute]]></wp:meta_key>
		<wp:meta_value><![CDATA[30]]></wp:meta_value>
		</wp:postmeta>
							<wp:postmeta>
		<wp:meta_key><![CDATA[_start_eventtimestamp]]></wp:meta_key>
		<wp:meta_value><![CDATA[202008311130]]></wp:meta_value>
		</wp:postmeta>
							</item>
					<item>
		<title><![CDATA[Luis Enrique Malvaez Rojas]]></title>
		<link>http://localhost/sass-wp/luis-enrique-malvaez-rojas/</link>
		<pubDate>Fri, 28 Aug 2020 19:03:13 +0000</pubDate>
		<dc:creator><![CDATA[webmaster]]></dc:creator>
		<guid isPermaLink="false">https://valparaiso.com.mx/luis-enrique-malvaez-rojas/</guid>
		<description></description>
		<content:encoded><![CDATA[<strong>Contacto Valparaiso<br></strong> <br><strong>puesto.- </strong> 151. <br><strong>sucursal.- </strong> Toluca Nezahualcoyotl. <br><strong>documento-1.- </strong> CURP. <br><strong>documento-2.- </strong> RFC. <br><strong>documento-3.- </strong> Numero de Seguridad Social. <br><strong>documento-4.- </strong> Copia de Comprobante de Domicilio. <br><strong>documento-5.- </strong> Copia Acta Nacimiento. <br><strong>documento-6.- </strong> Copia de IFE. <br><strong>documento-7.- </strong> Cartas Laborales. <br><strong>documento-8.- </strong> Licencia Vigente. <br><strong>documento-9.- </strong> Copia de Comprobante de Estudios. <br><strong>Nombre.- </strong> Luis Enrique. <br><strong>ApellidoPaterno.- </strong> Malvaez. <br><strong>ApellidoMaterno.- </strong> Rojas. <br><strong>Edad.- </strong> 23. <br><strong>CURP.- </strong> MARL970620HMCLJS08. <br><strong>NSS.- </strong> 18189731849. <br><strong>Direccion.- </strong> Benito JuÃ¡rez #6. <br><strong>Ciudad.- </strong> Toluca. <br><strong>Colonia.- </strong> LÃ¡zaro CÃ¡rdenas. <br><strong>CP.- </strong> 50285. <br><strong>E-mail.- </strong> luisenrique_970620@hotmail.com. <br><strong>celular.- </strong> 7226413013. <br><strong>telefono.- </strong> 7226413013. <br><strong>Referencia1.- </strong> Gerardo Castilla. <br><strong>Referencia1empresa.- </strong> DrÃ¡oo Media. <br><strong>Referencia1telefono.- </strong> 7227645484. <br><strong>Referencia2.- </strong> JazmÃ­n Hernandez. <br><strong>Referencia2empresa.- </strong> SICAMET. <br><strong>Referencia2telefono.- </strong> 7291204326. <br><strong>Referencia3.- </strong> Alejandra Mendoza. <br><strong>Referencia3empresa.- </strong> SICAMET. <br><strong>Referencia3telefono.- </strong> 7222701584. <br><strong>Â¿Vives en Toluca?.- </strong> si. <br><strong>Â¿Has trabajado en Funeraria?.- </strong> No. <br><strong>Â¿Conoces el ramo funerario?.- </strong> si. <br><strong>Â¿Sueldo mensual deseado?.- </strong> 6000. <br><strong>Estado civil.- </strong> Soltero. <br><strong>Escolaridad.- </strong>  Licenciatura o Ingenieria. <br><strong>Â¿Tienes experiencia en la vacante?.- </strong> Si. <br><strong>Nombre de la empresa del Ãºltimo empleo.- </strong> SICAMET. <br><strong>Periodo que prestÃ³ sus servicios.- </strong> 1 aÃ±o 8 meses. <br><strong>Puesto desempeÃ±ado.- </strong> Asistente de LogÃ­stica y Seguimiento. <br><strong>Actividades que realizo.- </strong> Servicio al cliente, seguimiento de servicios, gestiÃ³n de almacÃ©n, coordinaciÃ³n de personal tÃ©cnico y administrativo (mÃ¡s de 10), programar entregas, trazar rutas y brindar soporte a mensajerÃ­as y mensajeros.. <br><strong>Motivo de separaciÃ³n.- </strong> BÃºsqueda de nuevas oportunidades, renuncia voluntaria.. <br><strong>Â¿Porque medio se entero de la vacante?.- </strong>  Indeed. <br><strong>Â¿Como considera su estado de salud actual?.- </strong> Bueno. <br><strong>Â¿Padece alguna enfermedad Cronica?.- </strong> No. <br><strong>Explique sus enfermedas crÃ³nicas.- </strong> Explique sus enfermedas crÃ³nicas. <br><strong>Â¿Puede viajar?.- </strong> pregunta-Si. <br><strong>Â¿Esta dispuesto a cambiar de Residencia?.- </strong> Si. <br>]]></content:encoded>
		<excerpt:encoded><![CDATA[]]></excerpt:encoded>
		<wp:post_id>757</wp:post_id>
		<wp:post_date><![CDATA[2020-08-28 19:03:13]]></wp:post_date>
		<wp:post_date_gmt><![CDATA[2020-08-28 19:03:13]]></wp:post_date_gmt>
		<wp:post_modified><![CDATA[2020-08-28 19:03:13]]></wp:post_modified>
		<wp:post_modified_gmt><![CDATA[2020-08-28 19:03:13]]></wp:post_modified_gmt>
		<wp:comment_status><![CDATA[closed]]></wp:comment_status>
		<wp:ping_status><![CDATA[closed]]></wp:ping_status>
		<wp:post_name><![CDATA[luis-enrique-malvaez-rojas]]></wp:post_name>
		<wp:status><![CDATA[publish]]></wp:status>
		<wp:post_parent>0</wp:post_parent>
		<wp:menu_order>0</wp:menu_order>
		<wp:post_type><![CDATA[post]]></wp:post_type>
		<wp:post_password><![CDATA[]]></wp:post_password>
		<wp:is_sticky>0</wp:is_sticky>
										<category domain="post_tag" nicename="monitorista"><![CDATA[Monitorista]]></category>
		<category domain="category" nicename="postulante-duplicado"><![CDATA[Postulante Duplicado]]></category>
						<wp:postmeta>
		<wp:meta_key><![CDATA[folio_global_meta]]></wp:meta_key>
		<wp:meta_value><![CDATA[57]]></wp:meta_value>
		</wp:postmeta>
							<wp:postmeta>
		<wp:meta_key><![CDATA[valpa_telefono_solicitante_meta]]></wp:meta_key>
		<wp:meta_value><![CDATA[7226413013]]></wp:meta_value>
		</wp:postmeta>
							<wp:postmeta>
		<wp:meta_key><![CDATA[valpa_celular_solicitante_meta]]></wp:meta_key>
		<wp:meta_value><![CDATA[7226413013]]></wp:meta_value>
		</wp:postmeta>
							<wp:postmeta>
		<wp:meta_key><![CDATA[valpa_mail_solicitante_meta]]></wp:meta_key>
		<wp:meta_value><![CDATA[luisenrique_970620@hotmail.com]]></wp:meta_value>
		</wp:postmeta>
							<wp:postmeta>
		<wp:meta_key><![CDATA[valpa_alias_solicitante_meta]]></wp:meta_key>
		<wp:meta_value><![CDATA[Luis Enrique]]></wp:meta_value>
		</wp:postmeta>
							<wp:postmeta>
		<wp:meta_key><![CDATA[puesto_relacionado_meta]]></wp:meta_key>
		<wp:meta_value><![CDATA[Monitorista]]></wp:meta_value>
		</wp:postmeta>
							<wp:postmeta>
		<wp:meta_key><![CDATA[sucursal_relacionada_meta]]></wp:meta_key>
		<wp:meta_value><![CDATA[Toluca Nezahualcoyotl]]></wp:meta_value>
		</wp:postmeta>
							<wp:postmeta>
		<wp:meta_key><![CDATA[solicitud_codigo_meta]]></wp:meta_key>
		<wp:meta_value><![CDATA[5a71d84ced]]></wp:meta_value>
		</wp:postmeta>
							<wp:postmeta>
		<wp:meta_key><![CDATA[_edit_last]]></wp:meta_key>
		<wp:meta_value><![CDATA[1]]></wp:meta_value>
		</wp:postmeta>
							</item>
					<item>
		<title><![CDATA[Luis Enrique Malvaez Rojas]]></title>
		<link>http://localhost/sass-wp/luis-enrique-malvaez-rojas-2/</link>
		<pubDate>Fri, 28 Aug 2020 19:12:20 +0000</pubDate>
		<dc:creator><![CDATA[webmaster]]></dc:creator>
		<guid isPermaLink="false">https://valparaiso.com.mx/luis-enrique-malvaez-rojas-2/</guid>
		<description></description>
		<content:encoded><![CDATA[<strong>Contacto Valparaiso
</strong>
<strong>puesto.- </strong> 151.
<strong>sucursal.- </strong> Toluca Nezahualcoyotl.
<strong>documento-1.- </strong> CURP.
<strong>documento-2.- </strong> RFC.
<strong>documento-3.- </strong> Numero de Seguridad Social.
<strong>documento-4.- </strong> Copia de Comprobante de Domicilio.
<strong>documento-5.- </strong> Copia Acta Nacimiento.
<strong>documento-6.- </strong> Copia de IFE.
<strong>documento-7.- </strong> Cartas Laborales.
<strong>documento-8.- </strong> Licencia Vigente.
<strong>documento-9.- </strong> Copia de Comprobante de Estudios.
<strong>Nombre.- </strong> Luis Enrique.
<strong>ApellidoPaterno.- </strong> Malvaez.
<strong>ApellidoMaterno.- </strong> Rojas.
<strong>Edad.- </strong> 23 aÃ±os.
<strong>CURP.- </strong> MARL970620HMCLJS08.
<strong>NSS.- </strong> 18189731849.
<strong>Direccion.- </strong> Benito JuÃ¡rez #6.
<strong>Ciudad.- </strong> Toluca.
<strong>Colonia.- </strong> LÃ¡zaro CÃ¡rdenas.
<strong>CP.- </strong> 50285.
<strong>E-mail.- </strong> luisenrique_970620@hotmail.com.
<strong>celular.- </strong> 7226413013.
<strong>telefono.- </strong> 7226413013.
<strong>Referencia1.- </strong> Gerardo Castilla.
<strong>Referencia1empresa.- </strong> DrÃ¡oo Media. (PERIODO SEPTIEMBRE DEL 2018 1 AÃO, ERA COMUNITY MANAGER ATENCION A CLIENTES)
<strong>Referencia1telefono.- </strong> 7227645484.
<strong>Referencia2.- </strong> Alejandra Mendoza.
<strong>Referencia2empresa.- </strong> SICAMET.
<strong>Referencia2telefono.- </strong> 7222701584.
<strong>Referencia3.- </strong> JazmÃ­n Hernandez.
<strong>Referencia3empresa.- </strong> SICAMET.
<strong>Referencia3telefono.- </strong> 7291204326.
<strong>Â¿Vives en Toluca?.- </strong> si.
<strong>Â¿Has trabajado en Funeraria?.- </strong> No.
<strong>Â¿Conoces el ramo funerario?.- </strong> si.
<strong>Â¿Sueldo mensual deseado?.- </strong> 6000.
<strong>Estado civil.- </strong> Soltero.
<strong>Escolaridad.- </strong> Licenciatura o Ingenieria.
<strong>Â¿Tienes experiencia en la vacante?.- </strong> Si.
<strong>Nombre de la empresa del Ãºltimo empleo.- </strong> SICAMET.
<strong>Periodo que prestÃ³ sus servicios.- </strong> 1 aÃ±o 8 meses. (PERIODO DE OCTUBRE DEL 2018 A MAYO DEL 2020)
<strong>Puesto desempeÃ±ado.- </strong> Asistente de LogÃ­stica y Seguimiento.
<strong>Actividades que realizo.- </strong> Servicio al cliente, seguimiento de servicios, coordinar personal administrativo y tÃ©cnico (mÃ¡s de 10 personas), trazado de rutas de entrega, coordinaciÃ³n de entregas y asistencia.. SERVICIO A CLIENTE RASTREO DE VEHICULOS Y ADMINISTRACION DE ALMACEN MANEJABA SAP SAE Y EXCEL
<strong>Motivo de separaciÃ³n.- </strong> Renuncia voluntaria por bÃºsqueda de nuevas oportunidades..
<strong>Â¿Porque medio se entero de la vacante?.- </strong> Indeed.
<strong>Â¿Como considera su estado de salud actual?.- </strong> Bueno.
<strong>Â¿Padece alguna enfermedad Cronica?.- </strong> No.
<strong>Explique sus enfermedas crÃ³nicas.- </strong> Explique sus enfermedas crÃ³nicas.
<strong>Â¿Puede viajar?.- </strong> pregunta-Si.
<strong>Â¿Esta dispuesto a cambiar de Residencia?.- </strong> Si.

YA SE HABÃA POSTULADO PARA SUPERVISOR DE CEDIS PERO SE LE DESCARTO POR LA EDAD

INTERACTIVO NADA TEDIOSO Y LE APARECE ERROR DE ENVIO SUGERENCIA MUY AMIGABLE BUENA APARIENCIA]]></content:encoded>
		<excerpt:encoded><![CDATA[]]></excerpt:encoded>
		<wp:post_id>758</wp:post_id>
		<wp:post_date><![CDATA[2020-08-28 19:12:20]]></wp:post_date>
		<wp:post_date_gmt><![CDATA[2020-08-28 19:12:20]]></wp:post_date_gmt>
		<wp:post_modified><![CDATA[2020-08-28 19:12:20]]></wp:post_modified>
		<wp:post_modified_gmt><![CDATA[2020-08-28 19:12:20]]></wp:post_modified_gmt>
		<wp:comment_status><![CDATA[closed]]></wp:comment_status>
		<wp:ping_status><![CDATA[closed]]></wp:ping_status>
		<wp:post_name><![CDATA[luis-enrique-malvaez-rojas-2]]></wp:post_name>
		<wp:status><![CDATA[publish]]></wp:status>
		<wp:post_parent>0</wp:post_parent>
		<wp:menu_order>0</wp:menu_order>
		<wp:post_type><![CDATA[post]]></wp:post_type>
		<wp:post_password><![CDATA[]]></wp:post_password>
		<wp:is_sticky>0</wp:is_sticky>
										<category domain="post_tag" nicename="monitorista"><![CDATA[Monitorista]]></category>
		<category domain="category" nicename="proceso-referencia"><![CDATA[Proceso Referencia]]></category>
						<wp:postmeta>
		<wp:meta_key><![CDATA[folio_global_meta]]></wp:meta_key>
		<wp:meta_value><![CDATA[58]]></wp:meta_value>
		</wp:postmeta>
							<wp:postmeta>
		<wp:meta_key><![CDATA[valpa_telefono_solicitante_meta]]></wp:meta_key>
		<wp:meta_value><![CDATA[7226413013]]></wp:meta_value>
		</wp:postmeta>
							<wp:postmeta>
		<wp:meta_key><![CDATA[valpa_celular_solicitante_meta]]></wp:meta_key>
		<wp:meta_value><![CDATA[7226413013]]></wp:meta_value>
		</wp:postmeta>
							<wp:postmeta>
		<wp:meta_key><![CDATA[valpa_mail_solicitante_meta]]></wp:meta_key>
		<wp:meta_value><![CDATA[luisenrique_970620@hotmail.com]]></wp:meta_value>
		</wp:postmeta>
							<wp:postmeta>
		<wp:meta_key><![CDATA[valpa_alias_solicitante_meta]]></wp:meta_key>
		<wp:meta_value><![CDATA[Luis Enrique]]></wp:meta_value>
		</wp:postmeta>
							<wp:postmeta>
		<wp:meta_key><![CDATA[puesto_relacionado_meta]]></wp:meta_key>
		<wp:meta_value><![CDATA[Monitorista]]></wp:meta_value>
		</wp:postmeta>
							<wp:postmeta>
		<wp:meta_key><![CDATA[sucursal_relacionada_meta]]></wp:meta_key>
		<wp:meta_value><![CDATA[Toluca Nezahualcoyotl]]></wp:meta_value>
		</wp:postmeta>
							<wp:postmeta>
		<wp:meta_key><![CDATA[solicitud_codigo_meta]]></wp:meta_key>
		<wp:meta_value><![CDATA[5a71d84ced]]></wp:meta_value>
		</wp:postmeta>
							<wp:postmeta>
		<wp:meta_key><![CDATA[_edit_last]]></wp:meta_key>
		<wp:meta_value><![CDATA[1]]></wp:meta_value>
		</wp:postmeta>
							<wp:postmeta>
		<wp:meta_key><![CDATA[_start_month]]></wp:meta_key>
		<wp:meta_value><![CDATA[08]]></wp:meta_value>
		</wp:postmeta>
							<wp:postmeta>
		<wp:meta_key><![CDATA[_start_day]]></wp:meta_key>
		<wp:meta_value><![CDATA[31]]></wp:meta_value>
		</wp:postmeta>
							<wp:postmeta>
		<wp:meta_key><![CDATA[_start_hour]]></wp:meta_key>
		<wp:meta_value><![CDATA[11]]></wp:meta_value>
		</wp:postmeta>
							<wp:postmeta>
		<wp:meta_key><![CDATA[_start_year]]></wp:meta_key>
		<wp:meta_value><![CDATA[2020]]></wp:meta_value>
		</wp:postmeta>
							<wp:postmeta>
		<wp:meta_key><![CDATA[_start_minute]]></wp:meta_key>
		<wp:meta_value><![CDATA[15]]></wp:meta_value>
		</wp:postmeta>
							<wp:postmeta>
		<wp:meta_key><![CDATA[_start_eventtimestamp]]></wp:meta_key>
		<wp:meta_value><![CDATA[202008311115]]></wp:meta_value>
		</wp:postmeta>
							</item>
					<item>
		<title><![CDATA[Alejandro Emmanuelle Salinas DomÃ­nguez]]></title>
		<link>http://localhost/sass-wp/alejandro-emmanuelle-salinas-dominguez/</link>
		<pubDate>Fri, 28 Aug 2020 21:40:56 +0000</pubDate>
		<dc:creator><![CDATA[webmaster]]></dc:creator>
		<guid isPermaLink="false">https://valparaiso.com.mx/alejandro-emmanuelle-salinas-dominguez/</guid>
		<description></description>
		<content:encoded><![CDATA[<strong>Contacto Valparaiso
</strong>
<strong>puesto.- </strong> 151.
<strong>sucursal.- </strong> Toluca Nezahualcoyotl.
<strong>documento-1.- </strong> CURP.
<strong>documento-2.- </strong> RFC.
<strong>documento-3.- </strong> Numero de Seguridad Social.
<strong>documento-4.- </strong> Copia de Comprobante de Domicilio.
<strong>documento-5.- </strong> Copia Acta Nacimiento.
<strong>documento-6.- </strong> Copia de IFE.
<strong>documento-7.- </strong> Cartas Laborales.
<strong>documento-8.- </strong> Licencia Vigente.
<strong>documento-9.- </strong> Copia de Comprobante de Estudios.
<strong>Nombre.- </strong> Alejandro Emmanuelle.
<strong>ApellidoPaterno.- </strong> Salinas.
<strong>ApellidoMaterno.- </strong> DomÃ­nguez.
<strong>Edad.- </strong> 25. AÃOS
<strong>CURP.- </strong> SADA960205HMCLML01.
<strong>NSS.- </strong> 60159699580.
<strong>Direccion.- </strong> Segunda cerrada de sauces. S7N
<strong>Ciudad.- </strong> Toluca.
<strong>Colonia.- </strong> Casa blanca.
<strong>CP.- </strong> 52175.
<strong>E-mail.- </strong> salinasa931@gmail.com.
<strong>celular.- </strong> 7226359445.
<strong>telefono.- </strong> 7225086641.
<strong>Referencia1.- </strong> Irene GonzÃ¡lez Baltazar.
<strong>Referencia1empresa.- </strong> DHL.
<strong>Referencia1telefono.- </strong> 7293055114.
<strong>Referencia2.- </strong> Mariana.
<strong>Referencia2empresa.- </strong> Telcel. (FUE PROMOTOR TRABAJO DEL 2017 A 2018)
<strong>Referencia2telefono.- </strong> 7226543385.
<strong>Referencia3.- </strong> MoisÃ©s.
<strong>Referencia3empresa.- </strong> Flecha roja. (ANALISTA DE TECNOLOGIA&nbsp; A BORDO PERIODO DE 2016 A 2018, LLEVABA CONTROL DE RASTREO DE UNIDAD CUANDO SALÃAN CONTABA ASCENSOS Y DESCENSOS, SUBÃA REPORTE DE LAS UNIDADES)
<strong>Referencia3telefono.- </strong> 7228880196.
<strong>Â¿Vives en Toluca?.- </strong> si.
<strong>Â¿Has trabajado en Funeraria?.- </strong> No.
<strong>Â¿Conoces el ramo funerario?.- </strong> no.
<strong>Â¿Sueldo mensual deseado?.- </strong> 5500.
<strong>Estado civil.- </strong> Casado .
<strong>Escolaridad.- </strong> Bachillerato o Tecnico.
<strong>Â¿Tienes experiencia en la vacante?.- </strong> Si.

ENTRO EN OUTSORSING EN ROBERT BOSCH Y NO COBRO BIEN Y LE DIERON 500 UNA SEMANA EN DICIEMBRE SE SALIO LE COSTO TRABAJO ENCONTRAR TRABAJADO EN LIVERPOOL Y LOS DESCANSARON
<strong>Nombre de la empresa del Ãºltimo empleo.- </strong> DHL.
<strong>Periodo que prestÃ³ sus servicios.- </strong> Sin informaciÃ³n. (FUERON 2 AÃOS 2018 AL 2019)
<strong>Puesto desempeÃ±ado.- </strong> Sin informaciÃ³n.&nbsp; ANALISTA DE RECIBO
<strong>Actividades que realizo.- </strong> Actividades que realizo

Recibir y dar de alta las facturas de los materiales que se recolectaban de distintos puntos de la RepÃºblica para surtir a crysler a demÃ¡s de capturar la informaciÃ³n en JDA o tan bien conocido como citrix .

RECOLECTABA FACTURA Y LAS MANDABA A CRISLEY
<strong>Motivo de separaciÃ³n.- </strong> Motivo de separaciÃ³n

Recorte de personal.
<strong>Â¿Porque medio se entero de la vacante?.- </strong> Indeed.
<strong>Â¿Como considera su estado de salud actual?.- </strong> Bueno.
<strong>Â¿Padece alguna enfermedad Cronica?.- </strong> No.
<strong>Explique sus enfermedas crÃ³nicas.- </strong> Explique sus enfermedas crÃ³nicas.
<strong>Â¿Puede viajar?.- </strong> pregunta-Si.
<strong>Â¿Esta dispuesto a cambiar de Residencia?.- </strong> Si.

SE SINTIO BIEN NINGUN INCONVENIENTE TODO BIEN]]></content:encoded>
		<excerpt:encoded><![CDATA[]]></excerpt:encoded>
		<wp:post_id>775</wp:post_id>
		<wp:post_date><![CDATA[2020-08-28 21:40:56]]></wp:post_date>
		<wp:post_date_gmt><![CDATA[2020-08-28 21:40:56]]></wp:post_date_gmt>
		<wp:post_modified><![CDATA[2020-08-28 21:40:56]]></wp:post_modified>
		<wp:post_modified_gmt><![CDATA[2020-08-28 21:40:56]]></wp:post_modified_gmt>
		<wp:comment_status><![CDATA[closed]]></wp:comment_status>
		<wp:ping_status><![CDATA[closed]]></wp:ping_status>
		<wp:post_name><![CDATA[alejandro-emmanuelle-salinas-dominguez]]></wp:post_name>
		<wp:status><![CDATA[publish]]></wp:status>
		<wp:post_parent>0</wp:post_parent>
		<wp:menu_order>0</wp:menu_order>
		<wp:post_type><![CDATA[post]]></wp:post_type>
		<wp:post_password><![CDATA[]]></wp:post_password>
		<wp:is_sticky>0</wp:is_sticky>
										<category domain="category" nicename="descartado-por-psicometricos"><![CDATA[Descartado por Psicometricos]]></category>
		<category domain="post_tag" nicename="monitorista"><![CDATA[Monitorista]]></category>
						<wp:postmeta>
		<wp:meta_key><![CDATA[folio_global_meta]]></wp:meta_key>
		<wp:meta_value><![CDATA[59]]></wp:meta_value>
		</wp:postmeta>
							<wp:postmeta>
		<wp:meta_key><![CDATA[valpa_telefono_solicitante_meta]]></wp:meta_key>
		<wp:meta_value><![CDATA[7225086641]]></wp:meta_value>
		</wp:postmeta>
							<wp:postmeta>
		<wp:meta_key><![CDATA[valpa_celular_solicitante_meta]]></wp:meta_key>
		<wp:meta_value><![CDATA[7226359445]]></wp:meta_value>
		</wp:postmeta>
							<wp:postmeta>
		<wp:meta_key><![CDATA[valpa_mail_solicitante_meta]]></wp:meta_key>
		<wp:meta_value><![CDATA[salinasa931@gmail.com]]></wp:meta_value>
		</wp:postmeta>
							<wp:postmeta>
		<wp:meta_key><![CDATA[valpa_alias_solicitante_meta]]></wp:meta_key>
		<wp:meta_value><![CDATA[Alejandro Emmanuelle]]></wp:meta_value>
		</wp:postmeta>
							<wp:postmeta>
		<wp:meta_key><![CDATA[puesto_relacionado_meta]]></wp:meta_key>
		<wp:meta_value><![CDATA[Monitorista]]></wp:meta_value>
		</wp:postmeta>
							<wp:postmeta>
		<wp:meta_key><![CDATA[sucursal_relacionada_meta]]></wp:meta_key>
		<wp:meta_value><![CDATA[Toluca Nezahualcoyotl]]></wp:meta_value>
		</wp:postmeta>
							<wp:postmeta>
		<wp:meta_key><![CDATA[solicitud_codigo_meta]]></wp:meta_key>
		<wp:meta_value><![CDATA[5a71d84ced]]></wp:meta_value>
		</wp:postmeta>
							<wp:postmeta>
		<wp:meta_key><![CDATA[_edit_last]]></wp:meta_key>
		<wp:meta_value><![CDATA[1]]></wp:meta_value>
		</wp:postmeta>
							<wp:postmeta>
		<wp:meta_key><![CDATA[_start_month]]></wp:meta_key>
		<wp:meta_value><![CDATA[08]]></wp:meta_value>
		</wp:postmeta>
							<wp:postmeta>
		<wp:meta_key><![CDATA[_start_day]]></wp:meta_key>
		<wp:meta_value><![CDATA[31]]></wp:meta_value>
		</wp:postmeta>
							<wp:postmeta>
		<wp:meta_key><![CDATA[_start_hour]]></wp:meta_key>
		<wp:meta_value><![CDATA[11]]></wp:meta_value>
		</wp:postmeta>
							<wp:postmeta>
		<wp:meta_key><![CDATA[_start_year]]></wp:meta_key>
		<wp:meta_value><![CDATA[2020]]></wp:meta_value>
		</wp:postmeta>
							<wp:postmeta>
		<wp:meta_key><![CDATA[_start_minute]]></wp:meta_key>
		<wp:meta_value><![CDATA[15]]></wp:meta_value>
		</wp:postmeta>
							<wp:postmeta>
		<wp:meta_key><![CDATA[_start_eventtimestamp]]></wp:meta_key>
		<wp:meta_value><![CDATA[202008311115]]></wp:meta_value>
		</wp:postmeta>
							</item>
					<item>
		<title><![CDATA[Octavio Hernandez Macedo]]></title>
		<link>http://localhost/sass-wp/octavio-hernandez-macedo/</link>
		<pubDate>Sat, 29 Aug 2020 02:55:33 +0000</pubDate>
		<dc:creator><![CDATA[webmaster]]></dc:creator>
		<guid isPermaLink="false">https://valparaiso.com.mx/octavio-hernandez-macedo/</guid>
		<description></description>
		<content:encoded><![CDATA[<p><strong>Contacto Valparaiso<br></strong> <br><strong>puesto.- </strong> 179. <br><strong>sucursal.- </strong> Toluca Nezahualcoyotl. <br><strong>documento-1.- </strong> CURP. <br><strong>documento-2.- </strong> RFC. <br><strong>documento-3.- </strong> Numero de Seguridad Social. <br><strong>documento-4.- </strong> Copia de Comprobante de Domicilio. <br><strong>documento-5.- </strong> Copia Acta Nacimiento. <br><strong>documento-6.- </strong> Copia de IFE. <br><strong>documento-8.- </strong> Licencia Vigente. <br><strong>documento-9.- </strong> Copia de Comprobante de Estudios. <br><strong>Nombre.- </strong> Octavio. <br><strong>ApellidoPaterno.- </strong> Hernandez. <br><strong>ApellidoMaterno.- </strong> Macedo. <br><strong>Edad.- </strong> 30. AÃOS<br><strong>CURP.- </strong> HEMO900615HMCRCC06. <br><strong>NSS.- </strong> 16119022404. <br><strong>Direccion.- </strong> C.repdel salvador . <br><strong>Ciudad.- </strong> Toluca mex. <br><strong>Colonia.- </strong> Sancristoval huichochitlan. <br><strong>CP.- </strong> 50200. <br><strong>E-mail.- </strong> Oh061472@gmail.com. <br><strong>celular.- </strong> 7221919516. <br><strong>telefono.- </strong> 7221919516. <br><strong>Referencia1.- </strong> Ricardo Munjica. <br><strong>Referencia1empresa.- </strong> Farmacias del ahorro. <br><strong>Referencia1telefono.- </strong> 7225611558. <br><strong>Referencia2.- </strong> Jooancarlos cafeteria. <br><strong>Referencia2empresa.- </strong> Centro mÃ©dico Adolfo LÃ³pez Mateos. (PERIODO TRABAJABA DEL 2010 TRABAJO EN AYUDANTE DE COCINA Y ATENDIENDO BARRA)<br><strong>Referencia2telefono.- </strong> 7221685978. <br><strong>Referencia3.- </strong> Costura y comercio. <br><strong>Referencia3empresa.- </strong> Costura. (NEGOCIO PROPIO DE COSTURA, ACTUALMENTE HACIENDO CUBREBOCAS)<br><strong>Referencia3telefono.- </strong> 6441713325. <br><strong>Â¿Vives en Toluca?.- </strong> si. <br><strong>Â¿Has trabajado en Funeraria?.- </strong> No. <br><strong>Â¿Conoces el ramo funerario?.- </strong> no. <br><strong>Â¿Sueldo mensual deseado?.- </strong> Sin informaciÃ³n. <br><strong>Estado civil.- </strong> UniÃ³n libre. <br><strong>Escolaridad.- </strong> Secundaria. <br><strong>Nombre de la empresa del Ãºltimo empleo.- </strong> Farmacias del ahorr. <br><strong>Periodo que prestÃ³ sus servicios.- </strong> Sin informaciÃ³n. (PERIODO DE MEDIO AÃO SALIO EN 2019&nbsp;<br><strong>Puesto desempeÃ±ado.- </strong> Repartidor en moto. <br><strong>Actividades que realizo.- </strong> Actividades que realizo. (SURTIA PEDIDOS DE MEDICAMENTO Y PAGOS DE LOS MISMOS FUNCIONES COBROS)<br><strong>Motivo de separaciÃ³n.- </strong> Zona de trabajo. SE LE COMPLICABA POR LA DISTANCIA<br><strong>Â¿Porque medio se entero de la vacante?.- </strong> Facebook. <br><strong>Â¿Como considera su estado de salud actual?.- </strong> Bueno. <br><strong>Â¿Padece alguna enfermedad Cronica?.- </strong> No. <br><strong>Explique sus enfermedas crÃ³nicas.- </strong> Explique sus enfermedas crÃ³nicas.</p>
<p>SE SINTIO BIEN NO&nbsp;</p>

<!-- wp:paragraph -->
<p></p>
<!-- /wp:paragraph -->]]></content:encoded>
		<excerpt:encoded><![CDATA[]]></excerpt:encoded>
		<wp:post_id>779</wp:post_id>
		<wp:post_date><![CDATA[2020-08-29 02:55:33]]></wp:post_date>
		<wp:post_date_gmt><![CDATA[2020-08-29 02:55:33]]></wp:post_date_gmt>
		<wp:post_modified><![CDATA[2020-08-29 02:55:33]]></wp:post_modified>
		<wp:post_modified_gmt><![CDATA[2020-08-29 02:55:33]]></wp:post_modified_gmt>
		<wp:comment_status><![CDATA[open]]></wp:comment_status>
		<wp:ping_status><![CDATA[open]]></wp:ping_status>
		<wp:post_name><![CDATA[octavio-hernandez-macedo]]></wp:post_name>
		<wp:status><![CDATA[publish]]></wp:status>
		<wp:post_parent>0</wp:post_parent>
		<wp:menu_order>0</wp:menu_order>
		<wp:post_type><![CDATA[post]]></wp:post_type>
		<wp:post_password><![CDATA[]]></wp:post_password>
		<wp:is_sticky>0</wp:is_sticky>
										<category domain="category" nicename="citado"><![CDATA[Citado]]></category>
		<category domain="post_tag" nicename="recuperador-en-moto"><![CDATA[Recuperador en Moto]]></category>
						<wp:postmeta>
		<wp:meta_key><![CDATA[folio_global_meta]]></wp:meta_key>
		<wp:meta_value><![CDATA[60]]></wp:meta_value>
		</wp:postmeta>
							<wp:postmeta>
		<wp:meta_key><![CDATA[valpa_telefono_solicitante_meta]]></wp:meta_key>
		<wp:meta_value><![CDATA[7221919516]]></wp:meta_value>
		</wp:postmeta>
							<wp:postmeta>
		<wp:meta_key><![CDATA[valpa_celular_solicitante_meta]]></wp:meta_key>
		<wp:meta_value><![CDATA[7221919516]]></wp:meta_value>
		</wp:postmeta>
							<wp:postmeta>
		<wp:meta_key><![CDATA[valpa_mail_solicitante_meta]]></wp:meta_key>
		<wp:meta_value><![CDATA[Oh061472@gmail.com]]></wp:meta_value>
		</wp:postmeta>
							<wp:postmeta>
		<wp:meta_key><![CDATA[valpa_alias_solicitante_meta]]></wp:meta_key>
		<wp:meta_value><![CDATA[Octavio]]></wp:meta_value>
		</wp:postmeta>
							<wp:postmeta>
		<wp:meta_key><![CDATA[puesto_relacionado_meta]]></wp:meta_key>
		<wp:meta_value><![CDATA[Recuperador en Moto]]></wp:meta_value>
		</wp:postmeta>
							<wp:postmeta>
		<wp:meta_key><![CDATA[sucursal_relacionada_meta]]></wp:meta_key>
		<wp:meta_value><![CDATA[Toluca Nezahualcoyotl]]></wp:meta_value>
		</wp:postmeta>
							<wp:postmeta>
		<wp:meta_key><![CDATA[solicitud_codigo_meta]]></wp:meta_key>
		<wp:meta_value><![CDATA[f4b911414f]]></wp:meta_value>
		</wp:postmeta>
							<wp:postmeta>
		<wp:meta_key><![CDATA[_edit_last]]></wp:meta_key>
		<wp:meta_value><![CDATA[1]]></wp:meta_value>
		</wp:postmeta>
							<wp:postmeta>
		<wp:meta_key><![CDATA[_start_month]]></wp:meta_key>
		<wp:meta_value><![CDATA[09]]></wp:meta_value>
		</wp:postmeta>
							<wp:postmeta>
		<wp:meta_key><![CDATA[_start_day]]></wp:meta_key>
		<wp:meta_value><![CDATA[1]]></wp:meta_value>
		</wp:postmeta>
							<wp:postmeta>
		<wp:meta_key><![CDATA[_start_hour]]></wp:meta_key>
		<wp:meta_value><![CDATA[10]]></wp:meta_value>
		</wp:postmeta>
							<wp:postmeta>
		<wp:meta_key><![CDATA[_start_year]]></wp:meta_key>
		<wp:meta_value><![CDATA[2020]]></wp:meta_value>
		</wp:postmeta>
							<wp:postmeta>
		<wp:meta_key><![CDATA[_start_minute]]></wp:meta_key>
		<wp:meta_value><![CDATA[30]]></wp:meta_value>
		</wp:postmeta>
							<wp:postmeta>
		<wp:meta_key><![CDATA[_start_eventtimestamp]]></wp:meta_key>
		<wp:meta_value><![CDATA[20200911030]]></wp:meta_value>
		</wp:postmeta>
							</item>
					<item>
		<title><![CDATA[Mauricio Ubaldo Manjarrez]]></title>
		<link>http://localhost/sass-wp/mauricio-ubaldo-manjarrez/</link>
		<pubDate>Sat, 29 Aug 2020 04:44:04 +0000</pubDate>
		<dc:creator><![CDATA[webmaster]]></dc:creator>
		<guid isPermaLink="false">https://valparaiso.com.mx/mauricio-ubaldo-manjarrez/</guid>
		<description></description>
		<content:encoded><![CDATA[<strong>Contacto Valparaiso<br></strong> <br><strong>puesto.- </strong> 137. <br><strong>sucursal.- </strong> Toluca Nezahualcoyotl. <br><strong>documento-1.- </strong> CURP. <br><strong>documento-2.- </strong> RFC. <br><strong>documento-3.- </strong> Numero de Seguridad Social. <br><strong>documento-4.- </strong> Copia de Comprobante de Domicilio. <br><strong>documento-5.- </strong> Copia Acta Nacimiento. <br><strong>documento-6.- </strong> Copia de IFE. <br><strong>documento-7.- </strong> Cartas Laborales. <br><strong>Nombre.- </strong> Mauricio. <br><strong>ApellidoPaterno.- </strong> Ubaldo. <br><strong>ApellidoMaterno.- </strong> Manjarrez. <br><strong>Edad.- </strong> 36. <br><strong>CURP.- </strong> N/A. <br><strong>NSS.- </strong> N/A. <br><strong>Direccion.- </strong> Hidalgo 21. <br><strong>Ciudad.- </strong> Toluca. <br><strong>Colonia.- </strong> San pedro totoltepec. <br><strong>CP.- </strong> 50226. <br><strong>E-mail.- </strong> Mauricioubaldo589@gmail.com. <br><strong>celular.- </strong> 7221785001. <br><strong>telefono.- </strong> 7221785001. <br><strong>Referencia1.- </strong> Arpema. <br><strong>Referencia1empresa.- </strong> Hitachi. <br><strong>Referencia1telefono.- </strong> 7224501390. <br><strong>Referencia2.- </strong> Manuel. <br><strong>Referencia2empresa.- </strong> 2114946. <br><strong>Referencia2telefono.- </strong> 4092367. <br><strong>Referencia3.- </strong>  Carlos. <br><strong>Referencia3empresa.- </strong> Coca cola. <br><strong>Referencia3telefono.- </strong> 7221785001. <br><strong>Â¿Vives en Toluca?.- </strong> si. <br><strong>Â¿Has trabajado en Funeraria?.- </strong> Si. <br><strong>Â¿Conoces el ramo funerario?.- </strong> si. <br><strong>Â¿Sueldo mensual deseado?.- </strong> 6500. <br><strong>Estado civil.- </strong>  UniÃ³n libre. <br><strong>Escolaridad.- </strong>  Bachillerato o Tecnico. <br><strong>Â¿Tiene experiencia en Manejo de personal?.- </strong> Si. <br><strong>Â¿Le gustan las ventas ?.- </strong> Si. <br><strong>Â¿Tienes experiencia en la vacante?.- </strong> Si. <br><strong>Nombre de la empresa del Ãºltimo empleo.- </strong> Arpema. <br><strong>Periodo que prestÃ³ sus servicios.- </strong> 2017 2020. <br><strong>Puesto desempeÃ±ado.- </strong> Op m. <br><strong>Actividades que realizo.- </strong> Actividades que realizo carga y descarga. <br><strong>Motivo de separaciÃ³n.- </strong> Motivo de separaciÃ³n pandemia. <br><strong>Â¿Porque medio se entero de la vacante?.- </strong>  Indeed. <br><strong>Â¿Como considera su estado de salud actual?.- </strong> Bueno. <br><strong>Â¿Padece alguna enfermedad Cronica?.- </strong> No. <br><strong>Explique sus enfermedas crÃ³nicas.- </strong> Explique sus enfermedas crÃ³nicas. <br><strong>Â¿Puede viajar?.- </strong> pregunta-Si. <br><strong>Â¿Esta dispuesto a cambiar de Residencia?.- </strong> Si. <br>]]></content:encoded>
		<excerpt:encoded><![CDATA[]]></excerpt:encoded>
		<wp:post_id>780</wp:post_id>
		<wp:post_date><![CDATA[2020-08-29 04:44:04]]></wp:post_date>
		<wp:post_date_gmt><![CDATA[2020-08-29 04:44:04]]></wp:post_date_gmt>
		<wp:post_modified><![CDATA[2020-08-29 04:44:04]]></wp:post_modified>
		<wp:post_modified_gmt><![CDATA[2020-08-29 04:44:04]]></wp:post_modified_gmt>
		<wp:comment_status><![CDATA[open]]></wp:comment_status>
		<wp:ping_status><![CDATA[open]]></wp:ping_status>
		<wp:post_name><![CDATA[mauricio-ubaldo-manjarrez]]></wp:post_name>
		<wp:status><![CDATA[publish]]></wp:status>
		<wp:post_parent>0</wp:post_parent>
		<wp:menu_order>0</wp:menu_order>
		<wp:post_type><![CDATA[post]]></wp:post_type>
		<wp:post_password><![CDATA[]]></wp:post_password>
		<wp:is_sticky>0</wp:is_sticky>
										<category domain="category" nicename="en_revision"><![CDATA[En revisiÃ³n]]></category>
		<category domain="post_tag" nicename="responsable-de-almacen-y-logistica"><![CDATA[Responsable de almacÃ©n y logÃ­stica]]></category>
						<wp:postmeta>
		<wp:meta_key><![CDATA[folio_global_meta]]></wp:meta_key>
		<wp:meta_value><![CDATA[61]]></wp:meta_value>
		</wp:postmeta>
							<wp:postmeta>
		<wp:meta_key><![CDATA[valpa_telefono_solicitante_meta]]></wp:meta_key>
		<wp:meta_value><![CDATA[7221785001]]></wp:meta_value>
		</wp:postmeta>
							<wp:postmeta>
		<wp:meta_key><![CDATA[valpa_celular_solicitante_meta]]></wp:meta_key>
		<wp:meta_value><![CDATA[7221785001]]></wp:meta_value>
		</wp:postmeta>
							<wp:postmeta>
		<wp:meta_key><![CDATA[valpa_mail_solicitante_meta]]></wp:meta_key>
		<wp:meta_value><![CDATA[Mauricioubaldo589@gmail.com]]></wp:meta_value>
		</wp:postmeta>
							<wp:postmeta>
		<wp:meta_key><![CDATA[valpa_alias_solicitante_meta]]></wp:meta_key>
		<wp:meta_value><![CDATA[Mauricio]]></wp:meta_value>
		</wp:postmeta>
							<wp:postmeta>
		<wp:meta_key><![CDATA[puesto_relacionado_meta]]></wp:meta_key>
		<wp:meta_value><![CDATA[Responsable de almacÃ©n y logÃ­stica]]></wp:meta_value>
		</wp:postmeta>
							<wp:postmeta>
		<wp:meta_key><![CDATA[sucursal_relacionada_meta]]></wp:meta_key>
		<wp:meta_value><![CDATA[Toluca Nezahualcoyotl]]></wp:meta_value>
		</wp:postmeta>
							<wp:postmeta>
		<wp:meta_key><![CDATA[solicitud_codigo_meta]]></wp:meta_key>
		<wp:meta_value><![CDATA[f4b911414f]]></wp:meta_value>
		</wp:postmeta>
							</item>
					<item>
		<title><![CDATA[Juan carlos Alejo Rosalio]]></title>
		<link>http://localhost/sass-wp/juan-carlos-alejo-rosalio/</link>
		<pubDate>Sat, 29 Aug 2020 15:31:27 +0000</pubDate>
		<dc:creator><![CDATA[webmaster]]></dc:creator>
		<guid isPermaLink="false">https://valparaiso.com.mx/juan-carlos-alejo-rosalio/</guid>
		<description></description>
		<content:encoded><![CDATA[<strong>Contacto Valparaiso<br></strong> <br><strong>puesto.- </strong> 179. <br><strong>sucursal.- </strong> Toluca Nezahualcoyotl. <br><strong>documento-1.- </strong> CURP. <br><strong>documento-2.- </strong> RFC. <br><strong>documento-3.- </strong> Numero de Seguridad Social. <br><strong>documento-4.- </strong> Copia de Comprobante de Domicilio. <br><strong>documento-5.- </strong> Copia Acta Nacimiento. <br><strong>documento-6.- </strong> Copia de IFE. <br><strong>documento-7.- </strong> Cartas Laborales. <br><strong>documento-8.- </strong> Licencia Vigente. <br><strong>documento-9.- </strong> Copia de Comprobante de Estudios. <br><strong>Nombre.- </strong> Juan carlos. <br><strong>ApellidoPaterno.- </strong> Alejo. <br><strong>ApellidoMaterno.- </strong> Rosalio. <br><strong>Edad.- </strong> 23 aÃ±os. <br><strong>CURP.- </strong> AERJ961216HMCLSN05. <br><strong>NSS.- </strong> 59159603139. <br><strong>Direccion.- </strong> Juan andrew 607. <br><strong>Ciudad.- </strong> Toluca. <br><strong>Colonia.- </strong> 8 cedros. <br><strong>CP.- </strong> 50170. <br><strong>E-mail.- </strong> Karlozlbr@gmail.com. <br><strong>celular.- </strong> 5531141665. <br><strong>telefono.- </strong> 5531141665. <br><strong>Referencia1.- </strong> Jorge Emilio. <br><strong>Referencia1empresa.- </strong> Banco Azteca. <br><strong>Referencia1telefono.- </strong> 7225575691. <br><strong>Referencia2.- </strong> Dario Leonor. <br><strong>Referencia2empresa.- </strong> Productos  naturales gama. <br><strong>Referencia2telefono.- </strong> 5575152651. <br><strong>Referencia3.- </strong> Marco Antonio. <br><strong>Referencia3empresa.- </strong> Pricase. <br><strong>Referencia3telefono.- </strong> 7222022008. <br><strong>Â¿Vives en Toluca?.- </strong> si. <br><strong>Â¿Has trabajado en Funeraria?.- </strong> No. <br><strong>Â¿Conoces el ramo funerario?.- </strong> no. <br><strong>Â¿Sueldo mensual deseado?.- </strong> 5500. <br><strong>Estado civil.- </strong> Soltero. <br><strong>Escolaridad.- </strong>  Bachillerato o Tecnico. <br><strong>Â¿Tienes experiencia en la vacante?.- </strong> Si. <br><strong>Nombre de la empresa del Ãºltimo empleo.- </strong> Banco azteca. <br><strong>Periodo que prestÃ³ sus servicios.- </strong>  1 aÃ±o. <br><strong>Puesto desempeÃ±ado.- </strong> Gestor de cobranza. <br><strong>Actividades que realizo.- </strong> Visitar y gestionar cuentas en atrazo, ofrecer convenios y gestionar cuentas de alta morosidad y rastrear cambios de domicilio. <br><strong>Motivo de separaciÃ³n.- </strong> Personales. <br><strong>Â¿Porque medio se entero de la vacante?.- </strong> Facebook. <br><strong>Â¿Como considera su estado de salud actual?.- </strong> Bueno. <br><strong>Â¿Padece alguna enfermedad Cronica?.- </strong> No. <br><strong>Explique sus enfermedas crÃ³nicas.- </strong> Explique sus enfermedas crÃ³nicas. <br><strong>Â¿Puede viajar?.- </strong> pregunta-Si. <br><strong>Â¿Esta dispuesto a cambiar de Residencia?.- </strong> Si. <br>]]></content:encoded>
		<excerpt:encoded><![CDATA[]]></excerpt:encoded>
		<wp:post_id>782</wp:post_id>
		<wp:post_date><![CDATA[2020-08-29 15:31:27]]></wp:post_date>
		<wp:post_date_gmt><![CDATA[2020-08-29 15:31:27]]></wp:post_date_gmt>
		<wp:post_modified><![CDATA[2020-08-29 15:31:27]]></wp:post_modified>
		<wp:post_modified_gmt><![CDATA[2020-08-29 15:31:27]]></wp:post_modified_gmt>
		<wp:comment_status><![CDATA[closed]]></wp:comment_status>
		<wp:ping_status><![CDATA[closed]]></wp:ping_status>
		<wp:post_name><![CDATA[juan-carlos-alejo-rosalio]]></wp:post_name>
		<wp:status><![CDATA[publish]]></wp:status>
		<wp:post_parent>0</wp:post_parent>
		<wp:menu_order>0</wp:menu_order>
		<wp:post_type><![CDATA[post]]></wp:post_type>
		<wp:post_password><![CDATA[]]></wp:post_password>
		<wp:is_sticky>0</wp:is_sticky>
										<category domain="category" nicename="postulante-duplicado"><![CDATA[Postulante Duplicado]]></category>
		<category domain="post_tag" nicename="recuperador-en-moto"><![CDATA[Recuperador en Moto]]></category>
						<wp:postmeta>
		<wp:meta_key><![CDATA[folio_global_meta]]></wp:meta_key>
		<wp:meta_value><![CDATA[62]]></wp:meta_value>
		</wp:postmeta>
							<wp:postmeta>
		<wp:meta_key><![CDATA[valpa_telefono_solicitante_meta]]></wp:meta_key>
		<wp:meta_value><![CDATA[5531141665]]></wp:meta_value>
		</wp:postmeta>
							<wp:postmeta>
		<wp:meta_key><![CDATA[valpa_celular_solicitante_meta]]></wp:meta_key>
		<wp:meta_value><![CDATA[5531141665]]></wp:meta_value>
		</wp:postmeta>
							<wp:postmeta>
		<wp:meta_key><![CDATA[valpa_mail_solicitante_meta]]></wp:meta_key>
		<wp:meta_value><![CDATA[Karlozlbr@gmail.com]]></wp:meta_value>
		</wp:postmeta>
							<wp:postmeta>
		<wp:meta_key><![CDATA[valpa_alias_solicitante_meta]]></wp:meta_key>
		<wp:meta_value><![CDATA[Juan carlos]]></wp:meta_value>
		</wp:postmeta>
							<wp:postmeta>
		<wp:meta_key><![CDATA[puesto_relacionado_meta]]></wp:meta_key>
		<wp:meta_value><![CDATA[Recuperador en Moto]]></wp:meta_value>
		</wp:postmeta>
							<wp:postmeta>
		<wp:meta_key><![CDATA[sucursal_relacionada_meta]]></wp:meta_key>
		<wp:meta_value><![CDATA[Toluca Nezahualcoyotl]]></wp:meta_value>
		</wp:postmeta>
							<wp:postmeta>
		<wp:meta_key><![CDATA[solicitud_codigo_meta]]></wp:meta_key>
		<wp:meta_value><![CDATA[a8ee241caa]]></wp:meta_value>
		</wp:postmeta>
							<wp:postmeta>
		<wp:meta_key><![CDATA[_edit_last]]></wp:meta_key>
		<wp:meta_value><![CDATA[1]]></wp:meta_value>
		</wp:postmeta>
							</item>
					<item>
		<title><![CDATA[Juan carlos Alejo Rosalio]]></title>
		<link>http://localhost/sass-wp/juan-carlos-alejo-rosalio-2/</link>
		<pubDate>Sat, 29 Aug 2020 15:55:42 +0000</pubDate>
		<dc:creator><![CDATA[webmaster]]></dc:creator>
		<guid isPermaLink="false">https://valparaiso.com.mx/juan-carlos-alejo-rosalio-2/</guid>
		<description></description>
		<content:encoded><![CDATA[<strong>Contacto Valparaiso
</strong>
<strong>puesto.- </strong> 179.
<strong>sucursal.- </strong> Toluca Nezahualcoyotl.
<strong>documento-1.- </strong> CURP.
<strong>documento-2.- </strong> RFC.
<strong>documento-3.- </strong> Numero de Seguridad Social.
<strong>documento-4.- </strong> Copia de Comprobante de Domicilio.
<strong>documento-5.- </strong> Copia Acta Nacimiento.
<strong>documento-6.- </strong> Copia de IFE.
<strong>documento-7.- </strong> Cartas Laborales.
<strong>documento-8.- </strong> Licencia Vigente.
<strong>documento-9.- </strong> Copia de Comprobante de Estudios.
<strong>Nombre.- </strong> Juan carlos.
<strong>ApellidoPaterno.- </strong> Alejo.
<strong>ApellidoMaterno.- </strong> Rosalio.
<strong>Edad.- </strong> 23 aÃ±os.
<strong>CURP.- </strong> AERJ961216HMCLSN05.
<strong>NSS.- </strong> 59159603139.
<strong>Direccion.- </strong> Juan andrew 607.
<strong>Ciudad.- </strong> Toluca.
<strong>Colonia.- </strong> 8 cedros.
<strong>CP.- </strong> 50170.
<strong>E-mail.- </strong> Karlozlbr@gmail.com.
<strong>celular.- </strong> 5531141665.
<strong>telefono.- </strong> 5531141665.
<strong>Referencia1.- </strong> Jorge Emilio.
<strong>Referencia1empresa.- </strong> Banco Azteca.
<strong>Referencia1telefono.- </strong> 7225575691.
<strong>Referencia2.- </strong> Dario Leonor.
<strong>Referencia2empresa.- </strong> Productos naturales gama. (PERIODO DEL 2016 A 2018, COBRADOR ABONERO CAMBIOS DE DOMICILIO)
<strong>Referencia2telefono.- </strong> 7291541351.
<strong>Referencia3.- </strong> Marco Antonio.
<strong>Referencia3empresa.- </strong> Pricase. (SEGURIDAD PRIVADA DE 2016 A 2017)
<strong>Referencia3telefono.- </strong> 7222022008.
<strong>Â¿Vives en Toluca?.- </strong> si.
<strong>Â¿Has trabajado en Funeraria?.- </strong> No.
<strong>Â¿Conoces el ramo funerario?.- </strong> no.
<strong>Â¿Sueldo mensual deseado?.- </strong> 5500.
<strong>Estado civil.- </strong> Soltero.
<strong>Escolaridad.- </strong> Bachillerato o Tecnico.
<strong>Â¿Tienes experiencia en la vacante?.- </strong> Si.
<strong>Nombre de la empresa del Ãºltimo empleo.- </strong> Banco azteca.
<strong>Periodo que prestÃ³ sus servicios.- </strong> 1 . (DE ENERO A 2019 A ENERO 2020)
<strong>Puesto desempeÃ±ado.- </strong> Gestor de cobranza.
<strong>Actividades que realizo.- </strong> Visitar y gestionar cuentas en atrazo generar convenios y compromisos de pago, realizar investigaciones de cambio de domicilio., .
<strong>Motivo de separaciÃ³n.- </strong> Personales separaciÃ³n .
<strong>Â¿Porque medio se entero de la vacante?.- </strong> Facebook.
<strong>Â¿Como considera su estado de salud actual?.- </strong> Bueno.
<strong>Â¿Padece alguna enfermedad Cronica?.- </strong> No.
<strong>Explique sus enfermedas crÃ³nicas.- </strong> Sin informaciÃ³n.
<strong>Â¿Puede viajar?.- </strong> pregunta-Si.
<strong>Â¿Esta dispuesto a cambiar de Residencia?.- </strong> Si.

MUY CLARO DEL ERROR DE ENVIO]]></content:encoded>
		<excerpt:encoded><![CDATA[]]></excerpt:encoded>
		<wp:post_id>788</wp:post_id>
		<wp:post_date><![CDATA[2020-08-29 15:55:42]]></wp:post_date>
		<wp:post_date_gmt><![CDATA[2020-08-29 15:55:42]]></wp:post_date_gmt>
		<wp:post_modified><![CDATA[2020-08-29 15:55:42]]></wp:post_modified>
		<wp:post_modified_gmt><![CDATA[2020-08-29 15:55:42]]></wp:post_modified_gmt>
		<wp:comment_status><![CDATA[closed]]></wp:comment_status>
		<wp:ping_status><![CDATA[closed]]></wp:ping_status>
		<wp:post_name><![CDATA[juan-carlos-alejo-rosalio-2]]></wp:post_name>
		<wp:status><![CDATA[publish]]></wp:status>
		<wp:post_parent>0</wp:post_parent>
		<wp:menu_order>0</wp:menu_order>
		<wp:post_type><![CDATA[post]]></wp:post_type>
		<wp:post_password><![CDATA[]]></wp:post_password>
		<wp:is_sticky>0</wp:is_sticky>
										<category domain="category" nicename="descartado"><![CDATA[Descartado]]></category>
		<category domain="post_tag" nicename="recuperador-en-moto"><![CDATA[Recuperador en Moto]]></category>
						<wp:postmeta>
		<wp:meta_key><![CDATA[folio_global_meta]]></wp:meta_key>
		<wp:meta_value><![CDATA[63]]></wp:meta_value>
		</wp:postmeta>
							<wp:postmeta>
		<wp:meta_key><![CDATA[valpa_telefono_solicitante_meta]]></wp:meta_key>
		<wp:meta_value><![CDATA[5531141665]]></wp:meta_value>
		</wp:postmeta>
							<wp:postmeta>
		<wp:meta_key><![CDATA[valpa_celular_solicitante_meta]]></wp:meta_key>
		<wp:meta_value><![CDATA[5531141665]]></wp:meta_value>
		</wp:postmeta>
							<wp:postmeta>
		<wp:meta_key><![CDATA[valpa_mail_solicitante_meta]]></wp:meta_key>
		<wp:meta_value><![CDATA[Karlozlbr@gmail.com]]></wp:meta_value>
		</wp:postmeta>
							<wp:postmeta>
		<wp:meta_key><![CDATA[valpa_alias_solicitante_meta]]></wp:meta_key>
		<wp:meta_value><![CDATA[Juan carlos]]></wp:meta_value>
		</wp:postmeta>
							<wp:postmeta>
		<wp:meta_key><![CDATA[puesto_relacionado_meta]]></wp:meta_key>
		<wp:meta_value><![CDATA[Recuperador en Moto]]></wp:meta_value>
		</wp:postmeta>
							<wp:postmeta>
		<wp:meta_key><![CDATA[sucursal_relacionada_meta]]></wp:meta_key>
		<wp:meta_value><![CDATA[Toluca Nezahualcoyotl]]></wp:meta_value>
		</wp:postmeta>
							<wp:postmeta>
		<wp:meta_key><![CDATA[solicitud_codigo_meta]]></wp:meta_key>
		<wp:meta_value><![CDATA[a8ee241caa]]></wp:meta_value>
		</wp:postmeta>
							<wp:postmeta>
		<wp:meta_key><![CDATA[_edit_last]]></wp:meta_key>
		<wp:meta_value><![CDATA[1]]></wp:meta_value>
		</wp:postmeta>
							<wp:postmeta>
		<wp:meta_key><![CDATA[_start_month]]></wp:meta_key>
		<wp:meta_value><![CDATA[08]]></wp:meta_value>
		</wp:postmeta>
							<wp:postmeta>
		<wp:meta_key><![CDATA[_start_day]]></wp:meta_key>
		<wp:meta_value><![CDATA[31]]></wp:meta_value>
		</wp:postmeta>
							<wp:postmeta>
		<wp:meta_key><![CDATA[_start_hour]]></wp:meta_key>
		<wp:meta_value><![CDATA[11]]></wp:meta_value>
		</wp:postmeta>
							<wp:postmeta>
		<wp:meta_key><![CDATA[_start_year]]></wp:meta_key>
		<wp:meta_value><![CDATA[2020]]></wp:meta_value>
		</wp:postmeta>
							<wp:postmeta>
		<wp:meta_key><![CDATA[_start_minute]]></wp:meta_key>
		<wp:meta_value><![CDATA[45]]></wp:meta_value>
		</wp:postmeta>
							<wp:postmeta>
		<wp:meta_key><![CDATA[_start_eventtimestamp]]></wp:meta_key>
		<wp:meta_value><![CDATA[202008311145]]></wp:meta_value>
		</wp:postmeta>
							</item>
					<item>
		<title><![CDATA[Eduardo Salazar HernÃ¡ndez]]></title>
		<link>http://localhost/sass-wp/eduardo-salazar-hernandez/</link>
		<pubDate>Sat, 29 Aug 2020 15:58:42 +0000</pubDate>
		<dc:creator><![CDATA[webmaster]]></dc:creator>
		<guid isPermaLink="false">https://valparaiso.com.mx/eduardo-salazar-hernandez/</guid>
		<description></description>
		<content:encoded><![CDATA[<p><strong>Contacto Valparaiso<br></strong> <br><strong>puesto.- </strong> 179. <br><strong>sucursal.- </strong> Toluca Nezahualcoyotl. <br><strong>documento-1.- </strong> CURP. <br><strong>documento-2.- </strong> RFC. <br><strong>documento-3.- </strong> Numero de Seguridad Social. <br><strong>documento-4.- </strong> Copia de Comprobante de Domicilio. <br><strong>documento-5.- </strong> Copia Acta Nacimiento. <br><strong>documento-6.- </strong> Copia de IFE. <br><strong>documento-7.- </strong> Cartas Laborales. <br><strong>documento-8.- </strong> Licencia Vigente. <br><strong>documento-9.- </strong> Copia de Comprobante de Estudios. <br><strong>Nombre.- </strong> Eduardo. <br><strong>ApellidoPaterno.- </strong> Salazar. <br><strong>ApellidoMaterno.- </strong> HernÃ¡ndez. <br><strong>Edad.- </strong> 24. AÃOS<br><strong>CURP.- </strong> SAHE951021HMCLRD06. <br><strong>NSS.- </strong> 54149598549. <br><strong>Direccion.- </strong> Cerrada De Morelos S/N. <br><strong>Ciudad.- </strong> Calimaya. <br><strong>Colonia.- </strong> Centro. <br><strong>CP.- </strong> 52200. <br><strong>E-mail.- </strong> lalosh211995@gmail.com. <br><strong>celular.- </strong> 7227997186. <br><strong>telefono.- </strong> 7227997186. <br><strong>Referencia1.- </strong> RubÃ©n Acosta. <br><strong>Referencia1empresa.- </strong> Imevis. GESTOR DE COBRANZA<br><strong>Referencia1telefono.- </strong> 7221814571. <br><strong>Referencia2.- </strong> Santos Mario. <br><strong>Referencia2empresa.- </strong> RendÃ³n y asociados. (ANTERIOR DE 2015 A 2017 AUXILIAR ADMINISTRATIVO OFICION CONTROL DE PERSONAL CAPCITACION)<br><strong>Referencia2telefono.- </strong> 7223663789. <br><strong>Referencia3.- </strong> Viviana GarcÃ­a. <br><strong>Referencia3empresa.- </strong> Linguatec. (NOVIEMBRE 2018 Y MATO A 2017 SUPERVISOR DE VENTA SALIAN A CAMBACEO PROPSPECCION DE PERSONAS)<br><strong>Referencia3telefono.- </strong> 7225573481. <br><strong>Â¿Vives en Toluca?.- </strong> si. <br><strong>Â¿Has trabajado en Funeraria?.- </strong> No. <br><strong>Â¿Conoces el ramo funerario?.- </strong> si. <br><strong>Â¿Sueldo mensual deseado?.- </strong> 10000. <br><strong>Estado civil.- </strong> Soltero. <br><strong>Escolaridad.- </strong> Licenciatura o Ingenieria. <br><strong>Â¿Tienes experiencia en la vacante?.- </strong> Si. <br><strong>Nombre de la empresa del Ãºltimo empleo.- </strong> Imevis. <br><strong>Periodo que prestÃ³ sus servicios.- </strong> 2 aÃ±os . (PERIODO DE 2018 A JULIO 2020)<br><strong>Puesto desempeÃ±ado.- </strong> Jefe A de proyectos. <br><strong>Actividades que realizo.- </strong> Manejo de personal <br>Reclutamiento<br>CapacitaciÃ³n<br>Compra y distribuciÃ³n de insumos <br>RevisiÃ³n de contratos <br>AtenciÃ³n a clientes morosos asÃ­ como negociaciÃ³n de deuda<br>Convenios de restructuraciÃ³n de deuda <br>Promesas de pago <br>Cartas finiquito <br>Cobranza extrajudicial. <br><strong>Motivo de separaciÃ³n.- </strong> TerminÃ© mi contrato laboral con la empresa . <br><strong>Â¿Porque medio se entero de la vacante?.- </strong> Facebook. <br><strong>Â¿Como considera su estado de salud actual?.- </strong> Bueno. <br><strong>Â¿Padece alguna enfermedad Cronica?.- </strong> No. <br><strong>Explique sus enfermedas crÃ³nicas.- </strong> Explique sus enfermedas crÃ³nicas. <br><strong>Â¿Puede viajar?.- </strong> pregunta-Si. <br><strong>Â¿Esta dispuesto a cambiar de Residencia?.- </strong> Si.</p>
<p>MUY BIEN TRANQUILO DOS PROBLEMAS SUBIO SUS APARECIA ERROR</p>

<!-- wp:paragraph -->
<p></p>
<!-- /wp:paragraph -->]]></content:encoded>
		<excerpt:encoded><![CDATA[]]></excerpt:encoded>
		<wp:post_id>789</wp:post_id>
		<wp:post_date><![CDATA[2020-08-29 15:58:42]]></wp:post_date>
		<wp:post_date_gmt><![CDATA[2020-08-29 15:58:42]]></wp:post_date_gmt>
		<wp:post_modified><![CDATA[2020-08-29 15:58:42]]></wp:post_modified>
		<wp:post_modified_gmt><![CDATA[2020-08-29 15:58:42]]></wp:post_modified_gmt>
		<wp:comment_status><![CDATA[closed]]></wp:comment_status>
		<wp:ping_status><![CDATA[closed]]></wp:ping_status>
		<wp:post_name><![CDATA[eduardo-salazar-hernandez]]></wp:post_name>
		<wp:status><![CDATA[publish]]></wp:status>
		<wp:post_parent>0</wp:post_parent>
		<wp:menu_order>0</wp:menu_order>
		<wp:post_type><![CDATA[post]]></wp:post_type>
		<wp:post_password><![CDATA[]]></wp:post_password>
		<wp:is_sticky>0</wp:is_sticky>
										<category domain="category" nicename="descartado-por-psicometricos"><![CDATA[Descartado por Psicometricos]]></category>
		<category domain="post_tag" nicename="recuperador-en-moto"><![CDATA[Recuperador en Moto]]></category>
						<wp:postmeta>
		<wp:meta_key><![CDATA[folio_global_meta]]></wp:meta_key>
		<wp:meta_value><![CDATA[64]]></wp:meta_value>
		</wp:postmeta>
							<wp:postmeta>
		<wp:meta_key><![CDATA[valpa_telefono_solicitante_meta]]></wp:meta_key>
		<wp:meta_value><![CDATA[7227997186]]></wp:meta_value>
		</wp:postmeta>
							<wp:postmeta>
		<wp:meta_key><![CDATA[valpa_celular_solicitante_meta]]></wp:meta_key>
		<wp:meta_value><![CDATA[7227997186]]></wp:meta_value>
		</wp:postmeta>
							<wp:postmeta>
		<wp:meta_key><![CDATA[valpa_mail_solicitante_meta]]></wp:meta_key>
		<wp:meta_value><![CDATA[lalosh211995@gmail.com]]></wp:meta_value>
		</wp:postmeta>
							<wp:postmeta>
		<wp:meta_key><![CDATA[valpa_alias_solicitante_meta]]></wp:meta_key>
		<wp:meta_value><![CDATA[Eduardo]]></wp:meta_value>
		</wp:postmeta>
							<wp:postmeta>
		<wp:meta_key><![CDATA[puesto_relacionado_meta]]></wp:meta_key>
		<wp:meta_value><![CDATA[Recuperador en Moto]]></wp:meta_value>
		</wp:postmeta>
							<wp:postmeta>
		<wp:meta_key><![CDATA[sucursal_relacionada_meta]]></wp:meta_key>
		<wp:meta_value><![CDATA[Toluca Nezahualcoyotl]]></wp:meta_value>
		</wp:postmeta>
							<wp:postmeta>
		<wp:meta_key><![CDATA[solicitud_codigo_meta]]></wp:meta_key>
		<wp:meta_value><![CDATA[a8ee241caa]]></wp:meta_value>
		</wp:postmeta>
							<wp:postmeta>
		<wp:meta_key><![CDATA[_edit_last]]></wp:meta_key>
		<wp:meta_value><![CDATA[1]]></wp:meta_value>
		</wp:postmeta>
							<wp:postmeta>
		<wp:meta_key><![CDATA[_start_month]]></wp:meta_key>
		<wp:meta_value><![CDATA[09]]></wp:meta_value>
		</wp:postmeta>
							<wp:postmeta>
		<wp:meta_key><![CDATA[_start_day]]></wp:meta_key>
		<wp:meta_value><![CDATA[3]]></wp:meta_value>
		</wp:postmeta>
							<wp:postmeta>
		<wp:meta_key><![CDATA[_start_hour]]></wp:meta_key>
		<wp:meta_value><![CDATA[10]]></wp:meta_value>
		</wp:postmeta>
							<wp:postmeta>
		<wp:meta_key><![CDATA[_start_year]]></wp:meta_key>
		<wp:meta_value><![CDATA[2020]]></wp:meta_value>
		</wp:postmeta>
							<wp:postmeta>
		<wp:meta_key><![CDATA[_start_minute]]></wp:meta_key>
		<wp:meta_value><![CDATA[30]]></wp:meta_value>
		</wp:postmeta>
							<wp:postmeta>
		<wp:meta_key><![CDATA[_start_eventtimestamp]]></wp:meta_key>
		<wp:meta_value><![CDATA[20200931030]]></wp:meta_value>
		</wp:postmeta>
							</item>
					<item>
		<title><![CDATA[prueba de servidor prueba de servidor prueba de servidor]]></title>
		<link>http://localhost/sass-wp/prueba-de-servidor-prueba-de-servidor-prueba-de-servidor/</link>
		<pubDate>Sat, 29 Aug 2020 18:36:09 +0000</pubDate>
		<dc:creator><![CDATA[webmaster]]></dc:creator>
		<guid isPermaLink="false">https://valparaiso.com.mx/prueba-de-servidor-prueba-de-servidor-prueba-de-servidor/</guid>
		<description></description>
		<content:encoded><![CDATA[<strong>Contacto Valparaiso<br></strong> <br><strong>puesto.- </strong> 159. <br><strong>sucursal.- </strong> Toluca Nezahualcoyotl. <br><strong>documento-3.- </strong> Numero de Seguridad Social. <br><strong>documento-6.- </strong> Copia de IFE. <br><strong>documento-7.- </strong> Cartas Laborales. <br><strong>Nombre.- </strong> prueba de servidor. <br><strong>ApellidoPaterno.- </strong> prueba de servidor. <br><strong>ApellidoMaterno.- </strong> prueba de servidor. <br><strong>Edad.- </strong> prueba de servidor. <br><strong>CURP.- </strong> prueba de servidor. <br><strong>NSS.- </strong> prueba de servidor. <br><strong>Direccion.- </strong> prueba de servidor. <br><strong>Ciudad.- </strong> prueba de servidor. <br><strong>Colonia.- </strong> prueba de servidor. <br><strong>CP.- </strong> prueba de servidor. <br><strong>E-mail.- </strong> prueba@servidor.com. <br><strong>celular.- </strong> prueba de servidor. <br><strong>telefono.- </strong> 5576687668. <br><strong>Referencia1.- </strong> prueba de servidor. <br><strong>Referencia1empresa.- </strong> prueba de servidor. <br><strong>Referencia1telefono.- </strong> prueba de servidor. <br><strong>Referencia2.- </strong> prueba de servidor. <br><strong>Referencia2empresa.- </strong> prueba de servidor. <br><strong>Referencia2telefono.- </strong> prueba de servidor. <br><strong>Referencia3.- </strong> prueba de servidor. <br><strong>Referencia3empresa.- </strong> prueba de servidor. <br><strong>Referencia3telefono.- </strong> prueba de servidor. <br><strong>Â¿Sueldo mensual deseado?.- </strong> Sin informaciÃ³n. <br><strong>Nombre de la empresa del Ãºltimo empleo.- </strong> Sin informaciÃ³n. <br><strong>Periodo que prestÃ³ sus servicios.- </strong> Sin informaciÃ³n. <br><strong>Puesto desempeÃ±ado.- </strong> Sin informaciÃ³n. <br><strong>Actividades que realizo.- </strong> Actividades que realizo. <br><strong>Motivo de separaciÃ³n.- </strong> Motivo de separaciÃ³n. <br><strong>Explique sus enfermedas crÃ³nicas.- </strong> Explique sus enfermedas crÃ³nicas. <br>]]></content:encoded>
		<excerpt:encoded><![CDATA[]]></excerpt:encoded>
		<wp:post_id>802</wp:post_id>
		<wp:post_date><![CDATA[2020-08-29 18:36:09]]></wp:post_date>
		<wp:post_date_gmt><![CDATA[2020-08-29 18:36:09]]></wp:post_date_gmt>
		<wp:post_modified><![CDATA[2020-08-29 18:36:09]]></wp:post_modified>
		<wp:post_modified_gmt><![CDATA[2020-08-29 18:36:09]]></wp:post_modified_gmt>
		<wp:comment_status><![CDATA[open]]></wp:comment_status>
		<wp:ping_status><![CDATA[open]]></wp:ping_status>
		<wp:post_name><![CDATA[prueba-de-servidor-prueba-de-servidor-prueba-de-servidor]]></wp:post_name>
		<wp:status><![CDATA[publish]]></wp:status>
		<wp:post_parent>0</wp:post_parent>
		<wp:menu_order>0</wp:menu_order>
		<wp:post_type><![CDATA[post]]></wp:post_type>
		<wp:post_password><![CDATA[]]></wp:post_password>
		<wp:is_sticky>0</wp:is_sticky>
										<category domain="post_tag" nicename="auxiliar-administrativo"><![CDATA[Auxiliar Administrativo]]></category>
		<category domain="category" nicename="en_revision"><![CDATA[En revisiÃ³n]]></category>
						<wp:postmeta>
		<wp:meta_key><![CDATA[folio_global_meta]]></wp:meta_key>
		<wp:meta_value><![CDATA[65]]></wp:meta_value>
		</wp:postmeta>
							<wp:postmeta>
		<wp:meta_key><![CDATA[valpa_telefono_solicitante_meta]]></wp:meta_key>
		<wp:meta_value><![CDATA[5576687668]]></wp:meta_value>
		</wp:postmeta>
							<wp:postmeta>
		<wp:meta_key><![CDATA[valpa_celular_solicitante_meta]]></wp:meta_key>
		<wp:meta_value><![CDATA[prueba de servidor]]></wp:meta_value>
		</wp:postmeta>
							<wp:postmeta>
		<wp:meta_key><![CDATA[valpa_mail_solicitante_meta]]></wp:meta_key>
		<wp:meta_value><![CDATA[prueba@servidor.com]]></wp:meta_value>
		</wp:postmeta>
							<wp:postmeta>
		<wp:meta_key><![CDATA[valpa_alias_solicitante_meta]]></wp:meta_key>
		<wp:meta_value><![CDATA[prueba de servidor]]></wp:meta_value>
		</wp:postmeta>
							<wp:postmeta>
		<wp:meta_key><![CDATA[puesto_relacionado_meta]]></wp:meta_key>
		<wp:meta_value><![CDATA[Auxiliar Administrativo]]></wp:meta_value>
		</wp:postmeta>
							<wp:postmeta>
		<wp:meta_key><![CDATA[sucursal_relacionada_meta]]></wp:meta_key>
		<wp:meta_value><![CDATA[Toluca Nezahualcoyotl]]></wp:meta_value>
		</wp:postmeta>
							<wp:postmeta>
		<wp:meta_key><![CDATA[solicitud_codigo_meta]]></wp:meta_key>
		<wp:meta_value><![CDATA[1d124486ee]]></wp:meta_value>
		</wp:postmeta>
							</item>
					<item>
		<title><![CDATA[Jaciel Galindo Carbajal]]></title>
		<link>http://localhost/sass-wp/jaciel-galindo-carbajal/</link>
		<pubDate>Sat, 29 Aug 2020 20:01:21 +0000</pubDate>
		<dc:creator><![CDATA[webmaster]]></dc:creator>
		<guid isPermaLink="false">https://valparaiso.com.mx/jaciel-galindo-carbajal/</guid>
		<description></description>
		<content:encoded><![CDATA[<strong>Contacto Valparaiso
</strong>
<strong>puesto.- </strong> 179.
<strong>sucursal.- </strong> Toluca Nezahualcoyotl.
<strong>documento-1.- </strong> CURP.
<strong>documento-2.- </strong> RFC.
<strong>documento-3.- </strong> Numero de Seguridad Social.
<strong>documento-4.- </strong> Copia de Comprobante de Domicilio.
<strong>documento-5.- </strong> Copia Acta Nacimiento.
<strong>documento-6.- </strong> Copia de IFE.
<strong>documento-8.- </strong> Licencia Vigente.
<strong>documento-9.- </strong> Copia de Comprobante de Estudios.
<strong>Nombre.- </strong> Jaciel.
<strong>ApellidoPaterno.- </strong> Galindo.
<strong>ApellidoMaterno.- </strong> Carbajal.
<strong>Edad.- </strong> 23. AÃOS
<strong>CURP.- </strong> Gacj970705hmclrc01.
<strong>NSS.- </strong> 17149722252.
<strong>Direccion.- </strong> Privada revoluciÃ³n nÃºmero 123.
<strong>Ciudad.- </strong> Lerma.
<strong>Colonia.- </strong> Guadalupe.
<strong>CP.- </strong> 52001.
<strong>E-mail.- </strong> galindojaciel8@gmail.com.
<strong>celular.- </strong> 7223825193.
<strong>telefono.- </strong> 7223825193.
<strong>Referencia1.- </strong> Victo hugo.
<strong>Referencia1empresa.- </strong> Foto de chao.
<strong>Referencia1telefono.- </strong> 5539045650.
<strong>Referencia2.- </strong> Mexli Valeria.
<strong>Referencia2empresa.- </strong> Foto de chao.
<strong>Referencia2telefono.- </strong> 5560195462.
<strong>Referencia3.- </strong> Francisco.
<strong>Referencia3empresa.- </strong> Mr sushi. (REPARTIDOR DE COMIDA DEL 2016 A 2018)
<strong>Referencia3telefono.- </strong> 7224592595.
<strong>Â¿Vives en Toluca?.- </strong> si.
<strong>Â¿Has trabajado en Funeraria?.- </strong> No.
<strong>Â¿Conoces el ramo funerario?.- </strong> no.
<strong>Â¿Sueldo mensual deseado?.- </strong> 6000.
<strong>Estado civil.- </strong> UniÃ³n libre.
<strong>Escolaridad.- </strong> Bachillerato o Tecnico.
<strong>Â¿Tienes experiencia en la vacante?.- </strong> No.
<strong>Nombre de la empresa del Ãºltimo empleo.- </strong> Foto de chao. FOGO DE CHAO
<strong>Periodo que prestÃ³ sus servicios.- </strong> Medio aÃ±o. INICIO DE ESTE AÃO Y SALIO ACABA DE SALIR
<strong>Puesto desempeÃ±ado.- </strong> Cocinero.
<strong>Actividades que realizo.- </strong> Cocinar y montar alimentos.
<strong>Motivo de separaciÃ³n.- </strong> Contingencia.
<strong>Â¿Porque medio se entero de la vacante?.- </strong> Facebook.
<strong>Â¿Como considera su estado de salud actual?.- </strong> Bueno.
<strong>Â¿Padece alguna enfermedad Cronica?.- </strong> No.
<strong>Explique sus enfermedas crÃ³nicas.- </strong> Explique sus enfermedas crÃ³nicas.
<strong>Â¿Puede viajar?.- </strong> pregunta-Si.
<strong>Â¿Esta dispuesto a cambiar de Residencia?.- </strong> Si.

NO LE DEJO VER LA INFORMACION POR QUE LE APARECIA QUE EDSTABA LEJOS PERO EL DICE QUE ESTA CERCA]]></content:encoded>
		<excerpt:encoded><![CDATA[]]></excerpt:encoded>
		<wp:post_id>803</wp:post_id>
		<wp:post_date><![CDATA[2020-08-29 20:01:21]]></wp:post_date>
		<wp:post_date_gmt><![CDATA[2020-08-29 20:01:21]]></wp:post_date_gmt>
		<wp:post_modified><![CDATA[2020-08-29 20:01:21]]></wp:post_modified>
		<wp:post_modified_gmt><![CDATA[2020-08-29 20:01:21]]></wp:post_modified_gmt>
		<wp:comment_status><![CDATA[open]]></wp:comment_status>
		<wp:ping_status><![CDATA[open]]></wp:ping_status>
		<wp:post_name><![CDATA[jaciel-galindo-carbajal]]></wp:post_name>
		<wp:status><![CDATA[publish]]></wp:status>
		<wp:post_parent>0</wp:post_parent>
		<wp:menu_order>0</wp:menu_order>
		<wp:post_type><![CDATA[post]]></wp:post_type>
		<wp:post_password><![CDATA[]]></wp:post_password>
		<wp:is_sticky>0</wp:is_sticky>
										<category domain="category" nicename="citado"><![CDATA[Citado]]></category>
		<category domain="post_tag" nicename="recuperador-en-moto"><![CDATA[Recuperador en Moto]]></category>
						<wp:postmeta>
		<wp:meta_key><![CDATA[folio_global_meta]]></wp:meta_key>
		<wp:meta_value><![CDATA[66]]></wp:meta_value>
		</wp:postmeta>
							<wp:postmeta>
		<wp:meta_key><![CDATA[valpa_telefono_solicitante_meta]]></wp:meta_key>
		<wp:meta_value><![CDATA[7223825193]]></wp:meta_value>
		</wp:postmeta>
							<wp:postmeta>
		<wp:meta_key><![CDATA[valpa_celular_solicitante_meta]]></wp:meta_key>
		<wp:meta_value><![CDATA[7223825193]]></wp:meta_value>
		</wp:postmeta>
							<wp:postmeta>
		<wp:meta_key><![CDATA[valpa_mail_solicitante_meta]]></wp:meta_key>
		<wp:meta_value><![CDATA[galindojaciel8@gmail.com]]></wp:meta_value>
		</wp:postmeta>
							<wp:postmeta>
		<wp:meta_key><![CDATA[valpa_alias_solicitante_meta]]></wp:meta_key>
		<wp:meta_value><![CDATA[Jaciel]]></wp:meta_value>
		</wp:postmeta>
							<wp:postmeta>
		<wp:meta_key><![CDATA[puesto_relacionado_meta]]></wp:meta_key>
		<wp:meta_value><![CDATA[Recuperador en Moto]]></wp:meta_value>
		</wp:postmeta>
							<wp:postmeta>
		<wp:meta_key><![CDATA[sucursal_relacionada_meta]]></wp:meta_key>
		<wp:meta_value><![CDATA[Toluca Nezahualcoyotl]]></wp:meta_value>
		</wp:postmeta>
							<wp:postmeta>
		<wp:meta_key><![CDATA[solicitud_codigo_meta]]></wp:meta_key>
		<wp:meta_value><![CDATA[a8ee241caa]]></wp:meta_value>
		</wp:postmeta>
							<wp:postmeta>
		<wp:meta_key><![CDATA[_edit_last]]></wp:meta_key>
		<wp:meta_value><![CDATA[1]]></wp:meta_value>
		</wp:postmeta>
							<wp:postmeta>
		<wp:meta_key><![CDATA[_start_month]]></wp:meta_key>
		<wp:meta_value><![CDATA[09]]></wp:meta_value>
		</wp:postmeta>
							<wp:postmeta>
		<wp:meta_key><![CDATA[_start_day]]></wp:meta_key>
		<wp:meta_value><![CDATA[3]]></wp:meta_value>
		</wp:postmeta>
							<wp:postmeta>
		<wp:meta_key><![CDATA[_start_hour]]></wp:meta_key>
		<wp:meta_value><![CDATA[10]]></wp:meta_value>
		</wp:postmeta>
							<wp:postmeta>
		<wp:meta_key><![CDATA[_start_year]]></wp:meta_key>
		<wp:meta_value><![CDATA[2020]]></wp:meta_value>
		</wp:postmeta>
							<wp:postmeta>
		<wp:meta_key><![CDATA[_start_minute]]></wp:meta_key>
		<wp:meta_value><![CDATA[45]]></wp:meta_value>
		</wp:postmeta>
							<wp:postmeta>
		<wp:meta_key><![CDATA[_start_eventtimestamp]]></wp:meta_key>
		<wp:meta_value><![CDATA[20200931045]]></wp:meta_value>
		</wp:postmeta>
							</item>
					<item>
		<title><![CDATA[RamÃ³n Gallardo Moya]]></title>
		<link>http://localhost/sass-wp/ramon-gallardo-moya/</link>
		<pubDate>Sun, 30 Aug 2020 00:08:24 +0000</pubDate>
		<dc:creator><![CDATA[webmaster]]></dc:creator>
		<guid isPermaLink="false">https://valparaiso.com.mx/ramon-gallardo-moya/</guid>
		<description></description>
		<content:encoded><![CDATA[<strong>Contacto Valparaiso
</strong>
<strong>puesto.- </strong> 179.
<strong>sucursal.- </strong> Toluca Nezahualcoyotl.
<strong>documento-1.- </strong> CURP.
<strong>documento-2.- </strong> RFC.
<strong>documento-3.- </strong> Numero de Seguridad Social.
<strong>documento-4.- </strong> Copia de Comprobante de Domicilio.
<strong>documento-5.- </strong> Copia Acta Nacimiento.
<strong>documento-6.- </strong> Copia de IFE.
<strong>documento-7.- </strong> Cartas Laborales.
<strong>documento-8.- </strong> Licencia Vigente.
<strong>documento-9.- </strong> Copia de Comprobante de Estudios.
<strong>Nombre.- </strong> RamÃ³n.
<strong>ApellidoPaterno.- </strong> Gallardo.
<strong>ApellidoMaterno.- </strong> Moya.
<strong>Edad.- </strong> 37. AÃOS
<strong>CURP.- </strong> Gamr821027hmclym04.
<strong>NSS.- </strong> 16108206703.
<strong>Direccion.- </strong> Prevista #1293.
<strong>Ciudad.- </strong> Toluca.
<strong>Colonia.- </strong> Geovillas de la independencia.
<strong>CP.- </strong> 50228.
<strong>E-mail.- </strong> barf69@hotmail.com.
<strong>celular.- </strong> 7225713725.
<strong>telefono.- </strong> 7225713725.
<strong>Referencia1.- </strong> Marcelino.
<strong>Referencia1empresa.- </strong> Servicios de alta especialidad geep.
<strong>Referencia1telefono.- </strong> 5517020827.
<strong>Referencia2.- </strong> Darlys.
<strong>Referencia2empresa.- </strong> Financiera mundo facil. (PERIODO SEPTIEMBRE DEL 2017 A JULIO 2018 CHOFER DE COBRANZA Y REALIZABA LA COBRANZA)
<strong>Referencia2telefono.- </strong> 722 273221.
<strong>Referencia3.- </strong> RocÃ­o SÃ¡nchez .
<strong>Referencia3empresa.- </strong> Misc rocÃ­o . (PERIODO ESTUVO 10 AÃOS ACOMODO DE MERCANCIA LIMPIEZA ATENCIO A CLIENTE IBA POR MERCANCIA ERA ENCARGADO DE LA TIENDA)
<strong>Referencia3telefono.- </strong> 7221546030.
<strong>Â¿Vives en Toluca?.- </strong> si.
<strong>Â¿Has trabajado en Funeraria?.- </strong> No.
<strong>Â¿Conoces el ramo funerario?.- </strong> no.
<strong>Â¿Sueldo mensual deseado?.- </strong> 8000.
<strong>Estado civil.- </strong> Casado .
<strong>Escolaridad.- </strong> Bachillerato o Tecnico.
<strong>Â¿Tienes experiencia en la vacante?.- </strong> Si.
<strong>Nombre de la empresa del Ãºltimo empleo.- </strong> Servicios de alta especialidad geep.
<strong>Periodo que prestÃ³ sus servicios.- </strong> 4 de septiembre 2019 al 04 de julio del 2020.
<strong>Puesto desempeÃ±ado.- </strong> Preventa .
<strong>Actividades que realizo.- </strong> Actividades que realizo preventa de refresco acomodo del mismo producto limpieza de enfriador y exibicion del mismo.
<strong>Motivo de separaciÃ³n.- </strong> Motivo de separaciÃ³n
Problemas con el jt.
<strong>Â¿Porque medio se entero de la vacante?.- </strong> Facebook.
<strong>Â¿Como considera su estado de salud actual?.- </strong> Bueno.
<strong>Â¿Padece alguna enfermedad Cronica?.- </strong> No.
<strong>Explique sus enfermedas crÃ³nicas.- </strong> Explique sus enfermedas crÃ³nicas.
<strong>Â¿Puede viajar?.- </strong> pregunta-No.
<strong>Â¿Esta dispuesto a cambiar de Residencia?.- </strong> No.

SE VA A COMUNICAR PARA AGENDARLE UNA ENTREVISTA]]></content:encoded>
		<excerpt:encoded><![CDATA[]]></excerpt:encoded>
		<wp:post_id>804</wp:post_id>
		<wp:post_date><![CDATA[2020-08-30 00:08:24]]></wp:post_date>
		<wp:post_date_gmt><![CDATA[2020-08-30 00:08:24]]></wp:post_date_gmt>
		<wp:post_modified><![CDATA[2020-08-30 00:08:24]]></wp:post_modified>
		<wp:post_modified_gmt><![CDATA[2020-08-30 00:08:24]]></wp:post_modified_gmt>
		<wp:comment_status><![CDATA[open]]></wp:comment_status>
		<wp:ping_status><![CDATA[open]]></wp:ping_status>
		<wp:post_name><![CDATA[ramon-gallardo-moya]]></wp:post_name>
		<wp:status><![CDATA[publish]]></wp:status>
		<wp:post_parent>0</wp:post_parent>
		<wp:menu_order>0</wp:menu_order>
		<wp:post_type><![CDATA[post]]></wp:post_type>
		<wp:post_password><![CDATA[]]></wp:post_password>
		<wp:is_sticky>0</wp:is_sticky>
										<category domain="post_tag" nicename="recuperador-en-moto"><![CDATA[Recuperador en Moto]]></category>
		<category domain="category" nicename="revisado"><![CDATA[Revisado]]></category>
						<wp:postmeta>
		<wp:meta_key><![CDATA[folio_global_meta]]></wp:meta_key>
		<wp:meta_value><![CDATA[67]]></wp:meta_value>
		</wp:postmeta>
							<wp:postmeta>
		<wp:meta_key><![CDATA[valpa_telefono_solicitante_meta]]></wp:meta_key>
		<wp:meta_value><![CDATA[7225713725]]></wp:meta_value>
		</wp:postmeta>
							<wp:postmeta>
		<wp:meta_key><![CDATA[valpa_celular_solicitante_meta]]></wp:meta_key>
		<wp:meta_value><![CDATA[7225713725]]></wp:meta_value>
		</wp:postmeta>
							<wp:postmeta>
		<wp:meta_key><![CDATA[valpa_mail_solicitante_meta]]></wp:meta_key>
		<wp:meta_value><![CDATA[barf69@hotmail.com]]></wp:meta_value>
		</wp:postmeta>
							<wp:postmeta>
		<wp:meta_key><![CDATA[valpa_alias_solicitante_meta]]></wp:meta_key>
		<wp:meta_value><![CDATA[RamÃ³n]]></wp:meta_value>
		</wp:postmeta>
							<wp:postmeta>
		<wp:meta_key><![CDATA[puesto_relacionado_meta]]></wp:meta_key>
		<wp:meta_value><![CDATA[Recuperador en Moto]]></wp:meta_value>
		</wp:postmeta>
							<wp:postmeta>
		<wp:meta_key><![CDATA[sucursal_relacionada_meta]]></wp:meta_key>
		<wp:meta_value><![CDATA[Toluca Nezahualcoyotl]]></wp:meta_value>
		</wp:postmeta>
							<wp:postmeta>
		<wp:meta_key><![CDATA[solicitud_codigo_meta]]></wp:meta_key>
		<wp:meta_value><![CDATA[a8ee241caa]]></wp:meta_value>
		</wp:postmeta>
							<wp:postmeta>
		<wp:meta_key><![CDATA[_edit_last]]></wp:meta_key>
		<wp:meta_value><![CDATA[1]]></wp:meta_value>
		</wp:postmeta>
							<wp:postmeta>
		<wp:meta_key><![CDATA[_start_month]]></wp:meta_key>
		<wp:meta_value><![CDATA[08]]></wp:meta_value>
		</wp:postmeta>
							<wp:postmeta>
		<wp:meta_key><![CDATA[_start_day]]></wp:meta_key>
		<wp:meta_value><![CDATA[31]]></wp:meta_value>
		</wp:postmeta>
							<wp:postmeta>
		<wp:meta_key><![CDATA[_start_hour]]></wp:meta_key>
		<wp:meta_value><![CDATA[21]]></wp:meta_value>
		</wp:postmeta>
							<wp:postmeta>
		<wp:meta_key><![CDATA[_start_year]]></wp:meta_key>
		<wp:meta_value><![CDATA[2020]]></wp:meta_value>
		</wp:postmeta>
							<wp:postmeta>
		<wp:meta_key><![CDATA[_start_minute]]></wp:meta_key>
		<wp:meta_value><![CDATA[00]]></wp:meta_value>
		</wp:postmeta>
							<wp:postmeta>
		<wp:meta_key><![CDATA[_start_eventtimestamp]]></wp:meta_key>
		<wp:meta_value><![CDATA[202008312100]]></wp:meta_value>
		</wp:postmeta>
							</item>
					<item>
		<title><![CDATA[JosÃ© Luis MÃ©ndez Meza]]></title>
		<link>http://localhost/sass-wp/jose-luis-mendez-meza/</link>
		<pubDate>Sun, 30 Aug 2020 00:50:53 +0000</pubDate>
		<dc:creator><![CDATA[webmaster]]></dc:creator>
		<guid isPermaLink="false">https://valparaiso.com.mx/jose-luis-mendez-meza/</guid>
		<description></description>
		<content:encoded><![CDATA[<p><strong>Contacto Valparaiso<br></strong></p>
<table style="height: 283px;" width="750">
<tbody>
<tr>
<td width="281">43,HA TRABAJADO COMO VENDEDOR EN FARMACEUTICA, BUSCABA CLIENTES LLEVAR MEDICAMENTO ULTIMO EMPLEO PERIODO DE FEBRERO 2020 A ENERO DEL 2021, ANTERIORMENTE LABORO EN REFRACCIONARIA DE RAS COMO VENDEDOR PERIODO JULIO 2019 A FEBERERO 2020, CARTAS LABORALES SOLO DE FARMACIA CUENTA CON UNA ANTERIOR DE AUTOPARTES, LICENCIA VIGENTE, TENIA ENTREVISTA EL DIA 28 DE MAYO NO ASISITIO POR QUE TUVO QUE AUSENTARSE, SE VOLVIO A POSTULAR PARA CONSULTOR;15.FEB.21//ENVIAR UBICACIÃN, YA HABIA ESCUCHADO DE NOSOTROS, NO HA TRABAJADO EN FUNERARIA; 27.MAY.20. TIENE LICENCIA VIGENTE, TRABAJA EN FARMA G, MEDICAMENTO, NO TIENE PRESTACIONES</td>
</tr>
</tbody>
</table>
<p><strong>puesto.- </strong> 179. <br><strong>sucursal.- </strong> Toluca Nezahualcoyotl. <br><strong>documento-1.- </strong> CURP. <br><strong>documento-2.- </strong> RFC. <br><strong>documento-3.- </strong> Numero de Seguridad Social. <br><strong>documento-4.- </strong> Copia de Comprobante de Domicilio. <br><strong>documento-5.- </strong> Copia Acta Nacimiento. <br><strong>documento-6.- </strong> Copia de IFE. <br><strong>documento-7.- </strong> Cartas Laborales. <br><strong>documento-8.- </strong> Licencia Vigente. <br><strong>documento-9.- </strong> Copia de Comprobante de Estudios. <br><strong>Nombre.- </strong> JosÃ© Luis. <br><strong>ApellidoPaterno.- </strong> MÃ©ndez. <br><strong>ApellidoMaterno.- </strong> Meza. <br><strong>Edad.- </strong> 42. AÃOS<br><strong>CURP.- </strong> MEML761022HMCNZS05. <br><strong>NSS.- </strong> 07977604912. <br><strong>Direccion.- </strong> ConvicciÃ³n #101. <br><strong>Ciudad.- </strong> Metepec. <br><strong>Colonia.- </strong> Luisa Isabel Campos de JimÃ©nez CantÃº. <br><strong>CP.- </strong> 52166. <br><strong>E-mail.- </strong> mezaluis726@gmail.com. <br><strong>celular.- </strong> 7291440129. <br><strong>telefono.- </strong> 7291440129. <br><strong>Referencia1.- </strong> Isaac Torres. <br><strong>Referencia1empresa.- </strong> Autopartes Jhonnys. (PERIODO JULIO DURO 6 AÃOS TRABAJO EN ATENCION A CLIENTES PORVEEDORES Y COBRANZA TRABAJO EN MOSTRADOR IBA A REPARTIR Y COBRABA )<br><strong>Referencia1telefono.- </strong> 7224923104. <br><strong>Referencia2.- </strong> Ramiro HuÃ©rfano. <br><strong>Referencia2empresa.- </strong> Despachador. TUVO PROBRLEMAS NO SUPO LLENARLOS, TRABAJAO CON UN DOCTOR&nbsp; DIONATURA LA EMPRESA YA NO EXITE DOCTOR ABEL CRUZ DURO 1 AÃO FUE SUPERVISOR DE COBRANZA DE BIONATURA&nbsp;<br><strong>Referencia2telefono.- </strong> 7293842864. <br><strong>Referencia3.- </strong> Daniel Verona. <br><strong>Referencia3empresa.- </strong> Particular. <br><strong>Referencia3telefono.- </strong> 722 443 1907. <br><strong>Â¿Vives en Toluca?.- </strong> si. <br><strong>Â¿Has trabajado en Funeraria?.- </strong> No. <br><strong>Â¿Conoces el ramo funerario?.- </strong> no. <br><strong>Â¿Sueldo mensual deseado?.- </strong> $6500. <br><strong>Estado civil.- </strong> Casado . <br><strong>Escolaridad.- </strong> Secundaria. <br><strong>Â¿Tienes experiencia en la vacante?.- </strong> Si. <br><strong>Nombre de la empresa del Ãºltimo empleo.- </strong> Farmagen. <br><strong>Periodo que prestÃ³ sus servicios.- </strong> Agosto/2020. FEBRERO A LA FECHA<br><strong>Puesto desempeÃ±ado.- </strong> Vendedor repartidor. <br><strong>Actividades que realizo.- </strong> Vendedor, repartidor y cobranza. <br><strong>Motivo de separaciÃ³n.- </strong> Falta de prestaciones. <br><strong>Â¿Porque medio se entero de la vacante?.- </strong> Facebook. <br><strong>Â¿Como considera su estado de salud actual?.- </strong> Bueno. <br><strong>Â¿Padece alguna enfermedad Cronica?.- </strong> No. <br><strong>Explique sus enfermedas crÃ³nicas.- </strong> Explique sus enfermedas crÃ³nicas. <br><strong>Â¿Puede viajar?.- </strong> pregunta-Si. <br><strong>Â¿Esta dispuesto a cambiar de Residencia?.- </strong> No.</p>
<p>ESTUVO BIEN DE LOS EMPLEO SE CONFUNDIO TODO LE GUSTO&nbsp;</p>

<!-- wp:paragraph -->
<p>ENTRA LA LLAMADA PERO NO CONTESTA</p>
<!-- /wp:paragraph -->]]></content:encoded>
		<excerpt:encoded><![CDATA[]]></excerpt:encoded>
		<wp:post_id>805</wp:post_id>
		<wp:post_date><![CDATA[2020-08-30 00:50:53]]></wp:post_date>
		<wp:post_date_gmt><![CDATA[2020-08-30 00:50:53]]></wp:post_date_gmt>
		<wp:post_modified><![CDATA[2020-08-30 00:50:53]]></wp:post_modified>
		<wp:post_modified_gmt><![CDATA[2020-08-30 00:50:53]]></wp:post_modified_gmt>
		<wp:comment_status><![CDATA[open]]></wp:comment_status>
		<wp:ping_status><![CDATA[open]]></wp:ping_status>
		<wp:post_name><![CDATA[jose-luis-mendez-meza]]></wp:post_name>
		<wp:status><![CDATA[publish]]></wp:status>
		<wp:post_parent>0</wp:post_parent>
		<wp:menu_order>0</wp:menu_order>
		<wp:post_type><![CDATA[post]]></wp:post_type>
		<wp:post_password><![CDATA[]]></wp:post_password>
		<wp:is_sticky>0</wp:is_sticky>
										<category domain="category" nicename="citado"><![CDATA[Citado]]></category>
		<category domain="post_tag" nicename="recuperador-en-moto"><![CDATA[Recuperador en Moto]]></category>
						<wp:postmeta>
		<wp:meta_key><![CDATA[folio_global_meta]]></wp:meta_key>
		<wp:meta_value><![CDATA[68]]></wp:meta_value>
		</wp:postmeta>
							<wp:postmeta>
		<wp:meta_key><![CDATA[valpa_telefono_solicitante_meta]]></wp:meta_key>
		<wp:meta_value><![CDATA[7291440129]]></wp:meta_value>
		</wp:postmeta>
							<wp:postmeta>
		<wp:meta_key><![CDATA[valpa_celular_solicitante_meta]]></wp:meta_key>
		<wp:meta_value><![CDATA[7291440129]]></wp:meta_value>
		</wp:postmeta>
							<wp:postmeta>
		<wp:meta_key><![CDATA[valpa_mail_solicitante_meta]]></wp:meta_key>
		<wp:meta_value><![CDATA[mezaluis726@gmail.com]]></wp:meta_value>
		</wp:postmeta>
							<wp:postmeta>
		<wp:meta_key><![CDATA[valpa_alias_solicitante_meta]]></wp:meta_key>
		<wp:meta_value><![CDATA[JosÃ© Luis]]></wp:meta_value>
		</wp:postmeta>
							<wp:postmeta>
		<wp:meta_key><![CDATA[puesto_relacionado_meta]]></wp:meta_key>
		<wp:meta_value><![CDATA[Recuperador en Moto]]></wp:meta_value>
		</wp:postmeta>
							<wp:postmeta>
		<wp:meta_key><![CDATA[sucursal_relacionada_meta]]></wp:meta_key>
		<wp:meta_value><![CDATA[Toluca Nezahualcoyotl]]></wp:meta_value>
		</wp:postmeta>
							<wp:postmeta>
		<wp:meta_key><![CDATA[solicitud_codigo_meta]]></wp:meta_key>
		<wp:meta_value><![CDATA[fe65f41862]]></wp:meta_value>
		</wp:postmeta>
							<wp:postmeta>
		<wp:meta_key><![CDATA[_edit_last]]></wp:meta_key>
		<wp:meta_value><![CDATA[1]]></wp:meta_value>
		</wp:postmeta>
							<wp:postmeta>
		<wp:meta_key><![CDATA[_start_month]]></wp:meta_key>
		<wp:meta_value><![CDATA[02]]></wp:meta_value>
		</wp:postmeta>
							<wp:postmeta>
		<wp:meta_key><![CDATA[_start_day]]></wp:meta_key>
		<wp:meta_value><![CDATA[16]]></wp:meta_value>
		</wp:postmeta>
							<wp:postmeta>
		<wp:meta_key><![CDATA[_start_hour]]></wp:meta_key>
		<wp:meta_value><![CDATA[11]]></wp:meta_value>
		</wp:postmeta>
							<wp:postmeta>
		<wp:meta_key><![CDATA[_start_year]]></wp:meta_key>
		<wp:meta_value><![CDATA[2021]]></wp:meta_value>
		</wp:postmeta>
							<wp:postmeta>
		<wp:meta_key><![CDATA[_start_minute]]></wp:meta_key>
		<wp:meta_value><![CDATA[00]]></wp:meta_value>
		</wp:postmeta>
							<wp:postmeta>
		<wp:meta_key><![CDATA[_start_eventtimestamp]]></wp:meta_key>
		<wp:meta_value><![CDATA[202102161100]]></wp:meta_value>
		</wp:postmeta>
							</item>
					<item>
		<title><![CDATA[Miguel Alejandro  Morales Barrios]]></title>
		<link>http://localhost/sass-wp/miguel-alejandro-morales-barrios/</link>
		<pubDate>Sun, 30 Aug 2020 19:16:41 +0000</pubDate>
		<dc:creator><![CDATA[webmaster]]></dc:creator>
		<guid isPermaLink="false">https://valparaiso.com.mx/miguel-alejandro-morales-barrios/</guid>
		<description></description>
		<content:encoded><![CDATA[<strong>Contacto Valparaiso
</strong>
<strong>puesto.- </strong> 151.
<strong>sucursal.- </strong> Toluca Nezahualcoyotl.
<strong>documento-1.- </strong> CURP.
<strong>documento-2.- </strong> RFC.
<strong>documento-3.- </strong> Numero de Seguridad Social.
<strong>documento-4.- </strong> Copia de Comprobante de Domicilio.
<strong>documento-5.- </strong> Copia Acta Nacimiento.
<strong>documento-6.- </strong> Copia de IFE.
<strong>documento-7.- </strong> Cartas Laborales.
<strong>documento-8.- </strong> Licencia Vigente.
<strong>documento-9.- </strong> Copia de Comprobante de Estudios.
<strong>Nombre.- </strong> Miguel Alejandro .
<strong>ApellidoPaterno.- </strong> Morales.
<strong>ApellidoMaterno.- </strong> Barrios.
<strong>Edad.- </strong> 26.
<strong>CURP.- </strong> MOBM940420HDFRRG04.
<strong>NSS.- </strong> 16129421513.
<strong>Direccion.- </strong> GUSTAVO A VICENCIO.
<strong>Ciudad.- </strong> XONACATLAN.
<strong>Colonia.- </strong> XONACATLAN.
<strong>CP.- </strong> 52070.
<strong>E-mail.- </strong> mimorales1994@hotmail.com.
<strong>celular.- </strong> 7222695465.
<strong>telefono.- </strong> 7229127150.
<strong>Referencia1.- </strong> Monse .
<strong>Referencia1empresa.- </strong> Castores.
<strong>Referencia1telefono.- </strong> 7225648610.
<strong>Referencia2.- </strong> Brenda Gonzalez.
<strong>Referencia2empresa.- </strong> Corsa.
<strong>Referencia2telefono.- </strong> 5591902870.
<strong>Referencia3.- </strong> Valentina Sierra.
<strong>Referencia3empresa.- </strong> 405Â°.
<strong>Referencia3telefono.- </strong> 7229125780.
<strong>Â¿Vives en Toluca?.- </strong>  no.
<strong>Â¿Has trabajado en Funeraria?.- </strong> No.
<strong>Â¿Conoces el ramo funerario?.- </strong> no.
<strong>Â¿Sueldo mensual deseado?.- </strong> 8000.
<strong>Estado civil.- </strong> Soltero.
<strong>Escolaridad.- </strong>  Licenciatura o Ingenieria.
<strong>Â¿Tienes experiencia en la vacante?.- </strong> Si.
<strong>Nombre de la empresa del Ãºltimo empleo.- </strong> Castores.
<strong>Periodo que prestÃ³ sus servicios.- </strong> 25 abril 2020 al 11 agosto 2020.
<strong>Puesto desempeÃ±ado.- </strong> Ejecutivo Operativo in House nestle .
<strong>Actividades que realizo.- </strong> o Seguimiento de unidades a hora de carga y descarga
o Contacto con cliente
o DocumentaciÃ³n de Unidades
o Conocimiento Kpiâs, y ER
o AsignaciÃ³n de viajes a operadores
o Seguimiento de entrega al arribo de la unidad
o SoluciÃ³n de rechazos de unidad
o CotizaciÃ³n de fletes
o ElaboraciÃ³n de carta Porte
o Levantamiento de orden de compra
o ElaboraciÃ³n de vales de Operador (DIESEL)
o Conocimiento de Plataformas como Fourkites y Transporeon
o Almacenaje y inventario de producto CEDIS
o Manejo de personal (coordinadores, maniobristas y Trafico )
o Conocimientos dc3 en nom 017-stps EPP, nom-019-stps Trabajos en alturas, nom-027-stps.
<strong>Motivo de separaciÃ³n.- </strong> Renuncia volunaria.
<strong>Â¿Porque medio se entero de la vacante?.- </strong>  Indeed.
<strong>Â¿Como considera su estado de salud actual?.- </strong> Bueno.
<strong>Â¿Padece alguna enfermedad Cronica?.- </strong> No.
<strong>Explique sus enfermedas crÃ³nicas.- </strong> Explique sus enfermedas crÃ³nicas.
<strong>Â¿Puede viajar?.- </strong> pregunta-Si.
<strong>Â¿Esta dispuesto a cambiar de Residencia?.- </strong> Si.]]></content:encoded>
		<excerpt:encoded><![CDATA[]]></excerpt:encoded>
		<wp:post_id>806</wp:post_id>
		<wp:post_date><![CDATA[2020-08-30 19:16:41]]></wp:post_date>
		<wp:post_date_gmt><![CDATA[2020-08-30 19:16:41]]></wp:post_date_gmt>
		<wp:post_modified><![CDATA[2020-08-30 19:16:41]]></wp:post_modified>
		<wp:post_modified_gmt><![CDATA[2020-08-30 19:16:41]]></wp:post_modified_gmt>
		<wp:comment_status><![CDATA[open]]></wp:comment_status>
		<wp:ping_status><![CDATA[open]]></wp:ping_status>
		<wp:post_name><![CDATA[miguel-alejandro-morales-barrios]]></wp:post_name>
		<wp:status><![CDATA[publish]]></wp:status>
		<wp:post_parent>0</wp:post_parent>
		<wp:menu_order>0</wp:menu_order>
		<wp:post_type><![CDATA[post]]></wp:post_type>
		<wp:post_password><![CDATA[]]></wp:post_password>
		<wp:is_sticky>0</wp:is_sticky>
										<category domain="post_tag" nicename="monitorista"><![CDATA[Monitorista]]></category>
		<category domain="category" nicename="revisado"><![CDATA[Revisado]]></category>
						<wp:postmeta>
		<wp:meta_key><![CDATA[folio_global_meta]]></wp:meta_key>
		<wp:meta_value><![CDATA[69]]></wp:meta_value>
		</wp:postmeta>
							<wp:postmeta>
		<wp:meta_key><![CDATA[valpa_telefono_solicitante_meta]]></wp:meta_key>
		<wp:meta_value><![CDATA[7229127150]]></wp:meta_value>
		</wp:postmeta>
							<wp:postmeta>
		<wp:meta_key><![CDATA[valpa_celular_solicitante_meta]]></wp:meta_key>
		<wp:meta_value><![CDATA[7222695465]]></wp:meta_value>
		</wp:postmeta>
							<wp:postmeta>
		<wp:meta_key><![CDATA[valpa_mail_solicitante_meta]]></wp:meta_key>
		<wp:meta_value><![CDATA[mimorales1994@hotmail.com]]></wp:meta_value>
		</wp:postmeta>
							<wp:postmeta>
		<wp:meta_key><![CDATA[valpa_alias_solicitante_meta]]></wp:meta_key>
		<wp:meta_value><![CDATA[Miguel Alejandro ]]></wp:meta_value>
		</wp:postmeta>
							<wp:postmeta>
		<wp:meta_key><![CDATA[puesto_relacionado_meta]]></wp:meta_key>
		<wp:meta_value><![CDATA[Monitorista]]></wp:meta_value>
		</wp:postmeta>
							<wp:postmeta>
		<wp:meta_key><![CDATA[sucursal_relacionada_meta]]></wp:meta_key>
		<wp:meta_value><![CDATA[Toluca Nezahualcoyotl]]></wp:meta_value>
		</wp:postmeta>
							<wp:postmeta>
		<wp:meta_key><![CDATA[solicitud_codigo_meta]]></wp:meta_key>
		<wp:meta_value><![CDATA[ea6ccd67b8]]></wp:meta_value>
		</wp:postmeta>
							<wp:postmeta>
		<wp:meta_key><![CDATA[_edit_last]]></wp:meta_key>
		<wp:meta_value><![CDATA[1]]></wp:meta_value>
		</wp:postmeta>
							<wp:postmeta>
		<wp:meta_key><![CDATA[_start_month]]></wp:meta_key>
		<wp:meta_value><![CDATA[08]]></wp:meta_value>
		</wp:postmeta>
							<wp:postmeta>
		<wp:meta_key><![CDATA[_start_day]]></wp:meta_key>
		<wp:meta_value><![CDATA[31]]></wp:meta_value>
		</wp:postmeta>
							<wp:postmeta>
		<wp:meta_key><![CDATA[_start_hour]]></wp:meta_key>
		<wp:meta_value><![CDATA[22]]></wp:meta_value>
		</wp:postmeta>
							<wp:postmeta>
		<wp:meta_key><![CDATA[_start_year]]></wp:meta_key>
		<wp:meta_value><![CDATA[2020]]></wp:meta_value>
		</wp:postmeta>
							<wp:postmeta>
		<wp:meta_key><![CDATA[_start_minute]]></wp:meta_key>
		<wp:meta_value><![CDATA[00]]></wp:meta_value>
		</wp:postmeta>
							<wp:postmeta>
		<wp:meta_key><![CDATA[_start_eventtimestamp]]></wp:meta_key>
		<wp:meta_value><![CDATA[202008312200]]></wp:meta_value>
		</wp:postmeta>
							</item>
					<item>
		<title><![CDATA[LEVI MAGDIEL FUENTES BECERRIL]]></title>
		<link>http://localhost/sass-wp/levi-magdiel-fuentes-becerril/</link>
		<pubDate>Sun, 30 Aug 2020 22:18:10 +0000</pubDate>
		<dc:creator><![CDATA[webmaster]]></dc:creator>
		<guid isPermaLink="false">https://valparaiso.com.mx/levi-magdiel-fuentes-becerril/</guid>
		<description></description>
		<content:encoded><![CDATA[<strong>Contacto Valparaiso
</strong>
<strong>puesto.- </strong> 137.
<strong>sucursal.- </strong> Toluca Nezahualcoyotl.
<strong>documento-1.- </strong> CURP.
<strong>documento-2.- </strong> RFC.
<strong>documento-3.- </strong> Numero de Seguridad Social.
<strong>documento-4.- </strong> Copia de Comprobante de Domicilio.
<strong>documento-5.- </strong> Copia Acta Nacimiento.
<strong>documento-6.- </strong> Copia de IFE.
<strong>documento-7.- </strong> Cartas Laborales.
<strong>documento-9.- </strong> Copia de Comprobante de Estudios.
<strong>Nombre.- </strong> LEVI MAGDIEL.
<strong>ApellidoPaterno.- </strong> FUENTES.
<strong>ApellidoMaterno.- </strong> BECERRIL.
<strong>Edad.- </strong> 34. AÃOS
<strong>CURP.- </strong> FUBL840921HMCNCV09.
<strong>NSS.- </strong> 16078420136.
<strong>Direccion.- </strong> AVENIDA TOLUCA #31SECCION B
<strong>Ciudad.- </strong> TOLUCA.
<strong>Colonia.- </strong> VILLA CUAUHTEMOC.
<strong>CP.- </strong> 52080.
<strong>E-mail.- </strong> raciel_001@hotmail.com.
<strong>celular.- </strong> 7226042495.
<strong>telefono.- </strong> 7191001145.
<strong>Referencia1.- </strong> jose ariztmendi.
<strong>Referencia1empresa.- </strong> ticsa.
<strong>Referencia1telefono.- </strong> 7293434867.
<strong>Referencia2.- </strong> FELICIANO ANDRES.
<strong>Referencia2empresa.- </strong> TICSA.
<strong>Referencia2telefono.- </strong> 7292998737.
<strong>Referencia3.- </strong> RICARDO DE GANTE .
<strong>Referencia3empresa.- </strong> TICSA.
<strong>Referencia3telefono.- </strong> 7229803452. (ENTRO COMO CAPTURISTA Y LO ASCENDIERON A JEFE DE ALMACEN)
<strong>Â¿Vives en Toluca?.- </strong> si.
<strong>Â¿Has trabajado en Funeraria?.- </strong> No.
<strong>Â¿Conoces el ramo funerario?.- </strong> no.
<strong>Â¿Sueldo mensual deseado?.- </strong> 9000.
<strong>Estado civil.- </strong> Casado .
<strong>Escolaridad.- </strong> Licenciatura o Ingenieria.
<strong>Â¿Tiene experiencia en Manejo de personal?.- </strong> Si.
<strong>Â¿Tienes experiencia en la vacante?.- </strong> Si.
<strong>Nombre de la empresa del Ãºltimo empleo.- </strong> TICSA GRUPO EPM.
<strong>Periodo que prestÃ³ sus servicios.- </strong> Sin informaciÃ³n. (2007 A JUNIO DE ESTE AÃO
<strong>Puesto desempeÃ±ado.- </strong> JEFE DE ALMACEN.
<strong>Actividades que realizo.- </strong> â¦ TOMA DE DESICIONES ENFOCADAS A UN RESULTADO EFICIENTE Y PRODUCTIVO
â¦ TRATO CON CLIENTES, PROVEEDORES Y EMPLEADOS
â¦ ESTRATEGIAS FUTURAS CON UN SENTIDO DE LA URGENCIA
â¦ PLANEACION, ORGANIZACIÃN Y EJECUCION
â¦ REPORTES DIARIOS A GERENCIA Y DIRECCION

RevisiÃ³n de transferencias de almacenes, surtido de materiales, actualizaciÃ³n de estÃ¡ndar de atenciÃ³n a clientes, conciliar facturaciÃ³n vs pagos, anÃ¡lisis de requisiciones y Ã³rdenes de compra, estimaciones, control de citas, revisiÃ³n de cotizaciones de materiales o productos, validaciÃ³n de inventarios cÃ­clicos vs fÃ­sicos, informaciÃ³n e informes de pedidos, ordenes de producciÃ³n, trato directo con proveedores internos y externos, asÃ­ como la correcta administraciÃ³n de suministros de materiales, administraciÃ³n del Ã¡rea , reportes diarios, capacidad de direcciÃ³n, entradas y salidas, PEPS Y UEPS, mÃ¡ximos y mÃ­nimos, arqueo de caja.
Aseguramiento de los procesos de almacenes, Ã³rdenes de pago, recibo, reportes, coordinaciÃ³n de choferes para entrega de pedido, entrega de documentaciÃ³n(facturas a clientes) a transportistas reportes de choferes para entrega correcta del embarque, entrega de embarques en tiempo y en forma, recibo de pedidos cancelado como de devoluciones y asÃ­ como la correcta verificaciÃ³n de chek lista del transporte, mantenimiento actualizado de rutas como de vehÃ­culos, mantenimiento correctivo y preventivo a operadores y a transportes (vales de gasolina, licencia de manejo actualizada, ruta especÃ­fica, caja limpia ruedas no gastadas ajuste mecÃ¡nico y elÃ©ctrico, kilometraje inicial como final monitoreo etc.).
CoordinaciÃ³n de recibo, distribuciÃ³n de logÃ­stica de almacenes. tiempos de entregas, kardex e inventarios cÃ­clicos y aleatorios, fÃ­sicos asÃ­ como la supervisiÃ³n y coordinaciÃ³n de los mismos, explosiÃ³n de insumos, skus y cÃ³digos, bases de datos Excel y Access, principios reactores 5s, BMP .facturaciÃ³n, remisiones, Ã³rdenes de compra, transferencias de un almacÃ©n a otro, capacidad de organizar, check list de almacÃ©n, organizaciÃ³n de espacios del almacÃ©n, llevar acabo siempre las normas polÃ­ticas y manuales de procedimiento de la empresa cuidar sus intereses, asignar actividades diarias, seguridad industrial, archivo, revisiÃ³n de documentos, clasificando y registro de los mismos, ordenar la documentaciÃ³n contable como pÃ³lizas, registros financieros de la empresa para facilitar la toma de decisiones y que no afecte a la organizaciÃ³n actualizaciÃ³n de movimientos contables para la realizaciÃ³n de objetivos, resguardÃ³ de mobiliario y equipo, movimientos en sistema vs fÃ­sico, corte de caja, elaboraciÃ³n de pedidos mensual, trimestral y semestral, ordenes de producciÃ³n diaria, cierre de inventarios, rotaciÃ³n de productos , stocks.

RESPONSABILIDADES A REALIZAR DEL PUESTO

â¦ Realice manual de procedimientos de ALMACEN
â¦ Realice manual de EMBARQUES
â¦ Realice manual de RECIBO
â¦ Responsable de realizar TMS
â¦ Kaizen
â¦ Lay out
â¦ DisminuciÃ³n de gastos y costos
â¦ DisminuciÃ³n de mermas
â¦ CapacitaciÃ³n de personal
â¦ kanban
â¦ Realice un check list de almacÃ©n
â¦ Realice vales de ENTRADA Y SALIDA DE ALMACEN
â¦ KPIâS
.
<strong>Motivo de separaciÃ³n.- </strong> FIN DE CONTRATO.
<strong>Â¿Porque medio se entero de la vacante?.- </strong> Indeed.
<strong>Â¿Como considera su estado de salud actual?.- </strong> Bueno.
<strong>Â¿Padece alguna enfermedad Cronica?.- </strong> No.
<strong>Explique sus enfermedas crÃ³nicas.- </strong> Explique sus enfermedas crÃ³nicas.
<strong>Â¿Puede viajar?.- </strong> pregunta-Si.
<strong>Â¿Esta dispuesto a cambiar de Residencia?.- </strong> Si.]]></content:encoded>
		<excerpt:encoded><![CDATA[]]></excerpt:encoded>
		<wp:post_id>807</wp:post_id>
		<wp:post_date><![CDATA[2020-08-30 22:18:10]]></wp:post_date>
		<wp:post_date_gmt><![CDATA[2020-08-30 22:18:10]]></wp:post_date_gmt>
		<wp:post_modified><![CDATA[2020-08-30 22:18:10]]></wp:post_modified>
		<wp:post_modified_gmt><![CDATA[2020-08-30 22:18:10]]></wp:post_modified_gmt>
		<wp:comment_status><![CDATA[open]]></wp:comment_status>
		<wp:ping_status><![CDATA[open]]></wp:ping_status>
		<wp:post_name><![CDATA[levi-magdiel-fuentes-becerril]]></wp:post_name>
		<wp:status><![CDATA[publish]]></wp:status>
		<wp:post_parent>0</wp:post_parent>
		<wp:menu_order>0</wp:menu_order>
		<wp:post_type><![CDATA[post]]></wp:post_type>
		<wp:post_password><![CDATA[]]></wp:post_password>
		<wp:is_sticky>0</wp:is_sticky>
										<category domain="category" nicename="citado"><![CDATA[Citado]]></category>
		<category domain="post_tag" nicename="responsable-de-almacen-y-logistica"><![CDATA[Responsable de almacÃ©n y logÃ­stica]]></category>
						<wp:postmeta>
		<wp:meta_key><![CDATA[folio_global_meta]]></wp:meta_key>
		<wp:meta_value><![CDATA[70]]></wp:meta_value>
		</wp:postmeta>
							<wp:postmeta>
		<wp:meta_key><![CDATA[valpa_telefono_solicitante_meta]]></wp:meta_key>
		<wp:meta_value><![CDATA[7191001145]]></wp:meta_value>
		</wp:postmeta>
							<wp:postmeta>
		<wp:meta_key><![CDATA[valpa_celular_solicitante_meta]]></wp:meta_key>
		<wp:meta_value><![CDATA[7226042495]]></wp:meta_value>
		</wp:postmeta>
							<wp:postmeta>
		<wp:meta_key><![CDATA[valpa_mail_solicitante_meta]]></wp:meta_key>
		<wp:meta_value><![CDATA[raciel_001@hotmail.com]]></wp:meta_value>
		</wp:postmeta>
							<wp:postmeta>
		<wp:meta_key><![CDATA[valpa_alias_solicitante_meta]]></wp:meta_key>
		<wp:meta_value><![CDATA[LEVI MAGDIEL]]></wp:meta_value>
		</wp:postmeta>
							<wp:postmeta>
		<wp:meta_key><![CDATA[puesto_relacionado_meta]]></wp:meta_key>
		<wp:meta_value><![CDATA[Responsable de almacÃ©n y logÃ­stica]]></wp:meta_value>
		</wp:postmeta>
							<wp:postmeta>
		<wp:meta_key><![CDATA[sucursal_relacionada_meta]]></wp:meta_key>
		<wp:meta_value><![CDATA[Toluca Nezahualcoyotl]]></wp:meta_value>
		</wp:postmeta>
							<wp:postmeta>
		<wp:meta_key><![CDATA[solicitud_codigo_meta]]></wp:meta_key>
		<wp:meta_value><![CDATA[ea6ccd67b8]]></wp:meta_value>
		</wp:postmeta>
							<wp:postmeta>
		<wp:meta_key><![CDATA[_edit_last]]></wp:meta_key>
		<wp:meta_value><![CDATA[1]]></wp:meta_value>
		</wp:postmeta>
							<wp:postmeta>
		<wp:meta_key><![CDATA[_start_month]]></wp:meta_key>
		<wp:meta_value><![CDATA[09]]></wp:meta_value>
		</wp:postmeta>
							<wp:postmeta>
		<wp:meta_key><![CDATA[_start_day]]></wp:meta_key>
		<wp:meta_value><![CDATA[1]]></wp:meta_value>
		</wp:postmeta>
							<wp:postmeta>
		<wp:meta_key><![CDATA[_start_hour]]></wp:meta_key>
		<wp:meta_value><![CDATA[11]]></wp:meta_value>
		</wp:postmeta>
							<wp:postmeta>
		<wp:meta_key><![CDATA[_start_year]]></wp:meta_key>
		<wp:meta_value><![CDATA[2020]]></wp:meta_value>
		</wp:postmeta>
							<wp:postmeta>
		<wp:meta_key><![CDATA[_start_minute]]></wp:meta_key>
		<wp:meta_value><![CDATA[00]]></wp:meta_value>
		</wp:postmeta>
							<wp:postmeta>
		<wp:meta_key><![CDATA[_start_eventtimestamp]]></wp:meta_key>
		<wp:meta_value><![CDATA[20200911100]]></wp:meta_value>
		</wp:postmeta>
							</item>
					<item>
		<title><![CDATA[Â¡Hola mundo!]]></title>
		<link>http://localhost/sass-wp/hola-mundo/</link>
		<pubDate>Wed, 21 Jul 2021 15:39:48 +0000</pubDate>
		<dc:creator><![CDATA[webmaster]]></dc:creator>
		<guid isPermaLink="false">http://localhost/sass-wp/?p=1</guid>
		<description></description>
		<content:encoded><![CDATA[<!-- wp:paragraph -->
<p>Bienvenido a WordPress. Esta es tu primera entrada. EdÃ­tala o bÃ³rrala, Â¡luego empieza a escribir!</p>
<!-- /wp:paragraph -->]]></content:encoded>
		<excerpt:encoded><![CDATA[]]></excerpt:encoded>
		<wp:post_id>1</wp:post_id>
		<wp:post_date><![CDATA[2021-07-21 15:39:48]]></wp:post_date>
		<wp:post_date_gmt><![CDATA[2021-07-21 15:39:48]]></wp:post_date_gmt>
		<wp:post_modified><![CDATA[2021-07-21 15:39:48]]></wp:post_modified>
		<wp:post_modified_gmt><![CDATA[2021-07-21 15:39:48]]></wp:post_modified_gmt>
		<wp:comment_status><![CDATA[open]]></wp:comment_status>
		<wp:ping_status><![CDATA[open]]></wp:ping_status>
		<wp:post_name><![CDATA[hola-mundo]]></wp:post_name>
		<wp:status><![CDATA[publish]]></wp:status>
		<wp:post_parent>0</wp:post_parent>
		<wp:menu_order>0</wp:menu_order>
		<wp:post_type><![CDATA[post]]></wp:post_type>
		<wp:post_password><![CDATA[]]></wp:post_password>
		<wp:is_sticky>0</wp:is_sticky>
										<category domain="category" nicename="sin-categoria"><![CDATA[Sin categorÃ­a]]></category>
						<wp:comment>
			<wp:comment_id>1</wp:comment_id>
			<wp:comment_author><![CDATA[Un comentarista de WordPress]]></wp:comment_author>
			<wp:comment_author_email><![CDATA[wapuu@wordpress.example]]></wp:comment_author_email>
			<wp:comment_author_url>https://wordpress.org/</wp:comment_author_url>
			<wp:comment_author_IP><![CDATA[]]></wp:comment_author_IP>
			<wp:comment_date><![CDATA[2021-07-21 15:39:48]]></wp:comment_date>
			<wp:comment_date_gmt><![CDATA[2021-07-21 15:39:48]]></wp:comment_date_gmt>
			<wp:comment_content><![CDATA[Hola, esto es un comentario.
Para empezar a moderar, editar y borrar comentarios, por favor, visita la pantalla de comentarios en el escritorio.
Los avatares de los comentaristas provienen de <a href="https://gravatar.com">Gravatar</a>.]]></wp:comment_content>
			<wp:comment_approved><![CDATA[1]]></wp:comment_approved>
			<wp:comment_type><![CDATA[comment]]></wp:comment_type>
			<wp:comment_parent>0</wp:comment_parent>
			<wp:comment_user_id>0</wp:comment_user_id>
							</wp:comment>
					</item>
					<item>
		<title><![CDATA[Angel Armando PeÃ±a Reyes]]></title>
		<link>http://localhost/sass-wp/angel-armando-pena-reyes/</link>
		<pubDate>Mon, 31 Aug 2020 15:20:50 +0000</pubDate>
		<dc:creator><![CDATA[webmaster]]></dc:creator>
		<guid isPermaLink="false">https://valparaiso.com.mx/angel-armando-pena-reyes/</guid>
		<description></description>
		<content:encoded><![CDATA[<strong>Contacto Valparaiso
</strong>
<strong>puesto.- </strong> 179.
<strong>sucursal.- </strong> Toluca Nezahualcoyotl.
<strong>documento-1.- </strong> CURP.
<strong>documento-3.- </strong> Numero de Seguridad Social.
<strong>documento-4.- </strong> Copia de Comprobante de Domicilio.
<strong>documento-5.- </strong> Copia Acta Nacimiento.
<strong>documento-9.- </strong> Copia de Comprobante de Estudios.
<strong>Nombre.- </strong> Angel Armando.
<strong>ApellidoPaterno.- </strong> PeÃ±a.
<strong>ApellidoMaterno.- </strong> Reyes.
<strong>Edad.- </strong> Q.
<strong>CURP.- </strong> 17.
<strong>NSS.- </strong> 50180366804.
<strong>Direccion.- </strong> Privada de pedro cortez 202 .
<strong>Ciudad.- </strong> Toluca.
<strong>Colonia.- </strong> Santa bÃ¡rbara.
<strong>CP.- </strong> 50050.
<strong>E-mail.- </strong> prodj45@gmail.com.
<strong>celular.- </strong> 7224050858.
<strong>telefono.- </strong> 7224050858.
<strong>Referencia1.- </strong> Invierno en patines .
<strong>Referencia1empresa.- </strong> Becar .
<strong>Referencia1telefono.- </strong> +5217229804624.
<strong>Referencia2.- </strong> Invierno en patines .
<strong>Referencia2empresa.- </strong> Becar.
<strong>Referencia2telefono.- </strong> +5217229804624.
<strong>Referencia3.- </strong> Rappi.
<strong>Referencia3empresa.- </strong> Rappi.
<strong>Referencia3telefono.- </strong> +5217229804624.
<strong>Â¿Vives en Toluca?.- </strong> si.
<strong>Â¿Has trabajado en Funeraria?.- </strong> No.
<strong>Â¿Conoces el ramo funerario?.- </strong> no.
<strong>Â¿Sueldo mensual deseado?.- </strong> 5500-6000.
<strong>Estado civil.- </strong> Soltero.
<strong>Escolaridad.- </strong> Bachillerato o Tecnico.
<strong>Â¿Tienes experiencia en la vacante?.- </strong> Si.
<strong>Nombre de la empresa del Ãºltimo empleo.- </strong> Becar.
<strong>Periodo que prestÃ³ sus servicios.- </strong> Diciembre 2019.
<strong>Puesto desempeÃ±ado.- </strong> Monitor en pista de hielo .
<strong>Actividades que realizo.- </strong> Ayudaba a las personas que no sabÃ­an patinar y procuraba que las personas tuvieran una Ã³ptima experiencia dentro de la pista de hielo .
<strong>Motivo de separaciÃ³n.- </strong> Solo trabajo en esta empresa el mes de diciembre ya que solo es por temporada.
<strong>Â¿Porque medio se entero de la vacante?.- </strong> Facebook.
<strong>Â¿Como considera su estado de salud actual?.- </strong> Bueno.
<strong>Â¿Padece alguna enfermedad Cronica?.- </strong> No.
<strong>Explique sus enfermedas crÃ³nicas.- </strong> Explique sus enfermedas crÃ³nicas.
<strong>Â¿Puede viajar?.- </strong> pregunta-Si.
<strong>Â¿Esta dispuesto a cambiar de Residencia?.- </strong> Si.

ENTRA LA LLAMADA Y NO CONTESTA]]></content:encoded>
		<excerpt:encoded><![CDATA[]]></excerpt:encoded>
		<wp:post_id>808</wp:post_id>
		<wp:post_date><![CDATA[2020-08-31 15:20:50]]></wp:post_date>
		<wp:post_date_gmt><![CDATA[2020-08-31 15:20:50]]></wp:post_date_gmt>
		<wp:post_modified><![CDATA[2020-08-31 15:20:50]]></wp:post_modified>
		<wp:post_modified_gmt><![CDATA[2020-08-31 15:20:50]]></wp:post_modified_gmt>
		<wp:comment_status><![CDATA[open]]></wp:comment_status>
		<wp:ping_status><![CDATA[open]]></wp:ping_status>
		<wp:post_name><![CDATA[angel-armando-pena-reyes]]></wp:post_name>
		<wp:status><![CDATA[publish]]></wp:status>
		<wp:post_parent>0</wp:post_parent>
		<wp:menu_order>0</wp:menu_order>
		<wp:post_type><![CDATA[post]]></wp:post_type>
		<wp:post_password><![CDATA[]]></wp:post_password>
		<wp:is_sticky>0</wp:is_sticky>
										<category domain="post_tag" nicename="recuperador-en-moto"><![CDATA[Recuperador en Moto]]></category>
		<category domain="category" nicename="revisado"><![CDATA[Revisado]]></category>
						<wp:postmeta>
		<wp:meta_key><![CDATA[folio_global_meta]]></wp:meta_key>
		<wp:meta_value><![CDATA[71]]></wp:meta_value>
		</wp:postmeta>
							<wp:postmeta>
		<wp:meta_key><![CDATA[valpa_telefono_solicitante_meta]]></wp:meta_key>
		<wp:meta_value><![CDATA[7224050858]]></wp:meta_value>
		</wp:postmeta>
							<wp:postmeta>
		<wp:meta_key><![CDATA[valpa_celular_solicitante_meta]]></wp:meta_key>
		<wp:meta_value><![CDATA[7224050858]]></wp:meta_value>
		</wp:postmeta>
							<wp:postmeta>
		<wp:meta_key><![CDATA[valpa_mail_solicitante_meta]]></wp:meta_key>
		<wp:meta_value><![CDATA[prodj45@gmail.com]]></wp:meta_value>
		</wp:postmeta>
							<wp:postmeta>
		<wp:meta_key><![CDATA[valpa_alias_solicitante_meta]]></wp:meta_key>
		<wp:meta_value><![CDATA[Angel Armando]]></wp:meta_value>
		</wp:postmeta>
							<wp:postmeta>
		<wp:meta_key><![CDATA[puesto_relacionado_meta]]></wp:meta_key>
		<wp:meta_value><![CDATA[Recuperador en Moto]]></wp:meta_value>
		</wp:postmeta>
							<wp:postmeta>
		<wp:meta_key><![CDATA[sucursal_relacionada_meta]]></wp:meta_key>
		<wp:meta_value><![CDATA[Toluca Nezahualcoyotl]]></wp:meta_value>
		</wp:postmeta>
							<wp:postmeta>
		<wp:meta_key><![CDATA[solicitud_codigo_meta]]></wp:meta_key>
		<wp:meta_value><![CDATA[cc939009b3]]></wp:meta_value>
		</wp:postmeta>
							<wp:postmeta>
		<wp:meta_key><![CDATA[_edit_last]]></wp:meta_key>
		<wp:meta_value><![CDATA[1]]></wp:meta_value>
		</wp:postmeta>
							<wp:postmeta>
		<wp:meta_key><![CDATA[_start_month]]></wp:meta_key>
		<wp:meta_value><![CDATA[08]]></wp:meta_value>
		</wp:postmeta>
							<wp:postmeta>
		<wp:meta_key><![CDATA[_start_day]]></wp:meta_key>
		<wp:meta_value><![CDATA[31]]></wp:meta_value>
		</wp:postmeta>
							<wp:postmeta>
		<wp:meta_key><![CDATA[_start_hour]]></wp:meta_key>
		<wp:meta_value><![CDATA[22]]></wp:meta_value>
		</wp:postmeta>
							<wp:postmeta>
		<wp:meta_key><![CDATA[_start_year]]></wp:meta_key>
		<wp:meta_value><![CDATA[2020]]></wp:meta_value>
		</wp:postmeta>
							<wp:postmeta>
		<wp:meta_key><![CDATA[_start_minute]]></wp:meta_key>
		<wp:meta_value><![CDATA[00]]></wp:meta_value>
		</wp:postmeta>
							<wp:postmeta>
		<wp:meta_key><![CDATA[_start_eventtimestamp]]></wp:meta_key>
		<wp:meta_value><![CDATA[202008312200]]></wp:meta_value>
		</wp:postmeta>
							</item>
					<item>
		<title><![CDATA[Paulo  CÃ©sar Garcia Mulia]]></title>
		<link>http://localhost/sass-wp/paulo-cesar-garcia-mulia/</link>
		<pubDate>Mon, 31 Aug 2020 15:39:00 +0000</pubDate>
		<dc:creator><![CDATA[webmaster]]></dc:creator>
		<guid isPermaLink="false">https://valparaiso.com.mx/paulo-cesar-garcia-mulia/</guid>
		<description></description>
		<content:encoded><![CDATA[<strong>Contacto Valparaiso
</strong>
<strong>puesto.- </strong> 179.
<strong>sucursal.- </strong> Toluca Nezahualcoyotl.
<strong>documento-1.- </strong> CURP.
<strong>documento-2.- </strong> RFC.
<strong>documento-3.- </strong> Numero de Seguridad Social.
<strong>documento-4.- </strong> Copia de Comprobante de Domicilio.
<strong>documento-5.- </strong> Copia Acta Nacimiento.
<strong>documento-6.- </strong> Copia de IFE.
<strong>documento-7.- </strong> Cartas Laborales.
<strong>documento-8.- </strong> Licencia Vigente.
<strong>documento-9.- </strong> Copia de Comprobante de Estudios.
<strong>Nombre.- </strong> Paulo CÃ©sar.
<strong>ApellidoPaterno.- </strong> Garcia.
<strong>ApellidoMaterno.- </strong> Mulia.
<strong>Edad.- </strong> 25 aÃ±os.
<strong>CURP.- </strong> GAMP950728HMCRLL01.
<strong>NSS.- </strong> 01189500430.
<strong>Direccion.- </strong> Ceboruco 122 .
<strong>Ciudad.- </strong> Toluca.
<strong>Colonia.- </strong> Real de San Javier.
<strong>CP.- </strong> 52169.
<strong>E-mail.- </strong> gamp.2807@gmail.com.
<strong>celular.- </strong> 7293687881.
<strong>telefono.- </strong> 7222171290.
<strong>Referencia1.- </strong> Ala Emmanuel Sotomayor.
<strong>Referencia1empresa.- </strong> Imaginary.
<strong>Referencia1telefono.- </strong> 7293570121.
<strong>Referencia2.- </strong> Alfredo Tello Conca .
<strong>Referencia2empresa.- </strong> Imaginary logÃ­stica.
<strong>Referencia2telefono.- </strong> 5518142802.
<strong>Referencia3.- </strong> HÃ©ctor David Virrueta.
<strong>Referencia3empresa.- </strong> Imaginary LogÃ­stica.
<strong>Referencia3telefono.- </strong> 7222840123.

TRABAJO EN DESPACHO CONTABLE DEL 2014 AL 2016 ACTIVIDADES ADMINISTRATIVAS

TRABAJO EN KF OFICE DEPOT EN ATENCION AL CLIENTE
<strong>Â¿Vives en Toluca?.- </strong> si.
<strong>Â¿Has trabajado en Funeraria?.- </strong> No.
<strong>Â¿Conoces el ramo funerario?.- </strong> si.
<strong>Â¿Sueldo mensual deseado?.- </strong> 6,000.
<strong>Estado civil.- </strong> Soltero.
<strong>Escolaridad.- </strong> Bachillerato o Tecnico.
<strong>Â¿Tienes experiencia en la vacante?.- </strong> Si.
<strong>Nombre de la empresa del Ãºltimo empleo.- </strong> Imaginary logÃ­stica.
<strong>Periodo que prestÃ³ sus servicios.- </strong> 2016-2019.

HA TRABAJADO POR SU CUENTA NO HA ESTADO EN INSTITUCION ESOS MESES
<strong>Puesto desempeÃ±ado.- </strong> Auxiliar administrativo/ mensajero. RERPARTO DE MERCACIA Y MENSAJERA EN AUTO O MOTOCICLETA
<strong>Actividades que realizo.- </strong> Auxiliar administrativo
AtenciÃ³n a clientes
Reparto y recolecciÃ³n de insumos
Inventarios
Contabilidad general.
<strong>Motivo de separaciÃ³n.- </strong> Cambio de domicilio .
<strong>Â¿Porque medio se entero de la vacante?.- </strong> Facebook.
<strong>Â¿Como considera su estado de salud actual?.- </strong> Bueno.
<strong>Â¿Padece alguna enfermedad Cronica?.- </strong> No.
<strong>Explique sus enfermedas crÃ³nicas.- </strong> Explique sus enfermedas crÃ³nicas.
<strong>Â¿Puede viajar?.- </strong> pregunta-Si.
<strong>Â¿Esta dispuesto a cambiar de Residencia?.- </strong> Si.

FUE SENCILLO NINGUN PROBLEMA NINGUNA SUGERENCIA FUEFACIL DE LLENAR]]></content:encoded>
		<excerpt:encoded><![CDATA[]]></excerpt:encoded>
		<wp:post_id>809</wp:post_id>
		<wp:post_date><![CDATA[2020-08-31 15:39:00]]></wp:post_date>
		<wp:post_date_gmt><![CDATA[2020-08-31 15:39:00]]></wp:post_date_gmt>
		<wp:post_modified><![CDATA[2020-08-31 15:39:00]]></wp:post_modified>
		<wp:post_modified_gmt><![CDATA[2020-08-31 15:39:00]]></wp:post_modified_gmt>
		<wp:comment_status><![CDATA[closed]]></wp:comment_status>
		<wp:ping_status><![CDATA[closed]]></wp:ping_status>
		<wp:post_name><![CDATA[paulo-cesar-garcia-mulia]]></wp:post_name>
		<wp:status><![CDATA[publish]]></wp:status>
		<wp:post_parent>0</wp:post_parent>
		<wp:menu_order>0</wp:menu_order>
		<wp:post_type><![CDATA[post]]></wp:post_type>
		<wp:post_password><![CDATA[]]></wp:post_password>
		<wp:is_sticky>0</wp:is_sticky>
										<category domain="category" nicename="descartado-por-psicometricos"><![CDATA[Descartado por Psicometricos]]></category>
		<category domain="post_tag" nicename="recuperador-en-moto"><![CDATA[Recuperador en Moto]]></category>
						<wp:postmeta>
		<wp:meta_key><![CDATA[folio_global_meta]]></wp:meta_key>
		<wp:meta_value><![CDATA[72]]></wp:meta_value>
		</wp:postmeta>
							<wp:postmeta>
		<wp:meta_key><![CDATA[valpa_telefono_solicitante_meta]]></wp:meta_key>
		<wp:meta_value><![CDATA[7222171290]]></wp:meta_value>
		</wp:postmeta>
							<wp:postmeta>
		<wp:meta_key><![CDATA[valpa_celular_solicitante_meta]]></wp:meta_key>
		<wp:meta_value><![CDATA[7293687881]]></wp:meta_value>
		</wp:postmeta>
							<wp:postmeta>
		<wp:meta_key><![CDATA[valpa_mail_solicitante_meta]]></wp:meta_key>
		<wp:meta_value><![CDATA[gamp.2807@gmail.com]]></wp:meta_value>
		</wp:postmeta>
							<wp:postmeta>
		<wp:meta_key><![CDATA[valpa_alias_solicitante_meta]]></wp:meta_key>
		<wp:meta_value><![CDATA[Paulo  CÃ©sar]]></wp:meta_value>
		</wp:postmeta>
							<wp:postmeta>
		<wp:meta_key><![CDATA[puesto_relacionado_meta]]></wp:meta_key>
		<wp:meta_value><![CDATA[Recuperador en Moto]]></wp:meta_value>
		</wp:postmeta>
							<wp:postmeta>
		<wp:meta_key><![CDATA[sucursal_relacionada_meta]]></wp:meta_key>
		<wp:meta_value><![CDATA[Toluca Nezahualcoyotl]]></wp:meta_value>
		</wp:postmeta>
							<wp:postmeta>
		<wp:meta_key><![CDATA[solicitud_codigo_meta]]></wp:meta_key>
		<wp:meta_value><![CDATA[cc939009b3]]></wp:meta_value>
		</wp:postmeta>
							<wp:postmeta>
		<wp:meta_key><![CDATA[_edit_last]]></wp:meta_key>
		<wp:meta_value><![CDATA[1]]></wp:meta_value>
		</wp:postmeta>
							<wp:postmeta>
		<wp:meta_key><![CDATA[_start_month]]></wp:meta_key>
		<wp:meta_value><![CDATA[09]]></wp:meta_value>
		</wp:postmeta>
							<wp:postmeta>
		<wp:meta_key><![CDATA[_start_day]]></wp:meta_key>
		<wp:meta_value><![CDATA[1]]></wp:meta_value>
		</wp:postmeta>
							<wp:postmeta>
		<wp:meta_key><![CDATA[_start_hour]]></wp:meta_key>
		<wp:meta_value><![CDATA[11]]></wp:meta_value>
		</wp:postmeta>
							<wp:postmeta>
		<wp:meta_key><![CDATA[_start_year]]></wp:meta_key>
		<wp:meta_value><![CDATA[2020]]></wp:meta_value>
		</wp:postmeta>
							<wp:postmeta>
		<wp:meta_key><![CDATA[_start_minute]]></wp:meta_key>
		<wp:meta_value><![CDATA[30]]></wp:meta_value>
		</wp:postmeta>
							<wp:postmeta>
		<wp:meta_key><![CDATA[_start_eventtimestamp]]></wp:meta_key>
		<wp:meta_value><![CDATA[20200911130]]></wp:meta_value>
		</wp:postmeta>
							</item>
					<item>
		<title><![CDATA[Mario Alejandro De la Vega HUITRÃN]]></title>
		<link>http://localhost/sass-wp/mario-alejandro-de-la-vega-huitron/</link>
		<pubDate>Mon, 31 Aug 2020 16:05:32 +0000</pubDate>
		<dc:creator><![CDATA[webmaster]]></dc:creator>
		<guid isPermaLink="false">https://valparaiso.com.mx/mario-alejandro-de-la-vega-huitron/</guid>
		<description></description>
		<content:encoded><![CDATA[<strong>Contacto Valparaiso
</strong>
<strong>puesto.- </strong> 179.
<strong>sucursal.- </strong> Toluca Nezahualcoyotl.
<strong>documento-1.- </strong> CURP.
<strong>documento-2.- </strong> RFC.
<strong>documento-3.- </strong> Numero de Seguridad Social.
<strong>documento-4.- </strong> Copia de Comprobante de Domicilio.
<strong>documento-5.- </strong> Copia Acta Nacimiento.
<strong>documento-6.- </strong> Copia de IFE.
<strong>documento-7.- </strong> Cartas Laborales.
<strong>documento-8.- </strong> Licencia Vigente.
<strong>documento-9.- </strong> Copia de Comprobante de Estudios.
<strong>Nombre.- </strong> Mario Alejandro.
<strong>ApellidoPaterno.- </strong> De la Vega.
<strong>ApellidoMaterno.- </strong> HUITRÃN.
<strong>Edad.- </strong> 43. aÃ±os
<strong>CURP.- </strong> Vehm761021hcsgtr09.
<strong>NSS.- </strong> 71947645819.
<strong>Direccion.- </strong> Priv. De pino SuÃ¡rez # 119.
<strong>Ciudad.- </strong> Metepec .
<strong>Colonia.- </strong> Casa blanca.
<strong>CP.- </strong> 52175.
<strong>E-mail.- </strong> huitronalex3@gmail.com.
<strong>celular.- </strong> 722 900 4041.
<strong>telefono.- </strong> 7227749612.
<strong>Referencia1.- </strong> Sr. Walberto.
<strong>Referencia1empresa.- </strong> MUEBLERÃA RIVIERA.
<strong>Referencia1telefono.- </strong> 722 25 38593.
<strong>Referencia2.- </strong> Sr. Luis Mendes.
<strong>Referencia2empresa.- </strong> Mega cable. (PERIODO DICIEMBRE 2013 A ENERO DEL 2015 AREA JURIDICA GESTOR DE COBRANZA)
<strong>Referencia2telefono.- </strong> No se la ext..
<strong>Referencia3.- </strong> Sr. Roque Sta. Maria.
<strong>Referencia3empresa.- </strong> MUEBLERÃA sauses. (COBRANZA 2011 2013)
<strong>Referencia3telefono.- </strong> 722 756 7424.
<strong>Â¿Vives en Toluca?.- </strong> si.
<strong>Â¿Has trabajado en Funeraria?.- </strong> No.
<strong>Â¿Conoces el ramo funerario?.- </strong> no.
<strong>Â¿Sueldo mensual deseado?.- </strong> 10,000 al mes.
<strong>Estado civil.- </strong> Casado .
<strong>Escolaridad.- </strong> Bachillerato o Tecnico.
<strong>Â¿Tienes experiencia en la vacante?.- </strong> Si.
<strong>Nombre de la empresa del Ãºltimo empleo.- </strong> MueblerÃ­a Rivera.
<strong>Periodo que prestÃ³ sus servicios.- </strong> 6 aÃ±os. (PERIODO ENERO 2014 Y SALIO SABADO 29 DEL 2020)
<strong>Puesto desempeÃ±ado.- </strong> Cobrador.
<strong>Actividades que realizo.- </strong> Cobranza a domicilio de sÃ¡bado a jueves.
<strong>Motivo de separaciÃ³n.- </strong> MercancÃ­a agotada.
<strong>Â¿Porque medio se entero de la vacante?.- </strong> Facebook.
<strong>Â¿Como considera su estado de salud actual?.- </strong> Bueno.
<strong>Â¿Padece alguna enfermedad Cronica?.- </strong> No.
<strong>Explique sus enfermedas crÃ³nicas.- </strong> Explique sus enfermedas crÃ³nicas.
<strong>Â¿Puede viajar?.- </strong> pregunta-Si.
<strong>Â¿Esta dispuesto a cambiar de Residencia?.- </strong> No.

CONOCIDOS VARIOS YA HABIA IDO Y SEÃOR MARQUEZ

A GUSTO NINGUNA SUGERENCIA]]></content:encoded>
		<excerpt:encoded><![CDATA[]]></excerpt:encoded>
		<wp:post_id>810</wp:post_id>
		<wp:post_date><![CDATA[2020-08-31 16:05:32]]></wp:post_date>
		<wp:post_date_gmt><![CDATA[2020-08-31 16:05:32]]></wp:post_date_gmt>
		<wp:post_modified><![CDATA[2020-08-31 16:05:32]]></wp:post_modified>
		<wp:post_modified_gmt><![CDATA[2020-08-31 16:05:32]]></wp:post_modified_gmt>
		<wp:comment_status><![CDATA[closed]]></wp:comment_status>
		<wp:ping_status><![CDATA[closed]]></wp:ping_status>
		<wp:post_name><![CDATA[mario-alejandro-de-la-vega-huitron]]></wp:post_name>
		<wp:status><![CDATA[publish]]></wp:status>
		<wp:post_parent>0</wp:post_parent>
		<wp:menu_order>0</wp:menu_order>
		<wp:post_type><![CDATA[post]]></wp:post_type>
		<wp:post_password><![CDATA[]]></wp:post_password>
		<wp:is_sticky>0</wp:is_sticky>
										<category domain="category" nicename="descartado-por-psicometricos"><![CDATA[Descartado por Psicometricos]]></category>
		<category domain="post_tag" nicename="recuperador-en-moto"><![CDATA[Recuperador en Moto]]></category>
						<wp:postmeta>
		<wp:meta_key><![CDATA[folio_global_meta]]></wp:meta_key>
		<wp:meta_value><![CDATA[73]]></wp:meta_value>
		</wp:postmeta>
							<wp:postmeta>
		<wp:meta_key><![CDATA[valpa_telefono_solicitante_meta]]></wp:meta_key>
		<wp:meta_value><![CDATA[7227749612]]></wp:meta_value>
		</wp:postmeta>
							<wp:postmeta>
		<wp:meta_key><![CDATA[valpa_celular_solicitante_meta]]></wp:meta_key>
		<wp:meta_value><![CDATA[722 900 4041]]></wp:meta_value>
		</wp:postmeta>
							<wp:postmeta>
		<wp:meta_key><![CDATA[valpa_mail_solicitante_meta]]></wp:meta_key>
		<wp:meta_value><![CDATA[huitronalex3@gmail.com]]></wp:meta_value>
		</wp:postmeta>
							<wp:postmeta>
		<wp:meta_key><![CDATA[valpa_alias_solicitante_meta]]></wp:meta_key>
		<wp:meta_value><![CDATA[Mario Alejandro]]></wp:meta_value>
		</wp:postmeta>
							<wp:postmeta>
		<wp:meta_key><![CDATA[puesto_relacionado_meta]]></wp:meta_key>
		<wp:meta_value><![CDATA[Recuperador en Moto]]></wp:meta_value>
		</wp:postmeta>
							<wp:postmeta>
		<wp:meta_key><![CDATA[sucursal_relacionada_meta]]></wp:meta_key>
		<wp:meta_value><![CDATA[Toluca Nezahualcoyotl]]></wp:meta_value>
		</wp:postmeta>
							<wp:postmeta>
		<wp:meta_key><![CDATA[solicitud_codigo_meta]]></wp:meta_key>
		<wp:meta_value><![CDATA[cc939009b3]]></wp:meta_value>
		</wp:postmeta>
							<wp:postmeta>
		<wp:meta_key><![CDATA[_edit_last]]></wp:meta_key>
		<wp:meta_value><![CDATA[1]]></wp:meta_value>
		</wp:postmeta>
							<wp:postmeta>
		<wp:meta_key><![CDATA[_start_month]]></wp:meta_key>
		<wp:meta_value><![CDATA[09]]></wp:meta_value>
		</wp:postmeta>
							<wp:postmeta>
		<wp:meta_key><![CDATA[_start_day]]></wp:meta_key>
		<wp:meta_value><![CDATA[1]]></wp:meta_value>
		</wp:postmeta>
							<wp:postmeta>
		<wp:meta_key><![CDATA[_start_hour]]></wp:meta_key>
		<wp:meta_value><![CDATA[11]]></wp:meta_value>
		</wp:postmeta>
							<wp:postmeta>
		<wp:meta_key><![CDATA[_start_year]]></wp:meta_key>
		<wp:meta_value><![CDATA[2020]]></wp:meta_value>
		</wp:postmeta>
							<wp:postmeta>
		<wp:meta_key><![CDATA[_start_minute]]></wp:meta_key>
		<wp:meta_value><![CDATA[30]]></wp:meta_value>
		</wp:postmeta>
							<wp:postmeta>
		<wp:meta_key><![CDATA[_start_eventtimestamp]]></wp:meta_key>
		<wp:meta_value><![CDATA[20200911130]]></wp:meta_value>
		</wp:postmeta>
							</item>
					<item>
		<title><![CDATA[Alberto Martinez Escobar]]></title>
		<link>http://localhost/sass-wp/alberto-martinez-escobar/</link>
		<pubDate>Mon, 31 Aug 2020 17:29:35 +0000</pubDate>
		<dc:creator><![CDATA[webmaster]]></dc:creator>
		<guid isPermaLink="false">https://valparaiso.com.mx/alberto-martinez-escobar/</guid>
		<description></description>
		<content:encoded><![CDATA[<strong>Contacto Valparaiso
</strong>
<strong>puesto.- </strong> 179.
<strong>sucursal.- </strong> Toluca Nezahualcoyotl.
<strong>documento-1.- </strong> CURP.
<strong>documento-2.- </strong> RFC.
<strong>documento-3.- </strong> Numero de Seguridad Social.
<strong>documento-4.- </strong> Copia de Comprobante de Domicilio.
<strong>documento-5.- </strong> Copia Acta Nacimiento.
<strong>documento-6.- </strong> Copia de IFE.
<strong>documento-8.- </strong> Licencia Vigente.
<strong>documento-9.- </strong> Copia de Comprobante de Estudios.
<strong>Nombre.- </strong> Alberto.
<strong>ApellidoPaterno.- </strong> Martinez.
<strong>ApellidoMaterno.- </strong> Escobar.
<strong>Edad.- </strong> 22. aÃ±os
<strong>CURP.- </strong> MAEA980423HMCRSL08.
<strong>NSS.- </strong> 04169838267.
<strong>Direccion.- </strong> Morelia#102.
<strong>Ciudad.- </strong> Toluca.
<strong>Colonia.- </strong> San Juan de las huertas.
<strong>CP.- </strong> 51370.
<strong>E-mail.- </strong> escobaralberto764@gmail.com.
<strong>celular.- </strong> 7226676592.
<strong>telefono.- </strong> 7122391084.
<strong>Referencia1.- </strong> Alberto.
<strong>Referencia1empresa.- </strong> Uber eats.
<strong>Referencia1telefono.- </strong> 1234567890.
<strong>Referencia2.- </strong> Oooo.
<strong>Referencia2empresa.- </strong> Ooooo.
<strong>Referencia2telefono.- </strong> Oooo.
<strong>Referencia3.- </strong> Oooo.
<strong>Referencia3empresa.- </strong> Oooo.
<strong>Referencia3telefono.- </strong> Oooo.
<strong>Â¿Vives en Toluca?.- </strong> si.
<strong>Â¿Has trabajado en Funeraria?.- </strong> No.
<strong>Â¿Conoces el ramo funerario?.- </strong> si.
<strong>Â¿Sueldo mensual deseado?.- </strong> 5000-6000.
<strong>Estado civil.- </strong> Soltero.
<strong>Escolaridad.- </strong> Bachillerato o Tecnico.
<strong>Â¿Tienes experiencia en la vacante?.- </strong> Si.
<strong>Nombre de la empresa del Ãºltimo empleo.- </strong> Uber eats .
<strong>Periodo que prestÃ³ sus servicios.- </strong> 6 meses.
<strong>Puesto desempeÃ±ado.- </strong> Repartidor.
<strong>Actividades que realizo.- </strong> Actividades que realizo
Repartir comida.
<strong>Motivo de separaciÃ³n.- </strong> Motivo de separaciÃ³n
Se descompuso mi moto.
<strong>Â¿Porque medio se entero de la vacante?.- </strong> Facebook.
<strong>Â¿Como considera su estado de salud actual?.- </strong> Bueno.
<strong>Â¿Padece alguna enfermedad Cronica?.- </strong> No.
<strong>Explique sus enfermedas crÃ³nicas.- </strong> Explique sus enfermedas crÃ³nicas.
<strong>Â¿Puede viajar?.- </strong> pregunta-Si.
<strong>Â¿Esta dispuesto a cambiar de Residencia?.- </strong> Si.

NO CUMPLE CON LA EDAD PARA RECUPERADOR SE LE OFRECIO ASOCIADO Y DIJO QUE SI PODRIA ASISTIR A ENTREVISTA

ESTUVO FACIL]]></content:encoded>
		<excerpt:encoded><![CDATA[]]></excerpt:encoded>
		<wp:post_id>811</wp:post_id>
		<wp:post_date><![CDATA[2020-08-31 17:29:35]]></wp:post_date>
		<wp:post_date_gmt><![CDATA[2020-08-31 17:29:35]]></wp:post_date_gmt>
		<wp:post_modified><![CDATA[2020-08-31 17:29:35]]></wp:post_modified>
		<wp:post_modified_gmt><![CDATA[2020-08-31 17:29:35]]></wp:post_modified_gmt>
		<wp:comment_status><![CDATA[open]]></wp:comment_status>
		<wp:ping_status><![CDATA[open]]></wp:ping_status>
		<wp:post_name><![CDATA[alberto-martinez-escobar]]></wp:post_name>
		<wp:status><![CDATA[publish]]></wp:status>
		<wp:post_parent>0</wp:post_parent>
		<wp:menu_order>0</wp:menu_order>
		<wp:post_type><![CDATA[post]]></wp:post_type>
		<wp:post_password><![CDATA[]]></wp:post_password>
		<wp:is_sticky>0</wp:is_sticky>
										<category domain="category" nicename="citado"><![CDATA[Citado]]></category>
		<category domain="post_tag" nicename="recuperador-en-moto"><![CDATA[Recuperador en Moto]]></category>
						<wp:postmeta>
		<wp:meta_key><![CDATA[folio_global_meta]]></wp:meta_key>
		<wp:meta_value><![CDATA[74]]></wp:meta_value>
		</wp:postmeta>
							<wp:postmeta>
		<wp:meta_key><![CDATA[valpa_telefono_solicitante_meta]]></wp:meta_key>
		<wp:meta_value><![CDATA[7122391084]]></wp:meta_value>
		</wp:postmeta>
							<wp:postmeta>
		<wp:meta_key><![CDATA[valpa_celular_solicitante_meta]]></wp:meta_key>
		<wp:meta_value><![CDATA[7226676592]]></wp:meta_value>
		</wp:postmeta>
							<wp:postmeta>
		<wp:meta_key><![CDATA[valpa_mail_solicitante_meta]]></wp:meta_key>
		<wp:meta_value><![CDATA[escobaralberto764@gmail.com]]></wp:meta_value>
		</wp:postmeta>
							<wp:postmeta>
		<wp:meta_key><![CDATA[valpa_alias_solicitante_meta]]></wp:meta_key>
		<wp:meta_value><![CDATA[Alberto]]></wp:meta_value>
		</wp:postmeta>
							<wp:postmeta>
		<wp:meta_key><![CDATA[puesto_relacionado_meta]]></wp:meta_key>
		<wp:meta_value><![CDATA[Recuperador en Moto]]></wp:meta_value>
		</wp:postmeta>
							<wp:postmeta>
		<wp:meta_key><![CDATA[sucursal_relacionada_meta]]></wp:meta_key>
		<wp:meta_value><![CDATA[Toluca Nezahualcoyotl]]></wp:meta_value>
		</wp:postmeta>
							<wp:postmeta>
		<wp:meta_key><![CDATA[solicitud_codigo_meta]]></wp:meta_key>
		<wp:meta_value><![CDATA[cc939009b3]]></wp:meta_value>
		</wp:postmeta>
							<wp:postmeta>
		<wp:meta_key><![CDATA[_edit_last]]></wp:meta_key>
		<wp:meta_value><![CDATA[1]]></wp:meta_value>
		</wp:postmeta>
							<wp:postmeta>
		<wp:meta_key><![CDATA[_start_month]]></wp:meta_key>
		<wp:meta_value><![CDATA[09]]></wp:meta_value>
		</wp:postmeta>
							<wp:postmeta>
		<wp:meta_key><![CDATA[_start_day]]></wp:meta_key>
		<wp:meta_value><![CDATA[2]]></wp:meta_value>
		</wp:postmeta>
							<wp:postmeta>
		<wp:meta_key><![CDATA[_start_hour]]></wp:meta_key>
		<wp:meta_value><![CDATA[10]]></wp:meta_value>
		</wp:postmeta>
							<wp:postmeta>
		<wp:meta_key><![CDATA[_start_year]]></wp:meta_key>
		<wp:meta_value><![CDATA[2020]]></wp:meta_value>
		</wp:postmeta>
							<wp:postmeta>
		<wp:meta_key><![CDATA[_start_minute]]></wp:meta_key>
		<wp:meta_value><![CDATA[30]]></wp:meta_value>
		</wp:postmeta>
							<wp:postmeta>
		<wp:meta_key><![CDATA[_start_eventtimestamp]]></wp:meta_key>
		<wp:meta_value><![CDATA[20200921030]]></wp:meta_value>
		</wp:postmeta>
							</item>
					<item>
		<title><![CDATA[Ricky martin Alanis Montes de oca]]></title>
		<link>http://localhost/sass-wp/ricky-martin-alanis-montes-de-oca/</link>
		<pubDate>Mon, 31 Aug 2020 17:38:35 +0000</pubDate>
		<dc:creator><![CDATA[webmaster]]></dc:creator>
		<guid isPermaLink="false">https://valparaiso.com.mx/ricky-martin-alanis-montes-de-oca/</guid>
		<description></description>
		<content:encoded><![CDATA[<strong>Contacto Valparaiso
</strong>
<strong>puesto.- </strong> 179.
<strong>sucursal.- </strong> Toluca Nezahualcoyotl.
<strong>documento-1.- </strong> CURP.
<strong>documento-2.- </strong> RFC.
<strong>documento-3.- </strong> Numero de Seguridad Social.
<strong>documento-4.- </strong> Copia de Comprobante de Domicilio.
<strong>documento-5.- </strong> Copia Acta Nacimiento.
<strong>documento-6.- </strong> Copia de IFE.
<strong>documento-7.- </strong> Cartas Laborales.
<strong>documento-8.- </strong> Licencia Vigente.
<strong>documento-9.- </strong> Copia de Comprobante de Estudios.
<strong>Nombre.- </strong> Ricky martin.
<strong>ApellidoPaterno.- </strong> Alanis.
<strong>ApellidoMaterno.- </strong> Montes de oca.
<strong>Edad.- </strong> 27. AÃOS
<strong>CURP.- </strong> AAMR930529HMCLC02.
<strong>NSS.- </strong> 16139331835.
<strong>Direccion.- </strong> Cuahutemoc no. 18.
<strong>Ciudad.- </strong> Toluca.
<strong>Colonia.- </strong> Calixtlahuaca.
<strong>CP.- </strong> 50280.
<strong>E-mail.- </strong> rychyx@gmail.com.
<strong>celular.- </strong> 7221206181.
<strong>telefono.- </strong> 7221753399.
<strong>Referencia1.- </strong> Jose luis .
<strong>Referencia1empresa.- </strong> Dysory.
<strong>Referencia1telefono.- </strong> 722 647 4026.
<strong>Referencia2.- </strong> Jose cruz.
<strong>Referencia2empresa.- </strong> Sabritas. (PERIODO DE MARZO 2016 A JULIO 2019 ERA CHOFER VENDEDOR MANEJABA Y SE HACIA RESPONSABLE VISTABA CLIENTES)
<strong>Referencia2telefono.- </strong> 722 469 7184.
<strong>Referencia3.- </strong> Jorge mendieta.
<strong>Referencia3empresa.- </strong> Taller . (DURO 3 AÃOS 2013 A 2016 AYUDANTE GENERAL)
<strong>Referencia3telefono.- </strong> 722 670 2706.
<strong>Â¿Vives en Toluca?.- </strong> si.
<strong>Â¿Has trabajado en Funeraria?.- </strong> No.
<strong>Â¿Conoces el ramo funerario?.- </strong> no.
<strong>Â¿Sueldo mensual deseado?.- </strong> 8000.
<strong>Estado civil.- </strong> UniÃ³n libre.
<strong>Escolaridad.- </strong> Bachillerato o Tecnico.
<strong>Â¿Tienes experiencia en la vacante?.- </strong> Si.
<strong>Nombre de la empresa del Ãºltimo empleo.- </strong> Dysory genoma lab .
<strong>Periodo que prestÃ³ sus servicios.- </strong> Octubre 2019 a junio 2020.
<strong>Puesto desempeÃ±ado.- </strong> Preventa .
<strong>Actividades que realizo.- </strong> Manejo de motociclets,Visita de cartera de clientes, levantar pedido, buen trato y servicio al clientes.
<strong>Motivo de separaciÃ³n.- </strong> Tuve un accidente al regresar de mi incapacidad no se repeto mi lugar de trabajo .
<strong>Â¿Porque medio se entero de la vacante?.- </strong> Facebook.
<strong>Â¿Como considera su estado de salud actual?.- </strong> Bueno.
<strong>Â¿Padece alguna enfermedad Cronica?.- </strong> No.
<strong>Explique sus enfermedas crÃ³nicas.- </strong> Explique sus enfermedas crÃ³nicas.
<strong>Â¿Puede viajar?.- </strong> pregunta-Si.
<strong>Â¿Esta dispuesto a cambiar de Residencia?.- </strong> No.

SE SINTIO FUE FACIL NO TUVO INCOVENIENTE NINGUNA]]></content:encoded>
		<excerpt:encoded><![CDATA[]]></excerpt:encoded>
		<wp:post_id>812</wp:post_id>
		<wp:post_date><![CDATA[2020-08-31 17:38:35]]></wp:post_date>
		<wp:post_date_gmt><![CDATA[2020-08-31 17:38:35]]></wp:post_date_gmt>
		<wp:post_modified><![CDATA[2020-08-31 17:38:35]]></wp:post_modified>
		<wp:post_modified_gmt><![CDATA[2020-08-31 17:38:35]]></wp:post_modified_gmt>
		<wp:comment_status><![CDATA[closed]]></wp:comment_status>
		<wp:ping_status><![CDATA[closed]]></wp:ping_status>
		<wp:post_name><![CDATA[ricky-martin-alanis-montes-de-oca]]></wp:post_name>
		<wp:status><![CDATA[publish]]></wp:status>
		<wp:post_parent>0</wp:post_parent>
		<wp:menu_order>0</wp:menu_order>
		<wp:post_type><![CDATA[post]]></wp:post_type>
		<wp:post_password><![CDATA[]]></wp:post_password>
		<wp:is_sticky>0</wp:is_sticky>
										<category domain="category" nicename="proceso-referencia"><![CDATA[Proceso Referencia]]></category>
		<category domain="post_tag" nicename="recuperador-en-moto"><![CDATA[Recuperador en Moto]]></category>
						<wp:postmeta>
		<wp:meta_key><![CDATA[folio_global_meta]]></wp:meta_key>
		<wp:meta_value><![CDATA[75]]></wp:meta_value>
		</wp:postmeta>
							<wp:postmeta>
		<wp:meta_key><![CDATA[valpa_telefono_solicitante_meta]]></wp:meta_key>
		<wp:meta_value><![CDATA[7221753399]]></wp:meta_value>
		</wp:postmeta>
							<wp:postmeta>
		<wp:meta_key><![CDATA[valpa_celular_solicitante_meta]]></wp:meta_key>
		<wp:meta_value><![CDATA[7221206181]]></wp:meta_value>
		</wp:postmeta>
							<wp:postmeta>
		<wp:meta_key><![CDATA[valpa_mail_solicitante_meta]]></wp:meta_key>
		<wp:meta_value><![CDATA[rychyx@gmail.com]]></wp:meta_value>
		</wp:postmeta>
							<wp:postmeta>
		<wp:meta_key><![CDATA[valpa_alias_solicitante_meta]]></wp:meta_key>
		<wp:meta_value><![CDATA[Ricky martin]]></wp:meta_value>
		</wp:postmeta>
							<wp:postmeta>
		<wp:meta_key><![CDATA[puesto_relacionado_meta]]></wp:meta_key>
		<wp:meta_value><![CDATA[Recuperador en Moto]]></wp:meta_value>
		</wp:postmeta>
							<wp:postmeta>
		<wp:meta_key><![CDATA[sucursal_relacionada_meta]]></wp:meta_key>
		<wp:meta_value><![CDATA[Toluca Nezahualcoyotl]]></wp:meta_value>
		</wp:postmeta>
							<wp:postmeta>
		<wp:meta_key><![CDATA[solicitud_codigo_meta]]></wp:meta_key>
		<wp:meta_value><![CDATA[cc939009b3]]></wp:meta_value>
		</wp:postmeta>
							<wp:postmeta>
		<wp:meta_key><![CDATA[_edit_last]]></wp:meta_key>
		<wp:meta_value><![CDATA[1]]></wp:meta_value>
		</wp:postmeta>
							<wp:postmeta>
		<wp:meta_key><![CDATA[_start_month]]></wp:meta_key>
		<wp:meta_value><![CDATA[09]]></wp:meta_value>
		</wp:postmeta>
							<wp:postmeta>
		<wp:meta_key><![CDATA[_start_day]]></wp:meta_key>
		<wp:meta_value><![CDATA[1]]></wp:meta_value>
		</wp:postmeta>
							<wp:postmeta>
		<wp:meta_key><![CDATA[_start_hour]]></wp:meta_key>
		<wp:meta_value><![CDATA[11]]></wp:meta_value>
		</wp:postmeta>
							<wp:postmeta>
		<wp:meta_key><![CDATA[_start_year]]></wp:meta_key>
		<wp:meta_value><![CDATA[2020]]></wp:meta_value>
		</wp:postmeta>
							<wp:postmeta>
		<wp:meta_key><![CDATA[_start_minute]]></wp:meta_key>
		<wp:meta_value><![CDATA[30]]></wp:meta_value>
		</wp:postmeta>
							<wp:postmeta>
		<wp:meta_key><![CDATA[_start_eventtimestamp]]></wp:meta_key>
		<wp:meta_value><![CDATA[20200911130]]></wp:meta_value>
		</wp:postmeta>
							</item>
					<item>
		<title><![CDATA[Angel Giovanni  Medina  Sanchez]]></title>
		<link>http://localhost/sass-wp/angel-giovanni-medina-sanchez/</link>
		<pubDate>Mon, 31 Aug 2020 18:42:16 +0000</pubDate>
		<dc:creator><![CDATA[webmaster]]></dc:creator>
		<guid isPermaLink="false">https://valparaiso.com.mx/angel-giovanni-medina-sanchez/</guid>
		<description></description>
		<content:encoded><![CDATA[<strong>Contacto Valparaiso<br></strong> <br><strong>puesto.- </strong> 151. <br><strong>sucursal.- </strong> Toluca Nezahualcoyotl. <br><strong>documento-1.- </strong> CURP. <br><strong>documento-2.- </strong> RFC. <br><strong>documento-3.- </strong> Numero de Seguridad Social. <br><strong>documento-4.- </strong> Copia de Comprobante de Domicilio. <br><strong>documento-5.- </strong> Copia Acta Nacimiento. <br><strong>documento-6.- </strong> Copia de IFE. <br><strong>documento-7.- </strong> Cartas Laborales. <br><strong>documento-9.- </strong> Copia de Comprobante de Estudios. <br><strong>Nombre.- </strong> Angel Giovanni . <br><strong>ApellidoPaterno.- </strong> Medina . <br><strong>ApellidoMaterno.- </strong> Sanchez. <br><strong>Edad.- </strong> 27. <br><strong>CURP.- </strong> MESA930518HMCDNN02. <br><strong>NSS.- </strong> 16099308310. <br><strong>Direccion.- </strong> Calle Santa Juliana, Manzana 47 lote 35. <br><strong>Ciudad.- </strong> Toluca. <br><strong>Colonia.- </strong> San dimas . <br><strong>CP.- </strong> 52282. <br><strong>E-mail.- </strong> angelgiio36@gmail.com. <br><strong>celular.- </strong> 7293398706. <br><strong>telefono.- </strong> 7227540339. <br><strong>Referencia1.- </strong> Jocabet Tenorio . <br><strong>Referencia1empresa.- </strong> Iron Trace. <br><strong>Referencia1telefono.- </strong> 722 263 3132. <br><strong>Referencia2.- </strong> Abel GarcÃ­a . <br><strong>Referencia2empresa.- </strong> Paprisa. <br><strong>Referencia2telefono.- </strong> No cuento con el. <br><strong>Referencia3.- </strong> Carlos Chavez. <br><strong>Referencia3empresa.- </strong> Sc jhonson and so. <br><strong>Referencia3telefono.- </strong> No cuento con el . <br><strong>Â¿Vives en Toluca?.- </strong> si. <br><strong>Â¿Has trabajado en Funeraria?.- </strong> No. <br><strong>Â¿Conoces el ramo funerario?.- </strong> no. <br><strong>Â¿Sueldo mensual deseado?.- </strong> 6000. <br><strong>Estado civil.- </strong>  Casado . <br><strong>Escolaridad.- </strong>  Bachillerato o Tecnico. <br><strong>Â¿Tienes experiencia en la vacante?.- </strong> Si. <br><strong>Nombre de la empresa del Ãºltimo empleo.- </strong> Iron Trace . <br><strong>Periodo que prestÃ³ sus servicios.- </strong> 2 aÃ±os . <br><strong>Puesto desempeÃ±ado.- </strong> Monitorista . <br><strong>Actividades que realizo.- </strong> Actividades que realizo<br />
Desarollo llenado de bitÃ¡coras detallada de el transcurso de unidades. <br />
Enviar correos cada cierto tiempo que lo pudiera el cliente con la ubicaciÃ³n de la unidad y sobre todo avisar cualquier cosa o imprevisto que sucediera con la unidad y avisar desde su salida hasta la llegada a su destino. . <br><strong>Motivo de separaciÃ³n.- </strong> Motivo de separaciÃ³n<br />
La razÃ³n social se estaba cambiando a Laredo por lo cual pues fue un despido por dicha acciÃ³n. . <br><strong>Â¿Porque medio se entero de la vacante?.- </strong>  Indeed. <br><strong>Â¿Como considera su estado de salud actual?.- </strong> Bueno. <br><strong>Â¿Padece alguna enfermedad Cronica?.- </strong> No. <br><strong>Explique sus enfermedas crÃ³nicas.- </strong> Explique sus enfermedas crÃ³nicas. <br><strong>Â¿Puede viajar?.- </strong> pregunta-Si. <br><strong>Â¿Esta dispuesto a cambiar de Residencia?.- </strong> Si. <br>]]></content:encoded>
		<excerpt:encoded><![CDATA[]]></excerpt:encoded>
		<wp:post_id>813</wp:post_id>
		<wp:post_date><![CDATA[2020-08-31 18:42:16]]></wp:post_date>
		<wp:post_date_gmt><![CDATA[2020-08-31 18:42:16]]></wp:post_date_gmt>
		<wp:post_modified><![CDATA[2020-08-31 18:42:16]]></wp:post_modified>
		<wp:post_modified_gmt><![CDATA[2020-08-31 18:42:16]]></wp:post_modified_gmt>
		<wp:comment_status><![CDATA[open]]></wp:comment_status>
		<wp:ping_status><![CDATA[open]]></wp:ping_status>
		<wp:post_name><![CDATA[angel-giovanni-medina-sanchez]]></wp:post_name>
		<wp:status><![CDATA[publish]]></wp:status>
		<wp:post_parent>0</wp:post_parent>
		<wp:menu_order>0</wp:menu_order>
		<wp:post_type><![CDATA[post]]></wp:post_type>
		<wp:post_password><![CDATA[]]></wp:post_password>
		<wp:is_sticky>0</wp:is_sticky>
										<category domain="category" nicename="en_revision"><![CDATA[En revisiÃ³n]]></category>
		<category domain="post_tag" nicename="monitorista"><![CDATA[Monitorista]]></category>
						<wp:postmeta>
		<wp:meta_key><![CDATA[folio_global_meta]]></wp:meta_key>
		<wp:meta_value><![CDATA[76]]></wp:meta_value>
		</wp:postmeta>
							<wp:postmeta>
		<wp:meta_key><![CDATA[valpa_telefono_solicitante_meta]]></wp:meta_key>
		<wp:meta_value><![CDATA[7227540339]]></wp:meta_value>
		</wp:postmeta>
							<wp:postmeta>
		<wp:meta_key><![CDATA[valpa_celular_solicitante_meta]]></wp:meta_key>
		<wp:meta_value><![CDATA[7293398706]]></wp:meta_value>
		</wp:postmeta>
							<wp:postmeta>
		<wp:meta_key><![CDATA[valpa_mail_solicitante_meta]]></wp:meta_key>
		<wp:meta_value><![CDATA[angelgiio36@gmail.com]]></wp:meta_value>
		</wp:postmeta>
							<wp:postmeta>
		<wp:meta_key><![CDATA[valpa_alias_solicitante_meta]]></wp:meta_key>
		<wp:meta_value><![CDATA[Angel Giovanni ]]></wp:meta_value>
		</wp:postmeta>
							<wp:postmeta>
		<wp:meta_key><![CDATA[puesto_relacionado_meta]]></wp:meta_key>
		<wp:meta_value><![CDATA[Monitorista]]></wp:meta_value>
		</wp:postmeta>
							<wp:postmeta>
		<wp:meta_key><![CDATA[sucursal_relacionada_meta]]></wp:meta_key>
		<wp:meta_value><![CDATA[Toluca Nezahualcoyotl]]></wp:meta_value>
		</wp:postmeta>
							<wp:postmeta>
		<wp:meta_key><![CDATA[solicitud_codigo_meta]]></wp:meta_key>
		<wp:meta_value><![CDATA[cc939009b3]]></wp:meta_value>
		</wp:postmeta>
							</item>
					<item>
		<title><![CDATA[Eduardo  Millan Deboque]]></title>
		<link>http://localhost/sass-wp/eduardo-millan-deboque/</link>
		<pubDate>Mon, 31 Aug 2020 19:15:57 +0000</pubDate>
		<dc:creator><![CDATA[webmaster]]></dc:creator>
		<guid isPermaLink="false">https://valparaiso.com.mx/eduardo-millan-deboque/</guid>
		<description></description>
		<content:encoded><![CDATA[<strong>Contacto Valparaiso
</strong>
<strong>puesto.- </strong> 179.
<strong>sucursal.- </strong> Toluca Nezahualcoyotl.
<strong>documento-1.- </strong> CURP.
<strong>documento-2.- </strong> RFC.
<strong>documento-3.- </strong> Numero de Seguridad Social.
<strong>documento-4.- </strong> Copia de Comprobante de Domicilio.
<strong>documento-5.- </strong> Copia Acta Nacimiento.
<strong>documento-6.- </strong> Copia de IFE.
<strong>documento-7.- </strong> Cartas Laborales.
<strong>documento-8.- </strong> Licencia Vigente.
<strong>documento-9.- </strong> Copia de Comprobante de Estudios.
<strong>Nombre.- </strong> Eduardo .
<strong>ApellidoPaterno.- </strong> Millan.
<strong>ApellidoMaterno.- </strong> Deboque .
<strong>Edad.- </strong> 22. AÃOS
<strong>CURP.- </strong> MIDE980721HMCLBD04.
<strong>NSS.- </strong> 09169887883.
<strong>Direccion.- </strong> juan andrew almazan .
<strong>Ciudad.- </strong> Toluca.
<strong>Colonia.- </strong> 8 cedros.
<strong>CP.- </strong> 50170.
<strong>E-mail.- </strong> Slhim_fec@hotmail.com.
<strong>celular.- </strong> 7225148657.
<strong>telefono.- </strong> 7227061366.
<strong>Referencia1.- </strong> Gama de MÃ©xico .
<strong>Referencia1empresa.- </strong> Seguridad privada .
<strong>Referencia1telefono.- </strong> 0000000000.
<strong>Referencia2.- </strong> Muebleria sotelo.
<strong>Referencia2empresa.- </strong> Muebleria.
<strong>Referencia2telefono.- </strong> 0000000000.
<strong>Referencia3.- </strong> Cerveceria del valle.
<strong>Referencia3empresa.- </strong> Restaurante-Bar.
<strong>Referencia3telefono.- </strong> 0000000000.
<strong>Â¿Vives en Toluca?.- </strong> si.
<strong>Â¿Has trabajado en Funeraria?.- </strong> No.
<strong>Â¿Conoces el ramo funerario?.- </strong> no.
<strong>Â¿Sueldo mensual deseado?.- </strong> 8000.
<strong>Estado civil.- </strong> Casado .
<strong>Escolaridad.- </strong> Bachillerato o Tecnico.
<strong>Â¿Tienes experiencia en la vacante?.- </strong> Si.
<strong>Nombre de la empresa del Ãºltimo empleo.- </strong> Cerveceria del valle.
<strong>Periodo que prestÃ³ sus servicios.- </strong> 1 aÃ±o 4 meses.
<strong>Puesto desempeÃ±ado.- </strong> Cajero.
<strong>Actividades que realizo.- </strong> Cajero, corte de caja, administrar..
<strong>Motivo de separaciÃ³n.- </strong> Cierre por pandemia.
<strong>Â¿Porque medio se entero de la vacante?.- </strong> Facebook.
<strong>Â¿Como considera su estado de salud actual?.- </strong> Bueno.
<strong>Â¿Padece alguna enfermedad Cronica?.- </strong> No.
<strong>Explique sus enfermedas crÃ³nicas.- </strong> Explique sus enfermedas crÃ³nicas.
<strong>Â¿Puede viajar?.- </strong> pregunta-Si.
<strong>Â¿Esta dispuesto a cambiar de Residencia?.- </strong> Si.]]></content:encoded>
		<excerpt:encoded><![CDATA[]]></excerpt:encoded>
		<wp:post_id>814</wp:post_id>
		<wp:post_date><![CDATA[2020-08-31 19:15:57]]></wp:post_date>
		<wp:post_date_gmt><![CDATA[2020-08-31 19:15:57]]></wp:post_date_gmt>
		<wp:post_modified><![CDATA[2020-08-31 19:15:57]]></wp:post_modified>
		<wp:post_modified_gmt><![CDATA[2020-08-31 19:15:57]]></wp:post_modified_gmt>
		<wp:comment_status><![CDATA[open]]></wp:comment_status>
		<wp:ping_status><![CDATA[open]]></wp:ping_status>
		<wp:post_name><![CDATA[eduardo-millan-deboque]]></wp:post_name>
		<wp:status><![CDATA[publish]]></wp:status>
		<wp:post_parent>0</wp:post_parent>
		<wp:menu_order>0</wp:menu_order>
		<wp:post_type><![CDATA[post]]></wp:post_type>
		<wp:post_password><![CDATA[]]></wp:post_password>
		<wp:is_sticky>0</wp:is_sticky>
										<category domain="category" nicename="descartado"><![CDATA[Descartado]]></category>
		<category domain="post_tag" nicename="recuperador-en-moto"><![CDATA[Recuperador en Moto]]></category>
						<wp:postmeta>
		<wp:meta_key><![CDATA[folio_global_meta]]></wp:meta_key>
		<wp:meta_value><![CDATA[77]]></wp:meta_value>
		</wp:postmeta>
							<wp:postmeta>
		<wp:meta_key><![CDATA[valpa_telefono_solicitante_meta]]></wp:meta_key>
		<wp:meta_value><![CDATA[7227061366]]></wp:meta_value>
		</wp:postmeta>
							<wp:postmeta>
		<wp:meta_key><![CDATA[valpa_celular_solicitante_meta]]></wp:meta_key>
		<wp:meta_value><![CDATA[7225148657]]></wp:meta_value>
		</wp:postmeta>
							<wp:postmeta>
		<wp:meta_key><![CDATA[valpa_mail_solicitante_meta]]></wp:meta_key>
		<wp:meta_value><![CDATA[Slhim_fec@hotmail.com]]></wp:meta_value>
		</wp:postmeta>
							<wp:postmeta>
		<wp:meta_key><![CDATA[valpa_alias_solicitante_meta]]></wp:meta_key>
		<wp:meta_value><![CDATA[Eduardo ]]></wp:meta_value>
		</wp:postmeta>
							<wp:postmeta>
		<wp:meta_key><![CDATA[puesto_relacionado_meta]]></wp:meta_key>
		<wp:meta_value><![CDATA[Recuperador en Moto]]></wp:meta_value>
		</wp:postmeta>
							<wp:postmeta>
		<wp:meta_key><![CDATA[sucursal_relacionada_meta]]></wp:meta_key>
		<wp:meta_value><![CDATA[Toluca Nezahualcoyotl]]></wp:meta_value>
		</wp:postmeta>
							<wp:postmeta>
		<wp:meta_key><![CDATA[solicitud_codigo_meta]]></wp:meta_key>
		<wp:meta_value><![CDATA[cc939009b3]]></wp:meta_value>
		</wp:postmeta>
							<wp:postmeta>
		<wp:meta_key><![CDATA[_edit_last]]></wp:meta_key>
		<wp:meta_value><![CDATA[1]]></wp:meta_value>
		</wp:postmeta>
							<wp:postmeta>
		<wp:meta_key><![CDATA[_start_month]]></wp:meta_key>
		<wp:meta_value><![CDATA[09]]></wp:meta_value>
		</wp:postmeta>
							<wp:postmeta>
		<wp:meta_key><![CDATA[_start_day]]></wp:meta_key>
		<wp:meta_value><![CDATA[01]]></wp:meta_value>
		</wp:postmeta>
							<wp:postmeta>
		<wp:meta_key><![CDATA[_start_hour]]></wp:meta_key>
		<wp:meta_value><![CDATA[18]]></wp:meta_value>
		</wp:postmeta>
							<wp:postmeta>
		<wp:meta_key><![CDATA[_start_year]]></wp:meta_key>
		<wp:meta_value><![CDATA[2020]]></wp:meta_value>
		</wp:postmeta>
							<wp:postmeta>
		<wp:meta_key><![CDATA[_start_minute]]></wp:meta_key>
		<wp:meta_value><![CDATA[00]]></wp:meta_value>
		</wp:postmeta>
							<wp:postmeta>
		<wp:meta_key><![CDATA[_start_eventtimestamp]]></wp:meta_key>
		<wp:meta_value><![CDATA[202009011800]]></wp:meta_value>
		</wp:postmeta>
							</item>
					<item>
		<title><![CDATA[Erick  GonzÃ¡lez  GarcÃ­a]]></title>
		<link>http://localhost/sass-wp/erick-gonzalez-garcia/</link>
		<pubDate>Mon, 31 Aug 2020 20:24:21 +0000</pubDate>
		<dc:creator><![CDATA[webmaster]]></dc:creator>
		<guid isPermaLink="false">https://valparaiso.com.mx/erick-gonzalez-garcia/</guid>
		<description></description>
		<content:encoded><![CDATA[<strong>Contacto Valparaiso
</strong>
<strong>puesto.- </strong> 179.
<strong>sucursal.- </strong> Toluca Nezahualcoyotl.
<strong>documento-1.- </strong> CURP.
<strong>documento-2.- </strong> RFC.
<strong>documento-3.- </strong> Numero de Seguridad Social.
<strong>documento-4.- </strong> Copia de Comprobante de Domicilio.
<strong>documento-5.- </strong> Copia Acta Nacimiento.
<strong>documento-6.- </strong> Copia de IFE.
<strong>documento-7.- </strong> Cartas Laborales.
<strong>documento-8.- </strong> Licencia Vigente.
<strong>documento-9.- </strong> Copia de Comprobante de Estudios.
<strong>Nombre.- </strong> Erick .
<strong>ApellidoPaterno.- </strong> GonzÃ¡lez .
<strong>ApellidoMaterno.- </strong> GarcÃ­a .
<strong>Edad.- </strong> 24.
<strong>CURP.- </strong> GOGE960317HMCNRR08.
<strong>NSS.- </strong> 661496622489.
<strong>Direccion.- </strong> Zumpango . S/N SE CONOCE POR SECCIONES
<strong>Ciudad.- </strong> Toluca.Mex.
<strong>Colonia.- </strong> San Diego de los Padres CuexcontitlÃ¡n .
<strong>CP.- </strong> 50205.
<strong>E-mail.- </strong> Derik96@icloud.com.
<strong>celular.- </strong> 7291357905.
<strong>telefono.- </strong> 7291185154.
<strong>Referencia1.- </strong> Luciano GonzÃ¡lez VÃ¡zquez .
<strong>Referencia1empresa.- </strong> Veterinaria . (PERIODO 1 AÃO CON FAMILIAR 2015)
<strong>Referencia1telefono.- </strong> 7225403598.
<strong>Referencia2.- </strong> VÃ­ctor Samaniego .
<strong>Referencia2empresa.- </strong> Grupak.
<strong>Referencia2telefono.- </strong> 7228559700.
<strong>Referencia3.- </strong> Antonio HernÃ¡ndez .
<strong>Referencia3empresa.- </strong> FogÃ³n do Brasil . (FUEN UN AÃO Y MEDIO LINE A DE RESTAURANTE DE AYUDANTE GENERAL EN MODELACION)
<strong>Referencia3telefono.- </strong> 7221102112.
<strong>Â¿Vives en Toluca?.- </strong> si.

TREABAJO EN CONSTRUCCION
<strong>Â¿Has trabajado en Funeraria?.- </strong> No.
<strong>Â¿Conoces el ramo funerario?.- </strong> no.
<strong>Â¿Sueldo mensual deseado?.- </strong> 6000.
<strong>Estado civil.- </strong> Casado .
<strong>Escolaridad.- </strong> Bachillerato o Tecnico.
<strong>Nombre de la empresa del Ãºltimo empleo.- </strong> Grupak . (PERIODO 14 DE ABRIL DE 2017 A CAMBIO RAZON SOCIAL 2018 ES EL MISMO 6 DE JULIO DEL 2018)
<strong>Periodo que prestÃ³ sus servicios.- </strong> 2 aÃ±os y medio.
<strong>Puesto desempeÃ±ado.- </strong> TÃ©cnico en producciÃ³n .
<strong>Actividades que realizo.- </strong> Operador de corrugadora de cartÃ³n era tÃ©cnico y el manejo de montacargas hombre sentado .
<strong>Motivo de separaciÃ³n.- </strong> Corte de personal .
<strong>Â¿Porque medio se entero de la vacante?.- </strong> Facebook.
<strong>Â¿Como considera su estado de salud actual?.- </strong> Bueno.
<strong>Â¿Padece alguna enfermedad Cronica?.- </strong> No.
<strong>Explique sus enfermedas crÃ³nicas.- </strong> Explique sus enfermedas crÃ³nicas.
<strong>Â¿Puede viajar?.- </strong> pregunta-Si.
<strong>Â¿Esta dispuesto a cambiar de Residencia?.- </strong> Si.]]></content:encoded>
		<excerpt:encoded><![CDATA[]]></excerpt:encoded>
		<wp:post_id>815</wp:post_id>
		<wp:post_date><![CDATA[2020-08-31 20:24:21]]></wp:post_date>
		<wp:post_date_gmt><![CDATA[2020-08-31 20:24:21]]></wp:post_date_gmt>
		<wp:post_modified><![CDATA[2020-08-31 20:24:21]]></wp:post_modified>
		<wp:post_modified_gmt><![CDATA[2020-08-31 20:24:21]]></wp:post_modified_gmt>
		<wp:comment_status><![CDATA[closed]]></wp:comment_status>
		<wp:ping_status><![CDATA[closed]]></wp:ping_status>
		<wp:post_name><![CDATA[erick-gonzalez-garcia]]></wp:post_name>
		<wp:status><![CDATA[publish]]></wp:status>
		<wp:post_parent>0</wp:post_parent>
		<wp:menu_order>0</wp:menu_order>
		<wp:post_type><![CDATA[post]]></wp:post_type>
		<wp:post_password><![CDATA[]]></wp:post_password>
		<wp:is_sticky>0</wp:is_sticky>
										<category domain="category" nicename="descartado-por-psicometricos"><![CDATA[Descartado por Psicometricos]]></category>
		<category domain="post_tag" nicename="recuperador-en-moto"><![CDATA[Recuperador en Moto]]></category>
						<wp:postmeta>
		<wp:meta_key><![CDATA[folio_global_meta]]></wp:meta_key>
		<wp:meta_value><![CDATA[78]]></wp:meta_value>
		</wp:postmeta>
							<wp:postmeta>
		<wp:meta_key><![CDATA[valpa_telefono_solicitante_meta]]></wp:meta_key>
		<wp:meta_value><![CDATA[7291185154]]></wp:meta_value>
		</wp:postmeta>
							<wp:postmeta>
		<wp:meta_key><![CDATA[valpa_celular_solicitante_meta]]></wp:meta_key>
		<wp:meta_value><![CDATA[7291357905]]></wp:meta_value>
		</wp:postmeta>
							<wp:postmeta>
		<wp:meta_key><![CDATA[valpa_mail_solicitante_meta]]></wp:meta_key>
		<wp:meta_value><![CDATA[Derik96@icloud.com]]></wp:meta_value>
		</wp:postmeta>
							<wp:postmeta>
		<wp:meta_key><![CDATA[valpa_alias_solicitante_meta]]></wp:meta_key>
		<wp:meta_value><![CDATA[Erick ]]></wp:meta_value>
		</wp:postmeta>
							<wp:postmeta>
		<wp:meta_key><![CDATA[puesto_relacionado_meta]]></wp:meta_key>
		<wp:meta_value><![CDATA[Recuperador en Moto]]></wp:meta_value>
		</wp:postmeta>
							<wp:postmeta>
		<wp:meta_key><![CDATA[sucursal_relacionada_meta]]></wp:meta_key>
		<wp:meta_value><![CDATA[Toluca Nezahualcoyotl]]></wp:meta_value>
		</wp:postmeta>
							<wp:postmeta>
		<wp:meta_key><![CDATA[solicitud_codigo_meta]]></wp:meta_key>
		<wp:meta_value><![CDATA[cc939009b3]]></wp:meta_value>
		</wp:postmeta>
							<wp:postmeta>
		<wp:meta_key><![CDATA[_edit_last]]></wp:meta_key>
		<wp:meta_value><![CDATA[1]]></wp:meta_value>
		</wp:postmeta>
							<wp:postmeta>
		<wp:meta_key><![CDATA[_start_month]]></wp:meta_key>
		<wp:meta_value><![CDATA[09]]></wp:meta_value>
		</wp:postmeta>
							<wp:postmeta>
		<wp:meta_key><![CDATA[_start_day]]></wp:meta_key>
		<wp:meta_value><![CDATA[03]]></wp:meta_value>
		</wp:postmeta>
							<wp:postmeta>
		<wp:meta_key><![CDATA[_start_hour]]></wp:meta_key>
		<wp:meta_value><![CDATA[11]]></wp:meta_value>
		</wp:postmeta>
							<wp:postmeta>
		<wp:meta_key><![CDATA[_start_year]]></wp:meta_key>
		<wp:meta_value><![CDATA[2020]]></wp:meta_value>
		</wp:postmeta>
							<wp:postmeta>
		<wp:meta_key><![CDATA[_start_minute]]></wp:meta_key>
		<wp:meta_value><![CDATA[00]]></wp:meta_value>
		</wp:postmeta>
							<wp:postmeta>
		<wp:meta_key><![CDATA[_start_eventtimestamp]]></wp:meta_key>
		<wp:meta_value><![CDATA[202009031100]]></wp:meta_value>
		</wp:postmeta>
							</item>
					<item>
		<title><![CDATA[Ignacio Jorge Luna Davila]]></title>
		<link>http://localhost/sass-wp/ignacio-jorge-luna-davila/</link>
		<pubDate>Mon, 31 Aug 2020 20:36:43 +0000</pubDate>
		<dc:creator><![CDATA[webmaster]]></dc:creator>
		<guid isPermaLink="false">https://valparaiso.com.mx/ignacio-jorge-luna-davila/</guid>
		<description></description>
		<content:encoded><![CDATA[<p><strong>Contacto Valparaiso<br></strong> <br><strong>puesto.- </strong> 179. <br><strong>sucursal.- </strong> Toluca Nezahualcoyotl. <br><strong>documento-1.- </strong> CURP. <br><strong>documento-2.- </strong> RFC. <br><strong>documento-3.- </strong> Numero de Seguridad Social. <br><strong>documento-4.- </strong> Copia de Comprobante de Domicilio. <br><strong>documento-5.- </strong> Copia Acta Nacimiento. <br><strong>documento-6.- </strong> Copia de IFE. <br><strong>documento-8.- </strong> Licencia Vigente. <br><strong>documento-9.- </strong> Copia de Comprobante de Estudios. <br><strong>Nombre.- </strong> Ignacio Jorge. <br><strong>ApellidoPaterno.- </strong> Luna. <br><strong>ApellidoMaterno.- </strong> Davila. <br><strong>Edad.- </strong> 31. aÃ±os<br><strong>CURP.- </strong> LUDI890619HMCNVG08. <br><strong>NSS.- </strong> 02168908557. <br><strong>Direccion.- </strong> Rafael GarcÃ­a Moreno 107. <br><strong>Ciudad.- </strong> Toluca. <br><strong>Colonia.- </strong> Cuahutemoc. <br><strong>CP.- </strong> 50130. <br><strong>E-mail.- </strong> lunadavilaignaciojorge9@gmail.com. <br><strong>celular.- </strong> 729 132 5609. <br><strong>telefono.- </strong> 7224077027. <br><strong>Referencia1.- </strong> Daniel Garcia . <br><strong>Referencia1empresa.- </strong> Fotografo . (AYUDANTE DE FOTOGRAFO 2018 6 MESES)<br><strong>Referencia1telefono.- </strong> 7225501273. <br><strong>Referencia2.- </strong> Juan Carlos Portilla. <br><strong>Referencia2empresa.- </strong> Cobranza. (ES DE NUTRICION 2017 1 AÃO EN COBRANZA)<br><strong>Referencia2telefono.- </strong> 7222934949. <br><strong>Referencia3.- </strong> Alma . <br><strong>Referencia3empresa.- </strong> Seg privada. (2015 DURO 1 AÃO Y MEDIO ERA SUPERVISOR DE SERVICIOS)<br><strong>Referencia3telefono.- </strong> 722844810. <br><strong>Â¿Vives en Toluca?.- </strong> si. <br><strong>Â¿Has trabajado en Funeraria?.- </strong> No. <br><strong>Â¿Conoces el ramo funerario?.- </strong> si. <br><strong>Â¿Sueldo mensual deseado?.- </strong> 6000. <br><strong>Estado civil.- </strong> Soltero. <br><strong>Escolaridad.- </strong> Bachillerato o Tecnico. <br><strong>Â¿Tienes experiencia en la vacante?.- </strong> Si. <br><strong>Nombre de la empresa del Ãºltimo empleo.- </strong> Banco Azteca. <br><strong>Periodo que prestÃ³ sus servicios.- </strong> 2018-2020. <br><strong>Puesto desempeÃ±ado.- </strong> Gestor de cobranza. <br><strong>Actividades que realizo.- </strong> Gestionar y recuperacion de cartera vencida y cobranza a domicilio. <br><strong>Motivo de separaciÃ³n.- </strong> Personal. <br><strong>Â¿Porque medio se entero de la vacante?.- </strong> Facebook. <br><strong>Â¿Como considera su estado de salud actual?.- </strong> Bueno. <br><strong>Â¿Padece alguna enfermedad Cronica?.- </strong> No. <br><strong>Explique sus enfermedas crÃ³nicas.- </strong> Explique sus enfermedas crÃ³nicas. <br><strong>Â¿Puede viajar?.- </strong> pregunta-Si. <br><strong>Â¿Esta dispuesto a cambiar de Residencia?.- </strong> No.</p>
<p>ENTRA LA LLAMADA PERO NO CONTESTA</p>
<p>NO ASISITIO A ENTREVISTA SE LE REAGENDO PARA EL DIA LUNES 7 DE SEPTIEMBRE A LAS 10:45 AM</p>

<!-- wp:paragraph -->
<p></p>
<!-- /wp:paragraph -->]]></content:encoded>
		<excerpt:encoded><![CDATA[]]></excerpt:encoded>
		<wp:post_id>816</wp:post_id>
		<wp:post_date><![CDATA[2020-08-31 20:36:43]]></wp:post_date>
		<wp:post_date_gmt><![CDATA[2020-08-31 20:36:43]]></wp:post_date_gmt>
		<wp:post_modified><![CDATA[2020-08-31 20:36:43]]></wp:post_modified>
		<wp:post_modified_gmt><![CDATA[2020-08-31 20:36:43]]></wp:post_modified_gmt>
		<wp:comment_status><![CDATA[closed]]></wp:comment_status>
		<wp:ping_status><![CDATA[closed]]></wp:ping_status>
		<wp:post_name><![CDATA[ignacio-jorge-luna-davila]]></wp:post_name>
		<wp:status><![CDATA[publish]]></wp:status>
		<wp:post_parent>0</wp:post_parent>
		<wp:menu_order>0</wp:menu_order>
		<wp:post_type><![CDATA[post]]></wp:post_type>
		<wp:post_password><![CDATA[]]></wp:post_password>
		<wp:is_sticky>0</wp:is_sticky>
										<category domain="category" nicename="citado"><![CDATA[Citado]]></category>
		<category domain="category" nicename="reagendo-cita"><![CDATA[Reagendo cita]]></category>
		<category domain="post_tag" nicename="recuperador-en-moto"><![CDATA[Recuperador en Moto]]></category>
						<wp:postmeta>
		<wp:meta_key><![CDATA[folio_global_meta]]></wp:meta_key>
		<wp:meta_value><![CDATA[79]]></wp:meta_value>
		</wp:postmeta>
							<wp:postmeta>
		<wp:meta_key><![CDATA[valpa_telefono_solicitante_meta]]></wp:meta_key>
		<wp:meta_value><![CDATA[7224077027]]></wp:meta_value>
		</wp:postmeta>
							<wp:postmeta>
		<wp:meta_key><![CDATA[valpa_celular_solicitante_meta]]></wp:meta_key>
		<wp:meta_value><![CDATA[729 132 5609]]></wp:meta_value>
		</wp:postmeta>
							<wp:postmeta>
		<wp:meta_key><![CDATA[valpa_mail_solicitante_meta]]></wp:meta_key>
		<wp:meta_value><![CDATA[lunadavilaignaciojorge9@gmail.com]]></wp:meta_value>
		</wp:postmeta>
							<wp:postmeta>
		<wp:meta_key><![CDATA[valpa_alias_solicitante_meta]]></wp:meta_key>
		<wp:meta_value><![CDATA[Ignacio Jorge]]></wp:meta_value>
		</wp:postmeta>
							<wp:postmeta>
		<wp:meta_key><![CDATA[puesto_relacionado_meta]]></wp:meta_key>
		<wp:meta_value><![CDATA[Recuperador en Moto]]></wp:meta_value>
		</wp:postmeta>
							<wp:postmeta>
		<wp:meta_key><![CDATA[sucursal_relacionada_meta]]></wp:meta_key>
		<wp:meta_value><![CDATA[Toluca Nezahualcoyotl]]></wp:meta_value>
		</wp:postmeta>
							<wp:postmeta>
		<wp:meta_key><![CDATA[solicitud_codigo_meta]]></wp:meta_key>
		<wp:meta_value><![CDATA[cc939009b3]]></wp:meta_value>
		</wp:postmeta>
							<wp:postmeta>
		<wp:meta_key><![CDATA[_edit_last]]></wp:meta_key>
		<wp:meta_value><![CDATA[1]]></wp:meta_value>
		</wp:postmeta>
							<wp:postmeta>
		<wp:meta_key><![CDATA[_start_month]]></wp:meta_key>
		<wp:meta_value><![CDATA[09]]></wp:meta_value>
		</wp:postmeta>
							<wp:postmeta>
		<wp:meta_key><![CDATA[_start_day]]></wp:meta_key>
		<wp:meta_value><![CDATA[07]]></wp:meta_value>
		</wp:postmeta>
							<wp:postmeta>
		<wp:meta_key><![CDATA[_start_hour]]></wp:meta_key>
		<wp:meta_value><![CDATA[10]]></wp:meta_value>
		</wp:postmeta>
							<wp:postmeta>
		<wp:meta_key><![CDATA[_start_year]]></wp:meta_key>
		<wp:meta_value><![CDATA[2020]]></wp:meta_value>
		</wp:postmeta>
							<wp:postmeta>
		<wp:meta_key><![CDATA[_start_minute]]></wp:meta_key>
		<wp:meta_value><![CDATA[45]]></wp:meta_value>
		</wp:postmeta>
							<wp:postmeta>
		<wp:meta_key><![CDATA[_start_eventtimestamp]]></wp:meta_key>
		<wp:meta_value><![CDATA[202009071045]]></wp:meta_value>
		</wp:postmeta>
							</item>
					<item>
		<title><![CDATA[Alex jair  Martinez Salas]]></title>
		<link>http://localhost/sass-wp/alex-jair-martinez-salas/</link>
		<pubDate>Mon, 31 Aug 2020 22:22:11 +0000</pubDate>
		<dc:creator><![CDATA[webmaster]]></dc:creator>
		<guid isPermaLink="false">https://valparaiso.com.mx/alex-jair-martinez-salas/</guid>
		<description></description>
		<content:encoded><![CDATA[<strong>Contacto Valparaiso
</strong>
<strong>puesto.- </strong> 137.
<strong>sucursal.- </strong> Toluca Nezahualcoyotl.
<strong>documento-1.- </strong> CURP.
<strong>documento-2.- </strong> RFC.
<strong>documento-3.- </strong> Numero de Seguridad Social.
<strong>documento-4.- </strong> Copia de Comprobante de Domicilio.
<strong>documento-5.- </strong> Copia Acta Nacimiento.
<strong>documento-6.- </strong> Copia de IFE.
<strong>documento-7.- </strong> Cartas Laborales.
<strong>Nombre.- </strong> Alex jair .
<strong>ApellidoPaterno.- </strong> Martinez.
<strong>ApellidoMaterno.- </strong> Salas.
<strong>Edad.- </strong> 22.
<strong>CURP.- </strong> MASA980112HMCRLL02.
<strong>NSS.- </strong> 18149807226.
<strong>Direccion.- </strong> Fuente de diana 229.
<strong>Ciudad.- </strong> Toluca .
<strong>Colonia.- </strong> Infonavit san gabriel.
<strong>CP.- </strong> 52159.
<strong>E-mail.- </strong> italiano161603@gmail.com.
<strong>celular.- </strong> 7293339900.
<strong>telefono.- </strong> 7228355503.
<strong>Referencia1.- </strong> Confecciones Alce.
<strong>Referencia1empresa.- </strong> Avante textil.
<strong>Referencia1telefono.- </strong> 7291437027.
<strong>Referencia2.- </strong> Arabela .
<strong>Referencia2empresa.- </strong> Arabela. (CALIDAD DEL 2018 A 2019)
<strong>Referencia2telefono.- </strong> 7291437027.
<strong>Referencia3.- </strong> Autolavado Vilchis.
<strong>Referencia3empresa.- </strong> Autolavado Vilchis.
<strong>Referencia3telefono.- </strong> 7225015052.
<strong>Â¿Vives en Toluca?.- </strong> si.
<strong>Â¿Has trabajado en Funeraria?.- </strong> No.
<strong>Â¿Conoces el ramo funerario?.- </strong> no.
<strong>Â¿Sueldo mensual deseado?.- </strong> 7000.
<strong>Estado civil.- </strong> Casado .
<strong>Escolaridad.- </strong> Bachillerato o Tecnico.
<strong>Â¿Tiene experiencia en Manejo de personal?.- </strong> Si.
<strong>Â¿Tienes experiencia en la vacante?.- </strong> Si.
<strong>Nombre de la empresa del Ãºltimo empleo.- </strong> Confecciones Alce.
<strong>Periodo que prestÃ³ sus servicios.- </strong> 8 meses . (semtiembre 2019 a julio de 2020)
<strong>Puesto desempeÃ±ado.- </strong> Administracion y captura .
<strong>Actividades que realizo.- </strong> Capturacion de datos de produccion , merma ademas de darle entrada, salida y ubicacion de materiales de almacen , entregar reporte detallado de eficiencia del personal por turno

.
<strong>Motivo de separaciÃ³n.- </strong> Recorte de personal por contingencia.
<strong>Â¿Porque medio se entero de la vacante?.- </strong> Facebook.
<strong>Â¿Como considera su estado de salud actual?.- </strong> Bueno.
<strong>Â¿Padece alguna enfermedad Cronica?.- </strong> No.
<strong>Explique sus enfermedas crÃ³nicas.- </strong> Explique sus enfermedas crÃ³nicas.
<strong>Â¿Puede viajar?.- </strong> pregunta-Si.
<strong>Â¿Esta dispuesto a cambiar de Residencia?.- </strong> Si.

DESCARTADO POR EDAD]]></content:encoded>
		<excerpt:encoded><![CDATA[]]></excerpt:encoded>
		<wp:post_id>827</wp:post_id>
		<wp:post_date><![CDATA[2020-08-31 22:22:11]]></wp:post_date>
		<wp:post_date_gmt><![CDATA[2020-08-31 22:22:11]]></wp:post_date_gmt>
		<wp:post_modified><![CDATA[2020-08-31 22:22:11]]></wp:post_modified>
		<wp:post_modified_gmt><![CDATA[2020-08-31 22:22:11]]></wp:post_modified_gmt>
		<wp:comment_status><![CDATA[open]]></wp:comment_status>
		<wp:ping_status><![CDATA[open]]></wp:ping_status>
		<wp:post_name><![CDATA[alex-jair-martinez-salas]]></wp:post_name>
		<wp:status><![CDATA[publish]]></wp:status>
		<wp:post_parent>0</wp:post_parent>
		<wp:menu_order>0</wp:menu_order>
		<wp:post_type><![CDATA[post]]></wp:post_type>
		<wp:post_password><![CDATA[]]></wp:post_password>
		<wp:is_sticky>0</wp:is_sticky>
										<category domain="category" nicename="descartado"><![CDATA[Descartado]]></category>
		<category domain="post_tag" nicename="responsable-de-almacen-y-logistica"><![CDATA[Responsable de almacÃ©n y logÃ­stica]]></category>
						<wp:postmeta>
		<wp:meta_key><![CDATA[folio_global_meta]]></wp:meta_key>
		<wp:meta_value><![CDATA[80]]></wp:meta_value>
		</wp:postmeta>
							<wp:postmeta>
		<wp:meta_key><![CDATA[valpa_telefono_solicitante_meta]]></wp:meta_key>
		<wp:meta_value><![CDATA[7228355503]]></wp:meta_value>
		</wp:postmeta>
							<wp:postmeta>
		<wp:meta_key><![CDATA[valpa_celular_solicitante_meta]]></wp:meta_key>
		<wp:meta_value><![CDATA[7293339900]]></wp:meta_value>
		</wp:postmeta>
							<wp:postmeta>
		<wp:meta_key><![CDATA[valpa_mail_solicitante_meta]]></wp:meta_key>
		<wp:meta_value><![CDATA[italiano161603@gmail.com]]></wp:meta_value>
		</wp:postmeta>
							<wp:postmeta>
		<wp:meta_key><![CDATA[valpa_alias_solicitante_meta]]></wp:meta_key>
		<wp:meta_value><![CDATA[Alex jair ]]></wp:meta_value>
		</wp:postmeta>
							<wp:postmeta>
		<wp:meta_key><![CDATA[puesto_relacionado_meta]]></wp:meta_key>
		<wp:meta_value><![CDATA[Responsable de almacÃ©n y logÃ­stica]]></wp:meta_value>
		</wp:postmeta>
							<wp:postmeta>
		<wp:meta_key><![CDATA[sucursal_relacionada_meta]]></wp:meta_key>
		<wp:meta_value><![CDATA[Toluca Nezahualcoyotl]]></wp:meta_value>
		</wp:postmeta>
							<wp:postmeta>
		<wp:meta_key><![CDATA[solicitud_codigo_meta]]></wp:meta_key>
		<wp:meta_value><![CDATA[cc939009b3]]></wp:meta_value>
		</wp:postmeta>
							<wp:postmeta>
		<wp:meta_key><![CDATA[_edit_last]]></wp:meta_key>
		<wp:meta_value><![CDATA[1]]></wp:meta_value>
		</wp:postmeta>
							<wp:postmeta>
		<wp:meta_key><![CDATA[_start_month]]></wp:meta_key>
		<wp:meta_value><![CDATA[09]]></wp:meta_value>
		</wp:postmeta>
							<wp:postmeta>
		<wp:meta_key><![CDATA[_start_day]]></wp:meta_key>
		<wp:meta_value><![CDATA[01]]></wp:meta_value>
		</wp:postmeta>
							<wp:postmeta>
		<wp:meta_key><![CDATA[_start_hour]]></wp:meta_key>
		<wp:meta_value><![CDATA[15]]></wp:meta_value>
		</wp:postmeta>
							<wp:postmeta>
		<wp:meta_key><![CDATA[_start_year]]></wp:meta_key>
		<wp:meta_value><![CDATA[2020]]></wp:meta_value>
		</wp:postmeta>
							<wp:postmeta>
		<wp:meta_key><![CDATA[_start_minute]]></wp:meta_key>
		<wp:meta_value><![CDATA[00]]></wp:meta_value>
		</wp:postmeta>
							<wp:postmeta>
		<wp:meta_key><![CDATA[_start_eventtimestamp]]></wp:meta_key>
		<wp:meta_value><![CDATA[202009011500]]></wp:meta_value>
		</wp:postmeta>
							</item>
					<item>
		<title><![CDATA[]]></title>
		<link>http://localhost/sass-wp/19375-2/</link>
		<pubDate>Mon, 30 Aug 2021 20:36:35 +0000</pubDate>
		<dc:creator><![CDATA[webmaster]]></dc:creator>
		<guid isPermaLink="false">http://localhost/sass-wp/19375-2/</guid>
		<description></description>
		<content:encoded><![CDATA[<strong>Contacto Valparaiso<br></strong> <br><strong>puesto.- </strong> Sin informaciÃ³n. <br><strong>Nombre.- </strong> Sin informaciÃ³n. <br><strong>ApellidoPaterno.- </strong> Sin informaciÃ³n. <br><strong>ApellidoMaterno.- </strong> Sin informaciÃ³n. <br><strong>Edad.- </strong> Sin informaciÃ³n. <br><strong>CURP.- </strong> Sin informaciÃ³n. <br><strong>NSS.- </strong> Sin informaciÃ³n. <br><strong>Direccion.- </strong> Sin informaciÃ³n. <br><strong>Ciudad.- </strong> Sin informaciÃ³n. <br><strong>Colonia.- </strong> Sin informaciÃ³n. <br><strong>CP.- </strong> Sin informaciÃ³n. <br><strong>E-mail.- </strong> Sin informaciÃ³n. <br><strong>celular.- </strong> Sin informaciÃ³n. <br><strong>telefono.- </strong> Sin informaciÃ³n. <br><strong>Referencia1.- </strong> Sin informaciÃ³n. <br><strong>Referencia1empresa.- </strong> Sin informaciÃ³n. <br><strong>Referencia1telefono.- </strong> Sin informaciÃ³n. <br><strong>Referencia2.- </strong> Sin informaciÃ³n. <br><strong>Referencia2empresa.- </strong> Sin informaciÃ³n. <br><strong>Referencia2telefono.- </strong> Sin informaciÃ³n. <br><strong>Referencia3.- </strong> Sin informaciÃ³n. <br><strong>Referencia3empresa.- </strong> Sin informaciÃ³n. <br><strong>Referencia3telefono.- </strong> Sin informaciÃ³n. <br>]]></content:encoded>
		<excerpt:encoded><![CDATA[]]></excerpt:encoded>
		<wp:post_id>19375</wp:post_id>
		<wp:post_date><![CDATA[2021-08-30 20:36:35]]></wp:post_date>
		<wp:post_date_gmt><![CDATA[2021-08-30 20:36:35]]></wp:post_date_gmt>
		<wp:post_modified><![CDATA[2021-08-30 20:36:35]]></wp:post_modified>
		<wp:post_modified_gmt><![CDATA[2021-08-30 20:36:35]]></wp:post_modified_gmt>
		<wp:comment_status><![CDATA[open]]></wp:comment_status>
		<wp:ping_status><![CDATA[open]]></wp:ping_status>
		<wp:post_name><![CDATA[19375-2]]></wp:post_name>
		<wp:status><![CDATA[publish]]></wp:status>
		<wp:post_parent>0</wp:post_parent>
		<wp:menu_order>0</wp:menu_order>
		<wp:post_type><![CDATA[post]]></wp:post_type>
		<wp:post_password><![CDATA[]]></wp:post_password>
		<wp:is_sticky>0</wp:is_sticky>
										<category domain="category" nicename="en_revision"><![CDATA[En revisiÃ³n]]></category>
						<wp:postmeta>
		<wp:meta_key><![CDATA[folio_global_meta]]></wp:meta_key>
		<wp:meta_value><![CDATA[1]]></wp:meta_value>
		</wp:postmeta>
							<wp:postmeta>
		<wp:meta_key><![CDATA[valpa_telefono_solicitante_meta]]></wp:meta_key>
		<wp:meta_value><![CDATA[]]></wp:meta_value>
		</wp:postmeta>
							<wp:postmeta>
		<wp:meta_key><![CDATA[valpa_celular_solicitante_meta]]></wp:meta_key>
		<wp:meta_value><![CDATA[]]></wp:meta_value>
		</wp:postmeta>
							<wp:postmeta>
		<wp:meta_key><![CDATA[valpa_mail_solicitante_meta]]></wp:meta_key>
		<wp:meta_value><![CDATA[]]></wp:meta_value>
		</wp:postmeta>
							<wp:postmeta>
		<wp:meta_key><![CDATA[valpa_alias_solicitante_meta]]></wp:meta_key>
		<wp:meta_value><![CDATA[]]></wp:meta_value>
		</wp:postmeta>
							<wp:postmeta>
		<wp:meta_key><![CDATA[puesto_relacionado_meta]]></wp:meta_key>
		<wp:meta_value><![CDATA[]]></wp:meta_value>
		</wp:postmeta>
							<wp:postmeta>
		<wp:meta_key><![CDATA[sucursal_relacionada_meta]]></wp:meta_key>
		<wp:meta_value><![CDATA[]]></wp:meta_value>
		</wp:postmeta>
							<wp:postmeta>
		<wp:meta_key><![CDATA[solicitud_codigo_meta]]></wp:meta_key>
		<wp:meta_value><![CDATA[b3ca45abd1]]></wp:meta_value>
		</wp:postmeta>
							</item>
					<item>
		<title><![CDATA[]]></title>
		<link>http://localhost/sass-wp/19378-2/</link>
		<pubDate>Tue, 31 Aug 2021 14:25:23 +0000</pubDate>
		<dc:creator><![CDATA[webmaster]]></dc:creator>
		<guid isPermaLink="false">http://localhost/sass-wp/19378-2/</guid>
		<description></description>
		<content:encoded><![CDATA[<strong>Contacto Valparaiso<br></strong> <br><strong>puesto.- </strong> 19287. <br>]]></content:encoded>
		<excerpt:encoded><![CDATA[]]></excerpt:encoded>
		<wp:post_id>19378</wp:post_id>
		<wp:post_date><![CDATA[2021-08-31 14:25:23]]></wp:post_date>
		<wp:post_date_gmt><![CDATA[2021-08-31 14:25:23]]></wp:post_date_gmt>
		<wp:post_modified><![CDATA[2021-08-31 14:25:23]]></wp:post_modified>
		<wp:post_modified_gmt><![CDATA[2021-08-31 14:25:23]]></wp:post_modified_gmt>
		<wp:comment_status><![CDATA[open]]></wp:comment_status>
		<wp:ping_status><![CDATA[open]]></wp:ping_status>
		<wp:post_name><![CDATA[19378-2]]></wp:post_name>
		<wp:status><![CDATA[publish]]></wp:status>
		<wp:post_parent>0</wp:post_parent>
		<wp:menu_order>0</wp:menu_order>
		<wp:post_type><![CDATA[post]]></wp:post_type>
		<wp:post_password><![CDATA[]]></wp:post_password>
		<wp:is_sticky>0</wp:is_sticky>
										<category domain="category" nicename="en_revision"><![CDATA[En revisiÃ³n]]></category>
		<category domain="post_tag" nicename="gestor-comercial"><![CDATA[Gestor Comercial]]></category>
						<wp:postmeta>
		<wp:meta_key><![CDATA[folio_global_meta]]></wp:meta_key>
		<wp:meta_value><![CDATA[2]]></wp:meta_value>
		</wp:postmeta>
							<wp:postmeta>
		<wp:meta_key><![CDATA[valpa_telefono_solicitante_meta]]></wp:meta_key>
		<wp:meta_value><![CDATA[]]></wp:meta_value>
		</wp:postmeta>
							<wp:postmeta>
		<wp:meta_key><![CDATA[valpa_celular_solicitante_meta]]></wp:meta_key>
		<wp:meta_value><![CDATA[]]></wp:meta_value>
		</wp:postmeta>
							<wp:postmeta>
		<wp:meta_key><![CDATA[valpa_mail_solicitante_meta]]></wp:meta_key>
		<wp:meta_value><![CDATA[]]></wp:meta_value>
		</wp:postmeta>
							<wp:postmeta>
		<wp:meta_key><![CDATA[valpa_alias_solicitante_meta]]></wp:meta_key>
		<wp:meta_value><![CDATA[]]></wp:meta_value>
		</wp:postmeta>
							<wp:postmeta>
		<wp:meta_key><![CDATA[puesto_relacionado_meta]]></wp:meta_key>
		<wp:meta_value><![CDATA[Gestor Comercial]]></wp:meta_value>
		</wp:postmeta>
							<wp:postmeta>
		<wp:meta_key><![CDATA[sucursal_relacionada_meta]]></wp:meta_key>
		<wp:meta_value><![CDATA[]]></wp:meta_value>
		</wp:postmeta>
							<wp:postmeta>
		<wp:meta_key><![CDATA[solicitud_codigo_meta]]></wp:meta_key>
		<wp:meta_value><![CDATA[c6e0c7fba1]]></wp:meta_value>
		</wp:postmeta>
							</item>
					<item>
		<title><![CDATA[]]></title>
		<link>http://localhost/sass-wp/19379-2/</link>
		<pubDate>Tue, 31 Aug 2021 14:27:38 +0000</pubDate>
		<dc:creator><![CDATA[webmaster]]></dc:creator>
		<guid isPermaLink="false">http://localhost/sass-wp/19379-2/</guid>
		<description></description>
		<content:encoded><![CDATA[<strong>Contacto Valparaiso<br></strong> <br><strong>puesto.- </strong> 19330. <br>]]></content:encoded>
		<excerpt:encoded><![CDATA[]]></excerpt:encoded>
		<wp:post_id>19379</wp:post_id>
		<wp:post_date><![CDATA[2021-08-31 14:27:38]]></wp:post_date>
		<wp:post_date_gmt><![CDATA[2021-08-31 14:27:38]]></wp:post_date_gmt>
		<wp:post_modified><![CDATA[2021-08-31 14:27:38]]></wp:post_modified>
		<wp:post_modified_gmt><![CDATA[2021-08-31 14:27:38]]></wp:post_modified_gmt>
		<wp:comment_status><![CDATA[open]]></wp:comment_status>
		<wp:ping_status><![CDATA[open]]></wp:ping_status>
		<wp:post_name><![CDATA[19379-2]]></wp:post_name>
		<wp:status><![CDATA[publish]]></wp:status>
		<wp:post_parent>0</wp:post_parent>
		<wp:menu_order>0</wp:menu_order>
		<wp:post_type><![CDATA[post]]></wp:post_type>
		<wp:post_password><![CDATA[]]></wp:post_password>
		<wp:is_sticky>0</wp:is_sticky>
										<category domain="category" nicename="en_revision"><![CDATA[En revisiÃ³n]]></category>
		<category domain="post_tag" nicename="monitorista"><![CDATA[Monitorista]]></category>
						<wp:postmeta>
		<wp:meta_key><![CDATA[folio_global_meta]]></wp:meta_key>
		<wp:meta_value><![CDATA[3]]></wp:meta_value>
		</wp:postmeta>
							<wp:postmeta>
		<wp:meta_key><![CDATA[valpa_telefono_solicitante_meta]]></wp:meta_key>
		<wp:meta_value><![CDATA[]]></wp:meta_value>
		</wp:postmeta>
							<wp:postmeta>
		<wp:meta_key><![CDATA[valpa_celular_solicitante_meta]]></wp:meta_key>
		<wp:meta_value><![CDATA[]]></wp:meta_value>
		</wp:postmeta>
							<wp:postmeta>
		<wp:meta_key><![CDATA[valpa_mail_solicitante_meta]]></wp:meta_key>
		<wp:meta_value><![CDATA[]]></wp:meta_value>
		</wp:postmeta>
							<wp:postmeta>
		<wp:meta_key><![CDATA[valpa_alias_solicitante_meta]]></wp:meta_key>
		<wp:meta_value><![CDATA[]]></wp:meta_value>
		</wp:postmeta>
							<wp:postmeta>
		<wp:meta_key><![CDATA[puesto_relacionado_meta]]></wp:meta_key>
		<wp:meta_value><![CDATA[Monitorista]]></wp:meta_value>
		</wp:postmeta>
							<wp:postmeta>
		<wp:meta_key><![CDATA[sucursal_relacionada_meta]]></wp:meta_key>
		<wp:meta_value><![CDATA[]]></wp:meta_value>
		</wp:postmeta>
							<wp:postmeta>
		<wp:meta_key><![CDATA[solicitud_codigo_meta]]></wp:meta_key>
		<wp:meta_value><![CDATA[c6e0c7fba1]]></wp:meta_value>
		</wp:postmeta>
							</item>
					<item>
		<title><![CDATA[]]></title>
		<link>http://localhost/sass-wp/19380-2/</link>
		<pubDate>Tue, 31 Aug 2021 14:32:13 +0000</pubDate>
		<dc:creator><![CDATA[webmaster]]></dc:creator>
		<guid isPermaLink="false">http://localhost/sass-wp/19380-2/</guid>
		<description></description>
		<content:encoded><![CDATA[<strong>Contacto Valparaiso<br></strong> <br><strong>puesto.- </strong> 19286. <br>]]></content:encoded>
		<excerpt:encoded><![CDATA[]]></excerpt:encoded>
		<wp:post_id>19380</wp:post_id>
		<wp:post_date><![CDATA[2021-08-31 14:32:13]]></wp:post_date>
		<wp:post_date_gmt><![CDATA[2021-08-31 14:32:13]]></wp:post_date_gmt>
		<wp:post_modified><![CDATA[2021-08-31 14:32:13]]></wp:post_modified>
		<wp:post_modified_gmt><![CDATA[2021-08-31 14:32:13]]></wp:post_modified_gmt>
		<wp:comment_status><![CDATA[open]]></wp:comment_status>
		<wp:ping_status><![CDATA[open]]></wp:ping_status>
		<wp:post_name><![CDATA[19380-2]]></wp:post_name>
		<wp:status><![CDATA[publish]]></wp:status>
		<wp:post_parent>0</wp:post_parent>
		<wp:menu_order>0</wp:menu_order>
		<wp:post_type><![CDATA[post]]></wp:post_type>
		<wp:post_password><![CDATA[]]></wp:post_password>
		<wp:is_sticky>0</wp:is_sticky>
										<category domain="category" nicename="en_revision"><![CDATA[En revisiÃ³n]]></category>
		<category domain="post_tag" nicename="vendedor"><![CDATA[Vendedor]]></category>
						<wp:postmeta>
		<wp:meta_key><![CDATA[folio_global_meta]]></wp:meta_key>
		<wp:meta_value><![CDATA[4]]></wp:meta_value>
		</wp:postmeta>
							<wp:postmeta>
		<wp:meta_key><![CDATA[valpa_telefono_solicitante_meta]]></wp:meta_key>
		<wp:meta_value><![CDATA[]]></wp:meta_value>
		</wp:postmeta>
							<wp:postmeta>
		<wp:meta_key><![CDATA[valpa_celular_solicitante_meta]]></wp:meta_key>
		<wp:meta_value><![CDATA[]]></wp:meta_value>
		</wp:postmeta>
							<wp:postmeta>
		<wp:meta_key><![CDATA[valpa_mail_solicitante_meta]]></wp:meta_key>
		<wp:meta_value><![CDATA[]]></wp:meta_value>
		</wp:postmeta>
							<wp:postmeta>
		<wp:meta_key><![CDATA[valpa_alias_solicitante_meta]]></wp:meta_key>
		<wp:meta_value><![CDATA[]]></wp:meta_value>
		</wp:postmeta>
							<wp:postmeta>
		<wp:meta_key><![CDATA[puesto_relacionado_meta]]></wp:meta_key>
		<wp:meta_value><![CDATA[Vendedor]]></wp:meta_value>
		</wp:postmeta>
							<wp:postmeta>
		<wp:meta_key><![CDATA[sucursal_relacionada_meta]]></wp:meta_key>
		<wp:meta_value><![CDATA[]]></wp:meta_value>
		</wp:postmeta>
							<wp:postmeta>
		<wp:meta_key><![CDATA[solicitud_codigo_meta]]></wp:meta_key>
		<wp:meta_value><![CDATA[c6e0c7fba1]]></wp:meta_value>
		</wp:postmeta>
							</item>
					<item>
		<title><![CDATA[]]></title>
		<link>http://localhost/sass-wp/19381-2/</link>
		<pubDate>Tue, 31 Aug 2021 14:35:13 +0000</pubDate>
		<dc:creator><![CDATA[webmaster]]></dc:creator>
		<guid isPermaLink="false">http://localhost/sass-wp/19381-2/</guid>
		<description></description>
		<content:encoded><![CDATA[<strong>Contacto Valparaiso<br></strong> <br><strong>puesto.- </strong> 19329. <br>]]></content:encoded>
		<excerpt:encoded><![CDATA[]]></excerpt:encoded>
		<wp:post_id>19381</wp:post_id>
		<wp:post_date><![CDATA[2021-08-31 14:35:13]]></wp:post_date>
		<wp:post_date_gmt><![CDATA[2021-08-31 14:35:13]]></wp:post_date_gmt>
		<wp:post_modified><![CDATA[2021-08-31 14:35:13]]></wp:post_modified>
		<wp:post_modified_gmt><![CDATA[2021-08-31 14:35:13]]></wp:post_modified_gmt>
		<wp:comment_status><![CDATA[open]]></wp:comment_status>
		<wp:ping_status><![CDATA[open]]></wp:ping_status>
		<wp:post_name><![CDATA[19381-2]]></wp:post_name>
		<wp:status><![CDATA[publish]]></wp:status>
		<wp:post_parent>0</wp:post_parent>
		<wp:menu_order>0</wp:menu_order>
		<wp:post_type><![CDATA[post]]></wp:post_type>
		<wp:post_password><![CDATA[]]></wp:post_password>
		<wp:is_sticky>0</wp:is_sticky>
										<category domain="post_tag" nicename="auxiliar-de-diseno-grafico"><![CDATA[Auxiliar de DiseÃ±o Grafico]]></category>
		<category domain="category" nicename="en_revision"><![CDATA[En revisiÃ³n]]></category>
						<wp:postmeta>
		<wp:meta_key><![CDATA[folio_global_meta]]></wp:meta_key>
		<wp:meta_value><![CDATA[5]]></wp:meta_value>
		</wp:postmeta>
							<wp:postmeta>
		<wp:meta_key><![CDATA[valpa_telefono_solicitante_meta]]></wp:meta_key>
		<wp:meta_value><![CDATA[]]></wp:meta_value>
		</wp:postmeta>
							<wp:postmeta>
		<wp:meta_key><![CDATA[valpa_celular_solicitante_meta]]></wp:meta_key>
		<wp:meta_value><![CDATA[]]></wp:meta_value>
		</wp:postmeta>
							<wp:postmeta>
		<wp:meta_key><![CDATA[valpa_mail_solicitante_meta]]></wp:meta_key>
		<wp:meta_value><![CDATA[]]></wp:meta_value>
		</wp:postmeta>
							<wp:postmeta>
		<wp:meta_key><![CDATA[valpa_alias_solicitante_meta]]></wp:meta_key>
		<wp:meta_value><![CDATA[]]></wp:meta_value>
		</wp:postmeta>
							<wp:postmeta>
		<wp:meta_key><![CDATA[puesto_relacionado_meta]]></wp:meta_key>
		<wp:meta_value><![CDATA[Auxiliar de DiseÃ±o Grafico]]></wp:meta_value>
		</wp:postmeta>
							<wp:postmeta>
		<wp:meta_key><![CDATA[sucursal_relacionada_meta]]></wp:meta_key>
		<wp:meta_value><![CDATA[]]></wp:meta_value>
		</wp:postmeta>
							<wp:postmeta>
		<wp:meta_key><![CDATA[solicitud_codigo_meta]]></wp:meta_key>
		<wp:meta_value><![CDATA[c6e0c7fba1]]></wp:meta_value>
		</wp:postmeta>
							</item>
					<item>
		<title><![CDATA[]]></title>
		<link>http://localhost/sass-wp/19382-2/</link>
		<pubDate>Tue, 31 Aug 2021 14:37:19 +0000</pubDate>
		<dc:creator><![CDATA[webmaster]]></dc:creator>
		<guid isPermaLink="false">http://localhost/sass-wp/19382-2/</guid>
		<description></description>
		<content:encoded><![CDATA[<strong>Contacto Valparaiso<br></strong> <br><strong>puesto.- </strong> 19330. <br>]]></content:encoded>
		<excerpt:encoded><![CDATA[]]></excerpt:encoded>
		<wp:post_id>19382</wp:post_id>
		<wp:post_date><![CDATA[2021-08-31 14:37:19]]></wp:post_date>
		<wp:post_date_gmt><![CDATA[2021-08-31 14:37:19]]></wp:post_date_gmt>
		<wp:post_modified><![CDATA[2021-08-31 14:37:19]]></wp:post_modified>
		<wp:post_modified_gmt><![CDATA[2021-08-31 14:37:19]]></wp:post_modified_gmt>
		<wp:comment_status><![CDATA[open]]></wp:comment_status>
		<wp:ping_status><![CDATA[open]]></wp:ping_status>
		<wp:post_name><![CDATA[19382-2]]></wp:post_name>
		<wp:status><![CDATA[publish]]></wp:status>
		<wp:post_parent>0</wp:post_parent>
		<wp:menu_order>0</wp:menu_order>
		<wp:post_type><![CDATA[post]]></wp:post_type>
		<wp:post_password><![CDATA[]]></wp:post_password>
		<wp:is_sticky>0</wp:is_sticky>
										<category domain="category" nicename="en_revision"><![CDATA[En revisiÃ³n]]></category>
		<category domain="post_tag" nicename="monitorista"><![CDATA[Monitorista]]></category>
						<wp:postmeta>
		<wp:meta_key><![CDATA[folio_global_meta]]></wp:meta_key>
		<wp:meta_value><![CDATA[6]]></wp:meta_value>
		</wp:postmeta>
							<wp:postmeta>
		<wp:meta_key><![CDATA[valpa_telefono_solicitante_meta]]></wp:meta_key>
		<wp:meta_value><![CDATA[]]></wp:meta_value>
		</wp:postmeta>
							<wp:postmeta>
		<wp:meta_key><![CDATA[valpa_celular_solicitante_meta]]></wp:meta_key>
		<wp:meta_value><![CDATA[]]></wp:meta_value>
		</wp:postmeta>
							<wp:postmeta>
		<wp:meta_key><![CDATA[valpa_mail_solicitante_meta]]></wp:meta_key>
		<wp:meta_value><![CDATA[]]></wp:meta_value>
		</wp:postmeta>
							<wp:postmeta>
		<wp:meta_key><![CDATA[valpa_alias_solicitante_meta]]></wp:meta_key>
		<wp:meta_value><![CDATA[]]></wp:meta_value>
		</wp:postmeta>
							<wp:postmeta>
		<wp:meta_key><![CDATA[puesto_relacionado_meta]]></wp:meta_key>
		<wp:meta_value><![CDATA[Monitorista]]></wp:meta_value>
		</wp:postmeta>
							<wp:postmeta>
		<wp:meta_key><![CDATA[sucursal_relacionada_meta]]></wp:meta_key>
		<wp:meta_value><![CDATA[]]></wp:meta_value>
		</wp:postmeta>
							<wp:postmeta>
		<wp:meta_key><![CDATA[solicitud_codigo_meta]]></wp:meta_key>
		<wp:meta_value><![CDATA[c6e0c7fba1]]></wp:meta_value>
		</wp:postmeta>
							</item>
					<item>
		<title><![CDATA[]]></title>
		<link>http://localhost/sass-wp/19383-2/</link>
		<pubDate>Tue, 31 Aug 2021 14:44:56 +0000</pubDate>
		<dc:creator><![CDATA[webmaster]]></dc:creator>
		<guid isPermaLink="false">http://localhost/sass-wp/19383-2/</guid>
		<description></description>
		<content:encoded><![CDATA[<strong>Contacto Valparaiso<br></strong> <br><strong>puesto.- </strong> 19286. <br>]]></content:encoded>
		<excerpt:encoded><![CDATA[]]></excerpt:encoded>
		<wp:post_id>19383</wp:post_id>
		<wp:post_date><![CDATA[2021-08-31 14:44:56]]></wp:post_date>
		<wp:post_date_gmt><![CDATA[2021-08-31 14:44:56]]></wp:post_date_gmt>
		<wp:post_modified><![CDATA[2021-08-31 14:44:56]]></wp:post_modified>
		<wp:post_modified_gmt><![CDATA[2021-08-31 14:44:56]]></wp:post_modified_gmt>
		<wp:comment_status><![CDATA[open]]></wp:comment_status>
		<wp:ping_status><![CDATA[open]]></wp:ping_status>
		<wp:post_name><![CDATA[19383-2]]></wp:post_name>
		<wp:status><![CDATA[publish]]></wp:status>
		<wp:post_parent>0</wp:post_parent>
		<wp:menu_order>0</wp:menu_order>
		<wp:post_type><![CDATA[post]]></wp:post_type>
		<wp:post_password><![CDATA[]]></wp:post_password>
		<wp:is_sticky>0</wp:is_sticky>
										<category domain="category" nicename="en_revision"><![CDATA[En revisiÃ³n]]></category>
		<category domain="post_tag" nicename="vendedor"><![CDATA[Vendedor]]></category>
						<wp:postmeta>
		<wp:meta_key><![CDATA[folio_global_meta]]></wp:meta_key>
		<wp:meta_value><![CDATA[7]]></wp:meta_value>
		</wp:postmeta>
							<wp:postmeta>
		<wp:meta_key><![CDATA[valpa_telefono_solicitante_meta]]></wp:meta_key>
		<wp:meta_value><![CDATA[]]></wp:meta_value>
		</wp:postmeta>
							<wp:postmeta>
		<wp:meta_key><![CDATA[valpa_celular_solicitante_meta]]></wp:meta_key>
		<wp:meta_value><![CDATA[]]></wp:meta_value>
		</wp:postmeta>
							<wp:postmeta>
		<wp:meta_key><![CDATA[valpa_mail_solicitante_meta]]></wp:meta_key>
		<wp:meta_value><![CDATA[]]></wp:meta_value>
		</wp:postmeta>
							<wp:postmeta>
		<wp:meta_key><![CDATA[valpa_alias_solicitante_meta]]></wp:meta_key>
		<wp:meta_value><![CDATA[]]></wp:meta_value>
		</wp:postmeta>
							<wp:postmeta>
		<wp:meta_key><![CDATA[puesto_relacionado_meta]]></wp:meta_key>
		<wp:meta_value><![CDATA[Vendedor]]></wp:meta_value>
		</wp:postmeta>
							<wp:postmeta>
		<wp:meta_key><![CDATA[sucursal_relacionada_meta]]></wp:meta_key>
		<wp:meta_value><![CDATA[]]></wp:meta_value>
		</wp:postmeta>
							<wp:postmeta>
		<wp:meta_key><![CDATA[solicitud_codigo_meta]]></wp:meta_key>
		<wp:meta_value><![CDATA[c6e0c7fba1]]></wp:meta_value>
		</wp:postmeta>
							</item>
					<item>
		<title><![CDATA[]]></title>
		<link>http://localhost/sass-wp/19384-2/</link>
		<pubDate>Tue, 31 Aug 2021 15:02:00 +0000</pubDate>
		<dc:creator><![CDATA[webmaster]]></dc:creator>
		<guid isPermaLink="false">http://localhost/sass-wp/19384-2/</guid>
		<description></description>
		<content:encoded><![CDATA[<strong>Contacto Valparaiso<br></strong> <br><strong>puesto.- </strong> 19376. <br><strong>Nombre.- </strong> Sin informaciÃ³n. <br><strong>ApellidoPaterno.- </strong> Sin informaciÃ³n. <br><strong>ApellidoMaterno.- </strong> Sin informaciÃ³n. <br><strong>Edad.- </strong> Sin informaciÃ³n. <br><strong>CURP.- </strong> Sin informaciÃ³n. <br><strong>NSS.- </strong> Sin informaciÃ³n. <br><strong>Direccion.- </strong> Sin informaciÃ³n. <br><strong>Ciudad.- </strong> Sin informaciÃ³n. <br><strong>Colonia.- </strong> Sin informaciÃ³n. <br><strong>CP.- </strong> Sin informaciÃ³n. <br><strong>E-mail.- </strong> Sin informaciÃ³n. <br><strong>celular.- </strong> Sin informaciÃ³n. <br><strong>telefono.- </strong> Sin informaciÃ³n. <br><strong>Referencia1.- </strong> Sin informaciÃ³n. <br><strong>Referencia1empresa.- </strong> Sin informaciÃ³n. <br><strong>Referencia1telefono.- </strong> Sin informaciÃ³n. <br><strong>Referencia2.- </strong> Sin informaciÃ³n. <br><strong>Referencia2empresa.- </strong> Sin informaciÃ³n. <br><strong>Referencia2telefono.- </strong> Sin informaciÃ³n. <br><strong>Referencia3.- </strong> Sin informaciÃ³n. <br><strong>Referencia3empresa.- </strong> Sin informaciÃ³n. <br><strong>Referencia3telefono.- </strong> Sin informaciÃ³n. <br>]]></content:encoded>
		<excerpt:encoded><![CDATA[]]></excerpt:encoded>
		<wp:post_id>19384</wp:post_id>
		<wp:post_date><![CDATA[2021-08-31 15:02:00]]></wp:post_date>
		<wp:post_date_gmt><![CDATA[2021-08-31 15:02:00]]></wp:post_date_gmt>
		<wp:post_modified><![CDATA[2021-08-31 15:02:00]]></wp:post_modified>
		<wp:post_modified_gmt><![CDATA[2021-08-31 15:02:00]]></wp:post_modified_gmt>
		<wp:comment_status><![CDATA[open]]></wp:comment_status>
		<wp:ping_status><![CDATA[open]]></wp:ping_status>
		<wp:post_name><![CDATA[19384-2]]></wp:post_name>
		<wp:status><![CDATA[publish]]></wp:status>
		<wp:post_parent>0</wp:post_parent>
		<wp:menu_order>0</wp:menu_order>
		<wp:post_type><![CDATA[post]]></wp:post_type>
		<wp:post_password><![CDATA[]]></wp:post_password>
		<wp:is_sticky>0</wp:is_sticky>
										<category domain="category" nicename="en_revision"><![CDATA[En revisiÃ³n]]></category>
		<category domain="post_tag" nicename="test1"><![CDATA[test1]]></category>
						<wp:postmeta>
		<wp:meta_key><![CDATA[folio_global_meta]]></wp:meta_key>
		<wp:meta_value><![CDATA[8]]></wp:meta_value>
		</wp:postmeta>
							<wp:postmeta>
		<wp:meta_key><![CDATA[valpa_telefono_solicitante_meta]]></wp:meta_key>
		<wp:meta_value><![CDATA[]]></wp:meta_value>
		</wp:postmeta>
							<wp:postmeta>
		<wp:meta_key><![CDATA[valpa_celular_solicitante_meta]]></wp:meta_key>
		<wp:meta_value><![CDATA[]]></wp:meta_value>
		</wp:postmeta>
							<wp:postmeta>
		<wp:meta_key><![CDATA[valpa_mail_solicitante_meta]]></wp:meta_key>
		<wp:meta_value><![CDATA[]]></wp:meta_value>
		</wp:postmeta>
							<wp:postmeta>
		<wp:meta_key><![CDATA[valpa_alias_solicitante_meta]]></wp:meta_key>
		<wp:meta_value><![CDATA[]]></wp:meta_value>
		</wp:postmeta>
							<wp:postmeta>
		<wp:meta_key><![CDATA[puesto_relacionado_meta]]></wp:meta_key>
		<wp:meta_value><![CDATA[test1]]></wp:meta_value>
		</wp:postmeta>
							<wp:postmeta>
		<wp:meta_key><![CDATA[sucursal_relacionada_meta]]></wp:meta_key>
		<wp:meta_value><![CDATA[]]></wp:meta_value>
		</wp:postmeta>
							<wp:postmeta>
		<wp:meta_key><![CDATA[solicitud_codigo_meta]]></wp:meta_key>
		<wp:meta_value><![CDATA[c6e0c7fba1]]></wp:meta_value>
		</wp:postmeta>
							</item>
					<item>
		<title><![CDATA[]]></title>
		<link>http://localhost/sass-wp/19491-2/</link>
		<pubDate>Mon, 06 Sep 2021 16:05:15 +0000</pubDate>
		<dc:creator><![CDATA[webmaster]]></dc:creator>
		<guid isPermaLink="false">https://localhost/sass-wp/19491-2/</guid>
		<description></description>
		<content:encoded><![CDATA[<strong>Contacto Proxima<br></strong> <br><strong>puesto.- </strong> 19333. <br>]]></content:encoded>
		<excerpt:encoded><![CDATA[]]></excerpt:encoded>
		<wp:post_id>19491</wp:post_id>
		<wp:post_date><![CDATA[2021-09-06 16:05:15]]></wp:post_date>
		<wp:post_date_gmt><![CDATA[2021-09-06 16:05:15]]></wp:post_date_gmt>
		<wp:post_modified><![CDATA[2021-09-06 16:05:15]]></wp:post_modified>
		<wp:post_modified_gmt><![CDATA[2021-09-06 16:05:15]]></wp:post_modified_gmt>
		<wp:comment_status><![CDATA[open]]></wp:comment_status>
		<wp:ping_status><![CDATA[open]]></wp:ping_status>
		<wp:post_name><![CDATA[19491-2]]></wp:post_name>
		<wp:status><![CDATA[publish]]></wp:status>
		<wp:post_parent>0</wp:post_parent>
		<wp:menu_order>0</wp:menu_order>
		<wp:post_type><![CDATA[post]]></wp:post_type>
		<wp:post_password><![CDATA[]]></wp:post_password>
		<wp:is_sticky>0</wp:is_sticky>
										<category domain="post_tag" nicename="chofer-vendedor"><![CDATA[Chofer-Vendedor]]></category>
		<category domain="category" nicename="en_revision"><![CDATA[En revisiÃ³n]]></category>
						<wp:postmeta>
		<wp:meta_key><![CDATA[folio_global_meta]]></wp:meta_key>
		<wp:meta_value><![CDATA[9]]></wp:meta_value>
		</wp:postmeta>
							<wp:postmeta>
		<wp:meta_key><![CDATA[valpa_telefono_solicitante_meta]]></wp:meta_key>
		<wp:meta_value><![CDATA[]]></wp:meta_value>
		</wp:postmeta>
							<wp:postmeta>
		<wp:meta_key><![CDATA[valpa_celular_solicitante_meta]]></wp:meta_key>
		<wp:meta_value><![CDATA[]]></wp:meta_value>
		</wp:postmeta>
							<wp:postmeta>
		<wp:meta_key><![CDATA[valpa_mail_solicitante_meta]]></wp:meta_key>
		<wp:meta_value><![CDATA[]]></wp:meta_value>
		</wp:postmeta>
							<wp:postmeta>
		<wp:meta_key><![CDATA[valpa_alias_solicitante_meta]]></wp:meta_key>
		<wp:meta_value><![CDATA[]]></wp:meta_value>
		</wp:postmeta>
							<wp:postmeta>
		<wp:meta_key><![CDATA[puesto_relacionado_meta]]></wp:meta_key>
		<wp:meta_value><![CDATA[Chofer-Vendedor]]></wp:meta_value>
		</wp:postmeta>
							<wp:postmeta>
		<wp:meta_key><![CDATA[sucursal_relacionada_meta]]></wp:meta_key>
		<wp:meta_value><![CDATA[]]></wp:meta_value>
		</wp:postmeta>
							<wp:postmeta>
		<wp:meta_key><![CDATA[solicitud_codigo_meta]]></wp:meta_key>
		<wp:meta_value><![CDATA[71598c2287]]></wp:meta_value>
		</wp:postmeta>
							</item>
					<item>
		<title><![CDATA[RomÃ¡n Alfaro RamÃ­rez]]></title>
		<link>http://localhost/sass-wp/obituario/roman-alfaro-ramirez/</link>
		<pubDate>Thu, 05 Sep 2019 20:01:37 +0000</pubDate>
		<dc:creator><![CDATA[webmaster]]></dc:creator>
		<guid isPermaLink="false">http://valparaiso.com.mx/?post_type=valpa_obituario_pt&#038;p=10</guid>
		<description></description>
		<content:encoded><![CDATA[1970-2019]]></content:encoded>
		<excerpt:encoded><![CDATA[]]></excerpt:encoded>
		<wp:post_id>10</wp:post_id>
		<wp:post_date><![CDATA[2019-09-05 20:01:37]]></wp:post_date>
		<wp:post_date_gmt><![CDATA[2019-09-05 20:01:37]]></wp:post_date_gmt>
		<wp:post_modified><![CDATA[2019-09-05 20:01:37]]></wp:post_modified>
		<wp:post_modified_gmt><![CDATA[2019-09-05 20:01:37]]></wp:post_modified_gmt>
		<wp:comment_status><![CDATA[open]]></wp:comment_status>
		<wp:ping_status><![CDATA[closed]]></wp:ping_status>
		<wp:post_name><![CDATA[roman-alfaro-ramirez]]></wp:post_name>
		<wp:status><![CDATA[publish]]></wp:status>
		<wp:post_parent>0</wp:post_parent>
		<wp:menu_order>0</wp:menu_order>
		<wp:post_type><![CDATA[valpa_obituario_pt]]></wp:post_type>
		<wp:post_password><![CDATA[]]></wp:post_password>
		<wp:is_sticky>0</wp:is_sticky>
														<wp:postmeta>
		<wp:meta_key><![CDATA[post_views_count]]></wp:meta_key>
		<wp:meta_value><![CDATA[73]]></wp:meta_value>
		</wp:postmeta>
							</item>
					<item>
		<title><![CDATA[CURP]]></title>
		<link>http://localhost/sass-wp/documentos/curp/</link>
		<pubDate>Sat, 25 Jul 2020 14:27:38 +0000</pubDate>
		<dc:creator><![CDATA[webmaster]]></dc:creator>
		<guid isPermaLink="false">http://valparaiso.com.mx/?post_type=valpa_documentos_pt&#038;p=24</guid>
		<description></description>
		<content:encoded><![CDATA[]]></content:encoded>
		<excerpt:encoded><![CDATA[]]></excerpt:encoded>
		<wp:post_id>24</wp:post_id>
		<wp:post_date><![CDATA[2020-07-25 14:27:38]]></wp:post_date>
		<wp:post_date_gmt><![CDATA[2020-07-25 14:27:38]]></wp:post_date_gmt>
		<wp:post_modified><![CDATA[2020-07-25 14:27:38]]></wp:post_modified>
		<wp:post_modified_gmt><![CDATA[2020-07-25 14:27:38]]></wp:post_modified_gmt>
		<wp:comment_status><![CDATA[closed]]></wp:comment_status>
		<wp:ping_status><![CDATA[closed]]></wp:ping_status>
		<wp:post_name><![CDATA[curp]]></wp:post_name>
		<wp:status><![CDATA[publish]]></wp:status>
		<wp:post_parent>0</wp:post_parent>
		<wp:menu_order>0</wp:menu_order>
		<wp:post_type><![CDATA[valpa_documentos_pt]]></wp:post_type>
		<wp:post_password><![CDATA[]]></wp:post_password>
		<wp:is_sticky>0</wp:is_sticky>
														<wp:postmeta>
		<wp:meta_key><![CDATA[_edit_last]]></wp:meta_key>
		<wp:meta_value><![CDATA[1]]></wp:meta_value>
		</wp:postmeta>
							</item>
					<item>
		<title><![CDATA[RFC]]></title>
		<link>http://localhost/sass-wp/documentos/cedula/</link>
		<pubDate>Sat, 25 Jul 2020 14:27:49 +0000</pubDate>
		<dc:creator><![CDATA[webmaster]]></dc:creator>
		<guid isPermaLink="false">http://valparaiso.com.mx/?post_type=valpa_documentos_pt&#038;p=25</guid>
		<description></description>
		<content:encoded><![CDATA[]]></content:encoded>
		<excerpt:encoded><![CDATA[]]></excerpt:encoded>
		<wp:post_id>25</wp:post_id>
		<wp:post_date><![CDATA[2020-07-25 14:27:49]]></wp:post_date>
		<wp:post_date_gmt><![CDATA[2020-07-25 14:27:49]]></wp:post_date_gmt>
		<wp:post_modified><![CDATA[2020-07-25 14:27:49]]></wp:post_modified>
		<wp:post_modified_gmt><![CDATA[2020-07-25 14:27:49]]></wp:post_modified_gmt>
		<wp:comment_status><![CDATA[closed]]></wp:comment_status>
		<wp:ping_status><![CDATA[closed]]></wp:ping_status>
		<wp:post_name><![CDATA[cedula]]></wp:post_name>
		<wp:status><![CDATA[publish]]></wp:status>
		<wp:post_parent>0</wp:post_parent>
		<wp:menu_order>0</wp:menu_order>
		<wp:post_type><![CDATA[valpa_documentos_pt]]></wp:post_type>
		<wp:post_password><![CDATA[]]></wp:post_password>
		<wp:is_sticky>0</wp:is_sticky>
														<wp:postmeta>
		<wp:meta_key><![CDATA[_edit_last]]></wp:meta_key>
		<wp:meta_value><![CDATA[1]]></wp:meta_value>
		</wp:postmeta>
							</item>
					<item>
		<title><![CDATA[Numero de Seguridad Social]]></title>
		<link>http://localhost/sass-wp/documentos/numero-de-seguridad-social/</link>
		<pubDate>Fri, 31 Jul 2020 22:13:19 +0000</pubDate>
		<dc:creator><![CDATA[webmaster]]></dc:creator>
		<guid isPermaLink="false">http://valparaiso.com.mx/?post_type=valpa_documentos_pt&#038;p=60</guid>
		<description></description>
		<content:encoded><![CDATA[]]></content:encoded>
		<excerpt:encoded><![CDATA[]]></excerpt:encoded>
		<wp:post_id>60</wp:post_id>
		<wp:post_date><![CDATA[2020-07-31 22:13:19]]></wp:post_date>
		<wp:post_date_gmt><![CDATA[2020-07-31 22:13:19]]></wp:post_date_gmt>
		<wp:post_modified><![CDATA[2020-07-31 22:13:19]]></wp:post_modified>
		<wp:post_modified_gmt><![CDATA[2020-07-31 22:13:19]]></wp:post_modified_gmt>
		<wp:comment_status><![CDATA[closed]]></wp:comment_status>
		<wp:ping_status><![CDATA[closed]]></wp:ping_status>
		<wp:post_name><![CDATA[numero-de-seguridad-social]]></wp:post_name>
		<wp:status><![CDATA[publish]]></wp:status>
		<wp:post_parent>0</wp:post_parent>
		<wp:menu_order>0</wp:menu_order>
		<wp:post_type><![CDATA[valpa_documentos_pt]]></wp:post_type>
		<wp:post_password><![CDATA[]]></wp:post_password>
		<wp:is_sticky>0</wp:is_sticky>
														<wp:postmeta>
		<wp:meta_key><![CDATA[_edit_last]]></wp:meta_key>
		<wp:meta_value><![CDATA[1]]></wp:meta_value>
		</wp:postmeta>
							<wp:postmeta>
		<wp:meta_key><![CDATA[_wp_old_date]]></wp:meta_key>
		<wp:meta_value><![CDATA[2020-07-30]]></wp:meta_value>
		</wp:postmeta>
							</item>
					<item>
		<title><![CDATA[Copia de IFE]]></title>
		<link>http://localhost/sass-wp/documentos/copia-de-ife/</link>
		<pubDate>Fri, 31 Jul 2020 23:01:06 +0000</pubDate>
		<dc:creator><![CDATA[webmaster]]></dc:creator>
		<guid isPermaLink="false">http://valparaiso.com.mx/?post_type=valpa_documentos_pt&#038;p=62</guid>
		<description></description>
		<content:encoded><![CDATA[]]></content:encoded>
		<excerpt:encoded><![CDATA[]]></excerpt:encoded>
		<wp:post_id>62</wp:post_id>
		<wp:post_date><![CDATA[2020-07-31 23:01:06]]></wp:post_date>
		<wp:post_date_gmt><![CDATA[2020-07-31 23:01:06]]></wp:post_date_gmt>
		<wp:post_modified><![CDATA[2020-07-31 23:01:06]]></wp:post_modified>
		<wp:post_modified_gmt><![CDATA[2020-07-31 23:01:06]]></wp:post_modified_gmt>
		<wp:comment_status><![CDATA[closed]]></wp:comment_status>
		<wp:ping_status><![CDATA[closed]]></wp:ping_status>
		<wp:post_name><![CDATA[copia-de-ife]]></wp:post_name>
		<wp:status><![CDATA[publish]]></wp:status>
		<wp:post_parent>0</wp:post_parent>
		<wp:menu_order>0</wp:menu_order>
		<wp:post_type><![CDATA[valpa_documentos_pt]]></wp:post_type>
		<wp:post_password><![CDATA[]]></wp:post_password>
		<wp:is_sticky>0</wp:is_sticky>
														<wp:postmeta>
		<wp:meta_key><![CDATA[_edit_last]]></wp:meta_key>
		<wp:meta_value><![CDATA[1]]></wp:meta_value>
		</wp:postmeta>
							<wp:postmeta>
		<wp:meta_key><![CDATA[_wp_old_date]]></wp:meta_key>
		<wp:meta_value><![CDATA[2020-07-30]]></wp:meta_value>
		</wp:postmeta>
							</item>
					<item>
		<title><![CDATA[Copia Acta Nacimiento]]></title>
		<link>http://localhost/sass-wp/documentos/copia-acta-nacimiento/</link>
		<pubDate>Fri, 31 Jul 2020 23:00:57 +0000</pubDate>
		<dc:creator><![CDATA[webmaster]]></dc:creator>
		<guid isPermaLink="false">http://valparaiso.com.mx/?post_type=valpa_documentos_pt&#038;p=63</guid>
		<description></description>
		<content:encoded><![CDATA[]]></content:encoded>
		<excerpt:encoded><![CDATA[]]></excerpt:encoded>
		<wp:post_id>63</wp:post_id>
		<wp:post_date><![CDATA[2020-07-31 23:00:57]]></wp:post_date>
		<wp:post_date_gmt><![CDATA[2020-07-31 23:00:57]]></wp:post_date_gmt>
		<wp:post_modified><![CDATA[2020-07-31 23:00:57]]></wp:post_modified>
		<wp:post_modified_gmt><![CDATA[2020-07-31 23:00:57]]></wp:post_modified_gmt>
		<wp:comment_status><![CDATA[closed]]></wp:comment_status>
		<wp:ping_status><![CDATA[closed]]></wp:ping_status>
		<wp:post_name><![CDATA[copia-acta-nacimiento]]></wp:post_name>
		<wp:status><![CDATA[publish]]></wp:status>
		<wp:post_parent>0</wp:post_parent>
		<wp:menu_order>0</wp:menu_order>
		<wp:post_type><![CDATA[valpa_documentos_pt]]></wp:post_type>
		<wp:post_password><![CDATA[]]></wp:post_password>
		<wp:is_sticky>0</wp:is_sticky>
														<wp:postmeta>
		<wp:meta_key><![CDATA[_edit_last]]></wp:meta_key>
		<wp:meta_value><![CDATA[1]]></wp:meta_value>
		</wp:postmeta>
							<wp:postmeta>
		<wp:meta_key><![CDATA[_wp_old_date]]></wp:meta_key>
		<wp:meta_value><![CDATA[2020-07-30]]></wp:meta_value>
		</wp:postmeta>
							</item>
					<item>
		<title><![CDATA[Copia de Comprobante de Domicilio]]></title>
		<link>http://localhost/sass-wp/documentos/copia-de-comprobante-de-domicilio/</link>
		<pubDate>Fri, 31 Jul 2020 23:00:48 +0000</pubDate>
		<dc:creator><![CDATA[webmaster]]></dc:creator>
		<guid isPermaLink="false">http://valparaiso.com.mx/?post_type=valpa_documentos_pt&#038;p=64</guid>
		<description></description>
		<content:encoded><![CDATA[]]></content:encoded>
		<excerpt:encoded><![CDATA[]]></excerpt:encoded>
		<wp:post_id>64</wp:post_id>
		<wp:post_date><![CDATA[2020-07-31 23:00:48]]></wp:post_date>
		<wp:post_date_gmt><![CDATA[2020-07-31 23:00:48]]></wp:post_date_gmt>
		<wp:post_modified><![CDATA[2020-07-31 23:00:48]]></wp:post_modified>
		<wp:post_modified_gmt><![CDATA[2020-07-31 23:00:48]]></wp:post_modified_gmt>
		<wp:comment_status><![CDATA[closed]]></wp:comment_status>
		<wp:ping_status><![CDATA[closed]]></wp:ping_status>
		<wp:post_name><![CDATA[copia-de-comprobante-de-domicilio]]></wp:post_name>
		<wp:status><![CDATA[publish]]></wp:status>
		<wp:post_parent>0</wp:post_parent>
		<wp:menu_order>0</wp:menu_order>
		<wp:post_type><![CDATA[valpa_documentos_pt]]></wp:post_type>
		<wp:post_password><![CDATA[]]></wp:post_password>
		<wp:is_sticky>0</wp:is_sticky>
														<wp:postmeta>
		<wp:meta_key><![CDATA[_edit_last]]></wp:meta_key>
		<wp:meta_value><![CDATA[1]]></wp:meta_value>
		</wp:postmeta>
							<wp:postmeta>
		<wp:meta_key><![CDATA[_wp_old_date]]></wp:meta_key>
		<wp:meta_value><![CDATA[2020-07-30]]></wp:meta_value>
		</wp:postmeta>
							</item>
					<item>
		<title><![CDATA[Cartas Laborales]]></title>
		<link>http://localhost/sass-wp/documentos/cartas-laborales/</link>
		<pubDate>Wed, 05 Aug 2020 23:09:13 +0000</pubDate>
		<dc:creator><![CDATA[webmaster]]></dc:creator>
		<guid isPermaLink="false">http://valparaiso.com.mx/?post_type=valpa_documentos_pt&#038;p=107</guid>
		<description></description>
		<content:encoded><![CDATA[2 Cartas laborales o Constancias laboralesÂ  de sus Ãºltimos 2 empleosÂ  (MEMBRETADAS O CON COPIA DEL INE DE LA PERSONA QUE FIRMA)]]></content:encoded>
		<excerpt:encoded><![CDATA[]]></excerpt:encoded>
		<wp:post_id>107</wp:post_id>
		<wp:post_date><![CDATA[2020-08-05 23:09:13]]></wp:post_date>
		<wp:post_date_gmt><![CDATA[2020-08-05 23:09:13]]></wp:post_date_gmt>
		<wp:post_modified><![CDATA[2020-08-05 23:09:13]]></wp:post_modified>
		<wp:post_modified_gmt><![CDATA[2020-08-05 23:09:13]]></wp:post_modified_gmt>
		<wp:comment_status><![CDATA[closed]]></wp:comment_status>
		<wp:ping_status><![CDATA[closed]]></wp:ping_status>
		<wp:post_name><![CDATA[cartas-laborales]]></wp:post_name>
		<wp:status><![CDATA[publish]]></wp:status>
		<wp:post_parent>0</wp:post_parent>
		<wp:menu_order>0</wp:menu_order>
		<wp:post_type><![CDATA[valpa_documentos_pt]]></wp:post_type>
		<wp:post_password><![CDATA[]]></wp:post_password>
		<wp:is_sticky>0</wp:is_sticky>
														<wp:postmeta>
		<wp:meta_key><![CDATA[_edit_last]]></wp:meta_key>
		<wp:meta_value><![CDATA[1]]></wp:meta_value>
		</wp:postmeta>
							</item>
					<item>
		<title><![CDATA[Licencia Vigente]]></title>
		<link>http://localhost/sass-wp/documentos/licencia-vigente/</link>
		<pubDate>Fri, 07 Aug 2020 22:19:35 +0000</pubDate>
		<dc:creator><![CDATA[webmaster]]></dc:creator>
		<guid isPermaLink="false">http://valparaiso.com.mx/?post_type=valpa_documentos_pt&#038;p=134</guid>
		<description></description>
		<content:encoded><![CDATA[]]></content:encoded>
		<excerpt:encoded><![CDATA[]]></excerpt:encoded>
		<wp:post_id>134</wp:post_id>
		<wp:post_date><![CDATA[2020-08-07 22:19:35]]></wp:post_date>
		<wp:post_date_gmt><![CDATA[2020-08-07 22:19:35]]></wp:post_date_gmt>
		<wp:post_modified><![CDATA[2020-08-07 22:19:35]]></wp:post_modified>
		<wp:post_modified_gmt><![CDATA[2020-08-07 22:19:35]]></wp:post_modified_gmt>
		<wp:comment_status><![CDATA[closed]]></wp:comment_status>
		<wp:ping_status><![CDATA[closed]]></wp:ping_status>
		<wp:post_name><![CDATA[licencia-vigente]]></wp:post_name>
		<wp:status><![CDATA[publish]]></wp:status>
		<wp:post_parent>0</wp:post_parent>
		<wp:menu_order>0</wp:menu_order>
		<wp:post_type><![CDATA[valpa_documentos_pt]]></wp:post_type>
		<wp:post_password><![CDATA[]]></wp:post_password>
		<wp:is_sticky>0</wp:is_sticky>
														<wp:postmeta>
		<wp:meta_key><![CDATA[_edit_last]]></wp:meta_key>
		<wp:meta_value><![CDATA[1]]></wp:meta_value>
		</wp:postmeta>
							</item>
					<item>
		<title><![CDATA[Copia de Comprobante de Estudios]]></title>
		<link>http://localhost/sass-wp/documentos/copia-de-comprobante-de-estudios/</link>
		<pubDate>Wed, 19 Aug 2020 23:02:08 +0000</pubDate>
		<dc:creator><![CDATA[webmaster]]></dc:creator>
		<guid isPermaLink="false">http://valparaiso.com.mx/?post_type=valpa_documentos_pt&#038;p=154</guid>
		<description></description>
		<content:encoded><![CDATA[]]></content:encoded>
		<excerpt:encoded><![CDATA[]]></excerpt:encoded>
		<wp:post_id>154</wp:post_id>
		<wp:post_date><![CDATA[2020-08-19 23:02:08]]></wp:post_date>
		<wp:post_date_gmt><![CDATA[2020-08-19 23:02:08]]></wp:post_date_gmt>
		<wp:post_modified><![CDATA[2020-08-19 23:02:08]]></wp:post_modified>
		<wp:post_modified_gmt><![CDATA[2020-08-19 23:02:08]]></wp:post_modified_gmt>
		<wp:comment_status><![CDATA[closed]]></wp:comment_status>
		<wp:ping_status><![CDATA[closed]]></wp:ping_status>
		<wp:post_name><![CDATA[copia-de-comprobante-de-estudios]]></wp:post_name>
		<wp:status><![CDATA[publish]]></wp:status>
		<wp:post_parent>0</wp:post_parent>
		<wp:menu_order>0</wp:menu_order>
		<wp:post_type><![CDATA[valpa_documentos_pt]]></wp:post_type>
		<wp:post_password><![CDATA[]]></wp:post_password>
		<wp:is_sticky>0</wp:is_sticky>
														<wp:postmeta>
		<wp:meta_key><![CDATA[_edit_last]]></wp:meta_key>
		<wp:meta_value><![CDATA[1]]></wp:meta_value>
		</wp:postmeta>
							</item>
					<item>
		<title><![CDATA[Priscila Bernal Rojas]]></title>
		<link>http://localhost/sass-wp/obituario/priscila-bernal-rojas/</link>
		<pubDate>Sat, 02 Nov 2019 00:00:57 +0000</pubDate>
		<dc:creator><![CDATA[webmaster]]></dc:creator>
		<guid isPermaLink="false">http://valparaiso.com.mx/?post_type=valpa_obituario_pt&#038;p=206</guid>
		<description></description>
		<content:encoded><![CDATA[A pesar de no estar presente en cuerpo, tÃº estarÃ¡s con nosotros por siempre en nuestros corazones.]]></content:encoded>
		<excerpt:encoded><![CDATA[]]></excerpt:encoded>
		<wp:post_id>206</wp:post_id>
		<wp:post_date><![CDATA[2019-11-02 00:00:57]]></wp:post_date>
		<wp:post_date_gmt><![CDATA[2019-11-02 00:00:57]]></wp:post_date_gmt>
		<wp:post_modified><![CDATA[2019-11-02 00:00:57]]></wp:post_modified>
		<wp:post_modified_gmt><![CDATA[2019-11-02 00:00:57]]></wp:post_modified_gmt>
		<wp:comment_status><![CDATA[open]]></wp:comment_status>
		<wp:ping_status><![CDATA[closed]]></wp:ping_status>
		<wp:post_name><![CDATA[priscila-bernal-rojas]]></wp:post_name>
		<wp:status><![CDATA[publish]]></wp:status>
		<wp:post_parent>0</wp:post_parent>
		<wp:menu_order>0</wp:menu_order>
		<wp:post_type><![CDATA[valpa_obituario_pt]]></wp:post_type>
		<wp:post_password><![CDATA[]]></wp:post_password>
		<wp:is_sticky>0</wp:is_sticky>
														<wp:postmeta>
		<wp:meta_key><![CDATA[_edit_last]]></wp:meta_key>
		<wp:meta_value><![CDATA[1]]></wp:meta_value>
		</wp:postmeta>
							<wp:postmeta>
		<wp:meta_key><![CDATA[_wp_old_date]]></wp:meta_key>
		<wp:meta_value><![CDATA[2020-08-25]]></wp:meta_value>
		</wp:postmeta>
							<wp:postmeta>
		<wp:meta_key><![CDATA[valpa_no_homenaje_meta]]></wp:meta_key>
		<wp:meta_value><![CDATA[0020000001]]></wp:meta_value>
		</wp:postmeta>
							<wp:postmeta>
		<wp:meta_key><![CDATA[valpa_nacimiento_dia_meta]]></wp:meta_key>
		<wp:meta_value><![CDATA[16]]></wp:meta_value>
		</wp:postmeta>
							<wp:postmeta>
		<wp:meta_key><![CDATA[valpa_nacimiento_mes_meta]]></wp:meta_key>
		<wp:meta_value><![CDATA[1]]></wp:meta_value>
		</wp:postmeta>
							<wp:postmeta>
		<wp:meta_key><![CDATA[valpa_nacimiento_ano_meta]]></wp:meta_key>
		<wp:meta_value><![CDATA[1937]]></wp:meta_value>
		</wp:postmeta>
							<wp:postmeta>
		<wp:meta_key><![CDATA[post_views_count]]></wp:meta_key>
		<wp:meta_value><![CDATA[123]]></wp:meta_value>
		</wp:postmeta>
							<wp:postmeta>
		<wp:meta_key><![CDATA[sucursal_relacionada_meta]]></wp:meta_key>
		<wp:meta_value><![CDATA[a:1:{i:0;s:2:"22";}]]></wp:meta_value>
		</wp:postmeta>
							<wp:postmeta>
		<wp:meta_key><![CDATA[servicio_relacionado_meta]]></wp:meta_key>
		<wp:meta_value><![CDATA[a:1:{i:0;s:9:"Domicilio";}]]></wp:meta_value>
		</wp:postmeta>
							<wp:postmeta>
		<wp:meta_key><![CDATA[_thumbnail_id]]></wp:meta_key>
		<wp:meta_value><![CDATA[3880]]></wp:meta_value>
		</wp:postmeta>
							</item>
					<item>
		<title><![CDATA[Miguel Homero Romero]]></title>
		<link>http://localhost/sass-wp/obituario/miguel-homero-romero/</link>
		<pubDate>Thu, 05 Sep 2019 20:02:09 +0000</pubDate>
		<dc:creator><![CDATA[webmaster]]></dc:creator>
		<guid isPermaLink="false">http://valparaiso.com.mx/?post_type=valpa_obituario_pt&#038;p=11</guid>
		<description></description>
		<content:encoded><![CDATA[1955-2019]]></content:encoded>
		<excerpt:encoded><![CDATA[]]></excerpt:encoded>
		<wp:post_id>831</wp:post_id>
		<wp:post_date><![CDATA[2019-09-05 20:02:09]]></wp:post_date>
		<wp:post_date_gmt><![CDATA[2019-09-05 20:02:09]]></wp:post_date_gmt>
		<wp:post_modified><![CDATA[2019-09-05 20:02:09]]></wp:post_modified>
		<wp:post_modified_gmt><![CDATA[2019-09-05 20:02:09]]></wp:post_modified_gmt>
		<wp:comment_status><![CDATA[open]]></wp:comment_status>
		<wp:ping_status><![CDATA[closed]]></wp:ping_status>
		<wp:post_name><![CDATA[miguel-homero-romero]]></wp:post_name>
		<wp:status><![CDATA[publish]]></wp:status>
		<wp:post_parent>0</wp:post_parent>
		<wp:menu_order>0</wp:menu_order>
		<wp:post_type><![CDATA[valpa_obituario_pt]]></wp:post_type>
		<wp:post_password><![CDATA[]]></wp:post_password>
		<wp:is_sticky>0</wp:is_sticky>
														<wp:postmeta>
		<wp:meta_key><![CDATA[post_views_count]]></wp:meta_key>
		<wp:meta_value><![CDATA[119]]></wp:meta_value>
		</wp:postmeta>
							</item>
					<item>
		<title><![CDATA[Margarita JimÃ©nez]]></title>
		<link>http://localhost/sass-wp/obituario/margarita-jimenez/</link>
		<pubDate>Thu, 05 Sep 2019 20:03:03 +0000</pubDate>
		<dc:creator><![CDATA[webmaster]]></dc:creator>
		<guid isPermaLink="false">http://valparaiso.com.mx/?post_type=valpa_obituario_pt&#038;p=12</guid>
		<description></description>
		<content:encoded><![CDATA[1942-2019]]></content:encoded>
		<excerpt:encoded><![CDATA[]]></excerpt:encoded>
		<wp:post_id>832</wp:post_id>
		<wp:post_date><![CDATA[2019-09-05 20:03:03]]></wp:post_date>
		<wp:post_date_gmt><![CDATA[2019-09-05 20:03:03]]></wp:post_date_gmt>
		<wp:post_modified><![CDATA[2019-09-05 20:03:03]]></wp:post_modified>
		<wp:post_modified_gmt><![CDATA[2019-09-05 20:03:03]]></wp:post_modified_gmt>
		<wp:comment_status><![CDATA[open]]></wp:comment_status>
		<wp:ping_status><![CDATA[closed]]></wp:ping_status>
		<wp:post_name><![CDATA[margarita-jimenez]]></wp:post_name>
		<wp:status><![CDATA[publish]]></wp:status>
		<wp:post_parent>0</wp:post_parent>
		<wp:menu_order>0</wp:menu_order>
		<wp:post_type><![CDATA[valpa_obituario_pt]]></wp:post_type>
		<wp:post_password><![CDATA[]]></wp:post_password>
		<wp:is_sticky>0</wp:is_sticky>
														<wp:postmeta>
		<wp:meta_key><![CDATA[post_views_count]]></wp:meta_key>
		<wp:meta_value><![CDATA[171]]></wp:meta_value>
		</wp:postmeta>
							</item>
					<item>
		<title><![CDATA[Nicole Soltero Montes]]></title>
		<link>http://localhost/sass-wp/obituario/nicole-soltero-montes/</link>
		<pubDate>Thu, 05 Sep 2019 20:03:26 +0000</pubDate>
		<dc:creator><![CDATA[webmaster]]></dc:creator>
		<guid isPermaLink="false">http://valparaiso.com.mx/?post_type=valpa_obituario_pt&#038;p=13</guid>
		<description></description>
		<content:encoded><![CDATA[1967-2019]]></content:encoded>
		<excerpt:encoded><![CDATA[]]></excerpt:encoded>
		<wp:post_id>833</wp:post_id>
		<wp:post_date><![CDATA[2019-09-05 20:03:26]]></wp:post_date>
		<wp:post_date_gmt><![CDATA[2019-09-05 20:03:26]]></wp:post_date_gmt>
		<wp:post_modified><![CDATA[2019-09-05 20:03:26]]></wp:post_modified>
		<wp:post_modified_gmt><![CDATA[2019-09-05 20:03:26]]></wp:post_modified_gmt>
		<wp:comment_status><![CDATA[open]]></wp:comment_status>
		<wp:ping_status><![CDATA[closed]]></wp:ping_status>
		<wp:post_name><![CDATA[nicole-soltero-montes]]></wp:post_name>
		<wp:status><![CDATA[publish]]></wp:status>
		<wp:post_parent>0</wp:post_parent>
		<wp:menu_order>0</wp:menu_order>
		<wp:post_type><![CDATA[valpa_obituario_pt]]></wp:post_type>
		<wp:post_password><![CDATA[]]></wp:post_password>
		<wp:is_sticky>0</wp:is_sticky>
														<wp:postmeta>
		<wp:meta_key><![CDATA[post_views_count]]></wp:meta_key>
		<wp:meta_value><![CDATA[93]]></wp:meta_value>
		</wp:postmeta>
							</item>
					<item>
		<title><![CDATA[Jose Juan PeÃ±a PeÃ±a]]></title>
		<link>http://localhost/sass-wp/obituario/jose-juan-pena-pena/</link>
		<pubDate>Sun, 22 Nov 2020 06:29:07 +0000</pubDate>
		<dc:creator><![CDATA[webmaster]]></dc:creator>
		<guid isPermaLink="false">http://valparaiso.com.mx/?post_type=valpa_obituario_pt&#038;p=6424</guid>
		<description></description>
		<content:encoded><![CDATA[<b>LA MUERTE DEJA UN DOLOR EN EL CORAZON, QUE NADIE PUEDE SANAR PERO EL AMOR DEJA UNA MEMORIA QUE NADIE PUEDE ROBAR</b>]]></content:encoded>
		<excerpt:encoded><![CDATA[]]></excerpt:encoded>
		<wp:post_id>6424</wp:post_id>
		<wp:post_date><![CDATA[2020-11-22 06:29:07]]></wp:post_date>
		<wp:post_date_gmt><![CDATA[2020-11-22 06:29:07]]></wp:post_date_gmt>
		<wp:post_modified><![CDATA[2020-11-22 06:29:07]]></wp:post_modified>
		<wp:post_modified_gmt><![CDATA[2020-11-22 06:29:07]]></wp:post_modified_gmt>
		<wp:comment_status><![CDATA[open]]></wp:comment_status>
		<wp:ping_status><![CDATA[closed]]></wp:ping_status>
		<wp:post_name><![CDATA[jose-juan-pena-pena]]></wp:post_name>
		<wp:status><![CDATA[private]]></wp:status>
		<wp:post_parent>0</wp:post_parent>
		<wp:menu_order>0</wp:menu_order>
		<wp:post_type><![CDATA[valpa_obituario_pt]]></wp:post_type>
		<wp:post_password><![CDATA[]]></wp:post_password>
		<wp:is_sticky>0</wp:is_sticky>
														<wp:postmeta>
		<wp:meta_key><![CDATA[_edit_last]]></wp:meta_key>
		<wp:meta_value><![CDATA[1]]></wp:meta_value>
		</wp:postmeta>
							<wp:postmeta>
		<wp:meta_key><![CDATA[sucursal_relacionada_meta]]></wp:meta_key>
		<wp:meta_value><![CDATA[a:1:{i:0;s:2:"22";}]]></wp:meta_value>
		</wp:postmeta>
							<wp:postmeta>
		<wp:meta_key><![CDATA[valpa_no_homenaje_meta]]></wp:meta_key>
		<wp:meta_value><![CDATA[0020000585]]></wp:meta_value>
		</wp:postmeta>
							<wp:postmeta>
		<wp:meta_key><![CDATA[servicio_relacionado_meta]]></wp:meta_key>
		<wp:meta_value><![CDATA[a:1:{i:0;s:8:"Sucursal";}]]></wp:meta_value>
		</wp:postmeta>
							<wp:postmeta>
		<wp:meta_key><![CDATA[valpa_nacimiento_dia_meta]]></wp:meta_key>
		<wp:meta_value><![CDATA[23]]></wp:meta_value>
		</wp:postmeta>
							<wp:postmeta>
		<wp:meta_key><![CDATA[valpa_nacimiento_mes_meta]]></wp:meta_key>
		<wp:meta_value><![CDATA[05]]></wp:meta_value>
		</wp:postmeta>
							<wp:postmeta>
		<wp:meta_key><![CDATA[valpa_nacimiento_ano_meta]]></wp:meta_key>
		<wp:meta_value><![CDATA[1961]]></wp:meta_value>
		</wp:postmeta>
							<wp:postmeta>
		<wp:meta_key><![CDATA[post_views_count]]></wp:meta_key>
		<wp:meta_value><![CDATA[78]]></wp:meta_value>
		</wp:postmeta>
							<wp:postmeta>
		<wp:meta_key><![CDATA[num_velas_meta]]></wp:meta_key>
		<wp:meta_value><![CDATA[3]]></wp:meta_value>
		</wp:postmeta>
							<wp:postmeta>
		<wp:meta_key><![CDATA[num_recuerdos_meta]]></wp:meta_key>
		<wp:meta_value><![CDATA[1]]></wp:meta_value>
		</wp:postmeta>
							</item>
					<item>
		<title><![CDATA[Alfredo Mendoza Sanvicente]]></title>
		<link>http://localhost/sass-wp/obituario/alfredo-mendoza-sanvicente/</link>
		<pubDate>Fri, 27 Nov 2020 19:05:00 +0000</pubDate>
		<dc:creator><![CDATA[webmaster]]></dc:creator>
		<guid isPermaLink="false">http://valparaiso.com.mx/?post_type=valpa_obituario_pt&#038;p=7084</guid>
		<description></description>
		<content:encoded><![CDATA["EL MUNDO ES REDONDO Y AQUEL SITIO QUE PARECE UN FINAL PODRIA SER TAMBIEN UN COMIENZO"]]></content:encoded>
		<excerpt:encoded><![CDATA[]]></excerpt:encoded>
		<wp:post_id>7084</wp:post_id>
		<wp:post_date><![CDATA[2020-11-27 19:05:00]]></wp:post_date>
		<wp:post_date_gmt><![CDATA[2020-11-27 19:05:00]]></wp:post_date_gmt>
		<wp:post_modified><![CDATA[2020-11-27 19:05:00]]></wp:post_modified>
		<wp:post_modified_gmt><![CDATA[2020-11-27 19:05:00]]></wp:post_modified_gmt>
		<wp:comment_status><![CDATA[open]]></wp:comment_status>
		<wp:ping_status><![CDATA[closed]]></wp:ping_status>
		<wp:post_name><![CDATA[alfredo-mendoza-sanvicente]]></wp:post_name>
		<wp:status><![CDATA[private]]></wp:status>
		<wp:post_parent>0</wp:post_parent>
		<wp:menu_order>0</wp:menu_order>
		<wp:post_type><![CDATA[valpa_obituario_pt]]></wp:post_type>
		<wp:post_password><![CDATA[]]></wp:post_password>
		<wp:is_sticky>0</wp:is_sticky>
														<wp:postmeta>
		<wp:meta_key><![CDATA[_edit_last]]></wp:meta_key>
		<wp:meta_value><![CDATA[1]]></wp:meta_value>
		</wp:postmeta>
							<wp:postmeta>
		<wp:meta_key><![CDATA[sucursal_relacionada_meta]]></wp:meta_key>
		<wp:meta_value><![CDATA[a:1:{i:0;s:2:"22";}]]></wp:meta_value>
		</wp:postmeta>
							<wp:postmeta>
		<wp:meta_key><![CDATA[valpa_no_homenaje_meta]]></wp:meta_key>
		<wp:meta_value><![CDATA[0020000596]]></wp:meta_value>
		</wp:postmeta>
							<wp:postmeta>
		<wp:meta_key><![CDATA[servicio_relacionado_meta]]></wp:meta_key>
		<wp:meta_value><![CDATA[a:1:{i:0;s:8:"Sucursal";}]]></wp:meta_value>
		</wp:postmeta>
							<wp:postmeta>
		<wp:meta_key><![CDATA[valpa_nacimiento_dia_meta]]></wp:meta_key>
		<wp:meta_value><![CDATA[28]]></wp:meta_value>
		</wp:postmeta>
							<wp:postmeta>
		<wp:meta_key><![CDATA[valpa_nacimiento_mes_meta]]></wp:meta_key>
		<wp:meta_value><![CDATA[01]]></wp:meta_value>
		</wp:postmeta>
							<wp:postmeta>
		<wp:meta_key><![CDATA[valpa_nacimiento_ano_meta]]></wp:meta_key>
		<wp:meta_value><![CDATA[1950]]></wp:meta_value>
		</wp:postmeta>
							<wp:postmeta>
		<wp:meta_key><![CDATA[post_views_count]]></wp:meta_key>
		<wp:meta_value><![CDATA[182]]></wp:meta_value>
		</wp:postmeta>
							<wp:postmeta>
		<wp:meta_key><![CDATA[num_velas_meta]]></wp:meta_key>
		<wp:meta_value><![CDATA[13]]></wp:meta_value>
		</wp:postmeta>
							<wp:postmeta>
		<wp:meta_key><![CDATA[num_recuerdos_meta]]></wp:meta_key>
		<wp:meta_value><![CDATA[1]]></wp:meta_value>
		</wp:postmeta>
							</item>
					<item>
		<title><![CDATA[JosÃ© Luis Terrones Castillo]]></title>
		<link>http://localhost/sass-wp/obituario/jose-luis-terrones-castillo/</link>
		<pubDate>Sat, 27 Mar 2021 01:42:55 +0000</pubDate>
		<dc:creator><![CDATA[webmaster]]></dc:creator>
		<guid isPermaLink="false">http://valparaiso.com.mx/?post_type=valpa_obituario_pt&#038;p=17579</guid>
		<description></description>
		<content:encoded><![CDATA[âDios nos dio memoria, para nunca olvidar a quien amamosâ]]></content:encoded>
		<excerpt:encoded><![CDATA[]]></excerpt:encoded>
		<wp:post_id>17579</wp:post_id>
		<wp:post_date><![CDATA[2021-03-27 01:42:55]]></wp:post_date>
		<wp:post_date_gmt><![CDATA[2021-03-27 01:42:55]]></wp:post_date_gmt>
		<wp:post_modified><![CDATA[2021-03-27 01:42:55]]></wp:post_modified>
		<wp:post_modified_gmt><![CDATA[2021-03-27 01:42:55]]></wp:post_modified_gmt>
		<wp:comment_status><![CDATA[open]]></wp:comment_status>
		<wp:ping_status><![CDATA[closed]]></wp:ping_status>
		<wp:post_name><![CDATA[jose-luis-terrones-castillo]]></wp:post_name>
		<wp:status><![CDATA[private]]></wp:status>
		<wp:post_parent>0</wp:post_parent>
		<wp:menu_order>0</wp:menu_order>
		<wp:post_type><![CDATA[valpa_obituario_pt]]></wp:post_type>
		<wp:post_password><![CDATA[]]></wp:post_password>
		<wp:is_sticky>0</wp:is_sticky>
														<wp:postmeta>
		<wp:meta_key><![CDATA[_edit_last]]></wp:meta_key>
		<wp:meta_value><![CDATA[1]]></wp:meta_value>
		</wp:postmeta>
							<wp:postmeta>
		<wp:meta_key><![CDATA[_thumbnail_id]]></wp:meta_key>
		<wp:meta_value><![CDATA[17601]]></wp:meta_value>
		</wp:postmeta>
							<wp:postmeta>
		<wp:meta_key><![CDATA[sucursal_relacionada_meta]]></wp:meta_key>
		<wp:meta_value><![CDATA[a:1:{i:0;s:2:"22";}]]></wp:meta_value>
		</wp:postmeta>
							<wp:postmeta>
		<wp:meta_key><![CDATA[valpa_no_homenaje_meta]]></wp:meta_key>
		<wp:meta_value><![CDATA[0020001216]]></wp:meta_value>
		</wp:postmeta>
							<wp:postmeta>
		<wp:meta_key><![CDATA[servicio_relacionado_meta]]></wp:meta_key>
		<wp:meta_value><![CDATA[a:1:{i:0;s:8:"Sucursal";}]]></wp:meta_value>
		</wp:postmeta>
							<wp:postmeta>
		<wp:meta_key><![CDATA[valpa_nacimiento_dia_meta]]></wp:meta_key>
		<wp:meta_value><![CDATA[12]]></wp:meta_value>
		</wp:postmeta>
							<wp:postmeta>
		<wp:meta_key><![CDATA[valpa_nacimiento_mes_meta]]></wp:meta_key>
		<wp:meta_value><![CDATA[06]]></wp:meta_value>
		</wp:postmeta>
							<wp:postmeta>
		<wp:meta_key><![CDATA[valpa_nacimiento_ano_meta]]></wp:meta_key>
		<wp:meta_value><![CDATA[1989]]></wp:meta_value>
		</wp:postmeta>
							<wp:postmeta>
		<wp:meta_key><![CDATA[post_views_count]]></wp:meta_key>
		<wp:meta_value><![CDATA[774]]></wp:meta_value>
		</wp:postmeta>
							<wp:postmeta>
		<wp:meta_key><![CDATA[num_velas_meta]]></wp:meta_key>
		<wp:meta_value><![CDATA[35]]></wp:meta_value>
		</wp:postmeta>
							<wp:postmeta>
		<wp:meta_key><![CDATA[num_recuerdos_meta]]></wp:meta_key>
		<wp:meta_value><![CDATA[14]]></wp:meta_value>
		</wp:postmeta>
							</item>
					<item>
		<title><![CDATA[Test alberto test morales test medina]]></title>
		<link>http://localhost/sass-wp/test-alberto-test-morales-test-medina/</link>
		<pubDate>Mon, 06 Sep 2021 16:23:27 +0000</pubDate>
		<dc:creator><![CDATA[]]></dc:creator>
		<guid isPermaLink="false">https://localhost/sass-wp/test-alberto-test-morales-test-medina/</guid>
		<description></description>
		<content:encoded><![CDATA[<strong>Contacto Valparaiso<br></strong> <br><strong>puesto.- </strong> 152. <br><strong>sucursal.- </strong> Toluca Nezahualcoyotl. <br><strong>documento-1.- </strong> CURP. <br><strong>documento-2.- </strong> RFC. <br><strong>documento-3.- </strong> Numero de Seguridad Social. <br><strong>documento-4.- </strong> Copia de Comprobante de Domicilio. <br><strong>documento-5.- </strong> Copia Acta Nacimiento. <br><strong>documento-6.- </strong> Copia de IFE. <br><strong>documento-7.- </strong> Cartas Laborales. <br><strong>documento-8.- </strong> Licencia Vigente. <br><strong>documento-9.- </strong> Copia de Comprobante de Estudios. <br><strong>Nombre.- </strong> Test alberto. <br><strong>ApellidoPaterno.- </strong> test morales. <br><strong>ApellidoMaterno.- </strong> test medina. <br><strong>Edad.- </strong> 32. <br><strong>CURP.- </strong> MSADFJKLHÃLDFJRCLS09. <br><strong>NSS.- </strong> 456546576. <br><strong>Direccion.- </strong> Av. Morelos No. 64, C.P. 06600, Cuauhtemoc, CDMX, Col: Juarez. <br><strong>Ciudad.- </strong> CDMX. <br><strong>Colonia.- </strong> centro. <br><strong>CP.- </strong> 06600. <br><strong>E-mail.- </strong> webmaster@corporativosalgar.com. <br><strong>celular.- </strong> 72210101010. <br><strong>telefono.- </strong> 1321321321. <br><strong>Referencia1.- </strong> test antony. <br><strong>Referencia1empresa.- </strong> antony's. <br><strong>Referencia1telefono.- </strong> 798798798798. <br><strong>Referencia2.- </strong> test driana. <br><strong>Referencia2empresa.- </strong> driany's. <br><strong>Referencia2telefono.- </strong> 465465465465. <br><strong>Referencia3.- </strong> test equals. <br><strong>Referencia3empresa.- </strong> equil's. <br><strong>Referencia3telefono.- </strong> 132132132132. <br><strong>Â¿Vives en Toluca?.- </strong> si. <br><strong>Â¿Has trabajado en Funeraria?.- </strong> Si. <br><strong>Â¿Conoces el ramo funerario?.- </strong> si. <br><strong>Â¿Sueldo mensual deseado?.- </strong> $46,132. <br><strong>Estado civil.- </strong>  Casado . <br><strong>Escolaridad.- </strong>  Licenciatura o Ingenieria. <br><strong>Â¿Tienes experiencia en la vacante?.- </strong> Si. <br><strong>Â¿CuÃ¡nto tiempo de experiencia tiene en relaciones pÃºblicas?.- </strong> Sin informaciÃ³n. <br><strong>Â¿CuÃ¡ntos aÃ±os de experiencia tiene en mantenimiento de equipo?.- </strong> Sin informaciÃ³n. <br><strong>Â¿CuÃ¡ntos aÃ±os tiene de experiencia en el manejo de personal?.- </strong> Sin informaciÃ³n. <br><strong>Â¿CuÃ¡ntos aÃ±os tiene de experiencia como Herrero?.- </strong> Sin informaciÃ³n. <br><strong>Â¿Tiene experiencia en manejo de redes sociales?.- </strong> Sin informaciÃ³n. <br><strong>Â¿CuÃ¡ntos aÃ±os tienes de experiencia en diseÃ±o Grafico?.- </strong> Sin informaciÃ³n. <br><strong>Â¿CuÃ¡nto tiempo lleva programando?.- </strong> Sin informaciÃ³n. <br><strong>Â¿CuÃ¡ntos aÃ±os tiene de experiencia en logÃ­stica de distribuciÃ³n?.- </strong> Sin informaciÃ³n. <br><strong>Â¿Tiene una cartera de clientes o sabrÃ­a como aperturar una?.- </strong> Sin informaciÃ³n. <br><strong>Â¿CuÃ¡l es su Ã¡rea de experiencia?.- </strong> Sin informaciÃ³n. <br><strong>Â¿Tienes de experiencia en manejo de Corel Draw y  paqueterÃ­a Adobe (Photoshop, Ilustrator, etc.)?.- </strong> Sin informaciÃ³n. <br><strong>Â¿Se considera una persona influencer?.- </strong> Sin informaciÃ³n. <br><strong>Â¿CuÃ¡ntos aÃ±os tiene de experiencia en el Ã¡rea de limpieza?.- </strong> Sin informaciÃ³n. <br><strong>Â¿Tienes experiencia en manejo de After efect?.- </strong> Sin informaciÃ³n. <br><strong>Â¿CÃ³mo se considera con el trato de las personas?.- </strong> Sin informaciÃ³n. <br><strong>Â¿Entiende lo que es una Estructura de codificaciÃ³n?.- </strong> Sin informaciÃ³n. <br><strong>Â¿CuÃ¡les sistemas tipo ERP ha manejado?.- </strong> Sin informaciÃ³n. <br><strong>Â¿QuÃ© mÃ©todos conoce para el manejo de inventarios?.- </strong> Sin informaciÃ³n. <br><strong>Nombre de la empresa del Ãºltimo empleo.- </strong> VitaRenal. <br><strong>Periodo que prestÃ³ sus servicios.- </strong> 15 meses. <br><strong>Puesto desempeÃ±ado.- </strong> analista sr. <br><strong>Actividades que realizo.- </strong> Actividades qLorem Ipsum is simply dummy text of the printing and typesetting industry. Lorem Ipsum has been the industry's standard dummy text ever since the 1500s, when an unknown printer took a galley of type and scrambled it to make a type specimen book. It has survived not only five centuries, but also the leap into electronic typesetting, remaining essentially unchanged. It was popularised in the 1960s with the release of Letraset sheets containing Lorem Ipsum passages, and more recently with desktop publishing software like Aldus PageMaker including versions of Lorem Ipsum.ue realizo. <br><strong>Motivo de separaciÃ³n.- </strong> Motivo de separaciÃ³nLorem Ipsum is simply dummy text of the printing and typesetting industry. Lorem Ipsum has been the industry's standard dummy text ever since the 1500s, when an unknown printer took a galley of type and scrambled it to make a type specimen book. It has survived not only five centuries, but also the leap into electronic typesetting, remaining essentially unchanged. It was popularised in the 1960s with the release of Letraset sheets containing Lorem Ipsum passages, and more recently with desktop publishing software like Aldus PageMaker including versions of Lorem Ipsum.. <br><strong>Â¿Porque medio se entero de la vacante?.- </strong> Computrabajo. <br><strong>Â¿Como considera su estado de salud actual?.- </strong> Bueno. <br><strong>Â¿Padece alguna enfermedad Cronica?.- </strong> No. <br><strong>Explique sus enfermedas crÃ³nicas.- </strong> Explique sus enfermedas crÃ³nicas. <br><strong>Â¿Puede viajar?.- </strong> pregunta-Si. <br><strong>Â¿Esta dispuesto a cambiar de Residencia?.- </strong> Si. <br><strong>Â¿CuÃ¡ntos aÃ±os tiene de experiencia como reclutador?.- </strong> Sin informaciÃ³n. <br><strong>Â¿Ha efectuado reclutamiento 2.0 y 3.0?.- </strong> Sin informaciÃ³n. <br><strong>Â¿Ha llevado el control de archivo de algÃºn Ã¡rea administrativa?.- </strong> Â¿Ha llevado el control de archivo de algÃºn Ã¡rea administrativa?. <br>]]></content:encoded>
		<excerpt:encoded><![CDATA[]]></excerpt:encoded>
		<wp:post_id>22774</wp:post_id>
		<wp:post_date><![CDATA[2021-09-06 16:23:27]]></wp:post_date>
		<wp:post_date_gmt><![CDATA[2021-09-06 16:23:27]]></wp:post_date_gmt>
		<wp:post_modified><![CDATA[2021-09-06 16:23:27]]></wp:post_modified>
		<wp:post_modified_gmt><![CDATA[2021-09-06 16:23:27]]></wp:post_modified_gmt>
		<wp:comment_status><![CDATA[open]]></wp:comment_status>
		<wp:ping_status><![CDATA[open]]></wp:ping_status>
		<wp:post_name><![CDATA[test-alberto-test-morales-test-medina]]></wp:post_name>
		<wp:status><![CDATA[publish]]></wp:status>
		<wp:post_parent>0</wp:post_parent>
		<wp:menu_order>0</wp:menu_order>
		<wp:post_type><![CDATA[post]]></wp:post_type>
		<wp:post_password><![CDATA[]]></wp:post_password>
		<wp:is_sticky>0</wp:is_sticky>
										<category domain="post_tag" nicename="auxiliar-tecnico-preservador-embalsamador"><![CDATA[Auxiliar tÃ©cnico preservador (Embalsamador)]]></category>
		<category domain="category" nicename="en_revision"><![CDATA[En revisiÃ³n]]></category>
						<wp:postmeta>
		<wp:meta_key><![CDATA[folio_global_meta]]></wp:meta_key>
		<wp:meta_value><![CDATA[10]]></wp:meta_value>
		</wp:postmeta>
							<wp:postmeta>
		<wp:meta_key><![CDATA[valpa_telefono_solicitante_meta]]></wp:meta_key>
		<wp:meta_value><![CDATA[1321321321]]></wp:meta_value>
		</wp:postmeta>
							<wp:postmeta>
		<wp:meta_key><![CDATA[valpa_celular_solicitante_meta]]></wp:meta_key>
		<wp:meta_value><![CDATA[72210101010]]></wp:meta_value>
		</wp:postmeta>
							<wp:postmeta>
		<wp:meta_key><![CDATA[valpa_mail_solicitante_meta]]></wp:meta_key>
		<wp:meta_value><![CDATA[webmaster@corporativosalgar.com]]></wp:meta_value>
		</wp:postmeta>
							<wp:postmeta>
		<wp:meta_key><![CDATA[valpa_alias_solicitante_meta]]></wp:meta_key>
		<wp:meta_value><![CDATA[Test alberto]]></wp:meta_value>
		</wp:postmeta>
							<wp:postmeta>
		<wp:meta_key><![CDATA[puesto_relacionado_meta]]></wp:meta_key>
		<wp:meta_value><![CDATA[Auxiliar tÃ©cnico preservador (Embalsamador)]]></wp:meta_value>
		</wp:postmeta>
							<wp:postmeta>
		<wp:meta_key><![CDATA[sucursal_relacionada_meta]]></wp:meta_key>
		<wp:meta_value><![CDATA[Toluca Nezahualcoyotl]]></wp:meta_value>
		</wp:postmeta>
							<wp:postmeta>
		<wp:meta_key><![CDATA[solicitud_codigo_meta]]></wp:meta_key>
		<wp:meta_value><![CDATA[d39e899b01]]></wp:meta_value>
		</wp:postmeta>
							</item>
					<item>
		<title><![CDATA[]]></title>
		<link>http://localhost/sass-wp/22775-2/</link>
		<pubDate>Mon, 06 Sep 2021 16:31:50 +0000</pubDate>
		<dc:creator><![CDATA[]]></dc:creator>
		<guid isPermaLink="false">https://localhost/sass-wp/22775-2/</guid>
		<description></description>
		<content:encoded><![CDATA[<strong>Contacto Proxima<br></strong> <br><strong>puesto.- </strong> 19330. <br><strong>Â¿Vives en Toluca?.- </strong> si. <br><strong>Â¿Has trabajado en Funeraria?.- </strong> No. <br><strong>Â¿Conoces el ramo funerario?.- </strong> si. <br><strong>Â¿Sueldo mensual deseado?.- </strong> Sin informaciÃ³n. <br><strong>Estado civil.- </strong> Soltero. <br><strong>Escolaridad.- </strong> Primaria. <br><strong>Â¿Tienes experiencia en la vacante?.- </strong> Si. <br><strong>Â¿CuÃ¡nto tiempo de experiencia tiene en relaciones pÃºblicas?.- </strong> Sin informaciÃ³n. <br><strong>Â¿CuÃ¡ntos aÃ±os de experiencia tiene en mantenimiento de equipo?.- </strong> Sin informaciÃ³n. <br><strong>Â¿CuÃ¡ntos aÃ±os tiene de experiencia en el manejo de personal?.- </strong> Sin informaciÃ³n. <br><strong>Â¿CuÃ¡ntos aÃ±os tiene de experiencia como Herrero?.- </strong> Sin informaciÃ³n. <br><strong>Â¿Tiene experiencia en manejo de redes sociales?.- </strong> Sin informaciÃ³n. <br><strong>Â¿CuÃ¡ntos aÃ±os tienes de experiencia en diseÃ±o Grafico?.- </strong> Sin informaciÃ³n. <br><strong>Â¿CuÃ¡nto tiempo lleva programando?.- </strong> Sin informaciÃ³n. <br><strong>Â¿CuÃ¡ntos aÃ±os tiene de experiencia en logÃ­stica de distribuciÃ³n?.- </strong> Sin informaciÃ³n. <br><strong>Â¿Tiene una cartera de clientes o sabrÃ­a como aperturar una?.- </strong> Sin informaciÃ³n. <br><strong>Â¿CuÃ¡l es su Ã¡rea de experiencia?.- </strong> Sin informaciÃ³n. <br><strong>Â¿Tienes de experiencia en manejo de Corel Draw y  paqueterÃ­a Adobe (Photoshop, Ilustrator, etc.)?.- </strong> Sin informaciÃ³n. <br><strong>Â¿Se considera una persona influencer?.- </strong> Sin informaciÃ³n. <br><strong>Â¿CuÃ¡ntos aÃ±os tiene de experiencia en el Ã¡rea de limpieza?.- </strong> Sin informaciÃ³n. <br><strong>Â¿Tienes experiencia en manejo de After efect?.- </strong> Sin informaciÃ³n. <br><strong>Â¿CÃ³mo se considera con el trato de las personas?.- </strong> Sin informaciÃ³n. <br><strong>Â¿Entiende lo que es una Estructura de codificaciÃ³n?.- </strong> Sin informaciÃ³n. <br><strong>Â¿CuÃ¡les sistemas tipo ERP ha manejado?.- </strong> Sin informaciÃ³n. <br><strong>Â¿QuÃ© mÃ©todos conoce para el manejo de inventarios?.- </strong> Sin informaciÃ³n. <br><strong>Nombre de la empresa del Ãºltimo empleo.- </strong> macarrony. <br><strong>Periodo que prestÃ³ sus servicios.- </strong> 8m. <br><strong>Puesto desempeÃ±ado.- </strong> laboratorista. <br><strong>Actividades que realizo.- </strong> Actividades que realizoLorem Ipsum is simply dummy text of the printing and typesetting industry. Lorem Ipsum has been the industry's standard dummy text ever since the 1500s, when an unknown printer took a galley of type and scrambled it to make a type specimen book. It has survived not only five centuries, but also the leap into electronic typesetting, remaining essentially unchanged. It was popularised in the 1960s with the release of Letraset sheets containing Lorem Ipsum passages, and more recently with desktop publishing software like Aldus PageMaker including versions of Lorem Ipsum.. <br><strong>Motivo de separaciÃ³n.- </strong> Motivo de separaciÃ³nLorem Ipsum is simply dummy text of the printing and typesetting industry. Lorem Ipsum has been the industry's standard dummy text ever since the 1500s, when an unknown printer took a galley of type and scrambled it to make a type specimen book. It has survived not only five centuries, but also the leap into electronic typesetting, remaining essentially unchanged. It was popularised in the 1960s with the release of Letraset sheets containing Lorem Ipsum passages, and more recently with desktop publishing software like Aldus PageMaker including versions of Lorem Ipsum.. <br><strong>Â¿Porque medio se entero de la vacante?.- </strong> Facebook. <br><strong>Â¿Como considera su estado de salud actual?.- </strong> Bueno. <br><strong>Â¿Padece alguna enfermedad Cronica?.- </strong>  Si . <br><strong>Explique sus enfermedas crÃ³nicas.- </strong> Explique sus enfermedas crÃ³nicasLorem Ipsum is simply dummy text of the printing and typesetting industry. Lorem Ipsum has been the industry's standard dummy text ever since the 1500s, when an unknown printer took a galley of type and scrambled it to make a type specimen book. It has survived not only five centuries, but also the leap into electronic typesetting, remaining essentially unchanged. It was popularised in the 1960s with the release of Letraset sheets containing Lorem Ipsum passages, and more recently with desktop publishing software like Aldus PageMaker including versions of Lorem Ipsum.. <br><strong>Â¿Puede viajar?.- </strong> pregunta-Si. <br><strong>Â¿Esta dispuesto a cambiar de Residencia?.- </strong> Si. <br><strong>Â¿CuÃ¡ntos aÃ±os tiene de experiencia como reclutador?.- </strong> Sin informaciÃ³n. <br><strong>Â¿Ha efectuado reclutamiento 2.0 y 3.0?.- </strong> Sin informaciÃ³n. <br><strong>Â¿Ha llevado el control de archivo de algÃºn Ã¡rea administrativa?.- </strong> Â¿Ha llevado el control de archivo de algÃºn Ã¡rea administrativa?. <br>]]></content:encoded>
		<excerpt:encoded><![CDATA[]]></excerpt:encoded>
		<wp:post_id>22775</wp:post_id>
		<wp:post_date><![CDATA[2021-09-06 16:31:50]]></wp:post_date>
		<wp:post_date_gmt><![CDATA[2021-09-06 16:31:50]]></wp:post_date_gmt>
		<wp:post_modified><![CDATA[2021-09-06 16:31:50]]></wp:post_modified>
		<wp:post_modified_gmt><![CDATA[2021-09-06 16:31:50]]></wp:post_modified_gmt>
		<wp:comment_status><![CDATA[open]]></wp:comment_status>
		<wp:ping_status><![CDATA[open]]></wp:ping_status>
		<wp:post_name><![CDATA[22775-2]]></wp:post_name>
		<wp:status><![CDATA[publish]]></wp:status>
		<wp:post_parent>0</wp:post_parent>
		<wp:menu_order>0</wp:menu_order>
		<wp:post_type><![CDATA[post]]></wp:post_type>
		<wp:post_password><![CDATA[]]></wp:post_password>
		<wp:is_sticky>0</wp:is_sticky>
										<category domain="category" nicename="en_revision"><![CDATA[En revisiÃ³n]]></category>
		<category domain="post_tag" nicename="monitorista"><![CDATA[Monitorista]]></category>
						<wp:postmeta>
		<wp:meta_key><![CDATA[folio_global_meta]]></wp:meta_key>
		<wp:meta_value><![CDATA[11]]></wp:meta_value>
		</wp:postmeta>
							<wp:postmeta>
		<wp:meta_key><![CDATA[valpa_telefono_solicitante_meta]]></wp:meta_key>
		<wp:meta_value><![CDATA[]]></wp:meta_value>
		</wp:postmeta>
							<wp:postmeta>
		<wp:meta_key><![CDATA[valpa_celular_solicitante_meta]]></wp:meta_key>
		<wp:meta_value><![CDATA[]]></wp:meta_value>
		</wp:postmeta>
							<wp:postmeta>
		<wp:meta_key><![CDATA[valpa_mail_solicitante_meta]]></wp:meta_key>
		<wp:meta_value><![CDATA[]]></wp:meta_value>
		</wp:postmeta>
							<wp:postmeta>
		<wp:meta_key><![CDATA[valpa_alias_solicitante_meta]]></wp:meta_key>
		<wp:meta_value><![CDATA[]]></wp:meta_value>
		</wp:postmeta>
							<wp:postmeta>
		<wp:meta_key><![CDATA[puesto_relacionado_meta]]></wp:meta_key>
		<wp:meta_value><![CDATA[Monitorista]]></wp:meta_value>
		</wp:postmeta>
							<wp:postmeta>
		<wp:meta_key><![CDATA[sucursal_relacionada_meta]]></wp:meta_key>
		<wp:meta_value><![CDATA[]]></wp:meta_value>
		</wp:postmeta>
							<wp:postmeta>
		<wp:meta_key><![CDATA[solicitud_codigo_meta]]></wp:meta_key>
		<wp:meta_value><![CDATA[d39e899b01]]></wp:meta_value>
		</wp:postmeta>
							</item>
					<item>
		<title><![CDATA[]]></title>
		<link>http://localhost/sass-wp/22844-2/</link>
		<pubDate>Wed, 22 Sep 2021 21:42:54 +0000</pubDate>
		<dc:creator><![CDATA[webmaster]]></dc:creator>
		<guid isPermaLink="false">http://localhost/sass-wp/22844-2/</guid>
		<description></description>
		<content:encoded><![CDATA[<strong>Contacto Proxima<br></strong> <br><strong>puesto.- </strong> 19330. <br><strong>Â¿Sueldo mensual deseado?.- </strong> Sin informaciÃ³n. <br><strong>Â¿CuÃ¡nto tiempo de experiencia tiene en relaciones pÃºblicas?.- </strong> Sin informaciÃ³n. <br><strong>Â¿CuÃ¡ntos aÃ±os de experiencia tiene en mantenimiento de equipo?.- </strong> Sin informaciÃ³n. <br><strong>Â¿CuÃ¡ntos aÃ±os tiene de experiencia en el manejo de personal?.- </strong> Sin informaciÃ³n. <br><strong>Â¿CuÃ¡ntos aÃ±os tiene de experiencia como Herrero?.- </strong> Sin informaciÃ³n. <br><strong>Â¿Tiene experiencia en manejo de redes sociales?.- </strong> Sin informaciÃ³n. <br><strong>Â¿CuÃ¡ntos aÃ±os tienes de experiencia en diseÃ±o Grafico?.- </strong> Sin informaciÃ³n. <br><strong>Â¿CuÃ¡nto tiempo lleva programando?.- </strong> Sin informaciÃ³n. <br><strong>Â¿CuÃ¡ntos aÃ±os tiene de experiencia en logÃ­stica de distribuciÃ³n?.- </strong> Sin informaciÃ³n. <br><strong>Â¿Tiene una cartera de clientes o sabrÃ­a como aperturar una?.- </strong> Sin informaciÃ³n. <br><strong>Â¿CuÃ¡l es su Ã¡rea de experiencia?.- </strong> Sin informaciÃ³n. <br><strong>Â¿Tienes de experiencia en manejo de Corel Draw y  paqueterÃ­a Adobe (Photoshop, Ilustrator, etc.)?.- </strong> Sin informaciÃ³n. <br><strong>Â¿Se considera una persona influencer?.- </strong> Sin informaciÃ³n. <br><strong>Â¿CuÃ¡ntos aÃ±os tiene de experiencia en el Ã¡rea de limpieza?.- </strong> Sin informaciÃ³n. <br><strong>Â¿Tienes experiencia en manejo de After efect?.- </strong> Sin informaciÃ³n. <br><strong>Â¿CÃ³mo se considera con el trato de las personas?.- </strong> Sin informaciÃ³n. <br><strong>Â¿Entiende lo que es una Estructura de codificaciÃ³n?.- </strong> Sin informaciÃ³n. <br><strong>Â¿CuÃ¡les sistemas tipo ERP ha manejado?.- </strong> Sin informaciÃ³n. <br><strong>Â¿QuÃ© mÃ©todos conoce para el manejo de inventarios?.- </strong> Sin informaciÃ³n. <br><strong>Nombre de la empresa del Ãºltimo empleo.- </strong> Sin informaciÃ³n. <br><strong>Periodo que prestÃ³ sus servicios.- </strong> Sin informaciÃ³n. <br><strong>Puesto desempeÃ±ado.- </strong> Sin informaciÃ³n. <br><strong>Actividades que realizo.- </strong> Actividades que realizo. <br><strong>Motivo de separaciÃ³n.- </strong> Motivo de separaciÃ³n. <br><strong>Explique sus enfermedas crÃ³nicas.- </strong> Explique sus enfermedas crÃ³nicas. <br><strong>Â¿CuÃ¡ntos aÃ±os tiene de experiencia como reclutador?.- </strong> Sin informaciÃ³n. <br><strong>Â¿Ha efectuado reclutamiento 2.0 y 3.0?.- </strong> Sin informaciÃ³n. <br><strong>Â¿Ha llevado el control de archivo de algÃºn Ã¡rea administrativa?.- </strong> Â¿Ha llevado el control de archivo de algÃºn Ã¡rea administrativa?. <br>]]></content:encoded>
		<excerpt:encoded><![CDATA[]]></excerpt:encoded>
		<wp:post_id>22844</wp:post_id>
		<wp:post_date><![CDATA[2021-09-22 21:42:54]]></wp:post_date>
		<wp:post_date_gmt><![CDATA[2021-09-22 21:42:54]]></wp:post_date_gmt>
		<wp:post_modified><![CDATA[2021-09-22 21:42:54]]></wp:post_modified>
		<wp:post_modified_gmt><![CDATA[2021-09-22 21:42:54]]></wp:post_modified_gmt>
		<wp:comment_status><![CDATA[open]]></wp:comment_status>
		<wp:ping_status><![CDATA[open]]></wp:ping_status>
		<wp:post_name><![CDATA[22844-2]]></wp:post_name>
		<wp:status><![CDATA[publish]]></wp:status>
		<wp:post_parent>0</wp:post_parent>
		<wp:menu_order>0</wp:menu_order>
		<wp:post_type><![CDATA[post]]></wp:post_type>
		<wp:post_password><![CDATA[]]></wp:post_password>
		<wp:is_sticky>0</wp:is_sticky>
										<category domain="category" nicename="en_revision"><![CDATA[En revisiÃ³n]]></category>
		<category domain="post_tag" nicename="monitorista"><![CDATA[Monitorista]]></category>
						<wp:postmeta>
		<wp:meta_key><![CDATA[folio_global_meta]]></wp:meta_key>
		<wp:meta_value><![CDATA[12]]></wp:meta_value>
		</wp:postmeta>
							<wp:postmeta>
		<wp:meta_key><![CDATA[valpa_telefono_solicitante_meta]]></wp:meta_key>
		<wp:meta_value><![CDATA[]]></wp:meta_value>
		</wp:postmeta>
							<wp:postmeta>
		<wp:meta_key><![CDATA[valpa_celular_solicitante_meta]]></wp:meta_key>
		<wp:meta_value><![CDATA[]]></wp:meta_value>
		</wp:postmeta>
							<wp:postmeta>
		<wp:meta_key><![CDATA[valpa_mail_solicitante_meta]]></wp:meta_key>
		<wp:meta_value><![CDATA[]]></wp:meta_value>
		</wp:postmeta>
							<wp:postmeta>
		<wp:meta_key><![CDATA[valpa_alias_solicitante_meta]]></wp:meta_key>
		<wp:meta_value><![CDATA[]]></wp:meta_value>
		</wp:postmeta>
							<wp:postmeta>
		<wp:meta_key><![CDATA[puesto_relacionado_meta]]></wp:meta_key>
		<wp:meta_value><![CDATA[Monitorista]]></wp:meta_value>
		</wp:postmeta>
							<wp:postmeta>
		<wp:meta_key><![CDATA[sucursal_relacionada_meta]]></wp:meta_key>
		<wp:meta_value><![CDATA[]]></wp:meta_value>
		</wp:postmeta>
							<wp:postmeta>
		<wp:meta_key><![CDATA[solicitud_codigo_meta]]></wp:meta_key>
		<wp:meta_value><![CDATA[502c751a6e]]></wp:meta_value>
		</wp:postmeta>
							</item>
					<item>
		<title><![CDATA[Maria Ramirez Contreras]]></title>
		<link>http://localhost/sass-wp/obituario/maria-ramirez-contreras/</link>
		<pubDate>Tue, 05 Nov 2019 00:00:07 +0000</pubDate>
		<dc:creator><![CDATA[webmaster]]></dc:creator>
		<guid isPermaLink="false">http://valparaiso.com.mx/?post_type=valpa_obituario_pt&#038;p=221</guid>
		<description></description>
		<content:encoded><![CDATA[]]></content:encoded>
		<excerpt:encoded><![CDATA[]]></excerpt:encoded>
		<wp:post_id>221</wp:post_id>
		<wp:post_date><![CDATA[2019-11-05 00:00:07]]></wp:post_date>
		<wp:post_date_gmt><![CDATA[2019-11-05 00:00:07]]></wp:post_date_gmt>
		<wp:post_modified><![CDATA[2019-11-05 00:00:07]]></wp:post_modified>
		<wp:post_modified_gmt><![CDATA[2019-11-05 00:00:07]]></wp:post_modified_gmt>
		<wp:comment_status><![CDATA[open]]></wp:comment_status>
		<wp:ping_status><![CDATA[closed]]></wp:ping_status>
		<wp:post_name><![CDATA[maria-ramirez-contreras]]></wp:post_name>
		<wp:status><![CDATA[publish]]></wp:status>
		<wp:post_parent>0</wp:post_parent>
		<wp:menu_order>0</wp:menu_order>
		<wp:post_type><![CDATA[valpa_obituario_pt]]></wp:post_type>
		<wp:post_password><![CDATA[]]></wp:post_password>
		<wp:is_sticky>0</wp:is_sticky>
														<wp:postmeta>
		<wp:meta_key><![CDATA[_wp_old_date]]></wp:meta_key>
		<wp:meta_value><![CDATA[2020-08-25]]></wp:meta_value>
		</wp:postmeta>
							<wp:postmeta>
		<wp:meta_key><![CDATA[valpa_no_homenaje_meta]]></wp:meta_key>
		<wp:meta_value><![CDATA[0020000002]]></wp:meta_value>
		</wp:postmeta>
							<wp:postmeta>
		<wp:meta_key><![CDATA[valpa_nacimiento_dia_meta]]></wp:meta_key>
		<wp:meta_value><![CDATA[05]]></wp:meta_value>
		</wp:postmeta>
							<wp:postmeta>
		<wp:meta_key><![CDATA[valpa_nacimiento_mes_meta]]></wp:meta_key>
		<wp:meta_value><![CDATA[3]]></wp:meta_value>
		</wp:postmeta>
							<wp:postmeta>
		<wp:meta_key><![CDATA[valpa_nacimiento_ano_meta]]></wp:meta_key>
		<wp:meta_value><![CDATA[2000]]></wp:meta_value>
		</wp:postmeta>
							<wp:postmeta>
		<wp:meta_key><![CDATA[post_views_count]]></wp:meta_key>
		<wp:meta_value><![CDATA[55]]></wp:meta_value>
		</wp:postmeta>
							</item>
					<item>
		<title><![CDATA[Juan Robles Venancio]]></title>
		<link>http://localhost/sass-wp/obituario/juan-robles-venancio/</link>
		<pubDate>Sat, 16 Nov 2019 00:00:07 +0000</pubDate>
		<dc:creator><![CDATA[webmaster]]></dc:creator>
		<guid isPermaLink="false">http://valparaiso.com.mx/?post_type=valpa_obituario_pt&#038;p=223</guid>
		<description></description>
		<content:encoded><![CDATA[]]></content:encoded>
		<excerpt:encoded><![CDATA[]]></excerpt:encoded>
		<wp:post_id>223</wp:post_id>
		<wp:post_date><![CDATA[2019-11-16 00:00:07]]></wp:post_date>
		<wp:post_date_gmt><![CDATA[2019-11-16 00:00:07]]></wp:post_date_gmt>
		<wp:post_modified><![CDATA[2019-11-16 00:00:07]]></wp:post_modified>
		<wp:post_modified_gmt><![CDATA[2019-11-16 00:00:07]]></wp:post_modified_gmt>
		<wp:comment_status><![CDATA[open]]></wp:comment_status>
		<wp:ping_status><![CDATA[closed]]></wp:ping_status>
		<wp:post_name><![CDATA[juan-robles-venancio]]></wp:post_name>
		<wp:status><![CDATA[publish]]></wp:status>
		<wp:post_parent>0</wp:post_parent>
		<wp:menu_order>0</wp:menu_order>
		<wp:post_type><![CDATA[valpa_obituario_pt]]></wp:post_type>
		<wp:post_password><![CDATA[]]></wp:post_password>
		<wp:is_sticky>0</wp:is_sticky>
														<wp:postmeta>
		<wp:meta_key><![CDATA[_wp_old_date]]></wp:meta_key>
		<wp:meta_value><![CDATA[2020-08-25]]></wp:meta_value>
		</wp:postmeta>
							<wp:postmeta>
		<wp:meta_key><![CDATA[valpa_no_homenaje_meta]]></wp:meta_key>
		<wp:meta_value><![CDATA[0020000003]]></wp:meta_value>
		</wp:postmeta>
							<wp:postmeta>
		<wp:meta_key><![CDATA[valpa_nacimiento_dia_meta]]></wp:meta_key>
		<wp:meta_value><![CDATA[22]]></wp:meta_value>
		</wp:postmeta>
							<wp:postmeta>
		<wp:meta_key><![CDATA[valpa_nacimiento_mes_meta]]></wp:meta_key>
		<wp:meta_value><![CDATA[10]]></wp:meta_value>
		</wp:postmeta>
							<wp:postmeta>
		<wp:meta_key><![CDATA[valpa_nacimiento_ano_meta]]></wp:meta_key>
		<wp:meta_value><![CDATA[1973]]></wp:meta_value>
		</wp:postmeta>
							<wp:postmeta>
		<wp:meta_key><![CDATA[post_views_count]]></wp:meta_key>
		<wp:meta_value><![CDATA[73]]></wp:meta_value>
		</wp:postmeta>
							</item>
					<item>
		<title><![CDATA[Pablo Juan Perez Mondragon]]></title>
		<link>http://localhost/sass-wp/obituario/pablo-juan-perez-mondragon/</link>
		<pubDate>Mon, 18 Nov 2019 00:00:23 +0000</pubDate>
		<dc:creator><![CDATA[webmaster]]></dc:creator>
		<guid isPermaLink="false">http://valparaiso.com.mx/?post_type=valpa_obituario_pt&#038;p=224</guid>
		<description></description>
		<content:encoded><![CDATA[<img class="alignnone size-full wp-image-3199" src="http://valparaiso.com.mx/wp-content/uploads/2019/11/WhatsApp-Image-2019-11-17-at-10.34.15-PM.jpeg" alt="" width="1280" height="909" /> <img class="alignnone size-medium wp-image-3200" src="http://valparaiso.com.mx/wp-content/uploads/2019/11/WhatsApp-Image-2019-11-17-at-10.34.16-PM.jpeg" alt="" width="300" height="225" /> <img class="alignnone size-medium wp-image-3201" src="http://valparaiso.com.mx/wp-content/uploads/2019/11/WhatsApp-Image-2019-11-17-at-10.34.44-PM.jpeg" alt="" width="225" height="300" /> <img class="alignnone size-medium wp-image-3202" src="http://valparaiso.com.mx/wp-content/uploads/2019/11/WhatsApp-Image-2019-11-17-at-10.35.02-PM-1.jpeg" alt="" width="300" height="225" /> <img class="alignnone size-medium wp-image-3203" src="http://valparaiso.com.mx/wp-content/uploads/2019/11/WhatsApp-Image-2019-11-17-at-10.35.02-PM.jpeg" alt="" width="300" height="225" /> <img class="alignnone size-medium wp-image-3204" src="http://valparaiso.com.mx/wp-content/uploads/2019/11/WhatsApp-Image-2019-11-17-at-10.34.17-PM-2.jpeg" alt="" width="300" height="222" /> <img class="alignnone size-medium wp-image-3205" src="http://valparaiso.com.mx/wp-content/uploads/2019/11/WhatsApp-Image-2019-11-17-at-10.34.17-PM-3.jpeg" alt="" width="300" height="212" /> <img class="alignnone size-medium wp-image-3206" src="http://valparaiso.com.mx/wp-content/uploads/2019/11/WhatsApp-Image-2019-11-17-at-10.34.19-PM.jpeg" alt="" width="300" height="300" /> <img class="alignnone size-medium wp-image-3207" src="http://valparaiso.com.mx/wp-content/uploads/2019/11/WhatsApp-Image-2019-11-17-at-10.34.43-PM.jpeg" alt="" width="300" height="225" />]]></content:encoded>
		<excerpt:encoded><![CDATA[]]></excerpt:encoded>
		<wp:post_id>224</wp:post_id>
		<wp:post_date><![CDATA[2019-11-18 00:00:23]]></wp:post_date>
		<wp:post_date_gmt><![CDATA[2019-11-18 00:00:23]]></wp:post_date_gmt>
		<wp:post_modified><![CDATA[2019-11-18 00:00:23]]></wp:post_modified>
		<wp:post_modified_gmt><![CDATA[2019-11-18 00:00:23]]></wp:post_modified_gmt>
		<wp:comment_status><![CDATA[open]]></wp:comment_status>
		<wp:ping_status><![CDATA[closed]]></wp:ping_status>
		<wp:post_name><![CDATA[pablo-juan-perez-mondragon]]></wp:post_name>
		<wp:status><![CDATA[publish]]></wp:status>
		<wp:post_parent>0</wp:post_parent>
		<wp:menu_order>0</wp:menu_order>
		<wp:post_type><![CDATA[valpa_obituario_pt]]></wp:post_type>
		<wp:post_password><![CDATA[]]></wp:post_password>
		<wp:is_sticky>0</wp:is_sticky>
														<wp:postmeta>
		<wp:meta_key><![CDATA[_wp_old_date]]></wp:meta_key>
		<wp:meta_value><![CDATA[2020-08-25]]></wp:meta_value>
		</wp:postmeta>
							<wp:postmeta>
		<wp:meta_key><![CDATA[valpa_no_homenaje_meta]]></wp:meta_key>
		<wp:meta_value><![CDATA[0020000004]]></wp:meta_value>
		</wp:postmeta>
							<wp:postmeta>
		<wp:meta_key><![CDATA[valpa_nacimiento_dia_meta]]></wp:meta_key>
		<wp:meta_value><![CDATA[26]]></wp:meta_value>
		</wp:postmeta>
							<wp:postmeta>
		<wp:meta_key><![CDATA[valpa_nacimiento_mes_meta]]></wp:meta_key>
		<wp:meta_value><![CDATA[6]]></wp:meta_value>
		</wp:postmeta>
							<wp:postmeta>
		<wp:meta_key><![CDATA[valpa_nacimiento_ano_meta]]></wp:meta_key>
		<wp:meta_value><![CDATA[1938]]></wp:meta_value>
		</wp:postmeta>
							<wp:postmeta>
		<wp:meta_key><![CDATA[post_views_count]]></wp:meta_key>
		<wp:meta_value><![CDATA[48]]></wp:meta_value>
		</wp:postmeta>
							</item>
					<item>
		<title><![CDATA[Rosenda Luciano Florencio]]></title>
		<link>http://localhost/sass-wp/obituario/rosenda-luciano-florencio/</link>
		<pubDate>Tue, 19 Nov 2019 00:00:32 +0000</pubDate>
		<dc:creator><![CDATA[webmaster]]></dc:creator>
		<guid isPermaLink="false">http://valparaiso.com.mx/?post_type=valpa_obituario_pt&#038;p=225</guid>
		<description></description>
		<content:encoded><![CDATA[]]></content:encoded>
		<excerpt:encoded><![CDATA[]]></excerpt:encoded>
		<wp:post_id>225</wp:post_id>
		<wp:post_date><![CDATA[2019-11-19 00:00:32]]></wp:post_date>
		<wp:post_date_gmt><![CDATA[2019-11-19 00:00:32]]></wp:post_date_gmt>
		<wp:post_modified><![CDATA[2019-11-19 00:00:32]]></wp:post_modified>
		<wp:post_modified_gmt><![CDATA[2019-11-19 00:00:32]]></wp:post_modified_gmt>
		<wp:comment_status><![CDATA[open]]></wp:comment_status>
		<wp:ping_status><![CDATA[closed]]></wp:ping_status>
		<wp:post_name><![CDATA[rosenda-luciano-florencio]]></wp:post_name>
		<wp:status><![CDATA[publish]]></wp:status>
		<wp:post_parent>0</wp:post_parent>
		<wp:menu_order>0</wp:menu_order>
		<wp:post_type><![CDATA[valpa_obituario_pt]]></wp:post_type>
		<wp:post_password><![CDATA[]]></wp:post_password>
		<wp:is_sticky>0</wp:is_sticky>
														<wp:postmeta>
		<wp:meta_key><![CDATA[_wp_old_date]]></wp:meta_key>
		<wp:meta_value><![CDATA[2020-08-25]]></wp:meta_value>
		</wp:postmeta>
							<wp:postmeta>
		<wp:meta_key><![CDATA[valpa_no_homenaje_meta]]></wp:meta_key>
		<wp:meta_value><![CDATA[0020000005]]></wp:meta_value>
		</wp:postmeta>
							<wp:postmeta>
		<wp:meta_key><![CDATA[valpa_nacimiento_dia_meta]]></wp:meta_key>
		<wp:meta_value><![CDATA[04]]></wp:meta_value>
		</wp:postmeta>
							<wp:postmeta>
		<wp:meta_key><![CDATA[valpa_nacimiento_mes_meta]]></wp:meta_key>
		<wp:meta_value><![CDATA[3]]></wp:meta_value>
		</wp:postmeta>
							<wp:postmeta>
		<wp:meta_key><![CDATA[valpa_nacimiento_ano_meta]]></wp:meta_key>
		<wp:meta_value><![CDATA[1990]]></wp:meta_value>
		</wp:postmeta>
							<wp:postmeta>
		<wp:meta_key><![CDATA[post_views_count]]></wp:meta_key>
		<wp:meta_value><![CDATA[73]]></wp:meta_value>
		</wp:postmeta>
							</item>
					<item>
		<title><![CDATA[Beatriz Mendoza Gutierrez]]></title>
		<link>http://localhost/sass-wp/obituario/beatriz-mendoza-gutierrez/</link>
		<pubDate>Wed, 20 Nov 2019 00:00:48 +0000</pubDate>
		<dc:creator><![CDATA[webmaster]]></dc:creator>
		<guid isPermaLink="false">http://valparaiso.com.mx/?post_type=valpa_obituario_pt&#038;p=226</guid>
		<description></description>
		<content:encoded><![CDATA[]]></content:encoded>
		<excerpt:encoded><![CDATA[]]></excerpt:encoded>
		<wp:post_id>226</wp:post_id>
		<wp:post_date><![CDATA[2019-11-20 00:00:48]]></wp:post_date>
		<wp:post_date_gmt><![CDATA[2019-11-20 00:00:48]]></wp:post_date_gmt>
		<wp:post_modified><![CDATA[2019-11-20 00:00:48]]></wp:post_modified>
		<wp:post_modified_gmt><![CDATA[2019-11-20 00:00:48]]></wp:post_modified_gmt>
		<wp:comment_status><![CDATA[open]]></wp:comment_status>
		<wp:ping_status><![CDATA[closed]]></wp:ping_status>
		<wp:post_name><![CDATA[beatriz-mendoza-gutierrez]]></wp:post_name>
		<wp:status><![CDATA[publish]]></wp:status>
		<wp:post_parent>0</wp:post_parent>
		<wp:menu_order>0</wp:menu_order>
		<wp:post_type><![CDATA[valpa_obituario_pt]]></wp:post_type>
		<wp:post_password><![CDATA[]]></wp:post_password>
		<wp:is_sticky>0</wp:is_sticky>
														<wp:postmeta>
		<wp:meta_key><![CDATA[_wp_old_date]]></wp:meta_key>
		<wp:meta_value><![CDATA[2020-08-25]]></wp:meta_value>
		</wp:postmeta>
							<wp:postmeta>
		<wp:meta_key><![CDATA[valpa_no_homenaje_meta]]></wp:meta_key>
		<wp:meta_value><![CDATA[0020000006]]></wp:meta_value>
		</wp:postmeta>
							<wp:postmeta>
		<wp:meta_key><![CDATA[valpa_nacimiento_dia_meta]]></wp:meta_key>
		<wp:meta_value><![CDATA[02]]></wp:meta_value>
		</wp:postmeta>
							<wp:postmeta>
		<wp:meta_key><![CDATA[valpa_nacimiento_mes_meta]]></wp:meta_key>
		<wp:meta_value><![CDATA[12]]></wp:meta_value>
		</wp:postmeta>
							<wp:postmeta>
		<wp:meta_key><![CDATA[valpa_nacimiento_ano_meta]]></wp:meta_key>
		<wp:meta_value><![CDATA[1945]]></wp:meta_value>
		</wp:postmeta>
							<wp:postmeta>
		<wp:meta_key><![CDATA[post_views_count]]></wp:meta_key>
		<wp:meta_value><![CDATA[58]]></wp:meta_value>
		</wp:postmeta>
							</item>
					<item>
		<title><![CDATA[Ener Rodriguez Hernandez]]></title>
		<link>http://localhost/sass-wp/obituario/ener-rodriguez-hernandez/</link>
		<pubDate>Sat, 23 Nov 2019 00:00:30 +0000</pubDate>
		<dc:creator><![CDATA[webmaster]]></dc:creator>
		<guid isPermaLink="false">http://valparaiso.com.mx/?post_type=valpa_obituario_pt&#038;p=227</guid>
		<description></description>
		<content:encoded><![CDATA[]]></content:encoded>
		<excerpt:encoded><![CDATA[]]></excerpt:encoded>
		<wp:post_id>227</wp:post_id>
		<wp:post_date><![CDATA[2019-11-23 00:00:30]]></wp:post_date>
		<wp:post_date_gmt><![CDATA[2019-11-23 00:00:30]]></wp:post_date_gmt>
		<wp:post_modified><![CDATA[2019-11-23 00:00:30]]></wp:post_modified>
		<wp:post_modified_gmt><![CDATA[2019-11-23 00:00:30]]></wp:post_modified_gmt>
		<wp:comment_status><![CDATA[open]]></wp:comment_status>
		<wp:ping_status><![CDATA[closed]]></wp:ping_status>
		<wp:post_name><![CDATA[ener-rodriguez-hernandez]]></wp:post_name>
		<wp:status><![CDATA[publish]]></wp:status>
		<wp:post_parent>0</wp:post_parent>
		<wp:menu_order>0</wp:menu_order>
		<wp:post_type><![CDATA[valpa_obituario_pt]]></wp:post_type>
		<wp:post_password><![CDATA[]]></wp:post_password>
		<wp:is_sticky>0</wp:is_sticky>
														<wp:postmeta>
		<wp:meta_key><![CDATA[_wp_old_date]]></wp:meta_key>
		<wp:meta_value><![CDATA[2020-08-25]]></wp:meta_value>
		</wp:postmeta>
							<wp:postmeta>
		<wp:meta_key><![CDATA[valpa_no_homenaje_meta]]></wp:meta_key>
		<wp:meta_value><![CDATA[0020000007]]></wp:meta_value>
		</wp:postmeta>
							<wp:postmeta>
		<wp:meta_key><![CDATA[valpa_nacimiento_dia_meta]]></wp:meta_key>
		<wp:meta_value><![CDATA[13]]></wp:meta_value>
		</wp:postmeta>
							<wp:postmeta>
		<wp:meta_key><![CDATA[valpa_nacimiento_mes_meta]]></wp:meta_key>
		<wp:meta_value><![CDATA[11]]></wp:meta_value>
		</wp:postmeta>
							<wp:postmeta>
		<wp:meta_key><![CDATA[valpa_nacimiento_ano_meta]]></wp:meta_key>
		<wp:meta_value><![CDATA[1975]]></wp:meta_value>
		</wp:postmeta>
							<wp:postmeta>
		<wp:meta_key><![CDATA[post_views_count]]></wp:meta_key>
		<wp:meta_value><![CDATA[70]]></wp:meta_value>
		</wp:postmeta>
							</item>
					<item>
		<title><![CDATA[Maria Elena Orive Romero Paredes]]></title>
		<link>http://localhost/sass-wp/obituario/maria-elena-orive-romero-paredes/</link>
		<pubDate>Sat, 23 Nov 2019 00:00:32 +0000</pubDate>
		<dc:creator><![CDATA[webmaster]]></dc:creator>
		<guid isPermaLink="false">http://valparaiso.com.mx/?post_type=valpa_obituario_pt&#038;p=228</guid>
		<description></description>
		<content:encoded><![CDATA[]]></content:encoded>
		<excerpt:encoded><![CDATA[]]></excerpt:encoded>
		<wp:post_id>228</wp:post_id>
		<wp:post_date><![CDATA[2019-11-23 00:00:32]]></wp:post_date>
		<wp:post_date_gmt><![CDATA[2019-11-23 00:00:32]]></wp:post_date_gmt>
		<wp:post_modified><![CDATA[2019-11-23 00:00:32]]></wp:post_modified>
		<wp:post_modified_gmt><![CDATA[2019-11-23 00:00:32]]></wp:post_modified_gmt>
		<wp:comment_status><![CDATA[open]]></wp:comment_status>
		<wp:ping_status><![CDATA[closed]]></wp:ping_status>
		<wp:post_name><![CDATA[maria-elena-orive-romero-paredes]]></wp:post_name>
		<wp:status><![CDATA[publish]]></wp:status>
		<wp:post_parent>0</wp:post_parent>
		<wp:menu_order>0</wp:menu_order>
		<wp:post_type><![CDATA[valpa_obituario_pt]]></wp:post_type>
		<wp:post_password><![CDATA[]]></wp:post_password>
		<wp:is_sticky>0</wp:is_sticky>
														<wp:postmeta>
		<wp:meta_key><![CDATA[_wp_old_date]]></wp:meta_key>
		<wp:meta_value><![CDATA[2020-08-25]]></wp:meta_value>
		</wp:postmeta>
							<wp:postmeta>
		<wp:meta_key><![CDATA[valpa_no_homenaje_meta]]></wp:meta_key>
		<wp:meta_value><![CDATA[0020000008]]></wp:meta_value>
		</wp:postmeta>
							<wp:postmeta>
		<wp:meta_key><![CDATA[valpa_nacimiento_dia_meta]]></wp:meta_key>
		<wp:meta_value><![CDATA[27]]></wp:meta_value>
		</wp:postmeta>
							<wp:postmeta>
		<wp:meta_key><![CDATA[valpa_nacimiento_mes_meta]]></wp:meta_key>
		<wp:meta_value><![CDATA[04]]></wp:meta_value>
		</wp:postmeta>
							<wp:postmeta>
		<wp:meta_key><![CDATA[valpa_nacimiento_ano_meta]]></wp:meta_key>
		<wp:meta_value><![CDATA[1954]]></wp:meta_value>
		</wp:postmeta>
							<wp:postmeta>
		<wp:meta_key><![CDATA[post_views_count]]></wp:meta_key>
		<wp:meta_value><![CDATA[61]]></wp:meta_value>
		</wp:postmeta>
							</item>
					<item>
		<title><![CDATA[Roberto Dacomba Villanueva]]></title>
		<link>http://localhost/sass-wp/obituario/roberto-dacomba-villanueva/</link>
		<pubDate>Sat, 30 Nov 2019 00:00:15 +0000</pubDate>
		<dc:creator><![CDATA[webmaster]]></dc:creator>
		<guid isPermaLink="false">http://valparaiso.com.mx/?post_type=valpa_obituario_pt&#038;p=229</guid>
		<description></description>
		<content:encoded><![CDATA[<img class="alignnone size-full wp-image-3120" src="http://valparaiso.com.mx/wp-content/uploads/2019/11/WhatsApp-Image-2019-12-01-at-7.34.19-AM.jpeg" alt="" width="1280" height="720" /> <img class="alignnone size-medium wp-image-3121" src="http://valparaiso.com.mx/wp-content/uploads/2019/11/WhatsApp-Image-2019-12-01-at-12.31.15-AM-2.jpeg" alt="" width="281" height="300" /> <img class="alignnone size-medium wp-image-3122" src="http://valparaiso.com.mx/wp-content/uploads/2019/11/WhatsApp-Image-2019-12-01-at-12.31.15-AM-3.jpeg" alt="" width="169" height="300" /> <img class="alignnone size-medium wp-image-3123" src="http://valparaiso.com.mx/wp-content/uploads/2019/11/WhatsApp-Image-2019-12-01-at-12.31.15-AM.jpeg" alt="" width="139" height="300" /> <img class="alignnone size-medium wp-image-3124" src="http://valparaiso.com.mx/wp-content/uploads/2019/11/WhatsApp-Image-2019-12-01-at-7.34.20-AM-1.jpeg" alt="" width="225" height="300" /> <img class="alignnone size-medium wp-image-3125" src="http://valparaiso.com.mx/wp-content/uploads/2019/11/WhatsApp-Image-2019-12-01-at-7.34.20-AM-2.jpeg" alt="" width="169" height="300" /> <img class="alignnone size-medium wp-image-3126" src="http://valparaiso.com.mx/wp-content/uploads/2019/11/WhatsApp-Image-2019-12-01-at-7.34.20-AM.jpeg" alt="" width="300" height="148" /> <img class="alignnone size-medium wp-image-3127" src="http://valparaiso.com.mx/wp-content/uploads/2019/11/WhatsApp-Image-2019-12-01-at-7.36.24-AM.jpeg" alt="" width="225" height="300" /> <img class="alignnone size-medium wp-image-3128" src="http://valparaiso.com.mx/wp-content/uploads/2019/11/WhatsApp-Image-2019-12-01-at-12.31.14-AM-1.jpeg" alt="" width="225" height="300" /> <img class="alignnone size-medium wp-image-3129" src="http://valparaiso.com.mx/wp-content/uploads/2019/11/WhatsApp-Image-2019-12-01-at-12.31.14-AM-2.jpeg" alt="" width="300" height="225" />]]></content:encoded>
		<excerpt:encoded><![CDATA[]]></excerpt:encoded>
		<wp:post_id>229</wp:post_id>
		<wp:post_date><![CDATA[2019-11-30 00:00:15]]></wp:post_date>
		<wp:post_date_gmt><![CDATA[2019-11-30 00:00:15]]></wp:post_date_gmt>
		<wp:post_modified><![CDATA[2019-11-30 00:00:15]]></wp:post_modified>
		<wp:post_modified_gmt><![CDATA[2019-11-30 00:00:15]]></wp:post_modified_gmt>
		<wp:comment_status><![CDATA[open]]></wp:comment_status>
		<wp:ping_status><![CDATA[closed]]></wp:ping_status>
		<wp:post_name><![CDATA[roberto-dacomba-villanueva]]></wp:post_name>
		<wp:status><![CDATA[publish]]></wp:status>
		<wp:post_parent>0</wp:post_parent>
		<wp:menu_order>0</wp:menu_order>
		<wp:post_type><![CDATA[valpa_obituario_pt]]></wp:post_type>
		<wp:post_password><![CDATA[]]></wp:post_password>
		<wp:is_sticky>0</wp:is_sticky>
														<wp:postmeta>
		<wp:meta_key><![CDATA[_wp_old_date]]></wp:meta_key>
		<wp:meta_value><![CDATA[2020-08-25]]></wp:meta_value>
		</wp:postmeta>
							<wp:postmeta>
		<wp:meta_key><![CDATA[valpa_no_homenaje_meta]]></wp:meta_key>
		<wp:meta_value><![CDATA[0020000009]]></wp:meta_value>
		</wp:postmeta>
							<wp:postmeta>
		<wp:meta_key><![CDATA[valpa_nacimiento_dia_meta]]></wp:meta_key>
		<wp:meta_value><![CDATA[10]]></wp:meta_value>
		</wp:postmeta>
							<wp:postmeta>
		<wp:meta_key><![CDATA[valpa_nacimiento_mes_meta]]></wp:meta_key>
		<wp:meta_value><![CDATA[10]]></wp:meta_value>
		</wp:postmeta>
							<wp:postmeta>
		<wp:meta_key><![CDATA[valpa_nacimiento_ano_meta]]></wp:meta_key>
		<wp:meta_value><![CDATA[1932]]></wp:meta_value>
		</wp:postmeta>
							<wp:postmeta>
		<wp:meta_key><![CDATA[post_views_count]]></wp:meta_key>
		<wp:meta_value><![CDATA[132]]></wp:meta_value>
		</wp:postmeta>
							<wp:postmeta>
		<wp:meta_key><![CDATA[num_velas_meta]]></wp:meta_key>
		<wp:meta_value><![CDATA[5]]></wp:meta_value>
		</wp:postmeta>
							<wp:postmeta>
		<wp:meta_key><![CDATA[num_recuerdos_meta]]></wp:meta_key>
		<wp:meta_value><![CDATA[3]]></wp:meta_value>
		</wp:postmeta>
							</item>
					<item>
		<title><![CDATA[Maricela Loza Ruiz]]></title>
		<link>http://localhost/sass-wp/obituario/maricela-loza-ruiz/</link>
		<pubDate>Tue, 03 Dec 2019 00:00:56 +0000</pubDate>
		<dc:creator><![CDATA[webmaster]]></dc:creator>
		<guid isPermaLink="false">http://valparaiso.com.mx/?post_type=valpa_obituario_pt&#038;p=230</guid>
		<description></description>
		<content:encoded><![CDATA[]]></content:encoded>
		<excerpt:encoded><![CDATA[]]></excerpt:encoded>
		<wp:post_id>230</wp:post_id>
		<wp:post_date><![CDATA[2019-12-03 00:00:56]]></wp:post_date>
		<wp:post_date_gmt><![CDATA[2019-12-03 00:00:56]]></wp:post_date_gmt>
		<wp:post_modified><![CDATA[2019-12-03 00:00:56]]></wp:post_modified>
		<wp:post_modified_gmt><![CDATA[2019-12-03 00:00:56]]></wp:post_modified_gmt>
		<wp:comment_status><![CDATA[open]]></wp:comment_status>
		<wp:ping_status><![CDATA[closed]]></wp:ping_status>
		<wp:post_name><![CDATA[maricela-loza-ruiz]]></wp:post_name>
		<wp:status><![CDATA[publish]]></wp:status>
		<wp:post_parent>0</wp:post_parent>
		<wp:menu_order>0</wp:menu_order>
		<wp:post_type><![CDATA[valpa_obituario_pt]]></wp:post_type>
		<wp:post_password><![CDATA[]]></wp:post_password>
		<wp:is_sticky>0</wp:is_sticky>
														<wp:postmeta>
		<wp:meta_key><![CDATA[_wp_old_date]]></wp:meta_key>
		<wp:meta_value><![CDATA[2020-08-25]]></wp:meta_value>
		</wp:postmeta>
							<wp:postmeta>
		<wp:meta_key><![CDATA[valpa_no_homenaje_meta]]></wp:meta_key>
		<wp:meta_value><![CDATA[0020000010]]></wp:meta_value>
		</wp:postmeta>
							<wp:postmeta>
		<wp:meta_key><![CDATA[valpa_nacimiento_dia_meta]]></wp:meta_key>
		<wp:meta_value><![CDATA[30]]></wp:meta_value>
		</wp:postmeta>
							<wp:postmeta>
		<wp:meta_key><![CDATA[valpa_nacimiento_mes_meta]]></wp:meta_key>
		<wp:meta_value><![CDATA[06]]></wp:meta_value>
		</wp:postmeta>
							<wp:postmeta>
		<wp:meta_key><![CDATA[valpa_nacimiento_ano_meta]]></wp:meta_key>
		<wp:meta_value><![CDATA[1986]]></wp:meta_value>
		</wp:postmeta>
							<wp:postmeta>
		<wp:meta_key><![CDATA[post_views_count]]></wp:meta_key>
		<wp:meta_value><![CDATA[45]]></wp:meta_value>
		</wp:postmeta>
							</item>
					<item>
		<title><![CDATA[Maria Diaz Serrano]]></title>
		<link>http://localhost/sass-wp/obituario/maria-diaz-serrano/</link>
		<pubDate>Wed, 04 Dec 2019 00:00:08 +0000</pubDate>
		<dc:creator><![CDATA[webmaster]]></dc:creator>
		<guid isPermaLink="false">http://valparaiso.com.mx/?post_type=valpa_obituario_pt&#038;p=233</guid>
		<description></description>
		<content:encoded><![CDATA[]]></content:encoded>
		<excerpt:encoded><![CDATA[]]></excerpt:encoded>
		<wp:post_id>233</wp:post_id>
		<wp:post_date><![CDATA[2019-12-04 00:00:08]]></wp:post_date>
		<wp:post_date_gmt><![CDATA[2019-12-04 00:00:08]]></wp:post_date_gmt>
		<wp:post_modified><![CDATA[2019-12-04 00:00:08]]></wp:post_modified>
		<wp:post_modified_gmt><![CDATA[2019-12-04 00:00:08]]></wp:post_modified_gmt>
		<wp:comment_status><![CDATA[open]]></wp:comment_status>
		<wp:ping_status><![CDATA[closed]]></wp:ping_status>
		<wp:post_name><![CDATA[maria-diaz-serrano]]></wp:post_name>
		<wp:status><![CDATA[publish]]></wp:status>
		<wp:post_parent>0</wp:post_parent>
		<wp:menu_order>0</wp:menu_order>
		<wp:post_type><![CDATA[valpa_obituario_pt]]></wp:post_type>
		<wp:post_password><![CDATA[]]></wp:post_password>
		<wp:is_sticky>0</wp:is_sticky>
														<wp:postmeta>
		<wp:meta_key><![CDATA[_wp_old_date]]></wp:meta_key>
		<wp:meta_value><![CDATA[2020-08-25]]></wp:meta_value>
		</wp:postmeta>
							<wp:postmeta>
		<wp:meta_key><![CDATA[valpa_no_homenaje_meta]]></wp:meta_key>
		<wp:meta_value><![CDATA[0020000011]]></wp:meta_value>
		</wp:postmeta>
							<wp:postmeta>
		<wp:meta_key><![CDATA[valpa_nacimiento_dia_meta]]></wp:meta_key>
		<wp:meta_value><![CDATA[04]]></wp:meta_value>
		</wp:postmeta>
							<wp:postmeta>
		<wp:meta_key><![CDATA[valpa_nacimiento_mes_meta]]></wp:meta_key>
		<wp:meta_value><![CDATA[12]]></wp:meta_value>
		</wp:postmeta>
							<wp:postmeta>
		<wp:meta_key><![CDATA[valpa_nacimiento_ano_meta]]></wp:meta_key>
		<wp:meta_value><![CDATA[2019]]></wp:meta_value>
		</wp:postmeta>
							<wp:postmeta>
		<wp:meta_key><![CDATA[post_views_count]]></wp:meta_key>
		<wp:meta_value><![CDATA[57]]></wp:meta_value>
		</wp:postmeta>
							</item>
					<item>
		<title><![CDATA[Maria Luisa Nava Cardenas]]></title>
		<link>http://localhost/sass-wp/obituario/maria-luisa-nava-cardenaz/</link>
		<pubDate>Tue, 10 Dec 2019 00:00:43 +0000</pubDate>
		<dc:creator><![CDATA[webmaster]]></dc:creator>
		<guid isPermaLink="false">http://valparaiso.com.mx/?post_type=valpa_obituario_pt&#038;p=234</guid>
		<description></description>
		<content:encoded><![CDATA[Dios te bendiga hijo.]]></content:encoded>
		<excerpt:encoded><![CDATA[]]></excerpt:encoded>
		<wp:post_id>234</wp:post_id>
		<wp:post_date><![CDATA[2019-12-10 00:00:43]]></wp:post_date>
		<wp:post_date_gmt><![CDATA[2019-12-10 00:00:43]]></wp:post_date_gmt>
		<wp:post_modified><![CDATA[2019-12-10 00:00:43]]></wp:post_modified>
		<wp:post_modified_gmt><![CDATA[2019-12-10 00:00:43]]></wp:post_modified_gmt>
		<wp:comment_status><![CDATA[open]]></wp:comment_status>
		<wp:ping_status><![CDATA[closed]]></wp:ping_status>
		<wp:post_name><![CDATA[maria-luisa-nava-cardenaz]]></wp:post_name>
		<wp:status><![CDATA[publish]]></wp:status>
		<wp:post_parent>0</wp:post_parent>
		<wp:menu_order>0</wp:menu_order>
		<wp:post_type><![CDATA[valpa_obituario_pt]]></wp:post_type>
		<wp:post_password><![CDATA[]]></wp:post_password>
		<wp:is_sticky>0</wp:is_sticky>
														<wp:postmeta>
		<wp:meta_key><![CDATA[_edit_last]]></wp:meta_key>
		<wp:meta_value><![CDATA[1]]></wp:meta_value>
		</wp:postmeta>
							<wp:postmeta>
		<wp:meta_key><![CDATA[_wp_old_date]]></wp:meta_key>
		<wp:meta_value><![CDATA[2020-08-25]]></wp:meta_value>
		</wp:postmeta>
							<wp:postmeta>
		<wp:meta_key><![CDATA[valpa_no_homenaje_meta]]></wp:meta_key>
		<wp:meta_value><![CDATA[0020000012]]></wp:meta_value>
		</wp:postmeta>
							<wp:postmeta>
		<wp:meta_key><![CDATA[valpa_nacimiento_dia_meta]]></wp:meta_key>
		<wp:meta_value><![CDATA[21]]></wp:meta_value>
		</wp:postmeta>
							<wp:postmeta>
		<wp:meta_key><![CDATA[valpa_nacimiento_mes_meta]]></wp:meta_key>
		<wp:meta_value><![CDATA[06]]></wp:meta_value>
		</wp:postmeta>
							<wp:postmeta>
		<wp:meta_key><![CDATA[valpa_nacimiento_ano_meta]]></wp:meta_key>
		<wp:meta_value><![CDATA[1948]]></wp:meta_value>
		</wp:postmeta>
							<wp:postmeta>
		<wp:meta_key><![CDATA[post_views_count]]></wp:meta_key>
		<wp:meta_value><![CDATA[441]]></wp:meta_value>
		</wp:postmeta>
							<wp:postmeta>
		<wp:meta_key><![CDATA[sucursal_relacionada_meta]]></wp:meta_key>
		<wp:meta_value><![CDATA[a:1:{i:0;s:2:"22";}]]></wp:meta_value>
		</wp:postmeta>
							<wp:postmeta>
		<wp:meta_key><![CDATA[servicio_relacionado_meta]]></wp:meta_key>
		<wp:meta_value><![CDATA[a:1:{i:0;s:8:"Sucursal";}]]></wp:meta_value>
		</wp:postmeta>
							<wp:postmeta>
		<wp:meta_key><![CDATA[_thumbnail_id]]></wp:meta_key>
		<wp:meta_value><![CDATA[3915]]></wp:meta_value>
		</wp:postmeta>
							<wp:postmeta>
		<wp:meta_key><![CDATA[num_velas_meta]]></wp:meta_key>
		<wp:meta_value><![CDATA[10]]></wp:meta_value>
		</wp:postmeta>
							<wp:postmeta>
		<wp:meta_key><![CDATA[num_recuerdos_meta]]></wp:meta_key>
		<wp:meta_value><![CDATA[19]]></wp:meta_value>
		</wp:postmeta>
							</item>
					<item>
		<title><![CDATA[Ulices Garcia Nava]]></title>
		<link>http://localhost/sass-wp/obituario/ulices-garcia-nava/</link>
		<pubDate>Wed, 18 Dec 2019 00:00:45 +0000</pubDate>
		<dc:creator><![CDATA[webmaster]]></dc:creator>
		<guid isPermaLink="false">http://valparaiso.com.mx/?post_type=valpa_obituario_pt&#038;p=235</guid>
		<description></description>
		<content:encoded><![CDATA[]]></content:encoded>
		<excerpt:encoded><![CDATA[]]></excerpt:encoded>
		<wp:post_id>235</wp:post_id>
		<wp:post_date><![CDATA[2019-12-18 00:00:45]]></wp:post_date>
		<wp:post_date_gmt><![CDATA[2019-12-18 00:00:45]]></wp:post_date_gmt>
		<wp:post_modified><![CDATA[2019-12-18 00:00:45]]></wp:post_modified>
		<wp:post_modified_gmt><![CDATA[2019-12-18 00:00:45]]></wp:post_modified_gmt>
		<wp:comment_status><![CDATA[open]]></wp:comment_status>
		<wp:ping_status><![CDATA[closed]]></wp:ping_status>
		<wp:post_name><![CDATA[ulices-garcia-nava]]></wp:post_name>
		<wp:status><![CDATA[publish]]></wp:status>
		<wp:post_parent>0</wp:post_parent>
		<wp:menu_order>0</wp:menu_order>
		<wp:post_type><![CDATA[valpa_obituario_pt]]></wp:post_type>
		<wp:post_password><![CDATA[]]></wp:post_password>
		<wp:is_sticky>0</wp:is_sticky>
														<wp:postmeta>
		<wp:meta_key><![CDATA[_wp_old_date]]></wp:meta_key>
		<wp:meta_value><![CDATA[2020-08-25]]></wp:meta_value>
		</wp:postmeta>
							<wp:postmeta>
		<wp:meta_key><![CDATA[valpa_no_homenaje_meta]]></wp:meta_key>
		<wp:meta_value><![CDATA[0020000013]]></wp:meta_value>
		</wp:postmeta>
							<wp:postmeta>
		<wp:meta_key><![CDATA[valpa_nacimiento_dia_meta]]></wp:meta_key>
		<wp:meta_value><![CDATA[13]]></wp:meta_value>
		</wp:postmeta>
							<wp:postmeta>
		<wp:meta_key><![CDATA[valpa_nacimiento_mes_meta]]></wp:meta_key>
		<wp:meta_value><![CDATA[07]]></wp:meta_value>
		</wp:postmeta>
							<wp:postmeta>
		<wp:meta_key><![CDATA[valpa_nacimiento_ano_meta]]></wp:meta_key>
		<wp:meta_value><![CDATA[1995]]></wp:meta_value>
		</wp:postmeta>
							<wp:postmeta>
		<wp:meta_key><![CDATA[post_views_count]]></wp:meta_key>
		<wp:meta_value><![CDATA[40]]></wp:meta_value>
		</wp:postmeta>
							</item>
					<item>
		<title><![CDATA[Sergio Lara Palacios]]></title>
		<link>http://localhost/sass-wp/obituario/sergio-lara-palacios/</link>
		<pubDate>Wed, 18 Dec 2019 00:00:00 +0000</pubDate>
		<dc:creator><![CDATA[webmaster]]></dc:creator>
		<guid isPermaLink="false">http://valparaiso.com.mx/?post_type=valpa_obituario_pt&#038;p=236</guid>
		<description></description>
		<content:encoded><![CDATA[<img class="alignnone size-full wp-image-3209" src="http://valparaiso.com.mx/wp-content/uploads/2019/12/IMG-20191219-WA0025.jpg" alt="" width="720" height="406" /> <img class="alignnone size-medium wp-image-3210" src="http://valparaiso.com.mx/wp-content/uploads/2019/12/IMG-20191219-WA0026.jpg" alt="" width="300" height="195" /> <img class="alignnone size-medium wp-image-3211" src="http://valparaiso.com.mx/wp-content/uploads/2019/12/IMG-20191219-WA0027.jpg" alt="" width="274" height="300" /> <img class="alignnone size-medium wp-image-3212" src="http://valparaiso.com.mx/wp-content/uploads/2019/12/WhatsApp-Image-2019-12-19-at-7.44.52-AM.jpeg" alt="" width="169" height="300" /> <img class="alignnone size-medium wp-image-3213" src="http://valparaiso.com.mx/wp-content/uploads/2019/12/WhatsApp-Image-2019-12-19-at-7.44.53-AM.jpeg" alt="" width="169" height="300" /> <img class="alignnone size-medium wp-image-3214" src="http://valparaiso.com.mx/wp-content/uploads/2019/12/WhatsApp-Image-2019-12-19-at-7.45.27-AM.jpeg" alt="" width="225" height="300" /> <img class="alignnone size-medium wp-image-3215" src="http://valparaiso.com.mx/wp-content/uploads/2019/12/WhatsApp-Image-2019-12-19-at-7.45.28-AM-1.jpeg" alt="" width="300" height="225" /> <img class="alignnone size-medium wp-image-3216" src="http://valparaiso.com.mx/wp-content/uploads/2019/12/WhatsApp-Image-2019-12-19-at-7.45.28-AM.jpeg" alt="" width="300" height="225" /> <img class="alignnone size-medium wp-image-3217" src="http://valparaiso.com.mx/wp-content/uploads/2019/12/WhatsApp-Image-2019-12-19-at-7.45.29-AM-1.jpeg" alt="" width="300" height="225" /> <img class="alignnone size-medium wp-image-3218" src="http://valparaiso.com.mx/wp-content/uploads/2019/12/WhatsApp-Image-2019-12-19-at-7.45.29-AM.jpeg" alt="" width="300" height="225" /> <img class="alignnone size-medium wp-image-3219" src="http://valparaiso.com.mx/wp-content/uploads/2019/12/WhatsApp-Image-2019-12-19-at-7.45.30-AM.jpeg" alt="" width="300" height="226" /> <img class="alignnone size-medium wp-image-3220" src="http://valparaiso.com.mx/wp-content/uploads/2019/12/WhatsApp-Image-2019-12-19-at-7.45.31-AM-1.jpeg" alt="" width="225" height="300" /> <img class="alignnone size-medium wp-image-3221" src="http://valparaiso.com.mx/wp-content/uploads/2019/12/WhatsApp-Image-2019-12-19-at-7.45.31-AM-2.jpeg" alt="" width="300" height="225" /> <img class="alignnone size-medium wp-image-3222" src="http://valparaiso.com.mx/wp-content/uploads/2019/12/WhatsApp-Image-2019-12-19-at-7.45.31-AM.jpeg" alt="" width="300" height="225" /> <img class="alignnone size-medium wp-image-3223" src="http://valparaiso.com.mx/wp-content/uploads/2019/12/WhatsApp-Image-2019-12-19-at-7.45.32-AM-1.jpeg" alt="" width="300" height="225" /> <img class="alignnone size-medium wp-image-3224" src="http://valparaiso.com.mx/wp-content/uploads/2019/12/WhatsApp-Image-2019-12-19-at-7.45.32-AM.jpeg" alt="" width="300" height="225" />]]></content:encoded>
		<excerpt:encoded><![CDATA[]]></excerpt:encoded>
		<wp:post_id>236</wp:post_id>
		<wp:post_date><![CDATA[2019-12-18 00:00:00]]></wp:post_date>
		<wp:post_date_gmt><![CDATA[2019-12-18 00:00:00]]></wp:post_date_gmt>
		<wp:post_modified><![CDATA[2019-12-18 00:00:00]]></wp:post_modified>
		<wp:post_modified_gmt><![CDATA[2019-12-18 00:00:00]]></wp:post_modified_gmt>
		<wp:comment_status><![CDATA[open]]></wp:comment_status>
		<wp:ping_status><![CDATA[closed]]></wp:ping_status>
		<wp:post_name><![CDATA[sergio-lara-palacios]]></wp:post_name>
		<wp:status><![CDATA[publish]]></wp:status>
		<wp:post_parent>0</wp:post_parent>
		<wp:menu_order>0</wp:menu_order>
		<wp:post_type><![CDATA[valpa_obituario_pt]]></wp:post_type>
		<wp:post_password><![CDATA[]]></wp:post_password>
		<wp:is_sticky>0</wp:is_sticky>
														<wp:postmeta>
		<wp:meta_key><![CDATA[_wp_old_date]]></wp:meta_key>
		<wp:meta_value><![CDATA[2020-08-25]]></wp:meta_value>
		</wp:postmeta>
							<wp:postmeta>
		<wp:meta_key><![CDATA[valpa_no_homenaje_meta]]></wp:meta_key>
		<wp:meta_value><![CDATA[0020000014]]></wp:meta_value>
		</wp:postmeta>
							<wp:postmeta>
		<wp:meta_key><![CDATA[valpa_nacimiento_dia_meta]]></wp:meta_key>
		<wp:meta_value><![CDATA[10]]></wp:meta_value>
		</wp:postmeta>
							<wp:postmeta>
		<wp:meta_key><![CDATA[valpa_nacimiento_mes_meta]]></wp:meta_key>
		<wp:meta_value><![CDATA[09]]></wp:meta_value>
		</wp:postmeta>
							<wp:postmeta>
		<wp:meta_key><![CDATA[valpa_nacimiento_ano_meta]]></wp:meta_key>
		<wp:meta_value><![CDATA[1954]]></wp:meta_value>
		</wp:postmeta>
							<wp:postmeta>
		<wp:meta_key><![CDATA[post_views_count]]></wp:meta_key>
		<wp:meta_value><![CDATA[55]]></wp:meta_value>
		</wp:postmeta>
							</item>
					<item>
		<title><![CDATA[Cayetano Gutierrez Silvestre]]></title>
		<link>http://localhost/sass-wp/obituario/cayetano-gutierrez-silvestre/</link>
		<pubDate>Mon, 23 Dec 2019 00:00:53 +0000</pubDate>
		<dc:creator><![CDATA[webmaster]]></dc:creator>
		<guid isPermaLink="false">http://valparaiso.com.mx/?post_type=valpa_obituario_pt&#038;p=237</guid>
		<description></description>
		<content:encoded><![CDATA[]]></content:encoded>
		<excerpt:encoded><![CDATA[]]></excerpt:encoded>
		<wp:post_id>237</wp:post_id>
		<wp:post_date><![CDATA[2019-12-23 00:00:53]]></wp:post_date>
		<wp:post_date_gmt><![CDATA[2019-12-23 00:00:53]]></wp:post_date_gmt>
		<wp:post_modified><![CDATA[2019-12-23 00:00:53]]></wp:post_modified>
		<wp:post_modified_gmt><![CDATA[2019-12-23 00:00:53]]></wp:post_modified_gmt>
		<wp:comment_status><![CDATA[open]]></wp:comment_status>
		<wp:ping_status><![CDATA[closed]]></wp:ping_status>
		<wp:post_name><![CDATA[cayetano-gutierrez-silvestre]]></wp:post_name>
		<wp:status><![CDATA[publish]]></wp:status>
		<wp:post_parent>0</wp:post_parent>
		<wp:menu_order>0</wp:menu_order>
		<wp:post_type><![CDATA[valpa_obituario_pt]]></wp:post_type>
		<wp:post_password><![CDATA[]]></wp:post_password>
		<wp:is_sticky>0</wp:is_sticky>
														<wp:postmeta>
		<wp:meta_key><![CDATA[_wp_old_date]]></wp:meta_key>
		<wp:meta_value><![CDATA[2020-08-25]]></wp:meta_value>
		</wp:postmeta>
							<wp:postmeta>
		<wp:meta_key><![CDATA[valpa_no_homenaje_meta]]></wp:meta_key>
		<wp:meta_value><![CDATA[0020000015]]></wp:meta_value>
		</wp:postmeta>
							<wp:postmeta>
		<wp:meta_key><![CDATA[valpa_nacimiento_dia_meta]]></wp:meta_key>
		<wp:meta_value><![CDATA[07]]></wp:meta_value>
		</wp:postmeta>
							<wp:postmeta>
		<wp:meta_key><![CDATA[valpa_nacimiento_mes_meta]]></wp:meta_key>
		<wp:meta_value><![CDATA[08]]></wp:meta_value>
		</wp:postmeta>
							<wp:postmeta>
		<wp:meta_key><![CDATA[valpa_nacimiento_ano_meta]]></wp:meta_key>
		<wp:meta_value><![CDATA[1955]]></wp:meta_value>
		</wp:postmeta>
							<wp:postmeta>
		<wp:meta_key><![CDATA[_wp_old_date]]></wp:meta_key>
		<wp:meta_value><![CDATA[2019-12-25]]></wp:meta_value>
		</wp:postmeta>
							<wp:postmeta>
		<wp:meta_key><![CDATA[post_views_count]]></wp:meta_key>
		<wp:meta_value><![CDATA[48]]></wp:meta_value>
		</wp:postmeta>
							</item>
					<item>
		<title><![CDATA[Pedro Vargas ZuÃ±iga]]></title>
		<link>http://localhost/sass-wp/obituario/pedro-vargas-zuniga/</link>
		<pubDate>Wed, 25 Dec 2019 00:00:05 +0000</pubDate>
		<dc:creator><![CDATA[webmaster]]></dc:creator>
		<guid isPermaLink="false">http://valparaiso.com.mx/?post_type=valpa_obituario_pt&#038;p=243</guid>
		<description></description>
		<content:encoded><![CDATA[<img class="alignnone size-full wp-image-3044" src="http://valparaiso.com.mx/wp-content/uploads/2019/12/001539-scaled.jpg" alt="" width="2304" height="2560" /> <img class="alignnone size-medium wp-image-3046" src="http://valparaiso.com.mx/wp-content/uploads/2019/12/20170308_181323.jpg" alt="" width="300" height="180" /> <img class="alignnone size-medium wp-image-3047" src="http://valparaiso.com.mx/wp-content/uploads/2019/12/IMG-20191229-WA0006.jpg" alt="" width="300" height="225" /> <img class="alignnone size-medium wp-image-3048" src="http://valparaiso.com.mx/wp-content/uploads/2019/12/IMG-20191229-WA0007.jpg" alt="" width="300" height="225" /> <img class="alignnone size-medium wp-image-3049" src="http://valparaiso.com.mx/wp-content/uploads/2019/12/IMG-20191229-WA0008.jpg" alt="" width="225" height="300" /> <img class="alignnone size-medium wp-image-3050" src="http://valparaiso.com.mx/wp-content/uploads/2019/12/IMG-20191229-WA0009.jpg" alt="" width="300" height="225" /> <img class="alignnone size-medium wp-image-3051" src="http://valparaiso.com.mx/wp-content/uploads/2019/12/IMG-20191229-WA0010.jpg" alt="" width="225" height="300" /> <img class="alignnone size-medium wp-image-3052" src="http://valparaiso.com.mx/wp-content/uploads/2019/12/IMG-20191229-WA0011.jpg" alt="" width="300" height="225" /> <img class="alignnone size-medium wp-image-3053" src="http://valparaiso.com.mx/wp-content/uploads/2019/12/IMG-20191229-WA0012.jpg" alt="" width="300" height="225" /> <img class="alignnone size-medium wp-image-3054" src="http://valparaiso.com.mx/wp-content/uploads/2019/12/IMG-20191229-WA0013.jpg" alt="" width="225" height="300" /> <img class="alignnone size-medium wp-image-3055" src="http://valparaiso.com.mx/wp-content/uploads/2019/12/IMG-20191229-WA0014.jpg" alt="" width="225" height="300" /> <img class="alignnone size-medium wp-image-3056" src="http://valparaiso.com.mx/wp-content/uploads/2019/12/IMG-20191229-WA0015.jpg" alt="" width="225" height="300" /> <img class="alignnone size-medium wp-image-3057" src="http://valparaiso.com.mx/wp-content/uploads/2019/12/IMG-20191229-WA0019.jpg" alt="" width="225" height="300" /> <img class="alignnone size-medium wp-image-3058" src="http://valparaiso.com.mx/wp-content/uploads/2019/12/IMG-20191229-WA0020.jpg" alt="" width="225" height="300" /> <img class="alignnone size-medium wp-image-3059" src="http://valparaiso.com.mx/wp-content/uploads/2019/12/IMG-20191229-WA0021.jpg" alt="" width="225" height="300" /> <img class="alignnone size-medium wp-image-3060" src="http://valparaiso.com.mx/wp-content/uploads/2019/12/IMG-20191229-WA0022.jpg" alt="" width="225" height="300" /> <img class="alignnone size-medium wp-image-3061" src="http://valparaiso.com.mx/wp-content/uploads/2019/12/IMG-20191229-WA0023-rotated.jpg" alt="" width="300" height="225" /> <img class="alignnone size-medium wp-image-3062" src="http://valparaiso.com.mx/wp-content/uploads/2019/12/IMG-20191229-WA0024.jpg" alt="" width="225" height="300" /> <img class="alignnone size-medium wp-image-3063" src="http://valparaiso.com.mx/wp-content/uploads/2019/12/IMG-20191229-WA0025.jpg" alt="" width="225" height="300" /> <img class="alignnone size-medium wp-image-3064" src="http://valparaiso.com.mx/wp-content/uploads/2019/12/IMG-20191229-WA0033.jpg" alt="" width="225" height="300" /> <img class="alignnone size-medium wp-image-3065" src="http://valparaiso.com.mx/wp-content/uploads/2019/12/IMG-20191229-WA0034.jpg" alt="" width="300" height="225" /> <img class="alignnone size-medium wp-image-3066" src="http://valparaiso.com.mx/wp-content/uploads/2019/12/IMG-20191229-WA0035.jpg" alt="" width="300" height="225" /> <img class="alignnone size-medium wp-image-3067" src="http://valparaiso.com.mx/wp-content/uploads/2019/12/IMG-20191229-WA0036.jpg" alt="" width="204" height="300" />]]></content:encoded>
		<excerpt:encoded><![CDATA[]]></excerpt:encoded>
		<wp:post_id>243</wp:post_id>
		<wp:post_date><![CDATA[2019-12-25 00:00:05]]></wp:post_date>
		<wp:post_date_gmt><![CDATA[2019-12-25 00:00:05]]></wp:post_date_gmt>
		<wp:post_modified><![CDATA[2019-12-25 00:00:05]]></wp:post_modified>
		<wp:post_modified_gmt><![CDATA[2019-12-25 00:00:05]]></wp:post_modified_gmt>
		<wp:comment_status><![CDATA[open]]></wp:comment_status>
		<wp:ping_status><![CDATA[closed]]></wp:ping_status>
		<wp:post_name><![CDATA[pedro-vargas-zuniga]]></wp:post_name>
		<wp:status><![CDATA[publish]]></wp:status>
		<wp:post_parent>0</wp:post_parent>
		<wp:menu_order>0</wp:menu_order>
		<wp:post_type><![CDATA[valpa_obituario_pt]]></wp:post_type>
		<wp:post_password><![CDATA[]]></wp:post_password>
		<wp:is_sticky>0</wp:is_sticky>
														<wp:postmeta>
		<wp:meta_key><![CDATA[_wp_old_date]]></wp:meta_key>
		<wp:meta_value><![CDATA[2020-08-25]]></wp:meta_value>
		</wp:postmeta>
							<wp:postmeta>
		<wp:meta_key><![CDATA[valpa_no_homenaje_meta]]></wp:meta_key>
		<wp:meta_value><![CDATA[0020000016]]></wp:meta_value>
		</wp:postmeta>
							<wp:postmeta>
		<wp:meta_key><![CDATA[valpa_nacimiento_dia_meta]]></wp:meta_key>
		<wp:meta_value><![CDATA[05]]></wp:meta_value>
		</wp:postmeta>
							<wp:postmeta>
		<wp:meta_key><![CDATA[valpa_nacimiento_mes_meta]]></wp:meta_key>
		<wp:meta_value><![CDATA[11]]></wp:meta_value>
		</wp:postmeta>
							<wp:postmeta>
		<wp:meta_key><![CDATA[valpa_nacimiento_ano_meta]]></wp:meta_key>
		<wp:meta_value><![CDATA[1950]]></wp:meta_value>
		</wp:postmeta>
							<wp:postmeta>
		<wp:meta_key><![CDATA[post_views_count]]></wp:meta_key>
		<wp:meta_value><![CDATA[87]]></wp:meta_value>
		</wp:postmeta>
							</item>
					<item>
		<title><![CDATA[Irene Villanueva Hernandez]]></title>
		<link>http://localhost/sass-wp/obituario/irene-villanueva-hernandez/</link>
		<pubDate>Thu, 26 Dec 2019 00:00:54 +0000</pubDate>
		<dc:creator><![CDATA[webmaster]]></dc:creator>
		<guid isPermaLink="false">http://valparaiso.com.mx/?post_type=valpa_obituario_pt&#038;p=244</guid>
		<description></description>
		<content:encoded><![CDATA[]]></content:encoded>
		<excerpt:encoded><![CDATA[]]></excerpt:encoded>
		<wp:post_id>244</wp:post_id>
		<wp:post_date><![CDATA[2019-12-26 00:00:54]]></wp:post_date>
		<wp:post_date_gmt><![CDATA[2019-12-26 00:00:54]]></wp:post_date_gmt>
		<wp:post_modified><![CDATA[2019-12-26 00:00:54]]></wp:post_modified>
		<wp:post_modified_gmt><![CDATA[2019-12-26 00:00:54]]></wp:post_modified_gmt>
		<wp:comment_status><![CDATA[open]]></wp:comment_status>
		<wp:ping_status><![CDATA[closed]]></wp:ping_status>
		<wp:post_name><![CDATA[irene-villanueva-hernandez]]></wp:post_name>
		<wp:status><![CDATA[publish]]></wp:status>
		<wp:post_parent>0</wp:post_parent>
		<wp:menu_order>0</wp:menu_order>
		<wp:post_type><![CDATA[valpa_obituario_pt]]></wp:post_type>
		<wp:post_password><![CDATA[]]></wp:post_password>
		<wp:is_sticky>0</wp:is_sticky>
														<wp:postmeta>
		<wp:meta_key><![CDATA[_wp_old_date]]></wp:meta_key>
		<wp:meta_value><![CDATA[2020-08-25]]></wp:meta_value>
		</wp:postmeta>
							<wp:postmeta>
		<wp:meta_key><![CDATA[valpa_no_homenaje_meta]]></wp:meta_key>
		<wp:meta_value><![CDATA[0020000017]]></wp:meta_value>
		</wp:postmeta>
							<wp:postmeta>
		<wp:meta_key><![CDATA[valpa_nacimiento_dia_meta]]></wp:meta_key>
		<wp:meta_value><![CDATA[20]]></wp:meta_value>
		</wp:postmeta>
							<wp:postmeta>
		<wp:meta_key><![CDATA[valpa_nacimiento_mes_meta]]></wp:meta_key>
		<wp:meta_value><![CDATA[10]]></wp:meta_value>
		</wp:postmeta>
							<wp:postmeta>
		<wp:meta_key><![CDATA[valpa_nacimiento_ano_meta]]></wp:meta_key>
		<wp:meta_value><![CDATA[1943]]></wp:meta_value>
		</wp:postmeta>
							<wp:postmeta>
		<wp:meta_key><![CDATA[post_views_count]]></wp:meta_key>
		<wp:meta_value><![CDATA[41]]></wp:meta_value>
		</wp:postmeta>
							</item>
					<item>
		<title><![CDATA[Felipe Eleazar Juarez Ruiz]]></title>
		<link>http://localhost/sass-wp/obituario/felipe-eleazar-juarez-ruiz/</link>
		<pubDate>Sat, 28 Dec 2019 00:00:03 +0000</pubDate>
		<dc:creator><![CDATA[webmaster]]></dc:creator>
		<guid isPermaLink="false">http://valparaiso.com.mx/?post_type=valpa_obituario_pt&#038;p=245</guid>
		<description></description>
		<content:encoded><![CDATA[]]></content:encoded>
		<excerpt:encoded><![CDATA[]]></excerpt:encoded>
		<wp:post_id>245</wp:post_id>
		<wp:post_date><![CDATA[2019-12-28 00:00:03]]></wp:post_date>
		<wp:post_date_gmt><![CDATA[2019-12-28 00:00:03]]></wp:post_date_gmt>
		<wp:post_modified><![CDATA[2019-12-28 00:00:03]]></wp:post_modified>
		<wp:post_modified_gmt><![CDATA[2019-12-28 00:00:03]]></wp:post_modified_gmt>
		<wp:comment_status><![CDATA[open]]></wp:comment_status>
		<wp:ping_status><![CDATA[closed]]></wp:ping_status>
		<wp:post_name><![CDATA[felipe-eleazar-juarez-ruiz]]></wp:post_name>
		<wp:status><![CDATA[publish]]></wp:status>
		<wp:post_parent>0</wp:post_parent>
		<wp:menu_order>0</wp:menu_order>
		<wp:post_type><![CDATA[valpa_obituario_pt]]></wp:post_type>
		<wp:post_password><![CDATA[]]></wp:post_password>
		<wp:is_sticky>0</wp:is_sticky>
														<wp:postmeta>
		<wp:meta_key><![CDATA[_wp_old_date]]></wp:meta_key>
		<wp:meta_value><![CDATA[2020-08-25]]></wp:meta_value>
		</wp:postmeta>
							<wp:postmeta>
		<wp:meta_key><![CDATA[valpa_no_homenaje_meta]]></wp:meta_key>
		<wp:meta_value><![CDATA[0020000018]]></wp:meta_value>
		</wp:postmeta>
							<wp:postmeta>
		<wp:meta_key><![CDATA[valpa_nacimiento_dia_meta]]></wp:meta_key>
		<wp:meta_value><![CDATA[26]]></wp:meta_value>
		</wp:postmeta>
							<wp:postmeta>
		<wp:meta_key><![CDATA[valpa_nacimiento_mes_meta]]></wp:meta_key>
		<wp:meta_value><![CDATA[02]]></wp:meta_value>
		</wp:postmeta>
							<wp:postmeta>
		<wp:meta_key><![CDATA[valpa_nacimiento_ano_meta]]></wp:meta_key>
		<wp:meta_value><![CDATA[1959]]></wp:meta_value>
		</wp:postmeta>
							<wp:postmeta>
		<wp:meta_key><![CDATA[post_views_count]]></wp:meta_key>
		<wp:meta_value><![CDATA[46]]></wp:meta_value>
		</wp:postmeta>
							</item>
					<item>
		<title><![CDATA[Lauro Antonio Martinez YaÃ±ez]]></title>
		<link>http://localhost/sass-wp/obituario/lauro-antonio-martinez-yanez/</link>
		<pubDate>Thu, 02 Jan 2020 00:00:24 +0000</pubDate>
		<dc:creator><![CDATA[webmaster]]></dc:creator>
		<guid isPermaLink="false">http://valparaiso.com.mx/?post_type=valpa_obituario_pt&#038;p=246</guid>
		<description></description>
		<content:encoded><![CDATA[<img class="alignnone size-full wp-image-3097" src="http://valparaiso.com.mx/wp-content/uploads/2020/01/IMG-20200102-WA0025.jpg" alt="" width="628" height="1110" /> <img class="alignnone size-medium wp-image-3098" src="http://valparaiso.com.mx/wp-content/uploads/2020/01/IMG-20200102-WA0026.jpg" alt="" width="300" height="170" /> <img class="alignnone size-medium wp-image-3099" src="http://valparaiso.com.mx/wp-content/uploads/2020/01/IMG-20200102-WA0027.jpg" alt="" width="211" height="300" /> <img class="alignnone size-medium wp-image-3100" src="http://valparaiso.com.mx/wp-content/uploads/2020/01/IMG-20200102-WA0028.jpg" alt="" width="255" height="300" /> <img class="alignnone size-medium wp-image-3101" src="http://valparaiso.com.mx/wp-content/uploads/2020/01/IMG-20200102-WA0029.jpg" alt="" width="300" height="225" /> <img class="alignnone size-medium wp-image-3102" src="http://valparaiso.com.mx/wp-content/uploads/2020/01/IMG-20200102-WA0030.jpg" alt="" width="300" height="136" /> <img class="alignnone size-medium wp-image-3103" src="http://valparaiso.com.mx/wp-content/uploads/2020/01/IMG-20200102-WA0031.jpg" alt="" width="300" height="225" /> <img class="alignnone size-medium wp-image-3104" src="http://valparaiso.com.mx/wp-content/uploads/2020/01/IMG-20200102-WA0032.jpg" alt="" width="300" height="168" /> <img class="alignnone size-medium wp-image-3105" src="http://valparaiso.com.mx/wp-content/uploads/2020/01/IMG-20200102-WA0033.jpg" alt="" width="300" height="169" /> <img class="alignnone size-medium wp-image-3106" src="http://valparaiso.com.mx/wp-content/uploads/2020/01/IMG-20200102-WA0034.jpg" alt="" width="300" height="225" /> <img class="alignnone size-medium wp-image-3107" src="http://valparaiso.com.mx/wp-content/uploads/2020/01/IMG-20200102-WA0035.jpg" alt="" width="300" height="225" /> <img class="alignnone size-medium wp-image-3108" src="http://valparaiso.com.mx/wp-content/uploads/2020/01/IMG-20200102-WA0036.jpg" alt="" width="131" height="300" /> <img class="alignnone size-medium wp-image-3109" src="http://valparaiso.com.mx/wp-content/uploads/2020/01/IMG-20200102-WA0037.jpg" alt="" width="178" height="300" /> <img class="alignnone size-medium wp-image-3110" src="http://valparaiso.com.mx/wp-content/uploads/2020/01/IMG-20200102-WA0038.jpg" alt="" width="130" height="300" />]]></content:encoded>
		<excerpt:encoded><![CDATA[]]></excerpt:encoded>
		<wp:post_id>246</wp:post_id>
		<wp:post_date><![CDATA[2020-01-02 00:00:24]]></wp:post_date>
		<wp:post_date_gmt><![CDATA[2020-01-02 00:00:24]]></wp:post_date_gmt>
		<wp:post_modified><![CDATA[2020-01-02 00:00:24]]></wp:post_modified>
		<wp:post_modified_gmt><![CDATA[2020-01-02 00:00:24]]></wp:post_modified_gmt>
		<wp:comment_status><![CDATA[open]]></wp:comment_status>
		<wp:ping_status><![CDATA[closed]]></wp:ping_status>
		<wp:post_name><![CDATA[lauro-antonio-martinez-yanez]]></wp:post_name>
		<wp:status><![CDATA[publish]]></wp:status>
		<wp:post_parent>0</wp:post_parent>
		<wp:menu_order>0</wp:menu_order>
		<wp:post_type><![CDATA[valpa_obituario_pt]]></wp:post_type>
		<wp:post_password><![CDATA[]]></wp:post_password>
		<wp:is_sticky>0</wp:is_sticky>
														<wp:postmeta>
		<wp:meta_key><![CDATA[_wp_old_date]]></wp:meta_key>
		<wp:meta_value><![CDATA[2020-08-25]]></wp:meta_value>
		</wp:postmeta>
							<wp:postmeta>
		<wp:meta_key><![CDATA[valpa_no_homenaje_meta]]></wp:meta_key>
		<wp:meta_value><![CDATA[0020000019]]></wp:meta_value>
		</wp:postmeta>
							<wp:postmeta>
		<wp:meta_key><![CDATA[valpa_nacimiento_dia_meta]]></wp:meta_key>
		<wp:meta_value><![CDATA[20]]></wp:meta_value>
		</wp:postmeta>
							<wp:postmeta>
		<wp:meta_key><![CDATA[valpa_nacimiento_mes_meta]]></wp:meta_key>
		<wp:meta_value><![CDATA[08]]></wp:meta_value>
		</wp:postmeta>
							<wp:postmeta>
		<wp:meta_key><![CDATA[valpa_nacimiento_ano_meta]]></wp:meta_key>
		<wp:meta_value><![CDATA[1937]]></wp:meta_value>
		</wp:postmeta>
							<wp:postmeta>
		<wp:meta_key><![CDATA[post_views_count]]></wp:meta_key>
		<wp:meta_value><![CDATA[59]]></wp:meta_value>
		</wp:postmeta>
							</item>
					<item>
		<title><![CDATA[Raymundo Reyes Sandoval]]></title>
		<link>http://localhost/sass-wp/obituario/raymundo-reyes-sandoval/</link>
		<pubDate>Sat, 04 Jan 2020 00:00:20 +0000</pubDate>
		<dc:creator><![CDATA[webmaster]]></dc:creator>
		<guid isPermaLink="false">http://valparaiso.com.mx/?post_type=valpa_obituario_pt&#038;p=247</guid>
		<description></description>
		<content:encoded><![CDATA[]]></content:encoded>
		<excerpt:encoded><![CDATA[]]></excerpt:encoded>
		<wp:post_id>247</wp:post_id>
		<wp:post_date><![CDATA[2020-01-04 00:00:20]]></wp:post_date>
		<wp:post_date_gmt><![CDATA[2020-01-04 00:00:20]]></wp:post_date_gmt>
		<wp:post_modified><![CDATA[2020-01-04 00:00:20]]></wp:post_modified>
		<wp:post_modified_gmt><![CDATA[2020-01-04 00:00:20]]></wp:post_modified_gmt>
		<wp:comment_status><![CDATA[open]]></wp:comment_status>
		<wp:ping_status><![CDATA[closed]]></wp:ping_status>
		<wp:post_name><![CDATA[raymundo-reyes-sandoval]]></wp:post_name>
		<wp:status><![CDATA[publish]]></wp:status>
		<wp:post_parent>0</wp:post_parent>
		<wp:menu_order>0</wp:menu_order>
		<wp:post_type><![CDATA[valpa_obituario_pt]]></wp:post_type>
		<wp:post_password><![CDATA[]]></wp:post_password>
		<wp:is_sticky>0</wp:is_sticky>
														<wp:postmeta>
		<wp:meta_key><![CDATA[_wp_old_date]]></wp:meta_key>
		<wp:meta_value><![CDATA[2020-08-25]]></wp:meta_value>
		</wp:postmeta>
							<wp:postmeta>
		<wp:meta_key><![CDATA[valpa_no_homenaje_meta]]></wp:meta_key>
		<wp:meta_value><![CDATA[0020000020]]></wp:meta_value>
		</wp:postmeta>
							<wp:postmeta>
		<wp:meta_key><![CDATA[valpa_nacimiento_dia_meta]]></wp:meta_key>
		<wp:meta_value><![CDATA[23]]></wp:meta_value>
		</wp:postmeta>
							<wp:postmeta>
		<wp:meta_key><![CDATA[valpa_nacimiento_mes_meta]]></wp:meta_key>
		<wp:meta_value><![CDATA[01]]></wp:meta_value>
		</wp:postmeta>
							<wp:postmeta>
		<wp:meta_key><![CDATA[valpa_nacimiento_ano_meta]]></wp:meta_key>
		<wp:meta_value><![CDATA[1942]]></wp:meta_value>
		</wp:postmeta>
							<wp:postmeta>
		<wp:meta_key><![CDATA[post_views_count]]></wp:meta_key>
		<wp:meta_value><![CDATA[50]]></wp:meta_value>
		</wp:postmeta>
							</item>
					<item>
		<title><![CDATA[Guadalupe Ramos Iturbe]]></title>
		<link>http://localhost/sass-wp/obituario/guadalupe-ramos-iturbe/</link>
		<pubDate>Mon, 06 Jan 2020 00:00:27 +0000</pubDate>
		<dc:creator><![CDATA[webmaster]]></dc:creator>
		<guid isPermaLink="false">http://valparaiso.com.mx/?post_type=valpa_obituario_pt&#038;p=249</guid>
		<description></description>
		<content:encoded><![CDATA[<img class="alignnone size-full wp-image-3111" src="http://valparaiso.com.mx/wp-content/uploads/2020/01/20170226_141743.jpg" alt="" width="1920" height="1080" /> <img class="alignnone size-medium wp-image-3112" src="http://valparaiso.com.mx/wp-content/uploads/2020/01/Fiesta-Ara-y-Mario-046.jpg" alt="" width="300" height="225" /> <img class="alignnone size-medium wp-image-3113" src="http://valparaiso.com.mx/wp-content/uploads/2020/01/IMG_0124-scaled.jpg" alt="" width="300" height="225" /> <img class="alignnone size-medium wp-image-3114" src="http://valparaiso.com.mx/wp-content/uploads/2020/01/IMG-20200106-WA0011.jpg" alt="" width="300" height="166" /> <img class="alignnone size-medium wp-image-3115" src="http://valparaiso.com.mx/wp-content/uploads/2020/01/IMG-20200106-WA0012.jpg" alt="" width="300" height="200" /> <img class="alignnone size-medium wp-image-3116" src="http://valparaiso.com.mx/wp-content/uploads/2020/01/IMG-20200106-WA0013.jpg" alt="" width="300" height="225" /> <img class="alignnone size-medium wp-image-3117" src="http://valparaiso.com.mx/wp-content/uploads/2020/01/IMG-20200106-WA0014.jpg" alt="" width="300" height="300" /> <img class="alignnone size-medium wp-image-3118" src="http://valparaiso.com.mx/wp-content/uploads/2020/01/IMG-20200106-WA0015.jpg" alt="" width="169" height="300" /> <img class="alignnone size-medium wp-image-3119" src="http://valparaiso.com.mx/wp-content/uploads/2020/01/IMG-20200106-WA0016.jpg" alt="" width="300" height="225" />]]></content:encoded>
		<excerpt:encoded><![CDATA[]]></excerpt:encoded>
		<wp:post_id>249</wp:post_id>
		<wp:post_date><![CDATA[2020-01-06 00:00:27]]></wp:post_date>
		<wp:post_date_gmt><![CDATA[2020-01-06 00:00:27]]></wp:post_date_gmt>
		<wp:post_modified><![CDATA[2020-01-06 00:00:27]]></wp:post_modified>
		<wp:post_modified_gmt><![CDATA[2020-01-06 00:00:27]]></wp:post_modified_gmt>
		<wp:comment_status><![CDATA[open]]></wp:comment_status>
		<wp:ping_status><![CDATA[closed]]></wp:ping_status>
		<wp:post_name><![CDATA[guadalupe-ramos-iturbe]]></wp:post_name>
		<wp:status><![CDATA[publish]]></wp:status>
		<wp:post_parent>0</wp:post_parent>
		<wp:menu_order>0</wp:menu_order>
		<wp:post_type><![CDATA[valpa_obituario_pt]]></wp:post_type>
		<wp:post_password><![CDATA[]]></wp:post_password>
		<wp:is_sticky>0</wp:is_sticky>
														<wp:postmeta>
		<wp:meta_key><![CDATA[_wp_old_date]]></wp:meta_key>
		<wp:meta_value><![CDATA[2020-08-25]]></wp:meta_value>
		</wp:postmeta>
							<wp:postmeta>
		<wp:meta_key><![CDATA[valpa_no_homenaje_meta]]></wp:meta_key>
		<wp:meta_value><![CDATA[0020000021]]></wp:meta_value>
		</wp:postmeta>
							<wp:postmeta>
		<wp:meta_key><![CDATA[valpa_nacimiento_dia_meta]]></wp:meta_key>
		<wp:meta_value><![CDATA[19]]></wp:meta_value>
		</wp:postmeta>
							<wp:postmeta>
		<wp:meta_key><![CDATA[valpa_nacimiento_mes_meta]]></wp:meta_key>
		<wp:meta_value><![CDATA[01]]></wp:meta_value>
		</wp:postmeta>
							<wp:postmeta>
		<wp:meta_key><![CDATA[valpa_nacimiento_ano_meta]]></wp:meta_key>
		<wp:meta_value><![CDATA[1947]]></wp:meta_value>
		</wp:postmeta>
							<wp:postmeta>
		<wp:meta_key><![CDATA[post_views_count]]></wp:meta_key>
		<wp:meta_value><![CDATA[52]]></wp:meta_value>
		</wp:postmeta>
							</item>
					<item>
		<title><![CDATA[Monica Becerrin Sanchez]]></title>
		<link>http://localhost/sass-wp/obituario/monica-becerrin-sanchez/</link>
		<pubDate>Thu, 09 Jan 2020 00:00:14 +0000</pubDate>
		<dc:creator><![CDATA[webmaster]]></dc:creator>
		<guid isPermaLink="false">http://valparaiso.com.mx/?post_type=valpa_obituario_pt&#038;p=251</guid>
		<description></description>
		<content:encoded><![CDATA[]]></content:encoded>
		<excerpt:encoded><![CDATA[]]></excerpt:encoded>
		<wp:post_id>251</wp:post_id>
		<wp:post_date><![CDATA[2020-01-09 00:00:14]]></wp:post_date>
		<wp:post_date_gmt><![CDATA[2020-01-09 00:00:14]]></wp:post_date_gmt>
		<wp:post_modified><![CDATA[2020-01-09 00:00:14]]></wp:post_modified>
		<wp:post_modified_gmt><![CDATA[2020-01-09 00:00:14]]></wp:post_modified_gmt>
		<wp:comment_status><![CDATA[open]]></wp:comment_status>
		<wp:ping_status><![CDATA[closed]]></wp:ping_status>
		<wp:post_name><![CDATA[monica-becerrin-sanchez]]></wp:post_name>
		<wp:status><![CDATA[publish]]></wp:status>
		<wp:post_parent>0</wp:post_parent>
		<wp:menu_order>0</wp:menu_order>
		<wp:post_type><![CDATA[valpa_obituario_pt]]></wp:post_type>
		<wp:post_password><![CDATA[]]></wp:post_password>
		<wp:is_sticky>0</wp:is_sticky>
														<wp:postmeta>
		<wp:meta_key><![CDATA[_wp_old_date]]></wp:meta_key>
		<wp:meta_value><![CDATA[2020-08-25]]></wp:meta_value>
		</wp:postmeta>
							<wp:postmeta>
		<wp:meta_key><![CDATA[valpa_no_homenaje_meta]]></wp:meta_key>
		<wp:meta_value><![CDATA[0020000023]]></wp:meta_value>
		</wp:postmeta>
							<wp:postmeta>
		<wp:meta_key><![CDATA[valpa_nacimiento_dia_meta]]></wp:meta_key>
		<wp:meta_value><![CDATA[12]]></wp:meta_value>
		</wp:postmeta>
							<wp:postmeta>
		<wp:meta_key><![CDATA[valpa_nacimiento_mes_meta]]></wp:meta_key>
		<wp:meta_value><![CDATA[01]]></wp:meta_value>
		</wp:postmeta>
							<wp:postmeta>
		<wp:meta_key><![CDATA[valpa_nacimiento_ano_meta]]></wp:meta_key>
		<wp:meta_value><![CDATA[1970]]></wp:meta_value>
		</wp:postmeta>
							<wp:postmeta>
		<wp:meta_key><![CDATA[post_views_count]]></wp:meta_key>
		<wp:meta_value><![CDATA[64]]></wp:meta_value>
		</wp:postmeta>
							</item>
					<item>
		<title><![CDATA[Maria Esperanza Rodriguez Padilla]]></title>
		<link>http://localhost/sass-wp/obituario/maria-esperanza-rodriguez-padilla/</link>
		<pubDate>Mon, 13 Jan 2020 00:00:17 +0000</pubDate>
		<dc:creator><![CDATA[webmaster]]></dc:creator>
		<guid isPermaLink="false">http://valparaiso.com.mx/?post_type=valpa_obituario_pt&#038;p=253</guid>
		<description></description>
		<content:encoded><![CDATA[<img class="alignnone size-full wp-image-3130" src="http://valparaiso.com.mx/wp-content/uploads/2020/01/WhatsApp-Image-2020-01-14-at-6.41.06-AM-1.jpeg" alt="" width="780" height="1040" /> <img class="alignnone size-medium wp-image-3131" src="http://valparaiso.com.mx/wp-content/uploads/2020/01/WhatsApp-Image-2020-01-14-at-6.41.06-AM.jpeg" alt="" width="150" height="300" /> <img class="alignnone size-medium wp-image-3132" src="http://valparaiso.com.mx/wp-content/uploads/2020/01/WhatsApp-Image-2020-01-14-at-6.41.07-AM-1.jpeg" alt="" width="225" height="300" /> <img class="alignnone size-medium wp-image-3133" src="http://valparaiso.com.mx/wp-content/uploads/2020/01/WhatsApp-Image-2020-01-14-at-6.41.07-AM-2.jpeg" alt="" width="169" height="300" /> <img class="alignnone size-medium wp-image-3135" src="http://valparaiso.com.mx/wp-content/uploads/2020/01/WhatsApp-Image-2020-01-14-at-6.41.07-AM-3.jpeg" alt="" width="169" height="300" /> <img class="alignnone size-medium wp-image-3136" src="http://valparaiso.com.mx/wp-content/uploads/2020/01/WhatsApp-Image-2020-01-14-at-6.41.07-AM.jpeg" alt="" width="225" height="300" /> <img class="alignnone size-medium wp-image-3137" src="http://valparaiso.com.mx/wp-content/uploads/2020/01/WhatsApp-Image-2020-01-14-at-6.41.08-AM-1.jpeg" alt="" width="300" height="225" /> <img class="alignnone size-medium wp-image-3138" src="http://valparaiso.com.mx/wp-content/uploads/2020/01/WhatsApp-Image-2020-01-14-at-6.41.08-AM-2.jpeg" alt="" width="225" height="300" /> <img class="alignnone size-medium wp-image-3139" src="http://valparaiso.com.mx/wp-content/uploads/2020/01/WhatsApp-Image-2020-01-14-at-6.41.08-AM-3.jpeg" alt="" width="300" height="225" /> <img class="alignnone size-medium wp-image-3140" src="http://valparaiso.com.mx/wp-content/uploads/2020/01/WhatsApp-Image-2020-01-14-at-6.41.08-AM.jpeg" alt="" width="300" height="225" /> <img class="alignnone size-medium wp-image-3141" src="http://valparaiso.com.mx/wp-content/uploads/2020/01/WhatsApp-Image-2020-01-14-at-6.41.09-AM-1.jpeg" alt="" width="169" height="300" /> <img class="alignnone size-medium wp-image-3142" src="http://valparaiso.com.mx/wp-content/uploads/2020/01/WhatsApp-Image-2020-01-14-at-6.41.09-AM-2.jpeg" alt="" width="300" height="225" /> <img class="alignnone size-medium wp-image-3143" src="http://valparaiso.com.mx/wp-content/uploads/2020/01/WhatsApp-Image-2020-01-14-at-6.41.09-AM.jpeg" alt="" width="300" height="200" /> <img class="alignnone size-medium wp-image-3144" src="http://valparaiso.com.mx/wp-content/uploads/2020/01/WhatsApp-Image-2020-01-14-at-6.41.10-AM-1.jpeg" alt="" width="300" height="225" /> <img class="alignnone size-medium wp-image-3145" src="http://valparaiso.com.mx/wp-content/uploads/2020/01/WhatsApp-Image-2020-01-14-at-6.41.10-AM-2.jpeg" alt="" width="300" height="150" /> <img class="alignnone size-medium wp-image-3146" src="http://valparaiso.com.mx/wp-content/uploads/2020/01/WhatsApp-Image-2020-01-14-at-6.41.10-AM-3.jpeg" alt="" width="169" height="300" /> <img class="alignnone size-medium wp-image-3147" src="http://valparaiso.com.mx/wp-content/uploads/2020/01/WhatsApp-Image-2020-01-14-at-6.41.10-AM-4.jpeg" alt="" width="300" height="200" /> <img class="alignnone size-medium wp-image-3148" src="http://valparaiso.com.mx/wp-content/uploads/2020/01/WhatsApp-Image-2020-01-14-at-6.41.10-AM.jpeg" alt="" width="300" height="225" /> <img class="alignnone size-medium wp-image-3149" src="http://valparaiso.com.mx/wp-content/uploads/2020/01/WhatsApp-Image-2020-01-14-at-6.41.11-AM-1.jpeg" alt="" width="300" height="225" /> <img class="alignnone size-medium wp-image-3150" src="http://valparaiso.com.mx/wp-content/uploads/2020/01/WhatsApp-Image-2020-01-14-at-6.41.11-AM-2.jpeg" alt="" width="300" height="225" /> <img class="alignnone size-medium wp-image-3151" src="http://valparaiso.com.mx/wp-content/uploads/2020/01/WhatsApp-Image-2020-01-14-at-6.41.11-AM-3.jpeg" alt="" width="300" height="225" /> <img class="alignnone size-medium wp-image-3152" src="http://valparaiso.com.mx/wp-content/uploads/2020/01/WhatsApp-Image-2020-01-14-at-6.41.11-AM.jpeg" alt="" width="300" height="225" /> <img class="alignnone size-medium wp-image-3153" src="http://valparaiso.com.mx/wp-content/uploads/2020/01/WhatsApp-Image-2020-01-14-at-6.41.12-AM-1.jpeg" alt="" width="225" height="300" /> <img class="alignnone size-medium wp-image-3154" src="http://valparaiso.com.mx/wp-content/uploads/2020/01/WhatsApp-Image-2020-01-14-at-6.41.12-AM.jpeg" alt="" width="300" height="225" />]]></content:encoded>
		<excerpt:encoded><![CDATA[]]></excerpt:encoded>
		<wp:post_id>253</wp:post_id>
		<wp:post_date><![CDATA[2020-01-13 00:00:17]]></wp:post_date>
		<wp:post_date_gmt><![CDATA[2020-01-13 00:00:17]]></wp:post_date_gmt>
		<wp:post_modified><![CDATA[2020-01-13 00:00:17]]></wp:post_modified>
		<wp:post_modified_gmt><![CDATA[2020-01-13 00:00:17]]></wp:post_modified_gmt>
		<wp:comment_status><![CDATA[open]]></wp:comment_status>
		<wp:ping_status><![CDATA[closed]]></wp:ping_status>
		<wp:post_name><![CDATA[maria-esperanza-rodriguez-padilla]]></wp:post_name>
		<wp:status><![CDATA[publish]]></wp:status>
		<wp:post_parent>0</wp:post_parent>
		<wp:menu_order>0</wp:menu_order>
		<wp:post_type><![CDATA[valpa_obituario_pt]]></wp:post_type>
		<wp:post_password><![CDATA[]]></wp:post_password>
		<wp:is_sticky>0</wp:is_sticky>
														<wp:postmeta>
		<wp:meta_key><![CDATA[_wp_old_date]]></wp:meta_key>
		<wp:meta_value><![CDATA[2020-08-25]]></wp:meta_value>
		</wp:postmeta>
							<wp:postmeta>
		<wp:meta_key><![CDATA[valpa_no_homenaje_meta]]></wp:meta_key>
		<wp:meta_value><![CDATA[0020000024]]></wp:meta_value>
		</wp:postmeta>
							<wp:postmeta>
		<wp:meta_key><![CDATA[valpa_nacimiento_dia_meta]]></wp:meta_key>
		<wp:meta_value><![CDATA[07]]></wp:meta_value>
		</wp:postmeta>
							<wp:postmeta>
		<wp:meta_key><![CDATA[valpa_nacimiento_mes_meta]]></wp:meta_key>
		<wp:meta_value><![CDATA[05]]></wp:meta_value>
		</wp:postmeta>
							<wp:postmeta>
		<wp:meta_key><![CDATA[valpa_nacimiento_ano_meta]]></wp:meta_key>
		<wp:meta_value><![CDATA[1949]]></wp:meta_value>
		</wp:postmeta>
							<wp:postmeta>
		<wp:meta_key><![CDATA[post_views_count]]></wp:meta_key>
		<wp:meta_value><![CDATA[72]]></wp:meta_value>
		</wp:postmeta>
							</item>
					<item>
		<title><![CDATA[Amparo Enriquez Cervantes]]></title>
		<link>http://localhost/sass-wp/obituario/amparo-enriquez-cervantes/</link>
		<pubDate>Wed, 15 Jan 2020 00:00:22 +0000</pubDate>
		<dc:creator><![CDATA[webmaster]]></dc:creator>
		<guid isPermaLink="false">http://valparaiso.com.mx/?post_type=valpa_obituario_pt&#038;p=254</guid>
		<description></description>
		<content:encoded><![CDATA[]]></content:encoded>
		<excerpt:encoded><![CDATA[]]></excerpt:encoded>
		<wp:post_id>254</wp:post_id>
		<wp:post_date><![CDATA[2020-01-15 00:00:22]]></wp:post_date>
		<wp:post_date_gmt><![CDATA[2020-01-15 00:00:22]]></wp:post_date_gmt>
		<wp:post_modified><![CDATA[2020-01-15 00:00:22]]></wp:post_modified>
		<wp:post_modified_gmt><![CDATA[2020-01-15 00:00:22]]></wp:post_modified_gmt>
		<wp:comment_status><![CDATA[open]]></wp:comment_status>
		<wp:ping_status><![CDATA[closed]]></wp:ping_status>
		<wp:post_name><![CDATA[amparo-enriquez-cervantes]]></wp:post_name>
		<wp:status><![CDATA[publish]]></wp:status>
		<wp:post_parent>0</wp:post_parent>
		<wp:menu_order>0</wp:menu_order>
		<wp:post_type><![CDATA[valpa_obituario_pt]]></wp:post_type>
		<wp:post_password><![CDATA[]]></wp:post_password>
		<wp:is_sticky>0</wp:is_sticky>
														<wp:postmeta>
		<wp:meta_key><![CDATA[_wp_old_date]]></wp:meta_key>
		<wp:meta_value><![CDATA[2020-08-25]]></wp:meta_value>
		</wp:postmeta>
							<wp:postmeta>
		<wp:meta_key><![CDATA[valpa_no_homenaje_meta]]></wp:meta_key>
		<wp:meta_value><![CDATA[0020000025]]></wp:meta_value>
		</wp:postmeta>
							<wp:postmeta>
		<wp:meta_key><![CDATA[valpa_nacimiento_dia_meta]]></wp:meta_key>
		<wp:meta_value><![CDATA[03]]></wp:meta_value>
		</wp:postmeta>
							<wp:postmeta>
		<wp:meta_key><![CDATA[valpa_nacimiento_mes_meta]]></wp:meta_key>
		<wp:meta_value><![CDATA[11]]></wp:meta_value>
		</wp:postmeta>
							<wp:postmeta>
		<wp:meta_key><![CDATA[valpa_nacimiento_ano_meta]]></wp:meta_key>
		<wp:meta_value><![CDATA[1967]]></wp:meta_value>
		</wp:postmeta>
							<wp:postmeta>
		<wp:meta_key><![CDATA[post_views_count]]></wp:meta_key>
		<wp:meta_value><![CDATA[44]]></wp:meta_value>
		</wp:postmeta>
							</item>
					<item>
		<title><![CDATA[Ernestina Sanchez Suarez]]></title>
		<link>http://localhost/sass-wp/obituario/ernestina-sanchez-suarez/</link>
		<pubDate>Wed, 15 Jan 2020 00:00:25 +0000</pubDate>
		<dc:creator><![CDATA[webmaster]]></dc:creator>
		<guid isPermaLink="false">http://valparaiso.com.mx/?post_type=valpa_obituario_pt&#038;p=255</guid>
		<description></description>
		<content:encoded><![CDATA[]]></content:encoded>
		<excerpt:encoded><![CDATA[]]></excerpt:encoded>
		<wp:post_id>255</wp:post_id>
		<wp:post_date><![CDATA[2020-01-15 00:00:25]]></wp:post_date>
		<wp:post_date_gmt><![CDATA[2020-01-15 00:00:25]]></wp:post_date_gmt>
		<wp:post_modified><![CDATA[2020-01-15 00:00:25]]></wp:post_modified>
		<wp:post_modified_gmt><![CDATA[2020-01-15 00:00:25]]></wp:post_modified_gmt>
		<wp:comment_status><![CDATA[open]]></wp:comment_status>
		<wp:ping_status><![CDATA[closed]]></wp:ping_status>
		<wp:post_name><![CDATA[ernestina-sanchez-suarez]]></wp:post_name>
		<wp:status><![CDATA[publish]]></wp:status>
		<wp:post_parent>0</wp:post_parent>
		<wp:menu_order>0</wp:menu_order>
		<wp:post_type><![CDATA[valpa_obituario_pt]]></wp:post_type>
		<wp:post_password><![CDATA[]]></wp:post_password>
		<wp:is_sticky>0</wp:is_sticky>
														<wp:postmeta>
		<wp:meta_key><![CDATA[_wp_old_date]]></wp:meta_key>
		<wp:meta_value><![CDATA[2020-08-25]]></wp:meta_value>
		</wp:postmeta>
							<wp:postmeta>
		<wp:meta_key><![CDATA[valpa_no_homenaje_meta]]></wp:meta_key>
		<wp:meta_value><![CDATA[0020000026]]></wp:meta_value>
		</wp:postmeta>
							<wp:postmeta>
		<wp:meta_key><![CDATA[valpa_nacimiento_dia_meta]]></wp:meta_key>
		<wp:meta_value><![CDATA[29]]></wp:meta_value>
		</wp:postmeta>
							<wp:postmeta>
		<wp:meta_key><![CDATA[valpa_nacimiento_mes_meta]]></wp:meta_key>
		<wp:meta_value><![CDATA[02]]></wp:meta_value>
		</wp:postmeta>
							<wp:postmeta>
		<wp:meta_key><![CDATA[valpa_nacimiento_ano_meta]]></wp:meta_key>
		<wp:meta_value><![CDATA[1928]]></wp:meta_value>
		</wp:postmeta>
							<wp:postmeta>
		<wp:meta_key><![CDATA[post_views_count]]></wp:meta_key>
		<wp:meta_value><![CDATA[54]]></wp:meta_value>
		</wp:postmeta>
							</item>
					<item>
		<title><![CDATA[Carmen Rico Gamez]]></title>
		<link>http://localhost/sass-wp/obituario/carmen-rico-gamez/</link>
		<pubDate>Thu, 16 Jan 2020 00:00:48 +0000</pubDate>
		<dc:creator><![CDATA[webmaster]]></dc:creator>
		<guid isPermaLink="false">http://valparaiso.com.mx/?post_type=valpa_obituario_pt&#038;p=257</guid>
		<description></description>
		<content:encoded><![CDATA[]]></content:encoded>
		<excerpt:encoded><![CDATA[]]></excerpt:encoded>
		<wp:post_id>257</wp:post_id>
		<wp:post_date><![CDATA[2020-01-16 00:00:48]]></wp:post_date>
		<wp:post_date_gmt><![CDATA[2020-01-16 00:00:48]]></wp:post_date_gmt>
		<wp:post_modified><![CDATA[2020-01-16 00:00:48]]></wp:post_modified>
		<wp:post_modified_gmt><![CDATA[2020-01-16 00:00:48]]></wp:post_modified_gmt>
		<wp:comment_status><![CDATA[open]]></wp:comment_status>
		<wp:ping_status><![CDATA[closed]]></wp:ping_status>
		<wp:post_name><![CDATA[carmen-rico-gamez]]></wp:post_name>
		<wp:status><![CDATA[publish]]></wp:status>
		<wp:post_parent>0</wp:post_parent>
		<wp:menu_order>0</wp:menu_order>
		<wp:post_type><![CDATA[valpa_obituario_pt]]></wp:post_type>
		<wp:post_password><![CDATA[]]></wp:post_password>
		<wp:is_sticky>0</wp:is_sticky>
														<wp:postmeta>
		<wp:meta_key><![CDATA[_wp_old_date]]></wp:meta_key>
		<wp:meta_value><![CDATA[2020-08-25]]></wp:meta_value>
		</wp:postmeta>
							<wp:postmeta>
		<wp:meta_key><![CDATA[valpa_no_homenaje_meta]]></wp:meta_key>
		<wp:meta_value><![CDATA[0020000027]]></wp:meta_value>
		</wp:postmeta>
							<wp:postmeta>
		<wp:meta_key><![CDATA[valpa_nacimiento_dia_meta]]></wp:meta_key>
		<wp:meta_value><![CDATA[17]]></wp:meta_value>
		</wp:postmeta>
							<wp:postmeta>
		<wp:meta_key><![CDATA[valpa_nacimiento_mes_meta]]></wp:meta_key>
		<wp:meta_value><![CDATA[04]]></wp:meta_value>
		</wp:postmeta>
							<wp:postmeta>
		<wp:meta_key><![CDATA[valpa_nacimiento_ano_meta]]></wp:meta_key>
		<wp:meta_value><![CDATA[1951]]></wp:meta_value>
		</wp:postmeta>
							<wp:postmeta>
		<wp:meta_key><![CDATA[post_views_count]]></wp:meta_key>
		<wp:meta_value><![CDATA[41]]></wp:meta_value>
		</wp:postmeta>
							</item>
					<item>
		<title><![CDATA[Rosario Valdespino Rodriguez]]></title>
		<link>http://localhost/sass-wp/obituario/rosario-valdespino-rodriguez/</link>
		<pubDate>Fri, 17 Jan 2020 00:00:48 +0000</pubDate>
		<dc:creator><![CDATA[webmaster]]></dc:creator>
		<guid isPermaLink="false">http://valparaiso.com.mx/?post_type=valpa_obituario_pt&#038;p=258</guid>
		<description></description>
		<content:encoded><![CDATA[]]></content:encoded>
		<excerpt:encoded><![CDATA[]]></excerpt:encoded>
		<wp:post_id>258</wp:post_id>
		<wp:post_date><![CDATA[2020-01-17 00:00:48]]></wp:post_date>
		<wp:post_date_gmt><![CDATA[2020-01-17 00:00:48]]></wp:post_date_gmt>
		<wp:post_modified><![CDATA[2020-01-17 00:00:48]]></wp:post_modified>
		<wp:post_modified_gmt><![CDATA[2020-01-17 00:00:48]]></wp:post_modified_gmt>
		<wp:comment_status><![CDATA[open]]></wp:comment_status>
		<wp:ping_status><![CDATA[closed]]></wp:ping_status>
		<wp:post_name><![CDATA[rosario-valdespino-rodriguez]]></wp:post_name>
		<wp:status><![CDATA[publish]]></wp:status>
		<wp:post_parent>0</wp:post_parent>
		<wp:menu_order>0</wp:menu_order>
		<wp:post_type><![CDATA[valpa_obituario_pt]]></wp:post_type>
		<wp:post_password><![CDATA[]]></wp:post_password>
		<wp:is_sticky>0</wp:is_sticky>
														<wp:postmeta>
		<wp:meta_key><![CDATA[_wp_old_date]]></wp:meta_key>
		<wp:meta_value><![CDATA[2020-08-25]]></wp:meta_value>
		</wp:postmeta>
							<wp:postmeta>
		<wp:meta_key><![CDATA[valpa_no_homenaje_meta]]></wp:meta_key>
		<wp:meta_value><![CDATA[0020000028]]></wp:meta_value>
		</wp:postmeta>
							<wp:postmeta>
		<wp:meta_key><![CDATA[valpa_nacimiento_dia_meta]]></wp:meta_key>
		<wp:meta_value><![CDATA[07]]></wp:meta_value>
		</wp:postmeta>
							<wp:postmeta>
		<wp:meta_key><![CDATA[valpa_nacimiento_mes_meta]]></wp:meta_key>
		<wp:meta_value><![CDATA[10]]></wp:meta_value>
		</wp:postmeta>
							<wp:postmeta>
		<wp:meta_key><![CDATA[valpa_nacimiento_ano_meta]]></wp:meta_key>
		<wp:meta_value><![CDATA[1945]]></wp:meta_value>
		</wp:postmeta>
							<wp:postmeta>
		<wp:meta_key><![CDATA[post_views_count]]></wp:meta_key>
		<wp:meta_value><![CDATA[41]]></wp:meta_value>
		</wp:postmeta>
							</item>
					<item>
		<title><![CDATA[Raquel Ortega Granados]]></title>
		<link>http://localhost/sass-wp/obituario/raquel-ortega-granados/</link>
		<pubDate>Fri, 24 Jan 2020 00:00:43 +0000</pubDate>
		<dc:creator><![CDATA[webmaster]]></dc:creator>
		<guid isPermaLink="false">http://valparaiso.com.mx/?post_type=valpa_obituario_pt&#038;p=260</guid>
		<description></description>
		<content:encoded><![CDATA[]]></content:encoded>
		<excerpt:encoded><![CDATA[]]></excerpt:encoded>
		<wp:post_id>260</wp:post_id>
		<wp:post_date><![CDATA[2020-01-24 00:00:43]]></wp:post_date>
		<wp:post_date_gmt><![CDATA[2020-01-24 00:00:43]]></wp:post_date_gmt>
		<wp:post_modified><![CDATA[2020-01-24 00:00:43]]></wp:post_modified>
		<wp:post_modified_gmt><![CDATA[2020-01-24 00:00:43]]></wp:post_modified_gmt>
		<wp:comment_status><![CDATA[open]]></wp:comment_status>
		<wp:ping_status><![CDATA[closed]]></wp:ping_status>
		<wp:post_name><![CDATA[raquel-ortega-granados]]></wp:post_name>
		<wp:status><![CDATA[publish]]></wp:status>
		<wp:post_parent>0</wp:post_parent>
		<wp:menu_order>0</wp:menu_order>
		<wp:post_type><![CDATA[valpa_obituario_pt]]></wp:post_type>
		<wp:post_password><![CDATA[]]></wp:post_password>
		<wp:is_sticky>0</wp:is_sticky>
														<wp:postmeta>
		<wp:meta_key><![CDATA[valpa_no_homenaje_meta]]></wp:meta_key>
		<wp:meta_value><![CDATA[0020000029]]></wp:meta_value>
		</wp:postmeta>
							<wp:postmeta>
		<wp:meta_key><![CDATA[valpa_nacimiento_dia_meta]]></wp:meta_key>
		<wp:meta_value><![CDATA[03]]></wp:meta_value>
		</wp:postmeta>
							<wp:postmeta>
		<wp:meta_key><![CDATA[valpa_nacimiento_mes_meta]]></wp:meta_key>
		<wp:meta_value><![CDATA[11]]></wp:meta_value>
		</wp:postmeta>
							<wp:postmeta>
		<wp:meta_key><![CDATA[valpa_nacimiento_ano_meta]]></wp:meta_key>
		<wp:meta_value><![CDATA[1938]]></wp:meta_value>
		</wp:postmeta>
							<wp:postmeta>
		<wp:meta_key><![CDATA[post_views_count]]></wp:meta_key>
		<wp:meta_value><![CDATA[51]]></wp:meta_value>
		</wp:postmeta>
							</item>
					<item>
		<title><![CDATA[Jovita Consuelo Jardon Chavarria]]></title>
		<link>http://localhost/sass-wp/obituario/jovita-consuelo-jardon-chavarria/</link>
		<pubDate>Fri, 24 Jan 2020 00:00:21 +0000</pubDate>
		<dc:creator><![CDATA[webmaster]]></dc:creator>
		<guid isPermaLink="false">http://valparaiso.com.mx/?post_type=valpa_obituario_pt&#038;p=261</guid>
		<description></description>
		<content:encoded><![CDATA[]]></content:encoded>
		<excerpt:encoded><![CDATA[]]></excerpt:encoded>
		<wp:post_id>261</wp:post_id>
		<wp:post_date><![CDATA[2020-01-24 00:00:21]]></wp:post_date>
		<wp:post_date_gmt><![CDATA[2020-01-24 00:00:21]]></wp:post_date_gmt>
		<wp:post_modified><![CDATA[2020-01-24 00:00:21]]></wp:post_modified>
		<wp:post_modified_gmt><![CDATA[2020-01-24 00:00:21]]></wp:post_modified_gmt>
		<wp:comment_status><![CDATA[open]]></wp:comment_status>
		<wp:ping_status><![CDATA[closed]]></wp:ping_status>
		<wp:post_name><![CDATA[jovita-consuelo-jardon-chavarria]]></wp:post_name>
		<wp:status><![CDATA[publish]]></wp:status>
		<wp:post_parent>0</wp:post_parent>
		<wp:menu_order>0</wp:menu_order>
		<wp:post_type><![CDATA[valpa_obituario_pt]]></wp:post_type>
		<wp:post_password><![CDATA[]]></wp:post_password>
		<wp:is_sticky>0</wp:is_sticky>
														<wp:postmeta>
		<wp:meta_key><![CDATA[valpa_no_homenaje_meta]]></wp:meta_key>
		<wp:meta_value><![CDATA[0020000030]]></wp:meta_value>
		</wp:postmeta>
							<wp:postmeta>
		<wp:meta_key><![CDATA[valpa_nacimiento_dia_meta]]></wp:meta_key>
		<wp:meta_value><![CDATA[15]]></wp:meta_value>
		</wp:postmeta>
							<wp:postmeta>
		<wp:meta_key><![CDATA[valpa_nacimiento_mes_meta]]></wp:meta_key>
		<wp:meta_value><![CDATA[02]]></wp:meta_value>
		</wp:postmeta>
							<wp:postmeta>
		<wp:meta_key><![CDATA[valpa_nacimiento_ano_meta]]></wp:meta_key>
		<wp:meta_value><![CDATA[1945]]></wp:meta_value>
		</wp:postmeta>
							<wp:postmeta>
		<wp:meta_key><![CDATA[post_views_count]]></wp:meta_key>
		<wp:meta_value><![CDATA[47]]></wp:meta_value>
		</wp:postmeta>
							</item>
					<item>
		<title><![CDATA[Jovita Consuelo Jardon Chavarria]]></title>
		<link>http://localhost/sass-wp/obituario/jovita-consuelo-jardon-chavarria-2/</link>
		<pubDate>Fri, 24 Jan 2020 00:00:32 +0000</pubDate>
		<dc:creator><![CDATA[webmaster]]></dc:creator>
		<guid isPermaLink="false">http://valparaiso.com.mx/?post_type=valpa_obituario_pt&#038;p=334</guid>
		<description></description>
		<content:encoded><![CDATA[]]></content:encoded>
		<excerpt:encoded><![CDATA[]]></excerpt:encoded>
		<wp:post_id>334</wp:post_id>
		<wp:post_date><![CDATA[2020-01-24 00:00:32]]></wp:post_date>
		<wp:post_date_gmt><![CDATA[2020-01-24 00:00:32]]></wp:post_date_gmt>
		<wp:post_modified><![CDATA[2020-01-24 00:00:32]]></wp:post_modified>
		<wp:post_modified_gmt><![CDATA[2020-01-24 00:00:32]]></wp:post_modified_gmt>
		<wp:comment_status><![CDATA[open]]></wp:comment_status>
		<wp:ping_status><![CDATA[closed]]></wp:ping_status>
		<wp:post_name><![CDATA[jovita-consuelo-jardon-chavarria-2]]></wp:post_name>
		<wp:status><![CDATA[publish]]></wp:status>
		<wp:post_parent>0</wp:post_parent>
		<wp:menu_order>0</wp:menu_order>
		<wp:post_type><![CDATA[valpa_obituario_pt]]></wp:post_type>
		<wp:post_password><![CDATA[]]></wp:post_password>
		<wp:is_sticky>0</wp:is_sticky>
														<wp:postmeta>
		<wp:meta_key><![CDATA[valpa_no_homenaje_meta]]></wp:meta_key>
		<wp:meta_value><![CDATA[0020000030]]></wp:meta_value>
		</wp:postmeta>
							<wp:postmeta>
		<wp:meta_key><![CDATA[valpa_nacimiento_dia_meta]]></wp:meta_key>
		<wp:meta_value><![CDATA[15]]></wp:meta_value>
		</wp:postmeta>
							<wp:postmeta>
		<wp:meta_key><![CDATA[valpa_nacimiento_mes_meta]]></wp:meta_key>
		<wp:meta_value><![CDATA[02]]></wp:meta_value>
		</wp:postmeta>
							<wp:postmeta>
		<wp:meta_key><![CDATA[valpa_nacimiento_ano_meta]]></wp:meta_key>
		<wp:meta_value><![CDATA[1945]]></wp:meta_value>
		</wp:postmeta>
							<wp:postmeta>
		<wp:meta_key><![CDATA[_wp_old_date]]></wp:meta_key>
		<wp:meta_value><![CDATA[2020-12-24]]></wp:meta_value>
		</wp:postmeta>
							<wp:postmeta>
		<wp:meta_key><![CDATA[post_views_count]]></wp:meta_key>
		<wp:meta_value><![CDATA[44]]></wp:meta_value>
		</wp:postmeta>
							</item>
					<item>
		<title><![CDATA[Hilda Hernandez Hernandez]]></title>
		<link>http://localhost/sass-wp/obituario/hilda-hernandez-hernandez/</link>
		<pubDate>Wed, 29 Jan 2020 00:00:08 +0000</pubDate>
		<dc:creator><![CDATA[webmaster]]></dc:creator>
		<guid isPermaLink="false">http://valparaiso.com.mx/?post_type=valpa_obituario_pt&#038;p=335</guid>
		<description></description>
		<content:encoded><![CDATA[<img class="alignnone size-full wp-image-3068" src="http://valparaiso.com.mx/wp-content/uploads/2020/01/IMG-20200129-WA0006.jpg" alt="" width="1280" height="960" /> <img class="alignnone size-medium wp-image-3069" src="http://valparaiso.com.mx/wp-content/uploads/2020/01/IMG-20200129-WA0007.jpg" alt="" width="225" height="300" /> <img class="alignnone size-medium wp-image-3070" src="http://valparaiso.com.mx/wp-content/uploads/2020/01/IMG-20200129-WA0008.jpg" alt="" width="300" height="225" /> <img class="alignnone size-medium wp-image-3071" src="http://valparaiso.com.mx/wp-content/uploads/2020/01/IMG-20200129-WA0030.jpg" alt="" width="300" height="225" /> <img class="alignnone size-medium wp-image-3072" src="http://valparaiso.com.mx/wp-content/uploads/2020/01/IMG-20200129-WA0031.jpg" alt="" width="300" height="298" /> <img class="alignnone size-medium wp-image-3073" src="http://valparaiso.com.mx/wp-content/uploads/2020/01/IMG-20200129-WA0032.jpg" alt="" width="300" height="225" /> <img class="alignnone size-medium wp-image-3074" src="http://valparaiso.com.mx/wp-content/uploads/2020/01/IMG-20200129-WA0033.jpg" alt="" width="225" height="300" /> <img class="alignnone size-medium wp-image-3075" src="http://valparaiso.com.mx/wp-content/uploads/2020/01/IMG-20200129-WA0034.jpg" alt="" width="225" height="300" /> <img class="alignnone size-medium wp-image-3076" src="http://valparaiso.com.mx/wp-content/uploads/2020/01/IMG-20200129-WA0009.jpg" alt="" width="300" height="225" /> <img class="alignnone size-medium wp-image-3077" src="http://valparaiso.com.mx/wp-content/uploads/2020/01/IMG-20200129-WA0010.jpg" alt="" width="280" height="300" /> <img class="alignnone size-medium wp-image-3078" src="http://valparaiso.com.mx/wp-content/uploads/2020/01/IMG-20200129-WA0011.jpg" alt="" width="300" height="201" /> <img class="alignnone size-medium wp-image-3079" src="http://valparaiso.com.mx/wp-content/uploads/2020/01/IMG-20200129-WA0012.jpg" alt="" width="300" height="262" /> <img class="alignnone size-medium wp-image-3080" src="http://valparaiso.com.mx/wp-content/uploads/2020/01/IMG-20200129-WA0013.jpg" alt="" width="195" height="300" /> <img class="alignnone size-medium wp-image-3081" src="http://valparaiso.com.mx/wp-content/uploads/2020/01/IMG-20200129-WA0014.jpg" alt="" width="220" height="300" /> <img class="alignnone size-medium wp-image-3082" src="http://valparaiso.com.mx/wp-content/uploads/2020/01/IMG-20200129-WA0015.jpg" alt="" width="225" height="300" /> <img class="alignnone size-medium wp-image-3083" src="http://valparaiso.com.mx/wp-content/uploads/2020/01/IMG-20200129-WA0016.jpg" alt="" width="300" height="225" /> <img class="alignnone size-medium wp-image-3084" src="http://valparaiso.com.mx/wp-content/uploads/2020/01/IMG-20200129-WA0017.jpg" alt="" width="300" height="225" /> <img class="alignnone size-medium wp-image-3085" src="http://valparaiso.com.mx/wp-content/uploads/2020/01/IMG-20200129-WA0018.jpg" alt="" width="300" height="169" /> <img class="alignnone size-medium wp-image-3086" src="http://valparaiso.com.mx/wp-content/uploads/2020/01/IMG-20200129-WA0019.jpg" alt="" width="300" height="169" /> <img class="alignnone size-medium wp-image-3087" src="http://valparaiso.com.mx/wp-content/uploads/2020/01/IMG-20200129-WA0020.jpg" alt="" width="300" height="225" /> <img class="alignnone size-medium wp-image-3088" src="http://valparaiso.com.mx/wp-content/uploads/2020/01/IMG-20200129-WA0021.jpg" alt="" width="300" height="169" /> <img class="alignnone size-medium wp-image-3089" src="http://valparaiso.com.mx/wp-content/uploads/2020/01/IMG-20200129-WA0022.jpg" alt="" width="300" height="169" /> <img class="alignnone size-medium wp-image-3090" src="http://valparaiso.com.mx/wp-content/uploads/2020/01/IMG-20200129-WA0023.jpg" alt="" width="300" height="300" /> <img class="alignnone size-medium wp-image-3091" src="http://valparaiso.com.mx/wp-content/uploads/2020/01/IMG-20200129-WA0024.jpg" alt="" width="300" height="133" /> <img class="alignnone size-medium wp-image-3092" src="http://valparaiso.com.mx/wp-content/uploads/2020/01/IMG-20200129-WA0025.jpg" alt="" width="225" height="300" /> <img class="alignnone size-medium wp-image-3093" src="http://valparaiso.com.mx/wp-content/uploads/2020/01/IMG-20200129-WA0026.jpg" alt="" width="300" height="169" /> <img class="alignnone size-medium wp-image-3094" src="http://valparaiso.com.mx/wp-content/uploads/2020/01/IMG-20200129-WA0027.jpg" alt="" width="300" height="169" /> <img class="alignnone size-medium wp-image-3095" src="http://valparaiso.com.mx/wp-content/uploads/2020/01/IMG-20200129-WA0028.jpg" alt="" width="300" height="225" /> <img class="alignnone size-medium wp-image-3096" src="http://valparaiso.com.mx/wp-content/uploads/2020/01/IMG-20200129-WA0029.jpg" alt="" width="300" height="225" />]]></content:encoded>
		<excerpt:encoded><![CDATA[]]></excerpt:encoded>
		<wp:post_id>335</wp:post_id>
		<wp:post_date><![CDATA[2020-01-29 00:00:08]]></wp:post_date>
		<wp:post_date_gmt><![CDATA[2020-01-29 00:00:08]]></wp:post_date_gmt>
		<wp:post_modified><![CDATA[2020-01-29 00:00:08]]></wp:post_modified>
		<wp:post_modified_gmt><![CDATA[2020-01-29 00:00:08]]></wp:post_modified_gmt>
		<wp:comment_status><![CDATA[open]]></wp:comment_status>
		<wp:ping_status><![CDATA[closed]]></wp:ping_status>
		<wp:post_name><![CDATA[hilda-hernandez-hernandez]]></wp:post_name>
		<wp:status><![CDATA[publish]]></wp:status>
		<wp:post_parent>0</wp:post_parent>
		<wp:menu_order>0</wp:menu_order>
		<wp:post_type><![CDATA[valpa_obituario_pt]]></wp:post_type>
		<wp:post_password><![CDATA[]]></wp:post_password>
		<wp:is_sticky>0</wp:is_sticky>
														<wp:postmeta>
		<wp:meta_key><![CDATA[_wp_old_date]]></wp:meta_key>
		<wp:meta_value><![CDATA[2020-08-27]]></wp:meta_value>
		</wp:postmeta>
							<wp:postmeta>
		<wp:meta_key><![CDATA[valpa_no_homenaje_meta]]></wp:meta_key>
		<wp:meta_value><![CDATA[0020000031]]></wp:meta_value>
		</wp:postmeta>
							<wp:postmeta>
		<wp:meta_key><![CDATA[valpa_nacimiento_dia_meta]]></wp:meta_key>
		<wp:meta_value><![CDATA[04]]></wp:meta_value>
		</wp:postmeta>
							<wp:postmeta>
		<wp:meta_key><![CDATA[valpa_nacimiento_mes_meta]]></wp:meta_key>
		<wp:meta_value><![CDATA[10]]></wp:meta_value>
		</wp:postmeta>
							<wp:postmeta>
		<wp:meta_key><![CDATA[valpa_nacimiento_ano_meta]]></wp:meta_key>
		<wp:meta_value><![CDATA[1949]]></wp:meta_value>
		</wp:postmeta>
							<wp:postmeta>
		<wp:meta_key><![CDATA[post_views_count]]></wp:meta_key>
		<wp:meta_value><![CDATA[43]]></wp:meta_value>
		</wp:postmeta>
							</item>
					<item>
		<title><![CDATA[Angelina Ortega]]></title>
		<link>http://localhost/sass-wp/obituario/angelina-ortega/</link>
		<pubDate>Thu, 30 Jan 2020 00:00:14 +0000</pubDate>
		<dc:creator><![CDATA[webmaster]]></dc:creator>
		<guid isPermaLink="false">http://valparaiso.com.mx/?post_type=valpa_obituario_pt&#038;p=336</guid>
		<description></description>
		<content:encoded><![CDATA[<img class="alignnone size-full wp-image-3156" src="http://valparaiso.com.mx/wp-content/uploads/2020/01/WhatsApp-Image-2020-01-30-at-3.52.24-AM-1.jpeg" alt="" width="1024" height="768" /> <img class="alignnone size-medium wp-image-3157" src="http://valparaiso.com.mx/wp-content/uploads/2020/01/WhatsApp-Image-2020-01-30-at-3.52.24-AM-2.jpeg" alt="" width="300" height="225" /> <img class="alignnone size-medium wp-image-3158" src="http://valparaiso.com.mx/wp-content/uploads/2020/01/WhatsApp-Image-2020-01-30-at-3.52.24-AM-3.jpeg" alt="" width="300" height="232" /> <img class="alignnone size-medium wp-image-3159" src="http://valparaiso.com.mx/wp-content/uploads/2020/01/WhatsApp-Image-2020-01-30-at-3.52.24-AM-4.jpeg" alt="" width="300" height="169" /> <img class="alignnone size-medium wp-image-3160" src="http://valparaiso.com.mx/wp-content/uploads/2020/01/WhatsApp-Image-2020-01-30-at-3.52.24-AM-5.jpeg" alt="" width="225" height="300" /> <img class="alignnone size-medium wp-image-3161" src="http://valparaiso.com.mx/wp-content/uploads/2020/01/WhatsApp-Image-2020-01-30-at-3.52.24-AM-6.jpeg" alt="" width="300" height="225" /> <img class="alignnone size-medium wp-image-3162" src="http://valparaiso.com.mx/wp-content/uploads/2020/01/WhatsApp-Image-2020-01-30-at-3.52.24-AM-7.jpeg" alt="" width="300" height="249" /> <img class="alignnone size-medium wp-image-3163" src="http://valparaiso.com.mx/wp-content/uploads/2020/01/WhatsApp-Image-2020-01-30-at-3.52.24-AM-8.jpeg" alt="" width="300" height="214" /> <img class="alignnone size-medium wp-image-3164" src="http://valparaiso.com.mx/wp-content/uploads/2020/01/WhatsApp-Image-2020-01-30-at-3.52.24-AM.jpeg" alt="" width="272" height="300" /> <img class="alignnone size-medium wp-image-3165" src="http://valparaiso.com.mx/wp-content/uploads/2020/01/WhatsApp-Image-2020-01-30-at-3.53.43-AM-1.jpeg" alt="" width="233" height="300" /> <img class="alignnone size-medium wp-image-3166" src="http://valparaiso.com.mx/wp-content/uploads/2020/01/WhatsApp-Image-2020-01-30-at-3.53.44-AM-1.jpeg" alt="" width="300" height="225" /> <img class="alignnone size-medium wp-image-3167" src="http://valparaiso.com.mx/wp-content/uploads/2020/01/WhatsApp-Image-2020-01-30-at-3.53.44-AM-2.jpeg" alt="" width="300" height="225" /> <img class="alignnone size-medium wp-image-3168" src="http://valparaiso.com.mx/wp-content/uploads/2020/01/WhatsApp-Image-2020-01-30-at-3.53.44-AM.jpeg" alt="" width="213" height="300" /> <img class="alignnone size-medium wp-image-3169" src="http://valparaiso.com.mx/wp-content/uploads/2020/01/WhatsApp-Image-2020-01-30-at-3.53.45-AM-1.jpeg" alt="" width="300" height="225" /> <img class="alignnone size-medium wp-image-3170" src="http://valparaiso.com.mx/wp-content/uploads/2020/01/WhatsApp-Image-2020-01-30-at-3.53.45-AM.jpeg" alt="" width="300" height="225" /> <img class="alignnone size-medium wp-image-3171" src="http://valparaiso.com.mx/wp-content/uploads/2020/01/WhatsApp-Image-2020-01-30-at-4.05.32-AM-1.jpeg" alt="" width="224" height="300" /> <img class="alignnone size-medium wp-image-3172" src="http://valparaiso.com.mx/wp-content/uploads/2020/01/WhatsApp-Image-2020-01-30-at-4.05.32-AM-2.jpeg" alt="" width="300" height="225" /> <img class="alignnone size-medium wp-image-3173" src="http://valparaiso.com.mx/wp-content/uploads/2020/01/WhatsApp-Image-2020-01-30-at-4.05.32-AM.jpeg" alt="" width="300" height="225" /> <img class="alignnone size-medium wp-image-3174" src="http://valparaiso.com.mx/wp-content/uploads/2020/01/WhatsApp-Image-2020-01-30-at-12.57.01-AM-1.jpeg" alt="" width="300" height="300" /> <img class="alignnone size-medium wp-image-3175" src="http://valparaiso.com.mx/wp-content/uploads/2020/01/WhatsApp-Image-2020-01-30-at-12.57.01-AM.jpeg" alt="" width="300" height="225" /> <img class="alignnone size-medium wp-image-3176" src="http://valparaiso.com.mx/wp-content/uploads/2020/01/WhatsApp-Image-2020-01-30-at-12.57.02-AM.jpeg" alt="" width="300" height="225" /> <img class="alignnone size-medium wp-image-3177" src="http://valparaiso.com.mx/wp-content/uploads/2020/01/WhatsApp-Image-2020-01-30-at-12.57.03-AM-1.jpeg" alt="" width="300" height="225" /> <img class="alignnone size-medium wp-image-3178" src="http://valparaiso.com.mx/wp-content/uploads/2020/01/WhatsApp-Image-2020-01-30-at-12.57.03-AM.jpeg" alt="" width="300" height="225" /> <img class="alignnone size-medium wp-image-3179" src="http://valparaiso.com.mx/wp-content/uploads/2020/01/WhatsApp-Image-2020-01-30-at-12.57.04-AM-1.jpeg" alt="" width="300" height="225" /> <img class="alignnone size-medium wp-image-3180" src="http://valparaiso.com.mx/wp-content/uploads/2020/01/WhatsApp-Image-2020-01-30-at-12.57.04-AM.jpeg" alt="" width="225" height="300" /> <img class="alignnone size-medium wp-image-3181" src="http://valparaiso.com.mx/wp-content/uploads/2020/01/WhatsApp-Image-2020-01-30-at-12.57.05-AM.jpeg" alt="" width="300" height="225" /> <img class="alignnone size-medium wp-image-3182" src="http://valparaiso.com.mx/wp-content/uploads/2020/01/WhatsApp-Image-2020-01-30-at-12.57.06-AM.jpeg" alt="" width="225" height="300" /> <img class="alignnone size-medium wp-image-3183" src="http://valparaiso.com.mx/wp-content/uploads/2020/01/WhatsApp-Image-2020-01-30-at-12.57.07-AM.jpeg" alt="" width="195" height="300" /> <img class="alignnone size-medium wp-image-3184" src="http://valparaiso.com.mx/wp-content/uploads/2020/01/WhatsApp-Image-2020-01-30-at-12.57.08-AM.jpeg" alt="" width="213" height="300" /> <img class="alignnone size-medium wp-image-3185" src="http://valparaiso.com.mx/wp-content/uploads/2020/01/WhatsApp-Image-2020-01-30-at-12.57.09-AM.jpeg" alt="" width="212" height="300" /> <img class="alignnone size-medium wp-image-3186" src="http://valparaiso.com.mx/wp-content/uploads/2020/01/WhatsApp-Image-2020-01-30-at-12.57.10-AM.jpeg" alt="" width="300" height="210" /> <img class="alignnone size-medium wp-image-3187" src="http://valparaiso.com.mx/wp-content/uploads/2020/01/WhatsApp-Image-2020-01-30-at-12.57.11-AM.jpeg" alt="" width="207" height="300" /> <img class="alignnone size-medium wp-image-3188" src="http://valparaiso.com.mx/wp-content/uploads/2020/01/WhatsApp-Image-2020-01-30-at-12.57.12-AM.jpeg" alt="" width="225" height="300" /> <img class="alignnone size-medium wp-image-3189" src="http://valparaiso.com.mx/wp-content/uploads/2020/01/WhatsApp-Image-2020-01-30-at-12.57.14-AM.jpeg" alt="" width="225" height="300" /> <img class="alignnone size-medium wp-image-3190" src="http://valparaiso.com.mx/wp-content/uploads/2020/01/WhatsApp-Image-2020-01-30-at-12.57.15-AM.jpeg" alt="" width="225" height="300" /> <img class="alignnone size-medium wp-image-3191" src="http://valparaiso.com.mx/wp-content/uploads/2020/01/WhatsApp-Image-2020-01-30-at-12.57.16-AM.jpeg" alt="" width="209" height="300" /> <img class="alignnone size-medium wp-image-3192" src="http://valparaiso.com.mx/wp-content/uploads/2020/01/WhatsApp-Image-2020-01-30-at-12.57.17-AM-1.jpeg" alt="" width="225" height="300" /> <img class="alignnone size-medium wp-image-3193" src="http://valparaiso.com.mx/wp-content/uploads/2020/01/WhatsApp-Image-2020-01-30-at-12.57.17-AM.jpeg" alt="" width="300" height="169" /> <img class="alignnone size-medium wp-image-3194" src="http://valparaiso.com.mx/wp-content/uploads/2020/01/WhatsApp-Image-2020-01-30-at-12.57.18-AM-1.jpeg" alt="" width="168" height="300" /> <img class="alignnone size-medium wp-image-3195" src="http://valparaiso.com.mx/wp-content/uploads/2020/01/WhatsApp-Image-2020-01-30-at-12.57.18-AM.jpeg" alt="" width="300" height="169" /> <img class="alignnone size-medium wp-image-3196" src="http://valparaiso.com.mx/wp-content/uploads/2020/01/WhatsApp-Image-2020-01-30-at-12.57.19-AM-1.jpeg" alt="" width="225" height="300" /> <img class="alignnone size-medium wp-image-3197" src="http://valparaiso.com.mx/wp-content/uploads/2020/01/WhatsApp-Image-2020-01-30-at-12.57.19-AM.jpeg" alt="" width="300" height="225" /> <img class="alignnone size-medium wp-image-3198" src="http://valparaiso.com.mx/wp-content/uploads/2020/01/WhatsApp-Image-2020-01-30-at-12.57.20-AM.jpeg" alt="" width="300" height="225" />]]></content:encoded>
		<excerpt:encoded><![CDATA[]]></excerpt:encoded>
		<wp:post_id>336</wp:post_id>
		<wp:post_date><![CDATA[2020-01-30 00:00:14]]></wp:post_date>
		<wp:post_date_gmt><![CDATA[2020-01-30 00:00:14]]></wp:post_date_gmt>
		<wp:post_modified><![CDATA[2020-01-30 00:00:14]]></wp:post_modified>
		<wp:post_modified_gmt><![CDATA[2020-01-30 00:00:14]]></wp:post_modified_gmt>
		<wp:comment_status><![CDATA[open]]></wp:comment_status>
		<wp:ping_status><![CDATA[closed]]></wp:ping_status>
		<wp:post_name><![CDATA[angelina-ortega]]></wp:post_name>
		<wp:status><![CDATA[publish]]></wp:status>
		<wp:post_parent>0</wp:post_parent>
		<wp:menu_order>0</wp:menu_order>
		<wp:post_type><![CDATA[valpa_obituario_pt]]></wp:post_type>
		<wp:post_password><![CDATA[]]></wp:post_password>
		<wp:is_sticky>0</wp:is_sticky>
														<wp:postmeta>
		<wp:meta_key><![CDATA[_wp_old_date]]></wp:meta_key>
		<wp:meta_value><![CDATA[2020-08-27]]></wp:meta_value>
		</wp:postmeta>
							<wp:postmeta>
		<wp:meta_key><![CDATA[valpa_no_homenaje_meta]]></wp:meta_key>
		<wp:meta_value><![CDATA[0020000032]]></wp:meta_value>
		</wp:postmeta>
							<wp:postmeta>
		<wp:meta_key><![CDATA[valpa_nacimiento_dia_meta]]></wp:meta_key>
		<wp:meta_value><![CDATA[13]]></wp:meta_value>
		</wp:postmeta>
							<wp:postmeta>
		<wp:meta_key><![CDATA[valpa_nacimiento_mes_meta]]></wp:meta_key>
		<wp:meta_value><![CDATA[10]]></wp:meta_value>
		</wp:postmeta>
							<wp:postmeta>
		<wp:meta_key><![CDATA[valpa_nacimiento_ano_meta]]></wp:meta_key>
		<wp:meta_value><![CDATA[1934]]></wp:meta_value>
		</wp:postmeta>
							<wp:postmeta>
		<wp:meta_key><![CDATA[post_views_count]]></wp:meta_key>
		<wp:meta_value><![CDATA[48]]></wp:meta_value>
		</wp:postmeta>
							</item>
					<item>
		<title><![CDATA[Florentina Contreras de Jesus]]></title>
		<link>http://localhost/sass-wp/obituario/florentina-contreras-de-jesus/</link>
		<pubDate>Thu, 30 Jan 2020 00:00:13 +0000</pubDate>
		<dc:creator><![CDATA[webmaster]]></dc:creator>
		<guid isPermaLink="false">http://valparaiso.com.mx/?post_type=valpa_obituario_pt&#038;p=337</guid>
		<description></description>
		<content:encoded><![CDATA[]]></content:encoded>
		<excerpt:encoded><![CDATA[]]></excerpt:encoded>
		<wp:post_id>337</wp:post_id>
		<wp:post_date><![CDATA[2020-01-30 00:00:13]]></wp:post_date>
		<wp:post_date_gmt><![CDATA[2020-01-30 00:00:13]]></wp:post_date_gmt>
		<wp:post_modified><![CDATA[2020-01-30 00:00:13]]></wp:post_modified>
		<wp:post_modified_gmt><![CDATA[2020-01-30 00:00:13]]></wp:post_modified_gmt>
		<wp:comment_status><![CDATA[open]]></wp:comment_status>
		<wp:ping_status><![CDATA[closed]]></wp:ping_status>
		<wp:post_name><![CDATA[florentina-contreras-de-jesus]]></wp:post_name>
		<wp:status><![CDATA[publish]]></wp:status>
		<wp:post_parent>0</wp:post_parent>
		<wp:menu_order>0</wp:menu_order>
		<wp:post_type><![CDATA[valpa_obituario_pt]]></wp:post_type>
		<wp:post_password><![CDATA[]]></wp:post_password>
		<wp:is_sticky>0</wp:is_sticky>
														<wp:postmeta>
		<wp:meta_key><![CDATA[_wp_old_date]]></wp:meta_key>
		<wp:meta_value><![CDATA[2020-08-27]]></wp:meta_value>
		</wp:postmeta>
							<wp:postmeta>
		<wp:meta_key><![CDATA[valpa_no_homenaje_meta]]></wp:meta_key>
		<wp:meta_value><![CDATA[0020000033]]></wp:meta_value>
		</wp:postmeta>
							<wp:postmeta>
		<wp:meta_key><![CDATA[valpa_nacimiento_dia_meta]]></wp:meta_key>
		<wp:meta_value><![CDATA[]]></wp:meta_value>
		</wp:postmeta>
							<wp:postmeta>
		<wp:meta_key><![CDATA[valpa_nacimiento_mes_meta]]></wp:meta_key>
		<wp:meta_value><![CDATA[]]></wp:meta_value>
		</wp:postmeta>
							<wp:postmeta>
		<wp:meta_key><![CDATA[valpa_nacimiento_ano_meta]]></wp:meta_key>
		<wp:meta_value><![CDATA[]]></wp:meta_value>
		</wp:postmeta>
							<wp:postmeta>
		<wp:meta_key><![CDATA[post_views_count]]></wp:meta_key>
		<wp:meta_value><![CDATA[51]]></wp:meta_value>
		</wp:postmeta>
							</item>
					<item>
		<title><![CDATA[Humberto Rodriguez Lozano]]></title>
		<link>http://localhost/sass-wp/obituario/humberto-rodriguez-lozano/</link>
		<pubDate>Thu, 30 Jan 2020 00:00:40 +0000</pubDate>
		<dc:creator><![CDATA[webmaster]]></dc:creator>
		<guid isPermaLink="false">http://valparaiso.com.mx/?post_type=valpa_obituario_pt&#038;p=338</guid>
		<description></description>
		<content:encoded><![CDATA[]]></content:encoded>
		<excerpt:encoded><![CDATA[]]></excerpt:encoded>
		<wp:post_id>338</wp:post_id>
		<wp:post_date><![CDATA[2020-01-30 00:00:40]]></wp:post_date>
		<wp:post_date_gmt><![CDATA[2020-01-30 00:00:40]]></wp:post_date_gmt>
		<wp:post_modified><![CDATA[2020-01-30 00:00:40]]></wp:post_modified>
		<wp:post_modified_gmt><![CDATA[2020-01-30 00:00:40]]></wp:post_modified_gmt>
		<wp:comment_status><![CDATA[open]]></wp:comment_status>
		<wp:ping_status><![CDATA[closed]]></wp:ping_status>
		<wp:post_name><![CDATA[humberto-rodriguez-lozano]]></wp:post_name>
		<wp:status><![CDATA[publish]]></wp:status>
		<wp:post_parent>0</wp:post_parent>
		<wp:menu_order>0</wp:menu_order>
		<wp:post_type><![CDATA[valpa_obituario_pt]]></wp:post_type>
		<wp:post_password><![CDATA[]]></wp:post_password>
		<wp:is_sticky>0</wp:is_sticky>
														<wp:postmeta>
		<wp:meta_key><![CDATA[_wp_old_date]]></wp:meta_key>
		<wp:meta_value><![CDATA[2020-08-27]]></wp:meta_value>
		</wp:postmeta>
							<wp:postmeta>
		<wp:meta_key><![CDATA[valpa_no_homenaje_meta]]></wp:meta_key>
		<wp:meta_value><![CDATA[0020000034]]></wp:meta_value>
		</wp:postmeta>
							<wp:postmeta>
		<wp:meta_key><![CDATA[valpa_nacimiento_dia_meta]]></wp:meta_key>
		<wp:meta_value><![CDATA[25]]></wp:meta_value>
		</wp:postmeta>
							<wp:postmeta>
		<wp:meta_key><![CDATA[valpa_nacimiento_mes_meta]]></wp:meta_key>
		<wp:meta_value><![CDATA[03]]></wp:meta_value>
		</wp:postmeta>
							<wp:postmeta>
		<wp:meta_key><![CDATA[valpa_nacimiento_ano_meta]]></wp:meta_key>
		<wp:meta_value><![CDATA[1952]]></wp:meta_value>
		</wp:postmeta>
							<wp:postmeta>
		<wp:meta_key><![CDATA[post_views_count]]></wp:meta_key>
		<wp:meta_value><![CDATA[49]]></wp:meta_value>
		</wp:postmeta>
							</item>
					<item>
		<title><![CDATA[Hector Jaramillo Moreno]]></title>
		<link>http://localhost/sass-wp/obituario/hector-jaramillo-moreno/</link>
		<pubDate>Sun, 02 Feb 2020 00:00:41 +0000</pubDate>
		<dc:creator><![CDATA[webmaster]]></dc:creator>
		<guid isPermaLink="false">http://valparaiso.com.mx/?post_type=valpa_obituario_pt&#038;p=341</guid>
		<description></description>
		<content:encoded><![CDATA[]]></content:encoded>
		<excerpt:encoded><![CDATA[]]></excerpt:encoded>
		<wp:post_id>341</wp:post_id>
		<wp:post_date><![CDATA[2020-02-02 00:00:41]]></wp:post_date>
		<wp:post_date_gmt><![CDATA[2020-02-02 00:00:41]]></wp:post_date_gmt>
		<wp:post_modified><![CDATA[2020-02-02 00:00:41]]></wp:post_modified>
		<wp:post_modified_gmt><![CDATA[2020-02-02 00:00:41]]></wp:post_modified_gmt>
		<wp:comment_status><![CDATA[open]]></wp:comment_status>
		<wp:ping_status><![CDATA[closed]]></wp:ping_status>
		<wp:post_name><![CDATA[hector-jaramillo-moreno]]></wp:post_name>
		<wp:status><![CDATA[publish]]></wp:status>
		<wp:post_parent>0</wp:post_parent>
		<wp:menu_order>0</wp:menu_order>
		<wp:post_type><![CDATA[valpa_obituario_pt]]></wp:post_type>
		<wp:post_password><![CDATA[]]></wp:post_password>
		<wp:is_sticky>0</wp:is_sticky>
														<wp:postmeta>
		<wp:meta_key><![CDATA[_wp_old_date]]></wp:meta_key>
		<wp:meta_value><![CDATA[2020-08-27]]></wp:meta_value>
		</wp:postmeta>
							<wp:postmeta>
		<wp:meta_key><![CDATA[valpa_no_homenaje_meta]]></wp:meta_key>
		<wp:meta_value><![CDATA[0020000036]]></wp:meta_value>
		</wp:postmeta>
							<wp:postmeta>
		<wp:meta_key><![CDATA[valpa_nacimiento_dia_meta]]></wp:meta_key>
		<wp:meta_value><![CDATA[]]></wp:meta_value>
		</wp:postmeta>
							<wp:postmeta>
		<wp:meta_key><![CDATA[valpa_nacimiento_mes_meta]]></wp:meta_key>
		<wp:meta_value><![CDATA[]]></wp:meta_value>
		</wp:postmeta>
							<wp:postmeta>
		<wp:meta_key><![CDATA[valpa_nacimiento_ano_meta]]></wp:meta_key>
		<wp:meta_value><![CDATA[]]></wp:meta_value>
		</wp:postmeta>
							<wp:postmeta>
		<wp:meta_key><![CDATA[post_views_count]]></wp:meta_key>
		<wp:meta_value><![CDATA[56]]></wp:meta_value>
		</wp:postmeta>
							</item>
					<item>
		<title><![CDATA[Maria Guillermina Lopez Moreno]]></title>
		<link>http://localhost/sass-wp/obituario/maria-guillermina-lopez-moreno/</link>
		<pubDate>Mon, 03 Feb 2020 00:00:05 +0000</pubDate>
		<dc:creator><![CDATA[webmaster]]></dc:creator>
		<guid isPermaLink="false">http://valparaiso.com.mx/?post_type=valpa_obituario_pt&#038;p=342</guid>
		<description></description>
		<content:encoded><![CDATA[]]></content:encoded>
		<excerpt:encoded><![CDATA[]]></excerpt:encoded>
		<wp:post_id>342</wp:post_id>
		<wp:post_date><![CDATA[2020-02-03 00:00:05]]></wp:post_date>
		<wp:post_date_gmt><![CDATA[2020-02-03 00:00:05]]></wp:post_date_gmt>
		<wp:post_modified><![CDATA[2020-02-03 00:00:05]]></wp:post_modified>
		<wp:post_modified_gmt><![CDATA[2020-02-03 00:00:05]]></wp:post_modified_gmt>
		<wp:comment_status><![CDATA[open]]></wp:comment_status>
		<wp:ping_status><![CDATA[closed]]></wp:ping_status>
		<wp:post_name><![CDATA[maria-guillermina-lopez-moreno]]></wp:post_name>
		<wp:status><![CDATA[publish]]></wp:status>
		<wp:post_parent>0</wp:post_parent>
		<wp:menu_order>0</wp:menu_order>
		<wp:post_type><![CDATA[valpa_obituario_pt]]></wp:post_type>
		<wp:post_password><![CDATA[]]></wp:post_password>
		<wp:is_sticky>0</wp:is_sticky>
														<wp:postmeta>
		<wp:meta_key><![CDATA[_wp_old_date]]></wp:meta_key>
		<wp:meta_value><![CDATA[2020-08-27]]></wp:meta_value>
		</wp:postmeta>
							<wp:postmeta>
		<wp:meta_key><![CDATA[valpa_no_homenaje_meta]]></wp:meta_key>
		<wp:meta_value><![CDATA[0020000037]]></wp:meta_value>
		</wp:postmeta>
							<wp:postmeta>
		<wp:meta_key><![CDATA[valpa_nacimiento_dia_meta]]></wp:meta_key>
		<wp:meta_value><![CDATA[29]]></wp:meta_value>
		</wp:postmeta>
							<wp:postmeta>
		<wp:meta_key><![CDATA[valpa_nacimiento_mes_meta]]></wp:meta_key>
		<wp:meta_value><![CDATA[06]]></wp:meta_value>
		</wp:postmeta>
							<wp:postmeta>
		<wp:meta_key><![CDATA[valpa_nacimiento_ano_meta]]></wp:meta_key>
		<wp:meta_value><![CDATA[1931]]></wp:meta_value>
		</wp:postmeta>
							<wp:postmeta>
		<wp:meta_key><![CDATA[post_views_count]]></wp:meta_key>
		<wp:meta_value><![CDATA[68]]></wp:meta_value>
		</wp:postmeta>
							</item>
					<item>
		<title><![CDATA[Gregorio MuciÃ±o Gutierrez]]></title>
		<link>http://localhost/sass-wp/obituario/gregorio-mucino-gutierrez/</link>
		<pubDate>Wed, 05 Feb 2020 00:00:14 +0000</pubDate>
		<dc:creator><![CDATA[webmaster]]></dc:creator>
		<guid isPermaLink="false">http://valparaiso.com.mx/?post_type=valpa_obituario_pt&#038;p=343</guid>
		<description></description>
		<content:encoded><![CDATA[]]></content:encoded>
		<excerpt:encoded><![CDATA[]]></excerpt:encoded>
		<wp:post_id>343</wp:post_id>
		<wp:post_date><![CDATA[2020-02-05 00:00:14]]></wp:post_date>
		<wp:post_date_gmt><![CDATA[2020-02-05 00:00:14]]></wp:post_date_gmt>
		<wp:post_modified><![CDATA[2020-02-05 00:00:14]]></wp:post_modified>
		<wp:post_modified_gmt><![CDATA[2020-02-05 00:00:14]]></wp:post_modified_gmt>
		<wp:comment_status><![CDATA[open]]></wp:comment_status>
		<wp:ping_status><![CDATA[closed]]></wp:ping_status>
		<wp:post_name><![CDATA[gregorio-mucino-gutierrez]]></wp:post_name>
		<wp:status><![CDATA[publish]]></wp:status>
		<wp:post_parent>0</wp:post_parent>
		<wp:menu_order>0</wp:menu_order>
		<wp:post_type><![CDATA[valpa_obituario_pt]]></wp:post_type>
		<wp:post_password><![CDATA[]]></wp:post_password>
		<wp:is_sticky>0</wp:is_sticky>
														<wp:postmeta>
		<wp:meta_key><![CDATA[_wp_old_date]]></wp:meta_key>
		<wp:meta_value><![CDATA[2020-08-27]]></wp:meta_value>
		</wp:postmeta>
							<wp:postmeta>
		<wp:meta_key><![CDATA[valpa_no_homenaje_meta]]></wp:meta_key>
		<wp:meta_value><![CDATA[0020000038]]></wp:meta_value>
		</wp:postmeta>
							<wp:postmeta>
		<wp:meta_key><![CDATA[valpa_nacimiento_dia_meta]]></wp:meta_key>
		<wp:meta_value><![CDATA[10]]></wp:meta_value>
		</wp:postmeta>
							<wp:postmeta>
		<wp:meta_key><![CDATA[valpa_nacimiento_mes_meta]]></wp:meta_key>
		<wp:meta_value><![CDATA[01]]></wp:meta_value>
		</wp:postmeta>
							<wp:postmeta>
		<wp:meta_key><![CDATA[valpa_nacimiento_ano_meta]]></wp:meta_key>
		<wp:meta_value><![CDATA[1946]]></wp:meta_value>
		</wp:postmeta>
							<wp:postmeta>
		<wp:meta_key><![CDATA[post_views_count]]></wp:meta_key>
		<wp:meta_value><![CDATA[63]]></wp:meta_value>
		</wp:postmeta>
							</item>
					<item>
		<title><![CDATA[Juan Enrique Flores Sosa]]></title>
		<link>http://localhost/sass-wp/obituario/juan-enrique-flores-sosa/</link>
		<pubDate>Wed, 05 Feb 2020 00:00:27 +0000</pubDate>
		<dc:creator><![CDATA[webmaster]]></dc:creator>
		<guid isPermaLink="false">http://valparaiso.com.mx/?post_type=valpa_obituario_pt&#038;p=344</guid>
		<description></description>
		<content:encoded><![CDATA[]]></content:encoded>
		<excerpt:encoded><![CDATA[]]></excerpt:encoded>
		<wp:post_id>344</wp:post_id>
		<wp:post_date><![CDATA[2020-02-05 00:00:27]]></wp:post_date>
		<wp:post_date_gmt><![CDATA[2020-02-05 00:00:27]]></wp:post_date_gmt>
		<wp:post_modified><![CDATA[2020-02-05 00:00:27]]></wp:post_modified>
		<wp:post_modified_gmt><![CDATA[2020-02-05 00:00:27]]></wp:post_modified_gmt>
		<wp:comment_status><![CDATA[open]]></wp:comment_status>
		<wp:ping_status><![CDATA[closed]]></wp:ping_status>
		<wp:post_name><![CDATA[juan-enrique-flores-sosa]]></wp:post_name>
		<wp:status><![CDATA[publish]]></wp:status>
		<wp:post_parent>0</wp:post_parent>
		<wp:menu_order>0</wp:menu_order>
		<wp:post_type><![CDATA[valpa_obituario_pt]]></wp:post_type>
		<wp:post_password><![CDATA[]]></wp:post_password>
		<wp:is_sticky>0</wp:is_sticky>
														<wp:postmeta>
		<wp:meta_key><![CDATA[_wp_old_date]]></wp:meta_key>
		<wp:meta_value><![CDATA[2020-08-27]]></wp:meta_value>
		</wp:postmeta>
							<wp:postmeta>
		<wp:meta_key><![CDATA[valpa_no_homenaje_meta]]></wp:meta_key>
		<wp:meta_value><![CDATA[0020000039]]></wp:meta_value>
		</wp:postmeta>
							<wp:postmeta>
		<wp:meta_key><![CDATA[valpa_nacimiento_dia_meta]]></wp:meta_key>
		<wp:meta_value><![CDATA[14]]></wp:meta_value>
		</wp:postmeta>
							<wp:postmeta>
		<wp:meta_key><![CDATA[valpa_nacimiento_mes_meta]]></wp:meta_key>
		<wp:meta_value><![CDATA[02]]></wp:meta_value>
		</wp:postmeta>
							<wp:postmeta>
		<wp:meta_key><![CDATA[valpa_nacimiento_ano_meta]]></wp:meta_key>
		<wp:meta_value><![CDATA[1945]]></wp:meta_value>
		</wp:postmeta>
							<wp:postmeta>
		<wp:meta_key><![CDATA[post_views_count]]></wp:meta_key>
		<wp:meta_value><![CDATA[72]]></wp:meta_value>
		</wp:postmeta>
							</item>
					<item>
		<title><![CDATA[Paula Reyes Carmonas]]></title>
		<link>http://localhost/sass-wp/obituario/paula-reyes-carmonas/</link>
		<pubDate>Thu, 06 Feb 2020 00:00:13 +0000</pubDate>
		<dc:creator><![CDATA[webmaster]]></dc:creator>
		<guid isPermaLink="false">http://valparaiso.com.mx/?post_type=valpa_obituario_pt&#038;p=345</guid>
		<description></description>
		<content:encoded><![CDATA[]]></content:encoded>
		<excerpt:encoded><![CDATA[]]></excerpt:encoded>
		<wp:post_id>345</wp:post_id>
		<wp:post_date><![CDATA[2020-02-06 00:00:13]]></wp:post_date>
		<wp:post_date_gmt><![CDATA[2020-02-06 00:00:13]]></wp:post_date_gmt>
		<wp:post_modified><![CDATA[2020-02-06 00:00:13]]></wp:post_modified>
		<wp:post_modified_gmt><![CDATA[2020-02-06 00:00:13]]></wp:post_modified_gmt>
		<wp:comment_status><![CDATA[open]]></wp:comment_status>
		<wp:ping_status><![CDATA[closed]]></wp:ping_status>
		<wp:post_name><![CDATA[paula-reyes-carmonas]]></wp:post_name>
		<wp:status><![CDATA[publish]]></wp:status>
		<wp:post_parent>0</wp:post_parent>
		<wp:menu_order>0</wp:menu_order>
		<wp:post_type><![CDATA[valpa_obituario_pt]]></wp:post_type>
		<wp:post_password><![CDATA[]]></wp:post_password>
		<wp:is_sticky>0</wp:is_sticky>
														<wp:postmeta>
		<wp:meta_key><![CDATA[_wp_old_date]]></wp:meta_key>
		<wp:meta_value><![CDATA[2020-08-27]]></wp:meta_value>
		</wp:postmeta>
							<wp:postmeta>
		<wp:meta_key><![CDATA[valpa_no_homenaje_meta]]></wp:meta_key>
		<wp:meta_value><![CDATA[0020000040]]></wp:meta_value>
		</wp:postmeta>
							<wp:postmeta>
		<wp:meta_key><![CDATA[valpa_nacimiento_dia_meta]]></wp:meta_key>
		<wp:meta_value><![CDATA[26]]></wp:meta_value>
		</wp:postmeta>
							<wp:postmeta>
		<wp:meta_key><![CDATA[valpa_nacimiento_mes_meta]]></wp:meta_key>
		<wp:meta_value><![CDATA[03]]></wp:meta_value>
		</wp:postmeta>
							<wp:postmeta>
		<wp:meta_key><![CDATA[valpa_nacimiento_ano_meta]]></wp:meta_key>
		<wp:meta_value><![CDATA[1942]]></wp:meta_value>
		</wp:postmeta>
							<wp:postmeta>
		<wp:meta_key><![CDATA[post_views_count]]></wp:meta_key>
		<wp:meta_value><![CDATA[52]]></wp:meta_value>
		</wp:postmeta>
							</item>
					<item>
		<title><![CDATA[Maria Anastacia Dominguez Huerta]]></title>
		<link>http://localhost/sass-wp/obituario/maria-anastacia-dominguez-huerta/</link>
		<pubDate>Fri, 07 Feb 2020 00:00:32 +0000</pubDate>
		<dc:creator><![CDATA[webmaster]]></dc:creator>
		<guid isPermaLink="false">http://valparaiso.com.mx/?post_type=valpa_obituario_pt&#038;p=346</guid>
		<description></description>
		<content:encoded><![CDATA[La muerte no llega con el fallecimiento, llega con el olvido.]]></content:encoded>
		<excerpt:encoded><![CDATA[]]></excerpt:encoded>
		<wp:post_id>346</wp:post_id>
		<wp:post_date><![CDATA[2020-02-07 00:00:32]]></wp:post_date>
		<wp:post_date_gmt><![CDATA[2020-02-07 00:00:32]]></wp:post_date_gmt>
		<wp:post_modified><![CDATA[2020-02-07 00:00:32]]></wp:post_modified>
		<wp:post_modified_gmt><![CDATA[2020-02-07 00:00:32]]></wp:post_modified_gmt>
		<wp:comment_status><![CDATA[open]]></wp:comment_status>
		<wp:ping_status><![CDATA[closed]]></wp:ping_status>
		<wp:post_name><![CDATA[maria-anastacia-dominguez-huerta]]></wp:post_name>
		<wp:status><![CDATA[publish]]></wp:status>
		<wp:post_parent>0</wp:post_parent>
		<wp:menu_order>0</wp:menu_order>
		<wp:post_type><![CDATA[valpa_obituario_pt]]></wp:post_type>
		<wp:post_password><![CDATA[]]></wp:post_password>
		<wp:is_sticky>0</wp:is_sticky>
														<wp:postmeta>
		<wp:meta_key><![CDATA[_edit_last]]></wp:meta_key>
		<wp:meta_value><![CDATA[1]]></wp:meta_value>
		</wp:postmeta>
							<wp:postmeta>
		<wp:meta_key><![CDATA[_wp_old_date]]></wp:meta_key>
		<wp:meta_value><![CDATA[2020-08-27]]></wp:meta_value>
		</wp:postmeta>
							<wp:postmeta>
		<wp:meta_key><![CDATA[valpa_no_homenaje_meta]]></wp:meta_key>
		<wp:meta_value><![CDATA[0020000041]]></wp:meta_value>
		</wp:postmeta>
							<wp:postmeta>
		<wp:meta_key><![CDATA[valpa_nacimiento_dia_meta]]></wp:meta_key>
		<wp:meta_value><![CDATA[13]]></wp:meta_value>
		</wp:postmeta>
							<wp:postmeta>
		<wp:meta_key><![CDATA[valpa_nacimiento_mes_meta]]></wp:meta_key>
		<wp:meta_value><![CDATA[09]]></wp:meta_value>
		</wp:postmeta>
							<wp:postmeta>
		<wp:meta_key><![CDATA[valpa_nacimiento_ano_meta]]></wp:meta_key>
		<wp:meta_value><![CDATA[1933]]></wp:meta_value>
		</wp:postmeta>
							<wp:postmeta>
		<wp:meta_key><![CDATA[post_views_count]]></wp:meta_key>
		<wp:meta_value><![CDATA[234]]></wp:meta_value>
		</wp:postmeta>
							<wp:postmeta>
		<wp:meta_key><![CDATA[_thumbnail_id]]></wp:meta_key>
		<wp:meta_value><![CDATA[3967]]></wp:meta_value>
		</wp:postmeta>
							<wp:postmeta>
		<wp:meta_key><![CDATA[sucursal_relacionada_meta]]></wp:meta_key>
		<wp:meta_value><![CDATA[a:1:{i:0;s:2:"22";}]]></wp:meta_value>
		</wp:postmeta>
							<wp:postmeta>
		<wp:meta_key><![CDATA[num_velas_meta]]></wp:meta_key>
		<wp:meta_value><![CDATA[8]]></wp:meta_value>
		</wp:postmeta>
							<wp:postmeta>
		<wp:meta_key><![CDATA[num_recuerdos_meta]]></wp:meta_key>
		<wp:meta_value><![CDATA[1]]></wp:meta_value>
		</wp:postmeta>
							</item>
					<item>
		<title><![CDATA[Efrain Becerril Gervacio]]></title>
		<link>http://localhost/sass-wp/obituario/efrain-becerril-gervacio/</link>
		<pubDate>Fri, 31 Jan 2020 00:00:58 +0000</pubDate>
		<dc:creator><![CDATA[webmaster]]></dc:creator>
		<guid isPermaLink="false">http://valparaiso.com.mx/?post_type=valpa_obituario_pt&#038;p=4080</guid>
		<description></description>
		<content:encoded><![CDATA[La muerte deja un dolor en el corazÃ³n, que nadie puede sanar pero el amor deja una memoria que nadie puede robar.]]></content:encoded>
		<excerpt:encoded><![CDATA[]]></excerpt:encoded>
		<wp:post_id>4080</wp:post_id>
		<wp:post_date><![CDATA[2020-01-31 00:00:58]]></wp:post_date>
		<wp:post_date_gmt><![CDATA[2020-01-31 00:00:58]]></wp:post_date_gmt>
		<wp:post_modified><![CDATA[2020-01-31 00:00:58]]></wp:post_modified>
		<wp:post_modified_gmt><![CDATA[2020-01-31 00:00:58]]></wp:post_modified_gmt>
		<wp:comment_status><![CDATA[open]]></wp:comment_status>
		<wp:ping_status><![CDATA[closed]]></wp:ping_status>
		<wp:post_name><![CDATA[efrain-becerril-gervacio]]></wp:post_name>
		<wp:status><![CDATA[publish]]></wp:status>
		<wp:post_parent>0</wp:post_parent>
		<wp:menu_order>0</wp:menu_order>
		<wp:post_type><![CDATA[valpa_obituario_pt]]></wp:post_type>
		<wp:post_password><![CDATA[]]></wp:post_password>
		<wp:is_sticky>0</wp:is_sticky>
														<wp:postmeta>
		<wp:meta_key><![CDATA[_edit_last]]></wp:meta_key>
		<wp:meta_value><![CDATA[1]]></wp:meta_value>
		</wp:postmeta>
							<wp:postmeta>
		<wp:meta_key><![CDATA[_thumbnail_id]]></wp:meta_key>
		<wp:meta_value><![CDATA[4082]]></wp:meta_value>
		</wp:postmeta>
							<wp:postmeta>
		<wp:meta_key><![CDATA[_wp_old_date]]></wp:meta_key>
		<wp:meta_value><![CDATA[2020-10-31]]></wp:meta_value>
		</wp:postmeta>
							<wp:postmeta>
		<wp:meta_key><![CDATA[sucursal_relacionada_meta]]></wp:meta_key>
		<wp:meta_value><![CDATA[a:1:{i:0;s:2:"22";}]]></wp:meta_value>
		</wp:postmeta>
							<wp:postmeta>
		<wp:meta_key><![CDATA[valpa_no_homenaje_meta]]></wp:meta_key>
		<wp:meta_value><![CDATA[0020000035]]></wp:meta_value>
		</wp:postmeta>
							<wp:postmeta>
		<wp:meta_key><![CDATA[servicio_relacionado_meta]]></wp:meta_key>
		<wp:meta_value><![CDATA[a:1:{i:0;s:9:"Domicilio";}]]></wp:meta_value>
		</wp:postmeta>
							<wp:postmeta>
		<wp:meta_key><![CDATA[valpa_nacimiento_dia_meta]]></wp:meta_key>
		<wp:meta_value><![CDATA[18]]></wp:meta_value>
		</wp:postmeta>
							<wp:postmeta>
		<wp:meta_key><![CDATA[valpa_nacimiento_mes_meta]]></wp:meta_key>
		<wp:meta_value><![CDATA[09]]></wp:meta_value>
		</wp:postmeta>
							<wp:postmeta>
		<wp:meta_key><![CDATA[valpa_nacimiento_ano_meta]]></wp:meta_key>
		<wp:meta_value><![CDATA[1992]]></wp:meta_value>
		</wp:postmeta>
							<wp:postmeta>
		<wp:meta_key><![CDATA[post_views_count]]></wp:meta_key>
		<wp:meta_value><![CDATA[125]]></wp:meta_value>
		</wp:postmeta>
							<wp:postmeta>
		<wp:meta_key><![CDATA[num_velas_meta]]></wp:meta_key>
		<wp:meta_value><![CDATA[1]]></wp:meta_value>
		</wp:postmeta>
							<wp:postmeta>
		<wp:meta_key><![CDATA[num_recuerdos_meta]]></wp:meta_key>
		<wp:meta_value><![CDATA[1]]></wp:meta_value>
		</wp:postmeta>
							</item>
					<item>
		<title><![CDATA[Ana Marisela Lopez GaviÃ±o]]></title>
		<link>http://localhost/sass-wp/obituario/ana-marisela-lopez-gavino/</link>
		<pubDate>Sat, 08 Feb 2020 00:00:34 +0000</pubDate>
		<dc:creator><![CDATA[webmaster]]></dc:creator>
		<guid isPermaLink="false">http://valparaiso.com.mx/?post_type=valpa_obituario_pt&#038;p=347</guid>
		<description></description>
		<content:encoded><![CDATA[]]></content:encoded>
		<excerpt:encoded><![CDATA[]]></excerpt:encoded>
		<wp:post_id>347</wp:post_id>
		<wp:post_date><![CDATA[2020-02-08 00:00:34]]></wp:post_date>
		<wp:post_date_gmt><![CDATA[2020-02-08 00:00:34]]></wp:post_date_gmt>
		<wp:post_modified><![CDATA[2020-02-08 00:00:34]]></wp:post_modified>
		<wp:post_modified_gmt><![CDATA[2020-02-08 00:00:34]]></wp:post_modified_gmt>
		<wp:comment_status><![CDATA[open]]></wp:comment_status>
		<wp:ping_status><![CDATA[closed]]></wp:ping_status>
		<wp:post_name><![CDATA[ana-marisela-lopez-gavino]]></wp:post_name>
		<wp:status><![CDATA[publish]]></wp:status>
		<wp:post_parent>0</wp:post_parent>
		<wp:menu_order>0</wp:menu_order>
		<wp:post_type><![CDATA[valpa_obituario_pt]]></wp:post_type>
		<wp:post_password><![CDATA[]]></wp:post_password>
		<wp:is_sticky>0</wp:is_sticky>
														<wp:postmeta>
		<wp:meta_key><![CDATA[_wp_old_date]]></wp:meta_key>
		<wp:meta_value><![CDATA[2020-08-27]]></wp:meta_value>
		</wp:postmeta>
							<wp:postmeta>
		<wp:meta_key><![CDATA[valpa_no_homenaje_meta]]></wp:meta_key>
		<wp:meta_value><![CDATA[0020000042]]></wp:meta_value>
		</wp:postmeta>
							<wp:postmeta>
		<wp:meta_key><![CDATA[valpa_nacimiento_dia_meta]]></wp:meta_key>
		<wp:meta_value><![CDATA[04]]></wp:meta_value>
		</wp:postmeta>
							<wp:postmeta>
		<wp:meta_key><![CDATA[valpa_nacimiento_mes_meta]]></wp:meta_key>
		<wp:meta_value><![CDATA[02]]></wp:meta_value>
		</wp:postmeta>
							<wp:postmeta>
		<wp:meta_key><![CDATA[valpa_nacimiento_ano_meta]]></wp:meta_key>
		<wp:meta_value><![CDATA[1980]]></wp:meta_value>
		</wp:postmeta>
							<wp:postmeta>
		<wp:meta_key><![CDATA[post_views_count]]></wp:meta_key>
		<wp:meta_value><![CDATA[54]]></wp:meta_value>
		</wp:postmeta>
							</item>
					<item>
		<title><![CDATA[Julio Silva Albarran]]></title>
		<link>http://localhost/sass-wp/obituario/julio-silva-albarran/</link>
		<pubDate>Sun, 09 Feb 2020 00:00:54 +0000</pubDate>
		<dc:creator><![CDATA[webmaster]]></dc:creator>
		<guid isPermaLink="false">http://valparaiso.com.mx/?post_type=valpa_obituario_pt&#038;p=348</guid>
		<description></description>
		<content:encoded><![CDATA[]]></content:encoded>
		<excerpt:encoded><![CDATA[]]></excerpt:encoded>
		<wp:post_id>348</wp:post_id>
		<wp:post_date><![CDATA[2020-02-09 00:00:54]]></wp:post_date>
		<wp:post_date_gmt><![CDATA[2020-02-09 00:00:54]]></wp:post_date_gmt>
		<wp:post_modified><![CDATA[2020-02-09 00:00:54]]></wp:post_modified>
		<wp:post_modified_gmt><![CDATA[2020-02-09 00:00:54]]></wp:post_modified_gmt>
		<wp:comment_status><![CDATA[open]]></wp:comment_status>
		<wp:ping_status><![CDATA[closed]]></wp:ping_status>
		<wp:post_name><![CDATA[julio-silva-albarran]]></wp:post_name>
		<wp:status><![CDATA[publish]]></wp:status>
		<wp:post_parent>0</wp:post_parent>
		<wp:menu_order>0</wp:menu_order>
		<wp:post_type><![CDATA[valpa_obituario_pt]]></wp:post_type>
		<wp:post_password><![CDATA[]]></wp:post_password>
		<wp:is_sticky>0</wp:is_sticky>
														<wp:postmeta>
		<wp:meta_key><![CDATA[_wp_old_date]]></wp:meta_key>
		<wp:meta_value><![CDATA[2020-08-27]]></wp:meta_value>
		</wp:postmeta>
							<wp:postmeta>
		<wp:meta_key><![CDATA[valpa_no_homenaje_meta]]></wp:meta_key>
		<wp:meta_value><![CDATA[0020000043]]></wp:meta_value>
		</wp:postmeta>
							<wp:postmeta>
		<wp:meta_key><![CDATA[valpa_nacimiento_dia_meta]]></wp:meta_key>
		<wp:meta_value><![CDATA[22]]></wp:meta_value>
		</wp:postmeta>
							<wp:postmeta>
		<wp:meta_key><![CDATA[valpa_nacimiento_mes_meta]]></wp:meta_key>
		<wp:meta_value><![CDATA[05]]></wp:meta_value>
		</wp:postmeta>
							<wp:postmeta>
		<wp:meta_key><![CDATA[valpa_nacimiento_ano_meta]]></wp:meta_key>
		<wp:meta_value><![CDATA[1956]]></wp:meta_value>
		</wp:postmeta>
							<wp:postmeta>
		<wp:meta_key><![CDATA[post_views_count]]></wp:meta_key>
		<wp:meta_value><![CDATA[62]]></wp:meta_value>
		</wp:postmeta>
							</item>
					<item>
		<title><![CDATA[Maria Moreno Monroy]]></title>
		<link>http://localhost/sass-wp/obituario/maria-moreno-monroy/</link>
		<pubDate>Tue, 11 Feb 2020 00:00:00 +0000</pubDate>
		<dc:creator><![CDATA[webmaster]]></dc:creator>
		<guid isPermaLink="false">http://valparaiso.com.mx/?post_type=valpa_obituario_pt&#038;p=349</guid>
		<description></description>
		<content:encoded><![CDATA[<img class="alignnone size-full wp-image-1161" src="http://valparaiso.com.mx/wp-content/uploads/2020/02/WhatsApp-Image-2020-02-12-at-09.10.45.jpeg" alt="" width="858" height="1280" /> <img class="alignnone size-medium wp-image-1162" src="http://valparaiso.com.mx/wp-content/uploads/2020/02/WhatsApp-Image-2020-02-12-at-09.10.46.jpeg" alt="" width="225" height="300" /> <img class="alignnone size-medium wp-image-1163" src="http://valparaiso.com.mx/wp-content/uploads/2020/02/WhatsApp-Image-2020-02-12-at-09.10.47-1.jpeg" alt="" width="225" height="300" /> <img class="alignnone size-medium wp-image-1164" src="http://valparaiso.com.mx/wp-content/uploads/2020/02/WhatsApp-Image-2020-02-12-at-09.10.47.jpeg" alt="" width="225" height="300" /> <img class="alignnone size-medium wp-image-1165" src="http://valparaiso.com.mx/wp-content/uploads/2020/02/WhatsApp-Image-2020-02-12-at-09.10.48-1.jpeg" alt="" width="225" height="300" /> <img class="alignnone size-medium wp-image-1166" src="http://valparaiso.com.mx/wp-content/uploads/2020/02/WhatsApp-Image-2020-02-12-at-09.10.48.jpeg" alt="" width="300" height="225" /> <img class="alignnone size-medium wp-image-1167" src="http://valparaiso.com.mx/wp-content/uploads/2020/02/WhatsApp-Image-2020-02-12-at-09.10.49-1.jpeg" alt="" width="300" height="225" /> <img class="alignnone size-medium wp-image-1168" src="http://valparaiso.com.mx/wp-content/uploads/2020/02/WhatsApp-Image-2020-02-12-at-09.10.49.jpeg" alt="" width="182" height="300" /> <img class="alignnone size-medium wp-image-1169" src="http://valparaiso.com.mx/wp-content/uploads/2020/02/WhatsApp-Image-2020-02-12-at-09.10.50-1.jpeg" alt="" width="300" height="180" /> <img class="alignnone size-medium wp-image-1170" src="http://valparaiso.com.mx/wp-content/uploads/2020/02/WhatsApp-Image-2020-02-12-at-09.10.50.jpeg" alt="" width="180" height="300" /> <img class="alignnone size-medium wp-image-1171" src="http://valparaiso.com.mx/wp-content/uploads/2020/02/WhatsApp-Image-2020-02-12-at-09.10.51-1.jpeg" alt="" width="180" height="300" /> <img class="alignnone size-medium wp-image-1172" src="http://valparaiso.com.mx/wp-content/uploads/2020/02/WhatsApp-Image-2020-02-12-at-09.10.51.jpeg" alt="" width="300" height="225" /> <img class="alignnone size-medium wp-image-1173" src="http://valparaiso.com.mx/wp-content/uploads/2020/02/WhatsApp-Image-2020-02-12-at-09.10.52-1.jpeg" alt="" width="300" height="169" /> <img class="alignnone size-medium wp-image-1174" src="http://valparaiso.com.mx/wp-content/uploads/2020/02/WhatsApp-Image-2020-02-12-at-09.10.52.jpeg" alt="" width="225" height="300" /> <img class="alignnone size-medium wp-image-1175" src="http://valparaiso.com.mx/wp-content/uploads/2020/02/WhatsApp-Image-2020-02-12-at-09.10.53-1.jpeg" alt="" width="300" height="225" /> <img class="alignnone size-medium wp-image-1176" src="http://valparaiso.com.mx/wp-content/uploads/2020/02/WhatsApp-Image-2020-02-12-at-09.10.53.jpeg" alt="" width="300" height="225" /> <img class="alignnone size-medium wp-image-1177" src="http://valparaiso.com.mx/wp-content/uploads/2020/02/WhatsApp-Image-2020-02-12-at-09.10.54-1.jpeg" alt="" width="225" height="300" /> <img class="alignnone size-medium wp-image-1178" src="http://valparaiso.com.mx/wp-content/uploads/2020/02/WhatsApp-Image-2020-02-12-at-09.10.54.jpeg" alt="" width="225" height="300" />]]></content:encoded>
		<excerpt:encoded><![CDATA[]]></excerpt:encoded>
		<wp:post_id>349</wp:post_id>
		<wp:post_date><![CDATA[2020-02-11 00:00:00]]></wp:post_date>
		<wp:post_date_gmt><![CDATA[2020-02-11 00:00:00]]></wp:post_date_gmt>
		<wp:post_modified><![CDATA[2020-02-11 00:00:00]]></wp:post_modified>
		<wp:post_modified_gmt><![CDATA[2020-02-11 00:00:00]]></wp:post_modified_gmt>
		<wp:comment_status><![CDATA[open]]></wp:comment_status>
		<wp:ping_status><![CDATA[closed]]></wp:ping_status>
		<wp:post_name><![CDATA[maria-moreno-monroy]]></wp:post_name>
		<wp:status><![CDATA[publish]]></wp:status>
		<wp:post_parent>0</wp:post_parent>
		<wp:menu_order>0</wp:menu_order>
		<wp:post_type><![CDATA[valpa_obituario_pt]]></wp:post_type>
		<wp:post_password><![CDATA[]]></wp:post_password>
		<wp:is_sticky>0</wp:is_sticky>
														<wp:postmeta>
		<wp:meta_key><![CDATA[_wp_old_date]]></wp:meta_key>
		<wp:meta_value><![CDATA[2020-08-27]]></wp:meta_value>
		</wp:postmeta>
							<wp:postmeta>
		<wp:meta_key><![CDATA[valpa_no_homenaje_meta]]></wp:meta_key>
		<wp:meta_value><![CDATA[0020000044]]></wp:meta_value>
		</wp:postmeta>
							<wp:postmeta>
		<wp:meta_key><![CDATA[valpa_nacimiento_dia_meta]]></wp:meta_key>
		<wp:meta_value><![CDATA[01]]></wp:meta_value>
		</wp:postmeta>
							<wp:postmeta>
		<wp:meta_key><![CDATA[valpa_nacimiento_mes_meta]]></wp:meta_key>
		<wp:meta_value><![CDATA[04]]></wp:meta_value>
		</wp:postmeta>
							<wp:postmeta>
		<wp:meta_key><![CDATA[valpa_nacimiento_ano_meta]]></wp:meta_key>
		<wp:meta_value><![CDATA[1951]]></wp:meta_value>
		</wp:postmeta>
							<wp:postmeta>
		<wp:meta_key><![CDATA[post_views_count]]></wp:meta_key>
		<wp:meta_value><![CDATA[45]]></wp:meta_value>
		</wp:postmeta>
							</item>
					<item>
		<title><![CDATA[Jose Luis Infante Dominguez]]></title>
		<link>http://localhost/sass-wp/obituario/jose-luis-infante-dominguez/</link>
		<pubDate>Mon, 17 Feb 2020 00:00:37 +0000</pubDate>
		<dc:creator><![CDATA[webmaster]]></dc:creator>
		<guid isPermaLink="false">http://valparaiso.com.mx/?post_type=valpa_obituario_pt&#038;p=351</guid>
		<description></description>
		<content:encoded><![CDATA[]]></content:encoded>
		<excerpt:encoded><![CDATA[]]></excerpt:encoded>
		<wp:post_id>351</wp:post_id>
		<wp:post_date><![CDATA[2020-02-17 00:00:37]]></wp:post_date>
		<wp:post_date_gmt><![CDATA[2020-02-17 00:00:37]]></wp:post_date_gmt>
		<wp:post_modified><![CDATA[2020-02-17 00:00:37]]></wp:post_modified>
		<wp:post_modified_gmt><![CDATA[2020-02-17 00:00:37]]></wp:post_modified_gmt>
		<wp:comment_status><![CDATA[open]]></wp:comment_status>
		<wp:ping_status><![CDATA[closed]]></wp:ping_status>
		<wp:post_name><![CDATA[jose-luis-infante-dominguez]]></wp:post_name>
		<wp:status><![CDATA[publish]]></wp:status>
		<wp:post_parent>0</wp:post_parent>
		<wp:menu_order>0</wp:menu_order>
		<wp:post_type><![CDATA[valpa_obituario_pt]]></wp:post_type>
		<wp:post_password><![CDATA[]]></wp:post_password>
		<wp:is_sticky>0</wp:is_sticky>
														<wp:postmeta>
		<wp:meta_key><![CDATA[_wp_old_date]]></wp:meta_key>
		<wp:meta_value><![CDATA[2020-08-27]]></wp:meta_value>
		</wp:postmeta>
							<wp:postmeta>
		<wp:meta_key><![CDATA[valpa_no_homenaje_meta]]></wp:meta_key>
		<wp:meta_value><![CDATA[0020000046]]></wp:meta_value>
		</wp:postmeta>
							<wp:postmeta>
		<wp:meta_key><![CDATA[valpa_nacimiento_dia_meta]]></wp:meta_key>
		<wp:meta_value><![CDATA[22]]></wp:meta_value>
		</wp:postmeta>
							<wp:postmeta>
		<wp:meta_key><![CDATA[valpa_nacimiento_mes_meta]]></wp:meta_key>
		<wp:meta_value><![CDATA[11]]></wp:meta_value>
		</wp:postmeta>
							<wp:postmeta>
		<wp:meta_key><![CDATA[valpa_nacimiento_ano_meta]]></wp:meta_key>
		<wp:meta_value><![CDATA[1964]]></wp:meta_value>
		</wp:postmeta>
							<wp:postmeta>
		<wp:meta_key><![CDATA[post_views_count]]></wp:meta_key>
		<wp:meta_value><![CDATA[64]]></wp:meta_value>
		</wp:postmeta>
							</item>
					<item>
		<title><![CDATA[Hector Valente Mendoza Martinez]]></title>
		<link>http://localhost/sass-wp/obituario/hector-valente-mendoza-martinez/</link>
		<pubDate>Tue, 18 Feb 2020 00:00:21 +0000</pubDate>
		<dc:creator><![CDATA[webmaster]]></dc:creator>
		<guid isPermaLink="false">http://valparaiso.com.mx/?post_type=valpa_obituario_pt&#038;p=352</guid>
		<description></description>
		<content:encoded><![CDATA[]]></content:encoded>
		<excerpt:encoded><![CDATA[]]></excerpt:encoded>
		<wp:post_id>352</wp:post_id>
		<wp:post_date><![CDATA[2020-02-18 00:00:21]]></wp:post_date>
		<wp:post_date_gmt><![CDATA[2020-02-18 00:00:21]]></wp:post_date_gmt>
		<wp:post_modified><![CDATA[2020-02-18 00:00:21]]></wp:post_modified>
		<wp:post_modified_gmt><![CDATA[2020-02-18 00:00:21]]></wp:post_modified_gmt>
		<wp:comment_status><![CDATA[open]]></wp:comment_status>
		<wp:ping_status><![CDATA[closed]]></wp:ping_status>
		<wp:post_name><![CDATA[hector-valente-mendoza-martinez]]></wp:post_name>
		<wp:status><![CDATA[publish]]></wp:status>
		<wp:post_parent>0</wp:post_parent>
		<wp:menu_order>0</wp:menu_order>
		<wp:post_type><![CDATA[valpa_obituario_pt]]></wp:post_type>
		<wp:post_password><![CDATA[]]></wp:post_password>
		<wp:is_sticky>0</wp:is_sticky>
														<wp:postmeta>
		<wp:meta_key><![CDATA[_wp_old_date]]></wp:meta_key>
		<wp:meta_value><![CDATA[2020-08-27]]></wp:meta_value>
		</wp:postmeta>
							<wp:postmeta>
		<wp:meta_key><![CDATA[valpa_no_homenaje_meta]]></wp:meta_key>
		<wp:meta_value><![CDATA[0020000047]]></wp:meta_value>
		</wp:postmeta>
							<wp:postmeta>
		<wp:meta_key><![CDATA[valpa_nacimiento_dia_meta]]></wp:meta_key>
		<wp:meta_value><![CDATA[21]]></wp:meta_value>
		</wp:postmeta>
							<wp:postmeta>
		<wp:meta_key><![CDATA[valpa_nacimiento_mes_meta]]></wp:meta_key>
		<wp:meta_value><![CDATA[05]]></wp:meta_value>
		</wp:postmeta>
							<wp:postmeta>
		<wp:meta_key><![CDATA[valpa_nacimiento_ano_meta]]></wp:meta_key>
		<wp:meta_value><![CDATA[1972]]></wp:meta_value>
		</wp:postmeta>
							<wp:postmeta>
		<wp:meta_key><![CDATA[post_views_count]]></wp:meta_key>
		<wp:meta_value><![CDATA[56]]></wp:meta_value>
		</wp:postmeta>
							</item>
					<item>
		<title><![CDATA[Juana Perez Sanchez]]></title>
		<link>http://localhost/sass-wp/obituario/juana-perez-sanchez/</link>
		<pubDate>Wed, 19 Feb 2020 00:00:20 +0000</pubDate>
		<dc:creator><![CDATA[webmaster]]></dc:creator>
		<guid isPermaLink="false">http://valparaiso.com.mx/?post_type=valpa_obituario_pt&#038;p=353</guid>
		<description></description>
		<content:encoded><![CDATA[<img class="alignnone size-full wp-image-1179" src="http://valparaiso.com.mx/wp-content/uploads/2020/02/WhatsApp-Image-2020-02-19-at-4.41.22-PM.jpeg" alt="" width="480" height="480" /> <img class="alignnone size-medium wp-image-1180" src="http://valparaiso.com.mx/wp-content/uploads/2020/02/WhatsApp-Image-2020-02-19-at-4.41.23-PM-1.jpeg" alt="" width="225" height="300" /> <img class="alignnone size-medium wp-image-1181" src="http://valparaiso.com.mx/wp-content/uploads/2020/02/WhatsApp-Image-2020-02-19-at-4.41.23-PM.jpeg" alt="" width="225" height="300" /> <img class="alignnone size-medium wp-image-1182" src="http://valparaiso.com.mx/wp-content/uploads/2020/02/WhatsApp-Image-2020-02-19-at-4.41.26-PM.jpeg" alt="" width="225" height="300" /> <img class="alignnone size-medium wp-image-1183" src="http://valparaiso.com.mx/wp-content/uploads/2020/02/WhatsApp-Image-2020-02-19-at-4.41.28-PM.jpeg" alt="" width="169" height="300" /> <img class="alignnone size-medium wp-image-1184" src="http://valparaiso.com.mx/wp-content/uploads/2020/02/WhatsApp-Image-2020-02-19-at-4.41.29-PM-1.jpeg" alt="" width="225" height="300" /> <img class="alignnone size-medium wp-image-1185" src="http://valparaiso.com.mx/wp-content/uploads/2020/02/WhatsApp-Image-2020-02-19-at-4.41.29-PM.jpeg" alt="" width="300" height="169" /> <img class="alignnone size-medium wp-image-1186" src="http://valparaiso.com.mx/wp-content/uploads/2020/02/WhatsApp-Image-2020-02-19-at-4.41.30-PM.jpeg" alt="" width="300" height="169" /> <img class="alignnone size-medium wp-image-1187" src="http://valparaiso.com.mx/wp-content/uploads/2020/02/WhatsApp-Image-2020-02-19-at-4.41.31-PM-1.jpeg" alt="" width="300" height="300" /> <img class="alignnone size-medium wp-image-1188" src="http://valparaiso.com.mx/wp-content/uploads/2020/02/WhatsApp-Image-2020-02-19-at-4.41.31-PM-2.jpeg" alt="" width="225" height="300" /> <img class="alignnone size-medium wp-image-1189" src="http://valparaiso.com.mx/wp-content/uploads/2020/02/WhatsApp-Image-2020-02-19-at-4.41.31-PM.jpeg" alt="" width="149" height="149" />]]></content:encoded>
		<excerpt:encoded><![CDATA[]]></excerpt:encoded>
		<wp:post_id>353</wp:post_id>
		<wp:post_date><![CDATA[2020-02-19 00:00:20]]></wp:post_date>
		<wp:post_date_gmt><![CDATA[2020-02-19 00:00:20]]></wp:post_date_gmt>
		<wp:post_modified><![CDATA[2020-02-19 00:00:20]]></wp:post_modified>
		<wp:post_modified_gmt><![CDATA[2020-02-19 00:00:20]]></wp:post_modified_gmt>
		<wp:comment_status><![CDATA[open]]></wp:comment_status>
		<wp:ping_status><![CDATA[closed]]></wp:ping_status>
		<wp:post_name><![CDATA[juana-perez-sanchez]]></wp:post_name>
		<wp:status><![CDATA[publish]]></wp:status>
		<wp:post_parent>0</wp:post_parent>
		<wp:menu_order>0</wp:menu_order>
		<wp:post_type><![CDATA[valpa_obituario_pt]]></wp:post_type>
		<wp:post_password><![CDATA[]]></wp:post_password>
		<wp:is_sticky>0</wp:is_sticky>
														<wp:postmeta>
		<wp:meta_key><![CDATA[_wp_old_date]]></wp:meta_key>
		<wp:meta_value><![CDATA[2020-08-27]]></wp:meta_value>
		</wp:postmeta>
							<wp:postmeta>
		<wp:meta_key><![CDATA[valpa_no_homenaje_meta]]></wp:meta_key>
		<wp:meta_value><![CDATA[0020000048]]></wp:meta_value>
		</wp:postmeta>
							<wp:postmeta>
		<wp:meta_key><![CDATA[valpa_nacimiento_dia_meta]]></wp:meta_key>
		<wp:meta_value><![CDATA[24]]></wp:meta_value>
		</wp:postmeta>
							<wp:postmeta>
		<wp:meta_key><![CDATA[valpa_nacimiento_mes_meta]]></wp:meta_key>
		<wp:meta_value><![CDATA[06]]></wp:meta_value>
		</wp:postmeta>
							<wp:postmeta>
		<wp:meta_key><![CDATA[valpa_nacimiento_ano_meta]]></wp:meta_key>
		<wp:meta_value><![CDATA[1961]]></wp:meta_value>
		</wp:postmeta>
							<wp:postmeta>
		<wp:meta_key><![CDATA[post_views_count]]></wp:meta_key>
		<wp:meta_value><![CDATA[50]]></wp:meta_value>
		</wp:postmeta>
							</item>
					<item>
		<title><![CDATA[Alfredo Salas Palaceta]]></title>
		<link>http://localhost/sass-wp/obituario/alfredo-salas-palaceta/</link>
		<pubDate>Fri, 21 Feb 2020 00:00:54 +0000</pubDate>
		<dc:creator><![CDATA[webmaster]]></dc:creator>
		<guid isPermaLink="false">http://valparaiso.com.mx/?post_type=valpa_obituario_pt&#038;p=354</guid>
		<description></description>
		<content:encoded><![CDATA[]]></content:encoded>
		<excerpt:encoded><![CDATA[]]></excerpt:encoded>
		<wp:post_id>354</wp:post_id>
		<wp:post_date><![CDATA[2020-02-21 00:00:54]]></wp:post_date>
		<wp:post_date_gmt><![CDATA[2020-02-21 00:00:54]]></wp:post_date_gmt>
		<wp:post_modified><![CDATA[2020-02-21 00:00:54]]></wp:post_modified>
		<wp:post_modified_gmt><![CDATA[2020-02-21 00:00:54]]></wp:post_modified_gmt>
		<wp:comment_status><![CDATA[open]]></wp:comment_status>
		<wp:ping_status><![CDATA[closed]]></wp:ping_status>
		<wp:post_name><![CDATA[alfredo-salas-palaceta]]></wp:post_name>
		<wp:status><![CDATA[publish]]></wp:status>
		<wp:post_parent>0</wp:post_parent>
		<wp:menu_order>0</wp:menu_order>
		<wp:post_type><![CDATA[valpa_obituario_pt]]></wp:post_type>
		<wp:post_password><![CDATA[]]></wp:post_password>
		<wp:is_sticky>0</wp:is_sticky>
														<wp:postmeta>
		<wp:meta_key><![CDATA[_wp_old_date]]></wp:meta_key>
		<wp:meta_value><![CDATA[2020-08-27]]></wp:meta_value>
		</wp:postmeta>
							<wp:postmeta>
		<wp:meta_key><![CDATA[valpa_no_homenaje_meta]]></wp:meta_key>
		<wp:meta_value><![CDATA[0020000049]]></wp:meta_value>
		</wp:postmeta>
							<wp:postmeta>
		<wp:meta_key><![CDATA[valpa_nacimiento_dia_meta]]></wp:meta_key>
		<wp:meta_value><![CDATA[14]]></wp:meta_value>
		</wp:postmeta>
							<wp:postmeta>
		<wp:meta_key><![CDATA[valpa_nacimiento_mes_meta]]></wp:meta_key>
		<wp:meta_value><![CDATA[03]]></wp:meta_value>
		</wp:postmeta>
							<wp:postmeta>
		<wp:meta_key><![CDATA[valpa_nacimiento_ano_meta]]></wp:meta_key>
		<wp:meta_value><![CDATA[1937]]></wp:meta_value>
		</wp:postmeta>
							<wp:postmeta>
		<wp:meta_key><![CDATA[post_views_count]]></wp:meta_key>
		<wp:meta_value><![CDATA[59]]></wp:meta_value>
		</wp:postmeta>
							<wp:postmeta>
		<wp:meta_key><![CDATA[num_velas_meta]]></wp:meta_key>
		<wp:meta_value><![CDATA[1]]></wp:meta_value>
		</wp:postmeta>
							</item>
					<item>
		<title><![CDATA[Mario Morales GarduÃ±o]]></title>
		<link>http://localhost/sass-wp/obituario/mario-morales-garduno/</link>
		<pubDate>Sun, 23 Feb 2020 00:00:37 +0000</pubDate>
		<dc:creator><![CDATA[webmaster]]></dc:creator>
		<guid isPermaLink="false">http://valparaiso.com.mx/?post_type=valpa_obituario_pt&#038;p=355</guid>
		<description></description>
		<content:encoded><![CDATA[]]></content:encoded>
		<excerpt:encoded><![CDATA[]]></excerpt:encoded>
		<wp:post_id>355</wp:post_id>
		<wp:post_date><![CDATA[2020-02-23 00:00:37]]></wp:post_date>
		<wp:post_date_gmt><![CDATA[2020-02-23 00:00:37]]></wp:post_date_gmt>
		<wp:post_modified><![CDATA[2020-02-23 00:00:37]]></wp:post_modified>
		<wp:post_modified_gmt><![CDATA[2020-02-23 00:00:37]]></wp:post_modified_gmt>
		<wp:comment_status><![CDATA[open]]></wp:comment_status>
		<wp:ping_status><![CDATA[closed]]></wp:ping_status>
		<wp:post_name><![CDATA[mario-morales-garduno]]></wp:post_name>
		<wp:status><![CDATA[publish]]></wp:status>
		<wp:post_parent>0</wp:post_parent>
		<wp:menu_order>0</wp:menu_order>
		<wp:post_type><![CDATA[valpa_obituario_pt]]></wp:post_type>
		<wp:post_password><![CDATA[]]></wp:post_password>
		<wp:is_sticky>0</wp:is_sticky>
														<wp:postmeta>
		<wp:meta_key><![CDATA[_wp_old_date]]></wp:meta_key>
		<wp:meta_value><![CDATA[2020-08-27]]></wp:meta_value>
		</wp:postmeta>
							<wp:postmeta>
		<wp:meta_key><![CDATA[valpa_no_homenaje_meta]]></wp:meta_key>
		<wp:meta_value><![CDATA[0020000050]]></wp:meta_value>
		</wp:postmeta>
							<wp:postmeta>
		<wp:meta_key><![CDATA[valpa_nacimiento_dia_meta]]></wp:meta_key>
		<wp:meta_value><![CDATA[14]]></wp:meta_value>
		</wp:postmeta>
							<wp:postmeta>
		<wp:meta_key><![CDATA[valpa_nacimiento_mes_meta]]></wp:meta_key>
		<wp:meta_value><![CDATA[08]]></wp:meta_value>
		</wp:postmeta>
							<wp:postmeta>
		<wp:meta_key><![CDATA[valpa_nacimiento_ano_meta]]></wp:meta_key>
		<wp:meta_value><![CDATA[1983]]></wp:meta_value>
		</wp:postmeta>
							<wp:postmeta>
		<wp:meta_key><![CDATA[post_views_count]]></wp:meta_key>
		<wp:meta_value><![CDATA[46]]></wp:meta_value>
		</wp:postmeta>
							</item>
					<item>
		<title><![CDATA[Carlos Enrique Mimenza Ponce]]></title>
		<link>http://localhost/sass-wp/obituario/carlos-enrique-mimenza-ponce/</link>
		<pubDate>Mon, 24 Feb 2020 00:00:06 +0000</pubDate>
		<dc:creator><![CDATA[webmaster]]></dc:creator>
		<guid isPermaLink="false">http://valparaiso.com.mx/?post_type=valpa_obituario_pt&#038;p=356</guid>
		<description></description>
		<content:encoded><![CDATA[]]></content:encoded>
		<excerpt:encoded><![CDATA[]]></excerpt:encoded>
		<wp:post_id>356</wp:post_id>
		<wp:post_date><![CDATA[2020-02-24 00:00:06]]></wp:post_date>
		<wp:post_date_gmt><![CDATA[2020-02-24 00:00:06]]></wp:post_date_gmt>
		<wp:post_modified><![CDATA[2020-02-24 00:00:06]]></wp:post_modified>
		<wp:post_modified_gmt><![CDATA[2020-02-24 00:00:06]]></wp:post_modified_gmt>
		<wp:comment_status><![CDATA[open]]></wp:comment_status>
		<wp:ping_status><![CDATA[closed]]></wp:ping_status>
		<wp:post_name><![CDATA[carlos-enrique-mimenza-ponce]]></wp:post_name>
		<wp:status><![CDATA[publish]]></wp:status>
		<wp:post_parent>0</wp:post_parent>
		<wp:menu_order>0</wp:menu_order>
		<wp:post_type><![CDATA[valpa_obituario_pt]]></wp:post_type>
		<wp:post_password><![CDATA[]]></wp:post_password>
		<wp:is_sticky>0</wp:is_sticky>
														<wp:postmeta>
		<wp:meta_key><![CDATA[_wp_old_date]]></wp:meta_key>
		<wp:meta_value><![CDATA[2020-08-27]]></wp:meta_value>
		</wp:postmeta>
							<wp:postmeta>
		<wp:meta_key><![CDATA[valpa_no_homenaje_meta]]></wp:meta_key>
		<wp:meta_value><![CDATA[0020000051]]></wp:meta_value>
		</wp:postmeta>
							<wp:postmeta>
		<wp:meta_key><![CDATA[valpa_nacimiento_dia_meta]]></wp:meta_key>
		<wp:meta_value><![CDATA[15]]></wp:meta_value>
		</wp:postmeta>
							<wp:postmeta>
		<wp:meta_key><![CDATA[valpa_nacimiento_mes_meta]]></wp:meta_key>
		<wp:meta_value><![CDATA[07]]></wp:meta_value>
		</wp:postmeta>
							<wp:postmeta>
		<wp:meta_key><![CDATA[valpa_nacimiento_ano_meta]]></wp:meta_key>
		<wp:meta_value><![CDATA[1936]]></wp:meta_value>
		</wp:postmeta>
							<wp:postmeta>
		<wp:meta_key><![CDATA[post_views_count]]></wp:meta_key>
		<wp:meta_value><![CDATA[68]]></wp:meta_value>
		</wp:postmeta>
							</item>
					<item>
		<title><![CDATA[Celia Vazquez GarduÃ±o]]></title>
		<link>http://localhost/sass-wp/obituario/celia-vazquez-garduno/</link>
		<pubDate>Mon, 24 Feb 2020 00:00:45 +0000</pubDate>
		<dc:creator><![CDATA[webmaster]]></dc:creator>
		<guid isPermaLink="false">http://valparaiso.com.mx/?post_type=valpa_obituario_pt&#038;p=358</guid>
		<description></description>
		<content:encoded><![CDATA[Te digo adiÃ³s para toda la vida, pero toda la vida seguirÃ© pensando en ti.]]></content:encoded>
		<excerpt:encoded><![CDATA[]]></excerpt:encoded>
		<wp:post_id>358</wp:post_id>
		<wp:post_date><![CDATA[2020-02-24 00:00:45]]></wp:post_date>
		<wp:post_date_gmt><![CDATA[2020-02-24 00:00:45]]></wp:post_date_gmt>
		<wp:post_modified><![CDATA[2020-02-24 00:00:45]]></wp:post_modified>
		<wp:post_modified_gmt><![CDATA[2020-02-24 00:00:45]]></wp:post_modified_gmt>
		<wp:comment_status><![CDATA[open]]></wp:comment_status>
		<wp:ping_status><![CDATA[closed]]></wp:ping_status>
		<wp:post_name><![CDATA[celia-vazquez-garduno]]></wp:post_name>
		<wp:status><![CDATA[publish]]></wp:status>
		<wp:post_parent>0</wp:post_parent>
		<wp:menu_order>0</wp:menu_order>
		<wp:post_type><![CDATA[valpa_obituario_pt]]></wp:post_type>
		<wp:post_password><![CDATA[]]></wp:post_password>
		<wp:is_sticky>0</wp:is_sticky>
														<wp:postmeta>
		<wp:meta_key><![CDATA[_edit_last]]></wp:meta_key>
		<wp:meta_value><![CDATA[1]]></wp:meta_value>
		</wp:postmeta>
							<wp:postmeta>
		<wp:meta_key><![CDATA[_wp_old_date]]></wp:meta_key>
		<wp:meta_value><![CDATA[2020-08-27]]></wp:meta_value>
		</wp:postmeta>
							<wp:postmeta>
		<wp:meta_key><![CDATA[valpa_no_homenaje_meta]]></wp:meta_key>
		<wp:meta_value><![CDATA[0020000052]]></wp:meta_value>
		</wp:postmeta>
							<wp:postmeta>
		<wp:meta_key><![CDATA[valpa_nacimiento_dia_meta]]></wp:meta_key>
		<wp:meta_value><![CDATA[21]]></wp:meta_value>
		</wp:postmeta>
							<wp:postmeta>
		<wp:meta_key><![CDATA[valpa_nacimiento_mes_meta]]></wp:meta_key>
		<wp:meta_value><![CDATA[10]]></wp:meta_value>
		</wp:postmeta>
							<wp:postmeta>
		<wp:meta_key><![CDATA[valpa_nacimiento_ano_meta]]></wp:meta_key>
		<wp:meta_value><![CDATA[1955]]></wp:meta_value>
		</wp:postmeta>
							<wp:postmeta>
		<wp:meta_key><![CDATA[post_views_count]]></wp:meta_key>
		<wp:meta_value><![CDATA[252]]></wp:meta_value>
		</wp:postmeta>
							<wp:postmeta>
		<wp:meta_key><![CDATA[sucursal_relacionada_meta]]></wp:meta_key>
		<wp:meta_value><![CDATA[a:1:{i:0;s:2:"22";}]]></wp:meta_value>
		</wp:postmeta>
							<wp:postmeta>
		<wp:meta_key><![CDATA[servicio_relacionado_meta]]></wp:meta_key>
		<wp:meta_value><![CDATA[a:1:{i:0;s:9:"Domicilio";}]]></wp:meta_value>
		</wp:postmeta>
							<wp:postmeta>
		<wp:meta_key><![CDATA[_thumbnail_id]]></wp:meta_key>
		<wp:meta_value><![CDATA[4068]]></wp:meta_value>
		</wp:postmeta>
							<wp:postmeta>
		<wp:meta_key><![CDATA[num_velas_meta]]></wp:meta_key>
		<wp:meta_value><![CDATA[9]]></wp:meta_value>
		</wp:postmeta>
							</item>
					<item>
		<title><![CDATA[Alejandro Antonio Molina Segura]]></title>
		<link>http://localhost/sass-wp/obituario/alejandro-antonio-molina-segura/</link>
		<pubDate>Mon, 24 Feb 2020 00:00:28 +0000</pubDate>
		<dc:creator><![CDATA[webmaster]]></dc:creator>
		<guid isPermaLink="false">http://valparaiso.com.mx/?post_type=valpa_obituario_pt&#038;p=359</guid>
		<description></description>
		<content:encoded><![CDATA[<img class="alignnone size-full wp-image-1190" src="http://valparaiso.com.mx/wp-content/uploads/2020/02/e1a3a0ad-40ef-45b3-921a-0dfeee4c4229.jpg" alt="" width="1040" height="585" /> <img class="alignnone size-medium wp-image-1191" src="http://valparaiso.com.mx/wp-content/uploads/2020/02/e28b6e41-0aee-49c2-b826-4f984dfc1d0e.jpg" alt="" width="225" height="300" /> <img class="alignnone size-medium wp-image-1192" src="http://valparaiso.com.mx/wp-content/uploads/2020/02/e0169e10-5fdf-43fb-bd99-848874ec3e07.jpg" alt="" width="300" height="225" /> <img class="alignnone size-medium wp-image-1193" src="http://valparaiso.com.mx/wp-content/uploads/2020/02/eaafb879-04d4-48dd-a8c4-3a2df268798e.jpg" alt="" width="300" height="169" /> <img class="alignnone size-medium wp-image-1194" src="http://valparaiso.com.mx/wp-content/uploads/2020/02/f11eeb64-bf85-4fef-a203-09a665857cb7.jpg" alt="" width="225" height="300" /> <img class="alignnone size-medium wp-image-1195" src="http://valparaiso.com.mx/wp-content/uploads/2020/02/f54c527d-a140-4765-a15e-1b13c7761de3.jpg" alt="" width="300" height="225" /> <img class="alignnone size-medium wp-image-1196" src="http://valparaiso.com.mx/wp-content/uploads/2020/02/f88fc900-4593-46e8-b5ac-3d03f1fc74b5-1.jpg" alt="" width="225" height="300" /> <img class="alignnone size-medium wp-image-1197" src="http://valparaiso.com.mx/wp-content/uploads/2020/02/f88fc900-4593-46e8-b5ac-3d03f1fc74b5.jpg" alt="" width="225" height="300" /> <img class="alignnone size-medium wp-image-1198" src="http://valparaiso.com.mx/wp-content/uploads/2020/02/0de8c734-c11c-4aa7-b4d0-5acc60aaff39.jpg" alt="" width="225" height="300" /> <img class="alignnone size-medium wp-image-1199" src="http://valparaiso.com.mx/wp-content/uploads/2020/02/1dc7509d-dbf9-4502-9564-ac5398814dd1.jpg" alt="" width="300" height="225" /> <img class="alignnone size-medium wp-image-1200" src="http://valparaiso.com.mx/wp-content/uploads/2020/02/1de4c85f-84f8-4ed2-8940-4b20a6e70bf3.jpg" alt="" width="300" height="225" /> <img class="alignnone size-medium wp-image-1201" src="http://valparaiso.com.mx/wp-content/uploads/2020/02/3ab4578b-ae08-45f6-888b-6865ef39a905.jpg" alt="" width="300" height="225" /> <img class="alignnone size-medium wp-image-1202" src="http://valparaiso.com.mx/wp-content/uploads/2020/02/3bcfacaf-be07-4f90-9cee-2de80d017c5f.jpg" alt="" width="225" height="300" /> <img class="alignnone size-medium wp-image-1203" src="http://valparaiso.com.mx/wp-content/uploads/2020/02/4bd2b396-5abd-4397-9270-31e0c5321acc.jpg" alt="" width="300" height="225" /> <img class="alignnone size-medium wp-image-1204" src="http://valparaiso.com.mx/wp-content/uploads/2020/02/4c26fc54-48ab-4bf7-b2c4-138ab025835a-1.jpg" alt="" width="300" height="225" /> <img class="alignnone size-medium wp-image-1205" src="http://valparaiso.com.mx/wp-content/uploads/2020/02/4c26fc54-48ab-4bf7-b2c4-138ab025835a.jpg" alt="" width="300" height="225" />]]></content:encoded>
		<excerpt:encoded><![CDATA[]]></excerpt:encoded>
		<wp:post_id>359</wp:post_id>
		<wp:post_date><![CDATA[2020-02-24 00:00:28]]></wp:post_date>
		<wp:post_date_gmt><![CDATA[2020-02-24 00:00:28]]></wp:post_date_gmt>
		<wp:post_modified><![CDATA[2020-02-24 00:00:28]]></wp:post_modified>
		<wp:post_modified_gmt><![CDATA[2020-02-24 00:00:28]]></wp:post_modified_gmt>
		<wp:comment_status><![CDATA[open]]></wp:comment_status>
		<wp:ping_status><![CDATA[closed]]></wp:ping_status>
		<wp:post_name><![CDATA[alejandro-antonio-molina-segura]]></wp:post_name>
		<wp:status><![CDATA[publish]]></wp:status>
		<wp:post_parent>0</wp:post_parent>
		<wp:menu_order>0</wp:menu_order>
		<wp:post_type><![CDATA[valpa_obituario_pt]]></wp:post_type>
		<wp:post_password><![CDATA[]]></wp:post_password>
		<wp:is_sticky>0</wp:is_sticky>
														<wp:postmeta>
		<wp:meta_key><![CDATA[_wp_old_date]]></wp:meta_key>
		<wp:meta_value><![CDATA[2020-08-27]]></wp:meta_value>
		</wp:postmeta>
							<wp:postmeta>
		<wp:meta_key><![CDATA[valpa_no_homenaje_meta]]></wp:meta_key>
		<wp:meta_value><![CDATA[0020000053]]></wp:meta_value>
		</wp:postmeta>
							<wp:postmeta>
		<wp:meta_key><![CDATA[valpa_nacimiento_dia_meta]]></wp:meta_key>
		<wp:meta_value><![CDATA[24]]></wp:meta_value>
		</wp:postmeta>
							<wp:postmeta>
		<wp:meta_key><![CDATA[valpa_nacimiento_mes_meta]]></wp:meta_key>
		<wp:meta_value><![CDATA[04]]></wp:meta_value>
		</wp:postmeta>
							<wp:postmeta>
		<wp:meta_key><![CDATA[valpa_nacimiento_ano_meta]]></wp:meta_key>
		<wp:meta_value><![CDATA[1959]]></wp:meta_value>
		</wp:postmeta>
							<wp:postmeta>
		<wp:meta_key><![CDATA[post_views_count]]></wp:meta_key>
		<wp:meta_value><![CDATA[66]]></wp:meta_value>
		</wp:postmeta>
							</item>
					<item>
		<title><![CDATA[Arturo Albarran Ochoa]]></title>
		<link>http://localhost/sass-wp/obituario/arturo-albarran-ochoa/</link>
		<pubDate>Tue, 25 Feb 2020 00:00:40 +0000</pubDate>
		<dc:creator><![CDATA[webmaster]]></dc:creator>
		<guid isPermaLink="false">http://valparaiso.com.mx/?post_type=valpa_obituario_pt&#038;p=360</guid>
		<description></description>
		<content:encoded><![CDATA[]]></content:encoded>
		<excerpt:encoded><![CDATA[]]></excerpt:encoded>
		<wp:post_id>360</wp:post_id>
		<wp:post_date><![CDATA[2020-02-25 00:00:40]]></wp:post_date>
		<wp:post_date_gmt><![CDATA[2020-02-25 00:00:40]]></wp:post_date_gmt>
		<wp:post_modified><![CDATA[2020-02-25 00:00:40]]></wp:post_modified>
		<wp:post_modified_gmt><![CDATA[2020-02-25 00:00:40]]></wp:post_modified_gmt>
		<wp:comment_status><![CDATA[open]]></wp:comment_status>
		<wp:ping_status><![CDATA[closed]]></wp:ping_status>
		<wp:post_name><![CDATA[arturo-albarran-ochoa]]></wp:post_name>
		<wp:status><![CDATA[publish]]></wp:status>
		<wp:post_parent>0</wp:post_parent>
		<wp:menu_order>0</wp:menu_order>
		<wp:post_type><![CDATA[valpa_obituario_pt]]></wp:post_type>
		<wp:post_password><![CDATA[]]></wp:post_password>
		<wp:is_sticky>0</wp:is_sticky>
														<wp:postmeta>
		<wp:meta_key><![CDATA[_wp_old_date]]></wp:meta_key>
		<wp:meta_value><![CDATA[2020-08-27]]></wp:meta_value>
		</wp:postmeta>
							<wp:postmeta>
		<wp:meta_key><![CDATA[valpa_no_homenaje_meta]]></wp:meta_key>
		<wp:meta_value><![CDATA[0020000054]]></wp:meta_value>
		</wp:postmeta>
							<wp:postmeta>
		<wp:meta_key><![CDATA[valpa_nacimiento_dia_meta]]></wp:meta_key>
		<wp:meta_value><![CDATA[04]]></wp:meta_value>
		</wp:postmeta>
							<wp:postmeta>
		<wp:meta_key><![CDATA[valpa_nacimiento_mes_meta]]></wp:meta_key>
		<wp:meta_value><![CDATA[06]]></wp:meta_value>
		</wp:postmeta>
							<wp:postmeta>
		<wp:meta_key><![CDATA[valpa_nacimiento_ano_meta]]></wp:meta_key>
		<wp:meta_value><![CDATA[1977]]></wp:meta_value>
		</wp:postmeta>
							<wp:postmeta>
		<wp:meta_key><![CDATA[post_views_count]]></wp:meta_key>
		<wp:meta_value><![CDATA[50]]></wp:meta_value>
		</wp:postmeta>
							</item>
					<item>
		<title><![CDATA[Alfonso Flores Cordoba]]></title>
		<link>http://localhost/sass-wp/obituario/alfonso-flores-cordoba/</link>
		<pubDate>Thu, 27 Feb 2020 00:00:26 +0000</pubDate>
		<dc:creator><![CDATA[webmaster]]></dc:creator>
		<guid isPermaLink="false">http://valparaiso.com.mx/?post_type=valpa_obituario_pt&#038;p=361</guid>
		<description></description>
		<content:encoded><![CDATA[]]></content:encoded>
		<excerpt:encoded><![CDATA[]]></excerpt:encoded>
		<wp:post_id>361</wp:post_id>
		<wp:post_date><![CDATA[2020-02-27 00:00:26]]></wp:post_date>
		<wp:post_date_gmt><![CDATA[2020-02-27 00:00:26]]></wp:post_date_gmt>
		<wp:post_modified><![CDATA[2020-02-27 00:00:26]]></wp:post_modified>
		<wp:post_modified_gmt><![CDATA[2020-02-27 00:00:26]]></wp:post_modified_gmt>
		<wp:comment_status><![CDATA[open]]></wp:comment_status>
		<wp:ping_status><![CDATA[closed]]></wp:ping_status>
		<wp:post_name><![CDATA[alfonso-flores-cordoba]]></wp:post_name>
		<wp:status><![CDATA[publish]]></wp:status>
		<wp:post_parent>0</wp:post_parent>
		<wp:menu_order>0</wp:menu_order>
		<wp:post_type><![CDATA[valpa_obituario_pt]]></wp:post_type>
		<wp:post_password><![CDATA[]]></wp:post_password>
		<wp:is_sticky>0</wp:is_sticky>
														<wp:postmeta>
		<wp:meta_key><![CDATA[_wp_old_date]]></wp:meta_key>
		<wp:meta_value><![CDATA[2020-08-27]]></wp:meta_value>
		</wp:postmeta>
							<wp:postmeta>
		<wp:meta_key><![CDATA[valpa_no_homenaje_meta]]></wp:meta_key>
		<wp:meta_value><![CDATA[0020000055]]></wp:meta_value>
		</wp:postmeta>
							<wp:postmeta>
		<wp:meta_key><![CDATA[valpa_nacimiento_dia_meta]]></wp:meta_key>
		<wp:meta_value><![CDATA[09]]></wp:meta_value>
		</wp:postmeta>
							<wp:postmeta>
		<wp:meta_key><![CDATA[valpa_nacimiento_mes_meta]]></wp:meta_key>
		<wp:meta_value><![CDATA[10]]></wp:meta_value>
		</wp:postmeta>
							<wp:postmeta>
		<wp:meta_key><![CDATA[valpa_nacimiento_ano_meta]]></wp:meta_key>
		<wp:meta_value><![CDATA[1949]]></wp:meta_value>
		</wp:postmeta>
							<wp:postmeta>
		<wp:meta_key><![CDATA[post_views_count]]></wp:meta_key>
		<wp:meta_value><![CDATA[65]]></wp:meta_value>
		</wp:postmeta>
							</item>
					<item>
		<title><![CDATA[Ofelia Benitez Miranda]]></title>
		<link>http://localhost/sass-wp/obituario/ofelia-benitez-miranda/</link>
		<pubDate>Fri, 28 Feb 2020 00:00:25 +0000</pubDate>
		<dc:creator><![CDATA[webmaster]]></dc:creator>
		<guid isPermaLink="false">http://valparaiso.com.mx/?post_type=valpa_obituario_pt&#038;p=362</guid>
		<description></description>
		<content:encoded><![CDATA[]]></content:encoded>
		<excerpt:encoded><![CDATA[]]></excerpt:encoded>
		<wp:post_id>362</wp:post_id>
		<wp:post_date><![CDATA[2020-02-28 00:00:25]]></wp:post_date>
		<wp:post_date_gmt><![CDATA[2020-02-28 00:00:25]]></wp:post_date_gmt>
		<wp:post_modified><![CDATA[2020-02-28 00:00:25]]></wp:post_modified>
		<wp:post_modified_gmt><![CDATA[2020-02-28 00:00:25]]></wp:post_modified_gmt>
		<wp:comment_status><![CDATA[open]]></wp:comment_status>
		<wp:ping_status><![CDATA[closed]]></wp:ping_status>
		<wp:post_name><![CDATA[ofelia-benitez-miranda]]></wp:post_name>
		<wp:status><![CDATA[publish]]></wp:status>
		<wp:post_parent>0</wp:post_parent>
		<wp:menu_order>0</wp:menu_order>
		<wp:post_type><![CDATA[valpa_obituario_pt]]></wp:post_type>
		<wp:post_password><![CDATA[]]></wp:post_password>
		<wp:is_sticky>0</wp:is_sticky>
														<wp:postmeta>
		<wp:meta_key><![CDATA[_wp_old_date]]></wp:meta_key>
		<wp:meta_value><![CDATA[2020-08-27]]></wp:meta_value>
		</wp:postmeta>
							<wp:postmeta>
		<wp:meta_key><![CDATA[valpa_no_homenaje_meta]]></wp:meta_key>
		<wp:meta_value><![CDATA[0020000056]]></wp:meta_value>
		</wp:postmeta>
							<wp:postmeta>
		<wp:meta_key><![CDATA[valpa_nacimiento_dia_meta]]></wp:meta_key>
		<wp:meta_value><![CDATA[02]]></wp:meta_value>
		</wp:postmeta>
							<wp:postmeta>
		<wp:meta_key><![CDATA[valpa_nacimiento_mes_meta]]></wp:meta_key>
		<wp:meta_value><![CDATA[04]]></wp:meta_value>
		</wp:postmeta>
							<wp:postmeta>
		<wp:meta_key><![CDATA[valpa_nacimiento_ano_meta]]></wp:meta_key>
		<wp:meta_value><![CDATA[1959]]></wp:meta_value>
		</wp:postmeta>
							<wp:postmeta>
		<wp:meta_key><![CDATA[post_views_count]]></wp:meta_key>
		<wp:meta_value><![CDATA[62]]></wp:meta_value>
		</wp:postmeta>
							</item>
					<item>
		<title><![CDATA[Luisa Ortega Escutia]]></title>
		<link>http://localhost/sass-wp/obituario/luisa-ortega-escutia/</link>
		<pubDate>Sun, 01 Mar 2020 00:00:42 +0000</pubDate>
		<dc:creator><![CDATA[webmaster]]></dc:creator>
		<guid isPermaLink="false">http://valparaiso.com.mx/?post_type=valpa_obituario_pt&#038;p=364</guid>
		<description></description>
		<content:encoded><![CDATA[]]></content:encoded>
		<excerpt:encoded><![CDATA[]]></excerpt:encoded>
		<wp:post_id>364</wp:post_id>
		<wp:post_date><![CDATA[2020-03-01 00:00:42]]></wp:post_date>
		<wp:post_date_gmt><![CDATA[2020-03-01 00:00:42]]></wp:post_date_gmt>
		<wp:post_modified><![CDATA[2020-03-01 00:00:42]]></wp:post_modified>
		<wp:post_modified_gmt><![CDATA[2020-03-01 00:00:42]]></wp:post_modified_gmt>
		<wp:comment_status><![CDATA[open]]></wp:comment_status>
		<wp:ping_status><![CDATA[closed]]></wp:ping_status>
		<wp:post_name><![CDATA[luisa-ortega-escutia]]></wp:post_name>
		<wp:status><![CDATA[publish]]></wp:status>
		<wp:post_parent>0</wp:post_parent>
		<wp:menu_order>0</wp:menu_order>
		<wp:post_type><![CDATA[valpa_obituario_pt]]></wp:post_type>
		<wp:post_password><![CDATA[]]></wp:post_password>
		<wp:is_sticky>0</wp:is_sticky>
														<wp:postmeta>
		<wp:meta_key><![CDATA[_wp_old_date]]></wp:meta_key>
		<wp:meta_value><![CDATA[2020-08-27]]></wp:meta_value>
		</wp:postmeta>
							<wp:postmeta>
		<wp:meta_key><![CDATA[valpa_no_homenaje_meta]]></wp:meta_key>
		<wp:meta_value><![CDATA[0020000057]]></wp:meta_value>
		</wp:postmeta>
							<wp:postmeta>
		<wp:meta_key><![CDATA[valpa_nacimiento_dia_meta]]></wp:meta_key>
		<wp:meta_value><![CDATA[25]]></wp:meta_value>
		</wp:postmeta>
							<wp:postmeta>
		<wp:meta_key><![CDATA[valpa_nacimiento_mes_meta]]></wp:meta_key>
		<wp:meta_value><![CDATA[08]]></wp:meta_value>
		</wp:postmeta>
							<wp:postmeta>
		<wp:meta_key><![CDATA[valpa_nacimiento_ano_meta]]></wp:meta_key>
		<wp:meta_value><![CDATA[1945]]></wp:meta_value>
		</wp:postmeta>
							<wp:postmeta>
		<wp:meta_key><![CDATA[post_views_count]]></wp:meta_key>
		<wp:meta_value><![CDATA[45]]></wp:meta_value>
		</wp:postmeta>
							</item>
					<item>
		<title><![CDATA[Cirno Hernandez Rosas]]></title>
		<link>http://localhost/sass-wp/obituario/cirno-hernandez-rosas/</link>
		<pubDate>Tue, 03 Mar 2020 00:00:45 +0000</pubDate>
		<dc:creator><![CDATA[webmaster]]></dc:creator>
		<guid isPermaLink="false">http://valparaiso.com.mx/?post_type=valpa_obituario_pt&#038;p=365</guid>
		<description></description>
		<content:encoded><![CDATA[]]></content:encoded>
		<excerpt:encoded><![CDATA[]]></excerpt:encoded>
		<wp:post_id>365</wp:post_id>
		<wp:post_date><![CDATA[2020-03-03 00:00:45]]></wp:post_date>
		<wp:post_date_gmt><![CDATA[2020-03-03 00:00:45]]></wp:post_date_gmt>
		<wp:post_modified><![CDATA[2020-03-03 00:00:45]]></wp:post_modified>
		<wp:post_modified_gmt><![CDATA[2020-03-03 00:00:45]]></wp:post_modified_gmt>
		<wp:comment_status><![CDATA[open]]></wp:comment_status>
		<wp:ping_status><![CDATA[closed]]></wp:ping_status>
		<wp:post_name><![CDATA[cirno-hernandez-rosas]]></wp:post_name>
		<wp:status><![CDATA[publish]]></wp:status>
		<wp:post_parent>0</wp:post_parent>
		<wp:menu_order>0</wp:menu_order>
		<wp:post_type><![CDATA[valpa_obituario_pt]]></wp:post_type>
		<wp:post_password><![CDATA[]]></wp:post_password>
		<wp:is_sticky>0</wp:is_sticky>
														<wp:postmeta>
		<wp:meta_key><![CDATA[_wp_old_date]]></wp:meta_key>
		<wp:meta_value><![CDATA[2020-08-27]]></wp:meta_value>
		</wp:postmeta>
							<wp:postmeta>
		<wp:meta_key><![CDATA[valpa_no_homenaje_meta]]></wp:meta_key>
		<wp:meta_value><![CDATA[0020000058]]></wp:meta_value>
		</wp:postmeta>
							<wp:postmeta>
		<wp:meta_key><![CDATA[valpa_nacimiento_dia_meta]]></wp:meta_key>
		<wp:meta_value><![CDATA[12]]></wp:meta_value>
		</wp:postmeta>
							<wp:postmeta>
		<wp:meta_key><![CDATA[valpa_nacimiento_mes_meta]]></wp:meta_key>
		<wp:meta_value><![CDATA[06]]></wp:meta_value>
		</wp:postmeta>
							<wp:postmeta>
		<wp:meta_key><![CDATA[valpa_nacimiento_ano_meta]]></wp:meta_key>
		<wp:meta_value><![CDATA[1962]]></wp:meta_value>
		</wp:postmeta>
							<wp:postmeta>
		<wp:meta_key><![CDATA[post_views_count]]></wp:meta_key>
		<wp:meta_value><![CDATA[64]]></wp:meta_value>
		</wp:postmeta>
							</item>
					<item>
		<title><![CDATA[Elisa Navarro Sotelo]]></title>
		<link>http://localhost/sass-wp/obituario/elisa-navarro-sotelo/</link>
		<pubDate>Thu, 05 Mar 2020 00:00:25 +0000</pubDate>
		<dc:creator><![CDATA[webmaster]]></dc:creator>
		<guid isPermaLink="false">http://valparaiso.com.mx/?post_type=valpa_obituario_pt&#038;p=366</guid>
		<description></description>
		<content:encoded><![CDATA[<img class="alignnone size-full wp-image-1207" src="http://valparaiso.com.mx/wp-content/uploads/2020/03/WhatsApp-Image-2020-03-05-at-12.03.54-PM-1.jpeg" alt="" width="449" height="800" /> <img class="alignnone size-medium wp-image-1208" src="http://valparaiso.com.mx/wp-content/uploads/2020/03/WhatsApp-Image-2020-03-05-at-12.03.54-PM-2.jpeg" alt="" width="300" height="225" /> <img class="alignnone size-medium wp-image-1209" src="http://valparaiso.com.mx/wp-content/uploads/2020/03/WhatsApp-Image-2020-03-05-at-12.03.54-PM.jpeg" alt="" width="168" height="300" /> <img class="alignnone size-medium wp-image-1210" src="http://valparaiso.com.mx/wp-content/uploads/2020/03/WhatsApp-Image-2020-03-05-at-12.03.55-PM-1.jpeg" alt="" width="300" height="225" /> <img class="alignnone size-medium wp-image-1211" src="http://valparaiso.com.mx/wp-content/uploads/2020/03/WhatsApp-Image-2020-03-05-at-12.03.55-PM.jpeg" alt="" width="225" height="300" /> <img class="alignnone size-medium wp-image-1212" src="http://valparaiso.com.mx/wp-content/uploads/2020/03/WhatsApp-Image-2020-03-05-at-12.03.56-PM.jpeg" alt="" width="300" height="225" />]]></content:encoded>
		<excerpt:encoded><![CDATA[]]></excerpt:encoded>
		<wp:post_id>366</wp:post_id>
		<wp:post_date><![CDATA[2020-03-05 00:00:25]]></wp:post_date>
		<wp:post_date_gmt><![CDATA[2020-03-05 00:00:25]]></wp:post_date_gmt>
		<wp:post_modified><![CDATA[2020-03-05 00:00:25]]></wp:post_modified>
		<wp:post_modified_gmt><![CDATA[2020-03-05 00:00:25]]></wp:post_modified_gmt>
		<wp:comment_status><![CDATA[open]]></wp:comment_status>
		<wp:ping_status><![CDATA[closed]]></wp:ping_status>
		<wp:post_name><![CDATA[elisa-navarro-sotelo]]></wp:post_name>
		<wp:status><![CDATA[publish]]></wp:status>
		<wp:post_parent>0</wp:post_parent>
		<wp:menu_order>0</wp:menu_order>
		<wp:post_type><![CDATA[valpa_obituario_pt]]></wp:post_type>
		<wp:post_password><![CDATA[]]></wp:post_password>
		<wp:is_sticky>0</wp:is_sticky>
														<wp:postmeta>
		<wp:meta_key><![CDATA[_wp_old_date]]></wp:meta_key>
		<wp:meta_value><![CDATA[2020-08-27]]></wp:meta_value>
		</wp:postmeta>
							<wp:postmeta>
		<wp:meta_key><![CDATA[valpa_no_homenaje_meta]]></wp:meta_key>
		<wp:meta_value><![CDATA[0020000059]]></wp:meta_value>
		</wp:postmeta>
							<wp:postmeta>
		<wp:meta_key><![CDATA[valpa_nacimiento_dia_meta]]></wp:meta_key>
		<wp:meta_value><![CDATA[08]]></wp:meta_value>
		</wp:postmeta>
							<wp:postmeta>
		<wp:meta_key><![CDATA[valpa_nacimiento_mes_meta]]></wp:meta_key>
		<wp:meta_value><![CDATA[03]]></wp:meta_value>
		</wp:postmeta>
							<wp:postmeta>
		<wp:meta_key><![CDATA[valpa_nacimiento_ano_meta]]></wp:meta_key>
		<wp:meta_value><![CDATA[1939]]></wp:meta_value>
		</wp:postmeta>
							<wp:postmeta>
		<wp:meta_key><![CDATA[post_views_count]]></wp:meta_key>
		<wp:meta_value><![CDATA[53]]></wp:meta_value>
		</wp:postmeta>
							</item>
					<item>
		<title><![CDATA[Gabino Juan Ancira Duran]]></title>
		<link>http://localhost/sass-wp/obituario/gabino-juan-ancira-duran/</link>
		<pubDate>Fri, 06 Mar 2020 00:00:12 +0000</pubDate>
		<dc:creator><![CDATA[webmaster]]></dc:creator>
		<guid isPermaLink="false">http://valparaiso.com.mx/?post_type=valpa_obituario_pt&#038;p=368</guid>
		<description></description>
		<content:encoded><![CDATA[]]></content:encoded>
		<excerpt:encoded><![CDATA[]]></excerpt:encoded>
		<wp:post_id>368</wp:post_id>
		<wp:post_date><![CDATA[2020-03-06 00:00:12]]></wp:post_date>
		<wp:post_date_gmt><![CDATA[2020-03-06 00:00:12]]></wp:post_date_gmt>
		<wp:post_modified><![CDATA[2020-03-06 00:00:12]]></wp:post_modified>
		<wp:post_modified_gmt><![CDATA[2020-03-06 00:00:12]]></wp:post_modified_gmt>
		<wp:comment_status><![CDATA[open]]></wp:comment_status>
		<wp:ping_status><![CDATA[closed]]></wp:ping_status>
		<wp:post_name><![CDATA[gabino-juan-ancira-duran]]></wp:post_name>
		<wp:status><![CDATA[publish]]></wp:status>
		<wp:post_parent>0</wp:post_parent>
		<wp:menu_order>0</wp:menu_order>
		<wp:post_type><![CDATA[valpa_obituario_pt]]></wp:post_type>
		<wp:post_password><![CDATA[]]></wp:post_password>
		<wp:is_sticky>0</wp:is_sticky>
														<wp:postmeta>
		<wp:meta_key><![CDATA[_wp_old_date]]></wp:meta_key>
		<wp:meta_value><![CDATA[2020-08-27]]></wp:meta_value>
		</wp:postmeta>
							<wp:postmeta>
		<wp:meta_key><![CDATA[valpa_no_homenaje_meta]]></wp:meta_key>
		<wp:meta_value><![CDATA[0020000060]]></wp:meta_value>
		</wp:postmeta>
							<wp:postmeta>
		<wp:meta_key><![CDATA[valpa_nacimiento_dia_meta]]></wp:meta_key>
		<wp:meta_value><![CDATA[19]]></wp:meta_value>
		</wp:postmeta>
							<wp:postmeta>
		<wp:meta_key><![CDATA[valpa_nacimiento_mes_meta]]></wp:meta_key>
		<wp:meta_value><![CDATA[03]]></wp:meta_value>
		</wp:postmeta>
							<wp:postmeta>
		<wp:meta_key><![CDATA[valpa_nacimiento_ano_meta]]></wp:meta_key>
		<wp:meta_value><![CDATA[1933]]></wp:meta_value>
		</wp:postmeta>
							<wp:postmeta>
		<wp:meta_key><![CDATA[post_views_count]]></wp:meta_key>
		<wp:meta_value><![CDATA[65]]></wp:meta_value>
		</wp:postmeta>
							</item>
					<item>
		<title><![CDATA[Nelly Gomez Estrada]]></title>
		<link>http://localhost/sass-wp/obituario/nelly-gomez-estrada/</link>
		<pubDate>Sat, 14 Mar 2020 00:00:15 +0000</pubDate>
		<dc:creator><![CDATA[webmaster]]></dc:creator>
		<guid isPermaLink="false">http://valparaiso.com.mx/?post_type=valpa_obituario_pt&#038;p=371</guid>
		<description></description>
		<content:encoded><![CDATA[]]></content:encoded>
		<excerpt:encoded><![CDATA[]]></excerpt:encoded>
		<wp:post_id>371</wp:post_id>
		<wp:post_date><![CDATA[2020-03-14 00:00:15]]></wp:post_date>
		<wp:post_date_gmt><![CDATA[2020-03-14 00:00:15]]></wp:post_date_gmt>
		<wp:post_modified><![CDATA[2020-03-14 00:00:15]]></wp:post_modified>
		<wp:post_modified_gmt><![CDATA[2020-03-14 00:00:15]]></wp:post_modified_gmt>
		<wp:comment_status><![CDATA[open]]></wp:comment_status>
		<wp:ping_status><![CDATA[closed]]></wp:ping_status>
		<wp:post_name><![CDATA[nelly-gomez-estrada]]></wp:post_name>
		<wp:status><![CDATA[publish]]></wp:status>
		<wp:post_parent>0</wp:post_parent>
		<wp:menu_order>0</wp:menu_order>
		<wp:post_type><![CDATA[valpa_obituario_pt]]></wp:post_type>
		<wp:post_password><![CDATA[]]></wp:post_password>
		<wp:is_sticky>0</wp:is_sticky>
														<wp:postmeta>
		<wp:meta_key><![CDATA[_wp_old_date]]></wp:meta_key>
		<wp:meta_value><![CDATA[2020-08-27]]></wp:meta_value>
		</wp:postmeta>
							<wp:postmeta>
		<wp:meta_key><![CDATA[valpa_no_homenaje_meta]]></wp:meta_key>
		<wp:meta_value><![CDATA[0020000063]]></wp:meta_value>
		</wp:postmeta>
							<wp:postmeta>
		<wp:meta_key><![CDATA[valpa_nacimiento_dia_meta]]></wp:meta_key>
		<wp:meta_value><![CDATA[04]]></wp:meta_value>
		</wp:postmeta>
							<wp:postmeta>
		<wp:meta_key><![CDATA[valpa_nacimiento_mes_meta]]></wp:meta_key>
		<wp:meta_value><![CDATA[03]]></wp:meta_value>
		</wp:postmeta>
							<wp:postmeta>
		<wp:meta_key><![CDATA[valpa_nacimiento_ano_meta]]></wp:meta_key>
		<wp:meta_value><![CDATA[1972]]></wp:meta_value>
		</wp:postmeta>
							<wp:postmeta>
		<wp:meta_key><![CDATA[post_views_count]]></wp:meta_key>
		<wp:meta_value><![CDATA[45]]></wp:meta_value>
		</wp:postmeta>
							</item>
					<item>
		<title><![CDATA[Ricardo de la Cruz Linares]]></title>
		<link>http://localhost/sass-wp/obituario/ricardo-de-la-cruz-linares/</link>
		<pubDate>Fri, 07 Feb 2020 20:14:34 +0000</pubDate>
		<dc:creator><![CDATA[webmaster]]></dc:creator>
		<guid isPermaLink="false">http://valparaiso.com.mx/?post_type=valpa_obituario_pt&#038;p=10980</guid>
		<description></description>
		<content:encoded><![CDATA[<p style="text-align: center;">En mi vida siempre habrÃ¡ un minuto para ti, no te olvidare porque tu mi gran recuerdo serÃ¡s.</p>
&nbsp;]]></content:encoded>
		<excerpt:encoded><![CDATA[]]></excerpt:encoded>
		<wp:post_id>10980</wp:post_id>
		<wp:post_date><![CDATA[2020-02-07 20:14:34]]></wp:post_date>
		<wp:post_date_gmt><![CDATA[2020-02-07 20:14:34]]></wp:post_date_gmt>
		<wp:post_modified><![CDATA[2020-02-07 20:14:34]]></wp:post_modified>
		<wp:post_modified_gmt><![CDATA[2020-02-07 20:14:34]]></wp:post_modified_gmt>
		<wp:comment_status><![CDATA[open]]></wp:comment_status>
		<wp:ping_status><![CDATA[closed]]></wp:ping_status>
		<wp:post_name><![CDATA[ricardo-de-la-cruz-linares]]></wp:post_name>
		<wp:status><![CDATA[publish]]></wp:status>
		<wp:post_parent>0</wp:post_parent>
		<wp:menu_order>0</wp:menu_order>
		<wp:post_type><![CDATA[valpa_obituario_pt]]></wp:post_type>
		<wp:post_password><![CDATA[]]></wp:post_password>
		<wp:is_sticky>0</wp:is_sticky>
														<wp:postmeta>
		<wp:meta_key><![CDATA[_edit_last]]></wp:meta_key>
		<wp:meta_value><![CDATA[1]]></wp:meta_value>
		</wp:postmeta>
							<wp:postmeta>
		<wp:meta_key><![CDATA[_thumbnail_id]]></wp:meta_key>
		<wp:meta_value><![CDATA[10990]]></wp:meta_value>
		</wp:postmeta>
							<wp:postmeta>
		<wp:meta_key><![CDATA[sucursal_relacionada_meta]]></wp:meta_key>
		<wp:meta_value><![CDATA[a:1:{i:0;s:2:"22";}]]></wp:meta_value>
		</wp:postmeta>
							<wp:postmeta>
		<wp:meta_key><![CDATA[valpa_no_homenaje_meta]]></wp:meta_key>
		<wp:meta_value><![CDATA[0020000758]]></wp:meta_value>
		</wp:postmeta>
							<wp:postmeta>
		<wp:meta_key><![CDATA[servicio_relacionado_meta]]></wp:meta_key>
		<wp:meta_value><![CDATA[a:1:{i:0;s:8:"Sucursal";}]]></wp:meta_value>
		</wp:postmeta>
							<wp:postmeta>
		<wp:meta_key><![CDATA[valpa_nacimiento_dia_meta]]></wp:meta_key>
		<wp:meta_value><![CDATA[26]]></wp:meta_value>
		</wp:postmeta>
							<wp:postmeta>
		<wp:meta_key><![CDATA[valpa_nacimiento_mes_meta]]></wp:meta_key>
		<wp:meta_value><![CDATA[1]]></wp:meta_value>
		</wp:postmeta>
							<wp:postmeta>
		<wp:meta_key><![CDATA[valpa_nacimiento_ano_meta]]></wp:meta_key>
		<wp:meta_value><![CDATA[1979]]></wp:meta_value>
		</wp:postmeta>
							<wp:postmeta>
		<wp:meta_key><![CDATA[post_views_count]]></wp:meta_key>
		<wp:meta_value><![CDATA[162]]></wp:meta_value>
		</wp:postmeta>
							<wp:postmeta>
		<wp:meta_key><![CDATA[num_velas_meta]]></wp:meta_key>
		<wp:meta_value><![CDATA[15]]></wp:meta_value>
		</wp:postmeta>
							<wp:postmeta>
		<wp:meta_key><![CDATA[_wp_old_date]]></wp:meta_key>
		<wp:meta_value><![CDATA[2021-02-07]]></wp:meta_value>
		</wp:postmeta>
							<wp:postmeta>
		<wp:meta_key><![CDATA[num_recuerdos_meta]]></wp:meta_key>
		<wp:meta_value><![CDATA[1]]></wp:meta_value>
		</wp:postmeta>
							</item>
					<item>
		<title><![CDATA[Ana Maria Vazquez Garcia]]></title>
		<link>http://localhost/sass-wp/obituario/ana-maria-vazquez-garcia/</link>
		<pubDate>Sat, 14 Mar 2020 00:00:25 +0000</pubDate>
		<dc:creator><![CDATA[webmaster]]></dc:creator>
		<guid isPermaLink="false">http://valparaiso.com.mx/?post_type=valpa_obituario_pt&#038;p=370</guid>
		<description></description>
		<content:encoded><![CDATA[]]></content:encoded>
		<excerpt:encoded><![CDATA[]]></excerpt:encoded>
		<wp:post_id>370</wp:post_id>
		<wp:post_date><![CDATA[2020-03-14 00:00:25]]></wp:post_date>
		<wp:post_date_gmt><![CDATA[2020-03-14 00:00:25]]></wp:post_date_gmt>
		<wp:post_modified><![CDATA[2020-03-14 00:00:25]]></wp:post_modified>
		<wp:post_modified_gmt><![CDATA[2020-03-14 00:00:25]]></wp:post_modified_gmt>
		<wp:comment_status><![CDATA[open]]></wp:comment_status>
		<wp:ping_status><![CDATA[closed]]></wp:ping_status>
		<wp:post_name><![CDATA[ana-maria-vazquez-garcia]]></wp:post_name>
		<wp:status><![CDATA[publish]]></wp:status>
		<wp:post_parent>0</wp:post_parent>
		<wp:menu_order>0</wp:menu_order>
		<wp:post_type><![CDATA[valpa_obituario_pt]]></wp:post_type>
		<wp:post_password><![CDATA[]]></wp:post_password>
		<wp:is_sticky>0</wp:is_sticky>
														<wp:postmeta>
		<wp:meta_key><![CDATA[_wp_old_date]]></wp:meta_key>
		<wp:meta_value><![CDATA[2020-08-27]]></wp:meta_value>
		</wp:postmeta>
							<wp:postmeta>
		<wp:meta_key><![CDATA[valpa_no_homenaje_meta]]></wp:meta_key>
		<wp:meta_value><![CDATA[0020000062]]></wp:meta_value>
		</wp:postmeta>
							<wp:postmeta>
		<wp:meta_key><![CDATA[valpa_nacimiento_dia_meta]]></wp:meta_key>
		<wp:meta_value><![CDATA[10]]></wp:meta_value>
		</wp:postmeta>
							<wp:postmeta>
		<wp:meta_key><![CDATA[valpa_nacimiento_mes_meta]]></wp:meta_key>
		<wp:meta_value><![CDATA[08]]></wp:meta_value>
		</wp:postmeta>
							<wp:postmeta>
		<wp:meta_key><![CDATA[valpa_nacimiento_ano_meta]]></wp:meta_key>
		<wp:meta_value><![CDATA[1940]]></wp:meta_value>
		</wp:postmeta>
							<wp:postmeta>
		<wp:meta_key><![CDATA[post_views_count]]></wp:meta_key>
		<wp:meta_value><![CDATA[59]]></wp:meta_value>
		</wp:postmeta>
							</item>
					<item>
		<title><![CDATA[Julio Sanchez Soto]]></title>
		<link>http://localhost/sass-wp/obituario/julio-sanchez-soto/</link>
		<pubDate>Tue, 17 Mar 2020 00:00:02 +0000</pubDate>
		<dc:creator><![CDATA[webmaster]]></dc:creator>
		<guid isPermaLink="false">http://valparaiso.com.mx/?post_type=valpa_obituario_pt&#038;p=372</guid>
		<description></description>
		<content:encoded><![CDATA[]]></content:encoded>
		<excerpt:encoded><![CDATA[]]></excerpt:encoded>
		<wp:post_id>372</wp:post_id>
		<wp:post_date><![CDATA[2020-03-17 00:00:02]]></wp:post_date>
		<wp:post_date_gmt><![CDATA[2020-03-17 00:00:02]]></wp:post_date_gmt>
		<wp:post_modified><![CDATA[2020-03-17 00:00:02]]></wp:post_modified>
		<wp:post_modified_gmt><![CDATA[2020-03-17 00:00:02]]></wp:post_modified_gmt>
		<wp:comment_status><![CDATA[open]]></wp:comment_status>
		<wp:ping_status><![CDATA[closed]]></wp:ping_status>
		<wp:post_name><![CDATA[julio-sanchez-soto]]></wp:post_name>
		<wp:status><![CDATA[publish]]></wp:status>
		<wp:post_parent>0</wp:post_parent>
		<wp:menu_order>0</wp:menu_order>
		<wp:post_type><![CDATA[valpa_obituario_pt]]></wp:post_type>
		<wp:post_password><![CDATA[]]></wp:post_password>
		<wp:is_sticky>0</wp:is_sticky>
														<wp:postmeta>
		<wp:meta_key><![CDATA[_wp_old_date]]></wp:meta_key>
		<wp:meta_value><![CDATA[2020-08-27]]></wp:meta_value>
		</wp:postmeta>
							<wp:postmeta>
		<wp:meta_key><![CDATA[valpa_no_homenaje_meta]]></wp:meta_key>
		<wp:meta_value><![CDATA[0020000064]]></wp:meta_value>
		</wp:postmeta>
							<wp:postmeta>
		<wp:meta_key><![CDATA[valpa_nacimiento_dia_meta]]></wp:meta_key>
		<wp:meta_value><![CDATA[10]]></wp:meta_value>
		</wp:postmeta>
							<wp:postmeta>
		<wp:meta_key><![CDATA[valpa_nacimiento_mes_meta]]></wp:meta_key>
		<wp:meta_value><![CDATA[06]]></wp:meta_value>
		</wp:postmeta>
							<wp:postmeta>
		<wp:meta_key><![CDATA[valpa_nacimiento_ano_meta]]></wp:meta_key>
		<wp:meta_value><![CDATA[1940]]></wp:meta_value>
		</wp:postmeta>
							<wp:postmeta>
		<wp:meta_key><![CDATA[post_views_count]]></wp:meta_key>
		<wp:meta_value><![CDATA[53]]></wp:meta_value>
		</wp:postmeta>
							</item>
					<item>
		<title><![CDATA[David Enrique Valdez Gutierrez]]></title>
		<link>http://localhost/sass-wp/obituario/david-enrique-valdez-gutierrez/</link>
		<pubDate>Wed, 18 Mar 2020 00:00:04 +0000</pubDate>
		<dc:creator><![CDATA[webmaster]]></dc:creator>
		<guid isPermaLink="false">http://valparaiso.com.mx/?post_type=valpa_obituario_pt&#038;p=373</guid>
		<description></description>
		<content:encoded><![CDATA[]]></content:encoded>
		<excerpt:encoded><![CDATA[]]></excerpt:encoded>
		<wp:post_id>373</wp:post_id>
		<wp:post_date><![CDATA[2020-03-18 00:00:04]]></wp:post_date>
		<wp:post_date_gmt><![CDATA[2020-03-18 00:00:04]]></wp:post_date_gmt>
		<wp:post_modified><![CDATA[2020-03-18 00:00:04]]></wp:post_modified>
		<wp:post_modified_gmt><![CDATA[2020-03-18 00:00:04]]></wp:post_modified_gmt>
		<wp:comment_status><![CDATA[open]]></wp:comment_status>
		<wp:ping_status><![CDATA[closed]]></wp:ping_status>
		<wp:post_name><![CDATA[david-enrique-valdez-gutierrez]]></wp:post_name>
		<wp:status><![CDATA[publish]]></wp:status>
		<wp:post_parent>0</wp:post_parent>
		<wp:menu_order>0</wp:menu_order>
		<wp:post_type><![CDATA[valpa_obituario_pt]]></wp:post_type>
		<wp:post_password><![CDATA[]]></wp:post_password>
		<wp:is_sticky>0</wp:is_sticky>
														<wp:postmeta>
		<wp:meta_key><![CDATA[_wp_old_date]]></wp:meta_key>
		<wp:meta_value><![CDATA[2020-08-27]]></wp:meta_value>
		</wp:postmeta>
							<wp:postmeta>
		<wp:meta_key><![CDATA[valpa_no_homenaje_meta]]></wp:meta_key>
		<wp:meta_value><![CDATA[0020000065]]></wp:meta_value>
		</wp:postmeta>
							<wp:postmeta>
		<wp:meta_key><![CDATA[valpa_nacimiento_dia_meta]]></wp:meta_key>
		<wp:meta_value><![CDATA[18]]></wp:meta_value>
		</wp:postmeta>
							<wp:postmeta>
		<wp:meta_key><![CDATA[valpa_nacimiento_mes_meta]]></wp:meta_key>
		<wp:meta_value><![CDATA[03]]></wp:meta_value>
		</wp:postmeta>
							<wp:postmeta>
		<wp:meta_key><![CDATA[valpa_nacimiento_ano_meta]]></wp:meta_key>
		<wp:meta_value><![CDATA[1937]]></wp:meta_value>
		</wp:postmeta>
							<wp:postmeta>
		<wp:meta_key><![CDATA[post_views_count]]></wp:meta_key>
		<wp:meta_value><![CDATA[45]]></wp:meta_value>
		</wp:postmeta>
							</item>
					<item>
		<title><![CDATA[Natalia Huerta Cisneros]]></title>
		<link>http://localhost/sass-wp/obituario/natalia-huerta-cisneros/</link>
		<pubDate>Fri, 20 Mar 2020 00:00:51 +0000</pubDate>
		<dc:creator><![CDATA[webmaster]]></dc:creator>
		<guid isPermaLink="false">http://valparaiso.com.mx/?post_type=valpa_obituario_pt&#038;p=374</guid>
		<description></description>
		<content:encoded><![CDATA[]]></content:encoded>
		<excerpt:encoded><![CDATA[]]></excerpt:encoded>
		<wp:post_id>374</wp:post_id>
		<wp:post_date><![CDATA[2020-03-20 00:00:51]]></wp:post_date>
		<wp:post_date_gmt><![CDATA[2020-03-20 00:00:51]]></wp:post_date_gmt>
		<wp:post_modified><![CDATA[2020-03-20 00:00:51]]></wp:post_modified>
		<wp:post_modified_gmt><![CDATA[2020-03-20 00:00:51]]></wp:post_modified_gmt>
		<wp:comment_status><![CDATA[open]]></wp:comment_status>
		<wp:ping_status><![CDATA[closed]]></wp:ping_status>
		<wp:post_name><![CDATA[natalia-huerta-cisneros]]></wp:post_name>
		<wp:status><![CDATA[publish]]></wp:status>
		<wp:post_parent>0</wp:post_parent>
		<wp:menu_order>0</wp:menu_order>
		<wp:post_type><![CDATA[valpa_obituario_pt]]></wp:post_type>
		<wp:post_password><![CDATA[]]></wp:post_password>
		<wp:is_sticky>0</wp:is_sticky>
														<wp:postmeta>
		<wp:meta_key><![CDATA[_wp_old_date]]></wp:meta_key>
		<wp:meta_value><![CDATA[2020-08-27]]></wp:meta_value>
		</wp:postmeta>
							<wp:postmeta>
		<wp:meta_key><![CDATA[valpa_no_homenaje_meta]]></wp:meta_key>
		<wp:meta_value><![CDATA[0020000066]]></wp:meta_value>
		</wp:postmeta>
							<wp:postmeta>
		<wp:meta_key><![CDATA[valpa_nacimiento_dia_meta]]></wp:meta_key>
		<wp:meta_value><![CDATA[01]]></wp:meta_value>
		</wp:postmeta>
							<wp:postmeta>
		<wp:meta_key><![CDATA[valpa_nacimiento_mes_meta]]></wp:meta_key>
		<wp:meta_value><![CDATA[12]]></wp:meta_value>
		</wp:postmeta>
							<wp:postmeta>
		<wp:meta_key><![CDATA[valpa_nacimiento_ano_meta]]></wp:meta_key>
		<wp:meta_value><![CDATA[1929]]></wp:meta_value>
		</wp:postmeta>
							<wp:postmeta>
		<wp:meta_key><![CDATA[post_views_count]]></wp:meta_key>
		<wp:meta_value><![CDATA[62]]></wp:meta_value>
		</wp:postmeta>
							</item>
					<item>
		<title><![CDATA[MarÃ­a Teresa GalvÃ¡n LÃ³pez]]></title>
		<link>http://localhost/sass-wp/obituario/maria-teresa-galvan-lemus/</link>
		<pubDate>Sat, 21 Mar 2020 00:00:29 +0000</pubDate>
		<dc:creator><![CDATA[webmaster]]></dc:creator>
		<guid isPermaLink="false">http://valparaiso.com.mx/?post_type=valpa_obituario_pt&#038;p=375</guid>
		<description></description>
		<content:encoded><![CDATA[A pesar de no estar presente en cuerpo, tÃº estarÃ¡s con nosotros por siempre en nuestros corazones.]]></content:encoded>
		<excerpt:encoded><![CDATA[]]></excerpt:encoded>
		<wp:post_id>375</wp:post_id>
		<wp:post_date><![CDATA[2020-03-21 00:00:29]]></wp:post_date>
		<wp:post_date_gmt><![CDATA[2020-03-21 00:00:29]]></wp:post_date_gmt>
		<wp:post_modified><![CDATA[2020-03-21 00:00:29]]></wp:post_modified>
		<wp:post_modified_gmt><![CDATA[2020-03-21 00:00:29]]></wp:post_modified_gmt>
		<wp:comment_status><![CDATA[open]]></wp:comment_status>
		<wp:ping_status><![CDATA[closed]]></wp:ping_status>
		<wp:post_name><![CDATA[maria-teresa-galvan-lemus]]></wp:post_name>
		<wp:status><![CDATA[publish]]></wp:status>
		<wp:post_parent>0</wp:post_parent>
		<wp:menu_order>0</wp:menu_order>
		<wp:post_type><![CDATA[valpa_obituario_pt]]></wp:post_type>
		<wp:post_password><![CDATA[]]></wp:post_password>
		<wp:is_sticky>0</wp:is_sticky>
														<wp:postmeta>
		<wp:meta_key><![CDATA[_edit_last]]></wp:meta_key>
		<wp:meta_value><![CDATA[1]]></wp:meta_value>
		</wp:postmeta>
							<wp:postmeta>
		<wp:meta_key><![CDATA[_wp_old_date]]></wp:meta_key>
		<wp:meta_value><![CDATA[2020-08-27]]></wp:meta_value>
		</wp:postmeta>
							<wp:postmeta>
		<wp:meta_key><![CDATA[valpa_no_homenaje_meta]]></wp:meta_key>
		<wp:meta_value><![CDATA[0020000067]]></wp:meta_value>
		</wp:postmeta>
							<wp:postmeta>
		<wp:meta_key><![CDATA[valpa_nacimiento_dia_meta]]></wp:meta_key>
		<wp:meta_value><![CDATA[25]]></wp:meta_value>
		</wp:postmeta>
							<wp:postmeta>
		<wp:meta_key><![CDATA[valpa_nacimiento_mes_meta]]></wp:meta_key>
		<wp:meta_value><![CDATA[04]]></wp:meta_value>
		</wp:postmeta>
							<wp:postmeta>
		<wp:meta_key><![CDATA[valpa_nacimiento_ano_meta]]></wp:meta_key>
		<wp:meta_value><![CDATA[1951]]></wp:meta_value>
		</wp:postmeta>
							<wp:postmeta>
		<wp:meta_key><![CDATA[post_views_count]]></wp:meta_key>
		<wp:meta_value><![CDATA[77]]></wp:meta_value>
		</wp:postmeta>
							<wp:postmeta>
		<wp:meta_key><![CDATA[_thumbnail_id]]></wp:meta_key>
		<wp:meta_value><![CDATA[3994]]></wp:meta_value>
		</wp:postmeta>
							<wp:postmeta>
		<wp:meta_key><![CDATA[sucursal_relacionada_meta]]></wp:meta_key>
		<wp:meta_value><![CDATA[a:1:{i:0;s:2:"22";}]]></wp:meta_value>
		</wp:postmeta>
							<wp:postmeta>
		<wp:meta_key><![CDATA[servicio_relacionado_meta]]></wp:meta_key>
		<wp:meta_value><![CDATA[a:1:{i:0;s:9:"Domicilio";}]]></wp:meta_value>
		</wp:postmeta>
							<wp:postmeta>
		<wp:meta_key><![CDATA[num_velas_meta]]></wp:meta_key>
		<wp:meta_value><![CDATA[1]]></wp:meta_value>
		</wp:postmeta>
							</item>
					<item>
		<title><![CDATA[Ascencion Martinez Lemus]]></title>
		<link>http://localhost/sass-wp/obituario/ascencion-martinez-lemus/</link>
		<pubDate>Sun, 22 Mar 2020 00:00:38 +0000</pubDate>
		<dc:creator><![CDATA[webmaster]]></dc:creator>
		<guid isPermaLink="false">http://valparaiso.com.mx/?post_type=valpa_obituario_pt&#038;p=376</guid>
		<description></description>
		<content:encoded><![CDATA[La muerte deja un dolor en el corazÃ³n, que nadie puede sanar pero el amor deja una memoria que nadie puede robar.]]></content:encoded>
		<excerpt:encoded><![CDATA[]]></excerpt:encoded>
		<wp:post_id>376</wp:post_id>
		<wp:post_date><![CDATA[2020-03-22 00:00:38]]></wp:post_date>
		<wp:post_date_gmt><![CDATA[2020-03-22 00:00:38]]></wp:post_date_gmt>
		<wp:post_modified><![CDATA[2020-03-22 00:00:38]]></wp:post_modified>
		<wp:post_modified_gmt><![CDATA[2020-03-22 00:00:38]]></wp:post_modified_gmt>
		<wp:comment_status><![CDATA[open]]></wp:comment_status>
		<wp:ping_status><![CDATA[closed]]></wp:ping_status>
		<wp:post_name><![CDATA[ascencion-martinez-lemus]]></wp:post_name>
		<wp:status><![CDATA[publish]]></wp:status>
		<wp:post_parent>0</wp:post_parent>
		<wp:menu_order>0</wp:menu_order>
		<wp:post_type><![CDATA[valpa_obituario_pt]]></wp:post_type>
		<wp:post_password><![CDATA[]]></wp:post_password>
		<wp:is_sticky>0</wp:is_sticky>
														<wp:postmeta>
		<wp:meta_key><![CDATA[_edit_last]]></wp:meta_key>
		<wp:meta_value><![CDATA[1]]></wp:meta_value>
		</wp:postmeta>
							<wp:postmeta>
		<wp:meta_key><![CDATA[_wp_old_date]]></wp:meta_key>
		<wp:meta_value><![CDATA[2020-08-27]]></wp:meta_value>
		</wp:postmeta>
							<wp:postmeta>
		<wp:meta_key><![CDATA[valpa_no_homenaje_meta]]></wp:meta_key>
		<wp:meta_value><![CDATA[0020000068]]></wp:meta_value>
		</wp:postmeta>
							<wp:postmeta>
		<wp:meta_key><![CDATA[valpa_nacimiento_dia_meta]]></wp:meta_key>
		<wp:meta_value><![CDATA[15]]></wp:meta_value>
		</wp:postmeta>
							<wp:postmeta>
		<wp:meta_key><![CDATA[valpa_nacimiento_mes_meta]]></wp:meta_key>
		<wp:meta_value><![CDATA[08]]></wp:meta_value>
		</wp:postmeta>
							<wp:postmeta>
		<wp:meta_key><![CDATA[valpa_nacimiento_ano_meta]]></wp:meta_key>
		<wp:meta_value><![CDATA[1953]]></wp:meta_value>
		</wp:postmeta>
							<wp:postmeta>
		<wp:meta_key><![CDATA[post_views_count]]></wp:meta_key>
		<wp:meta_value><![CDATA[63]]></wp:meta_value>
		</wp:postmeta>
							<wp:postmeta>
		<wp:meta_key><![CDATA[_thumbnail_id]]></wp:meta_key>
		<wp:meta_value><![CDATA[4007]]></wp:meta_value>
		</wp:postmeta>
							<wp:postmeta>
		<wp:meta_key><![CDATA[servicio_relacionado_meta]]></wp:meta_key>
		<wp:meta_value><![CDATA[a:1:{i:0;s:9:"Domicilio";}]]></wp:meta_value>
		</wp:postmeta>
							<wp:postmeta>
		<wp:meta_key><![CDATA[sucursal_relacionada_meta]]></wp:meta_key>
		<wp:meta_value><![CDATA[a:1:{i:0;s:2:"22";}]]></wp:meta_value>
		</wp:postmeta>
							</item>
					<item>
		<title><![CDATA[Maria de Lourdes Irma Lara Sanchez]]></title>
		<link>http://localhost/sass-wp/obituario/maria-de-lourdes-irma-lara-sanchez/</link>
		<pubDate>Tue, 24 Mar 2020 00:00:21 +0000</pubDate>
		<dc:creator><![CDATA[webmaster]]></dc:creator>
		<guid isPermaLink="false">http://valparaiso.com.mx/?post_type=valpa_obituario_pt&#038;p=377</guid>
		<description></description>
		<content:encoded><![CDATA[]]></content:encoded>
		<excerpt:encoded><![CDATA[]]></excerpt:encoded>
		<wp:post_id>377</wp:post_id>
		<wp:post_date><![CDATA[2020-03-24 00:00:21]]></wp:post_date>
		<wp:post_date_gmt><![CDATA[2020-03-24 00:00:21]]></wp:post_date_gmt>
		<wp:post_modified><![CDATA[2020-03-24 00:00:21]]></wp:post_modified>
		<wp:post_modified_gmt><![CDATA[2020-03-24 00:00:21]]></wp:post_modified_gmt>
		<wp:comment_status><![CDATA[open]]></wp:comment_status>
		<wp:ping_status><![CDATA[closed]]></wp:ping_status>
		<wp:post_name><![CDATA[maria-de-lourdes-irma-lara-sanchez]]></wp:post_name>
		<wp:status><![CDATA[publish]]></wp:status>
		<wp:post_parent>0</wp:post_parent>
		<wp:menu_order>0</wp:menu_order>
		<wp:post_type><![CDATA[valpa_obituario_pt]]></wp:post_type>
		<wp:post_password><![CDATA[]]></wp:post_password>
		<wp:is_sticky>0</wp:is_sticky>
														<wp:postmeta>
		<wp:meta_key><![CDATA[_wp_old_date]]></wp:meta_key>
		<wp:meta_value><![CDATA[2020-08-27]]></wp:meta_value>
		</wp:postmeta>
							<wp:postmeta>
		<wp:meta_key><![CDATA[valpa_no_homenaje_meta]]></wp:meta_key>
		<wp:meta_value><![CDATA[0020000069]]></wp:meta_value>
		</wp:postmeta>
							<wp:postmeta>
		<wp:meta_key><![CDATA[valpa_nacimiento_dia_meta]]></wp:meta_key>
		<wp:meta_value><![CDATA[02]]></wp:meta_value>
		</wp:postmeta>
							<wp:postmeta>
		<wp:meta_key><![CDATA[valpa_nacimiento_mes_meta]]></wp:meta_key>
		<wp:meta_value><![CDATA[09]]></wp:meta_value>
		</wp:postmeta>
							<wp:postmeta>
		<wp:meta_key><![CDATA[valpa_nacimiento_ano_meta]]></wp:meta_key>
		<wp:meta_value><![CDATA[1942]]></wp:meta_value>
		</wp:postmeta>
							<wp:postmeta>
		<wp:meta_key><![CDATA[post_views_count]]></wp:meta_key>
		<wp:meta_value><![CDATA[65]]></wp:meta_value>
		</wp:postmeta>
							</item>
					<item>
		<title><![CDATA[Angela Hernandez Morales]]></title>
		<link>http://localhost/sass-wp/obituario/angela-hernandez-morales/</link>
		<pubDate>Tue, 24 Mar 2020 00:00:18 +0000</pubDate>
		<dc:creator><![CDATA[webmaster]]></dc:creator>
		<guid isPermaLink="false">http://valparaiso.com.mx/?post_type=valpa_obituario_pt&#038;p=378</guid>
		<description></description>
		<content:encoded><![CDATA[]]></content:encoded>
		<excerpt:encoded><![CDATA[]]></excerpt:encoded>
		<wp:post_id>378</wp:post_id>
		<wp:post_date><![CDATA[2020-03-24 00:00:18]]></wp:post_date>
		<wp:post_date_gmt><![CDATA[2020-03-24 00:00:18]]></wp:post_date_gmt>
		<wp:post_modified><![CDATA[2020-03-24 00:00:18]]></wp:post_modified>
		<wp:post_modified_gmt><![CDATA[2020-03-24 00:00:18]]></wp:post_modified_gmt>
		<wp:comment_status><![CDATA[open]]></wp:comment_status>
		<wp:ping_status><![CDATA[closed]]></wp:ping_status>
		<wp:post_name><![CDATA[angela-hernandez-morales]]></wp:post_name>
		<wp:status><![CDATA[publish]]></wp:status>
		<wp:post_parent>0</wp:post_parent>
		<wp:menu_order>0</wp:menu_order>
		<wp:post_type><![CDATA[valpa_obituario_pt]]></wp:post_type>
		<wp:post_password><![CDATA[]]></wp:post_password>
		<wp:is_sticky>0</wp:is_sticky>
														<wp:postmeta>
		<wp:meta_key><![CDATA[_wp_old_date]]></wp:meta_key>
		<wp:meta_value><![CDATA[2020-08-27]]></wp:meta_value>
		</wp:postmeta>
							<wp:postmeta>
		<wp:meta_key><![CDATA[valpa_no_homenaje_meta]]></wp:meta_key>
		<wp:meta_value><![CDATA[0020000070]]></wp:meta_value>
		</wp:postmeta>
							<wp:postmeta>
		<wp:meta_key><![CDATA[valpa_nacimiento_dia_meta]]></wp:meta_key>
		<wp:meta_value><![CDATA[07]]></wp:meta_value>
		</wp:postmeta>
							<wp:postmeta>
		<wp:meta_key><![CDATA[valpa_nacimiento_mes_meta]]></wp:meta_key>
		<wp:meta_value><![CDATA[04]]></wp:meta_value>
		</wp:postmeta>
							<wp:postmeta>
		<wp:meta_key><![CDATA[valpa_nacimiento_ano_meta]]></wp:meta_key>
		<wp:meta_value><![CDATA[1934]]></wp:meta_value>
		</wp:postmeta>
							<wp:postmeta>
		<wp:meta_key><![CDATA[post_views_count]]></wp:meta_key>
		<wp:meta_value><![CDATA[55]]></wp:meta_value>
		</wp:postmeta>
							</item>
					<item>
		<title><![CDATA[Jose Amado Reyes Martinez]]></title>
		<link>http://localhost/sass-wp/obituario/jose-amado-reyes-martinez/</link>
		<pubDate>Tue, 24 Mar 2020 00:00:14 +0000</pubDate>
		<dc:creator><![CDATA[webmaster]]></dc:creator>
		<guid isPermaLink="false">http://valparaiso.com.mx/?post_type=valpa_obituario_pt&#038;p=379</guid>
		<description></description>
		<content:encoded><![CDATA[]]></content:encoded>
		<excerpt:encoded><![CDATA[]]></excerpt:encoded>
		<wp:post_id>379</wp:post_id>
		<wp:post_date><![CDATA[2020-03-24 00:00:14]]></wp:post_date>
		<wp:post_date_gmt><![CDATA[2020-03-24 00:00:14]]></wp:post_date_gmt>
		<wp:post_modified><![CDATA[2020-03-24 00:00:14]]></wp:post_modified>
		<wp:post_modified_gmt><![CDATA[2020-03-24 00:00:14]]></wp:post_modified_gmt>
		<wp:comment_status><![CDATA[open]]></wp:comment_status>
		<wp:ping_status><![CDATA[closed]]></wp:ping_status>
		<wp:post_name><![CDATA[jose-amado-reyes-martinez]]></wp:post_name>
		<wp:status><![CDATA[publish]]></wp:status>
		<wp:post_parent>0</wp:post_parent>
		<wp:menu_order>0</wp:menu_order>
		<wp:post_type><![CDATA[valpa_obituario_pt]]></wp:post_type>
		<wp:post_password><![CDATA[]]></wp:post_password>
		<wp:is_sticky>0</wp:is_sticky>
														<wp:postmeta>
		<wp:meta_key><![CDATA[_wp_old_date]]></wp:meta_key>
		<wp:meta_value><![CDATA[2020-08-27]]></wp:meta_value>
		</wp:postmeta>
							<wp:postmeta>
		<wp:meta_key><![CDATA[valpa_no_homenaje_meta]]></wp:meta_key>
		<wp:meta_value><![CDATA[0020000071]]></wp:meta_value>
		</wp:postmeta>
							<wp:postmeta>
		<wp:meta_key><![CDATA[valpa_nacimiento_dia_meta]]></wp:meta_key>
		<wp:meta_value><![CDATA[24]]></wp:meta_value>
		</wp:postmeta>
							<wp:postmeta>
		<wp:meta_key><![CDATA[valpa_nacimiento_mes_meta]]></wp:meta_key>
		<wp:meta_value><![CDATA[01]]></wp:meta_value>
		</wp:postmeta>
							<wp:postmeta>
		<wp:meta_key><![CDATA[valpa_nacimiento_ano_meta]]></wp:meta_key>
		<wp:meta_value><![CDATA[1961]]></wp:meta_value>
		</wp:postmeta>
							<wp:postmeta>
		<wp:meta_key><![CDATA[post_views_count]]></wp:meta_key>
		<wp:meta_value><![CDATA[50]]></wp:meta_value>
		</wp:postmeta>
							</item>
					<item>
		<title><![CDATA[Teodora Rivas Mendoza]]></title>
		<link>http://localhost/sass-wp/obituario/teodora-rivas-mendoza/</link>
		<pubDate>Thu, 26 Mar 2020 00:00:38 +0000</pubDate>
		<dc:creator><![CDATA[webmaster]]></dc:creator>
		<guid isPermaLink="false">http://valparaiso.com.mx/?post_type=valpa_obituario_pt&#038;p=380</guid>
		<description></description>
		<content:encoded><![CDATA[]]></content:encoded>
		<excerpt:encoded><![CDATA[]]></excerpt:encoded>
		<wp:post_id>380</wp:post_id>
		<wp:post_date><![CDATA[2020-03-26 00:00:38]]></wp:post_date>
		<wp:post_date_gmt><![CDATA[2020-03-26 00:00:38]]></wp:post_date_gmt>
		<wp:post_modified><![CDATA[2020-03-26 00:00:38]]></wp:post_modified>
		<wp:post_modified_gmt><![CDATA[2020-03-26 00:00:38]]></wp:post_modified_gmt>
		<wp:comment_status><![CDATA[open]]></wp:comment_status>
		<wp:ping_status><![CDATA[closed]]></wp:ping_status>
		<wp:post_name><![CDATA[teodora-rivas-mendoza]]></wp:post_name>
		<wp:status><![CDATA[publish]]></wp:status>
		<wp:post_parent>0</wp:post_parent>
		<wp:menu_order>0</wp:menu_order>
		<wp:post_type><![CDATA[valpa_obituario_pt]]></wp:post_type>
		<wp:post_password><![CDATA[]]></wp:post_password>
		<wp:is_sticky>0</wp:is_sticky>
														<wp:postmeta>
		<wp:meta_key><![CDATA[_wp_old_date]]></wp:meta_key>
		<wp:meta_value><![CDATA[2020-08-27]]></wp:meta_value>
		</wp:postmeta>
							<wp:postmeta>
		<wp:meta_key><![CDATA[valpa_no_homenaje_meta]]></wp:meta_key>
		<wp:meta_value><![CDATA[0020000072]]></wp:meta_value>
		</wp:postmeta>
							<wp:postmeta>
		<wp:meta_key><![CDATA[valpa_nacimiento_dia_meta]]></wp:meta_key>
		<wp:meta_value><![CDATA[09]]></wp:meta_value>
		</wp:postmeta>
							<wp:postmeta>
		<wp:meta_key><![CDATA[valpa_nacimiento_mes_meta]]></wp:meta_key>
		<wp:meta_value><![CDATA[11]]></wp:meta_value>
		</wp:postmeta>
							<wp:postmeta>
		<wp:meta_key><![CDATA[valpa_nacimiento_ano_meta]]></wp:meta_key>
		<wp:meta_value><![CDATA[1947]]></wp:meta_value>
		</wp:postmeta>
							<wp:postmeta>
		<wp:meta_key><![CDATA[post_views_count]]></wp:meta_key>
		<wp:meta_value><![CDATA[60]]></wp:meta_value>
		</wp:postmeta>
							</item>
					<item>
		<title><![CDATA[Hilario Juan Martinez]]></title>
		<link>http://localhost/sass-wp/obituario/hilario-juan-martinez/</link>
		<pubDate>Sat, 28 Mar 2020 00:00:46 +0000</pubDate>
		<dc:creator><![CDATA[webmaster]]></dc:creator>
		<guid isPermaLink="false">http://valparaiso.com.mx/?post_type=valpa_obituario_pt&#038;p=381</guid>
		<description></description>
		<content:encoded><![CDATA[<img class="alignnone size-full wp-image-1214" src="http://valparaiso.com.mx/wp-content/uploads/2020/03/WhatsApp-Image-2020-03-28-at-8.01.30-PM-1.jpeg" alt="" width="774" height="1032" /> <img class="alignnone size-medium wp-image-1215" src="http://valparaiso.com.mx/wp-content/uploads/2020/03/WhatsApp-Image-2020-03-28-at-8.01.30-PM-2.jpeg" alt="" width="225" height="300" /> <img class="alignnone size-medium wp-image-1216" src="http://valparaiso.com.mx/wp-content/uploads/2020/03/WhatsApp-Image-2020-03-28-at-8.01.30-PM.jpeg" alt="" width="225" height="300" /> <img class="alignnone size-medium wp-image-1217" src="http://valparaiso.com.mx/wp-content/uploads/2020/03/WhatsApp-Image-2020-03-28-at-8.03.12-PM.jpeg" alt="" width="225" height="300" /> <img class="alignnone size-medium wp-image-1218" src="http://valparaiso.com.mx/wp-content/uploads/2020/03/WhatsApp-Image-2020-03-28-at-8.03.13-PM-1.jpeg" alt="" width="300" height="225" /> <img class="alignnone size-medium wp-image-1219" src="http://valparaiso.com.mx/wp-content/uploads/2020/03/WhatsApp-Image-2020-03-28-at-8.03.13-PM.jpeg" alt="" width="300" height="225" /> <img class="alignnone size-medium wp-image-1220" src="http://valparaiso.com.mx/wp-content/uploads/2020/03/WhatsApp-Image-2020-03-28-at-8.03.14-PM-1.jpeg" alt="" width="300" height="225" /> <img class="alignnone size-medium wp-image-1221" src="http://valparaiso.com.mx/wp-content/uploads/2020/03/WhatsApp-Image-2020-03-28-at-8.03.14-PM-2.jpeg" alt="" width="300" height="225" /> <img class="alignnone size-medium wp-image-1222" src="http://valparaiso.com.mx/wp-content/uploads/2020/03/WhatsApp-Image-2020-03-28-at-8.03.14-PM.jpeg" alt="" width="225" height="300" /> <img class="alignnone size-medium wp-image-1223" src="http://valparaiso.com.mx/wp-content/uploads/2020/03/WhatsApp-Image-2020-03-28-at-8.15.55-PM.jpeg" alt="" width="300" height="296" /> <img class="alignnone size-medium wp-image-1224" src="http://valparaiso.com.mx/wp-content/uploads/2020/03/WhatsApp-Image-2020-03-28-at-7.27.14-PM-1.jpeg" alt="" width="225" height="300" /> <img class="alignnone size-medium wp-image-1225" src="http://valparaiso.com.mx/wp-content/uploads/2020/03/WhatsApp-Image-2020-03-28-at-7.27.14-PM.jpeg" alt="" width="300" height="300" /> <img class="alignnone size-medium wp-image-1226" src="http://valparaiso.com.mx/wp-content/uploads/2020/03/WhatsApp-Image-2020-03-28-at-7.27.15-PM.jpeg" alt="" width="300" height="180" /> <img class="alignnone size-medium wp-image-1227" src="http://valparaiso.com.mx/wp-content/uploads/2020/03/WhatsApp-Image-2020-03-28-at-7.28.32-PM-1.jpeg" alt="" width="225" height="300" /> <img class="alignnone size-medium wp-image-1228" src="http://valparaiso.com.mx/wp-content/uploads/2020/03/WhatsApp-Image-2020-03-28-at-7.28.32-PM.jpeg" alt="" width="225" height="300" /> <img class="alignnone size-medium wp-image-1229" src="http://valparaiso.com.mx/wp-content/uploads/2020/03/WhatsApp-Image-2020-03-28-at-8.01.28-PM-1.jpeg" alt="" width="300" height="300" /> <img class="alignnone size-medium wp-image-1230" src="http://valparaiso.com.mx/wp-content/uploads/2020/03/WhatsApp-Image-2020-03-28-at-8.01.28-PM.jpeg" alt="" width="180" height="300" /> <img class="alignnone size-medium wp-image-1232" src="http://valparaiso.com.mx/wp-content/uploads/2020/03/WhatsApp-Image-2020-03-28-at-8.01.29-PM-1.jpeg" alt="" width="300" height="300" /> <img class="alignnone size-medium wp-image-1233" src="http://valparaiso.com.mx/wp-content/uploads/2020/03/WhatsApp-Image-2020-03-28-at-8.01.29-PM-2.jpeg" alt="" width="225" height="300" /> <img class="alignnone size-medium wp-image-1234" src="http://valparaiso.com.mx/wp-content/uploads/2020/03/WhatsApp-Image-2020-03-28-at-8.01.29-PM-3.jpeg" alt="" width="300" height="225" /> <img class="alignnone size-medium wp-image-1235" src="http://valparaiso.com.mx/wp-content/uploads/2020/03/WhatsApp-Image-2020-03-28-at-8.01.29-PM.jpeg" alt="" width="300" height="300" />]]></content:encoded>
		<excerpt:encoded><![CDATA[]]></excerpt:encoded>
		<wp:post_id>381</wp:post_id>
		<wp:post_date><![CDATA[2020-03-28 00:00:46]]></wp:post_date>
		<wp:post_date_gmt><![CDATA[2020-03-28 00:00:46]]></wp:post_date_gmt>
		<wp:post_modified><![CDATA[2020-03-28 00:00:46]]></wp:post_modified>
		<wp:post_modified_gmt><![CDATA[2020-03-28 00:00:46]]></wp:post_modified_gmt>
		<wp:comment_status><![CDATA[open]]></wp:comment_status>
		<wp:ping_status><![CDATA[closed]]></wp:ping_status>
		<wp:post_name><![CDATA[hilario-juan-martinez]]></wp:post_name>
		<wp:status><![CDATA[publish]]></wp:status>
		<wp:post_parent>0</wp:post_parent>
		<wp:menu_order>0</wp:menu_order>
		<wp:post_type><![CDATA[valpa_obituario_pt]]></wp:post_type>
		<wp:post_password><![CDATA[]]></wp:post_password>
		<wp:is_sticky>0</wp:is_sticky>
														<wp:postmeta>
		<wp:meta_key><![CDATA[valpa_no_homenaje_meta]]></wp:meta_key>
		<wp:meta_value><![CDATA[0020000073]]></wp:meta_value>
		</wp:postmeta>
							<wp:postmeta>
		<wp:meta_key><![CDATA[valpa_nacimiento_dia_meta]]></wp:meta_key>
		<wp:meta_value><![CDATA[05]]></wp:meta_value>
		</wp:postmeta>
							<wp:postmeta>
		<wp:meta_key><![CDATA[valpa_nacimiento_mes_meta]]></wp:meta_key>
		<wp:meta_value><![CDATA[05]]></wp:meta_value>
		</wp:postmeta>
							<wp:postmeta>
		<wp:meta_key><![CDATA[valpa_nacimiento_ano_meta]]></wp:meta_key>
		<wp:meta_value><![CDATA[1962]]></wp:meta_value>
		</wp:postmeta>
							<wp:postmeta>
		<wp:meta_key><![CDATA[post_views_count]]></wp:meta_key>
		<wp:meta_value><![CDATA[52]]></wp:meta_value>
		</wp:postmeta>
							</item>
					<item>
		<title><![CDATA[Margarita Montero Baeza]]></title>
		<link>http://localhost/sass-wp/obituario/margarita-montero-baeza/</link>
		<pubDate>Sun, 29 Mar 2020 00:00:46 +0000</pubDate>
		<dc:creator><![CDATA[webmaster]]></dc:creator>
		<guid isPermaLink="false">http://valparaiso.com.mx/?post_type=valpa_obituario_pt&#038;p=382</guid>
		<description></description>
		<content:encoded><![CDATA[]]></content:encoded>
		<excerpt:encoded><![CDATA[]]></excerpt:encoded>
		<wp:post_id>382</wp:post_id>
		<wp:post_date><![CDATA[2020-03-29 00:00:46]]></wp:post_date>
		<wp:post_date_gmt><![CDATA[2020-03-29 00:00:46]]></wp:post_date_gmt>
		<wp:post_modified><![CDATA[2020-03-29 00:00:46]]></wp:post_modified>
		<wp:post_modified_gmt><![CDATA[2020-03-29 00:00:46]]></wp:post_modified_gmt>
		<wp:comment_status><![CDATA[open]]></wp:comment_status>
		<wp:ping_status><![CDATA[closed]]></wp:ping_status>
		<wp:post_name><![CDATA[margarita-montero-baeza]]></wp:post_name>
		<wp:status><![CDATA[publish]]></wp:status>
		<wp:post_parent>0</wp:post_parent>
		<wp:menu_order>0</wp:menu_order>
		<wp:post_type><![CDATA[valpa_obituario_pt]]></wp:post_type>
		<wp:post_password><![CDATA[]]></wp:post_password>
		<wp:is_sticky>0</wp:is_sticky>
														<wp:postmeta>
		<wp:meta_key><![CDATA[_wp_old_date]]></wp:meta_key>
		<wp:meta_value><![CDATA[2020-08-27]]></wp:meta_value>
		</wp:postmeta>
							<wp:postmeta>
		<wp:meta_key><![CDATA[valpa_no_homenaje_meta]]></wp:meta_key>
		<wp:meta_value><![CDATA[0020000074]]></wp:meta_value>
		</wp:postmeta>
							<wp:postmeta>
		<wp:meta_key><![CDATA[valpa_nacimiento_dia_meta]]></wp:meta_key>
		<wp:meta_value><![CDATA[30]]></wp:meta_value>
		</wp:postmeta>
							<wp:postmeta>
		<wp:meta_key><![CDATA[valpa_nacimiento_mes_meta]]></wp:meta_key>
		<wp:meta_value><![CDATA[12]]></wp:meta_value>
		</wp:postmeta>
							<wp:postmeta>
		<wp:meta_key><![CDATA[valpa_nacimiento_ano_meta]]></wp:meta_key>
		<wp:meta_value><![CDATA[1949]]></wp:meta_value>
		</wp:postmeta>
							<wp:postmeta>
		<wp:meta_key><![CDATA[post_views_count]]></wp:meta_key>
		<wp:meta_value><![CDATA[53]]></wp:meta_value>
		</wp:postmeta>
							</item>
					<item>
		<title><![CDATA[Petra Perez Hernandez]]></title>
		<link>http://localhost/sass-wp/obituario/petra-perez-hernandez/</link>
		<pubDate>Sun, 29 Mar 2020 00:00:16 +0000</pubDate>
		<dc:creator><![CDATA[webmaster]]></dc:creator>
		<guid isPermaLink="false">http://valparaiso.com.mx/?post_type=valpa_obituario_pt&#038;p=383</guid>
		<description></description>
		<content:encoded><![CDATA[]]></content:encoded>
		<excerpt:encoded><![CDATA[]]></excerpt:encoded>
		<wp:post_id>383</wp:post_id>
		<wp:post_date><![CDATA[2020-03-29 00:00:16]]></wp:post_date>
		<wp:post_date_gmt><![CDATA[2020-03-29 00:00:16]]></wp:post_date_gmt>
		<wp:post_modified><![CDATA[2020-03-29 00:00:16]]></wp:post_modified>
		<wp:post_modified_gmt><![CDATA[2020-03-29 00:00:16]]></wp:post_modified_gmt>
		<wp:comment_status><![CDATA[open]]></wp:comment_status>
		<wp:ping_status><![CDATA[closed]]></wp:ping_status>
		<wp:post_name><![CDATA[petra-perez-hernandez]]></wp:post_name>
		<wp:status><![CDATA[publish]]></wp:status>
		<wp:post_parent>0</wp:post_parent>
		<wp:menu_order>0</wp:menu_order>
		<wp:post_type><![CDATA[valpa_obituario_pt]]></wp:post_type>
		<wp:post_password><![CDATA[]]></wp:post_password>
		<wp:is_sticky>0</wp:is_sticky>
														<wp:postmeta>
		<wp:meta_key><![CDATA[_wp_old_date]]></wp:meta_key>
		<wp:meta_value><![CDATA[2020-08-27]]></wp:meta_value>
		</wp:postmeta>
							<wp:postmeta>
		<wp:meta_key><![CDATA[valpa_no_homenaje_meta]]></wp:meta_key>
		<wp:meta_value><![CDATA[0020000075]]></wp:meta_value>
		</wp:postmeta>
							<wp:postmeta>
		<wp:meta_key><![CDATA[valpa_nacimiento_dia_meta]]></wp:meta_key>
		<wp:meta_value><![CDATA[06]]></wp:meta_value>
		</wp:postmeta>
							<wp:postmeta>
		<wp:meta_key><![CDATA[valpa_nacimiento_mes_meta]]></wp:meta_key>
		<wp:meta_value><![CDATA[07]]></wp:meta_value>
		</wp:postmeta>
							<wp:postmeta>
		<wp:meta_key><![CDATA[valpa_nacimiento_ano_meta]]></wp:meta_key>
		<wp:meta_value><![CDATA[1938]]></wp:meta_value>
		</wp:postmeta>
							<wp:postmeta>
		<wp:meta_key><![CDATA[post_views_count]]></wp:meta_key>
		<wp:meta_value><![CDATA[57]]></wp:meta_value>
		</wp:postmeta>
							</item>
					<item>
		<title><![CDATA[Maria Luisa Perez Rangel]]></title>
		<link>http://localhost/sass-wp/obituario/maria-luisa-perez-rangel/</link>
		<pubDate>Mon, 30 Mar 2020 00:00:14 +0000</pubDate>
		<dc:creator><![CDATA[webmaster]]></dc:creator>
		<guid isPermaLink="false">http://valparaiso.com.mx/?post_type=valpa_obituario_pt&#038;p=384</guid>
		<description></description>
		<content:encoded><![CDATA[<img class="alignnone size-full wp-image-1237" src="http://valparaiso.com.mx/wp-content/uploads/2020/03/WhatsApp-Image-2020-03-30-at-9.21.11-PM-1.jpeg" alt="" width="1280" height="960" /> <img class="alignnone size-medium wp-image-1238" src="http://valparaiso.com.mx/wp-content/uploads/2020/03/WhatsApp-Image-2020-03-30-at-9.21.11-PM.jpeg" alt="" width="300" height="141" />]]></content:encoded>
		<excerpt:encoded><![CDATA[]]></excerpt:encoded>
		<wp:post_id>384</wp:post_id>
		<wp:post_date><![CDATA[2020-03-30 00:00:14]]></wp:post_date>
		<wp:post_date_gmt><![CDATA[2020-03-30 00:00:14]]></wp:post_date_gmt>
		<wp:post_modified><![CDATA[2020-03-30 00:00:14]]></wp:post_modified>
		<wp:post_modified_gmt><![CDATA[2020-03-30 00:00:14]]></wp:post_modified_gmt>
		<wp:comment_status><![CDATA[open]]></wp:comment_status>
		<wp:ping_status><![CDATA[closed]]></wp:ping_status>
		<wp:post_name><![CDATA[maria-luisa-perez-rangel]]></wp:post_name>
		<wp:status><![CDATA[publish]]></wp:status>
		<wp:post_parent>0</wp:post_parent>
		<wp:menu_order>0</wp:menu_order>
		<wp:post_type><![CDATA[valpa_obituario_pt]]></wp:post_type>
		<wp:post_password><![CDATA[]]></wp:post_password>
		<wp:is_sticky>0</wp:is_sticky>
														<wp:postmeta>
		<wp:meta_key><![CDATA[valpa_no_homenaje_meta]]></wp:meta_key>
		<wp:meta_value><![CDATA[002000076]]></wp:meta_value>
		</wp:postmeta>
							<wp:postmeta>
		<wp:meta_key><![CDATA[valpa_nacimiento_dia_meta]]></wp:meta_key>
		<wp:meta_value><![CDATA[24]]></wp:meta_value>
		</wp:postmeta>
							<wp:postmeta>
		<wp:meta_key><![CDATA[valpa_nacimiento_mes_meta]]></wp:meta_key>
		<wp:meta_value><![CDATA[05]]></wp:meta_value>
		</wp:postmeta>
							<wp:postmeta>
		<wp:meta_key><![CDATA[valpa_nacimiento_ano_meta]]></wp:meta_key>
		<wp:meta_value><![CDATA[1943]]></wp:meta_value>
		</wp:postmeta>
							<wp:postmeta>
		<wp:meta_key><![CDATA[post_views_count]]></wp:meta_key>
		<wp:meta_value><![CDATA[63]]></wp:meta_value>
		</wp:postmeta>
							</item>
					<item>
		<title><![CDATA[Roman Manjarrez Saavedra]]></title>
		<link>http://localhost/sass-wp/obituario/roman-manjarrez-saavedra/</link>
		<pubDate>Wed, 01 Apr 2020 00:00:24 +0000</pubDate>
		<dc:creator><![CDATA[webmaster]]></dc:creator>
		<guid isPermaLink="false">http://valparaiso.com.mx/?post_type=valpa_obituario_pt&#038;p=386</guid>
		<description></description>
		<content:encoded><![CDATA[<img class="alignnone size-full wp-image-1239" src="http://valparaiso.com.mx/wp-content/uploads/2020/04/WhatsApp-Image-2020-04-01-at-12.43.24-PM.jpeg" alt="" width="780" height="1040" /> <img class="alignnone size-medium wp-image-1240" src="http://valparaiso.com.mx/wp-content/uploads/2020/04/WhatsApp-Image-2020-04-01-at-12.43.25-PM-1.jpeg" alt="" width="225" height="300" /> <img class="alignnone size-medium wp-image-1241" src="http://valparaiso.com.mx/wp-content/uploads/2020/04/WhatsApp-Image-2020-04-01-at-12.43.25-PM-2.jpeg" alt="" width="300" height="169" /> <img class="alignnone size-medium wp-image-1242" src="http://valparaiso.com.mx/wp-content/uploads/2020/04/WhatsApp-Image-2020-04-01-at-12.43.25-PM-3.jpeg" alt="" width="169" height="300" /> <img class="alignnone size-medium wp-image-1243" src="http://valparaiso.com.mx/wp-content/uploads/2020/04/WhatsApp-Image-2020-04-01-at-12.43.25-PM-4.jpeg" alt="" width="300" height="155" /> <img class="alignnone size-medium wp-image-1244" src="http://valparaiso.com.mx/wp-content/uploads/2020/04/WhatsApp-Image-2020-04-01-at-12.43.25-PM.jpeg" alt="" width="225" height="300" /> <img class="alignnone size-medium wp-image-1245" src="http://valparaiso.com.mx/wp-content/uploads/2020/04/WhatsApp-Image-2020-04-01-at-12.43.26-PM-1.jpeg" alt="" width="300" height="225" /> <img class="alignnone size-medium wp-image-1246" src="http://valparaiso.com.mx/wp-content/uploads/2020/04/WhatsApp-Image-2020-04-01-at-12.43.26-PM.jpeg" alt="" width="300" height="300" /> <img class="alignnone size-medium wp-image-1247" src="http://valparaiso.com.mx/wp-content/uploads/2020/04/WhatsApp-Image-2020-04-01-at-12.43.00-PM.jpeg" alt="" width="168" height="300" /> <img class="alignnone size-medium wp-image-1248" src="http://valparaiso.com.mx/wp-content/uploads/2020/04/WhatsApp-Image-2020-04-01-at-12.43.01-PM-1.jpeg" alt="" width="300" height="169" /> <img class="alignnone size-medium wp-image-1249" src="http://valparaiso.com.mx/wp-content/uploads/2020/04/WhatsApp-Image-2020-04-01-at-12.43.01-PM.jpeg" alt="" width="300" height="169" /> <img class="alignnone size-medium wp-image-1250" src="http://valparaiso.com.mx/wp-content/uploads/2020/04/WhatsApp-Image-2020-04-01-at-12.43.02-PM-1.jpeg" alt="" width="300" height="225" /> <img class="alignnone size-medium wp-image-1251" src="http://valparaiso.com.mx/wp-content/uploads/2020/04/WhatsApp-Image-2020-04-01-at-12.43.02-PM-2.jpeg" alt="" width="300" height="225" /> <img class="alignnone size-medium wp-image-1252" src="http://valparaiso.com.mx/wp-content/uploads/2020/04/WhatsApp-Image-2020-04-01-at-12.43.02-PM-3.jpeg" alt="" width="300" height="225" /> <img class="alignnone size-medium wp-image-1253" src="http://valparaiso.com.mx/wp-content/uploads/2020/04/WhatsApp-Image-2020-04-01-at-12.43.02-PM-4.jpeg" alt="" width="225" height="300" /> <img class="alignnone size-medium wp-image-1254" src="http://valparaiso.com.mx/wp-content/uploads/2020/04/WhatsApp-Image-2020-04-01-at-12.43.02-PM.jpeg" alt="" width="300" height="169" /> <img class="alignnone size-medium wp-image-1255" src="http://valparaiso.com.mx/wp-content/uploads/2020/04/WhatsApp-Image-2020-04-01-at-12.43.03-PM-1.jpeg" alt="" width="225" height="300" /> <img class="alignnone size-medium wp-image-1256" src="http://valparaiso.com.mx/wp-content/uploads/2020/04/WhatsApp-Image-2020-04-01-at-12.43.03-PM.jpeg" alt="" width="225" height="300" /> <img class="alignnone size-medium wp-image-1257" src="http://valparaiso.com.mx/wp-content/uploads/2020/04/WhatsApp-Image-2020-04-01-at-12.43.05-PM.jpeg" alt="" width="225" height="300" /> <img class="alignnone size-medium wp-image-1258" src="http://valparaiso.com.mx/wp-content/uploads/2020/04/WhatsApp-Image-2020-04-01-at-12.43.08-PM.jpeg" alt="" width="225" height="300" /> <img class="alignnone size-medium wp-image-1259" src="http://valparaiso.com.mx/wp-content/uploads/2020/04/WhatsApp-Image-2020-04-01-at-12.43.21-PM.jpeg" alt="" width="225" height="300" /> <img class="alignnone size-medium wp-image-1260" src="http://valparaiso.com.mx/wp-content/uploads/2020/04/WhatsApp-Image-2020-04-01-at-12.43.23-PM-1.jpeg" alt="" width="225" height="300" /> <img class="alignnone size-medium wp-image-1261" src="http://valparaiso.com.mx/wp-content/uploads/2020/04/WhatsApp-Image-2020-04-01-at-12.43.23-PM-2.jpeg" alt="" width="225" height="300" /> <img class="alignnone size-medium wp-image-1262" src="http://valparaiso.com.mx/wp-content/uploads/2020/04/WhatsApp-Image-2020-04-01-at-12.43.23-PM.jpeg" alt="" width="300" height="225" /> <img class="alignnone size-medium wp-image-1263" src="http://valparaiso.com.mx/wp-content/uploads/2020/04/WhatsApp-Image-2020-04-01-at-12.43.24-PM-1.jpeg" alt="" width="300" height="225" /> <img class="alignnone size-medium wp-image-1264" src="http://valparaiso.com.mx/wp-content/uploads/2020/04/WhatsApp-Image-2020-04-01-at-12.43.24-PM-2.jpeg" alt="" width="300" height="225" />]]></content:encoded>
		<excerpt:encoded><![CDATA[]]></excerpt:encoded>
		<wp:post_id>386</wp:post_id>
		<wp:post_date><![CDATA[2020-04-01 00:00:24]]></wp:post_date>
		<wp:post_date_gmt><![CDATA[2020-04-01 00:00:24]]></wp:post_date_gmt>
		<wp:post_modified><![CDATA[2020-04-01 00:00:24]]></wp:post_modified>
		<wp:post_modified_gmt><![CDATA[2020-04-01 00:00:24]]></wp:post_modified_gmt>
		<wp:comment_status><![CDATA[open]]></wp:comment_status>
		<wp:ping_status><![CDATA[closed]]></wp:ping_status>
		<wp:post_name><![CDATA[roman-manjarrez-saavedra]]></wp:post_name>
		<wp:status><![CDATA[publish]]></wp:status>
		<wp:post_parent>0</wp:post_parent>
		<wp:menu_order>0</wp:menu_order>
		<wp:post_type><![CDATA[valpa_obituario_pt]]></wp:post_type>
		<wp:post_password><![CDATA[]]></wp:post_password>
		<wp:is_sticky>0</wp:is_sticky>
														<wp:postmeta>
		<wp:meta_key><![CDATA[_wp_old_date]]></wp:meta_key>
		<wp:meta_value><![CDATA[2020-08-27]]></wp:meta_value>
		</wp:postmeta>
							<wp:postmeta>
		<wp:meta_key><![CDATA[valpa_no_homenaje_meta]]></wp:meta_key>
		<wp:meta_value><![CDATA[0020000077]]></wp:meta_value>
		</wp:postmeta>
							<wp:postmeta>
		<wp:meta_key><![CDATA[valpa_nacimiento_dia_meta]]></wp:meta_key>
		<wp:meta_value><![CDATA[15]]></wp:meta_value>
		</wp:postmeta>
							<wp:postmeta>
		<wp:meta_key><![CDATA[valpa_nacimiento_mes_meta]]></wp:meta_key>
		<wp:meta_value><![CDATA[07]]></wp:meta_value>
		</wp:postmeta>
							<wp:postmeta>
		<wp:meta_key><![CDATA[valpa_nacimiento_ano_meta]]></wp:meta_key>
		<wp:meta_value><![CDATA[1934]]></wp:meta_value>
		</wp:postmeta>
							<wp:postmeta>
		<wp:meta_key><![CDATA[post_views_count]]></wp:meta_key>
		<wp:meta_value><![CDATA[45]]></wp:meta_value>
		</wp:postmeta>
							</item>
					<item>
		<title><![CDATA[Avelino Sanchez Cruz]]></title>
		<link>http://localhost/sass-wp/obituario/avelino-sanchez-cruz/</link>
		<pubDate>Fri, 03 Apr 2020 00:00:32 +0000</pubDate>
		<dc:creator><![CDATA[webmaster]]></dc:creator>
		<guid isPermaLink="false">http://valparaiso.com.mx/?post_type=valpa_obituario_pt&#038;p=387</guid>
		<description></description>
		<content:encoded><![CDATA[]]></content:encoded>
		<excerpt:encoded><![CDATA[]]></excerpt:encoded>
		<wp:post_id>387</wp:post_id>
		<wp:post_date><![CDATA[2020-04-03 00:00:32]]></wp:post_date>
		<wp:post_date_gmt><![CDATA[2020-04-03 00:00:32]]></wp:post_date_gmt>
		<wp:post_modified><![CDATA[2020-04-03 00:00:32]]></wp:post_modified>
		<wp:post_modified_gmt><![CDATA[2020-04-03 00:00:32]]></wp:post_modified_gmt>
		<wp:comment_status><![CDATA[open]]></wp:comment_status>
		<wp:ping_status><![CDATA[closed]]></wp:ping_status>
		<wp:post_name><![CDATA[avelino-sanchez-cruz]]></wp:post_name>
		<wp:status><![CDATA[publish]]></wp:status>
		<wp:post_parent>0</wp:post_parent>
		<wp:menu_order>0</wp:menu_order>
		<wp:post_type><![CDATA[valpa_obituario_pt]]></wp:post_type>
		<wp:post_password><![CDATA[]]></wp:post_password>
		<wp:is_sticky>0</wp:is_sticky>
														<wp:postmeta>
		<wp:meta_key><![CDATA[_wp_old_date]]></wp:meta_key>
		<wp:meta_value><![CDATA[2020-08-27]]></wp:meta_value>
		</wp:postmeta>
							<wp:postmeta>
		<wp:meta_key><![CDATA[valpa_no_homenaje_meta]]></wp:meta_key>
		<wp:meta_value><![CDATA[0020000078]]></wp:meta_value>
		</wp:postmeta>
							<wp:postmeta>
		<wp:meta_key><![CDATA[valpa_nacimiento_dia_meta]]></wp:meta_key>
		<wp:meta_value><![CDATA[28]]></wp:meta_value>
		</wp:postmeta>
							<wp:postmeta>
		<wp:meta_key><![CDATA[valpa_nacimiento_mes_meta]]></wp:meta_key>
		<wp:meta_value><![CDATA[12]]></wp:meta_value>
		</wp:postmeta>
							<wp:postmeta>
		<wp:meta_key><![CDATA[valpa_nacimiento_ano_meta]]></wp:meta_key>
		<wp:meta_value><![CDATA[1933]]></wp:meta_value>
		</wp:postmeta>
							<wp:postmeta>
		<wp:meta_key><![CDATA[post_views_count]]></wp:meta_key>
		<wp:meta_value><![CDATA[56]]></wp:meta_value>
		</wp:postmeta>
							</item>
					<item>
		<title><![CDATA[Amada Bravo Hernandez]]></title>
		<link>http://localhost/sass-wp/obituario/amada-bravo-hernandez/</link>
		<pubDate>Fri, 03 Apr 2020 00:00:49 +0000</pubDate>
		<dc:creator><![CDATA[webmaster]]></dc:creator>
		<guid isPermaLink="false">http://valparaiso.com.mx/?post_type=valpa_obituario_pt&#038;p=388</guid>
		<description></description>
		<content:encoded><![CDATA[]]></content:encoded>
		<excerpt:encoded><![CDATA[]]></excerpt:encoded>
		<wp:post_id>388</wp:post_id>
		<wp:post_date><![CDATA[2020-04-03 00:00:49]]></wp:post_date>
		<wp:post_date_gmt><![CDATA[2020-04-03 00:00:49]]></wp:post_date_gmt>
		<wp:post_modified><![CDATA[2020-04-03 00:00:49]]></wp:post_modified>
		<wp:post_modified_gmt><![CDATA[2020-04-03 00:00:49]]></wp:post_modified_gmt>
		<wp:comment_status><![CDATA[open]]></wp:comment_status>
		<wp:ping_status><![CDATA[closed]]></wp:ping_status>
		<wp:post_name><![CDATA[amada-bravo-hernandez]]></wp:post_name>
		<wp:status><![CDATA[publish]]></wp:status>
		<wp:post_parent>0</wp:post_parent>
		<wp:menu_order>0</wp:menu_order>
		<wp:post_type><![CDATA[valpa_obituario_pt]]></wp:post_type>
		<wp:post_password><![CDATA[]]></wp:post_password>
		<wp:is_sticky>0</wp:is_sticky>
														<wp:postmeta>
		<wp:meta_key><![CDATA[_wp_old_date]]></wp:meta_key>
		<wp:meta_value><![CDATA[2020-08-27]]></wp:meta_value>
		</wp:postmeta>
							<wp:postmeta>
		<wp:meta_key><![CDATA[valpa_no_homenaje_meta]]></wp:meta_key>
		<wp:meta_value><![CDATA[0020000079]]></wp:meta_value>
		</wp:postmeta>
							<wp:postmeta>
		<wp:meta_key><![CDATA[valpa_nacimiento_dia_meta]]></wp:meta_key>
		<wp:meta_value><![CDATA[13]]></wp:meta_value>
		</wp:postmeta>
							<wp:postmeta>
		<wp:meta_key><![CDATA[valpa_nacimiento_mes_meta]]></wp:meta_key>
		<wp:meta_value><![CDATA[09]]></wp:meta_value>
		</wp:postmeta>
							<wp:postmeta>
		<wp:meta_key><![CDATA[valpa_nacimiento_ano_meta]]></wp:meta_key>
		<wp:meta_value><![CDATA[1947]]></wp:meta_value>
		</wp:postmeta>
							<wp:postmeta>
		<wp:meta_key><![CDATA[post_views_count]]></wp:meta_key>
		<wp:meta_value><![CDATA[60]]></wp:meta_value>
		</wp:postmeta>
							</item>
					<item>
		<title><![CDATA[Rafael Salgado Pichardo]]></title>
		<link>http://localhost/sass-wp/obituario/rafael-salgado-pichardo/</link>
		<pubDate>Sun, 05 Apr 2020 00:00:44 +0000</pubDate>
		<dc:creator><![CDATA[webmaster]]></dc:creator>
		<guid isPermaLink="false">http://valparaiso.com.mx/?post_type=valpa_obituario_pt&#038;p=391</guid>
		<description></description>
		<content:encoded><![CDATA[<img class="alignnone size-full wp-image-1266" src="http://valparaiso.com.mx/wp-content/uploads/2020/04/WhatsApp-Image-2020-04-05-at-8.29.46-AM-1.jpeg" alt="" width="960" height="1280" /> <img class="alignnone size-medium wp-image-1267" src="http://valparaiso.com.mx/wp-content/uploads/2020/04/WhatsApp-Image-2020-04-05-at-8.29.46-AM-2.jpeg" alt="" width="225" height="300" /> <img class="alignnone size-medium wp-image-1268" src="http://valparaiso.com.mx/wp-content/uploads/2020/04/WhatsApp-Image-2020-04-05-at-8.29.46-AM.jpeg" alt="" width="225" height="300" /> <img class="alignnone size-medium wp-image-1269" src="http://valparaiso.com.mx/wp-content/uploads/2020/04/WhatsApp-Image-2020-04-05-at-8.30.07-AM-1.jpeg" alt="" width="225" height="300" /> <img class="alignnone size-medium wp-image-1270" src="http://valparaiso.com.mx/wp-content/uploads/2020/04/WhatsApp-Image-2020-04-05-at-8.30.07-AM.jpeg" alt="" width="225" height="300" /> <img class="alignnone size-medium wp-image-1271" src="http://valparaiso.com.mx/wp-content/uploads/2020/04/WhatsApp-Image-2020-04-05-at-8.30.23-AM.jpeg" alt="" width="225" height="300" /> <img class="alignnone size-medium wp-image-1272" src="http://valparaiso.com.mx/wp-content/uploads/2020/04/WhatsApp-Image-2020-04-05-at-8.30.24-AM.jpeg" alt="" width="225" height="300" /> <img class="alignnone size-medium wp-image-1273" src="http://valparaiso.com.mx/wp-content/uploads/2020/04/WhatsApp-Image-2020-04-05-at-8.30.32-AM.jpeg" alt="" width="225" height="300" /> <img class="alignnone size-medium wp-image-1274" src="http://valparaiso.com.mx/wp-content/uploads/2020/04/WhatsApp-Image-2020-04-05-at-8.33.24-AM-1.jpeg" alt="" width="225" height="300" /> <img class="alignnone size-medium wp-image-1275" src="http://valparaiso.com.mx/wp-content/uploads/2020/04/WhatsApp-Image-2020-04-05-at-8.33.24-AM.jpeg" alt="" width="225" height="300" /> <img class="alignnone size-medium wp-image-1276" src="http://valparaiso.com.mx/wp-content/uploads/2020/04/WhatsApp-Image-2020-04-05-at-8.01.37-AM.jpeg" alt="" width="225" height="300" /> <img class="alignnone size-medium wp-image-1277" src="http://valparaiso.com.mx/wp-content/uploads/2020/04/WhatsApp-Image-2020-04-05-at-8.08.22-AM.jpeg" alt="" width="300" height="225" /> <img class="alignnone size-medium wp-image-1278" src="http://valparaiso.com.mx/wp-content/uploads/2020/04/WhatsApp-Image-2020-04-05-at-8.09.37-AM-1.jpeg" alt="" width="225" height="300" /> <img class="alignnone size-medium wp-image-1279" src="http://valparaiso.com.mx/wp-content/uploads/2020/04/WhatsApp-Image-2020-04-05-at-8.09.37-AM-2.jpeg" alt="" width="300" height="225" /> <img class="alignnone size-medium wp-image-1280" src="http://valparaiso.com.mx/wp-content/uploads/2020/04/WhatsApp-Image-2020-04-05-at-8.09.37-AM-3.jpeg" alt="" width="225" height="300" /> <img class="alignnone size-medium wp-image-1281" src="http://valparaiso.com.mx/wp-content/uploads/2020/04/WhatsApp-Image-2020-04-05-at-8.09.37-AM-4.jpeg" alt="" width="300" height="224" /> <img class="alignnone size-medium wp-image-1282" src="http://valparaiso.com.mx/wp-content/uploads/2020/04/WhatsApp-Image-2020-04-05-at-8.09.37-AM.jpeg" alt="" width="300" height="169" /> <img class="alignnone size-medium wp-image-1283" src="http://valparaiso.com.mx/wp-content/uploads/2020/04/WhatsApp-Image-2020-04-05-at-8.29.45-AM-1.jpeg" alt="" width="225" height="300" /> <img class="alignnone size-medium wp-image-1284" src="http://valparaiso.com.mx/wp-content/uploads/2020/04/WhatsApp-Image-2020-04-05-at-8.29.45-AM-2.jpeg" alt="" width="225" height="300" /> <img class="alignnone size-medium wp-image-1285" src="http://valparaiso.com.mx/wp-content/uploads/2020/04/WhatsApp-Image-2020-04-05-at-8.29.45-AM-3.jpeg" alt="" width="225" height="300" /> <img class="alignnone size-medium wp-image-1286" src="http://valparaiso.com.mx/wp-content/uploads/2020/04/WhatsApp-Image-2020-04-05-at-8.29.45-AM-4.jpeg" alt="" width="225" height="300" /> <img class="alignnone size-medium wp-image-1287" src="http://valparaiso.com.mx/wp-content/uploads/2020/04/WhatsApp-Image-2020-04-05-at-8.29.45-AM.jpeg" alt="" width="225" height="300" />]]></content:encoded>
		<excerpt:encoded><![CDATA[]]></excerpt:encoded>
		<wp:post_id>391</wp:post_id>
		<wp:post_date><![CDATA[2020-04-05 00:00:44]]></wp:post_date>
		<wp:post_date_gmt><![CDATA[2020-04-05 00:00:44]]></wp:post_date_gmt>
		<wp:post_modified><![CDATA[2020-04-05 00:00:44]]></wp:post_modified>
		<wp:post_modified_gmt><![CDATA[2020-04-05 00:00:44]]></wp:post_modified_gmt>
		<wp:comment_status><![CDATA[open]]></wp:comment_status>
		<wp:ping_status><![CDATA[closed]]></wp:ping_status>
		<wp:post_name><![CDATA[rafael-salgado-pichardo]]></wp:post_name>
		<wp:status><![CDATA[publish]]></wp:status>
		<wp:post_parent>0</wp:post_parent>
		<wp:menu_order>0</wp:menu_order>
		<wp:post_type><![CDATA[valpa_obituario_pt]]></wp:post_type>
		<wp:post_password><![CDATA[]]></wp:post_password>
		<wp:is_sticky>0</wp:is_sticky>
														<wp:postmeta>
		<wp:meta_key><![CDATA[_wp_old_date]]></wp:meta_key>
		<wp:meta_value><![CDATA[2020-08-27]]></wp:meta_value>
		</wp:postmeta>
							<wp:postmeta>
		<wp:meta_key><![CDATA[valpa_no_homenaje_meta]]></wp:meta_key>
		<wp:meta_value><![CDATA[0020000080]]></wp:meta_value>
		</wp:postmeta>
							<wp:postmeta>
		<wp:meta_key><![CDATA[valpa_nacimiento_dia_meta]]></wp:meta_key>
		<wp:meta_value><![CDATA[24]]></wp:meta_value>
		</wp:postmeta>
							<wp:postmeta>
		<wp:meta_key><![CDATA[valpa_nacimiento_mes_meta]]></wp:meta_key>
		<wp:meta_value><![CDATA[10]]></wp:meta_value>
		</wp:postmeta>
							<wp:postmeta>
		<wp:meta_key><![CDATA[valpa_nacimiento_ano_meta]]></wp:meta_key>
		<wp:meta_value><![CDATA[1965]]></wp:meta_value>
		</wp:postmeta>
							<wp:postmeta>
		<wp:meta_key><![CDATA[post_views_count]]></wp:meta_key>
		<wp:meta_value><![CDATA[59]]></wp:meta_value>
		</wp:postmeta>
							</item>
					<item>
		<title><![CDATA[Ana del Carmen Vallejo Jimenez]]></title>
		<link>http://localhost/sass-wp/obituario/ana-del-carmen-vallejo-jimenez/</link>
		<pubDate>Sun, 05 Apr 2020 00:00:12 +0000</pubDate>
		<dc:creator><![CDATA[webmaster]]></dc:creator>
		<guid isPermaLink="false">http://valparaiso.com.mx/?post_type=valpa_obituario_pt&#038;p=392</guid>
		<description></description>
		<content:encoded><![CDATA[]]></content:encoded>
		<excerpt:encoded><![CDATA[]]></excerpt:encoded>
		<wp:post_id>392</wp:post_id>
		<wp:post_date><![CDATA[2020-04-05 00:00:12]]></wp:post_date>
		<wp:post_date_gmt><![CDATA[2020-04-05 00:00:12]]></wp:post_date_gmt>
		<wp:post_modified><![CDATA[2020-04-05 00:00:12]]></wp:post_modified>
		<wp:post_modified_gmt><![CDATA[2020-04-05 00:00:12]]></wp:post_modified_gmt>
		<wp:comment_status><![CDATA[open]]></wp:comment_status>
		<wp:ping_status><![CDATA[closed]]></wp:ping_status>
		<wp:post_name><![CDATA[ana-del-carmen-vallejo-jimenez]]></wp:post_name>
		<wp:status><![CDATA[publish]]></wp:status>
		<wp:post_parent>0</wp:post_parent>
		<wp:menu_order>0</wp:menu_order>
		<wp:post_type><![CDATA[valpa_obituario_pt]]></wp:post_type>
		<wp:post_password><![CDATA[]]></wp:post_password>
		<wp:is_sticky>0</wp:is_sticky>
														<wp:postmeta>
		<wp:meta_key><![CDATA[_wp_old_date]]></wp:meta_key>
		<wp:meta_value><![CDATA[2020-08-27]]></wp:meta_value>
		</wp:postmeta>
							<wp:postmeta>
		<wp:meta_key><![CDATA[valpa_no_homenaje_meta]]></wp:meta_key>
		<wp:meta_value><![CDATA[0020000081]]></wp:meta_value>
		</wp:postmeta>
							<wp:postmeta>
		<wp:meta_key><![CDATA[valpa_nacimiento_dia_meta]]></wp:meta_key>
		<wp:meta_value><![CDATA[10]]></wp:meta_value>
		</wp:postmeta>
							<wp:postmeta>
		<wp:meta_key><![CDATA[valpa_nacimiento_mes_meta]]></wp:meta_key>
		<wp:meta_value><![CDATA[07]]></wp:meta_value>
		</wp:postmeta>
							<wp:postmeta>
		<wp:meta_key><![CDATA[valpa_nacimiento_ano_meta]]></wp:meta_key>
		<wp:meta_value><![CDATA[1949]]></wp:meta_value>
		</wp:postmeta>
							<wp:postmeta>
		<wp:meta_key><![CDATA[post_views_count]]></wp:meta_key>
		<wp:meta_value><![CDATA[45]]></wp:meta_value>
		</wp:postmeta>
							</item>
					<item>
		<title><![CDATA[Maria Luisa Guerrero Cabrera]]></title>
		<link>http://localhost/sass-wp/obituario/maria-luisa-guerrero-cabrera/</link>
		<pubDate>Mon, 06 Apr 2020 00:00:41 +0000</pubDate>
		<dc:creator><![CDATA[webmaster]]></dc:creator>
		<guid isPermaLink="false">http://valparaiso.com.mx/?post_type=valpa_obituario_pt&#038;p=393</guid>
		<description></description>
		<content:encoded><![CDATA[<img class="alignnone size-full wp-image-1515" src="http://valparaiso.com.mx/wp-content/uploads/2020/04/WhatsApp-Image-2020-04-07-at-3.07.51-AM-1-2.jpeg" alt="" width="1280" height="720" /> <img class="alignnone size-full wp-image-1516" src="http://valparaiso.com.mx/wp-content/uploads/2020/04/WhatsApp-Image-2020-04-07-at-3.07.51-AM-2-2.jpeg" alt="" width="1280" height="960" /> <img class="alignnone size-full wp-image-1514" src="http://valparaiso.com.mx/wp-content/uploads/2020/04/WhatsApp-Image-2020-04-07-at-3.07.50-AM-2.jpeg" alt="" width="1280" height="960" /> <img class="alignnone size-full wp-image-1512" src="http://valparaiso.com.mx/wp-content/uploads/2020/04/WhatsApp-Image-2020-04-07-at-2.33.39-AM-2.jpeg" alt="" width="868" height="694" /> <img class="alignnone size-full wp-image-1513" src="http://valparaiso.com.mx/wp-content/uploads/2020/04/WhatsApp-Image-2020-04-07-at-2.35.45-AM-2.jpeg" alt="" width="1024" height="768" /> <img class="alignnone size-full wp-image-1511" src="http://valparaiso.com.mx/wp-content/uploads/2020/04/WhatsApp-Image-2020-04-07-at-2.32.03-AM-2.jpeg" alt="" width="1024" height="768" /> <img class="alignnone size-full wp-image-1510" src="http://valparaiso.com.mx/wp-content/uploads/2020/04/WhatsApp-Image-2020-04-07-at-2.31.52-AM-2.jpeg" alt="" width="544" height="682" /> <img class="alignnone size-full wp-image-1509" src="http://valparaiso.com.mx/wp-content/uploads/2020/04/WhatsApp-Image-2020-04-07-at-2.30.23-AM-2.jpeg" alt="" width="1280" height="960" /> <img class="alignnone size-full wp-image-1508" src="http://valparaiso.com.mx/wp-content/uploads/2020/04/WhatsApp-Image-2020-04-07-at-2.28.08-AM-3.jpeg" alt="" width="1280" height="960" /> <img class="alignnone size-full wp-image-1499" src="http://valparaiso.com.mx/wp-content/uploads/2020/04/WhatsApp-Image-2020-04-07-at-2.27.24-AM-4-2.jpeg" alt="" width="1280" height="960" /> <img class="alignnone size-full wp-image-1500" src="http://valparaiso.com.mx/wp-content/uploads/2020/04/WhatsApp-Image-2020-04-07-at-2.27.24-AM-5-2.jpeg" alt="" width="1280" height="960" /> <img class="alignnone size-full wp-image-1501" src="http://valparaiso.com.mx/wp-content/uploads/2020/04/WhatsApp-Image-2020-04-07-at-2.27.24-AM-6-2.jpeg" alt="" width="1280" height="960" /> <img class="alignnone size-full wp-image-1502" src="http://valparaiso.com.mx/wp-content/uploads/2020/04/WhatsApp-Image-2020-04-07-at-2.27.24-AM-7-2.jpeg" alt="" width="960" height="1280" /> <img class="alignnone size-full wp-image-1503" src="http://valparaiso.com.mx/wp-content/uploads/2020/04/WhatsApp-Image-2020-04-07-at-2.27.24-AM-8-2.jpeg" alt="" width="1280" height="960" /> <img class="alignnone size-full wp-image-1504" src="http://valparaiso.com.mx/wp-content/uploads/2020/04/WhatsApp-Image-2020-04-07-at-2.27.24-AM-10.jpeg" alt="" width="1280" height="960" /> <img class="alignnone size-full wp-image-1506" src="http://valparaiso.com.mx/wp-content/uploads/2020/04/WhatsApp-Image-2020-04-07-at-2.27.25-AM-3.jpeg" alt="" width="960" height="1280" /> <img class="alignnone size-full wp-image-1507" src="http://valparaiso.com.mx/wp-content/uploads/2020/04/WhatsApp-Image-2020-04-07-at-2.28.08-AM-1-2.jpeg" alt="" width="1280" height="960" /> <img class="alignnone size-full wp-image-1505" src="http://valparaiso.com.mx/wp-content/uploads/2020/04/WhatsApp-Image-2020-04-07-at-2.27.25-AM-1-2.jpeg" alt="" width="960" height="1280" /> <img class="alignnone size-full wp-image-1498" src="http://valparaiso.com.mx/wp-content/uploads/2020/04/WhatsApp-Image-2020-04-07-at-2.27.24-AM-3-2.jpeg" alt="" width="960" height="1280" /> <img class="alignnone size-full wp-image-1497" src="http://valparaiso.com.mx/wp-content/uploads/2020/04/WhatsApp-Image-2020-04-07-at-2.27.24-AM-2-2.jpeg" alt="" width="720" height="1280" /> <img class="alignnone size-full wp-image-1496" src="http://valparaiso.com.mx/wp-content/uploads/2020/04/WhatsApp-Image-2020-04-07-at-2.27.24-AM-1-2.jpeg" alt="" width="1280" height="960" /> <img class="alignnone size-full wp-image-1494" src="http://valparaiso.com.mx/wp-content/uploads/2020/04/WhatsApp-Image-2020-04-07-at-2.27.23-AM-7-2.jpeg" alt="" width="1280" height="960" /> <img class="alignnone size-full wp-image-1495" src="http://valparaiso.com.mx/wp-content/uploads/2020/04/WhatsApp-Image-2020-04-07-at-2.27.23-AM-9.jpeg" alt="" width="1280" height="960" /> <img class="alignnone size-full wp-image-1493" src="http://valparaiso.com.mx/wp-content/uploads/2020/04/WhatsApp-Image-2020-04-07-at-2.27.23-AM-6-2.jpeg" alt="" width="1280" height="960" /> <img class="alignnone size-full wp-image-1492" src="http://valparaiso.com.mx/wp-content/uploads/2020/04/WhatsApp-Image-2020-04-07-at-2.27.23-AM-5-2.jpeg" alt="" width="1280" height="960" /> <img class="alignnone size-full wp-image-1491" src="http://valparaiso.com.mx/wp-content/uploads/2020/04/WhatsApp-Image-2020-04-07-at-2.27.23-AM-4-2.jpeg" alt="" width="960" height="1280" /> <img class="alignnone size-full wp-image-1490" src="http://valparaiso.com.mx/wp-content/uploads/2020/04/WhatsApp-Image-2020-04-07-at-2.27.23-AM-3-2.jpeg" alt="" width="960" height="1280" /> <img class="alignnone size-full wp-image-1481" src="http://valparaiso.com.mx/wp-content/uploads/2020/04/WhatsApp-Image-2020-04-07-at-2.27.22-AM-2-2.jpeg" alt="" width="960" height="720" /> <img class="alignnone size-full wp-image-1482" src="http://valparaiso.com.mx/wp-content/uploads/2020/04/WhatsApp-Image-2020-04-07-at-2.27.22-AM-3-2.jpeg" alt="" width="1280" height="960" /> <img class="alignnone size-full wp-image-1483" src="http://valparaiso.com.mx/wp-content/uploads/2020/04/WhatsApp-Image-2020-04-07-at-2.27.22-AM-4-2.jpeg" alt="" width="1280" height="960" /> <img class="alignnone size-full wp-image-1484" src="http://valparaiso.com.mx/wp-content/uploads/2020/04/WhatsApp-Image-2020-04-07-at-2.27.22-AM-5-2.jpeg" alt="" width="1280" height="960" /> <img class="alignnone size-full wp-image-1485" src="http://valparaiso.com.mx/wp-content/uploads/2020/04/WhatsApp-Image-2020-04-07-at-2.27.22-AM-6-2.jpeg" alt="" width="1280" height="960" /> <img class="alignnone size-full wp-image-1487" src="http://valparaiso.com.mx/wp-content/uploads/2020/04/WhatsApp-Image-2020-04-07-at-2.27.22-AM-9.jpeg" alt="" width="960" height="1280" /> <img class="alignnone size-full wp-image-1486" src="http://valparaiso.com.mx/wp-content/uploads/2020/04/WhatsApp-Image-2020-04-07-at-2.27.22-AM-7-2.jpeg" alt="" width="1280" height="960" /> <img class="alignnone size-full wp-image-1488" src="http://valparaiso.com.mx/wp-content/uploads/2020/04/WhatsApp-Image-2020-04-07-at-2.27.23-AM-1-2.jpeg" alt="" width="1280" height="960" /> <img class="alignnone size-full wp-image-1489" src="http://valparaiso.com.mx/wp-content/uploads/2020/04/WhatsApp-Image-2020-04-07-at-2.27.23-AM-2-2.jpeg" alt="" width="960" height="1280" /> <img class="alignnone size-full wp-image-1480" src="http://valparaiso.com.mx/wp-content/uploads/2020/04/WhatsApp-Image-2020-04-07-at-2.27.22-AM-1-2.jpeg" alt="" width="1280" height="960" /> <img class="alignnone size-full wp-image-1479" src="http://valparaiso.com.mx/wp-content/uploads/2020/04/WhatsApp-Image-2020-04-07-at-2.27.21-AM-4.jpeg" alt="" width="1280" height="720" /> <img class="alignnone size-full wp-image-1478" src="http://valparaiso.com.mx/wp-content/uploads/2020/04/WhatsApp-Image-2020-04-07-at-2.27.21-AM-2-2.jpeg" alt="" width="720" height="1280" /> <img class="alignnone size-full wp-image-1477" src="http://valparaiso.com.mx/wp-content/uploads/2020/04/WhatsApp-Image-2020-04-07-at-2.27.21-AM-1-2.jpeg" alt="" width="720" height="1280" /> <img class="alignnone size-full wp-image-1475" src="http://valparaiso.com.mx/wp-content/uploads/2020/04/WhatsApp-Image-2020-04-07-at-2.25.22-AM-1-2.jpeg" alt="" width="720" height="485" /> <img class="alignnone size-full wp-image-1476" src="http://valparaiso.com.mx/wp-content/uploads/2020/04/WhatsApp-Image-2020-04-07-at-2.25.22-AM-3.jpeg" alt="" width="699" height="875" /> <img class="alignnone size-full wp-image-1474" src="http://valparaiso.com.mx/wp-content/uploads/2020/04/WhatsApp-Image-2020-04-07-at-2.25.21-AM-3.jpeg" alt="" width="960" height="914" /> <img class="alignnone size-full wp-image-1473" src="http://valparaiso.com.mx/wp-content/uploads/2020/04/WhatsApp-Image-2020-04-07-at-2.25.21-AM-1-2.jpeg" alt="" width="682" height="720" /> <img class="alignnone size-full wp-image-1472" src="http://valparaiso.com.mx/wp-content/uploads/2020/04/WhatsApp-Image-2020-04-07-at-2.25.20-AM-3.jpeg" alt="" width="1280" height="939" /> <img class="alignnone size-full wp-image-1471" src="http://valparaiso.com.mx/wp-content/uploads/2020/04/WhatsApp-Image-2020-04-07-at-2.25.20-AM-1-2.jpeg" alt="" width="1280" height="870" /> <img class="alignnone size-full wp-image-1470" src="http://valparaiso.com.mx/wp-content/uploads/2020/04/WhatsApp-Image-2020-04-07-at-2.25.19-AM-2.jpeg" alt="" width="1280" height="1053" /> <img class="alignnone size-full wp-image-1469" src="http://valparaiso.com.mx/wp-content/uploads/2020/04/WhatsApp-Image-2020-04-07-at-2.25.18-AM-3.jpeg" alt="" width="949" height="1280" /> <img class="alignnone size-full wp-image-1468" src="http://valparaiso.com.mx/wp-content/uploads/2020/04/WhatsApp-Image-2020-04-07-at-2.25.18-AM-1-2.jpeg" alt="" width="1042" height="1280" /> <img class="alignnone size-full wp-image-1466" src="http://valparaiso.com.mx/wp-content/uploads/2020/04/WhatsApp-Image-2020-04-07-at-2.25.17-AM-2-2.jpeg" alt="" width="1029" height="1280" /> <img class="alignnone size-full wp-image-1467" src="http://valparaiso.com.mx/wp-content/uploads/2020/04/WhatsApp-Image-2020-04-07-at-2.25.17-AM-4.jpeg" alt="" width="960" height="1280" /> <img class="alignnone size-full wp-image-1465" src="http://valparaiso.com.mx/wp-content/uploads/2020/04/WhatsApp-Image-2020-04-07-at-2.25.17-AM-1-2.jpeg" alt="" width="960" height="1280" /> <img class="alignnone size-full wp-image-1464" src="http://valparaiso.com.mx/wp-content/uploads/2020/04/WhatsApp-Image-2020-04-07-at-2.25.16-AM-3.jpeg" alt="" width="1114" height="1280" /> <img class="alignnone size-full wp-image-1463" src="http://valparaiso.com.mx/wp-content/uploads/2020/04/WhatsApp-Image-2020-04-07-at-2.25.16-AM-1-2.jpeg" alt="" width="1280" height="1272" /> <img class="alignnone size-full wp-image-1462" src="http://valparaiso.com.mx/wp-content/uploads/2020/04/WhatsApp-Image-2020-04-07-at-2.25.15-AM-2.jpeg" alt="" width="1150" height="1280" /> <img class="alignnone size-full wp-image-1461" src="http://valparaiso.com.mx/wp-content/uploads/2020/04/WhatsApp-Image-2020-04-07-at-2.25.14-AM-3.jpeg" alt="" width="861" height="1280" /> <img class="alignnone size-full wp-image-1460" src="http://valparaiso.com.mx/wp-content/uploads/2020/04/WhatsApp-Image-2020-04-07-at-2.25.14-AM-1-2.jpeg" alt="" width="1280" height="832" /> <img class="alignnone size-full wp-image-1458" src="http://valparaiso.com.mx/wp-content/uploads/2020/04/WhatsApp-Image-2020-04-07-at-2.25.13-AM-1-2.jpeg" alt="" width="1157" height="1280" /> <img class="alignnone size-full wp-image-1459" src="http://valparaiso.com.mx/wp-content/uploads/2020/04/WhatsApp-Image-2020-04-07-at-2.25.13-AM-3.jpeg" alt="" width="1002" height="1280" /> <img class="alignnone size-full wp-image-1457" src="http://valparaiso.com.mx/wp-content/uploads/2020/04/WhatsApp-Image-2020-04-07-at-2.25.12-AM-4.jpeg" alt="" width="960" height="1280" /> <img class="alignnone size-full wp-image-1456" src="http://valparaiso.com.mx/wp-content/uploads/2020/04/WhatsApp-Image-2020-04-07-at-2.25.12-AM-2-2.jpeg" alt="" width="1280" height="856" /> <img class="alignnone size-full wp-image-1455" src="http://valparaiso.com.mx/wp-content/uploads/2020/04/WhatsApp-Image-2020-04-07-at-2.25.12-AM-1-2.jpeg" alt="" width="960" height="1280" /> <img class="alignnone size-full wp-image-1454" src="http://valparaiso.com.mx/wp-content/uploads/2020/04/WhatsApp-Image-2020-04-07-at-2.25.10-AM-2.jpeg" alt="" width="1096" height="1280" />]]></content:encoded>
		<excerpt:encoded><![CDATA[]]></excerpt:encoded>
		<wp:post_id>393</wp:post_id>
		<wp:post_date><![CDATA[2020-04-06 00:00:41]]></wp:post_date>
		<wp:post_date_gmt><![CDATA[2020-04-06 00:00:41]]></wp:post_date_gmt>
		<wp:post_modified><![CDATA[2020-04-06 00:00:41]]></wp:post_modified>
		<wp:post_modified_gmt><![CDATA[2020-04-06 00:00:41]]></wp:post_modified_gmt>
		<wp:comment_status><![CDATA[open]]></wp:comment_status>
		<wp:ping_status><![CDATA[closed]]></wp:ping_status>
		<wp:post_name><![CDATA[maria-luisa-guerrero-cabrera]]></wp:post_name>
		<wp:status><![CDATA[publish]]></wp:status>
		<wp:post_parent>0</wp:post_parent>
		<wp:menu_order>0</wp:menu_order>
		<wp:post_type><![CDATA[valpa_obituario_pt]]></wp:post_type>
		<wp:post_password><![CDATA[]]></wp:post_password>
		<wp:is_sticky>0</wp:is_sticky>
														<wp:postmeta>
		<wp:meta_key><![CDATA[_wp_old_date]]></wp:meta_key>
		<wp:meta_value><![CDATA[2020-08-27]]></wp:meta_value>
		</wp:postmeta>
							<wp:postmeta>
		<wp:meta_key><![CDATA[valpa_no_homenaje_meta]]></wp:meta_key>
		<wp:meta_value><![CDATA[0020000082]]></wp:meta_value>
		</wp:postmeta>
							<wp:postmeta>
		<wp:meta_key><![CDATA[valpa_nacimiento_dia_meta]]></wp:meta_key>
		<wp:meta_value><![CDATA[20]]></wp:meta_value>
		</wp:postmeta>
							<wp:postmeta>
		<wp:meta_key><![CDATA[valpa_nacimiento_mes_meta]]></wp:meta_key>
		<wp:meta_value><![CDATA[11]]></wp:meta_value>
		</wp:postmeta>
							<wp:postmeta>
		<wp:meta_key><![CDATA[valpa_nacimiento_ano_meta]]></wp:meta_key>
		<wp:meta_value><![CDATA[1933]]></wp:meta_value>
		</wp:postmeta>
							<wp:postmeta>
		<wp:meta_key><![CDATA[post_views_count]]></wp:meta_key>
		<wp:meta_value><![CDATA[41]]></wp:meta_value>
		</wp:postmeta>
							</item>
					<item>
		<title><![CDATA[Maria del Socorro Gloria Paredes Acevedo]]></title>
		<link>http://localhost/sass-wp/obituario/maria-del-socorro-gloria-paredes-acevedo/</link>
		<pubDate>Mon, 06 Apr 2020 00:00:50 +0000</pubDate>
		<dc:creator><![CDATA[webmaster]]></dc:creator>
		<guid isPermaLink="false">http://valparaiso.com.mx/?post_type=valpa_obituario_pt&#038;p=394</guid>
		<description></description>
		<content:encoded><![CDATA[]]></content:encoded>
		<excerpt:encoded><![CDATA[]]></excerpt:encoded>
		<wp:post_id>394</wp:post_id>
		<wp:post_date><![CDATA[2020-04-06 00:00:50]]></wp:post_date>
		<wp:post_date_gmt><![CDATA[2020-04-06 00:00:50]]></wp:post_date_gmt>
		<wp:post_modified><![CDATA[2020-04-06 00:00:50]]></wp:post_modified>
		<wp:post_modified_gmt><![CDATA[2020-04-06 00:00:50]]></wp:post_modified_gmt>
		<wp:comment_status><![CDATA[open]]></wp:comment_status>
		<wp:ping_status><![CDATA[closed]]></wp:ping_status>
		<wp:post_name><![CDATA[maria-del-socorro-gloria-paredes-acevedo]]></wp:post_name>
		<wp:status><![CDATA[publish]]></wp:status>
		<wp:post_parent>0</wp:post_parent>
		<wp:menu_order>0</wp:menu_order>
		<wp:post_type><![CDATA[valpa_obituario_pt]]></wp:post_type>
		<wp:post_password><![CDATA[]]></wp:post_password>
		<wp:is_sticky>0</wp:is_sticky>
														<wp:postmeta>
		<wp:meta_key><![CDATA[_edit_last]]></wp:meta_key>
		<wp:meta_value><![CDATA[1]]></wp:meta_value>
		</wp:postmeta>
							<wp:postmeta>
		<wp:meta_key><![CDATA[_wp_old_date]]></wp:meta_key>
		<wp:meta_value><![CDATA[2020-08-27]]></wp:meta_value>
		</wp:postmeta>
							<wp:postmeta>
		<wp:meta_key><![CDATA[valpa_no_homenaje_meta]]></wp:meta_key>
		<wp:meta_value><![CDATA[0020000083]]></wp:meta_value>
		</wp:postmeta>
							<wp:postmeta>
		<wp:meta_key><![CDATA[valpa_nacimiento_dia_meta]]></wp:meta_key>
		<wp:meta_value><![CDATA[29]]></wp:meta_value>
		</wp:postmeta>
							<wp:postmeta>
		<wp:meta_key><![CDATA[valpa_nacimiento_mes_meta]]></wp:meta_key>
		<wp:meta_value><![CDATA[12]]></wp:meta_value>
		</wp:postmeta>
							<wp:postmeta>
		<wp:meta_key><![CDATA[valpa_nacimiento_ano_meta]]></wp:meta_key>
		<wp:meta_value><![CDATA[1940]]></wp:meta_value>
		</wp:postmeta>
							<wp:postmeta>
		<wp:meta_key><![CDATA[post_views_count]]></wp:meta_key>
		<wp:meta_value><![CDATA[62]]></wp:meta_value>
		</wp:postmeta>
							</item>
					<item>
		<title><![CDATA[Yuliana Vazquez Velazquez]]></title>
		<link>http://localhost/sass-wp/obituario/yuliana-vazquez-velazquez/</link>
		<pubDate>Tue, 07 Apr 2020 00:00:16 +0000</pubDate>
		<dc:creator><![CDATA[webmaster]]></dc:creator>
		<guid isPermaLink="false">http://valparaiso.com.mx/?post_type=valpa_obituario_pt&#038;p=395</guid>
		<description></description>
		<content:encoded><![CDATA[]]></content:encoded>
		<excerpt:encoded><![CDATA[]]></excerpt:encoded>
		<wp:post_id>395</wp:post_id>
		<wp:post_date><![CDATA[2020-04-07 00:00:16]]></wp:post_date>
		<wp:post_date_gmt><![CDATA[2020-04-07 00:00:16]]></wp:post_date_gmt>
		<wp:post_modified><![CDATA[2020-04-07 00:00:16]]></wp:post_modified>
		<wp:post_modified_gmt><![CDATA[2020-04-07 00:00:16]]></wp:post_modified_gmt>
		<wp:comment_status><![CDATA[open]]></wp:comment_status>
		<wp:ping_status><![CDATA[closed]]></wp:ping_status>
		<wp:post_name><![CDATA[yuliana-vazquez-velazquez]]></wp:post_name>
		<wp:status><![CDATA[publish]]></wp:status>
		<wp:post_parent>0</wp:post_parent>
		<wp:menu_order>0</wp:menu_order>
		<wp:post_type><![CDATA[valpa_obituario_pt]]></wp:post_type>
		<wp:post_password><![CDATA[]]></wp:post_password>
		<wp:is_sticky>0</wp:is_sticky>
														<wp:postmeta>
		<wp:meta_key><![CDATA[_wp_old_date]]></wp:meta_key>
		<wp:meta_value><![CDATA[2020-08-27]]></wp:meta_value>
		</wp:postmeta>
							<wp:postmeta>
		<wp:meta_key><![CDATA[valpa_no_homenaje_meta]]></wp:meta_key>
		<wp:meta_value><![CDATA[0020000084]]></wp:meta_value>
		</wp:postmeta>
							<wp:postmeta>
		<wp:meta_key><![CDATA[valpa_nacimiento_dia_meta]]></wp:meta_key>
		<wp:meta_value><![CDATA[]]></wp:meta_value>
		</wp:postmeta>
							<wp:postmeta>
		<wp:meta_key><![CDATA[valpa_nacimiento_mes_meta]]></wp:meta_key>
		<wp:meta_value><![CDATA[]]></wp:meta_value>
		</wp:postmeta>
							<wp:postmeta>
		<wp:meta_key><![CDATA[valpa_nacimiento_ano_meta]]></wp:meta_key>
		<wp:meta_value><![CDATA[]]></wp:meta_value>
		</wp:postmeta>
							<wp:postmeta>
		<wp:meta_key><![CDATA[post_views_count]]></wp:meta_key>
		<wp:meta_value><![CDATA[65]]></wp:meta_value>
		</wp:postmeta>
							</item>
					<item>
		<title><![CDATA[Gerardo Villalobos Polo]]></title>
		<link>http://localhost/sass-wp/obituario/gerardo-villalobos-polo/</link>
		<pubDate>Thu, 16 Apr 2020 00:00:39 +0000</pubDate>
		<dc:creator><![CDATA[webmaster]]></dc:creator>
		<guid isPermaLink="false">http://valparaiso.com.mx/?post_type=valpa_obituario_pt&#038;p=397</guid>
		<description></description>
		<content:encoded><![CDATA[<img class="alignnone size-full wp-image-1520" src="http://valparaiso.com.mx/wp-content/uploads/2020/04/WhatsApp-Image-2020-04-16-at-10.07.33-PM-5.jpeg" alt="" width="1280" height="960" /> <img class="alignnone size-medium wp-image-1521" src="http://valparaiso.com.mx/wp-content/uploads/2020/04/WhatsApp-Image-2020-04-16-at-10.07.33-PM-6.jpeg" alt="" width="225" height="300" /> <img class="alignnone size-medium wp-image-1522" src="http://valparaiso.com.mx/wp-content/uploads/2020/04/WhatsApp-Image-2020-04-16-at-10.07.33-PM-7.jpeg" alt="" width="300" height="168" /> <img class="alignnone size-medium wp-image-1523" src="http://valparaiso.com.mx/wp-content/uploads/2020/04/WhatsApp-Image-2020-04-16-at-10.07.33-PM-8.jpeg" alt="" width="300" height="200" /> <img class="alignnone size-medium wp-image-1524" src="http://valparaiso.com.mx/wp-content/uploads/2020/04/WhatsApp-Image-2020-04-16-at-10.07.33-PM-9.jpeg" alt="" width="300" height="225" /> <img class="alignnone size-medium wp-image-1525" src="http://valparaiso.com.mx/wp-content/uploads/2020/04/WhatsApp-Image-2020-04-16-at-10.07.33-PM.jpeg" alt="" width="300" height="241" /> <img class="alignnone size-medium wp-image-1526" src="http://valparaiso.com.mx/wp-content/uploads/2020/04/WhatsApp-Image-2020-04-16-at-9.16.01-PM-5.jpeg" alt="" width="300" height="200" /> <img class="alignnone size-medium wp-image-1527" src="http://valparaiso.com.mx/wp-content/uploads/2020/04/WhatsApp-Image-2020-04-16-at-9.16.01-PM-6.jpeg" alt="" width="225" height="300" /> <img class="alignnone size-medium wp-image-1528" src="http://valparaiso.com.mx/wp-content/uploads/2020/04/WhatsApp-Image-2020-04-16-at-9.16.01-PM-7.jpeg" alt="" width="300" height="200" /> <img class="alignnone size-medium wp-image-1529" src="http://valparaiso.com.mx/wp-content/uploads/2020/04/WhatsApp-Image-2020-04-16-at-9.16.01-PM-8.jpeg" alt="" width="300" height="225" /> <img class="alignnone size-medium wp-image-1530" src="http://valparaiso.com.mx/wp-content/uploads/2020/04/WhatsApp-Image-2020-04-16-at-9.16.01-PM-9.jpeg" alt="" width="300" height="224" /> <img class="alignnone size-medium wp-image-1531" src="http://valparaiso.com.mx/wp-content/uploads/2020/04/WhatsApp-Image-2020-04-16-at-9.16.01-PM-10.jpeg" alt="" width="300" height="169" /> <img class="alignnone size-medium wp-image-1532" src="http://valparaiso.com.mx/wp-content/uploads/2020/04/WhatsApp-Image-2020-04-16-at-9.16.01-PM-11.jpeg" alt="" width="300" height="200" /> <img class="alignnone size-medium wp-image-1533" src="http://valparaiso.com.mx/wp-content/uploads/2020/04/WhatsApp-Image-2020-04-16-at-9.16.01-PM-12.jpeg" alt="" width="300" height="169" /> <img class="alignnone size-medium wp-image-1534" src="http://valparaiso.com.mx/wp-content/uploads/2020/04/WhatsApp-Image-2020-04-16-at-9.16.01-PM.jpeg" alt="" width="300" height="200" /> <img class="alignnone size-medium wp-image-1535" src="http://valparaiso.com.mx/wp-content/uploads/2020/04/WhatsApp-Image-2020-04-16-at-9.16.02-PM-1.jpeg" alt="" width="300" height="225" /> <img class="alignnone size-medium wp-image-1536" src="http://valparaiso.com.mx/wp-content/uploads/2020/04/WhatsApp-Image-2020-04-16-at-9.16.02-PM-2.jpeg" alt="" width="300" height="169" /> <img class="alignnone size-medium wp-image-1537" src="http://valparaiso.com.mx/wp-content/uploads/2020/04/WhatsApp-Image-2020-04-16-at-9.16.02-PM-3.jpeg" alt="" width="300" height="200" /> <img class="alignnone size-medium wp-image-1538" src="http://valparaiso.com.mx/wp-content/uploads/2020/04/WhatsApp-Image-2020-04-16-at-9.16.02-PM-4.jpeg" alt="" width="300" height="169" /> <img class="alignnone size-medium wp-image-1539" src="http://valparaiso.com.mx/wp-content/uploads/2020/04/WhatsApp-Image-2020-04-16-at-9.16.02-PM-5.jpeg" alt="" width="225" height="300" /> <img class="alignnone size-medium wp-image-1540" src="http://valparaiso.com.mx/wp-content/uploads/2020/04/WhatsApp-Image-2020-04-16-at-9.16.02-PM-6.jpeg" alt="" width="224" height="300" /> <img class="alignnone size-medium wp-image-1541" src="http://valparaiso.com.mx/wp-content/uploads/2020/04/WhatsApp-Image-2020-04-16-at-9.16.02-PM-7.jpeg" alt="" width="300" height="225" /> <img class="alignnone size-medium wp-image-1542" src="http://valparaiso.com.mx/wp-content/uploads/2020/04/WhatsApp-Image-2020-04-16-at-9.16.02-PM.jpeg" alt="" width="300" height="169" /> <img class="alignnone size-medium wp-image-1543" src="http://valparaiso.com.mx/wp-content/uploads/2020/04/WhatsApp-Image-2020-04-16-at-10.07.32-PM-1.jpeg" alt="" width="300" height="225" /> <img class="alignnone size-medium wp-image-1544" src="http://valparaiso.com.mx/wp-content/uploads/2020/04/WhatsApp-Image-2020-04-16-at-10.07.32-PM-2.jpeg" alt="" width="300" height="225" /> <img class="alignnone size-medium wp-image-1545" src="http://valparaiso.com.mx/wp-content/uploads/2020/04/WhatsApp-Image-2020-04-16-at-10.07.32-PM.jpeg" alt="" width="300" height="169" /> <img class="alignnone size-medium wp-image-1546" src="http://valparaiso.com.mx/wp-content/uploads/2020/04/WhatsApp-Image-2020-04-16-at-10.07.33-PM-1.jpeg" alt="" width="300" height="169" /> <img class="alignnone size-medium wp-image-1547" src="http://valparaiso.com.mx/wp-content/uploads/2020/04/WhatsApp-Image-2020-04-16-at-10.07.33-PM-2.jpeg" alt="" width="300" height="169" /> <img class="alignnone size-medium wp-image-1548" src="http://valparaiso.com.mx/wp-content/uploads/2020/04/WhatsApp-Image-2020-04-16-at-10.07.33-PM-3.jpeg" alt="" width="300" height="225" /> <img class="alignnone size-medium wp-image-1549" src="http://valparaiso.com.mx/wp-content/uploads/2020/04/WhatsApp-Image-2020-04-16-at-10.07.33-PM-4.jpeg" alt="" width="300" height="169" />]]></content:encoded>
		<excerpt:encoded><![CDATA[]]></excerpt:encoded>
		<wp:post_id>397</wp:post_id>
		<wp:post_date><![CDATA[2020-04-16 00:00:39]]></wp:post_date>
		<wp:post_date_gmt><![CDATA[2020-04-16 00:00:39]]></wp:post_date_gmt>
		<wp:post_modified><![CDATA[2020-04-16 00:00:39]]></wp:post_modified>
		<wp:post_modified_gmt><![CDATA[2020-04-16 00:00:39]]></wp:post_modified_gmt>
		<wp:comment_status><![CDATA[open]]></wp:comment_status>
		<wp:ping_status><![CDATA[closed]]></wp:ping_status>
		<wp:post_name><![CDATA[gerardo-villalobos-polo]]></wp:post_name>
		<wp:status><![CDATA[publish]]></wp:status>
		<wp:post_parent>0</wp:post_parent>
		<wp:menu_order>0</wp:menu_order>
		<wp:post_type><![CDATA[valpa_obituario_pt]]></wp:post_type>
		<wp:post_password><![CDATA[]]></wp:post_password>
		<wp:is_sticky>0</wp:is_sticky>
														<wp:postmeta>
		<wp:meta_key><![CDATA[_wp_old_date]]></wp:meta_key>
		<wp:meta_value><![CDATA[2020-08-27]]></wp:meta_value>
		</wp:postmeta>
							<wp:postmeta>
		<wp:meta_key><![CDATA[valpa_no_homenaje_meta]]></wp:meta_key>
		<wp:meta_value><![CDATA[0020000086]]></wp:meta_value>
		</wp:postmeta>
							<wp:postmeta>
		<wp:meta_key><![CDATA[valpa_nacimiento_dia_meta]]></wp:meta_key>
		<wp:meta_value><![CDATA[03]]></wp:meta_value>
		</wp:postmeta>
							<wp:postmeta>
		<wp:meta_key><![CDATA[valpa_nacimiento_mes_meta]]></wp:meta_key>
		<wp:meta_value><![CDATA[10]]></wp:meta_value>
		</wp:postmeta>
							<wp:postmeta>
		<wp:meta_key><![CDATA[valpa_nacimiento_ano_meta]]></wp:meta_key>
		<wp:meta_value><![CDATA[1955]]></wp:meta_value>
		</wp:postmeta>
							<wp:postmeta>
		<wp:meta_key><![CDATA[post_views_count]]></wp:meta_key>
		<wp:meta_value><![CDATA[51]]></wp:meta_value>
		</wp:postmeta>
							</item>
					<item>
		<title><![CDATA[Nicolas Arreola Tenorio]]></title>
		<link>http://localhost/sass-wp/obituario/nicolas-arreola-tenorio/</link>
		<pubDate>Thu, 16 Apr 2020 00:00:48 +0000</pubDate>
		<dc:creator><![CDATA[webmaster]]></dc:creator>
		<guid isPermaLink="false">http://valparaiso.com.mx/?post_type=valpa_obituario_pt&#038;p=398</guid>
		<description></description>
		<content:encoded><![CDATA[]]></content:encoded>
		<excerpt:encoded><![CDATA[]]></excerpt:encoded>
		<wp:post_id>398</wp:post_id>
		<wp:post_date><![CDATA[2020-04-16 00:00:48]]></wp:post_date>
		<wp:post_date_gmt><![CDATA[2020-04-16 00:00:48]]></wp:post_date_gmt>
		<wp:post_modified><![CDATA[2020-04-16 00:00:48]]></wp:post_modified>
		<wp:post_modified_gmt><![CDATA[2020-04-16 00:00:48]]></wp:post_modified_gmt>
		<wp:comment_status><![CDATA[open]]></wp:comment_status>
		<wp:ping_status><![CDATA[closed]]></wp:ping_status>
		<wp:post_name><![CDATA[nicolas-arreola-tenorio]]></wp:post_name>
		<wp:status><![CDATA[publish]]></wp:status>
		<wp:post_parent>0</wp:post_parent>
		<wp:menu_order>0</wp:menu_order>
		<wp:post_type><![CDATA[valpa_obituario_pt]]></wp:post_type>
		<wp:post_password><![CDATA[]]></wp:post_password>
		<wp:is_sticky>0</wp:is_sticky>
														<wp:postmeta>
		<wp:meta_key><![CDATA[_wp_old_date]]></wp:meta_key>
		<wp:meta_value><![CDATA[2020-08-27]]></wp:meta_value>
		</wp:postmeta>
							<wp:postmeta>
		<wp:meta_key><![CDATA[valpa_no_homenaje_meta]]></wp:meta_key>
		<wp:meta_value><![CDATA[0020000087]]></wp:meta_value>
		</wp:postmeta>
							<wp:postmeta>
		<wp:meta_key><![CDATA[valpa_nacimiento_dia_meta]]></wp:meta_key>
		<wp:meta_value><![CDATA[25]]></wp:meta_value>
		</wp:postmeta>
							<wp:postmeta>
		<wp:meta_key><![CDATA[valpa_nacimiento_mes_meta]]></wp:meta_key>
		<wp:meta_value><![CDATA[01]]></wp:meta_value>
		</wp:postmeta>
							<wp:postmeta>
		<wp:meta_key><![CDATA[valpa_nacimiento_ano_meta]]></wp:meta_key>
		<wp:meta_value><![CDATA[1935]]></wp:meta_value>
		</wp:postmeta>
							<wp:postmeta>
		<wp:meta_key><![CDATA[post_views_count]]></wp:meta_key>
		<wp:meta_value><![CDATA[68]]></wp:meta_value>
		</wp:postmeta>
							</item>
					<item>
		<title><![CDATA[Ma Consuelo Santos Lovera]]></title>
		<link>http://localhost/sass-wp/obituario/ma-consuelo-santos-lovera/</link>
		<pubDate>Fri, 17 Apr 2020 00:00:50 +0000</pubDate>
		<dc:creator><![CDATA[webmaster]]></dc:creator>
		<guid isPermaLink="false">http://valparaiso.com.mx/?post_type=valpa_obituario_pt&#038;p=399</guid>
		<description></description>
		<content:encoded><![CDATA[]]></content:encoded>
		<excerpt:encoded><![CDATA[]]></excerpt:encoded>
		<wp:post_id>399</wp:post_id>
		<wp:post_date><![CDATA[2020-04-17 00:00:50]]></wp:post_date>
		<wp:post_date_gmt><![CDATA[2020-04-17 00:00:50]]></wp:post_date_gmt>
		<wp:post_modified><![CDATA[2020-04-17 00:00:50]]></wp:post_modified>
		<wp:post_modified_gmt><![CDATA[2020-04-17 00:00:50]]></wp:post_modified_gmt>
		<wp:comment_status><![CDATA[open]]></wp:comment_status>
		<wp:ping_status><![CDATA[closed]]></wp:ping_status>
		<wp:post_name><![CDATA[ma-consuelo-santos-lovera]]></wp:post_name>
		<wp:status><![CDATA[publish]]></wp:status>
		<wp:post_parent>0</wp:post_parent>
		<wp:menu_order>0</wp:menu_order>
		<wp:post_type><![CDATA[valpa_obituario_pt]]></wp:post_type>
		<wp:post_password><![CDATA[]]></wp:post_password>
		<wp:is_sticky>0</wp:is_sticky>
														<wp:postmeta>
		<wp:meta_key><![CDATA[_wp_old_date]]></wp:meta_key>
		<wp:meta_value><![CDATA[2020-08-27]]></wp:meta_value>
		</wp:postmeta>
							<wp:postmeta>
		<wp:meta_key><![CDATA[valpa_no_homenaje_meta]]></wp:meta_key>
		<wp:meta_value><![CDATA[0020000088]]></wp:meta_value>
		</wp:postmeta>
							<wp:postmeta>
		<wp:meta_key><![CDATA[valpa_nacimiento_dia_meta]]></wp:meta_key>
		<wp:meta_value><![CDATA[02]]></wp:meta_value>
		</wp:postmeta>
							<wp:postmeta>
		<wp:meta_key><![CDATA[valpa_nacimiento_mes_meta]]></wp:meta_key>
		<wp:meta_value><![CDATA[12]]></wp:meta_value>
		</wp:postmeta>
							<wp:postmeta>
		<wp:meta_key><![CDATA[valpa_nacimiento_ano_meta]]></wp:meta_key>
		<wp:meta_value><![CDATA[1985]]></wp:meta_value>
		</wp:postmeta>
							<wp:postmeta>
		<wp:meta_key><![CDATA[post_views_count]]></wp:meta_key>
		<wp:meta_value><![CDATA[64]]></wp:meta_value>
		</wp:postmeta>
							</item>
					<item>
		<title><![CDATA[Lucia YaÃ±ez Perez]]></title>
		<link>http://localhost/sass-wp/obituario/lucia-yanez-perez/</link>
		<pubDate>Fri, 17 Apr 2020 00:00:22 +0000</pubDate>
		<dc:creator><![CDATA[webmaster]]></dc:creator>
		<guid isPermaLink="false">http://valparaiso.com.mx/?post_type=valpa_obituario_pt&#038;p=400</guid>
		<description></description>
		<content:encoded><![CDATA[]]></content:encoded>
		<excerpt:encoded><![CDATA[]]></excerpt:encoded>
		<wp:post_id>400</wp:post_id>
		<wp:post_date><![CDATA[2020-04-17 00:00:22]]></wp:post_date>
		<wp:post_date_gmt><![CDATA[2020-04-17 00:00:22]]></wp:post_date_gmt>
		<wp:post_modified><![CDATA[2020-04-17 00:00:22]]></wp:post_modified>
		<wp:post_modified_gmt><![CDATA[2020-04-17 00:00:22]]></wp:post_modified_gmt>
		<wp:comment_status><![CDATA[open]]></wp:comment_status>
		<wp:ping_status><![CDATA[closed]]></wp:ping_status>
		<wp:post_name><![CDATA[lucia-yanez-perez]]></wp:post_name>
		<wp:status><![CDATA[publish]]></wp:status>
		<wp:post_parent>0</wp:post_parent>
		<wp:menu_order>0</wp:menu_order>
		<wp:post_type><![CDATA[valpa_obituario_pt]]></wp:post_type>
		<wp:post_password><![CDATA[]]></wp:post_password>
		<wp:is_sticky>0</wp:is_sticky>
														<wp:postmeta>
		<wp:meta_key><![CDATA[_wp_old_date]]></wp:meta_key>
		<wp:meta_value><![CDATA[2020-08-27]]></wp:meta_value>
		</wp:postmeta>
							<wp:postmeta>
		<wp:meta_key><![CDATA[valpa_no_homenaje_meta]]></wp:meta_key>
		<wp:meta_value><![CDATA[0020000089]]></wp:meta_value>
		</wp:postmeta>
							<wp:postmeta>
		<wp:meta_key><![CDATA[valpa_nacimiento_dia_meta]]></wp:meta_key>
		<wp:meta_value><![CDATA[07]]></wp:meta_value>
		</wp:postmeta>
							<wp:postmeta>
		<wp:meta_key><![CDATA[valpa_nacimiento_mes_meta]]></wp:meta_key>
		<wp:meta_value><![CDATA[12]]></wp:meta_value>
		</wp:postmeta>
							<wp:postmeta>
		<wp:meta_key><![CDATA[valpa_nacimiento_ano_meta]]></wp:meta_key>
		<wp:meta_value><![CDATA[1929]]></wp:meta_value>
		</wp:postmeta>
							<wp:postmeta>
		<wp:meta_key><![CDATA[post_views_count]]></wp:meta_key>
		<wp:meta_value><![CDATA[55]]></wp:meta_value>
		</wp:postmeta>
							</item>
					<item>
		<title><![CDATA[Cecilia Almazan Estrada]]></title>
		<link>http://localhost/sass-wp/obituario/cecilia-almazan-estrada/</link>
		<pubDate>Fri, 17 Apr 2020 00:00:19 +0000</pubDate>
		<dc:creator><![CDATA[webmaster]]></dc:creator>
		<guid isPermaLink="false">http://valparaiso.com.mx/?post_type=valpa_obituario_pt&#038;p=401</guid>
		<description></description>
		<content:encoded><![CDATA[]]></content:encoded>
		<excerpt:encoded><![CDATA[]]></excerpt:encoded>
		<wp:post_id>401</wp:post_id>
		<wp:post_date><![CDATA[2020-04-17 00:00:19]]></wp:post_date>
		<wp:post_date_gmt><![CDATA[2020-04-17 00:00:19]]></wp:post_date_gmt>
		<wp:post_modified><![CDATA[2020-04-17 00:00:19]]></wp:post_modified>
		<wp:post_modified_gmt><![CDATA[2020-04-17 00:00:19]]></wp:post_modified_gmt>
		<wp:comment_status><![CDATA[open]]></wp:comment_status>
		<wp:ping_status><![CDATA[closed]]></wp:ping_status>
		<wp:post_name><![CDATA[cecilia-almazan-estrada]]></wp:post_name>
		<wp:status><![CDATA[publish]]></wp:status>
		<wp:post_parent>0</wp:post_parent>
		<wp:menu_order>0</wp:menu_order>
		<wp:post_type><![CDATA[valpa_obituario_pt]]></wp:post_type>
		<wp:post_password><![CDATA[]]></wp:post_password>
		<wp:is_sticky>0</wp:is_sticky>
														<wp:postmeta>
		<wp:meta_key><![CDATA[_wp_old_date]]></wp:meta_key>
		<wp:meta_value><![CDATA[2020-08-27]]></wp:meta_value>
		</wp:postmeta>
							<wp:postmeta>
		<wp:meta_key><![CDATA[valpa_no_homenaje_meta]]></wp:meta_key>
		<wp:meta_value><![CDATA[0020000090]]></wp:meta_value>
		</wp:postmeta>
							<wp:postmeta>
		<wp:meta_key><![CDATA[valpa_nacimiento_dia_meta]]></wp:meta_key>
		<wp:meta_value><![CDATA[01]]></wp:meta_value>
		</wp:postmeta>
							<wp:postmeta>
		<wp:meta_key><![CDATA[valpa_nacimiento_mes_meta]]></wp:meta_key>
		<wp:meta_value><![CDATA[11]]></wp:meta_value>
		</wp:postmeta>
							<wp:postmeta>
		<wp:meta_key><![CDATA[valpa_nacimiento_ano_meta]]></wp:meta_key>
		<wp:meta_value><![CDATA[1928]]></wp:meta_value>
		</wp:postmeta>
							<wp:postmeta>
		<wp:meta_key><![CDATA[post_views_count]]></wp:meta_key>
		<wp:meta_value><![CDATA[40]]></wp:meta_value>
		</wp:postmeta>
							</item>
					<item>
		<title><![CDATA[Patricia Nicolas Mendoza]]></title>
		<link>http://localhost/sass-wp/obituario/patricia-nicolas-mendoza/</link>
		<pubDate>Sun, 19 Apr 2020 00:00:32 +0000</pubDate>
		<dc:creator><![CDATA[webmaster]]></dc:creator>
		<guid isPermaLink="false">http://valparaiso.com.mx/?post_type=valpa_obituario_pt&#038;p=402</guid>
		<description></description>
		<content:encoded><![CDATA[]]></content:encoded>
		<excerpt:encoded><![CDATA[]]></excerpt:encoded>
		<wp:post_id>402</wp:post_id>
		<wp:post_date><![CDATA[2020-04-19 00:00:32]]></wp:post_date>
		<wp:post_date_gmt><![CDATA[2020-04-19 00:00:32]]></wp:post_date_gmt>
		<wp:post_modified><![CDATA[2020-04-19 00:00:32]]></wp:post_modified>
		<wp:post_modified_gmt><![CDATA[2020-04-19 00:00:32]]></wp:post_modified_gmt>
		<wp:comment_status><![CDATA[open]]></wp:comment_status>
		<wp:ping_status><![CDATA[closed]]></wp:ping_status>
		<wp:post_name><![CDATA[patricia-nicolas-mendoza]]></wp:post_name>
		<wp:status><![CDATA[publish]]></wp:status>
		<wp:post_parent>0</wp:post_parent>
		<wp:menu_order>0</wp:menu_order>
		<wp:post_type><![CDATA[valpa_obituario_pt]]></wp:post_type>
		<wp:post_password><![CDATA[]]></wp:post_password>
		<wp:is_sticky>0</wp:is_sticky>
														<wp:postmeta>
		<wp:meta_key><![CDATA[_wp_old_date]]></wp:meta_key>
		<wp:meta_value><![CDATA[2020-08-27]]></wp:meta_value>
		</wp:postmeta>
							<wp:postmeta>
		<wp:meta_key><![CDATA[valpa_no_homenaje_meta]]></wp:meta_key>
		<wp:meta_value><![CDATA[0020000091]]></wp:meta_value>
		</wp:postmeta>
							<wp:postmeta>
		<wp:meta_key><![CDATA[valpa_nacimiento_dia_meta]]></wp:meta_key>
		<wp:meta_value><![CDATA[09]]></wp:meta_value>
		</wp:postmeta>
							<wp:postmeta>
		<wp:meta_key><![CDATA[valpa_nacimiento_mes_meta]]></wp:meta_key>
		<wp:meta_value><![CDATA[03]]></wp:meta_value>
		</wp:postmeta>
							<wp:postmeta>
		<wp:meta_key><![CDATA[valpa_nacimiento_ano_meta]]></wp:meta_key>
		<wp:meta_value><![CDATA[1978]]></wp:meta_value>
		</wp:postmeta>
							<wp:postmeta>
		<wp:meta_key><![CDATA[post_views_count]]></wp:meta_key>
		<wp:meta_value><![CDATA[44]]></wp:meta_value>
		</wp:postmeta>
							</item>
					<item>
		<title><![CDATA[J Asencion Mario Ramirez Sanchez]]></title>
		<link>http://localhost/sass-wp/obituario/j-asencion-mario-ramirez-sanchez/</link>
		<pubDate>Sun, 19 Apr 2020 00:00:36 +0000</pubDate>
		<dc:creator><![CDATA[webmaster]]></dc:creator>
		<guid isPermaLink="false">http://valparaiso.com.mx/?post_type=valpa_obituario_pt&#038;p=403</guid>
		<description></description>
		<content:encoded><![CDATA[]]></content:encoded>
		<excerpt:encoded><![CDATA[]]></excerpt:encoded>
		<wp:post_id>403</wp:post_id>
		<wp:post_date><![CDATA[2020-04-19 00:00:36]]></wp:post_date>
		<wp:post_date_gmt><![CDATA[2020-04-19 00:00:36]]></wp:post_date_gmt>
		<wp:post_modified><![CDATA[2020-04-19 00:00:36]]></wp:post_modified>
		<wp:post_modified_gmt><![CDATA[2020-04-19 00:00:36]]></wp:post_modified_gmt>
		<wp:comment_status><![CDATA[open]]></wp:comment_status>
		<wp:ping_status><![CDATA[closed]]></wp:ping_status>
		<wp:post_name><![CDATA[j-asencion-mario-ramirez-sanchez]]></wp:post_name>
		<wp:status><![CDATA[publish]]></wp:status>
		<wp:post_parent>0</wp:post_parent>
		<wp:menu_order>0</wp:menu_order>
		<wp:post_type><![CDATA[valpa_obituario_pt]]></wp:post_type>
		<wp:post_password><![CDATA[]]></wp:post_password>
		<wp:is_sticky>0</wp:is_sticky>
														<wp:postmeta>
		<wp:meta_key><![CDATA[_wp_old_date]]></wp:meta_key>
		<wp:meta_value><![CDATA[2020-08-27]]></wp:meta_value>
		</wp:postmeta>
							<wp:postmeta>
		<wp:meta_key><![CDATA[valpa_no_homenaje_meta]]></wp:meta_key>
		<wp:meta_value><![CDATA[0020000092]]></wp:meta_value>
		</wp:postmeta>
							<wp:postmeta>
		<wp:meta_key><![CDATA[valpa_nacimiento_dia_meta]]></wp:meta_key>
		<wp:meta_value><![CDATA[15]]></wp:meta_value>
		</wp:postmeta>
							<wp:postmeta>
		<wp:meta_key><![CDATA[valpa_nacimiento_mes_meta]]></wp:meta_key>
		<wp:meta_value><![CDATA[08]]></wp:meta_value>
		</wp:postmeta>
							<wp:postmeta>
		<wp:meta_key><![CDATA[valpa_nacimiento_ano_meta]]></wp:meta_key>
		<wp:meta_value><![CDATA[1960]]></wp:meta_value>
		</wp:postmeta>
							<wp:postmeta>
		<wp:meta_key><![CDATA[post_views_count]]></wp:meta_key>
		<wp:meta_value><![CDATA[69]]></wp:meta_value>
		</wp:postmeta>
							</item>
					<item>
		<title><![CDATA[Gustavo Barcalet]]></title>
		<link>http://localhost/sass-wp/obituario/gustavo-barcalet/</link>
		<pubDate>Sun, 19 Apr 2020 00:00:59 +0000</pubDate>
		<dc:creator><![CDATA[webmaster]]></dc:creator>
		<guid isPermaLink="false">http://valparaiso.com.mx/?post_type=valpa_obituario_pt&#038;p=404</guid>
		<description></description>
		<content:encoded><![CDATA[]]></content:encoded>
		<excerpt:encoded><![CDATA[]]></excerpt:encoded>
		<wp:post_id>404</wp:post_id>
		<wp:post_date><![CDATA[2020-04-19 00:00:59]]></wp:post_date>
		<wp:post_date_gmt><![CDATA[2020-04-19 00:00:59]]></wp:post_date_gmt>
		<wp:post_modified><![CDATA[2020-04-19 00:00:59]]></wp:post_modified>
		<wp:post_modified_gmt><![CDATA[2020-04-19 00:00:59]]></wp:post_modified_gmt>
		<wp:comment_status><![CDATA[open]]></wp:comment_status>
		<wp:ping_status><![CDATA[closed]]></wp:ping_status>
		<wp:post_name><![CDATA[gustavo-barcalet]]></wp:post_name>
		<wp:status><![CDATA[publish]]></wp:status>
		<wp:post_parent>0</wp:post_parent>
		<wp:menu_order>0</wp:menu_order>
		<wp:post_type><![CDATA[valpa_obituario_pt]]></wp:post_type>
		<wp:post_password><![CDATA[]]></wp:post_password>
		<wp:is_sticky>0</wp:is_sticky>
														<wp:postmeta>
		<wp:meta_key><![CDATA[_wp_old_date]]></wp:meta_key>
		<wp:meta_value><![CDATA[2020-08-27]]></wp:meta_value>
		</wp:postmeta>
							<wp:postmeta>
		<wp:meta_key><![CDATA[valpa_no_homenaje_meta]]></wp:meta_key>
		<wp:meta_value><![CDATA[0020000093]]></wp:meta_value>
		</wp:postmeta>
							<wp:postmeta>
		<wp:meta_key><![CDATA[valpa_nacimiento_dia_meta]]></wp:meta_key>
		<wp:meta_value><![CDATA[10]]></wp:meta_value>
		</wp:postmeta>
							<wp:postmeta>
		<wp:meta_key><![CDATA[valpa_nacimiento_mes_meta]]></wp:meta_key>
		<wp:meta_value><![CDATA[08]]></wp:meta_value>
		</wp:postmeta>
							<wp:postmeta>
		<wp:meta_key><![CDATA[valpa_nacimiento_ano_meta]]></wp:meta_key>
		<wp:meta_value><![CDATA[1940]]></wp:meta_value>
		</wp:postmeta>
							<wp:postmeta>
		<wp:meta_key><![CDATA[post_views_count]]></wp:meta_key>
		<wp:meta_value><![CDATA[56]]></wp:meta_value>
		</wp:postmeta>
							</item>
					<item>
		<title><![CDATA[Gabino Enriquez Manuel]]></title>
		<link>http://localhost/sass-wp/obituario/gabino-enriquez-manuel/</link>
		<pubDate>Tue, 21 Apr 2020 00:00:41 +0000</pubDate>
		<dc:creator><![CDATA[webmaster]]></dc:creator>
		<guid isPermaLink="false">http://valparaiso.com.mx/?post_type=valpa_obituario_pt&#038;p=405</guid>
		<description></description>
		<content:encoded><![CDATA[]]></content:encoded>
		<excerpt:encoded><![CDATA[]]></excerpt:encoded>
		<wp:post_id>405</wp:post_id>
		<wp:post_date><![CDATA[2020-04-21 00:00:41]]></wp:post_date>
		<wp:post_date_gmt><![CDATA[2020-04-21 00:00:41]]></wp:post_date_gmt>
		<wp:post_modified><![CDATA[2020-04-21 00:00:41]]></wp:post_modified>
		<wp:post_modified_gmt><![CDATA[2020-04-21 00:00:41]]></wp:post_modified_gmt>
		<wp:comment_status><![CDATA[open]]></wp:comment_status>
		<wp:ping_status><![CDATA[closed]]></wp:ping_status>
		<wp:post_name><![CDATA[gabino-enriquez-manuel]]></wp:post_name>
		<wp:status><![CDATA[publish]]></wp:status>
		<wp:post_parent>0</wp:post_parent>
		<wp:menu_order>0</wp:menu_order>
		<wp:post_type><![CDATA[valpa_obituario_pt]]></wp:post_type>
		<wp:post_password><![CDATA[]]></wp:post_password>
		<wp:is_sticky>0</wp:is_sticky>
														<wp:postmeta>
		<wp:meta_key><![CDATA[_wp_old_date]]></wp:meta_key>
		<wp:meta_value><![CDATA[2020-08-27]]></wp:meta_value>
		</wp:postmeta>
							<wp:postmeta>
		<wp:meta_key><![CDATA[valpa_no_homenaje_meta]]></wp:meta_key>
		<wp:meta_value><![CDATA[0020000094]]></wp:meta_value>
		</wp:postmeta>
							<wp:postmeta>
		<wp:meta_key><![CDATA[valpa_nacimiento_dia_meta]]></wp:meta_key>
		<wp:meta_value><![CDATA[11]]></wp:meta_value>
		</wp:postmeta>
							<wp:postmeta>
		<wp:meta_key><![CDATA[valpa_nacimiento_mes_meta]]></wp:meta_key>
		<wp:meta_value><![CDATA[03]]></wp:meta_value>
		</wp:postmeta>
							<wp:postmeta>
		<wp:meta_key><![CDATA[valpa_nacimiento_ano_meta]]></wp:meta_key>
		<wp:meta_value><![CDATA[1989]]></wp:meta_value>
		</wp:postmeta>
							<wp:postmeta>
		<wp:meta_key><![CDATA[post_views_count]]></wp:meta_key>
		<wp:meta_value><![CDATA[54]]></wp:meta_value>
		</wp:postmeta>
							</item>
					<item>
		<title><![CDATA[Hugo Garcia GabiÃ±o]]></title>
		<link>http://localhost/sass-wp/obituario/hugo-garcia-gabino/</link>
		<pubDate>Fri, 24 Apr 2020 00:00:52 +0000</pubDate>
		<dc:creator><![CDATA[webmaster]]></dc:creator>
		<guid isPermaLink="false">http://valparaiso.com.mx/?post_type=valpa_obituario_pt&#038;p=406</guid>
		<description></description>
		<content:encoded><![CDATA[]]></content:encoded>
		<excerpt:encoded><![CDATA[]]></excerpt:encoded>
		<wp:post_id>406</wp:post_id>
		<wp:post_date><![CDATA[2020-04-24 00:00:52]]></wp:post_date>
		<wp:post_date_gmt><![CDATA[2020-04-24 00:00:52]]></wp:post_date_gmt>
		<wp:post_modified><![CDATA[2020-04-24 00:00:52]]></wp:post_modified>
		<wp:post_modified_gmt><![CDATA[2020-04-24 00:00:52]]></wp:post_modified_gmt>
		<wp:comment_status><![CDATA[open]]></wp:comment_status>
		<wp:ping_status><![CDATA[closed]]></wp:ping_status>
		<wp:post_name><![CDATA[hugo-garcia-gabino]]></wp:post_name>
		<wp:status><![CDATA[publish]]></wp:status>
		<wp:post_parent>0</wp:post_parent>
		<wp:menu_order>0</wp:menu_order>
		<wp:post_type><![CDATA[valpa_obituario_pt]]></wp:post_type>
		<wp:post_password><![CDATA[]]></wp:post_password>
		<wp:is_sticky>0</wp:is_sticky>
														<wp:postmeta>
		<wp:meta_key><![CDATA[_wp_old_date]]></wp:meta_key>
		<wp:meta_value><![CDATA[2020-08-27]]></wp:meta_value>
		</wp:postmeta>
							<wp:postmeta>
		<wp:meta_key><![CDATA[valpa_no_homenaje_meta]]></wp:meta_key>
		<wp:meta_value><![CDATA[0020000096]]></wp:meta_value>
		</wp:postmeta>
							<wp:postmeta>
		<wp:meta_key><![CDATA[valpa_nacimiento_dia_meta]]></wp:meta_key>
		<wp:meta_value><![CDATA[28]]></wp:meta_value>
		</wp:postmeta>
							<wp:postmeta>
		<wp:meta_key><![CDATA[valpa_nacimiento_mes_meta]]></wp:meta_key>
		<wp:meta_value><![CDATA[07]]></wp:meta_value>
		</wp:postmeta>
							<wp:postmeta>
		<wp:meta_key><![CDATA[valpa_nacimiento_ano_meta]]></wp:meta_key>
		<wp:meta_value><![CDATA[1980]]></wp:meta_value>
		</wp:postmeta>
							<wp:postmeta>
		<wp:meta_key><![CDATA[post_views_count]]></wp:meta_key>
		<wp:meta_value><![CDATA[65]]></wp:meta_value>
		</wp:postmeta>
							</item>
					<item>
		<title><![CDATA[Everardo Salazar Saldivar]]></title>
		<link>http://localhost/sass-wp/obituario/everardo-salazar-saldivar/</link>
		<pubDate>Sat, 25 Apr 2020 00:00:06 +0000</pubDate>
		<dc:creator><![CDATA[webmaster]]></dc:creator>
		<guid isPermaLink="false">http://valparaiso.com.mx/?post_type=valpa_obituario_pt&#038;p=407</guid>
		<description></description>
		<content:encoded><![CDATA[]]></content:encoded>
		<excerpt:encoded><![CDATA[]]></excerpt:encoded>
		<wp:post_id>407</wp:post_id>
		<wp:post_date><![CDATA[2020-04-25 00:00:06]]></wp:post_date>
		<wp:post_date_gmt><![CDATA[2020-04-25 00:00:06]]></wp:post_date_gmt>
		<wp:post_modified><![CDATA[2020-04-25 00:00:06]]></wp:post_modified>
		<wp:post_modified_gmt><![CDATA[2020-04-25 00:00:06]]></wp:post_modified_gmt>
		<wp:comment_status><![CDATA[open]]></wp:comment_status>
		<wp:ping_status><![CDATA[closed]]></wp:ping_status>
		<wp:post_name><![CDATA[everardo-salazar-saldivar]]></wp:post_name>
		<wp:status><![CDATA[publish]]></wp:status>
		<wp:post_parent>0</wp:post_parent>
		<wp:menu_order>0</wp:menu_order>
		<wp:post_type><![CDATA[valpa_obituario_pt]]></wp:post_type>
		<wp:post_password><![CDATA[]]></wp:post_password>
		<wp:is_sticky>0</wp:is_sticky>
														<wp:postmeta>
		<wp:meta_key><![CDATA[_wp_old_date]]></wp:meta_key>
		<wp:meta_value><![CDATA[2020-08-27]]></wp:meta_value>
		</wp:postmeta>
							<wp:postmeta>
		<wp:meta_key><![CDATA[valpa_no_homenaje_meta]]></wp:meta_key>
		<wp:meta_value><![CDATA[0020000097]]></wp:meta_value>
		</wp:postmeta>
							<wp:postmeta>
		<wp:meta_key><![CDATA[valpa_nacimiento_dia_meta]]></wp:meta_key>
		<wp:meta_value><![CDATA[14]]></wp:meta_value>
		</wp:postmeta>
							<wp:postmeta>
		<wp:meta_key><![CDATA[valpa_nacimiento_mes_meta]]></wp:meta_key>
		<wp:meta_value><![CDATA[06]]></wp:meta_value>
		</wp:postmeta>
							<wp:postmeta>
		<wp:meta_key><![CDATA[valpa_nacimiento_ano_meta]]></wp:meta_key>
		<wp:meta_value><![CDATA[1974]]></wp:meta_value>
		</wp:postmeta>
							<wp:postmeta>
		<wp:meta_key><![CDATA[post_views_count]]></wp:meta_key>
		<wp:meta_value><![CDATA[59]]></wp:meta_value>
		</wp:postmeta>
							</item>
					<item>
		<title><![CDATA[Francisca Trinidad Hernandez]]></title>
		<link>http://localhost/sass-wp/obituario/francisca-trinidad-hernandez/</link>
		<pubDate>Sat, 25 Apr 2020 00:00:02 +0000</pubDate>
		<dc:creator><![CDATA[webmaster]]></dc:creator>
		<guid isPermaLink="false">http://valparaiso.com.mx/?post_type=valpa_obituario_pt&#038;p=408</guid>
		<description></description>
		<content:encoded><![CDATA[]]></content:encoded>
		<excerpt:encoded><![CDATA[]]></excerpt:encoded>
		<wp:post_id>408</wp:post_id>
		<wp:post_date><![CDATA[2020-04-25 00:00:02]]></wp:post_date>
		<wp:post_date_gmt><![CDATA[2020-04-25 00:00:02]]></wp:post_date_gmt>
		<wp:post_modified><![CDATA[2020-04-25 00:00:02]]></wp:post_modified>
		<wp:post_modified_gmt><![CDATA[2020-04-25 00:00:02]]></wp:post_modified_gmt>
		<wp:comment_status><![CDATA[open]]></wp:comment_status>
		<wp:ping_status><![CDATA[closed]]></wp:ping_status>
		<wp:post_name><![CDATA[francisca-trinidad-hernandez]]></wp:post_name>
		<wp:status><![CDATA[publish]]></wp:status>
		<wp:post_parent>0</wp:post_parent>
		<wp:menu_order>0</wp:menu_order>
		<wp:post_type><![CDATA[valpa_obituario_pt]]></wp:post_type>
		<wp:post_password><![CDATA[]]></wp:post_password>
		<wp:is_sticky>0</wp:is_sticky>
														<wp:postmeta>
		<wp:meta_key><![CDATA[_wp_old_date]]></wp:meta_key>
		<wp:meta_value><![CDATA[2020-08-27]]></wp:meta_value>
		</wp:postmeta>
							<wp:postmeta>
		<wp:meta_key><![CDATA[valpa_no_homenaje_meta]]></wp:meta_key>
		<wp:meta_value><![CDATA[0020000098]]></wp:meta_value>
		</wp:postmeta>
							<wp:postmeta>
		<wp:meta_key><![CDATA[valpa_nacimiento_dia_meta]]></wp:meta_key>
		<wp:meta_value><![CDATA[29]]></wp:meta_value>
		</wp:postmeta>
							<wp:postmeta>
		<wp:meta_key><![CDATA[valpa_nacimiento_mes_meta]]></wp:meta_key>
		<wp:meta_value><![CDATA[01]]></wp:meta_value>
		</wp:postmeta>
							<wp:postmeta>
		<wp:meta_key><![CDATA[valpa_nacimiento_ano_meta]]></wp:meta_key>
		<wp:meta_value><![CDATA[1947]]></wp:meta_value>
		</wp:postmeta>
							<wp:postmeta>
		<wp:meta_key><![CDATA[post_views_count]]></wp:meta_key>
		<wp:meta_value><![CDATA[51]]></wp:meta_value>
		</wp:postmeta>
							</item>
					<item>
		<title><![CDATA[Jose Arturo Miguel Barrera Reyes]]></title>
		<link>http://localhost/sass-wp/obituario/jose-arturo-miguel-barrera-reyes/</link>
		<pubDate>Sun, 26 Apr 2020 00:00:00 +0000</pubDate>
		<dc:creator><![CDATA[webmaster]]></dc:creator>
		<guid isPermaLink="false">http://valparaiso.com.mx/?post_type=valpa_obituario_pt&#038;p=409</guid>
		<description></description>
		<content:encoded><![CDATA[]]></content:encoded>
		<excerpt:encoded><![CDATA[]]></excerpt:encoded>
		<wp:post_id>409</wp:post_id>
		<wp:post_date><![CDATA[2020-04-26 00:00:00]]></wp:post_date>
		<wp:post_date_gmt><![CDATA[2020-04-26 00:00:00]]></wp:post_date_gmt>
		<wp:post_modified><![CDATA[2020-04-26 00:00:00]]></wp:post_modified>
		<wp:post_modified_gmt><![CDATA[2020-04-26 00:00:00]]></wp:post_modified_gmt>
		<wp:comment_status><![CDATA[open]]></wp:comment_status>
		<wp:ping_status><![CDATA[closed]]></wp:ping_status>
		<wp:post_name><![CDATA[jose-arturo-miguel-barrera-reyes]]></wp:post_name>
		<wp:status><![CDATA[publish]]></wp:status>
		<wp:post_parent>0</wp:post_parent>
		<wp:menu_order>0</wp:menu_order>
		<wp:post_type><![CDATA[valpa_obituario_pt]]></wp:post_type>
		<wp:post_password><![CDATA[]]></wp:post_password>
		<wp:is_sticky>0</wp:is_sticky>
														<wp:postmeta>
		<wp:meta_key><![CDATA[_wp_old_date]]></wp:meta_key>
		<wp:meta_value><![CDATA[2020-08-27]]></wp:meta_value>
		</wp:postmeta>
							<wp:postmeta>
		<wp:meta_key><![CDATA[valpa_no_homenaje_meta]]></wp:meta_key>
		<wp:meta_value><![CDATA[0020000099]]></wp:meta_value>
		</wp:postmeta>
							<wp:postmeta>
		<wp:meta_key><![CDATA[valpa_nacimiento_dia_meta]]></wp:meta_key>
		<wp:meta_value><![CDATA[29]]></wp:meta_value>
		</wp:postmeta>
							<wp:postmeta>
		<wp:meta_key><![CDATA[valpa_nacimiento_mes_meta]]></wp:meta_key>
		<wp:meta_value><![CDATA[09]]></wp:meta_value>
		</wp:postmeta>
							<wp:postmeta>
		<wp:meta_key><![CDATA[valpa_nacimiento_ano_meta]]></wp:meta_key>
		<wp:meta_value><![CDATA[1940]]></wp:meta_value>
		</wp:postmeta>
							<wp:postmeta>
		<wp:meta_key><![CDATA[post_views_count]]></wp:meta_key>
		<wp:meta_value><![CDATA[71]]></wp:meta_value>
		</wp:postmeta>
							</item>
					<item>
		<title><![CDATA[Josefina Molina Sanchez]]></title>
		<link>http://localhost/sass-wp/obituario/josefina-molina-sanchez/</link>
		<pubDate>Mon, 27 Apr 2020 00:00:53 +0000</pubDate>
		<dc:creator><![CDATA[webmaster]]></dc:creator>
		<guid isPermaLink="false">http://valparaiso.com.mx/?post_type=valpa_obituario_pt&#038;p=410</guid>
		<description></description>
		<content:encoded><![CDATA[]]></content:encoded>
		<excerpt:encoded><![CDATA[]]></excerpt:encoded>
		<wp:post_id>410</wp:post_id>
		<wp:post_date><![CDATA[2020-04-27 00:00:53]]></wp:post_date>
		<wp:post_date_gmt><![CDATA[2020-04-27 00:00:53]]></wp:post_date_gmt>
		<wp:post_modified><![CDATA[2020-04-27 00:00:53]]></wp:post_modified>
		<wp:post_modified_gmt><![CDATA[2020-04-27 00:00:53]]></wp:post_modified_gmt>
		<wp:comment_status><![CDATA[open]]></wp:comment_status>
		<wp:ping_status><![CDATA[closed]]></wp:ping_status>
		<wp:post_name><![CDATA[josefina-molina-sanchez]]></wp:post_name>
		<wp:status><![CDATA[publish]]></wp:status>
		<wp:post_parent>0</wp:post_parent>
		<wp:menu_order>0</wp:menu_order>
		<wp:post_type><![CDATA[valpa_obituario_pt]]></wp:post_type>
		<wp:post_password><![CDATA[]]></wp:post_password>
		<wp:is_sticky>0</wp:is_sticky>
														<wp:postmeta>
		<wp:meta_key><![CDATA[_wp_old_date]]></wp:meta_key>
		<wp:meta_value><![CDATA[2020-08-27]]></wp:meta_value>
		</wp:postmeta>
							<wp:postmeta>
		<wp:meta_key><![CDATA[valpa_no_homenaje_meta]]></wp:meta_key>
		<wp:meta_value><![CDATA[0020000100]]></wp:meta_value>
		</wp:postmeta>
							<wp:postmeta>
		<wp:meta_key><![CDATA[valpa_nacimiento_dia_meta]]></wp:meta_key>
		<wp:meta_value><![CDATA[11]]></wp:meta_value>
		</wp:postmeta>
							<wp:postmeta>
		<wp:meta_key><![CDATA[valpa_nacimiento_mes_meta]]></wp:meta_key>
		<wp:meta_value><![CDATA[06]]></wp:meta_value>
		</wp:postmeta>
							<wp:postmeta>
		<wp:meta_key><![CDATA[valpa_nacimiento_ano_meta]]></wp:meta_key>
		<wp:meta_value><![CDATA[1964]]></wp:meta_value>
		</wp:postmeta>
							<wp:postmeta>
		<wp:meta_key><![CDATA[post_views_count]]></wp:meta_key>
		<wp:meta_value><![CDATA[66]]></wp:meta_value>
		</wp:postmeta>
							</item>
					<item>
		<title><![CDATA[Juan Reza Davila]]></title>
		<link>http://localhost/sass-wp/obituario/juan-reza-davila/</link>
		<pubDate>Tue, 28 Apr 2020 00:00:15 +0000</pubDate>
		<dc:creator><![CDATA[webmaster]]></dc:creator>
		<guid isPermaLink="false">http://valparaiso.com.mx/?post_type=valpa_obituario_pt&#038;p=411</guid>
		<description></description>
		<content:encoded><![CDATA[]]></content:encoded>
		<excerpt:encoded><![CDATA[]]></excerpt:encoded>
		<wp:post_id>411</wp:post_id>
		<wp:post_date><![CDATA[2020-04-28 00:00:15]]></wp:post_date>
		<wp:post_date_gmt><![CDATA[2020-04-28 00:00:15]]></wp:post_date_gmt>
		<wp:post_modified><![CDATA[2020-04-28 00:00:15]]></wp:post_modified>
		<wp:post_modified_gmt><![CDATA[2020-04-28 00:00:15]]></wp:post_modified_gmt>
		<wp:comment_status><![CDATA[open]]></wp:comment_status>
		<wp:ping_status><![CDATA[closed]]></wp:ping_status>
		<wp:post_name><![CDATA[juan-reza-davila]]></wp:post_name>
		<wp:status><![CDATA[publish]]></wp:status>
		<wp:post_parent>0</wp:post_parent>
		<wp:menu_order>0</wp:menu_order>
		<wp:post_type><![CDATA[valpa_obituario_pt]]></wp:post_type>
		<wp:post_password><![CDATA[]]></wp:post_password>
		<wp:is_sticky>0</wp:is_sticky>
														<wp:postmeta>
		<wp:meta_key><![CDATA[_wp_old_date]]></wp:meta_key>
		<wp:meta_value><![CDATA[2020-08-27]]></wp:meta_value>
		</wp:postmeta>
							<wp:postmeta>
		<wp:meta_key><![CDATA[valpa_no_homenaje_meta]]></wp:meta_key>
		<wp:meta_value><![CDATA[0020000101]]></wp:meta_value>
		</wp:postmeta>
							<wp:postmeta>
		<wp:meta_key><![CDATA[valpa_nacimiento_dia_meta]]></wp:meta_key>
		<wp:meta_value><![CDATA[25]]></wp:meta_value>
		</wp:postmeta>
							<wp:postmeta>
		<wp:meta_key><![CDATA[valpa_nacimiento_mes_meta]]></wp:meta_key>
		<wp:meta_value><![CDATA[06]]></wp:meta_value>
		</wp:postmeta>
							<wp:postmeta>
		<wp:meta_key><![CDATA[valpa_nacimiento_ano_meta]]></wp:meta_key>
		<wp:meta_value><![CDATA[1940]]></wp:meta_value>
		</wp:postmeta>
							<wp:postmeta>
		<wp:meta_key><![CDATA[post_views_count]]></wp:meta_key>
		<wp:meta_value><![CDATA[53]]></wp:meta_value>
		</wp:postmeta>
							</item>
					<item>
		<title><![CDATA[Jose Luis Gonzalez Gonzalez]]></title>
		<link>http://localhost/sass-wp/obituario/jose-luis-gonzalez-gonzalez/</link>
		<pubDate>Tue, 28 Apr 2020 00:00:27 +0000</pubDate>
		<dc:creator><![CDATA[webmaster]]></dc:creator>
		<guid isPermaLink="false">http://valparaiso.com.mx/?post_type=valpa_obituario_pt&#038;p=412</guid>
		<description></description>
		<content:encoded><![CDATA[]]></content:encoded>
		<excerpt:encoded><![CDATA[]]></excerpt:encoded>
		<wp:post_id>412</wp:post_id>
		<wp:post_date><![CDATA[2020-04-28 00:00:27]]></wp:post_date>
		<wp:post_date_gmt><![CDATA[2020-04-28 00:00:27]]></wp:post_date_gmt>
		<wp:post_modified><![CDATA[2020-04-28 00:00:27]]></wp:post_modified>
		<wp:post_modified_gmt><![CDATA[2020-04-28 00:00:27]]></wp:post_modified_gmt>
		<wp:comment_status><![CDATA[open]]></wp:comment_status>
		<wp:ping_status><![CDATA[closed]]></wp:ping_status>
		<wp:post_name><![CDATA[jose-luis-gonzalez-gonzalez]]></wp:post_name>
		<wp:status><![CDATA[publish]]></wp:status>
		<wp:post_parent>0</wp:post_parent>
		<wp:menu_order>0</wp:menu_order>
		<wp:post_type><![CDATA[valpa_obituario_pt]]></wp:post_type>
		<wp:post_password><![CDATA[]]></wp:post_password>
		<wp:is_sticky>0</wp:is_sticky>
														<wp:postmeta>
		<wp:meta_key><![CDATA[_wp_old_date]]></wp:meta_key>
		<wp:meta_value><![CDATA[2020-08-27]]></wp:meta_value>
		</wp:postmeta>
							<wp:postmeta>
		<wp:meta_key><![CDATA[valpa_no_homenaje_meta]]></wp:meta_key>
		<wp:meta_value><![CDATA[00200000102]]></wp:meta_value>
		</wp:postmeta>
							<wp:postmeta>
		<wp:meta_key><![CDATA[valpa_nacimiento_dia_meta]]></wp:meta_key>
		<wp:meta_value><![CDATA[24]]></wp:meta_value>
		</wp:postmeta>
							<wp:postmeta>
		<wp:meta_key><![CDATA[valpa_nacimiento_mes_meta]]></wp:meta_key>
		<wp:meta_value><![CDATA[08]]></wp:meta_value>
		</wp:postmeta>
							<wp:postmeta>
		<wp:meta_key><![CDATA[valpa_nacimiento_ano_meta]]></wp:meta_key>
		<wp:meta_value><![CDATA[1957]]></wp:meta_value>
		</wp:postmeta>
							<wp:postmeta>
		<wp:meta_key><![CDATA[post_views_count]]></wp:meta_key>
		<wp:meta_value><![CDATA[61]]></wp:meta_value>
		</wp:postmeta>
							</item>
					<item>
		<title><![CDATA[Pedro Adalberto Quiroz Jordan]]></title>
		<link>http://localhost/sass-wp/obituario/pedro-adalberto-quiroz-jordan/</link>
		<pubDate>Wed, 29 Apr 2020 00:00:19 +0000</pubDate>
		<dc:creator><![CDATA[webmaster]]></dc:creator>
		<guid isPermaLink="false">http://valparaiso.com.mx/?post_type=valpa_obituario_pt&#038;p=413</guid>
		<description></description>
		<content:encoded><![CDATA[]]></content:encoded>
		<excerpt:encoded><![CDATA[]]></excerpt:encoded>
		<wp:post_id>413</wp:post_id>
		<wp:post_date><![CDATA[2020-04-29 00:00:19]]></wp:post_date>
		<wp:post_date_gmt><![CDATA[2020-04-29 00:00:19]]></wp:post_date_gmt>
		<wp:post_modified><![CDATA[2020-04-29 00:00:19]]></wp:post_modified>
		<wp:post_modified_gmt><![CDATA[2020-04-29 00:00:19]]></wp:post_modified_gmt>
		<wp:comment_status><![CDATA[open]]></wp:comment_status>
		<wp:ping_status><![CDATA[closed]]></wp:ping_status>
		<wp:post_name><![CDATA[pedro-adalberto-quiroz-jordan]]></wp:post_name>
		<wp:status><![CDATA[publish]]></wp:status>
		<wp:post_parent>0</wp:post_parent>
		<wp:menu_order>0</wp:menu_order>
		<wp:post_type><![CDATA[valpa_obituario_pt]]></wp:post_type>
		<wp:post_password><![CDATA[]]></wp:post_password>
		<wp:is_sticky>0</wp:is_sticky>
														<wp:postmeta>
		<wp:meta_key><![CDATA[_wp_old_date]]></wp:meta_key>
		<wp:meta_value><![CDATA[2020-08-27]]></wp:meta_value>
		</wp:postmeta>
							<wp:postmeta>
		<wp:meta_key><![CDATA[valpa_no_homenaje_meta]]></wp:meta_key>
		<wp:meta_value><![CDATA[0020000103]]></wp:meta_value>
		</wp:postmeta>
							<wp:postmeta>
		<wp:meta_key><![CDATA[valpa_nacimiento_dia_meta]]></wp:meta_key>
		<wp:meta_value><![CDATA[29]]></wp:meta_value>
		</wp:postmeta>
							<wp:postmeta>
		<wp:meta_key><![CDATA[valpa_nacimiento_mes_meta]]></wp:meta_key>
		<wp:meta_value><![CDATA[06]]></wp:meta_value>
		</wp:postmeta>
							<wp:postmeta>
		<wp:meta_key><![CDATA[valpa_nacimiento_ano_meta]]></wp:meta_key>
		<wp:meta_value><![CDATA[1945]]></wp:meta_value>
		</wp:postmeta>
							<wp:postmeta>
		<wp:meta_key><![CDATA[post_views_count]]></wp:meta_key>
		<wp:meta_value><![CDATA[43]]></wp:meta_value>
		</wp:postmeta>
							</item>
					<item>
		<title><![CDATA[Martha InÃ©s von Bertrab de Plauchud]]></title>
		<link>http://localhost/sass-wp/obituario/martha-ines-von-bertrab-de-plauchud/</link>
		<pubDate>Fri, 24 Apr 2020 17:09:09 +0000</pubDate>
		<dc:creator><![CDATA[webmaster]]></dc:creator>
		<guid isPermaLink="false">http://valparaiso.com.mx/?post_type=valpa_obituario_pt&#038;p=19240</guid>
		<description></description>
		<content:encoded><![CDATA["Hay conexiones que son tan fuertes, mÃ¡gicas y Ãºnicas, que simplemente pareciera no tener explicaciÃ³n racional ni fecha de caducidad"]]></content:encoded>
		<excerpt:encoded><![CDATA[]]></excerpt:encoded>
		<wp:post_id>19240</wp:post_id>
		<wp:post_date><![CDATA[2020-04-24 17:09:09]]></wp:post_date>
		<wp:post_date_gmt><![CDATA[2020-04-24 17:09:09]]></wp:post_date_gmt>
		<wp:post_modified><![CDATA[2020-04-24 17:09:09]]></wp:post_modified>
		<wp:post_modified_gmt><![CDATA[2020-04-24 17:09:09]]></wp:post_modified_gmt>
		<wp:comment_status><![CDATA[open]]></wp:comment_status>
		<wp:ping_status><![CDATA[closed]]></wp:ping_status>
		<wp:post_name><![CDATA[martha-ines-von-bertrab-de-plauchud]]></wp:post_name>
		<wp:status><![CDATA[publish]]></wp:status>
		<wp:post_parent>0</wp:post_parent>
		<wp:menu_order>0</wp:menu_order>
		<wp:post_type><![CDATA[valpa_obituario_pt]]></wp:post_type>
		<wp:post_password><![CDATA[]]></wp:post_password>
		<wp:is_sticky>0</wp:is_sticky>
														<wp:postmeta>
		<wp:meta_key><![CDATA[post_views_count]]></wp:meta_key>
		<wp:meta_value><![CDATA[248]]></wp:meta_value>
		</wp:postmeta>
							<wp:postmeta>
		<wp:meta_key><![CDATA[_wp_old_date]]></wp:meta_key>
		<wp:meta_value><![CDATA[2021-04-23]]></wp:meta_value>
		</wp:postmeta>
							<wp:postmeta>
		<wp:meta_key><![CDATA[valpa_no_homenaje_meta]]></wp:meta_key>
		<wp:meta_value><![CDATA[0000000000000]]></wp:meta_value>
		</wp:postmeta>
							<wp:postmeta>
		<wp:meta_key><![CDATA[servicio_relacionado_meta]]></wp:meta_key>
		<wp:meta_value><![CDATA[a:1:{i:0;s:9:"Domicilio";}]]></wp:meta_value>
		</wp:postmeta>
							<wp:postmeta>
		<wp:meta_key><![CDATA[valpa_nacimiento_dia_meta]]></wp:meta_key>
		<wp:meta_value><![CDATA[25]]></wp:meta_value>
		</wp:postmeta>
							<wp:postmeta>
		<wp:meta_key><![CDATA[valpa_nacimiento_mes_meta]]></wp:meta_key>
		<wp:meta_value><![CDATA[11]]></wp:meta_value>
		</wp:postmeta>
							<wp:postmeta>
		<wp:meta_key><![CDATA[valpa_nacimiento_ano_meta]]></wp:meta_key>
		<wp:meta_value><![CDATA[1935]]></wp:meta_value>
		</wp:postmeta>
							<wp:postmeta>
		<wp:meta_key><![CDATA[num_velas_meta]]></wp:meta_key>
		<wp:meta_value><![CDATA[12]]></wp:meta_value>
		</wp:postmeta>
							<wp:postmeta>
		<wp:meta_key><![CDATA[num_recuerdos_meta]]></wp:meta_key>
		<wp:meta_value><![CDATA[2]]></wp:meta_value>
		</wp:postmeta>
							<wp:postmeta>
		<wp:meta_key><![CDATA[_thumbnail_id]]></wp:meta_key>
		<wp:meta_value><![CDATA[19259]]></wp:meta_value>
		</wp:postmeta>
							</item>
					<item>
		<title><![CDATA[Marisela Isabel Mata Casas]]></title>
		<link>http://localhost/sass-wp/obituario/marisela-isabel-mata-casas/</link>
		<pubDate>Wed, 29 Apr 2020 00:00:20 +0000</pubDate>
		<dc:creator><![CDATA[webmaster]]></dc:creator>
		<guid isPermaLink="false">http://valparaiso.com.mx/?post_type=valpa_obituario_pt&#038;p=414</guid>
		<description></description>
		<content:encoded><![CDATA[]]></content:encoded>
		<excerpt:encoded><![CDATA[]]></excerpt:encoded>
		<wp:post_id>414</wp:post_id>
		<wp:post_date><![CDATA[2020-04-29 00:00:20]]></wp:post_date>
		<wp:post_date_gmt><![CDATA[2020-04-29 00:00:20]]></wp:post_date_gmt>
		<wp:post_modified><![CDATA[2020-04-29 00:00:20]]></wp:post_modified>
		<wp:post_modified_gmt><![CDATA[2020-04-29 00:00:20]]></wp:post_modified_gmt>
		<wp:comment_status><![CDATA[open]]></wp:comment_status>
		<wp:ping_status><![CDATA[closed]]></wp:ping_status>
		<wp:post_name><![CDATA[marisela-isabel-mata-casas]]></wp:post_name>
		<wp:status><![CDATA[publish]]></wp:status>
		<wp:post_parent>0</wp:post_parent>
		<wp:menu_order>0</wp:menu_order>
		<wp:post_type><![CDATA[valpa_obituario_pt]]></wp:post_type>
		<wp:post_password><![CDATA[]]></wp:post_password>
		<wp:is_sticky>0</wp:is_sticky>
														<wp:postmeta>
		<wp:meta_key><![CDATA[_wp_old_date]]></wp:meta_key>
		<wp:meta_value><![CDATA[2020-08-27]]></wp:meta_value>
		</wp:postmeta>
							<wp:postmeta>
		<wp:meta_key><![CDATA[valpa_no_homenaje_meta]]></wp:meta_key>
		<wp:meta_value><![CDATA[0020000104]]></wp:meta_value>
		</wp:postmeta>
							<wp:postmeta>
		<wp:meta_key><![CDATA[valpa_nacimiento_dia_meta]]></wp:meta_key>
		<wp:meta_value><![CDATA[15]]></wp:meta_value>
		</wp:postmeta>
							<wp:postmeta>
		<wp:meta_key><![CDATA[valpa_nacimiento_mes_meta]]></wp:meta_key>
		<wp:meta_value><![CDATA[06]]></wp:meta_value>
		</wp:postmeta>
							<wp:postmeta>
		<wp:meta_key><![CDATA[valpa_nacimiento_ano_meta]]></wp:meta_key>
		<wp:meta_value><![CDATA[1957]]></wp:meta_value>
		</wp:postmeta>
							<wp:postmeta>
		<wp:meta_key><![CDATA[post_views_count]]></wp:meta_key>
		<wp:meta_value><![CDATA[59]]></wp:meta_value>
		</wp:postmeta>
							</item>
					<item>
		<title><![CDATA[Jose Silvestre Lara PeÃ±aloza]]></title>
		<link>http://localhost/sass-wp/obituario/jose-silvestre-lara-penaloza/</link>
		<pubDate>Thu, 30 Apr 2020 00:00:05 +0000</pubDate>
		<dc:creator><![CDATA[webmaster]]></dc:creator>
		<guid isPermaLink="false">http://valparaiso.com.mx/?post_type=valpa_obituario_pt&#038;p=415</guid>
		<description></description>
		<content:encoded><![CDATA[]]></content:encoded>
		<excerpt:encoded><![CDATA[]]></excerpt:encoded>
		<wp:post_id>415</wp:post_id>
		<wp:post_date><![CDATA[2020-04-30 00:00:05]]></wp:post_date>
		<wp:post_date_gmt><![CDATA[2020-04-30 00:00:05]]></wp:post_date_gmt>
		<wp:post_modified><![CDATA[2020-04-30 00:00:05]]></wp:post_modified>
		<wp:post_modified_gmt><![CDATA[2020-04-30 00:00:05]]></wp:post_modified_gmt>
		<wp:comment_status><![CDATA[open]]></wp:comment_status>
		<wp:ping_status><![CDATA[closed]]></wp:ping_status>
		<wp:post_name><![CDATA[jose-silvestre-lara-penaloza]]></wp:post_name>
		<wp:status><![CDATA[publish]]></wp:status>
		<wp:post_parent>0</wp:post_parent>
		<wp:menu_order>0</wp:menu_order>
		<wp:post_type><![CDATA[valpa_obituario_pt]]></wp:post_type>
		<wp:post_password><![CDATA[]]></wp:post_password>
		<wp:is_sticky>0</wp:is_sticky>
														<wp:postmeta>
		<wp:meta_key><![CDATA[_wp_old_date]]></wp:meta_key>
		<wp:meta_value><![CDATA[2020-08-27]]></wp:meta_value>
		</wp:postmeta>
							<wp:postmeta>
		<wp:meta_key><![CDATA[valpa_no_homenaje_meta]]></wp:meta_key>
		<wp:meta_value><![CDATA[0020000105]]></wp:meta_value>
		</wp:postmeta>
							<wp:postmeta>
		<wp:meta_key><![CDATA[valpa_nacimiento_dia_meta]]></wp:meta_key>
		<wp:meta_value><![CDATA[27]]></wp:meta_value>
		</wp:postmeta>
							<wp:postmeta>
		<wp:meta_key><![CDATA[valpa_nacimiento_mes_meta]]></wp:meta_key>
		<wp:meta_value><![CDATA[11]]></wp:meta_value>
		</wp:postmeta>
							<wp:postmeta>
		<wp:meta_key><![CDATA[valpa_nacimiento_ano_meta]]></wp:meta_key>
		<wp:meta_value><![CDATA[1949]]></wp:meta_value>
		</wp:postmeta>
							<wp:postmeta>
		<wp:meta_key><![CDATA[post_views_count]]></wp:meta_key>
		<wp:meta_value><![CDATA[52]]></wp:meta_value>
		</wp:postmeta>
							</item>
					<item>
		<title><![CDATA[Ariel Palma Albarran]]></title>
		<link>http://localhost/sass-wp/obituario/ariel-palma-albarran/</link>
		<pubDate>Thu, 30 Apr 2020 00:00:46 +0000</pubDate>
		<dc:creator><![CDATA[webmaster]]></dc:creator>
		<guid isPermaLink="false">http://valparaiso.com.mx/?post_type=valpa_obituario_pt&#038;p=416</guid>
		<description></description>
		<content:encoded><![CDATA[]]></content:encoded>
		<excerpt:encoded><![CDATA[]]></excerpt:encoded>
		<wp:post_id>416</wp:post_id>
		<wp:post_date><![CDATA[2020-04-30 00:00:46]]></wp:post_date>
		<wp:post_date_gmt><![CDATA[2020-04-30 00:00:46]]></wp:post_date_gmt>
		<wp:post_modified><![CDATA[2020-04-30 00:00:46]]></wp:post_modified>
		<wp:post_modified_gmt><![CDATA[2020-04-30 00:00:46]]></wp:post_modified_gmt>
		<wp:comment_status><![CDATA[open]]></wp:comment_status>
		<wp:ping_status><![CDATA[closed]]></wp:ping_status>
		<wp:post_name><![CDATA[ariel-palma-albarran]]></wp:post_name>
		<wp:status><![CDATA[publish]]></wp:status>
		<wp:post_parent>0</wp:post_parent>
		<wp:menu_order>0</wp:menu_order>
		<wp:post_type><![CDATA[valpa_obituario_pt]]></wp:post_type>
		<wp:post_password><![CDATA[]]></wp:post_password>
		<wp:is_sticky>0</wp:is_sticky>
														<wp:postmeta>
		<wp:meta_key><![CDATA[_wp_old_date]]></wp:meta_key>
		<wp:meta_value><![CDATA[2020-08-27]]></wp:meta_value>
		</wp:postmeta>
							<wp:postmeta>
		<wp:meta_key><![CDATA[valpa_no_homenaje_meta]]></wp:meta_key>
		<wp:meta_value><![CDATA[0020000106]]></wp:meta_value>
		</wp:postmeta>
							<wp:postmeta>
		<wp:meta_key><![CDATA[valpa_nacimiento_dia_meta]]></wp:meta_key>
		<wp:meta_value><![CDATA[21]]></wp:meta_value>
		</wp:postmeta>
							<wp:postmeta>
		<wp:meta_key><![CDATA[valpa_nacimiento_mes_meta]]></wp:meta_key>
		<wp:meta_value><![CDATA[09]]></wp:meta_value>
		</wp:postmeta>
							<wp:postmeta>
		<wp:meta_key><![CDATA[valpa_nacimiento_ano_meta]]></wp:meta_key>
		<wp:meta_value><![CDATA[1977]]></wp:meta_value>
		</wp:postmeta>
							<wp:postmeta>
		<wp:meta_key><![CDATA[post_views_count]]></wp:meta_key>
		<wp:meta_value><![CDATA[84]]></wp:meta_value>
		</wp:postmeta>
							</item>
					<item>
		<title><![CDATA[Ana Cristina Millan Mendoza]]></title>
		<link>http://localhost/sass-wp/obituario/ana-cristina-millan-mendoza/</link>
		<pubDate>Fri, 01 May 2020 00:00:42 +0000</pubDate>
		<dc:creator><![CDATA[webmaster]]></dc:creator>
		<guid isPermaLink="false">http://valparaiso.com.mx/?post_type=valpa_obituario_pt&#038;p=417</guid>
		<description></description>
		<content:encoded><![CDATA[]]></content:encoded>
		<excerpt:encoded><![CDATA[]]></excerpt:encoded>
		<wp:post_id>417</wp:post_id>
		<wp:post_date><![CDATA[2020-05-01 00:00:42]]></wp:post_date>
		<wp:post_date_gmt><![CDATA[2020-05-01 00:00:42]]></wp:post_date_gmt>
		<wp:post_modified><![CDATA[2020-05-01 00:00:42]]></wp:post_modified>
		<wp:post_modified_gmt><![CDATA[2020-05-01 00:00:42]]></wp:post_modified_gmt>
		<wp:comment_status><![CDATA[open]]></wp:comment_status>
		<wp:ping_status><![CDATA[closed]]></wp:ping_status>
		<wp:post_name><![CDATA[ana-cristina-millan-mendoza]]></wp:post_name>
		<wp:status><![CDATA[publish]]></wp:status>
		<wp:post_parent>0</wp:post_parent>
		<wp:menu_order>0</wp:menu_order>
		<wp:post_type><![CDATA[valpa_obituario_pt]]></wp:post_type>
		<wp:post_password><![CDATA[]]></wp:post_password>
		<wp:is_sticky>0</wp:is_sticky>
														<wp:postmeta>
		<wp:meta_key><![CDATA[_wp_old_date]]></wp:meta_key>
		<wp:meta_value><![CDATA[2020-08-27]]></wp:meta_value>
		</wp:postmeta>
							<wp:postmeta>
		<wp:meta_key><![CDATA[valpa_no_homenaje_meta]]></wp:meta_key>
		<wp:meta_value><![CDATA[0020000107]]></wp:meta_value>
		</wp:postmeta>
							<wp:postmeta>
		<wp:meta_key><![CDATA[valpa_nacimiento_dia_meta]]></wp:meta_key>
		<wp:meta_value><![CDATA[26]]></wp:meta_value>
		</wp:postmeta>
							<wp:postmeta>
		<wp:meta_key><![CDATA[valpa_nacimiento_mes_meta]]></wp:meta_key>
		<wp:meta_value><![CDATA[06]]></wp:meta_value>
		</wp:postmeta>
							<wp:postmeta>
		<wp:meta_key><![CDATA[valpa_nacimiento_ano_meta]]></wp:meta_key>
		<wp:meta_value><![CDATA[1964]]></wp:meta_value>
		</wp:postmeta>
							<wp:postmeta>
		<wp:meta_key><![CDATA[post_views_count]]></wp:meta_key>
		<wp:meta_value><![CDATA[47]]></wp:meta_value>
		</wp:postmeta>
							</item>
					<item>
		<title><![CDATA[Arguimiro Horacio Gonzalez Contreras]]></title>
		<link>http://localhost/sass-wp/obituario/arguimiro-horacio-gonzalez-contreras/</link>
		<pubDate>Tue, 05 May 2020 00:00:21 +0000</pubDate>
		<dc:creator><![CDATA[webmaster]]></dc:creator>
		<guid isPermaLink="false">http://valparaiso.com.mx/?post_type=valpa_obituario_pt&#038;p=418</guid>
		<description></description>
		<content:encoded><![CDATA[<img class="alignnone size-full wp-image-1552" src="http://valparaiso.com.mx/wp-content/uploads/2020/05/WhatsApp-Image-2020-05-16-at-5.08.30-PM-2.jpeg" alt="" width="1485" height="892" /> <img class="alignnone size-medium wp-image-1553" src="http://valparaiso.com.mx/wp-content/uploads/2020/05/WhatsApp-Image-2020-05-16-at-5.08.30-PM.jpeg" alt="" width="200" height="300" /> <img class="alignnone size-medium wp-image-1554" src="http://valparaiso.com.mx/wp-content/uploads/2020/05/WhatsApp-Image-2020-05-16-at-5.08.18-PM-1.jpeg" alt="" width="199" height="300" /> <img class="alignnone size-medium wp-image-1555" src="http://valparaiso.com.mx/wp-content/uploads/2020/05/WhatsApp-Image-2020-05-16-at-5.08.18-PM.jpeg" alt="" width="188" height="300" /> <img class="alignnone size-medium wp-image-1556" src="http://valparaiso.com.mx/wp-content/uploads/2020/05/WhatsApp-Image-2020-05-16-at-5.08.19-PM-3.jpeg" alt="" width="248" height="300" /> <img class="alignnone size-medium wp-image-1557" src="http://valparaiso.com.mx/wp-content/uploads/2020/05/WhatsApp-Image-2020-05-16-at-5.08.19-PM-rotated.jpeg" alt="" width="300" height="189" /> <img class="alignnone size-medium wp-image-1558" src="http://valparaiso.com.mx/wp-content/uploads/2020/05/WhatsApp-Image-2020-05-16-at-5.08.20-PM-1-rotated.jpeg" alt="" width="300" height="169" /> <img class="alignnone size-medium wp-image-1559" src="http://valparaiso.com.mx/wp-content/uploads/2020/05/WhatsApp-Image-2020-05-16-at-5.08.20-PM-2.jpeg" alt="" width="179" height="300" /> <img class="alignnone size-medium wp-image-1560" src="http://valparaiso.com.mx/wp-content/uploads/2020/05/WhatsApp-Image-2020-05-16-at-5.08.20-PM.jpeg" alt="" width="200" height="300" /> <img class="alignnone size-medium wp-image-1561" src="http://valparaiso.com.mx/wp-content/uploads/2020/05/WhatsApp-Image-2020-05-16-at-5.08.21-PM-1.jpeg" alt="" width="300" height="225" /> <img class="alignnone size-medium wp-image-1562" src="http://valparaiso.com.mx/wp-content/uploads/2020/05/WhatsApp-Image-2020-05-16-at-5.08.21-PM-2.jpeg" alt="" width="200" height="300" /> <img class="alignnone size-medium wp-image-1563" src="http://valparaiso.com.mx/wp-content/uploads/2020/05/WhatsApp-Image-2020-05-16-at-5.08.21-PM-3-rotated.jpeg" alt="" width="300" height="238" /> <img class="alignnone size-medium wp-image-1564" src="http://valparaiso.com.mx/wp-content/uploads/2020/05/WhatsApp-Image-2020-05-16-at-5.08.21-PM.jpeg" alt="" width="219" height="300" /> <img class="alignnone size-medium wp-image-1565" src="http://valparaiso.com.mx/wp-content/uploads/2020/05/WhatsApp-Image-2020-05-16-at-5.08.22-PM-1-rotated.jpeg" alt="" width="300" height="220" /> <img class="alignnone size-medium wp-image-1566" src="http://valparaiso.com.mx/wp-content/uploads/2020/05/WhatsApp-Image-2020-05-16-at-5.08.22-PM-3.jpeg" alt="" width="300" height="225" /> <img class="alignnone size-medium wp-image-1567" src="http://valparaiso.com.mx/wp-content/uploads/2020/05/WhatsApp-Image-2020-05-16-at-5.08.22-PM-4.jpeg" alt="" width="215" height="300" /> <img class="alignnone size-medium wp-image-1568" src="http://valparaiso.com.mx/wp-content/uploads/2020/05/WhatsApp-Image-2020-05-16-at-5.08.22-PM-rotated.jpeg" alt="" width="300" height="295" /> <img class="alignnone size-medium wp-image-1569" src="http://valparaiso.com.mx/wp-content/uploads/2020/05/WhatsApp-Image-2020-05-16-at-5.08.23-PM-1.jpeg" alt="" width="300" height="225" /> <img class="alignnone size-medium wp-image-1570" src="http://valparaiso.com.mx/wp-content/uploads/2020/05/WhatsApp-Image-2020-05-16-at-5.08.23-PM-2.jpeg" alt="" width="300" height="192" /> <img class="alignnone size-medium wp-image-1571" src="http://valparaiso.com.mx/wp-content/uploads/2020/05/WhatsApp-Image-2020-05-16-at-5.08.23-PM-3.jpeg" alt="" width="228" height="300" /> <img class="alignnone size-medium wp-image-1572" src="http://valparaiso.com.mx/wp-content/uploads/2020/05/WhatsApp-Image-2020-05-16-at-5.08.23-PM.jpeg" alt="" width="203" height="300" /> <img class="alignnone size-medium wp-image-1573" src="http://valparaiso.com.mx/wp-content/uploads/2020/05/WhatsApp-Image-2020-05-16-at-5.08.24-PM-1.jpeg" alt="" width="215" height="300" /> <img class="alignnone size-medium wp-image-1574" src="http://valparaiso.com.mx/wp-content/uploads/2020/05/WhatsApp-Image-2020-05-16-at-5.08.24-PM-2.jpeg" alt="" width="213" height="300" /> <img class="alignnone size-medium wp-image-1575" src="http://valparaiso.com.mx/wp-content/uploads/2020/05/WhatsApp-Image-2020-05-16-at-5.08.24-PM.jpeg" alt="" width="300" height="225" /> <img class="alignnone size-medium wp-image-1576" src="http://valparaiso.com.mx/wp-content/uploads/2020/05/WhatsApp-Image-2020-05-16-at-5.08.25-PM-1.jpeg" alt="" width="225" height="300" /> <img class="alignnone size-medium wp-image-1577" src="http://valparaiso.com.mx/wp-content/uploads/2020/05/WhatsApp-Image-2020-05-16-at-5.08.25-PM-2.jpeg" alt="" width="300" height="225" /> <img class="alignnone size-medium wp-image-1578" src="http://valparaiso.com.mx/wp-content/uploads/2020/05/WhatsApp-Image-2020-05-16-at-5.08.25-PM-3.jpeg" alt="" width="300" height="224" /> <img class="alignnone size-medium wp-image-1579" src="http://valparaiso.com.mx/wp-content/uploads/2020/05/WhatsApp-Image-2020-05-16-at-5.08.25-PM.jpeg" alt="" width="223" height="300" /> <img class="alignnone size-medium wp-image-1580" src="http://valparaiso.com.mx/wp-content/uploads/2020/05/WhatsApp-Image-2020-05-16-at-5.08.26-PM-rotated.jpeg" alt="" width="300" height="225" /> <img class="alignnone size-medium wp-image-1581" src="http://valparaiso.com.mx/wp-content/uploads/2020/05/WhatsApp-Image-2020-05-16-at-5.08.27-PM-2.jpeg" alt="" width="300" height="225" /> <img class="alignnone size-medium wp-image-1582" src="http://valparaiso.com.mx/wp-content/uploads/2020/05/WhatsApp-Image-2020-05-16-at-5.08.27-PM-3.jpeg" alt="" width="300" height="225" /> <img class="alignnone size-medium wp-image-1583" src="http://valparaiso.com.mx/wp-content/uploads/2020/05/WhatsApp-Image-2020-05-16-at-5.08.27-PM.jpeg" alt="" width="300" height="225" /> <img class="alignnone size-medium wp-image-1584" src="http://valparaiso.com.mx/wp-content/uploads/2020/05/WhatsApp-Image-2020-05-16-at-5.08.28-PM-2-rotated.jpeg" alt="" width="300" height="169" /> <img class="alignnone size-medium wp-image-1585" src="http://valparaiso.com.mx/wp-content/uploads/2020/05/WhatsApp-Image-2020-05-16-at-5.08.28-PM-3-rotated.jpeg" alt="" width="300" height="169" /> <img class="alignnone size-medium wp-image-1586" src="http://valparaiso.com.mx/wp-content/uploads/2020/05/WhatsApp-Image-2020-05-16-at-5.08.29-PM-1.jpeg" alt="" width="300" height="217" /> <img class="alignnone size-medium wp-image-1587" src="http://valparaiso.com.mx/wp-content/uploads/2020/05/WhatsApp-Image-2020-05-16-at-5.08.29-PM-2.jpeg" alt="" width="300" height="204" /> <img class="alignnone size-medium wp-image-1588" src="http://valparaiso.com.mx/wp-content/uploads/2020/05/WhatsApp-Image-2020-05-16-at-5.08.29-PM-3.jpeg" alt="" width="184" height="300" /> <img class="alignnone size-medium wp-image-1589" src="http://valparaiso.com.mx/wp-content/uploads/2020/05/WhatsApp-Image-2020-05-16-at-5.08.29-PM.jpeg" alt="" width="169" height="300" /> <img class="alignnone size-medium wp-image-1590" src="http://valparaiso.com.mx/wp-content/uploads/2020/05/WhatsApp-Image-2020-05-16-at-5.08.30-PM-1.jpeg" alt="" width="274" height="300" /> <img class="alignnone size-medium wp-image-1591" src="http://valparaiso.com.mx/wp-content/uploads/2020/05/WhatsApp-Image-2020-05-16-at-5.08.18-PM-2.jpeg" alt="" width="188" height="300" /> <img class="alignnone size-medium wp-image-1592" src="http://valparaiso.com.mx/wp-content/uploads/2020/05/WhatsApp-Image-2020-05-16-at-5.08.19-PM-1.jpeg" alt="" width="300" height="204" /> <img class="alignnone size-medium wp-image-1593" src="http://valparaiso.com.mx/wp-content/uploads/2020/05/WhatsApp-Image-2020-05-16-at-5.08.19-PM-2.jpeg" alt="" width="300" height="181" />]]></content:encoded>
		<excerpt:encoded><![CDATA[]]></excerpt:encoded>
		<wp:post_id>418</wp:post_id>
		<wp:post_date><![CDATA[2020-05-05 00:00:21]]></wp:post_date>
		<wp:post_date_gmt><![CDATA[2020-05-05 00:00:21]]></wp:post_date_gmt>
		<wp:post_modified><![CDATA[2020-05-05 00:00:21]]></wp:post_modified>
		<wp:post_modified_gmt><![CDATA[2020-05-05 00:00:21]]></wp:post_modified_gmt>
		<wp:comment_status><![CDATA[open]]></wp:comment_status>
		<wp:ping_status><![CDATA[closed]]></wp:ping_status>
		<wp:post_name><![CDATA[arguimiro-horacio-gonzalez-contreras]]></wp:post_name>
		<wp:status><![CDATA[publish]]></wp:status>
		<wp:post_parent>0</wp:post_parent>
		<wp:menu_order>0</wp:menu_order>
		<wp:post_type><![CDATA[valpa_obituario_pt]]></wp:post_type>
		<wp:post_password><![CDATA[]]></wp:post_password>
		<wp:is_sticky>0</wp:is_sticky>
														<wp:postmeta>
		<wp:meta_key><![CDATA[_wp_old_date]]></wp:meta_key>
		<wp:meta_value><![CDATA[2020-08-27]]></wp:meta_value>
		</wp:postmeta>
							<wp:postmeta>
		<wp:meta_key><![CDATA[valpa_no_homenaje_meta]]></wp:meta_key>
		<wp:meta_value><![CDATA[0020000108]]></wp:meta_value>
		</wp:postmeta>
							<wp:postmeta>
		<wp:meta_key><![CDATA[valpa_nacimiento_dia_meta]]></wp:meta_key>
		<wp:meta_value><![CDATA[28]]></wp:meta_value>
		</wp:postmeta>
							<wp:postmeta>
		<wp:meta_key><![CDATA[valpa_nacimiento_mes_meta]]></wp:meta_key>
		<wp:meta_value><![CDATA[06]]></wp:meta_value>
		</wp:postmeta>
							<wp:postmeta>
		<wp:meta_key><![CDATA[valpa_nacimiento_ano_meta]]></wp:meta_key>
		<wp:meta_value><![CDATA[1956]]></wp:meta_value>
		</wp:postmeta>
							<wp:postmeta>
		<wp:meta_key><![CDATA[post_views_count]]></wp:meta_key>
		<wp:meta_value><![CDATA[67]]></wp:meta_value>
		</wp:postmeta>
							</item>
					<item>
		<title><![CDATA[Leonardo Flores Aguilar]]></title>
		<link>http://localhost/sass-wp/obituario/leonardo-flores-aguilar/</link>
		<pubDate>Fri, 08 May 2020 00:00:33 +0000</pubDate>
		<dc:creator><![CDATA[webmaster]]></dc:creator>
		<guid isPermaLink="false">http://valparaiso.com.mx/?post_type=valpa_obituario_pt&#038;p=419</guid>
		<description></description>
		<content:encoded><![CDATA[]]></content:encoded>
		<excerpt:encoded><![CDATA[]]></excerpt:encoded>
		<wp:post_id>419</wp:post_id>
		<wp:post_date><![CDATA[2020-05-08 00:00:33]]></wp:post_date>
		<wp:post_date_gmt><![CDATA[2020-05-08 00:00:33]]></wp:post_date_gmt>
		<wp:post_modified><![CDATA[2020-05-08 00:00:33]]></wp:post_modified>
		<wp:post_modified_gmt><![CDATA[2020-05-08 00:00:33]]></wp:post_modified_gmt>
		<wp:comment_status><![CDATA[open]]></wp:comment_status>
		<wp:ping_status><![CDATA[closed]]></wp:ping_status>
		<wp:post_name><![CDATA[leonardo-flores-aguilar]]></wp:post_name>
		<wp:status><![CDATA[publish]]></wp:status>
		<wp:post_parent>0</wp:post_parent>
		<wp:menu_order>0</wp:menu_order>
		<wp:post_type><![CDATA[valpa_obituario_pt]]></wp:post_type>
		<wp:post_password><![CDATA[]]></wp:post_password>
		<wp:is_sticky>0</wp:is_sticky>
														<wp:postmeta>
		<wp:meta_key><![CDATA[_wp_old_date]]></wp:meta_key>
		<wp:meta_value><![CDATA[2020-08-27]]></wp:meta_value>
		</wp:postmeta>
							<wp:postmeta>
		<wp:meta_key><![CDATA[valpa_no_homenaje_meta]]></wp:meta_key>
		<wp:meta_value><![CDATA[0020000109]]></wp:meta_value>
		</wp:postmeta>
							<wp:postmeta>
		<wp:meta_key><![CDATA[valpa_nacimiento_dia_meta]]></wp:meta_key>
		<wp:meta_value><![CDATA[07]]></wp:meta_value>
		</wp:postmeta>
							<wp:postmeta>
		<wp:meta_key><![CDATA[valpa_nacimiento_mes_meta]]></wp:meta_key>
		<wp:meta_value><![CDATA[12]]></wp:meta_value>
		</wp:postmeta>
							<wp:postmeta>
		<wp:meta_key><![CDATA[valpa_nacimiento_ano_meta]]></wp:meta_key>
		<wp:meta_value><![CDATA[1997]]></wp:meta_value>
		</wp:postmeta>
							<wp:postmeta>
		<wp:meta_key><![CDATA[post_views_count]]></wp:meta_key>
		<wp:meta_value><![CDATA[46]]></wp:meta_value>
		</wp:postmeta>
							</item>
					<item>
		<title><![CDATA[Ricardo Diaz Galindo]]></title>
		<link>http://localhost/sass-wp/obituario/ricardo-diaz-galindo/</link>
		<pubDate>Mon, 11 May 2020 00:00:15 +0000</pubDate>
		<dc:creator><![CDATA[webmaster]]></dc:creator>
		<guid isPermaLink="false">http://valparaiso.com.mx/?post_type=valpa_obituario_pt&#038;p=420</guid>
		<description></description>
		<content:encoded><![CDATA[]]></content:encoded>
		<excerpt:encoded><![CDATA[]]></excerpt:encoded>
		<wp:post_id>420</wp:post_id>
		<wp:post_date><![CDATA[2020-05-11 00:00:15]]></wp:post_date>
		<wp:post_date_gmt><![CDATA[2020-05-11 00:00:15]]></wp:post_date_gmt>
		<wp:post_modified><![CDATA[2020-05-11 00:00:15]]></wp:post_modified>
		<wp:post_modified_gmt><![CDATA[2020-05-11 00:00:15]]></wp:post_modified_gmt>
		<wp:comment_status><![CDATA[open]]></wp:comment_status>
		<wp:ping_status><![CDATA[closed]]></wp:ping_status>
		<wp:post_name><![CDATA[ricardo-diaz-galindo]]></wp:post_name>
		<wp:status><![CDATA[publish]]></wp:status>
		<wp:post_parent>0</wp:post_parent>
		<wp:menu_order>0</wp:menu_order>
		<wp:post_type><![CDATA[valpa_obituario_pt]]></wp:post_type>
		<wp:post_password><![CDATA[]]></wp:post_password>
		<wp:is_sticky>0</wp:is_sticky>
														<wp:postmeta>
		<wp:meta_key><![CDATA[_wp_old_date]]></wp:meta_key>
		<wp:meta_value><![CDATA[2020-08-27]]></wp:meta_value>
		</wp:postmeta>
							<wp:postmeta>
		<wp:meta_key><![CDATA[valpa_no_homenaje_meta]]></wp:meta_key>
		<wp:meta_value><![CDATA[0020000110]]></wp:meta_value>
		</wp:postmeta>
							<wp:postmeta>
		<wp:meta_key><![CDATA[valpa_nacimiento_dia_meta]]></wp:meta_key>
		<wp:meta_value><![CDATA[03]]></wp:meta_value>
		</wp:postmeta>
							<wp:postmeta>
		<wp:meta_key><![CDATA[valpa_nacimiento_mes_meta]]></wp:meta_key>
		<wp:meta_value><![CDATA[04]]></wp:meta_value>
		</wp:postmeta>
							<wp:postmeta>
		<wp:meta_key><![CDATA[valpa_nacimiento_ano_meta]]></wp:meta_key>
		<wp:meta_value><![CDATA[1977]]></wp:meta_value>
		</wp:postmeta>
							<wp:postmeta>
		<wp:meta_key><![CDATA[post_views_count]]></wp:meta_key>
		<wp:meta_value><![CDATA[77]]></wp:meta_value>
		</wp:postmeta>
							</item>
					<item>
		<title><![CDATA[Pascuala Galvan Alvarado]]></title>
		<link>http://localhost/sass-wp/obituario/pascuala-galvan-alvarado/</link>
		<pubDate>Mon, 11 May 2020 00:00:58 +0000</pubDate>
		<dc:creator><![CDATA[webmaster]]></dc:creator>
		<guid isPermaLink="false">http://valparaiso.com.mx/?post_type=valpa_obituario_pt&#038;p=421</guid>
		<description></description>
		<content:encoded><![CDATA[]]></content:encoded>
		<excerpt:encoded><![CDATA[]]></excerpt:encoded>
		<wp:post_id>421</wp:post_id>
		<wp:post_date><![CDATA[2020-05-11 00:00:58]]></wp:post_date>
		<wp:post_date_gmt><![CDATA[2020-05-11 00:00:58]]></wp:post_date_gmt>
		<wp:post_modified><![CDATA[2020-05-11 00:00:58]]></wp:post_modified>
		<wp:post_modified_gmt><![CDATA[2020-05-11 00:00:58]]></wp:post_modified_gmt>
		<wp:comment_status><![CDATA[open]]></wp:comment_status>
		<wp:ping_status><![CDATA[closed]]></wp:ping_status>
		<wp:post_name><![CDATA[pascuala-galvan-alvarado]]></wp:post_name>
		<wp:status><![CDATA[publish]]></wp:status>
		<wp:post_parent>0</wp:post_parent>
		<wp:menu_order>0</wp:menu_order>
		<wp:post_type><![CDATA[valpa_obituario_pt]]></wp:post_type>
		<wp:post_password><![CDATA[]]></wp:post_password>
		<wp:is_sticky>0</wp:is_sticky>
														<wp:postmeta>
		<wp:meta_key><![CDATA[_wp_old_date]]></wp:meta_key>
		<wp:meta_value><![CDATA[2020-08-27]]></wp:meta_value>
		</wp:postmeta>
							<wp:postmeta>
		<wp:meta_key><![CDATA[valpa_no_homenaje_meta]]></wp:meta_key>
		<wp:meta_value><![CDATA[0020000111]]></wp:meta_value>
		</wp:postmeta>
							<wp:postmeta>
		<wp:meta_key><![CDATA[valpa_nacimiento_dia_meta]]></wp:meta_key>
		<wp:meta_value><![CDATA[23]]></wp:meta_value>
		</wp:postmeta>
							<wp:postmeta>
		<wp:meta_key><![CDATA[valpa_nacimiento_mes_meta]]></wp:meta_key>
		<wp:meta_value><![CDATA[12]]></wp:meta_value>
		</wp:postmeta>
							<wp:postmeta>
		<wp:meta_key><![CDATA[valpa_nacimiento_ano_meta]]></wp:meta_key>
		<wp:meta_value><![CDATA[1957]]></wp:meta_value>
		</wp:postmeta>
							<wp:postmeta>
		<wp:meta_key><![CDATA[post_views_count]]></wp:meta_key>
		<wp:meta_value><![CDATA[54]]></wp:meta_value>
		</wp:postmeta>
							</item>
					<item>
		<title><![CDATA[Hermilio Palma Gonzalez]]></title>
		<link>http://localhost/sass-wp/obituario/hermilio-palma-gonzalez/</link>
		<pubDate>Mon, 11 May 2020 00:00:53 +0000</pubDate>
		<dc:creator><![CDATA[webmaster]]></dc:creator>
		<guid isPermaLink="false">http://valparaiso.com.mx/?post_type=valpa_obituario_pt&#038;p=422</guid>
		<description></description>
		<content:encoded><![CDATA[]]></content:encoded>
		<excerpt:encoded><![CDATA[]]></excerpt:encoded>
		<wp:post_id>422</wp:post_id>
		<wp:post_date><![CDATA[2020-05-11 00:00:53]]></wp:post_date>
		<wp:post_date_gmt><![CDATA[2020-05-11 00:00:53]]></wp:post_date_gmt>
		<wp:post_modified><![CDATA[2020-05-11 00:00:53]]></wp:post_modified>
		<wp:post_modified_gmt><![CDATA[2020-05-11 00:00:53]]></wp:post_modified_gmt>
		<wp:comment_status><![CDATA[open]]></wp:comment_status>
		<wp:ping_status><![CDATA[closed]]></wp:ping_status>
		<wp:post_name><![CDATA[hermilio-palma-gonzalez]]></wp:post_name>
		<wp:status><![CDATA[publish]]></wp:status>
		<wp:post_parent>0</wp:post_parent>
		<wp:menu_order>0</wp:menu_order>
		<wp:post_type><![CDATA[valpa_obituario_pt]]></wp:post_type>
		<wp:post_password><![CDATA[]]></wp:post_password>
		<wp:is_sticky>0</wp:is_sticky>
														<wp:postmeta>
		<wp:meta_key><![CDATA[_wp_old_date]]></wp:meta_key>
		<wp:meta_value><![CDATA[2020-08-27]]></wp:meta_value>
		</wp:postmeta>
							<wp:postmeta>
		<wp:meta_key><![CDATA[valpa_no_homenaje_meta]]></wp:meta_key>
		<wp:meta_value><![CDATA[0020000112]]></wp:meta_value>
		</wp:postmeta>
							<wp:postmeta>
		<wp:meta_key><![CDATA[valpa_nacimiento_dia_meta]]></wp:meta_key>
		<wp:meta_value><![CDATA[09]]></wp:meta_value>
		</wp:postmeta>
							<wp:postmeta>
		<wp:meta_key><![CDATA[valpa_nacimiento_mes_meta]]></wp:meta_key>
		<wp:meta_value><![CDATA[03]]></wp:meta_value>
		</wp:postmeta>
							<wp:postmeta>
		<wp:meta_key><![CDATA[valpa_nacimiento_ano_meta]]></wp:meta_key>
		<wp:meta_value><![CDATA[1953]]></wp:meta_value>
		</wp:postmeta>
							<wp:postmeta>
		<wp:meta_key><![CDATA[post_views_count]]></wp:meta_key>
		<wp:meta_value><![CDATA[60]]></wp:meta_value>
		</wp:postmeta>
							</item>
					<item>
		<title><![CDATA[Julio Rafael Benavides Hernandez]]></title>
		<link>http://localhost/sass-wp/obituario/julio-rafael-benavides-hernandez/</link>
		<pubDate>Tue, 12 May 2020 00:00:44 +0000</pubDate>
		<dc:creator><![CDATA[webmaster]]></dc:creator>
		<guid isPermaLink="false">http://valparaiso.com.mx/?post_type=valpa_obituario_pt&#038;p=423</guid>
		<description></description>
		<content:encoded><![CDATA[]]></content:encoded>
		<excerpt:encoded><![CDATA[]]></excerpt:encoded>
		<wp:post_id>423</wp:post_id>
		<wp:post_date><![CDATA[2020-05-12 00:00:44]]></wp:post_date>
		<wp:post_date_gmt><![CDATA[2020-05-12 00:00:44]]></wp:post_date_gmt>
		<wp:post_modified><![CDATA[2020-05-12 00:00:44]]></wp:post_modified>
		<wp:post_modified_gmt><![CDATA[2020-05-12 00:00:44]]></wp:post_modified_gmt>
		<wp:comment_status><![CDATA[open]]></wp:comment_status>
		<wp:ping_status><![CDATA[closed]]></wp:ping_status>
		<wp:post_name><![CDATA[julio-rafael-benavides-hernandez]]></wp:post_name>
		<wp:status><![CDATA[publish]]></wp:status>
		<wp:post_parent>0</wp:post_parent>
		<wp:menu_order>0</wp:menu_order>
		<wp:post_type><![CDATA[valpa_obituario_pt]]></wp:post_type>
		<wp:post_password><![CDATA[]]></wp:post_password>
		<wp:is_sticky>0</wp:is_sticky>
														<wp:postmeta>
		<wp:meta_key><![CDATA[_wp_old_date]]></wp:meta_key>
		<wp:meta_value><![CDATA[2020-08-27]]></wp:meta_value>
		</wp:postmeta>
							<wp:postmeta>
		<wp:meta_key><![CDATA[valpa_no_homenaje_meta]]></wp:meta_key>
		<wp:meta_value><![CDATA[0020000113]]></wp:meta_value>
		</wp:postmeta>
							<wp:postmeta>
		<wp:meta_key><![CDATA[valpa_nacimiento_dia_meta]]></wp:meta_key>
		<wp:meta_value><![CDATA[13]]></wp:meta_value>
		</wp:postmeta>
							<wp:postmeta>
		<wp:meta_key><![CDATA[valpa_nacimiento_mes_meta]]></wp:meta_key>
		<wp:meta_value><![CDATA[01]]></wp:meta_value>
		</wp:postmeta>
							<wp:postmeta>
		<wp:meta_key><![CDATA[valpa_nacimiento_ano_meta]]></wp:meta_key>
		<wp:meta_value><![CDATA[1952]]></wp:meta_value>
		</wp:postmeta>
							<wp:postmeta>
		<wp:meta_key><![CDATA[post_views_count]]></wp:meta_key>
		<wp:meta_value><![CDATA[70]]></wp:meta_value>
		</wp:postmeta>
							</item>
					<item>
		<title><![CDATA[Diana Pichardo Serrano]]></title>
		<link>http://localhost/sass-wp/obituario/diana-pichardo-serrano/</link>
		<pubDate>Tue, 12 May 2020 00:00:32 +0000</pubDate>
		<dc:creator><![CDATA[webmaster]]></dc:creator>
		<guid isPermaLink="false">http://valparaiso.com.mx/?post_type=valpa_obituario_pt&#038;p=424</guid>
		<description></description>
		<content:encoded><![CDATA[]]></content:encoded>
		<excerpt:encoded><![CDATA[]]></excerpt:encoded>
		<wp:post_id>424</wp:post_id>
		<wp:post_date><![CDATA[2020-05-12 00:00:32]]></wp:post_date>
		<wp:post_date_gmt><![CDATA[2020-05-12 00:00:32]]></wp:post_date_gmt>
		<wp:post_modified><![CDATA[2020-05-12 00:00:32]]></wp:post_modified>
		<wp:post_modified_gmt><![CDATA[2020-05-12 00:00:32]]></wp:post_modified_gmt>
		<wp:comment_status><![CDATA[open]]></wp:comment_status>
		<wp:ping_status><![CDATA[closed]]></wp:ping_status>
		<wp:post_name><![CDATA[diana-pichardo-serrano]]></wp:post_name>
		<wp:status><![CDATA[publish]]></wp:status>
		<wp:post_parent>0</wp:post_parent>
		<wp:menu_order>0</wp:menu_order>
		<wp:post_type><![CDATA[valpa_obituario_pt]]></wp:post_type>
		<wp:post_password><![CDATA[]]></wp:post_password>
		<wp:is_sticky>0</wp:is_sticky>
														<wp:postmeta>
		<wp:meta_key><![CDATA[_wp_old_date]]></wp:meta_key>
		<wp:meta_value><![CDATA[2020-08-27]]></wp:meta_value>
		</wp:postmeta>
							<wp:postmeta>
		<wp:meta_key><![CDATA[valpa_no_homenaje_meta]]></wp:meta_key>
		<wp:meta_value><![CDATA[0020000114]]></wp:meta_value>
		</wp:postmeta>
							<wp:postmeta>
		<wp:meta_key><![CDATA[valpa_nacimiento_dia_meta]]></wp:meta_key>
		<wp:meta_value><![CDATA[24]]></wp:meta_value>
		</wp:postmeta>
							<wp:postmeta>
		<wp:meta_key><![CDATA[valpa_nacimiento_mes_meta]]></wp:meta_key>
		<wp:meta_value><![CDATA[10]]></wp:meta_value>
		</wp:postmeta>
							<wp:postmeta>
		<wp:meta_key><![CDATA[valpa_nacimiento_ano_meta]]></wp:meta_key>
		<wp:meta_value><![CDATA[1978]]></wp:meta_value>
		</wp:postmeta>
							<wp:postmeta>
		<wp:meta_key><![CDATA[post_views_count]]></wp:meta_key>
		<wp:meta_value><![CDATA[45]]></wp:meta_value>
		</wp:postmeta>
							</item>
					<item>
		<title><![CDATA[Filemon Sanchez Lara]]></title>
		<link>http://localhost/sass-wp/obituario/filemon-sanchez-lara/</link>
		<pubDate>Wed, 13 May 2020 00:00:37 +0000</pubDate>
		<dc:creator><![CDATA[webmaster]]></dc:creator>
		<guid isPermaLink="false">http://valparaiso.com.mx/?post_type=valpa_obituario_pt&#038;p=425</guid>
		<description></description>
		<content:encoded><![CDATA[A pesar de no estar presente en cuerpo, tÃº estarÃ¡s con nosotros por siempre en nuestros corazones.]]></content:encoded>
		<excerpt:encoded><![CDATA[]]></excerpt:encoded>
		<wp:post_id>425</wp:post_id>
		<wp:post_date><![CDATA[2020-05-13 00:00:37]]></wp:post_date>
		<wp:post_date_gmt><![CDATA[2020-05-13 00:00:37]]></wp:post_date_gmt>
		<wp:post_modified><![CDATA[2020-05-13 00:00:37]]></wp:post_modified>
		<wp:post_modified_gmt><![CDATA[2020-05-13 00:00:37]]></wp:post_modified_gmt>
		<wp:comment_status><![CDATA[open]]></wp:comment_status>
		<wp:ping_status><![CDATA[closed]]></wp:ping_status>
		<wp:post_name><![CDATA[filemon-sanchez-lara]]></wp:post_name>
		<wp:status><![CDATA[publish]]></wp:status>
		<wp:post_parent>0</wp:post_parent>
		<wp:menu_order>0</wp:menu_order>
		<wp:post_type><![CDATA[valpa_obituario_pt]]></wp:post_type>
		<wp:post_password><![CDATA[]]></wp:post_password>
		<wp:is_sticky>0</wp:is_sticky>
														<wp:postmeta>
		<wp:meta_key><![CDATA[_edit_last]]></wp:meta_key>
		<wp:meta_value><![CDATA[1]]></wp:meta_value>
		</wp:postmeta>
							<wp:postmeta>
		<wp:meta_key><![CDATA[_wp_old_date]]></wp:meta_key>
		<wp:meta_value><![CDATA[2020-08-27]]></wp:meta_value>
		</wp:postmeta>
							<wp:postmeta>
		<wp:meta_key><![CDATA[valpa_no_homenaje_meta]]></wp:meta_key>
		<wp:meta_value><![CDATA[0020000115]]></wp:meta_value>
		</wp:postmeta>
							<wp:postmeta>
		<wp:meta_key><![CDATA[valpa_nacimiento_dia_meta]]></wp:meta_key>
		<wp:meta_value><![CDATA[21]]></wp:meta_value>
		</wp:postmeta>
							<wp:postmeta>
		<wp:meta_key><![CDATA[valpa_nacimiento_mes_meta]]></wp:meta_key>
		<wp:meta_value><![CDATA[11]]></wp:meta_value>
		</wp:postmeta>
							<wp:postmeta>
		<wp:meta_key><![CDATA[valpa_nacimiento_ano_meta]]></wp:meta_key>
		<wp:meta_value><![CDATA[1952]]></wp:meta_value>
		</wp:postmeta>
							<wp:postmeta>
		<wp:meta_key><![CDATA[post_views_count]]></wp:meta_key>
		<wp:meta_value><![CDATA[96]]></wp:meta_value>
		</wp:postmeta>
							<wp:postmeta>
		<wp:meta_key><![CDATA[sucursal_relacionada_meta]]></wp:meta_key>
		<wp:meta_value><![CDATA[a:1:{i:0;s:2:"22";}]]></wp:meta_value>
		</wp:postmeta>
							<wp:postmeta>
		<wp:meta_key><![CDATA[servicio_relacionado_meta]]></wp:meta_key>
		<wp:meta_value><![CDATA[a:1:{i:0;s:9:"Domicilio";}]]></wp:meta_value>
		</wp:postmeta>
							<wp:postmeta>
		<wp:meta_key><![CDATA[_thumbnail_id]]></wp:meta_key>
		<wp:meta_value><![CDATA[4967]]></wp:meta_value>
		</wp:postmeta>
							<wp:postmeta>
		<wp:meta_key><![CDATA[num_recuerdos_meta]]></wp:meta_key>
		<wp:meta_value><![CDATA[1]]></wp:meta_value>
		</wp:postmeta>
							</item>
					<item>
		<title><![CDATA[Antonio Farfan Rodriguez]]></title>
		<link>http://localhost/sass-wp/obituario/antonio-farfan-rodriguez/</link>
		<pubDate>Wed, 13 May 2020 00:00:32 +0000</pubDate>
		<dc:creator><![CDATA[webmaster]]></dc:creator>
		<guid isPermaLink="false">http://valparaiso.com.mx/?post_type=valpa_obituario_pt&#038;p=426</guid>
		<description></description>
		<content:encoded><![CDATA[]]></content:encoded>
		<excerpt:encoded><![CDATA[]]></excerpt:encoded>
		<wp:post_id>426</wp:post_id>
		<wp:post_date><![CDATA[2020-05-13 00:00:32]]></wp:post_date>
		<wp:post_date_gmt><![CDATA[2020-05-13 00:00:32]]></wp:post_date_gmt>
		<wp:post_modified><![CDATA[2020-05-13 00:00:32]]></wp:post_modified>
		<wp:post_modified_gmt><![CDATA[2020-05-13 00:00:32]]></wp:post_modified_gmt>
		<wp:comment_status><![CDATA[open]]></wp:comment_status>
		<wp:ping_status><![CDATA[closed]]></wp:ping_status>
		<wp:post_name><![CDATA[antonio-farfan-rodriguez]]></wp:post_name>
		<wp:status><![CDATA[publish]]></wp:status>
		<wp:post_parent>0</wp:post_parent>
		<wp:menu_order>0</wp:menu_order>
		<wp:post_type><![CDATA[valpa_obituario_pt]]></wp:post_type>
		<wp:post_password><![CDATA[]]></wp:post_password>
		<wp:is_sticky>0</wp:is_sticky>
														<wp:postmeta>
		<wp:meta_key><![CDATA[_wp_old_date]]></wp:meta_key>
		<wp:meta_value><![CDATA[2020-08-27]]></wp:meta_value>
		</wp:postmeta>
							<wp:postmeta>
		<wp:meta_key><![CDATA[valpa_no_homenaje_meta]]></wp:meta_key>
		<wp:meta_value><![CDATA[0020000116]]></wp:meta_value>
		</wp:postmeta>
							<wp:postmeta>
		<wp:meta_key><![CDATA[valpa_nacimiento_dia_meta]]></wp:meta_key>
		<wp:meta_value><![CDATA[13]]></wp:meta_value>
		</wp:postmeta>
							<wp:postmeta>
		<wp:meta_key><![CDATA[valpa_nacimiento_mes_meta]]></wp:meta_key>
		<wp:meta_value><![CDATA[06]]></wp:meta_value>
		</wp:postmeta>
							<wp:postmeta>
		<wp:meta_key><![CDATA[valpa_nacimiento_ano_meta]]></wp:meta_key>
		<wp:meta_value><![CDATA[1966]]></wp:meta_value>
		</wp:postmeta>
							<wp:postmeta>
		<wp:meta_key><![CDATA[post_views_count]]></wp:meta_key>
		<wp:meta_value><![CDATA[45]]></wp:meta_value>
		</wp:postmeta>
							</item>
					<item>
		<title><![CDATA[Carmen PatiÃ±o PeÃ±a]]></title>
		<link>http://localhost/sass-wp/obituario/carmen-patino-pena/</link>
		<pubDate>Wed, 13 May 2020 00:00:16 +0000</pubDate>
		<dc:creator><![CDATA[webmaster]]></dc:creator>
		<guid isPermaLink="false">http://valparaiso.com.mx/?post_type=valpa_obituario_pt&#038;p=427</guid>
		<description></description>
		<content:encoded><![CDATA[]]></content:encoded>
		<excerpt:encoded><![CDATA[]]></excerpt:encoded>
		<wp:post_id>427</wp:post_id>
		<wp:post_date><![CDATA[2020-05-13 00:00:16]]></wp:post_date>
		<wp:post_date_gmt><![CDATA[2020-05-13 00:00:16]]></wp:post_date_gmt>
		<wp:post_modified><![CDATA[2020-05-13 00:00:16]]></wp:post_modified>
		<wp:post_modified_gmt><![CDATA[2020-05-13 00:00:16]]></wp:post_modified_gmt>
		<wp:comment_status><![CDATA[open]]></wp:comment_status>
		<wp:ping_status><![CDATA[closed]]></wp:ping_status>
		<wp:post_name><![CDATA[carmen-patino-pena]]></wp:post_name>
		<wp:status><![CDATA[publish]]></wp:status>
		<wp:post_parent>0</wp:post_parent>
		<wp:menu_order>0</wp:menu_order>
		<wp:post_type><![CDATA[valpa_obituario_pt]]></wp:post_type>
		<wp:post_password><![CDATA[]]></wp:post_password>
		<wp:is_sticky>0</wp:is_sticky>
														<wp:postmeta>
		<wp:meta_key><![CDATA[_wp_old_date]]></wp:meta_key>
		<wp:meta_value><![CDATA[2020-08-27]]></wp:meta_value>
		</wp:postmeta>
							<wp:postmeta>
		<wp:meta_key><![CDATA[valpa_no_homenaje_meta]]></wp:meta_key>
		<wp:meta_value><![CDATA[0020000117]]></wp:meta_value>
		</wp:postmeta>
							<wp:postmeta>
		<wp:meta_key><![CDATA[valpa_nacimiento_dia_meta]]></wp:meta_key>
		<wp:meta_value><![CDATA[05]]></wp:meta_value>
		</wp:postmeta>
							<wp:postmeta>
		<wp:meta_key><![CDATA[valpa_nacimiento_mes_meta]]></wp:meta_key>
		<wp:meta_value><![CDATA[08]]></wp:meta_value>
		</wp:postmeta>
							<wp:postmeta>
		<wp:meta_key><![CDATA[valpa_nacimiento_ano_meta]]></wp:meta_key>
		<wp:meta_value><![CDATA[1954]]></wp:meta_value>
		</wp:postmeta>
							<wp:postmeta>
		<wp:meta_key><![CDATA[post_views_count]]></wp:meta_key>
		<wp:meta_value><![CDATA[61]]></wp:meta_value>
		</wp:postmeta>
							</item>
					<item>
		<title><![CDATA[David Reyes Hernandez]]></title>
		<link>http://localhost/sass-wp/obituario/david-reyes-hernandez/</link>
		<pubDate>Thu, 14 May 2020 00:00:53 +0000</pubDate>
		<dc:creator><![CDATA[webmaster]]></dc:creator>
		<guid isPermaLink="false">http://valparaiso.com.mx/?post_type=valpa_obituario_pt&#038;p=429</guid>
		<description></description>
		<content:encoded><![CDATA[<img class="alignnone size-full wp-image-1595" src="http://valparaiso.com.mx/wp-content/uploads/2020/05/WhatsApp-Image-2020-08-14-at-3.30.15-PM-2.jpeg" alt="" width="648" height="1152" /> <img class="alignnone size-medium wp-image-1596" src="http://valparaiso.com.mx/wp-content/uploads/2020/05/WhatsApp-Image-2020-08-14-at-3.30.15-PM-4.jpeg" alt="" width="300" height="225" /> <img class="alignnone size-medium wp-image-1597" src="http://valparaiso.com.mx/wp-content/uploads/2020/05/WhatsApp-Image-2020-08-14-at-3.30.15-PM.jpeg" alt="" width="300" height="225" /> <img class="alignnone size-medium wp-image-1598" src="http://valparaiso.com.mx/wp-content/uploads/2020/05/WhatsApp-Image-2020-08-14-at-3.30.16-PM-1.jpeg" alt="" width="300" height="225" /> <img class="alignnone size-medium wp-image-1599" src="http://valparaiso.com.mx/wp-content/uploads/2020/05/WhatsApp-Image-2020-08-14-at-3.30.16-PM-2.jpeg" alt="" width="300" height="225" /> <img class="alignnone size-medium wp-image-1600" src="http://valparaiso.com.mx/wp-content/uploads/2020/05/WhatsApp-Image-2020-08-14-at-3.30.16-PM-3.jpeg" alt="" width="300" height="225" /> <img class="alignnone size-medium wp-image-1601" src="http://valparaiso.com.mx/wp-content/uploads/2020/05/WhatsApp-Image-2020-08-14-at-3.30.16-PM-4.jpeg" alt="" width="300" height="225" /> <img class="alignnone size-medium wp-image-1602" src="http://valparaiso.com.mx/wp-content/uploads/2020/05/WhatsApp-Image-2020-08-14-at-3.30.16-PM.jpeg" alt="" width="300" height="225" /> <img class="alignnone size-medium wp-image-1603" src="http://valparaiso.com.mx/wp-content/uploads/2020/05/WhatsApp-Image-2020-08-14-at-10.11.31-PM-12.jpeg" alt="" width="300" height="225" /> <img class="alignnone size-medium wp-image-1604" src="http://valparaiso.com.mx/wp-content/uploads/2020/05/1.jpeg" alt="" width="300" height="225" /> <img class="alignnone size-medium wp-image-1605" src="http://valparaiso.com.mx/wp-content/uploads/2020/05/2.jpeg" alt="" width="225" height="300" /> <img class="alignnone size-medium wp-image-1606" src="http://valparaiso.com.mx/wp-content/uploads/2020/05/3.jpeg" alt="" width="225" height="300" /> <img class="alignnone size-medium wp-image-1607" src="http://valparaiso.com.mx/wp-content/uploads/2020/05/4.jpeg" alt="" width="225" height="300" /> <img class="alignnone size-medium wp-image-1608" src="http://valparaiso.com.mx/wp-content/uploads/2020/05/5.jpeg" alt="" width="225" height="300" /> <img class="alignnone size-medium wp-image-1609" src="http://valparaiso.com.mx/wp-content/uploads/2020/05/6.jpeg" alt="" width="300" height="225" /> <img class="alignnone size-medium wp-image-1610" src="http://valparaiso.com.mx/wp-content/uploads/2020/05/7.jpeg" alt="" width="300" height="225" /> <img class="alignnone size-medium wp-image-1611" src="http://valparaiso.com.mx/wp-content/uploads/2020/05/8.jpeg" alt="" width="300" height="225" /> <img class="alignnone size-medium wp-image-1612" src="http://valparaiso.com.mx/wp-content/uploads/2020/05/9.jpeg" alt="" width="225" height="300" /> <img class="alignnone size-medium wp-image-1613" src="http://valparaiso.com.mx/wp-content/uploads/2020/05/10.jpeg" alt="" width="225" height="300" /> <img class="alignnone size-medium wp-image-1614" src="http://valparaiso.com.mx/wp-content/uploads/2020/05/11.jpeg" alt="" width="300" height="225" /> <img class="alignnone size-medium wp-image-1615" src="http://valparaiso.com.mx/wp-content/uploads/2020/05/12.jpeg" alt="" width="300" height="225" /> <img class="alignnone size-medium wp-image-1616" src="http://valparaiso.com.mx/wp-content/uploads/2020/05/13.jpeg" alt="" width="300" height="226" /> <img class="alignnone size-medium wp-image-1617" src="http://valparaiso.com.mx/wp-content/uploads/2020/05/14.jpeg" alt="" width="300" height="135" /> <img class="alignnone size-medium wp-image-1618" src="http://valparaiso.com.mx/wp-content/uploads/2020/05/15.jpeg" alt="" width="300" height="225" />]]></content:encoded>
		<excerpt:encoded><![CDATA[]]></excerpt:encoded>
		<wp:post_id>429</wp:post_id>
		<wp:post_date><![CDATA[2020-05-14 00:00:53]]></wp:post_date>
		<wp:post_date_gmt><![CDATA[2020-05-14 00:00:53]]></wp:post_date_gmt>
		<wp:post_modified><![CDATA[2020-05-14 00:00:53]]></wp:post_modified>
		<wp:post_modified_gmt><![CDATA[2020-05-14 00:00:53]]></wp:post_modified_gmt>
		<wp:comment_status><![CDATA[open]]></wp:comment_status>
		<wp:ping_status><![CDATA[closed]]></wp:ping_status>
		<wp:post_name><![CDATA[david-reyes-hernandez]]></wp:post_name>
		<wp:status><![CDATA[publish]]></wp:status>
		<wp:post_parent>0</wp:post_parent>
		<wp:menu_order>0</wp:menu_order>
		<wp:post_type><![CDATA[valpa_obituario_pt]]></wp:post_type>
		<wp:post_password><![CDATA[]]></wp:post_password>
		<wp:is_sticky>0</wp:is_sticky>
														<wp:postmeta>
		<wp:meta_key><![CDATA[_wp_old_date]]></wp:meta_key>
		<wp:meta_value><![CDATA[2020-08-27]]></wp:meta_value>
		</wp:postmeta>
							<wp:postmeta>
		<wp:meta_key><![CDATA[valpa_no_homenaje_meta]]></wp:meta_key>
		<wp:meta_value><![CDATA[0020000119]]></wp:meta_value>
		</wp:postmeta>
							<wp:postmeta>
		<wp:meta_key><![CDATA[valpa_nacimiento_dia_meta]]></wp:meta_key>
		<wp:meta_value><![CDATA[29]]></wp:meta_value>
		</wp:postmeta>
							<wp:postmeta>
		<wp:meta_key><![CDATA[valpa_nacimiento_mes_meta]]></wp:meta_key>
		<wp:meta_value><![CDATA[12]]></wp:meta_value>
		</wp:postmeta>
							<wp:postmeta>
		<wp:meta_key><![CDATA[valpa_nacimiento_ano_meta]]></wp:meta_key>
		<wp:meta_value><![CDATA[1965]]></wp:meta_value>
		</wp:postmeta>
							<wp:postmeta>
		<wp:meta_key><![CDATA[post_views_count]]></wp:meta_key>
		<wp:meta_value><![CDATA[62]]></wp:meta_value>
		</wp:postmeta>
							</item>
					<item>
		<title><![CDATA[Erick Jijon Jimenez]]></title>
		<link>http://localhost/sass-wp/obituario/erick-jijon-jimenez/</link>
		<pubDate>Thu, 14 May 2020 00:00:33 +0000</pubDate>
		<dc:creator><![CDATA[webmaster]]></dc:creator>
		<guid isPermaLink="false">http://valparaiso.com.mx/?post_type=valpa_obituario_pt&#038;p=430</guid>
		<description></description>
		<content:encoded><![CDATA[]]></content:encoded>
		<excerpt:encoded><![CDATA[]]></excerpt:encoded>
		<wp:post_id>430</wp:post_id>
		<wp:post_date><![CDATA[2020-05-14 00:00:33]]></wp:post_date>
		<wp:post_date_gmt><![CDATA[2020-05-14 00:00:33]]></wp:post_date_gmt>
		<wp:post_modified><![CDATA[2020-05-14 00:00:33]]></wp:post_modified>
		<wp:post_modified_gmt><![CDATA[2020-05-14 00:00:33]]></wp:post_modified_gmt>
		<wp:comment_status><![CDATA[open]]></wp:comment_status>
		<wp:ping_status><![CDATA[closed]]></wp:ping_status>
		<wp:post_name><![CDATA[erick-jijon-jimenez]]></wp:post_name>
		<wp:status><![CDATA[publish]]></wp:status>
		<wp:post_parent>0</wp:post_parent>
		<wp:menu_order>0</wp:menu_order>
		<wp:post_type><![CDATA[valpa_obituario_pt]]></wp:post_type>
		<wp:post_password><![CDATA[]]></wp:post_password>
		<wp:is_sticky>0</wp:is_sticky>
														<wp:postmeta>
		<wp:meta_key><![CDATA[_wp_old_date]]></wp:meta_key>
		<wp:meta_value><![CDATA[2020-08-27]]></wp:meta_value>
		</wp:postmeta>
							<wp:postmeta>
		<wp:meta_key><![CDATA[valpa_no_homenaje_meta]]></wp:meta_key>
		<wp:meta_value><![CDATA[0020000120]]></wp:meta_value>
		</wp:postmeta>
							<wp:postmeta>
		<wp:meta_key><![CDATA[valpa_nacimiento_dia_meta]]></wp:meta_key>
		<wp:meta_value><![CDATA[12]]></wp:meta_value>
		</wp:postmeta>
							<wp:postmeta>
		<wp:meta_key><![CDATA[valpa_nacimiento_mes_meta]]></wp:meta_key>
		<wp:meta_value><![CDATA[12]]></wp:meta_value>
		</wp:postmeta>
							<wp:postmeta>
		<wp:meta_key><![CDATA[valpa_nacimiento_ano_meta]]></wp:meta_key>
		<wp:meta_value><![CDATA[1991]]></wp:meta_value>
		</wp:postmeta>
							<wp:postmeta>
		<wp:meta_key><![CDATA[post_views_count]]></wp:meta_key>
		<wp:meta_value><![CDATA[37]]></wp:meta_value>
		</wp:postmeta>
							</item>
					<item>
		<title><![CDATA[Oscar Ramirez Torres]]></title>
		<link>http://localhost/sass-wp/obituario/oscar-ramirez-torres/</link>
		<pubDate>Thu, 14 May 2020 00:00:11 +0000</pubDate>
		<dc:creator><![CDATA[webmaster]]></dc:creator>
		<guid isPermaLink="false">http://valparaiso.com.mx/?post_type=valpa_obituario_pt&#038;p=431</guid>
		<description></description>
		<content:encoded><![CDATA[A pesar de no estar presente en cuerpo, tÃº estarÃ¡s con nosotros por siempre en nuestros corazones.]]></content:encoded>
		<excerpt:encoded><![CDATA[]]></excerpt:encoded>
		<wp:post_id>431</wp:post_id>
		<wp:post_date><![CDATA[2020-05-14 00:00:11]]></wp:post_date>
		<wp:post_date_gmt><![CDATA[2020-05-14 00:00:11]]></wp:post_date_gmt>
		<wp:post_modified><![CDATA[2020-05-14 00:00:11]]></wp:post_modified>
		<wp:post_modified_gmt><![CDATA[2020-05-14 00:00:11]]></wp:post_modified_gmt>
		<wp:comment_status><![CDATA[open]]></wp:comment_status>
		<wp:ping_status><![CDATA[closed]]></wp:ping_status>
		<wp:post_name><![CDATA[oscar-ramirez-torres]]></wp:post_name>
		<wp:status><![CDATA[publish]]></wp:status>
		<wp:post_parent>0</wp:post_parent>
		<wp:menu_order>0</wp:menu_order>
		<wp:post_type><![CDATA[valpa_obituario_pt]]></wp:post_type>
		<wp:post_password><![CDATA[]]></wp:post_password>
		<wp:is_sticky>0</wp:is_sticky>
														<wp:postmeta>
		<wp:meta_key><![CDATA[_edit_last]]></wp:meta_key>
		<wp:meta_value><![CDATA[1]]></wp:meta_value>
		</wp:postmeta>
							<wp:postmeta>
		<wp:meta_key><![CDATA[_wp_old_date]]></wp:meta_key>
		<wp:meta_value><![CDATA[2020-08-27]]></wp:meta_value>
		</wp:postmeta>
							<wp:postmeta>
		<wp:meta_key><![CDATA[valpa_no_homenaje_meta]]></wp:meta_key>
		<wp:meta_value><![CDATA[0020000121]]></wp:meta_value>
		</wp:postmeta>
							<wp:postmeta>
		<wp:meta_key><![CDATA[valpa_nacimiento_dia_meta]]></wp:meta_key>
		<wp:meta_value><![CDATA[22]]></wp:meta_value>
		</wp:postmeta>
							<wp:postmeta>
		<wp:meta_key><![CDATA[valpa_nacimiento_mes_meta]]></wp:meta_key>
		<wp:meta_value><![CDATA[10]]></wp:meta_value>
		</wp:postmeta>
							<wp:postmeta>
		<wp:meta_key><![CDATA[valpa_nacimiento_ano_meta]]></wp:meta_key>
		<wp:meta_value><![CDATA[1988]]></wp:meta_value>
		</wp:postmeta>
							<wp:postmeta>
		<wp:meta_key><![CDATA[post_views_count]]></wp:meta_key>
		<wp:meta_value><![CDATA[368]]></wp:meta_value>
		</wp:postmeta>
							<wp:postmeta>
		<wp:meta_key><![CDATA[_thumbnail_id]]></wp:meta_key>
		<wp:meta_value><![CDATA[4013]]></wp:meta_value>
		</wp:postmeta>
							<wp:postmeta>
		<wp:meta_key><![CDATA[sucursal_relacionada_meta]]></wp:meta_key>
		<wp:meta_value><![CDATA[a:1:{i:0;s:2:"22";}]]></wp:meta_value>
		</wp:postmeta>
							<wp:postmeta>
		<wp:meta_key><![CDATA[servicio_relacionado_meta]]></wp:meta_key>
		<wp:meta_value><![CDATA[a:1:{i:0;s:9:"Domicilio";}]]></wp:meta_value>
		</wp:postmeta>
							<wp:postmeta>
		<wp:meta_key><![CDATA[num_velas_meta]]></wp:meta_key>
		<wp:meta_value><![CDATA[9]]></wp:meta_value>
		</wp:postmeta>
							<wp:postmeta>
		<wp:meta_key><![CDATA[num_recuerdos_meta]]></wp:meta_key>
		<wp:meta_value><![CDATA[3]]></wp:meta_value>
		</wp:postmeta>
							</item>
					<item>
		<title><![CDATA[Juan Malvaez Tapia]]></title>
		<link>http://localhost/sass-wp/obituario/juan-malvaez-tapia/</link>
		<pubDate>Fri, 15 May 2020 00:00:03 +0000</pubDate>
		<dc:creator><![CDATA[webmaster]]></dc:creator>
		<guid isPermaLink="false">http://valparaiso.com.mx/?post_type=valpa_obituario_pt&#038;p=432</guid>
		<description></description>
		<content:encoded><![CDATA[<img class="alignnone size-full wp-image-1619" src="http://valparaiso.com.mx/wp-content/uploads/2020/05/WhatsApp-Image-2020-05-16-at-12.07.51-AM.jpeg" alt="" width="780" height="1040" /> <img class="alignnone size-medium wp-image-1620" src="http://valparaiso.com.mx/wp-content/uploads/2020/05/WhatsApp-Image-2020-05-16-at-12.07.52-AM-1.jpeg" alt="" width="300" height="142" /> <img class="alignnone size-medium wp-image-1621" src="http://valparaiso.com.mx/wp-content/uploads/2020/05/WhatsApp-Image-2020-05-16-at-12.07.52-AM.jpeg" alt="" width="300" height="169" /> <img class="alignnone size-medium wp-image-1622" src="http://valparaiso.com.mx/wp-content/uploads/2020/05/WhatsApp-Image-2020-05-16-at-12.07.53-AM-1.jpeg" alt="" width="169" height="300" /> <img class="alignnone size-medium wp-image-1623" src="http://valparaiso.com.mx/wp-content/uploads/2020/05/WhatsApp-Image-2020-05-16-at-12.07.53-AM.jpeg" alt="" width="225" height="300" /> <img class="alignnone size-medium wp-image-1624" src="http://valparaiso.com.mx/wp-content/uploads/2020/05/WhatsApp-Image-2020-05-16-at-12.07.55-AM.jpeg" alt="" width="169" height="300" /> <img class="alignnone size-medium wp-image-1625" src="http://valparaiso.com.mx/wp-content/uploads/2020/05/WhatsApp-Image-2020-05-16-at-12.11.12-AM.jpeg" alt="" width="225" height="300" /> <img class="alignnone size-medium wp-image-1626" src="http://valparaiso.com.mx/wp-content/uploads/2020/05/WhatsApp-Image-2020-05-16-at-12.11.13-AM.jpeg" alt="" width="225" height="300" /> <img class="alignnone size-medium wp-image-1627" src="http://valparaiso.com.mx/wp-content/uploads/2020/05/WhatsApp-Image-2020-05-16-at-12.11.14-AM.jpeg" alt="" width="300" height="142" /> <img class="alignnone size-medium wp-image-1628" src="http://valparaiso.com.mx/wp-content/uploads/2020/05/WhatsApp-Image-2020-05-16-at-12.11.15-AM-1.jpeg" alt="" width="300" height="300" /> <img class="alignnone size-medium wp-image-1629" src="http://valparaiso.com.mx/wp-content/uploads/2020/05/WhatsApp-Image-2020-05-16-at-12.11.15-AM-2.jpeg" alt="" width="225" height="300" /> <img class="alignnone size-medium wp-image-1630" src="http://valparaiso.com.mx/wp-content/uploads/2020/05/WhatsApp-Image-2020-05-16-at-12.11.15-AM.jpeg" alt="" width="169" height="300" /> <img class="alignnone size-medium wp-image-1631" src="http://valparaiso.com.mx/wp-content/uploads/2020/05/WhatsApp-Image-2020-05-16-at-12.11.16-AM-1.jpeg" alt="" width="225" height="300" /> <img class="alignnone size-medium wp-image-1632" src="http://valparaiso.com.mx/wp-content/uploads/2020/05/WhatsApp-Image-2020-05-16-at-12.11.16-AM.jpeg" alt="" width="225" height="300" /> <img class="alignnone size-medium wp-image-1633" src="http://valparaiso.com.mx/wp-content/uploads/2020/05/WhatsApp-Image-2020-05-16-at-12.11.17-AM.jpeg" alt="" width="169" height="300" /> <img class="alignnone size-medium wp-image-1634" src="http://valparaiso.com.mx/wp-content/uploads/2020/05/WhatsApp-Image-2020-05-15-at-11.53.26-PM.jpeg" alt="" width="300" height="142" /> <img class="alignnone size-medium wp-image-1635" src="http://valparaiso.com.mx/wp-content/uploads/2020/05/WhatsApp-Image-2020-05-15-at-11.53.27-PM-1.jpeg" alt="" width="300" height="142" /> <img class="alignnone size-medium wp-image-1636" src="http://valparaiso.com.mx/wp-content/uploads/2020/05/WhatsApp-Image-2020-05-15-at-11.53.27-PM-2.jpeg" alt="" width="142" height="300" /> <img class="alignnone size-medium wp-image-1637" src="http://valparaiso.com.mx/wp-content/uploads/2020/05/WhatsApp-Image-2020-05-15-at-11.53.27-PM.jpeg" alt="" width="300" height="142" /> <img class="alignnone size-medium wp-image-1638" src="http://valparaiso.com.mx/wp-content/uploads/2020/05/WhatsApp-Image-2020-05-15-at-11.53.28-PM.jpeg" alt="" width="300" height="225" /> <img class="alignnone size-medium wp-image-1639" src="http://valparaiso.com.mx/wp-content/uploads/2020/05/WhatsApp-Image-2020-05-15-at-11.53.29-PM-1.jpeg" alt="" width="142" height="300" /> <img class="alignnone size-medium wp-image-1640" src="http://valparaiso.com.mx/wp-content/uploads/2020/05/WhatsApp-Image-2020-05-15-at-11.53.29-PM.jpeg" alt="" width="142" height="300" /> <img class="alignnone size-medium wp-image-1641" src="http://valparaiso.com.mx/wp-content/uploads/2020/05/WhatsApp-Image-2020-05-15-at-11.53.30-PM-1.jpeg" alt="" width="300" height="142" /> <img class="alignnone size-medium wp-image-1642" src="http://valparaiso.com.mx/wp-content/uploads/2020/05/WhatsApp-Image-2020-05-15-at-11.53.30-PM.jpeg" alt="" width="142" height="300" /> <img class="alignnone size-medium wp-image-1643" src="http://valparaiso.com.mx/wp-content/uploads/2020/05/WhatsApp-Image-2020-05-15-at-11.53.31-PM-1.jpeg" alt="" width="300" height="169" /> <img class="alignnone size-medium wp-image-1644" src="http://valparaiso.com.mx/wp-content/uploads/2020/05/WhatsApp-Image-2020-05-15-at-11.53.31-PM-2.jpeg" alt="" width="300" height="196" /> <img class="alignnone size-medium wp-image-1645" src="http://valparaiso.com.mx/wp-content/uploads/2020/05/WhatsApp-Image-2020-05-15-at-11.53.31-PM.jpeg" alt="" width="142" height="300" /> <img class="alignnone size-medium wp-image-1646" src="http://valparaiso.com.mx/wp-content/uploads/2020/05/WhatsApp-Image-2020-05-15-at-11.53.32-PM.jpeg" alt="" width="142" height="300" /> <img class="alignnone size-medium wp-image-1647" src="http://valparaiso.com.mx/wp-content/uploads/2020/05/WhatsApp-Image-2020-05-15-at-11.53.33-PM-1.jpeg" alt="" width="300" height="142" /> <img class="alignnone size-medium wp-image-1648" src="http://valparaiso.com.mx/wp-content/uploads/2020/05/WhatsApp-Image-2020-05-15-at-11.53.33-PM.jpeg" alt="" width="300" height="142" /> <img class="alignnone size-medium wp-image-1649" src="http://valparaiso.com.mx/wp-content/uploads/2020/05/WhatsApp-Image-2020-05-15-at-11.53.34-PM.jpeg" alt="" width="142" height="300" /> <img class="alignnone size-medium wp-image-1650" src="http://valparaiso.com.mx/wp-content/uploads/2020/05/WhatsApp-Image-2020-05-16-at-12.04.46-AM-1.jpeg" alt="" width="225" height="300" /> <img class="alignnone size-medium wp-image-1651" src="http://valparaiso.com.mx/wp-content/uploads/2020/05/WhatsApp-Image-2020-05-16-at-12.04.46-AM.jpeg" alt="" width="225" height="300" /> <img class="alignnone size-medium wp-image-1652" src="http://valparaiso.com.mx/wp-content/uploads/2020/05/WhatsApp-Image-2020-05-16-at-12.04.47-AM-1.jpeg" alt="" width="300" height="181" /> <img class="alignnone size-medium wp-image-1653" src="http://valparaiso.com.mx/wp-content/uploads/2020/05/WhatsApp-Image-2020-05-16-at-12.04.47-AM.jpeg" alt="" width="300" height="181" /> <img class="alignnone size-medium wp-image-1654" src="http://valparaiso.com.mx/wp-content/uploads/2020/05/WhatsApp-Image-2020-05-16-at-12.04.48-AM.jpeg" alt="" width="300" height="225" /> <img class="alignnone size-medium wp-image-1655" src="http://valparaiso.com.mx/wp-content/uploads/2020/05/WhatsApp-Image-2020-05-16-at-12.04.49-AM.jpeg" alt="" width="300" height="178" /> <img class="alignnone size-medium wp-image-1656" src="http://valparaiso.com.mx/wp-content/uploads/2020/05/WhatsApp-Image-2020-05-16-at-12.04.50-AM.jpeg" alt="" width="225" height="300" /> <img class="alignnone size-medium wp-image-1657" src="http://valparaiso.com.mx/wp-content/uploads/2020/05/WhatsApp-Image-2020-05-16-at-12.04.51-AM-1.jpeg" alt="" width="169" height="300" /> <img class="alignnone size-medium wp-image-1658" src="http://valparaiso.com.mx/wp-content/uploads/2020/05/WhatsApp-Image-2020-05-16-at-12.04.51-AM.jpeg" alt="" width="300" height="200" /> <img class="alignnone size-medium wp-image-1659" src="http://valparaiso.com.mx/wp-content/uploads/2020/05/WhatsApp-Image-2020-05-16-at-12.04.52-AM-1.jpeg" alt="" width="169" height="300" /> <img class="alignnone size-medium wp-image-1660" src="http://valparaiso.com.mx/wp-content/uploads/2020/05/WhatsApp-Image-2020-05-16-at-12.04.52-AM.jpeg" alt="" width="300" height="169" /> <img class="alignnone size-medium wp-image-1661" src="http://valparaiso.com.mx/wp-content/uploads/2020/05/WhatsApp-Image-2020-05-16-at-12.07.44-AM.jpeg" alt="" width="300" height="169" /> <img class="alignnone size-medium wp-image-1662" src="http://valparaiso.com.mx/wp-content/uploads/2020/05/WhatsApp-Image-2020-05-16-at-12.07.45-AM.jpeg" alt="" width="300" height="142" /> <img class="alignnone size-medium wp-image-1663" src="http://valparaiso.com.mx/wp-content/uploads/2020/05/WhatsApp-Image-2020-05-16-at-12.07.47-AM-1.jpeg" alt="" width="300" height="169" /> <img class="alignnone size-medium wp-image-1664" src="http://valparaiso.com.mx/wp-content/uploads/2020/05/WhatsApp-Image-2020-05-16-at-12.07.47-AM.jpeg" alt="" width="300" height="199" /> <img class="alignnone size-medium wp-image-1665" src="http://valparaiso.com.mx/wp-content/uploads/2020/05/WhatsApp-Image-2020-05-16-at-12.07.48-AM-1.jpeg" alt="" width="300" height="142" /> <img class="alignnone size-medium wp-image-1666" src="http://valparaiso.com.mx/wp-content/uploads/2020/05/WhatsApp-Image-2020-05-16-at-12.07.48-AM-2.jpeg" alt="" width="225" height="300" /> <img class="alignnone size-medium wp-image-1667" src="http://valparaiso.com.mx/wp-content/uploads/2020/05/WhatsApp-Image-2020-05-16-at-12.07.48-AM.jpeg" alt="" width="300" height="169" /> <img class="alignnone size-medium wp-image-1668" src="http://valparaiso.com.mx/wp-content/uploads/2020/05/WhatsApp-Image-2020-05-16-at-12.07.49-AM.jpeg" alt="" width="300" height="142" />]]></content:encoded>
		<excerpt:encoded><![CDATA[]]></excerpt:encoded>
		<wp:post_id>432</wp:post_id>
		<wp:post_date><![CDATA[2020-05-15 00:00:03]]></wp:post_date>
		<wp:post_date_gmt><![CDATA[2020-05-15 00:00:03]]></wp:post_date_gmt>
		<wp:post_modified><![CDATA[2020-05-15 00:00:03]]></wp:post_modified>
		<wp:post_modified_gmt><![CDATA[2020-05-15 00:00:03]]></wp:post_modified_gmt>
		<wp:comment_status><![CDATA[open]]></wp:comment_status>
		<wp:ping_status><![CDATA[closed]]></wp:ping_status>
		<wp:post_name><![CDATA[juan-malvaez-tapia]]></wp:post_name>
		<wp:status><![CDATA[publish]]></wp:status>
		<wp:post_parent>0</wp:post_parent>
		<wp:menu_order>0</wp:menu_order>
		<wp:post_type><![CDATA[valpa_obituario_pt]]></wp:post_type>
		<wp:post_password><![CDATA[]]></wp:post_password>
		<wp:is_sticky>0</wp:is_sticky>
														<wp:postmeta>
		<wp:meta_key><![CDATA[_wp_old_date]]></wp:meta_key>
		<wp:meta_value><![CDATA[2020-08-27]]></wp:meta_value>
		</wp:postmeta>
							<wp:postmeta>
		<wp:meta_key><![CDATA[valpa_no_homenaje_meta]]></wp:meta_key>
		<wp:meta_value><![CDATA[0020000122]]></wp:meta_value>
		</wp:postmeta>
							<wp:postmeta>
		<wp:meta_key><![CDATA[valpa_nacimiento_dia_meta]]></wp:meta_key>
		<wp:meta_value><![CDATA[21]]></wp:meta_value>
		</wp:postmeta>
							<wp:postmeta>
		<wp:meta_key><![CDATA[valpa_nacimiento_mes_meta]]></wp:meta_key>
		<wp:meta_value><![CDATA[12]]></wp:meta_value>
		</wp:postmeta>
							<wp:postmeta>
		<wp:meta_key><![CDATA[valpa_nacimiento_ano_meta]]></wp:meta_key>
		<wp:meta_value><![CDATA[1952]]></wp:meta_value>
		</wp:postmeta>
							<wp:postmeta>
		<wp:meta_key><![CDATA[post_views_count]]></wp:meta_key>
		<wp:meta_value><![CDATA[52]]></wp:meta_value>
		</wp:postmeta>
							</item>
					<item>
		<title><![CDATA[Juan Manuel Mejia Hernandez]]></title>
		<link>http://localhost/sass-wp/obituario/juan-manuel-mejia-hernandez/</link>
		<pubDate>Fri, 15 May 2020 00:00:48 +0000</pubDate>
		<dc:creator><![CDATA[webmaster]]></dc:creator>
		<guid isPermaLink="false">http://valparaiso.com.mx/?post_type=valpa_obituario_pt&#038;p=433</guid>
		<description></description>
		<content:encoded><![CDATA[]]></content:encoded>
		<excerpt:encoded><![CDATA[]]></excerpt:encoded>
		<wp:post_id>433</wp:post_id>
		<wp:post_date><![CDATA[2020-05-15 00:00:48]]></wp:post_date>
		<wp:post_date_gmt><![CDATA[2020-05-15 00:00:48]]></wp:post_date_gmt>
		<wp:post_modified><![CDATA[2020-05-15 00:00:48]]></wp:post_modified>
		<wp:post_modified_gmt><![CDATA[2020-05-15 00:00:48]]></wp:post_modified_gmt>
		<wp:comment_status><![CDATA[open]]></wp:comment_status>
		<wp:ping_status><![CDATA[closed]]></wp:ping_status>
		<wp:post_name><![CDATA[juan-manuel-mejia-hernandez]]></wp:post_name>
		<wp:status><![CDATA[publish]]></wp:status>
		<wp:post_parent>0</wp:post_parent>
		<wp:menu_order>0</wp:menu_order>
		<wp:post_type><![CDATA[valpa_obituario_pt]]></wp:post_type>
		<wp:post_password><![CDATA[]]></wp:post_password>
		<wp:is_sticky>0</wp:is_sticky>
														<wp:postmeta>
		<wp:meta_key><![CDATA[_wp_old_date]]></wp:meta_key>
		<wp:meta_value><![CDATA[2020-08-27]]></wp:meta_value>
		</wp:postmeta>
							<wp:postmeta>
		<wp:meta_key><![CDATA[valpa_no_homenaje_meta]]></wp:meta_key>
		<wp:meta_value><![CDATA[0020000123]]></wp:meta_value>
		</wp:postmeta>
							<wp:postmeta>
		<wp:meta_key><![CDATA[valpa_nacimiento_dia_meta]]></wp:meta_key>
		<wp:meta_value><![CDATA[06]]></wp:meta_value>
		</wp:postmeta>
							<wp:postmeta>
		<wp:meta_key><![CDATA[valpa_nacimiento_mes_meta]]></wp:meta_key>
		<wp:meta_value><![CDATA[06]]></wp:meta_value>
		</wp:postmeta>
							<wp:postmeta>
		<wp:meta_key><![CDATA[valpa_nacimiento_ano_meta]]></wp:meta_key>
		<wp:meta_value><![CDATA[1963]]></wp:meta_value>
		</wp:postmeta>
							<wp:postmeta>
		<wp:meta_key><![CDATA[post_views_count]]></wp:meta_key>
		<wp:meta_value><![CDATA[77]]></wp:meta_value>
		</wp:postmeta>
							</item>
					<item>
		<title><![CDATA[Tereso Gonzalez Jesus]]></title>
		<link>http://localhost/sass-wp/obituario/tereso-gonzalez-jesus/</link>
		<pubDate>Sun, 03 May 2020 00:00:23 +0000</pubDate>
		<dc:creator><![CDATA[webmaster]]></dc:creator>
		<guid isPermaLink="false">http://valparaiso.com.mx/?post_type=valpa_obituario_pt&#038;p=489</guid>
		<description></description>
		<content:encoded><![CDATA[]]></content:encoded>
		<excerpt:encoded><![CDATA[]]></excerpt:encoded>
		<wp:post_id>489</wp:post_id>
		<wp:post_date><![CDATA[2020-05-03 00:00:23]]></wp:post_date>
		<wp:post_date_gmt><![CDATA[2020-05-03 00:00:23]]></wp:post_date_gmt>
		<wp:post_modified><![CDATA[2020-05-03 00:00:23]]></wp:post_modified>
		<wp:post_modified_gmt><![CDATA[2020-05-03 00:00:23]]></wp:post_modified_gmt>
		<wp:comment_status><![CDATA[open]]></wp:comment_status>
		<wp:ping_status><![CDATA[closed]]></wp:ping_status>
		<wp:post_name><![CDATA[tereso-gonzalez-jesus]]></wp:post_name>
		<wp:status><![CDATA[publish]]></wp:status>
		<wp:post_parent>0</wp:post_parent>
		<wp:menu_order>0</wp:menu_order>
		<wp:post_type><![CDATA[valpa_obituario_pt]]></wp:post_type>
		<wp:post_password><![CDATA[]]></wp:post_password>
		<wp:is_sticky>0</wp:is_sticky>
														<wp:postmeta>
		<wp:meta_key><![CDATA[_wp_old_date]]></wp:meta_key>
		<wp:meta_value><![CDATA[2020-08-27]]></wp:meta_value>
		</wp:postmeta>
							<wp:postmeta>
		<wp:meta_key><![CDATA[valpa_no_homenaje_meta]]></wp:meta_key>
		<wp:meta_value><![CDATA[0020000174]]></wp:meta_value>
		</wp:postmeta>
							<wp:postmeta>
		<wp:meta_key><![CDATA[valpa_nacimiento_dia_meta]]></wp:meta_key>
		<wp:meta_value><![CDATA[15]]></wp:meta_value>
		</wp:postmeta>
							<wp:postmeta>
		<wp:meta_key><![CDATA[valpa_nacimiento_mes_meta]]></wp:meta_key>
		<wp:meta_value><![CDATA[05]]></wp:meta_value>
		</wp:postmeta>
							<wp:postmeta>
		<wp:meta_key><![CDATA[valpa_nacimiento_ano_meta]]></wp:meta_key>
		<wp:meta_value><![CDATA[1969]]></wp:meta_value>
		</wp:postmeta>
							<wp:postmeta>
		<wp:meta_key><![CDATA[post_views_count]]></wp:meta_key>
		<wp:meta_value><![CDATA[68]]></wp:meta_value>
		</wp:postmeta>
							</item>
					<item>
		<title><![CDATA[Efigenia Lopez Barojas]]></title>
		<link>http://localhost/sass-wp/obituario/efigenia-lopez-barojas/</link>
		<pubDate>Fri, 15 May 2020 00:00:49 +0000</pubDate>
		<dc:creator><![CDATA[webmaster]]></dc:creator>
		<guid isPermaLink="false">http://valparaiso.com.mx/?post_type=valpa_obituario_pt&#038;p=434</guid>
		<description></description>
		<content:encoded><![CDATA[]]></content:encoded>
		<excerpt:encoded><![CDATA[]]></excerpt:encoded>
		<wp:post_id>434</wp:post_id>
		<wp:post_date><![CDATA[2020-05-15 00:00:49]]></wp:post_date>
		<wp:post_date_gmt><![CDATA[2020-05-15 00:00:49]]></wp:post_date_gmt>
		<wp:post_modified><![CDATA[2020-05-15 00:00:49]]></wp:post_modified>
		<wp:post_modified_gmt><![CDATA[2020-05-15 00:00:49]]></wp:post_modified_gmt>
		<wp:comment_status><![CDATA[open]]></wp:comment_status>
		<wp:ping_status><![CDATA[closed]]></wp:ping_status>
		<wp:post_name><![CDATA[efigenia-lopez-barojas]]></wp:post_name>
		<wp:status><![CDATA[publish]]></wp:status>
		<wp:post_parent>0</wp:post_parent>
		<wp:menu_order>0</wp:menu_order>
		<wp:post_type><![CDATA[valpa_obituario_pt]]></wp:post_type>
		<wp:post_password><![CDATA[]]></wp:post_password>
		<wp:is_sticky>0</wp:is_sticky>
														<wp:postmeta>
		<wp:meta_key><![CDATA[_wp_old_date]]></wp:meta_key>
		<wp:meta_value><![CDATA[2020-08-27]]></wp:meta_value>
		</wp:postmeta>
							<wp:postmeta>
		<wp:meta_key><![CDATA[valpa_no_homenaje_meta]]></wp:meta_key>
		<wp:meta_value><![CDATA[0020000124]]></wp:meta_value>
		</wp:postmeta>
							<wp:postmeta>
		<wp:meta_key><![CDATA[valpa_nacimiento_dia_meta]]></wp:meta_key>
		<wp:meta_value><![CDATA[01]]></wp:meta_value>
		</wp:postmeta>
							<wp:postmeta>
		<wp:meta_key><![CDATA[valpa_nacimiento_mes_meta]]></wp:meta_key>
		<wp:meta_value><![CDATA[09]]></wp:meta_value>
		</wp:postmeta>
							<wp:postmeta>
		<wp:meta_key><![CDATA[valpa_nacimiento_ano_meta]]></wp:meta_key>
		<wp:meta_value><![CDATA[1932]]></wp:meta_value>
		</wp:postmeta>
							<wp:postmeta>
		<wp:meta_key><![CDATA[post_views_count]]></wp:meta_key>
		<wp:meta_value><![CDATA[42]]></wp:meta_value>
		</wp:postmeta>
							</item>
					<item>
		<title><![CDATA[Hortencia Arellano Salinas]]></title>
		<link>http://localhost/sass-wp/obituario/hortencia-arellano-salinas/</link>
		<pubDate>Sat, 16 May 2020 00:00:39 +0000</pubDate>
		<dc:creator><![CDATA[webmaster]]></dc:creator>
		<guid isPermaLink="false">http://valparaiso.com.mx/?post_type=valpa_obituario_pt&#038;p=435</guid>
		<description></description>
		<content:encoded><![CDATA[]]></content:encoded>
		<excerpt:encoded><![CDATA[]]></excerpt:encoded>
		<wp:post_id>435</wp:post_id>
		<wp:post_date><![CDATA[2020-05-16 00:00:39]]></wp:post_date>
		<wp:post_date_gmt><![CDATA[2020-05-16 00:00:39]]></wp:post_date_gmt>
		<wp:post_modified><![CDATA[2020-05-16 00:00:39]]></wp:post_modified>
		<wp:post_modified_gmt><![CDATA[2020-05-16 00:00:39]]></wp:post_modified_gmt>
		<wp:comment_status><![CDATA[open]]></wp:comment_status>
		<wp:ping_status><![CDATA[closed]]></wp:ping_status>
		<wp:post_name><![CDATA[hortencia-arellano-salinas]]></wp:post_name>
		<wp:status><![CDATA[publish]]></wp:status>
		<wp:post_parent>0</wp:post_parent>
		<wp:menu_order>0</wp:menu_order>
		<wp:post_type><![CDATA[valpa_obituario_pt]]></wp:post_type>
		<wp:post_password><![CDATA[]]></wp:post_password>
		<wp:is_sticky>0</wp:is_sticky>
														<wp:postmeta>
		<wp:meta_key><![CDATA[_wp_old_date]]></wp:meta_key>
		<wp:meta_value><![CDATA[2020-08-27]]></wp:meta_value>
		</wp:postmeta>
							<wp:postmeta>
		<wp:meta_key><![CDATA[valpa_no_homenaje_meta]]></wp:meta_key>
		<wp:meta_value><![CDATA[0020000125]]></wp:meta_value>
		</wp:postmeta>
							<wp:postmeta>
		<wp:meta_key><![CDATA[valpa_nacimiento_dia_meta]]></wp:meta_key>
		<wp:meta_value><![CDATA[]]></wp:meta_value>
		</wp:postmeta>
							<wp:postmeta>
		<wp:meta_key><![CDATA[valpa_nacimiento_mes_meta]]></wp:meta_key>
		<wp:meta_value><![CDATA[]]></wp:meta_value>
		</wp:postmeta>
							<wp:postmeta>
		<wp:meta_key><![CDATA[valpa_nacimiento_ano_meta]]></wp:meta_key>
		<wp:meta_value><![CDATA[]]></wp:meta_value>
		</wp:postmeta>
							<wp:postmeta>
		<wp:meta_key><![CDATA[post_views_count]]></wp:meta_key>
		<wp:meta_value><![CDATA[50]]></wp:meta_value>
		</wp:postmeta>
							</item>
					<item>
		<title><![CDATA[Paula Moreno OrdoÃ±es]]></title>
		<link>http://localhost/sass-wp/obituario/paula-moreno-ordones/</link>
		<pubDate>Sat, 16 May 2020 00:00:26 +0000</pubDate>
		<dc:creator><![CDATA[webmaster]]></dc:creator>
		<guid isPermaLink="false">http://valparaiso.com.mx/?post_type=valpa_obituario_pt&#038;p=436</guid>
		<description></description>
		<content:encoded><![CDATA[]]></content:encoded>
		<excerpt:encoded><![CDATA[]]></excerpt:encoded>
		<wp:post_id>436</wp:post_id>
		<wp:post_date><![CDATA[2020-05-16 00:00:26]]></wp:post_date>
		<wp:post_date_gmt><![CDATA[2020-05-16 00:00:26]]></wp:post_date_gmt>
		<wp:post_modified><![CDATA[2020-05-16 00:00:26]]></wp:post_modified>
		<wp:post_modified_gmt><![CDATA[2020-05-16 00:00:26]]></wp:post_modified_gmt>
		<wp:comment_status><![CDATA[open]]></wp:comment_status>
		<wp:ping_status><![CDATA[closed]]></wp:ping_status>
		<wp:post_name><![CDATA[paula-moreno-ordones]]></wp:post_name>
		<wp:status><![CDATA[publish]]></wp:status>
		<wp:post_parent>0</wp:post_parent>
		<wp:menu_order>0</wp:menu_order>
		<wp:post_type><![CDATA[valpa_obituario_pt]]></wp:post_type>
		<wp:post_password><![CDATA[]]></wp:post_password>
		<wp:is_sticky>0</wp:is_sticky>
														<wp:postmeta>
		<wp:meta_key><![CDATA[_wp_old_date]]></wp:meta_key>
		<wp:meta_value><![CDATA[2020-08-27]]></wp:meta_value>
		</wp:postmeta>
							<wp:postmeta>
		<wp:meta_key><![CDATA[valpa_no_homenaje_meta]]></wp:meta_key>
		<wp:meta_value><![CDATA[0020000126]]></wp:meta_value>
		</wp:postmeta>
							<wp:postmeta>
		<wp:meta_key><![CDATA[valpa_nacimiento_dia_meta]]></wp:meta_key>
		<wp:meta_value><![CDATA[]]></wp:meta_value>
		</wp:postmeta>
							<wp:postmeta>
		<wp:meta_key><![CDATA[valpa_nacimiento_mes_meta]]></wp:meta_key>
		<wp:meta_value><![CDATA[]]></wp:meta_value>
		</wp:postmeta>
							<wp:postmeta>
		<wp:meta_key><![CDATA[valpa_nacimiento_ano_meta]]></wp:meta_key>
		<wp:meta_value><![CDATA[]]></wp:meta_value>
		</wp:postmeta>
							<wp:postmeta>
		<wp:meta_key><![CDATA[post_views_count]]></wp:meta_key>
		<wp:meta_value><![CDATA[44]]></wp:meta_value>
		</wp:postmeta>
							</item>
					<item>
		<title><![CDATA[Gloria Reza Ocampo]]></title>
		<link>http://localhost/sass-wp/obituario/gloria-reza-ocampo/</link>
		<pubDate>Sun, 17 May 2020 00:00:33 +0000</pubDate>
		<dc:creator><![CDATA[webmaster]]></dc:creator>
		<guid isPermaLink="false">http://valparaiso.com.mx/?post_type=valpa_obituario_pt&#038;p=437</guid>
		<description></description>
		<content:encoded><![CDATA[]]></content:encoded>
		<excerpt:encoded><![CDATA[]]></excerpt:encoded>
		<wp:post_id>437</wp:post_id>
		<wp:post_date><![CDATA[2020-05-17 00:00:33]]></wp:post_date>
		<wp:post_date_gmt><![CDATA[2020-05-17 00:00:33]]></wp:post_date_gmt>
		<wp:post_modified><![CDATA[2020-05-17 00:00:33]]></wp:post_modified>
		<wp:post_modified_gmt><![CDATA[2020-05-17 00:00:33]]></wp:post_modified_gmt>
		<wp:comment_status><![CDATA[open]]></wp:comment_status>
		<wp:ping_status><![CDATA[closed]]></wp:ping_status>
		<wp:post_name><![CDATA[gloria-reza-ocampo]]></wp:post_name>
		<wp:status><![CDATA[publish]]></wp:status>
		<wp:post_parent>0</wp:post_parent>
		<wp:menu_order>0</wp:menu_order>
		<wp:post_type><![CDATA[valpa_obituario_pt]]></wp:post_type>
		<wp:post_password><![CDATA[]]></wp:post_password>
		<wp:is_sticky>0</wp:is_sticky>
														<wp:postmeta>
		<wp:meta_key><![CDATA[_wp_old_date]]></wp:meta_key>
		<wp:meta_value><![CDATA[2020-08-27]]></wp:meta_value>
		</wp:postmeta>
							<wp:postmeta>
		<wp:meta_key><![CDATA[valpa_no_homenaje_meta]]></wp:meta_key>
		<wp:meta_value><![CDATA[0020000127]]></wp:meta_value>
		</wp:postmeta>
							<wp:postmeta>
		<wp:meta_key><![CDATA[valpa_nacimiento_dia_meta]]></wp:meta_key>
		<wp:meta_value><![CDATA[25]]></wp:meta_value>
		</wp:postmeta>
							<wp:postmeta>
		<wp:meta_key><![CDATA[valpa_nacimiento_mes_meta]]></wp:meta_key>
		<wp:meta_value><![CDATA[03]]></wp:meta_value>
		</wp:postmeta>
							<wp:postmeta>
		<wp:meta_key><![CDATA[valpa_nacimiento_ano_meta]]></wp:meta_key>
		<wp:meta_value><![CDATA[1967]]></wp:meta_value>
		</wp:postmeta>
							<wp:postmeta>
		<wp:meta_key><![CDATA[post_views_count]]></wp:meta_key>
		<wp:meta_value><![CDATA[63]]></wp:meta_value>
		</wp:postmeta>
							</item>
					<item>
		<title><![CDATA[Reyes MontaÃ±o Salazar]]></title>
		<link>http://localhost/sass-wp/obituario/reyes-montano-salazar/</link>
		<pubDate>Sun, 17 May 2020 00:00:13 +0000</pubDate>
		<dc:creator><![CDATA[webmaster]]></dc:creator>
		<guid isPermaLink="false">http://valparaiso.com.mx/?post_type=valpa_obituario_pt&#038;p=438</guid>
		<description></description>
		<content:encoded><![CDATA[A pesar de no estar presente en cuerpo, tÃº estarÃ¡s con nosotros por siempre en nuestros corazones.]]></content:encoded>
		<excerpt:encoded><![CDATA[]]></excerpt:encoded>
		<wp:post_id>438</wp:post_id>
		<wp:post_date><![CDATA[2020-05-17 00:00:13]]></wp:post_date>
		<wp:post_date_gmt><![CDATA[2020-05-17 00:00:13]]></wp:post_date_gmt>
		<wp:post_modified><![CDATA[2020-05-17 00:00:13]]></wp:post_modified>
		<wp:post_modified_gmt><![CDATA[2020-05-17 00:00:13]]></wp:post_modified_gmt>
		<wp:comment_status><![CDATA[open]]></wp:comment_status>
		<wp:ping_status><![CDATA[closed]]></wp:ping_status>
		<wp:post_name><![CDATA[reyes-montano-salazar]]></wp:post_name>
		<wp:status><![CDATA[publish]]></wp:status>
		<wp:post_parent>0</wp:post_parent>
		<wp:menu_order>0</wp:menu_order>
		<wp:post_type><![CDATA[valpa_obituario_pt]]></wp:post_type>
		<wp:post_password><![CDATA[]]></wp:post_password>
		<wp:is_sticky>0</wp:is_sticky>
														<wp:postmeta>
		<wp:meta_key><![CDATA[_edit_last]]></wp:meta_key>
		<wp:meta_value><![CDATA[1]]></wp:meta_value>
		</wp:postmeta>
							<wp:postmeta>
		<wp:meta_key><![CDATA[_wp_old_date]]></wp:meta_key>
		<wp:meta_value><![CDATA[2020-08-27]]></wp:meta_value>
		</wp:postmeta>
							<wp:postmeta>
		<wp:meta_key><![CDATA[valpa_no_homenaje_meta]]></wp:meta_key>
		<wp:meta_value><![CDATA[0020000128]]></wp:meta_value>
		</wp:postmeta>
							<wp:postmeta>
		<wp:meta_key><![CDATA[valpa_nacimiento_dia_meta]]></wp:meta_key>
		<wp:meta_value><![CDATA[06]]></wp:meta_value>
		</wp:postmeta>
							<wp:postmeta>
		<wp:meta_key><![CDATA[valpa_nacimiento_mes_meta]]></wp:meta_key>
		<wp:meta_value><![CDATA[01]]></wp:meta_value>
		</wp:postmeta>
							<wp:postmeta>
		<wp:meta_key><![CDATA[valpa_nacimiento_ano_meta]]></wp:meta_key>
		<wp:meta_value><![CDATA[1946]]></wp:meta_value>
		</wp:postmeta>
							<wp:postmeta>
		<wp:meta_key><![CDATA[post_views_count]]></wp:meta_key>
		<wp:meta_value><![CDATA[301]]></wp:meta_value>
		</wp:postmeta>
							<wp:postmeta>
		<wp:meta_key><![CDATA[_thumbnail_id]]></wp:meta_key>
		<wp:meta_value><![CDATA[4027]]></wp:meta_value>
		</wp:postmeta>
							<wp:postmeta>
		<wp:meta_key><![CDATA[sucursal_relacionada_meta]]></wp:meta_key>
		<wp:meta_value><![CDATA[a:1:{i:0;s:2:"22";}]]></wp:meta_value>
		</wp:postmeta>
							<wp:postmeta>
		<wp:meta_key><![CDATA[servicio_relacionado_meta]]></wp:meta_key>
		<wp:meta_value><![CDATA[a:1:{i:0;s:9:"Domicilio";}]]></wp:meta_value>
		</wp:postmeta>
							<wp:postmeta>
		<wp:meta_key><![CDATA[num_velas_meta]]></wp:meta_key>
		<wp:meta_value><![CDATA[7]]></wp:meta_value>
		</wp:postmeta>
							<wp:postmeta>
		<wp:meta_key><![CDATA[num_recuerdos_meta]]></wp:meta_key>
		<wp:meta_value><![CDATA[8]]></wp:meta_value>
		</wp:postmeta>
							</item>
					<item>
		<title><![CDATA[Raymundo Soberanes Rosales]]></title>
		<link>http://localhost/sass-wp/obituario/raymundo-soberanes-rosales/</link>
		<pubDate>Mon, 18 May 2020 00:00:04 +0000</pubDate>
		<dc:creator><![CDATA[webmaster]]></dc:creator>
		<guid isPermaLink="false">http://valparaiso.com.mx/?post_type=valpa_obituario_pt&#038;p=439</guid>
		<description></description>
		<content:encoded><![CDATA[]]></content:encoded>
		<excerpt:encoded><![CDATA[]]></excerpt:encoded>
		<wp:post_id>439</wp:post_id>
		<wp:post_date><![CDATA[2020-05-18 00:00:04]]></wp:post_date>
		<wp:post_date_gmt><![CDATA[2020-05-18 00:00:04]]></wp:post_date_gmt>
		<wp:post_modified><![CDATA[2020-05-18 00:00:04]]></wp:post_modified>
		<wp:post_modified_gmt><![CDATA[2020-05-18 00:00:04]]></wp:post_modified_gmt>
		<wp:comment_status><![CDATA[open]]></wp:comment_status>
		<wp:ping_status><![CDATA[closed]]></wp:ping_status>
		<wp:post_name><![CDATA[raymundo-soberanes-rosales]]></wp:post_name>
		<wp:status><![CDATA[publish]]></wp:status>
		<wp:post_parent>0</wp:post_parent>
		<wp:menu_order>0</wp:menu_order>
		<wp:post_type><![CDATA[valpa_obituario_pt]]></wp:post_type>
		<wp:post_password><![CDATA[]]></wp:post_password>
		<wp:is_sticky>0</wp:is_sticky>
														<wp:postmeta>
		<wp:meta_key><![CDATA[_wp_old_date]]></wp:meta_key>
		<wp:meta_value><![CDATA[2020-08-27]]></wp:meta_value>
		</wp:postmeta>
							<wp:postmeta>
		<wp:meta_key><![CDATA[valpa_no_homenaje_meta]]></wp:meta_key>
		<wp:meta_value><![CDATA[0020000129]]></wp:meta_value>
		</wp:postmeta>
							<wp:postmeta>
		<wp:meta_key><![CDATA[valpa_nacimiento_dia_meta]]></wp:meta_key>
		<wp:meta_value><![CDATA[06]]></wp:meta_value>
		</wp:postmeta>
							<wp:postmeta>
		<wp:meta_key><![CDATA[valpa_nacimiento_mes_meta]]></wp:meta_key>
		<wp:meta_value><![CDATA[01]]></wp:meta_value>
		</wp:postmeta>
							<wp:postmeta>
		<wp:meta_key><![CDATA[valpa_nacimiento_ano_meta]]></wp:meta_key>
		<wp:meta_value><![CDATA[1959]]></wp:meta_value>
		</wp:postmeta>
							<wp:postmeta>
		<wp:meta_key><![CDATA[post_views_count]]></wp:meta_key>
		<wp:meta_value><![CDATA[59]]></wp:meta_value>
		</wp:postmeta>
							</item>
					<item>
		<title><![CDATA[Lorena Camilo Noyola]]></title>
		<link>http://localhost/sass-wp/obituario/lorena-camilo-noyola/</link>
		<pubDate>Tue, 19 May 2020 00:00:47 +0000</pubDate>
		<dc:creator><![CDATA[webmaster]]></dc:creator>
		<guid isPermaLink="false">http://valparaiso.com.mx/?post_type=valpa_obituario_pt&#038;p=440</guid>
		<description></description>
		<content:encoded><![CDATA[]]></content:encoded>
		<excerpt:encoded><![CDATA[]]></excerpt:encoded>
		<wp:post_id>440</wp:post_id>
		<wp:post_date><![CDATA[2020-05-19 00:00:47]]></wp:post_date>
		<wp:post_date_gmt><![CDATA[2020-05-19 00:00:47]]></wp:post_date_gmt>
		<wp:post_modified><![CDATA[2020-05-19 00:00:47]]></wp:post_modified>
		<wp:post_modified_gmt><![CDATA[2020-05-19 00:00:47]]></wp:post_modified_gmt>
		<wp:comment_status><![CDATA[open]]></wp:comment_status>
		<wp:ping_status><![CDATA[closed]]></wp:ping_status>
		<wp:post_name><![CDATA[lorena-camilo-noyola]]></wp:post_name>
		<wp:status><![CDATA[publish]]></wp:status>
		<wp:post_parent>0</wp:post_parent>
		<wp:menu_order>0</wp:menu_order>
		<wp:post_type><![CDATA[valpa_obituario_pt]]></wp:post_type>
		<wp:post_password><![CDATA[]]></wp:post_password>
		<wp:is_sticky>0</wp:is_sticky>
														<wp:postmeta>
		<wp:meta_key><![CDATA[_wp_old_date]]></wp:meta_key>
		<wp:meta_value><![CDATA[2020-08-27]]></wp:meta_value>
		</wp:postmeta>
							<wp:postmeta>
		<wp:meta_key><![CDATA[valpa_no_homenaje_meta]]></wp:meta_key>
		<wp:meta_value><![CDATA[0020000130]]></wp:meta_value>
		</wp:postmeta>
							<wp:postmeta>
		<wp:meta_key><![CDATA[valpa_nacimiento_dia_meta]]></wp:meta_key>
		<wp:meta_value><![CDATA[21]]></wp:meta_value>
		</wp:postmeta>
							<wp:postmeta>
		<wp:meta_key><![CDATA[valpa_nacimiento_mes_meta]]></wp:meta_key>
		<wp:meta_value><![CDATA[07]]></wp:meta_value>
		</wp:postmeta>
							<wp:postmeta>
		<wp:meta_key><![CDATA[valpa_nacimiento_ano_meta]]></wp:meta_key>
		<wp:meta_value><![CDATA[1975]]></wp:meta_value>
		</wp:postmeta>
							<wp:postmeta>
		<wp:meta_key><![CDATA[post_views_count]]></wp:meta_key>
		<wp:meta_value><![CDATA[58]]></wp:meta_value>
		</wp:postmeta>
							</item>
					<item>
		<title><![CDATA[Celia Pilar Arriaga Reyes]]></title>
		<link>http://localhost/sass-wp/obituario/celia-pilar-arriaga-reyes/</link>
		<pubDate>Tue, 19 May 2020 00:00:56 +0000</pubDate>
		<dc:creator><![CDATA[webmaster]]></dc:creator>
		<guid isPermaLink="false">http://valparaiso.com.mx/?post_type=valpa_obituario_pt&#038;p=441</guid>
		<description></description>
		<content:encoded><![CDATA[]]></content:encoded>
		<excerpt:encoded><![CDATA[]]></excerpt:encoded>
		<wp:post_id>441</wp:post_id>
		<wp:post_date><![CDATA[2020-05-19 00:00:56]]></wp:post_date>
		<wp:post_date_gmt><![CDATA[2020-05-19 00:00:56]]></wp:post_date_gmt>
		<wp:post_modified><![CDATA[2020-05-19 00:00:56]]></wp:post_modified>
		<wp:post_modified_gmt><![CDATA[2020-05-19 00:00:56]]></wp:post_modified_gmt>
		<wp:comment_status><![CDATA[open]]></wp:comment_status>
		<wp:ping_status><![CDATA[closed]]></wp:ping_status>
		<wp:post_name><![CDATA[celia-pilar-arriaga-reyes]]></wp:post_name>
		<wp:status><![CDATA[publish]]></wp:status>
		<wp:post_parent>0</wp:post_parent>
		<wp:menu_order>0</wp:menu_order>
		<wp:post_type><![CDATA[valpa_obituario_pt]]></wp:post_type>
		<wp:post_password><![CDATA[]]></wp:post_password>
		<wp:is_sticky>0</wp:is_sticky>
														<wp:postmeta>
		<wp:meta_key><![CDATA[_wp_old_date]]></wp:meta_key>
		<wp:meta_value><![CDATA[2020-08-27]]></wp:meta_value>
		</wp:postmeta>
							<wp:postmeta>
		<wp:meta_key><![CDATA[valpa_no_homenaje_meta]]></wp:meta_key>
		<wp:meta_value><![CDATA[0020000131]]></wp:meta_value>
		</wp:postmeta>
							<wp:postmeta>
		<wp:meta_key><![CDATA[valpa_nacimiento_dia_meta]]></wp:meta_key>
		<wp:meta_value><![CDATA[25]]></wp:meta_value>
		</wp:postmeta>
							<wp:postmeta>
		<wp:meta_key><![CDATA[valpa_nacimiento_mes_meta]]></wp:meta_key>
		<wp:meta_value><![CDATA[09]]></wp:meta_value>
		</wp:postmeta>
							<wp:postmeta>
		<wp:meta_key><![CDATA[valpa_nacimiento_ano_meta]]></wp:meta_key>
		<wp:meta_value><![CDATA[1973]]></wp:meta_value>
		</wp:postmeta>
							<wp:postmeta>
		<wp:meta_key><![CDATA[post_views_count]]></wp:meta_key>
		<wp:meta_value><![CDATA[56]]></wp:meta_value>
		</wp:postmeta>
							</item>
					<item>
		<title><![CDATA[Ana Ortega Vega]]></title>
		<link>http://localhost/sass-wp/obituario/ana-ortega-vega/</link>
		<pubDate>Tue, 19 May 2020 00:00:37 +0000</pubDate>
		<dc:creator><![CDATA[webmaster]]></dc:creator>
		<guid isPermaLink="false">http://valparaiso.com.mx/?post_type=valpa_obituario_pt&#038;p=442</guid>
		<description></description>
		<content:encoded><![CDATA[A pesar de no estar presente en cuerpo, tÃº estarÃ¡s con nosotros por siempre en nuestros corazones.]]></content:encoded>
		<excerpt:encoded><![CDATA[]]></excerpt:encoded>
		<wp:post_id>442</wp:post_id>
		<wp:post_date><![CDATA[2020-05-19 00:00:37]]></wp:post_date>
		<wp:post_date_gmt><![CDATA[2020-05-19 00:00:37]]></wp:post_date_gmt>
		<wp:post_modified><![CDATA[2020-05-19 00:00:37]]></wp:post_modified>
		<wp:post_modified_gmt><![CDATA[2020-05-19 00:00:37]]></wp:post_modified_gmt>
		<wp:comment_status><![CDATA[open]]></wp:comment_status>
		<wp:ping_status><![CDATA[closed]]></wp:ping_status>
		<wp:post_name><![CDATA[ana-ortega-vega]]></wp:post_name>
		<wp:status><![CDATA[publish]]></wp:status>
		<wp:post_parent>0</wp:post_parent>
		<wp:menu_order>0</wp:menu_order>
		<wp:post_type><![CDATA[valpa_obituario_pt]]></wp:post_type>
		<wp:post_password><![CDATA[]]></wp:post_password>
		<wp:is_sticky>0</wp:is_sticky>
														<wp:postmeta>
		<wp:meta_key><![CDATA[_edit_last]]></wp:meta_key>
		<wp:meta_value><![CDATA[1]]></wp:meta_value>
		</wp:postmeta>
							<wp:postmeta>
		<wp:meta_key><![CDATA[_wp_old_date]]></wp:meta_key>
		<wp:meta_value><![CDATA[2020-08-27]]></wp:meta_value>
		</wp:postmeta>
							<wp:postmeta>
		<wp:meta_key><![CDATA[valpa_no_homenaje_meta]]></wp:meta_key>
		<wp:meta_value><![CDATA[0020000132]]></wp:meta_value>
		</wp:postmeta>
							<wp:postmeta>
		<wp:meta_key><![CDATA[valpa_nacimiento_dia_meta]]></wp:meta_key>
		<wp:meta_value><![CDATA[27]]></wp:meta_value>
		</wp:postmeta>
							<wp:postmeta>
		<wp:meta_key><![CDATA[valpa_nacimiento_mes_meta]]></wp:meta_key>
		<wp:meta_value><![CDATA[09]]></wp:meta_value>
		</wp:postmeta>
							<wp:postmeta>
		<wp:meta_key><![CDATA[valpa_nacimiento_ano_meta]]></wp:meta_key>
		<wp:meta_value><![CDATA[1958]]></wp:meta_value>
		</wp:postmeta>
							<wp:postmeta>
		<wp:meta_key><![CDATA[post_views_count]]></wp:meta_key>
		<wp:meta_value><![CDATA[118]]></wp:meta_value>
		</wp:postmeta>
							<wp:postmeta>
		<wp:meta_key><![CDATA[_thumbnail_id]]></wp:meta_key>
		<wp:meta_value><![CDATA[4990]]></wp:meta_value>
		</wp:postmeta>
							<wp:postmeta>
		<wp:meta_key><![CDATA[sucursal_relacionada_meta]]></wp:meta_key>
		<wp:meta_value><![CDATA[a:1:{i:0;s:2:"22";}]]></wp:meta_value>
		</wp:postmeta>
							<wp:postmeta>
		<wp:meta_key><![CDATA[servicio_relacionado_meta]]></wp:meta_key>
		<wp:meta_value><![CDATA[a:1:{i:0;s:9:"Domicilio";}]]></wp:meta_value>
		</wp:postmeta>
							<wp:postmeta>
		<wp:meta_key><![CDATA[num_velas_meta]]></wp:meta_key>
		<wp:meta_value><![CDATA[2]]></wp:meta_value>
		</wp:postmeta>
							<wp:postmeta>
		<wp:meta_key><![CDATA[num_recuerdos_meta]]></wp:meta_key>
		<wp:meta_value><![CDATA[1]]></wp:meta_value>
		</wp:postmeta>
							</item>
					<item>
		<title><![CDATA[Isaac Diaz Mondragon]]></title>
		<link>http://localhost/sass-wp/obituario/isaac-diaz-mondragon/</link>
		<pubDate>Tue, 19 May 2020 00:00:17 +0000</pubDate>
		<dc:creator><![CDATA[webmaster]]></dc:creator>
		<guid isPermaLink="false">http://valparaiso.com.mx/?post_type=valpa_obituario_pt&#038;p=443</guid>
		<description></description>
		<content:encoded><![CDATA[]]></content:encoded>
		<excerpt:encoded><![CDATA[]]></excerpt:encoded>
		<wp:post_id>443</wp:post_id>
		<wp:post_date><![CDATA[2020-05-19 00:00:17]]></wp:post_date>
		<wp:post_date_gmt><![CDATA[2020-05-19 00:00:17]]></wp:post_date_gmt>
		<wp:post_modified><![CDATA[2020-05-19 00:00:17]]></wp:post_modified>
		<wp:post_modified_gmt><![CDATA[2020-05-19 00:00:17]]></wp:post_modified_gmt>
		<wp:comment_status><![CDATA[open]]></wp:comment_status>
		<wp:ping_status><![CDATA[closed]]></wp:ping_status>
		<wp:post_name><![CDATA[isaac-diaz-mondragon]]></wp:post_name>
		<wp:status><![CDATA[publish]]></wp:status>
		<wp:post_parent>0</wp:post_parent>
		<wp:menu_order>0</wp:menu_order>
		<wp:post_type><![CDATA[valpa_obituario_pt]]></wp:post_type>
		<wp:post_password><![CDATA[]]></wp:post_password>
		<wp:is_sticky>0</wp:is_sticky>
														<wp:postmeta>
		<wp:meta_key><![CDATA[_wp_old_date]]></wp:meta_key>
		<wp:meta_value><![CDATA[2020-08-27]]></wp:meta_value>
		</wp:postmeta>
							<wp:postmeta>
		<wp:meta_key><![CDATA[valpa_no_homenaje_meta]]></wp:meta_key>
		<wp:meta_value><![CDATA[0020000133]]></wp:meta_value>
		</wp:postmeta>
							<wp:postmeta>
		<wp:meta_key><![CDATA[valpa_nacimiento_dia_meta]]></wp:meta_key>
		<wp:meta_value><![CDATA[17]]></wp:meta_value>
		</wp:postmeta>
							<wp:postmeta>
		<wp:meta_key><![CDATA[valpa_nacimiento_mes_meta]]></wp:meta_key>
		<wp:meta_value><![CDATA[06]]></wp:meta_value>
		</wp:postmeta>
							<wp:postmeta>
		<wp:meta_key><![CDATA[valpa_nacimiento_ano_meta]]></wp:meta_key>
		<wp:meta_value><![CDATA[1939]]></wp:meta_value>
		</wp:postmeta>
							<wp:postmeta>
		<wp:meta_key><![CDATA[post_views_count]]></wp:meta_key>
		<wp:meta_value><![CDATA[58]]></wp:meta_value>
		</wp:postmeta>
							</item>
					<item>
		<title><![CDATA[Leonila Navarro Martinez]]></title>
		<link>http://localhost/sass-wp/obituario/leonila-navarro-martinez/</link>
		<pubDate>Wed, 20 May 2020 00:00:54 +0000</pubDate>
		<dc:creator><![CDATA[webmaster]]></dc:creator>
		<guid isPermaLink="false">http://valparaiso.com.mx/?post_type=valpa_obituario_pt&#038;p=444</guid>
		<description></description>
		<content:encoded><![CDATA[]]></content:encoded>
		<excerpt:encoded><![CDATA[]]></excerpt:encoded>
		<wp:post_id>444</wp:post_id>
		<wp:post_date><![CDATA[2020-05-20 00:00:54]]></wp:post_date>
		<wp:post_date_gmt><![CDATA[2020-05-20 00:00:54]]></wp:post_date_gmt>
		<wp:post_modified><![CDATA[2020-05-20 00:00:54]]></wp:post_modified>
		<wp:post_modified_gmt><![CDATA[2020-05-20 00:00:54]]></wp:post_modified_gmt>
		<wp:comment_status><![CDATA[open]]></wp:comment_status>
		<wp:ping_status><![CDATA[closed]]></wp:ping_status>
		<wp:post_name><![CDATA[leonila-navarro-martinez]]></wp:post_name>
		<wp:status><![CDATA[publish]]></wp:status>
		<wp:post_parent>0</wp:post_parent>
		<wp:menu_order>0</wp:menu_order>
		<wp:post_type><![CDATA[valpa_obituario_pt]]></wp:post_type>
		<wp:post_password><![CDATA[]]></wp:post_password>
		<wp:is_sticky>0</wp:is_sticky>
														<wp:postmeta>
		<wp:meta_key><![CDATA[_wp_old_date]]></wp:meta_key>
		<wp:meta_value><![CDATA[2020-08-27]]></wp:meta_value>
		</wp:postmeta>
							<wp:postmeta>
		<wp:meta_key><![CDATA[valpa_no_homenaje_meta]]></wp:meta_key>
		<wp:meta_value><![CDATA[0020000134]]></wp:meta_value>
		</wp:postmeta>
							<wp:postmeta>
		<wp:meta_key><![CDATA[valpa_nacimiento_dia_meta]]></wp:meta_key>
		<wp:meta_value><![CDATA[14]]></wp:meta_value>
		</wp:postmeta>
							<wp:postmeta>
		<wp:meta_key><![CDATA[valpa_nacimiento_mes_meta]]></wp:meta_key>
		<wp:meta_value><![CDATA[06]]></wp:meta_value>
		</wp:postmeta>
							<wp:postmeta>
		<wp:meta_key><![CDATA[valpa_nacimiento_ano_meta]]></wp:meta_key>
		<wp:meta_value><![CDATA[1949]]></wp:meta_value>
		</wp:postmeta>
							<wp:postmeta>
		<wp:meta_key><![CDATA[post_views_count]]></wp:meta_key>
		<wp:meta_value><![CDATA[48]]></wp:meta_value>
		</wp:postmeta>
							</item>
					<item>
		<title><![CDATA[Armando Erasmo Lerma Lopez]]></title>
		<link>http://localhost/sass-wp/obituario/armando-erasmo-lerma-lopez/</link>
		<pubDate>Wed, 20 May 2020 00:00:41 +0000</pubDate>
		<dc:creator><![CDATA[webmaster]]></dc:creator>
		<guid isPermaLink="false">http://valparaiso.com.mx/?post_type=valpa_obituario_pt&#038;p=445</guid>
		<description></description>
		<content:encoded><![CDATA[]]></content:encoded>
		<excerpt:encoded><![CDATA[]]></excerpt:encoded>
		<wp:post_id>445</wp:post_id>
		<wp:post_date><![CDATA[2020-05-20 00:00:41]]></wp:post_date>
		<wp:post_date_gmt><![CDATA[2020-05-20 00:00:41]]></wp:post_date_gmt>
		<wp:post_modified><![CDATA[2020-05-20 00:00:41]]></wp:post_modified>
		<wp:post_modified_gmt><![CDATA[2020-05-20 00:00:41]]></wp:post_modified_gmt>
		<wp:comment_status><![CDATA[open]]></wp:comment_status>
		<wp:ping_status><![CDATA[closed]]></wp:ping_status>
		<wp:post_name><![CDATA[armando-erasmo-lerma-lopez]]></wp:post_name>
		<wp:status><![CDATA[publish]]></wp:status>
		<wp:post_parent>0</wp:post_parent>
		<wp:menu_order>0</wp:menu_order>
		<wp:post_type><![CDATA[valpa_obituario_pt]]></wp:post_type>
		<wp:post_password><![CDATA[]]></wp:post_password>
		<wp:is_sticky>0</wp:is_sticky>
														<wp:postmeta>
		<wp:meta_key><![CDATA[_wp_old_date]]></wp:meta_key>
		<wp:meta_value><![CDATA[2020-08-27]]></wp:meta_value>
		</wp:postmeta>
							<wp:postmeta>
		<wp:meta_key><![CDATA[valpa_no_homenaje_meta]]></wp:meta_key>
		<wp:meta_value><![CDATA[0020000135]]></wp:meta_value>
		</wp:postmeta>
							<wp:postmeta>
		<wp:meta_key><![CDATA[valpa_nacimiento_dia_meta]]></wp:meta_key>
		<wp:meta_value><![CDATA[06]]></wp:meta_value>
		</wp:postmeta>
							<wp:postmeta>
		<wp:meta_key><![CDATA[valpa_nacimiento_mes_meta]]></wp:meta_key>
		<wp:meta_value><![CDATA[05]]></wp:meta_value>
		</wp:postmeta>
							<wp:postmeta>
		<wp:meta_key><![CDATA[valpa_nacimiento_ano_meta]]></wp:meta_key>
		<wp:meta_value><![CDATA[1968]]></wp:meta_value>
		</wp:postmeta>
							<wp:postmeta>
		<wp:meta_key><![CDATA[post_views_count]]></wp:meta_key>
		<wp:meta_value><![CDATA[51]]></wp:meta_value>
		</wp:postmeta>
							</item>
					<item>
		<title><![CDATA[Ruben Davila Vilchis]]></title>
		<link>http://localhost/sass-wp/obituario/ruben-davila-vilchis/</link>
		<pubDate>Thu, 21 May 2020 00:00:23 +0000</pubDate>
		<dc:creator><![CDATA[webmaster]]></dc:creator>
		<guid isPermaLink="false">http://valparaiso.com.mx/?post_type=valpa_obituario_pt&#038;p=446</guid>
		<description></description>
		<content:encoded><![CDATA[<img class="alignnone size-full wp-image-1750" src="http://valparaiso.com.mx/wp-content/uploads/2020/05/1e522222-1acc-4ced-aa68-27a8f21df07b-2.jpg" alt="" width="1280" height="1037" /> <img class="alignnone size-medium wp-image-1751" src="http://valparaiso.com.mx/wp-content/uploads/2020/05/2-2.jpg" alt="" width="300" height="285" /> <img class="alignnone size-full wp-image-1752" src="http://valparaiso.com.mx/wp-content/uploads/2020/05/2da833d1-91f3-4b3c-bac6-9b320d9c77d7-2.jpg" alt="" width="502" height="1032" /> <img class="alignnone size-full wp-image-1745" src="http://valparaiso.com.mx/wp-content/uploads/2020/05/4c9750f7-c82e-4fde-b7d1-e4e264a37f9b-1.jpg" alt="" width="1032" height="774" /> <img class="alignnone size-full wp-image-1743" src="http://valparaiso.com.mx/wp-content/uploads/2020/05/3-1.jpg" alt="" width="1032" height="774" /> <img class="alignnone size-full wp-image-1744" src="http://valparaiso.com.mx/wp-content/uploads/2020/05/4-1.jpg" alt="" width="1032" height="774" /> <img class="alignnone size-full wp-image-1739" src="http://valparaiso.com.mx/wp-content/uploads/2020/05/1c52e850-a645-4127-8006-e23b875653df-1.jpg" alt="" width="1034" height="1280" /> <img class="alignnone size-full wp-image-1738" src="http://valparaiso.com.mx/wp-content/uploads/2020/05/1-1.jpg" alt="" width="774" height="1032" /> <img class="alignnone size-full wp-image-1737" src="http://valparaiso.com.mx/wp-content/uploads/2020/05/e974207c-0e43-47ba-a7dd-f0e6bfdbc66d-1.jpg" alt="" width="774" height="1032" /> <img class="alignnone size-full wp-image-1748" src="http://valparaiso.com.mx/wp-content/uploads/2020/05/6-1.jpg" alt="" width="540" height="960" /> <img class="alignnone size-full wp-image-1747" src="http://valparaiso.com.mx/wp-content/uploads/2020/05/5b7ae248-4b16-40a3-971e-da662b05254d-1.jpg" alt="" width="1280" height="720" /> <img class="alignnone size-full wp-image-1746" src="http://valparaiso.com.mx/wp-content/uploads/2020/05/5-1.jpg" alt="" width="1280" height="885" /> <img class="alignnone size-full wp-image-1736" src="http://valparaiso.com.mx/wp-content/uploads/2020/05/d1fa510f-5678-47d4-8699-ad44eeed49f8-1.jpg" alt="" width="1032" height="774" /> <img class="alignnone size-full wp-image-1735" src="http://valparaiso.com.mx/wp-content/uploads/2020/05/aa463e3c-62e8-424c-b6d3-4a4fbfe4e706-1.jpg" alt="" width="720" height="1280" /> <img class="alignnone size-full wp-image-1734" src="http://valparaiso.com.mx/wp-content/uploads/2020/05/aa11dc6a-70de-4775-a323-27718d3e7855-1.jpg" alt="" width="1032" height="774" /> <img class="alignnone size-full wp-image-1733" src="http://valparaiso.com.mx/wp-content/uploads/2020/05/a859f74c-87b1-4304-a605-75f20649849c-1.jpg" alt="" width="774" height="1032" /> <img class="alignnone size-full wp-image-1732" src="http://valparaiso.com.mx/wp-content/uploads/2020/05/a4a34b97-fe43-4927-ae7a-8546b525cd8c-1.jpg" alt="" width="1032" height="774" /> <img class="alignnone size-full wp-image-1731" src="http://valparaiso.com.mx/wp-content/uploads/2020/05/85276647-e4dc-41a6-a676-a0f3883c3af1-1.jpg" alt="" width="960" height="1280" /> <img class="alignnone size-full wp-image-1730" src="http://valparaiso.com.mx/wp-content/uploads/2020/05/264113d7-7b48-41be-ade1-891460acf0a9-1.jpg" alt="" width="1032" height="774" /> <img class="alignnone size-full wp-image-1729" src="http://valparaiso.com.mx/wp-content/uploads/2020/05/5575e1fe-592e-4db7-a87d-b4b3e3c95c68-1.jpg" alt="" width="774" height="1032" /> <img class="alignnone size-full wp-image-1728" src="http://valparaiso.com.mx/wp-content/uploads/2020/05/5519f3d6-5b41-4ea7-bcba-91b62f214a49-1.jpg" alt="" width="774" height="1032" /> <img class="alignnone size-full wp-image-1719" src="http://valparaiso.com.mx/wp-content/uploads/2020/05/fdc2a53d-d7b5-48d8-b94f-d8299dfb9a9e-1.jpg" alt="" width="1280" height="1229" /> <img class="alignnone size-full wp-image-1720" src="http://valparaiso.com.mx/wp-content/uploads/2020/05/fffe3e8b-f153-449e-8cb7-1047184c7836-1.jpg" alt="" width="774" height="1032" /> <img class="alignnone size-full wp-image-1721" src="http://valparaiso.com.mx/wp-content/uploads/2020/05/9b5c8502-74d9-4b4e-908f-5ce2a52f99e7-1.jpg" alt="" width="960" height="1280" /> <img class="alignnone size-full wp-image-1724" src="http://valparaiso.com.mx/wp-content/uploads/2020/05/62eb32bd-e23a-4c90-9cf6-1c958c2d55c0-1.jpg" alt="" width="1032" height="774" /> <img class="alignnone size-full wp-image-1725" src="http://valparaiso.com.mx/wp-content/uploads/2020/05/72aaccaa-936d-4266-ae8f-abdfed9d64e2-1.jpg" alt="" width="1280" height="901" /> <img class="alignnone size-full wp-image-1726" src="http://valparaiso.com.mx/wp-content/uploads/2020/05/268b5e23-12bc-4956-b337-c5338542abd9-1.jpg" alt="" width="774" height="1032" /> <img class="alignnone size-full wp-image-1727" src="http://valparaiso.com.mx/wp-content/uploads/2020/05/791ecbcd-16b2-488a-bdf7-dcf4b436bb1f-1.jpg" alt="" width="1032" height="774" /> <img class="alignnone size-full wp-image-1718" src="http://valparaiso.com.mx/wp-content/uploads/2020/05/f57d2cae-75e3-4919-8742-a6d06d1da8d5-2.jpg" alt="" width="540" height="957" /> <img class="alignnone size-full wp-image-1717" src="http://valparaiso.com.mx/wp-content/uploads/2020/05/f4e3460a-363c-4188-a172-d71dea4c3935-2.jpg" alt="" width="774" height="1032" />]]></content:encoded>
		<excerpt:encoded><![CDATA[]]></excerpt:encoded>
		<wp:post_id>446</wp:post_id>
		<wp:post_date><![CDATA[2020-05-21 00:00:23]]></wp:post_date>
		<wp:post_date_gmt><![CDATA[2020-05-21 00:00:23]]></wp:post_date_gmt>
		<wp:post_modified><![CDATA[2020-05-21 00:00:23]]></wp:post_modified>
		<wp:post_modified_gmt><![CDATA[2020-05-21 00:00:23]]></wp:post_modified_gmt>
		<wp:comment_status><![CDATA[open]]></wp:comment_status>
		<wp:ping_status><![CDATA[closed]]></wp:ping_status>
		<wp:post_name><![CDATA[ruben-davila-vilchis]]></wp:post_name>
		<wp:status><![CDATA[publish]]></wp:status>
		<wp:post_parent>0</wp:post_parent>
		<wp:menu_order>0</wp:menu_order>
		<wp:post_type><![CDATA[valpa_obituario_pt]]></wp:post_type>
		<wp:post_password><![CDATA[]]></wp:post_password>
		<wp:is_sticky>0</wp:is_sticky>
														<wp:postmeta>
		<wp:meta_key><![CDATA[_wp_old_date]]></wp:meta_key>
		<wp:meta_value><![CDATA[2020-08-27]]></wp:meta_value>
		</wp:postmeta>
							<wp:postmeta>
		<wp:meta_key><![CDATA[valpa_no_homenaje_meta]]></wp:meta_key>
		<wp:meta_value><![CDATA[0020000136]]></wp:meta_value>
		</wp:postmeta>
							<wp:postmeta>
		<wp:meta_key><![CDATA[valpa_nacimiento_dia_meta]]></wp:meta_key>
		<wp:meta_value><![CDATA[09]]></wp:meta_value>
		</wp:postmeta>
							<wp:postmeta>
		<wp:meta_key><![CDATA[valpa_nacimiento_mes_meta]]></wp:meta_key>
		<wp:meta_value><![CDATA[01]]></wp:meta_value>
		</wp:postmeta>
							<wp:postmeta>
		<wp:meta_key><![CDATA[valpa_nacimiento_ano_meta]]></wp:meta_key>
		<wp:meta_value><![CDATA[1953]]></wp:meta_value>
		</wp:postmeta>
							<wp:postmeta>
		<wp:meta_key><![CDATA[post_views_count]]></wp:meta_key>
		<wp:meta_value><![CDATA[59]]></wp:meta_value>
		</wp:postmeta>
							</item>
					<item>
		<title><![CDATA[Tomasa Ramirez Mejia]]></title>
		<link>http://localhost/sass-wp/obituario/tomasa-ramirez-mejia/</link>
		<pubDate>Thu, 21 May 2020 00:00:47 +0000</pubDate>
		<dc:creator><![CDATA[webmaster]]></dc:creator>
		<guid isPermaLink="false">http://valparaiso.com.mx/?post_type=valpa_obituario_pt&#038;p=447</guid>
		<description></description>
		<content:encoded><![CDATA[<img class="alignnone size-full wp-image-1755" src="http://valparaiso.com.mx/wp-content/uploads/2020/05/88.jpeg" alt="" width="720" height="1280" /> <img class="alignnone size-medium wp-image-1756" src="http://valparaiso.com.mx/wp-content/uploads/2020/05/1-1.jpeg" alt="" width="225" height="300" /> <img class="alignnone size-medium wp-image-1757" src="http://valparaiso.com.mx/wp-content/uploads/2020/05/2-1.jpeg" alt="" width="225" height="300" /> <img class="alignnone size-medium wp-image-1758" src="http://valparaiso.com.mx/wp-content/uploads/2020/05/3-1.jpeg" alt="" width="281" height="300" /> <img class="alignnone size-medium wp-image-1759" src="http://valparaiso.com.mx/wp-content/uploads/2020/05/4-1.jpeg" alt="" width="225" height="300" /> <img class="alignnone size-medium wp-image-1760" src="http://valparaiso.com.mx/wp-content/uploads/2020/05/5-1.jpeg" alt="" width="203" height="300" /> <img class="alignnone size-medium wp-image-1761" src="http://valparaiso.com.mx/wp-content/uploads/2020/05/6-1.jpeg" alt="" width="300" height="276" /> <img class="alignnone size-medium wp-image-1762" src="http://valparaiso.com.mx/wp-content/uploads/2020/05/7-1.jpeg" alt="" width="286" height="300" /> <img class="alignnone size-medium wp-image-1763" src="http://valparaiso.com.mx/wp-content/uploads/2020/05/8-1.jpeg" alt="" width="169" height="300" /> <img class="alignnone size-medium wp-image-1764" src="http://valparaiso.com.mx/wp-content/uploads/2020/05/9-1.jpeg" alt="" width="171" height="300" /> <img class="alignnone size-medium wp-image-1765" src="http://valparaiso.com.mx/wp-content/uploads/2020/05/10-1.jpeg" alt="" width="225" height="300" /> <img class="alignnone size-medium wp-image-1766" src="http://valparaiso.com.mx/wp-content/uploads/2020/05/11-1.jpeg" alt="" width="225" height="300" /> <img class="alignnone size-medium wp-image-1767" src="http://valparaiso.com.mx/wp-content/uploads/2020/05/12-1.jpeg" alt="" width="225" height="300" /> <img class="alignnone size-medium wp-image-1768" src="http://valparaiso.com.mx/wp-content/uploads/2020/05/13-1.jpeg" alt="" width="300" height="236" /> <img class="alignnone size-medium wp-image-1769" src="http://valparaiso.com.mx/wp-content/uploads/2020/05/14-1.jpeg" alt="" width="300" height="169" /> <img class="alignnone size-medium wp-image-1770" src="http://valparaiso.com.mx/wp-content/uploads/2020/05/15-1.jpeg" alt="" width="300" height="293" /> <img class="alignnone size-medium wp-image-1771" src="http://valparaiso.com.mx/wp-content/uploads/2020/05/16.jpeg" alt="" width="300" height="298" /> <img class="alignnone size-medium wp-image-1772" src="http://valparaiso.com.mx/wp-content/uploads/2020/05/17.jpeg" alt="" width="186" height="300" /> <img class="alignnone size-medium wp-image-1773" src="http://valparaiso.com.mx/wp-content/uploads/2020/05/18.jpeg" alt="" width="236" height="300" />]]></content:encoded>
		<excerpt:encoded><![CDATA[]]></excerpt:encoded>
		<wp:post_id>447</wp:post_id>
		<wp:post_date><![CDATA[2020-05-21 00:00:47]]></wp:post_date>
		<wp:post_date_gmt><![CDATA[2020-05-21 00:00:47]]></wp:post_date_gmt>
		<wp:post_modified><![CDATA[2020-05-21 00:00:47]]></wp:post_modified>
		<wp:post_modified_gmt><![CDATA[2020-05-21 00:00:47]]></wp:post_modified_gmt>
		<wp:comment_status><![CDATA[open]]></wp:comment_status>
		<wp:ping_status><![CDATA[closed]]></wp:ping_status>
		<wp:post_name><![CDATA[tomasa-ramirez-mejia]]></wp:post_name>
		<wp:status><![CDATA[publish]]></wp:status>
		<wp:post_parent>0</wp:post_parent>
		<wp:menu_order>0</wp:menu_order>
		<wp:post_type><![CDATA[valpa_obituario_pt]]></wp:post_type>
		<wp:post_password><![CDATA[]]></wp:post_password>
		<wp:is_sticky>0</wp:is_sticky>
														<wp:postmeta>
		<wp:meta_key><![CDATA[_wp_old_date]]></wp:meta_key>
		<wp:meta_value><![CDATA[2020-08-27]]></wp:meta_value>
		</wp:postmeta>
							<wp:postmeta>
		<wp:meta_key><![CDATA[valpa_no_homenaje_meta]]></wp:meta_key>
		<wp:meta_value><![CDATA[0020000137]]></wp:meta_value>
		</wp:postmeta>
							<wp:postmeta>
		<wp:meta_key><![CDATA[valpa_nacimiento_dia_meta]]></wp:meta_key>
		<wp:meta_value><![CDATA[22]]></wp:meta_value>
		</wp:postmeta>
							<wp:postmeta>
		<wp:meta_key><![CDATA[valpa_nacimiento_mes_meta]]></wp:meta_key>
		<wp:meta_value><![CDATA[10]]></wp:meta_value>
		</wp:postmeta>
							<wp:postmeta>
		<wp:meta_key><![CDATA[valpa_nacimiento_ano_meta]]></wp:meta_key>
		<wp:meta_value><![CDATA[1945]]></wp:meta_value>
		</wp:postmeta>
							<wp:postmeta>
		<wp:meta_key><![CDATA[post_views_count]]></wp:meta_key>
		<wp:meta_value><![CDATA[50]]></wp:meta_value>
		</wp:postmeta>
							</item>
					<item>
		<title><![CDATA[Candido Lopez de Jesus]]></title>
		<link>http://localhost/sass-wp/obituario/candido-lopez-de-jesus/</link>
		<pubDate>Thu, 21 May 2020 00:00:40 +0000</pubDate>
		<dc:creator><![CDATA[webmaster]]></dc:creator>
		<guid isPermaLink="false">http://valparaiso.com.mx/?post_type=valpa_obituario_pt&#038;p=448</guid>
		<description></description>
		<content:encoded><![CDATA[]]></content:encoded>
		<excerpt:encoded><![CDATA[]]></excerpt:encoded>
		<wp:post_id>448</wp:post_id>
		<wp:post_date><![CDATA[2020-05-21 00:00:40]]></wp:post_date>
		<wp:post_date_gmt><![CDATA[2020-05-21 00:00:40]]></wp:post_date_gmt>
		<wp:post_modified><![CDATA[2020-05-21 00:00:40]]></wp:post_modified>
		<wp:post_modified_gmt><![CDATA[2020-05-21 00:00:40]]></wp:post_modified_gmt>
		<wp:comment_status><![CDATA[open]]></wp:comment_status>
		<wp:ping_status><![CDATA[closed]]></wp:ping_status>
		<wp:post_name><![CDATA[candido-lopez-de-jesus]]></wp:post_name>
		<wp:status><![CDATA[publish]]></wp:status>
		<wp:post_parent>0</wp:post_parent>
		<wp:menu_order>0</wp:menu_order>
		<wp:post_type><![CDATA[valpa_obituario_pt]]></wp:post_type>
		<wp:post_password><![CDATA[]]></wp:post_password>
		<wp:is_sticky>0</wp:is_sticky>
														<wp:postmeta>
		<wp:meta_key><![CDATA[valpa_no_homenaje_meta]]></wp:meta_key>
		<wp:meta_value><![CDATA[0020000138]]></wp:meta_value>
		</wp:postmeta>
							<wp:postmeta>
		<wp:meta_key><![CDATA[valpa_nacimiento_dia_meta]]></wp:meta_key>
		<wp:meta_value><![CDATA[22]]></wp:meta_value>
		</wp:postmeta>
							<wp:postmeta>
		<wp:meta_key><![CDATA[valpa_nacimiento_mes_meta]]></wp:meta_key>
		<wp:meta_value><![CDATA[06]]></wp:meta_value>
		</wp:postmeta>
							<wp:postmeta>
		<wp:meta_key><![CDATA[valpa_nacimiento_ano_meta]]></wp:meta_key>
		<wp:meta_value><![CDATA[1971]]></wp:meta_value>
		</wp:postmeta>
							<wp:postmeta>
		<wp:meta_key><![CDATA[_wp_old_date]]></wp:meta_key>
		<wp:meta_value><![CDATA[2020-08-27]]></wp:meta_value>
		</wp:postmeta>
							<wp:postmeta>
		<wp:meta_key><![CDATA[post_views_count]]></wp:meta_key>
		<wp:meta_value><![CDATA[45]]></wp:meta_value>
		</wp:postmeta>
							</item>
					<item>
		<title><![CDATA[Justina Moreno de la Cruz]]></title>
		<link>http://localhost/sass-wp/obituario/justina-moreno-de-la-cruz/</link>
		<pubDate>Fri, 22 May 2020 00:00:25 +0000</pubDate>
		<dc:creator><![CDATA[webmaster]]></dc:creator>
		<guid isPermaLink="false">http://valparaiso.com.mx/?post_type=valpa_obituario_pt&#038;p=449</guid>
		<description></description>
		<content:encoded><![CDATA[]]></content:encoded>
		<excerpt:encoded><![CDATA[]]></excerpt:encoded>
		<wp:post_id>449</wp:post_id>
		<wp:post_date><![CDATA[2020-05-22 00:00:25]]></wp:post_date>
		<wp:post_date_gmt><![CDATA[2020-05-22 00:00:25]]></wp:post_date_gmt>
		<wp:post_modified><![CDATA[2020-05-22 00:00:25]]></wp:post_modified>
		<wp:post_modified_gmt><![CDATA[2020-05-22 00:00:25]]></wp:post_modified_gmt>
		<wp:comment_status><![CDATA[open]]></wp:comment_status>
		<wp:ping_status><![CDATA[closed]]></wp:ping_status>
		<wp:post_name><![CDATA[justina-moreno-de-la-cruz]]></wp:post_name>
		<wp:status><![CDATA[publish]]></wp:status>
		<wp:post_parent>0</wp:post_parent>
		<wp:menu_order>0</wp:menu_order>
		<wp:post_type><![CDATA[valpa_obituario_pt]]></wp:post_type>
		<wp:post_password><![CDATA[]]></wp:post_password>
		<wp:is_sticky>0</wp:is_sticky>
														<wp:postmeta>
		<wp:meta_key><![CDATA[_wp_old_date]]></wp:meta_key>
		<wp:meta_value><![CDATA[2020-08-27]]></wp:meta_value>
		</wp:postmeta>
							<wp:postmeta>
		<wp:meta_key><![CDATA[valpa_no_homenaje_meta]]></wp:meta_key>
		<wp:meta_value><![CDATA[0020000139]]></wp:meta_value>
		</wp:postmeta>
							<wp:postmeta>
		<wp:meta_key><![CDATA[valpa_nacimiento_dia_meta]]></wp:meta_key>
		<wp:meta_value><![CDATA[14]]></wp:meta_value>
		</wp:postmeta>
							<wp:postmeta>
		<wp:meta_key><![CDATA[valpa_nacimiento_mes_meta]]></wp:meta_key>
		<wp:meta_value><![CDATA[07]]></wp:meta_value>
		</wp:postmeta>
							<wp:postmeta>
		<wp:meta_key><![CDATA[valpa_nacimiento_ano_meta]]></wp:meta_key>
		<wp:meta_value><![CDATA[1973]]></wp:meta_value>
		</wp:postmeta>
							<wp:postmeta>
		<wp:meta_key><![CDATA[post_views_count]]></wp:meta_key>
		<wp:meta_value><![CDATA[72]]></wp:meta_value>
		</wp:postmeta>
							</item>
					<item>
		<title><![CDATA[Juan Pichardo Ruiz]]></title>
		<link>http://localhost/sass-wp/obituario/juan-pichardo-ruiz/</link>
		<pubDate>Sat, 23 May 2020 00:00:34 +0000</pubDate>
		<dc:creator><![CDATA[webmaster]]></dc:creator>
		<guid isPermaLink="false">http://valparaiso.com.mx/?post_type=valpa_obituario_pt&#038;p=452</guid>
		<description></description>
		<content:encoded><![CDATA[Lo que una vez disfrutamos nunca lo perdemos. Todo lo que amamos profundamente se convierte en parte de nosotros mismos.]]></content:encoded>
		<excerpt:encoded><![CDATA[]]></excerpt:encoded>
		<wp:post_id>452</wp:post_id>
		<wp:post_date><![CDATA[2020-05-23 00:00:34]]></wp:post_date>
		<wp:post_date_gmt><![CDATA[2020-05-23 00:00:34]]></wp:post_date_gmt>
		<wp:post_modified><![CDATA[2020-05-23 00:00:34]]></wp:post_modified>
		<wp:post_modified_gmt><![CDATA[2020-05-23 00:00:34]]></wp:post_modified_gmt>
		<wp:comment_status><![CDATA[open]]></wp:comment_status>
		<wp:ping_status><![CDATA[closed]]></wp:ping_status>
		<wp:post_name><![CDATA[juan-pichardo-ruiz]]></wp:post_name>
		<wp:status><![CDATA[publish]]></wp:status>
		<wp:post_parent>0</wp:post_parent>
		<wp:menu_order>0</wp:menu_order>
		<wp:post_type><![CDATA[valpa_obituario_pt]]></wp:post_type>
		<wp:post_password><![CDATA[]]></wp:post_password>
		<wp:is_sticky>0</wp:is_sticky>
														<wp:postmeta>
		<wp:meta_key><![CDATA[_edit_last]]></wp:meta_key>
		<wp:meta_value><![CDATA[1]]></wp:meta_value>
		</wp:postmeta>
							<wp:postmeta>
		<wp:meta_key><![CDATA[_wp_old_date]]></wp:meta_key>
		<wp:meta_value><![CDATA[2020-08-27]]></wp:meta_value>
		</wp:postmeta>
							<wp:postmeta>
		<wp:meta_key><![CDATA[valpa_no_homenaje_meta]]></wp:meta_key>
		<wp:meta_value><![CDATA[0020000142]]></wp:meta_value>
		</wp:postmeta>
							<wp:postmeta>
		<wp:meta_key><![CDATA[valpa_nacimiento_dia_meta]]></wp:meta_key>
		<wp:meta_value><![CDATA[13]]></wp:meta_value>
		</wp:postmeta>
							<wp:postmeta>
		<wp:meta_key><![CDATA[valpa_nacimiento_mes_meta]]></wp:meta_key>
		<wp:meta_value><![CDATA[09]]></wp:meta_value>
		</wp:postmeta>
							<wp:postmeta>
		<wp:meta_key><![CDATA[valpa_nacimiento_ano_meta]]></wp:meta_key>
		<wp:meta_value><![CDATA[1949]]></wp:meta_value>
		</wp:postmeta>
							<wp:postmeta>
		<wp:meta_key><![CDATA[post_views_count]]></wp:meta_key>
		<wp:meta_value><![CDATA[151]]></wp:meta_value>
		</wp:postmeta>
							<wp:postmeta>
		<wp:meta_key><![CDATA[_thumbnail_id]]></wp:meta_key>
		<wp:meta_value><![CDATA[4041]]></wp:meta_value>
		</wp:postmeta>
							<wp:postmeta>
		<wp:meta_key><![CDATA[sucursal_relacionada_meta]]></wp:meta_key>
		<wp:meta_value><![CDATA[a:1:{i:0;s:2:"22";}]]></wp:meta_value>
		</wp:postmeta>
							<wp:postmeta>
		<wp:meta_key><![CDATA[servicio_relacionado_meta]]></wp:meta_key>
		<wp:meta_value><![CDATA[a:1:{i:0;s:9:"Domicilio";}]]></wp:meta_value>
		</wp:postmeta>
							<wp:postmeta>
		<wp:meta_key><![CDATA[num_velas_meta]]></wp:meta_key>
		<wp:meta_value><![CDATA[3]]></wp:meta_value>
		</wp:postmeta>
							</item>
					<item>
		<title><![CDATA[Raul Chiu Lugo]]></title>
		<link>http://localhost/sass-wp/obituario/raul-chiu-lugo/</link>
		<pubDate>Sat, 23 May 2020 00:00:09 +0000</pubDate>
		<dc:creator><![CDATA[webmaster]]></dc:creator>
		<guid isPermaLink="false">http://valparaiso.com.mx/?post_type=valpa_obituario_pt&#038;p=453</guid>
		<description></description>
		<content:encoded><![CDATA[<img class="alignnone size-full wp-image-1805" src="http://valparaiso.com.mx/wp-content/uploads/2020/05/1-3.jpeg" alt="" width="720" height="960" /> <img class="alignnone size-medium wp-image-1806" src="http://valparaiso.com.mx/wp-content/uploads/2020/05/2-3.jpeg" alt="" width="225" height="300" /> <img class="alignnone size-medium wp-image-1807" src="http://valparaiso.com.mx/wp-content/uploads/2020/05/25-1.jpeg" alt="" width="225" height="300" /> <img class="alignnone size-medium wp-image-1808" src="http://valparaiso.com.mx/wp-content/uploads/2020/05/26-1.jpeg" alt="" width="300" height="225" /> <img class="alignnone size-medium wp-image-1809" src="http://valparaiso.com.mx/wp-content/uploads/2020/05/3-3.jpeg" alt="" width="225" height="300" /> <img class="alignnone size-medium wp-image-1810" src="http://valparaiso.com.mx/wp-content/uploads/2020/05/4-3.jpeg" alt="" width="225" height="300" /> <img class="alignnone size-medium wp-image-1811" src="http://valparaiso.com.mx/wp-content/uploads/2020/05/5-3.jpeg" alt="" width="225" height="300" /> <img class="alignnone size-medium wp-image-1812" src="http://valparaiso.com.mx/wp-content/uploads/2020/05/6-3.jpeg" alt="" width="225" height="300" /> <img class="alignnone size-medium wp-image-1813" src="http://valparaiso.com.mx/wp-content/uploads/2020/05/8-3.jpeg" alt="" width="225" height="300" /> <img class="alignnone size-medium wp-image-1814" src="http://valparaiso.com.mx/wp-content/uploads/2020/05/9-3.jpeg" alt="" width="225" height="300" /> <img class="alignnone size-medium wp-image-1815" src="http://valparaiso.com.mx/wp-content/uploads/2020/05/10-3.jpeg" alt="" width="225" height="300" /> <img class="alignnone size-medium wp-image-1816" src="http://valparaiso.com.mx/wp-content/uploads/2020/05/11-3.jpeg" alt="" width="225" height="300" /> <img class="alignnone size-medium wp-image-1817" src="http://valparaiso.com.mx/wp-content/uploads/2020/05/12-3.jpeg" alt="" width="225" height="300" /> <img class="alignnone size-medium wp-image-1818" src="http://valparaiso.com.mx/wp-content/uploads/2020/05/13-3.jpeg" alt="" width="225" height="300" /> <img class="alignnone size-medium wp-image-1819" src="http://valparaiso.com.mx/wp-content/uploads/2020/05/14-3.jpeg" alt="" width="225" height="300" /> <img class="alignnone size-medium wp-image-1820" src="http://valparaiso.com.mx/wp-content/uploads/2020/05/15-3.jpeg" alt="" width="225" height="300" /> <img class="alignnone size-medium wp-image-1821" src="http://valparaiso.com.mx/wp-content/uploads/2020/05/16-2.jpeg" alt="" width="225" height="300" /> <img class="alignnone size-medium wp-image-1822" src="http://valparaiso.com.mx/wp-content/uploads/2020/05/17-2.jpeg" alt="" width="225" height="300" /> <img class="alignnone size-medium wp-image-1823" src="http://valparaiso.com.mx/wp-content/uploads/2020/05/18-2.jpeg" alt="" width="225" height="300" /> <img class="alignnone size-medium wp-image-1824" src="http://valparaiso.com.mx/wp-content/uploads/2020/05/19-1.jpeg" alt="" width="225" height="300" /> <img class="alignnone size-medium wp-image-1825" src="http://valparaiso.com.mx/wp-content/uploads/2020/05/20-1.jpeg" alt="" width="225" height="300" /> <img class="alignnone size-medium wp-image-1826" src="http://valparaiso.com.mx/wp-content/uploads/2020/05/21-1.jpeg" alt="" width="225" height="300" /> <img class="alignnone size-medium wp-image-1827" src="http://valparaiso.com.mx/wp-content/uploads/2020/05/22-1.jpeg" alt="" width="225" height="300" /> <img class="alignnone size-medium wp-image-1828" src="http://valparaiso.com.mx/wp-content/uploads/2020/05/23-1.jpeg" alt="" width="225" height="300" /> <img class="alignnone size-medium wp-image-1829" src="http://valparaiso.com.mx/wp-content/uploads/2020/05/24.jpeg" alt="" width="225" height="300" />]]></content:encoded>
		<excerpt:encoded><![CDATA[]]></excerpt:encoded>
		<wp:post_id>453</wp:post_id>
		<wp:post_date><![CDATA[2020-05-23 00:00:09]]></wp:post_date>
		<wp:post_date_gmt><![CDATA[2020-05-23 00:00:09]]></wp:post_date_gmt>
		<wp:post_modified><![CDATA[2020-05-23 00:00:09]]></wp:post_modified>
		<wp:post_modified_gmt><![CDATA[2020-05-23 00:00:09]]></wp:post_modified_gmt>
		<wp:comment_status><![CDATA[open]]></wp:comment_status>
		<wp:ping_status><![CDATA[closed]]></wp:ping_status>
		<wp:post_name><![CDATA[raul-chiu-lugo]]></wp:post_name>
		<wp:status><![CDATA[publish]]></wp:status>
		<wp:post_parent>0</wp:post_parent>
		<wp:menu_order>0</wp:menu_order>
		<wp:post_type><![CDATA[valpa_obituario_pt]]></wp:post_type>
		<wp:post_password><![CDATA[]]></wp:post_password>
		<wp:is_sticky>0</wp:is_sticky>
														<wp:postmeta>
		<wp:meta_key><![CDATA[valpa_no_homenaje_meta]]></wp:meta_key>
		<wp:meta_value><![CDATA[0020000143]]></wp:meta_value>
		</wp:postmeta>
							<wp:postmeta>
		<wp:meta_key><![CDATA[valpa_nacimiento_dia_meta]]></wp:meta_key>
		<wp:meta_value><![CDATA[20]]></wp:meta_value>
		</wp:postmeta>
							<wp:postmeta>
		<wp:meta_key><![CDATA[valpa_nacimiento_mes_meta]]></wp:meta_key>
		<wp:meta_value><![CDATA[08]]></wp:meta_value>
		</wp:postmeta>
							<wp:postmeta>
		<wp:meta_key><![CDATA[valpa_nacimiento_ano_meta]]></wp:meta_key>
		<wp:meta_value><![CDATA[1951]]></wp:meta_value>
		</wp:postmeta>
							<wp:postmeta>
		<wp:meta_key><![CDATA[post_views_count]]></wp:meta_key>
		<wp:meta_value><![CDATA[88]]></wp:meta_value>
		</wp:postmeta>
							</item>
					<item>
		<title><![CDATA[Oscar Alberto Sanchez]]></title>
		<link>http://localhost/sass-wp/obituario/oscar-alberto-sanchez/</link>
		<pubDate>Sat, 23 May 2020 00:00:24 +0000</pubDate>
		<dc:creator><![CDATA[webmaster]]></dc:creator>
		<guid isPermaLink="false">http://valparaiso.com.mx/?post_type=valpa_obituario_pt&#038;p=4097</guid>
		<description></description>
		<content:encoded><![CDATA[Hasta pronto, que brille para ti la luz que no tiene fin.]]></content:encoded>
		<excerpt:encoded><![CDATA[]]></excerpt:encoded>
		<wp:post_id>4097</wp:post_id>
		<wp:post_date><![CDATA[2020-05-23 00:00:24]]></wp:post_date>
		<wp:post_date_gmt><![CDATA[2020-05-23 00:00:24]]></wp:post_date_gmt>
		<wp:post_modified><![CDATA[2020-05-23 00:00:24]]></wp:post_modified>
		<wp:post_modified_gmt><![CDATA[2020-05-23 00:00:24]]></wp:post_modified_gmt>
		<wp:comment_status><![CDATA[open]]></wp:comment_status>
		<wp:ping_status><![CDATA[closed]]></wp:ping_status>
		<wp:post_name><![CDATA[oscar-alberto-sanchez]]></wp:post_name>
		<wp:status><![CDATA[publish]]></wp:status>
		<wp:post_parent>0</wp:post_parent>
		<wp:menu_order>0</wp:menu_order>
		<wp:post_type><![CDATA[valpa_obituario_pt]]></wp:post_type>
		<wp:post_password><![CDATA[]]></wp:post_password>
		<wp:is_sticky>0</wp:is_sticky>
														<wp:postmeta>
		<wp:meta_key><![CDATA[_edit_last]]></wp:meta_key>
		<wp:meta_value><![CDATA[1]]></wp:meta_value>
		</wp:postmeta>
							<wp:postmeta>
		<wp:meta_key><![CDATA[_thumbnail_id]]></wp:meta_key>
		<wp:meta_value><![CDATA[4098]]></wp:meta_value>
		</wp:postmeta>
							<wp:postmeta>
		<wp:meta_key><![CDATA[_wp_old_date]]></wp:meta_key>
		<wp:meta_value><![CDATA[2020-10-31]]></wp:meta_value>
		</wp:postmeta>
							<wp:postmeta>
		<wp:meta_key><![CDATA[sucursal_relacionada_meta]]></wp:meta_key>
		<wp:meta_value><![CDATA[a:1:{i:0;s:2:"22";}]]></wp:meta_value>
		</wp:postmeta>
							<wp:postmeta>
		<wp:meta_key><![CDATA[valpa_no_homenaje_meta]]></wp:meta_key>
		<wp:meta_value><![CDATA[0020000145]]></wp:meta_value>
		</wp:postmeta>
							<wp:postmeta>
		<wp:meta_key><![CDATA[servicio_relacionado_meta]]></wp:meta_key>
		<wp:meta_value><![CDATA[a:1:{i:0;s:9:"Domicilio";}]]></wp:meta_value>
		</wp:postmeta>
							<wp:postmeta>
		<wp:meta_key><![CDATA[valpa_nacimiento_dia_meta]]></wp:meta_key>
		<wp:meta_value><![CDATA[30]]></wp:meta_value>
		</wp:postmeta>
							<wp:postmeta>
		<wp:meta_key><![CDATA[valpa_nacimiento_mes_meta]]></wp:meta_key>
		<wp:meta_value><![CDATA[10]]></wp:meta_value>
		</wp:postmeta>
							<wp:postmeta>
		<wp:meta_key><![CDATA[valpa_nacimiento_ano_meta]]></wp:meta_key>
		<wp:meta_value><![CDATA[1964]]></wp:meta_value>
		</wp:postmeta>
							<wp:postmeta>
		<wp:meta_key><![CDATA[post_views_count]]></wp:meta_key>
		<wp:meta_value><![CDATA[127]]></wp:meta_value>
		</wp:postmeta>
							<wp:postmeta>
		<wp:meta_key><![CDATA[num_velas_meta]]></wp:meta_key>
		<wp:meta_value><![CDATA[5]]></wp:meta_value>
		</wp:postmeta>
							<wp:postmeta>
		<wp:meta_key><![CDATA[num_recuerdos_meta]]></wp:meta_key>
		<wp:meta_value><![CDATA[2]]></wp:meta_value>
		</wp:postmeta>
							</item>
					<item>
		<title><![CDATA[Alfredo Hernandez Alvarez]]></title>
		<link>http://localhost/sass-wp/obituario/alfredo-hernandez-alvarez/</link>
		<pubDate>Fri, 22 May 2020 00:00:26 +0000</pubDate>
		<dc:creator><![CDATA[webmaster]]></dc:creator>
		<guid isPermaLink="false">http://valparaiso.com.mx/?post_type=valpa_obituario_pt&#038;p=5461</guid>
		<description></description>
		<content:encoded><![CDATA[Hasta pronto, que brille para ti la luz que no tiene fin.]]></content:encoded>
		<excerpt:encoded><![CDATA[]]></excerpt:encoded>
		<wp:post_id>5461</wp:post_id>
		<wp:post_date><![CDATA[2020-05-22 00:00:26]]></wp:post_date>
		<wp:post_date_gmt><![CDATA[2020-05-22 00:00:26]]></wp:post_date_gmt>
		<wp:post_modified><![CDATA[2020-05-22 00:00:26]]></wp:post_modified>
		<wp:post_modified_gmt><![CDATA[2020-05-22 00:00:26]]></wp:post_modified_gmt>
		<wp:comment_status><![CDATA[open]]></wp:comment_status>
		<wp:ping_status><![CDATA[closed]]></wp:ping_status>
		<wp:post_name><![CDATA[alfredo-hernandez-alvarez]]></wp:post_name>
		<wp:status><![CDATA[publish]]></wp:status>
		<wp:post_parent>0</wp:post_parent>
		<wp:menu_order>0</wp:menu_order>
		<wp:post_type><![CDATA[valpa_obituario_pt]]></wp:post_type>
		<wp:post_password><![CDATA[]]></wp:post_password>
		<wp:is_sticky>0</wp:is_sticky>
														<wp:postmeta>
		<wp:meta_key><![CDATA[_edit_last]]></wp:meta_key>
		<wp:meta_value><![CDATA[1]]></wp:meta_value>
		</wp:postmeta>
							<wp:postmeta>
		<wp:meta_key><![CDATA[_thumbnail_id]]></wp:meta_key>
		<wp:meta_value><![CDATA[5462]]></wp:meta_value>
		</wp:postmeta>
							<wp:postmeta>
		<wp:meta_key><![CDATA[_wp_old_date]]></wp:meta_key>
		<wp:meta_value><![CDATA[2020-11-10]]></wp:meta_value>
		</wp:postmeta>
							<wp:postmeta>
		<wp:meta_key><![CDATA[sucursal_relacionada_meta]]></wp:meta_key>
		<wp:meta_value><![CDATA[a:1:{i:0;s:2:"22";}]]></wp:meta_value>
		</wp:postmeta>
							<wp:postmeta>
		<wp:meta_key><![CDATA[valpa_no_homenaje_meta]]></wp:meta_key>
		<wp:meta_value><![CDATA[0020000140]]></wp:meta_value>
		</wp:postmeta>
							<wp:postmeta>
		<wp:meta_key><![CDATA[servicio_relacionado_meta]]></wp:meta_key>
		<wp:meta_value><![CDATA[a:1:{i:0;s:9:"Domicilio";}]]></wp:meta_value>
		</wp:postmeta>
							<wp:postmeta>
		<wp:meta_key><![CDATA[valpa_nacimiento_dia_meta]]></wp:meta_key>
		<wp:meta_value><![CDATA[12]]></wp:meta_value>
		</wp:postmeta>
							<wp:postmeta>
		<wp:meta_key><![CDATA[valpa_nacimiento_mes_meta]]></wp:meta_key>
		<wp:meta_value><![CDATA[01]]></wp:meta_value>
		</wp:postmeta>
							<wp:postmeta>
		<wp:meta_key><![CDATA[valpa_nacimiento_ano_meta]]></wp:meta_key>
		<wp:meta_value><![CDATA[1951]]></wp:meta_value>
		</wp:postmeta>
							<wp:postmeta>
		<wp:meta_key><![CDATA[post_views_count]]></wp:meta_key>
		<wp:meta_value><![CDATA[48]]></wp:meta_value>
		</wp:postmeta>
							</item>
					<item>
		<title><![CDATA[Maria Luisa Laureles Sanabria]]></title>
		<link>http://localhost/sass-wp/obituario/maria-luisa-laureles-sanabria/</link>
		<pubDate>Sat, 23 May 2020 00:00:54 +0000</pubDate>
		<dc:creator><![CDATA[webmaster]]></dc:creator>
		<guid isPermaLink="false">http://valparaiso.com.mx/?post_type=valpa_obituario_pt&#038;p=451</guid>
		<description></description>
		<content:encoded><![CDATA[]]></content:encoded>
		<excerpt:encoded><![CDATA[]]></excerpt:encoded>
		<wp:post_id>451</wp:post_id>
		<wp:post_date><![CDATA[2020-05-23 00:00:54]]></wp:post_date>
		<wp:post_date_gmt><![CDATA[2020-05-23 00:00:54]]></wp:post_date_gmt>
		<wp:post_modified><![CDATA[2020-05-23 00:00:54]]></wp:post_modified>
		<wp:post_modified_gmt><![CDATA[2020-05-23 00:00:54]]></wp:post_modified_gmt>
		<wp:comment_status><![CDATA[open]]></wp:comment_status>
		<wp:ping_status><![CDATA[closed]]></wp:ping_status>
		<wp:post_name><![CDATA[maria-luisa-laureles-sanabria]]></wp:post_name>
		<wp:status><![CDATA[publish]]></wp:status>
		<wp:post_parent>0</wp:post_parent>
		<wp:menu_order>0</wp:menu_order>
		<wp:post_type><![CDATA[valpa_obituario_pt]]></wp:post_type>
		<wp:post_password><![CDATA[]]></wp:post_password>
		<wp:is_sticky>0</wp:is_sticky>
														<wp:postmeta>
		<wp:meta_key><![CDATA[_wp_old_date]]></wp:meta_key>
		<wp:meta_value><![CDATA[2020-08-27]]></wp:meta_value>
		</wp:postmeta>
							<wp:postmeta>
		<wp:meta_key><![CDATA[valpa_no_homenaje_meta]]></wp:meta_key>
		<wp:meta_value><![CDATA[0020000141]]></wp:meta_value>
		</wp:postmeta>
							<wp:postmeta>
		<wp:meta_key><![CDATA[valpa_nacimiento_dia_meta]]></wp:meta_key>
		<wp:meta_value><![CDATA[28]]></wp:meta_value>
		</wp:postmeta>
							<wp:postmeta>
		<wp:meta_key><![CDATA[valpa_nacimiento_mes_meta]]></wp:meta_key>
		<wp:meta_value><![CDATA[02]]></wp:meta_value>
		</wp:postmeta>
							<wp:postmeta>
		<wp:meta_key><![CDATA[valpa_nacimiento_ano_meta]]></wp:meta_key>
		<wp:meta_value><![CDATA[1941]]></wp:meta_value>
		</wp:postmeta>
							<wp:postmeta>
		<wp:meta_key><![CDATA[post_views_count]]></wp:meta_key>
		<wp:meta_value><![CDATA[70]]></wp:meta_value>
		</wp:postmeta>
							</item>
					<item>
		<title><![CDATA[Norma Martinez Mendez]]></title>
		<link>http://localhost/sass-wp/obituario/norma-martinez-mendez/</link>
		<pubDate>Sun, 24 May 2020 00:00:11 +0000</pubDate>
		<dc:creator><![CDATA[webmaster]]></dc:creator>
		<guid isPermaLink="false">http://valparaiso.com.mx/?post_type=valpa_obituario_pt&#038;p=454</guid>
		<description></description>
		<content:encoded><![CDATA[Mamita has fallecido, te has ido, pero no de mi corazÃ³n y mis recuerdos.
Tu corazÃ³n vive en el mÃ­o, porque no importa donde me encuentre, yo siempre te llevo conmigo.]]></content:encoded>
		<excerpt:encoded><![CDATA[]]></excerpt:encoded>
		<wp:post_id>454</wp:post_id>
		<wp:post_date><![CDATA[2020-05-24 00:00:11]]></wp:post_date>
		<wp:post_date_gmt><![CDATA[2020-05-24 00:00:11]]></wp:post_date_gmt>
		<wp:post_modified><![CDATA[2020-05-24 00:00:11]]></wp:post_modified>
		<wp:post_modified_gmt><![CDATA[2020-05-24 00:00:11]]></wp:post_modified_gmt>
		<wp:comment_status><![CDATA[open]]></wp:comment_status>
		<wp:ping_status><![CDATA[closed]]></wp:ping_status>
		<wp:post_name><![CDATA[norma-martinez-mendez]]></wp:post_name>
		<wp:status><![CDATA[publish]]></wp:status>
		<wp:post_parent>0</wp:post_parent>
		<wp:menu_order>0</wp:menu_order>
		<wp:post_type><![CDATA[valpa_obituario_pt]]></wp:post_type>
		<wp:post_password><![CDATA[]]></wp:post_password>
		<wp:is_sticky>0</wp:is_sticky>
														<wp:postmeta>
		<wp:meta_key><![CDATA[_edit_last]]></wp:meta_key>
		<wp:meta_value><![CDATA[1]]></wp:meta_value>
		</wp:postmeta>
							<wp:postmeta>
		<wp:meta_key><![CDATA[_wp_old_date]]></wp:meta_key>
		<wp:meta_value><![CDATA[2020-08-27]]></wp:meta_value>
		</wp:postmeta>
							<wp:postmeta>
		<wp:meta_key><![CDATA[valpa_no_homenaje_meta]]></wp:meta_key>
		<wp:meta_value><![CDATA[0020000144]]></wp:meta_value>
		</wp:postmeta>
							<wp:postmeta>
		<wp:meta_key><![CDATA[valpa_nacimiento_dia_meta]]></wp:meta_key>
		<wp:meta_value><![CDATA[14]]></wp:meta_value>
		</wp:postmeta>
							<wp:postmeta>
		<wp:meta_key><![CDATA[valpa_nacimiento_mes_meta]]></wp:meta_key>
		<wp:meta_value><![CDATA[02]]></wp:meta_value>
		</wp:postmeta>
							<wp:postmeta>
		<wp:meta_key><![CDATA[valpa_nacimiento_ano_meta]]></wp:meta_key>
		<wp:meta_value><![CDATA[1960]]></wp:meta_value>
		</wp:postmeta>
							<wp:postmeta>
		<wp:meta_key><![CDATA[post_views_count]]></wp:meta_key>
		<wp:meta_value><![CDATA[125]]></wp:meta_value>
		</wp:postmeta>
							<wp:postmeta>
		<wp:meta_key><![CDATA[_thumbnail_id]]></wp:meta_key>
		<wp:meta_value><![CDATA[4976]]></wp:meta_value>
		</wp:postmeta>
							<wp:postmeta>
		<wp:meta_key><![CDATA[sucursal_relacionada_meta]]></wp:meta_key>
		<wp:meta_value><![CDATA[a:1:{i:0;s:2:"22";}]]></wp:meta_value>
		</wp:postmeta>
							<wp:postmeta>
		<wp:meta_key><![CDATA[servicio_relacionado_meta]]></wp:meta_key>
		<wp:meta_value><![CDATA[a:1:{i:0;s:9:"Domicilio";}]]></wp:meta_value>
		</wp:postmeta>
							<wp:postmeta>
		<wp:meta_key><![CDATA[num_recuerdos_meta]]></wp:meta_key>
		<wp:meta_value><![CDATA[2]]></wp:meta_value>
		</wp:postmeta>
							<wp:postmeta>
		<wp:meta_key><![CDATA[num_velas_meta]]></wp:meta_key>
		<wp:meta_value><![CDATA[1]]></wp:meta_value>
		</wp:postmeta>
							</item>
					<item>
		<title><![CDATA[Francisco Michel Fuentes Gonzalez]]></title>
		<link>http://localhost/sass-wp/obituario/francisco-michel-fuentes-gonzalez/</link>
		<pubDate>Sun, 24 May 2020 00:00:39 +0000</pubDate>
		<dc:creator><![CDATA[webmaster]]></dc:creator>
		<guid isPermaLink="false">http://valparaiso.com.mx/?post_type=valpa_obituario_pt&#038;p=456</guid>
		<description></description>
		<content:encoded><![CDATA[Lo que una vez disfrutamos nunca lo perdemos. Todo lo que amamos profundamente se convierte en parte de nosotros mismos.]]></content:encoded>
		<excerpt:encoded><![CDATA[]]></excerpt:encoded>
		<wp:post_id>456</wp:post_id>
		<wp:post_date><![CDATA[2020-05-24 00:00:39]]></wp:post_date>
		<wp:post_date_gmt><![CDATA[2020-05-24 00:00:39]]></wp:post_date_gmt>
		<wp:post_modified><![CDATA[2020-05-24 00:00:39]]></wp:post_modified>
		<wp:post_modified_gmt><![CDATA[2020-05-24 00:00:39]]></wp:post_modified_gmt>
		<wp:comment_status><![CDATA[open]]></wp:comment_status>
		<wp:ping_status><![CDATA[closed]]></wp:ping_status>
		<wp:post_name><![CDATA[francisco-michel-fuentes-gonzalez]]></wp:post_name>
		<wp:status><![CDATA[publish]]></wp:status>
		<wp:post_parent>0</wp:post_parent>
		<wp:menu_order>0</wp:menu_order>
		<wp:post_type><![CDATA[valpa_obituario_pt]]></wp:post_type>
		<wp:post_password><![CDATA[]]></wp:post_password>
		<wp:is_sticky>0</wp:is_sticky>
														<wp:postmeta>
		<wp:meta_key><![CDATA[_edit_last]]></wp:meta_key>
		<wp:meta_value><![CDATA[1]]></wp:meta_value>
		</wp:postmeta>
							<wp:postmeta>
		<wp:meta_key><![CDATA[_wp_old_date]]></wp:meta_key>
		<wp:meta_value><![CDATA[2020-08-27]]></wp:meta_value>
		</wp:postmeta>
							<wp:postmeta>
		<wp:meta_key><![CDATA[valpa_no_homenaje_meta]]></wp:meta_key>
		<wp:meta_value><![CDATA[0020000146]]></wp:meta_value>
		</wp:postmeta>
							<wp:postmeta>
		<wp:meta_key><![CDATA[valpa_nacimiento_dia_meta]]></wp:meta_key>
		<wp:meta_value><![CDATA[09]]></wp:meta_value>
		</wp:postmeta>
							<wp:postmeta>
		<wp:meta_key><![CDATA[valpa_nacimiento_mes_meta]]></wp:meta_key>
		<wp:meta_value><![CDATA[08]]></wp:meta_value>
		</wp:postmeta>
							<wp:postmeta>
		<wp:meta_key><![CDATA[valpa_nacimiento_ano_meta]]></wp:meta_key>
		<wp:meta_value><![CDATA[1991]]></wp:meta_value>
		</wp:postmeta>
							<wp:postmeta>
		<wp:meta_key><![CDATA[post_views_count]]></wp:meta_key>
		<wp:meta_value><![CDATA[83]]></wp:meta_value>
		</wp:postmeta>
							<wp:postmeta>
		<wp:meta_key><![CDATA[_thumbnail_id]]></wp:meta_key>
		<wp:meta_value><![CDATA[4956]]></wp:meta_value>
		</wp:postmeta>
							<wp:postmeta>
		<wp:meta_key><![CDATA[sucursal_relacionada_meta]]></wp:meta_key>
		<wp:meta_value><![CDATA[a:1:{i:0;s:2:"22";}]]></wp:meta_value>
		</wp:postmeta>
							<wp:postmeta>
		<wp:meta_key><![CDATA[servicio_relacionado_meta]]></wp:meta_key>
		<wp:meta_value><![CDATA[a:1:{i:0;s:9:"Domicilio";}]]></wp:meta_value>
		</wp:postmeta>
							</item>
					<item>
		<title><![CDATA[Daniel Pablo Palma Hernandez]]></title>
		<link>http://localhost/sass-wp/obituario/daniel-pablo-palma-hernandez/</link>
		<pubDate>Sun, 24 May 2020 00:00:37 +0000</pubDate>
		<dc:creator><![CDATA[webmaster]]></dc:creator>
		<guid isPermaLink="false">http://valparaiso.com.mx/?post_type=valpa_obituario_pt&#038;p=457</guid>
		<description></description>
		<content:encoded><![CDATA[]]></content:encoded>
		<excerpt:encoded><![CDATA[]]></excerpt:encoded>
		<wp:post_id>457</wp:post_id>
		<wp:post_date><![CDATA[2020-05-24 00:00:37]]></wp:post_date>
		<wp:post_date_gmt><![CDATA[2020-05-24 00:00:37]]></wp:post_date_gmt>
		<wp:post_modified><![CDATA[2020-05-24 00:00:37]]></wp:post_modified>
		<wp:post_modified_gmt><![CDATA[2020-05-24 00:00:37]]></wp:post_modified_gmt>
		<wp:comment_status><![CDATA[open]]></wp:comment_status>
		<wp:ping_status><![CDATA[closed]]></wp:ping_status>
		<wp:post_name><![CDATA[daniel-pablo-palma-hernandez]]></wp:post_name>
		<wp:status><![CDATA[publish]]></wp:status>
		<wp:post_parent>0</wp:post_parent>
		<wp:menu_order>0</wp:menu_order>
		<wp:post_type><![CDATA[valpa_obituario_pt]]></wp:post_type>
		<wp:post_password><![CDATA[]]></wp:post_password>
		<wp:is_sticky>0</wp:is_sticky>
														<wp:postmeta>
		<wp:meta_key><![CDATA[_wp_old_date]]></wp:meta_key>
		<wp:meta_value><![CDATA[2020-08-27]]></wp:meta_value>
		</wp:postmeta>
							<wp:postmeta>
		<wp:meta_key><![CDATA[valpa_no_homenaje_meta]]></wp:meta_key>
		<wp:meta_value><![CDATA[0020000147]]></wp:meta_value>
		</wp:postmeta>
							<wp:postmeta>
		<wp:meta_key><![CDATA[valpa_nacimiento_dia_meta]]></wp:meta_key>
		<wp:meta_value><![CDATA[19]]></wp:meta_value>
		</wp:postmeta>
							<wp:postmeta>
		<wp:meta_key><![CDATA[valpa_nacimiento_mes_meta]]></wp:meta_key>
		<wp:meta_value><![CDATA[09]]></wp:meta_value>
		</wp:postmeta>
							<wp:postmeta>
		<wp:meta_key><![CDATA[valpa_nacimiento_ano_meta]]></wp:meta_key>
		<wp:meta_value><![CDATA[1975]]></wp:meta_value>
		</wp:postmeta>
							<wp:postmeta>
		<wp:meta_key><![CDATA[post_views_count]]></wp:meta_key>
		<wp:meta_value><![CDATA[67]]></wp:meta_value>
		</wp:postmeta>
							</item>
					<item>
		<title><![CDATA[Maria Paula Guillen Resendiz]]></title>
		<link>http://localhost/sass-wp/obituario/maria-paula-guillen-resendiz/</link>
		<pubDate>Mon, 25 May 2020 00:00:51 +0000</pubDate>
		<dc:creator><![CDATA[webmaster]]></dc:creator>
		<guid isPermaLink="false">http://valparaiso.com.mx/?post_type=valpa_obituario_pt&#038;p=458</guid>
		<description></description>
		<content:encoded><![CDATA[]]></content:encoded>
		<excerpt:encoded><![CDATA[]]></excerpt:encoded>
		<wp:post_id>458</wp:post_id>
		<wp:post_date><![CDATA[2020-05-25 00:00:51]]></wp:post_date>
		<wp:post_date_gmt><![CDATA[2020-05-25 00:00:51]]></wp:post_date_gmt>
		<wp:post_modified><![CDATA[2020-05-25 00:00:51]]></wp:post_modified>
		<wp:post_modified_gmt><![CDATA[2020-05-25 00:00:51]]></wp:post_modified_gmt>
		<wp:comment_status><![CDATA[open]]></wp:comment_status>
		<wp:ping_status><![CDATA[closed]]></wp:ping_status>
		<wp:post_name><![CDATA[maria-paula-guillen-resendiz]]></wp:post_name>
		<wp:status><![CDATA[publish]]></wp:status>
		<wp:post_parent>0</wp:post_parent>
		<wp:menu_order>0</wp:menu_order>
		<wp:post_type><![CDATA[valpa_obituario_pt]]></wp:post_type>
		<wp:post_password><![CDATA[]]></wp:post_password>
		<wp:is_sticky>0</wp:is_sticky>
														<wp:postmeta>
		<wp:meta_key><![CDATA[_wp_old_date]]></wp:meta_key>
		<wp:meta_value><![CDATA[2020-08-27]]></wp:meta_value>
		</wp:postmeta>
							<wp:postmeta>
		<wp:meta_key><![CDATA[valpa_no_homenaje_meta]]></wp:meta_key>
		<wp:meta_value><![CDATA[0020000148]]></wp:meta_value>
		</wp:postmeta>
							<wp:postmeta>
		<wp:meta_key><![CDATA[valpa_nacimiento_dia_meta]]></wp:meta_key>
		<wp:meta_value><![CDATA[11]]></wp:meta_value>
		</wp:postmeta>
							<wp:postmeta>
		<wp:meta_key><![CDATA[valpa_nacimiento_mes_meta]]></wp:meta_key>
		<wp:meta_value><![CDATA[11]]></wp:meta_value>
		</wp:postmeta>
							<wp:postmeta>
		<wp:meta_key><![CDATA[valpa_nacimiento_ano_meta]]></wp:meta_key>
		<wp:meta_value><![CDATA[1952]]></wp:meta_value>
		</wp:postmeta>
							<wp:postmeta>
		<wp:meta_key><![CDATA[post_views_count]]></wp:meta_key>
		<wp:meta_value><![CDATA[60]]></wp:meta_value>
		</wp:postmeta>
							</item>
					<item>
		<title><![CDATA[Javier Enrique Gomez Vilchis]]></title>
		<link>http://localhost/sass-wp/obituario/javier-enrique-gomez-vilchis/</link>
		<pubDate>Mon, 25 May 2020 00:00:37 +0000</pubDate>
		<dc:creator><![CDATA[webmaster]]></dc:creator>
		<guid isPermaLink="false">http://valparaiso.com.mx/?post_type=valpa_obituario_pt&#038;p=459</guid>
		<description></description>
		<content:encoded><![CDATA[]]></content:encoded>
		<excerpt:encoded><![CDATA[]]></excerpt:encoded>
		<wp:post_id>459</wp:post_id>
		<wp:post_date><![CDATA[2020-05-25 00:00:37]]></wp:post_date>
		<wp:post_date_gmt><![CDATA[2020-05-25 00:00:37]]></wp:post_date_gmt>
		<wp:post_modified><![CDATA[2020-05-25 00:00:37]]></wp:post_modified>
		<wp:post_modified_gmt><![CDATA[2020-05-25 00:00:37]]></wp:post_modified_gmt>
		<wp:comment_status><![CDATA[open]]></wp:comment_status>
		<wp:ping_status><![CDATA[closed]]></wp:ping_status>
		<wp:post_name><![CDATA[javier-enrique-gomez-vilchis]]></wp:post_name>
		<wp:status><![CDATA[publish]]></wp:status>
		<wp:post_parent>0</wp:post_parent>
		<wp:menu_order>0</wp:menu_order>
		<wp:post_type><![CDATA[valpa_obituario_pt]]></wp:post_type>
		<wp:post_password><![CDATA[]]></wp:post_password>
		<wp:is_sticky>0</wp:is_sticky>
														<wp:postmeta>
		<wp:meta_key><![CDATA[_wp_old_date]]></wp:meta_key>
		<wp:meta_value><![CDATA[2020-08-27]]></wp:meta_value>
		</wp:postmeta>
							<wp:postmeta>
		<wp:meta_key><![CDATA[valpa_no_homenaje_meta]]></wp:meta_key>
		<wp:meta_value><![CDATA[0020000149]]></wp:meta_value>
		</wp:postmeta>
							<wp:postmeta>
		<wp:meta_key><![CDATA[valpa_nacimiento_dia_meta]]></wp:meta_key>
		<wp:meta_value><![CDATA[17]]></wp:meta_value>
		</wp:postmeta>
							<wp:postmeta>
		<wp:meta_key><![CDATA[valpa_nacimiento_mes_meta]]></wp:meta_key>
		<wp:meta_value><![CDATA[01]]></wp:meta_value>
		</wp:postmeta>
							<wp:postmeta>
		<wp:meta_key><![CDATA[valpa_nacimiento_ano_meta]]></wp:meta_key>
		<wp:meta_value><![CDATA[1961]]></wp:meta_value>
		</wp:postmeta>
							<wp:postmeta>
		<wp:meta_key><![CDATA[post_views_count]]></wp:meta_key>
		<wp:meta_value><![CDATA[79]]></wp:meta_value>
		</wp:postmeta>
							</item>
					<item>
		<title><![CDATA[David Alberto Vera]]></title>
		<link>http://localhost/sass-wp/obituario/david-alberto-vera/</link>
		<pubDate>Mon, 25 May 2020 00:00:16 +0000</pubDate>
		<dc:creator><![CDATA[webmaster]]></dc:creator>
		<guid isPermaLink="false">http://valparaiso.com.mx/?post_type=valpa_obituario_pt&#038;p=460</guid>
		<description></description>
		<content:encoded><![CDATA[]]></content:encoded>
		<excerpt:encoded><![CDATA[]]></excerpt:encoded>
		<wp:post_id>460</wp:post_id>
		<wp:post_date><![CDATA[2020-05-25 00:00:16]]></wp:post_date>
		<wp:post_date_gmt><![CDATA[2020-05-25 00:00:16]]></wp:post_date_gmt>
		<wp:post_modified><![CDATA[2020-05-25 00:00:16]]></wp:post_modified>
		<wp:post_modified_gmt><![CDATA[2020-05-25 00:00:16]]></wp:post_modified_gmt>
		<wp:comment_status><![CDATA[open]]></wp:comment_status>
		<wp:ping_status><![CDATA[closed]]></wp:ping_status>
		<wp:post_name><![CDATA[david-alberto-vera]]></wp:post_name>
		<wp:status><![CDATA[publish]]></wp:status>
		<wp:post_parent>0</wp:post_parent>
		<wp:menu_order>0</wp:menu_order>
		<wp:post_type><![CDATA[valpa_obituario_pt]]></wp:post_type>
		<wp:post_password><![CDATA[]]></wp:post_password>
		<wp:is_sticky>0</wp:is_sticky>
														<wp:postmeta>
		<wp:meta_key><![CDATA[_wp_old_date]]></wp:meta_key>
		<wp:meta_value><![CDATA[2020-08-27]]></wp:meta_value>
		</wp:postmeta>
							<wp:postmeta>
		<wp:meta_key><![CDATA[valpa_no_homenaje_meta]]></wp:meta_key>
		<wp:meta_value><![CDATA[0020000150]]></wp:meta_value>
		</wp:postmeta>
							<wp:postmeta>
		<wp:meta_key><![CDATA[valpa_nacimiento_dia_meta]]></wp:meta_key>
		<wp:meta_value><![CDATA[02]]></wp:meta_value>
		</wp:postmeta>
							<wp:postmeta>
		<wp:meta_key><![CDATA[valpa_nacimiento_mes_meta]]></wp:meta_key>
		<wp:meta_value><![CDATA[09]]></wp:meta_value>
		</wp:postmeta>
							<wp:postmeta>
		<wp:meta_key><![CDATA[valpa_nacimiento_ano_meta]]></wp:meta_key>
		<wp:meta_value><![CDATA[1984]]></wp:meta_value>
		</wp:postmeta>
							<wp:postmeta>
		<wp:meta_key><![CDATA[post_views_count]]></wp:meta_key>
		<wp:meta_value><![CDATA[55]]></wp:meta_value>
		</wp:postmeta>
							</item>
					<item>
		<title><![CDATA[Armando Hernandez Gomez]]></title>
		<link>http://localhost/sass-wp/obituario/armando-hernandez-gomez/</link>
		<pubDate>Mon, 25 May 2020 00:00:40 +0000</pubDate>
		<dc:creator><![CDATA[webmaster]]></dc:creator>
		<guid isPermaLink="false">http://valparaiso.com.mx/?post_type=valpa_obituario_pt&#038;p=465</guid>
		<description></description>
		<content:encoded><![CDATA[]]></content:encoded>
		<excerpt:encoded><![CDATA[]]></excerpt:encoded>
		<wp:post_id>465</wp:post_id>
		<wp:post_date><![CDATA[2020-05-25 00:00:40]]></wp:post_date>
		<wp:post_date_gmt><![CDATA[2020-05-25 00:00:40]]></wp:post_date_gmt>
		<wp:post_modified><![CDATA[2020-05-25 00:00:40]]></wp:post_modified>
		<wp:post_modified_gmt><![CDATA[2020-05-25 00:00:40]]></wp:post_modified_gmt>
		<wp:comment_status><![CDATA[open]]></wp:comment_status>
		<wp:ping_status><![CDATA[closed]]></wp:ping_status>
		<wp:post_name><![CDATA[armando-hernandez-gomez]]></wp:post_name>
		<wp:status><![CDATA[publish]]></wp:status>
		<wp:post_parent>0</wp:post_parent>
		<wp:menu_order>0</wp:menu_order>
		<wp:post_type><![CDATA[valpa_obituario_pt]]></wp:post_type>
		<wp:post_password><![CDATA[]]></wp:post_password>
		<wp:is_sticky>0</wp:is_sticky>
														<wp:postmeta>
		<wp:meta_key><![CDATA[_wp_old_date]]></wp:meta_key>
		<wp:meta_value><![CDATA[2020-08-27]]></wp:meta_value>
		</wp:postmeta>
							<wp:postmeta>
		<wp:meta_key><![CDATA[valpa_no_homenaje_meta]]></wp:meta_key>
		<wp:meta_value><![CDATA[0020000151]]></wp:meta_value>
		</wp:postmeta>
							<wp:postmeta>
		<wp:meta_key><![CDATA[valpa_nacimiento_dia_meta]]></wp:meta_key>
		<wp:meta_value><![CDATA[28]]></wp:meta_value>
		</wp:postmeta>
							<wp:postmeta>
		<wp:meta_key><![CDATA[valpa_nacimiento_mes_meta]]></wp:meta_key>
		<wp:meta_value><![CDATA[01]]></wp:meta_value>
		</wp:postmeta>
							<wp:postmeta>
		<wp:meta_key><![CDATA[valpa_nacimiento_ano_meta]]></wp:meta_key>
		<wp:meta_value><![CDATA[1987]]></wp:meta_value>
		</wp:postmeta>
							<wp:postmeta>
		<wp:meta_key><![CDATA[post_views_count]]></wp:meta_key>
		<wp:meta_value><![CDATA[50]]></wp:meta_value>
		</wp:postmeta>
							</item>
					<item>
		<title><![CDATA[Candelaria Flores Martinez]]></title>
		<link>http://localhost/sass-wp/obituario/candelaria-flores-martinez/</link>
		<pubDate>Tue, 26 May 2020 00:00:21 +0000</pubDate>
		<dc:creator><![CDATA[webmaster]]></dc:creator>
		<guid isPermaLink="false">http://valparaiso.com.mx/?post_type=valpa_obituario_pt&#038;p=466</guid>
		<description></description>
		<content:encoded><![CDATA[<img class="alignnone size-full wp-image-1892" src="http://valparaiso.com.mx/wp-content/uploads/2020/05/WhatsApp-Image-2020-05-26-at-9.48.02-PM-1.jpeg" alt="" width="640" height="1280" /> <img class="alignnone size-full wp-image-1891" src="http://valparaiso.com.mx/wp-content/uploads/2020/05/WhatsApp-Image-2020-05-26-at-9.48.01-PM.jpeg" alt="" width="640" height="1280" /> <img class="alignnone size-full wp-image-1890" src="http://valparaiso.com.mx/wp-content/uploads/2020/05/WhatsApp-Image-2020-05-26-at-9.48.01-PM-3.jpeg" alt="" width="640" height="1280" /> <img class="alignnone size-full wp-image-1889" src="http://valparaiso.com.mx/wp-content/uploads/2020/05/WhatsApp-Image-2020-05-26-at-9.48.01-PM-2.jpeg" alt="" width="640" height="1280" /> <img class="alignnone size-full wp-image-1888" src="http://valparaiso.com.mx/wp-content/uploads/2020/05/WhatsApp-Image-2020-05-26-at-9.48.01-PM-1.jpeg" alt="" width="640" height="1280" /> <img class="alignnone size-full wp-image-1887" src="http://valparaiso.com.mx/wp-content/uploads/2020/05/WhatsApp-Image-2020-05-26-at-9.48.06-PM-1-1.jpeg" alt="" width="640" height="1280" /> <img class="alignnone size-full wp-image-1886" src="http://valparaiso.com.mx/wp-content/uploads/2020/05/WhatsApp-Image-2020-05-26-at-9.48.05-PM-5.jpeg" alt="" width="640" height="1280" /> <img class="alignnone size-full wp-image-1885" src="http://valparaiso.com.mx/wp-content/uploads/2020/05/WhatsApp-Image-2020-05-26-at-9.48.05-PM-4-1.jpeg" alt="" width="640" height="1280" /> <img class="alignnone size-full wp-image-1884" src="http://valparaiso.com.mx/wp-content/uploads/2020/05/WhatsApp-Image-2020-05-26-at-9.48.05-PM-3-1.jpeg" alt="" width="640" height="1280" /> <img class="alignnone size-full wp-image-1875" src="http://valparaiso.com.mx/wp-content/uploads/2020/05/WhatsApp-Image-2020-05-26-at-9.48.02-PM-3.jpeg" alt="" width="640" height="1280" /> <img class="alignnone size-full wp-image-1876" src="http://valparaiso.com.mx/wp-content/uploads/2020/05/WhatsApp-Image-2020-05-26-at-9.48.02-PM.jpeg" alt="" width="640" height="1280" /> <img class="alignnone size-full wp-image-1877" src="http://valparaiso.com.mx/wp-content/uploads/2020/05/WhatsApp-Image-2020-05-26-at-9.48.03-PM-1.jpeg" alt="" width="640" height="1280" /> <img class="alignnone size-full wp-image-1878" src="http://valparaiso.com.mx/wp-content/uploads/2020/05/WhatsApp-Image-2020-05-26-at-9.48.03-PM-2.jpeg" alt="" width="640" height="1280" /> <img class="alignnone size-full wp-image-1879" src="http://valparaiso.com.mx/wp-content/uploads/2020/05/WhatsApp-Image-2020-05-26-at-9.48.03-PM-3.jpeg" alt="" width="640" height="1280" /> <img class="alignnone size-full wp-image-1880" src="http://valparaiso.com.mx/wp-content/uploads/2020/05/WhatsApp-Image-2020-05-26-at-9.48.03-PM-4.jpeg" alt="" width="640" height="1280" /> <img class="alignnone size-full wp-image-1881" src="http://valparaiso.com.mx/wp-content/uploads/2020/05/WhatsApp-Image-2020-05-26-at-9.48.04-PM-1.jpeg" alt="" width="640" height="1280" /> <img class="alignnone size-full wp-image-1882" src="http://valparaiso.com.mx/wp-content/uploads/2020/05/WhatsApp-Image-2020-05-26-at-9.48.05-PM-1-1.jpeg" alt="" width="640" height="1280" /> <img class="alignnone size-full wp-image-1883" src="http://valparaiso.com.mx/wp-content/uploads/2020/05/WhatsApp-Image-2020-05-26-at-9.48.05-PM-2-1.jpeg" alt="" width="640" height="1280" /> <img class="alignnone size-full wp-image-1874" src="http://valparaiso.com.mx/wp-content/uploads/2020/05/WhatsApp-Image-2020-05-26-at-9.48.02-PM-2.jpeg" alt="" width="640" height="1280" /> <img class="alignnone size-full wp-image-1873" src="http://valparaiso.com.mx/wp-content/uploads/2020/05/WhatsApp-Image-2020-05-26-at-9.48.07-PM-2.jpeg" alt="" width="640" height="1280" /> <img class="alignnone size-full wp-image-1872" src="http://valparaiso.com.mx/wp-content/uploads/2020/05/WhatsApp-Image-2020-05-26-at-9.48.07-PM-1.jpeg" alt="" width="640" height="1280" /> <img class="alignnone size-full wp-image-1871" src="http://valparaiso.com.mx/wp-content/uploads/2020/05/WhatsApp-Image-2020-05-26-at-9.48.06-PM.jpeg" alt="" width="640" height="1280" /> <img class="alignnone size-full wp-image-1869" src="http://valparaiso.com.mx/wp-content/uploads/2020/05/WhatsApp-Image-2020-05-26-at-9.48.08-PM-2.jpeg" alt="" width="1280" height="720" /> <img class="alignnone size-full wp-image-1868" src="http://valparaiso.com.mx/wp-content/uploads/2020/05/WhatsApp-Image-2020-05-26-at-9.48.08-PM-1.jpeg" alt="" width="1280" height="720" /> <img class="alignnone size-full wp-image-1870" src="http://valparaiso.com.mx/wp-content/uploads/2020/05/WhatsApp-Image-2020-05-26-at-9.48.08-PM.jpeg" alt="" width="1280" height="720" /> <img class="alignnone size-full wp-image-1867" src="http://valparaiso.com.mx/wp-content/uploads/2020/05/WhatsApp-Image-2020-05-26-at-9.48.07-PM.jpeg" alt="" width="640" height="1280" /> <img class="alignnone size-full wp-image-1866" src="http://valparaiso.com.mx/wp-content/uploads/2020/05/WhatsApp-Image-2020-05-26-at-9.48.07-PM-6.jpeg" alt="" width="1280" height="777" /> <img class="alignnone size-full wp-image-1865" src="http://valparaiso.com.mx/wp-content/uploads/2020/05/WhatsApp-Image-2020-05-26-at-9.48.07-PM-5.jpeg" alt="" width="777" height="1280" /> <img class="alignnone size-full wp-image-1864" src="http://valparaiso.com.mx/wp-content/uploads/2020/05/WhatsApp-Image-2020-05-26-at-9.48.07-PM-4.jpeg" alt="" width="640" height="1280" /> <img class="alignnone size-full wp-image-1863" src="http://valparaiso.com.mx/wp-content/uploads/2020/05/WhatsApp-Image-2020-05-26-at-9.48.07-PM-3.jpeg" alt="" width="640" height="1280" /> <img class="alignnone size-full wp-image-1862" src="http://valparaiso.com.mx/wp-content/uploads/2020/05/WhatsApp-Image-2020-05-26-at-9.48.06-PM-1.jpeg" alt="" width="640" height="1280" /> <img class="alignnone size-full wp-image-1861" src="http://valparaiso.com.mx/wp-content/uploads/2020/05/WhatsApp-Image-2020-05-26-at-9.48.05-PM.jpeg" alt="" width="640" height="1280" /> <img class="alignnone size-full wp-image-1860" src="http://valparaiso.com.mx/wp-content/uploads/2020/05/WhatsApp-Image-2020-05-26-at-9.48.05-PM-4.jpeg" alt="" width="640" height="1280" /> <img class="alignnone size-full wp-image-1859" src="http://valparaiso.com.mx/wp-content/uploads/2020/05/WhatsApp-Image-2020-05-26-at-9.48.05-PM-3.jpeg" alt="" width="640" height="1280" /> <img class="alignnone size-full wp-image-1858" src="http://valparaiso.com.mx/wp-content/uploads/2020/05/WhatsApp-Image-2020-05-26-at-9.48.05-PM-2.jpeg" alt="" width="640" height="1280" /> <img class="alignnone size-full wp-image-1857" src="http://valparaiso.com.mx/wp-content/uploads/2020/05/WhatsApp-Image-2020-05-26-at-9.48.05-PM-1.jpeg" alt="" width="640" height="1280" /> <img class="alignnone size-full wp-image-1855" src="http://valparaiso.com.mx/wp-content/uploads/2020/05/WhatsApp-Image-2020-05-26-at-9.48.03-PM.jpeg" alt="" width="640" height="1280" /> <img class="alignnone size-full wp-image-1856" src="http://valparaiso.com.mx/wp-content/uploads/2020/05/WhatsApp-Image-2020-05-26-at-9.48.04-PM.jpeg" alt="" width="640" height="1280" /> <img class="alignnone size-full wp-image-1853" src="http://valparaiso.com.mx/wp-content/uploads/2020/05/WhatsApp-Image-2020-05-26-at-9.48.06-PM-4.jpeg" alt="" width="640" height="1280" /> <img class="alignnone size-full wp-image-1854" src="http://valparaiso.com.mx/wp-content/uploads/2020/05/WhatsApp-Image-2020-05-26-at-9.48.06-PM-5.jpeg" alt="" width="640" height="1280" /> <img class="alignnone size-full wp-image-1852" src="http://valparaiso.com.mx/wp-content/uploads/2020/05/WhatsApp-Image-2020-05-26-at-9.48.06-PM-3.jpeg" alt="" width="640" height="1280" /> <img class="alignnone size-full wp-image-1851" src="http://valparaiso.com.mx/wp-content/uploads/2020/05/WhatsApp-Image-2020-05-26-at-9.48.06-PM-2.jpeg" alt="" width="640" height="1280" /> <img class="alignnone size-full wp-image-1850" src="http://valparaiso.com.mx/wp-content/uploads/2020/05/14-4.jpeg" alt="" width="576" height="960" />]]></content:encoded>
		<excerpt:encoded><![CDATA[]]></excerpt:encoded>
		<wp:post_id>466</wp:post_id>
		<wp:post_date><![CDATA[2020-05-26 00:00:21]]></wp:post_date>
		<wp:post_date_gmt><![CDATA[2020-05-26 00:00:21]]></wp:post_date_gmt>
		<wp:post_modified><![CDATA[2020-05-26 00:00:21]]></wp:post_modified>
		<wp:post_modified_gmt><![CDATA[2020-05-26 00:00:21]]></wp:post_modified_gmt>
		<wp:comment_status><![CDATA[open]]></wp:comment_status>
		<wp:ping_status><![CDATA[closed]]></wp:ping_status>
		<wp:post_name><![CDATA[candelaria-flores-martinez]]></wp:post_name>
		<wp:status><![CDATA[publish]]></wp:status>
		<wp:post_parent>0</wp:post_parent>
		<wp:menu_order>0</wp:menu_order>
		<wp:post_type><![CDATA[valpa_obituario_pt]]></wp:post_type>
		<wp:post_password><![CDATA[]]></wp:post_password>
		<wp:is_sticky>0</wp:is_sticky>
														<wp:postmeta>
		<wp:meta_key><![CDATA[_wp_old_date]]></wp:meta_key>
		<wp:meta_value><![CDATA[2020-08-27]]></wp:meta_value>
		</wp:postmeta>
							<wp:postmeta>
		<wp:meta_key><![CDATA[valpa_no_homenaje_meta]]></wp:meta_key>
		<wp:meta_value><![CDATA[0020000152]]></wp:meta_value>
		</wp:postmeta>
							<wp:postmeta>
		<wp:meta_key><![CDATA[valpa_nacimiento_dia_meta]]></wp:meta_key>
		<wp:meta_value><![CDATA[02]]></wp:meta_value>
		</wp:postmeta>
							<wp:postmeta>
		<wp:meta_key><![CDATA[valpa_nacimiento_mes_meta]]></wp:meta_key>
		<wp:meta_value><![CDATA[02]]></wp:meta_value>
		</wp:postmeta>
							<wp:postmeta>
		<wp:meta_key><![CDATA[valpa_nacimiento_ano_meta]]></wp:meta_key>
		<wp:meta_value><![CDATA[1973]]></wp:meta_value>
		</wp:postmeta>
							<wp:postmeta>
		<wp:meta_key><![CDATA[post_views_count]]></wp:meta_key>
		<wp:meta_value><![CDATA[68]]></wp:meta_value>
		</wp:postmeta>
							</item>
					<item>
		<title><![CDATA[Gonzalo Carrillo Bernal]]></title>
		<link>http://localhost/sass-wp/obituario/gonzalo-carrillo-bernal/</link>
		<pubDate>Tue, 26 May 2020 00:00:16 +0000</pubDate>
		<dc:creator><![CDATA[webmaster]]></dc:creator>
		<guid isPermaLink="false">http://valparaiso.com.mx/?post_type=valpa_obituario_pt&#038;p=468</guid>
		<description></description>
		<content:encoded><![CDATA[]]></content:encoded>
		<excerpt:encoded><![CDATA[]]></excerpt:encoded>
		<wp:post_id>468</wp:post_id>
		<wp:post_date><![CDATA[2020-05-26 00:00:16]]></wp:post_date>
		<wp:post_date_gmt><![CDATA[2020-05-26 00:00:16]]></wp:post_date_gmt>
		<wp:post_modified><![CDATA[2020-05-26 00:00:16]]></wp:post_modified>
		<wp:post_modified_gmt><![CDATA[2020-05-26 00:00:16]]></wp:post_modified_gmt>
		<wp:comment_status><![CDATA[open]]></wp:comment_status>
		<wp:ping_status><![CDATA[closed]]></wp:ping_status>
		<wp:post_name><![CDATA[gonzalo-carrillo-bernal]]></wp:post_name>
		<wp:status><![CDATA[publish]]></wp:status>
		<wp:post_parent>0</wp:post_parent>
		<wp:menu_order>0</wp:menu_order>
		<wp:post_type><![CDATA[valpa_obituario_pt]]></wp:post_type>
		<wp:post_password><![CDATA[]]></wp:post_password>
		<wp:is_sticky>0</wp:is_sticky>
														<wp:postmeta>
		<wp:meta_key><![CDATA[_wp_old_date]]></wp:meta_key>
		<wp:meta_value><![CDATA[2020-08-27]]></wp:meta_value>
		</wp:postmeta>
							<wp:postmeta>
		<wp:meta_key><![CDATA[valpa_no_homenaje_meta]]></wp:meta_key>
		<wp:meta_value><![CDATA[0020000153]]></wp:meta_value>
		</wp:postmeta>
							<wp:postmeta>
		<wp:meta_key><![CDATA[valpa_nacimiento_dia_meta]]></wp:meta_key>
		<wp:meta_value><![CDATA[07]]></wp:meta_value>
		</wp:postmeta>
							<wp:postmeta>
		<wp:meta_key><![CDATA[valpa_nacimiento_mes_meta]]></wp:meta_key>
		<wp:meta_value><![CDATA[01]]></wp:meta_value>
		</wp:postmeta>
							<wp:postmeta>
		<wp:meta_key><![CDATA[valpa_nacimiento_ano_meta]]></wp:meta_key>
		<wp:meta_value><![CDATA[1972]]></wp:meta_value>
		</wp:postmeta>
							<wp:postmeta>
		<wp:meta_key><![CDATA[post_views_count]]></wp:meta_key>
		<wp:meta_value><![CDATA[35]]></wp:meta_value>
		</wp:postmeta>
							</item>
					<item>
		<title><![CDATA[Luis Torta Arias]]></title>
		<link>http://localhost/sass-wp/obituario/luis-torta-arias/</link>
		<pubDate>Wed, 27 May 2020 00:00:00 +0000</pubDate>
		<dc:creator><![CDATA[webmaster]]></dc:creator>
		<guid isPermaLink="false">http://valparaiso.com.mx/?post_type=valpa_obituario_pt&#038;p=469</guid>
		<description></description>
		<content:encoded><![CDATA[Hasta pronto, que brille para ti la luz que no tiene fin.]]></content:encoded>
		<excerpt:encoded><![CDATA[]]></excerpt:encoded>
		<wp:post_id>469</wp:post_id>
		<wp:post_date><![CDATA[2020-05-27 00:00:00]]></wp:post_date>
		<wp:post_date_gmt><![CDATA[2020-05-27 00:00:00]]></wp:post_date_gmt>
		<wp:post_modified><![CDATA[2020-05-27 00:00:00]]></wp:post_modified>
		<wp:post_modified_gmt><![CDATA[2020-05-27 00:00:00]]></wp:post_modified_gmt>
		<wp:comment_status><![CDATA[open]]></wp:comment_status>
		<wp:ping_status><![CDATA[closed]]></wp:ping_status>
		<wp:post_name><![CDATA[luis-torta-arias]]></wp:post_name>
		<wp:status><![CDATA[publish]]></wp:status>
		<wp:post_parent>0</wp:post_parent>
		<wp:menu_order>0</wp:menu_order>
		<wp:post_type><![CDATA[valpa_obituario_pt]]></wp:post_type>
		<wp:post_password><![CDATA[]]></wp:post_password>
		<wp:is_sticky>0</wp:is_sticky>
														<wp:postmeta>
		<wp:meta_key><![CDATA[_edit_last]]></wp:meta_key>
		<wp:meta_value><![CDATA[1]]></wp:meta_value>
		</wp:postmeta>
							<wp:postmeta>
		<wp:meta_key><![CDATA[_wp_old_date]]></wp:meta_key>
		<wp:meta_value><![CDATA[2020-08-27]]></wp:meta_value>
		</wp:postmeta>
							<wp:postmeta>
		<wp:meta_key><![CDATA[valpa_no_homenaje_meta]]></wp:meta_key>
		<wp:meta_value><![CDATA[0020000154]]></wp:meta_value>
		</wp:postmeta>
							<wp:postmeta>
		<wp:meta_key><![CDATA[valpa_nacimiento_dia_meta]]></wp:meta_key>
		<wp:meta_value><![CDATA[29]]></wp:meta_value>
		</wp:postmeta>
							<wp:postmeta>
		<wp:meta_key><![CDATA[valpa_nacimiento_mes_meta]]></wp:meta_key>
		<wp:meta_value><![CDATA[09]]></wp:meta_value>
		</wp:postmeta>
							<wp:postmeta>
		<wp:meta_key><![CDATA[valpa_nacimiento_ano_meta]]></wp:meta_key>
		<wp:meta_value><![CDATA[1964]]></wp:meta_value>
		</wp:postmeta>
							<wp:postmeta>
		<wp:meta_key><![CDATA[post_views_count]]></wp:meta_key>
		<wp:meta_value><![CDATA[1520]]></wp:meta_value>
		</wp:postmeta>
							<wp:postmeta>
		<wp:meta_key><![CDATA[_thumbnail_id]]></wp:meta_key>
		<wp:meta_value><![CDATA[4066]]></wp:meta_value>
		</wp:postmeta>
							<wp:postmeta>
		<wp:meta_key><![CDATA[sucursal_relacionada_meta]]></wp:meta_key>
		<wp:meta_value><![CDATA[a:1:{i:0;s:2:"22";}]]></wp:meta_value>
		</wp:postmeta>
							<wp:postmeta>
		<wp:meta_key><![CDATA[servicio_relacionado_meta]]></wp:meta_key>
		<wp:meta_value><![CDATA[a:1:{i:0;s:8:"Sucursal";}]]></wp:meta_value>
		</wp:postmeta>
							<wp:postmeta>
		<wp:meta_key><![CDATA[num_velas_meta]]></wp:meta_key>
		<wp:meta_value><![CDATA[45]]></wp:meta_value>
		</wp:postmeta>
							<wp:postmeta>
		<wp:meta_key><![CDATA[num_recuerdos_meta]]></wp:meta_key>
		<wp:meta_value><![CDATA[20]]></wp:meta_value>
		</wp:postmeta>
							</item>
					<item>
		<title><![CDATA[Tereso Escalona Rojas]]></title>
		<link>http://localhost/sass-wp/obituario/tereso-escalona-rojas/</link>
		<pubDate>Wed, 27 May 2020 00:00:40 +0000</pubDate>
		<dc:creator><![CDATA[webmaster]]></dc:creator>
		<guid isPermaLink="false">http://valparaiso.com.mx/?post_type=valpa_obituario_pt&#038;p=470</guid>
		<description></description>
		<content:encoded><![CDATA[]]></content:encoded>
		<excerpt:encoded><![CDATA[]]></excerpt:encoded>
		<wp:post_id>470</wp:post_id>
		<wp:post_date><![CDATA[2020-05-27 00:00:40]]></wp:post_date>
		<wp:post_date_gmt><![CDATA[2020-05-27 00:00:40]]></wp:post_date_gmt>
		<wp:post_modified><![CDATA[2020-05-27 00:00:40]]></wp:post_modified>
		<wp:post_modified_gmt><![CDATA[2020-05-27 00:00:40]]></wp:post_modified_gmt>
		<wp:comment_status><![CDATA[open]]></wp:comment_status>
		<wp:ping_status><![CDATA[closed]]></wp:ping_status>
		<wp:post_name><![CDATA[tereso-escalona-rojas]]></wp:post_name>
		<wp:status><![CDATA[publish]]></wp:status>
		<wp:post_parent>0</wp:post_parent>
		<wp:menu_order>0</wp:menu_order>
		<wp:post_type><![CDATA[valpa_obituario_pt]]></wp:post_type>
		<wp:post_password><![CDATA[]]></wp:post_password>
		<wp:is_sticky>0</wp:is_sticky>
														<wp:postmeta>
		<wp:meta_key><![CDATA[_wp_old_date]]></wp:meta_key>
		<wp:meta_value><![CDATA[2020-08-27]]></wp:meta_value>
		</wp:postmeta>
							<wp:postmeta>
		<wp:meta_key><![CDATA[valpa_no_homenaje_meta]]></wp:meta_key>
		<wp:meta_value><![CDATA[0020000155]]></wp:meta_value>
		</wp:postmeta>
							<wp:postmeta>
		<wp:meta_key><![CDATA[valpa_nacimiento_dia_meta]]></wp:meta_key>
		<wp:meta_value><![CDATA[15]]></wp:meta_value>
		</wp:postmeta>
							<wp:postmeta>
		<wp:meta_key><![CDATA[valpa_nacimiento_mes_meta]]></wp:meta_key>
		<wp:meta_value><![CDATA[10]]></wp:meta_value>
		</wp:postmeta>
							<wp:postmeta>
		<wp:meta_key><![CDATA[valpa_nacimiento_ano_meta]]></wp:meta_key>
		<wp:meta_value><![CDATA[1947]]></wp:meta_value>
		</wp:postmeta>
							<wp:postmeta>
		<wp:meta_key><![CDATA[post_views_count]]></wp:meta_key>
		<wp:meta_value><![CDATA[63]]></wp:meta_value>
		</wp:postmeta>
							<wp:postmeta>
		<wp:meta_key><![CDATA[num_velas_meta]]></wp:meta_key>
		<wp:meta_value><![CDATA[1]]></wp:meta_value>
		</wp:postmeta>
							</item>
					<item>
		<title><![CDATA[Jenaro OrdoÃ±ez de la Cruz]]></title>
		<link>http://localhost/sass-wp/obituario/jenaro-ordonez-de-la-cruz/</link>
		<pubDate>Thu, 28 May 2020 00:00:37 +0000</pubDate>
		<dc:creator><![CDATA[webmaster]]></dc:creator>
		<guid isPermaLink="false">http://valparaiso.com.mx/?post_type=valpa_obituario_pt&#038;p=471</guid>
		<description></description>
		<content:encoded><![CDATA[Lo que una vez disfrutamos nunca lo perdemos. Todo lo que amamos profundamente se convierte en parte de nosotros mismos.]]></content:encoded>
		<excerpt:encoded><![CDATA[]]></excerpt:encoded>
		<wp:post_id>471</wp:post_id>
		<wp:post_date><![CDATA[2020-05-28 00:00:37]]></wp:post_date>
		<wp:post_date_gmt><![CDATA[2020-05-28 00:00:37]]></wp:post_date_gmt>
		<wp:post_modified><![CDATA[2020-05-28 00:00:37]]></wp:post_modified>
		<wp:post_modified_gmt><![CDATA[2020-05-28 00:00:37]]></wp:post_modified_gmt>
		<wp:comment_status><![CDATA[open]]></wp:comment_status>
		<wp:ping_status><![CDATA[closed]]></wp:ping_status>
		<wp:post_name><![CDATA[jenaro-ordonez-de-la-cruz]]></wp:post_name>
		<wp:status><![CDATA[publish]]></wp:status>
		<wp:post_parent>0</wp:post_parent>
		<wp:menu_order>0</wp:menu_order>
		<wp:post_type><![CDATA[valpa_obituario_pt]]></wp:post_type>
		<wp:post_password><![CDATA[]]></wp:post_password>
		<wp:is_sticky>0</wp:is_sticky>
														<wp:postmeta>
		<wp:meta_key><![CDATA[_edit_last]]></wp:meta_key>
		<wp:meta_value><![CDATA[1]]></wp:meta_value>
		</wp:postmeta>
							<wp:postmeta>
		<wp:meta_key><![CDATA[_wp_old_date]]></wp:meta_key>
		<wp:meta_value><![CDATA[2020-08-27]]></wp:meta_value>
		</wp:postmeta>
							<wp:postmeta>
		<wp:meta_key><![CDATA[valpa_no_homenaje_meta]]></wp:meta_key>
		<wp:meta_value><![CDATA[0020000156]]></wp:meta_value>
		</wp:postmeta>
							<wp:postmeta>
		<wp:meta_key><![CDATA[valpa_nacimiento_dia_meta]]></wp:meta_key>
		<wp:meta_value><![CDATA[19]]></wp:meta_value>
		</wp:postmeta>
							<wp:postmeta>
		<wp:meta_key><![CDATA[valpa_nacimiento_mes_meta]]></wp:meta_key>
		<wp:meta_value><![CDATA[09]]></wp:meta_value>
		</wp:postmeta>
							<wp:postmeta>
		<wp:meta_key><![CDATA[valpa_nacimiento_ano_meta]]></wp:meta_key>
		<wp:meta_value><![CDATA[1967]]></wp:meta_value>
		</wp:postmeta>
							<wp:postmeta>
		<wp:meta_key><![CDATA[post_views_count]]></wp:meta_key>
		<wp:meta_value><![CDATA[90]]></wp:meta_value>
		</wp:postmeta>
							<wp:postmeta>
		<wp:meta_key><![CDATA[_thumbnail_id]]></wp:meta_key>
		<wp:meta_value><![CDATA[4939]]></wp:meta_value>
		</wp:postmeta>
							<wp:postmeta>
		<wp:meta_key><![CDATA[sucursal_relacionada_meta]]></wp:meta_key>
		<wp:meta_value><![CDATA[a:1:{i:0;s:2:"22";}]]></wp:meta_value>
		</wp:postmeta>
							<wp:postmeta>
		<wp:meta_key><![CDATA[servicio_relacionado_meta]]></wp:meta_key>
		<wp:meta_value><![CDATA[a:1:{i:0;s:9:"Domicilio";}]]></wp:meta_value>
		</wp:postmeta>
							</item>
					<item>
		<title><![CDATA[Juan Javier GarduÃ±o Oran]]></title>
		<link>http://localhost/sass-wp/obituario/juan-javier-garduno-oran/</link>
		<pubDate>Thu, 28 May 2020 00:00:45 +0000</pubDate>
		<dc:creator><![CDATA[webmaster]]></dc:creator>
		<guid isPermaLink="false">http://valparaiso.com.mx/?post_type=valpa_obituario_pt&#038;p=472</guid>
		<description></description>
		<content:encoded><![CDATA[<img class="alignnone size-full wp-image-1920" src="http://valparaiso.com.mx/wp-content/uploads/2020/05/WhatsApp-Image-2020-05-29-at-2.59.17-PM-1.jpeg" alt="" width="1040" height="780" /> <img class="alignnone size-medium wp-image-1921" src="http://valparaiso.com.mx/wp-content/uploads/2020/05/WhatsApp-Image-2020-05-29-at-2.59.17-PM.jpeg" alt="" width="225" height="300" /> <img class="alignnone size-medium wp-image-1922" src="http://valparaiso.com.mx/wp-content/uploads/2020/05/WhatsApp-Image-2020-05-29-at-2.59.18-PM-1.jpeg" alt="" width="300" height="225" /> <img class="alignnone size-medium wp-image-1923" src="http://valparaiso.com.mx/wp-content/uploads/2020/05/WhatsApp-Image-2020-05-29-at-2.59.18-PM-1-1.jpeg" alt="" width="300" height="225" /> <img class="alignnone size-medium wp-image-1924" src="http://valparaiso.com.mx/wp-content/uploads/2020/05/WhatsApp-Image-2020-05-29-at-2.59.18-PM-2.jpeg" alt="" width="225" height="300" /> <img class="alignnone size-medium wp-image-1925" src="http://valparaiso.com.mx/wp-content/uploads/2020/05/WhatsApp-Image-2020-05-29-at-2.59.18-PM-3.jpeg" alt="" width="225" height="300" /> <img class="alignnone size-medium wp-image-1926" src="http://valparaiso.com.mx/wp-content/uploads/2020/05/WhatsApp-Image-2020-05-29-at-2.59.18-PM.jpeg" alt="" width="225" height="300" /> <img class="alignnone size-medium wp-image-1927" src="http://valparaiso.com.mx/wp-content/uploads/2020/05/WhatsApp-Image-2020-05-29-at-2.59.19-PM-1.jpeg" alt="" width="225" height="300" /> <img class="alignnone size-medium wp-image-1928" src="http://valparaiso.com.mx/wp-content/uploads/2020/05/WhatsApp-Image-2020-05-29-at-2.59.19-PM-2.jpeg" alt="" width="225" height="300" /> <img class="alignnone size-medium wp-image-1929" src="http://valparaiso.com.mx/wp-content/uploads/2020/05/WhatsApp-Image-2020-05-29-at-2.59.19-PM-3.jpeg" alt="" width="225" height="300" /> <img class="alignnone size-medium wp-image-1930" src="http://valparaiso.com.mx/wp-content/uploads/2020/05/WhatsApp-Image-2020-05-29-at-2.59.19-PM.jpeg" alt="" width="300" height="225" /> <img class="alignnone size-medium wp-image-1931" src="http://valparaiso.com.mx/wp-content/uploads/2020/05/WhatsApp-Image-2020-05-29-at-2.59.20-PM-1.jpeg" alt="" width="225" height="300" /> <img class="alignnone size-medium wp-image-1932" src="http://valparaiso.com.mx/wp-content/uploads/2020/05/WhatsApp-Image-2020-05-29-at-2.59.20-PM-2.jpeg" alt="" width="225" height="300" /> <img class="alignnone size-medium wp-image-1933" src="http://valparaiso.com.mx/wp-content/uploads/2020/05/WhatsApp-Image-2020-05-29-at-2.59.20-PM-3.jpeg" alt="" width="225" height="300" /> <img class="alignnone size-medium wp-image-1934" src="http://valparaiso.com.mx/wp-content/uploads/2020/05/WhatsApp-Image-2020-05-29-at-2.59.20-PM.jpeg" alt="" width="300" height="225" /> <img class="alignnone size-medium wp-image-1935" src="http://valparaiso.com.mx/wp-content/uploads/2020/05/WhatsApp-Image-2020-05-29-at-2.59.21-PM-1.jpeg" alt="" width="225" height="300" /> <img class="alignnone size-medium wp-image-1936" src="http://valparaiso.com.mx/wp-content/uploads/2020/05/WhatsApp-Image-2020-05-29-at-2.59.21-PM-2.jpeg" alt="" width="300" height="225" /> <img class="alignnone size-medium wp-image-1937" src="http://valparaiso.com.mx/wp-content/uploads/2020/05/WhatsApp-Image-2020-05-29-at-2.59.21-PM-3.jpeg" alt="" width="225" height="300" /> <img class="alignnone size-medium wp-image-1938" src="http://valparaiso.com.mx/wp-content/uploads/2020/05/WhatsApp-Image-2020-05-29-at-2.59.21-PM-4.jpeg" alt="" width="225" height="300" /> <img class="alignnone size-medium wp-image-1939" src="http://valparaiso.com.mx/wp-content/uploads/2020/05/WhatsApp-Image-2020-05-29-at-2.59.21-PM.jpeg" alt="" width="225" height="300" /> <img class="alignnone size-medium wp-image-1940" src="http://valparaiso.com.mx/wp-content/uploads/2020/05/WhatsApp-Image-2020-05-29-at-2.59.22-PM-1.jpeg" alt="" width="119" height="300" /> <img class="alignnone size-medium wp-image-1941" src="http://valparaiso.com.mx/wp-content/uploads/2020/05/WhatsApp-Image-2020-05-29-at-2.59.22-PM-2.jpeg" alt="" width="225" height="300" /> <img class="alignnone size-medium wp-image-1942" src="http://valparaiso.com.mx/wp-content/uploads/2020/05/WhatsApp-Image-2020-05-29-at-2.59.22-PM-3.jpeg" alt="" width="225" height="300" /> <img class="alignnone size-medium wp-image-1943" src="http://valparaiso.com.mx/wp-content/uploads/2020/05/WhatsApp-Image-2020-05-29-at-2.59.22-PM.jpeg" alt="" width="225" height="300" />]]></content:encoded>
		<excerpt:encoded><![CDATA[]]></excerpt:encoded>
		<wp:post_id>472</wp:post_id>
		<wp:post_date><![CDATA[2020-05-28 00:00:45]]></wp:post_date>
		<wp:post_date_gmt><![CDATA[2020-05-28 00:00:45]]></wp:post_date_gmt>
		<wp:post_modified><![CDATA[2020-05-28 00:00:45]]></wp:post_modified>
		<wp:post_modified_gmt><![CDATA[2020-05-28 00:00:45]]></wp:post_modified_gmt>
		<wp:comment_status><![CDATA[open]]></wp:comment_status>
		<wp:ping_status><![CDATA[closed]]></wp:ping_status>
		<wp:post_name><![CDATA[juan-javier-garduno-oran]]></wp:post_name>
		<wp:status><![CDATA[publish]]></wp:status>
		<wp:post_parent>0</wp:post_parent>
		<wp:menu_order>0</wp:menu_order>
		<wp:post_type><![CDATA[valpa_obituario_pt]]></wp:post_type>
		<wp:post_password><![CDATA[]]></wp:post_password>
		<wp:is_sticky>0</wp:is_sticky>
														<wp:postmeta>
		<wp:meta_key><![CDATA[_wp_old_date]]></wp:meta_key>
		<wp:meta_value><![CDATA[2020-08-27]]></wp:meta_value>
		</wp:postmeta>
							<wp:postmeta>
		<wp:meta_key><![CDATA[valpa_no_homenaje_meta]]></wp:meta_key>
		<wp:meta_value><![CDATA[0020000157]]></wp:meta_value>
		</wp:postmeta>
							<wp:postmeta>
		<wp:meta_key><![CDATA[valpa_nacimiento_dia_meta]]></wp:meta_key>
		<wp:meta_value><![CDATA[08]]></wp:meta_value>
		</wp:postmeta>
							<wp:postmeta>
		<wp:meta_key><![CDATA[valpa_nacimiento_mes_meta]]></wp:meta_key>
		<wp:meta_value><![CDATA[10]]></wp:meta_value>
		</wp:postmeta>
							<wp:postmeta>
		<wp:meta_key><![CDATA[valpa_nacimiento_ano_meta]]></wp:meta_key>
		<wp:meta_value><![CDATA[1971]]></wp:meta_value>
		</wp:postmeta>
							<wp:postmeta>
		<wp:meta_key><![CDATA[post_views_count]]></wp:meta_key>
		<wp:meta_value><![CDATA[59]]></wp:meta_value>
		</wp:postmeta>
							</item>
					<item>
		<title><![CDATA[Adrian Medina de Jesus]]></title>
		<link>http://localhost/sass-wp/obituario/adrian-medina-de-jesus/</link>
		<pubDate>Thu, 28 May 2020 00:00:30 +0000</pubDate>
		<dc:creator><![CDATA[webmaster]]></dc:creator>
		<guid isPermaLink="false">http://valparaiso.com.mx/?post_type=valpa_obituario_pt&#038;p=473</guid>
		<description></description>
		<content:encoded><![CDATA[]]></content:encoded>
		<excerpt:encoded><![CDATA[]]></excerpt:encoded>
		<wp:post_id>473</wp:post_id>
		<wp:post_date><![CDATA[2020-05-28 00:00:30]]></wp:post_date>
		<wp:post_date_gmt><![CDATA[2020-05-28 00:00:30]]></wp:post_date_gmt>
		<wp:post_modified><![CDATA[2020-05-28 00:00:30]]></wp:post_modified>
		<wp:post_modified_gmt><![CDATA[2020-05-28 00:00:30]]></wp:post_modified_gmt>
		<wp:comment_status><![CDATA[open]]></wp:comment_status>
		<wp:ping_status><![CDATA[closed]]></wp:ping_status>
		<wp:post_name><![CDATA[adrian-medina-de-jesus]]></wp:post_name>
		<wp:status><![CDATA[publish]]></wp:status>
		<wp:post_parent>0</wp:post_parent>
		<wp:menu_order>0</wp:menu_order>
		<wp:post_type><![CDATA[valpa_obituario_pt]]></wp:post_type>
		<wp:post_password><![CDATA[]]></wp:post_password>
		<wp:is_sticky>0</wp:is_sticky>
														<wp:postmeta>
		<wp:meta_key><![CDATA[_wp_old_date]]></wp:meta_key>
		<wp:meta_value><![CDATA[2020-08-27]]></wp:meta_value>
		</wp:postmeta>
							<wp:postmeta>
		<wp:meta_key><![CDATA[valpa_no_homenaje_meta]]></wp:meta_key>
		<wp:meta_value><![CDATA[0020000158]]></wp:meta_value>
		</wp:postmeta>
							<wp:postmeta>
		<wp:meta_key><![CDATA[valpa_nacimiento_dia_meta]]></wp:meta_key>
		<wp:meta_value><![CDATA[22]]></wp:meta_value>
		</wp:postmeta>
							<wp:postmeta>
		<wp:meta_key><![CDATA[valpa_nacimiento_mes_meta]]></wp:meta_key>
		<wp:meta_value><![CDATA[03]]></wp:meta_value>
		</wp:postmeta>
							<wp:postmeta>
		<wp:meta_key><![CDATA[valpa_nacimiento_ano_meta]]></wp:meta_key>
		<wp:meta_value><![CDATA[1993]]></wp:meta_value>
		</wp:postmeta>
							<wp:postmeta>
		<wp:meta_key><![CDATA[post_views_count]]></wp:meta_key>
		<wp:meta_value><![CDATA[73]]></wp:meta_value>
		</wp:postmeta>
							</item>
					<item>
		<title><![CDATA[Maria Elena Gonzalez Carbajal]]></title>
		<link>http://localhost/sass-wp/obituario/maria-elena-gonzalez-carbajal/</link>
		<pubDate>Thu, 28 May 2020 00:00:08 +0000</pubDate>
		<dc:creator><![CDATA[webmaster]]></dc:creator>
		<guid isPermaLink="false">http://valparaiso.com.mx/?post_type=valpa_obituario_pt&#038;p=474</guid>
		<description></description>
		<content:encoded><![CDATA[]]></content:encoded>
		<excerpt:encoded><![CDATA[]]></excerpt:encoded>
		<wp:post_id>474</wp:post_id>
		<wp:post_date><![CDATA[2020-05-28 00:00:08]]></wp:post_date>
		<wp:post_date_gmt><![CDATA[2020-05-28 00:00:08]]></wp:post_date_gmt>
		<wp:post_modified><![CDATA[2020-05-28 00:00:08]]></wp:post_modified>
		<wp:post_modified_gmt><![CDATA[2020-05-28 00:00:08]]></wp:post_modified_gmt>
		<wp:comment_status><![CDATA[open]]></wp:comment_status>
		<wp:ping_status><![CDATA[closed]]></wp:ping_status>
		<wp:post_name><![CDATA[maria-elena-gonzalez-carbajal]]></wp:post_name>
		<wp:status><![CDATA[publish]]></wp:status>
		<wp:post_parent>0</wp:post_parent>
		<wp:menu_order>0</wp:menu_order>
		<wp:post_type><![CDATA[valpa_obituario_pt]]></wp:post_type>
		<wp:post_password><![CDATA[]]></wp:post_password>
		<wp:is_sticky>0</wp:is_sticky>
														<wp:postmeta>
		<wp:meta_key><![CDATA[_wp_old_date]]></wp:meta_key>
		<wp:meta_value><![CDATA[2020-08-27]]></wp:meta_value>
		</wp:postmeta>
							<wp:postmeta>
		<wp:meta_key><![CDATA[valpa_no_homenaje_meta]]></wp:meta_key>
		<wp:meta_value><![CDATA[0020000159]]></wp:meta_value>
		</wp:postmeta>
							<wp:postmeta>
		<wp:meta_key><![CDATA[valpa_nacimiento_dia_meta]]></wp:meta_key>
		<wp:meta_value><![CDATA[26]]></wp:meta_value>
		</wp:postmeta>
							<wp:postmeta>
		<wp:meta_key><![CDATA[valpa_nacimiento_mes_meta]]></wp:meta_key>
		<wp:meta_value><![CDATA[08]]></wp:meta_value>
		</wp:postmeta>
							<wp:postmeta>
		<wp:meta_key><![CDATA[valpa_nacimiento_ano_meta]]></wp:meta_key>
		<wp:meta_value><![CDATA[2000]]></wp:meta_value>
		</wp:postmeta>
							<wp:postmeta>
		<wp:meta_key><![CDATA[post_views_count]]></wp:meta_key>
		<wp:meta_value><![CDATA[72]]></wp:meta_value>
		</wp:postmeta>
							</item>
					<item>
		<title><![CDATA[Jorge Enrique Dona-Dio Rada]]></title>
		<link>http://localhost/sass-wp/obituario/jorge-enrique-dona-dio-rada/</link>
		<pubDate>Thu, 28 May 2020 00:00:54 +0000</pubDate>
		<dc:creator><![CDATA[webmaster]]></dc:creator>
		<guid isPermaLink="false">http://valparaiso.com.mx/?post_type=valpa_obituario_pt&#038;p=475</guid>
		<description></description>
		<content:encoded><![CDATA[]]></content:encoded>
		<excerpt:encoded><![CDATA[]]></excerpt:encoded>
		<wp:post_id>475</wp:post_id>
		<wp:post_date><![CDATA[2020-05-28 00:00:54]]></wp:post_date>
		<wp:post_date_gmt><![CDATA[2020-05-28 00:00:54]]></wp:post_date_gmt>
		<wp:post_modified><![CDATA[2020-05-28 00:00:54]]></wp:post_modified>
		<wp:post_modified_gmt><![CDATA[2020-05-28 00:00:54]]></wp:post_modified_gmt>
		<wp:comment_status><![CDATA[open]]></wp:comment_status>
		<wp:ping_status><![CDATA[closed]]></wp:ping_status>
		<wp:post_name><![CDATA[jorge-enrique-dona-dio-rada]]></wp:post_name>
		<wp:status><![CDATA[publish]]></wp:status>
		<wp:post_parent>0</wp:post_parent>
		<wp:menu_order>0</wp:menu_order>
		<wp:post_type><![CDATA[valpa_obituario_pt]]></wp:post_type>
		<wp:post_password><![CDATA[]]></wp:post_password>
		<wp:is_sticky>0</wp:is_sticky>
														<wp:postmeta>
		<wp:meta_key><![CDATA[_wp_old_date]]></wp:meta_key>
		<wp:meta_value><![CDATA[2020-08-27]]></wp:meta_value>
		</wp:postmeta>
							<wp:postmeta>
		<wp:meta_key><![CDATA[valpa_no_homenaje_meta]]></wp:meta_key>
		<wp:meta_value><![CDATA[0020000160]]></wp:meta_value>
		</wp:postmeta>
							<wp:postmeta>
		<wp:meta_key><![CDATA[valpa_nacimiento_dia_meta]]></wp:meta_key>
		<wp:meta_value><![CDATA[09]]></wp:meta_value>
		</wp:postmeta>
							<wp:postmeta>
		<wp:meta_key><![CDATA[valpa_nacimiento_mes_meta]]></wp:meta_key>
		<wp:meta_value><![CDATA[03]]></wp:meta_value>
		</wp:postmeta>
							<wp:postmeta>
		<wp:meta_key><![CDATA[valpa_nacimiento_ano_meta]]></wp:meta_key>
		<wp:meta_value><![CDATA[1949]]></wp:meta_value>
		</wp:postmeta>
							<wp:postmeta>
		<wp:meta_key><![CDATA[post_views_count]]></wp:meta_key>
		<wp:meta_value><![CDATA[56]]></wp:meta_value>
		</wp:postmeta>
							</item>
					<item>
		<title><![CDATA[Gumercindo Angeles Alvarez]]></title>
		<link>http://localhost/sass-wp/obituario/gumercindo-angeles-alvarez/</link>
		<pubDate>Fri, 29 May 2020 00:00:49 +0000</pubDate>
		<dc:creator><![CDATA[webmaster]]></dc:creator>
		<guid isPermaLink="false">http://valparaiso.com.mx/?post_type=valpa_obituario_pt&#038;p=476</guid>
		<description></description>
		<content:encoded><![CDATA[<img class="alignnone size-full wp-image-1944" src="http://valparaiso.com.mx/wp-content/uploads/2020/05/c94be113-635f-4c82-8134-be0dcdabef8a-1.jpg" alt="" width="960" height="1280" /> <img class="alignnone size-medium wp-image-1945" src="http://valparaiso.com.mx/wp-content/uploads/2020/05/c94be113-635f-4c82-8134-be0dcdabef8a.jpg" alt="" width="225" height="300" /> <img class="alignnone size-medium wp-image-1946" src="http://valparaiso.com.mx/wp-content/uploads/2020/05/c120ca68-7dcf-4237-9c7e-a1717f053fa3.jpg" alt="" width="300" height="75" /> <img class="alignnone size-medium wp-image-1947" src="http://valparaiso.com.mx/wp-content/uploads/2020/05/c186f772-423b-45c4-9b5b-5971afd29377.jpg" alt="" width="300" height="300" /> <img class="alignnone size-medium wp-image-1948" src="http://valparaiso.com.mx/wp-content/uploads/2020/05/d18aadde-1ce2-4e7f-be56-7991734b60d7.jpg" alt="" width="225" height="300" /> <img class="alignnone size-medium wp-image-1949" src="http://valparaiso.com.mx/wp-content/uploads/2020/05/70136688-a378-42be-b87a-9d43cf502822.jpg" alt="" width="225" height="300" /> <img class="alignnone size-medium wp-image-1950" src="http://valparaiso.com.mx/wp-content/uploads/2020/05/80481370-7376-4c10-b3b5-56aea5c820f6.jpg" alt="" width="144" height="300" /> <img class="alignnone size-medium wp-image-1951" src="http://valparaiso.com.mx/wp-content/uploads/2020/05/a308368c-87c3-481b-af4f-305f98f41853.jpg" alt="" width="225" height="300" /> <img class="alignnone size-medium wp-image-1952" src="http://valparaiso.com.mx/wp-content/uploads/2020/05/b4b24a8d-db5b-4766-969a-41558cd80046-1.jpg" alt="" width="225" height="300" /> <img class="alignnone size-medium wp-image-1953" src="http://valparaiso.com.mx/wp-content/uploads/2020/05/b4b24a8d-db5b-4766-969a-41558cd80046.jpg" alt="" width="225" height="300" /> <img class="alignnone size-medium wp-image-1954" src="http://valparaiso.com.mx/wp-content/uploads/2020/05/b64cfd7e-33c2-4c7b-b1b0-70f6e7986d66.jpg" alt="" width="300" height="225" /> <img class="alignnone size-medium wp-image-1955" src="http://valparaiso.com.mx/wp-content/uploads/2020/05/bbb9413f-9f6b-49f2-b793-ac40056f3be8.jpg" alt="" width="225" height="300" /> <img class="alignnone size-medium wp-image-1956" src="http://valparaiso.com.mx/wp-content/uploads/2020/05/0bde4f6a-6c3e-4592-8449-c0dab3d492be.jpg" alt="" width="225" height="300" /> <img class="alignnone size-medium wp-image-1957" src="http://valparaiso.com.mx/wp-content/uploads/2020/05/c94be113-635f-4c82-8134-be0dcdabef8a-2.jpg" alt="" width="225" height="300" /> <img class="alignnone size-medium wp-image-1958" src="http://valparaiso.com.mx/wp-content/uploads/2020/05/c120ca68-7dcf-4237-9c7e-a1717f053fa3-1.jpg" alt="" width="300" height="75" /> <img class="alignnone size-medium wp-image-1959" src="http://valparaiso.com.mx/wp-content/uploads/2020/05/c186f772-423b-45c4-9b5b-5971afd29377-1.jpg" alt="" width="300" height="300" /> <img class="alignnone size-medium wp-image-1960" src="http://valparaiso.com.mx/wp-content/uploads/2020/05/d18aadde-1ce2-4e7f-be56-7991734b60d7-1.jpg" alt="" width="225" height="300" /> <img class="alignnone size-medium wp-image-1961" src="http://valparaiso.com.mx/wp-content/uploads/2020/05/da1801eb-40da-42f0-9554-99df764a7762.jpg" alt="" width="300" height="225" /> <img class="alignnone size-medium wp-image-1962" src="http://valparaiso.com.mx/wp-content/uploads/2020/05/e0e061c8-83ca-4500-9d7d-7c70203b22e7.jpg" alt="" width="225" height="300" /> <img class="alignnone size-medium wp-image-1963" src="http://valparaiso.com.mx/wp-content/uploads/2020/05/e0ea463d-77d3-4344-9b67-bbf988326a79.jpg" alt="" width="300" height="225" /> <img class="alignnone size-medium wp-image-1964" src="http://valparaiso.com.mx/wp-content/uploads/2020/05/e1e68513-d1ce-469b-a82d-f8266fe95a6d-1.jpg" alt="" width="300" height="225" /> <img class="alignnone size-medium wp-image-1965" src="http://valparaiso.com.mx/wp-content/uploads/2020/05/e1e68513-d1ce-469b-a82d-f8266fe95a6d.jpg" alt="" width="300" height="225" /> <img class="alignnone size-medium wp-image-1966" src="http://valparaiso.com.mx/wp-content/uploads/2020/05/e5c0be03-3fc1-44b2-b324-5223a498d160.jpg" alt="" width="225" height="300" /> <img class="alignnone size-medium wp-image-1967" src="http://valparaiso.com.mx/wp-content/uploads/2020/05/0d55ba78-1614-4b87-b3c9-a67a9482dcaa.jpg" alt="" width="180" height="300" /> <img class="alignnone size-medium wp-image-1968" src="http://valparaiso.com.mx/wp-content/uploads/2020/05/1ba6df17-e51c-48ed-b857-f03379a7724d.jpg" alt="" width="300" height="300" /> <img class="alignnone size-medium wp-image-1969" src="http://valparaiso.com.mx/wp-content/uploads/2020/05/3c21154b-6572-4ee5-b651-a154ea2b0828.jpg" alt="" width="225" height="300" /> <img class="alignnone size-medium wp-image-1970" src="http://valparaiso.com.mx/wp-content/uploads/2020/05/5ba7c54a-7fcf-4aab-b326-945079a5abf2.jpg" alt="" width="180" height="300" /> <img class="alignnone size-medium wp-image-1971" src="http://valparaiso.com.mx/wp-content/uploads/2020/05/5c6a70d0-4bb2-46a5-a930-69cefd0f4ccc.jpg" alt="" width="225" height="300" /> <img class="alignnone size-medium wp-image-1972" src="http://valparaiso.com.mx/wp-content/uploads/2020/05/5c951273-f1ed-4b21-9836-3a474cb88273.jpg" alt="" width="180" height="300" /> <img class="alignnone size-medium wp-image-1973" src="http://valparaiso.com.mx/wp-content/uploads/2020/05/5e29820b-faa5-4679-9dbd-7cf56647fd6e.jpg" alt="" width="300" height="300" /> <img class="alignnone size-medium wp-image-1974" src="http://valparaiso.com.mx/wp-content/uploads/2020/05/6ade21cd-ca5f-4178-9382-9f4e38b77247.jpg" alt="" width="180" height="300" /> <img class="alignnone size-medium wp-image-1975" src="http://valparaiso.com.mx/wp-content/uploads/2020/05/7b2c6ea2-860a-47b9-a62d-fd5a17f5f830.jpg" alt="" width="300" height="300" /> <img class="alignnone size-medium wp-image-1976" src="http://valparaiso.com.mx/wp-content/uploads/2020/05/7b46ac5b-715e-4624-896f-0e5f71572d01.jpg" alt="" width="225" height="300" /> <img class="alignnone size-medium wp-image-1977" src="http://valparaiso.com.mx/wp-content/uploads/2020/05/7c14ce6a-9e07-41c4-b4b3-6535771d6c0e.jpg" alt="" width="300" height="300" /> <img class="alignnone size-medium wp-image-1978" src="http://valparaiso.com.mx/wp-content/uploads/2020/05/7d2428f2-39ae-4f84-a5e2-5bee291bd9cd.jpg" alt="" width="225" height="300" /> <img class="alignnone size-medium wp-image-1979" src="http://valparaiso.com.mx/wp-content/uploads/2020/05/8e760245-96a0-45b7-bc6d-1729cdafb686.jpg" alt="" width="300" height="225" /> <img class="alignnone size-medium wp-image-1980" src="http://valparaiso.com.mx/wp-content/uploads/2020/05/9c59bbd6-bfd1-4486-a787-79a7e27269e3-1.jpg" alt="" width="180" height="300" /> <img class="alignnone size-medium wp-image-1981" src="http://valparaiso.com.mx/wp-content/uploads/2020/05/9c59bbd6-bfd1-4486-a787-79a7e27269e3.jpg" alt="" width="180" height="300" /> <img class="alignnone size-medium wp-image-1982" src="http://valparaiso.com.mx/wp-content/uploads/2020/05/9e87a63c-e1c5-4fe9-a893-a624d689dcfb.jpg" alt="" width="225" height="300" /> <img class="alignnone size-medium wp-image-1983" src="http://valparaiso.com.mx/wp-content/uploads/2020/05/9ee17579-61b0-4704-ba10-f8c10d6df358.jpg" alt="" width="225" height="300" /> <img class="alignnone size-medium wp-image-1984" src="http://valparaiso.com.mx/wp-content/uploads/2020/05/10a32bdd-f74f-4475-b9bf-8236f2020aab.jpg" alt="" width="300" height="223" /> <img class="alignnone size-medium wp-image-1985" src="http://valparaiso.com.mx/wp-content/uploads/2020/05/27cf86c0-9c7c-40bb-84e4-9dd354c662f1.jpg" alt="" width="225" height="300" /> <img class="alignnone size-medium wp-image-1986" src="http://valparaiso.com.mx/wp-content/uploads/2020/05/33dd2621-4ed4-4ad2-81b2-c143724cfea4.jpg" alt="" width="300" height="300" /> <img class="alignnone size-medium wp-image-1987" src="http://valparaiso.com.mx/wp-content/uploads/2020/05/41d62e70-bdf7-44dc-a587-a861cb020034.jpg" alt="" width="180" height="300" /> <img class="alignnone size-medium wp-image-1988" src="http://valparaiso.com.mx/wp-content/uploads/2020/05/73ed3db5-94ca-4f22-9018-70d2bc57996a.jpg" alt="" width="300" height="225" /> <img class="alignnone size-medium wp-image-1989" src="http://valparaiso.com.mx/wp-content/uploads/2020/05/85c6d165-10d2-48f4-b789-dc5f09074cdf.jpg" alt="" width="180" height="300" /> <img class="alignnone size-medium wp-image-1990" src="http://valparaiso.com.mx/wp-content/uploads/2020/05/92b298da-189f-443e-bf2f-e90ec0e7395b.jpg" alt="" width="180" height="300" /> <img class="alignnone size-medium wp-image-1991" src="http://valparaiso.com.mx/wp-content/uploads/2020/05/190f31d2-668f-4118-8995-d26e12ed8098.jpg" alt="" width="300" height="225" /> <img class="alignnone size-medium wp-image-1992" src="http://valparaiso.com.mx/wp-content/uploads/2020/05/245ee5a3-5468-44eb-aaf1-157ae4a65e8f.jpg" alt="" width="225" height="300" /> <img class="alignnone size-medium wp-image-1993" src="http://valparaiso.com.mx/wp-content/uploads/2020/05/980c1bc4-2aca-4431-a1c5-23391f89bbd5.jpg" alt="" width="225" height="300" /> <img class="alignnone size-medium wp-image-1994" src="http://valparaiso.com.mx/wp-content/uploads/2020/05/1553b177-d98c-44bc-9c56-10656289a62e.jpg" alt="" width="225" height="300" /> <img class="alignnone size-medium wp-image-1995" src="http://valparaiso.com.mx/wp-content/uploads/2020/05/3968d675-105c-4348-b788-80889b78cb40.jpg" alt="" width="225" height="300" /> <img class="alignnone size-medium wp-image-1996" src="http://valparaiso.com.mx/wp-content/uploads/2020/05/7325efca-069a-4297-bf92-f8b8197fe6d8.jpg" alt="" width="180" height="300" /> <img class="alignnone size-medium wp-image-1997" src="http://valparaiso.com.mx/wp-content/uploads/2020/05/8892cf7e-8f1f-401b-bed3-173bc5543fb1.jpg" alt="" width="225" height="300" /> <img class="alignnone size-medium wp-image-1998" src="http://valparaiso.com.mx/wp-content/uploads/2020/05/17074a8a-2665-4473-833a-e83b91dcd786-1.jpg" alt="" width="225" height="300" /> <img class="alignnone size-medium wp-image-1999" src="http://valparaiso.com.mx/wp-content/uploads/2020/05/17074a8a-2665-4473-833a-e83b91dcd786.jpg" alt="" width="225" height="300" /> <img class="alignnone size-medium wp-image-2000" src="http://valparaiso.com.mx/wp-content/uploads/2020/05/19193b96-a3eb-4d3b-b9ba-fd138c8d84bc-1.jpg" alt="" width="300" height="180" /> <img class="alignnone size-medium wp-image-2001" src="http://valparaiso.com.mx/wp-content/uploads/2020/05/19193b96-a3eb-4d3b-b9ba-fd138c8d84bc.jpg" alt="" width="300" height="180" /> <img class="alignnone size-medium wp-image-2002" src="http://valparaiso.com.mx/wp-content/uploads/2020/05/42585a27-d91e-4bca-9456-dc4a9dea4b46.jpg" alt="" width="300" height="225" /> <img class="alignnone size-medium wp-image-2003" src="http://valparaiso.com.mx/wp-content/uploads/2020/05/46249b78-6ee5-4c1c-9d2b-85643cbc0d2f.jpg" alt="" width="225" height="300" /> <img class="alignnone size-medium wp-image-2004" src="http://valparaiso.com.mx/wp-content/uploads/2020/05/64727e9d-6d07-4a56-bacf-d2be09f0cdae.jpg" alt="" width="225" height="300" /> <img class="alignnone size-medium wp-image-2005" src="http://valparaiso.com.mx/wp-content/uploads/2020/05/5811126a-2783-41c3-b97e-30fe8dbd71eb.jpg" alt="" width="225" height="300" /> <img class="alignnone size-medium wp-image-2006" src="http://valparaiso.com.mx/wp-content/uploads/2020/05/70136688-a378-42be-b87a-9d43cf502822-1.jpg" alt="" width="225" height="300" /> <img class="alignnone size-medium wp-image-2007" src="http://valparaiso.com.mx/wp-content/uploads/2020/05/80481370-7376-4c10-b3b5-56aea5c820f6-1.jpg" alt="" width="144" height="300" /> <img class="alignnone size-medium wp-image-2008" src="http://valparaiso.com.mx/wp-content/uploads/2020/05/a308368c-87c3-481b-af4f-305f98f41853-1.jpg" alt="" width="225" height="300" /> <img class="alignnone size-medium wp-image-2009" src="http://valparaiso.com.mx/wp-content/uploads/2020/05/b4b24a8d-db5b-4766-969a-41558cd80046-1-1.jpg" alt="" width="225" height="300" /> <img class="alignnone size-medium wp-image-2010" src="http://valparaiso.com.mx/wp-content/uploads/2020/05/b4b24a8d-db5b-4766-969a-41558cd80046-2.jpg" alt="" width="225" height="300" /> <img class="alignnone size-medium wp-image-2011" src="http://valparaiso.com.mx/wp-content/uploads/2020/05/b64cfd7e-33c2-4c7b-b1b0-70f6e7986d66-1.jpg" alt="" width="300" height="225" /> <img class="alignnone size-medium wp-image-2012" src="http://valparaiso.com.mx/wp-content/uploads/2020/05/bbb9413f-9f6b-49f2-b793-ac40056f3be8-1.jpg" alt="" width="225" height="300" /> <img class="alignnone size-medium wp-image-2013" src="http://valparaiso.com.mx/wp-content/uploads/2020/05/c94be113-635f-4c82-8134-be0dcdabef8a-1-1.jpg" alt="" width="225" height="300" />]]></content:encoded>
		<excerpt:encoded><![CDATA[]]></excerpt:encoded>
		<wp:post_id>476</wp:post_id>
		<wp:post_date><![CDATA[2020-05-29 00:00:49]]></wp:post_date>
		<wp:post_date_gmt><![CDATA[2020-05-29 00:00:49]]></wp:post_date_gmt>
		<wp:post_modified><![CDATA[2020-05-29 00:00:49]]></wp:post_modified>
		<wp:post_modified_gmt><![CDATA[2020-05-29 00:00:49]]></wp:post_modified_gmt>
		<wp:comment_status><![CDATA[open]]></wp:comment_status>
		<wp:ping_status><![CDATA[closed]]></wp:ping_status>
		<wp:post_name><![CDATA[gumercindo-angeles-alvarez]]></wp:post_name>
		<wp:status><![CDATA[publish]]></wp:status>
		<wp:post_parent>0</wp:post_parent>
		<wp:menu_order>0</wp:menu_order>
		<wp:post_type><![CDATA[valpa_obituario_pt]]></wp:post_type>
		<wp:post_password><![CDATA[]]></wp:post_password>
		<wp:is_sticky>0</wp:is_sticky>
														<wp:postmeta>
		<wp:meta_key><![CDATA[_wp_old_date]]></wp:meta_key>
		<wp:meta_value><![CDATA[2020-08-27]]></wp:meta_value>
		</wp:postmeta>
							<wp:postmeta>
		<wp:meta_key><![CDATA[valpa_no_homenaje_meta]]></wp:meta_key>
		<wp:meta_value><![CDATA[0020000161]]></wp:meta_value>
		</wp:postmeta>
							<wp:postmeta>
		<wp:meta_key><![CDATA[valpa_nacimiento_dia_meta]]></wp:meta_key>
		<wp:meta_value><![CDATA[20]]></wp:meta_value>
		</wp:postmeta>
							<wp:postmeta>
		<wp:meta_key><![CDATA[valpa_nacimiento_mes_meta]]></wp:meta_key>
		<wp:meta_value><![CDATA[02]]></wp:meta_value>
		</wp:postmeta>
							<wp:postmeta>
		<wp:meta_key><![CDATA[valpa_nacimiento_ano_meta]]></wp:meta_key>
		<wp:meta_value><![CDATA[1943]]></wp:meta_value>
		</wp:postmeta>
							<wp:postmeta>
		<wp:meta_key><![CDATA[post_views_count]]></wp:meta_key>
		<wp:meta_value><![CDATA[52]]></wp:meta_value>
		</wp:postmeta>
							</item>
					<item>
		<title><![CDATA[Alberto Melchor Bernal]]></title>
		<link>http://localhost/sass-wp/obituario/alberto-melchor-bernal/</link>
		<pubDate>Fri, 29 May 2020 00:00:49 +0000</pubDate>
		<dc:creator><![CDATA[webmaster]]></dc:creator>
		<guid isPermaLink="false">http://valparaiso.com.mx/?post_type=valpa_obituario_pt&#038;p=477</guid>
		<description></description>
		<content:encoded><![CDATA[]]></content:encoded>
		<excerpt:encoded><![CDATA[]]></excerpt:encoded>
		<wp:post_id>477</wp:post_id>
		<wp:post_date><![CDATA[2020-05-29 00:00:49]]></wp:post_date>
		<wp:post_date_gmt><![CDATA[2020-05-29 00:00:49]]></wp:post_date_gmt>
		<wp:post_modified><![CDATA[2020-05-29 00:00:49]]></wp:post_modified>
		<wp:post_modified_gmt><![CDATA[2020-05-29 00:00:49]]></wp:post_modified_gmt>
		<wp:comment_status><![CDATA[open]]></wp:comment_status>
		<wp:ping_status><![CDATA[closed]]></wp:ping_status>
		<wp:post_name><![CDATA[alberto-melchor-bernal]]></wp:post_name>
		<wp:status><![CDATA[publish]]></wp:status>
		<wp:post_parent>0</wp:post_parent>
		<wp:menu_order>0</wp:menu_order>
		<wp:post_type><![CDATA[valpa_obituario_pt]]></wp:post_type>
		<wp:post_password><![CDATA[]]></wp:post_password>
		<wp:is_sticky>0</wp:is_sticky>
														<wp:postmeta>
		<wp:meta_key><![CDATA[_wp_old_date]]></wp:meta_key>
		<wp:meta_value><![CDATA[2020-08-27]]></wp:meta_value>
		</wp:postmeta>
							<wp:postmeta>
		<wp:meta_key><![CDATA[valpa_no_homenaje_meta]]></wp:meta_key>
		<wp:meta_value><![CDATA[0020000162]]></wp:meta_value>
		</wp:postmeta>
							<wp:postmeta>
		<wp:meta_key><![CDATA[valpa_nacimiento_dia_meta]]></wp:meta_key>
		<wp:meta_value><![CDATA[08]]></wp:meta_value>
		</wp:postmeta>
							<wp:postmeta>
		<wp:meta_key><![CDATA[valpa_nacimiento_mes_meta]]></wp:meta_key>
		<wp:meta_value><![CDATA[04]]></wp:meta_value>
		</wp:postmeta>
							<wp:postmeta>
		<wp:meta_key><![CDATA[valpa_nacimiento_ano_meta]]></wp:meta_key>
		<wp:meta_value><![CDATA[1967]]></wp:meta_value>
		</wp:postmeta>
							<wp:postmeta>
		<wp:meta_key><![CDATA[post_views_count]]></wp:meta_key>
		<wp:meta_value><![CDATA[54]]></wp:meta_value>
		</wp:postmeta>
							</item>
					<item>
		<title><![CDATA[Antelmo Sanchez Ramirez]]></title>
		<link>http://localhost/sass-wp/obituario/antelmo-sanchez-ramirez/</link>
		<pubDate>Sat, 30 May 2020 00:00:26 +0000</pubDate>
		<dc:creator><![CDATA[webmaster]]></dc:creator>
		<guid isPermaLink="false">http://valparaiso.com.mx/?post_type=valpa_obituario_pt&#038;p=478</guid>
		<description></description>
		<content:encoded><![CDATA[]]></content:encoded>
		<excerpt:encoded><![CDATA[]]></excerpt:encoded>
		<wp:post_id>478</wp:post_id>
		<wp:post_date><![CDATA[2020-05-30 00:00:26]]></wp:post_date>
		<wp:post_date_gmt><![CDATA[2020-05-30 00:00:26]]></wp:post_date_gmt>
		<wp:post_modified><![CDATA[2020-05-30 00:00:26]]></wp:post_modified>
		<wp:post_modified_gmt><![CDATA[2020-05-30 00:00:26]]></wp:post_modified_gmt>
		<wp:comment_status><![CDATA[open]]></wp:comment_status>
		<wp:ping_status><![CDATA[closed]]></wp:ping_status>
		<wp:post_name><![CDATA[antelmo-sanchez-ramirez]]></wp:post_name>
		<wp:status><![CDATA[publish]]></wp:status>
		<wp:post_parent>0</wp:post_parent>
		<wp:menu_order>0</wp:menu_order>
		<wp:post_type><![CDATA[valpa_obituario_pt]]></wp:post_type>
		<wp:post_password><![CDATA[]]></wp:post_password>
		<wp:is_sticky>0</wp:is_sticky>
														<wp:postmeta>
		<wp:meta_key><![CDATA[_wp_old_date]]></wp:meta_key>
		<wp:meta_value><![CDATA[2020-08-27]]></wp:meta_value>
		</wp:postmeta>
							<wp:postmeta>
		<wp:meta_key><![CDATA[valpa_no_homenaje_meta]]></wp:meta_key>
		<wp:meta_value><![CDATA[0020000163]]></wp:meta_value>
		</wp:postmeta>
							<wp:postmeta>
		<wp:meta_key><![CDATA[valpa_nacimiento_dia_meta]]></wp:meta_key>
		<wp:meta_value><![CDATA[23]]></wp:meta_value>
		</wp:postmeta>
							<wp:postmeta>
		<wp:meta_key><![CDATA[valpa_nacimiento_mes_meta]]></wp:meta_key>
		<wp:meta_value><![CDATA[05]]></wp:meta_value>
		</wp:postmeta>
							<wp:postmeta>
		<wp:meta_key><![CDATA[valpa_nacimiento_ano_meta]]></wp:meta_key>
		<wp:meta_value><![CDATA[1974]]></wp:meta_value>
		</wp:postmeta>
							<wp:postmeta>
		<wp:meta_key><![CDATA[post_views_count]]></wp:meta_key>
		<wp:meta_value><![CDATA[47]]></wp:meta_value>
		</wp:postmeta>
							</item>
					<item>
		<title><![CDATA[Antonio Sanchez Hernandez]]></title>
		<link>http://localhost/sass-wp/obituario/antonio-sanchez-hernandez/</link>
		<pubDate>Sun, 31 May 2020 00:00:21 +0000</pubDate>
		<dc:creator><![CDATA[webmaster]]></dc:creator>
		<guid isPermaLink="false">http://valparaiso.com.mx/?post_type=valpa_obituario_pt&#038;p=479</guid>
		<description></description>
		<content:encoded><![CDATA[]]></content:encoded>
		<excerpt:encoded><![CDATA[]]></excerpt:encoded>
		<wp:post_id>479</wp:post_id>
		<wp:post_date><![CDATA[2020-05-31 00:00:21]]></wp:post_date>
		<wp:post_date_gmt><![CDATA[2020-05-31 00:00:21]]></wp:post_date_gmt>
		<wp:post_modified><![CDATA[2020-05-31 00:00:21]]></wp:post_modified>
		<wp:post_modified_gmt><![CDATA[2020-05-31 00:00:21]]></wp:post_modified_gmt>
		<wp:comment_status><![CDATA[open]]></wp:comment_status>
		<wp:ping_status><![CDATA[closed]]></wp:ping_status>
		<wp:post_name><![CDATA[antonio-sanchez-hernandez]]></wp:post_name>
		<wp:status><![CDATA[publish]]></wp:status>
		<wp:post_parent>0</wp:post_parent>
		<wp:menu_order>0</wp:menu_order>
		<wp:post_type><![CDATA[valpa_obituario_pt]]></wp:post_type>
		<wp:post_password><![CDATA[]]></wp:post_password>
		<wp:is_sticky>0</wp:is_sticky>
														<wp:postmeta>
		<wp:meta_key><![CDATA[_wp_old_date]]></wp:meta_key>
		<wp:meta_value><![CDATA[2020-08-27]]></wp:meta_value>
		</wp:postmeta>
							<wp:postmeta>
		<wp:meta_key><![CDATA[valpa_no_homenaje_meta]]></wp:meta_key>
		<wp:meta_value><![CDATA[0020000164]]></wp:meta_value>
		</wp:postmeta>
							<wp:postmeta>
		<wp:meta_key><![CDATA[valpa_nacimiento_dia_meta]]></wp:meta_key>
		<wp:meta_value><![CDATA[06]]></wp:meta_value>
		</wp:postmeta>
							<wp:postmeta>
		<wp:meta_key><![CDATA[valpa_nacimiento_mes_meta]]></wp:meta_key>
		<wp:meta_value><![CDATA[11]]></wp:meta_value>
		</wp:postmeta>
							<wp:postmeta>
		<wp:meta_key><![CDATA[valpa_nacimiento_ano_meta]]></wp:meta_key>
		<wp:meta_value><![CDATA[1946]]></wp:meta_value>
		</wp:postmeta>
							<wp:postmeta>
		<wp:meta_key><![CDATA[post_views_count]]></wp:meta_key>
		<wp:meta_value><![CDATA[68]]></wp:meta_value>
		</wp:postmeta>
							</item>
					<item>
		<title><![CDATA[Lugarda Carranza Villafuerte]]></title>
		<link>http://localhost/sass-wp/obituario/lugarda-carranza-villafuerte/</link>
		<pubDate>Sun, 31 May 2020 00:00:02 +0000</pubDate>
		<dc:creator><![CDATA[webmaster]]></dc:creator>
		<guid isPermaLink="false">http://valparaiso.com.mx/?post_type=valpa_obituario_pt&#038;p=480</guid>
		<description></description>
		<content:encoded><![CDATA[]]></content:encoded>
		<excerpt:encoded><![CDATA[]]></excerpt:encoded>
		<wp:post_id>480</wp:post_id>
		<wp:post_date><![CDATA[2020-05-31 00:00:02]]></wp:post_date>
		<wp:post_date_gmt><![CDATA[2020-05-31 00:00:02]]></wp:post_date_gmt>
		<wp:post_modified><![CDATA[2020-05-31 00:00:02]]></wp:post_modified>
		<wp:post_modified_gmt><![CDATA[2020-05-31 00:00:02]]></wp:post_modified_gmt>
		<wp:comment_status><![CDATA[open]]></wp:comment_status>
		<wp:ping_status><![CDATA[closed]]></wp:ping_status>
		<wp:post_name><![CDATA[lugarda-carranza-villafuerte]]></wp:post_name>
		<wp:status><![CDATA[publish]]></wp:status>
		<wp:post_parent>0</wp:post_parent>
		<wp:menu_order>0</wp:menu_order>
		<wp:post_type><![CDATA[valpa_obituario_pt]]></wp:post_type>
		<wp:post_password><![CDATA[]]></wp:post_password>
		<wp:is_sticky>0</wp:is_sticky>
														<wp:postmeta>
		<wp:meta_key><![CDATA[_wp_old_date]]></wp:meta_key>
		<wp:meta_value><![CDATA[2020-08-27]]></wp:meta_value>
		</wp:postmeta>
							<wp:postmeta>
		<wp:meta_key><![CDATA[valpa_no_homenaje_meta]]></wp:meta_key>
		<wp:meta_value><![CDATA[0020000165]]></wp:meta_value>
		</wp:postmeta>
							<wp:postmeta>
		<wp:meta_key><![CDATA[valpa_nacimiento_dia_meta]]></wp:meta_key>
		<wp:meta_value><![CDATA[31]]></wp:meta_value>
		</wp:postmeta>
							<wp:postmeta>
		<wp:meta_key><![CDATA[valpa_nacimiento_mes_meta]]></wp:meta_key>
		<wp:meta_value><![CDATA[05]]></wp:meta_value>
		</wp:postmeta>
							<wp:postmeta>
		<wp:meta_key><![CDATA[valpa_nacimiento_ano_meta]]></wp:meta_key>
		<wp:meta_value><![CDATA[2020]]></wp:meta_value>
		</wp:postmeta>
							<wp:postmeta>
		<wp:meta_key><![CDATA[post_views_count]]></wp:meta_key>
		<wp:meta_value><![CDATA[78]]></wp:meta_value>
		</wp:postmeta>
							</item>
					<item>
		<title><![CDATA[Marcos Hernandez Tejas]]></title>
		<link>http://localhost/sass-wp/obituario/marcos-hernandez-tejas/</link>
		<pubDate>Sun, 31 May 2020 00:00:40 +0000</pubDate>
		<dc:creator><![CDATA[webmaster]]></dc:creator>
		<guid isPermaLink="false">http://valparaiso.com.mx/?post_type=valpa_obituario_pt&#038;p=481</guid>
		<description></description>
		<content:encoded><![CDATA[]]></content:encoded>
		<excerpt:encoded><![CDATA[]]></excerpt:encoded>
		<wp:post_id>481</wp:post_id>
		<wp:post_date><![CDATA[2020-05-31 00:00:40]]></wp:post_date>
		<wp:post_date_gmt><![CDATA[2020-05-31 00:00:40]]></wp:post_date_gmt>
		<wp:post_modified><![CDATA[2020-05-31 00:00:40]]></wp:post_modified>
		<wp:post_modified_gmt><![CDATA[2020-05-31 00:00:40]]></wp:post_modified_gmt>
		<wp:comment_status><![CDATA[open]]></wp:comment_status>
		<wp:ping_status><![CDATA[closed]]></wp:ping_status>
		<wp:post_name><![CDATA[marcos-hernandez-tejas]]></wp:post_name>
		<wp:status><![CDATA[publish]]></wp:status>
		<wp:post_parent>0</wp:post_parent>
		<wp:menu_order>0</wp:menu_order>
		<wp:post_type><![CDATA[valpa_obituario_pt]]></wp:post_type>
		<wp:post_password><![CDATA[]]></wp:post_password>
		<wp:is_sticky>0</wp:is_sticky>
														<wp:postmeta>
		<wp:meta_key><![CDATA[_wp_old_date]]></wp:meta_key>
		<wp:meta_value><![CDATA[2020-08-27]]></wp:meta_value>
		</wp:postmeta>
							<wp:postmeta>
		<wp:meta_key><![CDATA[valpa_no_homenaje_meta]]></wp:meta_key>
		<wp:meta_value><![CDATA[0020000166]]></wp:meta_value>
		</wp:postmeta>
							<wp:postmeta>
		<wp:meta_key><![CDATA[valpa_nacimiento_dia_meta]]></wp:meta_key>
		<wp:meta_value><![CDATA[25]]></wp:meta_value>
		</wp:postmeta>
							<wp:postmeta>
		<wp:meta_key><![CDATA[valpa_nacimiento_mes_meta]]></wp:meta_key>
		<wp:meta_value><![CDATA[04]]></wp:meta_value>
		</wp:postmeta>
							<wp:postmeta>
		<wp:meta_key><![CDATA[valpa_nacimiento_ano_meta]]></wp:meta_key>
		<wp:meta_value><![CDATA[1980]]></wp:meta_value>
		</wp:postmeta>
							<wp:postmeta>
		<wp:meta_key><![CDATA[post_views_count]]></wp:meta_key>
		<wp:meta_value><![CDATA[57]]></wp:meta_value>
		</wp:postmeta>
							</item>
					<item>
		<title><![CDATA[Alicia Gomora Contreras]]></title>
		<link>http://localhost/sass-wp/obituario/alicia-gomora-contreras/</link>
		<pubDate>Sun, 31 May 2020 00:00:28 +0000</pubDate>
		<dc:creator><![CDATA[webmaster]]></dc:creator>
		<guid isPermaLink="false">http://valparaiso.com.mx/?post_type=valpa_obituario_pt&#038;p=482</guid>
		<description></description>
		<content:encoded><![CDATA[]]></content:encoded>
		<excerpt:encoded><![CDATA[]]></excerpt:encoded>
		<wp:post_id>482</wp:post_id>
		<wp:post_date><![CDATA[2020-05-31 00:00:28]]></wp:post_date>
		<wp:post_date_gmt><![CDATA[2020-05-31 00:00:28]]></wp:post_date_gmt>
		<wp:post_modified><![CDATA[2020-05-31 00:00:28]]></wp:post_modified>
		<wp:post_modified_gmt><![CDATA[2020-05-31 00:00:28]]></wp:post_modified_gmt>
		<wp:comment_status><![CDATA[open]]></wp:comment_status>
		<wp:ping_status><![CDATA[closed]]></wp:ping_status>
		<wp:post_name><![CDATA[alicia-gomora-contreras]]></wp:post_name>
		<wp:status><![CDATA[publish]]></wp:status>
		<wp:post_parent>0</wp:post_parent>
		<wp:menu_order>0</wp:menu_order>
		<wp:post_type><![CDATA[valpa_obituario_pt]]></wp:post_type>
		<wp:post_password><![CDATA[]]></wp:post_password>
		<wp:is_sticky>0</wp:is_sticky>
														<wp:postmeta>
		<wp:meta_key><![CDATA[_wp_old_date]]></wp:meta_key>
		<wp:meta_value><![CDATA[2020-08-27]]></wp:meta_value>
		</wp:postmeta>
							<wp:postmeta>
		<wp:meta_key><![CDATA[valpa_no_homenaje_meta]]></wp:meta_key>
		<wp:meta_value><![CDATA[0020000167]]></wp:meta_value>
		</wp:postmeta>
							<wp:postmeta>
		<wp:meta_key><![CDATA[valpa_nacimiento_dia_meta]]></wp:meta_key>
		<wp:meta_value><![CDATA[23]]></wp:meta_value>
		</wp:postmeta>
							<wp:postmeta>
		<wp:meta_key><![CDATA[valpa_nacimiento_mes_meta]]></wp:meta_key>
		<wp:meta_value><![CDATA[06]]></wp:meta_value>
		</wp:postmeta>
							<wp:postmeta>
		<wp:meta_key><![CDATA[valpa_nacimiento_ano_meta]]></wp:meta_key>
		<wp:meta_value><![CDATA[1940]]></wp:meta_value>
		</wp:postmeta>
							<wp:postmeta>
		<wp:meta_key><![CDATA[post_views_count]]></wp:meta_key>
		<wp:meta_value><![CDATA[39]]></wp:meta_value>
		</wp:postmeta>
							</item>
					<item>
		<title><![CDATA[Soltero Romero Esquivel]]></title>
		<link>http://localhost/sass-wp/obituario/soltero-romero-esquivel/</link>
		<pubDate>Sun, 31 May 2020 00:00:22 +0000</pubDate>
		<dc:creator><![CDATA[webmaster]]></dc:creator>
		<guid isPermaLink="false">http://valparaiso.com.mx/?post_type=valpa_obituario_pt&#038;p=483</guid>
		<description></description>
		<content:encoded><![CDATA[]]></content:encoded>
		<excerpt:encoded><![CDATA[]]></excerpt:encoded>
		<wp:post_id>483</wp:post_id>
		<wp:post_date><![CDATA[2020-05-31 00:00:22]]></wp:post_date>
		<wp:post_date_gmt><![CDATA[2020-05-31 00:00:22]]></wp:post_date_gmt>
		<wp:post_modified><![CDATA[2020-05-31 00:00:22]]></wp:post_modified>
		<wp:post_modified_gmt><![CDATA[2020-05-31 00:00:22]]></wp:post_modified_gmt>
		<wp:comment_status><![CDATA[open]]></wp:comment_status>
		<wp:ping_status><![CDATA[closed]]></wp:ping_status>
		<wp:post_name><![CDATA[soltero-romero-esquivel]]></wp:post_name>
		<wp:status><![CDATA[publish]]></wp:status>
		<wp:post_parent>0</wp:post_parent>
		<wp:menu_order>0</wp:menu_order>
		<wp:post_type><![CDATA[valpa_obituario_pt]]></wp:post_type>
		<wp:post_password><![CDATA[]]></wp:post_password>
		<wp:is_sticky>0</wp:is_sticky>
														<wp:postmeta>
		<wp:meta_key><![CDATA[_wp_old_date]]></wp:meta_key>
		<wp:meta_value><![CDATA[2020-08-27]]></wp:meta_value>
		</wp:postmeta>
							<wp:postmeta>
		<wp:meta_key><![CDATA[valpa_no_homenaje_meta]]></wp:meta_key>
		<wp:meta_value><![CDATA[0020000168]]></wp:meta_value>
		</wp:postmeta>
							<wp:postmeta>
		<wp:meta_key><![CDATA[valpa_nacimiento_dia_meta]]></wp:meta_key>
		<wp:meta_value><![CDATA[22]]></wp:meta_value>
		</wp:postmeta>
							<wp:postmeta>
		<wp:meta_key><![CDATA[valpa_nacimiento_mes_meta]]></wp:meta_key>
		<wp:meta_value><![CDATA[04]]></wp:meta_value>
		</wp:postmeta>
							<wp:postmeta>
		<wp:meta_key><![CDATA[valpa_nacimiento_ano_meta]]></wp:meta_key>
		<wp:meta_value><![CDATA[1958]]></wp:meta_value>
		</wp:postmeta>
							<wp:postmeta>
		<wp:meta_key><![CDATA[post_views_count]]></wp:meta_key>
		<wp:meta_value><![CDATA[41]]></wp:meta_value>
		</wp:postmeta>
							</item>
					<item>
		<title><![CDATA[Juan Garcia Diaz]]></title>
		<link>http://localhost/sass-wp/obituario/juan-garcia-diaz/</link>
		<pubDate>Mon, 01 Jun 2020 00:00:05 +0000</pubDate>
		<dc:creator><![CDATA[webmaster]]></dc:creator>
		<guid isPermaLink="false">http://valparaiso.com.mx/?post_type=valpa_obituario_pt&#038;p=484</guid>
		<description></description>
		<content:encoded><![CDATA[]]></content:encoded>
		<excerpt:encoded><![CDATA[]]></excerpt:encoded>
		<wp:post_id>484</wp:post_id>
		<wp:post_date><![CDATA[2020-06-01 00:00:05]]></wp:post_date>
		<wp:post_date_gmt><![CDATA[2020-06-01 00:00:05]]></wp:post_date_gmt>
		<wp:post_modified><![CDATA[2020-06-01 00:00:05]]></wp:post_modified>
		<wp:post_modified_gmt><![CDATA[2020-06-01 00:00:05]]></wp:post_modified_gmt>
		<wp:comment_status><![CDATA[open]]></wp:comment_status>
		<wp:ping_status><![CDATA[closed]]></wp:ping_status>
		<wp:post_name><![CDATA[juan-garcia-diaz]]></wp:post_name>
		<wp:status><![CDATA[publish]]></wp:status>
		<wp:post_parent>0</wp:post_parent>
		<wp:menu_order>0</wp:menu_order>
		<wp:post_type><![CDATA[valpa_obituario_pt]]></wp:post_type>
		<wp:post_password><![CDATA[]]></wp:post_password>
		<wp:is_sticky>0</wp:is_sticky>
														<wp:postmeta>
		<wp:meta_key><![CDATA[_wp_old_date]]></wp:meta_key>
		<wp:meta_value><![CDATA[2020-08-27]]></wp:meta_value>
		</wp:postmeta>
							<wp:postmeta>
		<wp:meta_key><![CDATA[valpa_no_homenaje_meta]]></wp:meta_key>
		<wp:meta_value><![CDATA[0020000169]]></wp:meta_value>
		</wp:postmeta>
							<wp:postmeta>
		<wp:meta_key><![CDATA[valpa_nacimiento_dia_meta]]></wp:meta_key>
		<wp:meta_value><![CDATA[25]]></wp:meta_value>
		</wp:postmeta>
							<wp:postmeta>
		<wp:meta_key><![CDATA[valpa_nacimiento_mes_meta]]></wp:meta_key>
		<wp:meta_value><![CDATA[09]]></wp:meta_value>
		</wp:postmeta>
							<wp:postmeta>
		<wp:meta_key><![CDATA[valpa_nacimiento_ano_meta]]></wp:meta_key>
		<wp:meta_value><![CDATA[1964]]></wp:meta_value>
		</wp:postmeta>
							<wp:postmeta>
		<wp:meta_key><![CDATA[post_views_count]]></wp:meta_key>
		<wp:meta_value><![CDATA[52]]></wp:meta_value>
		</wp:postmeta>
							</item>
					<item>
		<title><![CDATA[Raymundo Alcantara Martinez]]></title>
		<link>http://localhost/sass-wp/obituario/raymundo-alcantara-martinez/</link>
		<pubDate>Mon, 01 Jun 2020 00:00:54 +0000</pubDate>
		<dc:creator><![CDATA[webmaster]]></dc:creator>
		<guid isPermaLink="false">http://valparaiso.com.mx/?post_type=valpa_obituario_pt&#038;p=485</guid>
		<description></description>
		<content:encoded><![CDATA[]]></content:encoded>
		<excerpt:encoded><![CDATA[]]></excerpt:encoded>
		<wp:post_id>485</wp:post_id>
		<wp:post_date><![CDATA[2020-06-01 00:00:54]]></wp:post_date>
		<wp:post_date_gmt><![CDATA[2020-06-01 00:00:54]]></wp:post_date_gmt>
		<wp:post_modified><![CDATA[2020-06-01 00:00:54]]></wp:post_modified>
		<wp:post_modified_gmt><![CDATA[2020-06-01 00:00:54]]></wp:post_modified_gmt>
		<wp:comment_status><![CDATA[open]]></wp:comment_status>
		<wp:ping_status><![CDATA[closed]]></wp:ping_status>
		<wp:post_name><![CDATA[raymundo-alcantara-martinez]]></wp:post_name>
		<wp:status><![CDATA[publish]]></wp:status>
		<wp:post_parent>0</wp:post_parent>
		<wp:menu_order>0</wp:menu_order>
		<wp:post_type><![CDATA[valpa_obituario_pt]]></wp:post_type>
		<wp:post_password><![CDATA[]]></wp:post_password>
		<wp:is_sticky>0</wp:is_sticky>
														<wp:postmeta>
		<wp:meta_key><![CDATA[_wp_old_date]]></wp:meta_key>
		<wp:meta_value><![CDATA[2020-08-27]]></wp:meta_value>
		</wp:postmeta>
							<wp:postmeta>
		<wp:meta_key><![CDATA[valpa_no_homenaje_meta]]></wp:meta_key>
		<wp:meta_value><![CDATA[0020000170]]></wp:meta_value>
		</wp:postmeta>
							<wp:postmeta>
		<wp:meta_key><![CDATA[valpa_nacimiento_dia_meta]]></wp:meta_key>
		<wp:meta_value><![CDATA[15]]></wp:meta_value>
		</wp:postmeta>
							<wp:postmeta>
		<wp:meta_key><![CDATA[valpa_nacimiento_mes_meta]]></wp:meta_key>
		<wp:meta_value><![CDATA[03]]></wp:meta_value>
		</wp:postmeta>
							<wp:postmeta>
		<wp:meta_key><![CDATA[valpa_nacimiento_ano_meta]]></wp:meta_key>
		<wp:meta_value><![CDATA[1956]]></wp:meta_value>
		</wp:postmeta>
							<wp:postmeta>
		<wp:meta_key><![CDATA[post_views_count]]></wp:meta_key>
		<wp:meta_value><![CDATA[55]]></wp:meta_value>
		</wp:postmeta>
							</item>
					<item>
		<title><![CDATA[Isabel Romero Sanchez]]></title>
		<link>http://localhost/sass-wp/obituario/isabel-romero-sanchez/</link>
		<pubDate>Mon, 01 Jun 2020 00:00:37 +0000</pubDate>
		<dc:creator><![CDATA[webmaster]]></dc:creator>
		<guid isPermaLink="false">http://valparaiso.com.mx/?post_type=valpa_obituario_pt&#038;p=486</guid>
		<description></description>
		<content:encoded><![CDATA[]]></content:encoded>
		<excerpt:encoded><![CDATA[]]></excerpt:encoded>
		<wp:post_id>486</wp:post_id>
		<wp:post_date><![CDATA[2020-06-01 00:00:37]]></wp:post_date>
		<wp:post_date_gmt><![CDATA[2020-06-01 00:00:37]]></wp:post_date_gmt>
		<wp:post_modified><![CDATA[2020-06-01 00:00:37]]></wp:post_modified>
		<wp:post_modified_gmt><![CDATA[2020-06-01 00:00:37]]></wp:post_modified_gmt>
		<wp:comment_status><![CDATA[open]]></wp:comment_status>
		<wp:ping_status><![CDATA[closed]]></wp:ping_status>
		<wp:post_name><![CDATA[isabel-romero-sanchez]]></wp:post_name>
		<wp:status><![CDATA[publish]]></wp:status>
		<wp:post_parent>0</wp:post_parent>
		<wp:menu_order>0</wp:menu_order>
		<wp:post_type><![CDATA[valpa_obituario_pt]]></wp:post_type>
		<wp:post_password><![CDATA[]]></wp:post_password>
		<wp:is_sticky>0</wp:is_sticky>
														<wp:postmeta>
		<wp:meta_key><![CDATA[_wp_old_date]]></wp:meta_key>
		<wp:meta_value><![CDATA[2020-08-27]]></wp:meta_value>
		</wp:postmeta>
							<wp:postmeta>
		<wp:meta_key><![CDATA[valpa_no_homenaje_meta]]></wp:meta_key>
		<wp:meta_value><![CDATA[0020000171]]></wp:meta_value>
		</wp:postmeta>
							<wp:postmeta>
		<wp:meta_key><![CDATA[valpa_nacimiento_dia_meta]]></wp:meta_key>
		<wp:meta_value><![CDATA[30]]></wp:meta_value>
		</wp:postmeta>
							<wp:postmeta>
		<wp:meta_key><![CDATA[valpa_nacimiento_mes_meta]]></wp:meta_key>
		<wp:meta_value><![CDATA[06]]></wp:meta_value>
		</wp:postmeta>
							<wp:postmeta>
		<wp:meta_key><![CDATA[valpa_nacimiento_ano_meta]]></wp:meta_key>
		<wp:meta_value><![CDATA[1971]]></wp:meta_value>
		</wp:postmeta>
							<wp:postmeta>
		<wp:meta_key><![CDATA[post_views_count]]></wp:meta_key>
		<wp:meta_value><![CDATA[53]]></wp:meta_value>
		</wp:postmeta>
							</item>
					<item>
		<title><![CDATA[Bertha Maria del Refugio Martinez Luna]]></title>
		<link>http://localhost/sass-wp/obituario/bertha-maria-del-refugio-martinez-luna/</link>
		<pubDate>Tue, 02 Jun 2020 00:00:29 +0000</pubDate>
		<dc:creator><![CDATA[webmaster]]></dc:creator>
		<guid isPermaLink="false">http://valparaiso.com.mx/?post_type=valpa_obituario_pt&#038;p=487</guid>
		<description></description>
		<content:encoded><![CDATA[<img class="alignnone size-full wp-image-2017" src="http://valparaiso.com.mx/wp-content/uploads/2020/06/WhatsApp-Image-2020-06-02-at-1.38.04-PM-1.jpeg" alt="" width="960" height="1280" /> <img class="alignnone size-medium wp-image-2018" src="http://valparaiso.com.mx/wp-content/uploads/2020/06/WhatsApp-Image-2020-06-02-at-1.38.04-PM.jpeg" alt="" width="225" height="300" /> <img class="alignnone size-medium wp-image-2019" src="http://valparaiso.com.mx/wp-content/uploads/2020/06/WhatsApp-Image-2020-06-02-at-1.38.05-PM-1.jpeg" alt="" width="169" height="300" /> <img class="alignnone size-medium wp-image-2020" src="http://valparaiso.com.mx/wp-content/uploads/2020/06/WhatsApp-Image-2020-06-02-at-1.38.05-PM.jpeg" alt="" width="300" height="169" /> <img class="alignnone size-medium wp-image-2021" src="http://valparaiso.com.mx/wp-content/uploads/2020/06/WhatsApp-Image-2020-06-02-at-1.38.05-PM-2.jpeg" alt="" width="300" height="169" /> <img class="alignnone size-medium wp-image-2022" src="http://valparaiso.com.mx/wp-content/uploads/2020/06/WhatsApp-Image-2020-06-02-at-1.38.06-PM-1.jpeg" alt="" width="225" height="300" /> <img class="alignnone size-medium wp-image-2023" src="http://valparaiso.com.mx/wp-content/uploads/2020/06/WhatsApp-Image-2020-06-02-at-1.38.06-PM.jpeg" alt="" width="225" height="300" /> <img class="alignnone size-medium wp-image-2024" src="http://valparaiso.com.mx/wp-content/uploads/2020/06/WhatsApp-Image-2020-06-02-at-1.38.07-PM-1.jpeg" alt="" width="300" height="225" /> <img class="alignnone size-medium wp-image-2025" src="http://valparaiso.com.mx/wp-content/uploads/2020/06/WhatsApp-Image-2020-06-02-at-1.38.07-PM.jpeg" alt="" width="300" height="225" /> <img class="alignnone size-medium wp-image-2026" src="http://valparaiso.com.mx/wp-content/uploads/2020/06/WhatsApp-Image-2020-06-02-at-1.38.08-PM.jpeg" alt="" width="300" height="225" /> <img class="alignnone size-medium wp-image-2027" src="http://valparaiso.com.mx/wp-content/uploads/2020/06/WhatsApp-Image-2020-06-02-at-1.38.09-PM-1.jpeg" alt="" width="300" height="224" /> <img class="alignnone size-medium wp-image-2028" src="http://valparaiso.com.mx/wp-content/uploads/2020/06/WhatsApp-Image-2020-06-02-at-1.38.09-PM.jpeg" alt="" width="300" height="224" /> <img class="alignnone size-medium wp-image-2029" src="http://valparaiso.com.mx/wp-content/uploads/2020/06/WhatsApp-Image-2020-06-02-at-1.38.10-PM.jpeg" alt="" width="300" height="224" /> <img class="alignnone size-medium wp-image-2030" src="http://valparaiso.com.mx/wp-content/uploads/2020/06/WhatsApp-Image-2020-06-02-at-1.38.37-PM-1.jpeg" alt="" width="300" height="169" /> <img class="alignnone size-medium wp-image-2031" src="http://valparaiso.com.mx/wp-content/uploads/2020/06/WhatsApp-Image-2020-06-02-at-1.38.37-PM-2.jpeg" alt="" width="225" height="300" /> <img class="alignnone size-medium wp-image-2032" src="http://valparaiso.com.mx/wp-content/uploads/2020/06/WhatsApp-Image-2020-06-02-at-1.38.37-PM-3.jpeg" alt="" width="300" height="169" /> <img class="alignnone size-medium wp-image-2033" src="http://valparaiso.com.mx/wp-content/uploads/2020/06/WhatsApp-Image-2020-06-02-at-1.38.37-PM.jpeg" alt="" width="225" height="300" /> <img class="alignnone size-medium wp-image-2034" src="http://valparaiso.com.mx/wp-content/uploads/2020/06/WhatsApp-Image-2020-06-02-at-1.38.56-PM.jpeg" alt="" width="300" height="293" /> <img class="alignnone size-medium wp-image-2035" src="http://valparaiso.com.mx/wp-content/uploads/2020/06/WhatsApp-Image-2020-06-02-at-1.39.47-PM.jpeg" alt="" width="300" height="225" /> <img class="alignnone size-medium wp-image-2036" src="http://valparaiso.com.mx/wp-content/uploads/2020/06/WhatsApp-Image-2020-06-02-at-1.40.19-PM-1.jpeg" alt="" width="225" height="300" /> <img class="alignnone size-medium wp-image-2037" src="http://valparaiso.com.mx/wp-content/uploads/2020/06/WhatsApp-Image-2020-06-02-at-1.40.19-PM.jpeg" alt="" width="225" height="300" /> <img class="alignnone size-medium wp-image-2038" src="http://valparaiso.com.mx/wp-content/uploads/2020/06/WhatsApp-Image-2020-06-02-at-2.00.39-PM.jpeg" alt="" width="300" height="300" /> <img class="alignnone size-medium wp-image-2039" src="http://valparaiso.com.mx/wp-content/uploads/2020/06/WhatsApp-Image-2020-06-02-at-1.38.00-PM-1.jpeg" alt="" width="225" height="300" /> <img class="alignnone size-medium wp-image-2040" src="http://valparaiso.com.mx/wp-content/uploads/2020/06/WhatsApp-Image-2020-06-02-at-1.38.00-PM.jpeg" alt="" width="300" height="225" /> <img class="alignnone size-medium wp-image-2041" src="http://valparaiso.com.mx/wp-content/uploads/2020/06/WhatsApp-Image-2020-06-02-at-1.38.01-PM-1.jpeg" alt="" width="300" height="300" /> <img class="alignnone size-medium wp-image-2042" src="http://valparaiso.com.mx/wp-content/uploads/2020/06/WhatsApp-Image-2020-06-02-at-1.38.01-PM.jpeg" alt="" width="225" height="300" /> <img class="alignnone size-medium wp-image-2043" src="http://valparaiso.com.mx/wp-content/uploads/2020/06/WhatsApp-Image-2020-06-02-at-1.38.02-PM-1.jpeg" alt="" width="300" height="225" /> <img class="alignnone size-medium wp-image-2044" src="http://valparaiso.com.mx/wp-content/uploads/2020/06/WhatsApp-Image-2020-06-02-at-1.38.02-PM.jpeg" alt="" width="225" height="300" /> <img class="alignnone size-medium wp-image-2045" src="http://valparaiso.com.mx/wp-content/uploads/2020/06/WhatsApp-Image-2020-06-02-at-1.38.03-PM.jpeg" alt="" width="300" height="225" /> <img class="alignnone size-medium wp-image-2046" src="http://valparaiso.com.mx/wp-content/uploads/2020/06/WhatsApp-Image-2020-06-02-at-1.29.58-PM.jpeg" alt="" width="300" height="225" /> <img class="alignnone size-medium wp-image-2047" src="http://valparaiso.com.mx/wp-content/uploads/2020/06/WhatsApp-Image-2020-06-02-at-1.29.59-PM-1.jpeg" alt="" width="225" height="300" /> <img class="alignnone size-medium wp-image-2048" src="http://valparaiso.com.mx/wp-content/uploads/2020/06/WhatsApp-Image-2020-06-02-at-1.29.59-PM.jpeg" alt="" width="225" height="300" /> <img class="alignnone size-medium wp-image-2049" src="http://valparaiso.com.mx/wp-content/uploads/2020/06/WhatsApp-Image-2020-06-02-at-1.30.00-PM-1.jpeg" alt="" width="225" height="300" /> <img class="alignnone size-medium wp-image-2050" src="http://valparaiso.com.mx/wp-content/uploads/2020/06/WhatsApp-Image-2020-06-02-at-1.30.00-PM.jpeg" alt="" width="225" height="300" /> <img class="alignnone size-medium wp-image-2051" src="http://valparaiso.com.mx/wp-content/uploads/2020/06/WhatsApp-Image-2020-06-02-at-1.30.01-PM-1.jpeg" alt="" width="300" height="225" /> <img class="alignnone size-medium wp-image-2052" src="http://valparaiso.com.mx/wp-content/uploads/2020/06/WhatsApp-Image-2020-06-02-at-1.30.01-PM.jpeg" alt="" width="225" height="300" /> <img class="alignnone size-medium wp-image-2053" src="http://valparaiso.com.mx/wp-content/uploads/2020/06/WhatsApp-Image-2020-06-02-at-1.30.02-PM-1.jpeg" alt="" width="225" height="300" /> <img class="alignnone size-medium wp-image-2054" src="http://valparaiso.com.mx/wp-content/uploads/2020/06/WhatsApp-Image-2020-06-02-at-1.30.02-PM.jpeg" alt="" width="300" height="225" /> <img class="alignnone size-medium wp-image-2055" src="http://valparaiso.com.mx/wp-content/uploads/2020/06/WhatsApp-Image-2020-06-02-at-1.30.03-PM-1.jpeg" alt="" width="225" height="300" /> <img class="alignnone size-medium wp-image-2056" src="http://valparaiso.com.mx/wp-content/uploads/2020/06/WhatsApp-Image-2020-06-02-at-1.30.03-PM.jpeg" alt="" width="225" height="300" /> <img class="alignnone size-medium wp-image-2057" src="http://valparaiso.com.mx/wp-content/uploads/2020/06/WhatsApp-Image-2020-06-02-at-1.30.04-PM.jpeg" alt="" width="300" height="225" /> <img class="alignnone size-medium wp-image-2058" src="http://valparaiso.com.mx/wp-content/uploads/2020/06/WhatsApp-Image-2020-06-02-at-1.30.05-PM-1.jpeg" alt="" width="300" height="225" /> <img class="alignnone size-medium wp-image-2059" src="http://valparaiso.com.mx/wp-content/uploads/2020/06/WhatsApp-Image-2020-06-02-at-1.30.05-PM.jpeg" alt="" width="300" height="225" /> <img class="alignnone size-medium wp-image-2060" src="http://valparaiso.com.mx/wp-content/uploads/2020/06/WhatsApp-Image-2020-06-02-at-1.30.06-PM-1.jpeg" alt="" width="225" height="300" /> <img class="alignnone size-medium wp-image-2061" src="http://valparaiso.com.mx/wp-content/uploads/2020/06/WhatsApp-Image-2020-06-02-at-1.30.06-PM.jpeg" alt="" width="225" height="300" /> <img class="alignnone size-medium wp-image-2062" src="http://valparaiso.com.mx/wp-content/uploads/2020/06/WhatsApp-Image-2020-06-02-at-1.30.08-PM.jpeg" alt="" width="225" height="300" /> <img class="alignnone size-medium wp-image-2063" src="http://valparaiso.com.mx/wp-content/uploads/2020/06/WhatsApp-Image-2020-06-02-at-1.30.09-PM-1.jpeg" alt="" width="300" height="225" /> <img class="alignnone size-medium wp-image-2064" src="http://valparaiso.com.mx/wp-content/uploads/2020/06/WhatsApp-Image-2020-06-02-at-1.30.09-PM.jpeg" alt="" width="300" height="225" /> <img class="alignnone size-medium wp-image-2065" src="http://valparaiso.com.mx/wp-content/uploads/2020/06/WhatsApp-Image-2020-06-02-at-1.30.10-PM-1.jpeg" alt="" width="300" height="225" /> <img class="alignnone size-medium wp-image-2066" src="http://valparaiso.com.mx/wp-content/uploads/2020/06/WhatsApp-Image-2020-06-02-at-1.30.10-PM.jpeg" alt="" width="225" height="300" /> <img class="alignnone size-medium wp-image-2067" src="http://valparaiso.com.mx/wp-content/uploads/2020/06/WhatsApp-Image-2020-06-02-at-1.30.11-PM-1.jpeg" alt="" width="300" height="169" /> <img class="alignnone size-medium wp-image-2068" src="http://valparaiso.com.mx/wp-content/uploads/2020/06/WhatsApp-Image-2020-06-02-at-1.30.11-PM.jpeg" alt="" width="300" height="169" /> <img class="alignnone size-medium wp-image-2069" src="http://valparaiso.com.mx/wp-content/uploads/2020/06/WhatsApp-Image-2020-06-02-at-1.30.12-PM-1.jpeg" alt="" width="300" height="225" /> <img class="alignnone size-medium wp-image-2070" src="http://valparaiso.com.mx/wp-content/uploads/2020/06/WhatsApp-Image-2020-06-02-at-1.30.12-PM.jpeg" alt="" width="225" height="300" /> <img class="alignnone size-medium wp-image-2071" src="http://valparaiso.com.mx/wp-content/uploads/2020/06/WhatsApp-Image-2020-06-02-at-1.30.13-PM-1.jpeg" alt="" width="225" height="300" /> <img class="alignnone size-medium wp-image-2072" src="http://valparaiso.com.mx/wp-content/uploads/2020/06/WhatsApp-Image-2020-06-02-at-1.30.13-PM.jpeg" alt="" width="300" height="225" /> <img class="alignnone size-medium wp-image-2073" src="http://valparaiso.com.mx/wp-content/uploads/2020/06/WhatsApp-Image-2020-06-02-at-1.30.14-PM-1.jpeg" alt="" width="225" height="300" /> <img class="alignnone size-medium wp-image-2074" src="http://valparaiso.com.mx/wp-content/uploads/2020/06/WhatsApp-Image-2020-06-02-at-1.30.14-PM.jpeg" alt="" width="225" height="300" /> <img class="alignnone size-medium wp-image-2075" src="http://valparaiso.com.mx/wp-content/uploads/2020/06/WhatsApp-Image-2020-06-02-at-1.30.15-PM.jpeg" alt="" width="300" height="225" /> <img class="alignnone size-medium wp-image-2076" src="http://valparaiso.com.mx/wp-content/uploads/2020/06/WhatsApp-Image-2020-06-02-at-1.37.54-PM.jpeg" alt="" width="225" height="300" /> <img class="alignnone size-medium wp-image-2077" src="http://valparaiso.com.mx/wp-content/uploads/2020/06/WhatsApp-Image-2020-06-02-at-1.37.55-PM-1.jpeg" alt="" width="225" height="300" /> <img class="alignnone size-medium wp-image-2078" src="http://valparaiso.com.mx/wp-content/uploads/2020/06/WhatsApp-Image-2020-06-02-at-1.37.55-PM.jpeg" alt="" width="225" height="300" /> <img class="alignnone size-medium wp-image-2079" src="http://valparaiso.com.mx/wp-content/uploads/2020/06/WhatsApp-Image-2020-06-02-at-1.37.56-PM-1.jpeg" alt="" width="300" height="225" /> <img class="alignnone size-medium wp-image-2080" src="http://valparaiso.com.mx/wp-content/uploads/2020/06/WhatsApp-Image-2020-06-02-at-1.37.56-PM.jpeg" alt="" width="225" height="300" /> <img class="alignnone size-medium wp-image-2081" src="http://valparaiso.com.mx/wp-content/uploads/2020/06/WhatsApp-Image-2020-06-02-at-1.37.57-PM-1.jpeg" alt="" width="225" height="300" /> <img class="alignnone size-medium wp-image-2082" src="http://valparaiso.com.mx/wp-content/uploads/2020/06/WhatsApp-Image-2020-06-02-at-1.37.57-PM.jpeg" alt="" width="300" height="225" /> <img class="alignnone size-medium wp-image-2083" src="http://valparaiso.com.mx/wp-content/uploads/2020/06/WhatsApp-Image-2020-06-02-at-1.37.58-PM-1.jpeg" alt="" width="300" height="225" /> <img class="alignnone size-medium wp-image-2084" src="http://valparaiso.com.mx/wp-content/uploads/2020/06/WhatsApp-Image-2020-06-02-at-1.37.58-PM.jpeg" alt="" width="300" height="225" /> <img class="alignnone size-medium wp-image-2085" src="http://valparaiso.com.mx/wp-content/uploads/2020/06/WhatsApp-Image-2020-06-02-at-1.37.59-PM.jpeg" alt="" width="225" height="300" />]]></content:encoded>
		<excerpt:encoded><![CDATA[]]></excerpt:encoded>
		<wp:post_id>487</wp:post_id>
		<wp:post_date><![CDATA[2020-06-02 00:00:29]]></wp:post_date>
		<wp:post_date_gmt><![CDATA[2020-06-02 00:00:29]]></wp:post_date_gmt>
		<wp:post_modified><![CDATA[2020-06-02 00:00:29]]></wp:post_modified>
		<wp:post_modified_gmt><![CDATA[2020-06-02 00:00:29]]></wp:post_modified_gmt>
		<wp:comment_status><![CDATA[open]]></wp:comment_status>
		<wp:ping_status><![CDATA[closed]]></wp:ping_status>
		<wp:post_name><![CDATA[bertha-maria-del-refugio-martinez-luna]]></wp:post_name>
		<wp:status><![CDATA[publish]]></wp:status>
		<wp:post_parent>0</wp:post_parent>
		<wp:menu_order>0</wp:menu_order>
		<wp:post_type><![CDATA[valpa_obituario_pt]]></wp:post_type>
		<wp:post_password><![CDATA[]]></wp:post_password>
		<wp:is_sticky>0</wp:is_sticky>
														<wp:postmeta>
		<wp:meta_key><![CDATA[_wp_old_date]]></wp:meta_key>
		<wp:meta_value><![CDATA[2020-08-27]]></wp:meta_value>
		</wp:postmeta>
							<wp:postmeta>
		<wp:meta_key><![CDATA[valpa_no_homenaje_meta]]></wp:meta_key>
		<wp:meta_value><![CDATA[0020000172]]></wp:meta_value>
		</wp:postmeta>
							<wp:postmeta>
		<wp:meta_key><![CDATA[valpa_nacimiento_dia_meta]]></wp:meta_key>
		<wp:meta_value><![CDATA[03]]></wp:meta_value>
		</wp:postmeta>
							<wp:postmeta>
		<wp:meta_key><![CDATA[valpa_nacimiento_mes_meta]]></wp:meta_key>
		<wp:meta_value><![CDATA[07]]></wp:meta_value>
		</wp:postmeta>
							<wp:postmeta>
		<wp:meta_key><![CDATA[valpa_nacimiento_ano_meta]]></wp:meta_key>
		<wp:meta_value><![CDATA[1959]]></wp:meta_value>
		</wp:postmeta>
							<wp:postmeta>
		<wp:meta_key><![CDATA[post_views_count]]></wp:meta_key>
		<wp:meta_value><![CDATA[74]]></wp:meta_value>
		</wp:postmeta>
							</item>
					<item>
		<title><![CDATA[Jose Nezahualcoyotl Cano Tenorio]]></title>
		<link>http://localhost/sass-wp/obituario/jose-nezahualcoyotl-cano-tenorio/</link>
		<pubDate>Tue, 02 Jun 2020 00:00:19 +0000</pubDate>
		<dc:creator><![CDATA[webmaster]]></dc:creator>
		<guid isPermaLink="false">http://valparaiso.com.mx/?post_type=valpa_obituario_pt&#038;p=488</guid>
		<description></description>
		<content:encoded><![CDATA[]]></content:encoded>
		<excerpt:encoded><![CDATA[]]></excerpt:encoded>
		<wp:post_id>488</wp:post_id>
		<wp:post_date><![CDATA[2020-06-02 00:00:19]]></wp:post_date>
		<wp:post_date_gmt><![CDATA[2020-06-02 00:00:19]]></wp:post_date_gmt>
		<wp:post_modified><![CDATA[2020-06-02 00:00:19]]></wp:post_modified>
		<wp:post_modified_gmt><![CDATA[2020-06-02 00:00:19]]></wp:post_modified_gmt>
		<wp:comment_status><![CDATA[open]]></wp:comment_status>
		<wp:ping_status><![CDATA[closed]]></wp:ping_status>
		<wp:post_name><![CDATA[jose-nezahualcoyotl-cano-tenorio]]></wp:post_name>
		<wp:status><![CDATA[publish]]></wp:status>
		<wp:post_parent>0</wp:post_parent>
		<wp:menu_order>0</wp:menu_order>
		<wp:post_type><![CDATA[valpa_obituario_pt]]></wp:post_type>
		<wp:post_password><![CDATA[]]></wp:post_password>
		<wp:is_sticky>0</wp:is_sticky>
														<wp:postmeta>
		<wp:meta_key><![CDATA[_wp_old_date]]></wp:meta_key>
		<wp:meta_value><![CDATA[2020-08-27]]></wp:meta_value>
		</wp:postmeta>
							<wp:postmeta>
		<wp:meta_key><![CDATA[valpa_no_homenaje_meta]]></wp:meta_key>
		<wp:meta_value><![CDATA[0020000173]]></wp:meta_value>
		</wp:postmeta>
							<wp:postmeta>
		<wp:meta_key><![CDATA[valpa_nacimiento_dia_meta]]></wp:meta_key>
		<wp:meta_value><![CDATA[]]></wp:meta_value>
		</wp:postmeta>
							<wp:postmeta>
		<wp:meta_key><![CDATA[valpa_nacimiento_mes_meta]]></wp:meta_key>
		<wp:meta_value><![CDATA[]]></wp:meta_value>
		</wp:postmeta>
							<wp:postmeta>
		<wp:meta_key><![CDATA[valpa_nacimiento_ano_meta]]></wp:meta_key>
		<wp:meta_value><![CDATA[]]></wp:meta_value>
		</wp:postmeta>
							<wp:postmeta>
		<wp:meta_key><![CDATA[post_views_count]]></wp:meta_key>
		<wp:meta_value><![CDATA[65]]></wp:meta_value>
		</wp:postmeta>
							</item>
					<item>
		<title><![CDATA[Joaquin Davila Morales]]></title>
		<link>http://localhost/sass-wp/obituario/joaquin-davila-morales/</link>
		<pubDate>Thu, 04 Jun 2020 00:00:25 +0000</pubDate>
		<dc:creator><![CDATA[webmaster]]></dc:creator>
		<guid isPermaLink="false">http://valparaiso.com.mx/?post_type=valpa_obituario_pt&#038;p=492</guid>
		<description></description>
		<content:encoded><![CDATA[]]></content:encoded>
		<excerpt:encoded><![CDATA[]]></excerpt:encoded>
		<wp:post_id>492</wp:post_id>
		<wp:post_date><![CDATA[2020-06-04 00:00:25]]></wp:post_date>
		<wp:post_date_gmt><![CDATA[2020-06-04 00:00:25]]></wp:post_date_gmt>
		<wp:post_modified><![CDATA[2020-06-04 00:00:25]]></wp:post_modified>
		<wp:post_modified_gmt><![CDATA[2020-06-04 00:00:25]]></wp:post_modified_gmt>
		<wp:comment_status><![CDATA[open]]></wp:comment_status>
		<wp:ping_status><![CDATA[closed]]></wp:ping_status>
		<wp:post_name><![CDATA[joaquin-davila-morales]]></wp:post_name>
		<wp:status><![CDATA[publish]]></wp:status>
		<wp:post_parent>0</wp:post_parent>
		<wp:menu_order>0</wp:menu_order>
		<wp:post_type><![CDATA[valpa_obituario_pt]]></wp:post_type>
		<wp:post_password><![CDATA[]]></wp:post_password>
		<wp:is_sticky>0</wp:is_sticky>
														<wp:postmeta>
		<wp:meta_key><![CDATA[_wp_old_date]]></wp:meta_key>
		<wp:meta_value><![CDATA[2020-08-27]]></wp:meta_value>
		</wp:postmeta>
							<wp:postmeta>
		<wp:meta_key><![CDATA[valpa_no_homenaje_meta]]></wp:meta_key>
		<wp:meta_value><![CDATA[0020000177]]></wp:meta_value>
		</wp:postmeta>
							<wp:postmeta>
		<wp:meta_key><![CDATA[valpa_nacimiento_dia_meta]]></wp:meta_key>
		<wp:meta_value><![CDATA[03]]></wp:meta_value>
		</wp:postmeta>
							<wp:postmeta>
		<wp:meta_key><![CDATA[valpa_nacimiento_mes_meta]]></wp:meta_key>
		<wp:meta_value><![CDATA[06]]></wp:meta_value>
		</wp:postmeta>
							<wp:postmeta>
		<wp:meta_key><![CDATA[valpa_nacimiento_ano_meta]]></wp:meta_key>
		<wp:meta_value><![CDATA[1961]]></wp:meta_value>
		</wp:postmeta>
							<wp:postmeta>
		<wp:meta_key><![CDATA[post_views_count]]></wp:meta_key>
		<wp:meta_value><![CDATA[51]]></wp:meta_value>
		</wp:postmeta>
							</item>
					<item>
		<title><![CDATA[Roberto Pablo Flores]]></title>
		<link>http://localhost/sass-wp/obituario/roberto-pablo-flores/</link>
		<pubDate>Thu, 04 Jun 2020 00:00:17 +0000</pubDate>
		<dc:creator><![CDATA[webmaster]]></dc:creator>
		<guid isPermaLink="false">http://valparaiso.com.mx/?post_type=valpa_obituario_pt&#038;p=493</guid>
		<description></description>
		<content:encoded><![CDATA[]]></content:encoded>
		<excerpt:encoded><![CDATA[]]></excerpt:encoded>
		<wp:post_id>493</wp:post_id>
		<wp:post_date><![CDATA[2020-06-04 00:00:17]]></wp:post_date>
		<wp:post_date_gmt><![CDATA[2020-06-04 00:00:17]]></wp:post_date_gmt>
		<wp:post_modified><![CDATA[2020-06-04 00:00:17]]></wp:post_modified>
		<wp:post_modified_gmt><![CDATA[2020-06-04 00:00:17]]></wp:post_modified_gmt>
		<wp:comment_status><![CDATA[open]]></wp:comment_status>
		<wp:ping_status><![CDATA[closed]]></wp:ping_status>
		<wp:post_name><![CDATA[roberto-pablo-flores]]></wp:post_name>
		<wp:status><![CDATA[publish]]></wp:status>
		<wp:post_parent>0</wp:post_parent>
		<wp:menu_order>0</wp:menu_order>
		<wp:post_type><![CDATA[valpa_obituario_pt]]></wp:post_type>
		<wp:post_password><![CDATA[]]></wp:post_password>
		<wp:is_sticky>0</wp:is_sticky>
														<wp:postmeta>
		<wp:meta_key><![CDATA[valpa_no_homenaje_meta]]></wp:meta_key>
		<wp:meta_value><![CDATA[0020000179]]></wp:meta_value>
		</wp:postmeta>
							<wp:postmeta>
		<wp:meta_key><![CDATA[valpa_nacimiento_dia_meta]]></wp:meta_key>
		<wp:meta_value><![CDATA[16]]></wp:meta_value>
		</wp:postmeta>
							<wp:postmeta>
		<wp:meta_key><![CDATA[valpa_nacimiento_mes_meta]]></wp:meta_key>
		<wp:meta_value><![CDATA[03]]></wp:meta_value>
		</wp:postmeta>
							<wp:postmeta>
		<wp:meta_key><![CDATA[valpa_nacimiento_ano_meta]]></wp:meta_key>
		<wp:meta_value><![CDATA[1976]]></wp:meta_value>
		</wp:postmeta>
							<wp:postmeta>
		<wp:meta_key><![CDATA[post_views_count]]></wp:meta_key>
		<wp:meta_value><![CDATA[42]]></wp:meta_value>
		</wp:postmeta>
							</item>
					<item>
		<title><![CDATA[Maria Elena Alvarez Delgado]]></title>
		<link>http://localhost/sass-wp/obituario/maria-elena-alvarez-delgado/</link>
		<pubDate>Fri, 05 Jun 2020 00:00:10 +0000</pubDate>
		<dc:creator><![CDATA[webmaster]]></dc:creator>
		<guid isPermaLink="false">http://valparaiso.com.mx/?post_type=valpa_obituario_pt&#038;p=494</guid>
		<description></description>
		<content:encoded><![CDATA[<img class="alignnone size-full wp-image-2183" src="http://valparaiso.com.mx/wp-content/uploads/2020/06/15-1.jpeg" alt="" width="720" height="1280" /> <img class="alignnone size-full wp-image-2182" src="http://valparaiso.com.mx/wp-content/uploads/2020/06/14-1.jpeg" alt="" width="960" height="1280" /> <img class="alignnone size-full wp-image-2171" src="http://valparaiso.com.mx/wp-content/uploads/2020/06/27-1.jpeg" alt="" width="959" height="1280" /> <img class="alignnone size-full wp-image-2163" src="http://valparaiso.com.mx/wp-content/uploads/2020/06/19-1.jpeg" alt="" width="640" height="1280" /> <img class="alignnone size-full wp-image-2161" src="http://valparaiso.com.mx/wp-content/uploads/2020/06/16-1.jpeg" alt="" width="585" height="1040" /> <img class="alignnone size-full wp-image-2152" src="http://valparaiso.com.mx/wp-content/uploads/2020/06/45.jpeg" alt="" width="720" height="1280" /> <img class="alignnone size-full wp-image-2151" src="http://valparaiso.com.mx/wp-content/uploads/2020/06/44.jpeg" alt="" width="720" height="1280" /> <img class="alignnone size-full wp-image-2141" src="http://valparaiso.com.mx/wp-content/uploads/2020/06/34-1.jpeg" alt="" width="720" height="1280" /> <img class="alignnone size-full wp-image-2142" src="http://valparaiso.com.mx/wp-content/uploads/2020/06/35-1.jpeg" alt="" width="719" height="1280" /> <img class="alignnone size-full wp-image-2139" src="http://valparaiso.com.mx/wp-content/uploads/2020/06/33-1.jpeg" alt="" width="1280" height="960" /> <img class="alignnone size-full wp-image-2140" src="http://valparaiso.com.mx/wp-content/uploads/2020/06/33-2.jpeg" alt="" width="1280" height="960" /> <img class="alignnone size-full wp-image-2137" src="http://valparaiso.com.mx/wp-content/uploads/2020/06/31-1.jpeg" alt="" width="585" height="1040" /> <img class="alignnone size-full wp-image-2136" src="http://valparaiso.com.mx/wp-content/uploads/2020/06/30-1.jpeg" alt="" width="719" height="1280" /> <img class="alignnone size-full wp-image-2138" src="http://valparaiso.com.mx/wp-content/uploads/2020/06/32-1.jpeg" alt="" width="1024" height="768" /> <img class="alignnone size-full wp-image-2150" src="http://valparaiso.com.mx/wp-content/uploads/2020/06/43-1.jpeg" alt="" width="720" height="1280" /> <img class="alignnone size-full wp-image-2148" src="http://valparaiso.com.mx/wp-content/uploads/2020/06/41-1.jpeg" alt="" width="300" height="400" /> <img class="alignnone size-full wp-image-2159" src="http://valparaiso.com.mx/wp-content/uploads/2020/06/9-1.jpeg" alt="" width="1280" height="960" /> <img class="alignnone size-full wp-image-2164" src="http://valparaiso.com.mx/wp-content/uploads/2020/06/20-1.jpeg" alt="" width="720" height="1280" /> <img class="alignnone size-full wp-image-2166" src="http://valparaiso.com.mx/wp-content/uploads/2020/06/22-2.jpeg" alt="" width="719" height="1280" /> <img class="alignnone size-full wp-image-2169" src="http://valparaiso.com.mx/wp-content/uploads/2020/06/25-2.jpeg" alt="" width="585" height="1040" /> <img class="alignnone size-full wp-image-2147" src="http://valparaiso.com.mx/wp-content/uploads/2020/06/40-1.jpeg" alt="" width="720" height="1280" /> <img class="alignnone size-full wp-image-2143" src="http://valparaiso.com.mx/wp-content/uploads/2020/06/36-1.jpeg" alt="" width="719" height="1280" /> <img class="alignnone size-full wp-image-2158" src="http://valparaiso.com.mx/wp-content/uploads/2020/06/8-1.jpeg" alt="" width="1280" height="960" /> <img class="alignnone size-full wp-image-2157" src="http://valparaiso.com.mx/wp-content/uploads/2020/06/50.jpeg" alt="" width="615" height="1242" /> <img class="alignnone size-full wp-image-2156" src="http://valparaiso.com.mx/wp-content/uploads/2020/06/49.jpeg" alt="" width="720" height="1280" /> <img class="alignnone size-full wp-image-2155" src="http://valparaiso.com.mx/wp-content/uploads/2020/06/48.jpeg" alt="" width="720" height="1280" /> <img class="alignnone size-full wp-image-2153" src="http://valparaiso.com.mx/wp-content/uploads/2020/06/46.jpeg" alt="" width="720" height="1280" /> <img class="alignnone size-full wp-image-2154" src="http://valparaiso.com.mx/wp-content/uploads/2020/06/47.jpeg" alt="" width="640" height="1280" /> <img class="alignnone size-full wp-image-2165" src="http://valparaiso.com.mx/wp-content/uploads/2020/06/21-1.jpeg" alt="" width="720" height="1280" /> <img class="alignnone size-full wp-image-2167" src="http://valparaiso.com.mx/wp-content/uploads/2020/06/23-2.jpeg" alt="" width="464" height="640" /> <img class="alignnone size-full wp-image-2168" src="http://valparaiso.com.mx/wp-content/uploads/2020/06/24-2.jpeg" alt="" width="720" height="1280" /> <img class="alignnone size-full wp-image-2180" src="http://valparaiso.com.mx/wp-content/uploads/2020/06/12-1.jpeg" alt="" width="1280" height="960" /> <img class="alignnone size-full wp-image-2179" src="http://valparaiso.com.mx/wp-content/uploads/2020/06/11-1.jpeg" alt="" width="1084" height="1224" /> <img class="alignnone size-full wp-image-2181" src="http://valparaiso.com.mx/wp-content/uploads/2020/06/13-1.jpeg" alt="" width="1280" height="960" /> <img class="alignnone size-full wp-image-2177" src="http://valparaiso.com.mx/wp-content/uploads/2020/06/10-1.jpeg" alt="" width="833" height="1280" /> <img class="alignnone size-full wp-image-2176" src="http://valparaiso.com.mx/wp-content/uploads/2020/06/9-2.jpeg" alt="" width="1280" height="960" /> <img class="alignnone size-full wp-image-2175" src="http://valparaiso.com.mx/wp-content/uploads/2020/06/8-2.jpeg" alt="" width="1280" height="960" /> <img class="alignnone size-full wp-image-2174" src="http://valparaiso.com.mx/wp-content/uploads/2020/06/7-2.jpeg" alt="" width="436" height="350" /> <img class="alignnone size-full wp-image-2172" src="http://valparaiso.com.mx/wp-content/uploads/2020/06/28-1.jpeg" alt="" width="720" height="540" /> <img class="alignnone size-full wp-image-2160" src="http://valparaiso.com.mx/wp-content/uploads/2020/06/7-1.jpeg" alt="" width="436" height="350" /> <img class="alignnone size-full wp-image-2162" src="http://valparaiso.com.mx/wp-content/uploads/2020/06/17-1.jpeg" alt="" width="455" height="989" /> <img class="alignnone size-full wp-image-2170" src="http://valparaiso.com.mx/wp-content/uploads/2020/06/26-1.jpeg" alt="" width="959" height="1280" /> <img class="alignnone size-full wp-image-2149" src="http://valparaiso.com.mx/wp-content/uploads/2020/06/42-1.jpeg" alt="" width="720" height="1280" />]]></content:encoded>
		<excerpt:encoded><![CDATA[]]></excerpt:encoded>
		<wp:post_id>494</wp:post_id>
		<wp:post_date><![CDATA[2020-06-05 00:00:10]]></wp:post_date>
		<wp:post_date_gmt><![CDATA[2020-06-05 00:00:10]]></wp:post_date_gmt>
		<wp:post_modified><![CDATA[2020-06-05 00:00:10]]></wp:post_modified>
		<wp:post_modified_gmt><![CDATA[2020-06-05 00:00:10]]></wp:post_modified_gmt>
		<wp:comment_status><![CDATA[open]]></wp:comment_status>
		<wp:ping_status><![CDATA[closed]]></wp:ping_status>
		<wp:post_name><![CDATA[maria-elena-alvarez-delgado]]></wp:post_name>
		<wp:status><![CDATA[publish]]></wp:status>
		<wp:post_parent>0</wp:post_parent>
		<wp:menu_order>0</wp:menu_order>
		<wp:post_type><![CDATA[valpa_obituario_pt]]></wp:post_type>
		<wp:post_password><![CDATA[]]></wp:post_password>
		<wp:is_sticky>0</wp:is_sticky>
														<wp:postmeta>
		<wp:meta_key><![CDATA[_wp_old_date]]></wp:meta_key>
		<wp:meta_value><![CDATA[2020-08-27]]></wp:meta_value>
		</wp:postmeta>
							<wp:postmeta>
		<wp:meta_key><![CDATA[valpa_no_homenaje_meta]]></wp:meta_key>
		<wp:meta_value><![CDATA[0020000179]]></wp:meta_value>
		</wp:postmeta>
							<wp:postmeta>
		<wp:meta_key><![CDATA[valpa_nacimiento_dia_meta]]></wp:meta_key>
		<wp:meta_value><![CDATA[01]]></wp:meta_value>
		</wp:postmeta>
							<wp:postmeta>
		<wp:meta_key><![CDATA[valpa_nacimiento_mes_meta]]></wp:meta_key>
		<wp:meta_value><![CDATA[12]]></wp:meta_value>
		</wp:postmeta>
							<wp:postmeta>
		<wp:meta_key><![CDATA[valpa_nacimiento_ano_meta]]></wp:meta_key>
		<wp:meta_value><![CDATA[1964]]></wp:meta_value>
		</wp:postmeta>
							<wp:postmeta>
		<wp:meta_key><![CDATA[post_views_count]]></wp:meta_key>
		<wp:meta_value><![CDATA[44]]></wp:meta_value>
		</wp:postmeta>
							</item>
					<item>
		<title><![CDATA[David Lopez Pascual]]></title>
		<link>http://localhost/sass-wp/obituario/david-lopez-pascual/</link>
		<pubDate>Sat, 06 Jun 2020 00:00:07 +0000</pubDate>
		<dc:creator><![CDATA[webmaster]]></dc:creator>
		<guid isPermaLink="false">http://valparaiso.com.mx/?post_type=valpa_obituario_pt&#038;p=495</guid>
		<description></description>
		<content:encoded><![CDATA[Gracias por ser esa persona sensible por dar todo de ti sin esperar nada a cambio, por caminar siempre juntos de la mano, por mirar siempre hacia la misma direcciÃ³n, gracias por todos esos bellos momentos que pasamos juntos, no te vas por el contrario siempre estas y estarÃ¡s en nuestros corazones por que te amamos mucho.

Que dios siempre te tenga junto a Ã©l. Dios te bendiga siempre, gracias por todo, el mejor padre y el mejor esposo.]]></content:encoded>
		<excerpt:encoded><![CDATA[]]></excerpt:encoded>
		<wp:post_id>495</wp:post_id>
		<wp:post_date><![CDATA[2020-06-06 00:00:07]]></wp:post_date>
		<wp:post_date_gmt><![CDATA[2020-06-06 00:00:07]]></wp:post_date_gmt>
		<wp:post_modified><![CDATA[2020-06-06 00:00:07]]></wp:post_modified>
		<wp:post_modified_gmt><![CDATA[2020-06-06 00:00:07]]></wp:post_modified_gmt>
		<wp:comment_status><![CDATA[open]]></wp:comment_status>
		<wp:ping_status><![CDATA[closed]]></wp:ping_status>
		<wp:post_name><![CDATA[david-lopez-pascual]]></wp:post_name>
		<wp:status><![CDATA[publish]]></wp:status>
		<wp:post_parent>0</wp:post_parent>
		<wp:menu_order>0</wp:menu_order>
		<wp:post_type><![CDATA[valpa_obituario_pt]]></wp:post_type>
		<wp:post_password><![CDATA[]]></wp:post_password>
		<wp:is_sticky>0</wp:is_sticky>
														<wp:postmeta>
		<wp:meta_key><![CDATA[_edit_last]]></wp:meta_key>
		<wp:meta_value><![CDATA[1]]></wp:meta_value>
		</wp:postmeta>
							<wp:postmeta>
		<wp:meta_key><![CDATA[_wp_old_date]]></wp:meta_key>
		<wp:meta_value><![CDATA[2020-08-27]]></wp:meta_value>
		</wp:postmeta>
							<wp:postmeta>
		<wp:meta_key><![CDATA[valpa_no_homenaje_meta]]></wp:meta_key>
		<wp:meta_value><![CDATA[0020000180]]></wp:meta_value>
		</wp:postmeta>
							<wp:postmeta>
		<wp:meta_key><![CDATA[valpa_nacimiento_dia_meta]]></wp:meta_key>
		<wp:meta_value><![CDATA[03]]></wp:meta_value>
		</wp:postmeta>
							<wp:postmeta>
		<wp:meta_key><![CDATA[valpa_nacimiento_mes_meta]]></wp:meta_key>
		<wp:meta_value><![CDATA[07]]></wp:meta_value>
		</wp:postmeta>
							<wp:postmeta>
		<wp:meta_key><![CDATA[valpa_nacimiento_ano_meta]]></wp:meta_key>
		<wp:meta_value><![CDATA[1968]]></wp:meta_value>
		</wp:postmeta>
							<wp:postmeta>
		<wp:meta_key><![CDATA[post_views_count]]></wp:meta_key>
		<wp:meta_value><![CDATA[105]]></wp:meta_value>
		</wp:postmeta>
							<wp:postmeta>
		<wp:meta_key><![CDATA[_thumbnail_id]]></wp:meta_key>
		<wp:meta_value><![CDATA[6653]]></wp:meta_value>
		</wp:postmeta>
							<wp:postmeta>
		<wp:meta_key><![CDATA[servicio_relacionado_meta]]></wp:meta_key>
		<wp:meta_value><![CDATA[a:1:{i:0;s:9:"Domicilio";}]]></wp:meta_value>
		</wp:postmeta>
							<wp:postmeta>
		<wp:meta_key><![CDATA[num_velas_meta]]></wp:meta_key>
		<wp:meta_value><![CDATA[11]]></wp:meta_value>
		</wp:postmeta>
							<wp:postmeta>
		<wp:meta_key><![CDATA[num_recuerdos_meta]]></wp:meta_key>
		<wp:meta_value><![CDATA[5]]></wp:meta_value>
		</wp:postmeta>
							</item>
					<item>
		<title><![CDATA[Carlos Guadalupe Flores GonzÃ¡lez]]></title>
		<link>http://localhost/sass-wp/obituario/carlos-guadalupe-flores-gonzalez/</link>
		<pubDate>Sat, 06 Jun 2020 00:00:11 +0000</pubDate>
		<dc:creator><![CDATA[webmaster]]></dc:creator>
		<guid isPermaLink="false">http://valparaiso.com.mx/?post_type=valpa_obituario_pt&#038;p=496</guid>
		<description></description>
		<content:encoded><![CDATA[Hasta pronto, que brille para ti la luz que no tiene fin.]]></content:encoded>
		<excerpt:encoded><![CDATA[]]></excerpt:encoded>
		<wp:post_id>496</wp:post_id>
		<wp:post_date><![CDATA[2020-06-06 00:00:11]]></wp:post_date>
		<wp:post_date_gmt><![CDATA[2020-06-06 00:00:11]]></wp:post_date_gmt>
		<wp:post_modified><![CDATA[2020-06-06 00:00:11]]></wp:post_modified>
		<wp:post_modified_gmt><![CDATA[2020-06-06 00:00:11]]></wp:post_modified_gmt>
		<wp:comment_status><![CDATA[open]]></wp:comment_status>
		<wp:ping_status><![CDATA[closed]]></wp:ping_status>
		<wp:post_name><![CDATA[carlos-guadalupe-flores-gonzalez]]></wp:post_name>
		<wp:status><![CDATA[publish]]></wp:status>
		<wp:post_parent>0</wp:post_parent>
		<wp:menu_order>0</wp:menu_order>
		<wp:post_type><![CDATA[valpa_obituario_pt]]></wp:post_type>
		<wp:post_password><![CDATA[]]></wp:post_password>
		<wp:is_sticky>0</wp:is_sticky>
														<wp:postmeta>
		<wp:meta_key><![CDATA[_edit_last]]></wp:meta_key>
		<wp:meta_value><![CDATA[1]]></wp:meta_value>
		</wp:postmeta>
							<wp:postmeta>
		<wp:meta_key><![CDATA[_wp_old_date]]></wp:meta_key>
		<wp:meta_value><![CDATA[2020-08-27]]></wp:meta_value>
		</wp:postmeta>
							<wp:postmeta>
		<wp:meta_key><![CDATA[valpa_no_homenaje_meta]]></wp:meta_key>
		<wp:meta_value><![CDATA[0020000181]]></wp:meta_value>
		</wp:postmeta>
							<wp:postmeta>
		<wp:meta_key><![CDATA[valpa_nacimiento_dia_meta]]></wp:meta_key>
		<wp:meta_value><![CDATA[12]]></wp:meta_value>
		</wp:postmeta>
							<wp:postmeta>
		<wp:meta_key><![CDATA[valpa_nacimiento_mes_meta]]></wp:meta_key>
		<wp:meta_value><![CDATA[12]]></wp:meta_value>
		</wp:postmeta>
							<wp:postmeta>
		<wp:meta_key><![CDATA[valpa_nacimiento_ano_meta]]></wp:meta_key>
		<wp:meta_value><![CDATA[1999]]></wp:meta_value>
		</wp:postmeta>
							<wp:postmeta>
		<wp:meta_key><![CDATA[post_views_count]]></wp:meta_key>
		<wp:meta_value><![CDATA[360]]></wp:meta_value>
		</wp:postmeta>
							<wp:postmeta>
		<wp:meta_key><![CDATA[_thumbnail_id]]></wp:meta_key>
		<wp:meta_value><![CDATA[6938]]></wp:meta_value>
		</wp:postmeta>
							<wp:postmeta>
		<wp:meta_key><![CDATA[sucursal_relacionada_meta]]></wp:meta_key>
		<wp:meta_value><![CDATA[a:1:{i:0;s:2:"22";}]]></wp:meta_value>
		</wp:postmeta>
							<wp:postmeta>
		<wp:meta_key><![CDATA[servicio_relacionado_meta]]></wp:meta_key>
		<wp:meta_value><![CDATA[a:1:{i:0;s:9:"Domicilio";}]]></wp:meta_value>
		</wp:postmeta>
							<wp:postmeta>
		<wp:meta_key><![CDATA[num_velas_meta]]></wp:meta_key>
		<wp:meta_value><![CDATA[15]]></wp:meta_value>
		</wp:postmeta>
							<wp:postmeta>
		<wp:meta_key><![CDATA[num_recuerdos_meta]]></wp:meta_key>
		<wp:meta_value><![CDATA[4]]></wp:meta_value>
		</wp:postmeta>
							</item>
					<item>
		<title><![CDATA[Andres Rosalio Sanchez de la Cruz]]></title>
		<link>http://localhost/sass-wp/obituario/andres-rosalio-sanchez-de-la-cruz/</link>
		<pubDate>Sun, 07 Jun 2020 00:00:02 +0000</pubDate>
		<dc:creator><![CDATA[webmaster]]></dc:creator>
		<guid isPermaLink="false">http://valparaiso.com.mx/?post_type=valpa_obituario_pt&#038;p=497</guid>
		<description></description>
		<content:encoded><![CDATA[]]></content:encoded>
		<excerpt:encoded><![CDATA[]]></excerpt:encoded>
		<wp:post_id>497</wp:post_id>
		<wp:post_date><![CDATA[2020-06-07 00:00:02]]></wp:post_date>
		<wp:post_date_gmt><![CDATA[2020-06-07 00:00:02]]></wp:post_date_gmt>
		<wp:post_modified><![CDATA[2020-06-07 00:00:02]]></wp:post_modified>
		<wp:post_modified_gmt><![CDATA[2020-06-07 00:00:02]]></wp:post_modified_gmt>
		<wp:comment_status><![CDATA[open]]></wp:comment_status>
		<wp:ping_status><![CDATA[closed]]></wp:ping_status>
		<wp:post_name><![CDATA[andres-rosalio-sanchez-de-la-cruz]]></wp:post_name>
		<wp:status><![CDATA[publish]]></wp:status>
		<wp:post_parent>0</wp:post_parent>
		<wp:menu_order>0</wp:menu_order>
		<wp:post_type><![CDATA[valpa_obituario_pt]]></wp:post_type>
		<wp:post_password><![CDATA[]]></wp:post_password>
		<wp:is_sticky>0</wp:is_sticky>
														<wp:postmeta>
		<wp:meta_key><![CDATA[_wp_old_date]]></wp:meta_key>
		<wp:meta_value><![CDATA[2020-08-27]]></wp:meta_value>
		</wp:postmeta>
							<wp:postmeta>
		<wp:meta_key><![CDATA[valpa_no_homenaje_meta]]></wp:meta_key>
		<wp:meta_value><![CDATA[0020000182]]></wp:meta_value>
		</wp:postmeta>
							<wp:postmeta>
		<wp:meta_key><![CDATA[valpa_nacimiento_dia_meta]]></wp:meta_key>
		<wp:meta_value><![CDATA[07]]></wp:meta_value>
		</wp:postmeta>
							<wp:postmeta>
		<wp:meta_key><![CDATA[valpa_nacimiento_mes_meta]]></wp:meta_key>
		<wp:meta_value><![CDATA[06]]></wp:meta_value>
		</wp:postmeta>
							<wp:postmeta>
		<wp:meta_key><![CDATA[valpa_nacimiento_ano_meta]]></wp:meta_key>
		<wp:meta_value><![CDATA[2020]]></wp:meta_value>
		</wp:postmeta>
							<wp:postmeta>
		<wp:meta_key><![CDATA[post_views_count]]></wp:meta_key>
		<wp:meta_value><![CDATA[71]]></wp:meta_value>
		</wp:postmeta>
							</item>
					<item>
		<title><![CDATA[Ma. Felix Diaz Fuentes]]></title>
		<link>http://localhost/sass-wp/obituario/ma-felix-diaz-fuentes/</link>
		<pubDate>Sun, 07 Jun 2020 00:00:43 +0000</pubDate>
		<dc:creator><![CDATA[webmaster]]></dc:creator>
		<guid isPermaLink="false">http://valparaiso.com.mx/?post_type=valpa_obituario_pt&#038;p=498</guid>
		<description></description>
		<content:encoded><![CDATA[ue]]></content:encoded>
		<excerpt:encoded><![CDATA[]]></excerpt:encoded>
		<wp:post_id>498</wp:post_id>
		<wp:post_date><![CDATA[2020-06-07 00:00:43]]></wp:post_date>
		<wp:post_date_gmt><![CDATA[2020-06-07 00:00:43]]></wp:post_date_gmt>
		<wp:post_modified><![CDATA[2020-06-07 00:00:43]]></wp:post_modified>
		<wp:post_modified_gmt><![CDATA[2020-06-07 00:00:43]]></wp:post_modified_gmt>
		<wp:comment_status><![CDATA[open]]></wp:comment_status>
		<wp:ping_status><![CDATA[closed]]></wp:ping_status>
		<wp:post_name><![CDATA[ma-felix-diaz-fuentes]]></wp:post_name>
		<wp:status><![CDATA[publish]]></wp:status>
		<wp:post_parent>0</wp:post_parent>
		<wp:menu_order>0</wp:menu_order>
		<wp:post_type><![CDATA[valpa_obituario_pt]]></wp:post_type>
		<wp:post_password><![CDATA[]]></wp:post_password>
		<wp:is_sticky>0</wp:is_sticky>
														<wp:postmeta>
		<wp:meta_key><![CDATA[_wp_old_date]]></wp:meta_key>
		<wp:meta_value><![CDATA[2020-08-27]]></wp:meta_value>
		</wp:postmeta>
							<wp:postmeta>
		<wp:meta_key><![CDATA[valpa_no_homenaje_meta]]></wp:meta_key>
		<wp:meta_value><![CDATA[0020000183]]></wp:meta_value>
		</wp:postmeta>
							<wp:postmeta>
		<wp:meta_key><![CDATA[valpa_nacimiento_dia_meta]]></wp:meta_key>
		<wp:meta_value><![CDATA[20]]></wp:meta_value>
		</wp:postmeta>
							<wp:postmeta>
		<wp:meta_key><![CDATA[valpa_nacimiento_mes_meta]]></wp:meta_key>
		<wp:meta_value><![CDATA[11]]></wp:meta_value>
		</wp:postmeta>
							<wp:postmeta>
		<wp:meta_key><![CDATA[valpa_nacimiento_ano_meta]]></wp:meta_key>
		<wp:meta_value><![CDATA[1957]]></wp:meta_value>
		</wp:postmeta>
							<wp:postmeta>
		<wp:meta_key><![CDATA[post_views_count]]></wp:meta_key>
		<wp:meta_value><![CDATA[56]]></wp:meta_value>
		</wp:postmeta>
							</item>
					<item>
		<title><![CDATA[Alejandra Robles Hurtado]]></title>
		<link>http://localhost/sass-wp/obituario/alejandra-robles-hurtado/</link>
		<pubDate>Mon, 08 Jun 2020 00:00:21 +0000</pubDate>
		<dc:creator><![CDATA[webmaster]]></dc:creator>
		<guid isPermaLink="false">http://valparaiso.com.mx/?post_type=valpa_obituario_pt&#038;p=500</guid>
		<description></description>
		<content:encoded><![CDATA[]]></content:encoded>
		<excerpt:encoded><![CDATA[]]></excerpt:encoded>
		<wp:post_id>500</wp:post_id>
		<wp:post_date><![CDATA[2020-06-08 00:00:21]]></wp:post_date>
		<wp:post_date_gmt><![CDATA[2020-06-08 00:00:21]]></wp:post_date_gmt>
		<wp:post_modified><![CDATA[2020-06-08 00:00:21]]></wp:post_modified>
		<wp:post_modified_gmt><![CDATA[2020-06-08 00:00:21]]></wp:post_modified_gmt>
		<wp:comment_status><![CDATA[open]]></wp:comment_status>
		<wp:ping_status><![CDATA[closed]]></wp:ping_status>
		<wp:post_name><![CDATA[alejandra-robles-hurtado]]></wp:post_name>
		<wp:status><![CDATA[publish]]></wp:status>
		<wp:post_parent>0</wp:post_parent>
		<wp:menu_order>0</wp:menu_order>
		<wp:post_type><![CDATA[valpa_obituario_pt]]></wp:post_type>
		<wp:post_password><![CDATA[]]></wp:post_password>
		<wp:is_sticky>0</wp:is_sticky>
														<wp:postmeta>
		<wp:meta_key><![CDATA[_wp_old_date]]></wp:meta_key>
		<wp:meta_value><![CDATA[2020-08-27]]></wp:meta_value>
		</wp:postmeta>
							<wp:postmeta>
		<wp:meta_key><![CDATA[valpa_no_homenaje_meta]]></wp:meta_key>
		<wp:meta_value><![CDATA[0020000185]]></wp:meta_value>
		</wp:postmeta>
							<wp:postmeta>
		<wp:meta_key><![CDATA[valpa_nacimiento_dia_meta]]></wp:meta_key>
		<wp:meta_value><![CDATA[20]]></wp:meta_value>
		</wp:postmeta>
							<wp:postmeta>
		<wp:meta_key><![CDATA[valpa_nacimiento_mes_meta]]></wp:meta_key>
		<wp:meta_value><![CDATA[03]]></wp:meta_value>
		</wp:postmeta>
							<wp:postmeta>
		<wp:meta_key><![CDATA[valpa_nacimiento_ano_meta]]></wp:meta_key>
		<wp:meta_value><![CDATA[1958]]></wp:meta_value>
		</wp:postmeta>
							<wp:postmeta>
		<wp:meta_key><![CDATA[post_views_count]]></wp:meta_key>
		<wp:meta_value><![CDATA[54]]></wp:meta_value>
		</wp:postmeta>
							</item>
					<item>
		<title><![CDATA[Rosalio Rueda Arias]]></title>
		<link>http://localhost/sass-wp/obituario/rosalio-rueda-arias/</link>
		<pubDate>Mon, 08 Jun 2020 00:00:01 +0000</pubDate>
		<dc:creator><![CDATA[webmaster]]></dc:creator>
		<guid isPermaLink="false">http://valparaiso.com.mx/?post_type=valpa_obituario_pt&#038;p=501</guid>
		<description></description>
		<content:encoded><![CDATA[]]></content:encoded>
		<excerpt:encoded><![CDATA[]]></excerpt:encoded>
		<wp:post_id>501</wp:post_id>
		<wp:post_date><![CDATA[2020-06-08 00:00:01]]></wp:post_date>
		<wp:post_date_gmt><![CDATA[2020-06-08 00:00:01]]></wp:post_date_gmt>
		<wp:post_modified><![CDATA[2020-06-08 00:00:01]]></wp:post_modified>
		<wp:post_modified_gmt><![CDATA[2020-06-08 00:00:01]]></wp:post_modified_gmt>
		<wp:comment_status><![CDATA[open]]></wp:comment_status>
		<wp:ping_status><![CDATA[closed]]></wp:ping_status>
		<wp:post_name><![CDATA[rosalio-rueda-arias]]></wp:post_name>
		<wp:status><![CDATA[publish]]></wp:status>
		<wp:post_parent>0</wp:post_parent>
		<wp:menu_order>0</wp:menu_order>
		<wp:post_type><![CDATA[valpa_obituario_pt]]></wp:post_type>
		<wp:post_password><![CDATA[]]></wp:post_password>
		<wp:is_sticky>0</wp:is_sticky>
														<wp:postmeta>
		<wp:meta_key><![CDATA[_wp_old_date]]></wp:meta_key>
		<wp:meta_value><![CDATA[2020-08-27]]></wp:meta_value>
		</wp:postmeta>
							<wp:postmeta>
		<wp:meta_key><![CDATA[valpa_no_homenaje_meta]]></wp:meta_key>
		<wp:meta_value><![CDATA[0020000186]]></wp:meta_value>
		</wp:postmeta>
							<wp:postmeta>
		<wp:meta_key><![CDATA[valpa_nacimiento_dia_meta]]></wp:meta_key>
		<wp:meta_value><![CDATA[14]]></wp:meta_value>
		</wp:postmeta>
							<wp:postmeta>
		<wp:meta_key><![CDATA[valpa_nacimiento_mes_meta]]></wp:meta_key>
		<wp:meta_value><![CDATA[02]]></wp:meta_value>
		</wp:postmeta>
							<wp:postmeta>
		<wp:meta_key><![CDATA[valpa_nacimiento_ano_meta]]></wp:meta_key>
		<wp:meta_value><![CDATA[1962]]></wp:meta_value>
		</wp:postmeta>
							<wp:postmeta>
		<wp:meta_key><![CDATA[post_views_count]]></wp:meta_key>
		<wp:meta_value><![CDATA[58]]></wp:meta_value>
		</wp:postmeta>
							</item>
					<item>
		<title><![CDATA[Gustavo Monroy Ortega]]></title>
		<link>http://localhost/sass-wp/obituario/gustavo-monroy-ortega/</link>
		<pubDate>Thu, 04 Jun 2020 00:00:34 +0000</pubDate>
		<dc:creator><![CDATA[webmaster]]></dc:creator>
		<guid isPermaLink="false">http://valparaiso.com.mx/?post_type=valpa_obituario_pt&#038;p=5716</guid>
		<description></description>
		<content:encoded><![CDATA[Lo que una vez disfrutamos nunca lo perdemos. Todo los que amamos profundamente se convierte en parte de nosotros mismos.]]></content:encoded>
		<excerpt:encoded><![CDATA[]]></excerpt:encoded>
		<wp:post_id>5716</wp:post_id>
		<wp:post_date><![CDATA[2020-06-04 00:00:34]]></wp:post_date>
		<wp:post_date_gmt><![CDATA[2020-06-04 00:00:34]]></wp:post_date_gmt>
		<wp:post_modified><![CDATA[2020-06-04 00:00:34]]></wp:post_modified>
		<wp:post_modified_gmt><![CDATA[2020-06-04 00:00:34]]></wp:post_modified_gmt>
		<wp:comment_status><![CDATA[open]]></wp:comment_status>
		<wp:ping_status><![CDATA[closed]]></wp:ping_status>
		<wp:post_name><![CDATA[gustavo-monroy-ortega]]></wp:post_name>
		<wp:status><![CDATA[publish]]></wp:status>
		<wp:post_parent>0</wp:post_parent>
		<wp:menu_order>0</wp:menu_order>
		<wp:post_type><![CDATA[valpa_obituario_pt]]></wp:post_type>
		<wp:post_password><![CDATA[]]></wp:post_password>
		<wp:is_sticky>0</wp:is_sticky>
														<wp:postmeta>
		<wp:meta_key><![CDATA[_edit_last]]></wp:meta_key>
		<wp:meta_value><![CDATA[1]]></wp:meta_value>
		</wp:postmeta>
							<wp:postmeta>
		<wp:meta_key><![CDATA[_thumbnail_id]]></wp:meta_key>
		<wp:meta_value><![CDATA[5717]]></wp:meta_value>
		</wp:postmeta>
							<wp:postmeta>
		<wp:meta_key><![CDATA[_wp_old_date]]></wp:meta_key>
		<wp:meta_value><![CDATA[2020-11-11]]></wp:meta_value>
		</wp:postmeta>
							<wp:postmeta>
		<wp:meta_key><![CDATA[sucursal_relacionada_meta]]></wp:meta_key>
		<wp:meta_value><![CDATA[a:1:{i:0;s:2:"22";}]]></wp:meta_value>
		</wp:postmeta>
							<wp:postmeta>
		<wp:meta_key><![CDATA[valpa_no_homenaje_meta]]></wp:meta_key>
		<wp:meta_value><![CDATA[0020000176]]></wp:meta_value>
		</wp:postmeta>
							<wp:postmeta>
		<wp:meta_key><![CDATA[servicio_relacionado_meta]]></wp:meta_key>
		<wp:meta_value><![CDATA[a:1:{i:0;s:9:"Domicilio";}]]></wp:meta_value>
		</wp:postmeta>
							<wp:postmeta>
		<wp:meta_key><![CDATA[valpa_nacimiento_dia_meta]]></wp:meta_key>
		<wp:meta_value><![CDATA[14]]></wp:meta_value>
		</wp:postmeta>
							<wp:postmeta>
		<wp:meta_key><![CDATA[valpa_nacimiento_mes_meta]]></wp:meta_key>
		<wp:meta_value><![CDATA[05]]></wp:meta_value>
		</wp:postmeta>
							<wp:postmeta>
		<wp:meta_key><![CDATA[valpa_nacimiento_ano_meta]]></wp:meta_key>
		<wp:meta_value><![CDATA[1991]]></wp:meta_value>
		</wp:postmeta>
							<wp:postmeta>
		<wp:meta_key><![CDATA[post_views_count]]></wp:meta_key>
		<wp:meta_value><![CDATA[68]]></wp:meta_value>
		</wp:postmeta>
							</item>
					<item>
		<title><![CDATA[Lorenzo Camargo Molina]]></title>
		<link>http://localhost/sass-wp/obituario/lorenzo-camargo-molina/</link>
		<pubDate>Mon, 08 Jun 2020 00:00:40 +0000</pubDate>
		<dc:creator><![CDATA[webmaster]]></dc:creator>
		<guid isPermaLink="false">http://valparaiso.com.mx/?post_type=valpa_obituario_pt&#038;p=499</guid>
		<description></description>
		<content:encoded><![CDATA[]]></content:encoded>
		<excerpt:encoded><![CDATA[]]></excerpt:encoded>
		<wp:post_id>499</wp:post_id>
		<wp:post_date><![CDATA[2020-06-08 00:00:40]]></wp:post_date>
		<wp:post_date_gmt><![CDATA[2020-06-08 00:00:40]]></wp:post_date_gmt>
		<wp:post_modified><![CDATA[2020-06-08 00:00:40]]></wp:post_modified>
		<wp:post_modified_gmt><![CDATA[2020-06-08 00:00:40]]></wp:post_modified_gmt>
		<wp:comment_status><![CDATA[open]]></wp:comment_status>
		<wp:ping_status><![CDATA[closed]]></wp:ping_status>
		<wp:post_name><![CDATA[lorenzo-camargo-molina]]></wp:post_name>
		<wp:status><![CDATA[publish]]></wp:status>
		<wp:post_parent>0</wp:post_parent>
		<wp:menu_order>0</wp:menu_order>
		<wp:post_type><![CDATA[valpa_obituario_pt]]></wp:post_type>
		<wp:post_password><![CDATA[]]></wp:post_password>
		<wp:is_sticky>0</wp:is_sticky>
														<wp:postmeta>
		<wp:meta_key><![CDATA[_wp_old_date]]></wp:meta_key>
		<wp:meta_value><![CDATA[2020-08-27]]></wp:meta_value>
		</wp:postmeta>
							<wp:postmeta>
		<wp:meta_key><![CDATA[valpa_no_homenaje_meta]]></wp:meta_key>
		<wp:meta_value><![CDATA[0020000184]]></wp:meta_value>
		</wp:postmeta>
							<wp:postmeta>
		<wp:meta_key><![CDATA[valpa_nacimiento_dia_meta]]></wp:meta_key>
		<wp:meta_value><![CDATA[05]]></wp:meta_value>
		</wp:postmeta>
							<wp:postmeta>
		<wp:meta_key><![CDATA[valpa_nacimiento_mes_meta]]></wp:meta_key>
		<wp:meta_value><![CDATA[09]]></wp:meta_value>
		</wp:postmeta>
							<wp:postmeta>
		<wp:meta_key><![CDATA[valpa_nacimiento_ano_meta]]></wp:meta_key>
		<wp:meta_value><![CDATA[1929]]></wp:meta_value>
		</wp:postmeta>
							<wp:postmeta>
		<wp:meta_key><![CDATA[post_views_count]]></wp:meta_key>
		<wp:meta_value><![CDATA[53]]></wp:meta_value>
		</wp:postmeta>
							</item>
					<item>
		<title><![CDATA[Modesto Flores Morales]]></title>
		<link>http://localhost/sass-wp/obituario/modesto-flores-morales/</link>
		<pubDate>Tue, 09 Jun 2020 00:00:44 +0000</pubDate>
		<dc:creator><![CDATA[webmaster]]></dc:creator>
		<guid isPermaLink="false">http://valparaiso.com.mx/?post_type=valpa_obituario_pt&#038;p=502</guid>
		<description></description>
		<content:encoded><![CDATA[]]></content:encoded>
		<excerpt:encoded><![CDATA[]]></excerpt:encoded>
		<wp:post_id>502</wp:post_id>
		<wp:post_date><![CDATA[2020-06-09 00:00:44]]></wp:post_date>
		<wp:post_date_gmt><![CDATA[2020-06-09 00:00:44]]></wp:post_date_gmt>
		<wp:post_modified><![CDATA[2020-06-09 00:00:44]]></wp:post_modified>
		<wp:post_modified_gmt><![CDATA[2020-06-09 00:00:44]]></wp:post_modified_gmt>
		<wp:comment_status><![CDATA[open]]></wp:comment_status>
		<wp:ping_status><![CDATA[closed]]></wp:ping_status>
		<wp:post_name><![CDATA[modesto-flores-morales]]></wp:post_name>
		<wp:status><![CDATA[publish]]></wp:status>
		<wp:post_parent>0</wp:post_parent>
		<wp:menu_order>0</wp:menu_order>
		<wp:post_type><![CDATA[valpa_obituario_pt]]></wp:post_type>
		<wp:post_password><![CDATA[]]></wp:post_password>
		<wp:is_sticky>0</wp:is_sticky>
														<wp:postmeta>
		<wp:meta_key><![CDATA[_wp_old_date]]></wp:meta_key>
		<wp:meta_value><![CDATA[2020-08-27]]></wp:meta_value>
		</wp:postmeta>
							<wp:postmeta>
		<wp:meta_key><![CDATA[valpa_no_homenaje_meta]]></wp:meta_key>
		<wp:meta_value><![CDATA[0020000187]]></wp:meta_value>
		</wp:postmeta>
							<wp:postmeta>
		<wp:meta_key><![CDATA[valpa_nacimiento_dia_meta]]></wp:meta_key>
		<wp:meta_value><![CDATA[05]]></wp:meta_value>
		</wp:postmeta>
							<wp:postmeta>
		<wp:meta_key><![CDATA[valpa_nacimiento_mes_meta]]></wp:meta_key>
		<wp:meta_value><![CDATA[02]]></wp:meta_value>
		</wp:postmeta>
							<wp:postmeta>
		<wp:meta_key><![CDATA[valpa_nacimiento_ano_meta]]></wp:meta_key>
		<wp:meta_value><![CDATA[1957]]></wp:meta_value>
		</wp:postmeta>
							<wp:postmeta>
		<wp:meta_key><![CDATA[post_views_count]]></wp:meta_key>
		<wp:meta_value><![CDATA[36]]></wp:meta_value>
		</wp:postmeta>
							</item>
					<item>
		<title><![CDATA[Berenice Aide Evangelista Sanchez]]></title>
		<link>http://localhost/sass-wp/obituario/berenice-aide-evangelista-sanchez/</link>
		<pubDate>Tue, 09 Jun 2020 00:00:33 +0000</pubDate>
		<dc:creator><![CDATA[webmaster]]></dc:creator>
		<guid isPermaLink="false">http://valparaiso.com.mx/?post_type=valpa_obituario_pt&#038;p=503</guid>
		<description></description>
		<content:encoded><![CDATA[<img class="alignnone size-full wp-image-2221" src="http://valparaiso.com.mx/wp-content/uploads/2020/06/17-2.jpeg" alt="" width="720" height="1280" /> <img class="alignnone size-full wp-image-2220" src="http://valparaiso.com.mx/wp-content/uploads/2020/06/16-2.jpeg" alt="" width="720" height="1280" /> <img class="alignnone size-full wp-image-2211" src="http://valparaiso.com.mx/wp-content/uploads/2020/06/4-1.jpeg" alt="" width="720" height="1280" /> <img class="alignnone size-full wp-image-2210" src="http://valparaiso.com.mx/wp-content/uploads/2020/06/3-1.jpeg" alt="" width="720" height="1280" /> <img class="alignnone size-full wp-image-2219" src="http://valparaiso.com.mx/wp-content/uploads/2020/06/15-2.jpeg" alt="" width="720" height="1280" /> <img class="alignnone size-full wp-image-2209" src="http://valparaiso.com.mx/wp-content/uploads/2020/06/2-1.jpeg" alt="" width="720" height="1280" /> <img class="alignnone size-full wp-image-2208" src="http://valparaiso.com.mx/wp-content/uploads/2020/06/1-1.jpeg" alt="" width="720" height="1280" /> <img class="alignnone size-full wp-image-2218" src="http://valparaiso.com.mx/wp-content/uploads/2020/06/14-2.jpeg" alt="" width="441" height="480" /> <img class="alignnone size-full wp-image-2217" src="http://valparaiso.com.mx/wp-content/uploads/2020/06/13-2.jpeg" alt="" width="720" height="1280" /> <img class="alignnone size-full wp-image-2201" src="http://valparaiso.com.mx/wp-content/uploads/2020/06/30-2.jpeg" alt="" width="1280" height="960" /> <img class="alignnone size-full wp-image-2200" src="http://valparaiso.com.mx/wp-content/uploads/2020/06/29-1.jpeg" alt="" width="960" height="1280" /> <img class="alignnone size-full wp-image-2216" src="http://valparaiso.com.mx/wp-content/uploads/2020/06/12-2.jpeg" alt="" width="720" height="1280" /> <img class="alignnone size-full wp-image-2199" src="http://valparaiso.com.mx/wp-content/uploads/2020/06/28-2.jpeg" alt="" width="1280" height="960" /> <img class="alignnone size-full wp-image-2198" src="http://valparaiso.com.mx/wp-content/uploads/2020/06/27-2.jpeg" alt="" width="1280" height="960" /> <img class="alignnone size-full wp-image-2213" src="http://valparaiso.com.mx/wp-content/uploads/2020/06/6-2.jpeg" alt="" width="720" height="1280" /> <img class="alignnone size-full wp-image-2214" src="http://valparaiso.com.mx/wp-content/uploads/2020/06/10-2.jpeg" alt="" width="720" height="1280" /> <img class="alignnone size-full wp-image-2197" src="http://valparaiso.com.mx/wp-content/uploads/2020/06/26-2.jpeg" alt="" width="720" height="1280" /> <img class="alignnone size-full wp-image-2196" src="http://valparaiso.com.mx/wp-content/uploads/2020/06/25-3.jpeg" alt="" width="960" height="1280" /> <img class="alignnone size-full wp-image-2212" src="http://valparaiso.com.mx/wp-content/uploads/2020/06/5-1.jpeg" alt="" width="1280" height="720" /> <img class="alignnone size-full wp-image-2215" src="http://valparaiso.com.mx/wp-content/uploads/2020/06/11-2.jpeg" alt="" width="720" height="1280" /> <img class="alignnone size-full wp-image-2195" src="http://valparaiso.com.mx/wp-content/uploads/2020/06/24-3.jpeg" alt="" width="720" height="1280" /> <img class="alignnone size-full wp-image-2191" src="http://valparaiso.com.mx/wp-content/uploads/2020/06/21-2.jpeg" alt="" width="1280" height="960" /> <img class="alignnone size-full wp-image-2190" src="http://valparaiso.com.mx/wp-content/uploads/2020/06/20-2.jpeg" alt="" width="1280" height="960" /> <img class="alignnone size-full wp-image-2194" src="http://valparaiso.com.mx/wp-content/uploads/2020/06/23-3.jpeg" alt="" width="960" height="1280" /> <img class="alignnone size-full wp-image-2193" src="http://valparaiso.com.mx/wp-content/uploads/2020/06/22-4.jpeg" alt="" width="1280" height="960" /> <img class="alignnone size-full wp-image-2189" src="http://valparaiso.com.mx/wp-content/uploads/2020/06/19-2.jpeg" alt="" width="960" height="1280" /> <img class="alignnone size-full wp-image-2188" src="http://valparaiso.com.mx/wp-content/uploads/2020/06/18-1.jpeg" alt="" width="1280" height="720" /> <img class="alignnone size-full wp-image-2207" src="http://valparaiso.com.mx/wp-content/uploads/2020/06/37-2.jpeg" alt="" width="720" height="1280" /> <img class="alignnone size-full wp-image-2206" src="http://valparaiso.com.mx/wp-content/uploads/2020/06/36-2.jpeg" alt="" width="720" height="1280" /> <img class="alignnone size-full wp-image-2205" src="http://valparaiso.com.mx/wp-content/uploads/2020/06/35-2.jpeg" alt="" width="720" height="1280" /> <img class="alignnone size-full wp-image-2204" src="http://valparaiso.com.mx/wp-content/uploads/2020/06/34-2.jpeg" alt="" width="720" height="1280" /> <img class="alignnone size-full wp-image-2203" src="http://valparaiso.com.mx/wp-content/uploads/2020/06/32-2.jpeg" alt="" width="1280" height="960" /> <img class="alignnone size-full wp-image-2202" src="http://valparaiso.com.mx/wp-content/uploads/2020/06/31-2.jpeg" alt="" width="960" height="1280" /> <img class="alignnone size-full wp-image-2192" src="http://valparaiso.com.mx/wp-content/uploads/2020/06/22-3.jpeg" alt="" width="1280" height="960" />]]></content:encoded>
		<excerpt:encoded><![CDATA[]]></excerpt:encoded>
		<wp:post_id>503</wp:post_id>
		<wp:post_date><![CDATA[2020-06-09 00:00:33]]></wp:post_date>
		<wp:post_date_gmt><![CDATA[2020-06-09 00:00:33]]></wp:post_date_gmt>
		<wp:post_modified><![CDATA[2020-06-09 00:00:33]]></wp:post_modified>
		<wp:post_modified_gmt><![CDATA[2020-06-09 00:00:33]]></wp:post_modified_gmt>
		<wp:comment_status><![CDATA[open]]></wp:comment_status>
		<wp:ping_status><![CDATA[closed]]></wp:ping_status>
		<wp:post_name><![CDATA[berenice-aide-evangelista-sanchez]]></wp:post_name>
		<wp:status><![CDATA[publish]]></wp:status>
		<wp:post_parent>0</wp:post_parent>
		<wp:menu_order>0</wp:menu_order>
		<wp:post_type><![CDATA[valpa_obituario_pt]]></wp:post_type>
		<wp:post_password><![CDATA[]]></wp:post_password>
		<wp:is_sticky>0</wp:is_sticky>
														<wp:postmeta>
		<wp:meta_key><![CDATA[_wp_old_date]]></wp:meta_key>
		<wp:meta_value><![CDATA[2020-08-27]]></wp:meta_value>
		</wp:postmeta>
							<wp:postmeta>
		<wp:meta_key><![CDATA[valpa_no_homenaje_meta]]></wp:meta_key>
		<wp:meta_value><![CDATA[0020000188]]></wp:meta_value>
		</wp:postmeta>
							<wp:postmeta>
		<wp:meta_key><![CDATA[valpa_nacimiento_dia_meta]]></wp:meta_key>
		<wp:meta_value><![CDATA[26]]></wp:meta_value>
		</wp:postmeta>
							<wp:postmeta>
		<wp:meta_key><![CDATA[valpa_nacimiento_mes_meta]]></wp:meta_key>
		<wp:meta_value><![CDATA[02]]></wp:meta_value>
		</wp:postmeta>
							<wp:postmeta>
		<wp:meta_key><![CDATA[valpa_nacimiento_ano_meta]]></wp:meta_key>
		<wp:meta_value><![CDATA[1986]]></wp:meta_value>
		</wp:postmeta>
							<wp:postmeta>
		<wp:meta_key><![CDATA[post_views_count]]></wp:meta_key>
		<wp:meta_value><![CDATA[69]]></wp:meta_value>
		</wp:postmeta>
							</item>
					<item>
		<title><![CDATA[Aaron Padilla Lopez]]></title>
		<link>http://localhost/sass-wp/obituario/aaron-padilla-lopez/</link>
		<pubDate>Wed, 10 Jun 2020 00:00:21 +0000</pubDate>
		<dc:creator><![CDATA[webmaster]]></dc:creator>
		<guid isPermaLink="false">http://valparaiso.com.mx/?post_type=valpa_obituario_pt&#038;p=504</guid>
		<description></description>
		<content:encoded><![CDATA[]]></content:encoded>
		<excerpt:encoded><![CDATA[]]></excerpt:encoded>
		<wp:post_id>504</wp:post_id>
		<wp:post_date><![CDATA[2020-06-10 00:00:21]]></wp:post_date>
		<wp:post_date_gmt><![CDATA[2020-06-10 00:00:21]]></wp:post_date_gmt>
		<wp:post_modified><![CDATA[2020-06-10 00:00:21]]></wp:post_modified>
		<wp:post_modified_gmt><![CDATA[2020-06-10 00:00:21]]></wp:post_modified_gmt>
		<wp:comment_status><![CDATA[open]]></wp:comment_status>
		<wp:ping_status><![CDATA[closed]]></wp:ping_status>
		<wp:post_name><![CDATA[aaron-padilla-lopez]]></wp:post_name>
		<wp:status><![CDATA[publish]]></wp:status>
		<wp:post_parent>0</wp:post_parent>
		<wp:menu_order>0</wp:menu_order>
		<wp:post_type><![CDATA[valpa_obituario_pt]]></wp:post_type>
		<wp:post_password><![CDATA[]]></wp:post_password>
		<wp:is_sticky>0</wp:is_sticky>
														<wp:postmeta>
		<wp:meta_key><![CDATA[_wp_old_date]]></wp:meta_key>
		<wp:meta_value><![CDATA[2020-08-27]]></wp:meta_value>
		</wp:postmeta>
							<wp:postmeta>
		<wp:meta_key><![CDATA[valpa_no_homenaje_meta]]></wp:meta_key>
		<wp:meta_value><![CDATA[0020000189]]></wp:meta_value>
		</wp:postmeta>
							<wp:postmeta>
		<wp:meta_key><![CDATA[valpa_nacimiento_dia_meta]]></wp:meta_key>
		<wp:meta_value><![CDATA[07]]></wp:meta_value>
		</wp:postmeta>
							<wp:postmeta>
		<wp:meta_key><![CDATA[valpa_nacimiento_mes_meta]]></wp:meta_key>
		<wp:meta_value><![CDATA[07]]></wp:meta_value>
		</wp:postmeta>
							<wp:postmeta>
		<wp:meta_key><![CDATA[valpa_nacimiento_ano_meta]]></wp:meta_key>
		<wp:meta_value><![CDATA[1973]]></wp:meta_value>
		</wp:postmeta>
							<wp:postmeta>
		<wp:meta_key><![CDATA[post_views_count]]></wp:meta_key>
		<wp:meta_value><![CDATA[47]]></wp:meta_value>
		</wp:postmeta>
							</item>
					<item>
		<title><![CDATA[Conrrado Vicente Miranda Lopez]]></title>
		<link>http://localhost/sass-wp/obituario/conrrado-vicente-miranda-lopez/</link>
		<pubDate>Wed, 10 Jun 2020 00:00:08 +0000</pubDate>
		<dc:creator><![CDATA[webmaster]]></dc:creator>
		<guid isPermaLink="false">http://valparaiso.com.mx/?post_type=valpa_obituario_pt&#038;p=505</guid>
		<description></description>
		<content:encoded><![CDATA[]]></content:encoded>
		<excerpt:encoded><![CDATA[]]></excerpt:encoded>
		<wp:post_id>505</wp:post_id>
		<wp:post_date><![CDATA[2020-06-10 00:00:08]]></wp:post_date>
		<wp:post_date_gmt><![CDATA[2020-06-10 00:00:08]]></wp:post_date_gmt>
		<wp:post_modified><![CDATA[2020-06-10 00:00:08]]></wp:post_modified>
		<wp:post_modified_gmt><![CDATA[2020-06-10 00:00:08]]></wp:post_modified_gmt>
		<wp:comment_status><![CDATA[open]]></wp:comment_status>
		<wp:ping_status><![CDATA[closed]]></wp:ping_status>
		<wp:post_name><![CDATA[conrrado-vicente-miranda-lopez]]></wp:post_name>
		<wp:status><![CDATA[publish]]></wp:status>
		<wp:post_parent>0</wp:post_parent>
		<wp:menu_order>0</wp:menu_order>
		<wp:post_type><![CDATA[valpa_obituario_pt]]></wp:post_type>
		<wp:post_password><![CDATA[]]></wp:post_password>
		<wp:is_sticky>0</wp:is_sticky>
														<wp:postmeta>
		<wp:meta_key><![CDATA[_wp_old_date]]></wp:meta_key>
		<wp:meta_value><![CDATA[2020-08-27]]></wp:meta_value>
		</wp:postmeta>
							<wp:postmeta>
		<wp:meta_key><![CDATA[valpa_no_homenaje_meta]]></wp:meta_key>
		<wp:meta_value><![CDATA[0020000190]]></wp:meta_value>
		</wp:postmeta>
							<wp:postmeta>
		<wp:meta_key><![CDATA[valpa_nacimiento_dia_meta]]></wp:meta_key>
		<wp:meta_value><![CDATA[24]]></wp:meta_value>
		</wp:postmeta>
							<wp:postmeta>
		<wp:meta_key><![CDATA[valpa_nacimiento_mes_meta]]></wp:meta_key>
		<wp:meta_value><![CDATA[07]]></wp:meta_value>
		</wp:postmeta>
							<wp:postmeta>
		<wp:meta_key><![CDATA[valpa_nacimiento_ano_meta]]></wp:meta_key>
		<wp:meta_value><![CDATA[1968]]></wp:meta_value>
		</wp:postmeta>
							<wp:postmeta>
		<wp:meta_key><![CDATA[post_views_count]]></wp:meta_key>
		<wp:meta_value><![CDATA[57]]></wp:meta_value>
		</wp:postmeta>
							</item>
					<item>
		<title><![CDATA[Oscar Hugo Garcia Becerril]]></title>
		<link>http://localhost/sass-wp/obituario/oscar-hugo-garcia-becerril/</link>
		<pubDate>Thu, 11 Jun 2020 00:00:38 +0000</pubDate>
		<dc:creator><![CDATA[webmaster]]></dc:creator>
		<guid isPermaLink="false">http://valparaiso.com.mx/?post_type=valpa_obituario_pt&#038;p=506</guid>
		<description></description>
		<content:encoded><![CDATA[<img class="alignnone size-full wp-image-2223" src="http://valparaiso.com.mx/wp-content/uploads/2020/06/WhatsApp-Image-2020-06-12-at-10.27.43-AM.jpeg" alt="" width="858" height="1280" /> <img class="alignnone size-full wp-image-2233" src="http://valparaiso.com.mx/wp-content/uploads/2020/06/WhatsApp-Image-2020-06-12-at-10.27.46-AM.jpeg" alt="" width="1280" height="960" /> <img class="alignnone size-medium wp-image-2232" src="http://valparaiso.com.mx/wp-content/uploads/2020/06/WhatsApp-Image-2020-06-12-at-10.27.46-AM-2.jpeg" alt="" width="225" height="300" /> <img class="alignnone size-medium wp-image-2231" src="http://valparaiso.com.mx/wp-content/uploads/2020/06/WhatsApp-Image-2020-06-12-at-10.27.46-AM-1.jpeg" alt="" width="225" height="300" /> <img class="alignnone size-medium wp-image-2230" src="http://valparaiso.com.mx/wp-content/uploads/2020/06/WhatsApp-Image-2020-06-12-at-10.27.45-AM.jpeg" alt="" width="300" height="241" /> <img class="alignnone size-medium wp-image-2229" src="http://valparaiso.com.mx/wp-content/uploads/2020/06/WhatsApp-Image-2020-06-12-at-10.27.45-AM-3.jpeg" alt="" width="300" height="224" /> <img class="alignnone size-medium wp-image-2228" src="http://valparaiso.com.mx/wp-content/uploads/2020/06/WhatsApp-Image-2020-06-12-at-10.27.45-AM-2.jpeg" alt="" width="300" height="198" /> <img class="alignnone size-medium wp-image-2227" src="http://valparaiso.com.mx/wp-content/uploads/2020/06/WhatsApp-Image-2020-06-12-at-10.27.45-AM-1.jpeg" alt="" width="300" height="224" /> <img class="alignnone size-medium wp-image-2226" src="http://valparaiso.com.mx/wp-content/uploads/2020/06/WhatsApp-Image-2020-06-12-at-10.27.44-AM.jpeg" alt="" width="118" height="300" /> <img class="alignnone size-medium wp-image-2225" src="http://valparaiso.com.mx/wp-content/uploads/2020/06/WhatsApp-Image-2020-06-12-at-10.27.44-AM-2.jpeg" alt="" width="192" height="300" /> <img class="alignnone size-medium wp-image-2224" src="http://valparaiso.com.mx/wp-content/uploads/2020/06/WhatsApp-Image-2020-06-12-at-10.27.44-AM-1.jpeg" alt="" width="186" height="300" />]]></content:encoded>
		<excerpt:encoded><![CDATA[]]></excerpt:encoded>
		<wp:post_id>506</wp:post_id>
		<wp:post_date><![CDATA[2020-06-11 00:00:38]]></wp:post_date>
		<wp:post_date_gmt><![CDATA[2020-06-11 00:00:38]]></wp:post_date_gmt>
		<wp:post_modified><![CDATA[2020-06-11 00:00:38]]></wp:post_modified>
		<wp:post_modified_gmt><![CDATA[2020-06-11 00:00:38]]></wp:post_modified_gmt>
		<wp:comment_status><![CDATA[open]]></wp:comment_status>
		<wp:ping_status><![CDATA[closed]]></wp:ping_status>
		<wp:post_name><![CDATA[oscar-hugo-garcia-becerril]]></wp:post_name>
		<wp:status><![CDATA[publish]]></wp:status>
		<wp:post_parent>0</wp:post_parent>
		<wp:menu_order>0</wp:menu_order>
		<wp:post_type><![CDATA[valpa_obituario_pt]]></wp:post_type>
		<wp:post_password><![CDATA[]]></wp:post_password>
		<wp:is_sticky>0</wp:is_sticky>
														<wp:postmeta>
		<wp:meta_key><![CDATA[_wp_old_date]]></wp:meta_key>
		<wp:meta_value><![CDATA[2020-08-27]]></wp:meta_value>
		</wp:postmeta>
							<wp:postmeta>
		<wp:meta_key><![CDATA[valpa_no_homenaje_meta]]></wp:meta_key>
		<wp:meta_value><![CDATA[0020000191]]></wp:meta_value>
		</wp:postmeta>
							<wp:postmeta>
		<wp:meta_key><![CDATA[valpa_nacimiento_dia_meta]]></wp:meta_key>
		<wp:meta_value><![CDATA[23]]></wp:meta_value>
		</wp:postmeta>
							<wp:postmeta>
		<wp:meta_key><![CDATA[valpa_nacimiento_mes_meta]]></wp:meta_key>
		<wp:meta_value><![CDATA[11]]></wp:meta_value>
		</wp:postmeta>
							<wp:postmeta>
		<wp:meta_key><![CDATA[valpa_nacimiento_ano_meta]]></wp:meta_key>
		<wp:meta_value><![CDATA[1933]]></wp:meta_value>
		</wp:postmeta>
							<wp:postmeta>
		<wp:meta_key><![CDATA[post_views_count]]></wp:meta_key>
		<wp:meta_value><![CDATA[48]]></wp:meta_value>
		</wp:postmeta>
							</item>
					<item>
		<title><![CDATA[Jose Sabino Daniel Aguilar Esquivel]]></title>
		<link>http://localhost/sass-wp/obituario/jose-sabino-daniel-aguilar-esquivel/</link>
		<pubDate>Thu, 11 Jun 2020 00:00:43 +0000</pubDate>
		<dc:creator><![CDATA[webmaster]]></dc:creator>
		<guid isPermaLink="false">http://valparaiso.com.mx/?post_type=valpa_obituario_pt&#038;p=507</guid>
		<description></description>
		<content:encoded><![CDATA[]]></content:encoded>
		<excerpt:encoded><![CDATA[]]></excerpt:encoded>
		<wp:post_id>507</wp:post_id>
		<wp:post_date><![CDATA[2020-06-11 00:00:43]]></wp:post_date>
		<wp:post_date_gmt><![CDATA[2020-06-11 00:00:43]]></wp:post_date_gmt>
		<wp:post_modified><![CDATA[2020-06-11 00:00:43]]></wp:post_modified>
		<wp:post_modified_gmt><![CDATA[2020-06-11 00:00:43]]></wp:post_modified_gmt>
		<wp:comment_status><![CDATA[open]]></wp:comment_status>
		<wp:ping_status><![CDATA[closed]]></wp:ping_status>
		<wp:post_name><![CDATA[jose-sabino-daniel-aguilar-esquivel]]></wp:post_name>
		<wp:status><![CDATA[publish]]></wp:status>
		<wp:post_parent>0</wp:post_parent>
		<wp:menu_order>0</wp:menu_order>
		<wp:post_type><![CDATA[valpa_obituario_pt]]></wp:post_type>
		<wp:post_password><![CDATA[]]></wp:post_password>
		<wp:is_sticky>0</wp:is_sticky>
														<wp:postmeta>
		<wp:meta_key><![CDATA[_wp_old_date]]></wp:meta_key>
		<wp:meta_value><![CDATA[2020-08-27]]></wp:meta_value>
		</wp:postmeta>
							<wp:postmeta>
		<wp:meta_key><![CDATA[valpa_no_homenaje_meta]]></wp:meta_key>
		<wp:meta_value><![CDATA[0020000192]]></wp:meta_value>
		</wp:postmeta>
							<wp:postmeta>
		<wp:meta_key><![CDATA[valpa_nacimiento_dia_meta]]></wp:meta_key>
		<wp:meta_value><![CDATA[29]]></wp:meta_value>
		</wp:postmeta>
							<wp:postmeta>
		<wp:meta_key><![CDATA[valpa_nacimiento_mes_meta]]></wp:meta_key>
		<wp:meta_value><![CDATA[08]]></wp:meta_value>
		</wp:postmeta>
							<wp:postmeta>
		<wp:meta_key><![CDATA[valpa_nacimiento_ano_meta]]></wp:meta_key>
		<wp:meta_value><![CDATA[1961]]></wp:meta_value>
		</wp:postmeta>
							<wp:postmeta>
		<wp:meta_key><![CDATA[post_views_count]]></wp:meta_key>
		<wp:meta_value><![CDATA[61]]></wp:meta_value>
		</wp:postmeta>
							</item>
					<item>
		<title><![CDATA[Luz de Lourdes Ruesga Arellano]]></title>
		<link>http://localhost/sass-wp/obituario/luz-de-lourdes-ruesga-arellano/</link>
		<pubDate>Thu, 11 Jun 2020 00:00:40 +0000</pubDate>
		<dc:creator><![CDATA[webmaster]]></dc:creator>
		<guid isPermaLink="false">http://valparaiso.com.mx/?post_type=valpa_obituario_pt&#038;p=508</guid>
		<description></description>
		<content:encoded><![CDATA[]]></content:encoded>
		<excerpt:encoded><![CDATA[]]></excerpt:encoded>
		<wp:post_id>508</wp:post_id>
		<wp:post_date><![CDATA[2020-06-11 00:00:40]]></wp:post_date>
		<wp:post_date_gmt><![CDATA[2020-06-11 00:00:40]]></wp:post_date_gmt>
		<wp:post_modified><![CDATA[2020-06-11 00:00:40]]></wp:post_modified>
		<wp:post_modified_gmt><![CDATA[2020-06-11 00:00:40]]></wp:post_modified_gmt>
		<wp:comment_status><![CDATA[open]]></wp:comment_status>
		<wp:ping_status><![CDATA[closed]]></wp:ping_status>
		<wp:post_name><![CDATA[luz-de-lourdes-ruesga-arellano]]></wp:post_name>
		<wp:status><![CDATA[publish]]></wp:status>
		<wp:post_parent>0</wp:post_parent>
		<wp:menu_order>0</wp:menu_order>
		<wp:post_type><![CDATA[valpa_obituario_pt]]></wp:post_type>
		<wp:post_password><![CDATA[]]></wp:post_password>
		<wp:is_sticky>0</wp:is_sticky>
														<wp:postmeta>
		<wp:meta_key><![CDATA[_wp_old_date]]></wp:meta_key>
		<wp:meta_value><![CDATA[2020-08-27]]></wp:meta_value>
		</wp:postmeta>
							<wp:postmeta>
		<wp:meta_key><![CDATA[valpa_no_homenaje_meta]]></wp:meta_key>
		<wp:meta_value><![CDATA[0020000193]]></wp:meta_value>
		</wp:postmeta>
							<wp:postmeta>
		<wp:meta_key><![CDATA[valpa_nacimiento_dia_meta]]></wp:meta_key>
		<wp:meta_value><![CDATA[24]]></wp:meta_value>
		</wp:postmeta>
							<wp:postmeta>
		<wp:meta_key><![CDATA[valpa_nacimiento_mes_meta]]></wp:meta_key>
		<wp:meta_value><![CDATA[04]]></wp:meta_value>
		</wp:postmeta>
							<wp:postmeta>
		<wp:meta_key><![CDATA[valpa_nacimiento_ano_meta]]></wp:meta_key>
		<wp:meta_value><![CDATA[1963]]></wp:meta_value>
		</wp:postmeta>
							<wp:postmeta>
		<wp:meta_key><![CDATA[post_views_count]]></wp:meta_key>
		<wp:meta_value><![CDATA[56]]></wp:meta_value>
		</wp:postmeta>
							</item>
					<item>
		<title><![CDATA[Aurelio MontaÃ±o Morales]]></title>
		<link>http://localhost/sass-wp/obituario/aurelio-montano-morales/</link>
		<pubDate>Thu, 11 Jun 2020 00:00:29 +0000</pubDate>
		<dc:creator><![CDATA[webmaster]]></dc:creator>
		<guid isPermaLink="false">http://valparaiso.com.mx/?post_type=valpa_obituario_pt&#038;p=509</guid>
		<description></description>
		<content:encoded><![CDATA[<img class="alignnone size-full wp-image-2235" src="http://valparaiso.com.mx/wp-content/uploads/2020/06/1-2.jpeg" alt="" width="780" height="1040" /> <img class="alignnone size-medium wp-image-2236" src="http://valparaiso.com.mx/wp-content/uploads/2020/06/2-2.jpeg" alt="" width="258" height="300" /> <img class="alignnone size-medium wp-image-2237" src="http://valparaiso.com.mx/wp-content/uploads/2020/06/3-2.jpeg" alt="" width="139" height="300" /> <img class="alignnone size-medium wp-image-2238" src="http://valparaiso.com.mx/wp-content/uploads/2020/06/4-2.jpeg" alt="" width="300" height="282" /> <img class="alignnone size-medium wp-image-2239" src="http://valparaiso.com.mx/wp-content/uploads/2020/06/5-2.jpeg" alt="" width="258" height="300" /> <img class="alignnone size-medium wp-image-2240" src="http://valparaiso.com.mx/wp-content/uploads/2020/06/6-3.jpeg" alt="" width="225" height="300" /> <img class="alignnone size-medium wp-image-2241" src="http://valparaiso.com.mx/wp-content/uploads/2020/06/7-3.jpeg" alt="" width="300" height="225" /> <img class="alignnone size-medium wp-image-2242" src="http://valparaiso.com.mx/wp-content/uploads/2020/06/8-3.jpeg" alt="" width="300" height="225" /> <img class="alignnone size-medium wp-image-2243" src="http://valparaiso.com.mx/wp-content/uploads/2020/06/9-3.jpeg" alt="" width="225" height="300" /> <img class="alignnone size-medium wp-image-2244" src="http://valparaiso.com.mx/wp-content/uploads/2020/06/10-3.jpeg" alt="" width="225" height="300" /> <img class="alignnone size-medium wp-image-2245" src="http://valparaiso.com.mx/wp-content/uploads/2020/06/11-3.jpeg" alt="" width="240" height="300" /> <img class="alignnone size-medium wp-image-2246" src="http://valparaiso.com.mx/wp-content/uploads/2020/06/12-3.jpeg" alt="" width="249" height="300" /> <img class="alignnone size-medium wp-image-2247" src="http://valparaiso.com.mx/wp-content/uploads/2020/06/13-3.jpeg" alt="" width="300" height="225" /> <img class="alignnone size-medium wp-image-2248" src="http://valparaiso.com.mx/wp-content/uploads/2020/06/14-3.jpeg" alt="" width="300" height="225" /> <img class="alignnone size-medium wp-image-2249" src="http://valparaiso.com.mx/wp-content/uploads/2020/06/15-3.jpeg" alt="" width="300" height="180" /> <img class="alignnone size-medium wp-image-2250" src="http://valparaiso.com.mx/wp-content/uploads/2020/06/16-3.jpeg" alt="" width="300" height="225" /> <img class="alignnone size-medium wp-image-2251" src="http://valparaiso.com.mx/wp-content/uploads/2020/06/17-3.jpeg" alt="" width="225" height="300" /> <img class="alignnone size-medium wp-image-2252" src="http://valparaiso.com.mx/wp-content/uploads/2020/06/18-2.jpeg" alt="" width="300" height="225" /> <img class="alignnone size-medium wp-image-2253" src="http://valparaiso.com.mx/wp-content/uploads/2020/06/19-3.jpeg" alt="" width="225" height="300" /> <img class="alignnone size-medium wp-image-2254" src="http://valparaiso.com.mx/wp-content/uploads/2020/06/20-3.jpeg" alt="" width="225" height="300" /> <img class="alignnone size-medium wp-image-2255" src="http://valparaiso.com.mx/wp-content/uploads/2020/06/21-3.jpeg" alt="" width="225" height="300" /> <img class="alignnone size-medium wp-image-2256" src="http://valparaiso.com.mx/wp-content/uploads/2020/06/22-5.jpeg" alt="" width="300" height="144" /> <img class="alignnone size-medium wp-image-2257" src="http://valparaiso.com.mx/wp-content/uploads/2020/06/23-4.jpeg" alt="" width="300" height="225" /> <img class="alignnone size-medium wp-image-2258" src="http://valparaiso.com.mx/wp-content/uploads/2020/06/24-4.jpeg" alt="" width="144" height="300" /> <img class="alignnone size-medium wp-image-2259" src="http://valparaiso.com.mx/wp-content/uploads/2020/06/25-4.jpeg" alt="" width="220" height="300" /> <img class="alignnone size-medium wp-image-2260" src="http://valparaiso.com.mx/wp-content/uploads/2020/06/26-3.jpeg" alt="" width="150" height="300" /> <img class="alignnone size-medium wp-image-2261" src="http://valparaiso.com.mx/wp-content/uploads/2020/06/27-3.jpeg" alt="" width="188" height="300" /> <img class="alignnone size-medium wp-image-2262" src="http://valparaiso.com.mx/wp-content/uploads/2020/06/28-3.jpeg" alt="" width="161" height="300" /> <img class="alignnone size-medium wp-image-2263" src="http://valparaiso.com.mx/wp-content/uploads/2020/06/29-2.jpeg" alt="" width="300" height="180" /> <img class="alignnone size-medium wp-image-2264" src="http://valparaiso.com.mx/wp-content/uploads/2020/06/30-3.jpeg" alt="" width="225" height="300" /> <img class="alignnone size-medium wp-image-2265" src="http://valparaiso.com.mx/wp-content/uploads/2020/06/31-3.jpeg" alt="" width="225" height="300" />]]></content:encoded>
		<excerpt:encoded><![CDATA[]]></excerpt:encoded>
		<wp:post_id>509</wp:post_id>
		<wp:post_date><![CDATA[2020-06-11 00:00:29]]></wp:post_date>
		<wp:post_date_gmt><![CDATA[2020-06-11 00:00:29]]></wp:post_date_gmt>
		<wp:post_modified><![CDATA[2020-06-11 00:00:29]]></wp:post_modified>
		<wp:post_modified_gmt><![CDATA[2020-06-11 00:00:29]]></wp:post_modified_gmt>
		<wp:comment_status><![CDATA[open]]></wp:comment_status>
		<wp:ping_status><![CDATA[closed]]></wp:ping_status>
		<wp:post_name><![CDATA[aurelio-montano-morales]]></wp:post_name>
		<wp:status><![CDATA[publish]]></wp:status>
		<wp:post_parent>0</wp:post_parent>
		<wp:menu_order>0</wp:menu_order>
		<wp:post_type><![CDATA[valpa_obituario_pt]]></wp:post_type>
		<wp:post_password><![CDATA[]]></wp:post_password>
		<wp:is_sticky>0</wp:is_sticky>
														<wp:postmeta>
		<wp:meta_key><![CDATA[_wp_old_date]]></wp:meta_key>
		<wp:meta_value><![CDATA[2020-08-27]]></wp:meta_value>
		</wp:postmeta>
							<wp:postmeta>
		<wp:meta_key><![CDATA[valpa_no_homenaje_meta]]></wp:meta_key>
		<wp:meta_value><![CDATA[0020000194]]></wp:meta_value>
		</wp:postmeta>
							<wp:postmeta>
		<wp:meta_key><![CDATA[valpa_nacimiento_dia_meta]]></wp:meta_key>
		<wp:meta_value><![CDATA[16]]></wp:meta_value>
		</wp:postmeta>
							<wp:postmeta>
		<wp:meta_key><![CDATA[valpa_nacimiento_mes_meta]]></wp:meta_key>
		<wp:meta_value><![CDATA[09]]></wp:meta_value>
		</wp:postmeta>
							<wp:postmeta>
		<wp:meta_key><![CDATA[valpa_nacimiento_ano_meta]]></wp:meta_key>
		<wp:meta_value><![CDATA[1935]]></wp:meta_value>
		</wp:postmeta>
							<wp:postmeta>
		<wp:meta_key><![CDATA[post_views_count]]></wp:meta_key>
		<wp:meta_value><![CDATA[63]]></wp:meta_value>
		</wp:postmeta>
							</item>
					<item>
		<title><![CDATA[Martin Fuentes Sanchez]]></title>
		<link>http://localhost/sass-wp/obituario/martin-fuentes-sanchez/</link>
		<pubDate>Thu, 11 Jun 2020 00:00:07 +0000</pubDate>
		<dc:creator><![CDATA[webmaster]]></dc:creator>
		<guid isPermaLink="false">http://valparaiso.com.mx/?post_type=valpa_obituario_pt&#038;p=510</guid>
		<description></description>
		<content:encoded><![CDATA[<img class="alignnone size-full wp-image-2267" src="http://valparaiso.com.mx/wp-content/uploads/2020/06/0a22c278-fefc-4378-9c9c-489f0bda4532.jpg" alt="" width="960" height="1280" /> <img class="alignnone size-medium wp-image-2268" src="http://valparaiso.com.mx/wp-content/uploads/2020/06/1ceb8c5c-1405-4d25-9697-db98fca6d325.jpg" alt="" width="169" height="300" /> <img class="alignnone size-medium wp-image-2269" src="http://valparaiso.com.mx/wp-content/uploads/2020/06/1f594322-7aba-4940-a704-43c0561d3fda.jpg" alt="" width="146" height="300" /> <img class="alignnone size-medium wp-image-2270" src="http://valparaiso.com.mx/wp-content/uploads/2020/06/3afec711-4769-46a8-a930-0bae9b2b4450.jpg" alt="" width="169" height="300" /> <img class="alignnone size-medium wp-image-2271" src="http://valparaiso.com.mx/wp-content/uploads/2020/06/4d596dcd-24c7-4bd4-aa3d-aa4be228a1dc.jpg" alt="" width="300" height="225" /> <img class="alignnone size-medium wp-image-2272" src="http://valparaiso.com.mx/wp-content/uploads/2020/06/4daea74d-7f2e-418c-a97e-237abe1a17ef.jpg" alt="" width="226" height="300" /> <img class="alignnone size-medium wp-image-2273" src="http://valparaiso.com.mx/wp-content/uploads/2020/06/5be910f3-66ad-4126-8cef-7f1fced9ff6e.jpg" alt="" width="146" height="300" /> <img class="alignnone size-medium wp-image-2274" src="http://valparaiso.com.mx/wp-content/uploads/2020/06/6c0bc366-6a79-4504-a0de-19433a591ee4.jpg" alt="" width="300" height="169" /> <img class="alignnone size-medium wp-image-2275" src="http://valparaiso.com.mx/wp-content/uploads/2020/06/6fd76944-b7a2-4ed0-a2b2-61ffd9032769-rotated.jpg" alt="" width="146" height="300" /> <img class="alignnone size-medium wp-image-2276" src="http://valparaiso.com.mx/wp-content/uploads/2020/06/7a093c07-30ed-4aee-ab1c-594bee989b86.jpg" alt="" width="169" height="300" /> <img class="alignnone size-medium wp-image-2277" src="http://valparaiso.com.mx/wp-content/uploads/2020/06/7c8bfb0a-080a-4d51-aae9-8c8d567662a9.jpg" alt="" width="300" height="300" /> <img class="alignnone size-medium wp-image-2278" src="http://valparaiso.com.mx/wp-content/uploads/2020/06/7d435924-a240-4ce4-af8e-fea51390bb6d.jpg" alt="" width="225" height="300" /> <img class="alignnone size-medium wp-image-2279" src="http://valparaiso.com.mx/wp-content/uploads/2020/06/7f7e2af9-176b-4716-bc08-9e33680cc872.jpg" alt="" width="210" height="300" /> <img class="alignnone size-medium wp-image-2280" src="http://valparaiso.com.mx/wp-content/uploads/2020/06/9ffc49ef-523b-46de-b6b9-e60e7f1b4619.jpg" alt="" width="300" height="169" /> <img class="alignnone size-medium wp-image-2281" src="http://valparaiso.com.mx/wp-content/uploads/2020/06/76c9b737-f9d2-4d3a-afb7-6a6b654efb91.jpg" alt="" width="300" height="146" /> <img class="alignnone size-medium wp-image-2282" src="http://valparaiso.com.mx/wp-content/uploads/2020/06/145f5e2b-eb1b-49da-8bc4-86fef85581a5.jpg" alt="" width="169" height="300" /> <img class="alignnone size-medium wp-image-2283" src="http://valparaiso.com.mx/wp-content/uploads/2020/06/366b233d-1e41-42c1-8866-eda307adb5b1.jpg" alt="" width="300" height="300" /> <img class="alignnone size-medium wp-image-2284" src="http://valparaiso.com.mx/wp-content/uploads/2020/06/780ff7be-0aef-432f-b4d3-58ce24599126.jpg" alt="" width="225" height="300" /> <img class="alignnone size-medium wp-image-2285" src="http://valparaiso.com.mx/wp-content/uploads/2020/06/841a2032-8875-44f6-82e0-ca7df68d3c98.jpg" alt="" width="169" height="300" /> <img class="alignnone size-medium wp-image-2286" src="http://valparaiso.com.mx/wp-content/uploads/2020/06/3062d780-7d9b-474e-b1f4-75901480c934.jpg" alt="" width="146" height="300" /> <img class="alignnone size-medium wp-image-2287" src="http://valparaiso.com.mx/wp-content/uploads/2020/06/3826e5e4-21a3-4f8d-9cdd-5c422df27a4e.jpg" alt="" width="225" height="300" /> <img class="alignnone size-medium wp-image-2288" src="http://valparaiso.com.mx/wp-content/uploads/2020/06/49800e6e-4410-4bd3-9e85-db3426898ffe.jpg" alt="" width="300" height="146" /> <img class="alignnone size-medium wp-image-2289" src="http://valparaiso.com.mx/wp-content/uploads/2020/06/62295b5c-80f8-4a7e-9dab-aea96b6940fe.jpg" alt="" width="225" height="300" /> <img class="alignnone size-medium wp-image-2290" src="http://valparaiso.com.mx/wp-content/uploads/2020/06/2507717e-3336-42bc-bc51-f3147c5f7788-rotated.jpg" alt="" width="300" height="146" /> <img class="alignnone size-medium wp-image-2291" src="http://valparaiso.com.mx/wp-content/uploads/2020/06/a053135a-6d9e-4f59-93b4-de90c1bbdfb4.jpg" alt="" width="225" height="300" /> <img class="alignnone size-medium wp-image-2292" src="http://valparaiso.com.mx/wp-content/uploads/2020/06/ad05ed57-062e-4774-ab7e-908afa209a7a-rotated.jpg" alt="" width="146" height="300" /> <img class="alignnone size-medium wp-image-2293" src="http://valparaiso.com.mx/wp-content/uploads/2020/06/b5d7def9-b1b1-4ab4-b46c-2f5fa9816694.jpg" alt="" width="300" height="146" /> <img class="alignnone size-medium wp-image-2294" src="http://valparaiso.com.mx/wp-content/uploads/2020/06/b722c268-508c-4813-843a-ee2d757ae831.jpg" alt="" width="225" height="300" /> <img class="alignnone size-medium wp-image-2295" src="http://valparaiso.com.mx/wp-content/uploads/2020/06/b866b10f-a9a3-436b-b170-cd653a6d9697.jpg" alt="" width="300" height="225" /> <img class="alignnone size-medium wp-image-2296" src="http://valparaiso.com.mx/wp-content/uploads/2020/06/b884355d-2883-4fc0-a05d-ca2b53e66cb5-rotated.jpg" alt="" width="146" height="300" /> <img class="alignnone size-medium wp-image-2297" src="http://valparaiso.com.mx/wp-content/uploads/2020/06/c5c62075-6227-4483-9783-615cba9197d4-rotated.jpg" alt="" width="225" height="300" /> <img class="alignnone size-medium wp-image-2298" src="http://valparaiso.com.mx/wp-content/uploads/2020/06/dbff29b9-6e0a-4114-a74a-355293c5f1e1-rotated.jpg" alt="" width="300" height="225" /> <img class="alignnone size-medium wp-image-2299" src="http://valparaiso.com.mx/wp-content/uploads/2020/06/e4e87fce-1d24-4068-b9ea-2f6f26650ab0.jpg" alt="" width="226" height="300" /> <img class="alignnone size-medium wp-image-2300" src="http://valparaiso.com.mx/wp-content/uploads/2020/06/e76a2fb0-2051-4036-a7b2-bb3ee1521e3f-rotated.jpg" alt="" width="146" height="300" /> <img class="alignnone size-medium wp-image-2301" src="http://valparaiso.com.mx/wp-content/uploads/2020/06/e4544f4a-a7b3-487e-8a0a-a069b088ccf1.jpg" alt="" width="225" height="300" /> <img class="alignnone size-medium wp-image-2302" src="http://valparaiso.com.mx/wp-content/uploads/2020/06/e1334696-853a-415a-88c7-3ad81aba95b4.jpg" alt="" width="225" height="300" /> <img class="alignnone size-medium wp-image-2303" src="http://valparaiso.com.mx/wp-content/uploads/2020/06/ee2fc3f7-b554-41dd-8590-81bfd50f840a-rotated.jpg" alt="" width="146" height="300" /> <img class="alignnone size-medium wp-image-2304" src="http://valparaiso.com.mx/wp-content/uploads/2020/06/f96bcadb-0ba4-4c3c-a33e-69e1e8896ef9-rotated.jpg" alt="" width="300" height="146" /> <img class="alignnone size-medium wp-image-2305" src="http://valparaiso.com.mx/wp-content/uploads/2020/06/f838cc3a-2827-45cf-8884-6be10b09a23c-rotated.jpg" alt="" width="225" height="300" /> <img class="alignnone size-medium wp-image-2306" src="http://valparaiso.com.mx/wp-content/uploads/2020/06/f5533576-4de2-4ce1-a7c3-cb6db4632b21-rotated.jpg" alt="" width="225" height="300" /> <img class="alignnone size-medium wp-image-2307" src="http://valparaiso.com.mx/wp-content/uploads/2020/06/fe4b4de6-8d76-4716-9ff0-1a891241fa38.jpg" alt="" width="300" height="146" />]]></content:encoded>
		<excerpt:encoded><![CDATA[]]></excerpt:encoded>
		<wp:post_id>510</wp:post_id>
		<wp:post_date><![CDATA[2020-06-11 00:00:07]]></wp:post_date>
		<wp:post_date_gmt><![CDATA[2020-06-11 00:00:07]]></wp:post_date_gmt>
		<wp:post_modified><![CDATA[2020-06-11 00:00:07]]></wp:post_modified>
		<wp:post_modified_gmt><![CDATA[2020-06-11 00:00:07]]></wp:post_modified_gmt>
		<wp:comment_status><![CDATA[open]]></wp:comment_status>
		<wp:ping_status><![CDATA[closed]]></wp:ping_status>
		<wp:post_name><![CDATA[martin-fuentes-sanchez]]></wp:post_name>
		<wp:status><![CDATA[publish]]></wp:status>
		<wp:post_parent>0</wp:post_parent>
		<wp:menu_order>0</wp:menu_order>
		<wp:post_type><![CDATA[valpa_obituario_pt]]></wp:post_type>
		<wp:post_password><![CDATA[]]></wp:post_password>
		<wp:is_sticky>0</wp:is_sticky>
														<wp:postmeta>
		<wp:meta_key><![CDATA[_wp_old_date]]></wp:meta_key>
		<wp:meta_value><![CDATA[2020-08-27]]></wp:meta_value>
		</wp:postmeta>
							<wp:postmeta>
		<wp:meta_key><![CDATA[valpa_no_homenaje_meta]]></wp:meta_key>
		<wp:meta_value><![CDATA[0020000195]]></wp:meta_value>
		</wp:postmeta>
							<wp:postmeta>
		<wp:meta_key><![CDATA[valpa_nacimiento_dia_meta]]></wp:meta_key>
		<wp:meta_value><![CDATA[10]]></wp:meta_value>
		</wp:postmeta>
							<wp:postmeta>
		<wp:meta_key><![CDATA[valpa_nacimiento_mes_meta]]></wp:meta_key>
		<wp:meta_value><![CDATA[01]]></wp:meta_value>
		</wp:postmeta>
							<wp:postmeta>
		<wp:meta_key><![CDATA[valpa_nacimiento_ano_meta]]></wp:meta_key>
		<wp:meta_value><![CDATA[1970]]></wp:meta_value>
		</wp:postmeta>
							<wp:postmeta>
		<wp:meta_key><![CDATA[post_views_count]]></wp:meta_key>
		<wp:meta_value><![CDATA[39]]></wp:meta_value>
		</wp:postmeta>
							</item>
					<item>
		<title><![CDATA[Manuel Gonzalez Lechuga]]></title>
		<link>http://localhost/sass-wp/obituario/manuel-gonzalez-lechuga/</link>
		<pubDate>Thu, 11 Jun 2020 00:00:55 +0000</pubDate>
		<dc:creator><![CDATA[webmaster]]></dc:creator>
		<guid isPermaLink="false">http://valparaiso.com.mx/?post_type=valpa_obituario_pt&#038;p=511</guid>
		<description></description>
		<content:encoded><![CDATA[]]></content:encoded>
		<excerpt:encoded><![CDATA[]]></excerpt:encoded>
		<wp:post_id>511</wp:post_id>
		<wp:post_date><![CDATA[2020-06-11 00:00:55]]></wp:post_date>
		<wp:post_date_gmt><![CDATA[2020-06-11 00:00:55]]></wp:post_date_gmt>
		<wp:post_modified><![CDATA[2020-06-11 00:00:55]]></wp:post_modified>
		<wp:post_modified_gmt><![CDATA[2020-06-11 00:00:55]]></wp:post_modified_gmt>
		<wp:comment_status><![CDATA[open]]></wp:comment_status>
		<wp:ping_status><![CDATA[closed]]></wp:ping_status>
		<wp:post_name><![CDATA[manuel-gonzalez-lechuga]]></wp:post_name>
		<wp:status><![CDATA[publish]]></wp:status>
		<wp:post_parent>0</wp:post_parent>
		<wp:menu_order>0</wp:menu_order>
		<wp:post_type><![CDATA[valpa_obituario_pt]]></wp:post_type>
		<wp:post_password><![CDATA[]]></wp:post_password>
		<wp:is_sticky>0</wp:is_sticky>
														<wp:postmeta>
		<wp:meta_key><![CDATA[_wp_old_date]]></wp:meta_key>
		<wp:meta_value><![CDATA[2020-08-27]]></wp:meta_value>
		</wp:postmeta>
							<wp:postmeta>
		<wp:meta_key><![CDATA[valpa_no_homenaje_meta]]></wp:meta_key>
		<wp:meta_value><![CDATA[0020000196]]></wp:meta_value>
		</wp:postmeta>
							<wp:postmeta>
		<wp:meta_key><![CDATA[valpa_nacimiento_dia_meta]]></wp:meta_key>
		<wp:meta_value><![CDATA[20]]></wp:meta_value>
		</wp:postmeta>
							<wp:postmeta>
		<wp:meta_key><![CDATA[valpa_nacimiento_mes_meta]]></wp:meta_key>
		<wp:meta_value><![CDATA[01]]></wp:meta_value>
		</wp:postmeta>
							<wp:postmeta>
		<wp:meta_key><![CDATA[valpa_nacimiento_ano_meta]]></wp:meta_key>
		<wp:meta_value><![CDATA[1934]]></wp:meta_value>
		</wp:postmeta>
							<wp:postmeta>
		<wp:meta_key><![CDATA[post_views_count]]></wp:meta_key>
		<wp:meta_value><![CDATA[33]]></wp:meta_value>
		</wp:postmeta>
							</item>
					<item>
		<title><![CDATA[Severino Vazquez Ventura]]></title>
		<link>http://localhost/sass-wp/obituario/severino-vazquez-ventura/</link>
		<pubDate>Thu, 11 Jun 2020 00:00:36 +0000</pubDate>
		<dc:creator><![CDATA[webmaster]]></dc:creator>
		<guid isPermaLink="false">http://valparaiso.com.mx/?post_type=valpa_obituario_pt&#038;p=512</guid>
		<description></description>
		<content:encoded><![CDATA[]]></content:encoded>
		<excerpt:encoded><![CDATA[]]></excerpt:encoded>
		<wp:post_id>512</wp:post_id>
		<wp:post_date><![CDATA[2020-06-11 00:00:36]]></wp:post_date>
		<wp:post_date_gmt><![CDATA[2020-06-11 00:00:36]]></wp:post_date_gmt>
		<wp:post_modified><![CDATA[2020-06-11 00:00:36]]></wp:post_modified>
		<wp:post_modified_gmt><![CDATA[2020-06-11 00:00:36]]></wp:post_modified_gmt>
		<wp:comment_status><![CDATA[open]]></wp:comment_status>
		<wp:ping_status><![CDATA[closed]]></wp:ping_status>
		<wp:post_name><![CDATA[severino-vazquez-ventura]]></wp:post_name>
		<wp:status><![CDATA[publish]]></wp:status>
		<wp:post_parent>0</wp:post_parent>
		<wp:menu_order>0</wp:menu_order>
		<wp:post_type><![CDATA[valpa_obituario_pt]]></wp:post_type>
		<wp:post_password><![CDATA[]]></wp:post_password>
		<wp:is_sticky>0</wp:is_sticky>
														<wp:postmeta>
		<wp:meta_key><![CDATA[_wp_old_date]]></wp:meta_key>
		<wp:meta_value><![CDATA[2020-08-27]]></wp:meta_value>
		</wp:postmeta>
							<wp:postmeta>
		<wp:meta_key><![CDATA[valpa_no_homenaje_meta]]></wp:meta_key>
		<wp:meta_value><![CDATA[0020000197]]></wp:meta_value>
		</wp:postmeta>
							<wp:postmeta>
		<wp:meta_key><![CDATA[valpa_nacimiento_dia_meta]]></wp:meta_key>
		<wp:meta_value><![CDATA[11]]></wp:meta_value>
		</wp:postmeta>
							<wp:postmeta>
		<wp:meta_key><![CDATA[valpa_nacimiento_mes_meta]]></wp:meta_key>
		<wp:meta_value><![CDATA[02]]></wp:meta_value>
		</wp:postmeta>
							<wp:postmeta>
		<wp:meta_key><![CDATA[valpa_nacimiento_ano_meta]]></wp:meta_key>
		<wp:meta_value><![CDATA[1952]]></wp:meta_value>
		</wp:postmeta>
							<wp:postmeta>
		<wp:meta_key><![CDATA[post_views_count]]></wp:meta_key>
		<wp:meta_value><![CDATA[61]]></wp:meta_value>
		</wp:postmeta>
							</item>
					<item>
		<title><![CDATA[Celia Ortiz Miranda]]></title>
		<link>http://localhost/sass-wp/obituario/celia-ortiz-miranda/</link>
		<pubDate>Fri, 12 Jun 2020 00:00:29 +0000</pubDate>
		<dc:creator><![CDATA[webmaster]]></dc:creator>
		<guid isPermaLink="false">http://valparaiso.com.mx/?post_type=valpa_obituario_pt&#038;p=513</guid>
		<description></description>
		<content:encoded><![CDATA[]]></content:encoded>
		<excerpt:encoded><![CDATA[]]></excerpt:encoded>
		<wp:post_id>513</wp:post_id>
		<wp:post_date><![CDATA[2020-06-12 00:00:29]]></wp:post_date>
		<wp:post_date_gmt><![CDATA[2020-06-12 00:00:29]]></wp:post_date_gmt>
		<wp:post_modified><![CDATA[2020-06-12 00:00:29]]></wp:post_modified>
		<wp:post_modified_gmt><![CDATA[2020-06-12 00:00:29]]></wp:post_modified_gmt>
		<wp:comment_status><![CDATA[open]]></wp:comment_status>
		<wp:ping_status><![CDATA[closed]]></wp:ping_status>
		<wp:post_name><![CDATA[celia-ortiz-miranda]]></wp:post_name>
		<wp:status><![CDATA[publish]]></wp:status>
		<wp:post_parent>0</wp:post_parent>
		<wp:menu_order>0</wp:menu_order>
		<wp:post_type><![CDATA[valpa_obituario_pt]]></wp:post_type>
		<wp:post_password><![CDATA[]]></wp:post_password>
		<wp:is_sticky>0</wp:is_sticky>
														<wp:postmeta>
		<wp:meta_key><![CDATA[_wp_old_date]]></wp:meta_key>
		<wp:meta_value><![CDATA[2020-08-27]]></wp:meta_value>
		</wp:postmeta>
							<wp:postmeta>
		<wp:meta_key><![CDATA[valpa_no_homenaje_meta]]></wp:meta_key>
		<wp:meta_value><![CDATA[0020000198]]></wp:meta_value>
		</wp:postmeta>
							<wp:postmeta>
		<wp:meta_key><![CDATA[valpa_nacimiento_dia_meta]]></wp:meta_key>
		<wp:meta_value><![CDATA[21]]></wp:meta_value>
		</wp:postmeta>
							<wp:postmeta>
		<wp:meta_key><![CDATA[valpa_nacimiento_mes_meta]]></wp:meta_key>
		<wp:meta_value><![CDATA[10]]></wp:meta_value>
		</wp:postmeta>
							<wp:postmeta>
		<wp:meta_key><![CDATA[valpa_nacimiento_ano_meta]]></wp:meta_key>
		<wp:meta_value><![CDATA[1936]]></wp:meta_value>
		</wp:postmeta>
							<wp:postmeta>
		<wp:meta_key><![CDATA[post_views_count]]></wp:meta_key>
		<wp:meta_value><![CDATA[62]]></wp:meta_value>
		</wp:postmeta>
							<wp:postmeta>
		<wp:meta_key><![CDATA[num_velas_meta]]></wp:meta_key>
		<wp:meta_value><![CDATA[2]]></wp:meta_value>
		</wp:postmeta>
							</item>
					<item>
		<title><![CDATA[Raul Colon Garcia]]></title>
		<link>http://localhost/sass-wp/obituario/raul-colon-garcia/</link>
		<pubDate>Sat, 13 Jun 2020 00:00:10 +0000</pubDate>
		<dc:creator><![CDATA[webmaster]]></dc:creator>
		<guid isPermaLink="false">http://valparaiso.com.mx/?post_type=valpa_obituario_pt&#038;p=514</guid>
		<description></description>
		<content:encoded><![CDATA[]]></content:encoded>
		<excerpt:encoded><![CDATA[]]></excerpt:encoded>
		<wp:post_id>514</wp:post_id>
		<wp:post_date><![CDATA[2020-06-13 00:00:10]]></wp:post_date>
		<wp:post_date_gmt><![CDATA[2020-06-13 00:00:10]]></wp:post_date_gmt>
		<wp:post_modified><![CDATA[2020-06-13 00:00:10]]></wp:post_modified>
		<wp:post_modified_gmt><![CDATA[2020-06-13 00:00:10]]></wp:post_modified_gmt>
		<wp:comment_status><![CDATA[open]]></wp:comment_status>
		<wp:ping_status><![CDATA[closed]]></wp:ping_status>
		<wp:post_name><![CDATA[raul-colon-garcia]]></wp:post_name>
		<wp:status><![CDATA[publish]]></wp:status>
		<wp:post_parent>0</wp:post_parent>
		<wp:menu_order>0</wp:menu_order>
		<wp:post_type><![CDATA[valpa_obituario_pt]]></wp:post_type>
		<wp:post_password><![CDATA[]]></wp:post_password>
		<wp:is_sticky>0</wp:is_sticky>
														<wp:postmeta>
		<wp:meta_key><![CDATA[_wp_old_date]]></wp:meta_key>
		<wp:meta_value><![CDATA[2020-08-27]]></wp:meta_value>
		</wp:postmeta>
							<wp:postmeta>
		<wp:meta_key><![CDATA[valpa_no_homenaje_meta]]></wp:meta_key>
		<wp:meta_value><![CDATA[0020000199]]></wp:meta_value>
		</wp:postmeta>
							<wp:postmeta>
		<wp:meta_key><![CDATA[valpa_nacimiento_dia_meta]]></wp:meta_key>
		<wp:meta_value><![CDATA[12]]></wp:meta_value>
		</wp:postmeta>
							<wp:postmeta>
		<wp:meta_key><![CDATA[valpa_nacimiento_mes_meta]]></wp:meta_key>
		<wp:meta_value><![CDATA[03]]></wp:meta_value>
		</wp:postmeta>
							<wp:postmeta>
		<wp:meta_key><![CDATA[valpa_nacimiento_ano_meta]]></wp:meta_key>
		<wp:meta_value><![CDATA[1934]]></wp:meta_value>
		</wp:postmeta>
							<wp:postmeta>
		<wp:meta_key><![CDATA[post_views_count]]></wp:meta_key>
		<wp:meta_value><![CDATA[44]]></wp:meta_value>
		</wp:postmeta>
							</item>
					<item>
		<title><![CDATA[Gabino Garcia Copado]]></title>
		<link>http://localhost/sass-wp/obituario/gabino-garcia-copado/</link>
		<pubDate>Sat, 13 Jun 2020 00:00:13 +0000</pubDate>
		<dc:creator><![CDATA[webmaster]]></dc:creator>
		<guid isPermaLink="false">http://valparaiso.com.mx/?post_type=valpa_obituario_pt&#038;p=515</guid>
		<description></description>
		<content:encoded><![CDATA[]]></content:encoded>
		<excerpt:encoded><![CDATA[]]></excerpt:encoded>
		<wp:post_id>515</wp:post_id>
		<wp:post_date><![CDATA[2020-06-13 00:00:13]]></wp:post_date>
		<wp:post_date_gmt><![CDATA[2020-06-13 00:00:13]]></wp:post_date_gmt>
		<wp:post_modified><![CDATA[2020-06-13 00:00:13]]></wp:post_modified>
		<wp:post_modified_gmt><![CDATA[2020-06-13 00:00:13]]></wp:post_modified_gmt>
		<wp:comment_status><![CDATA[open]]></wp:comment_status>
		<wp:ping_status><![CDATA[closed]]></wp:ping_status>
		<wp:post_name><![CDATA[gabino-garcia-copado]]></wp:post_name>
		<wp:status><![CDATA[publish]]></wp:status>
		<wp:post_parent>0</wp:post_parent>
		<wp:menu_order>0</wp:menu_order>
		<wp:post_type><![CDATA[valpa_obituario_pt]]></wp:post_type>
		<wp:post_password><![CDATA[]]></wp:post_password>
		<wp:is_sticky>0</wp:is_sticky>
														<wp:postmeta>
		<wp:meta_key><![CDATA[_wp_old_date]]></wp:meta_key>
		<wp:meta_value><![CDATA[2020-08-27]]></wp:meta_value>
		</wp:postmeta>
							<wp:postmeta>
		<wp:meta_key><![CDATA[valpa_no_homenaje_meta]]></wp:meta_key>
		<wp:meta_value><![CDATA[0020000200]]></wp:meta_value>
		</wp:postmeta>
							<wp:postmeta>
		<wp:meta_key><![CDATA[valpa_nacimiento_dia_meta]]></wp:meta_key>
		<wp:meta_value><![CDATA[25]]></wp:meta_value>
		</wp:postmeta>
							<wp:postmeta>
		<wp:meta_key><![CDATA[valpa_nacimiento_mes_meta]]></wp:meta_key>
		<wp:meta_value><![CDATA[10]]></wp:meta_value>
		</wp:postmeta>
							<wp:postmeta>
		<wp:meta_key><![CDATA[valpa_nacimiento_ano_meta]]></wp:meta_key>
		<wp:meta_value><![CDATA[1951]]></wp:meta_value>
		</wp:postmeta>
							<wp:postmeta>
		<wp:meta_key><![CDATA[post_views_count]]></wp:meta_key>
		<wp:meta_value><![CDATA[69]]></wp:meta_value>
		</wp:postmeta>
							</item>
					<item>
		<title><![CDATA[Maria de Jesus Hernandez Alvarado]]></title>
		<link>http://localhost/sass-wp/obituario/maria-de-jesus-hernandez-alvarado/</link>
		<pubDate>Sat, 13 Jun 2020 00:00:29 +0000</pubDate>
		<dc:creator><![CDATA[webmaster]]></dc:creator>
		<guid isPermaLink="false">http://valparaiso.com.mx/?post_type=valpa_obituario_pt&#038;p=517</guid>
		<description></description>
		<content:encoded><![CDATA[]]></content:encoded>
		<excerpt:encoded><![CDATA[]]></excerpt:encoded>
		<wp:post_id>517</wp:post_id>
		<wp:post_date><![CDATA[2020-06-13 00:00:29]]></wp:post_date>
		<wp:post_date_gmt><![CDATA[2020-06-13 00:00:29]]></wp:post_date_gmt>
		<wp:post_modified><![CDATA[2020-06-13 00:00:29]]></wp:post_modified>
		<wp:post_modified_gmt><![CDATA[2020-06-13 00:00:29]]></wp:post_modified_gmt>
		<wp:comment_status><![CDATA[open]]></wp:comment_status>
		<wp:ping_status><![CDATA[closed]]></wp:ping_status>
		<wp:post_name><![CDATA[maria-de-jesus-hernandez-alvarado]]></wp:post_name>
		<wp:status><![CDATA[publish]]></wp:status>
		<wp:post_parent>0</wp:post_parent>
		<wp:menu_order>0</wp:menu_order>
		<wp:post_type><![CDATA[valpa_obituario_pt]]></wp:post_type>
		<wp:post_password><![CDATA[]]></wp:post_password>
		<wp:is_sticky>0</wp:is_sticky>
														<wp:postmeta>
		<wp:meta_key><![CDATA[_wp_old_date]]></wp:meta_key>
		<wp:meta_value><![CDATA[2020-08-27]]></wp:meta_value>
		</wp:postmeta>
							<wp:postmeta>
		<wp:meta_key><![CDATA[valpa_no_homenaje_meta]]></wp:meta_key>
		<wp:meta_value><![CDATA[0020000202]]></wp:meta_value>
		</wp:postmeta>
							<wp:postmeta>
		<wp:meta_key><![CDATA[valpa_nacimiento_dia_meta]]></wp:meta_key>
		<wp:meta_value><![CDATA[30]]></wp:meta_value>
		</wp:postmeta>
							<wp:postmeta>
		<wp:meta_key><![CDATA[valpa_nacimiento_mes_meta]]></wp:meta_key>
		<wp:meta_value><![CDATA[10]]></wp:meta_value>
		</wp:postmeta>
							<wp:postmeta>
		<wp:meta_key><![CDATA[valpa_nacimiento_ano_meta]]></wp:meta_key>
		<wp:meta_value><![CDATA[1949]]></wp:meta_value>
		</wp:postmeta>
							<wp:postmeta>
		<wp:meta_key><![CDATA[post_views_count]]></wp:meta_key>
		<wp:meta_value><![CDATA[48]]></wp:meta_value>
		</wp:postmeta>
							</item>
					<item>
		<title><![CDATA[Luis Jesus Nava Manrique]]></title>
		<link>http://localhost/sass-wp/obituario/luis-jesus-nava-manrique/</link>
		<pubDate>Sun, 14 Jun 2020 00:00:41 +0000</pubDate>
		<dc:creator><![CDATA[webmaster]]></dc:creator>
		<guid isPermaLink="false">http://valparaiso.com.mx/?post_type=valpa_obituario_pt&#038;p=518</guid>
		<description></description>
		<content:encoded><![CDATA[<img class="alignnone size-full wp-image-2326" src="http://valparaiso.com.mx/wp-content/uploads/2020/06/WhatsApp-Image-2020-06-14-at-10.55.38-AM-1.jpeg" alt="" width="960" height="1280" /> <img class="alignnone size-medium wp-image-2327" src="http://valparaiso.com.mx/wp-content/uploads/2020/06/WhatsApp-Image-2020-06-14-at-10.55.38-AM.jpeg" alt="" width="169" height="300" /> <img class="alignnone size-medium wp-image-2328" src="http://valparaiso.com.mx/wp-content/uploads/2020/06/WhatsApp-Image-2020-06-14-at-10.55.39-AM-1.jpeg" alt="" width="169" height="300" /> <img class="alignnone size-medium wp-image-2329" src="http://valparaiso.com.mx/wp-content/uploads/2020/06/WhatsApp-Image-2020-06-14-at-10.55.39-AM-2.jpeg" alt="" width="300" height="169" /> <img class="alignnone size-medium wp-image-2330" src="http://valparaiso.com.mx/wp-content/uploads/2020/06/WhatsApp-Image-2020-06-14-at-10.55.39-AM.jpeg" alt="" width="300" height="225" /> <img class="alignnone size-medium wp-image-2331" src="http://valparaiso.com.mx/wp-content/uploads/2020/06/WhatsApp-Image-2020-06-14-at-10.55.55-AM.jpeg" alt="" width="300" height="225" /> <img class="alignnone size-medium wp-image-2332" src="http://valparaiso.com.mx/wp-content/uploads/2020/06/WhatsApp-Image-2020-06-14-at-10.55.56-AM-1.jpeg" alt="" width="300" height="146" /> <img class="alignnone size-medium wp-image-2333" src="http://valparaiso.com.mx/wp-content/uploads/2020/06/WhatsApp-Image-2020-06-14-at-10.55.56-AM-2.jpeg" alt="" width="300" height="225" /> <img class="alignnone size-medium wp-image-2334" src="http://valparaiso.com.mx/wp-content/uploads/2020/06/WhatsApp-Image-2020-06-14-at-10.55.56-AM-3.jpeg" alt="" width="300" height="225" /> <img class="alignnone size-medium wp-image-2335" src="http://valparaiso.com.mx/wp-content/uploads/2020/06/WhatsApp-Image-2020-06-14-at-10.55.56-AM-4.jpeg" alt="" width="300" height="169" /> <img class="alignnone size-medium wp-image-2336" src="http://valparaiso.com.mx/wp-content/uploads/2020/06/WhatsApp-Image-2020-06-14-at-10.55.56-AM-5.jpeg" alt="" width="300" height="225" /> <img class="alignnone size-medium wp-image-2337" src="http://valparaiso.com.mx/wp-content/uploads/2020/06/WhatsApp-Image-2020-06-14-at-10.55.56-AM-6.jpeg" alt="" width="300" height="225" /> <img class="alignnone size-medium wp-image-2338" src="http://valparaiso.com.mx/wp-content/uploads/2020/06/WhatsApp-Image-2020-06-14-at-10.55.56-AM.jpeg" alt="" width="146" height="300" /> <img class="alignnone size-medium wp-image-2339" src="http://valparaiso.com.mx/wp-content/uploads/2020/06/WhatsApp-Image-2020-06-14-at-10.55.57-AM-1.jpeg" alt="" width="300" height="225" /> <img class="alignnone size-medium wp-image-2340" src="http://valparaiso.com.mx/wp-content/uploads/2020/06/WhatsApp-Image-2020-06-14-at-10.55.57-AM.jpeg" alt="" width="300" height="225" /> <img class="alignnone size-medium wp-image-2341" src="http://valparaiso.com.mx/wp-content/uploads/2020/06/WhatsApp-Image-2020-06-14-at-12.07.59-PM-1.jpeg" alt="" width="300" height="188" /> <img class="alignnone size-medium wp-image-2342" src="http://valparaiso.com.mx/wp-content/uploads/2020/06/WhatsApp-Image-2020-06-14-at-12.07.59-PM-2.jpeg" alt="" width="246" height="300" /> <img class="alignnone size-medium wp-image-2343" src="http://valparaiso.com.mx/wp-content/uploads/2020/06/WhatsApp-Image-2020-06-14-at-12.07.59-PM.jpeg" alt="" width="300" height="169" /> <img class="alignnone size-medium wp-image-2344" src="http://valparaiso.com.mx/wp-content/uploads/2020/06/WhatsApp-Image-2020-06-14-at-12.08.00-PM-1.jpeg" alt="" width="300" height="300" /> <img class="alignnone size-medium wp-image-2345" src="http://valparaiso.com.mx/wp-content/uploads/2020/06/WhatsApp-Image-2020-06-14-at-12.08.00-PM-2.jpeg" alt="" width="300" height="169" /> <img class="alignnone size-medium wp-image-2346" src="http://valparaiso.com.mx/wp-content/uploads/2020/06/WhatsApp-Image-2020-06-14-at-12.08.00-PM-3.jpeg" alt="" width="224" height="300" /> <img class="alignnone size-medium wp-image-2347" src="http://valparaiso.com.mx/wp-content/uploads/2020/06/WhatsApp-Image-2020-06-14-at-12.08.00-PM-4.jpeg" alt="" width="300" height="225" /> <img class="alignnone size-medium wp-image-2348" src="http://valparaiso.com.mx/wp-content/uploads/2020/06/WhatsApp-Image-2020-06-14-at-12.08.00-PM-5.jpeg" alt="" width="300" height="225" /> <img class="alignnone size-medium wp-image-2349" src="http://valparaiso.com.mx/wp-content/uploads/2020/06/WhatsApp-Image-2020-06-14-at-12.08.00-PM.jpeg" alt="" width="300" height="231" /> <img class="alignnone size-medium wp-image-2350" src="http://valparaiso.com.mx/wp-content/uploads/2020/06/WhatsApp-Image-2020-06-14-at-12.08.01-PM-1.jpeg" alt="" width="300" height="225" /> <img class="alignnone size-medium wp-image-2351" src="http://valparaiso.com.mx/wp-content/uploads/2020/06/WhatsApp-Image-2020-06-14-at-12.08.01-PM-2.jpeg" alt="" width="225" height="300" /> <img class="alignnone size-medium wp-image-2352" src="http://valparaiso.com.mx/wp-content/uploads/2020/06/WhatsApp-Image-2020-06-14-at-12.08.01-PM-3.jpeg" alt="" width="300" height="225" /> <img class="alignnone size-medium wp-image-2353" src="http://valparaiso.com.mx/wp-content/uploads/2020/06/WhatsApp-Image-2020-06-14-at-12.08.01-PM-4.jpeg" alt="" width="225" height="300" /> <img class="alignnone size-medium wp-image-2354" src="http://valparaiso.com.mx/wp-content/uploads/2020/06/WhatsApp-Image-2020-06-14-at-12.08.01-PM-5.jpeg" alt="" width="300" height="225" /> <img class="alignnone size-medium wp-image-2355" src="http://valparaiso.com.mx/wp-content/uploads/2020/06/WhatsApp-Image-2020-06-14-at-12.08.01-PM.jpeg" alt="" width="225" height="300" /> <img class="alignnone size-medium wp-image-2356" src="http://valparaiso.com.mx/wp-content/uploads/2020/06/WhatsApp-Image-2020-06-14-at-12.08.02-PM-1.jpeg" alt="" width="273" height="300" /> <img class="alignnone size-medium wp-image-2357" src="http://valparaiso.com.mx/wp-content/uploads/2020/06/WhatsApp-Image-2020-06-14-at-12.08.02-PM-2.jpeg" alt="" width="259" height="300" /> <img class="alignnone size-medium wp-image-2358" src="http://valparaiso.com.mx/wp-content/uploads/2020/06/WhatsApp-Image-2020-06-14-at-12.08.02-PM.jpeg" alt="" width="225" height="300" />]]></content:encoded>
		<excerpt:encoded><![CDATA[]]></excerpt:encoded>
		<wp:post_id>518</wp:post_id>
		<wp:post_date><![CDATA[2020-06-14 00:00:41]]></wp:post_date>
		<wp:post_date_gmt><![CDATA[2020-06-14 00:00:41]]></wp:post_date_gmt>
		<wp:post_modified><![CDATA[2020-06-14 00:00:41]]></wp:post_modified>
		<wp:post_modified_gmt><![CDATA[2020-06-14 00:00:41]]></wp:post_modified_gmt>
		<wp:comment_status><![CDATA[open]]></wp:comment_status>
		<wp:ping_status><![CDATA[closed]]></wp:ping_status>
		<wp:post_name><![CDATA[luis-jesus-nava-manrique]]></wp:post_name>
		<wp:status><![CDATA[publish]]></wp:status>
		<wp:post_parent>0</wp:post_parent>
		<wp:menu_order>0</wp:menu_order>
		<wp:post_type><![CDATA[valpa_obituario_pt]]></wp:post_type>
		<wp:post_password><![CDATA[]]></wp:post_password>
		<wp:is_sticky>0</wp:is_sticky>
														<wp:postmeta>
		<wp:meta_key><![CDATA[_wp_old_date]]></wp:meta_key>
		<wp:meta_value><![CDATA[2020-08-27]]></wp:meta_value>
		</wp:postmeta>
							<wp:postmeta>
		<wp:meta_key><![CDATA[valpa_no_homenaje_meta]]></wp:meta_key>
		<wp:meta_value><![CDATA[0020000203]]></wp:meta_value>
		</wp:postmeta>
							<wp:postmeta>
		<wp:meta_key><![CDATA[valpa_nacimiento_dia_meta]]></wp:meta_key>
		<wp:meta_value><![CDATA[04]]></wp:meta_value>
		</wp:postmeta>
							<wp:postmeta>
		<wp:meta_key><![CDATA[valpa_nacimiento_mes_meta]]></wp:meta_key>
		<wp:meta_value><![CDATA[08]]></wp:meta_value>
		</wp:postmeta>
							<wp:postmeta>
		<wp:meta_key><![CDATA[valpa_nacimiento_ano_meta]]></wp:meta_key>
		<wp:meta_value><![CDATA[1961]]></wp:meta_value>
		</wp:postmeta>
							<wp:postmeta>
		<wp:meta_key><![CDATA[post_views_count]]></wp:meta_key>
		<wp:meta_value><![CDATA[100]]></wp:meta_value>
		</wp:postmeta>
							<wp:postmeta>
		<wp:meta_key><![CDATA[num_velas_meta]]></wp:meta_key>
		<wp:meta_value><![CDATA[1]]></wp:meta_value>
		</wp:postmeta>
							</item>
					<item>
		<title><![CDATA[Juan Francisco Cortez Velazquez]]></title>
		<link>http://localhost/sass-wp/obituario/juan-francisco-cortez-velazquez/</link>
		<pubDate>Sun, 14 Jun 2020 00:00:53 +0000</pubDate>
		<dc:creator><![CDATA[webmaster]]></dc:creator>
		<guid isPermaLink="false">http://valparaiso.com.mx/?post_type=valpa_obituario_pt&#038;p=519</guid>
		<description></description>
		<content:encoded><![CDATA[]]></content:encoded>
		<excerpt:encoded><![CDATA[]]></excerpt:encoded>
		<wp:post_id>519</wp:post_id>
		<wp:post_date><![CDATA[2020-06-14 00:00:53]]></wp:post_date>
		<wp:post_date_gmt><![CDATA[2020-06-14 00:00:53]]></wp:post_date_gmt>
		<wp:post_modified><![CDATA[2020-06-14 00:00:53]]></wp:post_modified>
		<wp:post_modified_gmt><![CDATA[2020-06-14 00:00:53]]></wp:post_modified_gmt>
		<wp:comment_status><![CDATA[open]]></wp:comment_status>
		<wp:ping_status><![CDATA[closed]]></wp:ping_status>
		<wp:post_name><![CDATA[juan-francisco-cortez-velazquez]]></wp:post_name>
		<wp:status><![CDATA[publish]]></wp:status>
		<wp:post_parent>0</wp:post_parent>
		<wp:menu_order>0</wp:menu_order>
		<wp:post_type><![CDATA[valpa_obituario_pt]]></wp:post_type>
		<wp:post_password><![CDATA[]]></wp:post_password>
		<wp:is_sticky>0</wp:is_sticky>
														<wp:postmeta>
		<wp:meta_key><![CDATA[_wp_old_date]]></wp:meta_key>
		<wp:meta_value><![CDATA[2020-08-27]]></wp:meta_value>
		</wp:postmeta>
							<wp:postmeta>
		<wp:meta_key><![CDATA[valpa_no_homenaje_meta]]></wp:meta_key>
		<wp:meta_value><![CDATA[0020000204]]></wp:meta_value>
		</wp:postmeta>
							<wp:postmeta>
		<wp:meta_key><![CDATA[valpa_nacimiento_dia_meta]]></wp:meta_key>
		<wp:meta_value><![CDATA[01]]></wp:meta_value>
		</wp:postmeta>
							<wp:postmeta>
		<wp:meta_key><![CDATA[valpa_nacimiento_mes_meta]]></wp:meta_key>
		<wp:meta_value><![CDATA[06]]></wp:meta_value>
		</wp:postmeta>
							<wp:postmeta>
		<wp:meta_key><![CDATA[valpa_nacimiento_ano_meta]]></wp:meta_key>
		<wp:meta_value><![CDATA[1957]]></wp:meta_value>
		</wp:postmeta>
							<wp:postmeta>
		<wp:meta_key><![CDATA[post_views_count]]></wp:meta_key>
		<wp:meta_value><![CDATA[50]]></wp:meta_value>
		</wp:postmeta>
							</item>
					<item>
		<title><![CDATA[Marco Antonio Figueroa Anzaldo]]></title>
		<link>http://localhost/sass-wp/obituario/marco-antonio-figueroa-anzaldo/</link>
		<pubDate>Mon, 15 Jun 2020 00:00:16 +0000</pubDate>
		<dc:creator><![CDATA[webmaster]]></dc:creator>
		<guid isPermaLink="false">http://valparaiso.com.mx/?post_type=valpa_obituario_pt&#038;p=521</guid>
		<description></description>
		<content:encoded><![CDATA[<img class="alignnone size-full wp-image-2374" src="http://valparaiso.com.mx/wp-content/uploads/2020/06/WhatsApp-Image-2020-06-17-at-12.07.45-AM.jpeg" alt="" width="796" height="917" /> <img class="alignnone size-medium wp-image-2373" src="http://valparaiso.com.mx/wp-content/uploads/2020/06/WhatsApp-Image-2020-06-17-at-12.07.45-AM-1.jpeg" alt="" width="300" height="177" /> <img class="alignnone size-medium wp-image-2372" src="http://valparaiso.com.mx/wp-content/uploads/2020/06/WhatsApp-Image-2020-06-16-at-9.50.12-PM.jpeg" alt="" width="300" height="225" /> <img class="alignnone size-medium wp-image-2371" src="http://valparaiso.com.mx/wp-content/uploads/2020/06/WhatsApp-Image-2020-06-16-at-9.50.11-PM.jpeg" alt="" width="225" height="300" /> <img class="alignnone size-medium wp-image-2370" src="http://valparaiso.com.mx/wp-content/uploads/2020/06/WhatsApp-Image-2020-06-16-at-9.50.11-PM-4.jpeg" alt="" width="225" height="300" /> <img class="alignnone size-medium wp-image-2369" src="http://valparaiso.com.mx/wp-content/uploads/2020/06/WhatsApp-Image-2020-06-16-at-9.50.11-PM-3.jpeg" alt="" width="300" height="225" /> <img class="alignnone size-medium wp-image-2368" src="http://valparaiso.com.mx/wp-content/uploads/2020/06/WhatsApp-Image-2020-06-16-at-9.50.11-PM-2.jpeg" alt="" width="225" height="300" /> <img class="alignnone size-medium wp-image-2367" src="http://valparaiso.com.mx/wp-content/uploads/2020/06/WhatsApp-Image-2020-06-16-at-9.50.11-PM-1.jpeg" alt="" width="225" height="300" /> <img class="alignnone size-medium wp-image-2366" src="http://valparaiso.com.mx/wp-content/uploads/2020/06/WhatsApp-Image-2020-06-16-at-9.50.10-PM.jpeg" alt="" width="285" height="300" /> <img class="alignnone size-medium wp-image-2365" src="http://valparaiso.com.mx/wp-content/uploads/2020/06/WhatsApp-Image-2020-06-16-at-9.50.10-PM-2.jpeg" alt="" width="300" height="225" /> <img class="alignnone size-medium wp-image-2364" src="http://valparaiso.com.mx/wp-content/uploads/2020/06/WhatsApp-Image-2020-06-16-at-9.50.10-PM-1.jpeg" alt="" width="300" height="225" /> <img class="alignnone size-medium wp-image-2363" src="http://valparaiso.com.mx/wp-content/uploads/2020/06/WhatsApp-Image-2020-06-16-at-9.50.04-PM.jpeg" alt="" width="300" height="224" /> <img class="alignnone size-medium wp-image-2362" src="http://valparaiso.com.mx/wp-content/uploads/2020/06/WhatsApp-Image-2020-06-16-at-9.50.04-PM-4.jpeg" alt="" width="300" height="232" /> <img class="alignnone size-medium wp-image-2361" src="http://valparaiso.com.mx/wp-content/uploads/2020/06/WhatsApp-Image-2020-06-16-at-9.50.04-PM-3.jpeg" alt="" width="224" height="300" /> <img class="alignnone size-medium wp-image-2360" src="http://valparaiso.com.mx/wp-content/uploads/2020/06/WhatsApp-Image-2020-06-16-at-9.50.04-PM-2.jpeg" alt="" width="300" height="224" /> <img class="alignnone size-full wp-image-2359" src="http://valparaiso.com.mx/wp-content/uploads/2020/06/WhatsApp-Image-2020-06-16-at-9.50.04-PM-1.jpeg" alt="" width="1280" height="1280" />]]></content:encoded>
		<excerpt:encoded><![CDATA[]]></excerpt:encoded>
		<wp:post_id>521</wp:post_id>
		<wp:post_date><![CDATA[2020-06-15 00:00:16]]></wp:post_date>
		<wp:post_date_gmt><![CDATA[2020-06-15 00:00:16]]></wp:post_date_gmt>
		<wp:post_modified><![CDATA[2020-06-15 00:00:16]]></wp:post_modified>
		<wp:post_modified_gmt><![CDATA[2020-06-15 00:00:16]]></wp:post_modified_gmt>
		<wp:comment_status><![CDATA[open]]></wp:comment_status>
		<wp:ping_status><![CDATA[closed]]></wp:ping_status>
		<wp:post_name><![CDATA[marco-antonio-figueroa-anzaldo]]></wp:post_name>
		<wp:status><![CDATA[publish]]></wp:status>
		<wp:post_parent>0</wp:post_parent>
		<wp:menu_order>0</wp:menu_order>
		<wp:post_type><![CDATA[valpa_obituario_pt]]></wp:post_type>
		<wp:post_password><![CDATA[]]></wp:post_password>
		<wp:is_sticky>0</wp:is_sticky>
														<wp:postmeta>
		<wp:meta_key><![CDATA[_wp_old_date]]></wp:meta_key>
		<wp:meta_value><![CDATA[2020-08-27]]></wp:meta_value>
		</wp:postmeta>
							<wp:postmeta>
		<wp:meta_key><![CDATA[valpa_no_homenaje_meta]]></wp:meta_key>
		<wp:meta_value><![CDATA[0020000206]]></wp:meta_value>
		</wp:postmeta>
							<wp:postmeta>
		<wp:meta_key><![CDATA[valpa_nacimiento_dia_meta]]></wp:meta_key>
		<wp:meta_value><![CDATA[18]]></wp:meta_value>
		</wp:postmeta>
							<wp:postmeta>
		<wp:meta_key><![CDATA[valpa_nacimiento_mes_meta]]></wp:meta_key>
		<wp:meta_value><![CDATA[06]]></wp:meta_value>
		</wp:postmeta>
							<wp:postmeta>
		<wp:meta_key><![CDATA[valpa_nacimiento_ano_meta]]></wp:meta_key>
		<wp:meta_value><![CDATA[1982]]></wp:meta_value>
		</wp:postmeta>
							<wp:postmeta>
		<wp:meta_key><![CDATA[post_views_count]]></wp:meta_key>
		<wp:meta_value><![CDATA[105]]></wp:meta_value>
		</wp:postmeta>
							</item>
					<item>
		<title><![CDATA[Gerardo GonzÃ¡lez AvilÃ©s]]></title>
		<link>http://localhost/sass-wp/obituario/gerardo-gonzalez-aviles/</link>
		<pubDate>Sat, 13 Jun 2020 00:00:18 +0000</pubDate>
		<dc:creator><![CDATA[webmaster]]></dc:creator>
		<guid isPermaLink="false">http://valparaiso.com.mx/?post_type=valpa_obituario_pt&#038;p=6770</guid>
		<description></description>
		<content:encoded><![CDATA[Lo que una vez disfrutamos nunca lo perdemos. Todo lo que amamos profundamente se convierte en parte de nosotros mismos.]]></content:encoded>
		<excerpt:encoded><![CDATA[]]></excerpt:encoded>
		<wp:post_id>6770</wp:post_id>
		<wp:post_date><![CDATA[2020-06-13 00:00:18]]></wp:post_date>
		<wp:post_date_gmt><![CDATA[2020-06-13 00:00:18]]></wp:post_date_gmt>
		<wp:post_modified><![CDATA[2020-06-13 00:00:18]]></wp:post_modified>
		<wp:post_modified_gmt><![CDATA[2020-06-13 00:00:18]]></wp:post_modified_gmt>
		<wp:comment_status><![CDATA[open]]></wp:comment_status>
		<wp:ping_status><![CDATA[closed]]></wp:ping_status>
		<wp:post_name><![CDATA[gerardo-gonzalez-aviles]]></wp:post_name>
		<wp:status><![CDATA[publish]]></wp:status>
		<wp:post_parent>0</wp:post_parent>
		<wp:menu_order>0</wp:menu_order>
		<wp:post_type><![CDATA[valpa_obituario_pt]]></wp:post_type>
		<wp:post_password><![CDATA[]]></wp:post_password>
		<wp:is_sticky>0</wp:is_sticky>
														<wp:postmeta>
		<wp:meta_key><![CDATA[_edit_last]]></wp:meta_key>
		<wp:meta_value><![CDATA[1]]></wp:meta_value>
		</wp:postmeta>
							<wp:postmeta>
		<wp:meta_key><![CDATA[_thumbnail_id]]></wp:meta_key>
		<wp:meta_value><![CDATA[6786]]></wp:meta_value>
		</wp:postmeta>
							<wp:postmeta>
		<wp:meta_key><![CDATA[_wp_old_date]]></wp:meta_key>
		<wp:meta_value><![CDATA[2020-11-24]]></wp:meta_value>
		</wp:postmeta>
							<wp:postmeta>
		<wp:meta_key><![CDATA[sucursal_relacionada_meta]]></wp:meta_key>
		<wp:meta_value><![CDATA[a:1:{i:0;s:2:"22";}]]></wp:meta_value>
		</wp:postmeta>
							<wp:postmeta>
		<wp:meta_key><![CDATA[valpa_no_homenaje_meta]]></wp:meta_key>
		<wp:meta_value><![CDATA[0020000201]]></wp:meta_value>
		</wp:postmeta>
							<wp:postmeta>
		<wp:meta_key><![CDATA[servicio_relacionado_meta]]></wp:meta_key>
		<wp:meta_value><![CDATA[a:1:{i:0;s:9:"Domicilio";}]]></wp:meta_value>
		</wp:postmeta>
							<wp:postmeta>
		<wp:meta_key><![CDATA[valpa_nacimiento_dia_meta]]></wp:meta_key>
		<wp:meta_value><![CDATA[23]]></wp:meta_value>
		</wp:postmeta>
							<wp:postmeta>
		<wp:meta_key><![CDATA[valpa_nacimiento_mes_meta]]></wp:meta_key>
		<wp:meta_value><![CDATA[07]]></wp:meta_value>
		</wp:postmeta>
							<wp:postmeta>
		<wp:meta_key><![CDATA[valpa_nacimiento_ano_meta]]></wp:meta_key>
		<wp:meta_value><![CDATA[1965]]></wp:meta_value>
		</wp:postmeta>
							<wp:postmeta>
		<wp:meta_key><![CDATA[post_views_count]]></wp:meta_key>
		<wp:meta_value><![CDATA[112]]></wp:meta_value>
		</wp:postmeta>
							</item>
					<item>
		<title><![CDATA[Guillermo Rey Mejia Davila]]></title>
		<link>http://localhost/sass-wp/obituario/guillermo-rey-mejia-davila/</link>
		<pubDate>Mon, 15 Jun 2020 00:00:36 +0000</pubDate>
		<dc:creator><![CDATA[webmaster]]></dc:creator>
		<guid isPermaLink="false">http://valparaiso.com.mx/?post_type=valpa_obituario_pt&#038;p=520</guid>
		<description></description>
		<content:encoded><![CDATA[]]></content:encoded>
		<excerpt:encoded><![CDATA[]]></excerpt:encoded>
		<wp:post_id>520</wp:post_id>
		<wp:post_date><![CDATA[2020-06-15 00:00:36]]></wp:post_date>
		<wp:post_date_gmt><![CDATA[2020-06-15 00:00:36]]></wp:post_date_gmt>
		<wp:post_modified><![CDATA[2020-06-15 00:00:36]]></wp:post_modified>
		<wp:post_modified_gmt><![CDATA[2020-06-15 00:00:36]]></wp:post_modified_gmt>
		<wp:comment_status><![CDATA[open]]></wp:comment_status>
		<wp:ping_status><![CDATA[closed]]></wp:ping_status>
		<wp:post_name><![CDATA[guillermo-rey-mejia-davila]]></wp:post_name>
		<wp:status><![CDATA[publish]]></wp:status>
		<wp:post_parent>0</wp:post_parent>
		<wp:menu_order>0</wp:menu_order>
		<wp:post_type><![CDATA[valpa_obituario_pt]]></wp:post_type>
		<wp:post_password><![CDATA[]]></wp:post_password>
		<wp:is_sticky>0</wp:is_sticky>
														<wp:postmeta>
		<wp:meta_key><![CDATA[_wp_old_date]]></wp:meta_key>
		<wp:meta_value><![CDATA[2020-08-27]]></wp:meta_value>
		</wp:postmeta>
							<wp:postmeta>
		<wp:meta_key><![CDATA[valpa_no_homenaje_meta]]></wp:meta_key>
		<wp:meta_value><![CDATA[0020000205]]></wp:meta_value>
		</wp:postmeta>
							<wp:postmeta>
		<wp:meta_key><![CDATA[valpa_nacimiento_dia_meta]]></wp:meta_key>
		<wp:meta_value><![CDATA[14]]></wp:meta_value>
		</wp:postmeta>
							<wp:postmeta>
		<wp:meta_key><![CDATA[valpa_nacimiento_mes_meta]]></wp:meta_key>
		<wp:meta_value><![CDATA[11]]></wp:meta_value>
		</wp:postmeta>
							<wp:postmeta>
		<wp:meta_key><![CDATA[valpa_nacimiento_ano_meta]]></wp:meta_key>
		<wp:meta_value><![CDATA[1961]]></wp:meta_value>
		</wp:postmeta>
							<wp:postmeta>
		<wp:meta_key><![CDATA[post_views_count]]></wp:meta_key>
		<wp:meta_value><![CDATA[66]]></wp:meta_value>
		</wp:postmeta>
							</item>
					<item>
		<title><![CDATA[Reyna Escobar Vazquez]]></title>
		<link>http://localhost/sass-wp/obituario/reyna-escobar-vazquez/</link>
		<pubDate>Tue, 16 Jun 2020 00:00:17 +0000</pubDate>
		<dc:creator><![CDATA[webmaster]]></dc:creator>
		<guid isPermaLink="false">http://valparaiso.com.mx/?post_type=valpa_obituario_pt&#038;p=522</guid>
		<description></description>
		<content:encoded><![CDATA[]]></content:encoded>
		<excerpt:encoded><![CDATA[]]></excerpt:encoded>
		<wp:post_id>522</wp:post_id>
		<wp:post_date><![CDATA[2020-06-16 00:00:17]]></wp:post_date>
		<wp:post_date_gmt><![CDATA[2020-06-16 00:00:17]]></wp:post_date_gmt>
		<wp:post_modified><![CDATA[2020-06-16 00:00:17]]></wp:post_modified>
		<wp:post_modified_gmt><![CDATA[2020-06-16 00:00:17]]></wp:post_modified_gmt>
		<wp:comment_status><![CDATA[open]]></wp:comment_status>
		<wp:ping_status><![CDATA[closed]]></wp:ping_status>
		<wp:post_name><![CDATA[reyna-escobar-vazquez]]></wp:post_name>
		<wp:status><![CDATA[publish]]></wp:status>
		<wp:post_parent>0</wp:post_parent>
		<wp:menu_order>0</wp:menu_order>
		<wp:post_type><![CDATA[valpa_obituario_pt]]></wp:post_type>
		<wp:post_password><![CDATA[]]></wp:post_password>
		<wp:is_sticky>0</wp:is_sticky>
														<wp:postmeta>
		<wp:meta_key><![CDATA[_wp_old_date]]></wp:meta_key>
		<wp:meta_value><![CDATA[2020-08-27]]></wp:meta_value>
		</wp:postmeta>
							<wp:postmeta>
		<wp:meta_key><![CDATA[valpa_no_homenaje_meta]]></wp:meta_key>
		<wp:meta_value><![CDATA[0020000207]]></wp:meta_value>
		</wp:postmeta>
							<wp:postmeta>
		<wp:meta_key><![CDATA[valpa_nacimiento_dia_meta]]></wp:meta_key>
		<wp:meta_value><![CDATA[07]]></wp:meta_value>
		</wp:postmeta>
							<wp:postmeta>
		<wp:meta_key><![CDATA[valpa_nacimiento_mes_meta]]></wp:meta_key>
		<wp:meta_value><![CDATA[09]]></wp:meta_value>
		</wp:postmeta>
							<wp:postmeta>
		<wp:meta_key><![CDATA[valpa_nacimiento_ano_meta]]></wp:meta_key>
		<wp:meta_value><![CDATA[1960]]></wp:meta_value>
		</wp:postmeta>
							<wp:postmeta>
		<wp:meta_key><![CDATA[post_views_count]]></wp:meta_key>
		<wp:meta_value><![CDATA[73]]></wp:meta_value>
		</wp:postmeta>
							</item>
					<item>
		<title><![CDATA[Pedro Gallo Pote]]></title>
		<link>http://localhost/sass-wp/obituario/pedro-gallo-pote/</link>
		<pubDate>Tue, 16 Jun 2020 00:00:44 +0000</pubDate>
		<dc:creator><![CDATA[webmaster]]></dc:creator>
		<guid isPermaLink="false">http://valparaiso.com.mx/?post_type=valpa_obituario_pt&#038;p=523</guid>
		<description></description>
		<content:encoded><![CDATA[]]></content:encoded>
		<excerpt:encoded><![CDATA[]]></excerpt:encoded>
		<wp:post_id>523</wp:post_id>
		<wp:post_date><![CDATA[2020-06-16 00:00:44]]></wp:post_date>
		<wp:post_date_gmt><![CDATA[2020-06-16 00:00:44]]></wp:post_date_gmt>
		<wp:post_modified><![CDATA[2020-06-16 00:00:44]]></wp:post_modified>
		<wp:post_modified_gmt><![CDATA[2020-06-16 00:00:44]]></wp:post_modified_gmt>
		<wp:comment_status><![CDATA[open]]></wp:comment_status>
		<wp:ping_status><![CDATA[closed]]></wp:ping_status>
		<wp:post_name><![CDATA[pedro-gallo-pote]]></wp:post_name>
		<wp:status><![CDATA[publish]]></wp:status>
		<wp:post_parent>0</wp:post_parent>
		<wp:menu_order>0</wp:menu_order>
		<wp:post_type><![CDATA[valpa_obituario_pt]]></wp:post_type>
		<wp:post_password><![CDATA[]]></wp:post_password>
		<wp:is_sticky>0</wp:is_sticky>
														<wp:postmeta>
		<wp:meta_key><![CDATA[_wp_old_date]]></wp:meta_key>
		<wp:meta_value><![CDATA[2020-08-27]]></wp:meta_value>
		</wp:postmeta>
							<wp:postmeta>
		<wp:meta_key><![CDATA[valpa_no_homenaje_meta]]></wp:meta_key>
		<wp:meta_value><![CDATA[0020000208]]></wp:meta_value>
		</wp:postmeta>
							<wp:postmeta>
		<wp:meta_key><![CDATA[valpa_nacimiento_dia_meta]]></wp:meta_key>
		<wp:meta_value><![CDATA[30]]></wp:meta_value>
		</wp:postmeta>
							<wp:postmeta>
		<wp:meta_key><![CDATA[valpa_nacimiento_mes_meta]]></wp:meta_key>
		<wp:meta_value><![CDATA[07]]></wp:meta_value>
		</wp:postmeta>
							<wp:postmeta>
		<wp:meta_key><![CDATA[valpa_nacimiento_ano_meta]]></wp:meta_key>
		<wp:meta_value><![CDATA[1973]]></wp:meta_value>
		</wp:postmeta>
							<wp:postmeta>
		<wp:meta_key><![CDATA[post_views_count]]></wp:meta_key>
		<wp:meta_value><![CDATA[60]]></wp:meta_value>
		</wp:postmeta>
							</item>
					<item>
		<title><![CDATA[Evodia Victoriana Heraz Villalobos]]></title>
		<link>http://localhost/sass-wp/obituario/evodia-victoriana-heraz-villalobos/</link>
		<pubDate>Tue, 16 Jun 2020 00:00:00 +0000</pubDate>
		<dc:creator><![CDATA[webmaster]]></dc:creator>
		<guid isPermaLink="false">http://valparaiso.com.mx/?post_type=valpa_obituario_pt&#038;p=524</guid>
		<description></description>
		<content:encoded><![CDATA[]]></content:encoded>
		<excerpt:encoded><![CDATA[]]></excerpt:encoded>
		<wp:post_id>524</wp:post_id>
		<wp:post_date><![CDATA[2020-06-16 00:00:00]]></wp:post_date>
		<wp:post_date_gmt><![CDATA[2020-06-16 00:00:00]]></wp:post_date_gmt>
		<wp:post_modified><![CDATA[2020-06-16 00:00:00]]></wp:post_modified>
		<wp:post_modified_gmt><![CDATA[2020-06-16 00:00:00]]></wp:post_modified_gmt>
		<wp:comment_status><![CDATA[open]]></wp:comment_status>
		<wp:ping_status><![CDATA[closed]]></wp:ping_status>
		<wp:post_name><![CDATA[evodia-victoriana-heraz-villalobos]]></wp:post_name>
		<wp:status><![CDATA[publish]]></wp:status>
		<wp:post_parent>0</wp:post_parent>
		<wp:menu_order>0</wp:menu_order>
		<wp:post_type><![CDATA[valpa_obituario_pt]]></wp:post_type>
		<wp:post_password><![CDATA[]]></wp:post_password>
		<wp:is_sticky>0</wp:is_sticky>
														<wp:postmeta>
		<wp:meta_key><![CDATA[_wp_old_date]]></wp:meta_key>
		<wp:meta_value><![CDATA[2020-08-27]]></wp:meta_value>
		</wp:postmeta>
							<wp:postmeta>
		<wp:meta_key><![CDATA[valpa_no_homenaje_meta]]></wp:meta_key>
		<wp:meta_value><![CDATA[0020000209]]></wp:meta_value>
		</wp:postmeta>
							<wp:postmeta>
		<wp:meta_key><![CDATA[valpa_nacimiento_dia_meta]]></wp:meta_key>
		<wp:meta_value><![CDATA[06]]></wp:meta_value>
		</wp:postmeta>
							<wp:postmeta>
		<wp:meta_key><![CDATA[valpa_nacimiento_mes_meta]]></wp:meta_key>
		<wp:meta_value><![CDATA[05]]></wp:meta_value>
		</wp:postmeta>
							<wp:postmeta>
		<wp:meta_key><![CDATA[valpa_nacimiento_ano_meta]]></wp:meta_key>
		<wp:meta_value><![CDATA[1967]]></wp:meta_value>
		</wp:postmeta>
							<wp:postmeta>
		<wp:meta_key><![CDATA[post_views_count]]></wp:meta_key>
		<wp:meta_value><![CDATA[57]]></wp:meta_value>
		</wp:postmeta>
							</item>
					<item>
		<title><![CDATA[Josefina de la Cruz Chavez]]></title>
		<link>http://localhost/sass-wp/obituario/josefina-de-la-cruz-chavez/</link>
		<pubDate>Tue, 16 Jun 2020 00:00:57 +0000</pubDate>
		<dc:creator><![CDATA[webmaster]]></dc:creator>
		<guid isPermaLink="false">http://valparaiso.com.mx/?post_type=valpa_obituario_pt&#038;p=525</guid>
		<description></description>
		<content:encoded><![CDATA[]]></content:encoded>
		<excerpt:encoded><![CDATA[]]></excerpt:encoded>
		<wp:post_id>525</wp:post_id>
		<wp:post_date><![CDATA[2020-06-16 00:00:57]]></wp:post_date>
		<wp:post_date_gmt><![CDATA[2020-06-16 00:00:57]]></wp:post_date_gmt>
		<wp:post_modified><![CDATA[2020-06-16 00:00:57]]></wp:post_modified>
		<wp:post_modified_gmt><![CDATA[2020-06-16 00:00:57]]></wp:post_modified_gmt>
		<wp:comment_status><![CDATA[open]]></wp:comment_status>
		<wp:ping_status><![CDATA[closed]]></wp:ping_status>
		<wp:post_name><![CDATA[josefina-de-la-cruz-chavez]]></wp:post_name>
		<wp:status><![CDATA[publish]]></wp:status>
		<wp:post_parent>0</wp:post_parent>
		<wp:menu_order>0</wp:menu_order>
		<wp:post_type><![CDATA[valpa_obituario_pt]]></wp:post_type>
		<wp:post_password><![CDATA[]]></wp:post_password>
		<wp:is_sticky>0</wp:is_sticky>
														<wp:postmeta>
		<wp:meta_key><![CDATA[_wp_old_date]]></wp:meta_key>
		<wp:meta_value><![CDATA[2020-08-27]]></wp:meta_value>
		</wp:postmeta>
							<wp:postmeta>
		<wp:meta_key><![CDATA[valpa_no_homenaje_meta]]></wp:meta_key>
		<wp:meta_value><![CDATA[0020000210]]></wp:meta_value>
		</wp:postmeta>
							<wp:postmeta>
		<wp:meta_key><![CDATA[valpa_nacimiento_dia_meta]]></wp:meta_key>
		<wp:meta_value><![CDATA[22]]></wp:meta_value>
		</wp:postmeta>
							<wp:postmeta>
		<wp:meta_key><![CDATA[valpa_nacimiento_mes_meta]]></wp:meta_key>
		<wp:meta_value><![CDATA[03]]></wp:meta_value>
		</wp:postmeta>
							<wp:postmeta>
		<wp:meta_key><![CDATA[valpa_nacimiento_ano_meta]]></wp:meta_key>
		<wp:meta_value><![CDATA[1957]]></wp:meta_value>
		</wp:postmeta>
							<wp:postmeta>
		<wp:meta_key><![CDATA[post_views_count]]></wp:meta_key>
		<wp:meta_value><![CDATA[59]]></wp:meta_value>
		</wp:postmeta>
							</item>
					<item>
		<title><![CDATA[Jesus Antonio Torres CastaÃ±o]]></title>
		<link>http://localhost/sass-wp/obituario/jesus-antonio-torres-castano/</link>
		<pubDate>Tue, 16 Jun 2020 00:00:42 +0000</pubDate>
		<dc:creator><![CDATA[webmaster]]></dc:creator>
		<guid isPermaLink="false">http://valparaiso.com.mx/?post_type=valpa_obituario_pt&#038;p=526</guid>
		<description></description>
		<content:encoded><![CDATA[Lo que una vez disfrutamos nunca lo perdemos. Todo lo que amamos profundamente se convierte en parte de nosotros mismos.]]></content:encoded>
		<excerpt:encoded><![CDATA[]]></excerpt:encoded>
		<wp:post_id>526</wp:post_id>
		<wp:post_date><![CDATA[2020-06-16 00:00:42]]></wp:post_date>
		<wp:post_date_gmt><![CDATA[2020-06-16 00:00:42]]></wp:post_date_gmt>
		<wp:post_modified><![CDATA[2020-06-16 00:00:42]]></wp:post_modified>
		<wp:post_modified_gmt><![CDATA[2020-06-16 00:00:42]]></wp:post_modified_gmt>
		<wp:comment_status><![CDATA[open]]></wp:comment_status>
		<wp:ping_status><![CDATA[closed]]></wp:ping_status>
		<wp:post_name><![CDATA[jesus-antonio-torres-castano]]></wp:post_name>
		<wp:status><![CDATA[publish]]></wp:status>
		<wp:post_parent>0</wp:post_parent>
		<wp:menu_order>0</wp:menu_order>
		<wp:post_type><![CDATA[valpa_obituario_pt]]></wp:post_type>
		<wp:post_password><![CDATA[]]></wp:post_password>
		<wp:is_sticky>0</wp:is_sticky>
														<wp:postmeta>
		<wp:meta_key><![CDATA[_edit_last]]></wp:meta_key>
		<wp:meta_value><![CDATA[1]]></wp:meta_value>
		</wp:postmeta>
							<wp:postmeta>
		<wp:meta_key><![CDATA[_wp_old_date]]></wp:meta_key>
		<wp:meta_value><![CDATA[2020-08-27]]></wp:meta_value>
		</wp:postmeta>
							<wp:postmeta>
		<wp:meta_key><![CDATA[valpa_no_homenaje_meta]]></wp:meta_key>
		<wp:meta_value><![CDATA[0020000211]]></wp:meta_value>
		</wp:postmeta>
							<wp:postmeta>
		<wp:meta_key><![CDATA[valpa_nacimiento_dia_meta]]></wp:meta_key>
		<wp:meta_value><![CDATA[27]]></wp:meta_value>
		</wp:postmeta>
							<wp:postmeta>
		<wp:meta_key><![CDATA[valpa_nacimiento_mes_meta]]></wp:meta_key>
		<wp:meta_value><![CDATA[02]]></wp:meta_value>
		</wp:postmeta>
							<wp:postmeta>
		<wp:meta_key><![CDATA[valpa_nacimiento_ano_meta]]></wp:meta_key>
		<wp:meta_value><![CDATA[1996]]></wp:meta_value>
		</wp:postmeta>
							<wp:postmeta>
		<wp:meta_key><![CDATA[post_views_count]]></wp:meta_key>
		<wp:meta_value><![CDATA[399]]></wp:meta_value>
		</wp:postmeta>
							<wp:postmeta>
		<wp:meta_key><![CDATA[_thumbnail_id]]></wp:meta_key>
		<wp:meta_value><![CDATA[6994]]></wp:meta_value>
		</wp:postmeta>
							<wp:postmeta>
		<wp:meta_key><![CDATA[sucursal_relacionada_meta]]></wp:meta_key>
		<wp:meta_value><![CDATA[a:1:{i:0;s:2:"22";}]]></wp:meta_value>
		</wp:postmeta>
							<wp:postmeta>
		<wp:meta_key><![CDATA[servicio_relacionado_meta]]></wp:meta_key>
		<wp:meta_value><![CDATA[a:1:{i:0;s:9:"Domicilio";}]]></wp:meta_value>
		</wp:postmeta>
							<wp:postmeta>
		<wp:meta_key><![CDATA[num_velas_meta]]></wp:meta_key>
		<wp:meta_value><![CDATA[14]]></wp:meta_value>
		</wp:postmeta>
							<wp:postmeta>
		<wp:meta_key><![CDATA[num_recuerdos_meta]]></wp:meta_key>
		<wp:meta_value><![CDATA[1]]></wp:meta_value>
		</wp:postmeta>
							</item>
					<item>
		<title><![CDATA[Ma. de Jesus Valencia Pichardo]]></title>
		<link>http://localhost/sass-wp/obituario/ma-de-jesus-valencia-pichardo/</link>
		<pubDate>Wed, 17 Jun 2020 00:00:53 +0000</pubDate>
		<dc:creator><![CDATA[webmaster]]></dc:creator>
		<guid isPermaLink="false">http://valparaiso.com.mx/?post_type=valpa_obituario_pt&#038;p=527</guid>
		<description></description>
		<content:encoded><![CDATA[]]></content:encoded>
		<excerpt:encoded><![CDATA[]]></excerpt:encoded>
		<wp:post_id>527</wp:post_id>
		<wp:post_date><![CDATA[2020-06-17 00:00:53]]></wp:post_date>
		<wp:post_date_gmt><![CDATA[2020-06-17 00:00:53]]></wp:post_date_gmt>
		<wp:post_modified><![CDATA[2020-06-17 00:00:53]]></wp:post_modified>
		<wp:post_modified_gmt><![CDATA[2020-06-17 00:00:53]]></wp:post_modified_gmt>
		<wp:comment_status><![CDATA[open]]></wp:comment_status>
		<wp:ping_status><![CDATA[closed]]></wp:ping_status>
		<wp:post_name><![CDATA[ma-de-jesus-valencia-pichardo]]></wp:post_name>
		<wp:status><![CDATA[publish]]></wp:status>
		<wp:post_parent>0</wp:post_parent>
		<wp:menu_order>0</wp:menu_order>
		<wp:post_type><![CDATA[valpa_obituario_pt]]></wp:post_type>
		<wp:post_password><![CDATA[]]></wp:post_password>
		<wp:is_sticky>0</wp:is_sticky>
														<wp:postmeta>
		<wp:meta_key><![CDATA[_wp_old_date]]></wp:meta_key>
		<wp:meta_value><![CDATA[2020-08-27]]></wp:meta_value>
		</wp:postmeta>
							<wp:postmeta>
		<wp:meta_key><![CDATA[valpa_no_homenaje_meta]]></wp:meta_key>
		<wp:meta_value><![CDATA[0020000212]]></wp:meta_value>
		</wp:postmeta>
							<wp:postmeta>
		<wp:meta_key><![CDATA[valpa_nacimiento_dia_meta]]></wp:meta_key>
		<wp:meta_value><![CDATA[04]]></wp:meta_value>
		</wp:postmeta>
							<wp:postmeta>
		<wp:meta_key><![CDATA[valpa_nacimiento_mes_meta]]></wp:meta_key>
		<wp:meta_value><![CDATA[06]]></wp:meta_value>
		</wp:postmeta>
							<wp:postmeta>
		<wp:meta_key><![CDATA[valpa_nacimiento_ano_meta]]></wp:meta_key>
		<wp:meta_value><![CDATA[1937]]></wp:meta_value>
		</wp:postmeta>
							<wp:postmeta>
		<wp:meta_key><![CDATA[post_views_count]]></wp:meta_key>
		<wp:meta_value><![CDATA[51]]></wp:meta_value>
		</wp:postmeta>
							</item>
					<item>
		<title><![CDATA[Ana Maria Gonzalez Pulido]]></title>
		<link>http://localhost/sass-wp/obituario/ana-maria-gonzalez-pulido/</link>
		<pubDate>Wed, 17 Jun 2020 00:00:06 +0000</pubDate>
		<dc:creator><![CDATA[webmaster]]></dc:creator>
		<guid isPermaLink="false">http://valparaiso.com.mx/?post_type=valpa_obituario_pt&#038;p=528</guid>
		<description></description>
		<content:encoded><![CDATA[]]></content:encoded>
		<excerpt:encoded><![CDATA[]]></excerpt:encoded>
		<wp:post_id>528</wp:post_id>
		<wp:post_date><![CDATA[2020-06-17 00:00:06]]></wp:post_date>
		<wp:post_date_gmt><![CDATA[2020-06-17 00:00:06]]></wp:post_date_gmt>
		<wp:post_modified><![CDATA[2020-06-17 00:00:06]]></wp:post_modified>
		<wp:post_modified_gmt><![CDATA[2020-06-17 00:00:06]]></wp:post_modified_gmt>
		<wp:comment_status><![CDATA[open]]></wp:comment_status>
		<wp:ping_status><![CDATA[closed]]></wp:ping_status>
		<wp:post_name><![CDATA[ana-maria-gonzalez-pulido]]></wp:post_name>
		<wp:status><![CDATA[publish]]></wp:status>
		<wp:post_parent>0</wp:post_parent>
		<wp:menu_order>0</wp:menu_order>
		<wp:post_type><![CDATA[valpa_obituario_pt]]></wp:post_type>
		<wp:post_password><![CDATA[]]></wp:post_password>
		<wp:is_sticky>0</wp:is_sticky>
														<wp:postmeta>
		<wp:meta_key><![CDATA[_wp_old_date]]></wp:meta_key>
		<wp:meta_value><![CDATA[2020-08-27]]></wp:meta_value>
		</wp:postmeta>
							<wp:postmeta>
		<wp:meta_key><![CDATA[valpa_no_homenaje_meta]]></wp:meta_key>
		<wp:meta_value><![CDATA[0020000213]]></wp:meta_value>
		</wp:postmeta>
							<wp:postmeta>
		<wp:meta_key><![CDATA[valpa_nacimiento_dia_meta]]></wp:meta_key>
		<wp:meta_value><![CDATA[06]]></wp:meta_value>
		</wp:postmeta>
							<wp:postmeta>
		<wp:meta_key><![CDATA[valpa_nacimiento_mes_meta]]></wp:meta_key>
		<wp:meta_value><![CDATA[07]]></wp:meta_value>
		</wp:postmeta>
							<wp:postmeta>
		<wp:meta_key><![CDATA[valpa_nacimiento_ano_meta]]></wp:meta_key>
		<wp:meta_value><![CDATA[1963]]></wp:meta_value>
		</wp:postmeta>
							<wp:postmeta>
		<wp:meta_key><![CDATA[post_views_count]]></wp:meta_key>
		<wp:meta_value><![CDATA[65]]></wp:meta_value>
		</wp:postmeta>
							</item>
					<item>
		<title><![CDATA[Aurelio Ramirez Heras]]></title>
		<link>http://localhost/sass-wp/obituario/aurelio-ramirez-heras/</link>
		<pubDate>Wed, 17 Jun 2020 00:00:04 +0000</pubDate>
		<dc:creator><![CDATA[webmaster]]></dc:creator>
		<guid isPermaLink="false">http://valparaiso.com.mx/?post_type=valpa_obituario_pt&#038;p=530</guid>
		<description></description>
		<content:encoded><![CDATA[]]></content:encoded>
		<excerpt:encoded><![CDATA[]]></excerpt:encoded>
		<wp:post_id>530</wp:post_id>
		<wp:post_date><![CDATA[2020-06-17 00:00:04]]></wp:post_date>
		<wp:post_date_gmt><![CDATA[2020-06-17 00:00:04]]></wp:post_date_gmt>
		<wp:post_modified><![CDATA[2020-06-17 00:00:04]]></wp:post_modified>
		<wp:post_modified_gmt><![CDATA[2020-06-17 00:00:04]]></wp:post_modified_gmt>
		<wp:comment_status><![CDATA[open]]></wp:comment_status>
		<wp:ping_status><![CDATA[closed]]></wp:ping_status>
		<wp:post_name><![CDATA[aurelio-ramirez-heras]]></wp:post_name>
		<wp:status><![CDATA[publish]]></wp:status>
		<wp:post_parent>0</wp:post_parent>
		<wp:menu_order>0</wp:menu_order>
		<wp:post_type><![CDATA[valpa_obituario_pt]]></wp:post_type>
		<wp:post_password><![CDATA[]]></wp:post_password>
		<wp:is_sticky>0</wp:is_sticky>
														<wp:postmeta>
		<wp:meta_key><![CDATA[_wp_old_date]]></wp:meta_key>
		<wp:meta_value><![CDATA[2020-08-27]]></wp:meta_value>
		</wp:postmeta>
							<wp:postmeta>
		<wp:meta_key><![CDATA[valpa_no_homenaje_meta]]></wp:meta_key>
		<wp:meta_value><![CDATA[0020000214]]></wp:meta_value>
		</wp:postmeta>
							<wp:postmeta>
		<wp:meta_key><![CDATA[valpa_nacimiento_dia_meta]]></wp:meta_key>
		<wp:meta_value><![CDATA[12]]></wp:meta_value>
		</wp:postmeta>
							<wp:postmeta>
		<wp:meta_key><![CDATA[valpa_nacimiento_mes_meta]]></wp:meta_key>
		<wp:meta_value><![CDATA[11]]></wp:meta_value>
		</wp:postmeta>
							<wp:postmeta>
		<wp:meta_key><![CDATA[valpa_nacimiento_ano_meta]]></wp:meta_key>
		<wp:meta_value><![CDATA[1974]]></wp:meta_value>
		</wp:postmeta>
							<wp:postmeta>
		<wp:meta_key><![CDATA[post_views_count]]></wp:meta_key>
		<wp:meta_value><![CDATA[59]]></wp:meta_value>
		</wp:postmeta>
							</item>
					<item>
		<title><![CDATA[Francisco Ramirez Mendoza]]></title>
		<link>http://localhost/sass-wp/obituario/francisco-ramirez-mendoza/</link>
		<pubDate>Wed, 17 Jun 2020 00:00:09 +0000</pubDate>
		<dc:creator><![CDATA[webmaster]]></dc:creator>
		<guid isPermaLink="false">http://valparaiso.com.mx/?post_type=valpa_obituario_pt&#038;p=531</guid>
		<description></description>
		<content:encoded><![CDATA[]]></content:encoded>
		<excerpt:encoded><![CDATA[]]></excerpt:encoded>
		<wp:post_id>531</wp:post_id>
		<wp:post_date><![CDATA[2020-06-17 00:00:09]]></wp:post_date>
		<wp:post_date_gmt><![CDATA[2020-06-17 00:00:09]]></wp:post_date_gmt>
		<wp:post_modified><![CDATA[2020-06-17 00:00:09]]></wp:post_modified>
		<wp:post_modified_gmt><![CDATA[2020-06-17 00:00:09]]></wp:post_modified_gmt>
		<wp:comment_status><![CDATA[open]]></wp:comment_status>
		<wp:ping_status><![CDATA[closed]]></wp:ping_status>
		<wp:post_name><![CDATA[francisco-ramirez-mendoza]]></wp:post_name>
		<wp:status><![CDATA[publish]]></wp:status>
		<wp:post_parent>0</wp:post_parent>
		<wp:menu_order>0</wp:menu_order>
		<wp:post_type><![CDATA[valpa_obituario_pt]]></wp:post_type>
		<wp:post_password><![CDATA[]]></wp:post_password>
		<wp:is_sticky>0</wp:is_sticky>
														<wp:postmeta>
		<wp:meta_key><![CDATA[_wp_old_date]]></wp:meta_key>
		<wp:meta_value><![CDATA[2020-08-27]]></wp:meta_value>
		</wp:postmeta>
							<wp:postmeta>
		<wp:meta_key><![CDATA[valpa_no_homenaje_meta]]></wp:meta_key>
		<wp:meta_value><![CDATA[0020000215]]></wp:meta_value>
		</wp:postmeta>
							<wp:postmeta>
		<wp:meta_key><![CDATA[valpa_nacimiento_dia_meta]]></wp:meta_key>
		<wp:meta_value><![CDATA[03]]></wp:meta_value>
		</wp:postmeta>
							<wp:postmeta>
		<wp:meta_key><![CDATA[valpa_nacimiento_mes_meta]]></wp:meta_key>
		<wp:meta_value><![CDATA[10]]></wp:meta_value>
		</wp:postmeta>
							<wp:postmeta>
		<wp:meta_key><![CDATA[valpa_nacimiento_ano_meta]]></wp:meta_key>
		<wp:meta_value><![CDATA[1933]]></wp:meta_value>
		</wp:postmeta>
							<wp:postmeta>
		<wp:meta_key><![CDATA[post_views_count]]></wp:meta_key>
		<wp:meta_value><![CDATA[47]]></wp:meta_value>
		</wp:postmeta>
							</item>
					<item>
		<title><![CDATA[Tomas Pichardo Coyote]]></title>
		<link>http://localhost/sass-wp/obituario/tomas-pichardo-coyote/</link>
		<pubDate>Wed, 17 Jun 2020 00:00:41 +0000</pubDate>
		<dc:creator><![CDATA[webmaster]]></dc:creator>
		<guid isPermaLink="false">http://valparaiso.com.mx/?post_type=valpa_obituario_pt&#038;p=533</guid>
		<description></description>
		<content:encoded><![CDATA[]]></content:encoded>
		<excerpt:encoded><![CDATA[]]></excerpt:encoded>
		<wp:post_id>533</wp:post_id>
		<wp:post_date><![CDATA[2020-06-17 00:00:41]]></wp:post_date>
		<wp:post_date_gmt><![CDATA[2020-06-17 00:00:41]]></wp:post_date_gmt>
		<wp:post_modified><![CDATA[2020-06-17 00:00:41]]></wp:post_modified>
		<wp:post_modified_gmt><![CDATA[2020-06-17 00:00:41]]></wp:post_modified_gmt>
		<wp:comment_status><![CDATA[open]]></wp:comment_status>
		<wp:ping_status><![CDATA[closed]]></wp:ping_status>
		<wp:post_name><![CDATA[tomas-pichardo-coyote]]></wp:post_name>
		<wp:status><![CDATA[publish]]></wp:status>
		<wp:post_parent>0</wp:post_parent>
		<wp:menu_order>0</wp:menu_order>
		<wp:post_type><![CDATA[valpa_obituario_pt]]></wp:post_type>
		<wp:post_password><![CDATA[]]></wp:post_password>
		<wp:is_sticky>0</wp:is_sticky>
														<wp:postmeta>
		<wp:meta_key><![CDATA[_wp_old_date]]></wp:meta_key>
		<wp:meta_value><![CDATA[2020-08-27]]></wp:meta_value>
		</wp:postmeta>
							<wp:postmeta>
		<wp:meta_key><![CDATA[valpa_no_homenaje_meta]]></wp:meta_key>
		<wp:meta_value><![CDATA[0020000216]]></wp:meta_value>
		</wp:postmeta>
							<wp:postmeta>
		<wp:meta_key><![CDATA[valpa_nacimiento_dia_meta]]></wp:meta_key>
		<wp:meta_value><![CDATA[18]]></wp:meta_value>
		</wp:postmeta>
							<wp:postmeta>
		<wp:meta_key><![CDATA[valpa_nacimiento_mes_meta]]></wp:meta_key>
		<wp:meta_value><![CDATA[11]]></wp:meta_value>
		</wp:postmeta>
							<wp:postmeta>
		<wp:meta_key><![CDATA[valpa_nacimiento_ano_meta]]></wp:meta_key>
		<wp:meta_value><![CDATA[1952]]></wp:meta_value>
		</wp:postmeta>
							<wp:postmeta>
		<wp:meta_key><![CDATA[post_views_count]]></wp:meta_key>
		<wp:meta_value><![CDATA[44]]></wp:meta_value>
		</wp:postmeta>
							</item>
					<item>
		<title><![CDATA[Silvia Elena Lara Lopez]]></title>
		<link>http://localhost/sass-wp/obituario/silvia-elena-lara-lopez/</link>
		<pubDate>Thu, 18 Jun 2020 00:00:14 +0000</pubDate>
		<dc:creator><![CDATA[webmaster]]></dc:creator>
		<guid isPermaLink="false">http://valparaiso.com.mx/?post_type=valpa_obituario_pt&#038;p=535</guid>
		<description></description>
		<content:encoded><![CDATA[]]></content:encoded>
		<excerpt:encoded><![CDATA[]]></excerpt:encoded>
		<wp:post_id>535</wp:post_id>
		<wp:post_date><![CDATA[2020-06-18 00:00:14]]></wp:post_date>
		<wp:post_date_gmt><![CDATA[2020-06-18 00:00:14]]></wp:post_date_gmt>
		<wp:post_modified><![CDATA[2020-06-18 00:00:14]]></wp:post_modified>
		<wp:post_modified_gmt><![CDATA[2020-06-18 00:00:14]]></wp:post_modified_gmt>
		<wp:comment_status><![CDATA[open]]></wp:comment_status>
		<wp:ping_status><![CDATA[closed]]></wp:ping_status>
		<wp:post_name><![CDATA[silvia-elena-lara-lopez]]></wp:post_name>
		<wp:status><![CDATA[publish]]></wp:status>
		<wp:post_parent>0</wp:post_parent>
		<wp:menu_order>0</wp:menu_order>
		<wp:post_type><![CDATA[valpa_obituario_pt]]></wp:post_type>
		<wp:post_password><![CDATA[]]></wp:post_password>
		<wp:is_sticky>0</wp:is_sticky>
														<wp:postmeta>
		<wp:meta_key><![CDATA[_wp_old_date]]></wp:meta_key>
		<wp:meta_value><![CDATA[2020-08-27]]></wp:meta_value>
		</wp:postmeta>
							<wp:postmeta>
		<wp:meta_key><![CDATA[valpa_no_homenaje_meta]]></wp:meta_key>
		<wp:meta_value><![CDATA[0020000217]]></wp:meta_value>
		</wp:postmeta>
							<wp:postmeta>
		<wp:meta_key><![CDATA[valpa_nacimiento_dia_meta]]></wp:meta_key>
		<wp:meta_value><![CDATA[20]]></wp:meta_value>
		</wp:postmeta>
							<wp:postmeta>
		<wp:meta_key><![CDATA[valpa_nacimiento_mes_meta]]></wp:meta_key>
		<wp:meta_value><![CDATA[08]]></wp:meta_value>
		</wp:postmeta>
							<wp:postmeta>
		<wp:meta_key><![CDATA[valpa_nacimiento_ano_meta]]></wp:meta_key>
		<wp:meta_value><![CDATA[1950]]></wp:meta_value>
		</wp:postmeta>
							<wp:postmeta>
		<wp:meta_key><![CDATA[post_views_count]]></wp:meta_key>
		<wp:meta_value><![CDATA[62]]></wp:meta_value>
		</wp:postmeta>
							</item>
					<item>
		<title><![CDATA[Edmundo Saavedra Nava]]></title>
		<link>http://localhost/sass-wp/obituario/edmundo-saavedra-nava/</link>
		<pubDate>Thu, 18 Jun 2020 00:00:59 +0000</pubDate>
		<dc:creator><![CDATA[webmaster]]></dc:creator>
		<guid isPermaLink="false">http://valparaiso.com.mx/?post_type=valpa_obituario_pt&#038;p=536</guid>
		<description></description>
		<content:encoded><![CDATA[<img class="alignnone size-full wp-image-2375" src="http://valparaiso.com.mx/wp-content/uploads/2020/06/WhatsApp-Image-2020-06-18-at-10.24.13-PM.jpeg" alt="" width="864" height="1152" /> <img class="alignnone size-medium wp-image-2376" src="http://valparaiso.com.mx/wp-content/uploads/2020/06/WhatsApp-Image-2020-06-18-at-10.24.14-PM-1.jpeg" alt="" width="225" height="300" /> <img class="alignnone size-medium wp-image-2377" src="http://valparaiso.com.mx/wp-content/uploads/2020/06/WhatsApp-Image-2020-06-18-at-10.24.14-PM-2.jpeg" alt="" width="225" height="300" /> <img class="alignnone size-medium wp-image-2378" src="http://valparaiso.com.mx/wp-content/uploads/2020/06/WhatsApp-Image-2020-06-18-at-10.24.14-PM-3.jpeg" alt="" width="300" height="225" /> <img class="alignnone size-medium wp-image-2379" src="http://valparaiso.com.mx/wp-content/uploads/2020/06/WhatsApp-Image-2020-06-18-at-10.24.14-PM.jpeg" alt="" width="300" height="225" /> <img class="alignnone size-medium wp-image-2380" src="http://valparaiso.com.mx/wp-content/uploads/2020/06/WhatsApp-Image-2020-06-18-at-10.24.15-PM-1.jpeg" alt="" width="300" height="168" /> <img class="alignnone size-medium wp-image-2381" src="http://valparaiso.com.mx/wp-content/uploads/2020/06/WhatsApp-Image-2020-06-18-at-10.24.15-PM-2.jpeg" alt="" width="255" height="300" /> <img class="alignnone size-medium wp-image-2382" src="http://valparaiso.com.mx/wp-content/uploads/2020/06/WhatsApp-Image-2020-06-18-at-10.24.15-PM.jpeg" alt="" width="300" height="169" /> <img class="alignnone size-medium wp-image-2383" src="http://valparaiso.com.mx/wp-content/uploads/2020/06/WhatsApp-Image-2020-06-18-at-10.24.16-PM-1.jpeg" alt="" width="300" height="225" /> <img class="alignnone size-medium wp-image-2384" src="http://valparaiso.com.mx/wp-content/uploads/2020/06/WhatsApp-Image-2020-06-18-at-10.24.16-PM-2.jpeg" alt="" width="300" height="225" /> <img class="alignnone size-medium wp-image-2385" src="http://valparaiso.com.mx/wp-content/uploads/2020/06/WhatsApp-Image-2020-06-18-at-10.24.16-PM.jpeg" alt="" width="225" height="300" /> <img class="alignnone size-medium wp-image-2386" src="http://valparaiso.com.mx/wp-content/uploads/2020/06/WhatsApp-Image-2020-06-18-at-10.24.17-PM.jpeg" alt="" width="300" height="225" /> <img class="alignnone size-medium wp-image-2387" src="http://valparaiso.com.mx/wp-content/uploads/2020/06/WhatsApp-Image-2020-06-18-at-10.24.18-PM-1.jpeg" alt="" width="300" height="150" /> <img class="alignnone size-medium wp-image-2388" src="http://valparaiso.com.mx/wp-content/uploads/2020/06/WhatsApp-Image-2020-06-18-at-10.24.18-PM-2.jpeg" alt="" width="300" height="225" /> <img class="alignnone size-medium wp-image-2389" src="http://valparaiso.com.mx/wp-content/uploads/2020/06/WhatsApp-Image-2020-06-18-at-10.24.18-PM.jpeg" alt="" width="300" height="225" /> <img class="alignnone size-medium wp-image-2390" src="http://valparaiso.com.mx/wp-content/uploads/2020/06/WhatsApp-Image-2020-06-18-at-10.24.19-PM.jpeg" alt="" width="225" height="300" />]]></content:encoded>
		<excerpt:encoded><![CDATA[]]></excerpt:encoded>
		<wp:post_id>536</wp:post_id>
		<wp:post_date><![CDATA[2020-06-18 00:00:59]]></wp:post_date>
		<wp:post_date_gmt><![CDATA[2020-06-18 00:00:59]]></wp:post_date_gmt>
		<wp:post_modified><![CDATA[2020-06-18 00:00:59]]></wp:post_modified>
		<wp:post_modified_gmt><![CDATA[2020-06-18 00:00:59]]></wp:post_modified_gmt>
		<wp:comment_status><![CDATA[open]]></wp:comment_status>
		<wp:ping_status><![CDATA[closed]]></wp:ping_status>
		<wp:post_name><![CDATA[edmundo-saavedra-nava]]></wp:post_name>
		<wp:status><![CDATA[publish]]></wp:status>
		<wp:post_parent>0</wp:post_parent>
		<wp:menu_order>0</wp:menu_order>
		<wp:post_type><![CDATA[valpa_obituario_pt]]></wp:post_type>
		<wp:post_password><![CDATA[]]></wp:post_password>
		<wp:is_sticky>0</wp:is_sticky>
														<wp:postmeta>
		<wp:meta_key><![CDATA[_wp_old_date]]></wp:meta_key>
		<wp:meta_value><![CDATA[2020-08-27]]></wp:meta_value>
		</wp:postmeta>
							<wp:postmeta>
		<wp:meta_key><![CDATA[valpa_no_homenaje_meta]]></wp:meta_key>
		<wp:meta_value><![CDATA[0020000218]]></wp:meta_value>
		</wp:postmeta>
							<wp:postmeta>
		<wp:meta_key><![CDATA[valpa_nacimiento_dia_meta]]></wp:meta_key>
		<wp:meta_value><![CDATA[20]]></wp:meta_value>
		</wp:postmeta>
							<wp:postmeta>
		<wp:meta_key><![CDATA[valpa_nacimiento_mes_meta]]></wp:meta_key>
		<wp:meta_value><![CDATA[11]]></wp:meta_value>
		</wp:postmeta>
							<wp:postmeta>
		<wp:meta_key><![CDATA[valpa_nacimiento_ano_meta]]></wp:meta_key>
		<wp:meta_value><![CDATA[1968]]></wp:meta_value>
		</wp:postmeta>
							<wp:postmeta>
		<wp:meta_key><![CDATA[post_views_count]]></wp:meta_key>
		<wp:meta_value><![CDATA[56]]></wp:meta_value>
		</wp:postmeta>
							</item>
					<item>
		<title><![CDATA[Mario Posadas Urbina]]></title>
		<link>http://localhost/sass-wp/obituario/mario-posadas-urbina/</link>
		<pubDate>Thu, 18 Jun 2020 00:00:42 +0000</pubDate>
		<dc:creator><![CDATA[webmaster]]></dc:creator>
		<guid isPermaLink="false">http://valparaiso.com.mx/?post_type=valpa_obituario_pt&#038;p=537</guid>
		<description></description>
		<content:encoded><![CDATA[]]></content:encoded>
		<excerpt:encoded><![CDATA[]]></excerpt:encoded>
		<wp:post_id>537</wp:post_id>
		<wp:post_date><![CDATA[2020-06-18 00:00:42]]></wp:post_date>
		<wp:post_date_gmt><![CDATA[2020-06-18 00:00:42]]></wp:post_date_gmt>
		<wp:post_modified><![CDATA[2020-06-18 00:00:42]]></wp:post_modified>
		<wp:post_modified_gmt><![CDATA[2020-06-18 00:00:42]]></wp:post_modified_gmt>
		<wp:comment_status><![CDATA[open]]></wp:comment_status>
		<wp:ping_status><![CDATA[closed]]></wp:ping_status>
		<wp:post_name><![CDATA[mario-posadas-urbina]]></wp:post_name>
		<wp:status><![CDATA[publish]]></wp:status>
		<wp:post_parent>0</wp:post_parent>
		<wp:menu_order>0</wp:menu_order>
		<wp:post_type><![CDATA[valpa_obituario_pt]]></wp:post_type>
		<wp:post_password><![CDATA[]]></wp:post_password>
		<wp:is_sticky>0</wp:is_sticky>
														<wp:postmeta>
		<wp:meta_key><![CDATA[_wp_old_date]]></wp:meta_key>
		<wp:meta_value><![CDATA[2020-08-27]]></wp:meta_value>
		</wp:postmeta>
							<wp:postmeta>
		<wp:meta_key><![CDATA[valpa_no_homenaje_meta]]></wp:meta_key>
		<wp:meta_value><![CDATA[0020000219]]></wp:meta_value>
		</wp:postmeta>
							<wp:postmeta>
		<wp:meta_key><![CDATA[valpa_nacimiento_dia_meta]]></wp:meta_key>
		<wp:meta_value><![CDATA[15]]></wp:meta_value>
		</wp:postmeta>
							<wp:postmeta>
		<wp:meta_key><![CDATA[valpa_nacimiento_mes_meta]]></wp:meta_key>
		<wp:meta_value><![CDATA[08]]></wp:meta_value>
		</wp:postmeta>
							<wp:postmeta>
		<wp:meta_key><![CDATA[valpa_nacimiento_ano_meta]]></wp:meta_key>
		<wp:meta_value><![CDATA[1969]]></wp:meta_value>
		</wp:postmeta>
							<wp:postmeta>
		<wp:meta_key><![CDATA[post_views_count]]></wp:meta_key>
		<wp:meta_value><![CDATA[59]]></wp:meta_value>
		</wp:postmeta>
							</item>
					<item>
		<title><![CDATA[Francisca DÃ­az Ortega y Agripin Becerril Balbuena]]></title>
		<link>http://localhost/sass-wp/obituario/francisca-diaz-ortega/</link>
		<pubDate>Fri, 19 Jun 2020 00:00:22 +0000</pubDate>
		<dc:creator><![CDATA[webmaster]]></dc:creator>
		<guid isPermaLink="false">http://valparaiso.com.mx/?post_type=valpa_obituario_pt&#038;p=538</guid>
		<description></description>
		<content:encoded><![CDATA[Mi vida es tu vida, Amor de los dos.]]></content:encoded>
		<excerpt:encoded><![CDATA[]]></excerpt:encoded>
		<wp:post_id>538</wp:post_id>
		<wp:post_date><![CDATA[2020-06-19 00:00:22]]></wp:post_date>
		<wp:post_date_gmt><![CDATA[2020-06-19 00:00:22]]></wp:post_date_gmt>
		<wp:post_modified><![CDATA[2020-06-19 00:00:22]]></wp:post_modified>
		<wp:post_modified_gmt><![CDATA[2020-06-19 00:00:22]]></wp:post_modified_gmt>
		<wp:comment_status><![CDATA[open]]></wp:comment_status>
		<wp:ping_status><![CDATA[closed]]></wp:ping_status>
		<wp:post_name><![CDATA[francisca-diaz-ortega]]></wp:post_name>
		<wp:status><![CDATA[publish]]></wp:status>
		<wp:post_parent>0</wp:post_parent>
		<wp:menu_order>0</wp:menu_order>
		<wp:post_type><![CDATA[valpa_obituario_pt]]></wp:post_type>
		<wp:post_password><![CDATA[]]></wp:post_password>
		<wp:is_sticky>0</wp:is_sticky>
														<wp:postmeta>
		<wp:meta_key><![CDATA[_edit_last]]></wp:meta_key>
		<wp:meta_value><![CDATA[1]]></wp:meta_value>
		</wp:postmeta>
							<wp:postmeta>
		<wp:meta_key><![CDATA[_wp_old_date]]></wp:meta_key>
		<wp:meta_value><![CDATA[2020-08-27]]></wp:meta_value>
		</wp:postmeta>
							<wp:postmeta>
		<wp:meta_key><![CDATA[valpa_no_homenaje_meta]]></wp:meta_key>
		<wp:meta_value><![CDATA[0020000220]]></wp:meta_value>
		</wp:postmeta>
							<wp:postmeta>
		<wp:meta_key><![CDATA[valpa_nacimiento_dia_meta]]></wp:meta_key>
		<wp:meta_value><![CDATA[13]]></wp:meta_value>
		</wp:postmeta>
							<wp:postmeta>
		<wp:meta_key><![CDATA[valpa_nacimiento_mes_meta]]></wp:meta_key>
		<wp:meta_value><![CDATA[09]]></wp:meta_value>
		</wp:postmeta>
							<wp:postmeta>
		<wp:meta_key><![CDATA[valpa_nacimiento_ano_meta]]></wp:meta_key>
		<wp:meta_value><![CDATA[1952]]></wp:meta_value>
		</wp:postmeta>
							<wp:postmeta>
		<wp:meta_key><![CDATA[post_views_count]]></wp:meta_key>
		<wp:meta_value><![CDATA[106]]></wp:meta_value>
		</wp:postmeta>
							<wp:postmeta>
		<wp:meta_key><![CDATA[_thumbnail_id]]></wp:meta_key>
		<wp:meta_value><![CDATA[7148]]></wp:meta_value>
		</wp:postmeta>
							<wp:postmeta>
		<wp:meta_key><![CDATA[sucursal_relacionada_meta]]></wp:meta_key>
		<wp:meta_value><![CDATA[a:1:{i:0;s:2:"22";}]]></wp:meta_value>
		</wp:postmeta>
							<wp:postmeta>
		<wp:meta_key><![CDATA[servicio_relacionado_meta]]></wp:meta_key>
		<wp:meta_value><![CDATA[a:1:{i:0;s:9:"Domicilio";}]]></wp:meta_value>
		</wp:postmeta>
							<wp:postmeta>
		<wp:meta_key><![CDATA[num_velas_meta]]></wp:meta_key>
		<wp:meta_value><![CDATA[2]]></wp:meta_value>
		</wp:postmeta>
							<wp:postmeta>
		<wp:meta_key><![CDATA[num_recuerdos_meta]]></wp:meta_key>
		<wp:meta_value><![CDATA[1]]></wp:meta_value>
		</wp:postmeta>
							</item>
					<item>
		<title><![CDATA[Francisco Javier Barbina Colin]]></title>
		<link>http://localhost/sass-wp/obituario/francisco-javier-barbina-colin/</link>
		<pubDate>Fri, 19 Jun 2020 00:00:29 +0000</pubDate>
		<dc:creator><![CDATA[webmaster]]></dc:creator>
		<guid isPermaLink="false">http://valparaiso.com.mx/?post_type=valpa_obituario_pt&#038;p=539</guid>
		<description></description>
		<content:encoded><![CDATA[]]></content:encoded>
		<excerpt:encoded><![CDATA[]]></excerpt:encoded>
		<wp:post_id>539</wp:post_id>
		<wp:post_date><![CDATA[2020-06-19 00:00:29]]></wp:post_date>
		<wp:post_date_gmt><![CDATA[2020-06-19 00:00:29]]></wp:post_date_gmt>
		<wp:post_modified><![CDATA[2020-06-19 00:00:29]]></wp:post_modified>
		<wp:post_modified_gmt><![CDATA[2020-06-19 00:00:29]]></wp:post_modified_gmt>
		<wp:comment_status><![CDATA[open]]></wp:comment_status>
		<wp:ping_status><![CDATA[closed]]></wp:ping_status>
		<wp:post_name><![CDATA[francisco-javier-barbina-colin]]></wp:post_name>
		<wp:status><![CDATA[publish]]></wp:status>
		<wp:post_parent>0</wp:post_parent>
		<wp:menu_order>0</wp:menu_order>
		<wp:post_type><![CDATA[valpa_obituario_pt]]></wp:post_type>
		<wp:post_password><![CDATA[]]></wp:post_password>
		<wp:is_sticky>0</wp:is_sticky>
														<wp:postmeta>
		<wp:meta_key><![CDATA[_wp_old_date]]></wp:meta_key>
		<wp:meta_value><![CDATA[2020-08-27]]></wp:meta_value>
		</wp:postmeta>
							<wp:postmeta>
		<wp:meta_key><![CDATA[valpa_no_homenaje_meta]]></wp:meta_key>
		<wp:meta_value><![CDATA[0020000221]]></wp:meta_value>
		</wp:postmeta>
							<wp:postmeta>
		<wp:meta_key><![CDATA[valpa_nacimiento_dia_meta]]></wp:meta_key>
		<wp:meta_value><![CDATA[02]]></wp:meta_value>
		</wp:postmeta>
							<wp:postmeta>
		<wp:meta_key><![CDATA[valpa_nacimiento_mes_meta]]></wp:meta_key>
		<wp:meta_value><![CDATA[12]]></wp:meta_value>
		</wp:postmeta>
							<wp:postmeta>
		<wp:meta_key><![CDATA[valpa_nacimiento_ano_meta]]></wp:meta_key>
		<wp:meta_value><![CDATA[1959]]></wp:meta_value>
		</wp:postmeta>
							<wp:postmeta>
		<wp:meta_key><![CDATA[post_views_count]]></wp:meta_key>
		<wp:meta_value><![CDATA[62]]></wp:meta_value>
		</wp:postmeta>
							</item>
					<item>
		<title><![CDATA[Victor Rojas Platas]]></title>
		<link>http://localhost/sass-wp/obituario/victor-rojas-platas/</link>
		<pubDate>Fri, 19 Jun 2020 00:00:29 +0000</pubDate>
		<dc:creator><![CDATA[webmaster]]></dc:creator>
		<guid isPermaLink="false">http://valparaiso.com.mx/?post_type=valpa_obituario_pt&#038;p=540</guid>
		<description></description>
		<content:encoded><![CDATA[]]></content:encoded>
		<excerpt:encoded><![CDATA[]]></excerpt:encoded>
		<wp:post_id>540</wp:post_id>
		<wp:post_date><![CDATA[2020-06-19 00:00:29]]></wp:post_date>
		<wp:post_date_gmt><![CDATA[2020-06-19 00:00:29]]></wp:post_date_gmt>
		<wp:post_modified><![CDATA[2020-06-19 00:00:29]]></wp:post_modified>
		<wp:post_modified_gmt><![CDATA[2020-06-19 00:00:29]]></wp:post_modified_gmt>
		<wp:comment_status><![CDATA[open]]></wp:comment_status>
		<wp:ping_status><![CDATA[closed]]></wp:ping_status>
		<wp:post_name><![CDATA[victor-rojas-platas]]></wp:post_name>
		<wp:status><![CDATA[publish]]></wp:status>
		<wp:post_parent>0</wp:post_parent>
		<wp:menu_order>0</wp:menu_order>
		<wp:post_type><![CDATA[valpa_obituario_pt]]></wp:post_type>
		<wp:post_password><![CDATA[]]></wp:post_password>
		<wp:is_sticky>0</wp:is_sticky>
														<wp:postmeta>
		<wp:meta_key><![CDATA[_wp_old_date]]></wp:meta_key>
		<wp:meta_value><![CDATA[2020-08-27]]></wp:meta_value>
		</wp:postmeta>
							<wp:postmeta>
		<wp:meta_key><![CDATA[valpa_no_homenaje_meta]]></wp:meta_key>
		<wp:meta_value><![CDATA[0020000222]]></wp:meta_value>
		</wp:postmeta>
							<wp:postmeta>
		<wp:meta_key><![CDATA[valpa_nacimiento_dia_meta]]></wp:meta_key>
		<wp:meta_value><![CDATA[28]]></wp:meta_value>
		</wp:postmeta>
							<wp:postmeta>
		<wp:meta_key><![CDATA[valpa_nacimiento_mes_meta]]></wp:meta_key>
		<wp:meta_value><![CDATA[07]]></wp:meta_value>
		</wp:postmeta>
							<wp:postmeta>
		<wp:meta_key><![CDATA[valpa_nacimiento_ano_meta]]></wp:meta_key>
		<wp:meta_value><![CDATA[1965]]></wp:meta_value>
		</wp:postmeta>
							<wp:postmeta>
		<wp:meta_key><![CDATA[post_views_count]]></wp:meta_key>
		<wp:meta_value><![CDATA[57]]></wp:meta_value>
		</wp:postmeta>
							</item>
					<item>
		<title><![CDATA[Jesus Barenque Reyes]]></title>
		<link>http://localhost/sass-wp/obituario/jesus-barenque-reyes/</link>
		<pubDate>Fri, 19 Jun 2020 00:00:38 +0000</pubDate>
		<dc:creator><![CDATA[webmaster]]></dc:creator>
		<guid isPermaLink="false">http://valparaiso.com.mx/?post_type=valpa_obituario_pt&#038;p=543</guid>
		<description></description>
		<content:encoded><![CDATA[]]></content:encoded>
		<excerpt:encoded><![CDATA[]]></excerpt:encoded>
		<wp:post_id>543</wp:post_id>
		<wp:post_date><![CDATA[2020-06-19 00:00:38]]></wp:post_date>
		<wp:post_date_gmt><![CDATA[2020-06-19 00:00:38]]></wp:post_date_gmt>
		<wp:post_modified><![CDATA[2020-06-19 00:00:38]]></wp:post_modified>
		<wp:post_modified_gmt><![CDATA[2020-06-19 00:00:38]]></wp:post_modified_gmt>
		<wp:comment_status><![CDATA[open]]></wp:comment_status>
		<wp:ping_status><![CDATA[closed]]></wp:ping_status>
		<wp:post_name><![CDATA[jesus-barenque-reyes]]></wp:post_name>
		<wp:status><![CDATA[publish]]></wp:status>
		<wp:post_parent>0</wp:post_parent>
		<wp:menu_order>0</wp:menu_order>
		<wp:post_type><![CDATA[valpa_obituario_pt]]></wp:post_type>
		<wp:post_password><![CDATA[]]></wp:post_password>
		<wp:is_sticky>0</wp:is_sticky>
														<wp:postmeta>
		<wp:meta_key><![CDATA[_wp_old_date]]></wp:meta_key>
		<wp:meta_value><![CDATA[2020-08-27]]></wp:meta_value>
		</wp:postmeta>
							<wp:postmeta>
		<wp:meta_key><![CDATA[valpa_no_homenaje_meta]]></wp:meta_key>
		<wp:meta_value><![CDATA[0020000223]]></wp:meta_value>
		</wp:postmeta>
							<wp:postmeta>
		<wp:meta_key><![CDATA[valpa_nacimiento_dia_meta]]></wp:meta_key>
		<wp:meta_value><![CDATA[17]]></wp:meta_value>
		</wp:postmeta>
							<wp:postmeta>
		<wp:meta_key><![CDATA[valpa_nacimiento_mes_meta]]></wp:meta_key>
		<wp:meta_value><![CDATA[10]]></wp:meta_value>
		</wp:postmeta>
							<wp:postmeta>
		<wp:meta_key><![CDATA[valpa_nacimiento_ano_meta]]></wp:meta_key>
		<wp:meta_value><![CDATA[1961]]></wp:meta_value>
		</wp:postmeta>
							<wp:postmeta>
		<wp:meta_key><![CDATA[post_views_count]]></wp:meta_key>
		<wp:meta_value><![CDATA[61]]></wp:meta_value>
		</wp:postmeta>
							</item>
					<item>
		<title><![CDATA[Agripin Becerril Balbuena]]></title>
		<link>http://localhost/sass-wp/obituario/agripin-becerril-balbuena/</link>
		<pubDate>Fri, 19 Jun 2020 00:00:31 +0000</pubDate>
		<dc:creator><![CDATA[webmaster]]></dc:creator>
		<guid isPermaLink="false">http://valparaiso.com.mx/?post_type=valpa_obituario_pt&#038;p=545</guid>
		<description></description>
		<content:encoded><![CDATA[]]></content:encoded>
		<excerpt:encoded><![CDATA[]]></excerpt:encoded>
		<wp:post_id>545</wp:post_id>
		<wp:post_date><![CDATA[2020-06-19 00:00:31]]></wp:post_date>
		<wp:post_date_gmt><![CDATA[2020-06-19 00:00:31]]></wp:post_date_gmt>
		<wp:post_modified><![CDATA[2020-06-19 00:00:31]]></wp:post_modified>
		<wp:post_modified_gmt><![CDATA[2020-06-19 00:00:31]]></wp:post_modified_gmt>
		<wp:comment_status><![CDATA[open]]></wp:comment_status>
		<wp:ping_status><![CDATA[closed]]></wp:ping_status>
		<wp:post_name><![CDATA[agripin-becerril-balbuena]]></wp:post_name>
		<wp:status><![CDATA[publish]]></wp:status>
		<wp:post_parent>0</wp:post_parent>
		<wp:menu_order>0</wp:menu_order>
		<wp:post_type><![CDATA[valpa_obituario_pt]]></wp:post_type>
		<wp:post_password><![CDATA[]]></wp:post_password>
		<wp:is_sticky>0</wp:is_sticky>
														<wp:postmeta>
		<wp:meta_key><![CDATA[_wp_old_date]]></wp:meta_key>
		<wp:meta_value><![CDATA[2020-08-27]]></wp:meta_value>
		</wp:postmeta>
							<wp:postmeta>
		<wp:meta_key><![CDATA[valpa_no_homenaje_meta]]></wp:meta_key>
		<wp:meta_value><![CDATA[0020000225]]></wp:meta_value>
		</wp:postmeta>
							<wp:postmeta>
		<wp:meta_key><![CDATA[valpa_nacimiento_dia_meta]]></wp:meta_key>
		<wp:meta_value><![CDATA[23]]></wp:meta_value>
		</wp:postmeta>
							<wp:postmeta>
		<wp:meta_key><![CDATA[valpa_nacimiento_mes_meta]]></wp:meta_key>
		<wp:meta_value><![CDATA[06]]></wp:meta_value>
		</wp:postmeta>
							<wp:postmeta>
		<wp:meta_key><![CDATA[valpa_nacimiento_ano_meta]]></wp:meta_key>
		<wp:meta_value><![CDATA[1953]]></wp:meta_value>
		</wp:postmeta>
							<wp:postmeta>
		<wp:meta_key><![CDATA[post_views_count]]></wp:meta_key>
		<wp:meta_value><![CDATA[41]]></wp:meta_value>
		</wp:postmeta>
							</item>
					<item>
		<title><![CDATA[Juan Arellano Palma]]></title>
		<link>http://localhost/sass-wp/obituario/juan-arellano-palma/</link>
		<pubDate>Fri, 19 Jun 2020 00:00:07 +0000</pubDate>
		<dc:creator><![CDATA[webmaster]]></dc:creator>
		<guid isPermaLink="false">http://valparaiso.com.mx/?post_type=valpa_obituario_pt&#038;p=546</guid>
		<description></description>
		<content:encoded><![CDATA[]]></content:encoded>
		<excerpt:encoded><![CDATA[]]></excerpt:encoded>
		<wp:post_id>546</wp:post_id>
		<wp:post_date><![CDATA[2020-06-19 00:00:07]]></wp:post_date>
		<wp:post_date_gmt><![CDATA[2020-06-19 00:00:07]]></wp:post_date_gmt>
		<wp:post_modified><![CDATA[2020-06-19 00:00:07]]></wp:post_modified>
		<wp:post_modified_gmt><![CDATA[2020-06-19 00:00:07]]></wp:post_modified_gmt>
		<wp:comment_status><![CDATA[open]]></wp:comment_status>
		<wp:ping_status><![CDATA[closed]]></wp:ping_status>
		<wp:post_name><![CDATA[juan-arellano-palma]]></wp:post_name>
		<wp:status><![CDATA[publish]]></wp:status>
		<wp:post_parent>0</wp:post_parent>
		<wp:menu_order>0</wp:menu_order>
		<wp:post_type><![CDATA[valpa_obituario_pt]]></wp:post_type>
		<wp:post_password><![CDATA[]]></wp:post_password>
		<wp:is_sticky>0</wp:is_sticky>
														<wp:postmeta>
		<wp:meta_key><![CDATA[_wp_old_date]]></wp:meta_key>
		<wp:meta_value><![CDATA[2020-08-27]]></wp:meta_value>
		</wp:postmeta>
							<wp:postmeta>
		<wp:meta_key><![CDATA[valpa_no_homenaje_meta]]></wp:meta_key>
		<wp:meta_value><![CDATA[0020000226]]></wp:meta_value>
		</wp:postmeta>
							<wp:postmeta>
		<wp:meta_key><![CDATA[valpa_nacimiento_dia_meta]]></wp:meta_key>
		<wp:meta_value><![CDATA[24]]></wp:meta_value>
		</wp:postmeta>
							<wp:postmeta>
		<wp:meta_key><![CDATA[valpa_nacimiento_mes_meta]]></wp:meta_key>
		<wp:meta_value><![CDATA[06]]></wp:meta_value>
		</wp:postmeta>
							<wp:postmeta>
		<wp:meta_key><![CDATA[valpa_nacimiento_ano_meta]]></wp:meta_key>
		<wp:meta_value><![CDATA[1939]]></wp:meta_value>
		</wp:postmeta>
							<wp:postmeta>
		<wp:meta_key><![CDATA[post_views_count]]></wp:meta_key>
		<wp:meta_value><![CDATA[44]]></wp:meta_value>
		</wp:postmeta>
							</item>
					<item>
		<title><![CDATA[Yolanda Gonzalez Chavez]]></title>
		<link>http://localhost/sass-wp/obituario/yolanda-gonzalez-chavez/</link>
		<pubDate>Fri, 19 Jun 2020 00:00:38 +0000</pubDate>
		<dc:creator><![CDATA[webmaster]]></dc:creator>
		<guid isPermaLink="false">http://valparaiso.com.mx/?post_type=valpa_obituario_pt&#038;p=544</guid>
		<description></description>
		<content:encoded><![CDATA[]]></content:encoded>
		<excerpt:encoded><![CDATA[]]></excerpt:encoded>
		<wp:post_id>544</wp:post_id>
		<wp:post_date><![CDATA[2020-06-19 00:00:38]]></wp:post_date>
		<wp:post_date_gmt><![CDATA[2020-06-19 00:00:38]]></wp:post_date_gmt>
		<wp:post_modified><![CDATA[2020-06-19 00:00:38]]></wp:post_modified>
		<wp:post_modified_gmt><![CDATA[2020-06-19 00:00:38]]></wp:post_modified_gmt>
		<wp:comment_status><![CDATA[open]]></wp:comment_status>
		<wp:ping_status><![CDATA[closed]]></wp:ping_status>
		<wp:post_name><![CDATA[yolanda-gonzalez-chavez]]></wp:post_name>
		<wp:status><![CDATA[publish]]></wp:status>
		<wp:post_parent>0</wp:post_parent>
		<wp:menu_order>0</wp:menu_order>
		<wp:post_type><![CDATA[valpa_obituario_pt]]></wp:post_type>
		<wp:post_password><![CDATA[]]></wp:post_password>
		<wp:is_sticky>0</wp:is_sticky>
														<wp:postmeta>
		<wp:meta_key><![CDATA[_wp_old_date]]></wp:meta_key>
		<wp:meta_value><![CDATA[2020-08-27]]></wp:meta_value>
		</wp:postmeta>
							<wp:postmeta>
		<wp:meta_key><![CDATA[valpa_no_homenaje_meta]]></wp:meta_key>
		<wp:meta_value><![CDATA[0020000224]]></wp:meta_value>
		</wp:postmeta>
							<wp:postmeta>
		<wp:meta_key><![CDATA[valpa_nacimiento_dia_meta]]></wp:meta_key>
		<wp:meta_value><![CDATA[02]]></wp:meta_value>
		</wp:postmeta>
							<wp:postmeta>
		<wp:meta_key><![CDATA[valpa_nacimiento_mes_meta]]></wp:meta_key>
		<wp:meta_value><![CDATA[09]]></wp:meta_value>
		</wp:postmeta>
							<wp:postmeta>
		<wp:meta_key><![CDATA[valpa_nacimiento_ano_meta]]></wp:meta_key>
		<wp:meta_value><![CDATA[1951]]></wp:meta_value>
		</wp:postmeta>
							<wp:postmeta>
		<wp:meta_key><![CDATA[post_views_count]]></wp:meta_key>
		<wp:meta_value><![CDATA[49]]></wp:meta_value>
		</wp:postmeta>
							</item>
					<item>
		<title><![CDATA[Maria de la Luz Perez Nava]]></title>
		<link>http://localhost/sass-wp/obituario/maria-de-la-luz-perez-nava/</link>
		<pubDate>Sat, 20 Jun 2020 00:00:59 +0000</pubDate>
		<dc:creator><![CDATA[webmaster]]></dc:creator>
		<guid isPermaLink="false">http://valparaiso.com.mx/?post_type=valpa_obituario_pt&#038;p=547</guid>
		<description></description>
		<content:encoded><![CDATA[]]></content:encoded>
		<excerpt:encoded><![CDATA[]]></excerpt:encoded>
		<wp:post_id>547</wp:post_id>
		<wp:post_date><![CDATA[2020-06-20 00:00:59]]></wp:post_date>
		<wp:post_date_gmt><![CDATA[2020-06-20 00:00:59]]></wp:post_date_gmt>
		<wp:post_modified><![CDATA[2020-06-20 00:00:59]]></wp:post_modified>
		<wp:post_modified_gmt><![CDATA[2020-06-20 00:00:59]]></wp:post_modified_gmt>
		<wp:comment_status><![CDATA[open]]></wp:comment_status>
		<wp:ping_status><![CDATA[closed]]></wp:ping_status>
		<wp:post_name><![CDATA[maria-de-la-luz-perez-nava]]></wp:post_name>
		<wp:status><![CDATA[publish]]></wp:status>
		<wp:post_parent>0</wp:post_parent>
		<wp:menu_order>0</wp:menu_order>
		<wp:post_type><![CDATA[valpa_obituario_pt]]></wp:post_type>
		<wp:post_password><![CDATA[]]></wp:post_password>
		<wp:is_sticky>0</wp:is_sticky>
														<wp:postmeta>
		<wp:meta_key><![CDATA[_edit_last]]></wp:meta_key>
		<wp:meta_value><![CDATA[1]]></wp:meta_value>
		</wp:postmeta>
							<wp:postmeta>
		<wp:meta_key><![CDATA[_wp_old_date]]></wp:meta_key>
		<wp:meta_value><![CDATA[2020-08-27]]></wp:meta_value>
		</wp:postmeta>
							<wp:postmeta>
		<wp:meta_key><![CDATA[valpa_no_homenaje_meta]]></wp:meta_key>
		<wp:meta_value><![CDATA[0020000227]]></wp:meta_value>
		</wp:postmeta>
							<wp:postmeta>
		<wp:meta_key><![CDATA[valpa_nacimiento_dia_meta]]></wp:meta_key>
		<wp:meta_value><![CDATA[06]]></wp:meta_value>
		</wp:postmeta>
							<wp:postmeta>
		<wp:meta_key><![CDATA[valpa_nacimiento_mes_meta]]></wp:meta_key>
		<wp:meta_value><![CDATA[07]]></wp:meta_value>
		</wp:postmeta>
							<wp:postmeta>
		<wp:meta_key><![CDATA[valpa_nacimiento_ano_meta]]></wp:meta_key>
		<wp:meta_value><![CDATA[1963]]></wp:meta_value>
		</wp:postmeta>
							<wp:postmeta>
		<wp:meta_key><![CDATA[post_views_count]]></wp:meta_key>
		<wp:meta_value><![CDATA[46]]></wp:meta_value>
		</wp:postmeta>
							</item>
					<item>
		<title><![CDATA[Jose Rodriguez Gonzalez]]></title>
		<link>http://localhost/sass-wp/obituario/jose-rodriguez-gonzalez/</link>
		<pubDate>Sat, 20 Jun 2020 00:00:41 +0000</pubDate>
		<dc:creator><![CDATA[webmaster]]></dc:creator>
		<guid isPermaLink="false">http://valparaiso.com.mx/?post_type=valpa_obituario_pt&#038;p=548</guid>
		<description></description>
		<content:encoded><![CDATA[<img class="alignnone size-full wp-image-2391" src="http://valparaiso.com.mx/wp-content/uploads/2020/06/1-5.jpeg" alt="" width="584" height="1040" /> <img class="alignnone size-medium wp-image-2392" src="http://valparaiso.com.mx/wp-content/uploads/2020/06/2-5.jpeg" alt="" width="300" height="260" /> <img class="alignnone size-medium wp-image-2393" src="http://valparaiso.com.mx/wp-content/uploads/2020/06/3-4.jpeg" alt="" width="300" height="283" /> <img class="alignnone size-medium wp-image-2394" src="http://valparaiso.com.mx/wp-content/uploads/2020/06/4-4.jpeg" alt="" width="300" height="183" /> <img class="alignnone size-medium wp-image-2395" src="http://valparaiso.com.mx/wp-content/uploads/2020/06/5-4.jpeg" alt="" width="168" height="300" /> <img class="alignnone size-medium wp-image-2396" src="http://valparaiso.com.mx/wp-content/uploads/2020/06/6-5.jpeg" alt="" width="294" height="300" /> <img class="alignnone size-medium wp-image-2397" src="http://valparaiso.com.mx/wp-content/uploads/2020/06/9-5.jpeg" alt="" width="300" height="258" /> <img class="alignnone size-medium wp-image-2398" src="http://valparaiso.com.mx/wp-content/uploads/2020/06/14-5.jpeg" alt="" width="300" height="180" /> <img class="alignnone size-medium wp-image-2399" src="http://valparaiso.com.mx/wp-content/uploads/2020/06/15-4.jpeg" alt="" width="300" height="169" /> <img class="alignnone size-medium wp-image-2400" src="http://valparaiso.com.mx/wp-content/uploads/2020/06/16-4.jpeg" alt="" width="169" height="300" /> <img class="alignnone size-medium wp-image-2401" src="http://valparaiso.com.mx/wp-content/uploads/2020/06/17-4.jpeg" alt="" width="300" height="225" /> <img class="alignnone size-medium wp-image-2402" src="http://valparaiso.com.mx/wp-content/uploads/2020/06/18-3.jpeg" alt="" width="300" height="225" /> <img class="alignnone size-medium wp-image-2403" src="http://valparaiso.com.mx/wp-content/uploads/2020/06/19-4.jpeg" alt="" width="300" height="225" /> <img class="alignnone size-medium wp-image-2404" src="http://valparaiso.com.mx/wp-content/uploads/2020/06/20-4.jpeg" alt="" width="300" height="225" /> <img class="alignnone size-medium wp-image-2405" src="http://valparaiso.com.mx/wp-content/uploads/2020/06/21-4.jpeg" alt="" width="300" height="300" /> <img class="alignnone size-medium wp-image-2406" src="http://valparaiso.com.mx/wp-content/uploads/2020/06/22-6.jpeg" alt="" width="300" height="300" /> <img class="alignnone size-medium wp-image-2407" src="http://valparaiso.com.mx/wp-content/uploads/2020/06/23-5.jpeg" alt="" width="300" height="225" /> <img class="alignnone size-medium wp-image-2408" src="http://valparaiso.com.mx/wp-content/uploads/2020/06/24-5.jpeg" alt="" width="225" height="300" /> <img class="alignnone size-medium wp-image-2409" src="http://valparaiso.com.mx/wp-content/uploads/2020/06/25-5.jpeg" alt="" width="300" height="225" /> <img class="alignnone size-medium wp-image-2410" src="http://valparaiso.com.mx/wp-content/uploads/2020/06/26-4.jpeg" alt="" width="300" height="169" /> <img class="alignnone size-medium wp-image-2411" src="http://valparaiso.com.mx/wp-content/uploads/2020/06/WhatsApp-Image-2020-06-20-at-11.06.37-AM-1.jpeg" alt="" width="300" height="236" /> <img class="alignnone size-medium wp-image-2412" src="http://valparaiso.com.mx/wp-content/uploads/2020/06/WhatsApp-Image-2020-06-20-at-11.06.37-AM.jpeg" alt="" width="225" height="300" /> <img class="alignnone size-medium wp-image-2413" src="http://valparaiso.com.mx/wp-content/uploads/2020/06/WhatsApp-Image-2020-06-20-at-11.07.56-AM-2.jpeg" alt="" width="300" height="169" /> <img class="alignnone size-medium wp-image-2414" src="http://valparaiso.com.mx/wp-content/uploads/2020/06/WhatsApp-Image-2020-06-20-at-11.07.56-AM.jpeg" alt="" width="225" height="300" /> <img class="alignnone size-medium wp-image-2415" src="http://valparaiso.com.mx/wp-content/uploads/2020/06/WhatsApp-Image-2020-06-20-at-11.07.57-AM.jpeg" alt="" width="300" height="225" /> <img class="alignnone size-medium wp-image-2416" src="http://valparaiso.com.mx/wp-content/uploads/2020/06/WhatsApp-Image-2020-06-20-at-11.07.58-AM.jpeg" alt="" width="225" height="300" /> <img class="alignnone size-medium wp-image-2417" src="http://valparaiso.com.mx/wp-content/uploads/2020/06/WhatsApp-Image-2020-06-20-at-11.07.59-AM.jpeg" alt="" width="300" height="300" /> <img class="alignnone size-medium wp-image-2418" src="http://valparaiso.com.mx/wp-content/uploads/2020/06/WhatsApp-Image-2020-06-20-at-11.10.40-AM.jpeg" alt="" width="300" height="286" />]]></content:encoded>
		<excerpt:encoded><![CDATA[]]></excerpt:encoded>
		<wp:post_id>548</wp:post_id>
		<wp:post_date><![CDATA[2020-06-20 00:00:41]]></wp:post_date>
		<wp:post_date_gmt><![CDATA[2020-06-20 00:00:41]]></wp:post_date_gmt>
		<wp:post_modified><![CDATA[2020-06-20 00:00:41]]></wp:post_modified>
		<wp:post_modified_gmt><![CDATA[2020-06-20 00:00:41]]></wp:post_modified_gmt>
		<wp:comment_status><![CDATA[open]]></wp:comment_status>
		<wp:ping_status><![CDATA[closed]]></wp:ping_status>
		<wp:post_name><![CDATA[jose-rodriguez-gonzalez]]></wp:post_name>
		<wp:status><![CDATA[publish]]></wp:status>
		<wp:post_parent>0</wp:post_parent>
		<wp:menu_order>0</wp:menu_order>
		<wp:post_type><![CDATA[valpa_obituario_pt]]></wp:post_type>
		<wp:post_password><![CDATA[]]></wp:post_password>
		<wp:is_sticky>0</wp:is_sticky>
														<wp:postmeta>
		<wp:meta_key><![CDATA[_wp_old_date]]></wp:meta_key>
		<wp:meta_value><![CDATA[2020-08-27]]></wp:meta_value>
		</wp:postmeta>
							<wp:postmeta>
		<wp:meta_key><![CDATA[valpa_no_homenaje_meta]]></wp:meta_key>
		<wp:meta_value><![CDATA[0020000228]]></wp:meta_value>
		</wp:postmeta>
							<wp:postmeta>
		<wp:meta_key><![CDATA[valpa_nacimiento_dia_meta]]></wp:meta_key>
		<wp:meta_value><![CDATA[06]]></wp:meta_value>
		</wp:postmeta>
							<wp:postmeta>
		<wp:meta_key><![CDATA[valpa_nacimiento_mes_meta]]></wp:meta_key>
		<wp:meta_value><![CDATA[09]]></wp:meta_value>
		</wp:postmeta>
							<wp:postmeta>
		<wp:meta_key><![CDATA[valpa_nacimiento_ano_meta]]></wp:meta_key>
		<wp:meta_value><![CDATA[1952]]></wp:meta_value>
		</wp:postmeta>
							<wp:postmeta>
		<wp:meta_key><![CDATA[post_views_count]]></wp:meta_key>
		<wp:meta_value><![CDATA[50]]></wp:meta_value>
		</wp:postmeta>
							</item>
					<item>
		<title><![CDATA[Alfredo Martinez Santiago]]></title>
		<link>http://localhost/sass-wp/obituario/alfredo-martinez-santiago/</link>
		<pubDate>Sat, 20 Jun 2020 00:00:21 +0000</pubDate>
		<dc:creator><![CDATA[webmaster]]></dc:creator>
		<guid isPermaLink="false">http://valparaiso.com.mx/?post_type=valpa_obituario_pt&#038;p=549</guid>
		<description></description>
		<content:encoded><![CDATA[]]></content:encoded>
		<excerpt:encoded><![CDATA[]]></excerpt:encoded>
		<wp:post_id>549</wp:post_id>
		<wp:post_date><![CDATA[2020-06-20 00:00:21]]></wp:post_date>
		<wp:post_date_gmt><![CDATA[2020-06-20 00:00:21]]></wp:post_date_gmt>
		<wp:post_modified><![CDATA[2020-06-20 00:00:21]]></wp:post_modified>
		<wp:post_modified_gmt><![CDATA[2020-06-20 00:00:21]]></wp:post_modified_gmt>
		<wp:comment_status><![CDATA[open]]></wp:comment_status>
		<wp:ping_status><![CDATA[closed]]></wp:ping_status>
		<wp:post_name><![CDATA[alfredo-martinez-santiago]]></wp:post_name>
		<wp:status><![CDATA[publish]]></wp:status>
		<wp:post_parent>0</wp:post_parent>
		<wp:menu_order>0</wp:menu_order>
		<wp:post_type><![CDATA[valpa_obituario_pt]]></wp:post_type>
		<wp:post_password><![CDATA[]]></wp:post_password>
		<wp:is_sticky>0</wp:is_sticky>
														<wp:postmeta>
		<wp:meta_key><![CDATA[_wp_old_date]]></wp:meta_key>
		<wp:meta_value><![CDATA[2020-08-27]]></wp:meta_value>
		</wp:postmeta>
							<wp:postmeta>
		<wp:meta_key><![CDATA[valpa_no_homenaje_meta]]></wp:meta_key>
		<wp:meta_value><![CDATA[0020000229]]></wp:meta_value>
		</wp:postmeta>
							<wp:postmeta>
		<wp:meta_key><![CDATA[valpa_nacimiento_dia_meta]]></wp:meta_key>
		<wp:meta_value><![CDATA[28]]></wp:meta_value>
		</wp:postmeta>
							<wp:postmeta>
		<wp:meta_key><![CDATA[valpa_nacimiento_mes_meta]]></wp:meta_key>
		<wp:meta_value><![CDATA[03]]></wp:meta_value>
		</wp:postmeta>
							<wp:postmeta>
		<wp:meta_key><![CDATA[valpa_nacimiento_ano_meta]]></wp:meta_key>
		<wp:meta_value><![CDATA[1944]]></wp:meta_value>
		</wp:postmeta>
							<wp:postmeta>
		<wp:meta_key><![CDATA[post_views_count]]></wp:meta_key>
		<wp:meta_value><![CDATA[54]]></wp:meta_value>
		</wp:postmeta>
							</item>
					<item>
		<title><![CDATA[Juana Modesta Zepeda  Nova]]></title>
		<link>http://localhost/sass-wp/obituario/juana-zepeda-modesta-nova/</link>
		<pubDate>Sat, 20 Jun 2020 00:00:08 +0000</pubDate>
		<dc:creator><![CDATA[webmaster]]></dc:creator>
		<guid isPermaLink="false">http://valparaiso.com.mx/?post_type=valpa_obituario_pt&#038;p=550</guid>
		<description></description>
		<content:encoded><![CDATA[]]></content:encoded>
		<excerpt:encoded><![CDATA[]]></excerpt:encoded>
		<wp:post_id>550</wp:post_id>
		<wp:post_date><![CDATA[2020-06-20 00:00:08]]></wp:post_date>
		<wp:post_date_gmt><![CDATA[2020-06-20 00:00:08]]></wp:post_date_gmt>
		<wp:post_modified><![CDATA[2020-06-20 00:00:08]]></wp:post_modified>
		<wp:post_modified_gmt><![CDATA[2020-06-20 00:00:08]]></wp:post_modified_gmt>
		<wp:comment_status><![CDATA[open]]></wp:comment_status>
		<wp:ping_status><![CDATA[closed]]></wp:ping_status>
		<wp:post_name><![CDATA[juana-zepeda-modesta-nova]]></wp:post_name>
		<wp:status><![CDATA[publish]]></wp:status>
		<wp:post_parent>0</wp:post_parent>
		<wp:menu_order>0</wp:menu_order>
		<wp:post_type><![CDATA[valpa_obituario_pt]]></wp:post_type>
		<wp:post_password><![CDATA[]]></wp:post_password>
		<wp:is_sticky>0</wp:is_sticky>
														<wp:postmeta>
		<wp:meta_key><![CDATA[_wp_old_date]]></wp:meta_key>
		<wp:meta_value><![CDATA[2020-08-27]]></wp:meta_value>
		</wp:postmeta>
							<wp:postmeta>
		<wp:meta_key><![CDATA[valpa_no_homenaje_meta]]></wp:meta_key>
		<wp:meta_value><![CDATA[0020000230]]></wp:meta_value>
		</wp:postmeta>
							<wp:postmeta>
		<wp:meta_key><![CDATA[valpa_nacimiento_dia_meta]]></wp:meta_key>
		<wp:meta_value><![CDATA[16]]></wp:meta_value>
		</wp:postmeta>
							<wp:postmeta>
		<wp:meta_key><![CDATA[valpa_nacimiento_mes_meta]]></wp:meta_key>
		<wp:meta_value><![CDATA[05]]></wp:meta_value>
		</wp:postmeta>
							<wp:postmeta>
		<wp:meta_key><![CDATA[valpa_nacimiento_ano_meta]]></wp:meta_key>
		<wp:meta_value><![CDATA[1953]]></wp:meta_value>
		</wp:postmeta>
							<wp:postmeta>
		<wp:meta_key><![CDATA[post_views_count]]></wp:meta_key>
		<wp:meta_value><![CDATA[73]]></wp:meta_value>
		</wp:postmeta>
							</item>
					<item>
		<title><![CDATA[Cipriano Sergio Villanueva Hernandez]]></title>
		<link>http://localhost/sass-wp/obituario/cipriano-sergio-villanueva-hernandez/</link>
		<pubDate>Sun, 21 Jun 2020 00:00:45 +0000</pubDate>
		<dc:creator><![CDATA[webmaster]]></dc:creator>
		<guid isPermaLink="false">http://valparaiso.com.mx/?post_type=valpa_obituario_pt&#038;p=554</guid>
		<description></description>
		<content:encoded><![CDATA[]]></content:encoded>
		<excerpt:encoded><![CDATA[]]></excerpt:encoded>
		<wp:post_id>554</wp:post_id>
		<wp:post_date><![CDATA[2020-06-21 00:00:45]]></wp:post_date>
		<wp:post_date_gmt><![CDATA[2020-06-21 00:00:45]]></wp:post_date_gmt>
		<wp:post_modified><![CDATA[2020-06-21 00:00:45]]></wp:post_modified>
		<wp:post_modified_gmt><![CDATA[2020-06-21 00:00:45]]></wp:post_modified_gmt>
		<wp:comment_status><![CDATA[open]]></wp:comment_status>
		<wp:ping_status><![CDATA[closed]]></wp:ping_status>
		<wp:post_name><![CDATA[cipriano-sergio-villanueva-hernandez]]></wp:post_name>
		<wp:status><![CDATA[publish]]></wp:status>
		<wp:post_parent>0</wp:post_parent>
		<wp:menu_order>0</wp:menu_order>
		<wp:post_type><![CDATA[valpa_obituario_pt]]></wp:post_type>
		<wp:post_password><![CDATA[]]></wp:post_password>
		<wp:is_sticky>0</wp:is_sticky>
														<wp:postmeta>
		<wp:meta_key><![CDATA[_wp_old_date]]></wp:meta_key>
		<wp:meta_value><![CDATA[2020-08-28]]></wp:meta_value>
		</wp:postmeta>
							<wp:postmeta>
		<wp:meta_key><![CDATA[valpa_no_homenaje_meta]]></wp:meta_key>
		<wp:meta_value><![CDATA[0020000231]]></wp:meta_value>
		</wp:postmeta>
							<wp:postmeta>
		<wp:meta_key><![CDATA[valpa_nacimiento_dia_meta]]></wp:meta_key>
		<wp:meta_value><![CDATA[08]]></wp:meta_value>
		</wp:postmeta>
							<wp:postmeta>
		<wp:meta_key><![CDATA[valpa_nacimiento_mes_meta]]></wp:meta_key>
		<wp:meta_value><![CDATA[09]]></wp:meta_value>
		</wp:postmeta>
							<wp:postmeta>
		<wp:meta_key><![CDATA[valpa_nacimiento_ano_meta]]></wp:meta_key>
		<wp:meta_value><![CDATA[1955]]></wp:meta_value>
		</wp:postmeta>
							<wp:postmeta>
		<wp:meta_key><![CDATA[post_views_count]]></wp:meta_key>
		<wp:meta_value><![CDATA[58]]></wp:meta_value>
		</wp:postmeta>
							</item>
					<item>
		<title><![CDATA[Angel Reyes Guadarrama]]></title>
		<link>http://localhost/sass-wp/obituario/angel-reyes-guadarrama/</link>
		<pubDate>Sun, 21 Jun 2020 00:00:32 +0000</pubDate>
		<dc:creator><![CDATA[webmaster]]></dc:creator>
		<guid isPermaLink="false">http://valparaiso.com.mx/?post_type=valpa_obituario_pt&#038;p=555</guid>
		<description></description>
		<content:encoded><![CDATA[Gracias por los aÃ±os de felicidad que nos regalaste, y aunque hoy ya no te encuentres en este mundo; tu recuerdo seguirÃ¡ dentro de nuestro corazÃ³n y por ello tÃº siempre seguirÃ¡s viviendo.]]></content:encoded>
		<excerpt:encoded><![CDATA[]]></excerpt:encoded>
		<wp:post_id>555</wp:post_id>
		<wp:post_date><![CDATA[2020-06-21 00:00:32]]></wp:post_date>
		<wp:post_date_gmt><![CDATA[2020-06-21 00:00:32]]></wp:post_date_gmt>
		<wp:post_modified><![CDATA[2020-06-21 00:00:32]]></wp:post_modified>
		<wp:post_modified_gmt><![CDATA[2020-06-21 00:00:32]]></wp:post_modified_gmt>
		<wp:comment_status><![CDATA[open]]></wp:comment_status>
		<wp:ping_status><![CDATA[closed]]></wp:ping_status>
		<wp:post_name><![CDATA[angel-reyes-guadarrama]]></wp:post_name>
		<wp:status><![CDATA[publish]]></wp:status>
		<wp:post_parent>0</wp:post_parent>
		<wp:menu_order>0</wp:menu_order>
		<wp:post_type><![CDATA[valpa_obituario_pt]]></wp:post_type>
		<wp:post_password><![CDATA[]]></wp:post_password>
		<wp:is_sticky>0</wp:is_sticky>
														<wp:postmeta>
		<wp:meta_key><![CDATA[_edit_last]]></wp:meta_key>
		<wp:meta_value><![CDATA[1]]></wp:meta_value>
		</wp:postmeta>
							<wp:postmeta>
		<wp:meta_key><![CDATA[_wp_old_date]]></wp:meta_key>
		<wp:meta_value><![CDATA[2020-08-28]]></wp:meta_value>
		</wp:postmeta>
							<wp:postmeta>
		<wp:meta_key><![CDATA[valpa_no_homenaje_meta]]></wp:meta_key>
		<wp:meta_value><![CDATA[0020000232]]></wp:meta_value>
		</wp:postmeta>
							<wp:postmeta>
		<wp:meta_key><![CDATA[valpa_nacimiento_dia_meta]]></wp:meta_key>
		<wp:meta_value><![CDATA[16]]></wp:meta_value>
		</wp:postmeta>
							<wp:postmeta>
		<wp:meta_key><![CDATA[valpa_nacimiento_mes_meta]]></wp:meta_key>
		<wp:meta_value><![CDATA[04]]></wp:meta_value>
		</wp:postmeta>
							<wp:postmeta>
		<wp:meta_key><![CDATA[valpa_nacimiento_ano_meta]]></wp:meta_key>
		<wp:meta_value><![CDATA[1963]]></wp:meta_value>
		</wp:postmeta>
							<wp:postmeta>
		<wp:meta_key><![CDATA[post_views_count]]></wp:meta_key>
		<wp:meta_value><![CDATA[129]]></wp:meta_value>
		</wp:postmeta>
							<wp:postmeta>
		<wp:meta_key><![CDATA[_thumbnail_id]]></wp:meta_key>
		<wp:meta_value><![CDATA[6189]]></wp:meta_value>
		</wp:postmeta>
							<wp:postmeta>
		<wp:meta_key><![CDATA[sucursal_relacionada_meta]]></wp:meta_key>
		<wp:meta_value><![CDATA[a:1:{i:0;s:2:"22";}]]></wp:meta_value>
		</wp:postmeta>
							<wp:postmeta>
		<wp:meta_key><![CDATA[servicio_relacionado_meta]]></wp:meta_key>
		<wp:meta_value><![CDATA[a:1:{i:0;s:9:"Domicilio";}]]></wp:meta_value>
		</wp:postmeta>
							<wp:postmeta>
		<wp:meta_key><![CDATA[num_velas_meta]]></wp:meta_key>
		<wp:meta_value><![CDATA[6]]></wp:meta_value>
		</wp:postmeta>
							<wp:postmeta>
		<wp:meta_key><![CDATA[num_recuerdos_meta]]></wp:meta_key>
		<wp:meta_value><![CDATA[1]]></wp:meta_value>
		</wp:postmeta>
							</item>
					<item>
		<title><![CDATA[Rita Maria Eugenia Arzaluz Brambila]]></title>
		<link>http://localhost/sass-wp/obituario/rita-maria-eugenia-arzaluz-brambila/</link>
		<pubDate>Sun, 21 Jun 2020 00:00:22 +0000</pubDate>
		<dc:creator><![CDATA[webmaster]]></dc:creator>
		<guid isPermaLink="false">http://valparaiso.com.mx/?post_type=valpa_obituario_pt&#038;p=556</guid>
		<description></description>
		<content:encoded><![CDATA[<img class="alignnone size-full wp-image-2419" src="http://valparaiso.com.mx/wp-content/uploads/2020/06/1-6.jpeg" alt="" width="1024" height="768" /> <img class="alignnone size-medium wp-image-2420" src="http://valparaiso.com.mx/wp-content/uploads/2020/06/2-6.jpeg" alt="" width="225" height="300" /> <img class="alignnone size-medium wp-image-2421" src="http://valparaiso.com.mx/wp-content/uploads/2020/06/3-5.jpeg" alt="" width="300" height="225" /> <img class="alignnone size-medium wp-image-2422" src="http://valparaiso.com.mx/wp-content/uploads/2020/06/4-5.jpeg" alt="" width="225" height="300" /> <img class="alignnone size-medium wp-image-2423" src="http://valparaiso.com.mx/wp-content/uploads/2020/06/5-5.jpeg" alt="" width="169" height="300" /> <img class="alignnone size-medium wp-image-2424" src="http://valparaiso.com.mx/wp-content/uploads/2020/06/6-6.jpeg" alt="" width="300" height="169" /> <img class="alignnone size-medium wp-image-2425" src="http://valparaiso.com.mx/wp-content/uploads/2020/06/7-5.jpeg" alt="" width="169" height="300" /> <img class="alignnone size-medium wp-image-2426" src="http://valparaiso.com.mx/wp-content/uploads/2020/06/8-5.jpeg" alt="" width="300" height="225" /> <img class="alignnone size-medium wp-image-2427" src="http://valparaiso.com.mx/wp-content/uploads/2020/06/9-6.jpeg" alt="" width="300" height="201" /> <img class="alignnone size-medium wp-image-2428" src="http://valparaiso.com.mx/wp-content/uploads/2020/06/10-5.jpeg" alt="" width="300" height="201" /> <img class="alignnone size-medium wp-image-2429" src="http://valparaiso.com.mx/wp-content/uploads/2020/06/11-5.jpeg" alt="" width="300" height="223" /> <img class="alignnone size-medium wp-image-2430" src="http://valparaiso.com.mx/wp-content/uploads/2020/06/12-5.jpeg" alt="" width="300" height="200" /> <img class="alignnone size-medium wp-image-2431" src="http://valparaiso.com.mx/wp-content/uploads/2020/06/13-5.jpeg" alt="" width="181" height="300" /> <img class="alignnone size-medium wp-image-2432" src="http://valparaiso.com.mx/wp-content/uploads/2020/06/14-6.jpeg" alt="" width="300" height="300" /> <img class="alignnone size-medium wp-image-2433" src="http://valparaiso.com.mx/wp-content/uploads/2020/06/15-5.jpeg" alt="" width="300" height="200" /> <img class="alignnone size-medium wp-image-2434" src="http://valparaiso.com.mx/wp-content/uploads/2020/06/16-5.jpeg" alt="" width="300" height="200" /> <img class="alignnone size-medium wp-image-2435" src="http://valparaiso.com.mx/wp-content/uploads/2020/06/17-5.jpeg" alt="" width="300" height="200" /> <img class="alignnone size-medium wp-image-2436" src="http://valparaiso.com.mx/wp-content/uploads/2020/06/18-4.jpeg" alt="" width="200" height="300" /> <img class="alignnone size-medium wp-image-2437" src="http://valparaiso.com.mx/wp-content/uploads/2020/06/19-5.jpeg" alt="" width="300" height="200" /> <img class="alignnone size-medium wp-image-2438" src="http://valparaiso.com.mx/wp-content/uploads/2020/06/20-5.jpeg" alt="" width="300" height="225" /> <img class="alignnone size-medium wp-image-2439" src="http://valparaiso.com.mx/wp-content/uploads/2020/06/21-5.jpeg" alt="" width="300" height="225" /> <img class="alignnone size-medium wp-image-2440" src="http://valparaiso.com.mx/wp-content/uploads/2020/06/22-7.jpeg" alt="" width="300" height="225" /> <img class="alignnone size-medium wp-image-2441" src="http://valparaiso.com.mx/wp-content/uploads/2020/06/23-6.jpeg" alt="" width="300" height="225" /> <img class="alignnone size-medium wp-image-2442" src="http://valparaiso.com.mx/wp-content/uploads/2020/06/24-6.jpeg" alt="" width="300" height="225" /> <img class="alignnone size-medium wp-image-2443" src="http://valparaiso.com.mx/wp-content/uploads/2020/06/25-6.jpeg" alt="" width="300" height="225" /> <img class="alignnone size-medium wp-image-2444" src="http://valparaiso.com.mx/wp-content/uploads/2020/06/26-5.jpeg" alt="" width="300" height="225" /> <img class="alignnone size-medium wp-image-2445" src="http://valparaiso.com.mx/wp-content/uploads/2020/06/27-4.jpeg" alt="" width="300" height="225" /> <img class="alignnone size-medium wp-image-2446" src="http://valparaiso.com.mx/wp-content/uploads/2020/06/28-4.jpeg" alt="" width="300" height="225" /> <img class="alignnone size-medium wp-image-2447" src="http://valparaiso.com.mx/wp-content/uploads/2020/06/29-3.jpeg" alt="" width="300" height="225" /> <img class="alignnone size-medium wp-image-2448" src="http://valparaiso.com.mx/wp-content/uploads/2020/06/30-4.jpeg" alt="" width="300" height="225" /> <img class="alignnone size-medium wp-image-2449" src="http://valparaiso.com.mx/wp-content/uploads/2020/06/31-4.jpeg" alt="" width="300" height="225" /> <img class="alignnone size-medium wp-image-2450" src="http://valparaiso.com.mx/wp-content/uploads/2020/06/32-3.jpeg" alt="" width="225" height="300" /> <img class="alignnone size-medium wp-image-2451" src="http://valparaiso.com.mx/wp-content/uploads/2020/06/33-3.jpeg" alt="" width="300" height="200" /> <img class="alignnone size-medium wp-image-2452" src="http://valparaiso.com.mx/wp-content/uploads/2020/06/34-3.jpeg" alt="" width="300" height="200" /> <img class="alignnone size-medium wp-image-2453" src="http://valparaiso.com.mx/wp-content/uploads/2020/06/35-3.jpeg" alt="" width="300" height="200" /> <img class="alignnone size-medium wp-image-2454" src="http://valparaiso.com.mx/wp-content/uploads/2020/06/36-3.jpeg" alt="" width="169" height="300" /> <img class="alignnone size-medium wp-image-2455" src="http://valparaiso.com.mx/wp-content/uploads/2020/06/37-3.jpeg" alt="" width="169" height="300" /> <img class="alignnone size-medium wp-image-2456" src="http://valparaiso.com.mx/wp-content/uploads/2020/06/38-2.jpeg" alt="" width="300" height="169" /> <img class="alignnone size-medium wp-image-2457" src="http://valparaiso.com.mx/wp-content/uploads/2020/06/39-2.jpeg" alt="" width="300" height="169" /> <img class="alignnone size-medium wp-image-2458" src="http://valparaiso.com.mx/wp-content/uploads/2020/06/40-2.jpeg" alt="" width="202" height="300" /> <img class="alignnone size-medium wp-image-2459" src="http://valparaiso.com.mx/wp-content/uploads/2020/06/41-2.jpeg" alt="" width="169" height="300" /> <img class="alignnone size-medium wp-image-2460" src="http://valparaiso.com.mx/wp-content/uploads/2020/06/42-2.jpeg" alt="" width="225" height="300" /> <img class="alignnone size-medium wp-image-2461" src="http://valparaiso.com.mx/wp-content/uploads/2020/06/43-2.jpeg" alt="" width="225" height="300" /> <img class="alignnone size-medium wp-image-2462" src="http://valparaiso.com.mx/wp-content/uploads/2020/06/44-1.jpeg" alt="" width="202" height="300" /> <img class="alignnone size-medium wp-image-2463" src="http://valparaiso.com.mx/wp-content/uploads/2020/06/45-1.jpeg" alt="" width="225" height="300" /> <img class="alignnone size-medium wp-image-2464" src="http://valparaiso.com.mx/wp-content/uploads/2020/06/46-1.jpeg" alt="" width="225" height="300" /> <img class="alignnone size-medium wp-image-2465" src="http://valparaiso.com.mx/wp-content/uploads/2020/06/47-1.jpeg" alt="" width="166" height="300" />]]></content:encoded>
		<excerpt:encoded><![CDATA[]]></excerpt:encoded>
		<wp:post_id>556</wp:post_id>
		<wp:post_date><![CDATA[2020-06-21 00:00:22]]></wp:post_date>
		<wp:post_date_gmt><![CDATA[2020-06-21 00:00:22]]></wp:post_date_gmt>
		<wp:post_modified><![CDATA[2020-06-21 00:00:22]]></wp:post_modified>
		<wp:post_modified_gmt><![CDATA[2020-06-21 00:00:22]]></wp:post_modified_gmt>
		<wp:comment_status><![CDATA[open]]></wp:comment_status>
		<wp:ping_status><![CDATA[closed]]></wp:ping_status>
		<wp:post_name><![CDATA[rita-maria-eugenia-arzaluz-brambila]]></wp:post_name>
		<wp:status><![CDATA[publish]]></wp:status>
		<wp:post_parent>0</wp:post_parent>
		<wp:menu_order>0</wp:menu_order>
		<wp:post_type><![CDATA[valpa_obituario_pt]]></wp:post_type>
		<wp:post_password><![CDATA[]]></wp:post_password>
		<wp:is_sticky>0</wp:is_sticky>
														<wp:postmeta>
		<wp:meta_key><![CDATA[_wp_old_date]]></wp:meta_key>
		<wp:meta_value><![CDATA[2020-08-28]]></wp:meta_value>
		</wp:postmeta>
							<wp:postmeta>
		<wp:meta_key><![CDATA[valpa_no_homenaje_meta]]></wp:meta_key>
		<wp:meta_value><![CDATA[0020000233]]></wp:meta_value>
		</wp:postmeta>
							<wp:postmeta>
		<wp:meta_key><![CDATA[valpa_nacimiento_dia_meta]]></wp:meta_key>
		<wp:meta_value><![CDATA[11]]></wp:meta_value>
		</wp:postmeta>
							<wp:postmeta>
		<wp:meta_key><![CDATA[valpa_nacimiento_mes_meta]]></wp:meta_key>
		<wp:meta_value><![CDATA[07]]></wp:meta_value>
		</wp:postmeta>
							<wp:postmeta>
		<wp:meta_key><![CDATA[valpa_nacimiento_ano_meta]]></wp:meta_key>
		<wp:meta_value><![CDATA[1947]]></wp:meta_value>
		</wp:postmeta>
							<wp:postmeta>
		<wp:meta_key><![CDATA[post_views_count]]></wp:meta_key>
		<wp:meta_value><![CDATA[79]]></wp:meta_value>
		</wp:postmeta>
							</item>
					<item>
		<title><![CDATA[Ruben de Jesus Reyes]]></title>
		<link>http://localhost/sass-wp/obituario/ruben-de-jesus-reyes/</link>
		<pubDate>Sun, 21 Jun 2020 00:00:19 +0000</pubDate>
		<dc:creator><![CDATA[webmaster]]></dc:creator>
		<guid isPermaLink="false">http://valparaiso.com.mx/?post_type=valpa_obituario_pt&#038;p=557</guid>
		<description></description>
		<content:encoded><![CDATA[]]></content:encoded>
		<excerpt:encoded><![CDATA[]]></excerpt:encoded>
		<wp:post_id>557</wp:post_id>
		<wp:post_date><![CDATA[2020-06-21 00:00:19]]></wp:post_date>
		<wp:post_date_gmt><![CDATA[2020-06-21 00:00:19]]></wp:post_date_gmt>
		<wp:post_modified><![CDATA[2020-06-21 00:00:19]]></wp:post_modified>
		<wp:post_modified_gmt><![CDATA[2020-06-21 00:00:19]]></wp:post_modified_gmt>
		<wp:comment_status><![CDATA[open]]></wp:comment_status>
		<wp:ping_status><![CDATA[closed]]></wp:ping_status>
		<wp:post_name><![CDATA[ruben-de-jesus-reyes]]></wp:post_name>
		<wp:status><![CDATA[publish]]></wp:status>
		<wp:post_parent>0</wp:post_parent>
		<wp:menu_order>0</wp:menu_order>
		<wp:post_type><![CDATA[valpa_obituario_pt]]></wp:post_type>
		<wp:post_password><![CDATA[]]></wp:post_password>
		<wp:is_sticky>0</wp:is_sticky>
														<wp:postmeta>
		<wp:meta_key><![CDATA[_wp_old_date]]></wp:meta_key>
		<wp:meta_value><![CDATA[2020-08-28]]></wp:meta_value>
		</wp:postmeta>
							<wp:postmeta>
		<wp:meta_key><![CDATA[valpa_no_homenaje_meta]]></wp:meta_key>
		<wp:meta_value><![CDATA[0020000234]]></wp:meta_value>
		</wp:postmeta>
							<wp:postmeta>
		<wp:meta_key><![CDATA[valpa_nacimiento_dia_meta]]></wp:meta_key>
		<wp:meta_value><![CDATA[01]]></wp:meta_value>
		</wp:postmeta>
							<wp:postmeta>
		<wp:meta_key><![CDATA[valpa_nacimiento_mes_meta]]></wp:meta_key>
		<wp:meta_value><![CDATA[03]]></wp:meta_value>
		</wp:postmeta>
							<wp:postmeta>
		<wp:meta_key><![CDATA[valpa_nacimiento_ano_meta]]></wp:meta_key>
		<wp:meta_value><![CDATA[1994]]></wp:meta_value>
		</wp:postmeta>
							<wp:postmeta>
		<wp:meta_key><![CDATA[post_views_count]]></wp:meta_key>
		<wp:meta_value><![CDATA[66]]></wp:meta_value>
		</wp:postmeta>
							</item>
					<item>
		<title><![CDATA[Felipe de Jesus Noguez Saenz]]></title>
		<link>http://localhost/sass-wp/obituario/felipe-de-jesus-noguez-saenz/</link>
		<pubDate>Sun, 21 Jun 2020 00:00:13 +0000</pubDate>
		<dc:creator><![CDATA[webmaster]]></dc:creator>
		<guid isPermaLink="false">http://valparaiso.com.mx/?post_type=valpa_obituario_pt&#038;p=558</guid>
		<description></description>
		<content:encoded><![CDATA[]]></content:encoded>
		<excerpt:encoded><![CDATA[]]></excerpt:encoded>
		<wp:post_id>558</wp:post_id>
		<wp:post_date><![CDATA[2020-06-21 00:00:13]]></wp:post_date>
		<wp:post_date_gmt><![CDATA[2020-06-21 00:00:13]]></wp:post_date_gmt>
		<wp:post_modified><![CDATA[2020-06-21 00:00:13]]></wp:post_modified>
		<wp:post_modified_gmt><![CDATA[2020-06-21 00:00:13]]></wp:post_modified_gmt>
		<wp:comment_status><![CDATA[open]]></wp:comment_status>
		<wp:ping_status><![CDATA[closed]]></wp:ping_status>
		<wp:post_name><![CDATA[felipe-de-jesus-noguez-saenz]]></wp:post_name>
		<wp:status><![CDATA[publish]]></wp:status>
		<wp:post_parent>0</wp:post_parent>
		<wp:menu_order>0</wp:menu_order>
		<wp:post_type><![CDATA[valpa_obituario_pt]]></wp:post_type>
		<wp:post_password><![CDATA[]]></wp:post_password>
		<wp:is_sticky>0</wp:is_sticky>
														<wp:postmeta>
		<wp:meta_key><![CDATA[_wp_old_date]]></wp:meta_key>
		<wp:meta_value><![CDATA[2020-08-28]]></wp:meta_value>
		</wp:postmeta>
							<wp:postmeta>
		<wp:meta_key><![CDATA[valpa_no_homenaje_meta]]></wp:meta_key>
		<wp:meta_value><![CDATA[0020000235]]></wp:meta_value>
		</wp:postmeta>
							<wp:postmeta>
		<wp:meta_key><![CDATA[valpa_nacimiento_dia_meta]]></wp:meta_key>
		<wp:meta_value><![CDATA[05]]></wp:meta_value>
		</wp:postmeta>
							<wp:postmeta>
		<wp:meta_key><![CDATA[valpa_nacimiento_mes_meta]]></wp:meta_key>
		<wp:meta_value><![CDATA[02]]></wp:meta_value>
		</wp:postmeta>
							<wp:postmeta>
		<wp:meta_key><![CDATA[valpa_nacimiento_ano_meta]]></wp:meta_key>
		<wp:meta_value><![CDATA[1967]]></wp:meta_value>
		</wp:postmeta>
							<wp:postmeta>
		<wp:meta_key><![CDATA[post_views_count]]></wp:meta_key>
		<wp:meta_value><![CDATA[76]]></wp:meta_value>
		</wp:postmeta>
							</item>
					<item>
		<title><![CDATA[J. Felix Lopez Hernandez]]></title>
		<link>http://localhost/sass-wp/obituario/j-felix-lopez-hernandez/</link>
		<pubDate>Mon, 22 Jun 2020 00:00:13 +0000</pubDate>
		<dc:creator><![CDATA[webmaster]]></dc:creator>
		<guid isPermaLink="false">http://valparaiso.com.mx/?post_type=valpa_obituario_pt&#038;p=559</guid>
		<description></description>
		<content:encoded><![CDATA[]]></content:encoded>
		<excerpt:encoded><![CDATA[]]></excerpt:encoded>
		<wp:post_id>559</wp:post_id>
		<wp:post_date><![CDATA[2020-06-22 00:00:13]]></wp:post_date>
		<wp:post_date_gmt><![CDATA[2020-06-22 00:00:13]]></wp:post_date_gmt>
		<wp:post_modified><![CDATA[2020-06-22 00:00:13]]></wp:post_modified>
		<wp:post_modified_gmt><![CDATA[2020-06-22 00:00:13]]></wp:post_modified_gmt>
		<wp:comment_status><![CDATA[open]]></wp:comment_status>
		<wp:ping_status><![CDATA[closed]]></wp:ping_status>
		<wp:post_name><![CDATA[j-felix-lopez-hernandez]]></wp:post_name>
		<wp:status><![CDATA[publish]]></wp:status>
		<wp:post_parent>0</wp:post_parent>
		<wp:menu_order>0</wp:menu_order>
		<wp:post_type><![CDATA[valpa_obituario_pt]]></wp:post_type>
		<wp:post_password><![CDATA[]]></wp:post_password>
		<wp:is_sticky>0</wp:is_sticky>
														<wp:postmeta>
		<wp:meta_key><![CDATA[_wp_old_date]]></wp:meta_key>
		<wp:meta_value><![CDATA[2020-08-28]]></wp:meta_value>
		</wp:postmeta>
							<wp:postmeta>
		<wp:meta_key><![CDATA[valpa_no_homenaje_meta]]></wp:meta_key>
		<wp:meta_value><![CDATA[0020000236]]></wp:meta_value>
		</wp:postmeta>
							<wp:postmeta>
		<wp:meta_key><![CDATA[valpa_nacimiento_dia_meta]]></wp:meta_key>
		<wp:meta_value><![CDATA[18]]></wp:meta_value>
		</wp:postmeta>
							<wp:postmeta>
		<wp:meta_key><![CDATA[valpa_nacimiento_mes_meta]]></wp:meta_key>
		<wp:meta_value><![CDATA[05]]></wp:meta_value>
		</wp:postmeta>
							<wp:postmeta>
		<wp:meta_key><![CDATA[valpa_nacimiento_ano_meta]]></wp:meta_key>
		<wp:meta_value><![CDATA[1945]]></wp:meta_value>
		</wp:postmeta>
							<wp:postmeta>
		<wp:meta_key><![CDATA[post_views_count]]></wp:meta_key>
		<wp:meta_value><![CDATA[44]]></wp:meta_value>
		</wp:postmeta>
							</item>
					<item>
		<title><![CDATA[Octavio Lopez Manjarrez]]></title>
		<link>http://localhost/sass-wp/obituario/octavio-lopez-manjarrez/</link>
		<pubDate>Mon, 22 Jun 2020 00:00:54 +0000</pubDate>
		<dc:creator><![CDATA[webmaster]]></dc:creator>
		<guid isPermaLink="false">http://valparaiso.com.mx/?post_type=valpa_obituario_pt&#038;p=560</guid>
		<description></description>
		<content:encoded><![CDATA[]]></content:encoded>
		<excerpt:encoded><![CDATA[]]></excerpt:encoded>
		<wp:post_id>560</wp:post_id>
		<wp:post_date><![CDATA[2020-06-22 00:00:54]]></wp:post_date>
		<wp:post_date_gmt><![CDATA[2020-06-22 00:00:54]]></wp:post_date_gmt>
		<wp:post_modified><![CDATA[2020-06-22 00:00:54]]></wp:post_modified>
		<wp:post_modified_gmt><![CDATA[2020-06-22 00:00:54]]></wp:post_modified_gmt>
		<wp:comment_status><![CDATA[open]]></wp:comment_status>
		<wp:ping_status><![CDATA[closed]]></wp:ping_status>
		<wp:post_name><![CDATA[octavio-lopez-manjarrez]]></wp:post_name>
		<wp:status><![CDATA[publish]]></wp:status>
		<wp:post_parent>0</wp:post_parent>
		<wp:menu_order>0</wp:menu_order>
		<wp:post_type><![CDATA[valpa_obituario_pt]]></wp:post_type>
		<wp:post_password><![CDATA[]]></wp:post_password>
		<wp:is_sticky>0</wp:is_sticky>
														<wp:postmeta>
		<wp:meta_key><![CDATA[_wp_old_date]]></wp:meta_key>
		<wp:meta_value><![CDATA[2020-08-28]]></wp:meta_value>
		</wp:postmeta>
							<wp:postmeta>
		<wp:meta_key><![CDATA[valpa_no_homenaje_meta]]></wp:meta_key>
		<wp:meta_value><![CDATA[0020000237]]></wp:meta_value>
		</wp:postmeta>
							<wp:postmeta>
		<wp:meta_key><![CDATA[valpa_nacimiento_dia_meta]]></wp:meta_key>
		<wp:meta_value><![CDATA[16]]></wp:meta_value>
		</wp:postmeta>
							<wp:postmeta>
		<wp:meta_key><![CDATA[valpa_nacimiento_mes_meta]]></wp:meta_key>
		<wp:meta_value><![CDATA[05]]></wp:meta_value>
		</wp:postmeta>
							<wp:postmeta>
		<wp:meta_key><![CDATA[valpa_nacimiento_ano_meta]]></wp:meta_key>
		<wp:meta_value><![CDATA[1971]]></wp:meta_value>
		</wp:postmeta>
							<wp:postmeta>
		<wp:meta_key><![CDATA[post_views_count]]></wp:meta_key>
		<wp:meta_value><![CDATA[42]]></wp:meta_value>
		</wp:postmeta>
							</item>
					<item>
		<title><![CDATA[Erika Ferreira Espinoza]]></title>
		<link>http://localhost/sass-wp/obituario/erika-ferreira-espinoza/</link>
		<pubDate>Tue, 23 Jun 2020 00:00:43 +0000</pubDate>
		<dc:creator><![CDATA[webmaster]]></dc:creator>
		<guid isPermaLink="false">http://valparaiso.com.mx/?post_type=valpa_obituario_pt&#038;p=561</guid>
		<description></description>
		<content:encoded><![CDATA[]]></content:encoded>
		<excerpt:encoded><![CDATA[]]></excerpt:encoded>
		<wp:post_id>561</wp:post_id>
		<wp:post_date><![CDATA[2020-06-23 00:00:43]]></wp:post_date>
		<wp:post_date_gmt><![CDATA[2020-06-23 00:00:43]]></wp:post_date_gmt>
		<wp:post_modified><![CDATA[2020-06-23 00:00:43]]></wp:post_modified>
		<wp:post_modified_gmt><![CDATA[2020-06-23 00:00:43]]></wp:post_modified_gmt>
		<wp:comment_status><![CDATA[open]]></wp:comment_status>
		<wp:ping_status><![CDATA[closed]]></wp:ping_status>
		<wp:post_name><![CDATA[erika-ferreira-espinoza]]></wp:post_name>
		<wp:status><![CDATA[publish]]></wp:status>
		<wp:post_parent>0</wp:post_parent>
		<wp:menu_order>0</wp:menu_order>
		<wp:post_type><![CDATA[valpa_obituario_pt]]></wp:post_type>
		<wp:post_password><![CDATA[]]></wp:post_password>
		<wp:is_sticky>0</wp:is_sticky>
														<wp:postmeta>
		<wp:meta_key><![CDATA[_wp_old_date]]></wp:meta_key>
		<wp:meta_value><![CDATA[2020-08-28]]></wp:meta_value>
		</wp:postmeta>
							<wp:postmeta>
		<wp:meta_key><![CDATA[valpa_no_homenaje_meta]]></wp:meta_key>
		<wp:meta_value><![CDATA[0020000238]]></wp:meta_value>
		</wp:postmeta>
							<wp:postmeta>
		<wp:meta_key><![CDATA[valpa_nacimiento_dia_meta]]></wp:meta_key>
		<wp:meta_value><![CDATA[05]]></wp:meta_value>
		</wp:postmeta>
							<wp:postmeta>
		<wp:meta_key><![CDATA[valpa_nacimiento_mes_meta]]></wp:meta_key>
		<wp:meta_value><![CDATA[04]]></wp:meta_value>
		</wp:postmeta>
							<wp:postmeta>
		<wp:meta_key><![CDATA[valpa_nacimiento_ano_meta]]></wp:meta_key>
		<wp:meta_value><![CDATA[1972]]></wp:meta_value>
		</wp:postmeta>
							<wp:postmeta>
		<wp:meta_key><![CDATA[post_views_count]]></wp:meta_key>
		<wp:meta_value><![CDATA[59]]></wp:meta_value>
		</wp:postmeta>
							</item>
					<item>
		<title><![CDATA[Ramon Garcia Santiago]]></title>
		<link>http://localhost/sass-wp/obituario/ramon-garcia-santiago/</link>
		<pubDate>Tue, 23 Jun 2020 00:00:33 +0000</pubDate>
		<dc:creator><![CDATA[webmaster]]></dc:creator>
		<guid isPermaLink="false">http://valparaiso.com.mx/?post_type=valpa_obituario_pt&#038;p=562</guid>
		<description></description>
		<content:encoded><![CDATA[]]></content:encoded>
		<excerpt:encoded><![CDATA[]]></excerpt:encoded>
		<wp:post_id>562</wp:post_id>
		<wp:post_date><![CDATA[2020-06-23 00:00:33]]></wp:post_date>
		<wp:post_date_gmt><![CDATA[2020-06-23 00:00:33]]></wp:post_date_gmt>
		<wp:post_modified><![CDATA[2020-06-23 00:00:33]]></wp:post_modified>
		<wp:post_modified_gmt><![CDATA[2020-06-23 00:00:33]]></wp:post_modified_gmt>
		<wp:comment_status><![CDATA[open]]></wp:comment_status>
		<wp:ping_status><![CDATA[closed]]></wp:ping_status>
		<wp:post_name><![CDATA[ramon-garcia-santiago]]></wp:post_name>
		<wp:status><![CDATA[publish]]></wp:status>
		<wp:post_parent>0</wp:post_parent>
		<wp:menu_order>0</wp:menu_order>
		<wp:post_type><![CDATA[valpa_obituario_pt]]></wp:post_type>
		<wp:post_password><![CDATA[]]></wp:post_password>
		<wp:is_sticky>0</wp:is_sticky>
														<wp:postmeta>
		<wp:meta_key><![CDATA[_wp_old_date]]></wp:meta_key>
		<wp:meta_value><![CDATA[2020-08-28]]></wp:meta_value>
		</wp:postmeta>
							<wp:postmeta>
		<wp:meta_key><![CDATA[valpa_no_homenaje_meta]]></wp:meta_key>
		<wp:meta_value><![CDATA[0020000239]]></wp:meta_value>
		</wp:postmeta>
							<wp:postmeta>
		<wp:meta_key><![CDATA[valpa_nacimiento_dia_meta]]></wp:meta_key>
		<wp:meta_value><![CDATA[30]]></wp:meta_value>
		</wp:postmeta>
							<wp:postmeta>
		<wp:meta_key><![CDATA[valpa_nacimiento_mes_meta]]></wp:meta_key>
		<wp:meta_value><![CDATA[07]]></wp:meta_value>
		</wp:postmeta>
							<wp:postmeta>
		<wp:meta_key><![CDATA[valpa_nacimiento_ano_meta]]></wp:meta_key>
		<wp:meta_value><![CDATA[1940]]></wp:meta_value>
		</wp:postmeta>
							<wp:postmeta>
		<wp:meta_key><![CDATA[post_views_count]]></wp:meta_key>
		<wp:meta_value><![CDATA[57]]></wp:meta_value>
		</wp:postmeta>
							</item>
					<item>
		<title><![CDATA[Hugo Daniel Estrada Trujillo]]></title>
		<link>http://localhost/sass-wp/obituario/hugo-daniel-estrada-trujillo/</link>
		<pubDate>Tue, 23 Jun 2020 00:00:16 +0000</pubDate>
		<dc:creator><![CDATA[webmaster]]></dc:creator>
		<guid isPermaLink="false">http://valparaiso.com.mx/?post_type=valpa_obituario_pt&#038;p=563</guid>
		<description></description>
		<content:encoded><![CDATA[]]></content:encoded>
		<excerpt:encoded><![CDATA[]]></excerpt:encoded>
		<wp:post_id>563</wp:post_id>
		<wp:post_date><![CDATA[2020-06-23 00:00:16]]></wp:post_date>
		<wp:post_date_gmt><![CDATA[2020-06-23 00:00:16]]></wp:post_date_gmt>
		<wp:post_modified><![CDATA[2020-06-23 00:00:16]]></wp:post_modified>
		<wp:post_modified_gmt><![CDATA[2020-06-23 00:00:16]]></wp:post_modified_gmt>
		<wp:comment_status><![CDATA[open]]></wp:comment_status>
		<wp:ping_status><![CDATA[closed]]></wp:ping_status>
		<wp:post_name><![CDATA[hugo-daniel-estrada-trujillo]]></wp:post_name>
		<wp:status><![CDATA[publish]]></wp:status>
		<wp:post_parent>0</wp:post_parent>
		<wp:menu_order>0</wp:menu_order>
		<wp:post_type><![CDATA[valpa_obituario_pt]]></wp:post_type>
		<wp:post_password><![CDATA[]]></wp:post_password>
		<wp:is_sticky>0</wp:is_sticky>
														<wp:postmeta>
		<wp:meta_key><![CDATA[_wp_old_date]]></wp:meta_key>
		<wp:meta_value><![CDATA[2020-08-28]]></wp:meta_value>
		</wp:postmeta>
							<wp:postmeta>
		<wp:meta_key><![CDATA[valpa_no_homenaje_meta]]></wp:meta_key>
		<wp:meta_value><![CDATA[0020000240]]></wp:meta_value>
		</wp:postmeta>
							<wp:postmeta>
		<wp:meta_key><![CDATA[valpa_nacimiento_dia_meta]]></wp:meta_key>
		<wp:meta_value><![CDATA[24]]></wp:meta_value>
		</wp:postmeta>
							<wp:postmeta>
		<wp:meta_key><![CDATA[valpa_nacimiento_mes_meta]]></wp:meta_key>
		<wp:meta_value><![CDATA[11]]></wp:meta_value>
		</wp:postmeta>
							<wp:postmeta>
		<wp:meta_key><![CDATA[valpa_nacimiento_ano_meta]]></wp:meta_key>
		<wp:meta_value><![CDATA[1958]]></wp:meta_value>
		</wp:postmeta>
							<wp:postmeta>
		<wp:meta_key><![CDATA[post_views_count]]></wp:meta_key>
		<wp:meta_value><![CDATA[64]]></wp:meta_value>
		</wp:postmeta>
							</item>
					<item>
		<title><![CDATA[Francisco Arizmendi Hernandez]]></title>
		<link>http://localhost/sass-wp/obituario/francisco-arizmendi-hernandez/</link>
		<pubDate>Tue, 23 Jun 2020 00:00:56 +0000</pubDate>
		<dc:creator><![CDATA[webmaster]]></dc:creator>
		<guid isPermaLink="false">http://valparaiso.com.mx/?post_type=valpa_obituario_pt&#038;p=564</guid>
		<description></description>
		<content:encoded><![CDATA[]]></content:encoded>
		<excerpt:encoded><![CDATA[]]></excerpt:encoded>
		<wp:post_id>564</wp:post_id>
		<wp:post_date><![CDATA[2020-06-23 00:00:56]]></wp:post_date>
		<wp:post_date_gmt><![CDATA[2020-06-23 00:00:56]]></wp:post_date_gmt>
		<wp:post_modified><![CDATA[2020-06-23 00:00:56]]></wp:post_modified>
		<wp:post_modified_gmt><![CDATA[2020-06-23 00:00:56]]></wp:post_modified_gmt>
		<wp:comment_status><![CDATA[open]]></wp:comment_status>
		<wp:ping_status><![CDATA[closed]]></wp:ping_status>
		<wp:post_name><![CDATA[francisco-arizmendi-hernandez]]></wp:post_name>
		<wp:status><![CDATA[publish]]></wp:status>
		<wp:post_parent>0</wp:post_parent>
		<wp:menu_order>0</wp:menu_order>
		<wp:post_type><![CDATA[valpa_obituario_pt]]></wp:post_type>
		<wp:post_password><![CDATA[]]></wp:post_password>
		<wp:is_sticky>0</wp:is_sticky>
														<wp:postmeta>
		<wp:meta_key><![CDATA[_wp_old_date]]></wp:meta_key>
		<wp:meta_value><![CDATA[2020-08-28]]></wp:meta_value>
		</wp:postmeta>
							<wp:postmeta>
		<wp:meta_key><![CDATA[valpa_no_homenaje_meta]]></wp:meta_key>
		<wp:meta_value><![CDATA[0020000241]]></wp:meta_value>
		</wp:postmeta>
							<wp:postmeta>
		<wp:meta_key><![CDATA[valpa_nacimiento_dia_meta]]></wp:meta_key>
		<wp:meta_value><![CDATA[]]></wp:meta_value>
		</wp:postmeta>
							<wp:postmeta>
		<wp:meta_key><![CDATA[valpa_nacimiento_mes_meta]]></wp:meta_key>
		<wp:meta_value><![CDATA[]]></wp:meta_value>
		</wp:postmeta>
							<wp:postmeta>
		<wp:meta_key><![CDATA[valpa_nacimiento_ano_meta]]></wp:meta_key>
		<wp:meta_value><![CDATA[]]></wp:meta_value>
		</wp:postmeta>
							<wp:postmeta>
		<wp:meta_key><![CDATA[post_views_count]]></wp:meta_key>
		<wp:meta_value><![CDATA[46]]></wp:meta_value>
		</wp:postmeta>
							</item>
					<item>
		<title><![CDATA[Enrique Bernal Moreno]]></title>
		<link>http://localhost/sass-wp/obituario/enrique-bernal-moreno/</link>
		<pubDate>Wed, 24 Jun 2020 00:00:01 +0000</pubDate>
		<dc:creator><![CDATA[webmaster]]></dc:creator>
		<guid isPermaLink="false">http://valparaiso.com.mx/?post_type=valpa_obituario_pt&#038;p=565</guid>
		<description></description>
		<content:encoded><![CDATA[]]></content:encoded>
		<excerpt:encoded><![CDATA[]]></excerpt:encoded>
		<wp:post_id>565</wp:post_id>
		<wp:post_date><![CDATA[2020-06-24 00:00:01]]></wp:post_date>
		<wp:post_date_gmt><![CDATA[2020-06-24 00:00:01]]></wp:post_date_gmt>
		<wp:post_modified><![CDATA[2020-06-24 00:00:01]]></wp:post_modified>
		<wp:post_modified_gmt><![CDATA[2020-06-24 00:00:01]]></wp:post_modified_gmt>
		<wp:comment_status><![CDATA[open]]></wp:comment_status>
		<wp:ping_status><![CDATA[closed]]></wp:ping_status>
		<wp:post_name><![CDATA[enrique-bernal-moreno]]></wp:post_name>
		<wp:status><![CDATA[publish]]></wp:status>
		<wp:post_parent>0</wp:post_parent>
		<wp:menu_order>0</wp:menu_order>
		<wp:post_type><![CDATA[valpa_obituario_pt]]></wp:post_type>
		<wp:post_password><![CDATA[]]></wp:post_password>
		<wp:is_sticky>0</wp:is_sticky>
														<wp:postmeta>
		<wp:meta_key><![CDATA[_wp_old_date]]></wp:meta_key>
		<wp:meta_value><![CDATA[2020-08-28]]></wp:meta_value>
		</wp:postmeta>
							<wp:postmeta>
		<wp:meta_key><![CDATA[valpa_no_homenaje_meta]]></wp:meta_key>
		<wp:meta_value><![CDATA[0020000242]]></wp:meta_value>
		</wp:postmeta>
							<wp:postmeta>
		<wp:meta_key><![CDATA[valpa_nacimiento_dia_meta]]></wp:meta_key>
		<wp:meta_value><![CDATA[24]]></wp:meta_value>
		</wp:postmeta>
							<wp:postmeta>
		<wp:meta_key><![CDATA[valpa_nacimiento_mes_meta]]></wp:meta_key>
		<wp:meta_value><![CDATA[10]]></wp:meta_value>
		</wp:postmeta>
							<wp:postmeta>
		<wp:meta_key><![CDATA[valpa_nacimiento_ano_meta]]></wp:meta_key>
		<wp:meta_value><![CDATA[1966]]></wp:meta_value>
		</wp:postmeta>
							<wp:postmeta>
		<wp:meta_key><![CDATA[post_views_count]]></wp:meta_key>
		<wp:meta_value><![CDATA[46]]></wp:meta_value>
		</wp:postmeta>
							</item>
					<item>
		<title><![CDATA[Norma Angelica Garcia Martinez]]></title>
		<link>http://localhost/sass-wp/obituario/norma-angelica-garcia-martinez/</link>
		<pubDate>Thu, 25 Jun 2020 00:00:39 +0000</pubDate>
		<dc:creator><![CDATA[webmaster]]></dc:creator>
		<guid isPermaLink="false">http://valparaiso.com.mx/?post_type=valpa_obituario_pt&#038;p=566</guid>
		<description></description>
		<content:encoded><![CDATA[]]></content:encoded>
		<excerpt:encoded><![CDATA[]]></excerpt:encoded>
		<wp:post_id>566</wp:post_id>
		<wp:post_date><![CDATA[2020-06-25 00:00:39]]></wp:post_date>
		<wp:post_date_gmt><![CDATA[2020-06-25 00:00:39]]></wp:post_date_gmt>
		<wp:post_modified><![CDATA[2020-06-25 00:00:39]]></wp:post_modified>
		<wp:post_modified_gmt><![CDATA[2020-06-25 00:00:39]]></wp:post_modified_gmt>
		<wp:comment_status><![CDATA[open]]></wp:comment_status>
		<wp:ping_status><![CDATA[closed]]></wp:ping_status>
		<wp:post_name><![CDATA[norma-angelica-garcia-martinez]]></wp:post_name>
		<wp:status><![CDATA[publish]]></wp:status>
		<wp:post_parent>0</wp:post_parent>
		<wp:menu_order>0</wp:menu_order>
		<wp:post_type><![CDATA[valpa_obituario_pt]]></wp:post_type>
		<wp:post_password><![CDATA[]]></wp:post_password>
		<wp:is_sticky>0</wp:is_sticky>
														<wp:postmeta>
		<wp:meta_key><![CDATA[_wp_old_date]]></wp:meta_key>
		<wp:meta_value><![CDATA[2020-08-28]]></wp:meta_value>
		</wp:postmeta>
							<wp:postmeta>
		<wp:meta_key><![CDATA[valpa_no_homenaje_meta]]></wp:meta_key>
		<wp:meta_value><![CDATA[0020000243]]></wp:meta_value>
		</wp:postmeta>
							<wp:postmeta>
		<wp:meta_key><![CDATA[valpa_nacimiento_dia_meta]]></wp:meta_key>
		<wp:meta_value><![CDATA[19]]></wp:meta_value>
		</wp:postmeta>
							<wp:postmeta>
		<wp:meta_key><![CDATA[valpa_nacimiento_mes_meta]]></wp:meta_key>
		<wp:meta_value><![CDATA[07]]></wp:meta_value>
		</wp:postmeta>
							<wp:postmeta>
		<wp:meta_key><![CDATA[valpa_nacimiento_ano_meta]]></wp:meta_key>
		<wp:meta_value><![CDATA[1973]]></wp:meta_value>
		</wp:postmeta>
							<wp:postmeta>
		<wp:meta_key><![CDATA[post_views_count]]></wp:meta_key>
		<wp:meta_value><![CDATA[102]]></wp:meta_value>
		</wp:postmeta>
							</item>
					<item>
		<title><![CDATA[Laura Esther Camacho Sarabia]]></title>
		<link>http://localhost/sass-wp/obituario/laura-esther-camacho-sarabia/</link>
		<pubDate>Fri, 26 Jun 2020 00:00:35 +0000</pubDate>
		<dc:creator><![CDATA[webmaster]]></dc:creator>
		<guid isPermaLink="false">http://valparaiso.com.mx/?post_type=valpa_obituario_pt&#038;p=567</guid>
		<description></description>
		<content:encoded><![CDATA[]]></content:encoded>
		<excerpt:encoded><![CDATA[]]></excerpt:encoded>
		<wp:post_id>567</wp:post_id>
		<wp:post_date><![CDATA[2020-06-26 00:00:35]]></wp:post_date>
		<wp:post_date_gmt><![CDATA[2020-06-26 00:00:35]]></wp:post_date_gmt>
		<wp:post_modified><![CDATA[2020-06-26 00:00:35]]></wp:post_modified>
		<wp:post_modified_gmt><![CDATA[2020-06-26 00:00:35]]></wp:post_modified_gmt>
		<wp:comment_status><![CDATA[open]]></wp:comment_status>
		<wp:ping_status><![CDATA[closed]]></wp:ping_status>
		<wp:post_name><![CDATA[laura-esther-camacho-sarabia]]></wp:post_name>
		<wp:status><![CDATA[publish]]></wp:status>
		<wp:post_parent>0</wp:post_parent>
		<wp:menu_order>0</wp:menu_order>
		<wp:post_type><![CDATA[valpa_obituario_pt]]></wp:post_type>
		<wp:post_password><![CDATA[]]></wp:post_password>
		<wp:is_sticky>0</wp:is_sticky>
														<wp:postmeta>
		<wp:meta_key><![CDATA[_wp_old_date]]></wp:meta_key>
		<wp:meta_value><![CDATA[2020-08-28]]></wp:meta_value>
		</wp:postmeta>
							<wp:postmeta>
		<wp:meta_key><![CDATA[valpa_no_homenaje_meta]]></wp:meta_key>
		<wp:meta_value><![CDATA[0020000244]]></wp:meta_value>
		</wp:postmeta>
							<wp:postmeta>
		<wp:meta_key><![CDATA[valpa_nacimiento_dia_meta]]></wp:meta_key>
		<wp:meta_value><![CDATA[19]]></wp:meta_value>
		</wp:postmeta>
							<wp:postmeta>
		<wp:meta_key><![CDATA[valpa_nacimiento_mes_meta]]></wp:meta_key>
		<wp:meta_value><![CDATA[10]]></wp:meta_value>
		</wp:postmeta>
							<wp:postmeta>
		<wp:meta_key><![CDATA[valpa_nacimiento_ano_meta]]></wp:meta_key>
		<wp:meta_value><![CDATA[1957]]></wp:meta_value>
		</wp:postmeta>
							<wp:postmeta>
		<wp:meta_key><![CDATA[post_views_count]]></wp:meta_key>
		<wp:meta_value><![CDATA[44]]></wp:meta_value>
		</wp:postmeta>
							</item>
					<item>
		<title><![CDATA[Zeferino Nava Pascasio]]></title>
		<link>http://localhost/sass-wp/obituario/zeferino-nava-pascasio/</link>
		<pubDate>Fri, 26 Jun 2020 00:00:21 +0000</pubDate>
		<dc:creator><![CDATA[webmaster]]></dc:creator>
		<guid isPermaLink="false">http://valparaiso.com.mx/?post_type=valpa_obituario_pt&#038;p=568</guid>
		<description></description>
		<content:encoded><![CDATA[]]></content:encoded>
		<excerpt:encoded><![CDATA[]]></excerpt:encoded>
		<wp:post_id>568</wp:post_id>
		<wp:post_date><![CDATA[2020-06-26 00:00:21]]></wp:post_date>
		<wp:post_date_gmt><![CDATA[2020-06-26 00:00:21]]></wp:post_date_gmt>
		<wp:post_modified><![CDATA[2020-06-26 00:00:21]]></wp:post_modified>
		<wp:post_modified_gmt><![CDATA[2020-06-26 00:00:21]]></wp:post_modified_gmt>
		<wp:comment_status><![CDATA[open]]></wp:comment_status>
		<wp:ping_status><![CDATA[closed]]></wp:ping_status>
		<wp:post_name><![CDATA[zeferino-nava-pascasio]]></wp:post_name>
		<wp:status><![CDATA[publish]]></wp:status>
		<wp:post_parent>0</wp:post_parent>
		<wp:menu_order>0</wp:menu_order>
		<wp:post_type><![CDATA[valpa_obituario_pt]]></wp:post_type>
		<wp:post_password><![CDATA[]]></wp:post_password>
		<wp:is_sticky>0</wp:is_sticky>
														<wp:postmeta>
		<wp:meta_key><![CDATA[_wp_old_date]]></wp:meta_key>
		<wp:meta_value><![CDATA[2020-08-28]]></wp:meta_value>
		</wp:postmeta>
							<wp:postmeta>
		<wp:meta_key><![CDATA[valpa_no_homenaje_meta]]></wp:meta_key>
		<wp:meta_value><![CDATA[0020000245]]></wp:meta_value>
		</wp:postmeta>
							<wp:postmeta>
		<wp:meta_key><![CDATA[valpa_nacimiento_dia_meta]]></wp:meta_key>
		<wp:meta_value><![CDATA[26]]></wp:meta_value>
		</wp:postmeta>
							<wp:postmeta>
		<wp:meta_key><![CDATA[valpa_nacimiento_mes_meta]]></wp:meta_key>
		<wp:meta_value><![CDATA[08]]></wp:meta_value>
		</wp:postmeta>
							<wp:postmeta>
		<wp:meta_key><![CDATA[valpa_nacimiento_ano_meta]]></wp:meta_key>
		<wp:meta_value><![CDATA[1963]]></wp:meta_value>
		</wp:postmeta>
							<wp:postmeta>
		<wp:meta_key><![CDATA[post_views_count]]></wp:meta_key>
		<wp:meta_value><![CDATA[68]]></wp:meta_value>
		</wp:postmeta>
							</item>
					<item>
		<title><![CDATA[Rafael Calixto Mendoza]]></title>
		<link>http://localhost/sass-wp/obituario/rafael-calixto-mendoza/</link>
		<pubDate>Sat, 27 Jun 2020 00:00:02 +0000</pubDate>
		<dc:creator><![CDATA[webmaster]]></dc:creator>
		<guid isPermaLink="false">http://valparaiso.com.mx/?post_type=valpa_obituario_pt&#038;p=569</guid>
		<description></description>
		<content:encoded><![CDATA[]]></content:encoded>
		<excerpt:encoded><![CDATA[]]></excerpt:encoded>
		<wp:post_id>569</wp:post_id>
		<wp:post_date><![CDATA[2020-06-27 00:00:02]]></wp:post_date>
		<wp:post_date_gmt><![CDATA[2020-06-27 00:00:02]]></wp:post_date_gmt>
		<wp:post_modified><![CDATA[2020-06-27 00:00:02]]></wp:post_modified>
		<wp:post_modified_gmt><![CDATA[2020-06-27 00:00:02]]></wp:post_modified_gmt>
		<wp:comment_status><![CDATA[open]]></wp:comment_status>
		<wp:ping_status><![CDATA[closed]]></wp:ping_status>
		<wp:post_name><![CDATA[rafael-calixto-mendoza]]></wp:post_name>
		<wp:status><![CDATA[publish]]></wp:status>
		<wp:post_parent>0</wp:post_parent>
		<wp:menu_order>0</wp:menu_order>
		<wp:post_type><![CDATA[valpa_obituario_pt]]></wp:post_type>
		<wp:post_password><![CDATA[]]></wp:post_password>
		<wp:is_sticky>0</wp:is_sticky>
														<wp:postmeta>
		<wp:meta_key><![CDATA[_wp_old_date]]></wp:meta_key>
		<wp:meta_value><![CDATA[2020-08-28]]></wp:meta_value>
		</wp:postmeta>
							<wp:postmeta>
		<wp:meta_key><![CDATA[valpa_no_homenaje_meta]]></wp:meta_key>
		<wp:meta_value><![CDATA[0020000246]]></wp:meta_value>
		</wp:postmeta>
							<wp:postmeta>
		<wp:meta_key><![CDATA[valpa_nacimiento_dia_meta]]></wp:meta_key>
		<wp:meta_value><![CDATA[24]]></wp:meta_value>
		</wp:postmeta>
							<wp:postmeta>
		<wp:meta_key><![CDATA[valpa_nacimiento_mes_meta]]></wp:meta_key>
		<wp:meta_value><![CDATA[10]]></wp:meta_value>
		</wp:postmeta>
							<wp:postmeta>
		<wp:meta_key><![CDATA[valpa_nacimiento_ano_meta]]></wp:meta_key>
		<wp:meta_value><![CDATA[1948]]></wp:meta_value>
		</wp:postmeta>
							<wp:postmeta>
		<wp:meta_key><![CDATA[post_views_count]]></wp:meta_key>
		<wp:meta_value><![CDATA[82]]></wp:meta_value>
		</wp:postmeta>
							</item>
					<item>
		<title><![CDATA[Rosa Paola Guzman Flores]]></title>
		<link>http://localhost/sass-wp/obituario/rosa-paola-guzman-flores/</link>
		<pubDate>Sat, 27 Jun 2020 00:00:41 +0000</pubDate>
		<dc:creator><![CDATA[webmaster]]></dc:creator>
		<guid isPermaLink="false">http://valparaiso.com.mx/?post_type=valpa_obituario_pt&#038;p=570</guid>
		<description></description>
		<content:encoded><![CDATA[]]></content:encoded>
		<excerpt:encoded><![CDATA[]]></excerpt:encoded>
		<wp:post_id>570</wp:post_id>
		<wp:post_date><![CDATA[2020-06-27 00:00:41]]></wp:post_date>
		<wp:post_date_gmt><![CDATA[2020-06-27 00:00:41]]></wp:post_date_gmt>
		<wp:post_modified><![CDATA[2020-06-27 00:00:41]]></wp:post_modified>
		<wp:post_modified_gmt><![CDATA[2020-06-27 00:00:41]]></wp:post_modified_gmt>
		<wp:comment_status><![CDATA[open]]></wp:comment_status>
		<wp:ping_status><![CDATA[closed]]></wp:ping_status>
		<wp:post_name><![CDATA[rosa-paola-guzman-flores]]></wp:post_name>
		<wp:status><![CDATA[publish]]></wp:status>
		<wp:post_parent>0</wp:post_parent>
		<wp:menu_order>0</wp:menu_order>
		<wp:post_type><![CDATA[valpa_obituario_pt]]></wp:post_type>
		<wp:post_password><![CDATA[]]></wp:post_password>
		<wp:is_sticky>0</wp:is_sticky>
														<wp:postmeta>
		<wp:meta_key><![CDATA[_wp_old_date]]></wp:meta_key>
		<wp:meta_value><![CDATA[2020-08-28]]></wp:meta_value>
		</wp:postmeta>
							<wp:postmeta>
		<wp:meta_key><![CDATA[valpa_no_homenaje_meta]]></wp:meta_key>
		<wp:meta_value><![CDATA[0020000247]]></wp:meta_value>
		</wp:postmeta>
							<wp:postmeta>
		<wp:meta_key><![CDATA[valpa_nacimiento_dia_meta]]></wp:meta_key>
		<wp:meta_value><![CDATA[10]]></wp:meta_value>
		</wp:postmeta>
							<wp:postmeta>
		<wp:meta_key><![CDATA[valpa_nacimiento_mes_meta]]></wp:meta_key>
		<wp:meta_value><![CDATA[07]]></wp:meta_value>
		</wp:postmeta>
							<wp:postmeta>
		<wp:meta_key><![CDATA[valpa_nacimiento_ano_meta]]></wp:meta_key>
		<wp:meta_value><![CDATA[1994]]></wp:meta_value>
		</wp:postmeta>
							<wp:postmeta>
		<wp:meta_key><![CDATA[post_views_count]]></wp:meta_key>
		<wp:meta_value><![CDATA[52]]></wp:meta_value>
		</wp:postmeta>
							</item>
					<item>
		<title><![CDATA[Concepcion Urbina Dotor]]></title>
		<link>http://localhost/sass-wp/obituario/concepcion-urbina-dotor/</link>
		<pubDate>Sat, 27 Jun 2020 00:00:28 +0000</pubDate>
		<dc:creator><![CDATA[webmaster]]></dc:creator>
		<guid isPermaLink="false">http://valparaiso.com.mx/?post_type=valpa_obituario_pt&#038;p=571</guid>
		<description></description>
		<content:encoded><![CDATA[]]></content:encoded>
		<excerpt:encoded><![CDATA[]]></excerpt:encoded>
		<wp:post_id>571</wp:post_id>
		<wp:post_date><![CDATA[2020-06-27 00:00:28]]></wp:post_date>
		<wp:post_date_gmt><![CDATA[2020-06-27 00:00:28]]></wp:post_date_gmt>
		<wp:post_modified><![CDATA[2020-06-27 00:00:28]]></wp:post_modified>
		<wp:post_modified_gmt><![CDATA[2020-06-27 00:00:28]]></wp:post_modified_gmt>
		<wp:comment_status><![CDATA[open]]></wp:comment_status>
		<wp:ping_status><![CDATA[closed]]></wp:ping_status>
		<wp:post_name><![CDATA[concepcion-urbina-dotor]]></wp:post_name>
		<wp:status><![CDATA[publish]]></wp:status>
		<wp:post_parent>0</wp:post_parent>
		<wp:menu_order>0</wp:menu_order>
		<wp:post_type><![CDATA[valpa_obituario_pt]]></wp:post_type>
		<wp:post_password><![CDATA[]]></wp:post_password>
		<wp:is_sticky>0</wp:is_sticky>
														<wp:postmeta>
		<wp:meta_key><![CDATA[_wp_old_date]]></wp:meta_key>
		<wp:meta_value><![CDATA[2020-08-28]]></wp:meta_value>
		</wp:postmeta>
							<wp:postmeta>
		<wp:meta_key><![CDATA[valpa_no_homenaje_meta]]></wp:meta_key>
		<wp:meta_value><![CDATA[0020000248]]></wp:meta_value>
		</wp:postmeta>
							<wp:postmeta>
		<wp:meta_key><![CDATA[valpa_nacimiento_dia_meta]]></wp:meta_key>
		<wp:meta_value><![CDATA[08]]></wp:meta_value>
		</wp:postmeta>
							<wp:postmeta>
		<wp:meta_key><![CDATA[valpa_nacimiento_mes_meta]]></wp:meta_key>
		<wp:meta_value><![CDATA[12]]></wp:meta_value>
		</wp:postmeta>
							<wp:postmeta>
		<wp:meta_key><![CDATA[valpa_nacimiento_ano_meta]]></wp:meta_key>
		<wp:meta_value><![CDATA[1939]]></wp:meta_value>
		</wp:postmeta>
							<wp:postmeta>
		<wp:meta_key><![CDATA[post_views_count]]></wp:meta_key>
		<wp:meta_value><![CDATA[48]]></wp:meta_value>
		</wp:postmeta>
							</item>
					<item>
		<title><![CDATA[Ildefonso Tepepa Herrera]]></title>
		<link>http://localhost/sass-wp/obituario/ildefonso-tepepa-herrera/</link>
		<pubDate>Mon, 29 Jun 2020 00:00:30 +0000</pubDate>
		<dc:creator><![CDATA[webmaster]]></dc:creator>
		<guid isPermaLink="false">http://valparaiso.com.mx/?post_type=valpa_obituario_pt&#038;p=572</guid>
		<description></description>
		<content:encoded><![CDATA[]]></content:encoded>
		<excerpt:encoded><![CDATA[]]></excerpt:encoded>
		<wp:post_id>572</wp:post_id>
		<wp:post_date><![CDATA[2020-06-29 00:00:30]]></wp:post_date>
		<wp:post_date_gmt><![CDATA[2020-06-29 00:00:30]]></wp:post_date_gmt>
		<wp:post_modified><![CDATA[2020-06-29 00:00:30]]></wp:post_modified>
		<wp:post_modified_gmt><![CDATA[2020-06-29 00:00:30]]></wp:post_modified_gmt>
		<wp:comment_status><![CDATA[open]]></wp:comment_status>
		<wp:ping_status><![CDATA[closed]]></wp:ping_status>
		<wp:post_name><![CDATA[ildefonso-tepepa-herrera]]></wp:post_name>
		<wp:status><![CDATA[publish]]></wp:status>
		<wp:post_parent>0</wp:post_parent>
		<wp:menu_order>0</wp:menu_order>
		<wp:post_type><![CDATA[valpa_obituario_pt]]></wp:post_type>
		<wp:post_password><![CDATA[]]></wp:post_password>
		<wp:is_sticky>0</wp:is_sticky>
														<wp:postmeta>
		<wp:meta_key><![CDATA[_wp_old_date]]></wp:meta_key>
		<wp:meta_value><![CDATA[2020-08-28]]></wp:meta_value>
		</wp:postmeta>
							<wp:postmeta>
		<wp:meta_key><![CDATA[valpa_no_homenaje_meta]]></wp:meta_key>
		<wp:meta_value><![CDATA[0020000249]]></wp:meta_value>
		</wp:postmeta>
							<wp:postmeta>
		<wp:meta_key><![CDATA[valpa_nacimiento_dia_meta]]></wp:meta_key>
		<wp:meta_value><![CDATA[23]]></wp:meta_value>
		</wp:postmeta>
							<wp:postmeta>
		<wp:meta_key><![CDATA[valpa_nacimiento_mes_meta]]></wp:meta_key>
		<wp:meta_value><![CDATA[01]]></wp:meta_value>
		</wp:postmeta>
							<wp:postmeta>
		<wp:meta_key><![CDATA[valpa_nacimiento_ano_meta]]></wp:meta_key>
		<wp:meta_value><![CDATA[1950]]></wp:meta_value>
		</wp:postmeta>
							<wp:postmeta>
		<wp:meta_key><![CDATA[post_views_count]]></wp:meta_key>
		<wp:meta_value><![CDATA[33]]></wp:meta_value>
		</wp:postmeta>
							</item>
					<item>
		<title><![CDATA[Sahamanta Bandala Reyes]]></title>
		<link>http://localhost/sass-wp/obituario/sahamanate-bandala-reyes/</link>
		<pubDate>Tue, 30 Jun 2020 00:00:37 +0000</pubDate>
		<dc:creator><![CDATA[webmaster]]></dc:creator>
		<guid isPermaLink="false">http://valparaiso.com.mx/?post_type=valpa_obituario_pt&#038;p=574</guid>
		<description></description>
		<content:encoded><![CDATA[]]></content:encoded>
		<excerpt:encoded><![CDATA[]]></excerpt:encoded>
		<wp:post_id>574</wp:post_id>
		<wp:post_date><![CDATA[2020-06-30 00:00:37]]></wp:post_date>
		<wp:post_date_gmt><![CDATA[2020-06-30 00:00:37]]></wp:post_date_gmt>
		<wp:post_modified><![CDATA[2020-06-30 00:00:37]]></wp:post_modified>
		<wp:post_modified_gmt><![CDATA[2020-06-30 00:00:37]]></wp:post_modified_gmt>
		<wp:comment_status><![CDATA[open]]></wp:comment_status>
		<wp:ping_status><![CDATA[closed]]></wp:ping_status>
		<wp:post_name><![CDATA[sahamanate-bandala-reyes]]></wp:post_name>
		<wp:status><![CDATA[publish]]></wp:status>
		<wp:post_parent>0</wp:post_parent>
		<wp:menu_order>0</wp:menu_order>
		<wp:post_type><![CDATA[valpa_obituario_pt]]></wp:post_type>
		<wp:post_password><![CDATA[]]></wp:post_password>
		<wp:is_sticky>0</wp:is_sticky>
														<wp:postmeta>
		<wp:meta_key><![CDATA[_wp_old_date]]></wp:meta_key>
		<wp:meta_value><![CDATA[2020-08-28]]></wp:meta_value>
		</wp:postmeta>
							<wp:postmeta>
		<wp:meta_key><![CDATA[valpa_no_homenaje_meta]]></wp:meta_key>
		<wp:meta_value><![CDATA[0020000251]]></wp:meta_value>
		</wp:postmeta>
							<wp:postmeta>
		<wp:meta_key><![CDATA[valpa_nacimiento_dia_meta]]></wp:meta_key>
		<wp:meta_value><![CDATA[23]]></wp:meta_value>
		</wp:postmeta>
							<wp:postmeta>
		<wp:meta_key><![CDATA[valpa_nacimiento_mes_meta]]></wp:meta_key>
		<wp:meta_value><![CDATA[03]]></wp:meta_value>
		</wp:postmeta>
							<wp:postmeta>
		<wp:meta_key><![CDATA[valpa_nacimiento_ano_meta]]></wp:meta_key>
		<wp:meta_value><![CDATA[1992]]></wp:meta_value>
		</wp:postmeta>
							<wp:postmeta>
		<wp:meta_key><![CDATA[post_views_count]]></wp:meta_key>
		<wp:meta_value><![CDATA[40]]></wp:meta_value>
		</wp:postmeta>
							</item>
					<item>
		<title><![CDATA[Avelino Sanchez Cruz]]></title>
		<link>http://localhost/sass-wp/obituario/avelino-sanchez-cruz-2/</link>
		<pubDate>Tue, 30 Jun 2020 00:00:04 +0000</pubDate>
		<dc:creator><![CDATA[webmaster]]></dc:creator>
		<guid isPermaLink="false">http://valparaiso.com.mx/?post_type=valpa_obituario_pt&#038;p=577</guid>
		<description></description>
		<content:encoded><![CDATA[]]></content:encoded>
		<excerpt:encoded><![CDATA[]]></excerpt:encoded>
		<wp:post_id>577</wp:post_id>
		<wp:post_date><![CDATA[2020-06-30 00:00:04]]></wp:post_date>
		<wp:post_date_gmt><![CDATA[2020-06-30 00:00:04]]></wp:post_date_gmt>
		<wp:post_modified><![CDATA[2020-06-30 00:00:04]]></wp:post_modified>
		<wp:post_modified_gmt><![CDATA[2020-06-30 00:00:04]]></wp:post_modified_gmt>
		<wp:comment_status><![CDATA[open]]></wp:comment_status>
		<wp:ping_status><![CDATA[closed]]></wp:ping_status>
		<wp:post_name><![CDATA[avelino-sanchez-cruz-2]]></wp:post_name>
		<wp:status><![CDATA[publish]]></wp:status>
		<wp:post_parent>0</wp:post_parent>
		<wp:menu_order>0</wp:menu_order>
		<wp:post_type><![CDATA[valpa_obituario_pt]]></wp:post_type>
		<wp:post_password><![CDATA[]]></wp:post_password>
		<wp:is_sticky>0</wp:is_sticky>
														<wp:postmeta>
		<wp:meta_key><![CDATA[_wp_old_date]]></wp:meta_key>
		<wp:meta_value><![CDATA[2020-08-28]]></wp:meta_value>
		</wp:postmeta>
							<wp:postmeta>
		<wp:meta_key><![CDATA[valpa_no_homenaje_meta]]></wp:meta_key>
		<wp:meta_value><![CDATA[0020000252]]></wp:meta_value>
		</wp:postmeta>
							<wp:postmeta>
		<wp:meta_key><![CDATA[valpa_nacimiento_dia_meta]]></wp:meta_key>
		<wp:meta_value><![CDATA[28]]></wp:meta_value>
		</wp:postmeta>
							<wp:postmeta>
		<wp:meta_key><![CDATA[valpa_nacimiento_mes_meta]]></wp:meta_key>
		<wp:meta_value><![CDATA[12]]></wp:meta_value>
		</wp:postmeta>
							<wp:postmeta>
		<wp:meta_key><![CDATA[valpa_nacimiento_ano_meta]]></wp:meta_key>
		<wp:meta_value><![CDATA[1933]]></wp:meta_value>
		</wp:postmeta>
							<wp:postmeta>
		<wp:meta_key><![CDATA[post_views_count]]></wp:meta_key>
		<wp:meta_value><![CDATA[50]]></wp:meta_value>
		</wp:postmeta>
							</item>
					<item>
		<title><![CDATA[Noemi Sanchez Sanchez]]></title>
		<link>http://localhost/sass-wp/obituario/noemi-sanchez-sanchez/</link>
		<pubDate>Wed, 01 Jul 2020 00:00:48 +0000</pubDate>
		<dc:creator><![CDATA[webmaster]]></dc:creator>
		<guid isPermaLink="false">http://valparaiso.com.mx/?post_type=valpa_obituario_pt&#038;p=578</guid>
		<description></description>
		<content:encoded><![CDATA[]]></content:encoded>
		<excerpt:encoded><![CDATA[]]></excerpt:encoded>
		<wp:post_id>578</wp:post_id>
		<wp:post_date><![CDATA[2020-07-01 00:00:48]]></wp:post_date>
		<wp:post_date_gmt><![CDATA[2020-07-01 00:00:48]]></wp:post_date_gmt>
		<wp:post_modified><![CDATA[2020-07-01 00:00:48]]></wp:post_modified>
		<wp:post_modified_gmt><![CDATA[2020-07-01 00:00:48]]></wp:post_modified_gmt>
		<wp:comment_status><![CDATA[open]]></wp:comment_status>
		<wp:ping_status><![CDATA[closed]]></wp:ping_status>
		<wp:post_name><![CDATA[noemi-sanchez-sanchez]]></wp:post_name>
		<wp:status><![CDATA[publish]]></wp:status>
		<wp:post_parent>0</wp:post_parent>
		<wp:menu_order>0</wp:menu_order>
		<wp:post_type><![CDATA[valpa_obituario_pt]]></wp:post_type>
		<wp:post_password><![CDATA[]]></wp:post_password>
		<wp:is_sticky>0</wp:is_sticky>
														<wp:postmeta>
		<wp:meta_key><![CDATA[_wp_old_date]]></wp:meta_key>
		<wp:meta_value><![CDATA[2020-08-28]]></wp:meta_value>
		</wp:postmeta>
							<wp:postmeta>
		<wp:meta_key><![CDATA[valpa_no_homenaje_meta]]></wp:meta_key>
		<wp:meta_value><![CDATA[0020000253]]></wp:meta_value>
		</wp:postmeta>
							<wp:postmeta>
		<wp:meta_key><![CDATA[valpa_nacimiento_dia_meta]]></wp:meta_key>
		<wp:meta_value><![CDATA[14]]></wp:meta_value>
		</wp:postmeta>
							<wp:postmeta>
		<wp:meta_key><![CDATA[valpa_nacimiento_mes_meta]]></wp:meta_key>
		<wp:meta_value><![CDATA[02]]></wp:meta_value>
		</wp:postmeta>
							<wp:postmeta>
		<wp:meta_key><![CDATA[valpa_nacimiento_ano_meta]]></wp:meta_key>
		<wp:meta_value><![CDATA[1952]]></wp:meta_value>
		</wp:postmeta>
							<wp:postmeta>
		<wp:meta_key><![CDATA[post_views_count]]></wp:meta_key>
		<wp:meta_value><![CDATA[56]]></wp:meta_value>
		</wp:postmeta>
							</item>
					<item>
		<title><![CDATA[Tito Centeno Escobar]]></title>
		<link>http://localhost/sass-wp/obituario/tito-centeno-escobar/</link>
		<pubDate>Wed, 01 Jul 2020 00:00:43 +0000</pubDate>
		<dc:creator><![CDATA[webmaster]]></dc:creator>
		<guid isPermaLink="false">http://valparaiso.com.mx/?post_type=valpa_obituario_pt&#038;p=579</guid>
		<description></description>
		<content:encoded><![CDATA[Lo que una vez disfrutamos nunca lo perdemos. Todo lo que amamos profundamente se convierte en parte de nosotros mismos.]]></content:encoded>
		<excerpt:encoded><![CDATA[]]></excerpt:encoded>
		<wp:post_id>579</wp:post_id>
		<wp:post_date><![CDATA[2020-07-01 00:00:43]]></wp:post_date>
		<wp:post_date_gmt><![CDATA[2020-07-01 00:00:43]]></wp:post_date_gmt>
		<wp:post_modified><![CDATA[2020-07-01 00:00:43]]></wp:post_modified>
		<wp:post_modified_gmt><![CDATA[2020-07-01 00:00:43]]></wp:post_modified_gmt>
		<wp:comment_status><![CDATA[open]]></wp:comment_status>
		<wp:ping_status><![CDATA[closed]]></wp:ping_status>
		<wp:post_name><![CDATA[tito-centeno-escobar]]></wp:post_name>
		<wp:status><![CDATA[publish]]></wp:status>
		<wp:post_parent>0</wp:post_parent>
		<wp:menu_order>0</wp:menu_order>
		<wp:post_type><![CDATA[valpa_obituario_pt]]></wp:post_type>
		<wp:post_password><![CDATA[]]></wp:post_password>
		<wp:is_sticky>0</wp:is_sticky>
														<wp:postmeta>
		<wp:meta_key><![CDATA[_edit_last]]></wp:meta_key>
		<wp:meta_value><![CDATA[1]]></wp:meta_value>
		</wp:postmeta>
							<wp:postmeta>
		<wp:meta_key><![CDATA[_wp_old_date]]></wp:meta_key>
		<wp:meta_value><![CDATA[2020-08-28]]></wp:meta_value>
		</wp:postmeta>
							<wp:postmeta>
		<wp:meta_key><![CDATA[valpa_no_homenaje_meta]]></wp:meta_key>
		<wp:meta_value><![CDATA[0020000254]]></wp:meta_value>
		</wp:postmeta>
							<wp:postmeta>
		<wp:meta_key><![CDATA[valpa_nacimiento_dia_meta]]></wp:meta_key>
		<wp:meta_value><![CDATA[06]]></wp:meta_value>
		</wp:postmeta>
							<wp:postmeta>
		<wp:meta_key><![CDATA[valpa_nacimiento_mes_meta]]></wp:meta_key>
		<wp:meta_value><![CDATA[02]]></wp:meta_value>
		</wp:postmeta>
							<wp:postmeta>
		<wp:meta_key><![CDATA[valpa_nacimiento_ano_meta]]></wp:meta_key>
		<wp:meta_value><![CDATA[1946]]></wp:meta_value>
		</wp:postmeta>
							<wp:postmeta>
		<wp:meta_key><![CDATA[post_views_count]]></wp:meta_key>
		<wp:meta_value><![CDATA[183]]></wp:meta_value>
		</wp:postmeta>
							<wp:postmeta>
		<wp:meta_key><![CDATA[_thumbnail_id]]></wp:meta_key>
		<wp:meta_value><![CDATA[7161]]></wp:meta_value>
		</wp:postmeta>
							<wp:postmeta>
		<wp:meta_key><![CDATA[sucursal_relacionada_meta]]></wp:meta_key>
		<wp:meta_value><![CDATA[a:1:{i:0;s:2:"22";}]]></wp:meta_value>
		</wp:postmeta>
							<wp:postmeta>
		<wp:meta_key><![CDATA[servicio_relacionado_meta]]></wp:meta_key>
		<wp:meta_value><![CDATA[a:1:{i:0;s:9:"Domicilio";}]]></wp:meta_value>
		</wp:postmeta>
							<wp:postmeta>
		<wp:meta_key><![CDATA[num_velas_meta]]></wp:meta_key>
		<wp:meta_value><![CDATA[4]]></wp:meta_value>
		</wp:postmeta>
							</item>
					<item>
		<title><![CDATA[Margarita Sosa Contreras]]></title>
		<link>http://localhost/sass-wp/obituario/margarita-sosa-contreras/</link>
		<pubDate>Wed, 01 Jul 2020 00:00:21 +0000</pubDate>
		<dc:creator><![CDATA[webmaster]]></dc:creator>
		<guid isPermaLink="false">http://valparaiso.com.mx/?post_type=valpa_obituario_pt&#038;p=580</guid>
		<description></description>
		<content:encoded><![CDATA[]]></content:encoded>
		<excerpt:encoded><![CDATA[]]></excerpt:encoded>
		<wp:post_id>580</wp:post_id>
		<wp:post_date><![CDATA[2020-07-01 00:00:21]]></wp:post_date>
		<wp:post_date_gmt><![CDATA[2020-07-01 00:00:21]]></wp:post_date_gmt>
		<wp:post_modified><![CDATA[2020-07-01 00:00:21]]></wp:post_modified>
		<wp:post_modified_gmt><![CDATA[2020-07-01 00:00:21]]></wp:post_modified_gmt>
		<wp:comment_status><![CDATA[open]]></wp:comment_status>
		<wp:ping_status><![CDATA[closed]]></wp:ping_status>
		<wp:post_name><![CDATA[margarita-sosa-contreras]]></wp:post_name>
		<wp:status><![CDATA[publish]]></wp:status>
		<wp:post_parent>0</wp:post_parent>
		<wp:menu_order>0</wp:menu_order>
		<wp:post_type><![CDATA[valpa_obituario_pt]]></wp:post_type>
		<wp:post_password><![CDATA[]]></wp:post_password>
		<wp:is_sticky>0</wp:is_sticky>
														<wp:postmeta>
		<wp:meta_key><![CDATA[_wp_old_date]]></wp:meta_key>
		<wp:meta_value><![CDATA[2020-08-28]]></wp:meta_value>
		</wp:postmeta>
							<wp:postmeta>
		<wp:meta_key><![CDATA[valpa_no_homenaje_meta]]></wp:meta_key>
		<wp:meta_value><![CDATA[0020000255]]></wp:meta_value>
		</wp:postmeta>
							<wp:postmeta>
		<wp:meta_key><![CDATA[valpa_nacimiento_dia_meta]]></wp:meta_key>
		<wp:meta_value><![CDATA[13]]></wp:meta_value>
		</wp:postmeta>
							<wp:postmeta>
		<wp:meta_key><![CDATA[valpa_nacimiento_mes_meta]]></wp:meta_key>
		<wp:meta_value><![CDATA[04]]></wp:meta_value>
		</wp:postmeta>
							<wp:postmeta>
		<wp:meta_key><![CDATA[valpa_nacimiento_ano_meta]]></wp:meta_key>
		<wp:meta_value><![CDATA[1970]]></wp:meta_value>
		</wp:postmeta>
							<wp:postmeta>
		<wp:meta_key><![CDATA[post_views_count]]></wp:meta_key>
		<wp:meta_value><![CDATA[48]]></wp:meta_value>
		</wp:postmeta>
							</item>
					<item>
		<title><![CDATA[Maria Eugenia Vargas Estrada]]></title>
		<link>http://localhost/sass-wp/obituario/maria-eugenia-vargas-estrada/</link>
		<pubDate>Wed, 01 Jul 2020 00:00:18 +0000</pubDate>
		<dc:creator><![CDATA[webmaster]]></dc:creator>
		<guid isPermaLink="false">http://valparaiso.com.mx/?post_type=valpa_obituario_pt&#038;p=581</guid>
		<description></description>
		<content:encoded><![CDATA[<img class="alignnone size-full wp-image-2468" src="http://valparaiso.com.mx/wp-content/uploads/2020/07/4a194f93-0c00-4d93-8553-68682bb897dd.jpg" alt="" width="959" height="1280" /> <img class="alignnone size-medium wp-image-2469" src="http://valparaiso.com.mx/wp-content/uploads/2020/07/4c05b430-7d67-436b-a636-2c7bb8282f8c.jpg" alt="" width="127" height="300" /> <img class="alignnone size-medium wp-image-2470" src="http://valparaiso.com.mx/wp-content/uploads/2020/07/09b0173a-0acf-4f4e-99c1-10849b08ebe3.jpg" alt="" width="169" height="300" /> <img class="alignnone size-medium wp-image-2471" src="http://valparaiso.com.mx/wp-content/uploads/2020/07/35d2dc88-1836-400f-85b7-e33a3c2e06a0.jpg" alt="" width="300" height="300" /> <img class="alignnone size-medium wp-image-2472" src="http://valparaiso.com.mx/wp-content/uploads/2020/07/70e5f0cf-05c5-4b4c-b359-49c0822f0fa5.jpg" alt="" width="300" height="225" /> <img class="alignnone size-medium wp-image-2473" src="http://valparaiso.com.mx/wp-content/uploads/2020/07/98d219f7-f8aa-47b7-a145-8de90d93c62f.jpg" alt="" width="300" height="169" /> <img class="alignnone size-medium wp-image-2474" src="http://valparaiso.com.mx/wp-content/uploads/2020/07/37088d4b-4927-4955-93fe-71b7597f04f4.jpg" alt="" width="300" height="300" /> <img class="alignnone size-medium wp-image-2475" src="http://valparaiso.com.mx/wp-content/uploads/2020/07/92890e1e-c27e-434e-ad12-ef033aeb721e.jpg" alt="" width="300" height="169" /> <img class="alignnone size-medium wp-image-2476" src="http://valparaiso.com.mx/wp-content/uploads/2020/07/b75233e0-ca73-464c-b97d-ecd4e1a33b21.jpg" alt="" width="225" height="300" /> <img class="alignnone size-medium wp-image-2477" src="http://valparaiso.com.mx/wp-content/uploads/2020/07/c4d177ad-84b9-4502-8d91-b50e6b0d0250.jpg" alt="" width="300" height="225" /> <img class="alignnone size-medium wp-image-2478" src="http://valparaiso.com.mx/wp-content/uploads/2020/07/c5ac6d89-4426-4b3c-9d2b-eec509966f32.jpg" alt="" width="300" height="225" /> <img class="alignnone size-medium wp-image-2479" src="http://valparaiso.com.mx/wp-content/uploads/2020/07/ee93f98d-e9b3-486a-bcd7-96ea695db1b8.jpg" alt="" width="270" height="300" /> <img class="alignnone size-medium wp-image-2480" src="http://valparaiso.com.mx/wp-content/uploads/2020/07/f66ae044-7a67-4055-98f5-941ab5b28f45.jpg" alt="" width="300" height="168" /> <img class="alignnone size-medium wp-image-2481" src="http://valparaiso.com.mx/wp-content/uploads/2020/07/fa7f7ab1-7993-4838-a78f-4cc38cd3853f.jpg" alt="" width="300" height="168" />]]></content:encoded>
		<excerpt:encoded><![CDATA[]]></excerpt:encoded>
		<wp:post_id>581</wp:post_id>
		<wp:post_date><![CDATA[2020-07-01 00:00:18]]></wp:post_date>
		<wp:post_date_gmt><![CDATA[2020-07-01 00:00:18]]></wp:post_date_gmt>
		<wp:post_modified><![CDATA[2020-07-01 00:00:18]]></wp:post_modified>
		<wp:post_modified_gmt><![CDATA[2020-07-01 00:00:18]]></wp:post_modified_gmt>
		<wp:comment_status><![CDATA[open]]></wp:comment_status>
		<wp:ping_status><![CDATA[closed]]></wp:ping_status>
		<wp:post_name><![CDATA[maria-eugenia-vargas-estrada]]></wp:post_name>
		<wp:status><![CDATA[publish]]></wp:status>
		<wp:post_parent>0</wp:post_parent>
		<wp:menu_order>0</wp:menu_order>
		<wp:post_type><![CDATA[valpa_obituario_pt]]></wp:post_type>
		<wp:post_password><![CDATA[]]></wp:post_password>
		<wp:is_sticky>0</wp:is_sticky>
														<wp:postmeta>
		<wp:meta_key><![CDATA[_wp_old_date]]></wp:meta_key>
		<wp:meta_value><![CDATA[2020-08-28]]></wp:meta_value>
		</wp:postmeta>
							<wp:postmeta>
		<wp:meta_key><![CDATA[valpa_no_homenaje_meta]]></wp:meta_key>
		<wp:meta_value><![CDATA[0020000256]]></wp:meta_value>
		</wp:postmeta>
							<wp:postmeta>
		<wp:meta_key><![CDATA[valpa_nacimiento_dia_meta]]></wp:meta_key>
		<wp:meta_value><![CDATA[28]]></wp:meta_value>
		</wp:postmeta>
							<wp:postmeta>
		<wp:meta_key><![CDATA[valpa_nacimiento_mes_meta]]></wp:meta_key>
		<wp:meta_value><![CDATA[12]]></wp:meta_value>
		</wp:postmeta>
							<wp:postmeta>
		<wp:meta_key><![CDATA[valpa_nacimiento_ano_meta]]></wp:meta_key>
		<wp:meta_value><![CDATA[1966]]></wp:meta_value>
		</wp:postmeta>
							<wp:postmeta>
		<wp:meta_key><![CDATA[post_views_count]]></wp:meta_key>
		<wp:meta_value><![CDATA[77]]></wp:meta_value>
		</wp:postmeta>
							</item>
					<item>
		<title><![CDATA[Benjamin Sanchez Rufino]]></title>
		<link>http://localhost/sass-wp/obituario/benjamin-sanchez-rufino/</link>
		<pubDate>Thu, 02 Jul 2020 00:00:19 +0000</pubDate>
		<dc:creator><![CDATA[webmaster]]></dc:creator>
		<guid isPermaLink="false">http://valparaiso.com.mx/?post_type=valpa_obituario_pt&#038;p=582</guid>
		<description></description>
		<content:encoded><![CDATA[]]></content:encoded>
		<excerpt:encoded><![CDATA[]]></excerpt:encoded>
		<wp:post_id>582</wp:post_id>
		<wp:post_date><![CDATA[2020-07-02 00:00:19]]></wp:post_date>
		<wp:post_date_gmt><![CDATA[2020-07-02 00:00:19]]></wp:post_date_gmt>
		<wp:post_modified><![CDATA[2020-07-02 00:00:19]]></wp:post_modified>
		<wp:post_modified_gmt><![CDATA[2020-07-02 00:00:19]]></wp:post_modified_gmt>
		<wp:comment_status><![CDATA[open]]></wp:comment_status>
		<wp:ping_status><![CDATA[closed]]></wp:ping_status>
		<wp:post_name><![CDATA[benjamin-sanchez-rufino]]></wp:post_name>
		<wp:status><![CDATA[publish]]></wp:status>
		<wp:post_parent>0</wp:post_parent>
		<wp:menu_order>0</wp:menu_order>
		<wp:post_type><![CDATA[valpa_obituario_pt]]></wp:post_type>
		<wp:post_password><![CDATA[]]></wp:post_password>
		<wp:is_sticky>0</wp:is_sticky>
														<wp:postmeta>
		<wp:meta_key><![CDATA[_wp_old_date]]></wp:meta_key>
		<wp:meta_value><![CDATA[2020-08-28]]></wp:meta_value>
		</wp:postmeta>
							<wp:postmeta>
		<wp:meta_key><![CDATA[valpa_no_homenaje_meta]]></wp:meta_key>
		<wp:meta_value><![CDATA[0020000257]]></wp:meta_value>
		</wp:postmeta>
							<wp:postmeta>
		<wp:meta_key><![CDATA[valpa_nacimiento_dia_meta]]></wp:meta_key>
		<wp:meta_value><![CDATA[27]]></wp:meta_value>
		</wp:postmeta>
							<wp:postmeta>
		<wp:meta_key><![CDATA[valpa_nacimiento_mes_meta]]></wp:meta_key>
		<wp:meta_value><![CDATA[03]]></wp:meta_value>
		</wp:postmeta>
							<wp:postmeta>
		<wp:meta_key><![CDATA[valpa_nacimiento_ano_meta]]></wp:meta_key>
		<wp:meta_value><![CDATA[1961]]></wp:meta_value>
		</wp:postmeta>
							<wp:postmeta>
		<wp:meta_key><![CDATA[post_views_count]]></wp:meta_key>
		<wp:meta_value><![CDATA[52]]></wp:meta_value>
		</wp:postmeta>
							</item>
					<item>
		<title><![CDATA[Leticia Garcia Flores]]></title>
		<link>http://localhost/sass-wp/obituario/leticia-garcia-flores/</link>
		<pubDate>Thu, 02 Jul 2020 00:00:56 +0000</pubDate>
		<dc:creator><![CDATA[webmaster]]></dc:creator>
		<guid isPermaLink="false">http://valparaiso.com.mx/?post_type=valpa_obituario_pt&#038;p=583</guid>
		<description></description>
		<content:encoded><![CDATA[]]></content:encoded>
		<excerpt:encoded><![CDATA[]]></excerpt:encoded>
		<wp:post_id>583</wp:post_id>
		<wp:post_date><![CDATA[2020-07-02 00:00:56]]></wp:post_date>
		<wp:post_date_gmt><![CDATA[2020-07-02 00:00:56]]></wp:post_date_gmt>
		<wp:post_modified><![CDATA[2020-07-02 00:00:56]]></wp:post_modified>
		<wp:post_modified_gmt><![CDATA[2020-07-02 00:00:56]]></wp:post_modified_gmt>
		<wp:comment_status><![CDATA[open]]></wp:comment_status>
		<wp:ping_status><![CDATA[closed]]></wp:ping_status>
		<wp:post_name><![CDATA[leticia-garcia-flores]]></wp:post_name>
		<wp:status><![CDATA[publish]]></wp:status>
		<wp:post_parent>0</wp:post_parent>
		<wp:menu_order>0</wp:menu_order>
		<wp:post_type><![CDATA[valpa_obituario_pt]]></wp:post_type>
		<wp:post_password><![CDATA[]]></wp:post_password>
		<wp:is_sticky>0</wp:is_sticky>
														<wp:postmeta>
		<wp:meta_key><![CDATA[_wp_old_date]]></wp:meta_key>
		<wp:meta_value><![CDATA[2020-08-28]]></wp:meta_value>
		</wp:postmeta>
							<wp:postmeta>
		<wp:meta_key><![CDATA[valpa_no_homenaje_meta]]></wp:meta_key>
		<wp:meta_value><![CDATA[0020000258]]></wp:meta_value>
		</wp:postmeta>
							<wp:postmeta>
		<wp:meta_key><![CDATA[valpa_nacimiento_dia_meta]]></wp:meta_key>
		<wp:meta_value><![CDATA[27]]></wp:meta_value>
		</wp:postmeta>
							<wp:postmeta>
		<wp:meta_key><![CDATA[valpa_nacimiento_mes_meta]]></wp:meta_key>
		<wp:meta_value><![CDATA[03]]></wp:meta_value>
		</wp:postmeta>
							<wp:postmeta>
		<wp:meta_key><![CDATA[valpa_nacimiento_ano_meta]]></wp:meta_key>
		<wp:meta_value><![CDATA[1961]]></wp:meta_value>
		</wp:postmeta>
							<wp:postmeta>
		<wp:meta_key><![CDATA[post_views_count]]></wp:meta_key>
		<wp:meta_value><![CDATA[36]]></wp:meta_value>
		</wp:postmeta>
							</item>
					<item>
		<title><![CDATA[Elpidia Salinas Cano]]></title>
		<link>http://localhost/sass-wp/obituario/elpidia-salinas-cano/</link>
		<pubDate>Thu, 02 Jul 2020 00:00:42 +0000</pubDate>
		<dc:creator><![CDATA[webmaster]]></dc:creator>
		<guid isPermaLink="false">http://valparaiso.com.mx/?post_type=valpa_obituario_pt&#038;p=584</guid>
		<description></description>
		<content:encoded><![CDATA[LO QUE UNA VEZ DISFRUTAMOS NUNCA O PERDEMOS. TODO LO QUE AMAMOS PROFUNDAMENTE SE CONVIERTE EN PARTE DE NOSOTROS MISMOS.]]></content:encoded>
		<excerpt:encoded><![CDATA[]]></excerpt:encoded>
		<wp:post_id>584</wp:post_id>
		<wp:post_date><![CDATA[2020-07-02 00:00:42]]></wp:post_date>
		<wp:post_date_gmt><![CDATA[2020-07-02 00:00:42]]></wp:post_date_gmt>
		<wp:post_modified><![CDATA[2020-07-02 00:00:42]]></wp:post_modified>
		<wp:post_modified_gmt><![CDATA[2020-07-02 00:00:42]]></wp:post_modified_gmt>
		<wp:comment_status><![CDATA[open]]></wp:comment_status>
		<wp:ping_status><![CDATA[closed]]></wp:ping_status>
		<wp:post_name><![CDATA[elpidia-salinas-cano]]></wp:post_name>
		<wp:status><![CDATA[publish]]></wp:status>
		<wp:post_parent>0</wp:post_parent>
		<wp:menu_order>0</wp:menu_order>
		<wp:post_type><![CDATA[valpa_obituario_pt]]></wp:post_type>
		<wp:post_password><![CDATA[]]></wp:post_password>
		<wp:is_sticky>0</wp:is_sticky>
														<wp:postmeta>
		<wp:meta_key><![CDATA[_edit_last]]></wp:meta_key>
		<wp:meta_value><![CDATA[1]]></wp:meta_value>
		</wp:postmeta>
							<wp:postmeta>
		<wp:meta_key><![CDATA[_wp_old_date]]></wp:meta_key>
		<wp:meta_value><![CDATA[2020-08-28]]></wp:meta_value>
		</wp:postmeta>
							<wp:postmeta>
		<wp:meta_key><![CDATA[valpa_no_homenaje_meta]]></wp:meta_key>
		<wp:meta_value><![CDATA[0020000259]]></wp:meta_value>
		</wp:postmeta>
							<wp:postmeta>
		<wp:meta_key><![CDATA[valpa_nacimiento_dia_meta]]></wp:meta_key>
		<wp:meta_value><![CDATA[26]]></wp:meta_value>
		</wp:postmeta>
							<wp:postmeta>
		<wp:meta_key><![CDATA[valpa_nacimiento_mes_meta]]></wp:meta_key>
		<wp:meta_value><![CDATA[11]]></wp:meta_value>
		</wp:postmeta>
							<wp:postmeta>
		<wp:meta_key><![CDATA[valpa_nacimiento_ano_meta]]></wp:meta_key>
		<wp:meta_value><![CDATA[1947]]></wp:meta_value>
		</wp:postmeta>
							<wp:postmeta>
		<wp:meta_key><![CDATA[post_views_count]]></wp:meta_key>
		<wp:meta_value><![CDATA[90]]></wp:meta_value>
		</wp:postmeta>
							<wp:postmeta>
		<wp:meta_key><![CDATA[_thumbnail_id]]></wp:meta_key>
		<wp:meta_value><![CDATA[6741]]></wp:meta_value>
		</wp:postmeta>
							<wp:postmeta>
		<wp:meta_key><![CDATA[sucursal_relacionada_meta]]></wp:meta_key>
		<wp:meta_value><![CDATA[a:1:{i:0;s:2:"22";}]]></wp:meta_value>
		</wp:postmeta>
							<wp:postmeta>
		<wp:meta_key><![CDATA[servicio_relacionado_meta]]></wp:meta_key>
		<wp:meta_value><![CDATA[a:1:{i:0;s:9:"Domicilio";}]]></wp:meta_value>
		</wp:postmeta>
							<wp:postmeta>
		<wp:meta_key><![CDATA[num_velas_meta]]></wp:meta_key>
		<wp:meta_value><![CDATA[1]]></wp:meta_value>
		</wp:postmeta>
							<wp:postmeta>
		<wp:meta_key><![CDATA[num_recuerdos_meta]]></wp:meta_key>
		<wp:meta_value><![CDATA[1]]></wp:meta_value>
		</wp:postmeta>
							</item>
					<item>
		<title><![CDATA[Eduardo Serafin Martinez]]></title>
		<link>http://localhost/sass-wp/obituario/eduardo-serafin-martinez/</link>
		<pubDate>Fri, 03 Jul 2020 00:00:30 +0000</pubDate>
		<dc:creator><![CDATA[webmaster]]></dc:creator>
		<guid isPermaLink="false">http://valparaiso.com.mx/?post_type=valpa_obituario_pt&#038;p=585</guid>
		<description></description>
		<content:encoded><![CDATA[]]></content:encoded>
		<excerpt:encoded><![CDATA[]]></excerpt:encoded>
		<wp:post_id>585</wp:post_id>
		<wp:post_date><![CDATA[2020-07-03 00:00:30]]></wp:post_date>
		<wp:post_date_gmt><![CDATA[2020-07-03 00:00:30]]></wp:post_date_gmt>
		<wp:post_modified><![CDATA[2020-07-03 00:00:30]]></wp:post_modified>
		<wp:post_modified_gmt><![CDATA[2020-07-03 00:00:30]]></wp:post_modified_gmt>
		<wp:comment_status><![CDATA[open]]></wp:comment_status>
		<wp:ping_status><![CDATA[closed]]></wp:ping_status>
		<wp:post_name><![CDATA[eduardo-serafin-martinez]]></wp:post_name>
		<wp:status><![CDATA[publish]]></wp:status>
		<wp:post_parent>0</wp:post_parent>
		<wp:menu_order>0</wp:menu_order>
		<wp:post_type><![CDATA[valpa_obituario_pt]]></wp:post_type>
		<wp:post_password><![CDATA[]]></wp:post_password>
		<wp:is_sticky>0</wp:is_sticky>
														<wp:postmeta>
		<wp:meta_key><![CDATA[_wp_old_date]]></wp:meta_key>
		<wp:meta_value><![CDATA[2020-08-28]]></wp:meta_value>
		</wp:postmeta>
							<wp:postmeta>
		<wp:meta_key><![CDATA[valpa_no_homenaje_meta]]></wp:meta_key>
		<wp:meta_value><![CDATA[0020000260]]></wp:meta_value>
		</wp:postmeta>
							<wp:postmeta>
		<wp:meta_key><![CDATA[valpa_nacimiento_dia_meta]]></wp:meta_key>
		<wp:meta_value><![CDATA[13]]></wp:meta_value>
		</wp:postmeta>
							<wp:postmeta>
		<wp:meta_key><![CDATA[valpa_nacimiento_mes_meta]]></wp:meta_key>
		<wp:meta_value><![CDATA[10]]></wp:meta_value>
		</wp:postmeta>
							<wp:postmeta>
		<wp:meta_key><![CDATA[valpa_nacimiento_ano_meta]]></wp:meta_key>
		<wp:meta_value><![CDATA[1939]]></wp:meta_value>
		</wp:postmeta>
							<wp:postmeta>
		<wp:meta_key><![CDATA[post_views_count]]></wp:meta_key>
		<wp:meta_value><![CDATA[51]]></wp:meta_value>
		</wp:postmeta>
							</item>
					<item>
		<title><![CDATA[Jesus Miguel Leon Garcia]]></title>
		<link>http://localhost/sass-wp/obituario/jesus-miguel-leon-garcia/</link>
		<pubDate>Fri, 03 Jul 2020 00:00:06 +0000</pubDate>
		<dc:creator><![CDATA[webmaster]]></dc:creator>
		<guid isPermaLink="false">http://valparaiso.com.mx/?post_type=valpa_obituario_pt&#038;p=586</guid>
		<description></description>
		<content:encoded><![CDATA[]]></content:encoded>
		<excerpt:encoded><![CDATA[]]></excerpt:encoded>
		<wp:post_id>586</wp:post_id>
		<wp:post_date><![CDATA[2020-07-03 00:00:06]]></wp:post_date>
		<wp:post_date_gmt><![CDATA[2020-07-03 00:00:06]]></wp:post_date_gmt>
		<wp:post_modified><![CDATA[2020-07-03 00:00:06]]></wp:post_modified>
		<wp:post_modified_gmt><![CDATA[2020-07-03 00:00:06]]></wp:post_modified_gmt>
		<wp:comment_status><![CDATA[open]]></wp:comment_status>
		<wp:ping_status><![CDATA[closed]]></wp:ping_status>
		<wp:post_name><![CDATA[jesus-miguel-leon-garcia]]></wp:post_name>
		<wp:status><![CDATA[publish]]></wp:status>
		<wp:post_parent>0</wp:post_parent>
		<wp:menu_order>0</wp:menu_order>
		<wp:post_type><![CDATA[valpa_obituario_pt]]></wp:post_type>
		<wp:post_password><![CDATA[]]></wp:post_password>
		<wp:is_sticky>0</wp:is_sticky>
														<wp:postmeta>
		<wp:meta_key><![CDATA[_wp_old_date]]></wp:meta_key>
		<wp:meta_value><![CDATA[2020-08-28]]></wp:meta_value>
		</wp:postmeta>
							<wp:postmeta>
		<wp:meta_key><![CDATA[valpa_no_homenaje_meta]]></wp:meta_key>
		<wp:meta_value><![CDATA[0020000261]]></wp:meta_value>
		</wp:postmeta>
							<wp:postmeta>
		<wp:meta_key><![CDATA[valpa_nacimiento_dia_meta]]></wp:meta_key>
		<wp:meta_value><![CDATA[09]]></wp:meta_value>
		</wp:postmeta>
							<wp:postmeta>
		<wp:meta_key><![CDATA[valpa_nacimiento_mes_meta]]></wp:meta_key>
		<wp:meta_value><![CDATA[07]]></wp:meta_value>
		</wp:postmeta>
							<wp:postmeta>
		<wp:meta_key><![CDATA[valpa_nacimiento_ano_meta]]></wp:meta_key>
		<wp:meta_value><![CDATA[1987]]></wp:meta_value>
		</wp:postmeta>
							<wp:postmeta>
		<wp:meta_key><![CDATA[post_views_count]]></wp:meta_key>
		<wp:meta_value><![CDATA[44]]></wp:meta_value>
		</wp:postmeta>
							</item>
					<item>
		<title><![CDATA[Emilia Beatriz Ramirez Suarez]]></title>
		<link>http://localhost/sass-wp/obituario/emilia-beatriz-ramirez-suarez/</link>
		<pubDate>Sat, 04 Jul 2020 00:00:01 +0000</pubDate>
		<dc:creator><![CDATA[webmaster]]></dc:creator>
		<guid isPermaLink="false">http://valparaiso.com.mx/?post_type=valpa_obituario_pt&#038;p=587</guid>
		<description></description>
		<content:encoded><![CDATA[]]></content:encoded>
		<excerpt:encoded><![CDATA[]]></excerpt:encoded>
		<wp:post_id>587</wp:post_id>
		<wp:post_date><![CDATA[2020-07-04 00:00:01]]></wp:post_date>
		<wp:post_date_gmt><![CDATA[2020-07-04 00:00:01]]></wp:post_date_gmt>
		<wp:post_modified><![CDATA[2020-07-04 00:00:01]]></wp:post_modified>
		<wp:post_modified_gmt><![CDATA[2020-07-04 00:00:01]]></wp:post_modified_gmt>
		<wp:comment_status><![CDATA[open]]></wp:comment_status>
		<wp:ping_status><![CDATA[closed]]></wp:ping_status>
		<wp:post_name><![CDATA[emilia-beatriz-ramirez-suarez]]></wp:post_name>
		<wp:status><![CDATA[publish]]></wp:status>
		<wp:post_parent>0</wp:post_parent>
		<wp:menu_order>0</wp:menu_order>
		<wp:post_type><![CDATA[valpa_obituario_pt]]></wp:post_type>
		<wp:post_password><![CDATA[]]></wp:post_password>
		<wp:is_sticky>0</wp:is_sticky>
														<wp:postmeta>
		<wp:meta_key><![CDATA[_wp_old_date]]></wp:meta_key>
		<wp:meta_value><![CDATA[2020-08-28]]></wp:meta_value>
		</wp:postmeta>
							<wp:postmeta>
		<wp:meta_key><![CDATA[valpa_no_homenaje_meta]]></wp:meta_key>
		<wp:meta_value><![CDATA[0020000262]]></wp:meta_value>
		</wp:postmeta>
							<wp:postmeta>
		<wp:meta_key><![CDATA[valpa_nacimiento_dia_meta]]></wp:meta_key>
		<wp:meta_value><![CDATA[19]]></wp:meta_value>
		</wp:postmeta>
							<wp:postmeta>
		<wp:meta_key><![CDATA[valpa_nacimiento_mes_meta]]></wp:meta_key>
		<wp:meta_value><![CDATA[07]]></wp:meta_value>
		</wp:postmeta>
							<wp:postmeta>
		<wp:meta_key><![CDATA[valpa_nacimiento_ano_meta]]></wp:meta_key>
		<wp:meta_value><![CDATA[1952]]></wp:meta_value>
		</wp:postmeta>
							<wp:postmeta>
		<wp:meta_key><![CDATA[post_views_count]]></wp:meta_key>
		<wp:meta_value><![CDATA[57]]></wp:meta_value>
		</wp:postmeta>
							</item>
					<item>
		<title><![CDATA[Diana Itzel Angeles Guadarrama]]></title>
		<link>http://localhost/sass-wp/obituario/diana-itzel-angeles-guadarrama/</link>
		<pubDate>Sat, 04 Jul 2020 00:00:43 +0000</pubDate>
		<dc:creator><![CDATA[webmaster]]></dc:creator>
		<guid isPermaLink="false">http://valparaiso.com.mx/?post_type=valpa_obituario_pt&#038;p=588</guid>
		<description></description>
		<content:encoded><![CDATA[]]></content:encoded>
		<excerpt:encoded><![CDATA[]]></excerpt:encoded>
		<wp:post_id>588</wp:post_id>
		<wp:post_date><![CDATA[2020-07-04 00:00:43]]></wp:post_date>
		<wp:post_date_gmt><![CDATA[2020-07-04 00:00:43]]></wp:post_date_gmt>
		<wp:post_modified><![CDATA[2020-07-04 00:00:43]]></wp:post_modified>
		<wp:post_modified_gmt><![CDATA[2020-07-04 00:00:43]]></wp:post_modified_gmt>
		<wp:comment_status><![CDATA[open]]></wp:comment_status>
		<wp:ping_status><![CDATA[closed]]></wp:ping_status>
		<wp:post_name><![CDATA[diana-itzel-angeles-guadarrama]]></wp:post_name>
		<wp:status><![CDATA[publish]]></wp:status>
		<wp:post_parent>0</wp:post_parent>
		<wp:menu_order>0</wp:menu_order>
		<wp:post_type><![CDATA[valpa_obituario_pt]]></wp:post_type>
		<wp:post_password><![CDATA[]]></wp:post_password>
		<wp:is_sticky>0</wp:is_sticky>
														<wp:postmeta>
		<wp:meta_key><![CDATA[_wp_old_date]]></wp:meta_key>
		<wp:meta_value><![CDATA[2020-08-28]]></wp:meta_value>
		</wp:postmeta>
							<wp:postmeta>
		<wp:meta_key><![CDATA[valpa_no_homenaje_meta]]></wp:meta_key>
		<wp:meta_value><![CDATA[0020000263]]></wp:meta_value>
		</wp:postmeta>
							<wp:postmeta>
		<wp:meta_key><![CDATA[valpa_nacimiento_dia_meta]]></wp:meta_key>
		<wp:meta_value><![CDATA[25]]></wp:meta_value>
		</wp:postmeta>
							<wp:postmeta>
		<wp:meta_key><![CDATA[valpa_nacimiento_mes_meta]]></wp:meta_key>
		<wp:meta_value><![CDATA[02]]></wp:meta_value>
		</wp:postmeta>
							<wp:postmeta>
		<wp:meta_key><![CDATA[valpa_nacimiento_ano_meta]]></wp:meta_key>
		<wp:meta_value><![CDATA[1998]]></wp:meta_value>
		</wp:postmeta>
							<wp:postmeta>
		<wp:meta_key><![CDATA[post_views_count]]></wp:meta_key>
		<wp:meta_value><![CDATA[57]]></wp:meta_value>
		</wp:postmeta>
							</item>
					<item>
		<title><![CDATA[Luis Reyes Herrera]]></title>
		<link>http://localhost/sass-wp/obituario/luis-reyes-herrera/</link>
		<pubDate>Sat, 04 Jul 2020 00:00:38 +0000</pubDate>
		<dc:creator><![CDATA[webmaster]]></dc:creator>
		<guid isPermaLink="false">http://valparaiso.com.mx/?post_type=valpa_obituario_pt&#038;p=591</guid>
		<description></description>
		<content:encoded><![CDATA[]]></content:encoded>
		<excerpt:encoded><![CDATA[]]></excerpt:encoded>
		<wp:post_id>591</wp:post_id>
		<wp:post_date><![CDATA[2020-07-04 00:00:38]]></wp:post_date>
		<wp:post_date_gmt><![CDATA[2020-07-04 00:00:38]]></wp:post_date_gmt>
		<wp:post_modified><![CDATA[2020-07-04 00:00:38]]></wp:post_modified>
		<wp:post_modified_gmt><![CDATA[2020-07-04 00:00:38]]></wp:post_modified_gmt>
		<wp:comment_status><![CDATA[open]]></wp:comment_status>
		<wp:ping_status><![CDATA[closed]]></wp:ping_status>
		<wp:post_name><![CDATA[luis-reyes-herrera]]></wp:post_name>
		<wp:status><![CDATA[publish]]></wp:status>
		<wp:post_parent>0</wp:post_parent>
		<wp:menu_order>0</wp:menu_order>
		<wp:post_type><![CDATA[valpa_obituario_pt]]></wp:post_type>
		<wp:post_password><![CDATA[]]></wp:post_password>
		<wp:is_sticky>0</wp:is_sticky>
														<wp:postmeta>
		<wp:meta_key><![CDATA[_wp_old_date]]></wp:meta_key>
		<wp:meta_value><![CDATA[2020-08-28]]></wp:meta_value>
		</wp:postmeta>
							<wp:postmeta>
		<wp:meta_key><![CDATA[valpa_no_homenaje_meta]]></wp:meta_key>
		<wp:meta_value><![CDATA[0020000266]]></wp:meta_value>
		</wp:postmeta>
							<wp:postmeta>
		<wp:meta_key><![CDATA[valpa_nacimiento_dia_meta]]></wp:meta_key>
		<wp:meta_value><![CDATA[25]]></wp:meta_value>
		</wp:postmeta>
							<wp:postmeta>
		<wp:meta_key><![CDATA[valpa_nacimiento_mes_meta]]></wp:meta_key>
		<wp:meta_value><![CDATA[08]]></wp:meta_value>
		</wp:postmeta>
							<wp:postmeta>
		<wp:meta_key><![CDATA[valpa_nacimiento_ano_meta]]></wp:meta_key>
		<wp:meta_value><![CDATA[1945]]></wp:meta_value>
		</wp:postmeta>
							<wp:postmeta>
		<wp:meta_key><![CDATA[post_views_count]]></wp:meta_key>
		<wp:meta_value><![CDATA[73]]></wp:meta_value>
		</wp:postmeta>
							</item>
					<item>
		<title><![CDATA[Juan Miguel Cruz Carbajal]]></title>
		<link>http://localhost/sass-wp/obituario/juan-miguel-cruz-carbajal/</link>
		<pubDate>Sat, 04 Jul 2020 00:00:08 +0000</pubDate>
		<dc:creator><![CDATA[webmaster]]></dc:creator>
		<guid isPermaLink="false">http://valparaiso.com.mx/?post_type=valpa_obituario_pt&#038;p=592</guid>
		<description></description>
		<content:encoded><![CDATA[]]></content:encoded>
		<excerpt:encoded><![CDATA[]]></excerpt:encoded>
		<wp:post_id>592</wp:post_id>
		<wp:post_date><![CDATA[2020-07-04 00:00:08]]></wp:post_date>
		<wp:post_date_gmt><![CDATA[2020-07-04 00:00:08]]></wp:post_date_gmt>
		<wp:post_modified><![CDATA[2020-07-04 00:00:08]]></wp:post_modified>
		<wp:post_modified_gmt><![CDATA[2020-07-04 00:00:08]]></wp:post_modified_gmt>
		<wp:comment_status><![CDATA[open]]></wp:comment_status>
		<wp:ping_status><![CDATA[closed]]></wp:ping_status>
		<wp:post_name><![CDATA[juan-miguel-cruz-carbajal]]></wp:post_name>
		<wp:status><![CDATA[publish]]></wp:status>
		<wp:post_parent>0</wp:post_parent>
		<wp:menu_order>0</wp:menu_order>
		<wp:post_type><![CDATA[valpa_obituario_pt]]></wp:post_type>
		<wp:post_password><![CDATA[]]></wp:post_password>
		<wp:is_sticky>0</wp:is_sticky>
														<wp:postmeta>
		<wp:meta_key><![CDATA[_wp_old_date]]></wp:meta_key>
		<wp:meta_value><![CDATA[2020-08-28]]></wp:meta_value>
		</wp:postmeta>
							<wp:postmeta>
		<wp:meta_key><![CDATA[valpa_no_homenaje_meta]]></wp:meta_key>
		<wp:meta_value><![CDATA[0020000267]]></wp:meta_value>
		</wp:postmeta>
							<wp:postmeta>
		<wp:meta_key><![CDATA[valpa_nacimiento_dia_meta]]></wp:meta_key>
		<wp:meta_value><![CDATA[20]]></wp:meta_value>
		</wp:postmeta>
							<wp:postmeta>
		<wp:meta_key><![CDATA[valpa_nacimiento_mes_meta]]></wp:meta_key>
		<wp:meta_value><![CDATA[09]]></wp:meta_value>
		</wp:postmeta>
							<wp:postmeta>
		<wp:meta_key><![CDATA[valpa_nacimiento_ano_meta]]></wp:meta_key>
		<wp:meta_value><![CDATA[1980]]></wp:meta_value>
		</wp:postmeta>
							<wp:postmeta>
		<wp:meta_key><![CDATA[post_views_count]]></wp:meta_key>
		<wp:meta_value><![CDATA[62]]></wp:meta_value>
		</wp:postmeta>
							</item>
					<item>
		<title><![CDATA[Gabriel Martinez Monroy]]></title>
		<link>http://localhost/sass-wp/obituario/gabriel-martinez-monroy/</link>
		<pubDate>Sat, 04 Jul 2020 00:00:13 +0000</pubDate>
		<dc:creator><![CDATA[webmaster]]></dc:creator>
		<guid isPermaLink="false">http://valparaiso.com.mx/?post_type=valpa_obituario_pt&#038;p=593</guid>
		<description></description>
		<content:encoded><![CDATA[]]></content:encoded>
		<excerpt:encoded><![CDATA[]]></excerpt:encoded>
		<wp:post_id>593</wp:post_id>
		<wp:post_date><![CDATA[2020-07-04 00:00:13]]></wp:post_date>
		<wp:post_date_gmt><![CDATA[2020-07-04 00:00:13]]></wp:post_date_gmt>
		<wp:post_modified><![CDATA[2020-07-04 00:00:13]]></wp:post_modified>
		<wp:post_modified_gmt><![CDATA[2020-07-04 00:00:13]]></wp:post_modified_gmt>
		<wp:comment_status><![CDATA[open]]></wp:comment_status>
		<wp:ping_status><![CDATA[closed]]></wp:ping_status>
		<wp:post_name><![CDATA[gabriel-martinez-monroy]]></wp:post_name>
		<wp:status><![CDATA[publish]]></wp:status>
		<wp:post_parent>0</wp:post_parent>
		<wp:menu_order>0</wp:menu_order>
		<wp:post_type><![CDATA[valpa_obituario_pt]]></wp:post_type>
		<wp:post_password><![CDATA[]]></wp:post_password>
		<wp:is_sticky>0</wp:is_sticky>
														<wp:postmeta>
		<wp:meta_key><![CDATA[_wp_old_date]]></wp:meta_key>
		<wp:meta_value><![CDATA[2020-08-28]]></wp:meta_value>
		</wp:postmeta>
							<wp:postmeta>
		<wp:meta_key><![CDATA[valpa_no_homenaje_meta]]></wp:meta_key>
		<wp:meta_value><![CDATA[0020000268]]></wp:meta_value>
		</wp:postmeta>
							<wp:postmeta>
		<wp:meta_key><![CDATA[valpa_nacimiento_dia_meta]]></wp:meta_key>
		<wp:meta_value><![CDATA[06]]></wp:meta_value>
		</wp:postmeta>
							<wp:postmeta>
		<wp:meta_key><![CDATA[valpa_nacimiento_mes_meta]]></wp:meta_key>
		<wp:meta_value><![CDATA[06]]></wp:meta_value>
		</wp:postmeta>
							<wp:postmeta>
		<wp:meta_key><![CDATA[valpa_nacimiento_ano_meta]]></wp:meta_key>
		<wp:meta_value><![CDATA[1974]]></wp:meta_value>
		</wp:postmeta>
							<wp:postmeta>
		<wp:meta_key><![CDATA[post_views_count]]></wp:meta_key>
		<wp:meta_value><![CDATA[53]]></wp:meta_value>
		</wp:postmeta>
							</item>
					<item>
		<title><![CDATA[Leopoldo PatiÃ±o Noyola]]></title>
		<link>http://localhost/sass-wp/obituario/leopoldo-patino-noyola/</link>
		<pubDate>Sat, 04 Jul 2020 00:00:55 +0000</pubDate>
		<dc:creator><![CDATA[webmaster]]></dc:creator>
		<guid isPermaLink="false">http://valparaiso.com.mx/?post_type=valpa_obituario_pt&#038;p=589</guid>
		<description></description>
		<content:encoded><![CDATA[]]></content:encoded>
		<excerpt:encoded><![CDATA[]]></excerpt:encoded>
		<wp:post_id>589</wp:post_id>
		<wp:post_date><![CDATA[2020-07-04 00:00:55]]></wp:post_date>
		<wp:post_date_gmt><![CDATA[2020-07-04 00:00:55]]></wp:post_date_gmt>
		<wp:post_modified><![CDATA[2020-07-04 00:00:55]]></wp:post_modified>
		<wp:post_modified_gmt><![CDATA[2020-07-04 00:00:55]]></wp:post_modified_gmt>
		<wp:comment_status><![CDATA[open]]></wp:comment_status>
		<wp:ping_status><![CDATA[closed]]></wp:ping_status>
		<wp:post_name><![CDATA[leopoldo-patino-noyola]]></wp:post_name>
		<wp:status><![CDATA[publish]]></wp:status>
		<wp:post_parent>0</wp:post_parent>
		<wp:menu_order>0</wp:menu_order>
		<wp:post_type><![CDATA[valpa_obituario_pt]]></wp:post_type>
		<wp:post_password><![CDATA[]]></wp:post_password>
		<wp:is_sticky>0</wp:is_sticky>
														<wp:postmeta>
		<wp:meta_key><![CDATA[_wp_old_date]]></wp:meta_key>
		<wp:meta_value><![CDATA[2020-08-28]]></wp:meta_value>
		</wp:postmeta>
							<wp:postmeta>
		<wp:meta_key><![CDATA[valpa_no_homenaje_meta]]></wp:meta_key>
		<wp:meta_value><![CDATA[0020000264]]></wp:meta_value>
		</wp:postmeta>
							<wp:postmeta>
		<wp:meta_key><![CDATA[valpa_nacimiento_dia_meta]]></wp:meta_key>
		<wp:meta_value><![CDATA[19]]></wp:meta_value>
		</wp:postmeta>
							<wp:postmeta>
		<wp:meta_key><![CDATA[valpa_nacimiento_mes_meta]]></wp:meta_key>
		<wp:meta_value><![CDATA[06]]></wp:meta_value>
		</wp:postmeta>
							<wp:postmeta>
		<wp:meta_key><![CDATA[valpa_nacimiento_ano_meta]]></wp:meta_key>
		<wp:meta_value><![CDATA[1934]]></wp:meta_value>
		</wp:postmeta>
							<wp:postmeta>
		<wp:meta_key><![CDATA[post_views_count]]></wp:meta_key>
		<wp:meta_value><![CDATA[58]]></wp:meta_value>
		</wp:postmeta>
							</item>
					<item>
		<title><![CDATA[Caritina Mercedes Villa Morales]]></title>
		<link>http://localhost/sass-wp/obituario/caritina-mercedes-villa-morales/</link>
		<pubDate>Sat, 04 Jul 2020 00:00:58 +0000</pubDate>
		<dc:creator><![CDATA[webmaster]]></dc:creator>
		<guid isPermaLink="false">http://valparaiso.com.mx/?post_type=valpa_obituario_pt&#038;p=590</guid>
		<description></description>
		<content:encoded><![CDATA[]]></content:encoded>
		<excerpt:encoded><![CDATA[]]></excerpt:encoded>
		<wp:post_id>590</wp:post_id>
		<wp:post_date><![CDATA[2020-07-04 00:00:58]]></wp:post_date>
		<wp:post_date_gmt><![CDATA[2020-07-04 00:00:58]]></wp:post_date_gmt>
		<wp:post_modified><![CDATA[2020-07-04 00:00:58]]></wp:post_modified>
		<wp:post_modified_gmt><![CDATA[2020-07-04 00:00:58]]></wp:post_modified_gmt>
		<wp:comment_status><![CDATA[open]]></wp:comment_status>
		<wp:ping_status><![CDATA[closed]]></wp:ping_status>
		<wp:post_name><![CDATA[caritina-mercedes-villa-morales]]></wp:post_name>
		<wp:status><![CDATA[publish]]></wp:status>
		<wp:post_parent>0</wp:post_parent>
		<wp:menu_order>0</wp:menu_order>
		<wp:post_type><![CDATA[valpa_obituario_pt]]></wp:post_type>
		<wp:post_password><![CDATA[]]></wp:post_password>
		<wp:is_sticky>0</wp:is_sticky>
														<wp:postmeta>
		<wp:meta_key><![CDATA[_wp_old_date]]></wp:meta_key>
		<wp:meta_value><![CDATA[2020-08-28]]></wp:meta_value>
		</wp:postmeta>
							<wp:postmeta>
		<wp:meta_key><![CDATA[valpa_no_homenaje_meta]]></wp:meta_key>
		<wp:meta_value><![CDATA[0020000265]]></wp:meta_value>
		</wp:postmeta>
							<wp:postmeta>
		<wp:meta_key><![CDATA[valpa_nacimiento_dia_meta]]></wp:meta_key>
		<wp:meta_value><![CDATA[05]]></wp:meta_value>
		</wp:postmeta>
							<wp:postmeta>
		<wp:meta_key><![CDATA[valpa_nacimiento_mes_meta]]></wp:meta_key>
		<wp:meta_value><![CDATA[10]]></wp:meta_value>
		</wp:postmeta>
							<wp:postmeta>
		<wp:meta_key><![CDATA[valpa_nacimiento_ano_meta]]></wp:meta_key>
		<wp:meta_value><![CDATA[1942]]></wp:meta_value>
		</wp:postmeta>
							<wp:postmeta>
		<wp:meta_key><![CDATA[post_views_count]]></wp:meta_key>
		<wp:meta_value><![CDATA[45]]></wp:meta_value>
		</wp:postmeta>
							</item>
					<item>
		<title><![CDATA[Adrian Mateo Fonseca]]></title>
		<link>http://localhost/sass-wp/obituario/adrian-mateo-fonseca/</link>
		<pubDate>Mon, 06 Jul 2020 00:00:57 +0000</pubDate>
		<dc:creator><![CDATA[webmaster]]></dc:creator>
		<guid isPermaLink="false">http://valparaiso.com.mx/?post_type=valpa_obituario_pt&#038;p=594</guid>
		<description></description>
		<content:encoded><![CDATA[]]></content:encoded>
		<excerpt:encoded><![CDATA[]]></excerpt:encoded>
		<wp:post_id>594</wp:post_id>
		<wp:post_date><![CDATA[2020-07-06 00:00:57]]></wp:post_date>
		<wp:post_date_gmt><![CDATA[2020-07-06 00:00:57]]></wp:post_date_gmt>
		<wp:post_modified><![CDATA[2020-07-06 00:00:57]]></wp:post_modified>
		<wp:post_modified_gmt><![CDATA[2020-07-06 00:00:57]]></wp:post_modified_gmt>
		<wp:comment_status><![CDATA[open]]></wp:comment_status>
		<wp:ping_status><![CDATA[closed]]></wp:ping_status>
		<wp:post_name><![CDATA[adrian-mateo-fonseca]]></wp:post_name>
		<wp:status><![CDATA[publish]]></wp:status>
		<wp:post_parent>0</wp:post_parent>
		<wp:menu_order>0</wp:menu_order>
		<wp:post_type><![CDATA[valpa_obituario_pt]]></wp:post_type>
		<wp:post_password><![CDATA[]]></wp:post_password>
		<wp:is_sticky>0</wp:is_sticky>
														<wp:postmeta>
		<wp:meta_key><![CDATA[_wp_old_date]]></wp:meta_key>
		<wp:meta_value><![CDATA[2020-08-28]]></wp:meta_value>
		</wp:postmeta>
							<wp:postmeta>
		<wp:meta_key><![CDATA[valpa_no_homenaje_meta]]></wp:meta_key>
		<wp:meta_value><![CDATA[0020000269]]></wp:meta_value>
		</wp:postmeta>
							<wp:postmeta>
		<wp:meta_key><![CDATA[valpa_nacimiento_dia_meta]]></wp:meta_key>
		<wp:meta_value><![CDATA[10]]></wp:meta_value>
		</wp:postmeta>
							<wp:postmeta>
		<wp:meta_key><![CDATA[valpa_nacimiento_mes_meta]]></wp:meta_key>
		<wp:meta_value><![CDATA[04]]></wp:meta_value>
		</wp:postmeta>
							<wp:postmeta>
		<wp:meta_key><![CDATA[valpa_nacimiento_ano_meta]]></wp:meta_key>
		<wp:meta_value><![CDATA[1991]]></wp:meta_value>
		</wp:postmeta>
							<wp:postmeta>
		<wp:meta_key><![CDATA[post_views_count]]></wp:meta_key>
		<wp:meta_value><![CDATA[50]]></wp:meta_value>
		</wp:postmeta>
							</item>
					<item>
		<title><![CDATA[Reyna Hernandez Jaimes]]></title>
		<link>http://localhost/sass-wp/obituario/reyna-hernandez-jaimes/</link>
		<pubDate>Mon, 06 Jul 2020 00:00:30 +0000</pubDate>
		<dc:creator><![CDATA[webmaster]]></dc:creator>
		<guid isPermaLink="false">http://valparaiso.com.mx/?post_type=valpa_obituario_pt&#038;p=595</guid>
		<description></description>
		<content:encoded><![CDATA[]]></content:encoded>
		<excerpt:encoded><![CDATA[]]></excerpt:encoded>
		<wp:post_id>595</wp:post_id>
		<wp:post_date><![CDATA[2020-07-06 00:00:30]]></wp:post_date>
		<wp:post_date_gmt><![CDATA[2020-07-06 00:00:30]]></wp:post_date_gmt>
		<wp:post_modified><![CDATA[2020-07-06 00:00:30]]></wp:post_modified>
		<wp:post_modified_gmt><![CDATA[2020-07-06 00:00:30]]></wp:post_modified_gmt>
		<wp:comment_status><![CDATA[open]]></wp:comment_status>
		<wp:ping_status><![CDATA[closed]]></wp:ping_status>
		<wp:post_name><![CDATA[reyna-hernandez-jaimes]]></wp:post_name>
		<wp:status><![CDATA[publish]]></wp:status>
		<wp:post_parent>0</wp:post_parent>
		<wp:menu_order>0</wp:menu_order>
		<wp:post_type><![CDATA[valpa_obituario_pt]]></wp:post_type>
		<wp:post_password><![CDATA[]]></wp:post_password>
		<wp:is_sticky>0</wp:is_sticky>
														<wp:postmeta>
		<wp:meta_key><![CDATA[_wp_old_date]]></wp:meta_key>
		<wp:meta_value><![CDATA[2020-08-28]]></wp:meta_value>
		</wp:postmeta>
							<wp:postmeta>
		<wp:meta_key><![CDATA[valpa_no_homenaje_meta]]></wp:meta_key>
		<wp:meta_value><![CDATA[0020000270]]></wp:meta_value>
		</wp:postmeta>
							<wp:postmeta>
		<wp:meta_key><![CDATA[valpa_nacimiento_dia_meta]]></wp:meta_key>
		<wp:meta_value><![CDATA[14]]></wp:meta_value>
		</wp:postmeta>
							<wp:postmeta>
		<wp:meta_key><![CDATA[valpa_nacimiento_mes_meta]]></wp:meta_key>
		<wp:meta_value><![CDATA[09]]></wp:meta_value>
		</wp:postmeta>
							<wp:postmeta>
		<wp:meta_key><![CDATA[valpa_nacimiento_ano_meta]]></wp:meta_key>
		<wp:meta_value><![CDATA[1988]]></wp:meta_value>
		</wp:postmeta>
							<wp:postmeta>
		<wp:meta_key><![CDATA[post_views_count]]></wp:meta_key>
		<wp:meta_value><![CDATA[40]]></wp:meta_value>
		</wp:postmeta>
							</item>
					<item>
		<title><![CDATA[Santos Victor Juan Plata Rojas]]></title>
		<link>http://localhost/sass-wp/obituario/santos-victor-juan-plata-rojas/</link>
		<pubDate>Mon, 06 Jul 2020 00:00:50 +0000</pubDate>
		<dc:creator><![CDATA[webmaster]]></dc:creator>
		<guid isPermaLink="false">http://valparaiso.com.mx/?post_type=valpa_obituario_pt&#038;p=596</guid>
		<description></description>
		<content:encoded><![CDATA[]]></content:encoded>
		<excerpt:encoded><![CDATA[]]></excerpt:encoded>
		<wp:post_id>596</wp:post_id>
		<wp:post_date><![CDATA[2020-07-06 00:00:50]]></wp:post_date>
		<wp:post_date_gmt><![CDATA[2020-07-06 00:00:50]]></wp:post_date_gmt>
		<wp:post_modified><![CDATA[2020-07-06 00:00:50]]></wp:post_modified>
		<wp:post_modified_gmt><![CDATA[2020-07-06 00:00:50]]></wp:post_modified_gmt>
		<wp:comment_status><![CDATA[open]]></wp:comment_status>
		<wp:ping_status><![CDATA[closed]]></wp:ping_status>
		<wp:post_name><![CDATA[santos-victor-juan-plata-rojas]]></wp:post_name>
		<wp:status><![CDATA[publish]]></wp:status>
		<wp:post_parent>0</wp:post_parent>
		<wp:menu_order>0</wp:menu_order>
		<wp:post_type><![CDATA[valpa_obituario_pt]]></wp:post_type>
		<wp:post_password><![CDATA[]]></wp:post_password>
		<wp:is_sticky>0</wp:is_sticky>
														<wp:postmeta>
		<wp:meta_key><![CDATA[_wp_old_date]]></wp:meta_key>
		<wp:meta_value><![CDATA[2020-08-28]]></wp:meta_value>
		</wp:postmeta>
							<wp:postmeta>
		<wp:meta_key><![CDATA[valpa_no_homenaje_meta]]></wp:meta_key>
		<wp:meta_value><![CDATA[0020000271]]></wp:meta_value>
		</wp:postmeta>
							<wp:postmeta>
		<wp:meta_key><![CDATA[valpa_nacimiento_dia_meta]]></wp:meta_key>
		<wp:meta_value><![CDATA[15]]></wp:meta_value>
		</wp:postmeta>
							<wp:postmeta>
		<wp:meta_key><![CDATA[valpa_nacimiento_mes_meta]]></wp:meta_key>
		<wp:meta_value><![CDATA[06]]></wp:meta_value>
		</wp:postmeta>
							<wp:postmeta>
		<wp:meta_key><![CDATA[valpa_nacimiento_ano_meta]]></wp:meta_key>
		<wp:meta_value><![CDATA[1948]]></wp:meta_value>
		</wp:postmeta>
							<wp:postmeta>
		<wp:meta_key><![CDATA[post_views_count]]></wp:meta_key>
		<wp:meta_value><![CDATA[61]]></wp:meta_value>
		</wp:postmeta>
							</item>
					<item>
		<title><![CDATA[Manuel Reyes Camacho]]></title>
		<link>http://localhost/sass-wp/obituario/manuel-reyes-camacho/</link>
		<pubDate>Mon, 06 Jul 2020 00:00:44 +0000</pubDate>
		<dc:creator><![CDATA[webmaster]]></dc:creator>
		<guid isPermaLink="false">http://valparaiso.com.mx/?post_type=valpa_obituario_pt&#038;p=597</guid>
		<description></description>
		<content:encoded><![CDATA[Siempre vivieras en nuestros corazones.]]></content:encoded>
		<excerpt:encoded><![CDATA[]]></excerpt:encoded>
		<wp:post_id>597</wp:post_id>
		<wp:post_date><![CDATA[2020-07-06 00:00:44]]></wp:post_date>
		<wp:post_date_gmt><![CDATA[2020-07-06 00:00:44]]></wp:post_date_gmt>
		<wp:post_modified><![CDATA[2020-07-06 00:00:44]]></wp:post_modified>
		<wp:post_modified_gmt><![CDATA[2020-07-06 00:00:44]]></wp:post_modified_gmt>
		<wp:comment_status><![CDATA[open]]></wp:comment_status>
		<wp:ping_status><![CDATA[closed]]></wp:ping_status>
		<wp:post_name><![CDATA[manuel-reyes-camacho]]></wp:post_name>
		<wp:status><![CDATA[publish]]></wp:status>
		<wp:post_parent>0</wp:post_parent>
		<wp:menu_order>0</wp:menu_order>
		<wp:post_type><![CDATA[valpa_obituario_pt]]></wp:post_type>
		<wp:post_password><![CDATA[]]></wp:post_password>
		<wp:is_sticky>0</wp:is_sticky>
														<wp:postmeta>
		<wp:meta_key><![CDATA[_edit_last]]></wp:meta_key>
		<wp:meta_value><![CDATA[1]]></wp:meta_value>
		</wp:postmeta>
							<wp:postmeta>
		<wp:meta_key><![CDATA[_wp_old_date]]></wp:meta_key>
		<wp:meta_value><![CDATA[2020-08-28]]></wp:meta_value>
		</wp:postmeta>
							<wp:postmeta>
		<wp:meta_key><![CDATA[valpa_no_homenaje_meta]]></wp:meta_key>
		<wp:meta_value><![CDATA[0020000272]]></wp:meta_value>
		</wp:postmeta>
							<wp:postmeta>
		<wp:meta_key><![CDATA[valpa_nacimiento_dia_meta]]></wp:meta_key>
		<wp:meta_value><![CDATA[28]]></wp:meta_value>
		</wp:postmeta>
							<wp:postmeta>
		<wp:meta_key><![CDATA[valpa_nacimiento_mes_meta]]></wp:meta_key>
		<wp:meta_value><![CDATA[07]]></wp:meta_value>
		</wp:postmeta>
							<wp:postmeta>
		<wp:meta_key><![CDATA[valpa_nacimiento_ano_meta]]></wp:meta_key>
		<wp:meta_value><![CDATA[1976]]></wp:meta_value>
		</wp:postmeta>
							<wp:postmeta>
		<wp:meta_key><![CDATA[post_views_count]]></wp:meta_key>
		<wp:meta_value><![CDATA[118]]></wp:meta_value>
		</wp:postmeta>
							<wp:postmeta>
		<wp:meta_key><![CDATA[_thumbnail_id]]></wp:meta_key>
		<wp:meta_value><![CDATA[6719]]></wp:meta_value>
		</wp:postmeta>
							<wp:postmeta>
		<wp:meta_key><![CDATA[sucursal_relacionada_meta]]></wp:meta_key>
		<wp:meta_value><![CDATA[a:1:{i:0;s:2:"22";}]]></wp:meta_value>
		</wp:postmeta>
							<wp:postmeta>
		<wp:meta_key><![CDATA[servicio_relacionado_meta]]></wp:meta_key>
		<wp:meta_value><![CDATA[a:1:{i:0;s:9:"Domicilio";}]]></wp:meta_value>
		</wp:postmeta>
							<wp:postmeta>
		<wp:meta_key><![CDATA[num_recuerdos_meta]]></wp:meta_key>
		<wp:meta_value><![CDATA[3]]></wp:meta_value>
		</wp:postmeta>
							<wp:postmeta>
		<wp:meta_key><![CDATA[num_velas_meta]]></wp:meta_key>
		<wp:meta_value><![CDATA[6]]></wp:meta_value>
		</wp:postmeta>
							</item>
					<item>
		<title><![CDATA[Carlota GÃ³mez Talavera]]></title>
		<link>http://localhost/sass-wp/obituario/carlota-gomez-talabera/</link>
		<pubDate>Mon, 06 Jul 2020 00:00:19 +0000</pubDate>
		<dc:creator><![CDATA[webmaster]]></dc:creator>
		<guid isPermaLink="false">http://valparaiso.com.mx/?post_type=valpa_obituario_pt&#038;p=598</guid>
		<description></description>
		<content:encoded><![CDATA[No pienses que me he ido. Si algÃºn dÃ­a visitas mi tumba no llores, solo imagina que estoy durmiendo. Te visitarÃ© con el alba, te abrazarÃ© con el viento, te besarÃ© con la lluvia y cantarÃ© para ti en silencio. Nunca pienses que me he ido por que entonces... entonces si habrÃ© muerto.]]></content:encoded>
		<excerpt:encoded><![CDATA[]]></excerpt:encoded>
		<wp:post_id>598</wp:post_id>
		<wp:post_date><![CDATA[2020-07-06 00:00:19]]></wp:post_date>
		<wp:post_date_gmt><![CDATA[2020-07-06 00:00:19]]></wp:post_date_gmt>
		<wp:post_modified><![CDATA[2020-07-06 00:00:19]]></wp:post_modified>
		<wp:post_modified_gmt><![CDATA[2020-07-06 00:00:19]]></wp:post_modified_gmt>
		<wp:comment_status><![CDATA[open]]></wp:comment_status>
		<wp:ping_status><![CDATA[closed]]></wp:ping_status>
		<wp:post_name><![CDATA[carlota-gomez-talabera]]></wp:post_name>
		<wp:status><![CDATA[publish]]></wp:status>
		<wp:post_parent>0</wp:post_parent>
		<wp:menu_order>0</wp:menu_order>
		<wp:post_type><![CDATA[valpa_obituario_pt]]></wp:post_type>
		<wp:post_password><![CDATA[]]></wp:post_password>
		<wp:is_sticky>0</wp:is_sticky>
														<wp:postmeta>
		<wp:meta_key><![CDATA[_edit_last]]></wp:meta_key>
		<wp:meta_value><![CDATA[1]]></wp:meta_value>
		</wp:postmeta>
							<wp:postmeta>
		<wp:meta_key><![CDATA[_wp_old_date]]></wp:meta_key>
		<wp:meta_value><![CDATA[2020-08-28]]></wp:meta_value>
		</wp:postmeta>
							<wp:postmeta>
		<wp:meta_key><![CDATA[valpa_no_homenaje_meta]]></wp:meta_key>
		<wp:meta_value><![CDATA[0020000273]]></wp:meta_value>
		</wp:postmeta>
							<wp:postmeta>
		<wp:meta_key><![CDATA[valpa_nacimiento_dia_meta]]></wp:meta_key>
		<wp:meta_value><![CDATA[04]]></wp:meta_value>
		</wp:postmeta>
							<wp:postmeta>
		<wp:meta_key><![CDATA[valpa_nacimiento_mes_meta]]></wp:meta_key>
		<wp:meta_value><![CDATA[11]]></wp:meta_value>
		</wp:postmeta>
							<wp:postmeta>
		<wp:meta_key><![CDATA[valpa_nacimiento_ano_meta]]></wp:meta_key>
		<wp:meta_value><![CDATA[1949]]></wp:meta_value>
		</wp:postmeta>
							<wp:postmeta>
		<wp:meta_key><![CDATA[post_views_count]]></wp:meta_key>
		<wp:meta_value><![CDATA[90]]></wp:meta_value>
		</wp:postmeta>
							<wp:postmeta>
		<wp:meta_key><![CDATA[_thumbnail_id]]></wp:meta_key>
		<wp:meta_value><![CDATA[7033]]></wp:meta_value>
		</wp:postmeta>
							<wp:postmeta>
		<wp:meta_key><![CDATA[sucursal_relacionada_meta]]></wp:meta_key>
		<wp:meta_value><![CDATA[a:1:{i:0;s:2:"22";}]]></wp:meta_value>
		</wp:postmeta>
							<wp:postmeta>
		<wp:meta_key><![CDATA[servicio_relacionado_meta]]></wp:meta_key>
		<wp:meta_value><![CDATA[a:1:{i:0;s:9:"Domicilio";}]]></wp:meta_value>
		</wp:postmeta>
							<wp:postmeta>
		<wp:meta_key><![CDATA[num_velas_meta]]></wp:meta_key>
		<wp:meta_value><![CDATA[2]]></wp:meta_value>
		</wp:postmeta>
							<wp:postmeta>
		<wp:meta_key><![CDATA[num_recuerdos_meta]]></wp:meta_key>
		<wp:meta_value><![CDATA[2]]></wp:meta_value>
		</wp:postmeta>
							</item>
					<item>
		<title><![CDATA[Jose Carmen Esquivel Gutierrez]]></title>
		<link>http://localhost/sass-wp/obituario/jose-carmen-esquivel-gutierrez/</link>
		<pubDate>Tue, 07 Jul 2020 00:00:03 +0000</pubDate>
		<dc:creator><![CDATA[webmaster]]></dc:creator>
		<guid isPermaLink="false">http://valparaiso.com.mx/?post_type=valpa_obituario_pt&#038;p=599</guid>
		<description></description>
		<content:encoded><![CDATA[]]></content:encoded>
		<excerpt:encoded><![CDATA[]]></excerpt:encoded>
		<wp:post_id>599</wp:post_id>
		<wp:post_date><![CDATA[2020-07-07 00:00:03]]></wp:post_date>
		<wp:post_date_gmt><![CDATA[2020-07-07 00:00:03]]></wp:post_date_gmt>
		<wp:post_modified><![CDATA[2020-07-07 00:00:03]]></wp:post_modified>
		<wp:post_modified_gmt><![CDATA[2020-07-07 00:00:03]]></wp:post_modified_gmt>
		<wp:comment_status><![CDATA[open]]></wp:comment_status>
		<wp:ping_status><![CDATA[closed]]></wp:ping_status>
		<wp:post_name><![CDATA[jose-carmen-esquivel-gutierrez]]></wp:post_name>
		<wp:status><![CDATA[publish]]></wp:status>
		<wp:post_parent>0</wp:post_parent>
		<wp:menu_order>0</wp:menu_order>
		<wp:post_type><![CDATA[valpa_obituario_pt]]></wp:post_type>
		<wp:post_password><![CDATA[]]></wp:post_password>
		<wp:is_sticky>0</wp:is_sticky>
														<wp:postmeta>
		<wp:meta_key><![CDATA[_wp_old_date]]></wp:meta_key>
		<wp:meta_value><![CDATA[2020-08-28]]></wp:meta_value>
		</wp:postmeta>
							<wp:postmeta>
		<wp:meta_key><![CDATA[valpa_no_homenaje_meta]]></wp:meta_key>
		<wp:meta_value><![CDATA[0020000274]]></wp:meta_value>
		</wp:postmeta>
							<wp:postmeta>
		<wp:meta_key><![CDATA[valpa_nacimiento_dia_meta]]></wp:meta_key>
		<wp:meta_value><![CDATA[16]]></wp:meta_value>
		</wp:postmeta>
							<wp:postmeta>
		<wp:meta_key><![CDATA[valpa_nacimiento_mes_meta]]></wp:meta_key>
		<wp:meta_value><![CDATA[07]]></wp:meta_value>
		</wp:postmeta>
							<wp:postmeta>
		<wp:meta_key><![CDATA[valpa_nacimiento_ano_meta]]></wp:meta_key>
		<wp:meta_value><![CDATA[1931]]></wp:meta_value>
		</wp:postmeta>
							<wp:postmeta>
		<wp:meta_key><![CDATA[post_views_count]]></wp:meta_key>
		<wp:meta_value><![CDATA[59]]></wp:meta_value>
		</wp:postmeta>
							</item>
					<item>
		<title><![CDATA[Regino Campuzano MontaÃ±o]]></title>
		<link>http://localhost/sass-wp/obituario/regino-campuzano-montano/</link>
		<pubDate>Tue, 07 Jul 2020 00:00:45 +0000</pubDate>
		<dc:creator><![CDATA[webmaster]]></dc:creator>
		<guid isPermaLink="false">http://valparaiso.com.mx/?post_type=valpa_obituario_pt&#038;p=600</guid>
		<description></description>
		<content:encoded><![CDATA[]]></content:encoded>
		<excerpt:encoded><![CDATA[]]></excerpt:encoded>
		<wp:post_id>600</wp:post_id>
		<wp:post_date><![CDATA[2020-07-07 00:00:45]]></wp:post_date>
		<wp:post_date_gmt><![CDATA[2020-07-07 00:00:45]]></wp:post_date_gmt>
		<wp:post_modified><![CDATA[2020-07-07 00:00:45]]></wp:post_modified>
		<wp:post_modified_gmt><![CDATA[2020-07-07 00:00:45]]></wp:post_modified_gmt>
		<wp:comment_status><![CDATA[open]]></wp:comment_status>
		<wp:ping_status><![CDATA[closed]]></wp:ping_status>
		<wp:post_name><![CDATA[regino-campuzano-montano]]></wp:post_name>
		<wp:status><![CDATA[publish]]></wp:status>
		<wp:post_parent>0</wp:post_parent>
		<wp:menu_order>0</wp:menu_order>
		<wp:post_type><![CDATA[valpa_obituario_pt]]></wp:post_type>
		<wp:post_password><![CDATA[]]></wp:post_password>
		<wp:is_sticky>0</wp:is_sticky>
														<wp:postmeta>
		<wp:meta_key><![CDATA[_wp_old_date]]></wp:meta_key>
		<wp:meta_value><![CDATA[2020-08-28]]></wp:meta_value>
		</wp:postmeta>
							<wp:postmeta>
		<wp:meta_key><![CDATA[valpa_no_homenaje_meta]]></wp:meta_key>
		<wp:meta_value><![CDATA[0020000275]]></wp:meta_value>
		</wp:postmeta>
							<wp:postmeta>
		<wp:meta_key><![CDATA[valpa_nacimiento_dia_meta]]></wp:meta_key>
		<wp:meta_value><![CDATA[07]]></wp:meta_value>
		</wp:postmeta>
							<wp:postmeta>
		<wp:meta_key><![CDATA[valpa_nacimiento_mes_meta]]></wp:meta_key>
		<wp:meta_value><![CDATA[09]]></wp:meta_value>
		</wp:postmeta>
							<wp:postmeta>
		<wp:meta_key><![CDATA[valpa_nacimiento_ano_meta]]></wp:meta_key>
		<wp:meta_value><![CDATA[1949]]></wp:meta_value>
		</wp:postmeta>
							<wp:postmeta>
		<wp:meta_key><![CDATA[post_views_count]]></wp:meta_key>
		<wp:meta_value><![CDATA[57]]></wp:meta_value>
		</wp:postmeta>
							</item>
					<item>
		<title><![CDATA[Raul Mendoza Arias]]></title>
		<link>http://localhost/sass-wp/obituario/raul-mendoza-arias/</link>
		<pubDate>Thu, 09 Jul 2020 00:00:48 +0000</pubDate>
		<dc:creator><![CDATA[webmaster]]></dc:creator>
		<guid isPermaLink="false">http://valparaiso.com.mx/?post_type=valpa_obituario_pt&#038;p=601</guid>
		<description></description>
		<content:encoded><![CDATA[]]></content:encoded>
		<excerpt:encoded><![CDATA[]]></excerpt:encoded>
		<wp:post_id>601</wp:post_id>
		<wp:post_date><![CDATA[2020-07-09 00:00:48]]></wp:post_date>
		<wp:post_date_gmt><![CDATA[2020-07-09 00:00:48]]></wp:post_date_gmt>
		<wp:post_modified><![CDATA[2020-07-09 00:00:48]]></wp:post_modified>
		<wp:post_modified_gmt><![CDATA[2020-07-09 00:00:48]]></wp:post_modified_gmt>
		<wp:comment_status><![CDATA[open]]></wp:comment_status>
		<wp:ping_status><![CDATA[closed]]></wp:ping_status>
		<wp:post_name><![CDATA[raul-mendoza-arias]]></wp:post_name>
		<wp:status><![CDATA[publish]]></wp:status>
		<wp:post_parent>0</wp:post_parent>
		<wp:menu_order>0</wp:menu_order>
		<wp:post_type><![CDATA[valpa_obituario_pt]]></wp:post_type>
		<wp:post_password><![CDATA[]]></wp:post_password>
		<wp:is_sticky>0</wp:is_sticky>
														<wp:postmeta>
		<wp:meta_key><![CDATA[_wp_old_date]]></wp:meta_key>
		<wp:meta_value><![CDATA[2020-08-28]]></wp:meta_value>
		</wp:postmeta>
							<wp:postmeta>
		<wp:meta_key><![CDATA[valpa_no_homenaje_meta]]></wp:meta_key>
		<wp:meta_value><![CDATA[0020000276]]></wp:meta_value>
		</wp:postmeta>
							<wp:postmeta>
		<wp:meta_key><![CDATA[valpa_nacimiento_dia_meta]]></wp:meta_key>
		<wp:meta_value><![CDATA[14]]></wp:meta_value>
		</wp:postmeta>
							<wp:postmeta>
		<wp:meta_key><![CDATA[valpa_nacimiento_mes_meta]]></wp:meta_key>
		<wp:meta_value><![CDATA[08]]></wp:meta_value>
		</wp:postmeta>
							<wp:postmeta>
		<wp:meta_key><![CDATA[valpa_nacimiento_ano_meta]]></wp:meta_key>
		<wp:meta_value><![CDATA[1996]]></wp:meta_value>
		</wp:postmeta>
							<wp:postmeta>
		<wp:meta_key><![CDATA[post_views_count]]></wp:meta_key>
		<wp:meta_value><![CDATA[59]]></wp:meta_value>
		</wp:postmeta>
							</item>
					<item>
		<title><![CDATA[Francisca Adrian Lara]]></title>
		<link>http://localhost/sass-wp/obituario/francisca-adrian-lara/</link>
		<pubDate>Thu, 09 Jul 2020 00:00:26 +0000</pubDate>
		<dc:creator><![CDATA[webmaster]]></dc:creator>
		<guid isPermaLink="false">http://valparaiso.com.mx/?post_type=valpa_obituario_pt&#038;p=602</guid>
		<description></description>
		<content:encoded><![CDATA[]]></content:encoded>
		<excerpt:encoded><![CDATA[]]></excerpt:encoded>
		<wp:post_id>602</wp:post_id>
		<wp:post_date><![CDATA[2020-07-09 00:00:26]]></wp:post_date>
		<wp:post_date_gmt><![CDATA[2020-07-09 00:00:26]]></wp:post_date_gmt>
		<wp:post_modified><![CDATA[2020-07-09 00:00:26]]></wp:post_modified>
		<wp:post_modified_gmt><![CDATA[2020-07-09 00:00:26]]></wp:post_modified_gmt>
		<wp:comment_status><![CDATA[open]]></wp:comment_status>
		<wp:ping_status><![CDATA[closed]]></wp:ping_status>
		<wp:post_name><![CDATA[francisca-adrian-lara]]></wp:post_name>
		<wp:status><![CDATA[publish]]></wp:status>
		<wp:post_parent>0</wp:post_parent>
		<wp:menu_order>0</wp:menu_order>
		<wp:post_type><![CDATA[valpa_obituario_pt]]></wp:post_type>
		<wp:post_password><![CDATA[]]></wp:post_password>
		<wp:is_sticky>0</wp:is_sticky>
														<wp:postmeta>
		<wp:meta_key><![CDATA[_wp_old_date]]></wp:meta_key>
		<wp:meta_value><![CDATA[2020-08-28]]></wp:meta_value>
		</wp:postmeta>
							<wp:postmeta>
		<wp:meta_key><![CDATA[valpa_no_homenaje_meta]]></wp:meta_key>
		<wp:meta_value><![CDATA[0020000277]]></wp:meta_value>
		</wp:postmeta>
							<wp:postmeta>
		<wp:meta_key><![CDATA[valpa_nacimiento_dia_meta]]></wp:meta_key>
		<wp:meta_value><![CDATA[04]]></wp:meta_value>
		</wp:postmeta>
							<wp:postmeta>
		<wp:meta_key><![CDATA[valpa_nacimiento_mes_meta]]></wp:meta_key>
		<wp:meta_value><![CDATA[10]]></wp:meta_value>
		</wp:postmeta>
							<wp:postmeta>
		<wp:meta_key><![CDATA[valpa_nacimiento_ano_meta]]></wp:meta_key>
		<wp:meta_value><![CDATA[1956]]></wp:meta_value>
		</wp:postmeta>
							<wp:postmeta>
		<wp:meta_key><![CDATA[post_views_count]]></wp:meta_key>
		<wp:meta_value><![CDATA[30]]></wp:meta_value>
		</wp:postmeta>
							</item>
					<item>
		<title><![CDATA[Silvino Martinez Ortega]]></title>
		<link>http://localhost/sass-wp/obituario/silvino-martinez-ortega/</link>
		<pubDate>Thu, 09 Jul 2020 00:00:03 +0000</pubDate>
		<dc:creator><![CDATA[webmaster]]></dc:creator>
		<guid isPermaLink="false">http://valparaiso.com.mx/?post_type=valpa_obituario_pt&#038;p=603</guid>
		<description></description>
		<content:encoded><![CDATA[]]></content:encoded>
		<excerpt:encoded><![CDATA[]]></excerpt:encoded>
		<wp:post_id>603</wp:post_id>
		<wp:post_date><![CDATA[2020-07-09 00:00:03]]></wp:post_date>
		<wp:post_date_gmt><![CDATA[2020-07-09 00:00:03]]></wp:post_date_gmt>
		<wp:post_modified><![CDATA[2020-07-09 00:00:03]]></wp:post_modified>
		<wp:post_modified_gmt><![CDATA[2020-07-09 00:00:03]]></wp:post_modified_gmt>
		<wp:comment_status><![CDATA[open]]></wp:comment_status>
		<wp:ping_status><![CDATA[closed]]></wp:ping_status>
		<wp:post_name><![CDATA[silvino-martinez-ortega]]></wp:post_name>
		<wp:status><![CDATA[publish]]></wp:status>
		<wp:post_parent>0</wp:post_parent>
		<wp:menu_order>0</wp:menu_order>
		<wp:post_type><![CDATA[valpa_obituario_pt]]></wp:post_type>
		<wp:post_password><![CDATA[]]></wp:post_password>
		<wp:is_sticky>0</wp:is_sticky>
														<wp:postmeta>
		<wp:meta_key><![CDATA[_wp_old_date]]></wp:meta_key>
		<wp:meta_value><![CDATA[2020-08-28]]></wp:meta_value>
		</wp:postmeta>
							<wp:postmeta>
		<wp:meta_key><![CDATA[valpa_no_homenaje_meta]]></wp:meta_key>
		<wp:meta_value><![CDATA[0020000278]]></wp:meta_value>
		</wp:postmeta>
							<wp:postmeta>
		<wp:meta_key><![CDATA[valpa_nacimiento_dia_meta]]></wp:meta_key>
		<wp:meta_value><![CDATA[10]]></wp:meta_value>
		</wp:postmeta>
							<wp:postmeta>
		<wp:meta_key><![CDATA[valpa_nacimiento_mes_meta]]></wp:meta_key>
		<wp:meta_value><![CDATA[06]]></wp:meta_value>
		</wp:postmeta>
							<wp:postmeta>
		<wp:meta_key><![CDATA[valpa_nacimiento_ano_meta]]></wp:meta_key>
		<wp:meta_value><![CDATA[1947]]></wp:meta_value>
		</wp:postmeta>
							<wp:postmeta>
		<wp:meta_key><![CDATA[post_views_count]]></wp:meta_key>
		<wp:meta_value><![CDATA[39]]></wp:meta_value>
		</wp:postmeta>
							</item>
					<item>
		<title><![CDATA[RaÃºl MartÃ­n HernÃ¡ndez Villegas]]></title>
		<link>http://localhost/sass-wp/obituario/raul-martin-hernandez-villegas/</link>
		<pubDate>Sat, 11 Jul 2020 00:00:39 +0000</pubDate>
		<dc:creator><![CDATA[webmaster]]></dc:creator>
		<guid isPermaLink="false">http://valparaiso.com.mx/?post_type=valpa_obituario_pt&#038;p=604</guid>
		<description></description>
		<content:encoded><![CDATA[El mundo es redondo y aquel sitio que parece un final podrÃ­a ser tambiÃ©n un comienzo.]]></content:encoded>
		<excerpt:encoded><![CDATA[]]></excerpt:encoded>
		<wp:post_id>604</wp:post_id>
		<wp:post_date><![CDATA[2020-07-11 00:00:39]]></wp:post_date>
		<wp:post_date_gmt><![CDATA[2020-07-11 00:00:39]]></wp:post_date_gmt>
		<wp:post_modified><![CDATA[2020-07-11 00:00:39]]></wp:post_modified>
		<wp:post_modified_gmt><![CDATA[2020-07-11 00:00:39]]></wp:post_modified_gmt>
		<wp:comment_status><![CDATA[open]]></wp:comment_status>
		<wp:ping_status><![CDATA[closed]]></wp:ping_status>
		<wp:post_name><![CDATA[raul-martin-hernandez-villegas]]></wp:post_name>
		<wp:status><![CDATA[publish]]></wp:status>
		<wp:post_parent>0</wp:post_parent>
		<wp:menu_order>0</wp:menu_order>
		<wp:post_type><![CDATA[valpa_obituario_pt]]></wp:post_type>
		<wp:post_password><![CDATA[]]></wp:post_password>
		<wp:is_sticky>0</wp:is_sticky>
														<wp:postmeta>
		<wp:meta_key><![CDATA[_edit_last]]></wp:meta_key>
		<wp:meta_value><![CDATA[1]]></wp:meta_value>
		</wp:postmeta>
							<wp:postmeta>
		<wp:meta_key><![CDATA[_wp_old_date]]></wp:meta_key>
		<wp:meta_value><![CDATA[2020-08-28]]></wp:meta_value>
		</wp:postmeta>
							<wp:postmeta>
		<wp:meta_key><![CDATA[valpa_no_homenaje_meta]]></wp:meta_key>
		<wp:meta_value><![CDATA[0020000279]]></wp:meta_value>
		</wp:postmeta>
							<wp:postmeta>
		<wp:meta_key><![CDATA[valpa_nacimiento_dia_meta]]></wp:meta_key>
		<wp:meta_value><![CDATA[23]]></wp:meta_value>
		</wp:postmeta>
							<wp:postmeta>
		<wp:meta_key><![CDATA[valpa_nacimiento_mes_meta]]></wp:meta_key>
		<wp:meta_value><![CDATA[02]]></wp:meta_value>
		</wp:postmeta>
							<wp:postmeta>
		<wp:meta_key><![CDATA[valpa_nacimiento_ano_meta]]></wp:meta_key>
		<wp:meta_value><![CDATA[1984]]></wp:meta_value>
		</wp:postmeta>
							<wp:postmeta>
		<wp:meta_key><![CDATA[post_views_count]]></wp:meta_key>
		<wp:meta_value><![CDATA[110]]></wp:meta_value>
		</wp:postmeta>
							<wp:postmeta>
		<wp:meta_key><![CDATA[_thumbnail_id]]></wp:meta_key>
		<wp:meta_value><![CDATA[7359]]></wp:meta_value>
		</wp:postmeta>
							<wp:postmeta>
		<wp:meta_key><![CDATA[servicio_relacionado_meta]]></wp:meta_key>
		<wp:meta_value><![CDATA[a:1:{i:0;s:9:"Domicilio";}]]></wp:meta_value>
		</wp:postmeta>
							</item>
					<item>
		<title><![CDATA[Fernando de la Cruz Evarista]]></title>
		<link>http://localhost/sass-wp/obituario/fernando-de-la-cruz-evarista/</link>
		<pubDate>Sat, 11 Jul 2020 00:00:20 +0000</pubDate>
		<dc:creator><![CDATA[webmaster]]></dc:creator>
		<guid isPermaLink="false">http://valparaiso.com.mx/?post_type=valpa_obituario_pt&#038;p=605</guid>
		<description></description>
		<content:encoded><![CDATA[]]></content:encoded>
		<excerpt:encoded><![CDATA[]]></excerpt:encoded>
		<wp:post_id>605</wp:post_id>
		<wp:post_date><![CDATA[2020-07-11 00:00:20]]></wp:post_date>
		<wp:post_date_gmt><![CDATA[2020-07-11 00:00:20]]></wp:post_date_gmt>
		<wp:post_modified><![CDATA[2020-07-11 00:00:20]]></wp:post_modified>
		<wp:post_modified_gmt><![CDATA[2020-07-11 00:00:20]]></wp:post_modified_gmt>
		<wp:comment_status><![CDATA[open]]></wp:comment_status>
		<wp:ping_status><![CDATA[closed]]></wp:ping_status>
		<wp:post_name><![CDATA[fernando-de-la-cruz-evarista]]></wp:post_name>
		<wp:status><![CDATA[publish]]></wp:status>
		<wp:post_parent>0</wp:post_parent>
		<wp:menu_order>0</wp:menu_order>
		<wp:post_type><![CDATA[valpa_obituario_pt]]></wp:post_type>
		<wp:post_password><![CDATA[]]></wp:post_password>
		<wp:is_sticky>0</wp:is_sticky>
														<wp:postmeta>
		<wp:meta_key><![CDATA[_wp_old_date]]></wp:meta_key>
		<wp:meta_value><![CDATA[2020-08-28]]></wp:meta_value>
		</wp:postmeta>
							<wp:postmeta>
		<wp:meta_key><![CDATA[valpa_no_homenaje_meta]]></wp:meta_key>
		<wp:meta_value><![CDATA[0020000280]]></wp:meta_value>
		</wp:postmeta>
							<wp:postmeta>
		<wp:meta_key><![CDATA[valpa_nacimiento_dia_meta]]></wp:meta_key>
		<wp:meta_value><![CDATA[31]]></wp:meta_value>
		</wp:postmeta>
							<wp:postmeta>
		<wp:meta_key><![CDATA[valpa_nacimiento_mes_meta]]></wp:meta_key>
		<wp:meta_value><![CDATA[05]]></wp:meta_value>
		</wp:postmeta>
							<wp:postmeta>
		<wp:meta_key><![CDATA[valpa_nacimiento_ano_meta]]></wp:meta_key>
		<wp:meta_value><![CDATA[1962]]></wp:meta_value>
		</wp:postmeta>
							<wp:postmeta>
		<wp:meta_key><![CDATA[post_views_count]]></wp:meta_key>
		<wp:meta_value><![CDATA[48]]></wp:meta_value>
		</wp:postmeta>
							</item>
					<item>
		<title><![CDATA[Maria de la Luz Salinas Romero]]></title>
		<link>http://localhost/sass-wp/obituario/maria-de-la-luz-salinas-romero/</link>
		<pubDate>Sat, 11 Jul 2020 00:00:54 +0000</pubDate>
		<dc:creator><![CDATA[webmaster]]></dc:creator>
		<guid isPermaLink="false">http://valparaiso.com.mx/?post_type=valpa_obituario_pt&#038;p=606</guid>
		<description></description>
		<content:encoded><![CDATA[]]></content:encoded>
		<excerpt:encoded><![CDATA[]]></excerpt:encoded>
		<wp:post_id>606</wp:post_id>
		<wp:post_date><![CDATA[2020-07-11 00:00:54]]></wp:post_date>
		<wp:post_date_gmt><![CDATA[2020-07-11 00:00:54]]></wp:post_date_gmt>
		<wp:post_modified><![CDATA[2020-07-11 00:00:54]]></wp:post_modified>
		<wp:post_modified_gmt><![CDATA[2020-07-11 00:00:54]]></wp:post_modified_gmt>
		<wp:comment_status><![CDATA[open]]></wp:comment_status>
		<wp:ping_status><![CDATA[closed]]></wp:ping_status>
		<wp:post_name><![CDATA[maria-de-la-luz-salinas-romero]]></wp:post_name>
		<wp:status><![CDATA[publish]]></wp:status>
		<wp:post_parent>0</wp:post_parent>
		<wp:menu_order>0</wp:menu_order>
		<wp:post_type><![CDATA[valpa_obituario_pt]]></wp:post_type>
		<wp:post_password><![CDATA[]]></wp:post_password>
		<wp:is_sticky>0</wp:is_sticky>
														<wp:postmeta>
		<wp:meta_key><![CDATA[_wp_old_date]]></wp:meta_key>
		<wp:meta_value><![CDATA[2020-08-28]]></wp:meta_value>
		</wp:postmeta>
							<wp:postmeta>
		<wp:meta_key><![CDATA[valpa_no_homenaje_meta]]></wp:meta_key>
		<wp:meta_value><![CDATA[0020000281]]></wp:meta_value>
		</wp:postmeta>
							<wp:postmeta>
		<wp:meta_key><![CDATA[valpa_nacimiento_dia_meta]]></wp:meta_key>
		<wp:meta_value><![CDATA[29]]></wp:meta_value>
		</wp:postmeta>
							<wp:postmeta>
		<wp:meta_key><![CDATA[valpa_nacimiento_mes_meta]]></wp:meta_key>
		<wp:meta_value><![CDATA[05]]></wp:meta_value>
		</wp:postmeta>
							<wp:postmeta>
		<wp:meta_key><![CDATA[valpa_nacimiento_ano_meta]]></wp:meta_key>
		<wp:meta_value><![CDATA[1955]]></wp:meta_value>
		</wp:postmeta>
							<wp:postmeta>
		<wp:meta_key><![CDATA[post_views_count]]></wp:meta_key>
		<wp:meta_value><![CDATA[65]]></wp:meta_value>
		</wp:postmeta>
							</item>
					<item>
		<title><![CDATA[Maria Victoria Martinez Morales]]></title>
		<link>http://localhost/sass-wp/obituario/maria-victoria-martinez-morales/</link>
		<pubDate>Sat, 11 Jul 2020 00:00:32 +0000</pubDate>
		<dc:creator><![CDATA[webmaster]]></dc:creator>
		<guid isPermaLink="false">http://valparaiso.com.mx/?post_type=valpa_obituario_pt&#038;p=607</guid>
		<description></description>
		<content:encoded><![CDATA[]]></content:encoded>
		<excerpt:encoded><![CDATA[]]></excerpt:encoded>
		<wp:post_id>607</wp:post_id>
		<wp:post_date><![CDATA[2020-07-11 00:00:32]]></wp:post_date>
		<wp:post_date_gmt><![CDATA[2020-07-11 00:00:32]]></wp:post_date_gmt>
		<wp:post_modified><![CDATA[2020-07-11 00:00:32]]></wp:post_modified>
		<wp:post_modified_gmt><![CDATA[2020-07-11 00:00:32]]></wp:post_modified_gmt>
		<wp:comment_status><![CDATA[open]]></wp:comment_status>
		<wp:ping_status><![CDATA[closed]]></wp:ping_status>
		<wp:post_name><![CDATA[maria-victoria-martinez-morales]]></wp:post_name>
		<wp:status><![CDATA[publish]]></wp:status>
		<wp:post_parent>0</wp:post_parent>
		<wp:menu_order>0</wp:menu_order>
		<wp:post_type><![CDATA[valpa_obituario_pt]]></wp:post_type>
		<wp:post_password><![CDATA[]]></wp:post_password>
		<wp:is_sticky>0</wp:is_sticky>
														<wp:postmeta>
		<wp:meta_key><![CDATA[_wp_old_date]]></wp:meta_key>
		<wp:meta_value><![CDATA[2020-08-28]]></wp:meta_value>
		</wp:postmeta>
							<wp:postmeta>
		<wp:meta_key><![CDATA[valpa_no_homenaje_meta]]></wp:meta_key>
		<wp:meta_value><![CDATA[0020000282]]></wp:meta_value>
		</wp:postmeta>
							<wp:postmeta>
		<wp:meta_key><![CDATA[valpa_nacimiento_dia_meta]]></wp:meta_key>
		<wp:meta_value><![CDATA[08]]></wp:meta_value>
		</wp:postmeta>
							<wp:postmeta>
		<wp:meta_key><![CDATA[valpa_nacimiento_mes_meta]]></wp:meta_key>
		<wp:meta_value><![CDATA[11]]></wp:meta_value>
		</wp:postmeta>
							<wp:postmeta>
		<wp:meta_key><![CDATA[valpa_nacimiento_ano_meta]]></wp:meta_key>
		<wp:meta_value><![CDATA[1969]]></wp:meta_value>
		</wp:postmeta>
							<wp:postmeta>
		<wp:meta_key><![CDATA[post_views_count]]></wp:meta_key>
		<wp:meta_value><![CDATA[51]]></wp:meta_value>
		</wp:postmeta>
							</item>
					<item>
		<title><![CDATA[Zenon Amado Valencia Carrasco]]></title>
		<link>http://localhost/sass-wp/obituario/zenon-amado-valencia-carrasco/</link>
		<pubDate>Sun, 12 Jul 2020 00:00:15 +0000</pubDate>
		<dc:creator><![CDATA[webmaster]]></dc:creator>
		<guid isPermaLink="false">http://valparaiso.com.mx/?post_type=valpa_obituario_pt&#038;p=608</guid>
		<description></description>
		<content:encoded><![CDATA[]]></content:encoded>
		<excerpt:encoded><![CDATA[]]></excerpt:encoded>
		<wp:post_id>608</wp:post_id>
		<wp:post_date><![CDATA[2020-07-12 00:00:15]]></wp:post_date>
		<wp:post_date_gmt><![CDATA[2020-07-12 00:00:15]]></wp:post_date_gmt>
		<wp:post_modified><![CDATA[2020-07-12 00:00:15]]></wp:post_modified>
		<wp:post_modified_gmt><![CDATA[2020-07-12 00:00:15]]></wp:post_modified_gmt>
		<wp:comment_status><![CDATA[open]]></wp:comment_status>
		<wp:ping_status><![CDATA[closed]]></wp:ping_status>
		<wp:post_name><![CDATA[zenon-amado-valencia-carrasco]]></wp:post_name>
		<wp:status><![CDATA[publish]]></wp:status>
		<wp:post_parent>0</wp:post_parent>
		<wp:menu_order>0</wp:menu_order>
		<wp:post_type><![CDATA[valpa_obituario_pt]]></wp:post_type>
		<wp:post_password><![CDATA[]]></wp:post_password>
		<wp:is_sticky>0</wp:is_sticky>
														<wp:postmeta>
		<wp:meta_key><![CDATA[_wp_old_date]]></wp:meta_key>
		<wp:meta_value><![CDATA[2020-08-28]]></wp:meta_value>
		</wp:postmeta>
							<wp:postmeta>
		<wp:meta_key><![CDATA[valpa_no_homenaje_meta]]></wp:meta_key>
		<wp:meta_value><![CDATA[0020000283]]></wp:meta_value>
		</wp:postmeta>
							<wp:postmeta>
		<wp:meta_key><![CDATA[valpa_nacimiento_dia_meta]]></wp:meta_key>
		<wp:meta_value><![CDATA[23]]></wp:meta_value>
		</wp:postmeta>
							<wp:postmeta>
		<wp:meta_key><![CDATA[valpa_nacimiento_mes_meta]]></wp:meta_key>
		<wp:meta_value><![CDATA[08]]></wp:meta_value>
		</wp:postmeta>
							<wp:postmeta>
		<wp:meta_key><![CDATA[valpa_nacimiento_ano_meta]]></wp:meta_key>
		<wp:meta_value><![CDATA[1934]]></wp:meta_value>
		</wp:postmeta>
							<wp:postmeta>
		<wp:meta_key><![CDATA[post_views_count]]></wp:meta_key>
		<wp:meta_value><![CDATA[75]]></wp:meta_value>
		</wp:postmeta>
							</item>
					<item>
		<title><![CDATA[Silvino Placido Genaro Alvarez]]></title>
		<link>http://localhost/sass-wp/obituario/silvino-placido-genaro-alvarez/</link>
		<pubDate>Sun, 12 Jul 2020 00:00:57 +0000</pubDate>
		<dc:creator><![CDATA[webmaster]]></dc:creator>
		<guid isPermaLink="false">http://valparaiso.com.mx/?post_type=valpa_obituario_pt&#038;p=609</guid>
		<description></description>
		<content:encoded><![CDATA[]]></content:encoded>
		<excerpt:encoded><![CDATA[]]></excerpt:encoded>
		<wp:post_id>609</wp:post_id>
		<wp:post_date><![CDATA[2020-07-12 00:00:57]]></wp:post_date>
		<wp:post_date_gmt><![CDATA[2020-07-12 00:00:57]]></wp:post_date_gmt>
		<wp:post_modified><![CDATA[2020-07-12 00:00:57]]></wp:post_modified>
		<wp:post_modified_gmt><![CDATA[2020-07-12 00:00:57]]></wp:post_modified_gmt>
		<wp:comment_status><![CDATA[open]]></wp:comment_status>
		<wp:ping_status><![CDATA[closed]]></wp:ping_status>
		<wp:post_name><![CDATA[silvino-placido-genaro-alvarez]]></wp:post_name>
		<wp:status><![CDATA[publish]]></wp:status>
		<wp:post_parent>0</wp:post_parent>
		<wp:menu_order>0</wp:menu_order>
		<wp:post_type><![CDATA[valpa_obituario_pt]]></wp:post_type>
		<wp:post_password><![CDATA[]]></wp:post_password>
		<wp:is_sticky>0</wp:is_sticky>
														<wp:postmeta>
		<wp:meta_key><![CDATA[_wp_old_date]]></wp:meta_key>
		<wp:meta_value><![CDATA[2020-08-28]]></wp:meta_value>
		</wp:postmeta>
							<wp:postmeta>
		<wp:meta_key><![CDATA[valpa_no_homenaje_meta]]></wp:meta_key>
		<wp:meta_value><![CDATA[0020000284]]></wp:meta_value>
		</wp:postmeta>
							<wp:postmeta>
		<wp:meta_key><![CDATA[valpa_nacimiento_dia_meta]]></wp:meta_key>
		<wp:meta_value><![CDATA[05]]></wp:meta_value>
		</wp:postmeta>
							<wp:postmeta>
		<wp:meta_key><![CDATA[valpa_nacimiento_mes_meta]]></wp:meta_key>
		<wp:meta_value><![CDATA[10]]></wp:meta_value>
		</wp:postmeta>
							<wp:postmeta>
		<wp:meta_key><![CDATA[valpa_nacimiento_ano_meta]]></wp:meta_key>
		<wp:meta_value><![CDATA[1969]]></wp:meta_value>
		</wp:postmeta>
							<wp:postmeta>
		<wp:meta_key><![CDATA[post_views_count]]></wp:meta_key>
		<wp:meta_value><![CDATA[55]]></wp:meta_value>
		</wp:postmeta>
							</item>
					<item>
		<title><![CDATA[Enrique Bernal Moreno]]></title>
		<link>http://localhost/sass-wp/obituario/enrique-bernal-moreno-2/</link>
		<pubDate>Mon, 13 Jul 2020 00:00:54 +0000</pubDate>
		<dc:creator><![CDATA[webmaster]]></dc:creator>
		<guid isPermaLink="false">http://valparaiso.com.mx/?post_type=valpa_obituario_pt&#038;p=610</guid>
		<description></description>
		<content:encoded><![CDATA[]]></content:encoded>
		<excerpt:encoded><![CDATA[]]></excerpt:encoded>
		<wp:post_id>610</wp:post_id>
		<wp:post_date><![CDATA[2020-07-13 00:00:54]]></wp:post_date>
		<wp:post_date_gmt><![CDATA[2020-07-13 00:00:54]]></wp:post_date_gmt>
		<wp:post_modified><![CDATA[2020-07-13 00:00:54]]></wp:post_modified>
		<wp:post_modified_gmt><![CDATA[2020-07-13 00:00:54]]></wp:post_modified_gmt>
		<wp:comment_status><![CDATA[open]]></wp:comment_status>
		<wp:ping_status><![CDATA[closed]]></wp:ping_status>
		<wp:post_name><![CDATA[enrique-bernal-moreno-2]]></wp:post_name>
		<wp:status><![CDATA[publish]]></wp:status>
		<wp:post_parent>0</wp:post_parent>
		<wp:menu_order>0</wp:menu_order>
		<wp:post_type><![CDATA[valpa_obituario_pt]]></wp:post_type>
		<wp:post_password><![CDATA[]]></wp:post_password>
		<wp:is_sticky>0</wp:is_sticky>
														<wp:postmeta>
		<wp:meta_key><![CDATA[_wp_old_date]]></wp:meta_key>
		<wp:meta_value><![CDATA[2020-08-28]]></wp:meta_value>
		</wp:postmeta>
							<wp:postmeta>
		<wp:meta_key><![CDATA[valpa_no_homenaje_meta]]></wp:meta_key>
		<wp:meta_value><![CDATA[0020000285]]></wp:meta_value>
		</wp:postmeta>
							<wp:postmeta>
		<wp:meta_key><![CDATA[valpa_nacimiento_dia_meta]]></wp:meta_key>
		<wp:meta_value><![CDATA[24]]></wp:meta_value>
		</wp:postmeta>
							<wp:postmeta>
		<wp:meta_key><![CDATA[valpa_nacimiento_mes_meta]]></wp:meta_key>
		<wp:meta_value><![CDATA[10]]></wp:meta_value>
		</wp:postmeta>
							<wp:postmeta>
		<wp:meta_key><![CDATA[valpa_nacimiento_ano_meta]]></wp:meta_key>
		<wp:meta_value><![CDATA[1966]]></wp:meta_value>
		</wp:postmeta>
							<wp:postmeta>
		<wp:meta_key><![CDATA[post_views_count]]></wp:meta_key>
		<wp:meta_value><![CDATA[42]]></wp:meta_value>
		</wp:postmeta>
							</item>
					<item>
		<title><![CDATA[Mercedes Barrios Gonzalez]]></title>
		<link>http://localhost/sass-wp/obituario/mercedes-barrios-gonzalez/</link>
		<pubDate>Mon, 13 Jul 2020 00:00:29 +0000</pubDate>
		<dc:creator><![CDATA[webmaster]]></dc:creator>
		<guid isPermaLink="false">http://valparaiso.com.mx/?post_type=valpa_obituario_pt&#038;p=611</guid>
		<description></description>
		<content:encoded><![CDATA[]]></content:encoded>
		<excerpt:encoded><![CDATA[]]></excerpt:encoded>
		<wp:post_id>611</wp:post_id>
		<wp:post_date><![CDATA[2020-07-13 00:00:29]]></wp:post_date>
		<wp:post_date_gmt><![CDATA[2020-07-13 00:00:29]]></wp:post_date_gmt>
		<wp:post_modified><![CDATA[2020-07-13 00:00:29]]></wp:post_modified>
		<wp:post_modified_gmt><![CDATA[2020-07-13 00:00:29]]></wp:post_modified_gmt>
		<wp:comment_status><![CDATA[open]]></wp:comment_status>
		<wp:ping_status><![CDATA[closed]]></wp:ping_status>
		<wp:post_name><![CDATA[mercedes-barrios-gonzalez]]></wp:post_name>
		<wp:status><![CDATA[publish]]></wp:status>
		<wp:post_parent>0</wp:post_parent>
		<wp:menu_order>0</wp:menu_order>
		<wp:post_type><![CDATA[valpa_obituario_pt]]></wp:post_type>
		<wp:post_password><![CDATA[]]></wp:post_password>
		<wp:is_sticky>0</wp:is_sticky>
														<wp:postmeta>
		<wp:meta_key><![CDATA[_wp_old_date]]></wp:meta_key>
		<wp:meta_value><![CDATA[2020-08-28]]></wp:meta_value>
		</wp:postmeta>
							<wp:postmeta>
		<wp:meta_key><![CDATA[valpa_no_homenaje_meta]]></wp:meta_key>
		<wp:meta_value><![CDATA[0020000286]]></wp:meta_value>
		</wp:postmeta>
							<wp:postmeta>
		<wp:meta_key><![CDATA[valpa_nacimiento_dia_meta]]></wp:meta_key>
		<wp:meta_value><![CDATA[23]]></wp:meta_value>
		</wp:postmeta>
							<wp:postmeta>
		<wp:meta_key><![CDATA[valpa_nacimiento_mes_meta]]></wp:meta_key>
		<wp:meta_value><![CDATA[12]]></wp:meta_value>
		</wp:postmeta>
							<wp:postmeta>
		<wp:meta_key><![CDATA[valpa_nacimiento_ano_meta]]></wp:meta_key>
		<wp:meta_value><![CDATA[1951]]></wp:meta_value>
		</wp:postmeta>
							<wp:postmeta>
		<wp:meta_key><![CDATA[post_views_count]]></wp:meta_key>
		<wp:meta_value><![CDATA[50]]></wp:meta_value>
		</wp:postmeta>
							</item>
					<item>
		<title><![CDATA[Rosa Elena Rivera Celso]]></title>
		<link>http://localhost/sass-wp/obituario/rosa-elena-rivera-celso/</link>
		<pubDate>Tue, 14 Jul 2020 00:00:08 +0000</pubDate>
		<dc:creator><![CDATA[webmaster]]></dc:creator>
		<guid isPermaLink="false">http://valparaiso.com.mx/?post_type=valpa_obituario_pt&#038;p=612</guid>
		<description></description>
		<content:encoded><![CDATA[]]></content:encoded>
		<excerpt:encoded><![CDATA[]]></excerpt:encoded>
		<wp:post_id>612</wp:post_id>
		<wp:post_date><![CDATA[2020-07-14 00:00:08]]></wp:post_date>
		<wp:post_date_gmt><![CDATA[2020-07-14 00:00:08]]></wp:post_date_gmt>
		<wp:post_modified><![CDATA[2020-07-14 00:00:08]]></wp:post_modified>
		<wp:post_modified_gmt><![CDATA[2020-07-14 00:00:08]]></wp:post_modified_gmt>
		<wp:comment_status><![CDATA[open]]></wp:comment_status>
		<wp:ping_status><![CDATA[closed]]></wp:ping_status>
		<wp:post_name><![CDATA[rosa-elena-rivera-celso]]></wp:post_name>
		<wp:status><![CDATA[publish]]></wp:status>
		<wp:post_parent>0</wp:post_parent>
		<wp:menu_order>0</wp:menu_order>
		<wp:post_type><![CDATA[valpa_obituario_pt]]></wp:post_type>
		<wp:post_password><![CDATA[]]></wp:post_password>
		<wp:is_sticky>0</wp:is_sticky>
														<wp:postmeta>
		<wp:meta_key><![CDATA[_wp_old_date]]></wp:meta_key>
		<wp:meta_value><![CDATA[2020-08-28]]></wp:meta_value>
		</wp:postmeta>
							<wp:postmeta>
		<wp:meta_key><![CDATA[valpa_no_homenaje_meta]]></wp:meta_key>
		<wp:meta_value><![CDATA[0020000287]]></wp:meta_value>
		</wp:postmeta>
							<wp:postmeta>
		<wp:meta_key><![CDATA[valpa_nacimiento_dia_meta]]></wp:meta_key>
		<wp:meta_value><![CDATA[22]]></wp:meta_value>
		</wp:postmeta>
							<wp:postmeta>
		<wp:meta_key><![CDATA[valpa_nacimiento_mes_meta]]></wp:meta_key>
		<wp:meta_value><![CDATA[09]]></wp:meta_value>
		</wp:postmeta>
							<wp:postmeta>
		<wp:meta_key><![CDATA[valpa_nacimiento_ano_meta]]></wp:meta_key>
		<wp:meta_value><![CDATA[1972]]></wp:meta_value>
		</wp:postmeta>
							<wp:postmeta>
		<wp:meta_key><![CDATA[post_views_count]]></wp:meta_key>
		<wp:meta_value><![CDATA[70]]></wp:meta_value>
		</wp:postmeta>
							</item>
					<item>
		<title><![CDATA[Rosa Santillan Rosales]]></title>
		<link>http://localhost/sass-wp/obituario/rosa-santillan-rosales/</link>
		<pubDate>Tue, 14 Jul 2020 00:00:54 +0000</pubDate>
		<dc:creator><![CDATA[webmaster]]></dc:creator>
		<guid isPermaLink="false">http://valparaiso.com.mx/?post_type=valpa_obituario_pt&#038;p=613</guid>
		<description></description>
		<content:encoded><![CDATA[]]></content:encoded>
		<excerpt:encoded><![CDATA[]]></excerpt:encoded>
		<wp:post_id>613</wp:post_id>
		<wp:post_date><![CDATA[2020-07-14 00:00:54]]></wp:post_date>
		<wp:post_date_gmt><![CDATA[2020-07-14 00:00:54]]></wp:post_date_gmt>
		<wp:post_modified><![CDATA[2020-07-14 00:00:54]]></wp:post_modified>
		<wp:post_modified_gmt><![CDATA[2020-07-14 00:00:54]]></wp:post_modified_gmt>
		<wp:comment_status><![CDATA[open]]></wp:comment_status>
		<wp:ping_status><![CDATA[closed]]></wp:ping_status>
		<wp:post_name><![CDATA[rosa-santillan-rosales]]></wp:post_name>
		<wp:status><![CDATA[publish]]></wp:status>
		<wp:post_parent>0</wp:post_parent>
		<wp:menu_order>0</wp:menu_order>
		<wp:post_type><![CDATA[valpa_obituario_pt]]></wp:post_type>
		<wp:post_password><![CDATA[]]></wp:post_password>
		<wp:is_sticky>0</wp:is_sticky>
														<wp:postmeta>
		<wp:meta_key><![CDATA[_wp_old_date]]></wp:meta_key>
		<wp:meta_value><![CDATA[2020-08-28]]></wp:meta_value>
		</wp:postmeta>
							<wp:postmeta>
		<wp:meta_key><![CDATA[valpa_no_homenaje_meta]]></wp:meta_key>
		<wp:meta_value><![CDATA[0020000288]]></wp:meta_value>
		</wp:postmeta>
							<wp:postmeta>
		<wp:meta_key><![CDATA[valpa_nacimiento_dia_meta]]></wp:meta_key>
		<wp:meta_value><![CDATA[28]]></wp:meta_value>
		</wp:postmeta>
							<wp:postmeta>
		<wp:meta_key><![CDATA[valpa_nacimiento_mes_meta]]></wp:meta_key>
		<wp:meta_value><![CDATA[03]]></wp:meta_value>
		</wp:postmeta>
							<wp:postmeta>
		<wp:meta_key><![CDATA[valpa_nacimiento_ano_meta]]></wp:meta_key>
		<wp:meta_value><![CDATA[1954]]></wp:meta_value>
		</wp:postmeta>
							<wp:postmeta>
		<wp:meta_key><![CDATA[post_views_count]]></wp:meta_key>
		<wp:meta_value><![CDATA[64]]></wp:meta_value>
		</wp:postmeta>
							</item>
					<item>
		<title><![CDATA[Carmen Guadalupe Vena Camino]]></title>
		<link>http://localhost/sass-wp/obituario/carmen-guadalupe-vena-camino/</link>
		<pubDate>Tue, 14 Jul 2020 00:00:29 +0000</pubDate>
		<dc:creator><![CDATA[webmaster]]></dc:creator>
		<guid isPermaLink="false">http://valparaiso.com.mx/?post_type=valpa_obituario_pt&#038;p=614</guid>
		<description></description>
		<content:encoded><![CDATA[]]></content:encoded>
		<excerpt:encoded><![CDATA[]]></excerpt:encoded>
		<wp:post_id>614</wp:post_id>
		<wp:post_date><![CDATA[2020-07-14 00:00:29]]></wp:post_date>
		<wp:post_date_gmt><![CDATA[2020-07-14 00:00:29]]></wp:post_date_gmt>
		<wp:post_modified><![CDATA[2020-07-14 00:00:29]]></wp:post_modified>
		<wp:post_modified_gmt><![CDATA[2020-07-14 00:00:29]]></wp:post_modified_gmt>
		<wp:comment_status><![CDATA[open]]></wp:comment_status>
		<wp:ping_status><![CDATA[closed]]></wp:ping_status>
		<wp:post_name><![CDATA[carmen-guadalupe-vena-camino]]></wp:post_name>
		<wp:status><![CDATA[publish]]></wp:status>
		<wp:post_parent>0</wp:post_parent>
		<wp:menu_order>0</wp:menu_order>
		<wp:post_type><![CDATA[valpa_obituario_pt]]></wp:post_type>
		<wp:post_password><![CDATA[]]></wp:post_password>
		<wp:is_sticky>0</wp:is_sticky>
														<wp:postmeta>
		<wp:meta_key><![CDATA[_wp_old_date]]></wp:meta_key>
		<wp:meta_value><![CDATA[2020-08-28]]></wp:meta_value>
		</wp:postmeta>
							<wp:postmeta>
		<wp:meta_key><![CDATA[valpa_no_homenaje_meta]]></wp:meta_key>
		<wp:meta_value><![CDATA[0020000289]]></wp:meta_value>
		</wp:postmeta>
							<wp:postmeta>
		<wp:meta_key><![CDATA[valpa_nacimiento_dia_meta]]></wp:meta_key>
		<wp:meta_value><![CDATA[15]]></wp:meta_value>
		</wp:postmeta>
							<wp:postmeta>
		<wp:meta_key><![CDATA[valpa_nacimiento_mes_meta]]></wp:meta_key>
		<wp:meta_value><![CDATA[07]]></wp:meta_value>
		</wp:postmeta>
							<wp:postmeta>
		<wp:meta_key><![CDATA[valpa_nacimiento_ano_meta]]></wp:meta_key>
		<wp:meta_value><![CDATA[1939]]></wp:meta_value>
		</wp:postmeta>
							<wp:postmeta>
		<wp:meta_key><![CDATA[post_views_count]]></wp:meta_key>
		<wp:meta_value><![CDATA[49]]></wp:meta_value>
		</wp:postmeta>
							</item>
					<item>
		<title><![CDATA[Gregorio Castillo Solis]]></title>
		<link>http://localhost/sass-wp/obituario/gregorio-castillo-solis/</link>
		<pubDate>Tue, 14 Jul 2020 00:00:07 +0000</pubDate>
		<dc:creator><![CDATA[webmaster]]></dc:creator>
		<guid isPermaLink="false">http://valparaiso.com.mx/?post_type=valpa_obituario_pt&#038;p=615</guid>
		<description></description>
		<content:encoded><![CDATA[]]></content:encoded>
		<excerpt:encoded><![CDATA[]]></excerpt:encoded>
		<wp:post_id>615</wp:post_id>
		<wp:post_date><![CDATA[2020-07-14 00:00:07]]></wp:post_date>
		<wp:post_date_gmt><![CDATA[2020-07-14 00:00:07]]></wp:post_date_gmt>
		<wp:post_modified><![CDATA[2020-07-14 00:00:07]]></wp:post_modified>
		<wp:post_modified_gmt><![CDATA[2020-07-14 00:00:07]]></wp:post_modified_gmt>
		<wp:comment_status><![CDATA[open]]></wp:comment_status>
		<wp:ping_status><![CDATA[closed]]></wp:ping_status>
		<wp:post_name><![CDATA[gregorio-castillo-solis]]></wp:post_name>
		<wp:status><![CDATA[publish]]></wp:status>
		<wp:post_parent>0</wp:post_parent>
		<wp:menu_order>0</wp:menu_order>
		<wp:post_type><![CDATA[valpa_obituario_pt]]></wp:post_type>
		<wp:post_password><![CDATA[]]></wp:post_password>
		<wp:is_sticky>0</wp:is_sticky>
														<wp:postmeta>
		<wp:meta_key><![CDATA[_wp_old_date]]></wp:meta_key>
		<wp:meta_value><![CDATA[2020-08-28]]></wp:meta_value>
		</wp:postmeta>
							<wp:postmeta>
		<wp:meta_key><![CDATA[valpa_no_homenaje_meta]]></wp:meta_key>
		<wp:meta_value><![CDATA[0020000290]]></wp:meta_value>
		</wp:postmeta>
							<wp:postmeta>
		<wp:meta_key><![CDATA[valpa_nacimiento_dia_meta]]></wp:meta_key>
		<wp:meta_value><![CDATA[17]]></wp:meta_value>
		</wp:postmeta>
							<wp:postmeta>
		<wp:meta_key><![CDATA[valpa_nacimiento_mes_meta]]></wp:meta_key>
		<wp:meta_value><![CDATA[05]]></wp:meta_value>
		</wp:postmeta>
							<wp:postmeta>
		<wp:meta_key><![CDATA[valpa_nacimiento_ano_meta]]></wp:meta_key>
		<wp:meta_value><![CDATA[1943]]></wp:meta_value>
		</wp:postmeta>
							<wp:postmeta>
		<wp:meta_key><![CDATA[post_views_count]]></wp:meta_key>
		<wp:meta_value><![CDATA[56]]></wp:meta_value>
		</wp:postmeta>
							</item>
					<item>
		<title><![CDATA[Rutilo Rivera Estrada]]></title>
		<link>http://localhost/sass-wp/obituario/rutilo-rivera-estrada/</link>
		<pubDate>Wed, 15 Jul 2020 00:00:54 +0000</pubDate>
		<dc:creator><![CDATA[webmaster]]></dc:creator>
		<guid isPermaLink="false">http://valparaiso.com.mx/?post_type=valpa_obituario_pt&#038;p=616</guid>
		<description></description>
		<content:encoded><![CDATA[]]></content:encoded>
		<excerpt:encoded><![CDATA[]]></excerpt:encoded>
		<wp:post_id>616</wp:post_id>
		<wp:post_date><![CDATA[2020-07-15 00:00:54]]></wp:post_date>
		<wp:post_date_gmt><![CDATA[2020-07-15 00:00:54]]></wp:post_date_gmt>
		<wp:post_modified><![CDATA[2020-07-15 00:00:54]]></wp:post_modified>
		<wp:post_modified_gmt><![CDATA[2020-07-15 00:00:54]]></wp:post_modified_gmt>
		<wp:comment_status><![CDATA[open]]></wp:comment_status>
		<wp:ping_status><![CDATA[closed]]></wp:ping_status>
		<wp:post_name><![CDATA[rutilo-rivera-estrada]]></wp:post_name>
		<wp:status><![CDATA[publish]]></wp:status>
		<wp:post_parent>0</wp:post_parent>
		<wp:menu_order>0</wp:menu_order>
		<wp:post_type><![CDATA[valpa_obituario_pt]]></wp:post_type>
		<wp:post_password><![CDATA[]]></wp:post_password>
		<wp:is_sticky>0</wp:is_sticky>
														<wp:postmeta>
		<wp:meta_key><![CDATA[_wp_old_date]]></wp:meta_key>
		<wp:meta_value><![CDATA[2020-08-28]]></wp:meta_value>
		</wp:postmeta>
							<wp:postmeta>
		<wp:meta_key><![CDATA[valpa_no_homenaje_meta]]></wp:meta_key>
		<wp:meta_value><![CDATA[0020000291]]></wp:meta_value>
		</wp:postmeta>
							<wp:postmeta>
		<wp:meta_key><![CDATA[valpa_nacimiento_dia_meta]]></wp:meta_key>
		<wp:meta_value><![CDATA[03]]></wp:meta_value>
		</wp:postmeta>
							<wp:postmeta>
		<wp:meta_key><![CDATA[valpa_nacimiento_mes_meta]]></wp:meta_key>
		<wp:meta_value><![CDATA[06]]></wp:meta_value>
		</wp:postmeta>
							<wp:postmeta>
		<wp:meta_key><![CDATA[valpa_nacimiento_ano_meta]]></wp:meta_key>
		<wp:meta_value><![CDATA[1940]]></wp:meta_value>
		</wp:postmeta>
							<wp:postmeta>
		<wp:meta_key><![CDATA[post_views_count]]></wp:meta_key>
		<wp:meta_value><![CDATA[56]]></wp:meta_value>
		</wp:postmeta>
							</item>
					<item>
		<title><![CDATA[Eduardo Pedro Fuentes Perez]]></title>
		<link>http://localhost/sass-wp/obituario/eduardo-pedro-fuentes-perez/</link>
		<pubDate>Wed, 15 Jul 2020 00:00:57 +0000</pubDate>
		<dc:creator><![CDATA[webmaster]]></dc:creator>
		<guid isPermaLink="false">http://valparaiso.com.mx/?post_type=valpa_obituario_pt&#038;p=617</guid>
		<description></description>
		<content:encoded><![CDATA[]]></content:encoded>
		<excerpt:encoded><![CDATA[]]></excerpt:encoded>
		<wp:post_id>617</wp:post_id>
		<wp:post_date><![CDATA[2020-07-15 00:00:57]]></wp:post_date>
		<wp:post_date_gmt><![CDATA[2020-07-15 00:00:57]]></wp:post_date_gmt>
		<wp:post_modified><![CDATA[2020-07-15 00:00:57]]></wp:post_modified>
		<wp:post_modified_gmt><![CDATA[2020-07-15 00:00:57]]></wp:post_modified_gmt>
		<wp:comment_status><![CDATA[open]]></wp:comment_status>
		<wp:ping_status><![CDATA[closed]]></wp:ping_status>
		<wp:post_name><![CDATA[eduardo-pedro-fuentes-perez]]></wp:post_name>
		<wp:status><![CDATA[publish]]></wp:status>
		<wp:post_parent>0</wp:post_parent>
		<wp:menu_order>0</wp:menu_order>
		<wp:post_type><![CDATA[valpa_obituario_pt]]></wp:post_type>
		<wp:post_password><![CDATA[]]></wp:post_password>
		<wp:is_sticky>0</wp:is_sticky>
														<wp:postmeta>
		<wp:meta_key><![CDATA[_wp_old_date]]></wp:meta_key>
		<wp:meta_value><![CDATA[2020-08-28]]></wp:meta_value>
		</wp:postmeta>
							<wp:postmeta>
		<wp:meta_key><![CDATA[valpa_no_homenaje_meta]]></wp:meta_key>
		<wp:meta_value><![CDATA[0020000292]]></wp:meta_value>
		</wp:postmeta>
							<wp:postmeta>
		<wp:meta_key><![CDATA[valpa_nacimiento_dia_meta]]></wp:meta_key>
		<wp:meta_value><![CDATA[13]]></wp:meta_value>
		</wp:postmeta>
							<wp:postmeta>
		<wp:meta_key><![CDATA[valpa_nacimiento_mes_meta]]></wp:meta_key>
		<wp:meta_value><![CDATA[10]]></wp:meta_value>
		</wp:postmeta>
							<wp:postmeta>
		<wp:meta_key><![CDATA[valpa_nacimiento_ano_meta]]></wp:meta_key>
		<wp:meta_value><![CDATA[1930]]></wp:meta_value>
		</wp:postmeta>
							<wp:postmeta>
		<wp:meta_key><![CDATA[post_views_count]]></wp:meta_key>
		<wp:meta_value><![CDATA[90]]></wp:meta_value>
		</wp:postmeta>
							</item>
					<item>
		<title><![CDATA[Maria Antonia Avila Castro]]></title>
		<link>http://localhost/sass-wp/obituario/maria-antonia-avila-castro/</link>
		<pubDate>Thu, 16 Jul 2020 00:00:24 +0000</pubDate>
		<dc:creator><![CDATA[webmaster]]></dc:creator>
		<guid isPermaLink="false">http://valparaiso.com.mx/?post_type=valpa_obituario_pt&#038;p=618</guid>
		<description></description>
		<content:encoded><![CDATA[]]></content:encoded>
		<excerpt:encoded><![CDATA[]]></excerpt:encoded>
		<wp:post_id>618</wp:post_id>
		<wp:post_date><![CDATA[2020-07-16 00:00:24]]></wp:post_date>
		<wp:post_date_gmt><![CDATA[2020-07-16 00:00:24]]></wp:post_date_gmt>
		<wp:post_modified><![CDATA[2020-07-16 00:00:24]]></wp:post_modified>
		<wp:post_modified_gmt><![CDATA[2020-07-16 00:00:24]]></wp:post_modified_gmt>
		<wp:comment_status><![CDATA[open]]></wp:comment_status>
		<wp:ping_status><![CDATA[closed]]></wp:ping_status>
		<wp:post_name><![CDATA[maria-antonia-avila-castro]]></wp:post_name>
		<wp:status><![CDATA[publish]]></wp:status>
		<wp:post_parent>0</wp:post_parent>
		<wp:menu_order>0</wp:menu_order>
		<wp:post_type><![CDATA[valpa_obituario_pt]]></wp:post_type>
		<wp:post_password><![CDATA[]]></wp:post_password>
		<wp:is_sticky>0</wp:is_sticky>
														<wp:postmeta>
		<wp:meta_key><![CDATA[_wp_old_date]]></wp:meta_key>
		<wp:meta_value><![CDATA[2020-08-28]]></wp:meta_value>
		</wp:postmeta>
							<wp:postmeta>
		<wp:meta_key><![CDATA[valpa_no_homenaje_meta]]></wp:meta_key>
		<wp:meta_value><![CDATA[0020000293]]></wp:meta_value>
		</wp:postmeta>
							<wp:postmeta>
		<wp:meta_key><![CDATA[valpa_nacimiento_dia_meta]]></wp:meta_key>
		<wp:meta_value><![CDATA[13]]></wp:meta_value>
		</wp:postmeta>
							<wp:postmeta>
		<wp:meta_key><![CDATA[valpa_nacimiento_mes_meta]]></wp:meta_key>
		<wp:meta_value><![CDATA[06]]></wp:meta_value>
		</wp:postmeta>
							<wp:postmeta>
		<wp:meta_key><![CDATA[valpa_nacimiento_ano_meta]]></wp:meta_key>
		<wp:meta_value><![CDATA[1956]]></wp:meta_value>
		</wp:postmeta>
							<wp:postmeta>
		<wp:meta_key><![CDATA[post_views_count]]></wp:meta_key>
		<wp:meta_value><![CDATA[60]]></wp:meta_value>
		</wp:postmeta>
							</item>
					<item>
		<title><![CDATA[Jose Enrique Hernandez Garces]]></title>
		<link>http://localhost/sass-wp/obituario/jose-enrique-hernandez-garces/</link>
		<pubDate>Thu, 16 Jul 2020 00:00:00 +0000</pubDate>
		<dc:creator><![CDATA[webmaster]]></dc:creator>
		<guid isPermaLink="false">http://valparaiso.com.mx/?post_type=valpa_obituario_pt&#038;p=619</guid>
		<description></description>
		<content:encoded><![CDATA[]]></content:encoded>
		<excerpt:encoded><![CDATA[]]></excerpt:encoded>
		<wp:post_id>619</wp:post_id>
		<wp:post_date><![CDATA[2020-07-16 00:00:00]]></wp:post_date>
		<wp:post_date_gmt><![CDATA[2020-07-16 00:00:00]]></wp:post_date_gmt>
		<wp:post_modified><![CDATA[2020-07-16 00:00:00]]></wp:post_modified>
		<wp:post_modified_gmt><![CDATA[2020-07-16 00:00:00]]></wp:post_modified_gmt>
		<wp:comment_status><![CDATA[open]]></wp:comment_status>
		<wp:ping_status><![CDATA[closed]]></wp:ping_status>
		<wp:post_name><![CDATA[jose-enrique-hernandez-garces]]></wp:post_name>
		<wp:status><![CDATA[publish]]></wp:status>
		<wp:post_parent>0</wp:post_parent>
		<wp:menu_order>0</wp:menu_order>
		<wp:post_type><![CDATA[valpa_obituario_pt]]></wp:post_type>
		<wp:post_password><![CDATA[]]></wp:post_password>
		<wp:is_sticky>0</wp:is_sticky>
														<wp:postmeta>
		<wp:meta_key><![CDATA[_wp_old_date]]></wp:meta_key>
		<wp:meta_value><![CDATA[2020-08-28]]></wp:meta_value>
		</wp:postmeta>
							<wp:postmeta>
		<wp:meta_key><![CDATA[valpa_no_homenaje_meta]]></wp:meta_key>
		<wp:meta_value><![CDATA[0020000294]]></wp:meta_value>
		</wp:postmeta>
							<wp:postmeta>
		<wp:meta_key><![CDATA[valpa_nacimiento_dia_meta]]></wp:meta_key>
		<wp:meta_value><![CDATA[25]]></wp:meta_value>
		</wp:postmeta>
							<wp:postmeta>
		<wp:meta_key><![CDATA[valpa_nacimiento_mes_meta]]></wp:meta_key>
		<wp:meta_value><![CDATA[10]]></wp:meta_value>
		</wp:postmeta>
							<wp:postmeta>
		<wp:meta_key><![CDATA[valpa_nacimiento_ano_meta]]></wp:meta_key>
		<wp:meta_value><![CDATA[1990]]></wp:meta_value>
		</wp:postmeta>
							<wp:postmeta>
		<wp:meta_key><![CDATA[post_views_count]]></wp:meta_key>
		<wp:meta_value><![CDATA[62]]></wp:meta_value>
		</wp:postmeta>
							</item>
					<item>
		<title><![CDATA[Jose Guadalupe Pedraza Esquivel]]></title>
		<link>http://localhost/sass-wp/obituario/jose-guadalupe-pedraza-esquivel/</link>
		<pubDate>Thu, 16 Jul 2020 00:00:38 +0000</pubDate>
		<dc:creator><![CDATA[webmaster]]></dc:creator>
		<guid isPermaLink="false">http://valparaiso.com.mx/?post_type=valpa_obituario_pt&#038;p=620</guid>
		<description></description>
		<content:encoded><![CDATA[]]></content:encoded>
		<excerpt:encoded><![CDATA[]]></excerpt:encoded>
		<wp:post_id>620</wp:post_id>
		<wp:post_date><![CDATA[2020-07-16 00:00:38]]></wp:post_date>
		<wp:post_date_gmt><![CDATA[2020-07-16 00:00:38]]></wp:post_date_gmt>
		<wp:post_modified><![CDATA[2020-07-16 00:00:38]]></wp:post_modified>
		<wp:post_modified_gmt><![CDATA[2020-07-16 00:00:38]]></wp:post_modified_gmt>
		<wp:comment_status><![CDATA[open]]></wp:comment_status>
		<wp:ping_status><![CDATA[closed]]></wp:ping_status>
		<wp:post_name><![CDATA[jose-guadalupe-pedraza-esquivel]]></wp:post_name>
		<wp:status><![CDATA[publish]]></wp:status>
		<wp:post_parent>0</wp:post_parent>
		<wp:menu_order>0</wp:menu_order>
		<wp:post_type><![CDATA[valpa_obituario_pt]]></wp:post_type>
		<wp:post_password><![CDATA[]]></wp:post_password>
		<wp:is_sticky>0</wp:is_sticky>
														<wp:postmeta>
		<wp:meta_key><![CDATA[_wp_old_date]]></wp:meta_key>
		<wp:meta_value><![CDATA[2020-08-28]]></wp:meta_value>
		</wp:postmeta>
							<wp:postmeta>
		<wp:meta_key><![CDATA[valpa_no_homenaje_meta]]></wp:meta_key>
		<wp:meta_value><![CDATA[0020000295]]></wp:meta_value>
		</wp:postmeta>
							<wp:postmeta>
		<wp:meta_key><![CDATA[valpa_nacimiento_dia_meta]]></wp:meta_key>
		<wp:meta_value><![CDATA[01]]></wp:meta_value>
		</wp:postmeta>
							<wp:postmeta>
		<wp:meta_key><![CDATA[valpa_nacimiento_mes_meta]]></wp:meta_key>
		<wp:meta_value><![CDATA[11]]></wp:meta_value>
		</wp:postmeta>
							<wp:postmeta>
		<wp:meta_key><![CDATA[valpa_nacimiento_ano_meta]]></wp:meta_key>
		<wp:meta_value><![CDATA[1963]]></wp:meta_value>
		</wp:postmeta>
							<wp:postmeta>
		<wp:meta_key><![CDATA[post_views_count]]></wp:meta_key>
		<wp:meta_value><![CDATA[57]]></wp:meta_value>
		</wp:postmeta>
							</item>
					<item>
		<title><![CDATA[Beatriz Estrada Carrillo]]></title>
		<link>http://localhost/sass-wp/obituario/beatriz-estrada-carrillo/</link>
		<pubDate>Fri, 17 Jul 2020 00:00:19 +0000</pubDate>
		<dc:creator><![CDATA[webmaster]]></dc:creator>
		<guid isPermaLink="false">http://valparaiso.com.mx/?post_type=valpa_obituario_pt&#038;p=621</guid>
		<description></description>
		<content:encoded><![CDATA[]]></content:encoded>
		<excerpt:encoded><![CDATA[]]></excerpt:encoded>
		<wp:post_id>621</wp:post_id>
		<wp:post_date><![CDATA[2020-07-17 00:00:19]]></wp:post_date>
		<wp:post_date_gmt><![CDATA[2020-07-17 00:00:19]]></wp:post_date_gmt>
		<wp:post_modified><![CDATA[2020-07-17 00:00:19]]></wp:post_modified>
		<wp:post_modified_gmt><![CDATA[2020-07-17 00:00:19]]></wp:post_modified_gmt>
		<wp:comment_status><![CDATA[open]]></wp:comment_status>
		<wp:ping_status><![CDATA[closed]]></wp:ping_status>
		<wp:post_name><![CDATA[beatriz-estrada-carrillo]]></wp:post_name>
		<wp:status><![CDATA[publish]]></wp:status>
		<wp:post_parent>0</wp:post_parent>
		<wp:menu_order>0</wp:menu_order>
		<wp:post_type><![CDATA[valpa_obituario_pt]]></wp:post_type>
		<wp:post_password><![CDATA[]]></wp:post_password>
		<wp:is_sticky>0</wp:is_sticky>
														<wp:postmeta>
		<wp:meta_key><![CDATA[_wp_old_date]]></wp:meta_key>
		<wp:meta_value><![CDATA[2020-08-28]]></wp:meta_value>
		</wp:postmeta>
							<wp:postmeta>
		<wp:meta_key><![CDATA[valpa_no_homenaje_meta]]></wp:meta_key>
		<wp:meta_value><![CDATA[0020000296]]></wp:meta_value>
		</wp:postmeta>
							<wp:postmeta>
		<wp:meta_key><![CDATA[valpa_nacimiento_dia_meta]]></wp:meta_key>
		<wp:meta_value><![CDATA[29]]></wp:meta_value>
		</wp:postmeta>
							<wp:postmeta>
		<wp:meta_key><![CDATA[valpa_nacimiento_mes_meta]]></wp:meta_key>
		<wp:meta_value><![CDATA[07]]></wp:meta_value>
		</wp:postmeta>
							<wp:postmeta>
		<wp:meta_key><![CDATA[valpa_nacimiento_ano_meta]]></wp:meta_key>
		<wp:meta_value><![CDATA[1961]]></wp:meta_value>
		</wp:postmeta>
							<wp:postmeta>
		<wp:meta_key><![CDATA[post_views_count]]></wp:meta_key>
		<wp:meta_value><![CDATA[46]]></wp:meta_value>
		</wp:postmeta>
							</item>
					<item>
		<title><![CDATA[Paula Diaz Adalid]]></title>
		<link>http://localhost/sass-wp/obituario/paula-diaz-adalid/</link>
		<pubDate>Fri, 17 Jul 2020 00:00:52 +0000</pubDate>
		<dc:creator><![CDATA[webmaster]]></dc:creator>
		<guid isPermaLink="false">http://valparaiso.com.mx/?post_type=valpa_obituario_pt&#038;p=622</guid>
		<description></description>
		<content:encoded><![CDATA[]]></content:encoded>
		<excerpt:encoded><![CDATA[]]></excerpt:encoded>
		<wp:post_id>622</wp:post_id>
		<wp:post_date><![CDATA[2020-07-17 00:00:52]]></wp:post_date>
		<wp:post_date_gmt><![CDATA[2020-07-17 00:00:52]]></wp:post_date_gmt>
		<wp:post_modified><![CDATA[2020-07-17 00:00:52]]></wp:post_modified>
		<wp:post_modified_gmt><![CDATA[2020-07-17 00:00:52]]></wp:post_modified_gmt>
		<wp:comment_status><![CDATA[open]]></wp:comment_status>
		<wp:ping_status><![CDATA[closed]]></wp:ping_status>
		<wp:post_name><![CDATA[paula-diaz-adalid]]></wp:post_name>
		<wp:status><![CDATA[publish]]></wp:status>
		<wp:post_parent>0</wp:post_parent>
		<wp:menu_order>0</wp:menu_order>
		<wp:post_type><![CDATA[valpa_obituario_pt]]></wp:post_type>
		<wp:post_password><![CDATA[]]></wp:post_password>
		<wp:is_sticky>0</wp:is_sticky>
														<wp:postmeta>
		<wp:meta_key><![CDATA[_wp_old_date]]></wp:meta_key>
		<wp:meta_value><![CDATA[2020-08-28]]></wp:meta_value>
		</wp:postmeta>
							<wp:postmeta>
		<wp:meta_key><![CDATA[valpa_no_homenaje_meta]]></wp:meta_key>
		<wp:meta_value><![CDATA[0020000291]]></wp:meta_value>
		</wp:postmeta>
							<wp:postmeta>
		<wp:meta_key><![CDATA[valpa_nacimiento_dia_meta]]></wp:meta_key>
		<wp:meta_value><![CDATA[26]]></wp:meta_value>
		</wp:postmeta>
							<wp:postmeta>
		<wp:meta_key><![CDATA[valpa_nacimiento_mes_meta]]></wp:meta_key>
		<wp:meta_value><![CDATA[06]]></wp:meta_value>
		</wp:postmeta>
							<wp:postmeta>
		<wp:meta_key><![CDATA[valpa_nacimiento_ano_meta]]></wp:meta_key>
		<wp:meta_value><![CDATA[1943]]></wp:meta_value>
		</wp:postmeta>
							<wp:postmeta>
		<wp:meta_key><![CDATA[post_views_count]]></wp:meta_key>
		<wp:meta_value><![CDATA[61]]></wp:meta_value>
		</wp:postmeta>
							</item>
					<item>
		<title><![CDATA[Fernando Fernandez Granados]]></title>
		<link>http://localhost/sass-wp/obituario/fernando-fernandez-granados/</link>
		<pubDate>Fri, 17 Jul 2020 00:00:25 +0000</pubDate>
		<dc:creator><![CDATA[webmaster]]></dc:creator>
		<guid isPermaLink="false">http://valparaiso.com.mx/?post_type=valpa_obituario_pt&#038;p=623</guid>
		<description></description>
		<content:encoded><![CDATA[]]></content:encoded>
		<excerpt:encoded><![CDATA[]]></excerpt:encoded>
		<wp:post_id>623</wp:post_id>
		<wp:post_date><![CDATA[2020-07-17 00:00:25]]></wp:post_date>
		<wp:post_date_gmt><![CDATA[2020-07-17 00:00:25]]></wp:post_date_gmt>
		<wp:post_modified><![CDATA[2020-07-17 00:00:25]]></wp:post_modified>
		<wp:post_modified_gmt><![CDATA[2020-07-17 00:00:25]]></wp:post_modified_gmt>
		<wp:comment_status><![CDATA[open]]></wp:comment_status>
		<wp:ping_status><![CDATA[closed]]></wp:ping_status>
		<wp:post_name><![CDATA[fernando-fernandez-granados]]></wp:post_name>
		<wp:status><![CDATA[publish]]></wp:status>
		<wp:post_parent>0</wp:post_parent>
		<wp:menu_order>0</wp:menu_order>
		<wp:post_type><![CDATA[valpa_obituario_pt]]></wp:post_type>
		<wp:post_password><![CDATA[]]></wp:post_password>
		<wp:is_sticky>0</wp:is_sticky>
														<wp:postmeta>
		<wp:meta_key><![CDATA[_wp_old_date]]></wp:meta_key>
		<wp:meta_value><![CDATA[2020-08-28]]></wp:meta_value>
		</wp:postmeta>
							<wp:postmeta>
		<wp:meta_key><![CDATA[valpa_no_homenaje_meta]]></wp:meta_key>
		<wp:meta_value><![CDATA[0020000298]]></wp:meta_value>
		</wp:postmeta>
							<wp:postmeta>
		<wp:meta_key><![CDATA[valpa_nacimiento_dia_meta]]></wp:meta_key>
		<wp:meta_value><![CDATA[30]]></wp:meta_value>
		</wp:postmeta>
							<wp:postmeta>
		<wp:meta_key><![CDATA[valpa_nacimiento_mes_meta]]></wp:meta_key>
		<wp:meta_value><![CDATA[05]]></wp:meta_value>
		</wp:postmeta>
							<wp:postmeta>
		<wp:meta_key><![CDATA[valpa_nacimiento_ano_meta]]></wp:meta_key>
		<wp:meta_value><![CDATA[1951]]></wp:meta_value>
		</wp:postmeta>
							<wp:postmeta>
		<wp:meta_key><![CDATA[post_views_count]]></wp:meta_key>
		<wp:meta_value><![CDATA[49]]></wp:meta_value>
		</wp:postmeta>
							</item>
					<item>
		<title><![CDATA[Heliberto Montiel Garcia]]></title>
		<link>http://localhost/sass-wp/obituario/heliberto-montiel-garcia/</link>
		<pubDate>Fri, 17 Jul 2020 00:00:06 +0000</pubDate>
		<dc:creator><![CDATA[webmaster]]></dc:creator>
		<guid isPermaLink="false">http://valparaiso.com.mx/?post_type=valpa_obituario_pt&#038;p=624</guid>
		<description></description>
		<content:encoded><![CDATA[]]></content:encoded>
		<excerpt:encoded><![CDATA[]]></excerpt:encoded>
		<wp:post_id>624</wp:post_id>
		<wp:post_date><![CDATA[2020-07-17 00:00:06]]></wp:post_date>
		<wp:post_date_gmt><![CDATA[2020-07-17 00:00:06]]></wp:post_date_gmt>
		<wp:post_modified><![CDATA[2020-07-17 00:00:06]]></wp:post_modified>
		<wp:post_modified_gmt><![CDATA[2020-07-17 00:00:06]]></wp:post_modified_gmt>
		<wp:comment_status><![CDATA[open]]></wp:comment_status>
		<wp:ping_status><![CDATA[closed]]></wp:ping_status>
		<wp:post_name><![CDATA[heliberto-montiel-garcia]]></wp:post_name>
		<wp:status><![CDATA[publish]]></wp:status>
		<wp:post_parent>0</wp:post_parent>
		<wp:menu_order>0</wp:menu_order>
		<wp:post_type><![CDATA[valpa_obituario_pt]]></wp:post_type>
		<wp:post_password><![CDATA[]]></wp:post_password>
		<wp:is_sticky>0</wp:is_sticky>
														<wp:postmeta>
		<wp:meta_key><![CDATA[_wp_old_date]]></wp:meta_key>
		<wp:meta_value><![CDATA[2020-08-28]]></wp:meta_value>
		</wp:postmeta>
							<wp:postmeta>
		<wp:meta_key><![CDATA[valpa_no_homenaje_meta]]></wp:meta_key>
		<wp:meta_value><![CDATA[0020000300]]></wp:meta_value>
		</wp:postmeta>
							<wp:postmeta>
		<wp:meta_key><![CDATA[valpa_nacimiento_dia_meta]]></wp:meta_key>
		<wp:meta_value><![CDATA[16]]></wp:meta_value>
		</wp:postmeta>
							<wp:postmeta>
		<wp:meta_key><![CDATA[valpa_nacimiento_mes_meta]]></wp:meta_key>
		<wp:meta_value><![CDATA[03]]></wp:meta_value>
		</wp:postmeta>
							<wp:postmeta>
		<wp:meta_key><![CDATA[valpa_nacimiento_ano_meta]]></wp:meta_key>
		<wp:meta_value><![CDATA[1946]]></wp:meta_value>
		</wp:postmeta>
							<wp:postmeta>
		<wp:meta_key><![CDATA[post_views_count]]></wp:meta_key>
		<wp:meta_value><![CDATA[60]]></wp:meta_value>
		</wp:postmeta>
							</item>
					<item>
		<title><![CDATA[Reyna Jesus Sierra Flores]]></title>
		<link>http://localhost/sass-wp/obituario/reyna-jesus-sierra-flores/</link>
		<pubDate>Sat, 18 Jul 2020 00:00:04 +0000</pubDate>
		<dc:creator><![CDATA[webmaster]]></dc:creator>
		<guid isPermaLink="false">http://valparaiso.com.mx/?post_type=valpa_obituario_pt&#038;p=625</guid>
		<description></description>
		<content:encoded><![CDATA[]]></content:encoded>
		<excerpt:encoded><![CDATA[]]></excerpt:encoded>
		<wp:post_id>625</wp:post_id>
		<wp:post_date><![CDATA[2020-07-18 00:00:04]]></wp:post_date>
		<wp:post_date_gmt><![CDATA[2020-07-18 00:00:04]]></wp:post_date_gmt>
		<wp:post_modified><![CDATA[2020-07-18 00:00:04]]></wp:post_modified>
		<wp:post_modified_gmt><![CDATA[2020-07-18 00:00:04]]></wp:post_modified_gmt>
		<wp:comment_status><![CDATA[open]]></wp:comment_status>
		<wp:ping_status><![CDATA[closed]]></wp:ping_status>
		<wp:post_name><![CDATA[reyna-jesus-sierra-flores]]></wp:post_name>
		<wp:status><![CDATA[publish]]></wp:status>
		<wp:post_parent>0</wp:post_parent>
		<wp:menu_order>0</wp:menu_order>
		<wp:post_type><![CDATA[valpa_obituario_pt]]></wp:post_type>
		<wp:post_password><![CDATA[]]></wp:post_password>
		<wp:is_sticky>0</wp:is_sticky>
														<wp:postmeta>
		<wp:meta_key><![CDATA[_wp_old_date]]></wp:meta_key>
		<wp:meta_value><![CDATA[2020-08-28]]></wp:meta_value>
		</wp:postmeta>
							<wp:postmeta>
		<wp:meta_key><![CDATA[valpa_no_homenaje_meta]]></wp:meta_key>
		<wp:meta_value><![CDATA[0020000301]]></wp:meta_value>
		</wp:postmeta>
							<wp:postmeta>
		<wp:meta_key><![CDATA[valpa_nacimiento_dia_meta]]></wp:meta_key>
		<wp:meta_value><![CDATA[06]]></wp:meta_value>
		</wp:postmeta>
							<wp:postmeta>
		<wp:meta_key><![CDATA[valpa_nacimiento_mes_meta]]></wp:meta_key>
		<wp:meta_value><![CDATA[02]]></wp:meta_value>
		</wp:postmeta>
							<wp:postmeta>
		<wp:meta_key><![CDATA[valpa_nacimiento_ano_meta]]></wp:meta_key>
		<wp:meta_value><![CDATA[1964]]></wp:meta_value>
		</wp:postmeta>
							<wp:postmeta>
		<wp:meta_key><![CDATA[post_views_count]]></wp:meta_key>
		<wp:meta_value><![CDATA[84]]></wp:meta_value>
		</wp:postmeta>
							</item>
					<item>
		<title><![CDATA[Juan Alberto Perez Sebastian]]></title>
		<link>http://localhost/sass-wp/obituario/juan-alberto-perez-sebastian/</link>
		<pubDate>Sat, 18 Jul 2020 00:00:54 +0000</pubDate>
		<dc:creator><![CDATA[webmaster]]></dc:creator>
		<guid isPermaLink="false">http://valparaiso.com.mx/?post_type=valpa_obituario_pt&#038;p=626</guid>
		<description></description>
		<content:encoded><![CDATA[<img class="alignnone size-full wp-image-2482" src="http://valparaiso.com.mx/wp-content/uploads/2020/07/1.jpeg" alt="" width="540" height="1156" /> <img class="alignnone size-medium wp-image-2483" src="http://valparaiso.com.mx/wp-content/uploads/2020/07/2.jpeg" alt="" width="140" height="300" /> <img class="alignnone size-medium wp-image-2484" src="http://valparaiso.com.mx/wp-content/uploads/2020/07/3.jpeg" alt="" width="140" height="300" /> <img class="alignnone size-medium wp-image-2485" src="http://valparaiso.com.mx/wp-content/uploads/2020/07/4.jpeg" alt="" width="140" height="300" /> <img class="alignnone size-medium wp-image-2486" src="http://valparaiso.com.mx/wp-content/uploads/2020/07/5.jpeg" alt="" width="140" height="300" /> <img class="alignnone size-medium wp-image-2487" src="http://valparaiso.com.mx/wp-content/uploads/2020/07/6.jpeg" alt="" width="140" height="300" /> <img class="alignnone size-medium wp-image-2488" src="http://valparaiso.com.mx/wp-content/uploads/2020/07/7.jpeg" alt="" width="140" height="300" /> <img class="alignnone size-medium wp-image-2489" src="http://valparaiso.com.mx/wp-content/uploads/2020/07/8.jpeg" alt="" width="140" height="300" /> <img class="alignnone size-medium wp-image-2490" src="http://valparaiso.com.mx/wp-content/uploads/2020/07/9.jpeg" alt="" width="300" height="140" /> <img class="alignnone size-medium wp-image-2491" src="http://valparaiso.com.mx/wp-content/uploads/2020/07/12.jpeg" alt="" width="140" height="300" /> <img class="alignnone size-medium wp-image-2492" src="http://valparaiso.com.mx/wp-content/uploads/2020/07/13.jpeg" alt="" width="140" height="300" /> <img class="alignnone size-medium wp-image-2493" src="http://valparaiso.com.mx/wp-content/uploads/2020/07/14.jpeg" alt="" width="140" height="300" /> <img class="alignnone size-medium wp-image-2494" src="http://valparaiso.com.mx/wp-content/uploads/2020/07/15.jpeg" alt="" width="140" height="300" /> <img class="alignnone size-medium wp-image-2495" src="http://valparaiso.com.mx/wp-content/uploads/2020/07/16.jpeg" alt="" width="140" height="300" /> <img class="alignnone size-medium wp-image-2496" src="http://valparaiso.com.mx/wp-content/uploads/2020/07/17.jpeg" alt="" width="140" height="300" />]]></content:encoded>
		<excerpt:encoded><![CDATA[]]></excerpt:encoded>
		<wp:post_id>626</wp:post_id>
		<wp:post_date><![CDATA[2020-07-18 00:00:54]]></wp:post_date>
		<wp:post_date_gmt><![CDATA[2020-07-18 00:00:54]]></wp:post_date_gmt>
		<wp:post_modified><![CDATA[2020-07-18 00:00:54]]></wp:post_modified>
		<wp:post_modified_gmt><![CDATA[2020-07-18 00:00:54]]></wp:post_modified_gmt>
		<wp:comment_status><![CDATA[open]]></wp:comment_status>
		<wp:ping_status><![CDATA[closed]]></wp:ping_status>
		<wp:post_name><![CDATA[juan-alberto-perez-sebastian]]></wp:post_name>
		<wp:status><![CDATA[publish]]></wp:status>
		<wp:post_parent>0</wp:post_parent>
		<wp:menu_order>0</wp:menu_order>
		<wp:post_type><![CDATA[valpa_obituario_pt]]></wp:post_type>
		<wp:post_password><![CDATA[]]></wp:post_password>
		<wp:is_sticky>0</wp:is_sticky>
														<wp:postmeta>
		<wp:meta_key><![CDATA[_wp_old_date]]></wp:meta_key>
		<wp:meta_value><![CDATA[2020-08-28]]></wp:meta_value>
		</wp:postmeta>
							<wp:postmeta>
		<wp:meta_key><![CDATA[valpa_no_homenaje_meta]]></wp:meta_key>
		<wp:meta_value><![CDATA[0020000302]]></wp:meta_value>
		</wp:postmeta>
							<wp:postmeta>
		<wp:meta_key><![CDATA[valpa_nacimiento_dia_meta]]></wp:meta_key>
		<wp:meta_value><![CDATA[07]]></wp:meta_value>
		</wp:postmeta>
							<wp:postmeta>
		<wp:meta_key><![CDATA[valpa_nacimiento_mes_meta]]></wp:meta_key>
		<wp:meta_value><![CDATA[04]]></wp:meta_value>
		</wp:postmeta>
							<wp:postmeta>
		<wp:meta_key><![CDATA[valpa_nacimiento_ano_meta]]></wp:meta_key>
		<wp:meta_value><![CDATA[1971]]></wp:meta_value>
		</wp:postmeta>
							<wp:postmeta>
		<wp:meta_key><![CDATA[post_views_count]]></wp:meta_key>
		<wp:meta_value><![CDATA[49]]></wp:meta_value>
		</wp:postmeta>
							</item>
					<item>
		<title><![CDATA[German Hernandez Sanchez]]></title>
		<link>http://localhost/sass-wp/obituario/german-hernandez-sanchez/</link>
		<pubDate>Sat, 18 Jul 2020 00:00:41 +0000</pubDate>
		<dc:creator><![CDATA[webmaster]]></dc:creator>
		<guid isPermaLink="false">http://valparaiso.com.mx/?post_type=valpa_obituario_pt&#038;p=627</guid>
		<description></description>
		<content:encoded><![CDATA[]]></content:encoded>
		<excerpt:encoded><![CDATA[]]></excerpt:encoded>
		<wp:post_id>627</wp:post_id>
		<wp:post_date><![CDATA[2020-07-18 00:00:41]]></wp:post_date>
		<wp:post_date_gmt><![CDATA[2020-07-18 00:00:41]]></wp:post_date_gmt>
		<wp:post_modified><![CDATA[2020-07-18 00:00:41]]></wp:post_modified>
		<wp:post_modified_gmt><![CDATA[2020-07-18 00:00:41]]></wp:post_modified_gmt>
		<wp:comment_status><![CDATA[open]]></wp:comment_status>
		<wp:ping_status><![CDATA[closed]]></wp:ping_status>
		<wp:post_name><![CDATA[german-hernandez-sanchez]]></wp:post_name>
		<wp:status><![CDATA[publish]]></wp:status>
		<wp:post_parent>0</wp:post_parent>
		<wp:menu_order>0</wp:menu_order>
		<wp:post_type><![CDATA[valpa_obituario_pt]]></wp:post_type>
		<wp:post_password><![CDATA[]]></wp:post_password>
		<wp:is_sticky>0</wp:is_sticky>
														<wp:postmeta>
		<wp:meta_key><![CDATA[_wp_old_date]]></wp:meta_key>
		<wp:meta_value><![CDATA[2020-08-28]]></wp:meta_value>
		</wp:postmeta>
							<wp:postmeta>
		<wp:meta_key><![CDATA[valpa_no_homenaje_meta]]></wp:meta_key>
		<wp:meta_value><![CDATA[0020000303]]></wp:meta_value>
		</wp:postmeta>
							<wp:postmeta>
		<wp:meta_key><![CDATA[valpa_nacimiento_dia_meta]]></wp:meta_key>
		<wp:meta_value><![CDATA[15]]></wp:meta_value>
		</wp:postmeta>
							<wp:postmeta>
		<wp:meta_key><![CDATA[valpa_nacimiento_mes_meta]]></wp:meta_key>
		<wp:meta_value><![CDATA[08]]></wp:meta_value>
		</wp:postmeta>
							<wp:postmeta>
		<wp:meta_key><![CDATA[valpa_nacimiento_ano_meta]]></wp:meta_key>
		<wp:meta_value><![CDATA[1991]]></wp:meta_value>
		</wp:postmeta>
							<wp:postmeta>
		<wp:meta_key><![CDATA[post_views_count]]></wp:meta_key>
		<wp:meta_value><![CDATA[50]]></wp:meta_value>
		</wp:postmeta>
							</item>
					<item>
		<title><![CDATA[Benita Faviola Medina Severo]]></title>
		<link>http://localhost/sass-wp/obituario/benita-faviola-medina-severo/</link>
		<pubDate>Sun, 19 Jul 2020 00:00:18 +0000</pubDate>
		<dc:creator><![CDATA[webmaster]]></dc:creator>
		<guid isPermaLink="false">http://valparaiso.com.mx/?post_type=valpa_obituario_pt&#038;p=628</guid>
		<description></description>
		<content:encoded><![CDATA[<img class="alignnone size-full wp-image-2498" src="http://valparaiso.com.mx/wp-content/uploads/2020/07/1-1.jpeg" alt="" width="960" height="1280" /> <img class="alignnone size-medium wp-image-2499" src="http://valparaiso.com.mx/wp-content/uploads/2020/07/2-1.jpeg" alt="" width="169" height="300" /> <img class="alignnone size-medium wp-image-2500" src="http://valparaiso.com.mx/wp-content/uploads/2020/07/3-1.jpeg" alt="" width="225" height="300" /> <img class="alignnone size-medium wp-image-2501" src="http://valparaiso.com.mx/wp-content/uploads/2020/07/4-1.jpeg" alt="" width="225" height="300" /> <img class="alignnone size-medium wp-image-2502" src="http://valparaiso.com.mx/wp-content/uploads/2020/07/5-1.jpeg" alt="" width="169" height="300" /> <img class="alignnone size-medium wp-image-2503" src="http://valparaiso.com.mx/wp-content/uploads/2020/07/6-1.jpeg" alt="" width="169" height="300" /> <img class="alignnone size-medium wp-image-2504" src="http://valparaiso.com.mx/wp-content/uploads/2020/07/7-1.jpeg" alt="" width="225" height="300" /> <img class="alignnone size-medium wp-image-2505" src="http://valparaiso.com.mx/wp-content/uploads/2020/07/8-1.jpeg" alt="" width="225" height="300" /> <img class="alignnone size-medium wp-image-2506" src="http://valparaiso.com.mx/wp-content/uploads/2020/07/9-1.jpeg" alt="" width="300" height="169" /> <img class="alignnone size-medium wp-image-2507" src="http://valparaiso.com.mx/wp-content/uploads/2020/07/10.jpeg" alt="" width="300" height="225" /> <img class="alignnone size-medium wp-image-2508" src="http://valparaiso.com.mx/wp-content/uploads/2020/07/11.jpeg" alt="" width="300" height="225" /> <img class="alignnone size-medium wp-image-2509" src="http://valparaiso.com.mx/wp-content/uploads/2020/07/12-1.jpeg" alt="" width="300" height="225" /> <img class="alignnone size-medium wp-image-2510" src="http://valparaiso.com.mx/wp-content/uploads/2020/07/13-1.jpeg" alt="" width="300" height="225" /> <img class="alignnone size-medium wp-image-2511" src="http://valparaiso.com.mx/wp-content/uploads/2020/07/14-1.jpeg" alt="" width="225" height="300" /> <img class="alignnone size-medium wp-image-2512" src="http://valparaiso.com.mx/wp-content/uploads/2020/07/15-1.jpeg" alt="" width="300" height="225" /> <img class="alignnone size-medium wp-image-2513" src="http://valparaiso.com.mx/wp-content/uploads/2020/07/16-1.jpeg" alt="" width="300" height="225" /> <img class="alignnone size-medium wp-image-2514" src="http://valparaiso.com.mx/wp-content/uploads/2020/07/17-1.jpeg" alt="" width="165" height="300" /> <img class="alignnone size-medium wp-image-2515" src="http://valparaiso.com.mx/wp-content/uploads/2020/07/18.jpeg" alt="" width="300" height="169" /> <img class="alignnone size-medium wp-image-2516" src="http://valparaiso.com.mx/wp-content/uploads/2020/07/19.jpeg" alt="" width="300" height="225" /> <img class="alignnone size-medium wp-image-2517" src="http://valparaiso.com.mx/wp-content/uploads/2020/07/20.jpeg" alt="" width="225" height="300" /> <img class="alignnone size-medium wp-image-2518" src="http://valparaiso.com.mx/wp-content/uploads/2020/07/21.jpeg" alt="" width="165" height="300" /> <img class="alignnone size-medium wp-image-2519" src="http://valparaiso.com.mx/wp-content/uploads/2020/07/22.jpeg" alt="" width="225" height="300" /> <img class="alignnone size-medium wp-image-2520" src="http://valparaiso.com.mx/wp-content/uploads/2020/07/23.jpeg" alt="" width="225" height="300" /> <img class="alignnone size-medium wp-image-2521" src="http://valparaiso.com.mx/wp-content/uploads/2020/07/24.jpeg" alt="" width="225" height="300" /> <img class="alignnone size-medium wp-image-2522" src="http://valparaiso.com.mx/wp-content/uploads/2020/07/25.jpeg" alt="" width="300" height="225" />]]></content:encoded>
		<excerpt:encoded><![CDATA[]]></excerpt:encoded>
		<wp:post_id>628</wp:post_id>
		<wp:post_date><![CDATA[2020-07-19 00:00:18]]></wp:post_date>
		<wp:post_date_gmt><![CDATA[2020-07-19 00:00:18]]></wp:post_date_gmt>
		<wp:post_modified><![CDATA[2020-07-19 00:00:18]]></wp:post_modified>
		<wp:post_modified_gmt><![CDATA[2020-07-19 00:00:18]]></wp:post_modified_gmt>
		<wp:comment_status><![CDATA[open]]></wp:comment_status>
		<wp:ping_status><![CDATA[closed]]></wp:ping_status>
		<wp:post_name><![CDATA[benita-faviola-medina-severo]]></wp:post_name>
		<wp:status><![CDATA[publish]]></wp:status>
		<wp:post_parent>0</wp:post_parent>
		<wp:menu_order>0</wp:menu_order>
		<wp:post_type><![CDATA[valpa_obituario_pt]]></wp:post_type>
		<wp:post_password><![CDATA[]]></wp:post_password>
		<wp:is_sticky>0</wp:is_sticky>
														<wp:postmeta>
		<wp:meta_key><![CDATA[_wp_old_date]]></wp:meta_key>
		<wp:meta_value><![CDATA[2020-08-28]]></wp:meta_value>
		</wp:postmeta>
							<wp:postmeta>
		<wp:meta_key><![CDATA[valpa_no_homenaje_meta]]></wp:meta_key>
		<wp:meta_value><![CDATA[0020000304]]></wp:meta_value>
		</wp:postmeta>
							<wp:postmeta>
		<wp:meta_key><![CDATA[valpa_nacimiento_dia_meta]]></wp:meta_key>
		<wp:meta_value><![CDATA[21]]></wp:meta_value>
		</wp:postmeta>
							<wp:postmeta>
		<wp:meta_key><![CDATA[valpa_nacimiento_mes_meta]]></wp:meta_key>
		<wp:meta_value><![CDATA[03]]></wp:meta_value>
		</wp:postmeta>
							<wp:postmeta>
		<wp:meta_key><![CDATA[valpa_nacimiento_ano_meta]]></wp:meta_key>
		<wp:meta_value><![CDATA[1957]]></wp:meta_value>
		</wp:postmeta>
							<wp:postmeta>
		<wp:meta_key><![CDATA[post_views_count]]></wp:meta_key>
		<wp:meta_value><![CDATA[72]]></wp:meta_value>
		</wp:postmeta>
							</item>
					<item>
		<title><![CDATA[Enrique Narcizo Gonzalez]]></title>
		<link>http://localhost/sass-wp/obituario/enrique-narcizo-gonzalez/</link>
		<pubDate>Sun, 19 Jul 2020 00:00:06 +0000</pubDate>
		<dc:creator><![CDATA[webmaster]]></dc:creator>
		<guid isPermaLink="false">http://valparaiso.com.mx/?post_type=valpa_obituario_pt&#038;p=629</guid>
		<description></description>
		<content:encoded><![CDATA[]]></content:encoded>
		<excerpt:encoded><![CDATA[]]></excerpt:encoded>
		<wp:post_id>629</wp:post_id>
		<wp:post_date><![CDATA[2020-07-19 00:00:06]]></wp:post_date>
		<wp:post_date_gmt><![CDATA[2020-07-19 00:00:06]]></wp:post_date_gmt>
		<wp:post_modified><![CDATA[2020-07-19 00:00:06]]></wp:post_modified>
		<wp:post_modified_gmt><![CDATA[2020-07-19 00:00:06]]></wp:post_modified_gmt>
		<wp:comment_status><![CDATA[open]]></wp:comment_status>
		<wp:ping_status><![CDATA[closed]]></wp:ping_status>
		<wp:post_name><![CDATA[enrique-narcizo-gonzalez]]></wp:post_name>
		<wp:status><![CDATA[publish]]></wp:status>
		<wp:post_parent>0</wp:post_parent>
		<wp:menu_order>0</wp:menu_order>
		<wp:post_type><![CDATA[valpa_obituario_pt]]></wp:post_type>
		<wp:post_password><![CDATA[]]></wp:post_password>
		<wp:is_sticky>0</wp:is_sticky>
														<wp:postmeta>
		<wp:meta_key><![CDATA[_wp_old_date]]></wp:meta_key>
		<wp:meta_value><![CDATA[2020-08-28]]></wp:meta_value>
		</wp:postmeta>
							<wp:postmeta>
		<wp:meta_key><![CDATA[valpa_no_homenaje_meta]]></wp:meta_key>
		<wp:meta_value><![CDATA[0020000305]]></wp:meta_value>
		</wp:postmeta>
							<wp:postmeta>
		<wp:meta_key><![CDATA[valpa_nacimiento_dia_meta]]></wp:meta_key>
		<wp:meta_value><![CDATA[10]]></wp:meta_value>
		</wp:postmeta>
							<wp:postmeta>
		<wp:meta_key><![CDATA[valpa_nacimiento_mes_meta]]></wp:meta_key>
		<wp:meta_value><![CDATA[12]]></wp:meta_value>
		</wp:postmeta>
							<wp:postmeta>
		<wp:meta_key><![CDATA[valpa_nacimiento_ano_meta]]></wp:meta_key>
		<wp:meta_value><![CDATA[1939]]></wp:meta_value>
		</wp:postmeta>
							<wp:postmeta>
		<wp:meta_key><![CDATA[post_views_count]]></wp:meta_key>
		<wp:meta_value><![CDATA[40]]></wp:meta_value>
		</wp:postmeta>
							</item>
					<item>
		<title><![CDATA[Maria Trejo Gonzalez]]></title>
		<link>http://localhost/sass-wp/obituario/maria-trejo-gonzalez/</link>
		<pubDate>Sun, 19 Jul 2020 00:00:34 +0000</pubDate>
		<dc:creator><![CDATA[webmaster]]></dc:creator>
		<guid isPermaLink="false">http://valparaiso.com.mx/?post_type=valpa_obituario_pt&#038;p=631</guid>
		<description></description>
		<content:encoded><![CDATA[]]></content:encoded>
		<excerpt:encoded><![CDATA[]]></excerpt:encoded>
		<wp:post_id>631</wp:post_id>
		<wp:post_date><![CDATA[2020-07-19 00:00:34]]></wp:post_date>
		<wp:post_date_gmt><![CDATA[2020-07-19 00:00:34]]></wp:post_date_gmt>
		<wp:post_modified><![CDATA[2020-07-19 00:00:34]]></wp:post_modified>
		<wp:post_modified_gmt><![CDATA[2020-07-19 00:00:34]]></wp:post_modified_gmt>
		<wp:comment_status><![CDATA[open]]></wp:comment_status>
		<wp:ping_status><![CDATA[closed]]></wp:ping_status>
		<wp:post_name><![CDATA[maria-trejo-gonzalez]]></wp:post_name>
		<wp:status><![CDATA[publish]]></wp:status>
		<wp:post_parent>0</wp:post_parent>
		<wp:menu_order>0</wp:menu_order>
		<wp:post_type><![CDATA[valpa_obituario_pt]]></wp:post_type>
		<wp:post_password><![CDATA[]]></wp:post_password>
		<wp:is_sticky>0</wp:is_sticky>
														<wp:postmeta>
		<wp:meta_key><![CDATA[_wp_old_date]]></wp:meta_key>
		<wp:meta_value><![CDATA[2020-08-28]]></wp:meta_value>
		</wp:postmeta>
							<wp:postmeta>
		<wp:meta_key><![CDATA[valpa_no_homenaje_meta]]></wp:meta_key>
		<wp:meta_value><![CDATA[0020000307]]></wp:meta_value>
		</wp:postmeta>
							<wp:postmeta>
		<wp:meta_key><![CDATA[valpa_nacimiento_dia_meta]]></wp:meta_key>
		<wp:meta_value><![CDATA[08]]></wp:meta_value>
		</wp:postmeta>
							<wp:postmeta>
		<wp:meta_key><![CDATA[valpa_nacimiento_mes_meta]]></wp:meta_key>
		<wp:meta_value><![CDATA[05]]></wp:meta_value>
		</wp:postmeta>
							<wp:postmeta>
		<wp:meta_key><![CDATA[valpa_nacimiento_ano_meta]]></wp:meta_key>
		<wp:meta_value><![CDATA[1958]]></wp:meta_value>
		</wp:postmeta>
							<wp:postmeta>
		<wp:meta_key><![CDATA[post_views_count]]></wp:meta_key>
		<wp:meta_value><![CDATA[63]]></wp:meta_value>
		</wp:postmeta>
							</item>
					<item>
		<title><![CDATA[Yolando Giron Padua]]></title>
		<link>http://localhost/sass-wp/obituario/yolando-giron-padua/</link>
		<pubDate>Sun, 19 Jul 2020 00:00:15 +0000</pubDate>
		<dc:creator><![CDATA[webmaster]]></dc:creator>
		<guid isPermaLink="false">http://valparaiso.com.mx/?post_type=valpa_obituario_pt&#038;p=633</guid>
		<description></description>
		<content:encoded><![CDATA[]]></content:encoded>
		<excerpt:encoded><![CDATA[]]></excerpt:encoded>
		<wp:post_id>633</wp:post_id>
		<wp:post_date><![CDATA[2020-07-19 00:00:15]]></wp:post_date>
		<wp:post_date_gmt><![CDATA[2020-07-19 00:00:15]]></wp:post_date_gmt>
		<wp:post_modified><![CDATA[2020-07-19 00:00:15]]></wp:post_modified>
		<wp:post_modified_gmt><![CDATA[2020-07-19 00:00:15]]></wp:post_modified_gmt>
		<wp:comment_status><![CDATA[open]]></wp:comment_status>
		<wp:ping_status><![CDATA[closed]]></wp:ping_status>
		<wp:post_name><![CDATA[yolando-giron-padua]]></wp:post_name>
		<wp:status><![CDATA[publish]]></wp:status>
		<wp:post_parent>0</wp:post_parent>
		<wp:menu_order>0</wp:menu_order>
		<wp:post_type><![CDATA[valpa_obituario_pt]]></wp:post_type>
		<wp:post_password><![CDATA[]]></wp:post_password>
		<wp:is_sticky>0</wp:is_sticky>
														<wp:postmeta>
		<wp:meta_key><![CDATA[_wp_old_date]]></wp:meta_key>
		<wp:meta_value><![CDATA[2020-08-28]]></wp:meta_value>
		</wp:postmeta>
							<wp:postmeta>
		<wp:meta_key><![CDATA[valpa_no_homenaje_meta]]></wp:meta_key>
		<wp:meta_value><![CDATA[0020000309]]></wp:meta_value>
		</wp:postmeta>
							<wp:postmeta>
		<wp:meta_key><![CDATA[valpa_nacimiento_dia_meta]]></wp:meta_key>
		<wp:meta_value><![CDATA[14]]></wp:meta_value>
		</wp:postmeta>
							<wp:postmeta>
		<wp:meta_key><![CDATA[valpa_nacimiento_mes_meta]]></wp:meta_key>
		<wp:meta_value><![CDATA[10]]></wp:meta_value>
		</wp:postmeta>
							<wp:postmeta>
		<wp:meta_key><![CDATA[valpa_nacimiento_ano_meta]]></wp:meta_key>
		<wp:meta_value><![CDATA[1945]]></wp:meta_value>
		</wp:postmeta>
							<wp:postmeta>
		<wp:meta_key><![CDATA[post_views_count]]></wp:meta_key>
		<wp:meta_value><![CDATA[59]]></wp:meta_value>
		</wp:postmeta>
							</item>
					<item>
		<title><![CDATA[Hermenejildo Cruz Mateo]]></title>
		<link>http://localhost/sass-wp/obituario/hermenejildo-cruz-mateo/</link>
		<pubDate>Sun, 19 Jul 2020 00:00:54 +0000</pubDate>
		<dc:creator><![CDATA[webmaster]]></dc:creator>
		<guid isPermaLink="false">http://valparaiso.com.mx/?post_type=valpa_obituario_pt&#038;p=630</guid>
		<description></description>
		<content:encoded><![CDATA[]]></content:encoded>
		<excerpt:encoded><![CDATA[]]></excerpt:encoded>
		<wp:post_id>630</wp:post_id>
		<wp:post_date><![CDATA[2020-07-19 00:00:54]]></wp:post_date>
		<wp:post_date_gmt><![CDATA[2020-07-19 00:00:54]]></wp:post_date_gmt>
		<wp:post_modified><![CDATA[2020-07-19 00:00:54]]></wp:post_modified>
		<wp:post_modified_gmt><![CDATA[2020-07-19 00:00:54]]></wp:post_modified_gmt>
		<wp:comment_status><![CDATA[open]]></wp:comment_status>
		<wp:ping_status><![CDATA[closed]]></wp:ping_status>
		<wp:post_name><![CDATA[hermenejildo-cruz-mateo]]></wp:post_name>
		<wp:status><![CDATA[publish]]></wp:status>
		<wp:post_parent>0</wp:post_parent>
		<wp:menu_order>0</wp:menu_order>
		<wp:post_type><![CDATA[valpa_obituario_pt]]></wp:post_type>
		<wp:post_password><![CDATA[]]></wp:post_password>
		<wp:is_sticky>0</wp:is_sticky>
														<wp:postmeta>
		<wp:meta_key><![CDATA[_wp_old_date]]></wp:meta_key>
		<wp:meta_value><![CDATA[2020-08-28]]></wp:meta_value>
		</wp:postmeta>
							<wp:postmeta>
		<wp:meta_key><![CDATA[valpa_no_homenaje_meta]]></wp:meta_key>
		<wp:meta_value><![CDATA[0020000306]]></wp:meta_value>
		</wp:postmeta>
							<wp:postmeta>
		<wp:meta_key><![CDATA[valpa_nacimiento_dia_meta]]></wp:meta_key>
		<wp:meta_value><![CDATA[07]]></wp:meta_value>
		</wp:postmeta>
							<wp:postmeta>
		<wp:meta_key><![CDATA[valpa_nacimiento_mes_meta]]></wp:meta_key>
		<wp:meta_value><![CDATA[07]]></wp:meta_value>
		</wp:postmeta>
							<wp:postmeta>
		<wp:meta_key><![CDATA[valpa_nacimiento_ano_meta]]></wp:meta_key>
		<wp:meta_value><![CDATA[1965]]></wp:meta_value>
		</wp:postmeta>
							<wp:postmeta>
		<wp:meta_key><![CDATA[post_views_count]]></wp:meta_key>
		<wp:meta_value><![CDATA[41]]></wp:meta_value>
		</wp:postmeta>
							</item>
					<item>
		<title><![CDATA[Ubaldo Toledano Trevilla]]></title>
		<link>http://localhost/sass-wp/obituario/ubaldo-toledano-trevilla/</link>
		<pubDate>Sun, 19 Jul 2020 00:00:34 +0000</pubDate>
		<dc:creator><![CDATA[webmaster]]></dc:creator>
		<guid isPermaLink="false">http://valparaiso.com.mx/?post_type=valpa_obituario_pt&#038;p=632</guid>
		<description></description>
		<content:encoded><![CDATA[]]></content:encoded>
		<excerpt:encoded><![CDATA[]]></excerpt:encoded>
		<wp:post_id>632</wp:post_id>
		<wp:post_date><![CDATA[2020-07-19 00:00:34]]></wp:post_date>
		<wp:post_date_gmt><![CDATA[2020-07-19 00:00:34]]></wp:post_date_gmt>
		<wp:post_modified><![CDATA[2020-07-19 00:00:34]]></wp:post_modified>
		<wp:post_modified_gmt><![CDATA[2020-07-19 00:00:34]]></wp:post_modified_gmt>
		<wp:comment_status><![CDATA[open]]></wp:comment_status>
		<wp:ping_status><![CDATA[closed]]></wp:ping_status>
		<wp:post_name><![CDATA[ubaldo-toledano-trevilla]]></wp:post_name>
		<wp:status><![CDATA[publish]]></wp:status>
		<wp:post_parent>0</wp:post_parent>
		<wp:menu_order>0</wp:menu_order>
		<wp:post_type><![CDATA[valpa_obituario_pt]]></wp:post_type>
		<wp:post_password><![CDATA[]]></wp:post_password>
		<wp:is_sticky>0</wp:is_sticky>
														<wp:postmeta>
		<wp:meta_key><![CDATA[_wp_old_date]]></wp:meta_key>
		<wp:meta_value><![CDATA[2020-08-28]]></wp:meta_value>
		</wp:postmeta>
							<wp:postmeta>
		<wp:meta_key><![CDATA[valpa_no_homenaje_meta]]></wp:meta_key>
		<wp:meta_value><![CDATA[0020000308]]></wp:meta_value>
		</wp:postmeta>
							<wp:postmeta>
		<wp:meta_key><![CDATA[valpa_nacimiento_dia_meta]]></wp:meta_key>
		<wp:meta_value><![CDATA[24]]></wp:meta_value>
		</wp:postmeta>
							<wp:postmeta>
		<wp:meta_key><![CDATA[valpa_nacimiento_mes_meta]]></wp:meta_key>
		<wp:meta_value><![CDATA[05]]></wp:meta_value>
		</wp:postmeta>
							<wp:postmeta>
		<wp:meta_key><![CDATA[valpa_nacimiento_ano_meta]]></wp:meta_key>
		<wp:meta_value><![CDATA[1952]]></wp:meta_value>
		</wp:postmeta>
							<wp:postmeta>
		<wp:meta_key><![CDATA[post_views_count]]></wp:meta_key>
		<wp:meta_value><![CDATA[51]]></wp:meta_value>
		</wp:postmeta>
							</item>
					<item>
		<title><![CDATA[Maria del Pilar Salud Romero Torres]]></title>
		<link>http://localhost/sass-wp/obituario/maria-del-pilar-salud-romero-torres/</link>
		<pubDate>Sun, 19 Jul 2020 00:00:54 +0000</pubDate>
		<dc:creator><![CDATA[webmaster]]></dc:creator>
		<guid isPermaLink="false">http://valparaiso.com.mx/?post_type=valpa_obituario_pt&#038;p=634</guid>
		<description></description>
		<content:encoded><![CDATA[]]></content:encoded>
		<excerpt:encoded><![CDATA[]]></excerpt:encoded>
		<wp:post_id>634</wp:post_id>
		<wp:post_date><![CDATA[2020-07-19 00:00:54]]></wp:post_date>
		<wp:post_date_gmt><![CDATA[2020-07-19 00:00:54]]></wp:post_date_gmt>
		<wp:post_modified><![CDATA[2020-07-19 00:00:54]]></wp:post_modified>
		<wp:post_modified_gmt><![CDATA[2020-07-19 00:00:54]]></wp:post_modified_gmt>
		<wp:comment_status><![CDATA[open]]></wp:comment_status>
		<wp:ping_status><![CDATA[closed]]></wp:ping_status>
		<wp:post_name><![CDATA[maria-del-pilar-salud-romero-torres]]></wp:post_name>
		<wp:status><![CDATA[publish]]></wp:status>
		<wp:post_parent>0</wp:post_parent>
		<wp:menu_order>0</wp:menu_order>
		<wp:post_type><![CDATA[valpa_obituario_pt]]></wp:post_type>
		<wp:post_password><![CDATA[]]></wp:post_password>
		<wp:is_sticky>0</wp:is_sticky>
														<wp:postmeta>
		<wp:meta_key><![CDATA[_wp_old_date]]></wp:meta_key>
		<wp:meta_value><![CDATA[2020-08-28]]></wp:meta_value>
		</wp:postmeta>
							<wp:postmeta>
		<wp:meta_key><![CDATA[valpa_no_homenaje_meta]]></wp:meta_key>
		<wp:meta_value><![CDATA[0020000310]]></wp:meta_value>
		</wp:postmeta>
							<wp:postmeta>
		<wp:meta_key><![CDATA[valpa_nacimiento_dia_meta]]></wp:meta_key>
		<wp:meta_value><![CDATA[15]]></wp:meta_value>
		</wp:postmeta>
							<wp:postmeta>
		<wp:meta_key><![CDATA[valpa_nacimiento_mes_meta]]></wp:meta_key>
		<wp:meta_value><![CDATA[08]]></wp:meta_value>
		</wp:postmeta>
							<wp:postmeta>
		<wp:meta_key><![CDATA[valpa_nacimiento_ano_meta]]></wp:meta_key>
		<wp:meta_value><![CDATA[1941]]></wp:meta_value>
		</wp:postmeta>
							<wp:postmeta>
		<wp:meta_key><![CDATA[post_views_count]]></wp:meta_key>
		<wp:meta_value><![CDATA[62]]></wp:meta_value>
		</wp:postmeta>
							</item>
					<item>
		<title><![CDATA[Carlos Martinez Martinez]]></title>
		<link>http://localhost/sass-wp/obituario/carlos-martinez-martinez/</link>
		<pubDate>Mon, 20 Jul 2020 00:00:34 +0000</pubDate>
		<dc:creator><![CDATA[webmaster]]></dc:creator>
		<guid isPermaLink="false">http://valparaiso.com.mx/?post_type=valpa_obituario_pt&#038;p=635</guid>
		<description></description>
		<content:encoded><![CDATA[]]></content:encoded>
		<excerpt:encoded><![CDATA[]]></excerpt:encoded>
		<wp:post_id>635</wp:post_id>
		<wp:post_date><![CDATA[2020-07-20 00:00:34]]></wp:post_date>
		<wp:post_date_gmt><![CDATA[2020-07-20 00:00:34]]></wp:post_date_gmt>
		<wp:post_modified><![CDATA[2020-07-20 00:00:34]]></wp:post_modified>
		<wp:post_modified_gmt><![CDATA[2020-07-20 00:00:34]]></wp:post_modified_gmt>
		<wp:comment_status><![CDATA[open]]></wp:comment_status>
		<wp:ping_status><![CDATA[closed]]></wp:ping_status>
		<wp:post_name><![CDATA[carlos-martinez-martinez]]></wp:post_name>
		<wp:status><![CDATA[publish]]></wp:status>
		<wp:post_parent>0</wp:post_parent>
		<wp:menu_order>0</wp:menu_order>
		<wp:post_type><![CDATA[valpa_obituario_pt]]></wp:post_type>
		<wp:post_password><![CDATA[]]></wp:post_password>
		<wp:is_sticky>0</wp:is_sticky>
														<wp:postmeta>
		<wp:meta_key><![CDATA[_wp_old_date]]></wp:meta_key>
		<wp:meta_value><![CDATA[2020-08-28]]></wp:meta_value>
		</wp:postmeta>
							<wp:postmeta>
		<wp:meta_key><![CDATA[valpa_no_homenaje_meta]]></wp:meta_key>
		<wp:meta_value><![CDATA[0020000311]]></wp:meta_value>
		</wp:postmeta>
							<wp:postmeta>
		<wp:meta_key><![CDATA[valpa_nacimiento_dia_meta]]></wp:meta_key>
		<wp:meta_value><![CDATA[15]]></wp:meta_value>
		</wp:postmeta>
							<wp:postmeta>
		<wp:meta_key><![CDATA[valpa_nacimiento_mes_meta]]></wp:meta_key>
		<wp:meta_value><![CDATA[05]]></wp:meta_value>
		</wp:postmeta>
							<wp:postmeta>
		<wp:meta_key><![CDATA[valpa_nacimiento_ano_meta]]></wp:meta_key>
		<wp:meta_value><![CDATA[1962]]></wp:meta_value>
		</wp:postmeta>
							<wp:postmeta>
		<wp:meta_key><![CDATA[post_views_count]]></wp:meta_key>
		<wp:meta_value><![CDATA[54]]></wp:meta_value>
		</wp:postmeta>
							</item>
					<item>
		<title><![CDATA[Joaquin Montalvo Maldonado]]></title>
		<link>http://localhost/sass-wp/obituario/joaquin-montalvo-maldonado/</link>
		<pubDate>Mon, 20 Jul 2020 00:00:30 +0000</pubDate>
		<dc:creator><![CDATA[webmaster]]></dc:creator>
		<guid isPermaLink="false">http://valparaiso.com.mx/?post_type=valpa_obituario_pt&#038;p=636</guid>
		<description></description>
		<content:encoded><![CDATA[]]></content:encoded>
		<excerpt:encoded><![CDATA[]]></excerpt:encoded>
		<wp:post_id>636</wp:post_id>
		<wp:post_date><![CDATA[2020-07-20 00:00:30]]></wp:post_date>
		<wp:post_date_gmt><![CDATA[2020-07-20 00:00:30]]></wp:post_date_gmt>
		<wp:post_modified><![CDATA[2020-07-20 00:00:30]]></wp:post_modified>
		<wp:post_modified_gmt><![CDATA[2020-07-20 00:00:30]]></wp:post_modified_gmt>
		<wp:comment_status><![CDATA[open]]></wp:comment_status>
		<wp:ping_status><![CDATA[closed]]></wp:ping_status>
		<wp:post_name><![CDATA[joaquin-montalvo-maldonado]]></wp:post_name>
		<wp:status><![CDATA[publish]]></wp:status>
		<wp:post_parent>0</wp:post_parent>
		<wp:menu_order>0</wp:menu_order>
		<wp:post_type><![CDATA[valpa_obituario_pt]]></wp:post_type>
		<wp:post_password><![CDATA[]]></wp:post_password>
		<wp:is_sticky>0</wp:is_sticky>
														<wp:postmeta>
		<wp:meta_key><![CDATA[_wp_old_date]]></wp:meta_key>
		<wp:meta_value><![CDATA[2020-08-28]]></wp:meta_value>
		</wp:postmeta>
							<wp:postmeta>
		<wp:meta_key><![CDATA[valpa_no_homenaje_meta]]></wp:meta_key>
		<wp:meta_value><![CDATA[0020000312]]></wp:meta_value>
		</wp:postmeta>
							<wp:postmeta>
		<wp:meta_key><![CDATA[valpa_nacimiento_dia_meta]]></wp:meta_key>
		<wp:meta_value><![CDATA[26]]></wp:meta_value>
		</wp:postmeta>
							<wp:postmeta>
		<wp:meta_key><![CDATA[valpa_nacimiento_mes_meta]]></wp:meta_key>
		<wp:meta_value><![CDATA[08]]></wp:meta_value>
		</wp:postmeta>
							<wp:postmeta>
		<wp:meta_key><![CDATA[valpa_nacimiento_ano_meta]]></wp:meta_key>
		<wp:meta_value><![CDATA[1971]]></wp:meta_value>
		</wp:postmeta>
							<wp:postmeta>
		<wp:meta_key><![CDATA[post_views_count]]></wp:meta_key>
		<wp:meta_value><![CDATA[51]]></wp:meta_value>
		</wp:postmeta>
							</item>
					<item>
		<title><![CDATA[Evangelina Rodriguez Morales]]></title>
		<link>http://localhost/sass-wp/obituario/evangelina-rodriguez-morales/</link>
		<pubDate>Mon, 20 Jul 2020 00:00:05 +0000</pubDate>
		<dc:creator><![CDATA[webmaster]]></dc:creator>
		<guid isPermaLink="false">http://valparaiso.com.mx/?post_type=valpa_obituario_pt&#038;p=637</guid>
		<description></description>
		<content:encoded><![CDATA[]]></content:encoded>
		<excerpt:encoded><![CDATA[]]></excerpt:encoded>
		<wp:post_id>637</wp:post_id>
		<wp:post_date><![CDATA[2020-07-20 00:00:05]]></wp:post_date>
		<wp:post_date_gmt><![CDATA[2020-07-20 00:00:05]]></wp:post_date_gmt>
		<wp:post_modified><![CDATA[2020-07-20 00:00:05]]></wp:post_modified>
		<wp:post_modified_gmt><![CDATA[2020-07-20 00:00:05]]></wp:post_modified_gmt>
		<wp:comment_status><![CDATA[open]]></wp:comment_status>
		<wp:ping_status><![CDATA[closed]]></wp:ping_status>
		<wp:post_name><![CDATA[evangelina-rodriguez-morales]]></wp:post_name>
		<wp:status><![CDATA[publish]]></wp:status>
		<wp:post_parent>0</wp:post_parent>
		<wp:menu_order>0</wp:menu_order>
		<wp:post_type><![CDATA[valpa_obituario_pt]]></wp:post_type>
		<wp:post_password><![CDATA[]]></wp:post_password>
		<wp:is_sticky>0</wp:is_sticky>
														<wp:postmeta>
		<wp:meta_key><![CDATA[_wp_old_date]]></wp:meta_key>
		<wp:meta_value><![CDATA[2020-08-28]]></wp:meta_value>
		</wp:postmeta>
							<wp:postmeta>
		<wp:meta_key><![CDATA[valpa_no_homenaje_meta]]></wp:meta_key>
		<wp:meta_value><![CDATA[0020000313]]></wp:meta_value>
		</wp:postmeta>
							<wp:postmeta>
		<wp:meta_key><![CDATA[valpa_nacimiento_dia_meta]]></wp:meta_key>
		<wp:meta_value><![CDATA[30]]></wp:meta_value>
		</wp:postmeta>
							<wp:postmeta>
		<wp:meta_key><![CDATA[valpa_nacimiento_mes_meta]]></wp:meta_key>
		<wp:meta_value><![CDATA[12]]></wp:meta_value>
		</wp:postmeta>
							<wp:postmeta>
		<wp:meta_key><![CDATA[valpa_nacimiento_ano_meta]]></wp:meta_key>
		<wp:meta_value><![CDATA[1951]]></wp:meta_value>
		</wp:postmeta>
							<wp:postmeta>
		<wp:meta_key><![CDATA[post_views_count]]></wp:meta_key>
		<wp:meta_value><![CDATA[55]]></wp:meta_value>
		</wp:postmeta>
							</item>
					<item>
		<title><![CDATA[Guadalupe Esteban Perez]]></title>
		<link>http://localhost/sass-wp/obituario/guadalupe-esteban-perez/</link>
		<pubDate>Tue, 21 Jul 2020 00:00:40 +0000</pubDate>
		<dc:creator><![CDATA[webmaster]]></dc:creator>
		<guid isPermaLink="false">http://valparaiso.com.mx/?post_type=valpa_obituario_pt&#038;p=638</guid>
		<description></description>
		<content:encoded><![CDATA[]]></content:encoded>
		<excerpt:encoded><![CDATA[]]></excerpt:encoded>
		<wp:post_id>638</wp:post_id>
		<wp:post_date><![CDATA[2020-07-21 00:00:40]]></wp:post_date>
		<wp:post_date_gmt><![CDATA[2020-07-21 00:00:40]]></wp:post_date_gmt>
		<wp:post_modified><![CDATA[2020-07-21 00:00:40]]></wp:post_modified>
		<wp:post_modified_gmt><![CDATA[2020-07-21 00:00:40]]></wp:post_modified_gmt>
		<wp:comment_status><![CDATA[open]]></wp:comment_status>
		<wp:ping_status><![CDATA[closed]]></wp:ping_status>
		<wp:post_name><![CDATA[guadalupe-esteban-perez]]></wp:post_name>
		<wp:status><![CDATA[publish]]></wp:status>
		<wp:post_parent>0</wp:post_parent>
		<wp:menu_order>0</wp:menu_order>
		<wp:post_type><![CDATA[valpa_obituario_pt]]></wp:post_type>
		<wp:post_password><![CDATA[]]></wp:post_password>
		<wp:is_sticky>0</wp:is_sticky>
														<wp:postmeta>
		<wp:meta_key><![CDATA[_wp_old_date]]></wp:meta_key>
		<wp:meta_value><![CDATA[2020-08-28]]></wp:meta_value>
		</wp:postmeta>
							<wp:postmeta>
		<wp:meta_key><![CDATA[valpa_no_homenaje_meta]]></wp:meta_key>
		<wp:meta_value><![CDATA[0020000314]]></wp:meta_value>
		</wp:postmeta>
							<wp:postmeta>
		<wp:meta_key><![CDATA[valpa_nacimiento_dia_meta]]></wp:meta_key>
		<wp:meta_value><![CDATA[10]]></wp:meta_value>
		</wp:postmeta>
							<wp:postmeta>
		<wp:meta_key><![CDATA[valpa_nacimiento_mes_meta]]></wp:meta_key>
		<wp:meta_value><![CDATA[12]]></wp:meta_value>
		</wp:postmeta>
							<wp:postmeta>
		<wp:meta_key><![CDATA[valpa_nacimiento_ano_meta]]></wp:meta_key>
		<wp:meta_value><![CDATA[1975]]></wp:meta_value>
		</wp:postmeta>
							<wp:postmeta>
		<wp:meta_key><![CDATA[post_views_count]]></wp:meta_key>
		<wp:meta_value><![CDATA[59]]></wp:meta_value>
		</wp:postmeta>
							</item>
					<item>
		<title><![CDATA[Erika Azucena Vazquez Mondragon]]></title>
		<link>http://localhost/sass-wp/obituario/erika-azucena-vazquez-mondragon/</link>
		<pubDate>Tue, 21 Jul 2020 00:00:15 +0000</pubDate>
		<dc:creator><![CDATA[webmaster]]></dc:creator>
		<guid isPermaLink="false">http://valparaiso.com.mx/?post_type=valpa_obituario_pt&#038;p=639</guid>
		<description></description>
		<content:encoded><![CDATA[]]></content:encoded>
		<excerpt:encoded><![CDATA[]]></excerpt:encoded>
		<wp:post_id>639</wp:post_id>
		<wp:post_date><![CDATA[2020-07-21 00:00:15]]></wp:post_date>
		<wp:post_date_gmt><![CDATA[2020-07-21 00:00:15]]></wp:post_date_gmt>
		<wp:post_modified><![CDATA[2020-07-21 00:00:15]]></wp:post_modified>
		<wp:post_modified_gmt><![CDATA[2020-07-21 00:00:15]]></wp:post_modified_gmt>
		<wp:comment_status><![CDATA[open]]></wp:comment_status>
		<wp:ping_status><![CDATA[closed]]></wp:ping_status>
		<wp:post_name><![CDATA[erika-azucena-vazquez-mondragon]]></wp:post_name>
		<wp:status><![CDATA[publish]]></wp:status>
		<wp:post_parent>0</wp:post_parent>
		<wp:menu_order>0</wp:menu_order>
		<wp:post_type><![CDATA[valpa_obituario_pt]]></wp:post_type>
		<wp:post_password><![CDATA[]]></wp:post_password>
		<wp:is_sticky>0</wp:is_sticky>
														<wp:postmeta>
		<wp:meta_key><![CDATA[_wp_old_date]]></wp:meta_key>
		<wp:meta_value><![CDATA[2020-08-28]]></wp:meta_value>
		</wp:postmeta>
							<wp:postmeta>
		<wp:meta_key><![CDATA[valpa_no_homenaje_meta]]></wp:meta_key>
		<wp:meta_value><![CDATA[0020000315]]></wp:meta_value>
		</wp:postmeta>
							<wp:postmeta>
		<wp:meta_key><![CDATA[valpa_nacimiento_dia_meta]]></wp:meta_key>
		<wp:meta_value><![CDATA[05]]></wp:meta_value>
		</wp:postmeta>
							<wp:postmeta>
		<wp:meta_key><![CDATA[valpa_nacimiento_mes_meta]]></wp:meta_key>
		<wp:meta_value><![CDATA[12]]></wp:meta_value>
		</wp:postmeta>
							<wp:postmeta>
		<wp:meta_key><![CDATA[valpa_nacimiento_ano_meta]]></wp:meta_key>
		<wp:meta_value><![CDATA[1979]]></wp:meta_value>
		</wp:postmeta>
							<wp:postmeta>
		<wp:meta_key><![CDATA[post_views_count]]></wp:meta_key>
		<wp:meta_value><![CDATA[53]]></wp:meta_value>
		</wp:postmeta>
							</item>
					<item>
		<title><![CDATA[Palmacio Anastacio PeÃ±a Padilla]]></title>
		<link>http://localhost/sass-wp/obituario/palmacio-anastacio-pena-padilla/</link>
		<pubDate>Tue, 21 Jul 2020 00:00:03 +0000</pubDate>
		<dc:creator><![CDATA[webmaster]]></dc:creator>
		<guid isPermaLink="false">http://valparaiso.com.mx/?post_type=valpa_obituario_pt&#038;p=640</guid>
		<description></description>
		<content:encoded><![CDATA[]]></content:encoded>
		<excerpt:encoded><![CDATA[]]></excerpt:encoded>
		<wp:post_id>640</wp:post_id>
		<wp:post_date><![CDATA[2020-07-21 00:00:03]]></wp:post_date>
		<wp:post_date_gmt><![CDATA[2020-07-21 00:00:03]]></wp:post_date_gmt>
		<wp:post_modified><![CDATA[2020-07-21 00:00:03]]></wp:post_modified>
		<wp:post_modified_gmt><![CDATA[2020-07-21 00:00:03]]></wp:post_modified_gmt>
		<wp:comment_status><![CDATA[open]]></wp:comment_status>
		<wp:ping_status><![CDATA[closed]]></wp:ping_status>
		<wp:post_name><![CDATA[palmacio-anastacio-pena-padilla]]></wp:post_name>
		<wp:status><![CDATA[publish]]></wp:status>
		<wp:post_parent>0</wp:post_parent>
		<wp:menu_order>0</wp:menu_order>
		<wp:post_type><![CDATA[valpa_obituario_pt]]></wp:post_type>
		<wp:post_password><![CDATA[]]></wp:post_password>
		<wp:is_sticky>0</wp:is_sticky>
														<wp:postmeta>
		<wp:meta_key><![CDATA[_wp_old_date]]></wp:meta_key>
		<wp:meta_value><![CDATA[2020-08-28]]></wp:meta_value>
		</wp:postmeta>
							<wp:postmeta>
		<wp:meta_key><![CDATA[valpa_no_homenaje_meta]]></wp:meta_key>
		<wp:meta_value><![CDATA[0020000316]]></wp:meta_value>
		</wp:postmeta>
							<wp:postmeta>
		<wp:meta_key><![CDATA[valpa_nacimiento_dia_meta]]></wp:meta_key>
		<wp:meta_value><![CDATA[01]]></wp:meta_value>
		</wp:postmeta>
							<wp:postmeta>
		<wp:meta_key><![CDATA[valpa_nacimiento_mes_meta]]></wp:meta_key>
		<wp:meta_value><![CDATA[01]]></wp:meta_value>
		</wp:postmeta>
							<wp:postmeta>
		<wp:meta_key><![CDATA[valpa_nacimiento_ano_meta]]></wp:meta_key>
		<wp:meta_value><![CDATA[1956]]></wp:meta_value>
		</wp:postmeta>
							<wp:postmeta>
		<wp:meta_key><![CDATA[post_views_count]]></wp:meta_key>
		<wp:meta_value><![CDATA[69]]></wp:meta_value>
		</wp:postmeta>
							</item>
					<item>
		<title><![CDATA[Sabina Guadarrama Sanchez]]></title>
		<link>http://localhost/sass-wp/obituario/sabina-guadarrama-sanchez/</link>
		<pubDate>Tue, 21 Jul 2020 00:00:38 +0000</pubDate>
		<dc:creator><![CDATA[webmaster]]></dc:creator>
		<guid isPermaLink="false">http://valparaiso.com.mx/?post_type=valpa_obituario_pt&#038;p=641</guid>
		<description></description>
		<content:encoded><![CDATA[]]></content:encoded>
		<excerpt:encoded><![CDATA[]]></excerpt:encoded>
		<wp:post_id>641</wp:post_id>
		<wp:post_date><![CDATA[2020-07-21 00:00:38]]></wp:post_date>
		<wp:post_date_gmt><![CDATA[2020-07-21 00:00:38]]></wp:post_date_gmt>
		<wp:post_modified><![CDATA[2020-07-21 00:00:38]]></wp:post_modified>
		<wp:post_modified_gmt><![CDATA[2020-07-21 00:00:38]]></wp:post_modified_gmt>
		<wp:comment_status><![CDATA[open]]></wp:comment_status>
		<wp:ping_status><![CDATA[closed]]></wp:ping_status>
		<wp:post_name><![CDATA[sabina-guadarrama-sanchez]]></wp:post_name>
		<wp:status><![CDATA[publish]]></wp:status>
		<wp:post_parent>0</wp:post_parent>
		<wp:menu_order>0</wp:menu_order>
		<wp:post_type><![CDATA[valpa_obituario_pt]]></wp:post_type>
		<wp:post_password><![CDATA[]]></wp:post_password>
		<wp:is_sticky>0</wp:is_sticky>
														<wp:postmeta>
		<wp:meta_key><![CDATA[_wp_old_date]]></wp:meta_key>
		<wp:meta_value><![CDATA[2020-08-28]]></wp:meta_value>
		</wp:postmeta>
							<wp:postmeta>
		<wp:meta_key><![CDATA[valpa_no_homenaje_meta]]></wp:meta_key>
		<wp:meta_value><![CDATA[0020000317]]></wp:meta_value>
		</wp:postmeta>
							<wp:postmeta>
		<wp:meta_key><![CDATA[valpa_nacimiento_dia_meta]]></wp:meta_key>
		<wp:meta_value><![CDATA[29]]></wp:meta_value>
		</wp:postmeta>
							<wp:postmeta>
		<wp:meta_key><![CDATA[valpa_nacimiento_mes_meta]]></wp:meta_key>
		<wp:meta_value><![CDATA[08]]></wp:meta_value>
		</wp:postmeta>
							<wp:postmeta>
		<wp:meta_key><![CDATA[valpa_nacimiento_ano_meta]]></wp:meta_key>
		<wp:meta_value><![CDATA[1963]]></wp:meta_value>
		</wp:postmeta>
							<wp:postmeta>
		<wp:meta_key><![CDATA[post_views_count]]></wp:meta_key>
		<wp:meta_value><![CDATA[57]]></wp:meta_value>
		</wp:postmeta>
							</item>
					<item>
		<title><![CDATA[Manuel Arriaga Camacho]]></title>
		<link>http://localhost/sass-wp/obituario/manuel-arriaga-camacho/</link>
		<pubDate>Wed, 22 Jul 2020 00:00:15 +0000</pubDate>
		<dc:creator><![CDATA[webmaster]]></dc:creator>
		<guid isPermaLink="false">http://valparaiso.com.mx/?post_type=valpa_obituario_pt&#038;p=642</guid>
		<description></description>
		<content:encoded><![CDATA[]]></content:encoded>
		<excerpt:encoded><![CDATA[]]></excerpt:encoded>
		<wp:post_id>642</wp:post_id>
		<wp:post_date><![CDATA[2020-07-22 00:00:15]]></wp:post_date>
		<wp:post_date_gmt><![CDATA[2020-07-22 00:00:15]]></wp:post_date_gmt>
		<wp:post_modified><![CDATA[2020-07-22 00:00:15]]></wp:post_modified>
		<wp:post_modified_gmt><![CDATA[2020-07-22 00:00:15]]></wp:post_modified_gmt>
		<wp:comment_status><![CDATA[open]]></wp:comment_status>
		<wp:ping_status><![CDATA[closed]]></wp:ping_status>
		<wp:post_name><![CDATA[manuel-arriaga-camacho]]></wp:post_name>
		<wp:status><![CDATA[publish]]></wp:status>
		<wp:post_parent>0</wp:post_parent>
		<wp:menu_order>0</wp:menu_order>
		<wp:post_type><![CDATA[valpa_obituario_pt]]></wp:post_type>
		<wp:post_password><![CDATA[]]></wp:post_password>
		<wp:is_sticky>0</wp:is_sticky>
														<wp:postmeta>
		<wp:meta_key><![CDATA[_wp_old_date]]></wp:meta_key>
		<wp:meta_value><![CDATA[2020-08-28]]></wp:meta_value>
		</wp:postmeta>
							<wp:postmeta>
		<wp:meta_key><![CDATA[valpa_no_homenaje_meta]]></wp:meta_key>
		<wp:meta_value><![CDATA[0020000318]]></wp:meta_value>
		</wp:postmeta>
							<wp:postmeta>
		<wp:meta_key><![CDATA[valpa_nacimiento_dia_meta]]></wp:meta_key>
		<wp:meta_value><![CDATA[21]]></wp:meta_value>
		</wp:postmeta>
							<wp:postmeta>
		<wp:meta_key><![CDATA[valpa_nacimiento_mes_meta]]></wp:meta_key>
		<wp:meta_value><![CDATA[10]]></wp:meta_value>
		</wp:postmeta>
							<wp:postmeta>
		<wp:meta_key><![CDATA[valpa_nacimiento_ano_meta]]></wp:meta_key>
		<wp:meta_value><![CDATA[1933]]></wp:meta_value>
		</wp:postmeta>
							<wp:postmeta>
		<wp:meta_key><![CDATA[post_views_count]]></wp:meta_key>
		<wp:meta_value><![CDATA[72]]></wp:meta_value>
		</wp:postmeta>
							</item>
					<item>
		<title><![CDATA[Martin Enrique Carbajal]]></title>
		<link>http://localhost/sass-wp/obituario/martin-enrique-carbajal/</link>
		<pubDate>Wed, 22 Jul 2020 00:00:08 +0000</pubDate>
		<dc:creator><![CDATA[webmaster]]></dc:creator>
		<guid isPermaLink="false">http://valparaiso.com.mx/?post_type=valpa_obituario_pt&#038;p=643</guid>
		<description></description>
		<content:encoded><![CDATA[]]></content:encoded>
		<excerpt:encoded><![CDATA[]]></excerpt:encoded>
		<wp:post_id>643</wp:post_id>
		<wp:post_date><![CDATA[2020-07-22 00:00:08]]></wp:post_date>
		<wp:post_date_gmt><![CDATA[2020-07-22 00:00:08]]></wp:post_date_gmt>
		<wp:post_modified><![CDATA[2020-07-22 00:00:08]]></wp:post_modified>
		<wp:post_modified_gmt><![CDATA[2020-07-22 00:00:08]]></wp:post_modified_gmt>
		<wp:comment_status><![CDATA[open]]></wp:comment_status>
		<wp:ping_status><![CDATA[closed]]></wp:ping_status>
		<wp:post_name><![CDATA[martin-enrique-carbajal]]></wp:post_name>
		<wp:status><![CDATA[publish]]></wp:status>
		<wp:post_parent>0</wp:post_parent>
		<wp:menu_order>0</wp:menu_order>
		<wp:post_type><![CDATA[valpa_obituario_pt]]></wp:post_type>
		<wp:post_password><![CDATA[]]></wp:post_password>
		<wp:is_sticky>0</wp:is_sticky>
														<wp:postmeta>
		<wp:meta_key><![CDATA[_wp_old_date]]></wp:meta_key>
		<wp:meta_value><![CDATA[2020-08-28]]></wp:meta_value>
		</wp:postmeta>
							<wp:postmeta>
		<wp:meta_key><![CDATA[valpa_no_homenaje_meta]]></wp:meta_key>
		<wp:meta_value><![CDATA[0020000319]]></wp:meta_value>
		</wp:postmeta>
							<wp:postmeta>
		<wp:meta_key><![CDATA[valpa_nacimiento_dia_meta]]></wp:meta_key>
		<wp:meta_value><![CDATA[16]]></wp:meta_value>
		</wp:postmeta>
							<wp:postmeta>
		<wp:meta_key><![CDATA[valpa_nacimiento_mes_meta]]></wp:meta_key>
		<wp:meta_value><![CDATA[09]]></wp:meta_value>
		</wp:postmeta>
							<wp:postmeta>
		<wp:meta_key><![CDATA[valpa_nacimiento_ano_meta]]></wp:meta_key>
		<wp:meta_value><![CDATA[1963]]></wp:meta_value>
		</wp:postmeta>
							<wp:postmeta>
		<wp:meta_key><![CDATA[post_views_count]]></wp:meta_key>
		<wp:meta_value><![CDATA[63]]></wp:meta_value>
		</wp:postmeta>
							</item>
					<item>
		<title><![CDATA[Juan Margarito Barrera Hernandez]]></title>
		<link>http://localhost/sass-wp/obituario/juan-margarito-barrera-hernandez/</link>
		<pubDate>Wed, 22 Jul 2020 00:00:01 +0000</pubDate>
		<dc:creator><![CDATA[webmaster]]></dc:creator>
		<guid isPermaLink="false">http://valparaiso.com.mx/?post_type=valpa_obituario_pt&#038;p=644</guid>
		<description></description>
		<content:encoded><![CDATA[]]></content:encoded>
		<excerpt:encoded><![CDATA[]]></excerpt:encoded>
		<wp:post_id>644</wp:post_id>
		<wp:post_date><![CDATA[2020-07-22 00:00:01]]></wp:post_date>
		<wp:post_date_gmt><![CDATA[2020-07-22 00:00:01]]></wp:post_date_gmt>
		<wp:post_modified><![CDATA[2020-07-22 00:00:01]]></wp:post_modified>
		<wp:post_modified_gmt><![CDATA[2020-07-22 00:00:01]]></wp:post_modified_gmt>
		<wp:comment_status><![CDATA[open]]></wp:comment_status>
		<wp:ping_status><![CDATA[closed]]></wp:ping_status>
		<wp:post_name><![CDATA[juan-margarito-barrera-hernandez]]></wp:post_name>
		<wp:status><![CDATA[publish]]></wp:status>
		<wp:post_parent>0</wp:post_parent>
		<wp:menu_order>0</wp:menu_order>
		<wp:post_type><![CDATA[valpa_obituario_pt]]></wp:post_type>
		<wp:post_password><![CDATA[]]></wp:post_password>
		<wp:is_sticky>0</wp:is_sticky>
														<wp:postmeta>
		<wp:meta_key><![CDATA[_wp_old_date]]></wp:meta_key>
		<wp:meta_value><![CDATA[2020-08-28]]></wp:meta_value>
		</wp:postmeta>
							<wp:postmeta>
		<wp:meta_key><![CDATA[valpa_no_homenaje_meta]]></wp:meta_key>
		<wp:meta_value><![CDATA[0020000320]]></wp:meta_value>
		</wp:postmeta>
							<wp:postmeta>
		<wp:meta_key><![CDATA[valpa_nacimiento_dia_meta]]></wp:meta_key>
		<wp:meta_value><![CDATA[27]]></wp:meta_value>
		</wp:postmeta>
							<wp:postmeta>
		<wp:meta_key><![CDATA[valpa_nacimiento_mes_meta]]></wp:meta_key>
		<wp:meta_value><![CDATA[12]]></wp:meta_value>
		</wp:postmeta>
							<wp:postmeta>
		<wp:meta_key><![CDATA[valpa_nacimiento_ano_meta]]></wp:meta_key>
		<wp:meta_value><![CDATA[1960]]></wp:meta_value>
		</wp:postmeta>
							<wp:postmeta>
		<wp:meta_key><![CDATA[post_views_count]]></wp:meta_key>
		<wp:meta_value><![CDATA[44]]></wp:meta_value>
		</wp:postmeta>
							</item>
					<item>
		<title><![CDATA[Raymundo Fernandez Gutierrez]]></title>
		<link>http://localhost/sass-wp/obituario/raymundo-fernandez-gutierrez/</link>
		<pubDate>Wed, 22 Jul 2020 00:00:38 +0000</pubDate>
		<dc:creator><![CDATA[webmaster]]></dc:creator>
		<guid isPermaLink="false">http://valparaiso.com.mx/?post_type=valpa_obituario_pt&#038;p=645</guid>
		<description></description>
		<content:encoded><![CDATA[]]></content:encoded>
		<excerpt:encoded><![CDATA[]]></excerpt:encoded>
		<wp:post_id>645</wp:post_id>
		<wp:post_date><![CDATA[2020-07-22 00:00:38]]></wp:post_date>
		<wp:post_date_gmt><![CDATA[2020-07-22 00:00:38]]></wp:post_date_gmt>
		<wp:post_modified><![CDATA[2020-07-22 00:00:38]]></wp:post_modified>
		<wp:post_modified_gmt><![CDATA[2020-07-22 00:00:38]]></wp:post_modified_gmt>
		<wp:comment_status><![CDATA[open]]></wp:comment_status>
		<wp:ping_status><![CDATA[closed]]></wp:ping_status>
		<wp:post_name><![CDATA[raymundo-fernandez-gutierrez]]></wp:post_name>
		<wp:status><![CDATA[publish]]></wp:status>
		<wp:post_parent>0</wp:post_parent>
		<wp:menu_order>0</wp:menu_order>
		<wp:post_type><![CDATA[valpa_obituario_pt]]></wp:post_type>
		<wp:post_password><![CDATA[]]></wp:post_password>
		<wp:is_sticky>0</wp:is_sticky>
														<wp:postmeta>
		<wp:meta_key><![CDATA[_wp_old_date]]></wp:meta_key>
		<wp:meta_value><![CDATA[2020-08-28]]></wp:meta_value>
		</wp:postmeta>
							<wp:postmeta>
		<wp:meta_key><![CDATA[valpa_no_homenaje_meta]]></wp:meta_key>
		<wp:meta_value><![CDATA[0020000321]]></wp:meta_value>
		</wp:postmeta>
							<wp:postmeta>
		<wp:meta_key><![CDATA[valpa_nacimiento_dia_meta]]></wp:meta_key>
		<wp:meta_value><![CDATA[15]]></wp:meta_value>
		</wp:postmeta>
							<wp:postmeta>
		<wp:meta_key><![CDATA[valpa_nacimiento_mes_meta]]></wp:meta_key>
		<wp:meta_value><![CDATA[03]]></wp:meta_value>
		</wp:postmeta>
							<wp:postmeta>
		<wp:meta_key><![CDATA[valpa_nacimiento_ano_meta]]></wp:meta_key>
		<wp:meta_value><![CDATA[1962]]></wp:meta_value>
		</wp:postmeta>
							<wp:postmeta>
		<wp:meta_key><![CDATA[post_views_count]]></wp:meta_key>
		<wp:meta_value><![CDATA[57]]></wp:meta_value>
		</wp:postmeta>
							</item>
					<item>
		<title><![CDATA[Guillermo Esquivel Espinoza]]></title>
		<link>http://localhost/sass-wp/obituario/guillermo-esquivel-espinoza/</link>
		<pubDate>Wed, 22 Jul 2020 00:00:27 +0000</pubDate>
		<dc:creator><![CDATA[webmaster]]></dc:creator>
		<guid isPermaLink="false">http://valparaiso.com.mx/?post_type=valpa_obituario_pt&#038;p=646</guid>
		<description></description>
		<content:encoded><![CDATA[]]></content:encoded>
		<excerpt:encoded><![CDATA[]]></excerpt:encoded>
		<wp:post_id>646</wp:post_id>
		<wp:post_date><![CDATA[2020-07-22 00:00:27]]></wp:post_date>
		<wp:post_date_gmt><![CDATA[2020-07-22 00:00:27]]></wp:post_date_gmt>
		<wp:post_modified><![CDATA[2020-07-22 00:00:27]]></wp:post_modified>
		<wp:post_modified_gmt><![CDATA[2020-07-22 00:00:27]]></wp:post_modified_gmt>
		<wp:comment_status><![CDATA[open]]></wp:comment_status>
		<wp:ping_status><![CDATA[closed]]></wp:ping_status>
		<wp:post_name><![CDATA[guillermo-esquivel-espinoza]]></wp:post_name>
		<wp:status><![CDATA[publish]]></wp:status>
		<wp:post_parent>0</wp:post_parent>
		<wp:menu_order>0</wp:menu_order>
		<wp:post_type><![CDATA[valpa_obituario_pt]]></wp:post_type>
		<wp:post_password><![CDATA[]]></wp:post_password>
		<wp:is_sticky>0</wp:is_sticky>
														<wp:postmeta>
		<wp:meta_key><![CDATA[_wp_old_date]]></wp:meta_key>
		<wp:meta_value><![CDATA[2020-08-28]]></wp:meta_value>
		</wp:postmeta>
							<wp:postmeta>
		<wp:meta_key><![CDATA[valpa_no_homenaje_meta]]></wp:meta_key>
		<wp:meta_value><![CDATA[0020000322]]></wp:meta_value>
		</wp:postmeta>
							<wp:postmeta>
		<wp:meta_key><![CDATA[valpa_nacimiento_dia_meta]]></wp:meta_key>
		<wp:meta_value><![CDATA[25]]></wp:meta_value>
		</wp:postmeta>
							<wp:postmeta>
		<wp:meta_key><![CDATA[valpa_nacimiento_mes_meta]]></wp:meta_key>
		<wp:meta_value><![CDATA[06]]></wp:meta_value>
		</wp:postmeta>
							<wp:postmeta>
		<wp:meta_key><![CDATA[valpa_nacimiento_ano_meta]]></wp:meta_key>
		<wp:meta_value><![CDATA[1958]]></wp:meta_value>
		</wp:postmeta>
							<wp:postmeta>
		<wp:meta_key><![CDATA[post_views_count]]></wp:meta_key>
		<wp:meta_value><![CDATA[53]]></wp:meta_value>
		</wp:postmeta>
							</item>
					<item>
		<title><![CDATA[Margarita Elias Davila]]></title>
		<link>http://localhost/sass-wp/obituario/margarita-elias-davila/</link>
		<pubDate>Thu, 23 Jul 2020 00:00:12 +0000</pubDate>
		<dc:creator><![CDATA[webmaster]]></dc:creator>
		<guid isPermaLink="false">http://valparaiso.com.mx/?post_type=valpa_obituario_pt&#038;p=647</guid>
		<description></description>
		<content:encoded><![CDATA[]]></content:encoded>
		<excerpt:encoded><![CDATA[]]></excerpt:encoded>
		<wp:post_id>647</wp:post_id>
		<wp:post_date><![CDATA[2020-07-23 00:00:12]]></wp:post_date>
		<wp:post_date_gmt><![CDATA[2020-07-23 00:00:12]]></wp:post_date_gmt>
		<wp:post_modified><![CDATA[2020-07-23 00:00:12]]></wp:post_modified>
		<wp:post_modified_gmt><![CDATA[2020-07-23 00:00:12]]></wp:post_modified_gmt>
		<wp:comment_status><![CDATA[open]]></wp:comment_status>
		<wp:ping_status><![CDATA[closed]]></wp:ping_status>
		<wp:post_name><![CDATA[margarita-elias-davila]]></wp:post_name>
		<wp:status><![CDATA[publish]]></wp:status>
		<wp:post_parent>0</wp:post_parent>
		<wp:menu_order>0</wp:menu_order>
		<wp:post_type><![CDATA[valpa_obituario_pt]]></wp:post_type>
		<wp:post_password><![CDATA[]]></wp:post_password>
		<wp:is_sticky>0</wp:is_sticky>
														<wp:postmeta>
		<wp:meta_key><![CDATA[_wp_old_date]]></wp:meta_key>
		<wp:meta_value><![CDATA[2020-08-28]]></wp:meta_value>
		</wp:postmeta>
							<wp:postmeta>
		<wp:meta_key><![CDATA[valpa_no_homenaje_meta]]></wp:meta_key>
		<wp:meta_value><![CDATA[0020000323]]></wp:meta_value>
		</wp:postmeta>
							<wp:postmeta>
		<wp:meta_key><![CDATA[valpa_nacimiento_dia_meta]]></wp:meta_key>
		<wp:meta_value><![CDATA[10]]></wp:meta_value>
		</wp:postmeta>
							<wp:postmeta>
		<wp:meta_key><![CDATA[valpa_nacimiento_mes_meta]]></wp:meta_key>
		<wp:meta_value><![CDATA[06]]></wp:meta_value>
		</wp:postmeta>
							<wp:postmeta>
		<wp:meta_key><![CDATA[valpa_nacimiento_ano_meta]]></wp:meta_key>
		<wp:meta_value><![CDATA[1981]]></wp:meta_value>
		</wp:postmeta>
							<wp:postmeta>
		<wp:meta_key><![CDATA[post_views_count]]></wp:meta_key>
		<wp:meta_value><![CDATA[73]]></wp:meta_value>
		</wp:postmeta>
							</item>
					<item>
		<title><![CDATA[Lucia YaÃ±ez Perez]]></title>
		<link>http://localhost/sass-wp/obituario/lucia-yanez-perez-2/</link>
		<pubDate>Thu, 23 Jul 2020 00:00:43 +0000</pubDate>
		<dc:creator><![CDATA[webmaster]]></dc:creator>
		<guid isPermaLink="false">http://valparaiso.com.mx/?post_type=valpa_obituario_pt&#038;p=648</guid>
		<description></description>
		<content:encoded><![CDATA[]]></content:encoded>
		<excerpt:encoded><![CDATA[]]></excerpt:encoded>
		<wp:post_id>648</wp:post_id>
		<wp:post_date><![CDATA[2020-07-23 00:00:43]]></wp:post_date>
		<wp:post_date_gmt><![CDATA[2020-07-23 00:00:43]]></wp:post_date_gmt>
		<wp:post_modified><![CDATA[2020-07-23 00:00:43]]></wp:post_modified>
		<wp:post_modified_gmt><![CDATA[2020-07-23 00:00:43]]></wp:post_modified_gmt>
		<wp:comment_status><![CDATA[open]]></wp:comment_status>
		<wp:ping_status><![CDATA[closed]]></wp:ping_status>
		<wp:post_name><![CDATA[lucia-yanez-perez-2]]></wp:post_name>
		<wp:status><![CDATA[publish]]></wp:status>
		<wp:post_parent>0</wp:post_parent>
		<wp:menu_order>0</wp:menu_order>
		<wp:post_type><![CDATA[valpa_obituario_pt]]></wp:post_type>
		<wp:post_password><![CDATA[]]></wp:post_password>
		<wp:is_sticky>0</wp:is_sticky>
														<wp:postmeta>
		<wp:meta_key><![CDATA[_wp_old_date]]></wp:meta_key>
		<wp:meta_value><![CDATA[2020-08-28]]></wp:meta_value>
		</wp:postmeta>
							<wp:postmeta>
		<wp:meta_key><![CDATA[valpa_no_homenaje_meta]]></wp:meta_key>
		<wp:meta_value><![CDATA[0020000324]]></wp:meta_value>
		</wp:postmeta>
							<wp:postmeta>
		<wp:meta_key><![CDATA[valpa_nacimiento_dia_meta]]></wp:meta_key>
		<wp:meta_value><![CDATA[07]]></wp:meta_value>
		</wp:postmeta>
							<wp:postmeta>
		<wp:meta_key><![CDATA[valpa_nacimiento_mes_meta]]></wp:meta_key>
		<wp:meta_value><![CDATA[12]]></wp:meta_value>
		</wp:postmeta>
							<wp:postmeta>
		<wp:meta_key><![CDATA[valpa_nacimiento_ano_meta]]></wp:meta_key>
		<wp:meta_value><![CDATA[1929]]></wp:meta_value>
		</wp:postmeta>
							<wp:postmeta>
		<wp:meta_key><![CDATA[post_views_count]]></wp:meta_key>
		<wp:meta_value><![CDATA[65]]></wp:meta_value>
		</wp:postmeta>
							</item>
					<item>
		<title><![CDATA[Reyna Gil Mendoza]]></title>
		<link>http://localhost/sass-wp/obituario/reyna-gil-mendoza/</link>
		<pubDate>Thu, 23 Jul 2020 00:00:37 +0000</pubDate>
		<dc:creator><![CDATA[webmaster]]></dc:creator>
		<guid isPermaLink="false">http://valparaiso.com.mx/?post_type=valpa_obituario_pt&#038;p=649</guid>
		<description></description>
		<content:encoded><![CDATA[]]></content:encoded>
		<excerpt:encoded><![CDATA[]]></excerpt:encoded>
		<wp:post_id>649</wp:post_id>
		<wp:post_date><![CDATA[2020-07-23 00:00:37]]></wp:post_date>
		<wp:post_date_gmt><![CDATA[2020-07-23 00:00:37]]></wp:post_date_gmt>
		<wp:post_modified><![CDATA[2020-07-23 00:00:37]]></wp:post_modified>
		<wp:post_modified_gmt><![CDATA[2020-07-23 00:00:37]]></wp:post_modified_gmt>
		<wp:comment_status><![CDATA[open]]></wp:comment_status>
		<wp:ping_status><![CDATA[closed]]></wp:ping_status>
		<wp:post_name><![CDATA[reyna-gil-mendoza]]></wp:post_name>
		<wp:status><![CDATA[publish]]></wp:status>
		<wp:post_parent>0</wp:post_parent>
		<wp:menu_order>0</wp:menu_order>
		<wp:post_type><![CDATA[valpa_obituario_pt]]></wp:post_type>
		<wp:post_password><![CDATA[]]></wp:post_password>
		<wp:is_sticky>0</wp:is_sticky>
														<wp:postmeta>
		<wp:meta_key><![CDATA[_wp_old_date]]></wp:meta_key>
		<wp:meta_value><![CDATA[2020-08-28]]></wp:meta_value>
		</wp:postmeta>
							<wp:postmeta>
		<wp:meta_key><![CDATA[valpa_no_homenaje_meta]]></wp:meta_key>
		<wp:meta_value><![CDATA[0020000325]]></wp:meta_value>
		</wp:postmeta>
							<wp:postmeta>
		<wp:meta_key><![CDATA[valpa_nacimiento_dia_meta]]></wp:meta_key>
		<wp:meta_value><![CDATA[04]]></wp:meta_value>
		</wp:postmeta>
							<wp:postmeta>
		<wp:meta_key><![CDATA[valpa_nacimiento_mes_meta]]></wp:meta_key>
		<wp:meta_value><![CDATA[05]]></wp:meta_value>
		</wp:postmeta>
							<wp:postmeta>
		<wp:meta_key><![CDATA[valpa_nacimiento_ano_meta]]></wp:meta_key>
		<wp:meta_value><![CDATA[1950]]></wp:meta_value>
		</wp:postmeta>
							<wp:postmeta>
		<wp:meta_key><![CDATA[post_views_count]]></wp:meta_key>
		<wp:meta_value><![CDATA[53]]></wp:meta_value>
		</wp:postmeta>
							</item>
					<item>
		<title><![CDATA[Manuela Elvia Sanchez MuciÃ±o]]></title>
		<link>http://localhost/sass-wp/obituario/manuela-elvia-sanchez-mucino/</link>
		<pubDate>Thu, 23 Jul 2020 00:00:21 +0000</pubDate>
		<dc:creator><![CDATA[webmaster]]></dc:creator>
		<guid isPermaLink="false">http://valparaiso.com.mx/?post_type=valpa_obituario_pt&#038;p=650</guid>
		<description></description>
		<content:encoded><![CDATA[]]></content:encoded>
		<excerpt:encoded><![CDATA[]]></excerpt:encoded>
		<wp:post_id>650</wp:post_id>
		<wp:post_date><![CDATA[2020-07-23 00:00:21]]></wp:post_date>
		<wp:post_date_gmt><![CDATA[2020-07-23 00:00:21]]></wp:post_date_gmt>
		<wp:post_modified><![CDATA[2020-07-23 00:00:21]]></wp:post_modified>
		<wp:post_modified_gmt><![CDATA[2020-07-23 00:00:21]]></wp:post_modified_gmt>
		<wp:comment_status><![CDATA[open]]></wp:comment_status>
		<wp:ping_status><![CDATA[closed]]></wp:ping_status>
		<wp:post_name><![CDATA[manuela-elvia-sanchez-mucino]]></wp:post_name>
		<wp:status><![CDATA[publish]]></wp:status>
		<wp:post_parent>0</wp:post_parent>
		<wp:menu_order>0</wp:menu_order>
		<wp:post_type><![CDATA[valpa_obituario_pt]]></wp:post_type>
		<wp:post_password><![CDATA[]]></wp:post_password>
		<wp:is_sticky>0</wp:is_sticky>
														<wp:postmeta>
		<wp:meta_key><![CDATA[_wp_old_date]]></wp:meta_key>
		<wp:meta_value><![CDATA[2020-08-28]]></wp:meta_value>
		</wp:postmeta>
							<wp:postmeta>
		<wp:meta_key><![CDATA[valpa_no_homenaje_meta]]></wp:meta_key>
		<wp:meta_value><![CDATA[0020000326]]></wp:meta_value>
		</wp:postmeta>
							<wp:postmeta>
		<wp:meta_key><![CDATA[valpa_nacimiento_dia_meta]]></wp:meta_key>
		<wp:meta_value><![CDATA[20]]></wp:meta_value>
		</wp:postmeta>
							<wp:postmeta>
		<wp:meta_key><![CDATA[valpa_nacimiento_mes_meta]]></wp:meta_key>
		<wp:meta_value><![CDATA[06]]></wp:meta_value>
		</wp:postmeta>
							<wp:postmeta>
		<wp:meta_key><![CDATA[valpa_nacimiento_ano_meta]]></wp:meta_key>
		<wp:meta_value><![CDATA[1935]]></wp:meta_value>
		</wp:postmeta>
							<wp:postmeta>
		<wp:meta_key><![CDATA[post_views_count]]></wp:meta_key>
		<wp:meta_value><![CDATA[48]]></wp:meta_value>
		</wp:postmeta>
							</item>
					<item>
		<title><![CDATA[Guadalpe Acosta Perez]]></title>
		<link>http://localhost/sass-wp/obituario/guadalpe-acosta-perez/</link>
		<pubDate>Thu, 23 Jul 2020 00:00:03 +0000</pubDate>
		<dc:creator><![CDATA[webmaster]]></dc:creator>
		<guid isPermaLink="false">http://valparaiso.com.mx/?post_type=valpa_obituario_pt&#038;p=651</guid>
		<description></description>
		<content:encoded><![CDATA[]]></content:encoded>
		<excerpt:encoded><![CDATA[]]></excerpt:encoded>
		<wp:post_id>651</wp:post_id>
		<wp:post_date><![CDATA[2020-07-23 00:00:03]]></wp:post_date>
		<wp:post_date_gmt><![CDATA[2020-07-23 00:00:03]]></wp:post_date_gmt>
		<wp:post_modified><![CDATA[2020-07-23 00:00:03]]></wp:post_modified>
		<wp:post_modified_gmt><![CDATA[2020-07-23 00:00:03]]></wp:post_modified_gmt>
		<wp:comment_status><![CDATA[open]]></wp:comment_status>
		<wp:ping_status><![CDATA[closed]]></wp:ping_status>
		<wp:post_name><![CDATA[guadalpe-acosta-perez]]></wp:post_name>
		<wp:status><![CDATA[publish]]></wp:status>
		<wp:post_parent>0</wp:post_parent>
		<wp:menu_order>0</wp:menu_order>
		<wp:post_type><![CDATA[valpa_obituario_pt]]></wp:post_type>
		<wp:post_password><![CDATA[]]></wp:post_password>
		<wp:is_sticky>0</wp:is_sticky>
														<wp:postmeta>
		<wp:meta_key><![CDATA[_wp_old_date]]></wp:meta_key>
		<wp:meta_value><![CDATA[2020-08-28]]></wp:meta_value>
		</wp:postmeta>
							<wp:postmeta>
		<wp:meta_key><![CDATA[valpa_no_homenaje_meta]]></wp:meta_key>
		<wp:meta_value><![CDATA[0020000327]]></wp:meta_value>
		</wp:postmeta>
							<wp:postmeta>
		<wp:meta_key><![CDATA[valpa_nacimiento_dia_meta]]></wp:meta_key>
		<wp:meta_value><![CDATA[21]]></wp:meta_value>
		</wp:postmeta>
							<wp:postmeta>
		<wp:meta_key><![CDATA[valpa_nacimiento_mes_meta]]></wp:meta_key>
		<wp:meta_value><![CDATA[03]]></wp:meta_value>
		</wp:postmeta>
							<wp:postmeta>
		<wp:meta_key><![CDATA[valpa_nacimiento_ano_meta]]></wp:meta_key>
		<wp:meta_value><![CDATA[1974]]></wp:meta_value>
		</wp:postmeta>
							<wp:postmeta>
		<wp:meta_key><![CDATA[post_views_count]]></wp:meta_key>
		<wp:meta_value><![CDATA[39]]></wp:meta_value>
		</wp:postmeta>
							</item>
					<item>
		<title><![CDATA[Nazario Cirilo Segundo]]></title>
		<link>http://localhost/sass-wp/obituario/nazario-cirilo-segundo/</link>
		<pubDate>Fri, 24 Jul 2020 00:00:08 +0000</pubDate>
		<dc:creator><![CDATA[webmaster]]></dc:creator>
		<guid isPermaLink="false">http://valparaiso.com.mx/?post_type=valpa_obituario_pt&#038;p=652</guid>
		<description></description>
		<content:encoded><![CDATA[]]></content:encoded>
		<excerpt:encoded><![CDATA[]]></excerpt:encoded>
		<wp:post_id>652</wp:post_id>
		<wp:post_date><![CDATA[2020-07-24 00:00:08]]></wp:post_date>
		<wp:post_date_gmt><![CDATA[2020-07-24 00:00:08]]></wp:post_date_gmt>
		<wp:post_modified><![CDATA[2020-07-24 00:00:08]]></wp:post_modified>
		<wp:post_modified_gmt><![CDATA[2020-07-24 00:00:08]]></wp:post_modified_gmt>
		<wp:comment_status><![CDATA[open]]></wp:comment_status>
		<wp:ping_status><![CDATA[closed]]></wp:ping_status>
		<wp:post_name><![CDATA[nazario-cirilo-segundo]]></wp:post_name>
		<wp:status><![CDATA[publish]]></wp:status>
		<wp:post_parent>0</wp:post_parent>
		<wp:menu_order>0</wp:menu_order>
		<wp:post_type><![CDATA[valpa_obituario_pt]]></wp:post_type>
		<wp:post_password><![CDATA[]]></wp:post_password>
		<wp:is_sticky>0</wp:is_sticky>
														<wp:postmeta>
		<wp:meta_key><![CDATA[valpa_no_homenaje_meta]]></wp:meta_key>
		<wp:meta_value><![CDATA[0020000328]]></wp:meta_value>
		</wp:postmeta>
							<wp:postmeta>
		<wp:meta_key><![CDATA[valpa_nacimiento_dia_meta]]></wp:meta_key>
		<wp:meta_value><![CDATA[12]]></wp:meta_value>
		</wp:postmeta>
							<wp:postmeta>
		<wp:meta_key><![CDATA[valpa_nacimiento_mes_meta]]></wp:meta_key>
		<wp:meta_value><![CDATA[06]]></wp:meta_value>
		</wp:postmeta>
							<wp:postmeta>
		<wp:meta_key><![CDATA[valpa_nacimiento_ano_meta]]></wp:meta_key>
		<wp:meta_value><![CDATA[1955]]></wp:meta_value>
		</wp:postmeta>
							<wp:postmeta>
		<wp:meta_key><![CDATA[post_views_count]]></wp:meta_key>
		<wp:meta_value><![CDATA[74]]></wp:meta_value>
		</wp:postmeta>
							</item>
					<item>
		<title><![CDATA[Federico Delgadillo Lara]]></title>
		<link>http://localhost/sass-wp/obituario/federico-delgadillo-lara/</link>
		<pubDate>Fri, 24 Jul 2020 00:00:39 +0000</pubDate>
		<dc:creator><![CDATA[webmaster]]></dc:creator>
		<guid isPermaLink="false">http://valparaiso.com.mx/?post_type=valpa_obituario_pt&#038;p=653</guid>
		<description></description>
		<content:encoded><![CDATA[]]></content:encoded>
		<excerpt:encoded><![CDATA[]]></excerpt:encoded>
		<wp:post_id>653</wp:post_id>
		<wp:post_date><![CDATA[2020-07-24 00:00:39]]></wp:post_date>
		<wp:post_date_gmt><![CDATA[2020-07-24 00:00:39]]></wp:post_date_gmt>
		<wp:post_modified><![CDATA[2020-07-24 00:00:39]]></wp:post_modified>
		<wp:post_modified_gmt><![CDATA[2020-07-24 00:00:39]]></wp:post_modified_gmt>
		<wp:comment_status><![CDATA[open]]></wp:comment_status>
		<wp:ping_status><![CDATA[closed]]></wp:ping_status>
		<wp:post_name><![CDATA[federico-delgadillo-lara]]></wp:post_name>
		<wp:status><![CDATA[publish]]></wp:status>
		<wp:post_parent>0</wp:post_parent>
		<wp:menu_order>0</wp:menu_order>
		<wp:post_type><![CDATA[valpa_obituario_pt]]></wp:post_type>
		<wp:post_password><![CDATA[]]></wp:post_password>
		<wp:is_sticky>0</wp:is_sticky>
														<wp:postmeta>
		<wp:meta_key><![CDATA[_wp_old_date]]></wp:meta_key>
		<wp:meta_value><![CDATA[2020-08-28]]></wp:meta_value>
		</wp:postmeta>
							<wp:postmeta>
		<wp:meta_key><![CDATA[valpa_no_homenaje_meta]]></wp:meta_key>
		<wp:meta_value><![CDATA[0020000329]]></wp:meta_value>
		</wp:postmeta>
							<wp:postmeta>
		<wp:meta_key><![CDATA[valpa_nacimiento_dia_meta]]></wp:meta_key>
		<wp:meta_value><![CDATA[02]]></wp:meta_value>
		</wp:postmeta>
							<wp:postmeta>
		<wp:meta_key><![CDATA[valpa_nacimiento_mes_meta]]></wp:meta_key>
		<wp:meta_value><![CDATA[03]]></wp:meta_value>
		</wp:postmeta>
							<wp:postmeta>
		<wp:meta_key><![CDATA[valpa_nacimiento_ano_meta]]></wp:meta_key>
		<wp:meta_value><![CDATA[1940]]></wp:meta_value>
		</wp:postmeta>
							<wp:postmeta>
		<wp:meta_key><![CDATA[post_views_count]]></wp:meta_key>
		<wp:meta_value><![CDATA[71]]></wp:meta_value>
		</wp:postmeta>
							</item>
					<item>
		<title><![CDATA[Maria de los Angeles Resendiz Garcia]]></title>
		<link>http://localhost/sass-wp/obituario/maria-de-los-angeles-resendiz-garcia/</link>
		<pubDate>Fri, 24 Jul 2020 00:00:15 +0000</pubDate>
		<dc:creator><![CDATA[webmaster]]></dc:creator>
		<guid isPermaLink="false">http://valparaiso.com.mx/?post_type=valpa_obituario_pt&#038;p=654</guid>
		<description></description>
		<content:encoded><![CDATA[]]></content:encoded>
		<excerpt:encoded><![CDATA[]]></excerpt:encoded>
		<wp:post_id>654</wp:post_id>
		<wp:post_date><![CDATA[2020-07-24 00:00:15]]></wp:post_date>
		<wp:post_date_gmt><![CDATA[2020-07-24 00:00:15]]></wp:post_date_gmt>
		<wp:post_modified><![CDATA[2020-07-24 00:00:15]]></wp:post_modified>
		<wp:post_modified_gmt><![CDATA[2020-07-24 00:00:15]]></wp:post_modified_gmt>
		<wp:comment_status><![CDATA[open]]></wp:comment_status>
		<wp:ping_status><![CDATA[closed]]></wp:ping_status>
		<wp:post_name><![CDATA[maria-de-los-angeles-resendiz-garcia]]></wp:post_name>
		<wp:status><![CDATA[publish]]></wp:status>
		<wp:post_parent>0</wp:post_parent>
		<wp:menu_order>0</wp:menu_order>
		<wp:post_type><![CDATA[valpa_obituario_pt]]></wp:post_type>
		<wp:post_password><![CDATA[]]></wp:post_password>
		<wp:is_sticky>0</wp:is_sticky>
														<wp:postmeta>
		<wp:meta_key><![CDATA[_wp_old_date]]></wp:meta_key>
		<wp:meta_value><![CDATA[2020-08-28]]></wp:meta_value>
		</wp:postmeta>
							<wp:postmeta>
		<wp:meta_key><![CDATA[valpa_no_homenaje_meta]]></wp:meta_key>
		<wp:meta_value><![CDATA[0020000330]]></wp:meta_value>
		</wp:postmeta>
							<wp:postmeta>
		<wp:meta_key><![CDATA[valpa_nacimiento_dia_meta]]></wp:meta_key>
		<wp:meta_value><![CDATA[20]]></wp:meta_value>
		</wp:postmeta>
							<wp:postmeta>
		<wp:meta_key><![CDATA[valpa_nacimiento_mes_meta]]></wp:meta_key>
		<wp:meta_value><![CDATA[12]]></wp:meta_value>
		</wp:postmeta>
							<wp:postmeta>
		<wp:meta_key><![CDATA[valpa_nacimiento_ano_meta]]></wp:meta_key>
		<wp:meta_value><![CDATA[1953]]></wp:meta_value>
		</wp:postmeta>
							<wp:postmeta>
		<wp:meta_key><![CDATA[post_views_count]]></wp:meta_key>
		<wp:meta_value><![CDATA[54]]></wp:meta_value>
		</wp:postmeta>
							</item>
					<item>
		<title><![CDATA[Andres Bobadilla Mendoza]]></title>
		<link>http://localhost/sass-wp/obituario/andres-bobadilla-mendoza/</link>
		<pubDate>Sat, 25 Jul 2020 00:00:17 +0000</pubDate>
		<dc:creator><![CDATA[webmaster]]></dc:creator>
		<guid isPermaLink="false">http://valparaiso.com.mx/?post_type=valpa_obituario_pt&#038;p=658</guid>
		<description></description>
		<content:encoded><![CDATA[]]></content:encoded>
		<excerpt:encoded><![CDATA[]]></excerpt:encoded>
		<wp:post_id>658</wp:post_id>
		<wp:post_date><![CDATA[2020-07-25 00:00:17]]></wp:post_date>
		<wp:post_date_gmt><![CDATA[2020-07-25 00:00:17]]></wp:post_date_gmt>
		<wp:post_modified><![CDATA[2020-07-25 00:00:17]]></wp:post_modified>
		<wp:post_modified_gmt><![CDATA[2020-07-25 00:00:17]]></wp:post_modified_gmt>
		<wp:comment_status><![CDATA[open]]></wp:comment_status>
		<wp:ping_status><![CDATA[closed]]></wp:ping_status>
		<wp:post_name><![CDATA[andres-bobadilla-mendoza]]></wp:post_name>
		<wp:status><![CDATA[publish]]></wp:status>
		<wp:post_parent>0</wp:post_parent>
		<wp:menu_order>0</wp:menu_order>
		<wp:post_type><![CDATA[valpa_obituario_pt]]></wp:post_type>
		<wp:post_password><![CDATA[]]></wp:post_password>
		<wp:is_sticky>0</wp:is_sticky>
														<wp:postmeta>
		<wp:meta_key><![CDATA[_wp_old_date]]></wp:meta_key>
		<wp:meta_value><![CDATA[2020-08-28]]></wp:meta_value>
		</wp:postmeta>
							<wp:postmeta>
		<wp:meta_key><![CDATA[valpa_no_homenaje_meta]]></wp:meta_key>
		<wp:meta_value><![CDATA[0020000331]]></wp:meta_value>
		</wp:postmeta>
							<wp:postmeta>
		<wp:meta_key><![CDATA[valpa_nacimiento_dia_meta]]></wp:meta_key>
		<wp:meta_value><![CDATA[29]]></wp:meta_value>
		</wp:postmeta>
							<wp:postmeta>
		<wp:meta_key><![CDATA[valpa_nacimiento_mes_meta]]></wp:meta_key>
		<wp:meta_value><![CDATA[10]]></wp:meta_value>
		</wp:postmeta>
							<wp:postmeta>
		<wp:meta_key><![CDATA[valpa_nacimiento_ano_meta]]></wp:meta_key>
		<wp:meta_value><![CDATA[1972]]></wp:meta_value>
		</wp:postmeta>
							<wp:postmeta>
		<wp:meta_key><![CDATA[post_views_count]]></wp:meta_key>
		<wp:meta_value><![CDATA[64]]></wp:meta_value>
		</wp:postmeta>
							</item>
					<item>
		<title><![CDATA[Maria Marcelina Navarro Dominguez]]></title>
		<link>http://localhost/sass-wp/obituario/maria-marcelina-navarro-dominguez/</link>
		<pubDate>Sat, 25 Jul 2020 00:00:00 +0000</pubDate>
		<dc:creator><![CDATA[webmaster]]></dc:creator>
		<guid isPermaLink="false">http://valparaiso.com.mx/?post_type=valpa_obituario_pt&#038;p=659</guid>
		<description></description>
		<content:encoded><![CDATA[]]></content:encoded>
		<excerpt:encoded><![CDATA[]]></excerpt:encoded>
		<wp:post_id>659</wp:post_id>
		<wp:post_date><![CDATA[2020-07-25 00:00:00]]></wp:post_date>
		<wp:post_date_gmt><![CDATA[2020-07-25 00:00:00]]></wp:post_date_gmt>
		<wp:post_modified><![CDATA[2020-07-25 00:00:00]]></wp:post_modified>
		<wp:post_modified_gmt><![CDATA[2020-07-25 00:00:00]]></wp:post_modified_gmt>
		<wp:comment_status><![CDATA[open]]></wp:comment_status>
		<wp:ping_status><![CDATA[closed]]></wp:ping_status>
		<wp:post_name><![CDATA[maria-marcelina-navarro-dominguez]]></wp:post_name>
		<wp:status><![CDATA[publish]]></wp:status>
		<wp:post_parent>0</wp:post_parent>
		<wp:menu_order>0</wp:menu_order>
		<wp:post_type><![CDATA[valpa_obituario_pt]]></wp:post_type>
		<wp:post_password><![CDATA[]]></wp:post_password>
		<wp:is_sticky>0</wp:is_sticky>
														<wp:postmeta>
		<wp:meta_key><![CDATA[_wp_old_date]]></wp:meta_key>
		<wp:meta_value><![CDATA[2020-08-28]]></wp:meta_value>
		</wp:postmeta>
							<wp:postmeta>
		<wp:meta_key><![CDATA[valpa_no_homenaje_meta]]></wp:meta_key>
		<wp:meta_value><![CDATA[0020000332]]></wp:meta_value>
		</wp:postmeta>
							<wp:postmeta>
		<wp:meta_key><![CDATA[valpa_nacimiento_dia_meta]]></wp:meta_key>
		<wp:meta_value><![CDATA[25]]></wp:meta_value>
		</wp:postmeta>
							<wp:postmeta>
		<wp:meta_key><![CDATA[valpa_nacimiento_mes_meta]]></wp:meta_key>
		<wp:meta_value><![CDATA[02]]></wp:meta_value>
		</wp:postmeta>
							<wp:postmeta>
		<wp:meta_key><![CDATA[valpa_nacimiento_ano_meta]]></wp:meta_key>
		<wp:meta_value><![CDATA[1949]]></wp:meta_value>
		</wp:postmeta>
							<wp:postmeta>
		<wp:meta_key><![CDATA[post_views_count]]></wp:meta_key>
		<wp:meta_value><![CDATA[58]]></wp:meta_value>
		</wp:postmeta>
							</item>
					<item>
		<title><![CDATA[Hilario Aurelio Estrada Ramirez]]></title>
		<link>http://localhost/sass-wp/obituario/hilario-aurelio-estrada-ramirez/</link>
		<pubDate>Sun, 26 Jul 2020 00:00:38 +0000</pubDate>
		<dc:creator><![CDATA[webmaster]]></dc:creator>
		<guid isPermaLink="false">http://valparaiso.com.mx/?post_type=valpa_obituario_pt&#038;p=660</guid>
		<description></description>
		<content:encoded><![CDATA[]]></content:encoded>
		<excerpt:encoded><![CDATA[]]></excerpt:encoded>
		<wp:post_id>660</wp:post_id>
		<wp:post_date><![CDATA[2020-07-26 00:00:38]]></wp:post_date>
		<wp:post_date_gmt><![CDATA[2020-07-26 00:00:38]]></wp:post_date_gmt>
		<wp:post_modified><![CDATA[2020-07-26 00:00:38]]></wp:post_modified>
		<wp:post_modified_gmt><![CDATA[2020-07-26 00:00:38]]></wp:post_modified_gmt>
		<wp:comment_status><![CDATA[open]]></wp:comment_status>
		<wp:ping_status><![CDATA[closed]]></wp:ping_status>
		<wp:post_name><![CDATA[hilario-aurelio-estrada-ramirez]]></wp:post_name>
		<wp:status><![CDATA[publish]]></wp:status>
		<wp:post_parent>0</wp:post_parent>
		<wp:menu_order>0</wp:menu_order>
		<wp:post_type><![CDATA[valpa_obituario_pt]]></wp:post_type>
		<wp:post_password><![CDATA[]]></wp:post_password>
		<wp:is_sticky>0</wp:is_sticky>
														<wp:postmeta>
		<wp:meta_key><![CDATA[_wp_old_date]]></wp:meta_key>
		<wp:meta_value><![CDATA[2020-08-28]]></wp:meta_value>
		</wp:postmeta>
							<wp:postmeta>
		<wp:meta_key><![CDATA[valpa_no_homenaje_meta]]></wp:meta_key>
		<wp:meta_value><![CDATA[0020000333]]></wp:meta_value>
		</wp:postmeta>
							<wp:postmeta>
		<wp:meta_key><![CDATA[valpa_nacimiento_dia_meta]]></wp:meta_key>
		<wp:meta_value><![CDATA[28]]></wp:meta_value>
		</wp:postmeta>
							<wp:postmeta>
		<wp:meta_key><![CDATA[valpa_nacimiento_mes_meta]]></wp:meta_key>
		<wp:meta_value><![CDATA[02]]></wp:meta_value>
		</wp:postmeta>
							<wp:postmeta>
		<wp:meta_key><![CDATA[valpa_nacimiento_ano_meta]]></wp:meta_key>
		<wp:meta_value><![CDATA[1965]]></wp:meta_value>
		</wp:postmeta>
							<wp:postmeta>
		<wp:meta_key><![CDATA[post_views_count]]></wp:meta_key>
		<wp:meta_value><![CDATA[50]]></wp:meta_value>
		</wp:postmeta>
							</item>
					<item>
		<title><![CDATA[Lonardo Juan Lopez Flores]]></title>
		<link>http://localhost/sass-wp/obituario/lonardo-juan-lopez-flores/</link>
		<pubDate>Sun, 26 Jul 2020 00:00:22 +0000</pubDate>
		<dc:creator><![CDATA[webmaster]]></dc:creator>
		<guid isPermaLink="false">http://valparaiso.com.mx/?post_type=valpa_obituario_pt&#038;p=661</guid>
		<description></description>
		<content:encoded><![CDATA[]]></content:encoded>
		<excerpt:encoded><![CDATA[]]></excerpt:encoded>
		<wp:post_id>661</wp:post_id>
		<wp:post_date><![CDATA[2020-07-26 00:00:22]]></wp:post_date>
		<wp:post_date_gmt><![CDATA[2020-07-26 00:00:22]]></wp:post_date_gmt>
		<wp:post_modified><![CDATA[2020-07-26 00:00:22]]></wp:post_modified>
		<wp:post_modified_gmt><![CDATA[2020-07-26 00:00:22]]></wp:post_modified_gmt>
		<wp:comment_status><![CDATA[open]]></wp:comment_status>
		<wp:ping_status><![CDATA[closed]]></wp:ping_status>
		<wp:post_name><![CDATA[lonardo-juan-lopez-flores]]></wp:post_name>
		<wp:status><![CDATA[publish]]></wp:status>
		<wp:post_parent>0</wp:post_parent>
		<wp:menu_order>0</wp:menu_order>
		<wp:post_type><![CDATA[valpa_obituario_pt]]></wp:post_type>
		<wp:post_password><![CDATA[]]></wp:post_password>
		<wp:is_sticky>0</wp:is_sticky>
														<wp:postmeta>
		<wp:meta_key><![CDATA[valpa_no_homenaje_meta]]></wp:meta_key>
		<wp:meta_value><![CDATA[0020000334]]></wp:meta_value>
		</wp:postmeta>
							<wp:postmeta>
		<wp:meta_key><![CDATA[valpa_nacimiento_dia_meta]]></wp:meta_key>
		<wp:meta_value><![CDATA[06]]></wp:meta_value>
		</wp:postmeta>
							<wp:postmeta>
		<wp:meta_key><![CDATA[valpa_nacimiento_mes_meta]]></wp:meta_key>
		<wp:meta_value><![CDATA[11]]></wp:meta_value>
		</wp:postmeta>
							<wp:postmeta>
		<wp:meta_key><![CDATA[valpa_nacimiento_ano_meta]]></wp:meta_key>
		<wp:meta_value><![CDATA[1944]]></wp:meta_value>
		</wp:postmeta>
							<wp:postmeta>
		<wp:meta_key><![CDATA[post_views_count]]></wp:meta_key>
		<wp:meta_value><![CDATA[63]]></wp:meta_value>
		</wp:postmeta>
							</item>
					<item>
		<title><![CDATA[Maria Esbeida Lopez Torres]]></title>
		<link>http://localhost/sass-wp/obituario/maria-esbeida-lopez-torres/</link>
		<pubDate>Sun, 26 Jul 2020 00:00:17 +0000</pubDate>
		<dc:creator><![CDATA[webmaster]]></dc:creator>
		<guid isPermaLink="false">http://valparaiso.com.mx/?post_type=valpa_obituario_pt&#038;p=662</guid>
		<description></description>
		<content:encoded><![CDATA[]]></content:encoded>
		<excerpt:encoded><![CDATA[]]></excerpt:encoded>
		<wp:post_id>662</wp:post_id>
		<wp:post_date><![CDATA[2020-07-26 00:00:17]]></wp:post_date>
		<wp:post_date_gmt><![CDATA[2020-07-26 00:00:17]]></wp:post_date_gmt>
		<wp:post_modified><![CDATA[2020-07-26 00:00:17]]></wp:post_modified>
		<wp:post_modified_gmt><![CDATA[2020-07-26 00:00:17]]></wp:post_modified_gmt>
		<wp:comment_status><![CDATA[open]]></wp:comment_status>
		<wp:ping_status><![CDATA[closed]]></wp:ping_status>
		<wp:post_name><![CDATA[maria-esbeida-lopez-torres]]></wp:post_name>
		<wp:status><![CDATA[publish]]></wp:status>
		<wp:post_parent>0</wp:post_parent>
		<wp:menu_order>0</wp:menu_order>
		<wp:post_type><![CDATA[valpa_obituario_pt]]></wp:post_type>
		<wp:post_password><![CDATA[]]></wp:post_password>
		<wp:is_sticky>0</wp:is_sticky>
														<wp:postmeta>
		<wp:meta_key><![CDATA[_wp_old_date]]></wp:meta_key>
		<wp:meta_value><![CDATA[2020-08-28]]></wp:meta_value>
		</wp:postmeta>
							<wp:postmeta>
		<wp:meta_key><![CDATA[valpa_no_homenaje_meta]]></wp:meta_key>
		<wp:meta_value><![CDATA[0020000335]]></wp:meta_value>
		</wp:postmeta>
							<wp:postmeta>
		<wp:meta_key><![CDATA[valpa_nacimiento_dia_meta]]></wp:meta_key>
		<wp:meta_value><![CDATA[08]]></wp:meta_value>
		</wp:postmeta>
							<wp:postmeta>
		<wp:meta_key><![CDATA[valpa_nacimiento_mes_meta]]></wp:meta_key>
		<wp:meta_value><![CDATA[07]]></wp:meta_value>
		</wp:postmeta>
							<wp:postmeta>
		<wp:meta_key><![CDATA[valpa_nacimiento_ano_meta]]></wp:meta_key>
		<wp:meta_value><![CDATA[1950]]></wp:meta_value>
		</wp:postmeta>
							<wp:postmeta>
		<wp:meta_key><![CDATA[post_views_count]]></wp:meta_key>
		<wp:meta_value><![CDATA[67]]></wp:meta_value>
		</wp:postmeta>
							</item>
					<item>
		<title><![CDATA[Marco Antonio Pavon Nava]]></title>
		<link>http://localhost/sass-wp/obituario/marco-antonio-pavon-nava/</link>
		<pubDate>Sun, 26 Jul 2020 00:00:54 +0000</pubDate>
		<dc:creator><![CDATA[webmaster]]></dc:creator>
		<guid isPermaLink="false">http://valparaiso.com.mx/?post_type=valpa_obituario_pt&#038;p=663</guid>
		<description></description>
		<content:encoded><![CDATA[]]></content:encoded>
		<excerpt:encoded><![CDATA[]]></excerpt:encoded>
		<wp:post_id>663</wp:post_id>
		<wp:post_date><![CDATA[2020-07-26 00:00:54]]></wp:post_date>
		<wp:post_date_gmt><![CDATA[2020-07-26 00:00:54]]></wp:post_date_gmt>
		<wp:post_modified><![CDATA[2020-07-26 00:00:54]]></wp:post_modified>
		<wp:post_modified_gmt><![CDATA[2020-07-26 00:00:54]]></wp:post_modified_gmt>
		<wp:comment_status><![CDATA[open]]></wp:comment_status>
		<wp:ping_status><![CDATA[closed]]></wp:ping_status>
		<wp:post_name><![CDATA[marco-antonio-pavon-nava]]></wp:post_name>
		<wp:status><![CDATA[publish]]></wp:status>
		<wp:post_parent>0</wp:post_parent>
		<wp:menu_order>0</wp:menu_order>
		<wp:post_type><![CDATA[valpa_obituario_pt]]></wp:post_type>
		<wp:post_password><![CDATA[]]></wp:post_password>
		<wp:is_sticky>0</wp:is_sticky>
														<wp:postmeta>
		<wp:meta_key><![CDATA[_wp_old_date]]></wp:meta_key>
		<wp:meta_value><![CDATA[2020-08-28]]></wp:meta_value>
		</wp:postmeta>
							<wp:postmeta>
		<wp:meta_key><![CDATA[valpa_no_homenaje_meta]]></wp:meta_key>
		<wp:meta_value><![CDATA[0020000336]]></wp:meta_value>
		</wp:postmeta>
							<wp:postmeta>
		<wp:meta_key><![CDATA[valpa_nacimiento_dia_meta]]></wp:meta_key>
		<wp:meta_value><![CDATA[14]]></wp:meta_value>
		</wp:postmeta>
							<wp:postmeta>
		<wp:meta_key><![CDATA[valpa_nacimiento_mes_meta]]></wp:meta_key>
		<wp:meta_value><![CDATA[09]]></wp:meta_value>
		</wp:postmeta>
							<wp:postmeta>
		<wp:meta_key><![CDATA[valpa_nacimiento_ano_meta]]></wp:meta_key>
		<wp:meta_value><![CDATA[1969]]></wp:meta_value>
		</wp:postmeta>
							<wp:postmeta>
		<wp:meta_key><![CDATA[post_views_count]]></wp:meta_key>
		<wp:meta_value><![CDATA[60]]></wp:meta_value>
		</wp:postmeta>
							</item>
					<item>
		<title><![CDATA[Monica Gonzalez OcaÃ±a]]></title>
		<link>http://localhost/sass-wp/obituario/monica-gonzalez-ocana/</link>
		<pubDate>Mon, 27 Jul 2020 00:00:28 +0000</pubDate>
		<dc:creator><![CDATA[webmaster]]></dc:creator>
		<guid isPermaLink="false">http://valparaiso.com.mx/?post_type=valpa_obituario_pt&#038;p=664</guid>
		<description></description>
		<content:encoded><![CDATA[]]></content:encoded>
		<excerpt:encoded><![CDATA[]]></excerpt:encoded>
		<wp:post_id>664</wp:post_id>
		<wp:post_date><![CDATA[2020-07-27 00:00:28]]></wp:post_date>
		<wp:post_date_gmt><![CDATA[2020-07-27 00:00:28]]></wp:post_date_gmt>
		<wp:post_modified><![CDATA[2020-07-27 00:00:28]]></wp:post_modified>
		<wp:post_modified_gmt><![CDATA[2020-07-27 00:00:28]]></wp:post_modified_gmt>
		<wp:comment_status><![CDATA[open]]></wp:comment_status>
		<wp:ping_status><![CDATA[closed]]></wp:ping_status>
		<wp:post_name><![CDATA[monica-gonzalez-ocana]]></wp:post_name>
		<wp:status><![CDATA[publish]]></wp:status>
		<wp:post_parent>0</wp:post_parent>
		<wp:menu_order>0</wp:menu_order>
		<wp:post_type><![CDATA[valpa_obituario_pt]]></wp:post_type>
		<wp:post_password><![CDATA[]]></wp:post_password>
		<wp:is_sticky>0</wp:is_sticky>
														<wp:postmeta>
		<wp:meta_key><![CDATA[_wp_old_date]]></wp:meta_key>
		<wp:meta_value><![CDATA[2020-08-28]]></wp:meta_value>
		</wp:postmeta>
							<wp:postmeta>
		<wp:meta_key><![CDATA[valpa_no_homenaje_meta]]></wp:meta_key>
		<wp:meta_value><![CDATA[0020000337]]></wp:meta_value>
		</wp:postmeta>
							<wp:postmeta>
		<wp:meta_key><![CDATA[valpa_nacimiento_dia_meta]]></wp:meta_key>
		<wp:meta_value><![CDATA[06]]></wp:meta_value>
		</wp:postmeta>
							<wp:postmeta>
		<wp:meta_key><![CDATA[valpa_nacimiento_mes_meta]]></wp:meta_key>
		<wp:meta_value><![CDATA[05]]></wp:meta_value>
		</wp:postmeta>
							<wp:postmeta>
		<wp:meta_key><![CDATA[valpa_nacimiento_ano_meta]]></wp:meta_key>
		<wp:meta_value><![CDATA[1978]]></wp:meta_value>
		</wp:postmeta>
							<wp:postmeta>
		<wp:meta_key><![CDATA[post_views_count]]></wp:meta_key>
		<wp:meta_value><![CDATA[44]]></wp:meta_value>
		</wp:postmeta>
							</item>
					<item>
		<title><![CDATA[J. fELIX Andres Valle]]></title>
		<link>http://localhost/sass-wp/obituario/j-felix-andres-valle/</link>
		<pubDate>Mon, 27 Jul 2020 00:00:58 +0000</pubDate>
		<dc:creator><![CDATA[webmaster]]></dc:creator>
		<guid isPermaLink="false">http://valparaiso.com.mx/?post_type=valpa_obituario_pt&#038;p=665</guid>
		<description></description>
		<content:encoded><![CDATA[]]></content:encoded>
		<excerpt:encoded><![CDATA[]]></excerpt:encoded>
		<wp:post_id>665</wp:post_id>
		<wp:post_date><![CDATA[2020-07-27 00:00:58]]></wp:post_date>
		<wp:post_date_gmt><![CDATA[2020-07-27 00:00:58]]></wp:post_date_gmt>
		<wp:post_modified><![CDATA[2020-07-27 00:00:58]]></wp:post_modified>
		<wp:post_modified_gmt><![CDATA[2020-07-27 00:00:58]]></wp:post_modified_gmt>
		<wp:comment_status><![CDATA[open]]></wp:comment_status>
		<wp:ping_status><![CDATA[closed]]></wp:ping_status>
		<wp:post_name><![CDATA[j-felix-andres-valle]]></wp:post_name>
		<wp:status><![CDATA[publish]]></wp:status>
		<wp:post_parent>0</wp:post_parent>
		<wp:menu_order>0</wp:menu_order>
		<wp:post_type><![CDATA[valpa_obituario_pt]]></wp:post_type>
		<wp:post_password><![CDATA[]]></wp:post_password>
		<wp:is_sticky>0</wp:is_sticky>
														<wp:postmeta>
		<wp:meta_key><![CDATA[_wp_old_date]]></wp:meta_key>
		<wp:meta_value><![CDATA[2020-08-28]]></wp:meta_value>
		</wp:postmeta>
							<wp:postmeta>
		<wp:meta_key><![CDATA[valpa_no_homenaje_meta]]></wp:meta_key>
		<wp:meta_value><![CDATA[0020000338]]></wp:meta_value>
		</wp:postmeta>
							<wp:postmeta>
		<wp:meta_key><![CDATA[valpa_nacimiento_dia_meta]]></wp:meta_key>
		<wp:meta_value><![CDATA[07]]></wp:meta_value>
		</wp:postmeta>
							<wp:postmeta>
		<wp:meta_key><![CDATA[valpa_nacimiento_mes_meta]]></wp:meta_key>
		<wp:meta_value><![CDATA[03]]></wp:meta_value>
		</wp:postmeta>
							<wp:postmeta>
		<wp:meta_key><![CDATA[valpa_nacimiento_ano_meta]]></wp:meta_key>
		<wp:meta_value><![CDATA[1966]]></wp:meta_value>
		</wp:postmeta>
							<wp:postmeta>
		<wp:meta_key><![CDATA[post_views_count]]></wp:meta_key>
		<wp:meta_value><![CDATA[40]]></wp:meta_value>
		</wp:postmeta>
							</item>
					<item>
		<title><![CDATA[Pascuala Luisa Quiroz]]></title>
		<link>http://localhost/sass-wp/obituario/pascuala-luisa-quiroz/</link>
		<pubDate>Mon, 27 Jul 2020 00:00:35 +0000</pubDate>
		<dc:creator><![CDATA[webmaster]]></dc:creator>
		<guid isPermaLink="false">http://valparaiso.com.mx/?post_type=valpa_obituario_pt&#038;p=666</guid>
		<description></description>
		<content:encoded><![CDATA[]]></content:encoded>
		<excerpt:encoded><![CDATA[]]></excerpt:encoded>
		<wp:post_id>666</wp:post_id>
		<wp:post_date><![CDATA[2020-07-27 00:00:35]]></wp:post_date>
		<wp:post_date_gmt><![CDATA[2020-07-27 00:00:35]]></wp:post_date_gmt>
		<wp:post_modified><![CDATA[2020-07-27 00:00:35]]></wp:post_modified>
		<wp:post_modified_gmt><![CDATA[2020-07-27 00:00:35]]></wp:post_modified_gmt>
		<wp:comment_status><![CDATA[open]]></wp:comment_status>
		<wp:ping_status><![CDATA[closed]]></wp:ping_status>
		<wp:post_name><![CDATA[pascuala-luisa-quiroz]]></wp:post_name>
		<wp:status><![CDATA[publish]]></wp:status>
		<wp:post_parent>0</wp:post_parent>
		<wp:menu_order>0</wp:menu_order>
		<wp:post_type><![CDATA[valpa_obituario_pt]]></wp:post_type>
		<wp:post_password><![CDATA[]]></wp:post_password>
		<wp:is_sticky>0</wp:is_sticky>
														<wp:postmeta>
		<wp:meta_key><![CDATA[_wp_old_date]]></wp:meta_key>
		<wp:meta_value><![CDATA[2020-08-28]]></wp:meta_value>
		</wp:postmeta>
							<wp:postmeta>
		<wp:meta_key><![CDATA[valpa_no_homenaje_meta]]></wp:meta_key>
		<wp:meta_value><![CDATA[0020000339]]></wp:meta_value>
		</wp:postmeta>
							<wp:postmeta>
		<wp:meta_key><![CDATA[valpa_nacimiento_dia_meta]]></wp:meta_key>
		<wp:meta_value><![CDATA[14]]></wp:meta_value>
		</wp:postmeta>
							<wp:postmeta>
		<wp:meta_key><![CDATA[valpa_nacimiento_mes_meta]]></wp:meta_key>
		<wp:meta_value><![CDATA[06]]></wp:meta_value>
		</wp:postmeta>
							<wp:postmeta>
		<wp:meta_key><![CDATA[valpa_nacimiento_ano_meta]]></wp:meta_key>
		<wp:meta_value><![CDATA[1943]]></wp:meta_value>
		</wp:postmeta>
							<wp:postmeta>
		<wp:meta_key><![CDATA[post_views_count]]></wp:meta_key>
		<wp:meta_value><![CDATA[66]]></wp:meta_value>
		</wp:postmeta>
							</item>
					<item>
		<title><![CDATA[Jesus Martinez Garcia]]></title>
		<link>http://localhost/sass-wp/obituario/jesus-martinez-garcia/</link>
		<pubDate>Tue, 28 Jul 2020 00:00:12 +0000</pubDate>
		<dc:creator><![CDATA[webmaster]]></dc:creator>
		<guid isPermaLink="false">http://valparaiso.com.mx/?post_type=valpa_obituario_pt&#038;p=667</guid>
		<description></description>
		<content:encoded><![CDATA[]]></content:encoded>
		<excerpt:encoded><![CDATA[]]></excerpt:encoded>
		<wp:post_id>667</wp:post_id>
		<wp:post_date><![CDATA[2020-07-28 00:00:12]]></wp:post_date>
		<wp:post_date_gmt><![CDATA[2020-07-28 00:00:12]]></wp:post_date_gmt>
		<wp:post_modified><![CDATA[2020-07-28 00:00:12]]></wp:post_modified>
		<wp:post_modified_gmt><![CDATA[2020-07-28 00:00:12]]></wp:post_modified_gmt>
		<wp:comment_status><![CDATA[open]]></wp:comment_status>
		<wp:ping_status><![CDATA[closed]]></wp:ping_status>
		<wp:post_name><![CDATA[jesus-martinez-garcia]]></wp:post_name>
		<wp:status><![CDATA[publish]]></wp:status>
		<wp:post_parent>0</wp:post_parent>
		<wp:menu_order>0</wp:menu_order>
		<wp:post_type><![CDATA[valpa_obituario_pt]]></wp:post_type>
		<wp:post_password><![CDATA[]]></wp:post_password>
		<wp:is_sticky>0</wp:is_sticky>
														<wp:postmeta>
		<wp:meta_key><![CDATA[_wp_old_date]]></wp:meta_key>
		<wp:meta_value><![CDATA[2020-08-28]]></wp:meta_value>
		</wp:postmeta>
							<wp:postmeta>
		<wp:meta_key><![CDATA[valpa_no_homenaje_meta]]></wp:meta_key>
		<wp:meta_value><![CDATA[0020000340]]></wp:meta_value>
		</wp:postmeta>
							<wp:postmeta>
		<wp:meta_key><![CDATA[valpa_nacimiento_dia_meta]]></wp:meta_key>
		<wp:meta_value><![CDATA[19]]></wp:meta_value>
		</wp:postmeta>
							<wp:postmeta>
		<wp:meta_key><![CDATA[valpa_nacimiento_mes_meta]]></wp:meta_key>
		<wp:meta_value><![CDATA[01]]></wp:meta_value>
		</wp:postmeta>
							<wp:postmeta>
		<wp:meta_key><![CDATA[valpa_nacimiento_ano_meta]]></wp:meta_key>
		<wp:meta_value><![CDATA[1941]]></wp:meta_value>
		</wp:postmeta>
							<wp:postmeta>
		<wp:meta_key><![CDATA[post_views_count]]></wp:meta_key>
		<wp:meta_value><![CDATA[68]]></wp:meta_value>
		</wp:postmeta>
							</item>
					<item>
		<title><![CDATA[Pablo Roberto Ocampo Lucas]]></title>
		<link>http://localhost/sass-wp/obituario/pablo-roberto-ocampo-lucas/</link>
		<pubDate>Tue, 28 Jul 2020 00:00:54 +0000</pubDate>
		<dc:creator><![CDATA[webmaster]]></dc:creator>
		<guid isPermaLink="false">http://valparaiso.com.mx/?post_type=valpa_obituario_pt&#038;p=668</guid>
		<description></description>
		<content:encoded><![CDATA[]]></content:encoded>
		<excerpt:encoded><![CDATA[]]></excerpt:encoded>
		<wp:post_id>668</wp:post_id>
		<wp:post_date><![CDATA[2020-07-28 00:00:54]]></wp:post_date>
		<wp:post_date_gmt><![CDATA[2020-07-28 00:00:54]]></wp:post_date_gmt>
		<wp:post_modified><![CDATA[2020-07-28 00:00:54]]></wp:post_modified>
		<wp:post_modified_gmt><![CDATA[2020-07-28 00:00:54]]></wp:post_modified_gmt>
		<wp:comment_status><![CDATA[open]]></wp:comment_status>
		<wp:ping_status><![CDATA[closed]]></wp:ping_status>
		<wp:post_name><![CDATA[pablo-roberto-ocampo-lucas]]></wp:post_name>
		<wp:status><![CDATA[publish]]></wp:status>
		<wp:post_parent>0</wp:post_parent>
		<wp:menu_order>0</wp:menu_order>
		<wp:post_type><![CDATA[valpa_obituario_pt]]></wp:post_type>
		<wp:post_password><![CDATA[]]></wp:post_password>
		<wp:is_sticky>0</wp:is_sticky>
														<wp:postmeta>
		<wp:meta_key><![CDATA[_wp_old_date]]></wp:meta_key>
		<wp:meta_value><![CDATA[2020-08-28]]></wp:meta_value>
		</wp:postmeta>
							<wp:postmeta>
		<wp:meta_key><![CDATA[valpa_no_homenaje_meta]]></wp:meta_key>
		<wp:meta_value><![CDATA[0020000341]]></wp:meta_value>
		</wp:postmeta>
							<wp:postmeta>
		<wp:meta_key><![CDATA[valpa_nacimiento_dia_meta]]></wp:meta_key>
		<wp:meta_value><![CDATA[07]]></wp:meta_value>
		</wp:postmeta>
							<wp:postmeta>
		<wp:meta_key><![CDATA[valpa_nacimiento_mes_meta]]></wp:meta_key>
		<wp:meta_value><![CDATA[06]]></wp:meta_value>
		</wp:postmeta>
							<wp:postmeta>
		<wp:meta_key><![CDATA[valpa_nacimiento_ano_meta]]></wp:meta_key>
		<wp:meta_value><![CDATA[1957]]></wp:meta_value>
		</wp:postmeta>
							<wp:postmeta>
		<wp:meta_key><![CDATA[post_views_count]]></wp:meta_key>
		<wp:meta_value><![CDATA[52]]></wp:meta_value>
		</wp:postmeta>
							</item>
					<item>
		<title><![CDATA[Teresa Vargas Gonzalez]]></title>
		<link>http://localhost/sass-wp/obituario/teresa-vargas-gonzalez/</link>
		<pubDate>Wed, 29 Jul 2020 00:00:28 +0000</pubDate>
		<dc:creator><![CDATA[webmaster]]></dc:creator>
		<guid isPermaLink="false">http://valparaiso.com.mx/?post_type=valpa_obituario_pt&#038;p=669</guid>
		<description></description>
		<content:encoded><![CDATA[]]></content:encoded>
		<excerpt:encoded><![CDATA[]]></excerpt:encoded>
		<wp:post_id>669</wp:post_id>
		<wp:post_date><![CDATA[2020-07-29 00:00:28]]></wp:post_date>
		<wp:post_date_gmt><![CDATA[2020-07-29 00:00:28]]></wp:post_date_gmt>
		<wp:post_modified><![CDATA[2020-07-29 00:00:28]]></wp:post_modified>
		<wp:post_modified_gmt><![CDATA[2020-07-29 00:00:28]]></wp:post_modified_gmt>
		<wp:comment_status><![CDATA[open]]></wp:comment_status>
		<wp:ping_status><![CDATA[closed]]></wp:ping_status>
		<wp:post_name><![CDATA[teresa-vargas-gonzalez]]></wp:post_name>
		<wp:status><![CDATA[publish]]></wp:status>
		<wp:post_parent>0</wp:post_parent>
		<wp:menu_order>0</wp:menu_order>
		<wp:post_type><![CDATA[valpa_obituario_pt]]></wp:post_type>
		<wp:post_password><![CDATA[]]></wp:post_password>
		<wp:is_sticky>0</wp:is_sticky>
														<wp:postmeta>
		<wp:meta_key><![CDATA[_wp_old_date]]></wp:meta_key>
		<wp:meta_value><![CDATA[2020-08-28]]></wp:meta_value>
		</wp:postmeta>
							<wp:postmeta>
		<wp:meta_key><![CDATA[valpa_no_homenaje_meta]]></wp:meta_key>
		<wp:meta_value><![CDATA[0020000342]]></wp:meta_value>
		</wp:postmeta>
							<wp:postmeta>
		<wp:meta_key><![CDATA[valpa_nacimiento_dia_meta]]></wp:meta_key>
		<wp:meta_value><![CDATA[04]]></wp:meta_value>
		</wp:postmeta>
							<wp:postmeta>
		<wp:meta_key><![CDATA[valpa_nacimiento_mes_meta]]></wp:meta_key>
		<wp:meta_value><![CDATA[03]]></wp:meta_value>
		</wp:postmeta>
							<wp:postmeta>
		<wp:meta_key><![CDATA[valpa_nacimiento_ano_meta]]></wp:meta_key>
		<wp:meta_value><![CDATA[1949]]></wp:meta_value>
		</wp:postmeta>
							<wp:postmeta>
		<wp:meta_key><![CDATA[post_views_count]]></wp:meta_key>
		<wp:meta_value><![CDATA[65]]></wp:meta_value>
		</wp:postmeta>
							</item>
					<item>
		<title><![CDATA[Maria Elena Nieves Lopez Salas]]></title>
		<link>http://localhost/sass-wp/obituario/maria-elena-nieves-lopez-salas/</link>
		<pubDate>Wed, 29 Jul 2020 00:00:20 +0000</pubDate>
		<dc:creator><![CDATA[webmaster]]></dc:creator>
		<guid isPermaLink="false">http://valparaiso.com.mx/?post_type=valpa_obituario_pt&#038;p=670</guid>
		<description></description>
		<content:encoded><![CDATA[]]></content:encoded>
		<excerpt:encoded><![CDATA[]]></excerpt:encoded>
		<wp:post_id>670</wp:post_id>
		<wp:post_date><![CDATA[2020-07-29 00:00:20]]></wp:post_date>
		<wp:post_date_gmt><![CDATA[2020-07-29 00:00:20]]></wp:post_date_gmt>
		<wp:post_modified><![CDATA[2020-07-29 00:00:20]]></wp:post_modified>
		<wp:post_modified_gmt><![CDATA[2020-07-29 00:00:20]]></wp:post_modified_gmt>
		<wp:comment_status><![CDATA[open]]></wp:comment_status>
		<wp:ping_status><![CDATA[closed]]></wp:ping_status>
		<wp:post_name><![CDATA[maria-elena-nieves-lopez-salas]]></wp:post_name>
		<wp:status><![CDATA[publish]]></wp:status>
		<wp:post_parent>0</wp:post_parent>
		<wp:menu_order>0</wp:menu_order>
		<wp:post_type><![CDATA[valpa_obituario_pt]]></wp:post_type>
		<wp:post_password><![CDATA[]]></wp:post_password>
		<wp:is_sticky>0</wp:is_sticky>
														<wp:postmeta>
		<wp:meta_key><![CDATA[_wp_old_date]]></wp:meta_key>
		<wp:meta_value><![CDATA[2020-08-28]]></wp:meta_value>
		</wp:postmeta>
							<wp:postmeta>
		<wp:meta_key><![CDATA[valpa_no_homenaje_meta]]></wp:meta_key>
		<wp:meta_value><![CDATA[0020000343]]></wp:meta_value>
		</wp:postmeta>
							<wp:postmeta>
		<wp:meta_key><![CDATA[valpa_nacimiento_dia_meta]]></wp:meta_key>
		<wp:meta_value><![CDATA[03]]></wp:meta_value>
		</wp:postmeta>
							<wp:postmeta>
		<wp:meta_key><![CDATA[valpa_nacimiento_mes_meta]]></wp:meta_key>
		<wp:meta_value><![CDATA[08]]></wp:meta_value>
		</wp:postmeta>
							<wp:postmeta>
		<wp:meta_key><![CDATA[valpa_nacimiento_ano_meta]]></wp:meta_key>
		<wp:meta_value><![CDATA[1956]]></wp:meta_value>
		</wp:postmeta>
							<wp:postmeta>
		<wp:meta_key><![CDATA[post_views_count]]></wp:meta_key>
		<wp:meta_value><![CDATA[71]]></wp:meta_value>
		</wp:postmeta>
							</item>
					<item>
		<title><![CDATA[Leopoldina Gonzalez Lopez]]></title>
		<link>http://localhost/sass-wp/obituario/leopoldina-gonzalez-lopez/</link>
		<pubDate>Wed, 29 Jul 2020 00:00:16 +0000</pubDate>
		<dc:creator><![CDATA[webmaster]]></dc:creator>
		<guid isPermaLink="false">http://valparaiso.com.mx/?post_type=valpa_obituario_pt&#038;p=671</guid>
		<description></description>
		<content:encoded><![CDATA[]]></content:encoded>
		<excerpt:encoded><![CDATA[]]></excerpt:encoded>
		<wp:post_id>671</wp:post_id>
		<wp:post_date><![CDATA[2020-07-29 00:00:16]]></wp:post_date>
		<wp:post_date_gmt><![CDATA[2020-07-29 00:00:16]]></wp:post_date_gmt>
		<wp:post_modified><![CDATA[2020-07-29 00:00:16]]></wp:post_modified>
		<wp:post_modified_gmt><![CDATA[2020-07-29 00:00:16]]></wp:post_modified_gmt>
		<wp:comment_status><![CDATA[open]]></wp:comment_status>
		<wp:ping_status><![CDATA[closed]]></wp:ping_status>
		<wp:post_name><![CDATA[leopoldina-gonzalez-lopez]]></wp:post_name>
		<wp:status><![CDATA[publish]]></wp:status>
		<wp:post_parent>0</wp:post_parent>
		<wp:menu_order>0</wp:menu_order>
		<wp:post_type><![CDATA[valpa_obituario_pt]]></wp:post_type>
		<wp:post_password><![CDATA[]]></wp:post_password>
		<wp:is_sticky>0</wp:is_sticky>
														<wp:postmeta>
		<wp:meta_key><![CDATA[_wp_old_date]]></wp:meta_key>
		<wp:meta_value><![CDATA[2020-08-28]]></wp:meta_value>
		</wp:postmeta>
							<wp:postmeta>
		<wp:meta_key><![CDATA[valpa_no_homenaje_meta]]></wp:meta_key>
		<wp:meta_value><![CDATA[0020000344]]></wp:meta_value>
		</wp:postmeta>
							<wp:postmeta>
		<wp:meta_key><![CDATA[valpa_nacimiento_dia_meta]]></wp:meta_key>
		<wp:meta_value><![CDATA[15]]></wp:meta_value>
		</wp:postmeta>
							<wp:postmeta>
		<wp:meta_key><![CDATA[valpa_nacimiento_mes_meta]]></wp:meta_key>
		<wp:meta_value><![CDATA[11]]></wp:meta_value>
		</wp:postmeta>
							<wp:postmeta>
		<wp:meta_key><![CDATA[valpa_nacimiento_ano_meta]]></wp:meta_key>
		<wp:meta_value><![CDATA[1973]]></wp:meta_value>
		</wp:postmeta>
							<wp:postmeta>
		<wp:meta_key><![CDATA[post_views_count]]></wp:meta_key>
		<wp:meta_value><![CDATA[32]]></wp:meta_value>
		</wp:postmeta>
							</item>
					<item>
		<title><![CDATA[Eduardo Garcia Alvarez]]></title>
		<link>http://localhost/sass-wp/obituario/eduardo-garcia-alvarez/</link>
		<pubDate>Sat, 01 Aug 2020 00:00:06 +0000</pubDate>
		<dc:creator><![CDATA[webmaster]]></dc:creator>
		<guid isPermaLink="false">http://valparaiso.com.mx/?post_type=valpa_obituario_pt&#038;p=672</guid>
		<description></description>
		<content:encoded><![CDATA[]]></content:encoded>
		<excerpt:encoded><![CDATA[]]></excerpt:encoded>
		<wp:post_id>672</wp:post_id>
		<wp:post_date><![CDATA[2020-08-01 00:00:06]]></wp:post_date>
		<wp:post_date_gmt><![CDATA[2020-08-01 00:00:06]]></wp:post_date_gmt>
		<wp:post_modified><![CDATA[2020-08-01 00:00:06]]></wp:post_modified>
		<wp:post_modified_gmt><![CDATA[2020-08-01 00:00:06]]></wp:post_modified_gmt>
		<wp:comment_status><![CDATA[open]]></wp:comment_status>
		<wp:ping_status><![CDATA[closed]]></wp:ping_status>
		<wp:post_name><![CDATA[eduardo-garcia-alvarez]]></wp:post_name>
		<wp:status><![CDATA[publish]]></wp:status>
		<wp:post_parent>0</wp:post_parent>
		<wp:menu_order>0</wp:menu_order>
		<wp:post_type><![CDATA[valpa_obituario_pt]]></wp:post_type>
		<wp:post_password><![CDATA[]]></wp:post_password>
		<wp:is_sticky>0</wp:is_sticky>
														<wp:postmeta>
		<wp:meta_key><![CDATA[_wp_old_date]]></wp:meta_key>
		<wp:meta_value><![CDATA[2020-08-28]]></wp:meta_value>
		</wp:postmeta>
							<wp:postmeta>
		<wp:meta_key><![CDATA[valpa_no_homenaje_meta]]></wp:meta_key>
		<wp:meta_value><![CDATA[0020000345]]></wp:meta_value>
		</wp:postmeta>
							<wp:postmeta>
		<wp:meta_key><![CDATA[valpa_nacimiento_dia_meta]]></wp:meta_key>
		<wp:meta_value><![CDATA[13]]></wp:meta_value>
		</wp:postmeta>
							<wp:postmeta>
		<wp:meta_key><![CDATA[valpa_nacimiento_mes_meta]]></wp:meta_key>
		<wp:meta_value><![CDATA[10]]></wp:meta_value>
		</wp:postmeta>
							<wp:postmeta>
		<wp:meta_key><![CDATA[valpa_nacimiento_ano_meta]]></wp:meta_key>
		<wp:meta_value><![CDATA[1954]]></wp:meta_value>
		</wp:postmeta>
							<wp:postmeta>
		<wp:meta_key><![CDATA[post_views_count]]></wp:meta_key>
		<wp:meta_value><![CDATA[51]]></wp:meta_value>
		</wp:postmeta>
							</item>
					<item>
		<title><![CDATA[Miguel Angel Mondragon Lopez]]></title>
		<link>http://localhost/sass-wp/obituario/miguel-angel-mondragon-lopez/</link>
		<pubDate>Sat, 01 Aug 2020 00:00:57 +0000</pubDate>
		<dc:creator><![CDATA[webmaster]]></dc:creator>
		<guid isPermaLink="false">http://valparaiso.com.mx/?post_type=valpa_obituario_pt&#038;p=673</guid>
		<description></description>
		<content:encoded><![CDATA[]]></content:encoded>
		<excerpt:encoded><![CDATA[]]></excerpt:encoded>
		<wp:post_id>673</wp:post_id>
		<wp:post_date><![CDATA[2020-08-01 00:00:57]]></wp:post_date>
		<wp:post_date_gmt><![CDATA[2020-08-01 00:00:57]]></wp:post_date_gmt>
		<wp:post_modified><![CDATA[2020-08-01 00:00:57]]></wp:post_modified>
		<wp:post_modified_gmt><![CDATA[2020-08-01 00:00:57]]></wp:post_modified_gmt>
		<wp:comment_status><![CDATA[open]]></wp:comment_status>
		<wp:ping_status><![CDATA[closed]]></wp:ping_status>
		<wp:post_name><![CDATA[miguel-angel-mondragon-lopez]]></wp:post_name>
		<wp:status><![CDATA[publish]]></wp:status>
		<wp:post_parent>0</wp:post_parent>
		<wp:menu_order>0</wp:menu_order>
		<wp:post_type><![CDATA[valpa_obituario_pt]]></wp:post_type>
		<wp:post_password><![CDATA[]]></wp:post_password>
		<wp:is_sticky>0</wp:is_sticky>
														<wp:postmeta>
		<wp:meta_key><![CDATA[valpa_no_homenaje_meta]]></wp:meta_key>
		<wp:meta_value><![CDATA[0020000347]]></wp:meta_value>
		</wp:postmeta>
							<wp:postmeta>
		<wp:meta_key><![CDATA[valpa_nacimiento_dia_meta]]></wp:meta_key>
		<wp:meta_value><![CDATA[10]]></wp:meta_value>
		</wp:postmeta>
							<wp:postmeta>
		<wp:meta_key><![CDATA[valpa_nacimiento_mes_meta]]></wp:meta_key>
		<wp:meta_value><![CDATA[04]]></wp:meta_value>
		</wp:postmeta>
							<wp:postmeta>
		<wp:meta_key><![CDATA[valpa_nacimiento_ano_meta]]></wp:meta_key>
		<wp:meta_value><![CDATA[1980]]></wp:meta_value>
		</wp:postmeta>
							<wp:postmeta>
		<wp:meta_key><![CDATA[post_views_count]]></wp:meta_key>
		<wp:meta_value><![CDATA[49]]></wp:meta_value>
		</wp:postmeta>
							</item>
					<item>
		<title><![CDATA[Griselda Herrera Morales]]></title>
		<link>http://localhost/sass-wp/obituario/griselda-herrera-morales/</link>
		<pubDate>Sat, 01 Aug 2020 00:00:38 +0000</pubDate>
		<dc:creator><![CDATA[webmaster]]></dc:creator>
		<guid isPermaLink="false">http://valparaiso.com.mx/?post_type=valpa_obituario_pt&#038;p=675</guid>
		<description></description>
		<content:encoded><![CDATA[]]></content:encoded>
		<excerpt:encoded><![CDATA[]]></excerpt:encoded>
		<wp:post_id>675</wp:post_id>
		<wp:post_date><![CDATA[2020-08-01 00:00:38]]></wp:post_date>
		<wp:post_date_gmt><![CDATA[2020-08-01 00:00:38]]></wp:post_date_gmt>
		<wp:post_modified><![CDATA[2020-08-01 00:00:38]]></wp:post_modified>
		<wp:post_modified_gmt><![CDATA[2020-08-01 00:00:38]]></wp:post_modified_gmt>
		<wp:comment_status><![CDATA[open]]></wp:comment_status>
		<wp:ping_status><![CDATA[closed]]></wp:ping_status>
		<wp:post_name><![CDATA[griselda-herrera-morales]]></wp:post_name>
		<wp:status><![CDATA[publish]]></wp:status>
		<wp:post_parent>0</wp:post_parent>
		<wp:menu_order>0</wp:menu_order>
		<wp:post_type><![CDATA[valpa_obituario_pt]]></wp:post_type>
		<wp:post_password><![CDATA[]]></wp:post_password>
		<wp:is_sticky>0</wp:is_sticky>
														<wp:postmeta>
		<wp:meta_key><![CDATA[_wp_old_date]]></wp:meta_key>
		<wp:meta_value><![CDATA[2020-08-28]]></wp:meta_value>
		</wp:postmeta>
							<wp:postmeta>
		<wp:meta_key><![CDATA[valpa_no_homenaje_meta]]></wp:meta_key>
		<wp:meta_value><![CDATA[0020000348]]></wp:meta_value>
		</wp:postmeta>
							<wp:postmeta>
		<wp:meta_key><![CDATA[valpa_nacimiento_dia_meta]]></wp:meta_key>
		<wp:meta_value><![CDATA[15]]></wp:meta_value>
		</wp:postmeta>
							<wp:postmeta>
		<wp:meta_key><![CDATA[valpa_nacimiento_mes_meta]]></wp:meta_key>
		<wp:meta_value><![CDATA[09]]></wp:meta_value>
		</wp:postmeta>
							<wp:postmeta>
		<wp:meta_key><![CDATA[valpa_nacimiento_ano_meta]]></wp:meta_key>
		<wp:meta_value><![CDATA[1959]]></wp:meta_value>
		</wp:postmeta>
							<wp:postmeta>
		<wp:meta_key><![CDATA[post_views_count]]></wp:meta_key>
		<wp:meta_value><![CDATA[62]]></wp:meta_value>
		</wp:postmeta>
							</item>
					<item>
		<title><![CDATA[Patricia Morales Redin]]></title>
		<link>http://localhost/sass-wp/obituario/patricia-morales-redin/</link>
		<pubDate>Mon, 03 Aug 2020 00:00:45 +0000</pubDate>
		<dc:creator><![CDATA[webmaster]]></dc:creator>
		<guid isPermaLink="false">http://valparaiso.com.mx/?post_type=valpa_obituario_pt&#038;p=677</guid>
		<description></description>
		<content:encoded><![CDATA[<img class="alignnone size-full wp-image-2568" src="http://valparaiso.com.mx/wp-content/uploads/2020/08/WhatsApp-Image-2020-08-03-at-9.55.38-PM.jpeg" alt="" width="960" height="1280" /> <img class="alignnone size-medium wp-image-2569" src="http://valparaiso.com.mx/wp-content/uploads/2020/08/WhatsApp-Image-2020-08-03-at-9.55.39-PM-1.jpeg" alt="" width="300" height="225" /> <img class="alignnone size-medium wp-image-2570" src="http://valparaiso.com.mx/wp-content/uploads/2020/08/WhatsApp-Image-2020-08-03-at-9.55.39-PM-2.jpeg" alt="" width="300" height="225" /> <img class="alignnone size-medium wp-image-2571" src="http://valparaiso.com.mx/wp-content/uploads/2020/08/WhatsApp-Image-2020-08-03-at-9.55.39-PM-3.jpeg" alt="" width="225" height="300" /> <img class="alignnone size-medium wp-image-2572" src="http://valparaiso.com.mx/wp-content/uploads/2020/08/WhatsApp-Image-2020-08-03-at-9.55.39-PM.jpeg" alt="" width="225" height="300" /> <img class="alignnone size-medium wp-image-2573" src="http://valparaiso.com.mx/wp-content/uploads/2020/08/WhatsApp-Image-2020-08-03-at-9.55.40-PM-1.jpeg" alt="" width="225" height="300" /> <img class="alignnone size-medium wp-image-2574" src="http://valparaiso.com.mx/wp-content/uploads/2020/08/WhatsApp-Image-2020-08-03-at-9.55.40-PM-2.jpeg" alt="" width="146" height="300" /> <img class="alignnone size-medium wp-image-2575" src="http://valparaiso.com.mx/wp-content/uploads/2020/08/WhatsApp-Image-2020-08-03-at-9.55.41-PM-1.jpeg" alt="" width="146" height="300" /> <img class="alignnone size-medium wp-image-2576" src="http://valparaiso.com.mx/wp-content/uploads/2020/08/WhatsApp-Image-2020-08-03-at-9.55.41-PM-2.jpeg" alt="" width="146" height="300" /> <img class="alignnone size-medium wp-image-2577" src="http://valparaiso.com.mx/wp-content/uploads/2020/08/WhatsApp-Image-2020-08-03-at-9.55.41-PM-3.jpeg" alt="" width="300" height="300" /> <img class="alignnone size-medium wp-image-2578" src="http://valparaiso.com.mx/wp-content/uploads/2020/08/WhatsApp-Image-2020-08-03-at-9.55.41-PM.jpeg" alt="" width="146" height="300" /> <img class="alignnone size-medium wp-image-2579" src="http://valparaiso.com.mx/wp-content/uploads/2020/08/WhatsApp-Image-2020-08-03-at-9.55.42-PM-1.jpeg" alt="" width="300" height="225" /> <img class="alignnone size-medium wp-image-2580" src="http://valparaiso.com.mx/wp-content/uploads/2020/08/WhatsApp-Image-2020-08-03-at-9.55.42-PM-2.jpeg" alt="" width="300" height="300" /> <img class="alignnone size-medium wp-image-2581" src="http://valparaiso.com.mx/wp-content/uploads/2020/08/WhatsApp-Image-2020-08-03-at-9.55.42-PM-3.jpeg" alt="" width="300" height="225" /> <img class="alignnone size-medium wp-image-2582" src="http://valparaiso.com.mx/wp-content/uploads/2020/08/WhatsApp-Image-2020-08-03-at-9.55.42-PM-4.jpeg" alt="" width="300" height="300" /> <img class="alignnone size-medium wp-image-2583" src="http://valparaiso.com.mx/wp-content/uploads/2020/08/WhatsApp-Image-2020-08-03-at-9.55.42-PM.jpeg" alt="" width="300" height="225" /> <img class="alignnone size-medium wp-image-2584" src="http://valparaiso.com.mx/wp-content/uploads/2020/08/WhatsApp-Image-2020-08-03-at-9.55.43-PM-1.jpeg" alt="" width="300" height="169" /> <img class="alignnone size-medium wp-image-2585" src="http://valparaiso.com.mx/wp-content/uploads/2020/08/WhatsApp-Image-2020-08-03-at-9.55.43-PM-2.jpeg" alt="" width="300" height="169" /> <img class="alignnone size-medium wp-image-2586" src="http://valparaiso.com.mx/wp-content/uploads/2020/08/WhatsApp-Image-2020-08-03-at-9.55.43-PM-3.jpeg" alt="" width="300" height="169" /> <img class="alignnone size-medium wp-image-2587" src="http://valparaiso.com.mx/wp-content/uploads/2020/08/WhatsApp-Image-2020-08-03-at-9.55.43-PM-4.jpeg" alt="" width="300" height="169" /> <img class="alignnone size-medium wp-image-2588" src="http://valparaiso.com.mx/wp-content/uploads/2020/08/WhatsApp-Image-2020-08-03-at-9.55.43-PM.jpeg" alt="" width="300" height="225" /> <img class="alignnone size-medium wp-image-2589" src="http://valparaiso.com.mx/wp-content/uploads/2020/08/WhatsApp-Image-2020-08-03-at-9.55.44-PM-1.jpeg" alt="" width="300" height="169" /> <img class="alignnone size-medium wp-image-2590" src="http://valparaiso.com.mx/wp-content/uploads/2020/08/WhatsApp-Image-2020-08-03-at-9.55.44-PM-2.jpeg" alt="" width="300" height="169" /> <img class="alignnone size-medium wp-image-2591" src="http://valparaiso.com.mx/wp-content/uploads/2020/08/WhatsApp-Image-2020-08-03-at-9.55.44-PM-3.jpeg" alt="" width="300" height="169" /> <img class="alignnone size-medium wp-image-2592" src="http://valparaiso.com.mx/wp-content/uploads/2020/08/WhatsApp-Image-2020-08-03-at-9.55.44-PM.jpeg" alt="" width="300" height="169" /> <img class="alignnone size-medium wp-image-2593" src="http://valparaiso.com.mx/wp-content/uploads/2020/08/WhatsApp-Image-2020-08-03-at-9.55.45-PM-1.jpeg" alt="" width="300" height="169" /> <img class="alignnone size-medium wp-image-2594" src="http://valparaiso.com.mx/wp-content/uploads/2020/08/WhatsApp-Image-2020-08-03-at-9.55.45-PM-2.jpeg" alt="" width="300" height="169" /> <img class="alignnone size-medium wp-image-2595" src="http://valparaiso.com.mx/wp-content/uploads/2020/08/WhatsApp-Image-2020-08-03-at-9.55.45-PM-3.jpeg" alt="" width="300" height="281" /> <img class="alignnone size-medium wp-image-2596" src="http://valparaiso.com.mx/wp-content/uploads/2020/08/WhatsApp-Image-2020-08-03-at-9.55.45-PM.jpeg" alt="" width="300" height="169" /> <img class="alignnone size-medium wp-image-2597" src="http://valparaiso.com.mx/wp-content/uploads/2020/08/WhatsApp-Image-2020-08-03-at-9.55.46-PM.jpeg" alt="" width="300" height="169" />]]></content:encoded>
		<excerpt:encoded><![CDATA[]]></excerpt:encoded>
		<wp:post_id>677</wp:post_id>
		<wp:post_date><![CDATA[2020-08-03 00:00:45]]></wp:post_date>
		<wp:post_date_gmt><![CDATA[2020-08-03 00:00:45]]></wp:post_date_gmt>
		<wp:post_modified><![CDATA[2020-08-03 00:00:45]]></wp:post_modified>
		<wp:post_modified_gmt><![CDATA[2020-08-03 00:00:45]]></wp:post_modified_gmt>
		<wp:comment_status><![CDATA[open]]></wp:comment_status>
		<wp:ping_status><![CDATA[closed]]></wp:ping_status>
		<wp:post_name><![CDATA[patricia-morales-redin]]></wp:post_name>
		<wp:status><![CDATA[publish]]></wp:status>
		<wp:post_parent>0</wp:post_parent>
		<wp:menu_order>0</wp:menu_order>
		<wp:post_type><![CDATA[valpa_obituario_pt]]></wp:post_type>
		<wp:post_password><![CDATA[]]></wp:post_password>
		<wp:is_sticky>0</wp:is_sticky>
														<wp:postmeta>
		<wp:meta_key><![CDATA[_wp_old_date]]></wp:meta_key>
		<wp:meta_value><![CDATA[2020-08-28]]></wp:meta_value>
		</wp:postmeta>
							<wp:postmeta>
		<wp:meta_key><![CDATA[valpa_no_homenaje_meta]]></wp:meta_key>
		<wp:meta_value><![CDATA[0020000350]]></wp:meta_value>
		</wp:postmeta>
							<wp:postmeta>
		<wp:meta_key><![CDATA[valpa_nacimiento_dia_meta]]></wp:meta_key>
		<wp:meta_value><![CDATA[17]]></wp:meta_value>
		</wp:postmeta>
							<wp:postmeta>
		<wp:meta_key><![CDATA[valpa_nacimiento_mes_meta]]></wp:meta_key>
		<wp:meta_value><![CDATA[03]]></wp:meta_value>
		</wp:postmeta>
							<wp:postmeta>
		<wp:meta_key><![CDATA[valpa_nacimiento_ano_meta]]></wp:meta_key>
		<wp:meta_value><![CDATA[1951]]></wp:meta_value>
		</wp:postmeta>
							<wp:postmeta>
		<wp:meta_key><![CDATA[post_views_count]]></wp:meta_key>
		<wp:meta_value><![CDATA[48]]></wp:meta_value>
		</wp:postmeta>
							</item>
					<item>
		<title><![CDATA[Margarita Escobedo Montes de Oca]]></title>
		<link>http://localhost/sass-wp/obituario/margarita-escobedo-montes-de-oca/</link>
		<pubDate>Mon, 03 Aug 2020 00:00:24 +0000</pubDate>
		<dc:creator><![CDATA[webmaster]]></dc:creator>
		<guid isPermaLink="false">http://valparaiso.com.mx/?post_type=valpa_obituario_pt&#038;p=679</guid>
		<description></description>
		<content:encoded><![CDATA[<img class="alignnone size-full wp-image-2599" src="http://valparaiso.com.mx/wp-content/uploads/2020/08/1-1.jpeg" alt="" width="655" height="775" /> <img class="alignnone size-medium wp-image-2600" src="http://valparaiso.com.mx/wp-content/uploads/2020/08/4-1.jpeg" alt="" width="225" height="300" /> <img class="alignnone size-medium wp-image-2601" src="http://valparaiso.com.mx/wp-content/uploads/2020/08/5-1.jpeg" alt="" width="300" height="225" /> <img class="alignnone size-medium wp-image-2602" src="http://valparaiso.com.mx/wp-content/uploads/2020/08/6-1.jpeg" alt="" width="300" height="225" /> <img class="alignnone size-medium wp-image-2603" src="http://valparaiso.com.mx/wp-content/uploads/2020/08/7-1.jpeg" alt="" width="300" height="225" /> <img class="alignnone size-medium wp-image-2604" src="http://valparaiso.com.mx/wp-content/uploads/2020/08/8-1.jpeg" alt="" width="225" height="300" /> <img class="alignnone size-medium wp-image-2605" src="http://valparaiso.com.mx/wp-content/uploads/2020/08/9-1.jpeg" alt="" width="300" height="225" /> <img class="alignnone size-medium wp-image-2606" src="http://valparaiso.com.mx/wp-content/uploads/2020/08/10-1.jpeg" alt="" width="300" height="225" /> <img class="alignnone size-medium wp-image-2607" src="http://valparaiso.com.mx/wp-content/uploads/2020/08/11-1.jpeg" alt="" width="300" height="225" /> <img class="alignnone size-medium wp-image-2608" src="http://valparaiso.com.mx/wp-content/uploads/2020/08/12-1.jpeg" alt="" width="300" height="225" /> <img class="alignnone size-medium wp-image-2609" src="http://valparaiso.com.mx/wp-content/uploads/2020/08/13-1.jpeg" alt="" width="300" height="225" /> <img class="alignnone size-medium wp-image-2610" src="http://valparaiso.com.mx/wp-content/uploads/2020/08/14-1.jpeg" alt="" width="300" height="169" /> <img class="alignnone size-medium wp-image-2611" src="http://valparaiso.com.mx/wp-content/uploads/2020/08/15-1.jpeg" alt="" width="300" height="225" /> <img class="alignnone size-medium wp-image-2612" src="http://valparaiso.com.mx/wp-content/uploads/2020/08/16-1.jpeg" alt="" width="225" height="300" /> <img class="alignnone size-medium wp-image-2613" src="http://valparaiso.com.mx/wp-content/uploads/2020/08/17-1.jpeg" alt="" width="300" height="225" /> <img class="alignnone size-medium wp-image-2614" src="http://valparaiso.com.mx/wp-content/uploads/2020/08/18-1.jpeg" alt="" width="300" height="225" /> <img class="alignnone size-medium wp-image-2615" src="http://valparaiso.com.mx/wp-content/uploads/2020/08/19-1.jpeg" alt="" width="300" height="165" /> <img class="alignnone size-medium wp-image-2616" src="http://valparaiso.com.mx/wp-content/uploads/2020/08/20-1.jpeg" alt="" width="300" height="225" /> <img class="alignnone size-medium wp-image-2617" src="http://valparaiso.com.mx/wp-content/uploads/2020/08/21-1.jpeg" alt="" width="300" height="225" /> <img class="alignnone size-medium wp-image-2618" src="http://valparaiso.com.mx/wp-content/uploads/2020/08/22-1.jpeg" alt="" width="300" height="225" /> <img class="alignnone size-medium wp-image-2619" src="http://valparaiso.com.mx/wp-content/uploads/2020/08/23-1.jpeg" alt="" width="300" height="225" /> <img class="alignnone size-medium wp-image-2620" src="http://valparaiso.com.mx/wp-content/uploads/2020/08/24-1.jpeg" alt="" width="225" height="300" /> <img class="alignnone size-medium wp-image-2621" src="http://valparaiso.com.mx/wp-content/uploads/2020/08/25-1.jpeg" alt="" width="300" height="225" /> <img class="alignnone size-medium wp-image-2622" src="http://valparaiso.com.mx/wp-content/uploads/2020/08/26-1.jpeg" alt="" width="225" height="300" /> <img class="alignnone size-medium wp-image-2623" src="http://valparaiso.com.mx/wp-content/uploads/2020/08/27-1.jpeg" alt="" width="300" height="225" /> <img class="alignnone size-medium wp-image-2624" src="http://valparaiso.com.mx/wp-content/uploads/2020/08/28-1.jpeg" alt="" width="300" height="225" /> <img class="alignnone size-medium wp-image-2625" src="http://valparaiso.com.mx/wp-content/uploads/2020/08/29-1.jpeg" alt="" width="300" height="225" /> <img class="alignnone size-medium wp-image-2626" src="http://valparaiso.com.mx/wp-content/uploads/2020/08/30-1.jpeg" alt="" width="300" height="225" />]]></content:encoded>
		<excerpt:encoded><![CDATA[]]></excerpt:encoded>
		<wp:post_id>679</wp:post_id>
		<wp:post_date><![CDATA[2020-08-03 00:00:24]]></wp:post_date>
		<wp:post_date_gmt><![CDATA[2020-08-03 00:00:24]]></wp:post_date_gmt>
		<wp:post_modified><![CDATA[2020-08-03 00:00:24]]></wp:post_modified>
		<wp:post_modified_gmt><![CDATA[2020-08-03 00:00:24]]></wp:post_modified_gmt>
		<wp:comment_status><![CDATA[open]]></wp:comment_status>
		<wp:ping_status><![CDATA[closed]]></wp:ping_status>
		<wp:post_name><![CDATA[margarita-escobedo-montes-de-oca]]></wp:post_name>
		<wp:status><![CDATA[publish]]></wp:status>
		<wp:post_parent>0</wp:post_parent>
		<wp:menu_order>0</wp:menu_order>
		<wp:post_type><![CDATA[valpa_obituario_pt]]></wp:post_type>
		<wp:post_password><![CDATA[]]></wp:post_password>
		<wp:is_sticky>0</wp:is_sticky>
														<wp:postmeta>
		<wp:meta_key><![CDATA[_wp_old_date]]></wp:meta_key>
		<wp:meta_value><![CDATA[2020-08-28]]></wp:meta_value>
		</wp:postmeta>
							<wp:postmeta>
		<wp:meta_key><![CDATA[valpa_no_homenaje_meta]]></wp:meta_key>
		<wp:meta_value><![CDATA[0020000351]]></wp:meta_value>
		</wp:postmeta>
							<wp:postmeta>
		<wp:meta_key><![CDATA[valpa_nacimiento_dia_meta]]></wp:meta_key>
		<wp:meta_value><![CDATA[]]></wp:meta_value>
		</wp:postmeta>
							<wp:postmeta>
		<wp:meta_key><![CDATA[valpa_nacimiento_mes_meta]]></wp:meta_key>
		<wp:meta_value><![CDATA[]]></wp:meta_value>
		</wp:postmeta>
							<wp:postmeta>
		<wp:meta_key><![CDATA[valpa_nacimiento_ano_meta]]></wp:meta_key>
		<wp:meta_value><![CDATA[]]></wp:meta_value>
		</wp:postmeta>
							<wp:postmeta>
		<wp:meta_key><![CDATA[post_views_count]]></wp:meta_key>
		<wp:meta_value><![CDATA[66]]></wp:meta_value>
		</wp:postmeta>
							</item>
					<item>
		<title><![CDATA[Jose Antonio Gonzalez Camacho]]></title>
		<link>http://localhost/sass-wp/obituario/jose-antonio-gonzalez-camacho/</link>
		<pubDate>Mon, 03 Aug 2020 00:00:21 +0000</pubDate>
		<dc:creator><![CDATA[webmaster]]></dc:creator>
		<guid isPermaLink="false">http://valparaiso.com.mx/?post_type=valpa_obituario_pt&#038;p=680</guid>
		<description></description>
		<content:encoded><![CDATA[]]></content:encoded>
		<excerpt:encoded><![CDATA[]]></excerpt:encoded>
		<wp:post_id>680</wp:post_id>
		<wp:post_date><![CDATA[2020-08-03 00:00:21]]></wp:post_date>
		<wp:post_date_gmt><![CDATA[2020-08-03 00:00:21]]></wp:post_date_gmt>
		<wp:post_modified><![CDATA[2020-08-03 00:00:21]]></wp:post_modified>
		<wp:post_modified_gmt><![CDATA[2020-08-03 00:00:21]]></wp:post_modified_gmt>
		<wp:comment_status><![CDATA[open]]></wp:comment_status>
		<wp:ping_status><![CDATA[closed]]></wp:ping_status>
		<wp:post_name><![CDATA[jose-antonio-gonzalez-camacho]]></wp:post_name>
		<wp:status><![CDATA[publish]]></wp:status>
		<wp:post_parent>0</wp:post_parent>
		<wp:menu_order>0</wp:menu_order>
		<wp:post_type><![CDATA[valpa_obituario_pt]]></wp:post_type>
		<wp:post_password><![CDATA[]]></wp:post_password>
		<wp:is_sticky>0</wp:is_sticky>
														<wp:postmeta>
		<wp:meta_key><![CDATA[_wp_old_date]]></wp:meta_key>
		<wp:meta_value><![CDATA[2020-08-28]]></wp:meta_value>
		</wp:postmeta>
							<wp:postmeta>
		<wp:meta_key><![CDATA[valpa_no_homenaje_meta]]></wp:meta_key>
		<wp:meta_value><![CDATA[0020000352]]></wp:meta_value>
		</wp:postmeta>
							<wp:postmeta>
		<wp:meta_key><![CDATA[valpa_nacimiento_dia_meta]]></wp:meta_key>
		<wp:meta_value><![CDATA[01]]></wp:meta_value>
		</wp:postmeta>
							<wp:postmeta>
		<wp:meta_key><![CDATA[valpa_nacimiento_mes_meta]]></wp:meta_key>
		<wp:meta_value><![CDATA[07]]></wp:meta_value>
		</wp:postmeta>
							<wp:postmeta>
		<wp:meta_key><![CDATA[valpa_nacimiento_ano_meta]]></wp:meta_key>
		<wp:meta_value><![CDATA[1960]]></wp:meta_value>
		</wp:postmeta>
							<wp:postmeta>
		<wp:meta_key><![CDATA[post_views_count]]></wp:meta_key>
		<wp:meta_value><![CDATA[61]]></wp:meta_value>
		</wp:postmeta>
							</item>
					<item>
		<title><![CDATA[Cristian Gonzalez Reyes]]></title>
		<link>http://localhost/sass-wp/obituario/cristian-gonzalez-reyes/</link>
		<pubDate>Wed, 05 Aug 2020 00:00:55 +0000</pubDate>
		<dc:creator><![CDATA[webmaster]]></dc:creator>
		<guid isPermaLink="false">http://valparaiso.com.mx/?post_type=valpa_obituario_pt&#038;p=682</guid>
		<description></description>
		<content:encoded><![CDATA[]]></content:encoded>
		<excerpt:encoded><![CDATA[]]></excerpt:encoded>
		<wp:post_id>682</wp:post_id>
		<wp:post_date><![CDATA[2020-08-05 00:00:55]]></wp:post_date>
		<wp:post_date_gmt><![CDATA[2020-08-05 00:00:55]]></wp:post_date_gmt>
		<wp:post_modified><![CDATA[2020-08-05 00:00:55]]></wp:post_modified>
		<wp:post_modified_gmt><![CDATA[2020-08-05 00:00:55]]></wp:post_modified_gmt>
		<wp:comment_status><![CDATA[open]]></wp:comment_status>
		<wp:ping_status><![CDATA[closed]]></wp:ping_status>
		<wp:post_name><![CDATA[cristian-gonzalez-reyes]]></wp:post_name>
		<wp:status><![CDATA[publish]]></wp:status>
		<wp:post_parent>0</wp:post_parent>
		<wp:menu_order>0</wp:menu_order>
		<wp:post_type><![CDATA[valpa_obituario_pt]]></wp:post_type>
		<wp:post_password><![CDATA[]]></wp:post_password>
		<wp:is_sticky>0</wp:is_sticky>
														<wp:postmeta>
		<wp:meta_key><![CDATA[_wp_old_date]]></wp:meta_key>
		<wp:meta_value><![CDATA[2020-08-28]]></wp:meta_value>
		</wp:postmeta>
							<wp:postmeta>
		<wp:meta_key><![CDATA[valpa_no_homenaje_meta]]></wp:meta_key>
		<wp:meta_value><![CDATA[0020000353]]></wp:meta_value>
		</wp:postmeta>
							<wp:postmeta>
		<wp:meta_key><![CDATA[valpa_nacimiento_dia_meta]]></wp:meta_key>
		<wp:meta_value><![CDATA[27]]></wp:meta_value>
		</wp:postmeta>
							<wp:postmeta>
		<wp:meta_key><![CDATA[valpa_nacimiento_mes_meta]]></wp:meta_key>
		<wp:meta_value><![CDATA[05]]></wp:meta_value>
		</wp:postmeta>
							<wp:postmeta>
		<wp:meta_key><![CDATA[valpa_nacimiento_ano_meta]]></wp:meta_key>
		<wp:meta_value><![CDATA[1992]]></wp:meta_value>
		</wp:postmeta>
							<wp:postmeta>
		<wp:meta_key><![CDATA[post_views_count]]></wp:meta_key>
		<wp:meta_value><![CDATA[59]]></wp:meta_value>
		</wp:postmeta>
							</item>
					<item>
		<title><![CDATA[Angel Reyes Guadarrama]]></title>
		<link>http://localhost/sass-wp/obituario/angel-reyes-guadarrama-2/</link>
		<pubDate>Wed, 05 Aug 2020 00:00:49 +0000</pubDate>
		<dc:creator><![CDATA[webmaster]]></dc:creator>
		<guid isPermaLink="false">http://valparaiso.com.mx/?post_type=valpa_obituario_pt&#038;p=684</guid>
		<description></description>
		<content:encoded><![CDATA[]]></content:encoded>
		<excerpt:encoded><![CDATA[]]></excerpt:encoded>
		<wp:post_id>684</wp:post_id>
		<wp:post_date><![CDATA[2020-08-05 00:00:49]]></wp:post_date>
		<wp:post_date_gmt><![CDATA[2020-08-05 00:00:49]]></wp:post_date_gmt>
		<wp:post_modified><![CDATA[2020-08-05 00:00:49]]></wp:post_modified>
		<wp:post_modified_gmt><![CDATA[2020-08-05 00:00:49]]></wp:post_modified_gmt>
		<wp:comment_status><![CDATA[open]]></wp:comment_status>
		<wp:ping_status><![CDATA[closed]]></wp:ping_status>
		<wp:post_name><![CDATA[angel-reyes-guadarrama-2]]></wp:post_name>
		<wp:status><![CDATA[publish]]></wp:status>
		<wp:post_parent>0</wp:post_parent>
		<wp:menu_order>0</wp:menu_order>
		<wp:post_type><![CDATA[valpa_obituario_pt]]></wp:post_type>
		<wp:post_password><![CDATA[]]></wp:post_password>
		<wp:is_sticky>0</wp:is_sticky>
														<wp:postmeta>
		<wp:meta_key><![CDATA[_wp_old_date]]></wp:meta_key>
		<wp:meta_value><![CDATA[2020-08-28]]></wp:meta_value>
		</wp:postmeta>
							<wp:postmeta>
		<wp:meta_key><![CDATA[valpa_no_homenaje_meta]]></wp:meta_key>
		<wp:meta_value><![CDATA[0020000354]]></wp:meta_value>
		</wp:postmeta>
							<wp:postmeta>
		<wp:meta_key><![CDATA[valpa_nacimiento_dia_meta]]></wp:meta_key>
		<wp:meta_value><![CDATA[12]]></wp:meta_value>
		</wp:postmeta>
							<wp:postmeta>
		<wp:meta_key><![CDATA[valpa_nacimiento_mes_meta]]></wp:meta_key>
		<wp:meta_value><![CDATA[04]]></wp:meta_value>
		</wp:postmeta>
							<wp:postmeta>
		<wp:meta_key><![CDATA[valpa_nacimiento_ano_meta]]></wp:meta_key>
		<wp:meta_value><![CDATA[1963]]></wp:meta_value>
		</wp:postmeta>
							<wp:postmeta>
		<wp:meta_key><![CDATA[post_views_count]]></wp:meta_key>
		<wp:meta_value><![CDATA[62]]></wp:meta_value>
		</wp:postmeta>
							</item>
					<item>
		<title><![CDATA[Olga Gomez Dominguez]]></title>
		<link>http://localhost/sass-wp/obituario/olga-gomez-dominguez/</link>
		<pubDate>Thu, 06 Aug 2020 00:00:23 +0000</pubDate>
		<dc:creator><![CDATA[webmaster]]></dc:creator>
		<guid isPermaLink="false">http://valparaiso.com.mx/?post_type=valpa_obituario_pt&#038;p=685</guid>
		<description></description>
		<content:encoded><![CDATA[]]></content:encoded>
		<excerpt:encoded><![CDATA[]]></excerpt:encoded>
		<wp:post_id>685</wp:post_id>
		<wp:post_date><![CDATA[2020-08-06 00:00:23]]></wp:post_date>
		<wp:post_date_gmt><![CDATA[2020-08-06 00:00:23]]></wp:post_date_gmt>
		<wp:post_modified><![CDATA[2020-08-06 00:00:23]]></wp:post_modified>
		<wp:post_modified_gmt><![CDATA[2020-08-06 00:00:23]]></wp:post_modified_gmt>
		<wp:comment_status><![CDATA[open]]></wp:comment_status>
		<wp:ping_status><![CDATA[closed]]></wp:ping_status>
		<wp:post_name><![CDATA[olga-gomez-dominguez]]></wp:post_name>
		<wp:status><![CDATA[publish]]></wp:status>
		<wp:post_parent>0</wp:post_parent>
		<wp:menu_order>0</wp:menu_order>
		<wp:post_type><![CDATA[valpa_obituario_pt]]></wp:post_type>
		<wp:post_password><![CDATA[]]></wp:post_password>
		<wp:is_sticky>0</wp:is_sticky>
														<wp:postmeta>
		<wp:meta_key><![CDATA[_wp_old_date]]></wp:meta_key>
		<wp:meta_value><![CDATA[2020-08-28]]></wp:meta_value>
		</wp:postmeta>
							<wp:postmeta>
		<wp:meta_key><![CDATA[valpa_no_homenaje_meta]]></wp:meta_key>
		<wp:meta_value><![CDATA[0020000355]]></wp:meta_value>
		</wp:postmeta>
							<wp:postmeta>
		<wp:meta_key><![CDATA[valpa_nacimiento_dia_meta]]></wp:meta_key>
		<wp:meta_value><![CDATA[20]]></wp:meta_value>
		</wp:postmeta>
							<wp:postmeta>
		<wp:meta_key><![CDATA[valpa_nacimiento_mes_meta]]></wp:meta_key>
		<wp:meta_value><![CDATA[09]]></wp:meta_value>
		</wp:postmeta>
							<wp:postmeta>
		<wp:meta_key><![CDATA[valpa_nacimiento_ano_meta]]></wp:meta_key>
		<wp:meta_value><![CDATA[1957]]></wp:meta_value>
		</wp:postmeta>
							<wp:postmeta>
		<wp:meta_key><![CDATA[post_views_count]]></wp:meta_key>
		<wp:meta_value><![CDATA[73]]></wp:meta_value>
		</wp:postmeta>
							</item>
					<item>
		<title><![CDATA[Anselmo Pedro Saavedra Salazar]]></title>
		<link>http://localhost/sass-wp/obituario/anselmo-pedro-saavedra-salazar/</link>
		<pubDate>Fri, 07 Aug 2020 00:00:32 +0000</pubDate>
		<dc:creator><![CDATA[webmaster]]></dc:creator>
		<guid isPermaLink="false">http://valparaiso.com.mx/?post_type=valpa_obituario_pt&#038;p=687</guid>
		<description></description>
		<content:encoded><![CDATA[]]></content:encoded>
		<excerpt:encoded><![CDATA[]]></excerpt:encoded>
		<wp:post_id>687</wp:post_id>
		<wp:post_date><![CDATA[2020-08-07 00:00:32]]></wp:post_date>
		<wp:post_date_gmt><![CDATA[2020-08-07 00:00:32]]></wp:post_date_gmt>
		<wp:post_modified><![CDATA[2020-08-07 00:00:32]]></wp:post_modified>
		<wp:post_modified_gmt><![CDATA[2020-08-07 00:00:32]]></wp:post_modified_gmt>
		<wp:comment_status><![CDATA[open]]></wp:comment_status>
		<wp:ping_status><![CDATA[closed]]></wp:ping_status>
		<wp:post_name><![CDATA[anselmo-pedro-saavedra-salazar]]></wp:post_name>
		<wp:status><![CDATA[publish]]></wp:status>
		<wp:post_parent>0</wp:post_parent>
		<wp:menu_order>0</wp:menu_order>
		<wp:post_type><![CDATA[valpa_obituario_pt]]></wp:post_type>
		<wp:post_password><![CDATA[]]></wp:post_password>
		<wp:is_sticky>0</wp:is_sticky>
														<wp:postmeta>
		<wp:meta_key><![CDATA[_wp_old_date]]></wp:meta_key>
		<wp:meta_value><![CDATA[2020-08-28]]></wp:meta_value>
		</wp:postmeta>
							<wp:postmeta>
		<wp:meta_key><![CDATA[valpa_no_homenaje_meta]]></wp:meta_key>
		<wp:meta_value><![CDATA[0020000357]]></wp:meta_value>
		</wp:postmeta>
							<wp:postmeta>
		<wp:meta_key><![CDATA[valpa_nacimiento_dia_meta]]></wp:meta_key>
		<wp:meta_value><![CDATA[]]></wp:meta_value>
		</wp:postmeta>
							<wp:postmeta>
		<wp:meta_key><![CDATA[valpa_nacimiento_mes_meta]]></wp:meta_key>
		<wp:meta_value><![CDATA[]]></wp:meta_value>
		</wp:postmeta>
							<wp:postmeta>
		<wp:meta_key><![CDATA[valpa_nacimiento_ano_meta]]></wp:meta_key>
		<wp:meta_value><![CDATA[]]></wp:meta_value>
		</wp:postmeta>
							<wp:postmeta>
		<wp:meta_key><![CDATA[post_views_count]]></wp:meta_key>
		<wp:meta_value><![CDATA[51]]></wp:meta_value>
		</wp:postmeta>
							</item>
					<item>
		<title><![CDATA[Jesus Almanza Pacheco]]></title>
		<link>http://localhost/sass-wp/obituario/jesus-almanza-pacheco/</link>
		<pubDate>Sat, 08 Aug 2020 00:00:23 +0000</pubDate>
		<dc:creator><![CDATA[webmaster]]></dc:creator>
		<guid isPermaLink="false">http://valparaiso.com.mx/?post_type=valpa_obituario_pt&#038;p=688</guid>
		<description></description>
		<content:encoded><![CDATA[]]></content:encoded>
		<excerpt:encoded><![CDATA[]]></excerpt:encoded>
		<wp:post_id>688</wp:post_id>
		<wp:post_date><![CDATA[2020-08-08 00:00:23]]></wp:post_date>
		<wp:post_date_gmt><![CDATA[2020-08-08 00:00:23]]></wp:post_date_gmt>
		<wp:post_modified><![CDATA[2020-08-08 00:00:23]]></wp:post_modified>
		<wp:post_modified_gmt><![CDATA[2020-08-08 00:00:23]]></wp:post_modified_gmt>
		<wp:comment_status><![CDATA[open]]></wp:comment_status>
		<wp:ping_status><![CDATA[closed]]></wp:ping_status>
		<wp:post_name><![CDATA[jesus-almanza-pacheco]]></wp:post_name>
		<wp:status><![CDATA[publish]]></wp:status>
		<wp:post_parent>0</wp:post_parent>
		<wp:menu_order>0</wp:menu_order>
		<wp:post_type><![CDATA[valpa_obituario_pt]]></wp:post_type>
		<wp:post_password><![CDATA[]]></wp:post_password>
		<wp:is_sticky>0</wp:is_sticky>
														<wp:postmeta>
		<wp:meta_key><![CDATA[_wp_old_date]]></wp:meta_key>
		<wp:meta_value><![CDATA[2020-08-28]]></wp:meta_value>
		</wp:postmeta>
							<wp:postmeta>
		<wp:meta_key><![CDATA[valpa_no_homenaje_meta]]></wp:meta_key>
		<wp:meta_value><![CDATA[0020000358]]></wp:meta_value>
		</wp:postmeta>
							<wp:postmeta>
		<wp:meta_key><![CDATA[valpa_nacimiento_dia_meta]]></wp:meta_key>
		<wp:meta_value><![CDATA[07]]></wp:meta_value>
		</wp:postmeta>
							<wp:postmeta>
		<wp:meta_key><![CDATA[valpa_nacimiento_mes_meta]]></wp:meta_key>
		<wp:meta_value><![CDATA[09]]></wp:meta_value>
		</wp:postmeta>
							<wp:postmeta>
		<wp:meta_key><![CDATA[valpa_nacimiento_ano_meta]]></wp:meta_key>
		<wp:meta_value><![CDATA[1964]]></wp:meta_value>
		</wp:postmeta>
							<wp:postmeta>
		<wp:meta_key><![CDATA[post_views_count]]></wp:meta_key>
		<wp:meta_value><![CDATA[76]]></wp:meta_value>
		</wp:postmeta>
							</item>
					<item>
		<title><![CDATA[Armando Mariano Arias]]></title>
		<link>http://localhost/sass-wp/obituario/armando-mariano-arias/</link>
		<pubDate>Sat, 08 Aug 2020 00:00:56 +0000</pubDate>
		<dc:creator><![CDATA[webmaster]]></dc:creator>
		<guid isPermaLink="false">http://valparaiso.com.mx/?post_type=valpa_obituario_pt&#038;p=690</guid>
		<description></description>
		<content:encoded><![CDATA[]]></content:encoded>
		<excerpt:encoded><![CDATA[]]></excerpt:encoded>
		<wp:post_id>690</wp:post_id>
		<wp:post_date><![CDATA[2020-08-08 00:00:56]]></wp:post_date>
		<wp:post_date_gmt><![CDATA[2020-08-08 00:00:56]]></wp:post_date_gmt>
		<wp:post_modified><![CDATA[2020-08-08 00:00:56]]></wp:post_modified>
		<wp:post_modified_gmt><![CDATA[2020-08-08 00:00:56]]></wp:post_modified_gmt>
		<wp:comment_status><![CDATA[open]]></wp:comment_status>
		<wp:ping_status><![CDATA[closed]]></wp:ping_status>
		<wp:post_name><![CDATA[armando-mariano-arias]]></wp:post_name>
		<wp:status><![CDATA[publish]]></wp:status>
		<wp:post_parent>0</wp:post_parent>
		<wp:menu_order>0</wp:menu_order>
		<wp:post_type><![CDATA[valpa_obituario_pt]]></wp:post_type>
		<wp:post_password><![CDATA[]]></wp:post_password>
		<wp:is_sticky>0</wp:is_sticky>
														<wp:postmeta>
		<wp:meta_key><![CDATA[_wp_old_date]]></wp:meta_key>
		<wp:meta_value><![CDATA[2020-08-28]]></wp:meta_value>
		</wp:postmeta>
							<wp:postmeta>
		<wp:meta_key><![CDATA[valpa_no_homenaje_meta]]></wp:meta_key>
		<wp:meta_value><![CDATA[0020000359]]></wp:meta_value>
		</wp:postmeta>
							<wp:postmeta>
		<wp:meta_key><![CDATA[valpa_nacimiento_dia_meta]]></wp:meta_key>
		<wp:meta_value><![CDATA[30]]></wp:meta_value>
		</wp:postmeta>
							<wp:postmeta>
		<wp:meta_key><![CDATA[valpa_nacimiento_mes_meta]]></wp:meta_key>
		<wp:meta_value><![CDATA[04]]></wp:meta_value>
		</wp:postmeta>
							<wp:postmeta>
		<wp:meta_key><![CDATA[valpa_nacimiento_ano_meta]]></wp:meta_key>
		<wp:meta_value><![CDATA[1949]]></wp:meta_value>
		</wp:postmeta>
							<wp:postmeta>
		<wp:meta_key><![CDATA[post_views_count]]></wp:meta_key>
		<wp:meta_value><![CDATA[39]]></wp:meta_value>
		</wp:postmeta>
							</item>
					<item>
		<title><![CDATA[Jose Luis Rojas Benites]]></title>
		<link>http://localhost/sass-wp/obituario/jose-luis-rojas-benites/</link>
		<pubDate>Sat, 08 Aug 2020 00:00:30 +0000</pubDate>
		<dc:creator><![CDATA[webmaster]]></dc:creator>
		<guid isPermaLink="false">http://valparaiso.com.mx/?post_type=valpa_obituario_pt&#038;p=691</guid>
		<description></description>
		<content:encoded><![CDATA[<img class="alignnone size-full wp-image-2627" src="http://valparaiso.com.mx/wp-content/uploads/2020/08/1-2.jpeg" alt="" width="774" height="1032" /> <img class="alignnone size-medium wp-image-2628" src="http://valparaiso.com.mx/wp-content/uploads/2020/08/2-1.jpeg" alt="" width="225" height="300" /> <img class="alignnone size-medium wp-image-2629" src="http://valparaiso.com.mx/wp-content/uploads/2020/08/3-1.jpeg" alt="" width="225" height="300" /> <img class="alignnone size-medium wp-image-2630" src="http://valparaiso.com.mx/wp-content/uploads/2020/08/4-2.jpeg" alt="" width="225" height="300" /> <img class="alignnone size-medium wp-image-2631" src="http://valparaiso.com.mx/wp-content/uploads/2020/08/5-2.jpeg" alt="" width="225" height="300" /> <img class="alignnone size-medium wp-image-2632" src="http://valparaiso.com.mx/wp-content/uploads/2020/08/6-2.jpeg" alt="" width="225" height="300" /> <img class="alignnone size-medium wp-image-2633" src="http://valparaiso.com.mx/wp-content/uploads/2020/08/7-2.jpeg" alt="" width="225" height="300" /> <img class="alignnone size-medium wp-image-2634" src="http://valparaiso.com.mx/wp-content/uploads/2020/08/8-2.jpeg" alt="" width="225" height="300" /> <img class="alignnone size-medium wp-image-2635" src="http://valparaiso.com.mx/wp-content/uploads/2020/08/9-2.jpeg" alt="" width="225" height="300" /> <img class="alignnone size-medium wp-image-2636" src="http://valparaiso.com.mx/wp-content/uploads/2020/08/10-2.jpeg" alt="" width="225" height="300" /> <img class="alignnone size-medium wp-image-2637" src="http://valparaiso.com.mx/wp-content/uploads/2020/08/11-2.jpeg" alt="" width="225" height="300" /> <img class="alignnone size-medium wp-image-2638" src="http://valparaiso.com.mx/wp-content/uploads/2020/08/12-2.jpeg" alt="" width="225" height="300" /> <img class="alignnone size-medium wp-image-2639" src="http://valparaiso.com.mx/wp-content/uploads/2020/08/13-2.jpeg" alt="" width="225" height="300" /> <img class="alignnone size-medium wp-image-2640" src="http://valparaiso.com.mx/wp-content/uploads/2020/08/14-2.jpeg" alt="" width="225" height="300" /> <img class="alignnone size-medium wp-image-2641" src="http://valparaiso.com.mx/wp-content/uploads/2020/08/15-2.jpeg" alt="" width="300" height="225" /> <img class="alignnone size-medium wp-image-2642" src="http://valparaiso.com.mx/wp-content/uploads/2020/08/16-2.jpeg" alt="" width="225" height="300" /> <img class="alignnone size-medium wp-image-2643" src="http://valparaiso.com.mx/wp-content/uploads/2020/08/17-2.jpeg" alt="" width="225" height="300" /> <img class="alignnone size-medium wp-image-2644" src="http://valparaiso.com.mx/wp-content/uploads/2020/08/18-2.jpeg" alt="" width="225" height="300" /> <img class="alignnone size-medium wp-image-2645" src="http://valparaiso.com.mx/wp-content/uploads/2020/08/19-2.jpeg" alt="" width="225" height="300" /> <img class="alignnone size-medium wp-image-2646" src="http://valparaiso.com.mx/wp-content/uploads/2020/08/20-2.jpeg" alt="" width="225" height="300" /> <img class="alignnone size-medium wp-image-2656" src="http://valparaiso.com.mx/wp-content/uploads/2020/08/21-2.jpeg" alt="" width="225" height="300" /> <img class="alignnone size-medium wp-image-2657" src="http://valparaiso.com.mx/wp-content/uploads/2020/08/22-2.jpeg" alt="" width="225" height="300" /> <img class="alignnone size-medium wp-image-2658" src="http://valparaiso.com.mx/wp-content/uploads/2020/08/23-2.jpeg" alt="" width="225" height="300" /> <img class="alignnone size-medium wp-image-2659" src="http://valparaiso.com.mx/wp-content/uploads/2020/08/24-2.jpeg" alt="" width="225" height="300" /> <img class="alignnone size-medium wp-image-2660" src="http://valparaiso.com.mx/wp-content/uploads/2020/08/25-2.jpeg" alt="" width="225" height="300" /> <img class="alignnone size-medium wp-image-2661" src="http://valparaiso.com.mx/wp-content/uploads/2020/08/26-2.jpeg" alt="" width="225" height="300" /> <img class="alignnone size-medium wp-image-2662" src="http://valparaiso.com.mx/wp-content/uploads/2020/08/27-2.jpeg" alt="" width="225" height="300" /> <img class="alignnone size-medium wp-image-2663" src="http://valparaiso.com.mx/wp-content/uploads/2020/08/28-2.jpeg" alt="" width="225" height="300" /> <img class="alignnone size-medium wp-image-2664" src="http://valparaiso.com.mx/wp-content/uploads/2020/08/29-2.jpeg" alt="" width="225" height="300" /> <img class="alignnone size-medium wp-image-2665" src="http://valparaiso.com.mx/wp-content/uploads/2020/08/30-2.jpeg" alt="" width="300" height="225" /> <img class="alignnone size-medium wp-image-2666" src="http://valparaiso.com.mx/wp-content/uploads/2020/08/31-1.jpeg" alt="" width="225" height="300" /> <img class="alignnone size-medium wp-image-2667" src="http://valparaiso.com.mx/wp-content/uploads/2020/08/32-1.jpeg" alt="" width="225" height="300" /> <img class="alignnone size-medium wp-image-2668" src="http://valparaiso.com.mx/wp-content/uploads/2020/08/33-1.jpeg" alt="" width="225" height="300" /> <img class="alignnone size-medium wp-image-2669" src="http://valparaiso.com.mx/wp-content/uploads/2020/08/34-1.jpeg" alt="" width="300" height="225" /> <img class="alignnone size-medium wp-image-2670" src="http://valparaiso.com.mx/wp-content/uploads/2020/08/35-1.jpeg" alt="" width="300" height="225" /> <img class="alignnone size-full wp-image-2671" src="http://valparaiso.com.mx/wp-content/uploads/2020/08/36-1.jpeg" alt="" width="960" height="1280" />]]></content:encoded>
		<excerpt:encoded><![CDATA[]]></excerpt:encoded>
		<wp:post_id>691</wp:post_id>
		<wp:post_date><![CDATA[2020-08-08 00:00:30]]></wp:post_date>
		<wp:post_date_gmt><![CDATA[2020-08-08 00:00:30]]></wp:post_date_gmt>
		<wp:post_modified><![CDATA[2020-08-08 00:00:30]]></wp:post_modified>
		<wp:post_modified_gmt><![CDATA[2020-08-08 00:00:30]]></wp:post_modified_gmt>
		<wp:comment_status><![CDATA[open]]></wp:comment_status>
		<wp:ping_status><![CDATA[closed]]></wp:ping_status>
		<wp:post_name><![CDATA[jose-luis-rojas-benites]]></wp:post_name>
		<wp:status><![CDATA[publish]]></wp:status>
		<wp:post_parent>0</wp:post_parent>
		<wp:menu_order>0</wp:menu_order>
		<wp:post_type><![CDATA[valpa_obituario_pt]]></wp:post_type>
		<wp:post_password><![CDATA[]]></wp:post_password>
		<wp:is_sticky>0</wp:is_sticky>
														<wp:postmeta>
		<wp:meta_key><![CDATA[_wp_old_date]]></wp:meta_key>
		<wp:meta_value><![CDATA[2020-08-28]]></wp:meta_value>
		</wp:postmeta>
							<wp:postmeta>
		<wp:meta_key><![CDATA[valpa_no_homenaje_meta]]></wp:meta_key>
		<wp:meta_value><![CDATA[0020000360]]></wp:meta_value>
		</wp:postmeta>
							<wp:postmeta>
		<wp:meta_key><![CDATA[valpa_nacimiento_dia_meta]]></wp:meta_key>
		<wp:meta_value><![CDATA[03]]></wp:meta_value>
		</wp:postmeta>
							<wp:postmeta>
		<wp:meta_key><![CDATA[valpa_nacimiento_mes_meta]]></wp:meta_key>
		<wp:meta_value><![CDATA[02]]></wp:meta_value>
		</wp:postmeta>
							<wp:postmeta>
		<wp:meta_key><![CDATA[valpa_nacimiento_ano_meta]]></wp:meta_key>
		<wp:meta_value><![CDATA[1951]]></wp:meta_value>
		</wp:postmeta>
							<wp:postmeta>
		<wp:meta_key><![CDATA[post_views_count]]></wp:meta_key>
		<wp:meta_value><![CDATA[54]]></wp:meta_value>
		</wp:postmeta>
							</item>
					<item>
		<title><![CDATA[Yolanda Lopez Becerril]]></title>
		<link>http://localhost/sass-wp/obituario/yolanda-lopez-becerril/</link>
		<pubDate>Sat, 08 Aug 2020 00:00:15 +0000</pubDate>
		<dc:creator><![CDATA[webmaster]]></dc:creator>
		<guid isPermaLink="false">http://valparaiso.com.mx/?post_type=valpa_obituario_pt&#038;p=692</guid>
		<description></description>
		<content:encoded><![CDATA[]]></content:encoded>
		<excerpt:encoded><![CDATA[]]></excerpt:encoded>
		<wp:post_id>692</wp:post_id>
		<wp:post_date><![CDATA[2020-08-08 00:00:15]]></wp:post_date>
		<wp:post_date_gmt><![CDATA[2020-08-08 00:00:15]]></wp:post_date_gmt>
		<wp:post_modified><![CDATA[2020-08-08 00:00:15]]></wp:post_modified>
		<wp:post_modified_gmt><![CDATA[2020-08-08 00:00:15]]></wp:post_modified_gmt>
		<wp:comment_status><![CDATA[open]]></wp:comment_status>
		<wp:ping_status><![CDATA[closed]]></wp:ping_status>
		<wp:post_name><![CDATA[yolanda-lopez-becerril]]></wp:post_name>
		<wp:status><![CDATA[publish]]></wp:status>
		<wp:post_parent>0</wp:post_parent>
		<wp:menu_order>0</wp:menu_order>
		<wp:post_type><![CDATA[valpa_obituario_pt]]></wp:post_type>
		<wp:post_password><![CDATA[]]></wp:post_password>
		<wp:is_sticky>0</wp:is_sticky>
														<wp:postmeta>
		<wp:meta_key><![CDATA[_wp_old_date]]></wp:meta_key>
		<wp:meta_value><![CDATA[2020-08-28]]></wp:meta_value>
		</wp:postmeta>
							<wp:postmeta>
		<wp:meta_key><![CDATA[valpa_no_homenaje_meta]]></wp:meta_key>
		<wp:meta_value><![CDATA[0020000361]]></wp:meta_value>
		</wp:postmeta>
							<wp:postmeta>
		<wp:meta_key><![CDATA[valpa_nacimiento_dia_meta]]></wp:meta_key>
		<wp:meta_value><![CDATA[31]]></wp:meta_value>
		</wp:postmeta>
							<wp:postmeta>
		<wp:meta_key><![CDATA[valpa_nacimiento_mes_meta]]></wp:meta_key>
		<wp:meta_value><![CDATA[12]]></wp:meta_value>
		</wp:postmeta>
							<wp:postmeta>
		<wp:meta_key><![CDATA[valpa_nacimiento_ano_meta]]></wp:meta_key>
		<wp:meta_value><![CDATA[1950]]></wp:meta_value>
		</wp:postmeta>
							<wp:postmeta>
		<wp:meta_key><![CDATA[post_views_count]]></wp:meta_key>
		<wp:meta_value><![CDATA[61]]></wp:meta_value>
		</wp:postmeta>
							</item>
					<item>
		<title><![CDATA[Maria de Lourdes Camacho Rodriguez]]></title>
		<link>http://localhost/sass-wp/obituario/maria-de-lourdes-camacho-rodriguez/</link>
		<pubDate>Sun, 09 Aug 2020 00:00:52 +0000</pubDate>
		<dc:creator><![CDATA[webmaster]]></dc:creator>
		<guid isPermaLink="false">http://valparaiso.com.mx/?post_type=valpa_obituario_pt&#038;p=693</guid>
		<description></description>
		<content:encoded><![CDATA[]]></content:encoded>
		<excerpt:encoded><![CDATA[]]></excerpt:encoded>
		<wp:post_id>693</wp:post_id>
		<wp:post_date><![CDATA[2020-08-09 00:00:52]]></wp:post_date>
		<wp:post_date_gmt><![CDATA[2020-08-09 00:00:52]]></wp:post_date_gmt>
		<wp:post_modified><![CDATA[2020-08-09 00:00:52]]></wp:post_modified>
		<wp:post_modified_gmt><![CDATA[2020-08-09 00:00:52]]></wp:post_modified_gmt>
		<wp:comment_status><![CDATA[open]]></wp:comment_status>
		<wp:ping_status><![CDATA[closed]]></wp:ping_status>
		<wp:post_name><![CDATA[maria-de-lourdes-camacho-rodriguez]]></wp:post_name>
		<wp:status><![CDATA[publish]]></wp:status>
		<wp:post_parent>0</wp:post_parent>
		<wp:menu_order>0</wp:menu_order>
		<wp:post_type><![CDATA[valpa_obituario_pt]]></wp:post_type>
		<wp:post_password><![CDATA[]]></wp:post_password>
		<wp:is_sticky>0</wp:is_sticky>
														<wp:postmeta>
		<wp:meta_key><![CDATA[_wp_old_date]]></wp:meta_key>
		<wp:meta_value><![CDATA[2020-08-28]]></wp:meta_value>
		</wp:postmeta>
							<wp:postmeta>
		<wp:meta_key><![CDATA[valpa_no_homenaje_meta]]></wp:meta_key>
		<wp:meta_value><![CDATA[0020000362]]></wp:meta_value>
		</wp:postmeta>
							<wp:postmeta>
		<wp:meta_key><![CDATA[valpa_nacimiento_dia_meta]]></wp:meta_key>
		<wp:meta_value><![CDATA[16]]></wp:meta_value>
		</wp:postmeta>
							<wp:postmeta>
		<wp:meta_key><![CDATA[valpa_nacimiento_mes_meta]]></wp:meta_key>
		<wp:meta_value><![CDATA[04]]></wp:meta_value>
		</wp:postmeta>
							<wp:postmeta>
		<wp:meta_key><![CDATA[valpa_nacimiento_ano_meta]]></wp:meta_key>
		<wp:meta_value><![CDATA[1957]]></wp:meta_value>
		</wp:postmeta>
							<wp:postmeta>
		<wp:meta_key><![CDATA[post_views_count]]></wp:meta_key>
		<wp:meta_value><![CDATA[78]]></wp:meta_value>
		</wp:postmeta>
							</item>
					<item>
		<title><![CDATA[Rufina Marin Gonzalez]]></title>
		<link>http://localhost/sass-wp/obituario/rufina-marin-gonzalez/</link>
		<pubDate>Sun, 09 Aug 2020 00:00:27 +0000</pubDate>
		<dc:creator><![CDATA[webmaster]]></dc:creator>
		<guid isPermaLink="false">http://valparaiso.com.mx/?post_type=valpa_obituario_pt&#038;p=694</guid>
		<description></description>
		<content:encoded><![CDATA[]]></content:encoded>
		<excerpt:encoded><![CDATA[]]></excerpt:encoded>
		<wp:post_id>694</wp:post_id>
		<wp:post_date><![CDATA[2020-08-09 00:00:27]]></wp:post_date>
		<wp:post_date_gmt><![CDATA[2020-08-09 00:00:27]]></wp:post_date_gmt>
		<wp:post_modified><![CDATA[2020-08-09 00:00:27]]></wp:post_modified>
		<wp:post_modified_gmt><![CDATA[2020-08-09 00:00:27]]></wp:post_modified_gmt>
		<wp:comment_status><![CDATA[open]]></wp:comment_status>
		<wp:ping_status><![CDATA[closed]]></wp:ping_status>
		<wp:post_name><![CDATA[rufina-marin-gonzalez]]></wp:post_name>
		<wp:status><![CDATA[publish]]></wp:status>
		<wp:post_parent>0</wp:post_parent>
		<wp:menu_order>0</wp:menu_order>
		<wp:post_type><![CDATA[valpa_obituario_pt]]></wp:post_type>
		<wp:post_password><![CDATA[]]></wp:post_password>
		<wp:is_sticky>0</wp:is_sticky>
														<wp:postmeta>
		<wp:meta_key><![CDATA[_wp_old_date]]></wp:meta_key>
		<wp:meta_value><![CDATA[2020-08-28]]></wp:meta_value>
		</wp:postmeta>
							<wp:postmeta>
		<wp:meta_key><![CDATA[valpa_no_homenaje_meta]]></wp:meta_key>
		<wp:meta_value><![CDATA[0020000363]]></wp:meta_value>
		</wp:postmeta>
							<wp:postmeta>
		<wp:meta_key><![CDATA[valpa_nacimiento_dia_meta]]></wp:meta_key>
		<wp:meta_value><![CDATA[14]]></wp:meta_value>
		</wp:postmeta>
							<wp:postmeta>
		<wp:meta_key><![CDATA[valpa_nacimiento_mes_meta]]></wp:meta_key>
		<wp:meta_value><![CDATA[06]]></wp:meta_value>
		</wp:postmeta>
							<wp:postmeta>
		<wp:meta_key><![CDATA[valpa_nacimiento_ano_meta]]></wp:meta_key>
		<wp:meta_value><![CDATA[1958]]></wp:meta_value>
		</wp:postmeta>
							<wp:postmeta>
		<wp:meta_key><![CDATA[post_views_count]]></wp:meta_key>
		<wp:meta_value><![CDATA[62]]></wp:meta_value>
		</wp:postmeta>
							</item>
					<item>
		<title><![CDATA[Guadalupe Hernandez Davila]]></title>
		<link>http://localhost/sass-wp/obituario/guadalupe-hernandez-davila/</link>
		<pubDate>Mon, 10 Aug 2020 00:00:58 +0000</pubDate>
		<dc:creator><![CDATA[webmaster]]></dc:creator>
		<guid isPermaLink="false">http://valparaiso.com.mx/?post_type=valpa_obituario_pt&#038;p=695</guid>
		<description></description>
		<content:encoded><![CDATA[]]></content:encoded>
		<excerpt:encoded><![CDATA[]]></excerpt:encoded>
		<wp:post_id>695</wp:post_id>
		<wp:post_date><![CDATA[2020-08-10 00:00:58]]></wp:post_date>
		<wp:post_date_gmt><![CDATA[2020-08-10 00:00:58]]></wp:post_date_gmt>
		<wp:post_modified><![CDATA[2020-08-10 00:00:58]]></wp:post_modified>
		<wp:post_modified_gmt><![CDATA[2020-08-10 00:00:58]]></wp:post_modified_gmt>
		<wp:comment_status><![CDATA[open]]></wp:comment_status>
		<wp:ping_status><![CDATA[closed]]></wp:ping_status>
		<wp:post_name><![CDATA[guadalupe-hernandez-davila]]></wp:post_name>
		<wp:status><![CDATA[publish]]></wp:status>
		<wp:post_parent>0</wp:post_parent>
		<wp:menu_order>0</wp:menu_order>
		<wp:post_type><![CDATA[valpa_obituario_pt]]></wp:post_type>
		<wp:post_password><![CDATA[]]></wp:post_password>
		<wp:is_sticky>0</wp:is_sticky>
														<wp:postmeta>
		<wp:meta_key><![CDATA[_wp_old_date]]></wp:meta_key>
		<wp:meta_value><![CDATA[2020-08-28]]></wp:meta_value>
		</wp:postmeta>
							<wp:postmeta>
		<wp:meta_key><![CDATA[valpa_no_homenaje_meta]]></wp:meta_key>
		<wp:meta_value><![CDATA[0020000364]]></wp:meta_value>
		</wp:postmeta>
							<wp:postmeta>
		<wp:meta_key><![CDATA[valpa_nacimiento_dia_meta]]></wp:meta_key>
		<wp:meta_value><![CDATA[12]]></wp:meta_value>
		</wp:postmeta>
							<wp:postmeta>
		<wp:meta_key><![CDATA[valpa_nacimiento_mes_meta]]></wp:meta_key>
		<wp:meta_value><![CDATA[12]]></wp:meta_value>
		</wp:postmeta>
							<wp:postmeta>
		<wp:meta_key><![CDATA[valpa_nacimiento_ano_meta]]></wp:meta_key>
		<wp:meta_value><![CDATA[1947]]></wp:meta_value>
		</wp:postmeta>
							<wp:postmeta>
		<wp:meta_key><![CDATA[post_views_count]]></wp:meta_key>
		<wp:meta_value><![CDATA[46]]></wp:meta_value>
		</wp:postmeta>
							</item>
					<item>
		<title><![CDATA[Ismael Solorzano Santos]]></title>
		<link>http://localhost/sass-wp/obituario/ismael-solorzano-santos/</link>
		<pubDate>Mon, 10 Aug 2020 00:00:30 +0000</pubDate>
		<dc:creator><![CDATA[webmaster]]></dc:creator>
		<guid isPermaLink="false">http://valparaiso.com.mx/?post_type=valpa_obituario_pt&#038;p=696</guid>
		<description></description>
		<content:encoded><![CDATA[]]></content:encoded>
		<excerpt:encoded><![CDATA[]]></excerpt:encoded>
		<wp:post_id>696</wp:post_id>
		<wp:post_date><![CDATA[2020-08-10 00:00:30]]></wp:post_date>
		<wp:post_date_gmt><![CDATA[2020-08-10 00:00:30]]></wp:post_date_gmt>
		<wp:post_modified><![CDATA[2020-08-10 00:00:30]]></wp:post_modified>
		<wp:post_modified_gmt><![CDATA[2020-08-10 00:00:30]]></wp:post_modified_gmt>
		<wp:comment_status><![CDATA[open]]></wp:comment_status>
		<wp:ping_status><![CDATA[closed]]></wp:ping_status>
		<wp:post_name><![CDATA[ismael-solorzano-santos]]></wp:post_name>
		<wp:status><![CDATA[publish]]></wp:status>
		<wp:post_parent>0</wp:post_parent>
		<wp:menu_order>0</wp:menu_order>
		<wp:post_type><![CDATA[valpa_obituario_pt]]></wp:post_type>
		<wp:post_password><![CDATA[]]></wp:post_password>
		<wp:is_sticky>0</wp:is_sticky>
														<wp:postmeta>
		<wp:meta_key><![CDATA[_wp_old_date]]></wp:meta_key>
		<wp:meta_value><![CDATA[2020-08-28]]></wp:meta_value>
		</wp:postmeta>
							<wp:postmeta>
		<wp:meta_key><![CDATA[valpa_no_homenaje_meta]]></wp:meta_key>
		<wp:meta_value><![CDATA[0020000365]]></wp:meta_value>
		</wp:postmeta>
							<wp:postmeta>
		<wp:meta_key><![CDATA[valpa_nacimiento_dia_meta]]></wp:meta_key>
		<wp:meta_value><![CDATA[04]]></wp:meta_value>
		</wp:postmeta>
							<wp:postmeta>
		<wp:meta_key><![CDATA[valpa_nacimiento_mes_meta]]></wp:meta_key>
		<wp:meta_value><![CDATA[03]]></wp:meta_value>
		</wp:postmeta>
							<wp:postmeta>
		<wp:meta_key><![CDATA[valpa_nacimiento_ano_meta]]></wp:meta_key>
		<wp:meta_value><![CDATA[1954]]></wp:meta_value>
		</wp:postmeta>
							<wp:postmeta>
		<wp:meta_key><![CDATA[post_views_count]]></wp:meta_key>
		<wp:meta_value><![CDATA[55]]></wp:meta_value>
		</wp:postmeta>
							</item>
					<item>
		<title><![CDATA[Rafaela Garcia Barrios]]></title>
		<link>http://localhost/sass-wp/obituario/rafaela-garcia-barrios/</link>
		<pubDate>Mon, 10 Aug 2020 00:00:08 +0000</pubDate>
		<dc:creator><![CDATA[webmaster]]></dc:creator>
		<guid isPermaLink="false">http://valparaiso.com.mx/?post_type=valpa_obituario_pt&#038;p=697</guid>
		<description></description>
		<content:encoded><![CDATA[]]></content:encoded>
		<excerpt:encoded><![CDATA[]]></excerpt:encoded>
		<wp:post_id>697</wp:post_id>
		<wp:post_date><![CDATA[2020-08-10 00:00:08]]></wp:post_date>
		<wp:post_date_gmt><![CDATA[2020-08-10 00:00:08]]></wp:post_date_gmt>
		<wp:post_modified><![CDATA[2020-08-10 00:00:08]]></wp:post_modified>
		<wp:post_modified_gmt><![CDATA[2020-08-10 00:00:08]]></wp:post_modified_gmt>
		<wp:comment_status><![CDATA[open]]></wp:comment_status>
		<wp:ping_status><![CDATA[closed]]></wp:ping_status>
		<wp:post_name><![CDATA[rafaela-garcia-barrios]]></wp:post_name>
		<wp:status><![CDATA[publish]]></wp:status>
		<wp:post_parent>0</wp:post_parent>
		<wp:menu_order>0</wp:menu_order>
		<wp:post_type><![CDATA[valpa_obituario_pt]]></wp:post_type>
		<wp:post_password><![CDATA[]]></wp:post_password>
		<wp:is_sticky>0</wp:is_sticky>
														<wp:postmeta>
		<wp:meta_key><![CDATA[_wp_old_date]]></wp:meta_key>
		<wp:meta_value><![CDATA[2020-08-28]]></wp:meta_value>
		</wp:postmeta>
							<wp:postmeta>
		<wp:meta_key><![CDATA[valpa_no_homenaje_meta]]></wp:meta_key>
		<wp:meta_value><![CDATA[0020000366]]></wp:meta_value>
		</wp:postmeta>
							<wp:postmeta>
		<wp:meta_key><![CDATA[valpa_nacimiento_dia_meta]]></wp:meta_key>
		<wp:meta_value><![CDATA[13]]></wp:meta_value>
		</wp:postmeta>
							<wp:postmeta>
		<wp:meta_key><![CDATA[valpa_nacimiento_mes_meta]]></wp:meta_key>
		<wp:meta_value><![CDATA[06]]></wp:meta_value>
		</wp:postmeta>
							<wp:postmeta>
		<wp:meta_key><![CDATA[valpa_nacimiento_ano_meta]]></wp:meta_key>
		<wp:meta_value><![CDATA[1929]]></wp:meta_value>
		</wp:postmeta>
							<wp:postmeta>
		<wp:meta_key><![CDATA[post_views_count]]></wp:meta_key>
		<wp:meta_value><![CDATA[51]]></wp:meta_value>
		</wp:postmeta>
							</item>
					<item>
		<title><![CDATA[Elena Hernandez Diaz]]></title>
		<link>http://localhost/sass-wp/obituario/elena-hernandez-diaz/</link>
		<pubDate>Tue, 11 Aug 2020 00:00:44 +0000</pubDate>
		<dc:creator><![CDATA[webmaster]]></dc:creator>
		<guid isPermaLink="false">http://valparaiso.com.mx/?post_type=valpa_obituario_pt&#038;p=698</guid>
		<description></description>
		<content:encoded><![CDATA[]]></content:encoded>
		<excerpt:encoded><![CDATA[]]></excerpt:encoded>
		<wp:post_id>698</wp:post_id>
		<wp:post_date><![CDATA[2020-08-11 00:00:44]]></wp:post_date>
		<wp:post_date_gmt><![CDATA[2020-08-11 00:00:44]]></wp:post_date_gmt>
		<wp:post_modified><![CDATA[2020-08-11 00:00:44]]></wp:post_modified>
		<wp:post_modified_gmt><![CDATA[2020-08-11 00:00:44]]></wp:post_modified_gmt>
		<wp:comment_status><![CDATA[open]]></wp:comment_status>
		<wp:ping_status><![CDATA[closed]]></wp:ping_status>
		<wp:post_name><![CDATA[elena-hernandez-diaz]]></wp:post_name>
		<wp:status><![CDATA[publish]]></wp:status>
		<wp:post_parent>0</wp:post_parent>
		<wp:menu_order>0</wp:menu_order>
		<wp:post_type><![CDATA[valpa_obituario_pt]]></wp:post_type>
		<wp:post_password><![CDATA[]]></wp:post_password>
		<wp:is_sticky>0</wp:is_sticky>
														<wp:postmeta>
		<wp:meta_key><![CDATA[_wp_old_date]]></wp:meta_key>
		<wp:meta_value><![CDATA[2020-08-28]]></wp:meta_value>
		</wp:postmeta>
							<wp:postmeta>
		<wp:meta_key><![CDATA[valpa_no_homenaje_meta]]></wp:meta_key>
		<wp:meta_value><![CDATA[0020000367]]></wp:meta_value>
		</wp:postmeta>
							<wp:postmeta>
		<wp:meta_key><![CDATA[valpa_nacimiento_dia_meta]]></wp:meta_key>
		<wp:meta_value><![CDATA[06]]></wp:meta_value>
		</wp:postmeta>
							<wp:postmeta>
		<wp:meta_key><![CDATA[valpa_nacimiento_mes_meta]]></wp:meta_key>
		<wp:meta_value><![CDATA[03]]></wp:meta_value>
		</wp:postmeta>
							<wp:postmeta>
		<wp:meta_key><![CDATA[valpa_nacimiento_ano_meta]]></wp:meta_key>
		<wp:meta_value><![CDATA[1955]]></wp:meta_value>
		</wp:postmeta>
							<wp:postmeta>
		<wp:meta_key><![CDATA[post_views_count]]></wp:meta_key>
		<wp:meta_value><![CDATA[51]]></wp:meta_value>
		</wp:postmeta>
							</item>
					<item>
		<title><![CDATA[Victor Cuevas Castillo]]></title>
		<link>http://localhost/sass-wp/obituario/victor-cuevas-castillo/</link>
		<pubDate>Tue, 11 Aug 2020 00:00:21 +0000</pubDate>
		<dc:creator><![CDATA[webmaster]]></dc:creator>
		<guid isPermaLink="false">http://valparaiso.com.mx/?post_type=valpa_obituario_pt&#038;p=699</guid>
		<description></description>
		<content:encoded><![CDATA[]]></content:encoded>
		<excerpt:encoded><![CDATA[]]></excerpt:encoded>
		<wp:post_id>699</wp:post_id>
		<wp:post_date><![CDATA[2020-08-11 00:00:21]]></wp:post_date>
		<wp:post_date_gmt><![CDATA[2020-08-11 00:00:21]]></wp:post_date_gmt>
		<wp:post_modified><![CDATA[2020-08-11 00:00:21]]></wp:post_modified>
		<wp:post_modified_gmt><![CDATA[2020-08-11 00:00:21]]></wp:post_modified_gmt>
		<wp:comment_status><![CDATA[open]]></wp:comment_status>
		<wp:ping_status><![CDATA[closed]]></wp:ping_status>
		<wp:post_name><![CDATA[victor-cuevas-castillo]]></wp:post_name>
		<wp:status><![CDATA[publish]]></wp:status>
		<wp:post_parent>0</wp:post_parent>
		<wp:menu_order>0</wp:menu_order>
		<wp:post_type><![CDATA[valpa_obituario_pt]]></wp:post_type>
		<wp:post_password><![CDATA[]]></wp:post_password>
		<wp:is_sticky>0</wp:is_sticky>
														<wp:postmeta>
		<wp:meta_key><![CDATA[_wp_old_date]]></wp:meta_key>
		<wp:meta_value><![CDATA[2020-08-28]]></wp:meta_value>
		</wp:postmeta>
							<wp:postmeta>
		<wp:meta_key><![CDATA[valpa_no_homenaje_meta]]></wp:meta_key>
		<wp:meta_value><![CDATA[0020000368]]></wp:meta_value>
		</wp:postmeta>
							<wp:postmeta>
		<wp:meta_key><![CDATA[valpa_nacimiento_dia_meta]]></wp:meta_key>
		<wp:meta_value><![CDATA[23]]></wp:meta_value>
		</wp:postmeta>
							<wp:postmeta>
		<wp:meta_key><![CDATA[valpa_nacimiento_mes_meta]]></wp:meta_key>
		<wp:meta_value><![CDATA[12]]></wp:meta_value>
		</wp:postmeta>
							<wp:postmeta>
		<wp:meta_key><![CDATA[valpa_nacimiento_ano_meta]]></wp:meta_key>
		<wp:meta_value><![CDATA[1975]]></wp:meta_value>
		</wp:postmeta>
							<wp:postmeta>
		<wp:meta_key><![CDATA[post_views_count]]></wp:meta_key>
		<wp:meta_value><![CDATA[53]]></wp:meta_value>
		</wp:postmeta>
							</item>
					<item>
		<title><![CDATA[Santos Aviles Contreras]]></title>
		<link>http://localhost/sass-wp/obituario/santos-aviles-contreras/</link>
		<pubDate>Tue, 11 Aug 2020 00:00:38 +0000</pubDate>
		<dc:creator><![CDATA[webmaster]]></dc:creator>
		<guid isPermaLink="false">http://valparaiso.com.mx/?post_type=valpa_obituario_pt&#038;p=700</guid>
		<description></description>
		<content:encoded><![CDATA[]]></content:encoded>
		<excerpt:encoded><![CDATA[]]></excerpt:encoded>
		<wp:post_id>700</wp:post_id>
		<wp:post_date><![CDATA[2020-08-11 00:00:38]]></wp:post_date>
		<wp:post_date_gmt><![CDATA[2020-08-11 00:00:38]]></wp:post_date_gmt>
		<wp:post_modified><![CDATA[2020-08-11 00:00:38]]></wp:post_modified>
		<wp:post_modified_gmt><![CDATA[2020-08-11 00:00:38]]></wp:post_modified_gmt>
		<wp:comment_status><![CDATA[open]]></wp:comment_status>
		<wp:ping_status><![CDATA[closed]]></wp:ping_status>
		<wp:post_name><![CDATA[santos-aviles-contreras]]></wp:post_name>
		<wp:status><![CDATA[publish]]></wp:status>
		<wp:post_parent>0</wp:post_parent>
		<wp:menu_order>0</wp:menu_order>
		<wp:post_type><![CDATA[valpa_obituario_pt]]></wp:post_type>
		<wp:post_password><![CDATA[]]></wp:post_password>
		<wp:is_sticky>0</wp:is_sticky>
														<wp:postmeta>
		<wp:meta_key><![CDATA[_wp_old_date]]></wp:meta_key>
		<wp:meta_value><![CDATA[2020-08-28]]></wp:meta_value>
		</wp:postmeta>
							<wp:postmeta>
		<wp:meta_key><![CDATA[valpa_no_homenaje_meta]]></wp:meta_key>
		<wp:meta_value><![CDATA[0020000370]]></wp:meta_value>
		</wp:postmeta>
							<wp:postmeta>
		<wp:meta_key><![CDATA[valpa_nacimiento_dia_meta]]></wp:meta_key>
		<wp:meta_value><![CDATA[02]]></wp:meta_value>
		</wp:postmeta>
							<wp:postmeta>
		<wp:meta_key><![CDATA[valpa_nacimiento_mes_meta]]></wp:meta_key>
		<wp:meta_value><![CDATA[11]]></wp:meta_value>
		</wp:postmeta>
							<wp:postmeta>
		<wp:meta_key><![CDATA[valpa_nacimiento_ano_meta]]></wp:meta_key>
		<wp:meta_value><![CDATA[1946]]></wp:meta_value>
		</wp:postmeta>
							<wp:postmeta>
		<wp:meta_key><![CDATA[post_views_count]]></wp:meta_key>
		<wp:meta_value><![CDATA[60]]></wp:meta_value>
		</wp:postmeta>
							</item>
					<item>
		<title><![CDATA[Raul Gonzalez Escamilla]]></title>
		<link>http://localhost/sass-wp/obituario/raul-gonzalez-escamilla/</link>
		<pubDate>Tue, 11 Aug 2020 00:00:25 +0000</pubDate>
		<dc:creator><![CDATA[webmaster]]></dc:creator>
		<guid isPermaLink="false">http://valparaiso.com.mx/?post_type=valpa_obituario_pt&#038;p=701</guid>
		<description></description>
		<content:encoded><![CDATA[]]></content:encoded>
		<excerpt:encoded><![CDATA[]]></excerpt:encoded>
		<wp:post_id>701</wp:post_id>
		<wp:post_date><![CDATA[2020-08-11 00:00:25]]></wp:post_date>
		<wp:post_date_gmt><![CDATA[2020-08-11 00:00:25]]></wp:post_date_gmt>
		<wp:post_modified><![CDATA[2020-08-11 00:00:25]]></wp:post_modified>
		<wp:post_modified_gmt><![CDATA[2020-08-11 00:00:25]]></wp:post_modified_gmt>
		<wp:comment_status><![CDATA[open]]></wp:comment_status>
		<wp:ping_status><![CDATA[closed]]></wp:ping_status>
		<wp:post_name><![CDATA[raul-gonzalez-escamilla]]></wp:post_name>
		<wp:status><![CDATA[publish]]></wp:status>
		<wp:post_parent>0</wp:post_parent>
		<wp:menu_order>0</wp:menu_order>
		<wp:post_type><![CDATA[valpa_obituario_pt]]></wp:post_type>
		<wp:post_password><![CDATA[]]></wp:post_password>
		<wp:is_sticky>0</wp:is_sticky>
														<wp:postmeta>
		<wp:meta_key><![CDATA[valpa_no_homenaje_meta]]></wp:meta_key>
		<wp:meta_value><![CDATA[0020000371]]></wp:meta_value>
		</wp:postmeta>
							<wp:postmeta>
		<wp:meta_key><![CDATA[valpa_nacimiento_dia_meta]]></wp:meta_key>
		<wp:meta_value><![CDATA[07]]></wp:meta_value>
		</wp:postmeta>
							<wp:postmeta>
		<wp:meta_key><![CDATA[valpa_nacimiento_mes_meta]]></wp:meta_key>
		<wp:meta_value><![CDATA[03]]></wp:meta_value>
		</wp:postmeta>
							<wp:postmeta>
		<wp:meta_key><![CDATA[valpa_nacimiento_ano_meta]]></wp:meta_key>
		<wp:meta_value><![CDATA[1954]]></wp:meta_value>
		</wp:postmeta>
							<wp:postmeta>
		<wp:meta_key><![CDATA[_wp_old_date]]></wp:meta_key>
		<wp:meta_value><![CDATA[2020-08-28]]></wp:meta_value>
		</wp:postmeta>
							<wp:postmeta>
		<wp:meta_key><![CDATA[post_views_count]]></wp:meta_key>
		<wp:meta_value><![CDATA[61]]></wp:meta_value>
		</wp:postmeta>
							</item>
					<item>
		<title><![CDATA[Jonatan Franco Diego]]></title>
		<link>http://localhost/sass-wp/obituario/jonatan-franco-diego/</link>
		<pubDate>Wed, 12 Aug 2020 00:00:08 +0000</pubDate>
		<dc:creator><![CDATA[webmaster]]></dc:creator>
		<guid isPermaLink="false">http://valparaiso.com.mx/?post_type=valpa_obituario_pt&#038;p=702</guid>
		<description></description>
		<content:encoded><![CDATA[]]></content:encoded>
		<excerpt:encoded><![CDATA[]]></excerpt:encoded>
		<wp:post_id>702</wp:post_id>
		<wp:post_date><![CDATA[2020-08-12 00:00:08]]></wp:post_date>
		<wp:post_date_gmt><![CDATA[2020-08-12 00:00:08]]></wp:post_date_gmt>
		<wp:post_modified><![CDATA[2020-08-12 00:00:08]]></wp:post_modified>
		<wp:post_modified_gmt><![CDATA[2020-08-12 00:00:08]]></wp:post_modified_gmt>
		<wp:comment_status><![CDATA[open]]></wp:comment_status>
		<wp:ping_status><![CDATA[closed]]></wp:ping_status>
		<wp:post_name><![CDATA[jonatan-franco-diego]]></wp:post_name>
		<wp:status><![CDATA[publish]]></wp:status>
		<wp:post_parent>0</wp:post_parent>
		<wp:menu_order>0</wp:menu_order>
		<wp:post_type><![CDATA[valpa_obituario_pt]]></wp:post_type>
		<wp:post_password><![CDATA[]]></wp:post_password>
		<wp:is_sticky>0</wp:is_sticky>
														<wp:postmeta>
		<wp:meta_key><![CDATA[_wp_old_date]]></wp:meta_key>
		<wp:meta_value><![CDATA[2020-08-28]]></wp:meta_value>
		</wp:postmeta>
							<wp:postmeta>
		<wp:meta_key><![CDATA[valpa_no_homenaje_meta]]></wp:meta_key>
		<wp:meta_value><![CDATA[0020000372]]></wp:meta_value>
		</wp:postmeta>
							<wp:postmeta>
		<wp:meta_key><![CDATA[valpa_nacimiento_dia_meta]]></wp:meta_key>
		<wp:meta_value><![CDATA[]]></wp:meta_value>
		</wp:postmeta>
							<wp:postmeta>
		<wp:meta_key><![CDATA[valpa_nacimiento_mes_meta]]></wp:meta_key>
		<wp:meta_value><![CDATA[]]></wp:meta_value>
		</wp:postmeta>
							<wp:postmeta>
		<wp:meta_key><![CDATA[valpa_nacimiento_ano_meta]]></wp:meta_key>
		<wp:meta_value><![CDATA[]]></wp:meta_value>
		</wp:postmeta>
							<wp:postmeta>
		<wp:meta_key><![CDATA[post_views_count]]></wp:meta_key>
		<wp:meta_value><![CDATA[51]]></wp:meta_value>
		</wp:postmeta>
							</item>
					<item>
		<title><![CDATA[Sara Lilian Diaz Flores]]></title>
		<link>http://localhost/sass-wp/obituario/sara-lilian-diaz-flores/</link>
		<pubDate>Wed, 12 Aug 2020 00:00:46 +0000</pubDate>
		<dc:creator><![CDATA[webmaster]]></dc:creator>
		<guid isPermaLink="false">http://valparaiso.com.mx/?post_type=valpa_obituario_pt&#038;p=703</guid>
		<description></description>
		<content:encoded><![CDATA[]]></content:encoded>
		<excerpt:encoded><![CDATA[]]></excerpt:encoded>
		<wp:post_id>703</wp:post_id>
		<wp:post_date><![CDATA[2020-08-12 00:00:46]]></wp:post_date>
		<wp:post_date_gmt><![CDATA[2020-08-12 00:00:46]]></wp:post_date_gmt>
		<wp:post_modified><![CDATA[2020-08-12 00:00:46]]></wp:post_modified>
		<wp:post_modified_gmt><![CDATA[2020-08-12 00:00:46]]></wp:post_modified_gmt>
		<wp:comment_status><![CDATA[open]]></wp:comment_status>
		<wp:ping_status><![CDATA[closed]]></wp:ping_status>
		<wp:post_name><![CDATA[sara-lilian-diaz-flores]]></wp:post_name>
		<wp:status><![CDATA[publish]]></wp:status>
		<wp:post_parent>0</wp:post_parent>
		<wp:menu_order>0</wp:menu_order>
		<wp:post_type><![CDATA[valpa_obituario_pt]]></wp:post_type>
		<wp:post_password><![CDATA[]]></wp:post_password>
		<wp:is_sticky>0</wp:is_sticky>
														<wp:postmeta>
		<wp:meta_key><![CDATA[_wp_old_date]]></wp:meta_key>
		<wp:meta_value><![CDATA[2020-08-28]]></wp:meta_value>
		</wp:postmeta>
							<wp:postmeta>
		<wp:meta_key><![CDATA[valpa_no_homenaje_meta]]></wp:meta_key>
		<wp:meta_value><![CDATA[0020000373]]></wp:meta_value>
		</wp:postmeta>
							<wp:postmeta>
		<wp:meta_key><![CDATA[valpa_nacimiento_dia_meta]]></wp:meta_key>
		<wp:meta_value><![CDATA[]]></wp:meta_value>
		</wp:postmeta>
							<wp:postmeta>
		<wp:meta_key><![CDATA[valpa_nacimiento_mes_meta]]></wp:meta_key>
		<wp:meta_value><![CDATA[]]></wp:meta_value>
		</wp:postmeta>
							<wp:postmeta>
		<wp:meta_key><![CDATA[valpa_nacimiento_ano_meta]]></wp:meta_key>
		<wp:meta_value><![CDATA[]]></wp:meta_value>
		</wp:postmeta>
							<wp:postmeta>
		<wp:meta_key><![CDATA[post_views_count]]></wp:meta_key>
		<wp:meta_value><![CDATA[63]]></wp:meta_value>
		</wp:postmeta>
							</item>
					<item>
		<title><![CDATA[Camilo Gildardo Gutierrez Perez]]></title>
		<link>http://localhost/sass-wp/obituario/camilo-gildardo-gutierrez-perez/</link>
		<pubDate>Wed, 12 Aug 2020 00:00:28 +0000</pubDate>
		<dc:creator><![CDATA[webmaster]]></dc:creator>
		<guid isPermaLink="false">http://valparaiso.com.mx/?post_type=valpa_obituario_pt&#038;p=704</guid>
		<description></description>
		<content:encoded><![CDATA[]]></content:encoded>
		<excerpt:encoded><![CDATA[]]></excerpt:encoded>
		<wp:post_id>704</wp:post_id>
		<wp:post_date><![CDATA[2020-08-12 00:00:28]]></wp:post_date>
		<wp:post_date_gmt><![CDATA[2020-08-12 00:00:28]]></wp:post_date_gmt>
		<wp:post_modified><![CDATA[2020-08-12 00:00:28]]></wp:post_modified>
		<wp:post_modified_gmt><![CDATA[2020-08-12 00:00:28]]></wp:post_modified_gmt>
		<wp:comment_status><![CDATA[open]]></wp:comment_status>
		<wp:ping_status><![CDATA[closed]]></wp:ping_status>
		<wp:post_name><![CDATA[camilo-gildardo-gutierrez-perez]]></wp:post_name>
		<wp:status><![CDATA[publish]]></wp:status>
		<wp:post_parent>0</wp:post_parent>
		<wp:menu_order>0</wp:menu_order>
		<wp:post_type><![CDATA[valpa_obituario_pt]]></wp:post_type>
		<wp:post_password><![CDATA[]]></wp:post_password>
		<wp:is_sticky>0</wp:is_sticky>
														<wp:postmeta>
		<wp:meta_key><![CDATA[_wp_old_date]]></wp:meta_key>
		<wp:meta_value><![CDATA[2020-08-28]]></wp:meta_value>
		</wp:postmeta>
							<wp:postmeta>
		<wp:meta_key><![CDATA[valpa_no_homenaje_meta]]></wp:meta_key>
		<wp:meta_value><![CDATA[0020000374]]></wp:meta_value>
		</wp:postmeta>
							<wp:postmeta>
		<wp:meta_key><![CDATA[valpa_nacimiento_dia_meta]]></wp:meta_key>
		<wp:meta_value><![CDATA[18]]></wp:meta_value>
		</wp:postmeta>
							<wp:postmeta>
		<wp:meta_key><![CDATA[valpa_nacimiento_mes_meta]]></wp:meta_key>
		<wp:meta_value><![CDATA[07]]></wp:meta_value>
		</wp:postmeta>
							<wp:postmeta>
		<wp:meta_key><![CDATA[valpa_nacimiento_ano_meta]]></wp:meta_key>
		<wp:meta_value><![CDATA[1933]]></wp:meta_value>
		</wp:postmeta>
							<wp:postmeta>
		<wp:meta_key><![CDATA[post_views_count]]></wp:meta_key>
		<wp:meta_value><![CDATA[76]]></wp:meta_value>
		</wp:postmeta>
							</item>
					<item>
		<title><![CDATA[Soydet Zamora Santiago]]></title>
		<link>http://localhost/sass-wp/obituario/soydet-zamora-santiago/</link>
		<pubDate>Wed, 12 Aug 2020 00:00:13 +0000</pubDate>
		<dc:creator><![CDATA[webmaster]]></dc:creator>
		<guid isPermaLink="false">http://valparaiso.com.mx/?post_type=valpa_obituario_pt&#038;p=705</guid>
		<description></description>
		<content:encoded><![CDATA[]]></content:encoded>
		<excerpt:encoded><![CDATA[]]></excerpt:encoded>
		<wp:post_id>705</wp:post_id>
		<wp:post_date><![CDATA[2020-08-12 00:00:13]]></wp:post_date>
		<wp:post_date_gmt><![CDATA[2020-08-12 00:00:13]]></wp:post_date_gmt>
		<wp:post_modified><![CDATA[2020-08-12 00:00:13]]></wp:post_modified>
		<wp:post_modified_gmt><![CDATA[2020-08-12 00:00:13]]></wp:post_modified_gmt>
		<wp:comment_status><![CDATA[open]]></wp:comment_status>
		<wp:ping_status><![CDATA[closed]]></wp:ping_status>
		<wp:post_name><![CDATA[soydet-zamora-santiago]]></wp:post_name>
		<wp:status><![CDATA[publish]]></wp:status>
		<wp:post_parent>0</wp:post_parent>
		<wp:menu_order>0</wp:menu_order>
		<wp:post_type><![CDATA[valpa_obituario_pt]]></wp:post_type>
		<wp:post_password><![CDATA[]]></wp:post_password>
		<wp:is_sticky>0</wp:is_sticky>
														<wp:postmeta>
		<wp:meta_key><![CDATA[_wp_old_date]]></wp:meta_key>
		<wp:meta_value><![CDATA[2020-08-28]]></wp:meta_value>
		</wp:postmeta>
							<wp:postmeta>
		<wp:meta_key><![CDATA[valpa_no_homenaje_meta]]></wp:meta_key>
		<wp:meta_value><![CDATA[0020000375]]></wp:meta_value>
		</wp:postmeta>
							<wp:postmeta>
		<wp:meta_key><![CDATA[valpa_nacimiento_dia_meta]]></wp:meta_key>
		<wp:meta_value><![CDATA[28]]></wp:meta_value>
		</wp:postmeta>
							<wp:postmeta>
		<wp:meta_key><![CDATA[valpa_nacimiento_mes_meta]]></wp:meta_key>
		<wp:meta_value><![CDATA[12]]></wp:meta_value>
		</wp:postmeta>
							<wp:postmeta>
		<wp:meta_key><![CDATA[valpa_nacimiento_ano_meta]]></wp:meta_key>
		<wp:meta_value><![CDATA[1995]]></wp:meta_value>
		</wp:postmeta>
							<wp:postmeta>
		<wp:meta_key><![CDATA[post_views_count]]></wp:meta_key>
		<wp:meta_value><![CDATA[53]]></wp:meta_value>
		</wp:postmeta>
							</item>
					<item>
		<title><![CDATA[Joshuan Emanuel Rivera Zamora]]></title>
		<link>http://localhost/sass-wp/obituario/joshuan-emanuel-rivera-zamora/</link>
		<pubDate>Wed, 12 Aug 2020 00:00:09 +0000</pubDate>
		<dc:creator><![CDATA[webmaster]]></dc:creator>
		<guid isPermaLink="false">http://valparaiso.com.mx/?post_type=valpa_obituario_pt&#038;p=706</guid>
		<description></description>
		<content:encoded><![CDATA[]]></content:encoded>
		<excerpt:encoded><![CDATA[]]></excerpt:encoded>
		<wp:post_id>706</wp:post_id>
		<wp:post_date><![CDATA[2020-08-12 00:00:09]]></wp:post_date>
		<wp:post_date_gmt><![CDATA[2020-08-12 00:00:09]]></wp:post_date_gmt>
		<wp:post_modified><![CDATA[2020-08-12 00:00:09]]></wp:post_modified>
		<wp:post_modified_gmt><![CDATA[2020-08-12 00:00:09]]></wp:post_modified_gmt>
		<wp:comment_status><![CDATA[open]]></wp:comment_status>
		<wp:ping_status><![CDATA[closed]]></wp:ping_status>
		<wp:post_name><![CDATA[joshuan-emanuel-rivera-zamora]]></wp:post_name>
		<wp:status><![CDATA[publish]]></wp:status>
		<wp:post_parent>0</wp:post_parent>
		<wp:menu_order>0</wp:menu_order>
		<wp:post_type><![CDATA[valpa_obituario_pt]]></wp:post_type>
		<wp:post_password><![CDATA[]]></wp:post_password>
		<wp:is_sticky>0</wp:is_sticky>
														<wp:postmeta>
		<wp:meta_key><![CDATA[_wp_old_date]]></wp:meta_key>
		<wp:meta_value><![CDATA[2020-08-28]]></wp:meta_value>
		</wp:postmeta>
							<wp:postmeta>
		<wp:meta_key><![CDATA[valpa_no_homenaje_meta]]></wp:meta_key>
		<wp:meta_value><![CDATA[0020000376]]></wp:meta_value>
		</wp:postmeta>
							<wp:postmeta>
		<wp:meta_key><![CDATA[valpa_nacimiento_dia_meta]]></wp:meta_key>
		<wp:meta_value><![CDATA[]]></wp:meta_value>
		</wp:postmeta>
							<wp:postmeta>
		<wp:meta_key><![CDATA[valpa_nacimiento_mes_meta]]></wp:meta_key>
		<wp:meta_value><![CDATA[]]></wp:meta_value>
		</wp:postmeta>
							<wp:postmeta>
		<wp:meta_key><![CDATA[valpa_nacimiento_ano_meta]]></wp:meta_key>
		<wp:meta_value><![CDATA[]]></wp:meta_value>
		</wp:postmeta>
							<wp:postmeta>
		<wp:meta_key><![CDATA[post_views_count]]></wp:meta_key>
		<wp:meta_value><![CDATA[58]]></wp:meta_value>
		</wp:postmeta>
							</item>
					<item>
		<title><![CDATA[David Rivera Rodriguez]]></title>
		<link>http://localhost/sass-wp/obituario/david-rivera-rodriguez/</link>
		<pubDate>Wed, 12 Aug 2020 00:00:52 +0000</pubDate>
		<dc:creator><![CDATA[webmaster]]></dc:creator>
		<guid isPermaLink="false">http://valparaiso.com.mx/?post_type=valpa_obituario_pt&#038;p=707</guid>
		<description></description>
		<content:encoded><![CDATA[]]></content:encoded>
		<excerpt:encoded><![CDATA[]]></excerpt:encoded>
		<wp:post_id>707</wp:post_id>
		<wp:post_date><![CDATA[2020-08-12 00:00:52]]></wp:post_date>
		<wp:post_date_gmt><![CDATA[2020-08-12 00:00:52]]></wp:post_date_gmt>
		<wp:post_modified><![CDATA[2020-08-12 00:00:52]]></wp:post_modified>
		<wp:post_modified_gmt><![CDATA[2020-08-12 00:00:52]]></wp:post_modified_gmt>
		<wp:comment_status><![CDATA[open]]></wp:comment_status>
		<wp:ping_status><![CDATA[closed]]></wp:ping_status>
		<wp:post_name><![CDATA[david-rivera-rodriguez]]></wp:post_name>
		<wp:status><![CDATA[publish]]></wp:status>
		<wp:post_parent>0</wp:post_parent>
		<wp:menu_order>0</wp:menu_order>
		<wp:post_type><![CDATA[valpa_obituario_pt]]></wp:post_type>
		<wp:post_password><![CDATA[]]></wp:post_password>
		<wp:is_sticky>0</wp:is_sticky>
														<wp:postmeta>
		<wp:meta_key><![CDATA[_wp_old_date]]></wp:meta_key>
		<wp:meta_value><![CDATA[2020-08-28]]></wp:meta_value>
		</wp:postmeta>
							<wp:postmeta>
		<wp:meta_key><![CDATA[valpa_no_homenaje_meta]]></wp:meta_key>
		<wp:meta_value><![CDATA[0020000377]]></wp:meta_value>
		</wp:postmeta>
							<wp:postmeta>
		<wp:meta_key><![CDATA[valpa_nacimiento_dia_meta]]></wp:meta_key>
		<wp:meta_value><![CDATA[26]]></wp:meta_value>
		</wp:postmeta>
							<wp:postmeta>
		<wp:meta_key><![CDATA[valpa_nacimiento_mes_meta]]></wp:meta_key>
		<wp:meta_value><![CDATA[04]]></wp:meta_value>
		</wp:postmeta>
							<wp:postmeta>
		<wp:meta_key><![CDATA[valpa_nacimiento_ano_meta]]></wp:meta_key>
		<wp:meta_value><![CDATA[1975]]></wp:meta_value>
		</wp:postmeta>
							<wp:postmeta>
		<wp:meta_key><![CDATA[post_views_count]]></wp:meta_key>
		<wp:meta_value><![CDATA[69]]></wp:meta_value>
		</wp:postmeta>
							</item>
					<item>
		<title><![CDATA[Fernando Blanco Bello]]></title>
		<link>http://localhost/sass-wp/obituario/fernando-blanco-bello/</link>
		<pubDate>Wed, 12 Aug 2020 00:00:39 +0000</pubDate>
		<dc:creator><![CDATA[webmaster]]></dc:creator>
		<guid isPermaLink="false">http://valparaiso.com.mx/?post_type=valpa_obituario_pt&#038;p=708</guid>
		<description></description>
		<content:encoded><![CDATA[]]></content:encoded>
		<excerpt:encoded><![CDATA[]]></excerpt:encoded>
		<wp:post_id>708</wp:post_id>
		<wp:post_date><![CDATA[2020-08-12 00:00:39]]></wp:post_date>
		<wp:post_date_gmt><![CDATA[2020-08-12 00:00:39]]></wp:post_date_gmt>
		<wp:post_modified><![CDATA[2020-08-12 00:00:39]]></wp:post_modified>
		<wp:post_modified_gmt><![CDATA[2020-08-12 00:00:39]]></wp:post_modified_gmt>
		<wp:comment_status><![CDATA[open]]></wp:comment_status>
		<wp:ping_status><![CDATA[closed]]></wp:ping_status>
		<wp:post_name><![CDATA[fernando-blanco-bello]]></wp:post_name>
		<wp:status><![CDATA[publish]]></wp:status>
		<wp:post_parent>0</wp:post_parent>
		<wp:menu_order>0</wp:menu_order>
		<wp:post_type><![CDATA[valpa_obituario_pt]]></wp:post_type>
		<wp:post_password><![CDATA[]]></wp:post_password>
		<wp:is_sticky>0</wp:is_sticky>
														<wp:postmeta>
		<wp:meta_key><![CDATA[_wp_old_date]]></wp:meta_key>
		<wp:meta_value><![CDATA[2020-08-28]]></wp:meta_value>
		</wp:postmeta>
							<wp:postmeta>
		<wp:meta_key><![CDATA[valpa_no_homenaje_meta]]></wp:meta_key>
		<wp:meta_value><![CDATA[0020000378]]></wp:meta_value>
		</wp:postmeta>
							<wp:postmeta>
		<wp:meta_key><![CDATA[valpa_nacimiento_dia_meta]]></wp:meta_key>
		<wp:meta_value><![CDATA[25]]></wp:meta_value>
		</wp:postmeta>
							<wp:postmeta>
		<wp:meta_key><![CDATA[valpa_nacimiento_mes_meta]]></wp:meta_key>
		<wp:meta_value><![CDATA[07]]></wp:meta_value>
		</wp:postmeta>
							<wp:postmeta>
		<wp:meta_key><![CDATA[valpa_nacimiento_ano_meta]]></wp:meta_key>
		<wp:meta_value><![CDATA[1987]]></wp:meta_value>
		</wp:postmeta>
							<wp:postmeta>
		<wp:meta_key><![CDATA[post_views_count]]></wp:meta_key>
		<wp:meta_value><![CDATA[45]]></wp:meta_value>
		</wp:postmeta>
							</item>
					<item>
		<title><![CDATA[Luis Yuri Gomez Espinoza]]></title>
		<link>http://localhost/sass-wp/obituario/luis-yuri-gomez-espinoza/</link>
		<pubDate>Wed, 12 Aug 2020 00:00:48 +0000</pubDate>
		<dc:creator><![CDATA[webmaster]]></dc:creator>
		<guid isPermaLink="false">http://valparaiso.com.mx/?post_type=valpa_obituario_pt&#038;p=709</guid>
		<description></description>
		<content:encoded><![CDATA[]]></content:encoded>
		<excerpt:encoded><![CDATA[]]></excerpt:encoded>
		<wp:post_id>709</wp:post_id>
		<wp:post_date><![CDATA[2020-08-12 00:00:48]]></wp:post_date>
		<wp:post_date_gmt><![CDATA[2020-08-12 00:00:48]]></wp:post_date_gmt>
		<wp:post_modified><![CDATA[2020-08-12 00:00:48]]></wp:post_modified>
		<wp:post_modified_gmt><![CDATA[2020-08-12 00:00:48]]></wp:post_modified_gmt>
		<wp:comment_status><![CDATA[open]]></wp:comment_status>
		<wp:ping_status><![CDATA[closed]]></wp:ping_status>
		<wp:post_name><![CDATA[luis-yuri-gomez-espinoza]]></wp:post_name>
		<wp:status><![CDATA[publish]]></wp:status>
		<wp:post_parent>0</wp:post_parent>
		<wp:menu_order>0</wp:menu_order>
		<wp:post_type><![CDATA[valpa_obituario_pt]]></wp:post_type>
		<wp:post_password><![CDATA[]]></wp:post_password>
		<wp:is_sticky>0</wp:is_sticky>
														<wp:postmeta>
		<wp:meta_key><![CDATA[_wp_old_date]]></wp:meta_key>
		<wp:meta_value><![CDATA[2020-08-28]]></wp:meta_value>
		</wp:postmeta>
							<wp:postmeta>
		<wp:meta_key><![CDATA[valpa_no_homenaje_meta]]></wp:meta_key>
		<wp:meta_value><![CDATA[0020000379]]></wp:meta_value>
		</wp:postmeta>
							<wp:postmeta>
		<wp:meta_key><![CDATA[valpa_nacimiento_dia_meta]]></wp:meta_key>
		<wp:meta_value><![CDATA[21]]></wp:meta_value>
		</wp:postmeta>
							<wp:postmeta>
		<wp:meta_key><![CDATA[valpa_nacimiento_mes_meta]]></wp:meta_key>
		<wp:meta_value><![CDATA[06]]></wp:meta_value>
		</wp:postmeta>
							<wp:postmeta>
		<wp:meta_key><![CDATA[valpa_nacimiento_ano_meta]]></wp:meta_key>
		<wp:meta_value><![CDATA[1983]]></wp:meta_value>
		</wp:postmeta>
							<wp:postmeta>
		<wp:meta_key><![CDATA[post_views_count]]></wp:meta_key>
		<wp:meta_value><![CDATA[53]]></wp:meta_value>
		</wp:postmeta>
							</item>
					<item>
		<title><![CDATA[Amada Mena Hernandez]]></title>
		<link>http://localhost/sass-wp/obituario/amada-mena-hernandez/</link>
		<pubDate>Wed, 12 Aug 2020 00:00:27 +0000</pubDate>
		<dc:creator><![CDATA[webmaster]]></dc:creator>
		<guid isPermaLink="false">http://valparaiso.com.mx/?post_type=valpa_obituario_pt&#038;p=710</guid>
		<description></description>
		<content:encoded><![CDATA[]]></content:encoded>
		<excerpt:encoded><![CDATA[]]></excerpt:encoded>
		<wp:post_id>710</wp:post_id>
		<wp:post_date><![CDATA[2020-08-12 00:00:27]]></wp:post_date>
		<wp:post_date_gmt><![CDATA[2020-08-12 00:00:27]]></wp:post_date_gmt>
		<wp:post_modified><![CDATA[2020-08-12 00:00:27]]></wp:post_modified>
		<wp:post_modified_gmt><![CDATA[2020-08-12 00:00:27]]></wp:post_modified_gmt>
		<wp:comment_status><![CDATA[open]]></wp:comment_status>
		<wp:ping_status><![CDATA[closed]]></wp:ping_status>
		<wp:post_name><![CDATA[amada-mena-hernandez]]></wp:post_name>
		<wp:status><![CDATA[publish]]></wp:status>
		<wp:post_parent>0</wp:post_parent>
		<wp:menu_order>0</wp:menu_order>
		<wp:post_type><![CDATA[valpa_obituario_pt]]></wp:post_type>
		<wp:post_password><![CDATA[]]></wp:post_password>
		<wp:is_sticky>0</wp:is_sticky>
														<wp:postmeta>
		<wp:meta_key><![CDATA[_wp_old_date]]></wp:meta_key>
		<wp:meta_value><![CDATA[2020-08-28]]></wp:meta_value>
		</wp:postmeta>
							<wp:postmeta>
		<wp:meta_key><![CDATA[valpa_no_homenaje_meta]]></wp:meta_key>
		<wp:meta_value><![CDATA[0020000380]]></wp:meta_value>
		</wp:postmeta>
							<wp:postmeta>
		<wp:meta_key><![CDATA[valpa_nacimiento_dia_meta]]></wp:meta_key>
		<wp:meta_value><![CDATA[06]]></wp:meta_value>
		</wp:postmeta>
							<wp:postmeta>
		<wp:meta_key><![CDATA[valpa_nacimiento_mes_meta]]></wp:meta_key>
		<wp:meta_value><![CDATA[02]]></wp:meta_value>
		</wp:postmeta>
							<wp:postmeta>
		<wp:meta_key><![CDATA[valpa_nacimiento_ano_meta]]></wp:meta_key>
		<wp:meta_value><![CDATA[1942]]></wp:meta_value>
		</wp:postmeta>
							<wp:postmeta>
		<wp:meta_key><![CDATA[post_views_count]]></wp:meta_key>
		<wp:meta_value><![CDATA[68]]></wp:meta_value>
		</wp:postmeta>
							</item>
					<item>
		<title><![CDATA[Marcos Elfego Nambo Gutierrez]]></title>
		<link>http://localhost/sass-wp/obituario/marcos-elfego-nambo-gutierrez/</link>
		<pubDate>Wed, 12 Aug 2020 00:00:05 +0000</pubDate>
		<dc:creator><![CDATA[webmaster]]></dc:creator>
		<guid isPermaLink="false">http://valparaiso.com.mx/?post_type=valpa_obituario_pt&#038;p=711</guid>
		<description></description>
		<content:encoded><![CDATA[]]></content:encoded>
		<excerpt:encoded><![CDATA[]]></excerpt:encoded>
		<wp:post_id>711</wp:post_id>
		<wp:post_date><![CDATA[2020-08-12 00:00:05]]></wp:post_date>
		<wp:post_date_gmt><![CDATA[2020-08-12 00:00:05]]></wp:post_date_gmt>
		<wp:post_modified><![CDATA[2020-08-12 00:00:05]]></wp:post_modified>
		<wp:post_modified_gmt><![CDATA[2020-08-12 00:00:05]]></wp:post_modified_gmt>
		<wp:comment_status><![CDATA[open]]></wp:comment_status>
		<wp:ping_status><![CDATA[closed]]></wp:ping_status>
		<wp:post_name><![CDATA[marcos-elfego-nambo-gutierrez]]></wp:post_name>
		<wp:status><![CDATA[publish]]></wp:status>
		<wp:post_parent>0</wp:post_parent>
		<wp:menu_order>0</wp:menu_order>
		<wp:post_type><![CDATA[valpa_obituario_pt]]></wp:post_type>
		<wp:post_password><![CDATA[]]></wp:post_password>
		<wp:is_sticky>0</wp:is_sticky>
														<wp:postmeta>
		<wp:meta_key><![CDATA[_wp_old_date]]></wp:meta_key>
		<wp:meta_value><![CDATA[2020-08-28]]></wp:meta_value>
		</wp:postmeta>
							<wp:postmeta>
		<wp:meta_key><![CDATA[valpa_no_homenaje_meta]]></wp:meta_key>
		<wp:meta_value><![CDATA[0020000381]]></wp:meta_value>
		</wp:postmeta>
							<wp:postmeta>
		<wp:meta_key><![CDATA[valpa_nacimiento_dia_meta]]></wp:meta_key>
		<wp:meta_value><![CDATA[20]]></wp:meta_value>
		</wp:postmeta>
							<wp:postmeta>
		<wp:meta_key><![CDATA[valpa_nacimiento_mes_meta]]></wp:meta_key>
		<wp:meta_value><![CDATA[09]]></wp:meta_value>
		</wp:postmeta>
							<wp:postmeta>
		<wp:meta_key><![CDATA[valpa_nacimiento_ano_meta]]></wp:meta_key>
		<wp:meta_value><![CDATA[1992]]></wp:meta_value>
		</wp:postmeta>
							<wp:postmeta>
		<wp:meta_key><![CDATA[post_views_count]]></wp:meta_key>
		<wp:meta_value><![CDATA[68]]></wp:meta_value>
		</wp:postmeta>
							</item>
					<item>
		<title><![CDATA[Cirila Castillo Levaro]]></title>
		<link>http://localhost/sass-wp/obituario/cirila-castillo-levaro/</link>
		<pubDate>Wed, 12 Aug 2020 00:00:42 +0000</pubDate>
		<dc:creator><![CDATA[webmaster]]></dc:creator>
		<guid isPermaLink="false">http://valparaiso.com.mx/?post_type=valpa_obituario_pt&#038;p=712</guid>
		<description></description>
		<content:encoded><![CDATA[]]></content:encoded>
		<excerpt:encoded><![CDATA[]]></excerpt:encoded>
		<wp:post_id>712</wp:post_id>
		<wp:post_date><![CDATA[2020-08-12 00:00:42]]></wp:post_date>
		<wp:post_date_gmt><![CDATA[2020-08-12 00:00:42]]></wp:post_date_gmt>
		<wp:post_modified><![CDATA[2020-08-12 00:00:42]]></wp:post_modified>
		<wp:post_modified_gmt><![CDATA[2020-08-12 00:00:42]]></wp:post_modified_gmt>
		<wp:comment_status><![CDATA[open]]></wp:comment_status>
		<wp:ping_status><![CDATA[closed]]></wp:ping_status>
		<wp:post_name><![CDATA[cirila-castillo-levaro]]></wp:post_name>
		<wp:status><![CDATA[publish]]></wp:status>
		<wp:post_parent>0</wp:post_parent>
		<wp:menu_order>0</wp:menu_order>
		<wp:post_type><![CDATA[valpa_obituario_pt]]></wp:post_type>
		<wp:post_password><![CDATA[]]></wp:post_password>
		<wp:is_sticky>0</wp:is_sticky>
														<wp:postmeta>
		<wp:meta_key><![CDATA[_wp_old_date]]></wp:meta_key>
		<wp:meta_value><![CDATA[2020-08-28]]></wp:meta_value>
		</wp:postmeta>
							<wp:postmeta>
		<wp:meta_key><![CDATA[valpa_no_homenaje_meta]]></wp:meta_key>
		<wp:meta_value><![CDATA[0020000382]]></wp:meta_value>
		</wp:postmeta>
							<wp:postmeta>
		<wp:meta_key><![CDATA[valpa_nacimiento_dia_meta]]></wp:meta_key>
		<wp:meta_value><![CDATA[10]]></wp:meta_value>
		</wp:postmeta>
							<wp:postmeta>
		<wp:meta_key><![CDATA[valpa_nacimiento_mes_meta]]></wp:meta_key>
		<wp:meta_value><![CDATA[08]]></wp:meta_value>
		</wp:postmeta>
							<wp:postmeta>
		<wp:meta_key><![CDATA[valpa_nacimiento_ano_meta]]></wp:meta_key>
		<wp:meta_value><![CDATA[1944]]></wp:meta_value>
		</wp:postmeta>
							<wp:postmeta>
		<wp:meta_key><![CDATA[post_views_count]]></wp:meta_key>
		<wp:meta_value><![CDATA[59]]></wp:meta_value>
		</wp:postmeta>
							</item>
					<item>
		<title><![CDATA[Santana Bonifacio Castillo]]></title>
		<link>http://localhost/sass-wp/obituario/santana-bonifacio-castillo/</link>
		<pubDate>Wed, 12 Aug 2020 00:00:17 +0000</pubDate>
		<dc:creator><![CDATA[webmaster]]></dc:creator>
		<guid isPermaLink="false">http://valparaiso.com.mx/?post_type=valpa_obituario_pt&#038;p=713</guid>
		<description></description>
		<content:encoded><![CDATA[]]></content:encoded>
		<excerpt:encoded><![CDATA[]]></excerpt:encoded>
		<wp:post_id>713</wp:post_id>
		<wp:post_date><![CDATA[2020-08-12 00:00:17]]></wp:post_date>
		<wp:post_date_gmt><![CDATA[2020-08-12 00:00:17]]></wp:post_date_gmt>
		<wp:post_modified><![CDATA[2020-08-12 00:00:17]]></wp:post_modified>
		<wp:post_modified_gmt><![CDATA[2020-08-12 00:00:17]]></wp:post_modified_gmt>
		<wp:comment_status><![CDATA[open]]></wp:comment_status>
		<wp:ping_status><![CDATA[closed]]></wp:ping_status>
		<wp:post_name><![CDATA[santana-bonifacio-castillo]]></wp:post_name>
		<wp:status><![CDATA[publish]]></wp:status>
		<wp:post_parent>0</wp:post_parent>
		<wp:menu_order>0</wp:menu_order>
		<wp:post_type><![CDATA[valpa_obituario_pt]]></wp:post_type>
		<wp:post_password><![CDATA[]]></wp:post_password>
		<wp:is_sticky>0</wp:is_sticky>
														<wp:postmeta>
		<wp:meta_key><![CDATA[_wp_old_date]]></wp:meta_key>
		<wp:meta_value><![CDATA[2020-08-28]]></wp:meta_value>
		</wp:postmeta>
							<wp:postmeta>
		<wp:meta_key><![CDATA[valpa_no_homenaje_meta]]></wp:meta_key>
		<wp:meta_value><![CDATA[0020000383]]></wp:meta_value>
		</wp:postmeta>
							<wp:postmeta>
		<wp:meta_key><![CDATA[valpa_nacimiento_dia_meta]]></wp:meta_key>
		<wp:meta_value><![CDATA[26]]></wp:meta_value>
		</wp:postmeta>
							<wp:postmeta>
		<wp:meta_key><![CDATA[valpa_nacimiento_mes_meta]]></wp:meta_key>
		<wp:meta_value><![CDATA[07]]></wp:meta_value>
		</wp:postmeta>
							<wp:postmeta>
		<wp:meta_key><![CDATA[valpa_nacimiento_ano_meta]]></wp:meta_key>
		<wp:meta_value><![CDATA[1980]]></wp:meta_value>
		</wp:postmeta>
							<wp:postmeta>
		<wp:meta_key><![CDATA[post_views_count]]></wp:meta_key>
		<wp:meta_value><![CDATA[63]]></wp:meta_value>
		</wp:postmeta>
							</item>
					<item>
		<title><![CDATA[Joshua CastaÃ±on Naranjo]]></title>
		<link>http://localhost/sass-wp/obituario/joshua-castanon-naranjo/</link>
		<pubDate>Wed, 12 Aug 2020 00:00:58 +0000</pubDate>
		<dc:creator><![CDATA[webmaster]]></dc:creator>
		<guid isPermaLink="false">http://valparaiso.com.mx/?post_type=valpa_obituario_pt&#038;p=714</guid>
		<description></description>
		<content:encoded><![CDATA[]]></content:encoded>
		<excerpt:encoded><![CDATA[]]></excerpt:encoded>
		<wp:post_id>714</wp:post_id>
		<wp:post_date><![CDATA[2020-08-12 00:00:58]]></wp:post_date>
		<wp:post_date_gmt><![CDATA[2020-08-12 00:00:58]]></wp:post_date_gmt>
		<wp:post_modified><![CDATA[2020-08-12 00:00:58]]></wp:post_modified>
		<wp:post_modified_gmt><![CDATA[2020-08-12 00:00:58]]></wp:post_modified_gmt>
		<wp:comment_status><![CDATA[open]]></wp:comment_status>
		<wp:ping_status><![CDATA[closed]]></wp:ping_status>
		<wp:post_name><![CDATA[joshua-castanon-naranjo]]></wp:post_name>
		<wp:status><![CDATA[publish]]></wp:status>
		<wp:post_parent>0</wp:post_parent>
		<wp:menu_order>0</wp:menu_order>
		<wp:post_type><![CDATA[valpa_obituario_pt]]></wp:post_type>
		<wp:post_password><![CDATA[]]></wp:post_password>
		<wp:is_sticky>0</wp:is_sticky>
														<wp:postmeta>
		<wp:meta_key><![CDATA[_wp_old_date]]></wp:meta_key>
		<wp:meta_value><![CDATA[2020-08-28]]></wp:meta_value>
		</wp:postmeta>
							<wp:postmeta>
		<wp:meta_key><![CDATA[valpa_no_homenaje_meta]]></wp:meta_key>
		<wp:meta_value><![CDATA[0020000384]]></wp:meta_value>
		</wp:postmeta>
							<wp:postmeta>
		<wp:meta_key><![CDATA[valpa_nacimiento_dia_meta]]></wp:meta_key>
		<wp:meta_value><![CDATA[23]]></wp:meta_value>
		</wp:postmeta>
							<wp:postmeta>
		<wp:meta_key><![CDATA[valpa_nacimiento_mes_meta]]></wp:meta_key>
		<wp:meta_value><![CDATA[10]]></wp:meta_value>
		</wp:postmeta>
							<wp:postmeta>
		<wp:meta_key><![CDATA[valpa_nacimiento_ano_meta]]></wp:meta_key>
		<wp:meta_value><![CDATA[2013]]></wp:meta_value>
		</wp:postmeta>
							<wp:postmeta>
		<wp:meta_key><![CDATA[post_views_count]]></wp:meta_key>
		<wp:meta_value><![CDATA[64]]></wp:meta_value>
		</wp:postmeta>
							</item>
					<item>
		<title><![CDATA[Elizabeth Naranjo Nava]]></title>
		<link>http://localhost/sass-wp/obituario/elizabeth-naranjo-nava/</link>
		<pubDate>Wed, 12 Aug 2020 00:00:38 +0000</pubDate>
		<dc:creator><![CDATA[webmaster]]></dc:creator>
		<guid isPermaLink="false">http://valparaiso.com.mx/?post_type=valpa_obituario_pt&#038;p=715</guid>
		<description></description>
		<content:encoded><![CDATA[]]></content:encoded>
		<excerpt:encoded><![CDATA[]]></excerpt:encoded>
		<wp:post_id>715</wp:post_id>
		<wp:post_date><![CDATA[2020-08-12 00:00:38]]></wp:post_date>
		<wp:post_date_gmt><![CDATA[2020-08-12 00:00:38]]></wp:post_date_gmt>
		<wp:post_modified><![CDATA[2020-08-12 00:00:38]]></wp:post_modified>
		<wp:post_modified_gmt><![CDATA[2020-08-12 00:00:38]]></wp:post_modified_gmt>
		<wp:comment_status><![CDATA[open]]></wp:comment_status>
		<wp:ping_status><![CDATA[closed]]></wp:ping_status>
		<wp:post_name><![CDATA[elizabeth-naranjo-nava]]></wp:post_name>
		<wp:status><![CDATA[publish]]></wp:status>
		<wp:post_parent>0</wp:post_parent>
		<wp:menu_order>0</wp:menu_order>
		<wp:post_type><![CDATA[valpa_obituario_pt]]></wp:post_type>
		<wp:post_password><![CDATA[]]></wp:post_password>
		<wp:is_sticky>0</wp:is_sticky>
														<wp:postmeta>
		<wp:meta_key><![CDATA[_wp_old_date]]></wp:meta_key>
		<wp:meta_value><![CDATA[2020-08-28]]></wp:meta_value>
		</wp:postmeta>
							<wp:postmeta>
		<wp:meta_key><![CDATA[valpa_no_homenaje_meta]]></wp:meta_key>
		<wp:meta_value><![CDATA[0020000385]]></wp:meta_value>
		</wp:postmeta>
							<wp:postmeta>
		<wp:meta_key><![CDATA[valpa_nacimiento_dia_meta]]></wp:meta_key>
		<wp:meta_value><![CDATA[18]]></wp:meta_value>
		</wp:postmeta>
							<wp:postmeta>
		<wp:meta_key><![CDATA[valpa_nacimiento_mes_meta]]></wp:meta_key>
		<wp:meta_value><![CDATA[12]]></wp:meta_value>
		</wp:postmeta>
							<wp:postmeta>
		<wp:meta_key><![CDATA[valpa_nacimiento_ano_meta]]></wp:meta_key>
		<wp:meta_value><![CDATA[1979]]></wp:meta_value>
		</wp:postmeta>
							<wp:postmeta>
		<wp:meta_key><![CDATA[post_views_count]]></wp:meta_key>
		<wp:meta_value><![CDATA[60]]></wp:meta_value>
		</wp:postmeta>
							</item>
					<item>
		<title><![CDATA[Hutssel Maximiliano Carpio Naranjo]]></title>
		<link>http://localhost/sass-wp/obituario/hutssel-maximiliano-carpio-naranjo/</link>
		<pubDate>Wed, 12 Aug 2020 00:00:40 +0000</pubDate>
		<dc:creator><![CDATA[webmaster]]></dc:creator>
		<guid isPermaLink="false">http://valparaiso.com.mx/?post_type=valpa_obituario_pt&#038;p=716</guid>
		<description></description>
		<content:encoded><![CDATA[]]></content:encoded>
		<excerpt:encoded><![CDATA[]]></excerpt:encoded>
		<wp:post_id>716</wp:post_id>
		<wp:post_date><![CDATA[2020-08-12 00:00:40]]></wp:post_date>
		<wp:post_date_gmt><![CDATA[2020-08-12 00:00:40]]></wp:post_date_gmt>
		<wp:post_modified><![CDATA[2020-08-12 00:00:40]]></wp:post_modified>
		<wp:post_modified_gmt><![CDATA[2020-08-12 00:00:40]]></wp:post_modified_gmt>
		<wp:comment_status><![CDATA[open]]></wp:comment_status>
		<wp:ping_status><![CDATA[closed]]></wp:ping_status>
		<wp:post_name><![CDATA[hutssel-maximiliano-carpio-naranjo]]></wp:post_name>
		<wp:status><![CDATA[publish]]></wp:status>
		<wp:post_parent>0</wp:post_parent>
		<wp:menu_order>0</wp:menu_order>
		<wp:post_type><![CDATA[valpa_obituario_pt]]></wp:post_type>
		<wp:post_password><![CDATA[]]></wp:post_password>
		<wp:is_sticky>0</wp:is_sticky>
														<wp:postmeta>
		<wp:meta_key><![CDATA[_wp_old_date]]></wp:meta_key>
		<wp:meta_value><![CDATA[2020-08-28]]></wp:meta_value>
		</wp:postmeta>
							<wp:postmeta>
		<wp:meta_key><![CDATA[valpa_no_homenaje_meta]]></wp:meta_key>
		<wp:meta_value><![CDATA[0020000386]]></wp:meta_value>
		</wp:postmeta>
							<wp:postmeta>
		<wp:meta_key><![CDATA[valpa_nacimiento_dia_meta]]></wp:meta_key>
		<wp:meta_value><![CDATA[24]]></wp:meta_value>
		</wp:postmeta>
							<wp:postmeta>
		<wp:meta_key><![CDATA[valpa_nacimiento_mes_meta]]></wp:meta_key>
		<wp:meta_value><![CDATA[11]]></wp:meta_value>
		</wp:postmeta>
							<wp:postmeta>
		<wp:meta_key><![CDATA[valpa_nacimiento_ano_meta]]></wp:meta_key>
		<wp:meta_value><![CDATA[2014]]></wp:meta_value>
		</wp:postmeta>
							<wp:postmeta>
		<wp:meta_key><![CDATA[post_views_count]]></wp:meta_key>
		<wp:meta_value><![CDATA[57]]></wp:meta_value>
		</wp:postmeta>
							</item>
					<item>
		<title><![CDATA[Zaid Sebastian Carpio Naranjo]]></title>
		<link>http://localhost/sass-wp/obituario/zaid-sebastian-carpio-naranjo/</link>
		<pubDate>Wed, 12 Aug 2020 00:00:21 +0000</pubDate>
		<dc:creator><![CDATA[webmaster]]></dc:creator>
		<guid isPermaLink="false">http://valparaiso.com.mx/?post_type=valpa_obituario_pt&#038;p=717</guid>
		<description></description>
		<content:encoded><![CDATA[]]></content:encoded>
		<excerpt:encoded><![CDATA[]]></excerpt:encoded>
		<wp:post_id>717</wp:post_id>
		<wp:post_date><![CDATA[2020-08-12 00:00:21]]></wp:post_date>
		<wp:post_date_gmt><![CDATA[2020-08-12 00:00:21]]></wp:post_date_gmt>
		<wp:post_modified><![CDATA[2020-08-12 00:00:21]]></wp:post_modified>
		<wp:post_modified_gmt><![CDATA[2020-08-12 00:00:21]]></wp:post_modified_gmt>
		<wp:comment_status><![CDATA[open]]></wp:comment_status>
		<wp:ping_status><![CDATA[closed]]></wp:ping_status>
		<wp:post_name><![CDATA[zaid-sebastian-carpio-naranjo]]></wp:post_name>
		<wp:status><![CDATA[publish]]></wp:status>
		<wp:post_parent>0</wp:post_parent>
		<wp:menu_order>0</wp:menu_order>
		<wp:post_type><![CDATA[valpa_obituario_pt]]></wp:post_type>
		<wp:post_password><![CDATA[]]></wp:post_password>
		<wp:is_sticky>0</wp:is_sticky>
														<wp:postmeta>
		<wp:meta_key><![CDATA[_wp_old_date]]></wp:meta_key>
		<wp:meta_value><![CDATA[2020-08-28]]></wp:meta_value>
		</wp:postmeta>
							<wp:postmeta>
		<wp:meta_key><![CDATA[valpa_no_homenaje_meta]]></wp:meta_key>
		<wp:meta_value><![CDATA[0020000387]]></wp:meta_value>
		</wp:postmeta>
							<wp:postmeta>
		<wp:meta_key><![CDATA[valpa_nacimiento_dia_meta]]></wp:meta_key>
		<wp:meta_value><![CDATA[02]]></wp:meta_value>
		</wp:postmeta>
							<wp:postmeta>
		<wp:meta_key><![CDATA[valpa_nacimiento_mes_meta]]></wp:meta_key>
		<wp:meta_value><![CDATA[01]]></wp:meta_value>
		</wp:postmeta>
							<wp:postmeta>
		<wp:meta_key><![CDATA[valpa_nacimiento_ano_meta]]></wp:meta_key>
		<wp:meta_value><![CDATA[2017]]></wp:meta_value>
		</wp:postmeta>
							<wp:postmeta>
		<wp:meta_key><![CDATA[post_views_count]]></wp:meta_key>
		<wp:meta_value><![CDATA[73]]></wp:meta_value>
		</wp:postmeta>
							</item>
					<item>
		<title><![CDATA[Octavio Valencia Morales]]></title>
		<link>http://localhost/sass-wp/obituario/octavio-valencia-morales/</link>
		<pubDate>Thu, 13 Aug 2020 00:00:04 +0000</pubDate>
		<dc:creator><![CDATA[webmaster]]></dc:creator>
		<guid isPermaLink="false">http://valparaiso.com.mx/?post_type=valpa_obituario_pt&#038;p=718</guid>
		<description></description>
		<content:encoded><![CDATA[]]></content:encoded>
		<excerpt:encoded><![CDATA[]]></excerpt:encoded>
		<wp:post_id>718</wp:post_id>
		<wp:post_date><![CDATA[2020-08-13 00:00:04]]></wp:post_date>
		<wp:post_date_gmt><![CDATA[2020-08-13 00:00:04]]></wp:post_date_gmt>
		<wp:post_modified><![CDATA[2020-08-13 00:00:04]]></wp:post_modified>
		<wp:post_modified_gmt><![CDATA[2020-08-13 00:00:04]]></wp:post_modified_gmt>
		<wp:comment_status><![CDATA[open]]></wp:comment_status>
		<wp:ping_status><![CDATA[closed]]></wp:ping_status>
		<wp:post_name><![CDATA[octavio-valencia-morales]]></wp:post_name>
		<wp:status><![CDATA[publish]]></wp:status>
		<wp:post_parent>0</wp:post_parent>
		<wp:menu_order>0</wp:menu_order>
		<wp:post_type><![CDATA[valpa_obituario_pt]]></wp:post_type>
		<wp:post_password><![CDATA[]]></wp:post_password>
		<wp:is_sticky>0</wp:is_sticky>
														<wp:postmeta>
		<wp:meta_key><![CDATA[_wp_old_date]]></wp:meta_key>
		<wp:meta_value><![CDATA[2020-08-28]]></wp:meta_value>
		</wp:postmeta>
							<wp:postmeta>
		<wp:meta_key><![CDATA[valpa_no_homenaje_meta]]></wp:meta_key>
		<wp:meta_value><![CDATA[0020000388]]></wp:meta_value>
		</wp:postmeta>
							<wp:postmeta>
		<wp:meta_key><![CDATA[valpa_nacimiento_dia_meta]]></wp:meta_key>
		<wp:meta_value><![CDATA[23]]></wp:meta_value>
		</wp:postmeta>
							<wp:postmeta>
		<wp:meta_key><![CDATA[valpa_nacimiento_mes_meta]]></wp:meta_key>
		<wp:meta_value><![CDATA[06]]></wp:meta_value>
		</wp:postmeta>
							<wp:postmeta>
		<wp:meta_key><![CDATA[valpa_nacimiento_ano_meta]]></wp:meta_key>
		<wp:meta_value><![CDATA[1993]]></wp:meta_value>
		</wp:postmeta>
							<wp:postmeta>
		<wp:meta_key><![CDATA[post_views_count]]></wp:meta_key>
		<wp:meta_value><![CDATA[64]]></wp:meta_value>
		</wp:postmeta>
							</item>
					<item>
		<title><![CDATA[Ma. Magdalena Valencia Uribe]]></title>
		<link>http://localhost/sass-wp/obituario/ma-magdalena-valencia-uribe/</link>
		<pubDate>Thu, 13 Aug 2020 00:00:35 +0000</pubDate>
		<dc:creator><![CDATA[webmaster]]></dc:creator>
		<guid isPermaLink="false">http://valparaiso.com.mx/?post_type=valpa_obituario_pt&#038;p=719</guid>
		<description></description>
		<content:encoded><![CDATA[]]></content:encoded>
		<excerpt:encoded><![CDATA[]]></excerpt:encoded>
		<wp:post_id>719</wp:post_id>
		<wp:post_date><![CDATA[2020-08-13 00:00:35]]></wp:post_date>
		<wp:post_date_gmt><![CDATA[2020-08-13 00:00:35]]></wp:post_date_gmt>
		<wp:post_modified><![CDATA[2020-08-13 00:00:35]]></wp:post_modified>
		<wp:post_modified_gmt><![CDATA[2020-08-13 00:00:35]]></wp:post_modified_gmt>
		<wp:comment_status><![CDATA[open]]></wp:comment_status>
		<wp:ping_status><![CDATA[closed]]></wp:ping_status>
		<wp:post_name><![CDATA[ma-magdalena-valencia-uribe]]></wp:post_name>
		<wp:status><![CDATA[publish]]></wp:status>
		<wp:post_parent>0</wp:post_parent>
		<wp:menu_order>0</wp:menu_order>
		<wp:post_type><![CDATA[valpa_obituario_pt]]></wp:post_type>
		<wp:post_password><![CDATA[]]></wp:post_password>
		<wp:is_sticky>0</wp:is_sticky>
														<wp:postmeta>
		<wp:meta_key><![CDATA[_wp_old_date]]></wp:meta_key>
		<wp:meta_value><![CDATA[2020-08-28]]></wp:meta_value>
		</wp:postmeta>
							<wp:postmeta>
		<wp:meta_key><![CDATA[valpa_no_homenaje_meta]]></wp:meta_key>
		<wp:meta_value><![CDATA[0020000389]]></wp:meta_value>
		</wp:postmeta>
							<wp:postmeta>
		<wp:meta_key><![CDATA[valpa_nacimiento_dia_meta]]></wp:meta_key>
		<wp:meta_value><![CDATA[22]]></wp:meta_value>
		</wp:postmeta>
							<wp:postmeta>
		<wp:meta_key><![CDATA[valpa_nacimiento_mes_meta]]></wp:meta_key>
		<wp:meta_value><![CDATA[07]]></wp:meta_value>
		</wp:postmeta>
							<wp:postmeta>
		<wp:meta_key><![CDATA[valpa_nacimiento_ano_meta]]></wp:meta_key>
		<wp:meta_value><![CDATA[1956]]></wp:meta_value>
		</wp:postmeta>
							<wp:postmeta>
		<wp:meta_key><![CDATA[post_views_count]]></wp:meta_key>
		<wp:meta_value><![CDATA[46]]></wp:meta_value>
		</wp:postmeta>
							</item>
					<item>
		<title><![CDATA[Cruz German Reza Jardon]]></title>
		<link>http://localhost/sass-wp/obituario/cruz-german-reza-jardon/</link>
		<pubDate>Fri, 14 Aug 2020 00:00:46 +0000</pubDate>
		<dc:creator><![CDATA[webmaster]]></dc:creator>
		<guid isPermaLink="false">http://valparaiso.com.mx/?post_type=valpa_obituario_pt&#038;p=721</guid>
		<description></description>
		<content:encoded><![CDATA[]]></content:encoded>
		<excerpt:encoded><![CDATA[]]></excerpt:encoded>
		<wp:post_id>721</wp:post_id>
		<wp:post_date><![CDATA[2020-08-14 00:00:46]]></wp:post_date>
		<wp:post_date_gmt><![CDATA[2020-08-14 00:00:46]]></wp:post_date_gmt>
		<wp:post_modified><![CDATA[2020-08-14 00:00:46]]></wp:post_modified>
		<wp:post_modified_gmt><![CDATA[2020-08-14 00:00:46]]></wp:post_modified_gmt>
		<wp:comment_status><![CDATA[open]]></wp:comment_status>
		<wp:ping_status><![CDATA[closed]]></wp:ping_status>
		<wp:post_name><![CDATA[cruz-german-reza-jardon]]></wp:post_name>
		<wp:status><![CDATA[publish]]></wp:status>
		<wp:post_parent>0</wp:post_parent>
		<wp:menu_order>0</wp:menu_order>
		<wp:post_type><![CDATA[valpa_obituario_pt]]></wp:post_type>
		<wp:post_password><![CDATA[]]></wp:post_password>
		<wp:is_sticky>0</wp:is_sticky>
														<wp:postmeta>
		<wp:meta_key><![CDATA[_wp_old_date]]></wp:meta_key>
		<wp:meta_value><![CDATA[2020-08-28]]></wp:meta_value>
		</wp:postmeta>
							<wp:postmeta>
		<wp:meta_key><![CDATA[valpa_no_homenaje_meta]]></wp:meta_key>
		<wp:meta_value><![CDATA[0020000391]]></wp:meta_value>
		</wp:postmeta>
							<wp:postmeta>
		<wp:meta_key><![CDATA[valpa_nacimiento_dia_meta]]></wp:meta_key>
		<wp:meta_value><![CDATA[02]]></wp:meta_value>
		</wp:postmeta>
							<wp:postmeta>
		<wp:meta_key><![CDATA[valpa_nacimiento_mes_meta]]></wp:meta_key>
		<wp:meta_value><![CDATA[04]]></wp:meta_value>
		</wp:postmeta>
							<wp:postmeta>
		<wp:meta_key><![CDATA[valpa_nacimiento_ano_meta]]></wp:meta_key>
		<wp:meta_value><![CDATA[1953]]></wp:meta_value>
		</wp:postmeta>
							<wp:postmeta>
		<wp:meta_key><![CDATA[post_views_count]]></wp:meta_key>
		<wp:meta_value><![CDATA[56]]></wp:meta_value>
		</wp:postmeta>
							<wp:postmeta>
		<wp:meta_key><![CDATA[num_velas_meta]]></wp:meta_key>
		<wp:meta_value><![CDATA[1]]></wp:meta_value>
		</wp:postmeta>
							</item>
					<item>
		<title><![CDATA[Violeta Reyes Velazquez]]></title>
		<link>http://localhost/sass-wp/obituario/violeta-reyes-velazquez/</link>
		<pubDate>Fri, 14 Aug 2020 00:00:26 +0000</pubDate>
		<dc:creator><![CDATA[webmaster]]></dc:creator>
		<guid isPermaLink="false">http://valparaiso.com.mx/?post_type=valpa_obituario_pt&#038;p=722</guid>
		<description></description>
		<content:encoded><![CDATA[]]></content:encoded>
		<excerpt:encoded><![CDATA[]]></excerpt:encoded>
		<wp:post_id>722</wp:post_id>
		<wp:post_date><![CDATA[2020-08-14 00:00:26]]></wp:post_date>
		<wp:post_date_gmt><![CDATA[2020-08-14 00:00:26]]></wp:post_date_gmt>
		<wp:post_modified><![CDATA[2020-08-14 00:00:26]]></wp:post_modified>
		<wp:post_modified_gmt><![CDATA[2020-08-14 00:00:26]]></wp:post_modified_gmt>
		<wp:comment_status><![CDATA[open]]></wp:comment_status>
		<wp:ping_status><![CDATA[closed]]></wp:ping_status>
		<wp:post_name><![CDATA[violeta-reyes-velazquez]]></wp:post_name>
		<wp:status><![CDATA[publish]]></wp:status>
		<wp:post_parent>0</wp:post_parent>
		<wp:menu_order>0</wp:menu_order>
		<wp:post_type><![CDATA[valpa_obituario_pt]]></wp:post_type>
		<wp:post_password><![CDATA[]]></wp:post_password>
		<wp:is_sticky>0</wp:is_sticky>
														<wp:postmeta>
		<wp:meta_key><![CDATA[_wp_old_date]]></wp:meta_key>
		<wp:meta_value><![CDATA[2020-08-28]]></wp:meta_value>
		</wp:postmeta>
							<wp:postmeta>
		<wp:meta_key><![CDATA[valpa_no_homenaje_meta]]></wp:meta_key>
		<wp:meta_value><![CDATA[0020000392]]></wp:meta_value>
		</wp:postmeta>
							<wp:postmeta>
		<wp:meta_key><![CDATA[valpa_nacimiento_dia_meta]]></wp:meta_key>
		<wp:meta_value><![CDATA[21]]></wp:meta_value>
		</wp:postmeta>
							<wp:postmeta>
		<wp:meta_key><![CDATA[valpa_nacimiento_mes_meta]]></wp:meta_key>
		<wp:meta_value><![CDATA[04]]></wp:meta_value>
		</wp:postmeta>
							<wp:postmeta>
		<wp:meta_key><![CDATA[valpa_nacimiento_ano_meta]]></wp:meta_key>
		<wp:meta_value><![CDATA[1970]]></wp:meta_value>
		</wp:postmeta>
							<wp:postmeta>
		<wp:meta_key><![CDATA[post_views_count]]></wp:meta_key>
		<wp:meta_value><![CDATA[55]]></wp:meta_value>
		</wp:postmeta>
							</item>
					<item>
		<title><![CDATA[Lamberto Genaro Varillas Sosa]]></title>
		<link>http://localhost/sass-wp/obituario/lamberto-genaro-varillas-sosa/</link>
		<pubDate>Sat, 15 Aug 2020 00:00:02 +0000</pubDate>
		<dc:creator><![CDATA[webmaster]]></dc:creator>
		<guid isPermaLink="false">http://valparaiso.com.mx/?post_type=valpa_obituario_pt&#038;p=723</guid>
		<description></description>
		<content:encoded><![CDATA[]]></content:encoded>
		<excerpt:encoded><![CDATA[]]></excerpt:encoded>
		<wp:post_id>723</wp:post_id>
		<wp:post_date><![CDATA[2020-08-15 00:00:02]]></wp:post_date>
		<wp:post_date_gmt><![CDATA[2020-08-15 00:00:02]]></wp:post_date_gmt>
		<wp:post_modified><![CDATA[2020-08-15 00:00:02]]></wp:post_modified>
		<wp:post_modified_gmt><![CDATA[2020-08-15 00:00:02]]></wp:post_modified_gmt>
		<wp:comment_status><![CDATA[open]]></wp:comment_status>
		<wp:ping_status><![CDATA[closed]]></wp:ping_status>
		<wp:post_name><![CDATA[lamberto-genaro-varillas-sosa]]></wp:post_name>
		<wp:status><![CDATA[publish]]></wp:status>
		<wp:post_parent>0</wp:post_parent>
		<wp:menu_order>0</wp:menu_order>
		<wp:post_type><![CDATA[valpa_obituario_pt]]></wp:post_type>
		<wp:post_password><![CDATA[]]></wp:post_password>
		<wp:is_sticky>0</wp:is_sticky>
														<wp:postmeta>
		<wp:meta_key><![CDATA[_wp_old_date]]></wp:meta_key>
		<wp:meta_value><![CDATA[2020-08-28]]></wp:meta_value>
		</wp:postmeta>
							<wp:postmeta>
		<wp:meta_key><![CDATA[valpa_no_homenaje_meta]]></wp:meta_key>
		<wp:meta_value><![CDATA[0020000393]]></wp:meta_value>
		</wp:postmeta>
							<wp:postmeta>
		<wp:meta_key><![CDATA[valpa_nacimiento_dia_meta]]></wp:meta_key>
		<wp:meta_value><![CDATA[17]]></wp:meta_value>
		</wp:postmeta>
							<wp:postmeta>
		<wp:meta_key><![CDATA[valpa_nacimiento_mes_meta]]></wp:meta_key>
		<wp:meta_value><![CDATA[09]]></wp:meta_value>
		</wp:postmeta>
							<wp:postmeta>
		<wp:meta_key><![CDATA[valpa_nacimiento_ano_meta]]></wp:meta_key>
		<wp:meta_value><![CDATA[1956]]></wp:meta_value>
		</wp:postmeta>
							<wp:postmeta>
		<wp:meta_key><![CDATA[post_views_count]]></wp:meta_key>
		<wp:meta_value><![CDATA[48]]></wp:meta_value>
		</wp:postmeta>
							</item>
					<item>
		<title><![CDATA[Maria de la Luz Sanchez Sanchez]]></title>
		<link>http://localhost/sass-wp/obituario/maria-de-la-luz-sanchez-sanchez/</link>
		<pubDate>Sat, 15 Aug 2020 00:00:59 +0000</pubDate>
		<dc:creator><![CDATA[webmaster]]></dc:creator>
		<guid isPermaLink="false">http://valparaiso.com.mx/?post_type=valpa_obituario_pt&#038;p=724</guid>
		<description></description>
		<content:encoded><![CDATA[]]></content:encoded>
		<excerpt:encoded><![CDATA[]]></excerpt:encoded>
		<wp:post_id>724</wp:post_id>
		<wp:post_date><![CDATA[2020-08-15 00:00:59]]></wp:post_date>
		<wp:post_date_gmt><![CDATA[2020-08-15 00:00:59]]></wp:post_date_gmt>
		<wp:post_modified><![CDATA[2020-08-15 00:00:59]]></wp:post_modified>
		<wp:post_modified_gmt><![CDATA[2020-08-15 00:00:59]]></wp:post_modified_gmt>
		<wp:comment_status><![CDATA[open]]></wp:comment_status>
		<wp:ping_status><![CDATA[closed]]></wp:ping_status>
		<wp:post_name><![CDATA[maria-de-la-luz-sanchez-sanchez]]></wp:post_name>
		<wp:status><![CDATA[publish]]></wp:status>
		<wp:post_parent>0</wp:post_parent>
		<wp:menu_order>0</wp:menu_order>
		<wp:post_type><![CDATA[valpa_obituario_pt]]></wp:post_type>
		<wp:post_password><![CDATA[]]></wp:post_password>
		<wp:is_sticky>0</wp:is_sticky>
														<wp:postmeta>
		<wp:meta_key><![CDATA[_wp_old_date]]></wp:meta_key>
		<wp:meta_value><![CDATA[2020-08-28]]></wp:meta_value>
		</wp:postmeta>
							<wp:postmeta>
		<wp:meta_key><![CDATA[valpa_no_homenaje_meta]]></wp:meta_key>
		<wp:meta_value><![CDATA[0020000394]]></wp:meta_value>
		</wp:postmeta>
							<wp:postmeta>
		<wp:meta_key><![CDATA[valpa_nacimiento_dia_meta]]></wp:meta_key>
		<wp:meta_value><![CDATA[]]></wp:meta_value>
		</wp:postmeta>
							<wp:postmeta>
		<wp:meta_key><![CDATA[valpa_nacimiento_mes_meta]]></wp:meta_key>
		<wp:meta_value><![CDATA[]]></wp:meta_value>
		</wp:postmeta>
							<wp:postmeta>
		<wp:meta_key><![CDATA[valpa_nacimiento_ano_meta]]></wp:meta_key>
		<wp:meta_value><![CDATA[]]></wp:meta_value>
		</wp:postmeta>
							<wp:postmeta>
		<wp:meta_key><![CDATA[post_views_count]]></wp:meta_key>
		<wp:meta_value><![CDATA[60]]></wp:meta_value>
		</wp:postmeta>
							</item>
					<item>
		<title><![CDATA[Jose Raul Linares Peralta]]></title>
		<link>http://localhost/sass-wp/obituario/jose-raul-linares-peralta/</link>
		<pubDate>Sat, 15 Aug 2020 00:00:38 +0000</pubDate>
		<dc:creator><![CDATA[webmaster]]></dc:creator>
		<guid isPermaLink="false">http://valparaiso.com.mx/?post_type=valpa_obituario_pt&#038;p=725</guid>
		<description></description>
		<content:encoded><![CDATA[<img class="alignnone size-full wp-image-2698" src="http://valparaiso.com.mx/wp-content/uploads/2020/08/1-4.jpeg" alt="" width="1080" height="1440" /> <img class="alignnone size-medium wp-image-2699" src="http://valparaiso.com.mx/wp-content/uploads/2020/08/2-3.jpeg" alt="" width="300" height="180" /> <img class="alignnone size-medium wp-image-2700" src="http://valparaiso.com.mx/wp-content/uploads/2020/08/3-3.jpeg" alt="" width="138" height="300" /> <img class="alignnone size-medium wp-image-2701" src="http://valparaiso.com.mx/wp-content/uploads/2020/08/4-4.jpeg" alt="" width="300" height="225" /> <img class="alignnone size-medium wp-image-2702" src="http://valparaiso.com.mx/wp-content/uploads/2020/08/5-4.jpeg" alt="" width="138" height="300" /> <img class="alignnone size-medium wp-image-2703" src="http://valparaiso.com.mx/wp-content/uploads/2020/08/6-4.jpeg" alt="" width="138" height="300" /> <img class="alignnone size-medium wp-image-2704" src="http://valparaiso.com.mx/wp-content/uploads/2020/08/13-5.jpeg" alt="" width="138" height="300" /> <img class="alignnone size-medium wp-image-2705" src="http://valparaiso.com.mx/wp-content/uploads/2020/08/14-5.jpeg" alt="" width="138" height="300" /> <img class="alignnone size-medium wp-image-2706" src="http://valparaiso.com.mx/wp-content/uploads/2020/08/15-5.jpeg" alt="" width="300" height="226" /> <img class="alignnone size-medium wp-image-2707" src="http://valparaiso.com.mx/wp-content/uploads/2020/08/16-5.jpeg" alt="" width="138" height="300" /> <img class="alignnone size-medium wp-image-2708" src="http://valparaiso.com.mx/wp-content/uploads/2020/08/17-5.jpeg" alt="" width="296" height="300" /> <img class="alignnone size-medium wp-image-2709" src="http://valparaiso.com.mx/wp-content/uploads/2020/08/18-4.jpeg" alt="" width="138" height="300" /> <img class="alignnone size-medium wp-image-2710" src="http://valparaiso.com.mx/wp-content/uploads/2020/08/19-4.jpeg" alt="" width="226" height="300" /> <img class="alignnone size-medium wp-image-2711" src="http://valparaiso.com.mx/wp-content/uploads/2020/08/20-4.jpeg" alt="" width="138" height="300" /> <img class="alignnone size-medium wp-image-2712" src="http://valparaiso.com.mx/wp-content/uploads/2020/08/21-3.jpeg" alt="" width="300" height="225" /> <img class="alignnone size-medium wp-image-2713" src="http://valparaiso.com.mx/wp-content/uploads/2020/08/22-3.jpeg" alt="" width="300" height="226" /> <img class="alignnone size-medium wp-image-2714" src="http://valparaiso.com.mx/wp-content/uploads/2020/08/24-3.jpeg" alt="" width="300" height="225" /> <img class="alignnone size-medium wp-image-2715" src="http://valparaiso.com.mx/wp-content/uploads/2020/08/25-3.jpeg" alt="" width="170" height="300" /> <img class="alignnone size-medium wp-image-2716" src="http://valparaiso.com.mx/wp-content/uploads/2020/08/26-3.jpeg" alt="" width="300" height="225" /> <img class="alignnone size-medium wp-image-2717" src="http://valparaiso.com.mx/wp-content/uploads/2020/08/27-3.jpeg" alt="" width="300" height="300" /> <img class="alignnone size-medium wp-image-2718" src="http://valparaiso.com.mx/wp-content/uploads/2020/08/28-3.jpeg" alt="" width="226" height="300" /> <img class="alignnone size-medium wp-image-2719" src="http://valparaiso.com.mx/wp-content/uploads/2020/08/29-3.jpeg" alt="" width="138" height="300" /> <img class="alignnone size-medium wp-image-2720" src="http://valparaiso.com.mx/wp-content/uploads/2020/08/30-3.jpeg" alt="" width="138" height="300" /> <img class="alignnone size-medium wp-image-2721" src="http://valparaiso.com.mx/wp-content/uploads/2020/08/31-2.jpeg" alt="" width="300" height="225" /> <img class="alignnone size-medium wp-image-2722" src="http://valparaiso.com.mx/wp-content/uploads/2020/08/32-2.jpeg" alt="" width="300" height="300" /> <img class="alignnone size-medium wp-image-2723" src="http://valparaiso.com.mx/wp-content/uploads/2020/08/33-2.jpeg" alt="" width="225" height="300" /> <img class="alignnone size-medium wp-image-2724" src="http://valparaiso.com.mx/wp-content/uploads/2020/08/34-2.jpeg" alt="" width="138" height="300" /> <img class="alignnone size-medium wp-image-2725" src="http://valparaiso.com.mx/wp-content/uploads/2020/08/35-2.jpeg" alt="" width="138" height="300" /> <img class="alignnone size-medium wp-image-2726" src="http://valparaiso.com.mx/wp-content/uploads/2020/08/WhatsApp-Image-2020-08-15-at-11.11.06-PM-1.jpeg" alt="" width="300" height="300" /> <img class="alignnone size-medium wp-image-2727" src="http://valparaiso.com.mx/wp-content/uploads/2020/08/WhatsApp-Image-2020-08-15-at-11.11.06-PM-2.jpeg" alt="" width="300" height="300" /> <img class="alignnone size-medium wp-image-2728" src="http://valparaiso.com.mx/wp-content/uploads/2020/08/WhatsApp-Image-2020-08-15-at-11.11.07-PM.jpeg" alt="" width="300" height="200" />]]></content:encoded>
		<excerpt:encoded><![CDATA[]]></excerpt:encoded>
		<wp:post_id>725</wp:post_id>
		<wp:post_date><![CDATA[2020-08-15 00:00:38]]></wp:post_date>
		<wp:post_date_gmt><![CDATA[2020-08-15 00:00:38]]></wp:post_date_gmt>
		<wp:post_modified><![CDATA[2020-08-15 00:00:38]]></wp:post_modified>
		<wp:post_modified_gmt><![CDATA[2020-08-15 00:00:38]]></wp:post_modified_gmt>
		<wp:comment_status><![CDATA[open]]></wp:comment_status>
		<wp:ping_status><![CDATA[closed]]></wp:ping_status>
		<wp:post_name><![CDATA[jose-raul-linares-peralta]]></wp:post_name>
		<wp:status><![CDATA[publish]]></wp:status>
		<wp:post_parent>0</wp:post_parent>
		<wp:menu_order>0</wp:menu_order>
		<wp:post_type><![CDATA[valpa_obituario_pt]]></wp:post_type>
		<wp:post_password><![CDATA[]]></wp:post_password>
		<wp:is_sticky>0</wp:is_sticky>
														<wp:postmeta>
		<wp:meta_key><![CDATA[_wp_old_date]]></wp:meta_key>
		<wp:meta_value><![CDATA[2020-08-28]]></wp:meta_value>
		</wp:postmeta>
							<wp:postmeta>
		<wp:meta_key><![CDATA[valpa_no_homenaje_meta]]></wp:meta_key>
		<wp:meta_value><![CDATA[0020000395]]></wp:meta_value>
		</wp:postmeta>
							<wp:postmeta>
		<wp:meta_key><![CDATA[valpa_nacimiento_dia_meta]]></wp:meta_key>
		<wp:meta_value><![CDATA[05]]></wp:meta_value>
		</wp:postmeta>
							<wp:postmeta>
		<wp:meta_key><![CDATA[valpa_nacimiento_mes_meta]]></wp:meta_key>
		<wp:meta_value><![CDATA[10]]></wp:meta_value>
		</wp:postmeta>
							<wp:postmeta>
		<wp:meta_key><![CDATA[valpa_nacimiento_ano_meta]]></wp:meta_key>
		<wp:meta_value><![CDATA[1989]]></wp:meta_value>
		</wp:postmeta>
							<wp:postmeta>
		<wp:meta_key><![CDATA[post_views_count]]></wp:meta_key>
		<wp:meta_value><![CDATA[58]]></wp:meta_value>
		</wp:postmeta>
							</item>
					<item>
		<title><![CDATA[Maria Hilaria Ramirez Torres]]></title>
		<link>http://localhost/sass-wp/obituario/maria-hilaria-ramirez-torres/</link>
		<pubDate>Sat, 15 Aug 2020 00:00:16 +0000</pubDate>
		<dc:creator><![CDATA[webmaster]]></dc:creator>
		<guid isPermaLink="false">http://valparaiso.com.mx/?post_type=valpa_obituario_pt&#038;p=726</guid>
		<description></description>
		<content:encoded><![CDATA[]]></content:encoded>
		<excerpt:encoded><![CDATA[]]></excerpt:encoded>
		<wp:post_id>726</wp:post_id>
		<wp:post_date><![CDATA[2020-08-15 00:00:16]]></wp:post_date>
		<wp:post_date_gmt><![CDATA[2020-08-15 00:00:16]]></wp:post_date_gmt>
		<wp:post_modified><![CDATA[2020-08-15 00:00:16]]></wp:post_modified>
		<wp:post_modified_gmt><![CDATA[2020-08-15 00:00:16]]></wp:post_modified_gmt>
		<wp:comment_status><![CDATA[open]]></wp:comment_status>
		<wp:ping_status><![CDATA[closed]]></wp:ping_status>
		<wp:post_name><![CDATA[maria-hilaria-ramirez-torres]]></wp:post_name>
		<wp:status><![CDATA[publish]]></wp:status>
		<wp:post_parent>0</wp:post_parent>
		<wp:menu_order>0</wp:menu_order>
		<wp:post_type><![CDATA[valpa_obituario_pt]]></wp:post_type>
		<wp:post_password><![CDATA[]]></wp:post_password>
		<wp:is_sticky>0</wp:is_sticky>
														<wp:postmeta>
		<wp:meta_key><![CDATA[_wp_old_date]]></wp:meta_key>
		<wp:meta_value><![CDATA[2020-08-28]]></wp:meta_value>
		</wp:postmeta>
							<wp:postmeta>
		<wp:meta_key><![CDATA[valpa_no_homenaje_meta]]></wp:meta_key>
		<wp:meta_value><![CDATA[0020000396]]></wp:meta_value>
		</wp:postmeta>
							<wp:postmeta>
		<wp:meta_key><![CDATA[valpa_nacimiento_dia_meta]]></wp:meta_key>
		<wp:meta_value><![CDATA[21]]></wp:meta_value>
		</wp:postmeta>
							<wp:postmeta>
		<wp:meta_key><![CDATA[valpa_nacimiento_mes_meta]]></wp:meta_key>
		<wp:meta_value><![CDATA[10]]></wp:meta_value>
		</wp:postmeta>
							<wp:postmeta>
		<wp:meta_key><![CDATA[valpa_nacimiento_ano_meta]]></wp:meta_key>
		<wp:meta_value><![CDATA[1939]]></wp:meta_value>
		</wp:postmeta>
							<wp:postmeta>
		<wp:meta_key><![CDATA[post_views_count]]></wp:meta_key>
		<wp:meta_value><![CDATA[64]]></wp:meta_value>
		</wp:postmeta>
							</item>
					<item>
		<title><![CDATA[Maria de la Luz Patricia Fabila Castellanos]]></title>
		<link>http://localhost/sass-wp/obituario/maria-de-la-luz-patricia-fabila-castellanos/</link>
		<pubDate>Sun, 16 Aug 2020 00:00:52 +0000</pubDate>
		<dc:creator><![CDATA[webmaster]]></dc:creator>
		<guid isPermaLink="false">http://valparaiso.com.mx/?post_type=valpa_obituario_pt&#038;p=727</guid>
		<description></description>
		<content:encoded><![CDATA[]]></content:encoded>
		<excerpt:encoded><![CDATA[]]></excerpt:encoded>
		<wp:post_id>727</wp:post_id>
		<wp:post_date><![CDATA[2020-08-16 00:00:52]]></wp:post_date>
		<wp:post_date_gmt><![CDATA[2020-08-16 00:00:52]]></wp:post_date_gmt>
		<wp:post_modified><![CDATA[2020-08-16 00:00:52]]></wp:post_modified>
		<wp:post_modified_gmt><![CDATA[2020-08-16 00:00:52]]></wp:post_modified_gmt>
		<wp:comment_status><![CDATA[open]]></wp:comment_status>
		<wp:ping_status><![CDATA[closed]]></wp:ping_status>
		<wp:post_name><![CDATA[maria-de-la-luz-patricia-fabila-castellanos]]></wp:post_name>
		<wp:status><![CDATA[publish]]></wp:status>
		<wp:post_parent>0</wp:post_parent>
		<wp:menu_order>0</wp:menu_order>
		<wp:post_type><![CDATA[valpa_obituario_pt]]></wp:post_type>
		<wp:post_password><![CDATA[]]></wp:post_password>
		<wp:is_sticky>0</wp:is_sticky>
														<wp:postmeta>
		<wp:meta_key><![CDATA[_wp_old_date]]></wp:meta_key>
		<wp:meta_value><![CDATA[2020-08-28]]></wp:meta_value>
		</wp:postmeta>
							<wp:postmeta>
		<wp:meta_key><![CDATA[valpa_no_homenaje_meta]]></wp:meta_key>
		<wp:meta_value><![CDATA[0020000397]]></wp:meta_value>
		</wp:postmeta>
							<wp:postmeta>
		<wp:meta_key><![CDATA[valpa_nacimiento_dia_meta]]></wp:meta_key>
		<wp:meta_value><![CDATA[28]]></wp:meta_value>
		</wp:postmeta>
							<wp:postmeta>
		<wp:meta_key><![CDATA[valpa_nacimiento_mes_meta]]></wp:meta_key>
		<wp:meta_value><![CDATA[02]]></wp:meta_value>
		</wp:postmeta>
							<wp:postmeta>
		<wp:meta_key><![CDATA[valpa_nacimiento_ano_meta]]></wp:meta_key>
		<wp:meta_value><![CDATA[1959]]></wp:meta_value>
		</wp:postmeta>
							<wp:postmeta>
		<wp:meta_key><![CDATA[post_views_count]]></wp:meta_key>
		<wp:meta_value><![CDATA[73]]></wp:meta_value>
		</wp:postmeta>
							</item>
					<item>
		<title><![CDATA[Lucila Valle Galindo]]></title>
		<link>http://localhost/sass-wp/obituario/lucila-valle-galindo/</link>
		<pubDate>Sun, 16 Aug 2020 00:00:37 +0000</pubDate>
		<dc:creator><![CDATA[webmaster]]></dc:creator>
		<guid isPermaLink="false">http://valparaiso.com.mx/?post_type=valpa_obituario_pt&#038;p=728</guid>
		<description></description>
		<content:encoded><![CDATA[<img class="alignnone size-full wp-image-2729" src="http://valparaiso.com.mx/wp-content/uploads/2020/08/WhatsApp-Image-2020-08-17-at-3.36.42-AM-1.jpeg" alt="" width="1080" height="1081" /> <img class="alignnone size-medium wp-image-2730" src="http://valparaiso.com.mx/wp-content/uploads/2020/08/WhatsApp-Image-2020-08-17-at-3.36.42-AM-2.jpeg" alt="" width="298" height="300" /> <img class="alignnone size-medium wp-image-2731" src="http://valparaiso.com.mx/wp-content/uploads/2020/08/WhatsApp-Image-2020-08-17-at-3.36.42-AM.jpeg" alt="" width="300" height="225" /> <img class="alignnone size-medium wp-image-2732" src="http://valparaiso.com.mx/wp-content/uploads/2020/08/WhatsApp-Image-2020-08-17-at-3.36.43-AM-1.jpeg" alt="" width="225" height="300" /> <img class="alignnone size-medium wp-image-2733" src="http://valparaiso.com.mx/wp-content/uploads/2020/08/WhatsApp-Image-2020-08-17-at-3.36.43-AM-2.jpeg" alt="" width="300" height="300" /> <img class="alignnone size-medium wp-image-2734" src="http://valparaiso.com.mx/wp-content/uploads/2020/08/WhatsApp-Image-2020-08-17-at-3.36.43-AM-3.jpeg" alt="" width="300" height="225" /> <img class="alignnone size-medium wp-image-2735" src="http://valparaiso.com.mx/wp-content/uploads/2020/08/WhatsApp-Image-2020-08-17-at-3.36.43-AM.jpeg" alt="" width="300" height="225" /> <img class="alignnone size-medium wp-image-2736" src="http://valparaiso.com.mx/wp-content/uploads/2020/08/WhatsApp-Image-2020-08-17-at-3.36.44-AM-1.jpeg" alt="" width="225" height="300" /> <img class="alignnone size-medium wp-image-2737" src="http://valparaiso.com.mx/wp-content/uploads/2020/08/WhatsApp-Image-2020-08-17-at-3.36.44-AM-2.jpeg" alt="" width="144" height="300" /> <img class="alignnone size-medium wp-image-2738" src="http://valparaiso.com.mx/wp-content/uploads/2020/08/WhatsApp-Image-2020-08-17-at-3.36.44-AM.jpeg" alt="" width="225" height="300" /> <img class="alignnone size-medium wp-image-2739" src="http://valparaiso.com.mx/wp-content/uploads/2020/08/WhatsApp-Image-2020-08-17-at-3.36.45-AM-1.jpeg" alt="" width="225" height="300" /> <img class="alignnone size-medium wp-image-2740" src="http://valparaiso.com.mx/wp-content/uploads/2020/08/WhatsApp-Image-2020-08-17-at-3.36.45-AM-2.jpeg" alt="" width="144" height="300" /> <img class="alignnone size-medium wp-image-2741" src="http://valparaiso.com.mx/wp-content/uploads/2020/08/WhatsApp-Image-2020-08-17-at-3.36.45-AM-3.jpeg" alt="" width="225" height="300" /> <img class="alignnone size-medium wp-image-2742" src="http://valparaiso.com.mx/wp-content/uploads/2020/08/WhatsApp-Image-2020-08-17-at-3.36.45-AM.jpeg" alt="" width="300" height="225" /> <img class="alignnone size-medium wp-image-2743" src="http://valparaiso.com.mx/wp-content/uploads/2020/08/WhatsApp-Image-2020-08-17-at-3.36.46-AM-2.jpeg" alt="" width="300" height="225" /> <img class="alignnone size-medium wp-image-2744" src="http://valparaiso.com.mx/wp-content/uploads/2020/08/WhatsApp-Image-2020-08-17-at-3.36.46-AM-3.jpeg" alt="" width="225" height="300" /> <img class="alignnone size-medium wp-image-2745" src="http://valparaiso.com.mx/wp-content/uploads/2020/08/WhatsApp-Image-2020-08-17-at-3.36.46-AM-4.jpeg" alt="" width="300" height="225" /> <img class="alignnone size-medium wp-image-2746" src="http://valparaiso.com.mx/wp-content/uploads/2020/08/WhatsApp-Image-2020-08-17-at-3.36.46-AM.jpeg" alt="" width="300" height="225" /> <img class="alignnone size-medium wp-image-2747" src="http://valparaiso.com.mx/wp-content/uploads/2020/08/WhatsApp-Image-2020-08-17-at-3.36.47-AM-1.jpeg" alt="" width="300" height="225" /> <img class="alignnone size-medium wp-image-2748" src="http://valparaiso.com.mx/wp-content/uploads/2020/08/WhatsApp-Image-2020-08-17-at-3.36.47-AM-2.jpeg" alt="" width="300" height="225" /> <img class="alignnone size-medium wp-image-2749" src="http://valparaiso.com.mx/wp-content/uploads/2020/08/WhatsApp-Image-2020-08-17-at-3.36.47-AM-3.jpeg" alt="" width="218" height="300" /> <img class="alignnone size-medium wp-image-2750" src="http://valparaiso.com.mx/wp-content/uploads/2020/08/WhatsApp-Image-2020-08-17-at-3.36.47-AM-4.jpeg" alt="" width="225" height="300" /> <img class="alignnone size-medium wp-image-2751" src="http://valparaiso.com.mx/wp-content/uploads/2020/08/WhatsApp-Image-2020-08-17-at-3.36.47-AM.jpeg" alt="" width="300" height="225" /> <img class="alignnone size-medium wp-image-2752" src="http://valparaiso.com.mx/wp-content/uploads/2020/08/WhatsApp-Image-2020-08-17-at-3.36.48-AM-1.jpeg" alt="" width="225" height="300" /> <img class="alignnone size-medium wp-image-2753" src="http://valparaiso.com.mx/wp-content/uploads/2020/08/WhatsApp-Image-2020-08-17-at-3.36.48-AM-2.jpeg" alt="" width="300" height="225" /> <img class="alignnone size-medium wp-image-2754" src="http://valparaiso.com.mx/wp-content/uploads/2020/08/WhatsApp-Image-2020-08-17-at-3.36.48-AM.jpeg" alt="" width="225" height="300" /> <img class="alignnone size-medium wp-image-2755" src="http://valparaiso.com.mx/wp-content/uploads/2020/08/WhatsApp-Image-2020-08-17-at-3.36.49-AM-1.jpeg" alt="" width="300" height="168" /> <img class="alignnone size-medium wp-image-2756" src="http://valparaiso.com.mx/wp-content/uploads/2020/08/WhatsApp-Image-2020-08-17-at-3.36.49-AM-2.jpeg" alt="" width="300" height="225" /> <img class="alignnone size-medium wp-image-2757" src="http://valparaiso.com.mx/wp-content/uploads/2020/08/WhatsApp-Image-2020-08-17-at-3.36.49-AM-3.jpeg" alt="" width="225" height="300" /> <img class="alignnone size-medium wp-image-2758" src="http://valparaiso.com.mx/wp-content/uploads/2020/08/WhatsApp-Image-2020-08-17-at-3.36.49-AM-4.jpeg" alt="" width="300" height="225" /> <img class="alignnone size-medium wp-image-2759" src="http://valparaiso.com.mx/wp-content/uploads/2020/08/WhatsApp-Image-2020-08-17-at-3.36.49-AM.jpeg" alt="" width="300" height="225" /> <img class="alignnone size-medium wp-image-2760" src="http://valparaiso.com.mx/wp-content/uploads/2020/08/WhatsApp-Image-2020-08-17-at-3.36.50-AM-1.jpeg" alt="" width="225" height="300" /> <img class="alignnone size-medium wp-image-2761" src="http://valparaiso.com.mx/wp-content/uploads/2020/08/WhatsApp-Image-2020-08-17-at-3.36.50-AM-2.jpeg" alt="" width="300" height="225" /> <img class="alignnone size-medium wp-image-2762" src="http://valparaiso.com.mx/wp-content/uploads/2020/08/WhatsApp-Image-2020-08-17-at-3.36.50-AM-3.jpeg" alt="" width="225" height="300" /> <img class="alignnone size-medium wp-image-2763" src="http://valparaiso.com.mx/wp-content/uploads/2020/08/WhatsApp-Image-2020-08-17-at-3.36.50-AM.jpeg" alt="" width="225" height="300" /> <img class="alignnone size-medium wp-image-2764" src="http://valparaiso.com.mx/wp-content/uploads/2020/08/WhatsApp-Image-2020-08-17-at-3.36.51-AM-1.jpeg" alt="" width="300" height="225" /> <img class="alignnone size-medium wp-image-2765" src="http://valparaiso.com.mx/wp-content/uploads/2020/08/WhatsApp-Image-2020-08-17-at-3.36.51-AM-2.jpeg" alt="" width="300" height="225" /> <img class="alignnone size-medium wp-image-2766" src="http://valparaiso.com.mx/wp-content/uploads/2020/08/WhatsApp-Image-2020-08-17-at-3.36.51-AM-3.jpeg" alt="" width="225" height="300" /> <img class="alignnone size-medium wp-image-2767" src="http://valparaiso.com.mx/wp-content/uploads/2020/08/WhatsApp-Image-2020-08-17-at-3.36.51-AM.jpeg" alt="" width="300" height="225" /> <img class="alignnone size-medium wp-image-2768" src="http://valparaiso.com.mx/wp-content/uploads/2020/08/WhatsApp-Image-2020-08-17-at-3.36.52-AM-1.jpeg" alt="" width="300" height="225" /> <img class="alignnone size-medium wp-image-2769" src="http://valparaiso.com.mx/wp-content/uploads/2020/08/WhatsApp-Image-2020-08-17-at-3.36.52-AM.jpeg" alt="" width="225" height="300" /> <img class="alignnone size-medium wp-image-2770" src="http://valparaiso.com.mx/wp-content/uploads/2020/08/WhatsApp-Image-2020-08-17-at-3.36.53-AM-1.jpeg" alt="" width="300" height="225" /> <img class="alignnone size-medium wp-image-2771" src="http://valparaiso.com.mx/wp-content/uploads/2020/08/WhatsApp-Image-2020-08-17-at-3.36.53-AM.jpeg" alt="" width="300" height="225" />]]></content:encoded>
		<excerpt:encoded><![CDATA[]]></excerpt:encoded>
		<wp:post_id>728</wp:post_id>
		<wp:post_date><![CDATA[2020-08-16 00:00:37]]></wp:post_date>
		<wp:post_date_gmt><![CDATA[2020-08-16 00:00:37]]></wp:post_date_gmt>
		<wp:post_modified><![CDATA[2020-08-16 00:00:37]]></wp:post_modified>
		<wp:post_modified_gmt><![CDATA[2020-08-16 00:00:37]]></wp:post_modified_gmt>
		<wp:comment_status><![CDATA[open]]></wp:comment_status>
		<wp:ping_status><![CDATA[closed]]></wp:ping_status>
		<wp:post_name><![CDATA[lucila-valle-galindo]]></wp:post_name>
		<wp:status><![CDATA[publish]]></wp:status>
		<wp:post_parent>0</wp:post_parent>
		<wp:menu_order>0</wp:menu_order>
		<wp:post_type><![CDATA[valpa_obituario_pt]]></wp:post_type>
		<wp:post_password><![CDATA[]]></wp:post_password>
		<wp:is_sticky>0</wp:is_sticky>
														<wp:postmeta>
		<wp:meta_key><![CDATA[_wp_old_date]]></wp:meta_key>
		<wp:meta_value><![CDATA[2020-08-28]]></wp:meta_value>
		</wp:postmeta>
							<wp:postmeta>
		<wp:meta_key><![CDATA[valpa_no_homenaje_meta]]></wp:meta_key>
		<wp:meta_value><![CDATA[0020000398]]></wp:meta_value>
		</wp:postmeta>
							<wp:postmeta>
		<wp:meta_key><![CDATA[valpa_nacimiento_dia_meta]]></wp:meta_key>
		<wp:meta_value><![CDATA[13]]></wp:meta_value>
		</wp:postmeta>
							<wp:postmeta>
		<wp:meta_key><![CDATA[valpa_nacimiento_mes_meta]]></wp:meta_key>
		<wp:meta_value><![CDATA[12]]></wp:meta_value>
		</wp:postmeta>
							<wp:postmeta>
		<wp:meta_key><![CDATA[valpa_nacimiento_ano_meta]]></wp:meta_key>
		<wp:meta_value><![CDATA[1988]]></wp:meta_value>
		</wp:postmeta>
							<wp:postmeta>
		<wp:meta_key><![CDATA[post_views_count]]></wp:meta_key>
		<wp:meta_value><![CDATA[54]]></wp:meta_value>
		</wp:postmeta>
							</item>
					<item>
		<title><![CDATA[Luis Jaime Felipe Montes Ibarra]]></title>
		<link>http://localhost/sass-wp/obituario/luis-jaime-felipe-montes-ibarra/</link>
		<pubDate>Sun, 16 Aug 2020 00:00:10 +0000</pubDate>
		<dc:creator><![CDATA[webmaster]]></dc:creator>
		<guid isPermaLink="false">http://valparaiso.com.mx/?post_type=valpa_obituario_pt&#038;p=730</guid>
		<description></description>
		<content:encoded><![CDATA[]]></content:encoded>
		<excerpt:encoded><![CDATA[]]></excerpt:encoded>
		<wp:post_id>730</wp:post_id>
		<wp:post_date><![CDATA[2020-08-16 00:00:10]]></wp:post_date>
		<wp:post_date_gmt><![CDATA[2020-08-16 00:00:10]]></wp:post_date_gmt>
		<wp:post_modified><![CDATA[2020-08-16 00:00:10]]></wp:post_modified>
		<wp:post_modified_gmt><![CDATA[2020-08-16 00:00:10]]></wp:post_modified_gmt>
		<wp:comment_status><![CDATA[open]]></wp:comment_status>
		<wp:ping_status><![CDATA[closed]]></wp:ping_status>
		<wp:post_name><![CDATA[luis-jaime-felipe-montes-ibarra]]></wp:post_name>
		<wp:status><![CDATA[publish]]></wp:status>
		<wp:post_parent>0</wp:post_parent>
		<wp:menu_order>0</wp:menu_order>
		<wp:post_type><![CDATA[valpa_obituario_pt]]></wp:post_type>
		<wp:post_password><![CDATA[]]></wp:post_password>
		<wp:is_sticky>0</wp:is_sticky>
														<wp:postmeta>
		<wp:meta_key><![CDATA[_wp_old_date]]></wp:meta_key>
		<wp:meta_value><![CDATA[2020-08-28]]></wp:meta_value>
		</wp:postmeta>
							<wp:postmeta>
		<wp:meta_key><![CDATA[valpa_no_homenaje_meta]]></wp:meta_key>
		<wp:meta_value><![CDATA[0020000399]]></wp:meta_value>
		</wp:postmeta>
							<wp:postmeta>
		<wp:meta_key><![CDATA[valpa_nacimiento_dia_meta]]></wp:meta_key>
		<wp:meta_value><![CDATA[05]]></wp:meta_value>
		</wp:postmeta>
							<wp:postmeta>
		<wp:meta_key><![CDATA[valpa_nacimiento_mes_meta]]></wp:meta_key>
		<wp:meta_value><![CDATA[07]]></wp:meta_value>
		</wp:postmeta>
							<wp:postmeta>
		<wp:meta_key><![CDATA[valpa_nacimiento_ano_meta]]></wp:meta_key>
		<wp:meta_value><![CDATA[1949]]></wp:meta_value>
		</wp:postmeta>
							<wp:postmeta>
		<wp:meta_key><![CDATA[post_views_count]]></wp:meta_key>
		<wp:meta_value><![CDATA[70]]></wp:meta_value>
		</wp:postmeta>
							</item>
					<item>
		<title><![CDATA[Leonel David Jimenez Villanueva]]></title>
		<link>http://localhost/sass-wp/obituario/leonel-david-jimenez-villanueva/</link>
		<pubDate>Mon, 17 Aug 2020 00:00:54 +0000</pubDate>
		<dc:creator><![CDATA[webmaster]]></dc:creator>
		<guid isPermaLink="false">http://valparaiso.com.mx/?post_type=valpa_obituario_pt&#038;p=731</guid>
		<description></description>
		<content:encoded><![CDATA[<img class="alignnone size-full wp-image-2773" src="http://valparaiso.com.mx/wp-content/uploads/2020/08/WhatsApp-Image-2020-08-18-at-1.29.32-AM-1.jpeg" alt="" width="1280" height="960" /> <img class="alignnone size-medium wp-image-2774" src="http://valparaiso.com.mx/wp-content/uploads/2020/08/WhatsApp-Image-2020-08-18-at-1.29.32-AM.jpeg" alt="" width="300" height="225" /> <img class="alignnone size-medium wp-image-2775" src="http://valparaiso.com.mx/wp-content/uploads/2020/08/WhatsApp-Image-2020-08-18-at-1.29.33-AM-1.jpeg" alt="" width="300" height="225" /> <img class="alignnone size-medium wp-image-2776" src="http://valparaiso.com.mx/wp-content/uploads/2020/08/WhatsApp-Image-2020-08-18-at-1.29.33-AM-2.jpeg" alt="" width="225" height="300" /> <img class="alignnone size-medium wp-image-2777" src="http://valparaiso.com.mx/wp-content/uploads/2020/08/WhatsApp-Image-2020-08-18-at-1.29.33-AM-3.jpeg" alt="" width="300" height="225" /> <img class="alignnone size-medium wp-image-2778" src="http://valparaiso.com.mx/wp-content/uploads/2020/08/WhatsApp-Image-2020-08-18-at-1.29.33-AM-4.jpeg" alt="" width="225" height="300" /> <img class="alignnone size-medium wp-image-2779" src="http://valparaiso.com.mx/wp-content/uploads/2020/08/WhatsApp-Image-2020-08-18-at-1.29.33-AM-5.jpeg" alt="" width="300" height="225" /> <img class="alignnone size-medium wp-image-2780" src="http://valparaiso.com.mx/wp-content/uploads/2020/08/WhatsApp-Image-2020-08-18-at-1.29.33-AM.jpeg" alt="" width="300" height="225" /> <img class="alignnone size-medium wp-image-2781" src="http://valparaiso.com.mx/wp-content/uploads/2020/08/WhatsApp-Image-2020-08-18-at-4.24.10-AM-1.jpeg" alt="" width="300" height="225" /> <img class="alignnone size-medium wp-image-2782" src="http://valparaiso.com.mx/wp-content/uploads/2020/08/WhatsApp-Image-2020-08-18-at-4.24.10-AM-2.jpeg" alt="" width="169" height="300" /> <img class="alignnone size-medium wp-image-2783" src="http://valparaiso.com.mx/wp-content/uploads/2020/08/WhatsApp-Image-2020-08-18-at-4.24.10-AM-3.jpeg" alt="" width="169" height="300" /> <img class="alignnone size-medium wp-image-2784" src="http://valparaiso.com.mx/wp-content/uploads/2020/08/WhatsApp-Image-2020-08-18-at-4.24.10-AM.jpeg" alt="" width="300" height="225" /> <img class="alignnone size-medium wp-image-2785" src="http://valparaiso.com.mx/wp-content/uploads/2020/08/WhatsApp-Image-2020-08-18-at-4.24.11-AM-1.jpeg" alt="" width="300" height="169" /> <img class="alignnone size-medium wp-image-2786" src="http://valparaiso.com.mx/wp-content/uploads/2020/08/WhatsApp-Image-2020-08-18-at-4.24.11-AM.jpeg" alt="" width="191" height="300" />]]></content:encoded>
		<excerpt:encoded><![CDATA[]]></excerpt:encoded>
		<wp:post_id>731</wp:post_id>
		<wp:post_date><![CDATA[2020-08-17 00:00:54]]></wp:post_date>
		<wp:post_date_gmt><![CDATA[2020-08-17 00:00:54]]></wp:post_date_gmt>
		<wp:post_modified><![CDATA[2020-08-17 00:00:54]]></wp:post_modified>
		<wp:post_modified_gmt><![CDATA[2020-08-17 00:00:54]]></wp:post_modified_gmt>
		<wp:comment_status><![CDATA[open]]></wp:comment_status>
		<wp:ping_status><![CDATA[closed]]></wp:ping_status>
		<wp:post_name><![CDATA[leonel-david-jimenez-villanueva]]></wp:post_name>
		<wp:status><![CDATA[publish]]></wp:status>
		<wp:post_parent>0</wp:post_parent>
		<wp:menu_order>0</wp:menu_order>
		<wp:post_type><![CDATA[valpa_obituario_pt]]></wp:post_type>
		<wp:post_password><![CDATA[]]></wp:post_password>
		<wp:is_sticky>0</wp:is_sticky>
														<wp:postmeta>
		<wp:meta_key><![CDATA[_wp_old_date]]></wp:meta_key>
		<wp:meta_value><![CDATA[2020-08-28]]></wp:meta_value>
		</wp:postmeta>
							<wp:postmeta>
		<wp:meta_key><![CDATA[valpa_no_homenaje_meta]]></wp:meta_key>
		<wp:meta_value><![CDATA[0020000400]]></wp:meta_value>
		</wp:postmeta>
							<wp:postmeta>
		<wp:meta_key><![CDATA[valpa_nacimiento_dia_meta]]></wp:meta_key>
		<wp:meta_value><![CDATA[02]]></wp:meta_value>
		</wp:postmeta>
							<wp:postmeta>
		<wp:meta_key><![CDATA[valpa_nacimiento_mes_meta]]></wp:meta_key>
		<wp:meta_value><![CDATA[12]]></wp:meta_value>
		</wp:postmeta>
							<wp:postmeta>
		<wp:meta_key><![CDATA[valpa_nacimiento_ano_meta]]></wp:meta_key>
		<wp:meta_value><![CDATA[1988]]></wp:meta_value>
		</wp:postmeta>
							<wp:postmeta>
		<wp:meta_key><![CDATA[post_views_count]]></wp:meta_key>
		<wp:meta_value><![CDATA[56]]></wp:meta_value>
		</wp:postmeta>
							</item>
					<item>
		<title><![CDATA[Jose Luis Monroy Lopez]]></title>
		<link>http://localhost/sass-wp/obituario/jose-luis-monroy-lopez/</link>
		<pubDate>Mon, 17 Aug 2020 00:00:29 +0000</pubDate>
		<dc:creator><![CDATA[webmaster]]></dc:creator>
		<guid isPermaLink="false">http://valparaiso.com.mx/?post_type=valpa_obituario_pt&#038;p=732</guid>
		<description></description>
		<content:encoded><![CDATA[<img class="alignnone size-full wp-image-2787" src="http://valparaiso.com.mx/wp-content/uploads/2020/08/WhatsApp-Image-2020-08-18-at-1.20.26-AM-1.jpeg" alt="" width="622" height="1280" /> <img class="alignnone size-medium wp-image-2788" src="http://valparaiso.com.mx/wp-content/uploads/2020/08/WhatsApp-Image-2020-08-18-at-1.20.26-AM.jpeg" alt="" width="146" height="300" /> <img class="alignnone size-medium wp-image-2789" src="http://valparaiso.com.mx/wp-content/uploads/2020/08/WhatsApp-Image-2020-08-18-at-1.20.27-AM-1.jpeg" alt="" width="146" height="300" /> <img class="alignnone size-medium wp-image-2790" src="http://valparaiso.com.mx/wp-content/uploads/2020/08/WhatsApp-Image-2020-08-18-at-1.20.27-AM.jpeg" alt="" width="146" height="300" /> <img class="alignnone size-medium wp-image-2791" src="http://valparaiso.com.mx/wp-content/uploads/2020/08/WhatsApp-Image-2020-08-18-at-1.20.28-AM-1.jpeg" alt="" width="146" height="300" /> <img class="alignnone size-medium wp-image-2792" src="http://valparaiso.com.mx/wp-content/uploads/2020/08/WhatsApp-Image-2020-08-18-at-1.20.28-AM-2.jpeg" alt="" width="146" height="300" /> <img class="alignnone size-medium wp-image-2793" src="http://valparaiso.com.mx/wp-content/uploads/2020/08/WhatsApp-Image-2020-08-18-at-1.20.28-AM.jpeg" alt="" width="146" height="300" /> <img class="alignnone size-medium wp-image-2794" src="http://valparaiso.com.mx/wp-content/uploads/2020/08/WhatsApp-Image-2020-08-18-at-1.20.29-AM.jpeg" alt="" width="146" height="300" /> <img class="alignnone size-medium wp-image-2795" src="http://valparaiso.com.mx/wp-content/uploads/2020/08/WhatsApp-Image-2020-08-18-at-1.20.50-AM-1.jpeg" alt="" width="300" height="225" /> <img class="alignnone size-medium wp-image-2796" src="http://valparaiso.com.mx/wp-content/uploads/2020/08/WhatsApp-Image-2020-08-18-at-1.20.50-AM-2.jpeg" alt="" width="225" height="300" /> <img class="alignnone size-medium wp-image-2797" src="http://valparaiso.com.mx/wp-content/uploads/2020/08/WhatsApp-Image-2020-08-18-at-1.20.50-AM.jpeg" alt="" width="300" height="225" /> <img class="alignnone size-medium wp-image-2798" src="http://valparaiso.com.mx/wp-content/uploads/2020/08/WhatsApp-Image-2020-08-18-at-1.20.51-AM-1.jpeg" alt="" width="225" height="300" /> <img class="alignnone size-medium wp-image-2799" src="http://valparaiso.com.mx/wp-content/uploads/2020/08/WhatsApp-Image-2020-08-18-at-1.20.51-AM-2.jpeg" alt="" width="225" height="300" /> <img class="alignnone size-medium wp-image-2800" src="http://valparaiso.com.mx/wp-content/uploads/2020/08/WhatsApp-Image-2020-08-18-at-1.20.51-AM-3.jpeg" alt="" width="300" height="225" /> <img class="alignnone size-medium wp-image-2801" src="http://valparaiso.com.mx/wp-content/uploads/2020/08/WhatsApp-Image-2020-08-18-at-1.20.51-AM.jpeg" alt="" width="225" height="300" /> <img class="alignnone size-medium wp-image-2802" src="http://valparaiso.com.mx/wp-content/uploads/2020/08/WhatsApp-Image-2020-08-18-at-1.20.52-AM-1.jpeg" alt="" width="225" height="300" /> <img class="alignnone size-medium wp-image-2803" src="http://valparaiso.com.mx/wp-content/uploads/2020/08/WhatsApp-Image-2020-08-18-at-1.20.52-AM-2.jpeg" alt="" width="225" height="300" /> <img class="alignnone size-medium wp-image-2804" src="http://valparaiso.com.mx/wp-content/uploads/2020/08/WhatsApp-Image-2020-08-18-at-1.20.52-AM-3.jpeg" alt="" width="225" height="300" /> <img class="alignnone size-medium wp-image-2805" src="http://valparaiso.com.mx/wp-content/uploads/2020/08/WhatsApp-Image-2020-08-18-at-1.20.52-AM-4.jpeg" alt="" width="225" height="300" /> <img class="alignnone size-medium wp-image-2806" src="http://valparaiso.com.mx/wp-content/uploads/2020/08/WhatsApp-Image-2020-08-18-at-1.20.52-AM.jpeg" alt="" width="225" height="300" /> <img class="alignnone size-medium wp-image-2807" src="http://valparaiso.com.mx/wp-content/uploads/2020/08/WhatsApp-Image-2020-08-18-at-1.20.53-AM-1.jpeg" alt="" width="225" height="300" /> <img class="alignnone size-medium wp-image-2808" src="http://valparaiso.com.mx/wp-content/uploads/2020/08/WhatsApp-Image-2020-08-18-at-1.20.53-AM-2.jpeg" alt="" width="225" height="300" /> <img class="alignnone size-medium wp-image-2809" src="http://valparaiso.com.mx/wp-content/uploads/2020/08/WhatsApp-Image-2020-08-18-at-1.20.53-AM.jpeg" alt="" width="300" height="225" /> <img class="alignnone size-medium wp-image-2810" src="http://valparaiso.com.mx/wp-content/uploads/2020/08/WhatsApp-Image-2020-08-18-at-1.25.20-AM.jpeg" alt="" width="300" height="169" /> <img class="alignnone size-medium wp-image-2811" src="http://valparaiso.com.mx/wp-content/uploads/2020/08/WhatsApp-Image-2020-08-18-at-1.30.41-AM.jpeg" alt="" width="300" height="225" /> <img class="alignnone size-medium wp-image-2812" src="http://valparaiso.com.mx/wp-content/uploads/2020/08/WhatsApp-Image-2020-08-18-at-1.30.42-AM-1.jpeg" alt="" width="169" height="300" /> <img class="alignnone size-medium wp-image-2813" src="http://valparaiso.com.mx/wp-content/uploads/2020/08/WhatsApp-Image-2020-08-18-at-1.30.42-AM-2.jpeg" alt="" width="169" height="300" /> <img class="alignnone size-medium wp-image-2814" src="http://valparaiso.com.mx/wp-content/uploads/2020/08/WhatsApp-Image-2020-08-18-at-1.30.42-AM-3.jpeg" alt="" width="225" height="300" /> <img class="alignnone size-medium wp-image-2815" src="http://valparaiso.com.mx/wp-content/uploads/2020/08/WhatsApp-Image-2020-08-18-at-1.30.42-AM.jpeg" alt="" width="180" height="300" /> <img class="alignnone size-medium wp-image-2816" src="http://valparaiso.com.mx/wp-content/uploads/2020/08/WhatsApp-Image-2020-08-18-at-1.30.43-AM-1.jpeg" alt="" width="225" height="300" /> <img class="alignnone size-medium wp-image-2817" src="http://valparaiso.com.mx/wp-content/uploads/2020/08/WhatsApp-Image-2020-08-18-at-1.30.43-AM-2.jpeg" alt="" width="300" height="225" /> <img class="alignnone size-medium wp-image-2818" src="http://valparaiso.com.mx/wp-content/uploads/2020/08/WhatsApp-Image-2020-08-18-at-1.30.43-AM.jpeg" alt="" width="150" height="300" /> <img class="alignnone size-medium wp-image-2819" src="http://valparaiso.com.mx/wp-content/uploads/2020/08/WhatsApp-Image-2020-08-18-at-1.36.51-AM.jpeg" alt="" width="225" height="300" /> <img class="alignnone size-medium wp-image-2820" src="http://valparaiso.com.mx/wp-content/uploads/2020/08/WhatsApp-Image-2020-08-18-at-1.37.22-AM.jpeg" alt="" width="225" height="300" />]]></content:encoded>
		<excerpt:encoded><![CDATA[]]></excerpt:encoded>
		<wp:post_id>732</wp:post_id>
		<wp:post_date><![CDATA[2020-08-17 00:00:29]]></wp:post_date>
		<wp:post_date_gmt><![CDATA[2020-08-17 00:00:29]]></wp:post_date_gmt>
		<wp:post_modified><![CDATA[2020-08-17 00:00:29]]></wp:post_modified>
		<wp:post_modified_gmt><![CDATA[2020-08-17 00:00:29]]></wp:post_modified_gmt>
		<wp:comment_status><![CDATA[open]]></wp:comment_status>
		<wp:ping_status><![CDATA[closed]]></wp:ping_status>
		<wp:post_name><![CDATA[jose-luis-monroy-lopez]]></wp:post_name>
		<wp:status><![CDATA[publish]]></wp:status>
		<wp:post_parent>0</wp:post_parent>
		<wp:menu_order>0</wp:menu_order>
		<wp:post_type><![CDATA[valpa_obituario_pt]]></wp:post_type>
		<wp:post_password><![CDATA[]]></wp:post_password>
		<wp:is_sticky>0</wp:is_sticky>
														<wp:postmeta>
		<wp:meta_key><![CDATA[_wp_old_date]]></wp:meta_key>
		<wp:meta_value><![CDATA[2020-08-28]]></wp:meta_value>
		</wp:postmeta>
							<wp:postmeta>
		<wp:meta_key><![CDATA[valpa_no_homenaje_meta]]></wp:meta_key>
		<wp:meta_value><![CDATA[0020000401]]></wp:meta_value>
		</wp:postmeta>
							<wp:postmeta>
		<wp:meta_key><![CDATA[valpa_nacimiento_dia_meta]]></wp:meta_key>
		<wp:meta_value><![CDATA[09]]></wp:meta_value>
		</wp:postmeta>
							<wp:postmeta>
		<wp:meta_key><![CDATA[valpa_nacimiento_mes_meta]]></wp:meta_key>
		<wp:meta_value><![CDATA[04]]></wp:meta_value>
		</wp:postmeta>
							<wp:postmeta>
		<wp:meta_key><![CDATA[valpa_nacimiento_ano_meta]]></wp:meta_key>
		<wp:meta_value><![CDATA[1941]]></wp:meta_value>
		</wp:postmeta>
							<wp:postmeta>
		<wp:meta_key><![CDATA[post_views_count]]></wp:meta_key>
		<wp:meta_value><![CDATA[97]]></wp:meta_value>
		</wp:postmeta>
							<wp:postmeta>
		<wp:meta_key><![CDATA[num_velas_meta]]></wp:meta_key>
		<wp:meta_value><![CDATA[3]]></wp:meta_value>
		</wp:postmeta>
							</item>
					<item>
		<title><![CDATA[NiÃ±o Gomez Molina]]></title>
		<link>http://localhost/sass-wp/obituario/nino-gomez-molina/</link>
		<pubDate>Tue, 18 Aug 2020 00:00:04 +0000</pubDate>
		<dc:creator><![CDATA[webmaster]]></dc:creator>
		<guid isPermaLink="false">http://valparaiso.com.mx/?post_type=valpa_obituario_pt&#038;p=733</guid>
		<description></description>
		<content:encoded><![CDATA[]]></content:encoded>
		<excerpt:encoded><![CDATA[]]></excerpt:encoded>
		<wp:post_id>733</wp:post_id>
		<wp:post_date><![CDATA[2020-08-18 00:00:04]]></wp:post_date>
		<wp:post_date_gmt><![CDATA[2020-08-18 00:00:04]]></wp:post_date_gmt>
		<wp:post_modified><![CDATA[2020-08-18 00:00:04]]></wp:post_modified>
		<wp:post_modified_gmt><![CDATA[2020-08-18 00:00:04]]></wp:post_modified_gmt>
		<wp:comment_status><![CDATA[open]]></wp:comment_status>
		<wp:ping_status><![CDATA[closed]]></wp:ping_status>
		<wp:post_name><![CDATA[nino-gomez-molina]]></wp:post_name>
		<wp:status><![CDATA[publish]]></wp:status>
		<wp:post_parent>0</wp:post_parent>
		<wp:menu_order>0</wp:menu_order>
		<wp:post_type><![CDATA[valpa_obituario_pt]]></wp:post_type>
		<wp:post_password><![CDATA[]]></wp:post_password>
		<wp:is_sticky>0</wp:is_sticky>
														<wp:postmeta>
		<wp:meta_key><![CDATA[_wp_old_date]]></wp:meta_key>
		<wp:meta_value><![CDATA[2020-08-28]]></wp:meta_value>
		</wp:postmeta>
							<wp:postmeta>
		<wp:meta_key><![CDATA[valpa_no_homenaje_meta]]></wp:meta_key>
		<wp:meta_value><![CDATA[0020000402]]></wp:meta_value>
		</wp:postmeta>
							<wp:postmeta>
		<wp:meta_key><![CDATA[valpa_nacimiento_dia_meta]]></wp:meta_key>
		<wp:meta_value><![CDATA[01]]></wp:meta_value>
		</wp:postmeta>
							<wp:postmeta>
		<wp:meta_key><![CDATA[valpa_nacimiento_mes_meta]]></wp:meta_key>
		<wp:meta_value><![CDATA[08]]></wp:meta_value>
		</wp:postmeta>
							<wp:postmeta>
		<wp:meta_key><![CDATA[valpa_nacimiento_ano_meta]]></wp:meta_key>
		<wp:meta_value><![CDATA[2020]]></wp:meta_value>
		</wp:postmeta>
							<wp:postmeta>
		<wp:meta_key><![CDATA[post_views_count]]></wp:meta_key>
		<wp:meta_value><![CDATA[78]]></wp:meta_value>
		</wp:postmeta>
							</item>
					<item>
		<title><![CDATA[Jesus Juarez Reyes]]></title>
		<link>http://localhost/sass-wp/obituario/jesus-juarez-reyes/</link>
		<pubDate>Tue, 18 Aug 2020 00:00:38 +0000</pubDate>
		<dc:creator><![CDATA[webmaster]]></dc:creator>
		<guid isPermaLink="false">http://valparaiso.com.mx/?post_type=valpa_obituario_pt&#038;p=734</guid>
		<description></description>
		<content:encoded><![CDATA[]]></content:encoded>
		<excerpt:encoded><![CDATA[]]></excerpt:encoded>
		<wp:post_id>734</wp:post_id>
		<wp:post_date><![CDATA[2020-08-18 00:00:38]]></wp:post_date>
		<wp:post_date_gmt><![CDATA[2020-08-18 00:00:38]]></wp:post_date_gmt>
		<wp:post_modified><![CDATA[2020-08-18 00:00:38]]></wp:post_modified>
		<wp:post_modified_gmt><![CDATA[2020-08-18 00:00:38]]></wp:post_modified_gmt>
		<wp:comment_status><![CDATA[open]]></wp:comment_status>
		<wp:ping_status><![CDATA[closed]]></wp:ping_status>
		<wp:post_name><![CDATA[jesus-juarez-reyes]]></wp:post_name>
		<wp:status><![CDATA[publish]]></wp:status>
		<wp:post_parent>0</wp:post_parent>
		<wp:menu_order>0</wp:menu_order>
		<wp:post_type><![CDATA[valpa_obituario_pt]]></wp:post_type>
		<wp:post_password><![CDATA[]]></wp:post_password>
		<wp:is_sticky>0</wp:is_sticky>
														<wp:postmeta>
		<wp:meta_key><![CDATA[_wp_old_date]]></wp:meta_key>
		<wp:meta_value><![CDATA[2020-08-28]]></wp:meta_value>
		</wp:postmeta>
							<wp:postmeta>
		<wp:meta_key><![CDATA[valpa_no_homenaje_meta]]></wp:meta_key>
		<wp:meta_value><![CDATA[0020000403]]></wp:meta_value>
		</wp:postmeta>
							<wp:postmeta>
		<wp:meta_key><![CDATA[valpa_nacimiento_dia_meta]]></wp:meta_key>
		<wp:meta_value><![CDATA[]]></wp:meta_value>
		</wp:postmeta>
							<wp:postmeta>
		<wp:meta_key><![CDATA[valpa_nacimiento_mes_meta]]></wp:meta_key>
		<wp:meta_value><![CDATA[]]></wp:meta_value>
		</wp:postmeta>
							<wp:postmeta>
		<wp:meta_key><![CDATA[valpa_nacimiento_ano_meta]]></wp:meta_key>
		<wp:meta_value><![CDATA[]]></wp:meta_value>
		</wp:postmeta>
							<wp:postmeta>
		<wp:meta_key><![CDATA[post_views_count]]></wp:meta_key>
		<wp:meta_value><![CDATA[85]]></wp:meta_value>
		</wp:postmeta>
							</item>
					<item>
		<title><![CDATA[Reyna Flores MuÃ±oz]]></title>
		<link>http://localhost/sass-wp/obituario/reyna-flores-munoz/</link>
		<pubDate>Tue, 18 Aug 2020 00:00:13 +0000</pubDate>
		<dc:creator><![CDATA[webmaster]]></dc:creator>
		<guid isPermaLink="false">http://valparaiso.com.mx/?post_type=valpa_obituario_pt&#038;p=736</guid>
		<description></description>
		<content:encoded><![CDATA[]]></content:encoded>
		<excerpt:encoded><![CDATA[]]></excerpt:encoded>
		<wp:post_id>736</wp:post_id>
		<wp:post_date><![CDATA[2020-08-18 00:00:13]]></wp:post_date>
		<wp:post_date_gmt><![CDATA[2020-08-18 00:00:13]]></wp:post_date_gmt>
		<wp:post_modified><![CDATA[2020-08-18 00:00:13]]></wp:post_modified>
		<wp:post_modified_gmt><![CDATA[2020-08-18 00:00:13]]></wp:post_modified_gmt>
		<wp:comment_status><![CDATA[open]]></wp:comment_status>
		<wp:ping_status><![CDATA[closed]]></wp:ping_status>
		<wp:post_name><![CDATA[reyna-flores-munoz]]></wp:post_name>
		<wp:status><![CDATA[publish]]></wp:status>
		<wp:post_parent>0</wp:post_parent>
		<wp:menu_order>0</wp:menu_order>
		<wp:post_type><![CDATA[valpa_obituario_pt]]></wp:post_type>
		<wp:post_password><![CDATA[]]></wp:post_password>
		<wp:is_sticky>0</wp:is_sticky>
														<wp:postmeta>
		<wp:meta_key><![CDATA[_wp_old_date]]></wp:meta_key>
		<wp:meta_value><![CDATA[2020-08-28]]></wp:meta_value>
		</wp:postmeta>
							<wp:postmeta>
		<wp:meta_key><![CDATA[valpa_no_homenaje_meta]]></wp:meta_key>
		<wp:meta_value><![CDATA[0020000404]]></wp:meta_value>
		</wp:postmeta>
							<wp:postmeta>
		<wp:meta_key><![CDATA[valpa_nacimiento_dia_meta]]></wp:meta_key>
		<wp:meta_value><![CDATA[06]]></wp:meta_value>
		</wp:postmeta>
							<wp:postmeta>
		<wp:meta_key><![CDATA[valpa_nacimiento_mes_meta]]></wp:meta_key>
		<wp:meta_value><![CDATA[01]]></wp:meta_value>
		</wp:postmeta>
							<wp:postmeta>
		<wp:meta_key><![CDATA[valpa_nacimiento_ano_meta]]></wp:meta_key>
		<wp:meta_value><![CDATA[1949]]></wp:meta_value>
		</wp:postmeta>
							<wp:postmeta>
		<wp:meta_key><![CDATA[post_views_count]]></wp:meta_key>
		<wp:meta_value><![CDATA[79]]></wp:meta_value>
		</wp:postmeta>
							</item>
					<item>
		<title><![CDATA[Carmelo Escogido Luna]]></title>
		<link>http://localhost/sass-wp/obituario/carmelo-escogido-luna/</link>
		<pubDate>Tue, 18 Aug 2020 00:00:46 +0000</pubDate>
		<dc:creator><![CDATA[webmaster]]></dc:creator>
		<guid isPermaLink="false">http://valparaiso.com.mx/?post_type=valpa_obituario_pt&#038;p=738</guid>
		<description></description>
		<content:encoded><![CDATA[]]></content:encoded>
		<excerpt:encoded><![CDATA[]]></excerpt:encoded>
		<wp:post_id>738</wp:post_id>
		<wp:post_date><![CDATA[2020-08-18 00:00:46]]></wp:post_date>
		<wp:post_date_gmt><![CDATA[2020-08-18 00:00:46]]></wp:post_date_gmt>
		<wp:post_modified><![CDATA[2020-08-18 00:00:46]]></wp:post_modified>
		<wp:post_modified_gmt><![CDATA[2020-08-18 00:00:46]]></wp:post_modified_gmt>
		<wp:comment_status><![CDATA[open]]></wp:comment_status>
		<wp:ping_status><![CDATA[closed]]></wp:ping_status>
		<wp:post_name><![CDATA[carmelo-escogido-luna]]></wp:post_name>
		<wp:status><![CDATA[publish]]></wp:status>
		<wp:post_parent>0</wp:post_parent>
		<wp:menu_order>0</wp:menu_order>
		<wp:post_type><![CDATA[valpa_obituario_pt]]></wp:post_type>
		<wp:post_password><![CDATA[]]></wp:post_password>
		<wp:is_sticky>0</wp:is_sticky>
														<wp:postmeta>
		<wp:meta_key><![CDATA[_wp_old_date]]></wp:meta_key>
		<wp:meta_value><![CDATA[2020-08-28]]></wp:meta_value>
		</wp:postmeta>
							<wp:postmeta>
		<wp:meta_key><![CDATA[valpa_no_homenaje_meta]]></wp:meta_key>
		<wp:meta_value><![CDATA[0020000405]]></wp:meta_value>
		</wp:postmeta>
							<wp:postmeta>
		<wp:meta_key><![CDATA[valpa_nacimiento_dia_meta]]></wp:meta_key>
		<wp:meta_value><![CDATA[]]></wp:meta_value>
		</wp:postmeta>
							<wp:postmeta>
		<wp:meta_key><![CDATA[valpa_nacimiento_mes_meta]]></wp:meta_key>
		<wp:meta_value><![CDATA[]]></wp:meta_value>
		</wp:postmeta>
							<wp:postmeta>
		<wp:meta_key><![CDATA[valpa_nacimiento_ano_meta]]></wp:meta_key>
		<wp:meta_value><![CDATA[]]></wp:meta_value>
		</wp:postmeta>
							<wp:postmeta>
		<wp:meta_key><![CDATA[post_views_count]]></wp:meta_key>
		<wp:meta_value><![CDATA[56]]></wp:meta_value>
		</wp:postmeta>
							</item>
					<item>
		<title><![CDATA[Efrain Navarro Simon]]></title>
		<link>http://localhost/sass-wp/obituario/efrain-navarro-simon/</link>
		<pubDate>Wed, 19 Aug 2020 00:00:21 +0000</pubDate>
		<dc:creator><![CDATA[webmaster]]></dc:creator>
		<guid isPermaLink="false">http://valparaiso.com.mx/?post_type=valpa_obituario_pt&#038;p=739</guid>
		<description></description>
		<content:encoded><![CDATA[-]]></content:encoded>
		<excerpt:encoded><![CDATA[]]></excerpt:encoded>
		<wp:post_id>739</wp:post_id>
		<wp:post_date><![CDATA[2020-08-19 00:00:21]]></wp:post_date>
		<wp:post_date_gmt><![CDATA[2020-08-19 00:00:21]]></wp:post_date_gmt>
		<wp:post_modified><![CDATA[2020-08-19 00:00:21]]></wp:post_modified>
		<wp:post_modified_gmt><![CDATA[2020-08-19 00:00:21]]></wp:post_modified_gmt>
		<wp:comment_status><![CDATA[open]]></wp:comment_status>
		<wp:ping_status><![CDATA[closed]]></wp:ping_status>
		<wp:post_name><![CDATA[efrain-navarro-simon]]></wp:post_name>
		<wp:status><![CDATA[publish]]></wp:status>
		<wp:post_parent>0</wp:post_parent>
		<wp:menu_order>0</wp:menu_order>
		<wp:post_type><![CDATA[valpa_obituario_pt]]></wp:post_type>
		<wp:post_password><![CDATA[]]></wp:post_password>
		<wp:is_sticky>0</wp:is_sticky>
														<wp:postmeta>
		<wp:meta_key><![CDATA[_wp_old_date]]></wp:meta_key>
		<wp:meta_value><![CDATA[2020-08-28]]></wp:meta_value>
		</wp:postmeta>
							<wp:postmeta>
		<wp:meta_key><![CDATA[valpa_no_homenaje_meta]]></wp:meta_key>
		<wp:meta_value><![CDATA[0020000406]]></wp:meta_value>
		</wp:postmeta>
							<wp:postmeta>
		<wp:meta_key><![CDATA[valpa_nacimiento_dia_meta]]></wp:meta_key>
		<wp:meta_value><![CDATA[22]]></wp:meta_value>
		</wp:postmeta>
							<wp:postmeta>
		<wp:meta_key><![CDATA[valpa_nacimiento_mes_meta]]></wp:meta_key>
		<wp:meta_value><![CDATA[05]]></wp:meta_value>
		</wp:postmeta>
							<wp:postmeta>
		<wp:meta_key><![CDATA[valpa_nacimiento_ano_meta]]></wp:meta_key>
		<wp:meta_value><![CDATA[1982]]></wp:meta_value>
		</wp:postmeta>
							<wp:postmeta>
		<wp:meta_key><![CDATA[post_views_count]]></wp:meta_key>
		<wp:meta_value><![CDATA[55]]></wp:meta_value>
		</wp:postmeta>
							</item>
					<item>
		<title><![CDATA[Eulogio Lopez Mendiozabal]]></title>
		<link>http://localhost/sass-wp/obituario/eulogio-lopez-mendiozabal/</link>
		<pubDate>Thu, 20 Aug 2020 00:00:57 +0000</pubDate>
		<dc:creator><![CDATA[webmaster]]></dc:creator>
		<guid isPermaLink="false">http://valparaiso.com.mx/?post_type=valpa_obituario_pt&#038;p=740</guid>
		<description></description>
		<content:encoded><![CDATA[]]></content:encoded>
		<excerpt:encoded><![CDATA[]]></excerpt:encoded>
		<wp:post_id>740</wp:post_id>
		<wp:post_date><![CDATA[2020-08-20 00:00:57]]></wp:post_date>
		<wp:post_date_gmt><![CDATA[2020-08-20 00:00:57]]></wp:post_date_gmt>
		<wp:post_modified><![CDATA[2020-08-20 00:00:57]]></wp:post_modified>
		<wp:post_modified_gmt><![CDATA[2020-08-20 00:00:57]]></wp:post_modified_gmt>
		<wp:comment_status><![CDATA[open]]></wp:comment_status>
		<wp:ping_status><![CDATA[closed]]></wp:ping_status>
		<wp:post_name><![CDATA[eulogio-lopez-mendiozabal]]></wp:post_name>
		<wp:status><![CDATA[publish]]></wp:status>
		<wp:post_parent>0</wp:post_parent>
		<wp:menu_order>0</wp:menu_order>
		<wp:post_type><![CDATA[valpa_obituario_pt]]></wp:post_type>
		<wp:post_password><![CDATA[]]></wp:post_password>
		<wp:is_sticky>0</wp:is_sticky>
														<wp:postmeta>
		<wp:meta_key><![CDATA[_wp_old_date]]></wp:meta_key>
		<wp:meta_value><![CDATA[2020-08-28]]></wp:meta_value>
		</wp:postmeta>
							<wp:postmeta>
		<wp:meta_key><![CDATA[valpa_no_homenaje_meta]]></wp:meta_key>
		<wp:meta_value><![CDATA[0020000407]]></wp:meta_value>
		</wp:postmeta>
							<wp:postmeta>
		<wp:meta_key><![CDATA[valpa_nacimiento_dia_meta]]></wp:meta_key>
		<wp:meta_value><![CDATA[]]></wp:meta_value>
		</wp:postmeta>
							<wp:postmeta>
		<wp:meta_key><![CDATA[valpa_nacimiento_mes_meta]]></wp:meta_key>
		<wp:meta_value><![CDATA[]]></wp:meta_value>
		</wp:postmeta>
							<wp:postmeta>
		<wp:meta_key><![CDATA[valpa_nacimiento_ano_meta]]></wp:meta_key>
		<wp:meta_value><![CDATA[]]></wp:meta_value>
		</wp:postmeta>
							<wp:postmeta>
		<wp:meta_key><![CDATA[post_views_count]]></wp:meta_key>
		<wp:meta_value><![CDATA[73]]></wp:meta_value>
		</wp:postmeta>
							</item>
					<item>
		<title><![CDATA[Roberto Carlos Villaseca Linarte]]></title>
		<link>http://localhost/sass-wp/obituario/roberto-carlos-villaseca-linarte/</link>
		<pubDate>Fri, 21 Aug 2020 00:00:29 +0000</pubDate>
		<dc:creator><![CDATA[webmaster]]></dc:creator>
		<guid isPermaLink="false">http://valparaiso.com.mx/?post_type=valpa_obituario_pt&#038;p=741</guid>
		<description></description>
		<content:encoded><![CDATA[]]></content:encoded>
		<excerpt:encoded><![CDATA[]]></excerpt:encoded>
		<wp:post_id>741</wp:post_id>
		<wp:post_date><![CDATA[2020-08-21 00:00:29]]></wp:post_date>
		<wp:post_date_gmt><![CDATA[2020-08-21 00:00:29]]></wp:post_date_gmt>
		<wp:post_modified><![CDATA[2020-08-21 00:00:29]]></wp:post_modified>
		<wp:post_modified_gmt><![CDATA[2020-08-21 00:00:29]]></wp:post_modified_gmt>
		<wp:comment_status><![CDATA[open]]></wp:comment_status>
		<wp:ping_status><![CDATA[closed]]></wp:ping_status>
		<wp:post_name><![CDATA[roberto-carlos-villaseca-linarte]]></wp:post_name>
		<wp:status><![CDATA[publish]]></wp:status>
		<wp:post_parent>0</wp:post_parent>
		<wp:menu_order>0</wp:menu_order>
		<wp:post_type><![CDATA[valpa_obituario_pt]]></wp:post_type>
		<wp:post_password><![CDATA[]]></wp:post_password>
		<wp:is_sticky>0</wp:is_sticky>
														<wp:postmeta>
		<wp:meta_key><![CDATA[_wp_old_date]]></wp:meta_key>
		<wp:meta_value><![CDATA[2020-08-28]]></wp:meta_value>
		</wp:postmeta>
							<wp:postmeta>
		<wp:meta_key><![CDATA[valpa_no_homenaje_meta]]></wp:meta_key>
		<wp:meta_value><![CDATA[0020000408]]></wp:meta_value>
		</wp:postmeta>
							<wp:postmeta>
		<wp:meta_key><![CDATA[valpa_nacimiento_dia_meta]]></wp:meta_key>
		<wp:meta_value><![CDATA[24]]></wp:meta_value>
		</wp:postmeta>
							<wp:postmeta>
		<wp:meta_key><![CDATA[valpa_nacimiento_mes_meta]]></wp:meta_key>
		<wp:meta_value><![CDATA[04]]></wp:meta_value>
		</wp:postmeta>
							<wp:postmeta>
		<wp:meta_key><![CDATA[valpa_nacimiento_ano_meta]]></wp:meta_key>
		<wp:meta_value><![CDATA[1971]]></wp:meta_value>
		</wp:postmeta>
							<wp:postmeta>
		<wp:meta_key><![CDATA[post_views_count]]></wp:meta_key>
		<wp:meta_value><![CDATA[59]]></wp:meta_value>
		</wp:postmeta>
							</item>
					<item>
		<title><![CDATA[Rosa Maria Alcantara Ledesma]]></title>
		<link>http://localhost/sass-wp/obituario/rosa-maria-alcantara-ledesma/</link>
		<pubDate>Sat, 22 Aug 2020 00:00:22 +0000</pubDate>
		<dc:creator><![CDATA[webmaster]]></dc:creator>
		<guid isPermaLink="false">http://valparaiso.com.mx/?post_type=valpa_obituario_pt&#038;p=742</guid>
		<description></description>
		<content:encoded><![CDATA[]]></content:encoded>
		<excerpt:encoded><![CDATA[]]></excerpt:encoded>
		<wp:post_id>742</wp:post_id>
		<wp:post_date><![CDATA[2020-08-22 00:00:22]]></wp:post_date>
		<wp:post_date_gmt><![CDATA[2020-08-22 00:00:22]]></wp:post_date_gmt>
		<wp:post_modified><![CDATA[2020-08-22 00:00:22]]></wp:post_modified>
		<wp:post_modified_gmt><![CDATA[2020-08-22 00:00:22]]></wp:post_modified_gmt>
		<wp:comment_status><![CDATA[open]]></wp:comment_status>
		<wp:ping_status><![CDATA[closed]]></wp:ping_status>
		<wp:post_name><![CDATA[rosa-maria-alcantara-ledesma]]></wp:post_name>
		<wp:status><![CDATA[publish]]></wp:status>
		<wp:post_parent>0</wp:post_parent>
		<wp:menu_order>0</wp:menu_order>
		<wp:post_type><![CDATA[valpa_obituario_pt]]></wp:post_type>
		<wp:post_password><![CDATA[]]></wp:post_password>
		<wp:is_sticky>0</wp:is_sticky>
														<wp:postmeta>
		<wp:meta_key><![CDATA[_wp_old_date]]></wp:meta_key>
		<wp:meta_value><![CDATA[2020-08-28]]></wp:meta_value>
		</wp:postmeta>
							<wp:postmeta>
		<wp:meta_key><![CDATA[valpa_no_homenaje_meta]]></wp:meta_key>
		<wp:meta_value><![CDATA[0020000409]]></wp:meta_value>
		</wp:postmeta>
							<wp:postmeta>
		<wp:meta_key><![CDATA[valpa_nacimiento_dia_meta]]></wp:meta_key>
		<wp:meta_value><![CDATA[19]]></wp:meta_value>
		</wp:postmeta>
							<wp:postmeta>
		<wp:meta_key><![CDATA[valpa_nacimiento_mes_meta]]></wp:meta_key>
		<wp:meta_value><![CDATA[08]]></wp:meta_value>
		</wp:postmeta>
							<wp:postmeta>
		<wp:meta_key><![CDATA[valpa_nacimiento_ano_meta]]></wp:meta_key>
		<wp:meta_value><![CDATA[1961]]></wp:meta_value>
		</wp:postmeta>
							<wp:postmeta>
		<wp:meta_key><![CDATA[post_views_count]]></wp:meta_key>
		<wp:meta_value><![CDATA[55]]></wp:meta_value>
		</wp:postmeta>
							</item>
					<item>
		<title><![CDATA[Eduardo Adrian Hernadez Rodriguez]]></title>
		<link>http://localhost/sass-wp/obituario/eduardo-adrian-hernadez-rodriguez/</link>
		<pubDate>Sun, 23 Aug 2020 00:00:17 +0000</pubDate>
		<dc:creator><![CDATA[webmaster]]></dc:creator>
		<guid isPermaLink="false">http://valparaiso.com.mx/?post_type=valpa_obituario_pt&#038;p=743</guid>
		<description></description>
		<content:encoded><![CDATA[]]></content:encoded>
		<excerpt:encoded><![CDATA[]]></excerpt:encoded>
		<wp:post_id>743</wp:post_id>
		<wp:post_date><![CDATA[2020-08-23 00:00:17]]></wp:post_date>
		<wp:post_date_gmt><![CDATA[2020-08-23 00:00:17]]></wp:post_date_gmt>
		<wp:post_modified><![CDATA[2020-08-23 00:00:17]]></wp:post_modified>
		<wp:post_modified_gmt><![CDATA[2020-08-23 00:00:17]]></wp:post_modified_gmt>
		<wp:comment_status><![CDATA[open]]></wp:comment_status>
		<wp:ping_status><![CDATA[closed]]></wp:ping_status>
		<wp:post_name><![CDATA[eduardo-adrian-hernadez-rodriguez]]></wp:post_name>
		<wp:status><![CDATA[publish]]></wp:status>
		<wp:post_parent>0</wp:post_parent>
		<wp:menu_order>0</wp:menu_order>
		<wp:post_type><![CDATA[valpa_obituario_pt]]></wp:post_type>
		<wp:post_password><![CDATA[]]></wp:post_password>
		<wp:is_sticky>0</wp:is_sticky>
														<wp:postmeta>
		<wp:meta_key><![CDATA[_wp_old_date]]></wp:meta_key>
		<wp:meta_value><![CDATA[2020-08-28]]></wp:meta_value>
		</wp:postmeta>
							<wp:postmeta>
		<wp:meta_key><![CDATA[valpa_no_homenaje_meta]]></wp:meta_key>
		<wp:meta_value><![CDATA[0020000410]]></wp:meta_value>
		</wp:postmeta>
							<wp:postmeta>
		<wp:meta_key><![CDATA[valpa_nacimiento_dia_meta]]></wp:meta_key>
		<wp:meta_value><![CDATA[01]]></wp:meta_value>
		</wp:postmeta>
							<wp:postmeta>
		<wp:meta_key><![CDATA[valpa_nacimiento_mes_meta]]></wp:meta_key>
		<wp:meta_value><![CDATA[01]]></wp:meta_value>
		</wp:postmeta>
							<wp:postmeta>
		<wp:meta_key><![CDATA[valpa_nacimiento_ano_meta]]></wp:meta_key>
		<wp:meta_value><![CDATA[1956]]></wp:meta_value>
		</wp:postmeta>
							<wp:postmeta>
		<wp:meta_key><![CDATA[post_views_count]]></wp:meta_key>
		<wp:meta_value><![CDATA[48]]></wp:meta_value>
		</wp:postmeta>
							</item>
					<item>
		<title><![CDATA[Julian Mejia Mejia]]></title>
		<link>http://localhost/sass-wp/obituario/julian-mejia-mejia/</link>
		<pubDate>Mon, 24 Aug 2020 00:00:10 +0000</pubDate>
		<dc:creator><![CDATA[webmaster]]></dc:creator>
		<guid isPermaLink="false">http://valparaiso.com.mx/?post_type=valpa_obituario_pt&#038;p=744</guid>
		<description></description>
		<content:encoded><![CDATA[]]></content:encoded>
		<excerpt:encoded><![CDATA[]]></excerpt:encoded>
		<wp:post_id>744</wp:post_id>
		<wp:post_date><![CDATA[2020-08-24 00:00:10]]></wp:post_date>
		<wp:post_date_gmt><![CDATA[2020-08-24 00:00:10]]></wp:post_date_gmt>
		<wp:post_modified><![CDATA[2020-08-24 00:00:10]]></wp:post_modified>
		<wp:post_modified_gmt><![CDATA[2020-08-24 00:00:10]]></wp:post_modified_gmt>
		<wp:comment_status><![CDATA[open]]></wp:comment_status>
		<wp:ping_status><![CDATA[closed]]></wp:ping_status>
		<wp:post_name><![CDATA[julian-mejia-mejia]]></wp:post_name>
		<wp:status><![CDATA[publish]]></wp:status>
		<wp:post_parent>0</wp:post_parent>
		<wp:menu_order>0</wp:menu_order>
		<wp:post_type><![CDATA[valpa_obituario_pt]]></wp:post_type>
		<wp:post_password><![CDATA[]]></wp:post_password>
		<wp:is_sticky>0</wp:is_sticky>
														<wp:postmeta>
		<wp:meta_key><![CDATA[valpa_no_homenaje_meta]]></wp:meta_key>
		<wp:meta_value><![CDATA[0020000411]]></wp:meta_value>
		</wp:postmeta>
							<wp:postmeta>
		<wp:meta_key><![CDATA[valpa_nacimiento_dia_meta]]></wp:meta_key>
		<wp:meta_value><![CDATA[]]></wp:meta_value>
		</wp:postmeta>
							<wp:postmeta>
		<wp:meta_key><![CDATA[valpa_nacimiento_mes_meta]]></wp:meta_key>
		<wp:meta_value><![CDATA[]]></wp:meta_value>
		</wp:postmeta>
							<wp:postmeta>
		<wp:meta_key><![CDATA[valpa_nacimiento_ano_meta]]></wp:meta_key>
		<wp:meta_value><![CDATA[]]></wp:meta_value>
		</wp:postmeta>
							<wp:postmeta>
		<wp:meta_key><![CDATA[post_views_count]]></wp:meta_key>
		<wp:meta_value><![CDATA[76]]></wp:meta_value>
		</wp:postmeta>
							</item>
					<item>
		<title><![CDATA[Gonzalo Carmona ZuÃ±iga]]></title>
		<link>http://localhost/sass-wp/obituario/gonzalo-carmona-zuniga/</link>
		<pubDate>Mon, 24 Aug 2020 00:00:02 +0000</pubDate>
		<dc:creator><![CDATA[webmaster]]></dc:creator>
		<guid isPermaLink="false">http://valparaiso.com.mx/?post_type=valpa_obituario_pt&#038;p=767</guid>
		<description></description>
		<content:encoded><![CDATA[<img class="alignnone size-full wp-image-2821" src="http://valparaiso.com.mx/wp-content/uploads/2020/08/1-5.jpeg" alt="" width="853" height="1280" /> <img class="alignnone size-full wp-image-2869" src="http://valparaiso.com.mx/wp-content/uploads/2020/08/52.jpeg" alt="" width="576" height="1024" /> <img class="alignnone size-medium wp-image-2868" src="http://valparaiso.com.mx/wp-content/uploads/2020/08/28-4.jpeg" alt="" width="300" height="169" /> <img class="alignnone size-medium wp-image-2867" src="http://valparaiso.com.mx/wp-content/uploads/2020/08/27-4.jpeg" alt="" width="169" height="300" /> <img class="alignnone size-medium wp-image-2866" src="http://valparaiso.com.mx/wp-content/uploads/2020/08/26-4.jpeg" alt="" width="166" height="300" /> <img class="alignnone size-medium wp-image-2865" src="http://valparaiso.com.mx/wp-content/uploads/2020/08/25-4.jpeg" alt="" width="225" height="300" /> <img class="alignnone size-medium wp-image-2864" src="http://valparaiso.com.mx/wp-content/uploads/2020/08/24-4.jpeg" alt="" width="300" height="220" /> <img class="alignnone size-medium wp-image-2863" src="http://valparaiso.com.mx/wp-content/uploads/2020/08/23-3.jpeg" alt="" width="225" height="300" /> <img class="alignnone size-medium wp-image-2862" src="http://valparaiso.com.mx/wp-content/uploads/2020/08/22-4.jpeg" alt="" width="300" height="214" /> <img class="alignnone size-medium wp-image-2861" src="http://valparaiso.com.mx/wp-content/uploads/2020/08/21-4.jpeg" alt="" width="300" height="225" /> <img class="alignnone size-medium wp-image-2860" src="http://valparaiso.com.mx/wp-content/uploads/2020/08/20-5.jpeg" alt="" width="300" height="217" /> <img class="alignnone size-medium wp-image-2859" src="http://valparaiso.com.mx/wp-content/uploads/2020/08/19-5.jpeg" alt="" width="225" height="300" /> <img class="alignnone size-medium wp-image-2858" src="http://valparaiso.com.mx/wp-content/uploads/2020/08/18-5.jpeg" alt="" width="300" height="203" /> <img class="alignnone size-medium wp-image-2857" src="http://valparaiso.com.mx/wp-content/uploads/2020/08/17-6.jpeg" alt="" width="225" height="300" /> <img class="alignnone size-medium wp-image-2856" src="http://valparaiso.com.mx/wp-content/uploads/2020/08/16-6.jpeg" alt="" width="300" height="221" /> <img class="alignnone size-medium wp-image-2855" src="http://valparaiso.com.mx/wp-content/uploads/2020/08/15-6.jpeg" alt="" width="300" height="225" /> <img class="alignnone size-medium wp-image-2854" src="http://valparaiso.com.mx/wp-content/uploads/2020/08/14-6.jpeg" alt="" width="225" height="300" /> <img class="alignnone size-medium wp-image-2853" src="http://valparaiso.com.mx/wp-content/uploads/2020/08/13-6.jpeg" alt="" width="169" height="300" /> <img class="alignnone size-medium wp-image-2852" src="http://valparaiso.com.mx/wp-content/uploads/2020/08/12-5.jpeg" alt="" width="169" height="300" /> <img class="alignnone size-medium wp-image-2851" src="http://valparaiso.com.mx/wp-content/uploads/2020/08/11-4.jpeg" alt="" width="300" height="225" /> <img class="alignnone size-medium wp-image-2850" src="http://valparaiso.com.mx/wp-content/uploads/2020/08/10-4.jpeg" alt="" width="225" height="300" /> <img class="alignnone size-medium wp-image-2849" src="http://valparaiso.com.mx/wp-content/uploads/2020/08/9-4.jpeg" alt="" width="300" height="225" /> <img class="alignnone size-medium wp-image-2848" src="http://valparaiso.com.mx/wp-content/uploads/2020/08/8-4.jpeg" alt="" width="300" height="169" /> <img class="alignnone size-medium wp-image-2847" src="http://valparaiso.com.mx/wp-content/uploads/2020/08/163.jpeg" alt="" width="300" height="225" /> <img class="alignnone size-medium wp-image-2846" src="http://valparaiso.com.mx/wp-content/uploads/2020/08/162.jpeg" alt="" width="225" height="300" /> <img class="alignnone size-medium wp-image-2845" src="http://valparaiso.com.mx/wp-content/uploads/2020/08/161.jpeg" alt="" width="169" height="300" /> <img class="alignnone size-medium wp-image-2844" src="http://valparaiso.com.mx/wp-content/uploads/2020/08/160.jpeg" alt="" width="225" height="300" /> <img class="alignnone size-medium wp-image-2843" src="http://valparaiso.com.mx/wp-content/uploads/2020/08/159.jpeg" alt="" width="225" height="300" /> <img class="alignnone size-medium wp-image-2842" src="http://valparaiso.com.mx/wp-content/uploads/2020/08/158.jpeg" alt="" width="300" height="169" /> <img class="alignnone size-medium wp-image-2841" src="http://valparaiso.com.mx/wp-content/uploads/2020/08/157.jpeg" alt="" width="300" height="225" /> <img class="alignnone size-medium wp-image-2840" src="http://valparaiso.com.mx/wp-content/uploads/2020/08/156.jpeg" alt="" width="169" height="300" /> <img class="alignnone size-medium wp-image-2839" src="http://valparaiso.com.mx/wp-content/uploads/2020/08/155.jpeg" alt="" width="300" height="202" /> <img class="alignnone size-medium wp-image-2838" src="http://valparaiso.com.mx/wp-content/uploads/2020/08/154.jpeg" alt="" width="225" height="300" /> <img class="alignnone size-medium wp-image-2837" src="http://valparaiso.com.mx/wp-content/uploads/2020/08/153.jpeg" alt="" width="225" height="300" /> <img class="alignnone size-medium wp-image-2836" src="http://valparaiso.com.mx/wp-content/uploads/2020/08/152.jpeg" alt="" width="300" height="225" /> <img class="alignnone size-medium wp-image-2835" src="http://valparaiso.com.mx/wp-content/uploads/2020/08/151.jpeg" alt="" width="300" height="138" /> <img class="alignnone size-medium wp-image-2834" src="http://valparaiso.com.mx/wp-content/uploads/2020/08/150.jpeg" alt="" width="300" height="225" /> <img class="alignnone size-medium wp-image-2833" src="http://valparaiso.com.mx/wp-content/uploads/2020/08/149.jpeg" alt="" width="169" height="300" /> <img class="alignnone size-medium wp-image-2832" src="http://valparaiso.com.mx/wp-content/uploads/2020/08/148.jpeg" alt="" width="225" height="300" /> <img class="alignnone size-medium wp-image-2831" src="http://valparaiso.com.mx/wp-content/uploads/2020/08/147.jpeg" alt="" width="300" height="200" /> <img class="alignnone size-medium wp-image-2830" src="http://valparaiso.com.mx/wp-content/uploads/2020/08/146.jpeg" alt="" width="225" height="300" /> <img class="alignnone size-medium wp-image-2829" src="http://valparaiso.com.mx/wp-content/uploads/2020/08/145.jpeg" alt="" width="296" height="300" /> <img class="alignnone size-medium wp-image-2828" src="http://valparaiso.com.mx/wp-content/uploads/2020/08/144.jpeg" alt="" width="300" height="195" /> <img class="alignnone size-medium wp-image-2827" src="http://valparaiso.com.mx/wp-content/uploads/2020/08/7-4.jpeg" alt="" width="300" height="142" /> <img class="alignnone size-medium wp-image-2826" src="http://valparaiso.com.mx/wp-content/uploads/2020/08/6-5.jpeg" alt="" width="146" height="300" /> <img class="alignnone size-medium wp-image-2825" src="http://valparaiso.com.mx/wp-content/uploads/2020/08/5-5.jpeg" alt="" width="169" height="300" /> <img class="alignnone size-medium wp-image-2824" src="http://valparaiso.com.mx/wp-content/uploads/2020/08/4-5.jpeg" alt="" width="300" height="225" /> <img class="alignnone size-medium wp-image-2823" src="http://valparaiso.com.mx/wp-content/uploads/2020/08/3-4.jpeg" alt="" width="300" height="183" /> <img class="alignnone size-medium wp-image-2822" src="http://valparaiso.com.mx/wp-content/uploads/2020/08/2-4.jpeg" alt="" width="225" height="300" /><img class="alignnone size-full wp-image-2870" src="http://valparaiso.com.mx/wp-content/uploads/2020/08/53.jpeg" alt="" width="1024" height="576" /> <img class="alignnone size-full wp-image-2889" src="http://valparaiso.com.mx/wp-content/uploads/2020/08/72.jpeg" alt="" width="572" height="414" /> <img class="alignnone size-medium wp-image-2888" src="http://valparaiso.com.mx/wp-content/uploads/2020/08/71.jpeg" alt="" width="300" height="224" /> <img class="alignnone size-medium wp-image-2887" src="http://valparaiso.com.mx/wp-content/uploads/2020/08/70.jpeg" alt="" width="300" height="226" /> <img class="alignnone size-medium wp-image-2886" src="http://valparaiso.com.mx/wp-content/uploads/2020/08/69.jpeg" alt="" width="225" height="300" /> <img class="alignnone size-medium wp-image-2885" src="http://valparaiso.com.mx/wp-content/uploads/2020/08/68.jpeg" alt="" width="225" height="300" /> <img class="alignnone size-medium wp-image-2884" src="http://valparaiso.com.mx/wp-content/uploads/2020/08/67.jpeg" alt="" width="300" height="241" /> <img class="alignnone size-medium wp-image-2883" src="http://valparaiso.com.mx/wp-content/uploads/2020/08/66.jpeg" alt="" width="146" height="300" /> <img class="alignnone size-medium wp-image-2882" src="http://valparaiso.com.mx/wp-content/uploads/2020/08/65.jpeg" alt="" width="300" height="222" /> <img class="alignnone size-medium wp-image-2881" src="http://valparaiso.com.mx/wp-content/uploads/2020/08/64.jpeg" alt="" width="300" height="258" /> <img class="alignnone size-medium wp-image-2880" src="http://valparaiso.com.mx/wp-content/uploads/2020/08/63.jpeg" alt="" width="300" height="277" /> <img class="alignnone size-medium wp-image-2879" src="http://valparaiso.com.mx/wp-content/uploads/2020/08/62.jpeg" alt="" width="300" height="225" /> <img class="alignnone size-medium wp-image-2878" src="http://valparaiso.com.mx/wp-content/uploads/2020/08/61.jpeg" alt="" width="300" height="298" /> <img class="alignnone size-medium wp-image-2877" src="http://valparaiso.com.mx/wp-content/uploads/2020/08/60.jpeg" alt="" width="300" height="169" /> <img class="alignnone size-medium wp-image-2876" src="http://valparaiso.com.mx/wp-content/uploads/2020/08/59.jpeg" alt="" width="300" height="225" /> <img class="alignnone size-medium wp-image-2875" src="http://valparaiso.com.mx/wp-content/uploads/2020/08/58.jpeg" alt="" width="300" height="169" /> <img class="alignnone size-medium wp-image-2874" src="http://valparaiso.com.mx/wp-content/uploads/2020/08/57.jpeg" alt="" width="300" height="199" /> <img class="alignnone size-medium wp-image-2873" src="http://valparaiso.com.mx/wp-content/uploads/2020/08/56.jpeg" alt="" width="300" height="211" /> <img class="alignnone size-medium wp-image-2872" src="http://valparaiso.com.mx/wp-content/uploads/2020/08/55.jpeg" alt="" width="300" height="169" /> <img class="alignnone size-medium wp-image-2871" src="http://valparaiso.com.mx/wp-content/uploads/2020/08/54.jpeg" alt="" width="300" height="300" /><img class="alignnone size-full wp-image-2890" src="http://valparaiso.com.mx/wp-content/uploads/2020/08/73.jpeg" alt="" width="810" height="543" /> <img class="alignnone size-full wp-image-2919" src="http://valparaiso.com.mx/wp-content/uploads/2020/08/102.jpeg" alt="" width="853" height="1280" /> <img class="alignnone size-medium wp-image-2918" src="http://valparaiso.com.mx/wp-content/uploads/2020/08/101.jpeg" alt="" width="169" height="300" /> <img class="alignnone size-medium wp-image-2917" src="http://valparaiso.com.mx/wp-content/uploads/2020/08/100.jpeg" alt="" width="169" height="300" /> <img class="alignnone size-medium wp-image-2916" src="http://valparaiso.com.mx/wp-content/uploads/2020/08/99.jpeg" alt="" width="300" height="300" /> <img class="alignnone size-medium wp-image-2915" src="http://valparaiso.com.mx/wp-content/uploads/2020/08/98.jpeg" alt="" width="300" height="264" /> <img class="alignnone size-medium wp-image-2914" src="http://valparaiso.com.mx/wp-content/uploads/2020/08/97.jpeg" alt="" width="300" height="242" /> <img class="alignnone size-medium wp-image-2913" src="http://valparaiso.com.mx/wp-content/uploads/2020/08/96.jpeg" alt="" width="200" height="300" /> <img class="alignnone size-medium wp-image-2912" src="http://valparaiso.com.mx/wp-content/uploads/2020/08/95.jpeg" alt="" width="200" height="300" /> <img class="alignnone size-medium wp-image-2911" src="http://valparaiso.com.mx/wp-content/uploads/2020/08/94.jpeg" alt="" width="200" height="300" /> <img class="alignnone size-medium wp-image-2910" src="http://valparaiso.com.mx/wp-content/uploads/2020/08/93.jpeg" alt="" width="225" height="300" /> <img class="alignnone size-medium wp-image-2909" src="http://valparaiso.com.mx/wp-content/uploads/2020/08/92.jpeg" alt="" width="300" height="169" /> <img class="alignnone size-medium wp-image-2908" src="http://valparaiso.com.mx/wp-content/uploads/2020/08/91.jpeg" alt="" width="300" height="225" /> <img class="alignnone size-medium wp-image-2907" src="http://valparaiso.com.mx/wp-content/uploads/2020/08/90.jpeg" alt="" width="300" height="165" /> <img class="alignnone size-medium wp-image-2906" src="http://valparaiso.com.mx/wp-content/uploads/2020/08/89.jpeg" alt="" width="262" height="300" /> <img class="alignnone size-medium wp-image-2905" src="http://valparaiso.com.mx/wp-content/uploads/2020/08/88.jpeg" alt="" width="225" height="300" /> <img class="alignnone size-medium wp-image-2904" src="http://valparaiso.com.mx/wp-content/uploads/2020/08/87.jpeg" alt="" width="225" height="300" /> <img class="alignnone size-medium wp-image-2903" src="http://valparaiso.com.mx/wp-content/uploads/2020/08/86.jpeg" alt="" width="225" height="300" /> <img class="alignnone size-medium wp-image-2902" src="http://valparaiso.com.mx/wp-content/uploads/2020/08/85.jpeg" alt="" width="300" height="146" /> <img class="alignnone size-medium wp-image-2901" src="http://valparaiso.com.mx/wp-content/uploads/2020/08/84.jpeg" alt="" width="300" height="246" /> <img class="alignnone size-medium wp-image-2900" src="http://valparaiso.com.mx/wp-content/uploads/2020/08/83.jpeg" alt="" width="300" height="201" /> <img class="alignnone size-medium wp-image-2899" src="http://valparaiso.com.mx/wp-content/uploads/2020/08/82.jpeg" alt="" width="300" height="230" /> <img class="alignnone size-medium wp-image-2898" src="http://valparaiso.com.mx/wp-content/uploads/2020/08/81.jpeg" alt="" width="300" height="206" /> <img class="alignnone size-medium wp-image-2897" src="http://valparaiso.com.mx/wp-content/uploads/2020/08/80.jpeg" alt="" width="169" height="300" /> <img class="alignnone size-medium wp-image-2896" src="http://valparaiso.com.mx/wp-content/uploads/2020/08/79.jpeg" alt="" width="292" height="300" /> <img class="alignnone size-medium wp-image-2895" src="http://valparaiso.com.mx/wp-content/uploads/2020/08/78.jpeg" alt="" width="225" height="300" /> <img class="alignnone size-medium wp-image-2894" src="http://valparaiso.com.mx/wp-content/uploads/2020/08/77.jpeg" alt="" width="225" height="300" /> <img class="alignnone size-medium wp-image-2893" src="http://valparaiso.com.mx/wp-content/uploads/2020/08/76.jpeg" alt="" width="300" height="225" /> <img class="alignnone size-medium wp-image-2892" src="http://valparaiso.com.mx/wp-content/uploads/2020/08/75.jpeg" alt="" width="300" height="228" /> <img class="alignnone size-medium wp-image-2891" src="http://valparaiso.com.mx/wp-content/uploads/2020/08/74.jpeg" alt="" width="225" height="300" /><img class="alignnone size-full wp-image-2920" src="http://valparaiso.com.mx/wp-content/uploads/2020/08/103.jpeg" alt="" width="657" height="1280" /> <img class="alignnone size-full wp-image-2949" src="http://valparaiso.com.mx/wp-content/uploads/2020/08/132.jpeg" alt="" width="1280" height="622" /> <img class="alignnone size-medium wp-image-2948" src="http://valparaiso.com.mx/wp-content/uploads/2020/08/131.jpeg" alt="" width="169" height="300" /> <img class="alignnone size-medium wp-image-2947" src="http://valparaiso.com.mx/wp-content/uploads/2020/08/130.jpeg" alt="" width="169" height="300" /> <img class="alignnone size-medium wp-image-2946" src="http://valparaiso.com.mx/wp-content/uploads/2020/08/129.jpeg" alt="" width="300" height="169" /> <img class="alignnone size-medium wp-image-2945" src="http://valparaiso.com.mx/wp-content/uploads/2020/08/128.jpeg" alt="" width="300" height="225" /> <img class="alignnone size-medium wp-image-2944" src="http://valparaiso.com.mx/wp-content/uploads/2020/08/127.jpeg" alt="" width="295" height="300" /> <img class="alignnone size-medium wp-image-2943" src="http://valparaiso.com.mx/wp-content/uploads/2020/08/126.jpeg" alt="" width="300" height="225" /> <img class="alignnone size-medium wp-image-2942" src="http://valparaiso.com.mx/wp-content/uploads/2020/08/125.jpeg" alt="" width="300" height="146" /> <img class="alignnone size-medium wp-image-2941" src="http://valparaiso.com.mx/wp-content/uploads/2020/08/124.jpeg" alt="" width="300" height="268" /> <img class="alignnone size-medium wp-image-2940" src="http://valparaiso.com.mx/wp-content/uploads/2020/08/123.jpeg" alt="" width="146" height="300" /> <img class="alignnone size-medium wp-image-2939" src="http://valparaiso.com.mx/wp-content/uploads/2020/08/122.jpeg" alt="" width="225" height="300" /> <img class="alignnone size-medium wp-image-2938" src="http://valparaiso.com.mx/wp-content/uploads/2020/08/121.jpeg" alt="" width="300" height="142" /> <img class="alignnone size-medium wp-image-2937" src="http://valparaiso.com.mx/wp-content/uploads/2020/08/120.jpeg" alt="" width="146" height="300" /> <img class="alignnone size-medium wp-image-2936" src="http://valparaiso.com.mx/wp-content/uploads/2020/08/119.jpeg" alt="" width="300" height="169" /> <img class="alignnone size-medium wp-image-2935" src="http://valparaiso.com.mx/wp-content/uploads/2020/08/118.jpeg" alt="" width="225" height="300" /> <img class="alignnone size-medium wp-image-2934" src="http://valparaiso.com.mx/wp-content/uploads/2020/08/117.jpeg" alt="" width="169" height="300" /> <img class="alignnone size-medium wp-image-2933" src="http://valparaiso.com.mx/wp-content/uploads/2020/08/116.jpeg" alt="" width="300" height="225" /> <img class="alignnone size-medium wp-image-2932" src="http://valparaiso.com.mx/wp-content/uploads/2020/08/115.jpeg" alt="" width="300" height="225" /> <img class="alignnone size-medium wp-image-2931" src="http://valparaiso.com.mx/wp-content/uploads/2020/08/114.jpeg" alt="" width="300" height="200" /> <img class="alignnone size-medium wp-image-2930" src="http://valparaiso.com.mx/wp-content/uploads/2020/08/113.jpeg" alt="" width="300" height="225" /> <img class="alignnone size-medium wp-image-2929" src="http://valparaiso.com.mx/wp-content/uploads/2020/08/112.jpeg" alt="" width="225" height="300" /> <img class="alignnone size-medium wp-image-2928" src="http://valparaiso.com.mx/wp-content/uploads/2020/08/111.jpeg" alt="" width="246" height="300" /> <img class="alignnone size-medium wp-image-2927" src="http://valparaiso.com.mx/wp-content/uploads/2020/08/110.jpeg" alt="" width="300" height="220" /> <img class="alignnone size-medium wp-image-2926" src="http://valparaiso.com.mx/wp-content/uploads/2020/08/109.jpeg" alt="" width="300" height="247" /> <img class="alignnone size-medium wp-image-2925" src="http://valparaiso.com.mx/wp-content/uploads/2020/08/108.jpeg" alt="" width="300" height="146" /> <img class="alignnone size-medium wp-image-2924" src="http://valparaiso.com.mx/wp-content/uploads/2020/08/107.jpeg" alt="" width="300" height="183" /> <img class="alignnone size-medium wp-image-2923" src="http://valparaiso.com.mx/wp-content/uploads/2020/08/106.jpeg" alt="" width="300" height="200" /> <img class="alignnone size-medium wp-image-2922" src="http://valparaiso.com.mx/wp-content/uploads/2020/08/105.jpeg" alt="" width="300" height="225" /> <img class="alignnone size-medium wp-image-2921" src="http://valparaiso.com.mx/wp-content/uploads/2020/08/104.jpeg" alt="" width="225" height="300" /><img class="alignnone size-full wp-image-2950" src="http://valparaiso.com.mx/wp-content/uploads/2020/08/133.jpeg" alt="" width="1040" height="780" /> <img class="alignnone size-full wp-image-2969" src="http://valparaiso.com.mx/wp-content/uploads/2020/08/153-1.jpeg" alt="" width="768" height="1024" /> <img class="alignnone size-medium wp-image-2968" src="http://valparaiso.com.mx/wp-content/uploads/2020/08/152-1.jpeg" alt="" width="300" height="225" /> <img class="alignnone size-medium wp-image-2967" src="http://valparaiso.com.mx/wp-content/uploads/2020/08/151-1.jpeg" alt="" width="300" height="138" /> <img class="alignnone size-medium wp-image-2966" src="http://valparaiso.com.mx/wp-content/uploads/2020/08/150-1.jpeg" alt="" width="300" height="225" /> <img class="alignnone size-medium wp-image-2965" src="http://valparaiso.com.mx/wp-content/uploads/2020/08/149-1.jpeg" alt="" width="169" height="300" /> <img class="alignnone size-medium wp-image-2964" src="http://valparaiso.com.mx/wp-content/uploads/2020/08/148-1.jpeg" alt="" width="225" height="300" /> <img class="alignnone size-medium wp-image-2963" src="http://valparaiso.com.mx/wp-content/uploads/2020/08/147-1.jpeg" alt="" width="300" height="200" /> <img class="alignnone size-medium wp-image-2962" src="http://valparaiso.com.mx/wp-content/uploads/2020/08/146-1.jpeg" alt="" width="225" height="300" /> <img class="alignnone size-medium wp-image-2961" src="http://valparaiso.com.mx/wp-content/uploads/2020/08/145-1.jpeg" alt="" width="296" height="300" /> <img class="alignnone size-medium wp-image-2960" src="http://valparaiso.com.mx/wp-content/uploads/2020/08/143.jpeg" alt="" width="169" height="300" /> <img class="alignnone size-medium wp-image-2959" src="http://valparaiso.com.mx/wp-content/uploads/2020/08/142.jpeg" alt="" width="225" height="300" /> <img class="alignnone size-medium wp-image-2958" src="http://valparaiso.com.mx/wp-content/uploads/2020/08/141.jpeg" alt="" width="300" height="225" /> <img class="alignnone size-medium wp-image-2957" src="http://valparaiso.com.mx/wp-content/uploads/2020/08/140.jpeg" alt="" width="300" height="225" /> <img class="alignnone size-medium wp-image-2956" src="http://valparaiso.com.mx/wp-content/uploads/2020/08/139.jpeg" alt="" width="300" height="169" /> <img class="alignnone size-medium wp-image-2955" src="http://valparaiso.com.mx/wp-content/uploads/2020/08/138.jpeg" alt="" width="225" height="300" /> <img class="alignnone size-medium wp-image-2954" src="http://valparaiso.com.mx/wp-content/uploads/2020/08/137.jpeg" alt="" width="225" height="300" /> <img class="alignnone size-medium wp-image-2953" src="http://valparaiso.com.mx/wp-content/uploads/2020/08/136.jpeg" alt="" width="300" height="200" /> <img class="alignnone size-medium wp-image-2952" src="http://valparaiso.com.mx/wp-content/uploads/2020/08/135.jpeg" alt="" width="300" height="225" /> <img class="alignnone size-medium wp-image-2951" src="http://valparaiso.com.mx/wp-content/uploads/2020/08/134.jpeg" alt="" width="255" height="300" /><img class="alignnone size-full wp-image-2970" src="http://valparaiso.com.mx/wp-content/uploads/2020/08/154-1.jpeg" alt="" width="960" height="1280" /> <img class="alignnone size-full wp-image-2999" src="http://valparaiso.com.mx/wp-content/uploads/2020/08/183.jpeg" alt="" width="960" height="1280" /> <img class="alignnone size-medium wp-image-2998" src="http://valparaiso.com.mx/wp-content/uploads/2020/08/182.jpeg" alt="" width="300" height="162" /> <img class="alignnone size-medium wp-image-2997" src="http://valparaiso.com.mx/wp-content/uploads/2020/08/181.jpeg" alt="" width="300" height="266" /> <img class="alignnone size-medium wp-image-2996" src="http://valparaiso.com.mx/wp-content/uploads/2020/08/180.jpeg" alt="" width="300" height="225" /> <img class="alignnone size-medium wp-image-2995" src="http://valparaiso.com.mx/wp-content/uploads/2020/08/179.jpeg" alt="" width="300" height="225" /> <img class="alignnone size-medium wp-image-2994" src="http://valparaiso.com.mx/wp-content/uploads/2020/08/178.jpeg" alt="" width="300" height="215" /> <img class="alignnone size-medium wp-image-2993" src="http://valparaiso.com.mx/wp-content/uploads/2020/08/177.jpeg" alt="" width="300" height="225" /> <img class="alignnone size-medium wp-image-2992" src="http://valparaiso.com.mx/wp-content/uploads/2020/08/176.jpeg" alt="" width="300" height="169" /> <img class="alignnone size-medium wp-image-2991" src="http://valparaiso.com.mx/wp-content/uploads/2020/08/175.jpeg" alt="" width="300" height="226" /> <img class="alignnone size-medium wp-image-2990" src="http://valparaiso.com.mx/wp-content/uploads/2020/08/174.jpeg" alt="" width="225" height="300" /> <img class="alignnone size-medium wp-image-2989" src="http://valparaiso.com.mx/wp-content/uploads/2020/08/173.jpeg" alt="" width="225" height="300" /> <img class="alignnone size-medium wp-image-2988" src="http://valparaiso.com.mx/wp-content/uploads/2020/08/172.jpeg" alt="" width="300" height="300" /> <img class="alignnone size-medium wp-image-2987" src="http://valparaiso.com.mx/wp-content/uploads/2020/08/171.jpeg" alt="" width="300" height="225" /> <img class="alignnone size-medium wp-image-2986" src="http://valparaiso.com.mx/wp-content/uploads/2020/08/170.jpeg" alt="" width="300" height="233" /> <img class="alignnone size-medium wp-image-2985" src="http://valparaiso.com.mx/wp-content/uploads/2020/08/169.jpeg" alt="" width="225" height="300" /> <img class="alignnone size-medium wp-image-2984" src="http://valparaiso.com.mx/wp-content/uploads/2020/08/168.jpeg" alt="" width="300" height="169" /> <img class="alignnone size-medium wp-image-2983" src="http://valparaiso.com.mx/wp-content/uploads/2020/08/167.jpeg" alt="" width="300" height="146" /> <img class="alignnone size-medium wp-image-2982" src="http://valparaiso.com.mx/wp-content/uploads/2020/08/166.jpeg" alt="" width="300" height="139" /> <img class="alignnone size-medium wp-image-2981" src="http://valparaiso.com.mx/wp-content/uploads/2020/08/165.jpeg" alt="" width="251" height="300" /> <img class="alignnone size-medium wp-image-2980" src="http://valparaiso.com.mx/wp-content/uploads/2020/08/164.jpeg" alt="" width="169" height="300" /> <img class="alignnone size-medium wp-image-2979" src="http://valparaiso.com.mx/wp-content/uploads/2020/08/163-1.jpeg" alt="" width="300" height="225" /> <img class="alignnone size-medium wp-image-2978" src="http://valparaiso.com.mx/wp-content/uploads/2020/08/162-1.jpeg" alt="" width="225" height="300" /> <img class="alignnone size-medium wp-image-2977" src="http://valparaiso.com.mx/wp-content/uploads/2020/08/161-1.jpeg" alt="" width="169" height="300" /> <img class="alignnone size-medium wp-image-2976" src="http://valparaiso.com.mx/wp-content/uploads/2020/08/160-1.jpeg" alt="" width="225" height="300" /> <img class="alignnone size-medium wp-image-2975" src="http://valparaiso.com.mx/wp-content/uploads/2020/08/159-1.jpeg" alt="" width="225" height="300" /> <img class="alignnone size-medium wp-image-2974" src="http://valparaiso.com.mx/wp-content/uploads/2020/08/158-1.jpeg" alt="" width="300" height="169" /> <img class="alignnone size-medium wp-image-2973" src="http://valparaiso.com.mx/wp-content/uploads/2020/08/157-1.jpeg" alt="" width="300" height="225" /> <img class="alignnone size-medium wp-image-2972" src="http://valparaiso.com.mx/wp-content/uploads/2020/08/156-1.jpeg" alt="" width="169" height="300" /> <img class="alignnone size-medium wp-image-2971" src="http://valparaiso.com.mx/wp-content/uploads/2020/08/155-1.jpeg" alt="" width="300" height="202" /><img class="alignnone size-full wp-image-3000" src="http://valparaiso.com.mx/wp-content/uploads/2020/08/184.jpeg" alt="" width="960" height="1280" /> <img class="alignnone size-full wp-image-3009" src="http://valparaiso.com.mx/wp-content/uploads/2020/08/193.jpeg" alt="" width="1280" height="853" /> <img class="alignnone size-medium wp-image-3008" src="http://valparaiso.com.mx/wp-content/uploads/2020/08/192.jpeg" alt="" width="138" height="300" /> <img class="alignnone size-medium wp-image-3007" src="http://valparaiso.com.mx/wp-content/uploads/2020/08/191.jpeg" alt="" width="169" height="300" /> <img class="alignnone size-medium wp-image-3006" src="http://valparaiso.com.mx/wp-content/uploads/2020/08/190.jpeg" alt="" width="169" height="300" /> <img class="alignnone size-medium wp-image-3005" src="http://valparaiso.com.mx/wp-content/uploads/2020/08/189.jpeg" alt="" width="169" height="300" /> <img class="alignnone size-medium wp-image-3004" src="http://valparaiso.com.mx/wp-content/uploads/2020/08/188.jpeg" alt="" width="225" height="300" /> <img class="alignnone size-medium wp-image-3003" src="http://valparaiso.com.mx/wp-content/uploads/2020/08/187.jpeg" alt="" width="169" height="300" /> <img class="alignnone size-medium wp-image-3002" src="http://valparaiso.com.mx/wp-content/uploads/2020/08/186.jpeg" alt="" width="225" height="300" /> <img class="alignnone size-medium wp-image-3001" src="http://valparaiso.com.mx/wp-content/uploads/2020/08/185.jpeg" alt="" width="169" height="300" />]]></content:encoded>
		<excerpt:encoded><![CDATA[]]></excerpt:encoded>
		<wp:post_id>767</wp:post_id>
		<wp:post_date><![CDATA[2020-08-24 00:00:02]]></wp:post_date>
		<wp:post_date_gmt><![CDATA[2020-08-24 00:00:02]]></wp:post_date_gmt>
		<wp:post_modified><![CDATA[2020-08-24 00:00:02]]></wp:post_modified>
		<wp:post_modified_gmt><![CDATA[2020-08-24 00:00:02]]></wp:post_modified_gmt>
		<wp:comment_status><![CDATA[open]]></wp:comment_status>
		<wp:ping_status><![CDATA[closed]]></wp:ping_status>
		<wp:post_name><![CDATA[gonzalo-carmona-zuniga]]></wp:post_name>
		<wp:status><![CDATA[publish]]></wp:status>
		<wp:post_parent>0</wp:post_parent>
		<wp:menu_order>0</wp:menu_order>
		<wp:post_type><![CDATA[valpa_obituario_pt]]></wp:post_type>
		<wp:post_password><![CDATA[]]></wp:post_password>
		<wp:is_sticky>0</wp:is_sticky>
														<wp:postmeta>
		<wp:meta_key><![CDATA[_wp_old_date]]></wp:meta_key>
		<wp:meta_value><![CDATA[2020-08-28]]></wp:meta_value>
		</wp:postmeta>
							<wp:postmeta>
		<wp:meta_key><![CDATA[valpa_no_homenaje_meta]]></wp:meta_key>
		<wp:meta_value><![CDATA[0020000413]]></wp:meta_value>
		</wp:postmeta>
							<wp:postmeta>
		<wp:meta_key><![CDATA[valpa_nacimiento_dia_meta]]></wp:meta_key>
		<wp:meta_value><![CDATA[26]]></wp:meta_value>
		</wp:postmeta>
							<wp:postmeta>
		<wp:meta_key><![CDATA[valpa_nacimiento_mes_meta]]></wp:meta_key>
		<wp:meta_value><![CDATA[10]]></wp:meta_value>
		</wp:postmeta>
							<wp:postmeta>
		<wp:meta_key><![CDATA[valpa_nacimiento_ano_meta]]></wp:meta_key>
		<wp:meta_value><![CDATA[1936]]></wp:meta_value>
		</wp:postmeta>
							<wp:postmeta>
		<wp:meta_key><![CDATA[post_views_count]]></wp:meta_key>
		<wp:meta_value><![CDATA[85]]></wp:meta_value>
		</wp:postmeta>
							</item>
					<item>
		<title><![CDATA[Alma Delia Lopez Rodriguez]]></title>
		<link>http://localhost/sass-wp/obituario/alma-delia-lopez-rodriguez/</link>
		<pubDate>Mon, 24 Aug 2020 00:00:13 +0000</pubDate>
		<dc:creator><![CDATA[webmaster]]></dc:creator>
		<guid isPermaLink="false">http://valparaiso.com.mx/?post_type=valpa_obituario_pt&#038;p=766</guid>
		<description></description>
		<content:encoded><![CDATA[]]></content:encoded>
		<excerpt:encoded><![CDATA[]]></excerpt:encoded>
		<wp:post_id>766</wp:post_id>
		<wp:post_date><![CDATA[2020-08-24 00:00:13]]></wp:post_date>
		<wp:post_date_gmt><![CDATA[2020-08-24 00:00:13]]></wp:post_date_gmt>
		<wp:post_modified><![CDATA[2020-08-24 00:00:13]]></wp:post_modified>
		<wp:post_modified_gmt><![CDATA[2020-08-24 00:00:13]]></wp:post_modified_gmt>
		<wp:comment_status><![CDATA[open]]></wp:comment_status>
		<wp:ping_status><![CDATA[closed]]></wp:ping_status>
		<wp:post_name><![CDATA[alma-delia-lopez-rodriguez]]></wp:post_name>
		<wp:status><![CDATA[publish]]></wp:status>
		<wp:post_parent>0</wp:post_parent>
		<wp:menu_order>0</wp:menu_order>
		<wp:post_type><![CDATA[valpa_obituario_pt]]></wp:post_type>
		<wp:post_password><![CDATA[]]></wp:post_password>
		<wp:is_sticky>0</wp:is_sticky>
														<wp:postmeta>
		<wp:meta_key><![CDATA[_wp_old_date]]></wp:meta_key>
		<wp:meta_value><![CDATA[2020-08-28]]></wp:meta_value>
		</wp:postmeta>
							<wp:postmeta>
		<wp:meta_key><![CDATA[valpa_no_homenaje_meta]]></wp:meta_key>
		<wp:meta_value><![CDATA[0020000412]]></wp:meta_value>
		</wp:postmeta>
							<wp:postmeta>
		<wp:meta_key><![CDATA[valpa_nacimiento_dia_meta]]></wp:meta_key>
		<wp:meta_value><![CDATA[26]]></wp:meta_value>
		</wp:postmeta>
							<wp:postmeta>
		<wp:meta_key><![CDATA[valpa_nacimiento_mes_meta]]></wp:meta_key>
		<wp:meta_value><![CDATA[12]]></wp:meta_value>
		</wp:postmeta>
							<wp:postmeta>
		<wp:meta_key><![CDATA[valpa_nacimiento_ano_meta]]></wp:meta_key>
		<wp:meta_value><![CDATA[1988]]></wp:meta_value>
		</wp:postmeta>
							<wp:postmeta>
		<wp:meta_key><![CDATA[post_views_count]]></wp:meta_key>
		<wp:meta_value><![CDATA[59]]></wp:meta_value>
		</wp:postmeta>
							</item>
					<item>
		<title><![CDATA[JosÃ© FÃ©lix Ibarra JimÃ©nez]]></title>
		<link>http://localhost/sass-wp/obituario/jose-felix-ybarra-jimenez/</link>
		<pubDate>Tue, 25 Aug 2020 00:00:38 +0000</pubDate>
		<dc:creator><![CDATA[webmaster]]></dc:creator>
		<guid isPermaLink="false">http://valparaiso.com.mx/?post_type=valpa_obituario_pt&#038;p=768</guid>
		<description></description>
		<content:encoded><![CDATA[TE DIGO ADIOS PARA TODA LA VIDA, PERO TODA LA VIDA SEGUIRE PENSANDO EN TI]]></content:encoded>
		<excerpt:encoded><![CDATA[]]></excerpt:encoded>
		<wp:post_id>768</wp:post_id>
		<wp:post_date><![CDATA[2020-08-25 00:00:38]]></wp:post_date>
		<wp:post_date_gmt><![CDATA[2020-08-25 00:00:38]]></wp:post_date_gmt>
		<wp:post_modified><![CDATA[2020-08-25 00:00:38]]></wp:post_modified>
		<wp:post_modified_gmt><![CDATA[2020-08-25 00:00:38]]></wp:post_modified_gmt>
		<wp:comment_status><![CDATA[open]]></wp:comment_status>
		<wp:ping_status><![CDATA[closed]]></wp:ping_status>
		<wp:post_name><![CDATA[jose-felix-ybarra-jimenez]]></wp:post_name>
		<wp:status><![CDATA[publish]]></wp:status>
		<wp:post_parent>0</wp:post_parent>
		<wp:menu_order>0</wp:menu_order>
		<wp:post_type><![CDATA[valpa_obituario_pt]]></wp:post_type>
		<wp:post_password><![CDATA[]]></wp:post_password>
		<wp:is_sticky>0</wp:is_sticky>
														<wp:postmeta>
		<wp:meta_key><![CDATA[_edit_last]]></wp:meta_key>
		<wp:meta_value><![CDATA[1]]></wp:meta_value>
		</wp:postmeta>
							<wp:postmeta>
		<wp:meta_key><![CDATA[_wp_old_date]]></wp:meta_key>
		<wp:meta_value><![CDATA[2020-08-28]]></wp:meta_value>
		</wp:postmeta>
							<wp:postmeta>
		<wp:meta_key><![CDATA[valpa_no_homenaje_meta]]></wp:meta_key>
		<wp:meta_value><![CDATA[0020000414]]></wp:meta_value>
		</wp:postmeta>
							<wp:postmeta>
		<wp:meta_key><![CDATA[valpa_nacimiento_dia_meta]]></wp:meta_key>
		<wp:meta_value><![CDATA[10]]></wp:meta_value>
		</wp:postmeta>
							<wp:postmeta>
		<wp:meta_key><![CDATA[valpa_nacimiento_mes_meta]]></wp:meta_key>
		<wp:meta_value><![CDATA[07]]></wp:meta_value>
		</wp:postmeta>
							<wp:postmeta>
		<wp:meta_key><![CDATA[valpa_nacimiento_ano_meta]]></wp:meta_key>
		<wp:meta_value><![CDATA[1950]]></wp:meta_value>
		</wp:postmeta>
							<wp:postmeta>
		<wp:meta_key><![CDATA[post_views_count]]></wp:meta_key>
		<wp:meta_value><![CDATA[87]]></wp:meta_value>
		</wp:postmeta>
							<wp:postmeta>
		<wp:meta_key><![CDATA[_thumbnail_id]]></wp:meta_key>
		<wp:meta_value><![CDATA[5401]]></wp:meta_value>
		</wp:postmeta>
							<wp:postmeta>
		<wp:meta_key><![CDATA[sucursal_relacionada_meta]]></wp:meta_key>
		<wp:meta_value><![CDATA[a:1:{i:0;s:2:"22";}]]></wp:meta_value>
		</wp:postmeta>
							<wp:postmeta>
		<wp:meta_key><![CDATA[servicio_relacionado_meta]]></wp:meta_key>
		<wp:meta_value><![CDATA[a:1:{i:0;s:9:"Domicilio";}]]></wp:meta_value>
		</wp:postmeta>
							</item>
					<item>
		<title><![CDATA[Cecilia Guadalupe Gutierrez Salinas]]></title>
		<link>http://localhost/sass-wp/obituario/cecilia-guadalupe-gutierrez-salinas/</link>
		<pubDate>Wed, 26 Aug 2020 00:00:38 +0000</pubDate>
		<dc:creator><![CDATA[webmaster]]></dc:creator>
		<guid isPermaLink="false">http://valparaiso.com.mx/?post_type=valpa_obituario_pt&#038;p=769</guid>
		<description></description>
		<content:encoded><![CDATA[]]></content:encoded>
		<excerpt:encoded><![CDATA[]]></excerpt:encoded>
		<wp:post_id>769</wp:post_id>
		<wp:post_date><![CDATA[2020-08-26 00:00:38]]></wp:post_date>
		<wp:post_date_gmt><![CDATA[2020-08-26 00:00:38]]></wp:post_date_gmt>
		<wp:post_modified><![CDATA[2020-08-26 00:00:38]]></wp:post_modified>
		<wp:post_modified_gmt><![CDATA[2020-08-26 00:00:38]]></wp:post_modified_gmt>
		<wp:comment_status><![CDATA[open]]></wp:comment_status>
		<wp:ping_status><![CDATA[closed]]></wp:ping_status>
		<wp:post_name><![CDATA[cecilia-guadalupe-gutierrez-salinas]]></wp:post_name>
		<wp:status><![CDATA[publish]]></wp:status>
		<wp:post_parent>0</wp:post_parent>
		<wp:menu_order>0</wp:menu_order>
		<wp:post_type><![CDATA[valpa_obituario_pt]]></wp:post_type>
		<wp:post_password><![CDATA[]]></wp:post_password>
		<wp:is_sticky>0</wp:is_sticky>
														<wp:postmeta>
		<wp:meta_key><![CDATA[_wp_old_date]]></wp:meta_key>
		<wp:meta_value><![CDATA[2020-08-28]]></wp:meta_value>
		</wp:postmeta>
							<wp:postmeta>
		<wp:meta_key><![CDATA[valpa_no_homenaje_meta]]></wp:meta_key>
		<wp:meta_value><![CDATA[0020000415]]></wp:meta_value>
		</wp:postmeta>
							<wp:postmeta>
		<wp:meta_key><![CDATA[valpa_nacimiento_dia_meta]]></wp:meta_key>
		<wp:meta_value><![CDATA[22]]></wp:meta_value>
		</wp:postmeta>
							<wp:postmeta>
		<wp:meta_key><![CDATA[valpa_nacimiento_mes_meta]]></wp:meta_key>
		<wp:meta_value><![CDATA[11]]></wp:meta_value>
		</wp:postmeta>
							<wp:postmeta>
		<wp:meta_key><![CDATA[valpa_nacimiento_ano_meta]]></wp:meta_key>
		<wp:meta_value><![CDATA[1957]]></wp:meta_value>
		</wp:postmeta>
							<wp:postmeta>
		<wp:meta_key><![CDATA[post_views_count]]></wp:meta_key>
		<wp:meta_value><![CDATA[50]]></wp:meta_value>
		</wp:postmeta>
							</item>
					<item>
		<title><![CDATA[Isidra Medina Cristobal]]></title>
		<link>http://localhost/sass-wp/obituario/isidra-medina-cristobal/</link>
		<pubDate>Wed, 26 Aug 2020 00:00:32 +0000</pubDate>
		<dc:creator><![CDATA[webmaster]]></dc:creator>
		<guid isPermaLink="false">http://valparaiso.com.mx/?post_type=valpa_obituario_pt&#038;p=770</guid>
		<description></description>
		<content:encoded><![CDATA[]]></content:encoded>
		<excerpt:encoded><![CDATA[]]></excerpt:encoded>
		<wp:post_id>770</wp:post_id>
		<wp:post_date><![CDATA[2020-08-26 00:00:32]]></wp:post_date>
		<wp:post_date_gmt><![CDATA[2020-08-26 00:00:32]]></wp:post_date_gmt>
		<wp:post_modified><![CDATA[2020-08-26 00:00:32]]></wp:post_modified>
		<wp:post_modified_gmt><![CDATA[2020-08-26 00:00:32]]></wp:post_modified_gmt>
		<wp:comment_status><![CDATA[open]]></wp:comment_status>
		<wp:ping_status><![CDATA[closed]]></wp:ping_status>
		<wp:post_name><![CDATA[isidra-medina-cristobal]]></wp:post_name>
		<wp:status><![CDATA[publish]]></wp:status>
		<wp:post_parent>0</wp:post_parent>
		<wp:menu_order>0</wp:menu_order>
		<wp:post_type><![CDATA[valpa_obituario_pt]]></wp:post_type>
		<wp:post_password><![CDATA[]]></wp:post_password>
		<wp:is_sticky>0</wp:is_sticky>
														<wp:postmeta>
		<wp:meta_key><![CDATA[_wp_old_date]]></wp:meta_key>
		<wp:meta_value><![CDATA[2020-08-28]]></wp:meta_value>
		</wp:postmeta>
							<wp:postmeta>
		<wp:meta_key><![CDATA[valpa_no_homenaje_meta]]></wp:meta_key>
		<wp:meta_value><![CDATA[0020000416]]></wp:meta_value>
		</wp:postmeta>
							<wp:postmeta>
		<wp:meta_key><![CDATA[valpa_nacimiento_dia_meta]]></wp:meta_key>
		<wp:meta_value><![CDATA[15]]></wp:meta_value>
		</wp:postmeta>
							<wp:postmeta>
		<wp:meta_key><![CDATA[valpa_nacimiento_mes_meta]]></wp:meta_key>
		<wp:meta_value><![CDATA[05]]></wp:meta_value>
		</wp:postmeta>
							<wp:postmeta>
		<wp:meta_key><![CDATA[valpa_nacimiento_ano_meta]]></wp:meta_key>
		<wp:meta_value><![CDATA[1930]]></wp:meta_value>
		</wp:postmeta>
							<wp:postmeta>
		<wp:meta_key><![CDATA[post_views_count]]></wp:meta_key>
		<wp:meta_value><![CDATA[72]]></wp:meta_value>
		</wp:postmeta>
							</item>
					<item>
		<title><![CDATA[Rafael Rodolfo Laureles Sanabria]]></title>
		<link>http://localhost/sass-wp/obituario/rafael-rodolfo-laureles-sanabria/</link>
		<pubDate>Wed, 26 Aug 2020 00:00:19 +0000</pubDate>
		<dc:creator><![CDATA[webmaster]]></dc:creator>
		<guid isPermaLink="false">http://valparaiso.com.mx/?post_type=valpa_obituario_pt&#038;p=771</guid>
		<description></description>
		<content:encoded><![CDATA[<img class="alignnone size-full wp-image-3011" src="http://valparaiso.com.mx/wp-content/uploads/2020/08/1-6.jpeg" alt="" width="820" height="1280" /> <img class="alignnone size-medium wp-image-3012" src="http://valparaiso.com.mx/wp-content/uploads/2020/08/2-5.jpeg" alt="" width="300" height="300" /> <img class="alignnone size-medium wp-image-3013" src="http://valparaiso.com.mx/wp-content/uploads/2020/08/3-5.jpeg" alt="" width="180" height="300" /> <img class="alignnone size-medium wp-image-3014" src="http://valparaiso.com.mx/wp-content/uploads/2020/08/4-6.jpeg" alt="" width="300" height="210" /> <img class="alignnone size-medium wp-image-3015" src="http://valparaiso.com.mx/wp-content/uploads/2020/08/5-6.jpeg" alt="" width="225" height="300" /> <img class="alignnone size-medium wp-image-3016" src="http://valparaiso.com.mx/wp-content/uploads/2020/08/6-6.jpeg" alt="" width="225" height="300" /> <img class="alignnone size-medium wp-image-3017" src="http://valparaiso.com.mx/wp-content/uploads/2020/08/7-5.jpeg" alt="" width="300" height="205" /> <img class="alignnone size-medium wp-image-3018" src="http://valparaiso.com.mx/wp-content/uploads/2020/08/8-5.jpeg" alt="" width="240" height="300" /> <img class="alignnone size-medium wp-image-3019" src="http://valparaiso.com.mx/wp-content/uploads/2020/08/9-5.jpeg" alt="" width="225" height="300" /> <img class="alignnone size-medium wp-image-3020" src="http://valparaiso.com.mx/wp-content/uploads/2020/08/10-5.jpeg" alt="" width="225" height="300" /> <img class="alignnone size-medium wp-image-3021" src="http://valparaiso.com.mx/wp-content/uploads/2020/08/11-5.jpeg" alt="" width="300" height="300" /> <img class="alignnone size-medium wp-image-3022" src="http://valparaiso.com.mx/wp-content/uploads/2020/08/12-6.jpeg" alt="" width="300" height="216" /> <img class="alignnone size-medium wp-image-3023" src="http://valparaiso.com.mx/wp-content/uploads/2020/08/13-7.jpeg" alt="" width="225" height="300" /> <img class="alignnone size-medium wp-image-3024" src="http://valparaiso.com.mx/wp-content/uploads/2020/08/14-7.jpeg" alt="" width="225" height="300" /> <img class="alignnone size-medium wp-image-3025" src="http://valparaiso.com.mx/wp-content/uploads/2020/08/15-7.jpeg" alt="" width="300" height="300" /> <img class="alignnone size-medium wp-image-3026" src="http://valparaiso.com.mx/wp-content/uploads/2020/08/16-7.jpeg" alt="" width="225" height="300" /> <img class="alignnone size-medium wp-image-3027" src="http://valparaiso.com.mx/wp-content/uploads/2020/08/17-7.jpeg" alt="" width="275" height="300" /> <img class="alignnone size-medium wp-image-3028" src="http://valparaiso.com.mx/wp-content/uploads/2020/08/18-6.jpeg" alt="" width="300" height="169" /> <img class="alignnone size-medium wp-image-3029" src="http://valparaiso.com.mx/wp-content/uploads/2020/08/19-6.jpeg" alt="" width="225" height="300" /> <img class="alignnone size-medium wp-image-3030" src="http://valparaiso.com.mx/wp-content/uploads/2020/08/20-6.jpeg" alt="" width="225" height="300" /> <img class="alignnone size-medium wp-image-3031" src="http://valparaiso.com.mx/wp-content/uploads/2020/08/21-5.jpeg" alt="" width="211" height="300" /> <img class="alignnone size-medium wp-image-3032" src="http://valparaiso.com.mx/wp-content/uploads/2020/08/22-5.jpeg" alt="" width="300" height="300" /> <img class="alignnone size-medium wp-image-3033" src="http://valparaiso.com.mx/wp-content/uploads/2020/08/23-4.jpeg" alt="" width="300" height="169" /> <img class="alignnone size-medium wp-image-3034" src="http://valparaiso.com.mx/wp-content/uploads/2020/08/24-5.jpeg" alt="" width="300" height="292" /> <img class="alignnone size-medium wp-image-3035" src="http://valparaiso.com.mx/wp-content/uploads/2020/08/25-5.jpeg" alt="" width="300" height="228" /> <img class="alignnone size-medium wp-image-3036" src="http://valparaiso.com.mx/wp-content/uploads/2020/08/26-5.jpeg" alt="" width="264" height="300" /> <img class="alignnone size-medium wp-image-3037" src="http://valparaiso.com.mx/wp-content/uploads/2020/08/27-5.jpeg" alt="" width="300" height="243" /> <img class="alignnone size-medium wp-image-3038" src="http://valparaiso.com.mx/wp-content/uploads/2020/08/28-5.jpeg" alt="" width="300" height="261" /> <img class="alignnone size-medium wp-image-3039" src="http://valparaiso.com.mx/wp-content/uploads/2020/08/29-4.jpeg" alt="" width="300" height="300" /> <img class="alignnone size-medium wp-image-3040" src="http://valparaiso.com.mx/wp-content/uploads/2020/08/30-4.jpeg" alt="" width="300" height="300" /> <img class="alignnone size-medium wp-image-3041" src="http://valparaiso.com.mx/wp-content/uploads/2020/08/31-3.jpeg" alt="" width="300" height="205" /> <img class="alignnone size-medium wp-image-3042" src="http://valparaiso.com.mx/wp-content/uploads/2020/08/32-3.jpeg" alt="" width="300" height="200" /> <img class="alignnone size-medium wp-image-3043" src="http://valparaiso.com.mx/wp-content/uploads/2020/08/33-3.jpeg" alt="" width="300" height="169" />]]></content:encoded>
		<excerpt:encoded><![CDATA[]]></excerpt:encoded>
		<wp:post_id>771</wp:post_id>
		<wp:post_date><![CDATA[2020-08-26 00:00:19]]></wp:post_date>
		<wp:post_date_gmt><![CDATA[2020-08-26 00:00:19]]></wp:post_date_gmt>
		<wp:post_modified><![CDATA[2020-08-26 00:00:19]]></wp:post_modified>
		<wp:post_modified_gmt><![CDATA[2020-08-26 00:00:19]]></wp:post_modified_gmt>
		<wp:comment_status><![CDATA[open]]></wp:comment_status>
		<wp:ping_status><![CDATA[closed]]></wp:ping_status>
		<wp:post_name><![CDATA[rafael-rodolfo-laureles-sanabria]]></wp:post_name>
		<wp:status><![CDATA[publish]]></wp:status>
		<wp:post_parent>0</wp:post_parent>
		<wp:menu_order>0</wp:menu_order>
		<wp:post_type><![CDATA[valpa_obituario_pt]]></wp:post_type>
		<wp:post_password><![CDATA[]]></wp:post_password>
		<wp:is_sticky>0</wp:is_sticky>
														<wp:postmeta>
		<wp:meta_key><![CDATA[_wp_old_date]]></wp:meta_key>
		<wp:meta_value><![CDATA[2020-08-28]]></wp:meta_value>
		</wp:postmeta>
							<wp:postmeta>
		<wp:meta_key><![CDATA[valpa_no_homenaje_meta]]></wp:meta_key>
		<wp:meta_value><![CDATA[0020000417]]></wp:meta_value>
		</wp:postmeta>
							<wp:postmeta>
		<wp:meta_key><![CDATA[valpa_nacimiento_dia_meta]]></wp:meta_key>
		<wp:meta_value><![CDATA[24]]></wp:meta_value>
		</wp:postmeta>
							<wp:postmeta>
		<wp:meta_key><![CDATA[valpa_nacimiento_mes_meta]]></wp:meta_key>
		<wp:meta_value><![CDATA[10]]></wp:meta_value>
		</wp:postmeta>
							<wp:postmeta>
		<wp:meta_key><![CDATA[valpa_nacimiento_ano_meta]]></wp:meta_key>
		<wp:meta_value><![CDATA[1953]]></wp:meta_value>
		</wp:postmeta>
							<wp:postmeta>
		<wp:meta_key><![CDATA[post_views_count]]></wp:meta_key>
		<wp:meta_value><![CDATA[50]]></wp:meta_value>
		</wp:postmeta>
							</item>
					<item>
		<title><![CDATA[Cornelia Sofia Medina Galicia]]></title>
		<link>http://localhost/sass-wp/obituario/cornelia-sofia-medina-galicia/</link>
		<pubDate>Wed, 26 Aug 2020 00:00:15 +0000</pubDate>
		<dc:creator><![CDATA[webmaster]]></dc:creator>
		<guid isPermaLink="false">http://valparaiso.com.mx/?post_type=valpa_obituario_pt&#038;p=772</guid>
		<description></description>
		<content:encoded><![CDATA[]]></content:encoded>
		<excerpt:encoded><![CDATA[]]></excerpt:encoded>
		<wp:post_id>772</wp:post_id>
		<wp:post_date><![CDATA[2020-08-26 00:00:15]]></wp:post_date>
		<wp:post_date_gmt><![CDATA[2020-08-26 00:00:15]]></wp:post_date_gmt>
		<wp:post_modified><![CDATA[2020-08-26 00:00:15]]></wp:post_modified>
		<wp:post_modified_gmt><![CDATA[2020-08-26 00:00:15]]></wp:post_modified_gmt>
		<wp:comment_status><![CDATA[open]]></wp:comment_status>
		<wp:ping_status><![CDATA[closed]]></wp:ping_status>
		<wp:post_name><![CDATA[cornelia-sofia-medina-galicia]]></wp:post_name>
		<wp:status><![CDATA[publish]]></wp:status>
		<wp:post_parent>0</wp:post_parent>
		<wp:menu_order>0</wp:menu_order>
		<wp:post_type><![CDATA[valpa_obituario_pt]]></wp:post_type>
		<wp:post_password><![CDATA[]]></wp:post_password>
		<wp:is_sticky>0</wp:is_sticky>
														<wp:postmeta>
		<wp:meta_key><![CDATA[_wp_old_date]]></wp:meta_key>
		<wp:meta_value><![CDATA[2020-08-28]]></wp:meta_value>
		</wp:postmeta>
							<wp:postmeta>
		<wp:meta_key><![CDATA[valpa_no_homenaje_meta]]></wp:meta_key>
		<wp:meta_value><![CDATA[0020000418]]></wp:meta_value>
		</wp:postmeta>
							<wp:postmeta>
		<wp:meta_key><![CDATA[valpa_nacimiento_dia_meta]]></wp:meta_key>
		<wp:meta_value><![CDATA[16]]></wp:meta_value>
		</wp:postmeta>
							<wp:postmeta>
		<wp:meta_key><![CDATA[valpa_nacimiento_mes_meta]]></wp:meta_key>
		<wp:meta_value><![CDATA[08]]></wp:meta_value>
		</wp:postmeta>
							<wp:postmeta>
		<wp:meta_key><![CDATA[valpa_nacimiento_ano_meta]]></wp:meta_key>
		<wp:meta_value><![CDATA[1931]]></wp:meta_value>
		</wp:postmeta>
							<wp:postmeta>
		<wp:meta_key><![CDATA[post_views_count]]></wp:meta_key>
		<wp:meta_value><![CDATA[47]]></wp:meta_value>
		</wp:postmeta>
							</item>
					<item>
		<title><![CDATA[Ezequiel MuÃ±oz Resendiz]]></title>
		<link>http://localhost/sass-wp/obituario/ezequiel-munoz-resendiz/</link>
		<pubDate>Mon, 24 Aug 2020 00:00:11 +0000</pubDate>
		<dc:creator><![CDATA[webmaster]]></dc:creator>
		<guid isPermaLink="false">http://valparaiso.com.mx/?post_type=valpa_obituario_pt&#038;p=773</guid>
		<description></description>
		<content:encoded><![CDATA[]]></content:encoded>
		<excerpt:encoded><![CDATA[]]></excerpt:encoded>
		<wp:post_id>773</wp:post_id>
		<wp:post_date><![CDATA[2020-08-24 00:00:11]]></wp:post_date>
		<wp:post_date_gmt><![CDATA[2020-08-24 00:00:11]]></wp:post_date_gmt>
		<wp:post_modified><![CDATA[2020-08-24 00:00:11]]></wp:post_modified>
		<wp:post_modified_gmt><![CDATA[2020-08-24 00:00:11]]></wp:post_modified_gmt>
		<wp:comment_status><![CDATA[open]]></wp:comment_status>
		<wp:ping_status><![CDATA[closed]]></wp:ping_status>
		<wp:post_name><![CDATA[ezequiel-munoz-resendiz]]></wp:post_name>
		<wp:status><![CDATA[publish]]></wp:status>
		<wp:post_parent>0</wp:post_parent>
		<wp:menu_order>0</wp:menu_order>
		<wp:post_type><![CDATA[valpa_obituario_pt]]></wp:post_type>
		<wp:post_password><![CDATA[]]></wp:post_password>
		<wp:is_sticky>0</wp:is_sticky>
														<wp:postmeta>
		<wp:meta_key><![CDATA[_wp_old_date]]></wp:meta_key>
		<wp:meta_value><![CDATA[2020-08-28]]></wp:meta_value>
		</wp:postmeta>
							<wp:postmeta>
		<wp:meta_key><![CDATA[valpa_no_homenaje_meta]]></wp:meta_key>
		<wp:meta_value><![CDATA[0020000419]]></wp:meta_value>
		</wp:postmeta>
							<wp:postmeta>
		<wp:meta_key><![CDATA[valpa_nacimiento_dia_meta]]></wp:meta_key>
		<wp:meta_value><![CDATA[10]]></wp:meta_value>
		</wp:postmeta>
							<wp:postmeta>
		<wp:meta_key><![CDATA[valpa_nacimiento_mes_meta]]></wp:meta_key>
		<wp:meta_value><![CDATA[04]]></wp:meta_value>
		</wp:postmeta>
							<wp:postmeta>
		<wp:meta_key><![CDATA[valpa_nacimiento_ano_meta]]></wp:meta_key>
		<wp:meta_value><![CDATA[1962]]></wp:meta_value>
		</wp:postmeta>
							<wp:postmeta>
		<wp:meta_key><![CDATA[post_views_count]]></wp:meta_key>
		<wp:meta_value><![CDATA[49]]></wp:meta_value>
		</wp:postmeta>
							</item>
					<item>
		<title><![CDATA[Consuelo Nieto Mercado]]></title>
		<link>http://localhost/sass-wp/obituario/consuelo-nieto-mercado/</link>
		<pubDate>Fri, 28 Aug 2020 00:00:53 +0000</pubDate>
		<dc:creator><![CDATA[webmaster]]></dc:creator>
		<guid isPermaLink="false">http://valparaiso.com.mx/?post_type=valpa_obituario_pt&#038;p=774</guid>
		<description></description>
		<content:encoded><![CDATA[]]></content:encoded>
		<excerpt:encoded><![CDATA[]]></excerpt:encoded>
		<wp:post_id>774</wp:post_id>
		<wp:post_date><![CDATA[2020-08-28 00:00:53]]></wp:post_date>
		<wp:post_date_gmt><![CDATA[2020-08-28 00:00:53]]></wp:post_date_gmt>
		<wp:post_modified><![CDATA[2020-08-28 00:00:53]]></wp:post_modified>
		<wp:post_modified_gmt><![CDATA[2020-08-28 00:00:53]]></wp:post_modified_gmt>
		<wp:comment_status><![CDATA[open]]></wp:comment_status>
		<wp:ping_status><![CDATA[closed]]></wp:ping_status>
		<wp:post_name><![CDATA[consuelo-nieto-mercado]]></wp:post_name>
		<wp:status><![CDATA[publish]]></wp:status>
		<wp:post_parent>0</wp:post_parent>
		<wp:menu_order>0</wp:menu_order>
		<wp:post_type><![CDATA[valpa_obituario_pt]]></wp:post_type>
		<wp:post_password><![CDATA[]]></wp:post_password>
		<wp:is_sticky>0</wp:is_sticky>
														<wp:postmeta>
		<wp:meta_key><![CDATA[valpa_no_homenaje_meta]]></wp:meta_key>
		<wp:meta_value><![CDATA[0020000420]]></wp:meta_value>
		</wp:postmeta>
							<wp:postmeta>
		<wp:meta_key><![CDATA[valpa_nacimiento_dia_meta]]></wp:meta_key>
		<wp:meta_value><![CDATA[13]]></wp:meta_value>
		</wp:postmeta>
							<wp:postmeta>
		<wp:meta_key><![CDATA[valpa_nacimiento_mes_meta]]></wp:meta_key>
		<wp:meta_value><![CDATA[12]]></wp:meta_value>
		</wp:postmeta>
							<wp:postmeta>
		<wp:meta_key><![CDATA[valpa_nacimiento_ano_meta]]></wp:meta_key>
		<wp:meta_value><![CDATA[1939]]></wp:meta_value>
		</wp:postmeta>
							<wp:postmeta>
		<wp:meta_key><![CDATA[post_views_count]]></wp:meta_key>
		<wp:meta_value><![CDATA[47]]></wp:meta_value>
		</wp:postmeta>
							</item>
					<item>
		<title><![CDATA[Jesus Hernandez Guadarrama]]></title>
		<link>http://localhost/sass-wp/obituario/jesus-hernandez-guadarrama/</link>
		<pubDate>Sat, 29 Aug 2020 00:00:34 +0000</pubDate>
		<dc:creator><![CDATA[webmaster]]></dc:creator>
		<guid isPermaLink="false">http://valparaiso.com.mx/?post_type=valpa_obituario_pt&#038;p=3320</guid>
		<description></description>
		<content:encoded><![CDATA[]]></content:encoded>
		<excerpt:encoded><![CDATA[]]></excerpt:encoded>
		<wp:post_id>3320</wp:post_id>
		<wp:post_date><![CDATA[2020-08-29 00:00:34]]></wp:post_date>
		<wp:post_date_gmt><![CDATA[2020-08-29 00:00:34]]></wp:post_date_gmt>
		<wp:post_modified><![CDATA[2020-08-29 00:00:34]]></wp:post_modified>
		<wp:post_modified_gmt><![CDATA[2020-08-29 00:00:34]]></wp:post_modified_gmt>
		<wp:comment_status><![CDATA[open]]></wp:comment_status>
		<wp:ping_status><![CDATA[closed]]></wp:ping_status>
		<wp:post_name><![CDATA[jesus-hernandez-guadarrama]]></wp:post_name>
		<wp:status><![CDATA[publish]]></wp:status>
		<wp:post_parent>0</wp:post_parent>
		<wp:menu_order>0</wp:menu_order>
		<wp:post_type><![CDATA[valpa_obituario_pt]]></wp:post_type>
		<wp:post_password><![CDATA[]]></wp:post_password>
		<wp:is_sticky>0</wp:is_sticky>
														<wp:postmeta>
		<wp:meta_key><![CDATA[_wp_old_date]]></wp:meta_key>
		<wp:meta_value><![CDATA[2020-09-09]]></wp:meta_value>
		</wp:postmeta>
							<wp:postmeta>
		<wp:meta_key><![CDATA[valpa_no_homenaje_meta]]></wp:meta_key>
		<wp:meta_value><![CDATA[0020000421]]></wp:meta_value>
		</wp:postmeta>
							<wp:postmeta>
		<wp:meta_key><![CDATA[valpa_nacimiento_dia_meta]]></wp:meta_key>
		<wp:meta_value><![CDATA[]]></wp:meta_value>
		</wp:postmeta>
							<wp:postmeta>
		<wp:meta_key><![CDATA[valpa_nacimiento_mes_meta]]></wp:meta_key>
		<wp:meta_value><![CDATA[]]></wp:meta_value>
		</wp:postmeta>
							<wp:postmeta>
		<wp:meta_key><![CDATA[valpa_nacimiento_ano_meta]]></wp:meta_key>
		<wp:meta_value><![CDATA[]]></wp:meta_value>
		</wp:postmeta>
							<wp:postmeta>
		<wp:meta_key><![CDATA[post_views_count]]></wp:meta_key>
		<wp:meta_value><![CDATA[40]]></wp:meta_value>
		</wp:postmeta>
							</item>
					<item>
		<title><![CDATA[Alberto Gonzalez Flores]]></title>
		<link>http://localhost/sass-wp/obituario/alberto-gonzalez-flores/</link>
		<pubDate>Sat, 29 Aug 2020 00:00:22 +0000</pubDate>
		<dc:creator><![CDATA[webmaster]]></dc:creator>
		<guid isPermaLink="false">http://valparaiso.com.mx/?post_type=valpa_obituario_pt&#038;p=3321</guid>
		<description></description>
		<content:encoded><![CDATA[]]></content:encoded>
		<excerpt:encoded><![CDATA[]]></excerpt:encoded>
		<wp:post_id>3321</wp:post_id>
		<wp:post_date><![CDATA[2020-08-29 00:00:22]]></wp:post_date>
		<wp:post_date_gmt><![CDATA[2020-08-29 00:00:22]]></wp:post_date_gmt>
		<wp:post_modified><![CDATA[2020-08-29 00:00:22]]></wp:post_modified>
		<wp:post_modified_gmt><![CDATA[2020-08-29 00:00:22]]></wp:post_modified_gmt>
		<wp:comment_status><![CDATA[open]]></wp:comment_status>
		<wp:ping_status><![CDATA[closed]]></wp:ping_status>
		<wp:post_name><![CDATA[alberto-gonzalez-flores]]></wp:post_name>
		<wp:status><![CDATA[publish]]></wp:status>
		<wp:post_parent>0</wp:post_parent>
		<wp:menu_order>0</wp:menu_order>
		<wp:post_type><![CDATA[valpa_obituario_pt]]></wp:post_type>
		<wp:post_password><![CDATA[]]></wp:post_password>
		<wp:is_sticky>0</wp:is_sticky>
														<wp:postmeta>
		<wp:meta_key><![CDATA[_wp_old_date]]></wp:meta_key>
		<wp:meta_value><![CDATA[2020-09-09]]></wp:meta_value>
		</wp:postmeta>
							<wp:postmeta>
		<wp:meta_key><![CDATA[valpa_no_homenaje_meta]]></wp:meta_key>
		<wp:meta_value><![CDATA[0020000422]]></wp:meta_value>
		</wp:postmeta>
							<wp:postmeta>
		<wp:meta_key><![CDATA[valpa_nacimiento_dia_meta]]></wp:meta_key>
		<wp:meta_value><![CDATA[]]></wp:meta_value>
		</wp:postmeta>
							<wp:postmeta>
		<wp:meta_key><![CDATA[valpa_nacimiento_mes_meta]]></wp:meta_key>
		<wp:meta_value><![CDATA[]]></wp:meta_value>
		</wp:postmeta>
							<wp:postmeta>
		<wp:meta_key><![CDATA[valpa_nacimiento_ano_meta]]></wp:meta_key>
		<wp:meta_value><![CDATA[]]></wp:meta_value>
		</wp:postmeta>
							<wp:postmeta>
		<wp:meta_key><![CDATA[post_views_count]]></wp:meta_key>
		<wp:meta_value><![CDATA[67]]></wp:meta_value>
		</wp:postmeta>
							</item>
					<item>
		<title><![CDATA[Guillermo Rodriguez PeÃ±a]]></title>
		<link>http://localhost/sass-wp/obituario/guillermo-rodriguez-pena/</link>
		<pubDate>Sat, 29 Aug 2020 00:00:00 +0000</pubDate>
		<dc:creator><![CDATA[webmaster]]></dc:creator>
		<guid isPermaLink="false">http://valparaiso.com.mx/?post_type=valpa_obituario_pt&#038;p=3322</guid>
		<description></description>
		<content:encoded><![CDATA[]]></content:encoded>
		<excerpt:encoded><![CDATA[]]></excerpt:encoded>
		<wp:post_id>3322</wp:post_id>
		<wp:post_date><![CDATA[2020-08-29 00:00:00]]></wp:post_date>
		<wp:post_date_gmt><![CDATA[2020-08-29 00:00:00]]></wp:post_date_gmt>
		<wp:post_modified><![CDATA[2020-08-29 00:00:00]]></wp:post_modified>
		<wp:post_modified_gmt><![CDATA[2020-08-29 00:00:00]]></wp:post_modified_gmt>
		<wp:comment_status><![CDATA[open]]></wp:comment_status>
		<wp:ping_status><![CDATA[closed]]></wp:ping_status>
		<wp:post_name><![CDATA[guillermo-rodriguez-pena]]></wp:post_name>
		<wp:status><![CDATA[publish]]></wp:status>
		<wp:post_parent>0</wp:post_parent>
		<wp:menu_order>0</wp:menu_order>
		<wp:post_type><![CDATA[valpa_obituario_pt]]></wp:post_type>
		<wp:post_password><![CDATA[]]></wp:post_password>
		<wp:is_sticky>0</wp:is_sticky>
														<wp:postmeta>
		<wp:meta_key><![CDATA[_wp_old_date]]></wp:meta_key>
		<wp:meta_value><![CDATA[2020-09-09]]></wp:meta_value>
		</wp:postmeta>
							<wp:postmeta>
		<wp:meta_key><![CDATA[valpa_no_homenaje_meta]]></wp:meta_key>
		<wp:meta_value><![CDATA[0020000423]]></wp:meta_value>
		</wp:postmeta>
							<wp:postmeta>
		<wp:meta_key><![CDATA[valpa_nacimiento_dia_meta]]></wp:meta_key>
		<wp:meta_value><![CDATA[]]></wp:meta_value>
		</wp:postmeta>
							<wp:postmeta>
		<wp:meta_key><![CDATA[valpa_nacimiento_mes_meta]]></wp:meta_key>
		<wp:meta_value><![CDATA[]]></wp:meta_value>
		</wp:postmeta>
							<wp:postmeta>
		<wp:meta_key><![CDATA[valpa_nacimiento_ano_meta]]></wp:meta_key>
		<wp:meta_value><![CDATA[]]></wp:meta_value>
		</wp:postmeta>
							<wp:postmeta>
		<wp:meta_key><![CDATA[post_views_count]]></wp:meta_key>
		<wp:meta_value><![CDATA[45]]></wp:meta_value>
		</wp:postmeta>
							</item>
					<item>
		<title><![CDATA[Vicente Martinez Medina]]></title>
		<link>http://localhost/sass-wp/obituario/vicente-martinez-medina/</link>
		<pubDate>Sat, 29 Aug 2020 00:00:39 +0000</pubDate>
		<dc:creator><![CDATA[webmaster]]></dc:creator>
		<guid isPermaLink="false">http://valparaiso.com.mx/?post_type=valpa_obituario_pt&#038;p=3323</guid>
		<description></description>
		<content:encoded><![CDATA[]]></content:encoded>
		<excerpt:encoded><![CDATA[]]></excerpt:encoded>
		<wp:post_id>3323</wp:post_id>
		<wp:post_date><![CDATA[2020-08-29 00:00:39]]></wp:post_date>
		<wp:post_date_gmt><![CDATA[2020-08-29 00:00:39]]></wp:post_date_gmt>
		<wp:post_modified><![CDATA[2020-08-29 00:00:39]]></wp:post_modified>
		<wp:post_modified_gmt><![CDATA[2020-08-29 00:00:39]]></wp:post_modified_gmt>
		<wp:comment_status><![CDATA[open]]></wp:comment_status>
		<wp:ping_status><![CDATA[closed]]></wp:ping_status>
		<wp:post_name><![CDATA[vicente-martinez-medina]]></wp:post_name>
		<wp:status><![CDATA[publish]]></wp:status>
		<wp:post_parent>0</wp:post_parent>
		<wp:menu_order>0</wp:menu_order>
		<wp:post_type><![CDATA[valpa_obituario_pt]]></wp:post_type>
		<wp:post_password><![CDATA[]]></wp:post_password>
		<wp:is_sticky>0</wp:is_sticky>
														<wp:postmeta>
		<wp:meta_key><![CDATA[_wp_old_date]]></wp:meta_key>
		<wp:meta_value><![CDATA[2020-09-09]]></wp:meta_value>
		</wp:postmeta>
							<wp:postmeta>
		<wp:meta_key><![CDATA[valpa_no_homenaje_meta]]></wp:meta_key>
		<wp:meta_value><![CDATA[0020000424]]></wp:meta_value>
		</wp:postmeta>
							<wp:postmeta>
		<wp:meta_key><![CDATA[valpa_nacimiento_dia_meta]]></wp:meta_key>
		<wp:meta_value><![CDATA[]]></wp:meta_value>
		</wp:postmeta>
							<wp:postmeta>
		<wp:meta_key><![CDATA[valpa_nacimiento_mes_meta]]></wp:meta_key>
		<wp:meta_value><![CDATA[]]></wp:meta_value>
		</wp:postmeta>
							<wp:postmeta>
		<wp:meta_key><![CDATA[valpa_nacimiento_ano_meta]]></wp:meta_key>
		<wp:meta_value><![CDATA[]]></wp:meta_value>
		</wp:postmeta>
							<wp:postmeta>
		<wp:meta_key><![CDATA[post_views_count]]></wp:meta_key>
		<wp:meta_value><![CDATA[49]]></wp:meta_value>
		</wp:postmeta>
							</item>
					<item>
		<title><![CDATA[Isai Salinas Toribio]]></title>
		<link>http://localhost/sass-wp/obituario/isai-salinas-toribio/</link>
		<pubDate>Sat, 29 Aug 2020 00:00:14 +0000</pubDate>
		<dc:creator><![CDATA[webmaster]]></dc:creator>
		<guid isPermaLink="false">http://valparaiso.com.mx/?post_type=valpa_obituario_pt&#038;p=3324</guid>
		<description></description>
		<content:encoded><![CDATA[]]></content:encoded>
		<excerpt:encoded><![CDATA[]]></excerpt:encoded>
		<wp:post_id>3324</wp:post_id>
		<wp:post_date><![CDATA[2020-08-29 00:00:14]]></wp:post_date>
		<wp:post_date_gmt><![CDATA[2020-08-29 00:00:14]]></wp:post_date_gmt>
		<wp:post_modified><![CDATA[2020-08-29 00:00:14]]></wp:post_modified>
		<wp:post_modified_gmt><![CDATA[2020-08-29 00:00:14]]></wp:post_modified_gmt>
		<wp:comment_status><![CDATA[open]]></wp:comment_status>
		<wp:ping_status><![CDATA[closed]]></wp:ping_status>
		<wp:post_name><![CDATA[isai-salinas-toribio]]></wp:post_name>
		<wp:status><![CDATA[publish]]></wp:status>
		<wp:post_parent>0</wp:post_parent>
		<wp:menu_order>0</wp:menu_order>
		<wp:post_type><![CDATA[valpa_obituario_pt]]></wp:post_type>
		<wp:post_password><![CDATA[]]></wp:post_password>
		<wp:is_sticky>0</wp:is_sticky>
														<wp:postmeta>
		<wp:meta_key><![CDATA[_wp_old_date]]></wp:meta_key>
		<wp:meta_value><![CDATA[2020-09-09]]></wp:meta_value>
		</wp:postmeta>
							<wp:postmeta>
		<wp:meta_key><![CDATA[valpa_no_homenaje_meta]]></wp:meta_key>
		<wp:meta_value><![CDATA[002000025]]></wp:meta_value>
		</wp:postmeta>
							<wp:postmeta>
		<wp:meta_key><![CDATA[valpa_nacimiento_dia_meta]]></wp:meta_key>
		<wp:meta_value><![CDATA[]]></wp:meta_value>
		</wp:postmeta>
							<wp:postmeta>
		<wp:meta_key><![CDATA[valpa_nacimiento_mes_meta]]></wp:meta_key>
		<wp:meta_value><![CDATA[]]></wp:meta_value>
		</wp:postmeta>
							<wp:postmeta>
		<wp:meta_key><![CDATA[valpa_nacimiento_ano_meta]]></wp:meta_key>
		<wp:meta_value><![CDATA[]]></wp:meta_value>
		</wp:postmeta>
							<wp:postmeta>
		<wp:meta_key><![CDATA[post_views_count]]></wp:meta_key>
		<wp:meta_value><![CDATA[66]]></wp:meta_value>
		</wp:postmeta>
							</item>
					<item>
		<title><![CDATA[Salvador Anastacio Martinez Medina]]></title>
		<link>http://localhost/sass-wp/obituario/salvador-anastacio-martinez-medina/</link>
		<pubDate>Sun, 30 Aug 2020 00:00:48 +0000</pubDate>
		<dc:creator><![CDATA[webmaster]]></dc:creator>
		<guid isPermaLink="false">http://valparaiso.com.mx/?post_type=valpa_obituario_pt&#038;p=3325</guid>
		<description></description>
		<content:encoded><![CDATA[]]></content:encoded>
		<excerpt:encoded><![CDATA[]]></excerpt:encoded>
		<wp:post_id>3325</wp:post_id>
		<wp:post_date><![CDATA[2020-08-30 00:00:48]]></wp:post_date>
		<wp:post_date_gmt><![CDATA[2020-08-30 00:00:48]]></wp:post_date_gmt>
		<wp:post_modified><![CDATA[2020-08-30 00:00:48]]></wp:post_modified>
		<wp:post_modified_gmt><![CDATA[2020-08-30 00:00:48]]></wp:post_modified_gmt>
		<wp:comment_status><![CDATA[open]]></wp:comment_status>
		<wp:ping_status><![CDATA[closed]]></wp:ping_status>
		<wp:post_name><![CDATA[salvador-anastacio-martinez-medina]]></wp:post_name>
		<wp:status><![CDATA[publish]]></wp:status>
		<wp:post_parent>0</wp:post_parent>
		<wp:menu_order>0</wp:menu_order>
		<wp:post_type><![CDATA[valpa_obituario_pt]]></wp:post_type>
		<wp:post_password><![CDATA[]]></wp:post_password>
		<wp:is_sticky>0</wp:is_sticky>
														<wp:postmeta>
		<wp:meta_key><![CDATA[_wp_old_date]]></wp:meta_key>
		<wp:meta_value><![CDATA[2020-09-09]]></wp:meta_value>
		</wp:postmeta>
							<wp:postmeta>
		<wp:meta_key><![CDATA[valpa_no_homenaje_meta]]></wp:meta_key>
		<wp:meta_value><![CDATA[0020000426]]></wp:meta_value>
		</wp:postmeta>
							<wp:postmeta>
		<wp:meta_key><![CDATA[valpa_nacimiento_dia_meta]]></wp:meta_key>
		<wp:meta_value><![CDATA[]]></wp:meta_value>
		</wp:postmeta>
							<wp:postmeta>
		<wp:meta_key><![CDATA[valpa_nacimiento_mes_meta]]></wp:meta_key>
		<wp:meta_value><![CDATA[]]></wp:meta_value>
		</wp:postmeta>
							<wp:postmeta>
		<wp:meta_key><![CDATA[valpa_nacimiento_ano_meta]]></wp:meta_key>
		<wp:meta_value><![CDATA[]]></wp:meta_value>
		</wp:postmeta>
							<wp:postmeta>
		<wp:meta_key><![CDATA[post_views_count]]></wp:meta_key>
		<wp:meta_value><![CDATA[82]]></wp:meta_value>
		</wp:postmeta>
							</item>
					<item>
		<title><![CDATA[Josafat Martinez Medina]]></title>
		<link>http://localhost/sass-wp/obituario/josafat-martinez-medina/</link>
		<pubDate>Mon, 31 Aug 2020 00:00:35 +0000</pubDate>
		<dc:creator><![CDATA[webmaster]]></dc:creator>
		<guid isPermaLink="false">http://valparaiso.com.mx/?post_type=valpa_obituario_pt&#038;p=3326</guid>
		<description></description>
		<content:encoded><![CDATA[]]></content:encoded>
		<excerpt:encoded><![CDATA[]]></excerpt:encoded>
		<wp:post_id>3326</wp:post_id>
		<wp:post_date><![CDATA[2020-08-31 00:00:35]]></wp:post_date>
		<wp:post_date_gmt><![CDATA[2020-08-31 00:00:35]]></wp:post_date_gmt>
		<wp:post_modified><![CDATA[2020-08-31 00:00:35]]></wp:post_modified>
		<wp:post_modified_gmt><![CDATA[2020-08-31 00:00:35]]></wp:post_modified_gmt>
		<wp:comment_status><![CDATA[open]]></wp:comment_status>
		<wp:ping_status><![CDATA[closed]]></wp:ping_status>
		<wp:post_name><![CDATA[josafat-martinez-medina]]></wp:post_name>
		<wp:status><![CDATA[publish]]></wp:status>
		<wp:post_parent>0</wp:post_parent>
		<wp:menu_order>0</wp:menu_order>
		<wp:post_type><![CDATA[valpa_obituario_pt]]></wp:post_type>
		<wp:post_password><![CDATA[]]></wp:post_password>
		<wp:is_sticky>0</wp:is_sticky>
														<wp:postmeta>
		<wp:meta_key><![CDATA[_wp_old_date]]></wp:meta_key>
		<wp:meta_value><![CDATA[2020-09-09]]></wp:meta_value>
		</wp:postmeta>
							<wp:postmeta>
		<wp:meta_key><![CDATA[valpa_no_homenaje_meta]]></wp:meta_key>
		<wp:meta_value><![CDATA[0020000427]]></wp:meta_value>
		</wp:postmeta>
							<wp:postmeta>
		<wp:meta_key><![CDATA[valpa_nacimiento_dia_meta]]></wp:meta_key>
		<wp:meta_value><![CDATA[]]></wp:meta_value>
		</wp:postmeta>
							<wp:postmeta>
		<wp:meta_key><![CDATA[valpa_nacimiento_mes_meta]]></wp:meta_key>
		<wp:meta_value><![CDATA[]]></wp:meta_value>
		</wp:postmeta>
							<wp:postmeta>
		<wp:meta_key><![CDATA[valpa_nacimiento_ano_meta]]></wp:meta_key>
		<wp:meta_value><![CDATA[]]></wp:meta_value>
		</wp:postmeta>
							<wp:postmeta>
		<wp:meta_key><![CDATA[post_views_count]]></wp:meta_key>
		<wp:meta_value><![CDATA[153]]></wp:meta_value>
		</wp:postmeta>
							</item>
					<item>
		<title><![CDATA[Rosendo Fernandez Garcia]]></title>
		<link>http://localhost/sass-wp/obituario/rosendo-fernandez-garcia/</link>
		<pubDate>Mon, 31 Aug 2020 00:00:41 +0000</pubDate>
		<dc:creator><![CDATA[webmaster]]></dc:creator>
		<guid isPermaLink="false">http://valparaiso.com.mx/?post_type=valpa_obituario_pt&#038;p=3327</guid>
		<description></description>
		<content:encoded><![CDATA[]]></content:encoded>
		<excerpt:encoded><![CDATA[]]></excerpt:encoded>
		<wp:post_id>3327</wp:post_id>
		<wp:post_date><![CDATA[2020-08-31 00:00:41]]></wp:post_date>
		<wp:post_date_gmt><![CDATA[2020-08-31 00:00:41]]></wp:post_date_gmt>
		<wp:post_modified><![CDATA[2020-08-31 00:00:41]]></wp:post_modified>
		<wp:post_modified_gmt><![CDATA[2020-08-31 00:00:41]]></wp:post_modified_gmt>
		<wp:comment_status><![CDATA[open]]></wp:comment_status>
		<wp:ping_status><![CDATA[closed]]></wp:ping_status>
		<wp:post_name><![CDATA[rosendo-fernandez-garcia]]></wp:post_name>
		<wp:status><![CDATA[publish]]></wp:status>
		<wp:post_parent>0</wp:post_parent>
		<wp:menu_order>0</wp:menu_order>
		<wp:post_type><![CDATA[valpa_obituario_pt]]></wp:post_type>
		<wp:post_password><![CDATA[]]></wp:post_password>
		<wp:is_sticky>0</wp:is_sticky>
														<wp:postmeta>
		<wp:meta_key><![CDATA[_wp_old_date]]></wp:meta_key>
		<wp:meta_value><![CDATA[2020-09-09]]></wp:meta_value>
		</wp:postmeta>
							<wp:postmeta>
		<wp:meta_key><![CDATA[valpa_no_homenaje_meta]]></wp:meta_key>
		<wp:meta_value><![CDATA[0020000428]]></wp:meta_value>
		</wp:postmeta>
							<wp:postmeta>
		<wp:meta_key><![CDATA[valpa_nacimiento_dia_meta]]></wp:meta_key>
		<wp:meta_value><![CDATA[]]></wp:meta_value>
		</wp:postmeta>
							<wp:postmeta>
		<wp:meta_key><![CDATA[valpa_nacimiento_mes_meta]]></wp:meta_key>
		<wp:meta_value><![CDATA[]]></wp:meta_value>
		</wp:postmeta>
							<wp:postmeta>
		<wp:meta_key><![CDATA[valpa_nacimiento_ano_meta]]></wp:meta_key>
		<wp:meta_value><![CDATA[]]></wp:meta_value>
		</wp:postmeta>
							<wp:postmeta>
		<wp:meta_key><![CDATA[post_views_count]]></wp:meta_key>
		<wp:meta_value><![CDATA[92]]></wp:meta_value>
		</wp:postmeta>
							</item>
					<item>
		<title><![CDATA[Jose Celso Lopez Romero]]></title>
		<link>http://localhost/sass-wp/obituario/jose-celso-lopez-romero/</link>
		<pubDate>Tue, 01 Sep 2020 00:00:20 +0000</pubDate>
		<dc:creator><![CDATA[webmaster]]></dc:creator>
		<guid isPermaLink="false">http://valparaiso.com.mx/?post_type=valpa_obituario_pt&#038;p=3328</guid>
		<description></description>
		<content:encoded><![CDATA[]]></content:encoded>
		<excerpt:encoded><![CDATA[]]></excerpt:encoded>
		<wp:post_id>3328</wp:post_id>
		<wp:post_date><![CDATA[2020-09-01 00:00:20]]></wp:post_date>
		<wp:post_date_gmt><![CDATA[2020-09-01 00:00:20]]></wp:post_date_gmt>
		<wp:post_modified><![CDATA[2020-09-01 00:00:20]]></wp:post_modified>
		<wp:post_modified_gmt><![CDATA[2020-09-01 00:00:20]]></wp:post_modified_gmt>
		<wp:comment_status><![CDATA[open]]></wp:comment_status>
		<wp:ping_status><![CDATA[closed]]></wp:ping_status>
		<wp:post_name><![CDATA[jose-celso-lopez-romero]]></wp:post_name>
		<wp:status><![CDATA[publish]]></wp:status>
		<wp:post_parent>0</wp:post_parent>
		<wp:menu_order>0</wp:menu_order>
		<wp:post_type><![CDATA[valpa_obituario_pt]]></wp:post_type>
		<wp:post_password><![CDATA[]]></wp:post_password>
		<wp:is_sticky>0</wp:is_sticky>
														<wp:postmeta>
		<wp:meta_key><![CDATA[_wp_old_date]]></wp:meta_key>
		<wp:meta_value><![CDATA[2020-09-09]]></wp:meta_value>
		</wp:postmeta>
							<wp:postmeta>
		<wp:meta_key><![CDATA[valpa_no_homenaje_meta]]></wp:meta_key>
		<wp:meta_value><![CDATA[0020000429]]></wp:meta_value>
		</wp:postmeta>
							<wp:postmeta>
		<wp:meta_key><![CDATA[valpa_nacimiento_dia_meta]]></wp:meta_key>
		<wp:meta_value><![CDATA[]]></wp:meta_value>
		</wp:postmeta>
							<wp:postmeta>
		<wp:meta_key><![CDATA[valpa_nacimiento_mes_meta]]></wp:meta_key>
		<wp:meta_value><![CDATA[]]></wp:meta_value>
		</wp:postmeta>
							<wp:postmeta>
		<wp:meta_key><![CDATA[valpa_nacimiento_ano_meta]]></wp:meta_key>
		<wp:meta_value><![CDATA[]]></wp:meta_value>
		</wp:postmeta>
							<wp:postmeta>
		<wp:meta_key><![CDATA[post_views_count]]></wp:meta_key>
		<wp:meta_value><![CDATA[74]]></wp:meta_value>
		</wp:postmeta>
							</item>
					<item>
		<title><![CDATA[Jorge Valero Estrada]]></title>
		<link>http://localhost/sass-wp/obituario/jorge-valero-estrada/</link>
		<pubDate>Thu, 03 Sep 2020 00:00:36 +0000</pubDate>
		<dc:creator><![CDATA[webmaster]]></dc:creator>
		<guid isPermaLink="false">http://valparaiso.com.mx/?post_type=valpa_obituario_pt&#038;p=3329</guid>
		<description></description>
		<content:encoded><![CDATA[]]></content:encoded>
		<excerpt:encoded><![CDATA[]]></excerpt:encoded>
		<wp:post_id>3329</wp:post_id>
		<wp:post_date><![CDATA[2020-09-03 00:00:36]]></wp:post_date>
		<wp:post_date_gmt><![CDATA[2020-09-03 00:00:36]]></wp:post_date_gmt>
		<wp:post_modified><![CDATA[2020-09-03 00:00:36]]></wp:post_modified>
		<wp:post_modified_gmt><![CDATA[2020-09-03 00:00:36]]></wp:post_modified_gmt>
		<wp:comment_status><![CDATA[open]]></wp:comment_status>
		<wp:ping_status><![CDATA[closed]]></wp:ping_status>
		<wp:post_name><![CDATA[jorge-valero-estrada]]></wp:post_name>
		<wp:status><![CDATA[publish]]></wp:status>
		<wp:post_parent>0</wp:post_parent>
		<wp:menu_order>0</wp:menu_order>
		<wp:post_type><![CDATA[valpa_obituario_pt]]></wp:post_type>
		<wp:post_password><![CDATA[]]></wp:post_password>
		<wp:is_sticky>0</wp:is_sticky>
														<wp:postmeta>
		<wp:meta_key><![CDATA[_wp_old_date]]></wp:meta_key>
		<wp:meta_value><![CDATA[2020-09-09]]></wp:meta_value>
		</wp:postmeta>
							<wp:postmeta>
		<wp:meta_key><![CDATA[valpa_no_homenaje_meta]]></wp:meta_key>
		<wp:meta_value><![CDATA[0020000430]]></wp:meta_value>
		</wp:postmeta>
							<wp:postmeta>
		<wp:meta_key><![CDATA[valpa_nacimiento_dia_meta]]></wp:meta_key>
		<wp:meta_value><![CDATA[]]></wp:meta_value>
		</wp:postmeta>
							<wp:postmeta>
		<wp:meta_key><![CDATA[valpa_nacimiento_mes_meta]]></wp:meta_key>
		<wp:meta_value><![CDATA[]]></wp:meta_value>
		</wp:postmeta>
							<wp:postmeta>
		<wp:meta_key><![CDATA[valpa_nacimiento_ano_meta]]></wp:meta_key>
		<wp:meta_value><![CDATA[]]></wp:meta_value>
		</wp:postmeta>
							<wp:postmeta>
		<wp:meta_key><![CDATA[post_views_count]]></wp:meta_key>
		<wp:meta_value><![CDATA[88]]></wp:meta_value>
		</wp:postmeta>
							</item>
					<item>
		<title><![CDATA[Lucila Magdalena Cuevas Gallegos]]></title>
		<link>http://localhost/sass-wp/obituario/lucila-magdalena-cuevas-gallegos/</link>
		<pubDate>Thu, 03 Sep 2020 00:00:16 +0000</pubDate>
		<dc:creator><![CDATA[webmaster]]></dc:creator>
		<guid isPermaLink="false">http://valparaiso.com.mx/?post_type=valpa_obituario_pt&#038;p=3330</guid>
		<description></description>
		<content:encoded><![CDATA[]]></content:encoded>
		<excerpt:encoded><![CDATA[]]></excerpt:encoded>
		<wp:post_id>3330</wp:post_id>
		<wp:post_date><![CDATA[2020-09-03 00:00:16]]></wp:post_date>
		<wp:post_date_gmt><![CDATA[2020-09-03 00:00:16]]></wp:post_date_gmt>
		<wp:post_modified><![CDATA[2020-09-03 00:00:16]]></wp:post_modified>
		<wp:post_modified_gmt><![CDATA[2020-09-03 00:00:16]]></wp:post_modified_gmt>
		<wp:comment_status><![CDATA[open]]></wp:comment_status>
		<wp:ping_status><![CDATA[closed]]></wp:ping_status>
		<wp:post_name><![CDATA[lucila-magdalena-cuevas-gallegos]]></wp:post_name>
		<wp:status><![CDATA[publish]]></wp:status>
		<wp:post_parent>0</wp:post_parent>
		<wp:menu_order>0</wp:menu_order>
		<wp:post_type><![CDATA[valpa_obituario_pt]]></wp:post_type>
		<wp:post_password><![CDATA[]]></wp:post_password>
		<wp:is_sticky>0</wp:is_sticky>
														<wp:postmeta>
		<wp:meta_key><![CDATA[_wp_old_date]]></wp:meta_key>
		<wp:meta_value><![CDATA[2020-09-09]]></wp:meta_value>
		</wp:postmeta>
							<wp:postmeta>
		<wp:meta_key><![CDATA[valpa_no_homenaje_meta]]></wp:meta_key>
		<wp:meta_value><![CDATA[0020000431]]></wp:meta_value>
		</wp:postmeta>
							<wp:postmeta>
		<wp:meta_key><![CDATA[valpa_nacimiento_dia_meta]]></wp:meta_key>
		<wp:meta_value><![CDATA[]]></wp:meta_value>
		</wp:postmeta>
							<wp:postmeta>
		<wp:meta_key><![CDATA[valpa_nacimiento_mes_meta]]></wp:meta_key>
		<wp:meta_value><![CDATA[]]></wp:meta_value>
		</wp:postmeta>
							<wp:postmeta>
		<wp:meta_key><![CDATA[valpa_nacimiento_ano_meta]]></wp:meta_key>
		<wp:meta_value><![CDATA[]]></wp:meta_value>
		</wp:postmeta>
							<wp:postmeta>
		<wp:meta_key><![CDATA[post_views_count]]></wp:meta_key>
		<wp:meta_value><![CDATA[92]]></wp:meta_value>
		</wp:postmeta>
							</item>
					<item>
		<title><![CDATA[Isela de la O Diaz]]></title>
		<link>http://localhost/sass-wp/obituario/isela-de-la-o-diaz/</link>
		<pubDate>Thu, 03 Sep 2020 00:00:50 +0000</pubDate>
		<dc:creator><![CDATA[webmaster]]></dc:creator>
		<guid isPermaLink="false">http://valparaiso.com.mx/?post_type=valpa_obituario_pt&#038;p=3331</guid>
		<description></description>
		<content:encoded><![CDATA[]]></content:encoded>
		<excerpt:encoded><![CDATA[]]></excerpt:encoded>
		<wp:post_id>3331</wp:post_id>
		<wp:post_date><![CDATA[2020-09-03 00:00:50]]></wp:post_date>
		<wp:post_date_gmt><![CDATA[2020-09-03 00:00:50]]></wp:post_date_gmt>
		<wp:post_modified><![CDATA[2020-09-03 00:00:50]]></wp:post_modified>
		<wp:post_modified_gmt><![CDATA[2020-09-03 00:00:50]]></wp:post_modified_gmt>
		<wp:comment_status><![CDATA[open]]></wp:comment_status>
		<wp:ping_status><![CDATA[closed]]></wp:ping_status>
		<wp:post_name><![CDATA[isela-de-la-o-diaz]]></wp:post_name>
		<wp:status><![CDATA[publish]]></wp:status>
		<wp:post_parent>0</wp:post_parent>
		<wp:menu_order>0</wp:menu_order>
		<wp:post_type><![CDATA[valpa_obituario_pt]]></wp:post_type>
		<wp:post_password><![CDATA[]]></wp:post_password>
		<wp:is_sticky>0</wp:is_sticky>
														<wp:postmeta>
		<wp:meta_key><![CDATA[_wp_old_date]]></wp:meta_key>
		<wp:meta_value><![CDATA[2020-09-09]]></wp:meta_value>
		</wp:postmeta>
							<wp:postmeta>
		<wp:meta_key><![CDATA[valpa_no_homenaje_meta]]></wp:meta_key>
		<wp:meta_value><![CDATA[0020000432]]></wp:meta_value>
		</wp:postmeta>
							<wp:postmeta>
		<wp:meta_key><![CDATA[valpa_nacimiento_dia_meta]]></wp:meta_key>
		<wp:meta_value><![CDATA[]]></wp:meta_value>
		</wp:postmeta>
							<wp:postmeta>
		<wp:meta_key><![CDATA[valpa_nacimiento_mes_meta]]></wp:meta_key>
		<wp:meta_value><![CDATA[]]></wp:meta_value>
		</wp:postmeta>
							<wp:postmeta>
		<wp:meta_key><![CDATA[valpa_nacimiento_ano_meta]]></wp:meta_key>
		<wp:meta_value><![CDATA[]]></wp:meta_value>
		</wp:postmeta>
							<wp:postmeta>
		<wp:meta_key><![CDATA[post_views_count]]></wp:meta_key>
		<wp:meta_value><![CDATA[84]]></wp:meta_value>
		</wp:postmeta>
							</item>
					<item>
		<title><![CDATA[Graciela Francisca Pichardo Cortes]]></title>
		<link>http://localhost/sass-wp/obituario/graciela-francisca-pichardo-cortes/</link>
		<pubDate>Fri, 04 Sep 2020 00:00:27 +0000</pubDate>
		<dc:creator><![CDATA[webmaster]]></dc:creator>
		<guid isPermaLink="false">http://valparaiso.com.mx/?post_type=valpa_obituario_pt&#038;p=3332</guid>
		<description></description>
		<content:encoded><![CDATA[]]></content:encoded>
		<excerpt:encoded><![CDATA[]]></excerpt:encoded>
		<wp:post_id>3332</wp:post_id>
		<wp:post_date><![CDATA[2020-09-04 00:00:27]]></wp:post_date>
		<wp:post_date_gmt><![CDATA[2020-09-04 00:00:27]]></wp:post_date_gmt>
		<wp:post_modified><![CDATA[2020-09-04 00:00:27]]></wp:post_modified>
		<wp:post_modified_gmt><![CDATA[2020-09-04 00:00:27]]></wp:post_modified_gmt>
		<wp:comment_status><![CDATA[open]]></wp:comment_status>
		<wp:ping_status><![CDATA[closed]]></wp:ping_status>
		<wp:post_name><![CDATA[graciela-francisca-pichardo-cortes]]></wp:post_name>
		<wp:status><![CDATA[publish]]></wp:status>
		<wp:post_parent>0</wp:post_parent>
		<wp:menu_order>0</wp:menu_order>
		<wp:post_type><![CDATA[valpa_obituario_pt]]></wp:post_type>
		<wp:post_password><![CDATA[]]></wp:post_password>
		<wp:is_sticky>0</wp:is_sticky>
														<wp:postmeta>
		<wp:meta_key><![CDATA[_wp_old_date]]></wp:meta_key>
		<wp:meta_value><![CDATA[2020-09-09]]></wp:meta_value>
		</wp:postmeta>
							<wp:postmeta>
		<wp:meta_key><![CDATA[valpa_no_homenaje_meta]]></wp:meta_key>
		<wp:meta_value><![CDATA[0020000433]]></wp:meta_value>
		</wp:postmeta>
							<wp:postmeta>
		<wp:meta_key><![CDATA[valpa_nacimiento_dia_meta]]></wp:meta_key>
		<wp:meta_value><![CDATA[]]></wp:meta_value>
		</wp:postmeta>
							<wp:postmeta>
		<wp:meta_key><![CDATA[valpa_nacimiento_mes_meta]]></wp:meta_key>
		<wp:meta_value><![CDATA[]]></wp:meta_value>
		</wp:postmeta>
							<wp:postmeta>
		<wp:meta_key><![CDATA[valpa_nacimiento_ano_meta]]></wp:meta_key>
		<wp:meta_value><![CDATA[]]></wp:meta_value>
		</wp:postmeta>
							<wp:postmeta>
		<wp:meta_key><![CDATA[post_views_count]]></wp:meta_key>
		<wp:meta_value><![CDATA[73]]></wp:meta_value>
		</wp:postmeta>
							</item>
					<item>
		<title><![CDATA[Ana Maria Velazquez Arreola]]></title>
		<link>http://localhost/sass-wp/obituario/ana-maria-velazquez-arreola/</link>
		<pubDate>Fri, 04 Sep 2020 00:00:07 +0000</pubDate>
		<dc:creator><![CDATA[webmaster]]></dc:creator>
		<guid isPermaLink="false">http://valparaiso.com.mx/?post_type=valpa_obituario_pt&#038;p=3334</guid>
		<description></description>
		<content:encoded><![CDATA[]]></content:encoded>
		<excerpt:encoded><![CDATA[]]></excerpt:encoded>
		<wp:post_id>3334</wp:post_id>
		<wp:post_date><![CDATA[2020-09-04 00:00:07]]></wp:post_date>
		<wp:post_date_gmt><![CDATA[2020-09-04 00:00:07]]></wp:post_date_gmt>
		<wp:post_modified><![CDATA[2020-09-04 00:00:07]]></wp:post_modified>
		<wp:post_modified_gmt><![CDATA[2020-09-04 00:00:07]]></wp:post_modified_gmt>
		<wp:comment_status><![CDATA[open]]></wp:comment_status>
		<wp:ping_status><![CDATA[closed]]></wp:ping_status>
		<wp:post_name><![CDATA[ana-maria-velazquez-arreola]]></wp:post_name>
		<wp:status><![CDATA[publish]]></wp:status>
		<wp:post_parent>0</wp:post_parent>
		<wp:menu_order>0</wp:menu_order>
		<wp:post_type><![CDATA[valpa_obituario_pt]]></wp:post_type>
		<wp:post_password><![CDATA[]]></wp:post_password>
		<wp:is_sticky>0</wp:is_sticky>
														<wp:postmeta>
		<wp:meta_key><![CDATA[_wp_old_date]]></wp:meta_key>
		<wp:meta_value><![CDATA[2020-09-09]]></wp:meta_value>
		</wp:postmeta>
							<wp:postmeta>
		<wp:meta_key><![CDATA[valpa_no_homenaje_meta]]></wp:meta_key>
		<wp:meta_value><![CDATA[0020000434]]></wp:meta_value>
		</wp:postmeta>
							<wp:postmeta>
		<wp:meta_key><![CDATA[valpa_nacimiento_dia_meta]]></wp:meta_key>
		<wp:meta_value><![CDATA[]]></wp:meta_value>
		</wp:postmeta>
							<wp:postmeta>
		<wp:meta_key><![CDATA[valpa_nacimiento_mes_meta]]></wp:meta_key>
		<wp:meta_value><![CDATA[]]></wp:meta_value>
		</wp:postmeta>
							<wp:postmeta>
		<wp:meta_key><![CDATA[valpa_nacimiento_ano_meta]]></wp:meta_key>
		<wp:meta_value><![CDATA[]]></wp:meta_value>
		</wp:postmeta>
							<wp:postmeta>
		<wp:meta_key><![CDATA[post_views_count]]></wp:meta_key>
		<wp:meta_value><![CDATA[87]]></wp:meta_value>
		</wp:postmeta>
							</item>
					<item>
		<title><![CDATA[Salvador Lopez Munguia]]></title>
		<link>http://localhost/sass-wp/obituario/salvador-lopez-munguia/</link>
		<pubDate>Fri, 04 Sep 2020 00:00:21 +0000</pubDate>
		<dc:creator><![CDATA[webmaster]]></dc:creator>
		<guid isPermaLink="false">http://valparaiso.com.mx/?post_type=valpa_obituario_pt&#038;p=3336</guid>
		<description></description>
		<content:encoded><![CDATA[]]></content:encoded>
		<excerpt:encoded><![CDATA[]]></excerpt:encoded>
		<wp:post_id>3336</wp:post_id>
		<wp:post_date><![CDATA[2020-09-04 00:00:21]]></wp:post_date>
		<wp:post_date_gmt><![CDATA[2020-09-04 00:00:21]]></wp:post_date_gmt>
		<wp:post_modified><![CDATA[2020-09-04 00:00:21]]></wp:post_modified>
		<wp:post_modified_gmt><![CDATA[2020-09-04 00:00:21]]></wp:post_modified_gmt>
		<wp:comment_status><![CDATA[open]]></wp:comment_status>
		<wp:ping_status><![CDATA[closed]]></wp:ping_status>
		<wp:post_name><![CDATA[salvador-lopez-munguia]]></wp:post_name>
		<wp:status><![CDATA[publish]]></wp:status>
		<wp:post_parent>0</wp:post_parent>
		<wp:menu_order>0</wp:menu_order>
		<wp:post_type><![CDATA[valpa_obituario_pt]]></wp:post_type>
		<wp:post_password><![CDATA[]]></wp:post_password>
		<wp:is_sticky>0</wp:is_sticky>
														<wp:postmeta>
		<wp:meta_key><![CDATA[_wp_old_date]]></wp:meta_key>
		<wp:meta_value><![CDATA[2020-09-09]]></wp:meta_value>
		</wp:postmeta>
							<wp:postmeta>
		<wp:meta_key><![CDATA[valpa_no_homenaje_meta]]></wp:meta_key>
		<wp:meta_value><![CDATA[0020000435]]></wp:meta_value>
		</wp:postmeta>
							<wp:postmeta>
		<wp:meta_key><![CDATA[valpa_nacimiento_dia_meta]]></wp:meta_key>
		<wp:meta_value><![CDATA[]]></wp:meta_value>
		</wp:postmeta>
							<wp:postmeta>
		<wp:meta_key><![CDATA[valpa_nacimiento_mes_meta]]></wp:meta_key>
		<wp:meta_value><![CDATA[]]></wp:meta_value>
		</wp:postmeta>
							<wp:postmeta>
		<wp:meta_key><![CDATA[valpa_nacimiento_ano_meta]]></wp:meta_key>
		<wp:meta_value><![CDATA[]]></wp:meta_value>
		</wp:postmeta>
							<wp:postmeta>
		<wp:meta_key><![CDATA[post_views_count]]></wp:meta_key>
		<wp:meta_value><![CDATA[116]]></wp:meta_value>
		</wp:postmeta>
							</item>
					<item>
		<title><![CDATA[Gloria Venegas Ramirez]]></title>
		<link>http://localhost/sass-wp/obituario/gloria-venegas-ramirez/</link>
		<pubDate>Fri, 04 Sep 2020 00:00:51 +0000</pubDate>
		<dc:creator><![CDATA[webmaster]]></dc:creator>
		<guid isPermaLink="false">http://valparaiso.com.mx/?post_type=valpa_obituario_pt&#038;p=3337</guid>
		<description></description>
		<content:encoded><![CDATA[]]></content:encoded>
		<excerpt:encoded><![CDATA[]]></excerpt:encoded>
		<wp:post_id>3337</wp:post_id>
		<wp:post_date><![CDATA[2020-09-04 00:00:51]]></wp:post_date>
		<wp:post_date_gmt><![CDATA[2020-09-04 00:00:51]]></wp:post_date_gmt>
		<wp:post_modified><![CDATA[2020-09-04 00:00:51]]></wp:post_modified>
		<wp:post_modified_gmt><![CDATA[2020-09-04 00:00:51]]></wp:post_modified_gmt>
		<wp:comment_status><![CDATA[open]]></wp:comment_status>
		<wp:ping_status><![CDATA[closed]]></wp:ping_status>
		<wp:post_name><![CDATA[gloria-venegas-ramirez]]></wp:post_name>
		<wp:status><![CDATA[publish]]></wp:status>
		<wp:post_parent>0</wp:post_parent>
		<wp:menu_order>0</wp:menu_order>
		<wp:post_type><![CDATA[valpa_obituario_pt]]></wp:post_type>
		<wp:post_password><![CDATA[]]></wp:post_password>
		<wp:is_sticky>0</wp:is_sticky>
														<wp:postmeta>
		<wp:meta_key><![CDATA[_wp_old_date]]></wp:meta_key>
		<wp:meta_value><![CDATA[2020-09-09]]></wp:meta_value>
		</wp:postmeta>
							<wp:postmeta>
		<wp:meta_key><![CDATA[valpa_no_homenaje_meta]]></wp:meta_key>
		<wp:meta_value><![CDATA[0020000436]]></wp:meta_value>
		</wp:postmeta>
							<wp:postmeta>
		<wp:meta_key><![CDATA[valpa_nacimiento_dia_meta]]></wp:meta_key>
		<wp:meta_value><![CDATA[]]></wp:meta_value>
		</wp:postmeta>
							<wp:postmeta>
		<wp:meta_key><![CDATA[valpa_nacimiento_mes_meta]]></wp:meta_key>
		<wp:meta_value><![CDATA[]]></wp:meta_value>
		</wp:postmeta>
							<wp:postmeta>
		<wp:meta_key><![CDATA[valpa_nacimiento_ano_meta]]></wp:meta_key>
		<wp:meta_value><![CDATA[]]></wp:meta_value>
		</wp:postmeta>
							<wp:postmeta>
		<wp:meta_key><![CDATA[post_views_count]]></wp:meta_key>
		<wp:meta_value><![CDATA[109]]></wp:meta_value>
		</wp:postmeta>
							</item>
					<item>
		<title><![CDATA[Heriberto Torres Dominguez]]></title>
		<link>http://localhost/sass-wp/obituario/heriberto-torres-dominguez/</link>
		<pubDate>Sat, 05 Sep 2020 00:00:29 +0000</pubDate>
		<dc:creator><![CDATA[webmaster]]></dc:creator>
		<guid isPermaLink="false">http://valparaiso.com.mx/?post_type=valpa_obituario_pt&#038;p=3338</guid>
		<description></description>
		<content:encoded><![CDATA[]]></content:encoded>
		<excerpt:encoded><![CDATA[]]></excerpt:encoded>
		<wp:post_id>3338</wp:post_id>
		<wp:post_date><![CDATA[2020-09-05 00:00:29]]></wp:post_date>
		<wp:post_date_gmt><![CDATA[2020-09-05 00:00:29]]></wp:post_date_gmt>
		<wp:post_modified><![CDATA[2020-09-05 00:00:29]]></wp:post_modified>
		<wp:post_modified_gmt><![CDATA[2020-09-05 00:00:29]]></wp:post_modified_gmt>
		<wp:comment_status><![CDATA[open]]></wp:comment_status>
		<wp:ping_status><![CDATA[closed]]></wp:ping_status>
		<wp:post_name><![CDATA[heriberto-torres-dominguez]]></wp:post_name>
		<wp:status><![CDATA[publish]]></wp:status>
		<wp:post_parent>0</wp:post_parent>
		<wp:menu_order>0</wp:menu_order>
		<wp:post_type><![CDATA[valpa_obituario_pt]]></wp:post_type>
		<wp:post_password><![CDATA[]]></wp:post_password>
		<wp:is_sticky>0</wp:is_sticky>
														<wp:postmeta>
		<wp:meta_key><![CDATA[_wp_old_date]]></wp:meta_key>
		<wp:meta_value><![CDATA[2020-09-09]]></wp:meta_value>
		</wp:postmeta>
							<wp:postmeta>
		<wp:meta_key><![CDATA[valpa_no_homenaje_meta]]></wp:meta_key>
		<wp:meta_value><![CDATA[0020000437]]></wp:meta_value>
		</wp:postmeta>
							<wp:postmeta>
		<wp:meta_key><![CDATA[valpa_nacimiento_dia_meta]]></wp:meta_key>
		<wp:meta_value><![CDATA[]]></wp:meta_value>
		</wp:postmeta>
							<wp:postmeta>
		<wp:meta_key><![CDATA[valpa_nacimiento_mes_meta]]></wp:meta_key>
		<wp:meta_value><![CDATA[]]></wp:meta_value>
		</wp:postmeta>
							<wp:postmeta>
		<wp:meta_key><![CDATA[valpa_nacimiento_ano_meta]]></wp:meta_key>
		<wp:meta_value><![CDATA[]]></wp:meta_value>
		</wp:postmeta>
							<wp:postmeta>
		<wp:meta_key><![CDATA[post_views_count]]></wp:meta_key>
		<wp:meta_value><![CDATA[80]]></wp:meta_value>
		</wp:postmeta>
							</item>
					<item>
		<title><![CDATA[Neonato Lopez Arrollo]]></title>
		<link>http://localhost/sass-wp/obituario/neonato-lopez-arrollo/</link>
		<pubDate>Sun, 06 Sep 2020 00:00:28 +0000</pubDate>
		<dc:creator><![CDATA[webmaster]]></dc:creator>
		<guid isPermaLink="false">http://valparaiso.com.mx/?post_type=valpa_obituario_pt&#038;p=3340</guid>
		<description></description>
		<content:encoded><![CDATA[]]></content:encoded>
		<excerpt:encoded><![CDATA[]]></excerpt:encoded>
		<wp:post_id>3340</wp:post_id>
		<wp:post_date><![CDATA[2020-09-06 00:00:28]]></wp:post_date>
		<wp:post_date_gmt><![CDATA[2020-09-06 00:00:28]]></wp:post_date_gmt>
		<wp:post_modified><![CDATA[2020-09-06 00:00:28]]></wp:post_modified>
		<wp:post_modified_gmt><![CDATA[2020-09-06 00:00:28]]></wp:post_modified_gmt>
		<wp:comment_status><![CDATA[open]]></wp:comment_status>
		<wp:ping_status><![CDATA[closed]]></wp:ping_status>
		<wp:post_name><![CDATA[neonato-lopez-arrollo]]></wp:post_name>
		<wp:status><![CDATA[publish]]></wp:status>
		<wp:post_parent>0</wp:post_parent>
		<wp:menu_order>0</wp:menu_order>
		<wp:post_type><![CDATA[valpa_obituario_pt]]></wp:post_type>
		<wp:post_password><![CDATA[]]></wp:post_password>
		<wp:is_sticky>0</wp:is_sticky>
														<wp:postmeta>
		<wp:meta_key><![CDATA[_wp_old_date]]></wp:meta_key>
		<wp:meta_value><![CDATA[2020-09-09]]></wp:meta_value>
		</wp:postmeta>
							<wp:postmeta>
		<wp:meta_key><![CDATA[valpa_no_homenaje_meta]]></wp:meta_key>
		<wp:meta_value><![CDATA[0020000438]]></wp:meta_value>
		</wp:postmeta>
							<wp:postmeta>
		<wp:meta_key><![CDATA[valpa_nacimiento_dia_meta]]></wp:meta_key>
		<wp:meta_value><![CDATA[]]></wp:meta_value>
		</wp:postmeta>
							<wp:postmeta>
		<wp:meta_key><![CDATA[valpa_nacimiento_mes_meta]]></wp:meta_key>
		<wp:meta_value><![CDATA[]]></wp:meta_value>
		</wp:postmeta>
							<wp:postmeta>
		<wp:meta_key><![CDATA[valpa_nacimiento_ano_meta]]></wp:meta_key>
		<wp:meta_value><![CDATA[]]></wp:meta_value>
		</wp:postmeta>
							<wp:postmeta>
		<wp:meta_key><![CDATA[post_views_count]]></wp:meta_key>
		<wp:meta_value><![CDATA[94]]></wp:meta_value>
		</wp:postmeta>
							</item>
					<item>
		<title><![CDATA[Roberto Galvan Alvarado]]></title>
		<link>http://localhost/sass-wp/obituario/roberto-galvan-alvarado/</link>
		<pubDate>Mon, 07 Sep 2020 00:00:13 +0000</pubDate>
		<dc:creator><![CDATA[webmaster]]></dc:creator>
		<guid isPermaLink="false">http://valparaiso.com.mx/?post_type=valpa_obituario_pt&#038;p=3341</guid>
		<description></description>
		<content:encoded><![CDATA[]]></content:encoded>
		<excerpt:encoded><![CDATA[]]></excerpt:encoded>
		<wp:post_id>3341</wp:post_id>
		<wp:post_date><![CDATA[2020-09-07 00:00:13]]></wp:post_date>
		<wp:post_date_gmt><![CDATA[2020-09-07 00:00:13]]></wp:post_date_gmt>
		<wp:post_modified><![CDATA[2020-09-07 00:00:13]]></wp:post_modified>
		<wp:post_modified_gmt><![CDATA[2020-09-07 00:00:13]]></wp:post_modified_gmt>
		<wp:comment_status><![CDATA[open]]></wp:comment_status>
		<wp:ping_status><![CDATA[closed]]></wp:ping_status>
		<wp:post_name><![CDATA[roberto-galvan-alvarado]]></wp:post_name>
		<wp:status><![CDATA[publish]]></wp:status>
		<wp:post_parent>0</wp:post_parent>
		<wp:menu_order>0</wp:menu_order>
		<wp:post_type><![CDATA[valpa_obituario_pt]]></wp:post_type>
		<wp:post_password><![CDATA[]]></wp:post_password>
		<wp:is_sticky>0</wp:is_sticky>
														<wp:postmeta>
		<wp:meta_key><![CDATA[_wp_old_date]]></wp:meta_key>
		<wp:meta_value><![CDATA[2020-09-09]]></wp:meta_value>
		</wp:postmeta>
							<wp:postmeta>
		<wp:meta_key><![CDATA[valpa_no_homenaje_meta]]></wp:meta_key>
		<wp:meta_value><![CDATA[0020000439]]></wp:meta_value>
		</wp:postmeta>
							<wp:postmeta>
		<wp:meta_key><![CDATA[valpa_nacimiento_dia_meta]]></wp:meta_key>
		<wp:meta_value><![CDATA[]]></wp:meta_value>
		</wp:postmeta>
							<wp:postmeta>
		<wp:meta_key><![CDATA[valpa_nacimiento_mes_meta]]></wp:meta_key>
		<wp:meta_value><![CDATA[]]></wp:meta_value>
		</wp:postmeta>
							<wp:postmeta>
		<wp:meta_key><![CDATA[valpa_nacimiento_ano_meta]]></wp:meta_key>
		<wp:meta_value><![CDATA[]]></wp:meta_value>
		</wp:postmeta>
							<wp:postmeta>
		<wp:meta_key><![CDATA[post_views_count]]></wp:meta_key>
		<wp:meta_value><![CDATA[93]]></wp:meta_value>
		</wp:postmeta>
							</item>
					<item>
		<title><![CDATA[Evangelina Aldama Gonzalez]]></title>
		<link>http://localhost/sass-wp/obituario/evangelina-aldama-gonzalez/</link>
		<pubDate>Mon, 07 Sep 2020 00:00:55 +0000</pubDate>
		<dc:creator><![CDATA[webmaster]]></dc:creator>
		<guid isPermaLink="false">http://valparaiso.com.mx/?post_type=valpa_obituario_pt&#038;p=3342</guid>
		<description></description>
		<content:encoded><![CDATA[]]></content:encoded>
		<excerpt:encoded><![CDATA[]]></excerpt:encoded>
		<wp:post_id>3342</wp:post_id>
		<wp:post_date><![CDATA[2020-09-07 00:00:55]]></wp:post_date>
		<wp:post_date_gmt><![CDATA[2020-09-07 00:00:55]]></wp:post_date_gmt>
		<wp:post_modified><![CDATA[2020-09-07 00:00:55]]></wp:post_modified>
		<wp:post_modified_gmt><![CDATA[2020-09-07 00:00:55]]></wp:post_modified_gmt>
		<wp:comment_status><![CDATA[open]]></wp:comment_status>
		<wp:ping_status><![CDATA[closed]]></wp:ping_status>
		<wp:post_name><![CDATA[evangelina-aldama-gonzalez]]></wp:post_name>
		<wp:status><![CDATA[publish]]></wp:status>
		<wp:post_parent>0</wp:post_parent>
		<wp:menu_order>0</wp:menu_order>
		<wp:post_type><![CDATA[valpa_obituario_pt]]></wp:post_type>
		<wp:post_password><![CDATA[]]></wp:post_password>
		<wp:is_sticky>0</wp:is_sticky>
														<wp:postmeta>
		<wp:meta_key><![CDATA[_wp_old_date]]></wp:meta_key>
		<wp:meta_value><![CDATA[2020-09-09]]></wp:meta_value>
		</wp:postmeta>
							<wp:postmeta>
		<wp:meta_key><![CDATA[valpa_no_homenaje_meta]]></wp:meta_key>
		<wp:meta_value><![CDATA[0020000440]]></wp:meta_value>
		</wp:postmeta>
							<wp:postmeta>
		<wp:meta_key><![CDATA[valpa_nacimiento_dia_meta]]></wp:meta_key>
		<wp:meta_value><![CDATA[]]></wp:meta_value>
		</wp:postmeta>
							<wp:postmeta>
		<wp:meta_key><![CDATA[valpa_nacimiento_mes_meta]]></wp:meta_key>
		<wp:meta_value><![CDATA[]]></wp:meta_value>
		</wp:postmeta>
							<wp:postmeta>
		<wp:meta_key><![CDATA[valpa_nacimiento_ano_meta]]></wp:meta_key>
		<wp:meta_value><![CDATA[]]></wp:meta_value>
		</wp:postmeta>
							<wp:postmeta>
		<wp:meta_key><![CDATA[post_views_count]]></wp:meta_key>
		<wp:meta_value><![CDATA[137]]></wp:meta_value>
		</wp:postmeta>
							</item>
					<item>
		<title><![CDATA[Evarista Mejia Ramirez]]></title>
		<link>http://localhost/sass-wp/obituario/evarista-mejia-ramirez/</link>
		<pubDate>Mon, 07 Sep 2020 00:00:25 +0000</pubDate>
		<dc:creator><![CDATA[webmaster]]></dc:creator>
		<guid isPermaLink="false">http://valparaiso.com.mx/?post_type=valpa_obituario_pt&#038;p=3343</guid>
		<description></description>
		<content:encoded><![CDATA[]]></content:encoded>
		<excerpt:encoded><![CDATA[]]></excerpt:encoded>
		<wp:post_id>3343</wp:post_id>
		<wp:post_date><![CDATA[2020-09-07 00:00:25]]></wp:post_date>
		<wp:post_date_gmt><![CDATA[2020-09-07 00:00:25]]></wp:post_date_gmt>
		<wp:post_modified><![CDATA[2020-09-07 00:00:25]]></wp:post_modified>
		<wp:post_modified_gmt><![CDATA[2020-09-07 00:00:25]]></wp:post_modified_gmt>
		<wp:comment_status><![CDATA[open]]></wp:comment_status>
		<wp:ping_status><![CDATA[closed]]></wp:ping_status>
		<wp:post_name><![CDATA[evarista-mejia-ramirez]]></wp:post_name>
		<wp:status><![CDATA[publish]]></wp:status>
		<wp:post_parent>0</wp:post_parent>
		<wp:menu_order>0</wp:menu_order>
		<wp:post_type><![CDATA[valpa_obituario_pt]]></wp:post_type>
		<wp:post_password><![CDATA[]]></wp:post_password>
		<wp:is_sticky>0</wp:is_sticky>
														<wp:postmeta>
		<wp:meta_key><![CDATA[_wp_old_date]]></wp:meta_key>
		<wp:meta_value><![CDATA[2020-09-09]]></wp:meta_value>
		</wp:postmeta>
							<wp:postmeta>
		<wp:meta_key><![CDATA[valpa_no_homenaje_meta]]></wp:meta_key>
		<wp:meta_value><![CDATA[0020000441]]></wp:meta_value>
		</wp:postmeta>
							<wp:postmeta>
		<wp:meta_key><![CDATA[valpa_nacimiento_dia_meta]]></wp:meta_key>
		<wp:meta_value><![CDATA[]]></wp:meta_value>
		</wp:postmeta>
							<wp:postmeta>
		<wp:meta_key><![CDATA[valpa_nacimiento_mes_meta]]></wp:meta_key>
		<wp:meta_value><![CDATA[]]></wp:meta_value>
		</wp:postmeta>
							<wp:postmeta>
		<wp:meta_key><![CDATA[valpa_nacimiento_ano_meta]]></wp:meta_key>
		<wp:meta_value><![CDATA[]]></wp:meta_value>
		</wp:postmeta>
							<wp:postmeta>
		<wp:meta_key><![CDATA[post_views_count]]></wp:meta_key>
		<wp:meta_value><![CDATA[93]]></wp:meta_value>
		</wp:postmeta>
							</item>
					<item>
		<title><![CDATA[Gilberto Duarte Jaimes]]></title>
		<link>http://localhost/sass-wp/obituario/gilberto-duarte-jaimes/</link>
		<pubDate>Mon, 07 Sep 2020 00:00:12 +0000</pubDate>
		<dc:creator><![CDATA[webmaster]]></dc:creator>
		<guid isPermaLink="false">http://valparaiso.com.mx/?post_type=valpa_obituario_pt&#038;p=3344</guid>
		<description></description>
		<content:encoded><![CDATA[]]></content:encoded>
		<excerpt:encoded><![CDATA[]]></excerpt:encoded>
		<wp:post_id>3344</wp:post_id>
		<wp:post_date><![CDATA[2020-09-07 00:00:12]]></wp:post_date>
		<wp:post_date_gmt><![CDATA[2020-09-07 00:00:12]]></wp:post_date_gmt>
		<wp:post_modified><![CDATA[2020-09-07 00:00:12]]></wp:post_modified>
		<wp:post_modified_gmt><![CDATA[2020-09-07 00:00:12]]></wp:post_modified_gmt>
		<wp:comment_status><![CDATA[open]]></wp:comment_status>
		<wp:ping_status><![CDATA[closed]]></wp:ping_status>
		<wp:post_name><![CDATA[gilberto-duarte-jaimes]]></wp:post_name>
		<wp:status><![CDATA[publish]]></wp:status>
		<wp:post_parent>0</wp:post_parent>
		<wp:menu_order>0</wp:menu_order>
		<wp:post_type><![CDATA[valpa_obituario_pt]]></wp:post_type>
		<wp:post_password><![CDATA[]]></wp:post_password>
		<wp:is_sticky>0</wp:is_sticky>
														<wp:postmeta>
		<wp:meta_key><![CDATA[_wp_old_date]]></wp:meta_key>
		<wp:meta_value><![CDATA[2020-09-09]]></wp:meta_value>
		</wp:postmeta>
							<wp:postmeta>
		<wp:meta_key><![CDATA[valpa_no_homenaje_meta]]></wp:meta_key>
		<wp:meta_value><![CDATA[0020000442]]></wp:meta_value>
		</wp:postmeta>
							<wp:postmeta>
		<wp:meta_key><![CDATA[valpa_nacimiento_dia_meta]]></wp:meta_key>
		<wp:meta_value><![CDATA[]]></wp:meta_value>
		</wp:postmeta>
							<wp:postmeta>
		<wp:meta_key><![CDATA[valpa_nacimiento_mes_meta]]></wp:meta_key>
		<wp:meta_value><![CDATA[]]></wp:meta_value>
		</wp:postmeta>
							<wp:postmeta>
		<wp:meta_key><![CDATA[valpa_nacimiento_ano_meta]]></wp:meta_key>
		<wp:meta_value><![CDATA[]]></wp:meta_value>
		</wp:postmeta>
							<wp:postmeta>
		<wp:meta_key><![CDATA[post_views_count]]></wp:meta_key>
		<wp:meta_value><![CDATA[81]]></wp:meta_value>
		</wp:postmeta>
							</item>
					<item>
		<title><![CDATA[Enedino Sanchez Sanchez]]></title>
		<link>http://localhost/sass-wp/obituario/enedino-sanchez-sanchez/</link>
		<pubDate>Mon, 07 Sep 2020 00:00:29 +0000</pubDate>
		<dc:creator><![CDATA[webmaster]]></dc:creator>
		<guid isPermaLink="false">http://valparaiso.com.mx/?post_type=valpa_obituario_pt&#038;p=3345</guid>
		<description></description>
		<content:encoded><![CDATA[]]></content:encoded>
		<excerpt:encoded><![CDATA[]]></excerpt:encoded>
		<wp:post_id>3345</wp:post_id>
		<wp:post_date><![CDATA[2020-09-07 00:00:29]]></wp:post_date>
		<wp:post_date_gmt><![CDATA[2020-09-07 00:00:29]]></wp:post_date_gmt>
		<wp:post_modified><![CDATA[2020-09-07 00:00:29]]></wp:post_modified>
		<wp:post_modified_gmt><![CDATA[2020-09-07 00:00:29]]></wp:post_modified_gmt>
		<wp:comment_status><![CDATA[open]]></wp:comment_status>
		<wp:ping_status><![CDATA[closed]]></wp:ping_status>
		<wp:post_name><![CDATA[enedino-sanchez-sanchez]]></wp:post_name>
		<wp:status><![CDATA[publish]]></wp:status>
		<wp:post_parent>0</wp:post_parent>
		<wp:menu_order>0</wp:menu_order>
		<wp:post_type><![CDATA[valpa_obituario_pt]]></wp:post_type>
		<wp:post_password><![CDATA[]]></wp:post_password>
		<wp:is_sticky>0</wp:is_sticky>
														<wp:postmeta>
		<wp:meta_key><![CDATA[_wp_old_date]]></wp:meta_key>
		<wp:meta_value><![CDATA[2020-09-09]]></wp:meta_value>
		</wp:postmeta>
							<wp:postmeta>
		<wp:meta_key><![CDATA[valpa_no_homenaje_meta]]></wp:meta_key>
		<wp:meta_value><![CDATA[0020000443]]></wp:meta_value>
		</wp:postmeta>
							<wp:postmeta>
		<wp:meta_key><![CDATA[valpa_nacimiento_dia_meta]]></wp:meta_key>
		<wp:meta_value><![CDATA[]]></wp:meta_value>
		</wp:postmeta>
							<wp:postmeta>
		<wp:meta_key><![CDATA[valpa_nacimiento_mes_meta]]></wp:meta_key>
		<wp:meta_value><![CDATA[]]></wp:meta_value>
		</wp:postmeta>
							<wp:postmeta>
		<wp:meta_key><![CDATA[valpa_nacimiento_ano_meta]]></wp:meta_key>
		<wp:meta_value><![CDATA[]]></wp:meta_value>
		</wp:postmeta>
							<wp:postmeta>
		<wp:meta_key><![CDATA[post_views_count]]></wp:meta_key>
		<wp:meta_value><![CDATA[129]]></wp:meta_value>
		</wp:postmeta>
							</item>
					<item>
		<title><![CDATA[Guadalupe Lopez Sanchez]]></title>
		<link>http://localhost/sass-wp/obituario/guadalupe-lopez-sanchez/</link>
		<pubDate>Tue, 08 Sep 2020 00:00:37 +0000</pubDate>
		<dc:creator><![CDATA[webmaster]]></dc:creator>
		<guid isPermaLink="false">http://valparaiso.com.mx/?post_type=valpa_obituario_pt&#038;p=3346</guid>
		<description></description>
		<content:encoded><![CDATA[]]></content:encoded>
		<excerpt:encoded><![CDATA[]]></excerpt:encoded>
		<wp:post_id>3346</wp:post_id>
		<wp:post_date><![CDATA[2020-09-08 00:00:37]]></wp:post_date>
		<wp:post_date_gmt><![CDATA[2020-09-08 00:00:37]]></wp:post_date_gmt>
		<wp:post_modified><![CDATA[2020-09-08 00:00:37]]></wp:post_modified>
		<wp:post_modified_gmt><![CDATA[2020-09-08 00:00:37]]></wp:post_modified_gmt>
		<wp:comment_status><![CDATA[open]]></wp:comment_status>
		<wp:ping_status><![CDATA[closed]]></wp:ping_status>
		<wp:post_name><![CDATA[guadalupe-lopez-sanchez]]></wp:post_name>
		<wp:status><![CDATA[publish]]></wp:status>
		<wp:post_parent>0</wp:post_parent>
		<wp:menu_order>0</wp:menu_order>
		<wp:post_type><![CDATA[valpa_obituario_pt]]></wp:post_type>
		<wp:post_password><![CDATA[]]></wp:post_password>
		<wp:is_sticky>0</wp:is_sticky>
														<wp:postmeta>
		<wp:meta_key><![CDATA[valpa_no_homenaje_meta]]></wp:meta_key>
		<wp:meta_value><![CDATA[0020000444]]></wp:meta_value>
		</wp:postmeta>
							<wp:postmeta>
		<wp:meta_key><![CDATA[valpa_nacimiento_dia_meta]]></wp:meta_key>
		<wp:meta_value><![CDATA[]]></wp:meta_value>
		</wp:postmeta>
							<wp:postmeta>
		<wp:meta_key><![CDATA[valpa_nacimiento_mes_meta]]></wp:meta_key>
		<wp:meta_value><![CDATA[]]></wp:meta_value>
		</wp:postmeta>
							<wp:postmeta>
		<wp:meta_key><![CDATA[valpa_nacimiento_ano_meta]]></wp:meta_key>
		<wp:meta_value><![CDATA[]]></wp:meta_value>
		</wp:postmeta>
							<wp:postmeta>
		<wp:meta_key><![CDATA[post_views_count]]></wp:meta_key>
		<wp:meta_value><![CDATA[143]]></wp:meta_value>
		</wp:postmeta>
							</item>
					<item>
		<title><![CDATA[Candida Esquivel Martinez]]></title>
		<link>http://localhost/sass-wp/obituario/candida-esquivel-martinez/</link>
		<pubDate>Wed, 09 Sep 2020 00:00:56 +0000</pubDate>
		<dc:creator><![CDATA[webmaster]]></dc:creator>
		<guid isPermaLink="false">http://valparaiso.com.mx/?post_type=valpa_obituario_pt&#038;p=3347</guid>
		<description></description>
		<content:encoded><![CDATA[]]></content:encoded>
		<excerpt:encoded><![CDATA[]]></excerpt:encoded>
		<wp:post_id>3347</wp:post_id>
		<wp:post_date><![CDATA[2020-09-09 00:00:56]]></wp:post_date>
		<wp:post_date_gmt><![CDATA[2020-09-09 00:00:56]]></wp:post_date_gmt>
		<wp:post_modified><![CDATA[2020-09-09 00:00:56]]></wp:post_modified>
		<wp:post_modified_gmt><![CDATA[2020-09-09 00:00:56]]></wp:post_modified_gmt>
		<wp:comment_status><![CDATA[open]]></wp:comment_status>
		<wp:ping_status><![CDATA[closed]]></wp:ping_status>
		<wp:post_name><![CDATA[candida-esquivel-martinez]]></wp:post_name>
		<wp:status><![CDATA[publish]]></wp:status>
		<wp:post_parent>0</wp:post_parent>
		<wp:menu_order>0</wp:menu_order>
		<wp:post_type><![CDATA[valpa_obituario_pt]]></wp:post_type>
		<wp:post_password><![CDATA[]]></wp:post_password>
		<wp:is_sticky>0</wp:is_sticky>
														<wp:postmeta>
		<wp:meta_key><![CDATA[valpa_no_homenaje_meta]]></wp:meta_key>
		<wp:meta_value><![CDATA[0020000445]]></wp:meta_value>
		</wp:postmeta>
							<wp:postmeta>
		<wp:meta_key><![CDATA[valpa_nacimiento_dia_meta]]></wp:meta_key>
		<wp:meta_value><![CDATA[]]></wp:meta_value>
		</wp:postmeta>
							<wp:postmeta>
		<wp:meta_key><![CDATA[valpa_nacimiento_mes_meta]]></wp:meta_key>
		<wp:meta_value><![CDATA[]]></wp:meta_value>
		</wp:postmeta>
							<wp:postmeta>
		<wp:meta_key><![CDATA[valpa_nacimiento_ano_meta]]></wp:meta_key>
		<wp:meta_value><![CDATA[]]></wp:meta_value>
		</wp:postmeta>
							<wp:postmeta>
		<wp:meta_key><![CDATA[post_views_count]]></wp:meta_key>
		<wp:meta_value><![CDATA[212]]></wp:meta_value>
		</wp:postmeta>
							<wp:postmeta>
		<wp:meta_key><![CDATA[num_recuerdos_meta]]></wp:meta_key>
		<wp:meta_value><![CDATA[2]]></wp:meta_value>
		</wp:postmeta>
							</item>
					<item>
		<title><![CDATA[Catalina Escobar Flores]]></title>
		<link>http://localhost/sass-wp/obituario/catalina-escobar-flores/</link>
		<pubDate>Sun, 01 Nov 2020 15:33:43 +0000</pubDate>
		<dc:creator><![CDATA[webmaster]]></dc:creator>
		<guid isPermaLink="false">http://valparaiso.com.mx/?post_type=valpa_obituario_pt&#038;p=4190</guid>
		<description></description>
		<content:encoded><![CDATA[TE DIGO ADIOS PARA TODA LA VIDA, PERO TODA LA VIDA SEGUIRE PENSANDO EN TI.]]></content:encoded>
		<excerpt:encoded><![CDATA[]]></excerpt:encoded>
		<wp:post_id>4190</wp:post_id>
		<wp:post_date><![CDATA[2020-11-01 15:33:43]]></wp:post_date>
		<wp:post_date_gmt><![CDATA[2020-11-01 15:33:43]]></wp:post_date_gmt>
		<wp:post_modified><![CDATA[2020-11-01 15:33:43]]></wp:post_modified>
		<wp:post_modified_gmt><![CDATA[2020-11-01 15:33:43]]></wp:post_modified_gmt>
		<wp:comment_status><![CDATA[open]]></wp:comment_status>
		<wp:ping_status><![CDATA[closed]]></wp:ping_status>
		<wp:post_name><![CDATA[catalina-escobar-flores]]></wp:post_name>
		<wp:status><![CDATA[publish]]></wp:status>
		<wp:post_parent>0</wp:post_parent>
		<wp:menu_order>0</wp:menu_order>
		<wp:post_type><![CDATA[valpa_obituario_pt]]></wp:post_type>
		<wp:post_password><![CDATA[]]></wp:post_password>
		<wp:is_sticky>0</wp:is_sticky>
														<wp:postmeta>
		<wp:meta_key><![CDATA[_edit_last]]></wp:meta_key>
		<wp:meta_value><![CDATA[1]]></wp:meta_value>
		</wp:postmeta>
							<wp:postmeta>
		<wp:meta_key><![CDATA[valpa_no_homenaje_meta]]></wp:meta_key>
		<wp:meta_value><![CDATA[0020000453]]></wp:meta_value>
		</wp:postmeta>
							<wp:postmeta>
		<wp:meta_key><![CDATA[valpa_nacimiento_dia_meta]]></wp:meta_key>
		<wp:meta_value><![CDATA[27]]></wp:meta_value>
		</wp:postmeta>
							<wp:postmeta>
		<wp:meta_key><![CDATA[valpa_nacimiento_mes_meta]]></wp:meta_key>
		<wp:meta_value><![CDATA[11]]></wp:meta_value>
		</wp:postmeta>
							<wp:postmeta>
		<wp:meta_key><![CDATA[valpa_nacimiento_ano_meta]]></wp:meta_key>
		<wp:meta_value><![CDATA[1957]]></wp:meta_value>
		</wp:postmeta>
							<wp:postmeta>
		<wp:meta_key><![CDATA[post_views_count]]></wp:meta_key>
		<wp:meta_value><![CDATA[99]]></wp:meta_value>
		</wp:postmeta>
							<wp:postmeta>
		<wp:meta_key><![CDATA[sucursal_relacionada_meta]]></wp:meta_key>
		<wp:meta_value><![CDATA[a:1:{i:0;s:2:"22";}]]></wp:meta_value>
		</wp:postmeta>
							<wp:postmeta>
		<wp:meta_key><![CDATA[_thumbnail_id]]></wp:meta_key>
		<wp:meta_value><![CDATA[4223]]></wp:meta_value>
		</wp:postmeta>
							</item>
					<item>
		<title><![CDATA[David Morales MejÃ­a]]></title>
		<link>http://localhost/sass-wp/obituario/david-morales-mejia-2/</link>
		<pubDate>Sun, 01 Nov 2020 16:07:35 +0000</pubDate>
		<dc:creator><![CDATA[webmaster]]></dc:creator>
		<guid isPermaLink="false">http://valparaiso.com.mx/?post_type=valpa_obituario_pt&#038;p=4225</guid>
		<description></description>
		<content:encoded><![CDATA[LA MUERTE DEJA UN DOLOR EN EL CORAZON, QUE NADIE PUEDE SANAR PERO EL AMOR DEJA UNA MEMORIA QUE NADIE PUEDE ROBAR]]></content:encoded>
		<excerpt:encoded><![CDATA[]]></excerpt:encoded>
		<wp:post_id>4225</wp:post_id>
		<wp:post_date><![CDATA[2020-11-01 16:07:35]]></wp:post_date>
		<wp:post_date_gmt><![CDATA[2020-11-01 16:07:35]]></wp:post_date_gmt>
		<wp:post_modified><![CDATA[2020-11-01 16:07:35]]></wp:post_modified>
		<wp:post_modified_gmt><![CDATA[2020-11-01 16:07:35]]></wp:post_modified_gmt>
		<wp:comment_status><![CDATA[open]]></wp:comment_status>
		<wp:ping_status><![CDATA[closed]]></wp:ping_status>
		<wp:post_name><![CDATA[david-morales-mejia-2]]></wp:post_name>
		<wp:status><![CDATA[publish]]></wp:status>
		<wp:post_parent>0</wp:post_parent>
		<wp:menu_order>0</wp:menu_order>
		<wp:post_type><![CDATA[valpa_obituario_pt]]></wp:post_type>
		<wp:post_password><![CDATA[]]></wp:post_password>
		<wp:is_sticky>0</wp:is_sticky>
														<wp:postmeta>
		<wp:meta_key><![CDATA[_edit_last]]></wp:meta_key>
		<wp:meta_value><![CDATA[1]]></wp:meta_value>
		</wp:postmeta>
							<wp:postmeta>
		<wp:meta_key><![CDATA[sucursal_relacionada_meta]]></wp:meta_key>
		<wp:meta_value><![CDATA[a:1:{i:0;s:2:"22";}]]></wp:meta_value>
		</wp:postmeta>
							<wp:postmeta>
		<wp:meta_key><![CDATA[valpa_no_homenaje_meta]]></wp:meta_key>
		<wp:meta_value><![CDATA[0020000390]]></wp:meta_value>
		</wp:postmeta>
							<wp:postmeta>
		<wp:meta_key><![CDATA[valpa_nacimiento_dia_meta]]></wp:meta_key>
		<wp:meta_value><![CDATA[27]]></wp:meta_value>
		</wp:postmeta>
							<wp:postmeta>
		<wp:meta_key><![CDATA[valpa_nacimiento_mes_meta]]></wp:meta_key>
		<wp:meta_value><![CDATA[12]]></wp:meta_value>
		</wp:postmeta>
							<wp:postmeta>
		<wp:meta_key><![CDATA[valpa_nacimiento_ano_meta]]></wp:meta_key>
		<wp:meta_value><![CDATA[1950]]></wp:meta_value>
		</wp:postmeta>
							<wp:postmeta>
		<wp:meta_key><![CDATA[post_views_count]]></wp:meta_key>
		<wp:meta_value><![CDATA[108]]></wp:meta_value>
		</wp:postmeta>
							<wp:postmeta>
		<wp:meta_key><![CDATA[_thumbnail_id]]></wp:meta_key>
		<wp:meta_value><![CDATA[4252]]></wp:meta_value>
		</wp:postmeta>
							<wp:postmeta>
		<wp:meta_key><![CDATA[num_velas_meta]]></wp:meta_key>
		<wp:meta_value><![CDATA[1]]></wp:meta_value>
		</wp:postmeta>
							</item>
					<item>
		<title><![CDATA[Eduardo Alberto Vega Contreras]]></title>
		<link>http://localhost/sass-wp/obituario/eduardo-alberto-vega-contreras/</link>
		<pubDate>Sun, 01 Nov 2020 16:18:03 +0000</pubDate>
		<dc:creator><![CDATA[webmaster]]></dc:creator>
		<guid isPermaLink="false">http://valparaiso.com.mx/?post_type=valpa_obituario_pt&#038;p=4255</guid>
		<description></description>
		<content:encoded><![CDATA[A PESAR DE NO ESTAR PRESENTE EN CUERPO, TU ESTARAS CON NOSOTROS POR SIEMPRE EN NUESTROS CORAZONES]]></content:encoded>
		<excerpt:encoded><![CDATA[]]></excerpt:encoded>
		<wp:post_id>4255</wp:post_id>
		<wp:post_date><![CDATA[2020-11-01 16:18:03]]></wp:post_date>
		<wp:post_date_gmt><![CDATA[2020-11-01 16:18:03]]></wp:post_date_gmt>
		<wp:post_modified><![CDATA[2020-11-01 16:18:03]]></wp:post_modified>
		<wp:post_modified_gmt><![CDATA[2020-11-01 16:18:03]]></wp:post_modified_gmt>
		<wp:comment_status><![CDATA[open]]></wp:comment_status>
		<wp:ping_status><![CDATA[closed]]></wp:ping_status>
		<wp:post_name><![CDATA[eduardo-alberto-vega-contreras]]></wp:post_name>
		<wp:status><![CDATA[publish]]></wp:status>
		<wp:post_parent>0</wp:post_parent>
		<wp:menu_order>0</wp:menu_order>
		<wp:post_type><![CDATA[valpa_obituario_pt]]></wp:post_type>
		<wp:post_password><![CDATA[]]></wp:post_password>
		<wp:is_sticky>0</wp:is_sticky>
														<wp:postmeta>
		<wp:meta_key><![CDATA[_edit_last]]></wp:meta_key>
		<wp:meta_value><![CDATA[1]]></wp:meta_value>
		</wp:postmeta>
							<wp:postmeta>
		<wp:meta_key><![CDATA[_thumbnail_id]]></wp:meta_key>
		<wp:meta_value><![CDATA[4264]]></wp:meta_value>
		</wp:postmeta>
							<wp:postmeta>
		<wp:meta_key><![CDATA[sucursal_relacionada_meta]]></wp:meta_key>
		<wp:meta_value><![CDATA[a:1:{i:0;s:2:"22";}]]></wp:meta_value>
		</wp:postmeta>
							<wp:postmeta>
		<wp:meta_key><![CDATA[valpa_no_homenaje_meta]]></wp:meta_key>
		<wp:meta_value><![CDATA[0020000533]]></wp:meta_value>
		</wp:postmeta>
							<wp:postmeta>
		<wp:meta_key><![CDATA[valpa_nacimiento_dia_meta]]></wp:meta_key>
		<wp:meta_value><![CDATA[25]]></wp:meta_value>
		</wp:postmeta>
							<wp:postmeta>
		<wp:meta_key><![CDATA[valpa_nacimiento_mes_meta]]></wp:meta_key>
		<wp:meta_value><![CDATA[09]]></wp:meta_value>
		</wp:postmeta>
							<wp:postmeta>
		<wp:meta_key><![CDATA[valpa_nacimiento_ano_meta]]></wp:meta_key>
		<wp:meta_value><![CDATA[1968]]></wp:meta_value>
		</wp:postmeta>
							<wp:postmeta>
		<wp:meta_key><![CDATA[post_views_count]]></wp:meta_key>
		<wp:meta_value><![CDATA[153]]></wp:meta_value>
		</wp:postmeta>
							<wp:postmeta>
		<wp:meta_key><![CDATA[_wp_old_slug]]></wp:meta_key>
		<wp:meta_value><![CDATA[eduardo-alberto-varga-contreras]]></wp:meta_value>
		</wp:postmeta>
							<wp:postmeta>
		<wp:meta_key><![CDATA[num_velas_meta]]></wp:meta_key>
		<wp:meta_value><![CDATA[1]]></wp:meta_value>
		</wp:postmeta>
							</item>
					<item>
		<title><![CDATA[Gilberto Duarte Jaimes]]></title>
		<link>http://localhost/sass-wp/obituario/gilberto-duarte-jaimes-2/</link>
		<pubDate>Sun, 01 Nov 2020 17:05:09 +0000</pubDate>
		<dc:creator><![CDATA[webmaster]]></dc:creator>
		<guid isPermaLink="false">http://valparaiso.com.mx/?post_type=valpa_obituario_pt&#038;p=4277</guid>
		<description></description>
		<content:encoded><![CDATA[HASTA PRONTO, QUE BRILLE PARA TI LA LUZ QUE NO TIENE FIN.]]></content:encoded>
		<excerpt:encoded><![CDATA[]]></excerpt:encoded>
		<wp:post_id>4277</wp:post_id>
		<wp:post_date><![CDATA[2020-11-01 17:05:09]]></wp:post_date>
		<wp:post_date_gmt><![CDATA[2020-11-01 17:05:09]]></wp:post_date_gmt>
		<wp:post_modified><![CDATA[2020-11-01 17:05:09]]></wp:post_modified>
		<wp:post_modified_gmt><![CDATA[2020-11-01 17:05:09]]></wp:post_modified_gmt>
		<wp:comment_status><![CDATA[open]]></wp:comment_status>
		<wp:ping_status><![CDATA[closed]]></wp:ping_status>
		<wp:post_name><![CDATA[gilberto-duarte-jaimes-2]]></wp:post_name>
		<wp:status><![CDATA[publish]]></wp:status>
		<wp:post_parent>0</wp:post_parent>
		<wp:menu_order>0</wp:menu_order>
		<wp:post_type><![CDATA[valpa_obituario_pt]]></wp:post_type>
		<wp:post_password><![CDATA[]]></wp:post_password>
		<wp:is_sticky>0</wp:is_sticky>
														<wp:postmeta>
		<wp:meta_key><![CDATA[_edit_last]]></wp:meta_key>
		<wp:meta_value><![CDATA[1]]></wp:meta_value>
		</wp:postmeta>
							<wp:postmeta>
		<wp:meta_key><![CDATA[sucursal_relacionada_meta]]></wp:meta_key>
		<wp:meta_value><![CDATA[a:1:{i:0;s:2:"22";}]]></wp:meta_value>
		</wp:postmeta>
							<wp:postmeta>
		<wp:meta_key><![CDATA[valpa_no_homenaje_meta]]></wp:meta_key>
		<wp:meta_value><![CDATA[0020000442]]></wp:meta_value>
		</wp:postmeta>
							<wp:postmeta>
		<wp:meta_key><![CDATA[valpa_nacimiento_dia_meta]]></wp:meta_key>
		<wp:meta_value><![CDATA[02]]></wp:meta_value>
		</wp:postmeta>
							<wp:postmeta>
		<wp:meta_key><![CDATA[valpa_nacimiento_mes_meta]]></wp:meta_key>
		<wp:meta_value><![CDATA[4]]></wp:meta_value>
		</wp:postmeta>
							<wp:postmeta>
		<wp:meta_key><![CDATA[valpa_nacimiento_ano_meta]]></wp:meta_key>
		<wp:meta_value><![CDATA[1965]]></wp:meta_value>
		</wp:postmeta>
							<wp:postmeta>
		<wp:meta_key><![CDATA[_thumbnail_id]]></wp:meta_key>
		<wp:meta_value><![CDATA[4294]]></wp:meta_value>
		</wp:postmeta>
							<wp:postmeta>
		<wp:meta_key><![CDATA[post_views_count]]></wp:meta_key>
		<wp:meta_value><![CDATA[150]]></wp:meta_value>
		</wp:postmeta>
							<wp:postmeta>
		<wp:meta_key><![CDATA[num_velas_meta]]></wp:meta_key>
		<wp:meta_value><![CDATA[5]]></wp:meta_value>
		</wp:postmeta>
							<wp:postmeta>
		<wp:meta_key><![CDATA[num_recuerdos_meta]]></wp:meta_key>
		<wp:meta_value><![CDATA[2]]></wp:meta_value>
		</wp:postmeta>
							</item>
					<item>
		<title><![CDATA[Gonzalo Carmona ZÃºÃ±iga]]></title>
		<link>http://localhost/sass-wp/obituario/gonzalo-carmona-zuniga-2/</link>
		<pubDate>Sun, 01 Nov 2020 17:13:25 +0000</pubDate>
		<dc:creator><![CDATA[webmaster]]></dc:creator>
		<guid isPermaLink="false">http://valparaiso.com.mx/?post_type=valpa_obituario_pt&#038;p=4297</guid>
		<description></description>
		<content:encoded><![CDATA[TE DIGO ADIOS PARA TODA LA VIDA, PERO TODA LA VIDA SEGUIRE PENSANDO EN TI.]]></content:encoded>
		<excerpt:encoded><![CDATA[]]></excerpt:encoded>
		<wp:post_id>4297</wp:post_id>
		<wp:post_date><![CDATA[2020-11-01 17:13:25]]></wp:post_date>
		<wp:post_date_gmt><![CDATA[2020-11-01 17:13:25]]></wp:post_date_gmt>
		<wp:post_modified><![CDATA[2020-11-01 17:13:25]]></wp:post_modified>
		<wp:post_modified_gmt><![CDATA[2020-11-01 17:13:25]]></wp:post_modified_gmt>
		<wp:comment_status><![CDATA[open]]></wp:comment_status>
		<wp:ping_status><![CDATA[closed]]></wp:ping_status>
		<wp:post_name><![CDATA[gonzalo-carmona-zuniga-2]]></wp:post_name>
		<wp:status><![CDATA[publish]]></wp:status>
		<wp:post_parent>0</wp:post_parent>
		<wp:menu_order>0</wp:menu_order>
		<wp:post_type><![CDATA[valpa_obituario_pt]]></wp:post_type>
		<wp:post_password><![CDATA[]]></wp:post_password>
		<wp:is_sticky>0</wp:is_sticky>
														<wp:postmeta>
		<wp:meta_key><![CDATA[_edit_last]]></wp:meta_key>
		<wp:meta_value><![CDATA[1]]></wp:meta_value>
		</wp:postmeta>
							<wp:postmeta>
		<wp:meta_key><![CDATA[sucursal_relacionada_meta]]></wp:meta_key>
		<wp:meta_value><![CDATA[a:1:{i:0;s:2:"22";}]]></wp:meta_value>
		</wp:postmeta>
							<wp:postmeta>
		<wp:meta_key><![CDATA[valpa_no_homenaje_meta]]></wp:meta_key>
		<wp:meta_value><![CDATA[0020000413]]></wp:meta_value>
		</wp:postmeta>
							<wp:postmeta>
		<wp:meta_key><![CDATA[valpa_nacimiento_dia_meta]]></wp:meta_key>
		<wp:meta_value><![CDATA[26]]></wp:meta_value>
		</wp:postmeta>
							<wp:postmeta>
		<wp:meta_key><![CDATA[valpa_nacimiento_mes_meta]]></wp:meta_key>
		<wp:meta_value><![CDATA[10]]></wp:meta_value>
		</wp:postmeta>
							<wp:postmeta>
		<wp:meta_key><![CDATA[valpa_nacimiento_ano_meta]]></wp:meta_key>
		<wp:meta_value><![CDATA[1936]]></wp:meta_value>
		</wp:postmeta>
							<wp:postmeta>
		<wp:meta_key><![CDATA[_thumbnail_id]]></wp:meta_key>
		<wp:meta_value><![CDATA[4322]]></wp:meta_value>
		</wp:postmeta>
							<wp:postmeta>
		<wp:meta_key><![CDATA[post_views_count]]></wp:meta_key>
		<wp:meta_value><![CDATA[113]]></wp:meta_value>
		</wp:postmeta>
							</item>
					<item>
		<title><![CDATA[Ignacio Rios Montes De Oca]]></title>
		<link>http://localhost/sass-wp/obituario/ignacio-rios-montes-de-oca/</link>
		<pubDate>Sun, 01 Nov 2020 17:19:47 +0000</pubDate>
		<dc:creator><![CDATA[webmaster]]></dc:creator>
		<guid isPermaLink="false">http://valparaiso.com.mx/?post_type=valpa_obituario_pt&#038;p=4324</guid>
		<description></description>
		<content:encoded><![CDATA[LA MUERTE DEJA UN DOLOR EN EL CORAZON, QUE NADIE PUEDE SANAR PERO EL AMOR DEJA UNA MEMORIA QUE NADIE PUEDE ROBAR]]></content:encoded>
		<excerpt:encoded><![CDATA[]]></excerpt:encoded>
		<wp:post_id>4324</wp:post_id>
		<wp:post_date><![CDATA[2020-11-01 17:19:47]]></wp:post_date>
		<wp:post_date_gmt><![CDATA[2020-11-01 17:19:47]]></wp:post_date_gmt>
		<wp:post_modified><![CDATA[2020-11-01 17:19:47]]></wp:post_modified>
		<wp:post_modified_gmt><![CDATA[2020-11-01 17:19:47]]></wp:post_modified_gmt>
		<wp:comment_status><![CDATA[open]]></wp:comment_status>
		<wp:ping_status><![CDATA[closed]]></wp:ping_status>
		<wp:post_name><![CDATA[ignacio-rios-montes-de-oca]]></wp:post_name>
		<wp:status><![CDATA[publish]]></wp:status>
		<wp:post_parent>0</wp:post_parent>
		<wp:menu_order>0</wp:menu_order>
		<wp:post_type><![CDATA[valpa_obituario_pt]]></wp:post_type>
		<wp:post_password><![CDATA[]]></wp:post_password>
		<wp:is_sticky>0</wp:is_sticky>
														<wp:postmeta>
		<wp:meta_key><![CDATA[_edit_last]]></wp:meta_key>
		<wp:meta_value><![CDATA[1]]></wp:meta_value>
		</wp:postmeta>
							<wp:postmeta>
		<wp:meta_key><![CDATA[sucursal_relacionada_meta]]></wp:meta_key>
		<wp:meta_value><![CDATA[a:1:{i:0;s:2:"22";}]]></wp:meta_value>
		</wp:postmeta>
							<wp:postmeta>
		<wp:meta_key><![CDATA[valpa_no_homenaje_meta]]></wp:meta_key>
		<wp:meta_value><![CDATA[0020000450]]></wp:meta_value>
		</wp:postmeta>
							<wp:postmeta>
		<wp:meta_key><![CDATA[valpa_nacimiento_dia_meta]]></wp:meta_key>
		<wp:meta_value><![CDATA[08]]></wp:meta_value>
		</wp:postmeta>
							<wp:postmeta>
		<wp:meta_key><![CDATA[valpa_nacimiento_mes_meta]]></wp:meta_key>
		<wp:meta_value><![CDATA[02]]></wp:meta_value>
		</wp:postmeta>
							<wp:postmeta>
		<wp:meta_key><![CDATA[valpa_nacimiento_ano_meta]]></wp:meta_key>
		<wp:meta_value><![CDATA[1954]]></wp:meta_value>
		</wp:postmeta>
							<wp:postmeta>
		<wp:meta_key><![CDATA[post_views_count]]></wp:meta_key>
		<wp:meta_value><![CDATA[568]]></wp:meta_value>
		</wp:postmeta>
							<wp:postmeta>
		<wp:meta_key><![CDATA[num_velas_meta]]></wp:meta_key>
		<wp:meta_value><![CDATA[26]]></wp:meta_value>
		</wp:postmeta>
							<wp:postmeta>
		<wp:meta_key><![CDATA[num_recuerdos_meta]]></wp:meta_key>
		<wp:meta_value><![CDATA[11]]></wp:meta_value>
		</wp:postmeta>
							</item>
					<item>
		<title><![CDATA[JosÃ© Alberto Lopez Gomez]]></title>
		<link>http://localhost/sass-wp/obituario/jose-alberto-lopez-gomez/</link>
		<pubDate>Sun, 01 Nov 2020 17:40:29 +0000</pubDate>
		<dc:creator><![CDATA[webmaster]]></dc:creator>
		<guid isPermaLink="false">http://valparaiso.com.mx/?post_type=valpa_obituario_pt&#038;p=4361</guid>
		<description></description>
		<content:encoded><![CDATA[A PESAR DE NO ESTAR PRESENTE EN CUERPO, TU ESTARAS CON NOSOTROS POR SIEMPRE EN NUESTROS CORAZONES]]></content:encoded>
		<excerpt:encoded><![CDATA[]]></excerpt:encoded>
		<wp:post_id>4361</wp:post_id>
		<wp:post_date><![CDATA[2020-11-01 17:40:29]]></wp:post_date>
		<wp:post_date_gmt><![CDATA[2020-11-01 17:40:29]]></wp:post_date_gmt>
		<wp:post_modified><![CDATA[2020-11-01 17:40:29]]></wp:post_modified>
		<wp:post_modified_gmt><![CDATA[2020-11-01 17:40:29]]></wp:post_modified_gmt>
		<wp:comment_status><![CDATA[open]]></wp:comment_status>
		<wp:ping_status><![CDATA[closed]]></wp:ping_status>
		<wp:post_name><![CDATA[jose-alberto-lopez-gomez]]></wp:post_name>
		<wp:status><![CDATA[publish]]></wp:status>
		<wp:post_parent>0</wp:post_parent>
		<wp:menu_order>0</wp:menu_order>
		<wp:post_type><![CDATA[valpa_obituario_pt]]></wp:post_type>
		<wp:post_password><![CDATA[]]></wp:post_password>
		<wp:is_sticky>0</wp:is_sticky>
														<wp:postmeta>
		<wp:meta_key><![CDATA[_edit_last]]></wp:meta_key>
		<wp:meta_value><![CDATA[1]]></wp:meta_value>
		</wp:postmeta>
							<wp:postmeta>
		<wp:meta_key><![CDATA[valpa_no_homenaje_meta]]></wp:meta_key>
		<wp:meta_value><![CDATA[0020000455]]></wp:meta_value>
		</wp:postmeta>
							<wp:postmeta>
		<wp:meta_key><![CDATA[valpa_nacimiento_dia_meta]]></wp:meta_key>
		<wp:meta_value><![CDATA[28]]></wp:meta_value>
		</wp:postmeta>
							<wp:postmeta>
		<wp:meta_key><![CDATA[valpa_nacimiento_mes_meta]]></wp:meta_key>
		<wp:meta_value><![CDATA[02]]></wp:meta_value>
		</wp:postmeta>
							<wp:postmeta>
		<wp:meta_key><![CDATA[valpa_nacimiento_ano_meta]]></wp:meta_key>
		<wp:meta_value><![CDATA[1990]]></wp:meta_value>
		</wp:postmeta>
							<wp:postmeta>
		<wp:meta_key><![CDATA[post_views_count]]></wp:meta_key>
		<wp:meta_value><![CDATA[148]]></wp:meta_value>
		</wp:postmeta>
							<wp:postmeta>
		<wp:meta_key><![CDATA[sucursal_relacionada_meta]]></wp:meta_key>
		<wp:meta_value><![CDATA[a:1:{i:0;s:2:"22";}]]></wp:meta_value>
		</wp:postmeta>
							<wp:postmeta>
		<wp:meta_key><![CDATA[_thumbnail_id]]></wp:meta_key>
		<wp:meta_value><![CDATA[4362]]></wp:meta_value>
		</wp:postmeta>
							</item>
					<item>
		<title><![CDATA[JosÃ© Luis Monroy Lopez]]></title>
		<link>http://localhost/sass-wp/obituario/jose-luis-monroy-lopez-2/</link>
		<pubDate>Sun, 01 Nov 2020 17:55:09 +0000</pubDate>
		<dc:creator><![CDATA[webmaster]]></dc:creator>
		<guid isPermaLink="false">http://valparaiso.com.mx/?post_type=valpa_obituario_pt&#038;p=4399</guid>
		<description></description>
		<content:encoded><![CDATA[HASTA PRONTO, QUE BRILLE PARA TI LA LUZ QUE NO TIENE FIN.]]></content:encoded>
		<excerpt:encoded><![CDATA[]]></excerpt:encoded>
		<wp:post_id>4399</wp:post_id>
		<wp:post_date><![CDATA[2020-11-01 17:55:09]]></wp:post_date>
		<wp:post_date_gmt><![CDATA[2020-11-01 17:55:09]]></wp:post_date_gmt>
		<wp:post_modified><![CDATA[2020-11-01 17:55:09]]></wp:post_modified>
		<wp:post_modified_gmt><![CDATA[2020-11-01 17:55:09]]></wp:post_modified_gmt>
		<wp:comment_status><![CDATA[open]]></wp:comment_status>
		<wp:ping_status><![CDATA[closed]]></wp:ping_status>
		<wp:post_name><![CDATA[jose-luis-monroy-lopez-2]]></wp:post_name>
		<wp:status><![CDATA[publish]]></wp:status>
		<wp:post_parent>0</wp:post_parent>
		<wp:menu_order>0</wp:menu_order>
		<wp:post_type><![CDATA[valpa_obituario_pt]]></wp:post_type>
		<wp:post_password><![CDATA[]]></wp:post_password>
		<wp:is_sticky>0</wp:is_sticky>
														<wp:postmeta>
		<wp:meta_key><![CDATA[_edit_last]]></wp:meta_key>
		<wp:meta_value><![CDATA[1]]></wp:meta_value>
		</wp:postmeta>
							<wp:postmeta>
		<wp:meta_key><![CDATA[sucursal_relacionada_meta]]></wp:meta_key>
		<wp:meta_value><![CDATA[a:1:{i:0;s:2:"22";}]]></wp:meta_value>
		</wp:postmeta>
							<wp:postmeta>
		<wp:meta_key><![CDATA[valpa_no_homenaje_meta]]></wp:meta_key>
		<wp:meta_value><![CDATA[0020000401]]></wp:meta_value>
		</wp:postmeta>
							<wp:postmeta>
		<wp:meta_key><![CDATA[valpa_nacimiento_dia_meta]]></wp:meta_key>
		<wp:meta_value><![CDATA[09]]></wp:meta_value>
		</wp:postmeta>
							<wp:postmeta>
		<wp:meta_key><![CDATA[valpa_nacimiento_mes_meta]]></wp:meta_key>
		<wp:meta_value><![CDATA[04]]></wp:meta_value>
		</wp:postmeta>
							<wp:postmeta>
		<wp:meta_key><![CDATA[valpa_nacimiento_ano_meta]]></wp:meta_key>
		<wp:meta_value><![CDATA[1941]]></wp:meta_value>
		</wp:postmeta>
							<wp:postmeta>
		<wp:meta_key><![CDATA[_thumbnail_id]]></wp:meta_key>
		<wp:meta_value><![CDATA[4409]]></wp:meta_value>
		</wp:postmeta>
							<wp:postmeta>
		<wp:meta_key><![CDATA[post_views_count]]></wp:meta_key>
		<wp:meta_value><![CDATA[275]]></wp:meta_value>
		</wp:postmeta>
							<wp:postmeta>
		<wp:meta_key><![CDATA[num_velas_meta]]></wp:meta_key>
		<wp:meta_value><![CDATA[5]]></wp:meta_value>
		</wp:postmeta>
							<wp:postmeta>
		<wp:meta_key><![CDATA[num_recuerdos_meta]]></wp:meta_key>
		<wp:meta_value><![CDATA[4]]></wp:meta_value>
		</wp:postmeta>
							</item>
					<item>
		<title><![CDATA[JosÃ© Luis Rojas BenÃ­tez]]></title>
		<link>http://localhost/sass-wp/obituario/jose-luis-rojas-benitez/</link>
		<pubDate>Sun, 01 Nov 2020 17:59:47 +0000</pubDate>
		<dc:creator><![CDATA[webmaster]]></dc:creator>
		<guid isPermaLink="false">http://valparaiso.com.mx/?post_type=valpa_obituario_pt&#038;p=4435</guid>
		<description></description>
		<content:encoded><![CDATA[TE DIGO ADIOS PARA TODA LA VIDA, PERO TODA LA VIDA SEGUIRE PENSANDO EN TI.]]></content:encoded>
		<excerpt:encoded><![CDATA[]]></excerpt:encoded>
		<wp:post_id>4435</wp:post_id>
		<wp:post_date><![CDATA[2020-11-01 17:59:47]]></wp:post_date>
		<wp:post_date_gmt><![CDATA[2020-11-01 17:59:47]]></wp:post_date_gmt>
		<wp:post_modified><![CDATA[2020-11-01 17:59:47]]></wp:post_modified>
		<wp:post_modified_gmt><![CDATA[2020-11-01 17:59:47]]></wp:post_modified_gmt>
		<wp:comment_status><![CDATA[open]]></wp:comment_status>
		<wp:ping_status><![CDATA[closed]]></wp:ping_status>
		<wp:post_name><![CDATA[jose-luis-rojas-benitez]]></wp:post_name>
		<wp:status><![CDATA[publish]]></wp:status>
		<wp:post_parent>0</wp:post_parent>
		<wp:menu_order>0</wp:menu_order>
		<wp:post_type><![CDATA[valpa_obituario_pt]]></wp:post_type>
		<wp:post_password><![CDATA[]]></wp:post_password>
		<wp:is_sticky>0</wp:is_sticky>
														<wp:postmeta>
		<wp:meta_key><![CDATA[_edit_last]]></wp:meta_key>
		<wp:meta_value><![CDATA[1]]></wp:meta_value>
		</wp:postmeta>
							<wp:postmeta>
		<wp:meta_key><![CDATA[valpa_no_homenaje_meta]]></wp:meta_key>
		<wp:meta_value><![CDATA[0020000360]]></wp:meta_value>
		</wp:postmeta>
							<wp:postmeta>
		<wp:meta_key><![CDATA[valpa_nacimiento_dia_meta]]></wp:meta_key>
		<wp:meta_value><![CDATA[02]]></wp:meta_value>
		</wp:postmeta>
							<wp:postmeta>
		<wp:meta_key><![CDATA[valpa_nacimiento_mes_meta]]></wp:meta_key>
		<wp:meta_value><![CDATA[02]]></wp:meta_value>
		</wp:postmeta>
							<wp:postmeta>
		<wp:meta_key><![CDATA[valpa_nacimiento_ano_meta]]></wp:meta_key>
		<wp:meta_value><![CDATA[1951]]></wp:meta_value>
		</wp:postmeta>
							<wp:postmeta>
		<wp:meta_key><![CDATA[sucursal_relacionada_meta]]></wp:meta_key>
		<wp:meta_value><![CDATA[a:1:{i:0;s:2:"22";}]]></wp:meta_value>
		</wp:postmeta>
							<wp:postmeta>
		<wp:meta_key><![CDATA[_thumbnail_id]]></wp:meta_key>
		<wp:meta_value><![CDATA[4456]]></wp:meta_value>
		</wp:postmeta>
							<wp:postmeta>
		<wp:meta_key><![CDATA[post_views_count]]></wp:meta_key>
		<wp:meta_value><![CDATA[141]]></wp:meta_value>
		</wp:postmeta>
							</item>
					<item>
		<title><![CDATA[Lucila Valle Galindo]]></title>
		<link>http://localhost/sass-wp/obituario/lucila-valle-galindo-2/</link>
		<pubDate>Sun, 01 Nov 2020 18:30:09 +0000</pubDate>
		<dc:creator><![CDATA[webmaster]]></dc:creator>
		<guid isPermaLink="false">http://valparaiso.com.mx/?post_type=valpa_obituario_pt&#038;p=4474</guid>
		<description></description>
		<content:encoded><![CDATA[LA MUERTE DEJA UN DOLOR EN EL CORAZON, QUE NADIE PUEDE SANAR PERO EL AMOR DEJA UNA MEMORIA QUE NADIE PUEDE ROBAR]]></content:encoded>
		<excerpt:encoded><![CDATA[]]></excerpt:encoded>
		<wp:post_id>4474</wp:post_id>
		<wp:post_date><![CDATA[2020-11-01 18:30:09]]></wp:post_date>
		<wp:post_date_gmt><![CDATA[2020-11-01 18:30:09]]></wp:post_date_gmt>
		<wp:post_modified><![CDATA[2020-11-01 18:30:09]]></wp:post_modified>
		<wp:post_modified_gmt><![CDATA[2020-11-01 18:30:09]]></wp:post_modified_gmt>
		<wp:comment_status><![CDATA[open]]></wp:comment_status>
		<wp:ping_status><![CDATA[closed]]></wp:ping_status>
		<wp:post_name><![CDATA[lucila-valle-galindo-2]]></wp:post_name>
		<wp:status><![CDATA[publish]]></wp:status>
		<wp:post_parent>0</wp:post_parent>
		<wp:menu_order>0</wp:menu_order>
		<wp:post_type><![CDATA[valpa_obituario_pt]]></wp:post_type>
		<wp:post_password><![CDATA[]]></wp:post_password>
		<wp:is_sticky>0</wp:is_sticky>
														<wp:postmeta>
		<wp:meta_key><![CDATA[_edit_last]]></wp:meta_key>
		<wp:meta_value><![CDATA[1]]></wp:meta_value>
		</wp:postmeta>
							<wp:postmeta>
		<wp:meta_key><![CDATA[_thumbnail_id]]></wp:meta_key>
		<wp:meta_value><![CDATA[4507]]></wp:meta_value>
		</wp:postmeta>
							<wp:postmeta>
		<wp:meta_key><![CDATA[sucursal_relacionada_meta]]></wp:meta_key>
		<wp:meta_value><![CDATA[a:1:{i:0;s:2:"22";}]]></wp:meta_value>
		</wp:postmeta>
							<wp:postmeta>
		<wp:meta_key><![CDATA[valpa_no_homenaje_meta]]></wp:meta_key>
		<wp:meta_value><![CDATA[0020000398]]></wp:meta_value>
		</wp:postmeta>
							<wp:postmeta>
		<wp:meta_key><![CDATA[valpa_nacimiento_dia_meta]]></wp:meta_key>
		<wp:meta_value><![CDATA[13]]></wp:meta_value>
		</wp:postmeta>
							<wp:postmeta>
		<wp:meta_key><![CDATA[valpa_nacimiento_mes_meta]]></wp:meta_key>
		<wp:meta_value><![CDATA[12]]></wp:meta_value>
		</wp:postmeta>
							<wp:postmeta>
		<wp:meta_key><![CDATA[valpa_nacimiento_ano_meta]]></wp:meta_key>
		<wp:meta_value><![CDATA[1988]]></wp:meta_value>
		</wp:postmeta>
							<wp:postmeta>
		<wp:meta_key><![CDATA[post_views_count]]></wp:meta_key>
		<wp:meta_value><![CDATA[86]]></wp:meta_value>
		</wp:postmeta>
							</item>
					<item>
		<title><![CDATA[Margarita Escobedo Montes De Oca]]></title>
		<link>http://localhost/sass-wp/obituario/margarita-escobedo-montes-de-oca-2/</link>
		<pubDate>Sun, 01 Nov 2020 18:40:35 +0000</pubDate>
		<dc:creator><![CDATA[webmaster]]></dc:creator>
		<guid isPermaLink="false">http://valparaiso.com.mx/?post_type=valpa_obituario_pt&#038;p=4519</guid>
		<description></description>
		<content:encoded><![CDATA[A PESAR DE NO ESTAR PRESENTE EN CUERPO, TU ESTARAS CON NOSOTROS POR SIEMPRE EN NUESTROS CORAZONES]]></content:encoded>
		<excerpt:encoded><![CDATA[]]></excerpt:encoded>
		<wp:post_id>4519</wp:post_id>
		<wp:post_date><![CDATA[2020-11-01 18:40:35]]></wp:post_date>
		<wp:post_date_gmt><![CDATA[2020-11-01 18:40:35]]></wp:post_date_gmt>
		<wp:post_modified><![CDATA[2020-11-01 18:40:35]]></wp:post_modified>
		<wp:post_modified_gmt><![CDATA[2020-11-01 18:40:35]]></wp:post_modified_gmt>
		<wp:comment_status><![CDATA[open]]></wp:comment_status>
		<wp:ping_status><![CDATA[closed]]></wp:ping_status>
		<wp:post_name><![CDATA[margarita-escobedo-montes-de-oca-2]]></wp:post_name>
		<wp:status><![CDATA[publish]]></wp:status>
		<wp:post_parent>0</wp:post_parent>
		<wp:menu_order>0</wp:menu_order>
		<wp:post_type><![CDATA[valpa_obituario_pt]]></wp:post_type>
		<wp:post_password><![CDATA[]]></wp:post_password>
		<wp:is_sticky>0</wp:is_sticky>
														<wp:postmeta>
		<wp:meta_key><![CDATA[_edit_last]]></wp:meta_key>
		<wp:meta_value><![CDATA[1]]></wp:meta_value>
		</wp:postmeta>
							<wp:postmeta>
		<wp:meta_key><![CDATA[valpa_no_homenaje_meta]]></wp:meta_key>
		<wp:meta_value><![CDATA[0020000351]]></wp:meta_value>
		</wp:postmeta>
							<wp:postmeta>
		<wp:meta_key><![CDATA[valpa_nacimiento_dia_meta]]></wp:meta_key>
		<wp:meta_value><![CDATA[]]></wp:meta_value>
		</wp:postmeta>
							<wp:postmeta>
		<wp:meta_key><![CDATA[valpa_nacimiento_mes_meta]]></wp:meta_key>
		<wp:meta_value><![CDATA[]]></wp:meta_value>
		</wp:postmeta>
							<wp:postmeta>
		<wp:meta_key><![CDATA[valpa_nacimiento_ano_meta]]></wp:meta_key>
		<wp:meta_value><![CDATA[]]></wp:meta_value>
		</wp:postmeta>
							<wp:postmeta>
		<wp:meta_key><![CDATA[_thumbnail_id]]></wp:meta_key>
		<wp:meta_value><![CDATA[4538]]></wp:meta_value>
		</wp:postmeta>
							<wp:postmeta>
		<wp:meta_key><![CDATA[sucursal_relacionada_meta]]></wp:meta_key>
		<wp:meta_value><![CDATA[a:1:{i:0;s:2:"22";}]]></wp:meta_value>
		</wp:postmeta>
							<wp:postmeta>
		<wp:meta_key><![CDATA[post_views_count]]></wp:meta_key>
		<wp:meta_value><![CDATA[116]]></wp:meta_value>
		</wp:postmeta>
							</item>
					<item>
		<title><![CDATA[Maricela Lopez De  La Rosa]]></title>
		<link>http://localhost/sass-wp/obituario/maricela-lopez-de-la-rosa/</link>
		<pubDate>Sun, 01 Nov 2020 18:47:46 +0000</pubDate>
		<dc:creator><![CDATA[webmaster]]></dc:creator>
		<guid isPermaLink="false">http://valparaiso.com.mx/?post_type=valpa_obituario_pt&#038;p=4551</guid>
		<description></description>
		<content:encoded><![CDATA[HASTA PRONTO, QUE BRILLE PARA TI LA LUZ QUE NO TIENE FIN.]]></content:encoded>
		<excerpt:encoded><![CDATA[]]></excerpt:encoded>
		<wp:post_id>4551</wp:post_id>
		<wp:post_date><![CDATA[2020-11-01 18:47:46]]></wp:post_date>
		<wp:post_date_gmt><![CDATA[2020-11-01 18:47:46]]></wp:post_date_gmt>
		<wp:post_modified><![CDATA[2020-11-01 18:47:46]]></wp:post_modified>
		<wp:post_modified_gmt><![CDATA[2020-11-01 18:47:46]]></wp:post_modified_gmt>
		<wp:comment_status><![CDATA[open]]></wp:comment_status>
		<wp:ping_status><![CDATA[closed]]></wp:ping_status>
		<wp:post_name><![CDATA[maricela-lopez-de-la-rosa]]></wp:post_name>
		<wp:status><![CDATA[publish]]></wp:status>
		<wp:post_parent>0</wp:post_parent>
		<wp:menu_order>0</wp:menu_order>
		<wp:post_type><![CDATA[valpa_obituario_pt]]></wp:post_type>
		<wp:post_password><![CDATA[]]></wp:post_password>
		<wp:is_sticky>0</wp:is_sticky>
														<wp:postmeta>
		<wp:meta_key><![CDATA[_edit_last]]></wp:meta_key>
		<wp:meta_value><![CDATA[1]]></wp:meta_value>
		</wp:postmeta>
							<wp:postmeta>
		<wp:meta_key><![CDATA[sucursal_relacionada_meta]]></wp:meta_key>
		<wp:meta_value><![CDATA[a:1:{i:0;s:2:"22";}]]></wp:meta_value>
		</wp:postmeta>
							<wp:postmeta>
		<wp:meta_key><![CDATA[valpa_no_homenaje_meta]]></wp:meta_key>
		<wp:meta_value><![CDATA[0020000356]]></wp:meta_value>
		</wp:postmeta>
							<wp:postmeta>
		<wp:meta_key><![CDATA[valpa_nacimiento_dia_meta]]></wp:meta_key>
		<wp:meta_value><![CDATA[19]]></wp:meta_value>
		</wp:postmeta>
							<wp:postmeta>
		<wp:meta_key><![CDATA[valpa_nacimiento_mes_meta]]></wp:meta_key>
		<wp:meta_value><![CDATA[01]]></wp:meta_value>
		</wp:postmeta>
							<wp:postmeta>
		<wp:meta_key><![CDATA[valpa_nacimiento_ano_meta]]></wp:meta_key>
		<wp:meta_value><![CDATA[1978]]></wp:meta_value>
		</wp:postmeta>
							<wp:postmeta>
		<wp:meta_key><![CDATA[post_views_count]]></wp:meta_key>
		<wp:meta_value><![CDATA[239]]></wp:meta_value>
		</wp:postmeta>
							<wp:postmeta>
		<wp:meta_key><![CDATA[_wp_old_slug]]></wp:meta_key>
		<wp:meta_value><![CDATA[maricela-lopez-de-la-rosa-2]]></wp:meta_value>
		</wp:postmeta>
							<wp:postmeta>
		<wp:meta_key><![CDATA[servicio_relacionado_meta]]></wp:meta_key>
		<wp:meta_value><![CDATA[a:1:{i:0;s:9:"Domicilio";}]]></wp:meta_value>
		</wp:postmeta>
							<wp:postmeta>
		<wp:meta_key><![CDATA[_thumbnail_id]]></wp:meta_key>
		<wp:meta_value><![CDATA[5502]]></wp:meta_value>
		</wp:postmeta>
							<wp:postmeta>
		<wp:meta_key><![CDATA[num_velas_meta]]></wp:meta_key>
		<wp:meta_value><![CDATA[8]]></wp:meta_value>
		</wp:postmeta>
							</item>
					<item>
		<title><![CDATA[Rafael Rodolfo Laureles Sanabria]]></title>
		<link>http://localhost/sass-wp/obituario/rafael-rodolfo-laureles-sanabria-2/</link>
		<pubDate>Sun, 01 Nov 2020 18:56:12 +0000</pubDate>
		<dc:creator><![CDATA[webmaster]]></dc:creator>
		<guid isPermaLink="false">http://valparaiso.com.mx/?post_type=valpa_obituario_pt&#038;p=4596</guid>
		<description></description>
		<content:encoded><![CDATA[TE DIGO ADIOS PARA TODA LA VIDA, PERO TODA LA VIDA SEGUIRE PENSANDO EN TI.]]></content:encoded>
		<excerpt:encoded><![CDATA[]]></excerpt:encoded>
		<wp:post_id>4596</wp:post_id>
		<wp:post_date><![CDATA[2020-11-01 18:56:12]]></wp:post_date>
		<wp:post_date_gmt><![CDATA[2020-11-01 18:56:12]]></wp:post_date_gmt>
		<wp:post_modified><![CDATA[2020-11-01 18:56:12]]></wp:post_modified>
		<wp:post_modified_gmt><![CDATA[2020-11-01 18:56:12]]></wp:post_modified_gmt>
		<wp:comment_status><![CDATA[open]]></wp:comment_status>
		<wp:ping_status><![CDATA[closed]]></wp:ping_status>
		<wp:post_name><![CDATA[rafael-rodolfo-laureles-sanabria-2]]></wp:post_name>
		<wp:status><![CDATA[publish]]></wp:status>
		<wp:post_parent>0</wp:post_parent>
		<wp:menu_order>0</wp:menu_order>
		<wp:post_type><![CDATA[valpa_obituario_pt]]></wp:post_type>
		<wp:post_password><![CDATA[]]></wp:post_password>
		<wp:is_sticky>0</wp:is_sticky>
														<wp:postmeta>
		<wp:meta_key><![CDATA[_edit_last]]></wp:meta_key>
		<wp:meta_value><![CDATA[1]]></wp:meta_value>
		</wp:postmeta>
							<wp:postmeta>
		<wp:meta_key><![CDATA[sucursal_relacionada_meta]]></wp:meta_key>
		<wp:meta_value><![CDATA[a:1:{i:0;s:2:"22";}]]></wp:meta_value>
		</wp:postmeta>
							<wp:postmeta>
		<wp:meta_key><![CDATA[valpa_no_homenaje_meta]]></wp:meta_key>
		<wp:meta_value><![CDATA[0020000417]]></wp:meta_value>
		</wp:postmeta>
							<wp:postmeta>
		<wp:meta_key><![CDATA[valpa_nacimiento_dia_meta]]></wp:meta_key>
		<wp:meta_value><![CDATA[24]]></wp:meta_value>
		</wp:postmeta>
							<wp:postmeta>
		<wp:meta_key><![CDATA[valpa_nacimiento_mes_meta]]></wp:meta_key>
		<wp:meta_value><![CDATA[10]]></wp:meta_value>
		</wp:postmeta>
							<wp:postmeta>
		<wp:meta_key><![CDATA[valpa_nacimiento_ano_meta]]></wp:meta_key>
		<wp:meta_value><![CDATA[1953]]></wp:meta_value>
		</wp:postmeta>
							<wp:postmeta>
		<wp:meta_key><![CDATA[post_views_count]]></wp:meta_key>
		<wp:meta_value><![CDATA[75]]></wp:meta_value>
		</wp:postmeta>
							</item>
					<item>
		<title><![CDATA[Roberto GarcÃ­a Sanchez]]></title>
		<link>http://localhost/sass-wp/obituario/roberto-garcia-sanchez/</link>
		<pubDate>Sun, 01 Nov 2020 19:05:17 +0000</pubDate>
		<dc:creator><![CDATA[webmaster]]></dc:creator>
		<guid isPermaLink="false">http://valparaiso.com.mx/?post_type=valpa_obituario_pt&#038;p=4630</guid>
		<description></description>
		<content:encoded><![CDATA[LA MUERTE DEJA UN DOLOR EN EL CORAZON, QUE NADIE PUEDE SANAR PERO EL AMOR DEJA UNA MEMORIA QUE NADIE PUEDE ROBAR]]></content:encoded>
		<excerpt:encoded><![CDATA[]]></excerpt:encoded>
		<wp:post_id>4630</wp:post_id>
		<wp:post_date><![CDATA[2020-11-01 19:05:17]]></wp:post_date>
		<wp:post_date_gmt><![CDATA[2020-11-01 19:05:17]]></wp:post_date_gmt>
		<wp:post_modified><![CDATA[2020-11-01 19:05:17]]></wp:post_modified>
		<wp:post_modified_gmt><![CDATA[2020-11-01 19:05:17]]></wp:post_modified_gmt>
		<wp:comment_status><![CDATA[open]]></wp:comment_status>
		<wp:ping_status><![CDATA[closed]]></wp:ping_status>
		<wp:post_name><![CDATA[roberto-garcia-sanchez]]></wp:post_name>
		<wp:status><![CDATA[publish]]></wp:status>
		<wp:post_parent>0</wp:post_parent>
		<wp:menu_order>0</wp:menu_order>
		<wp:post_type><![CDATA[valpa_obituario_pt]]></wp:post_type>
		<wp:post_password><![CDATA[]]></wp:post_password>
		<wp:is_sticky>0</wp:is_sticky>
														<wp:postmeta>
		<wp:meta_key><![CDATA[_edit_last]]></wp:meta_key>
		<wp:meta_value><![CDATA[1]]></wp:meta_value>
		</wp:postmeta>
							<wp:postmeta>
		<wp:meta_key><![CDATA[_thumbnail_id]]></wp:meta_key>
		<wp:meta_value><![CDATA[4654]]></wp:meta_value>
		</wp:postmeta>
							<wp:postmeta>
		<wp:meta_key><![CDATA[valpa_no_homenaje_meta]]></wp:meta_key>
		<wp:meta_value><![CDATA[0020000532]]></wp:meta_value>
		</wp:postmeta>
							<wp:postmeta>
		<wp:meta_key><![CDATA[valpa_nacimiento_dia_meta]]></wp:meta_key>
		<wp:meta_value><![CDATA[21]]></wp:meta_value>
		</wp:postmeta>
							<wp:postmeta>
		<wp:meta_key><![CDATA[valpa_nacimiento_mes_meta]]></wp:meta_key>
		<wp:meta_value><![CDATA[02]]></wp:meta_value>
		</wp:postmeta>
							<wp:postmeta>
		<wp:meta_key><![CDATA[valpa_nacimiento_ano_meta]]></wp:meta_key>
		<wp:meta_value><![CDATA[1942]]></wp:meta_value>
		</wp:postmeta>
							<wp:postmeta>
		<wp:meta_key><![CDATA[post_views_count]]></wp:meta_key>
		<wp:meta_value><![CDATA[241]]></wp:meta_value>
		</wp:postmeta>
							<wp:postmeta>
		<wp:meta_key><![CDATA[num_recuerdos_meta]]></wp:meta_key>
		<wp:meta_value><![CDATA[4]]></wp:meta_value>
		</wp:postmeta>
							</item>
					<item>
		<title><![CDATA[Teresa Vargas GonzÃ¡lez]]></title>
		<link>http://localhost/sass-wp/obituario/teresa-vargas-gonzalez-2/</link>
		<pubDate>Sun, 01 Nov 2020 19:16:01 +0000</pubDate>
		<dc:creator><![CDATA[webmaster]]></dc:creator>
		<guid isPermaLink="false">http://valparaiso.com.mx/?post_type=valpa_obituario_pt&#038;p=4662</guid>
		<description></description>
		<content:encoded><![CDATA[A PESAR DE NO ESTAR PRESENTE EN CUERPO, TU ESTARAS CON NOSOTROS POR SIEMPRE EN NUESTROS CORAZONES]]></content:encoded>
		<excerpt:encoded><![CDATA[]]></excerpt:encoded>
		<wp:post_id>4662</wp:post_id>
		<wp:post_date><![CDATA[2020-11-01 19:16:01]]></wp:post_date>
		<wp:post_date_gmt><![CDATA[2020-11-01 19:16:01]]></wp:post_date_gmt>
		<wp:post_modified><![CDATA[2020-11-01 19:16:01]]></wp:post_modified>
		<wp:post_modified_gmt><![CDATA[2020-11-01 19:16:01]]></wp:post_modified_gmt>
		<wp:comment_status><![CDATA[open]]></wp:comment_status>
		<wp:ping_status><![CDATA[closed]]></wp:ping_status>
		<wp:post_name><![CDATA[teresa-vargas-gonzalez-2]]></wp:post_name>
		<wp:status><![CDATA[publish]]></wp:status>
		<wp:post_parent>0</wp:post_parent>
		<wp:menu_order>0</wp:menu_order>
		<wp:post_type><![CDATA[valpa_obituario_pt]]></wp:post_type>
		<wp:post_password><![CDATA[]]></wp:post_password>
		<wp:is_sticky>0</wp:is_sticky>
														<wp:postmeta>
		<wp:meta_key><![CDATA[_edit_last]]></wp:meta_key>
		<wp:meta_value><![CDATA[1]]></wp:meta_value>
		</wp:postmeta>
							<wp:postmeta>
		<wp:meta_key><![CDATA[_thumbnail_id]]></wp:meta_key>
		<wp:meta_value><![CDATA[4666]]></wp:meta_value>
		</wp:postmeta>
							<wp:postmeta>
		<wp:meta_key><![CDATA[sucursal_relacionada_meta]]></wp:meta_key>
		<wp:meta_value><![CDATA[a:1:{i:0;s:2:"22";}]]></wp:meta_value>
		</wp:postmeta>
							<wp:postmeta>
		<wp:meta_key><![CDATA[valpa_no_homenaje_meta]]></wp:meta_key>
		<wp:meta_value><![CDATA[0020000342]]></wp:meta_value>
		</wp:postmeta>
							<wp:postmeta>
		<wp:meta_key><![CDATA[valpa_nacimiento_dia_meta]]></wp:meta_key>
		<wp:meta_value><![CDATA[04]]></wp:meta_value>
		</wp:postmeta>
							<wp:postmeta>
		<wp:meta_key><![CDATA[valpa_nacimiento_mes_meta]]></wp:meta_key>
		<wp:meta_value><![CDATA[03]]></wp:meta_value>
		</wp:postmeta>
							<wp:postmeta>
		<wp:meta_key><![CDATA[valpa_nacimiento_ano_meta]]></wp:meta_key>
		<wp:meta_value><![CDATA[1949]]></wp:meta_value>
		</wp:postmeta>
							<wp:postmeta>
		<wp:meta_key><![CDATA[post_views_count]]></wp:meta_key>
		<wp:meta_value><![CDATA[216]]></wp:meta_value>
		</wp:postmeta>
							<wp:postmeta>
		<wp:meta_key><![CDATA[num_velas_meta]]></wp:meta_key>
		<wp:meta_value><![CDATA[1]]></wp:meta_value>
		</wp:postmeta>
							<wp:postmeta>
		<wp:meta_key><![CDATA[num_recuerdos_meta]]></wp:meta_key>
		<wp:meta_value><![CDATA[1]]></wp:meta_value>
		</wp:postmeta>
							</item>
					<item>
		<title><![CDATA[Vicente Augusto GonzÃ¡lez Brun]]></title>
		<link>http://localhost/sass-wp/obituario/vicente-augusto-gonzalez-brun/</link>
		<pubDate>Sun, 01 Nov 2020 19:27:09 +0000</pubDate>
		<dc:creator><![CDATA[webmaster]]></dc:creator>
		<guid isPermaLink="false">http://valparaiso.com.mx/?post_type=valpa_obituario_pt&#038;p=4675</guid>
		<description></description>
		<content:encoded><![CDATA[A PESAR DE NO ESTAR PRESENTE EN CUERPO, TU ESTARAS CON NOSOTROS POR SIEMPRE EN NUESTROS CORAZONES]]></content:encoded>
		<excerpt:encoded><![CDATA[]]></excerpt:encoded>
		<wp:post_id>4675</wp:post_id>
		<wp:post_date><![CDATA[2020-11-01 19:27:09]]></wp:post_date>
		<wp:post_date_gmt><![CDATA[2020-11-01 19:27:09]]></wp:post_date_gmt>
		<wp:post_modified><![CDATA[2020-11-01 19:27:09]]></wp:post_modified>
		<wp:post_modified_gmt><![CDATA[2020-11-01 19:27:09]]></wp:post_modified_gmt>
		<wp:comment_status><![CDATA[open]]></wp:comment_status>
		<wp:ping_status><![CDATA[closed]]></wp:ping_status>
		<wp:post_name><![CDATA[vicente-augusto-gonzalez-brun]]></wp:post_name>
		<wp:status><![CDATA[publish]]></wp:status>
		<wp:post_parent>0</wp:post_parent>
		<wp:menu_order>0</wp:menu_order>
		<wp:post_type><![CDATA[valpa_obituario_pt]]></wp:post_type>
		<wp:post_password><![CDATA[]]></wp:post_password>
		<wp:is_sticky>0</wp:is_sticky>
														<wp:postmeta>
		<wp:meta_key><![CDATA[_edit_last]]></wp:meta_key>
		<wp:meta_value><![CDATA[1]]></wp:meta_value>
		</wp:postmeta>
							<wp:postmeta>
		<wp:meta_key><![CDATA[_thumbnail_id]]></wp:meta_key>
		<wp:meta_value><![CDATA[4683]]></wp:meta_value>
		</wp:postmeta>
							<wp:postmeta>
		<wp:meta_key><![CDATA[sucursal_relacionada_meta]]></wp:meta_key>
		<wp:meta_value><![CDATA[a:1:{i:0;s:2:"22";}]]></wp:meta_value>
		</wp:postmeta>
							<wp:postmeta>
		<wp:meta_key><![CDATA[valpa_no_homenaje_meta]]></wp:meta_key>
		<wp:meta_value><![CDATA[0020000452]]></wp:meta_value>
		</wp:postmeta>
							<wp:postmeta>
		<wp:meta_key><![CDATA[valpa_nacimiento_dia_meta]]></wp:meta_key>
		<wp:meta_value><![CDATA[]]></wp:meta_value>
		</wp:postmeta>
							<wp:postmeta>
		<wp:meta_key><![CDATA[valpa_nacimiento_mes_meta]]></wp:meta_key>
		<wp:meta_value><![CDATA[]]></wp:meta_value>
		</wp:postmeta>
							<wp:postmeta>
		<wp:meta_key><![CDATA[valpa_nacimiento_ano_meta]]></wp:meta_key>
		<wp:meta_value><![CDATA[]]></wp:meta_value>
		</wp:postmeta>
							<wp:postmeta>
		<wp:meta_key><![CDATA[post_views_count]]></wp:meta_key>
		<wp:meta_value><![CDATA[392]]></wp:meta_value>
		</wp:postmeta>
							<wp:postmeta>
		<wp:meta_key><![CDATA[num_velas_meta]]></wp:meta_key>
		<wp:meta_value><![CDATA[32]]></wp:meta_value>
		</wp:postmeta>
							<wp:postmeta>
		<wp:meta_key><![CDATA[num_recuerdos_meta]]></wp:meta_key>
		<wp:meta_value><![CDATA[10]]></wp:meta_value>
		</wp:postmeta>
							</item>
					<item>
		<title><![CDATA[Yesenia HernÃ¡ndez LÃ³pez]]></title>
		<link>http://localhost/sass-wp/obituario/yessenia-hernandez-lopez/</link>
		<pubDate>Sun, 01 Nov 2020 19:31:58 +0000</pubDate>
		<dc:creator><![CDATA[webmaster]]></dc:creator>
		<guid isPermaLink="false">http://valparaiso.com.mx/?post_type=valpa_obituario_pt&#038;p=4698</guid>
		<description></description>
		<content:encoded><![CDATA[HASTA PRONTO, QUE BRILLE PARA TI LA LUZ QUE NO TIENE FIN.]]></content:encoded>
		<excerpt:encoded><![CDATA[]]></excerpt:encoded>
		<wp:post_id>4698</wp:post_id>
		<wp:post_date><![CDATA[2020-11-01 19:31:58]]></wp:post_date>
		<wp:post_date_gmt><![CDATA[2020-11-01 19:31:58]]></wp:post_date_gmt>
		<wp:post_modified><![CDATA[2020-11-01 19:31:58]]></wp:post_modified>
		<wp:post_modified_gmt><![CDATA[2020-11-01 19:31:58]]></wp:post_modified_gmt>
		<wp:comment_status><![CDATA[open]]></wp:comment_status>
		<wp:ping_status><![CDATA[closed]]></wp:ping_status>
		<wp:post_name><![CDATA[yessenia-hernandez-lopez]]></wp:post_name>
		<wp:status><![CDATA[publish]]></wp:status>
		<wp:post_parent>0</wp:post_parent>
		<wp:menu_order>0</wp:menu_order>
		<wp:post_type><![CDATA[valpa_obituario_pt]]></wp:post_type>
		<wp:post_password><![CDATA[]]></wp:post_password>
		<wp:is_sticky>0</wp:is_sticky>
														<wp:postmeta>
		<wp:meta_key><![CDATA[_edit_last]]></wp:meta_key>
		<wp:meta_value><![CDATA[1]]></wp:meta_value>
		</wp:postmeta>
							<wp:postmeta>
		<wp:meta_key><![CDATA[valpa_no_homenaje_meta]]></wp:meta_key>
		<wp:meta_value><![CDATA[]]></wp:meta_value>
		</wp:postmeta>
							<wp:postmeta>
		<wp:meta_key><![CDATA[valpa_nacimiento_dia_meta]]></wp:meta_key>
		<wp:meta_value><![CDATA[18]]></wp:meta_value>
		</wp:postmeta>
							<wp:postmeta>
		<wp:meta_key><![CDATA[valpa_nacimiento_mes_meta]]></wp:meta_key>
		<wp:meta_value><![CDATA[05]]></wp:meta_value>
		</wp:postmeta>
							<wp:postmeta>
		<wp:meta_key><![CDATA[valpa_nacimiento_ano_meta]]></wp:meta_key>
		<wp:meta_value><![CDATA[1998]]></wp:meta_value>
		</wp:postmeta>
							<wp:postmeta>
		<wp:meta_key><![CDATA[sucursal_relacionada_meta]]></wp:meta_key>
		<wp:meta_value><![CDATA[a:1:{i:0;s:2:"22";}]]></wp:meta_value>
		</wp:postmeta>
							<wp:postmeta>
		<wp:meta_key><![CDATA[post_views_count]]></wp:meta_key>
		<wp:meta_value><![CDATA[316]]></wp:meta_value>
		</wp:postmeta>
							<wp:postmeta>
		<wp:meta_key><![CDATA[servicio_relacionado_meta]]></wp:meta_key>
		<wp:meta_value><![CDATA[a:1:{i:0;s:8:"Sucursal";}]]></wp:meta_value>
		</wp:postmeta>
							<wp:postmeta>
		<wp:meta_key><![CDATA[_thumbnail_id]]></wp:meta_key>
		<wp:meta_value><![CDATA[5479]]></wp:meta_value>
		</wp:postmeta>
							<wp:postmeta>
		<wp:meta_key><![CDATA[num_velas_meta]]></wp:meta_key>
		<wp:meta_value><![CDATA[11]]></wp:meta_value>
		</wp:postmeta>
							<wp:postmeta>
		<wp:meta_key><![CDATA[num_recuerdos_meta]]></wp:meta_key>
		<wp:meta_value><![CDATA[1]]></wp:meta_value>
		</wp:postmeta>
							</item>
					<item>
		<title><![CDATA[Francisco Mota HernÃ¡ndez]]></title>
		<link>http://localhost/sass-wp/obituario/francisco-mota-hernandez/</link>
		<pubDate>Tue, 03 Nov 2020 00:00:16 +0000</pubDate>
		<dc:creator><![CDATA[webmaster]]></dc:creator>
		<guid isPermaLink="false">http://valparaiso.com.mx/?post_type=valpa_obituario_pt&#038;p=4826</guid>
		<description></description>
		<content:encoded><![CDATA[TE DIGO ADIOS PARA TODA LA VIDA, PERO TODA LA VIDA SEGUIRE PENSANDO EN TI.]]></content:encoded>
		<excerpt:encoded><![CDATA[]]></excerpt:encoded>
		<wp:post_id>4826</wp:post_id>
		<wp:post_date><![CDATA[2020-11-03 00:00:16]]></wp:post_date>
		<wp:post_date_gmt><![CDATA[2020-11-03 00:00:16]]></wp:post_date_gmt>
		<wp:post_modified><![CDATA[2020-11-03 00:00:16]]></wp:post_modified>
		<wp:post_modified_gmt><![CDATA[2020-11-03 00:00:16]]></wp:post_modified_gmt>
		<wp:comment_status><![CDATA[open]]></wp:comment_status>
		<wp:ping_status><![CDATA[closed]]></wp:ping_status>
		<wp:post_name><![CDATA[francisco-mota-hernandez]]></wp:post_name>
		<wp:status><![CDATA[publish]]></wp:status>
		<wp:post_parent>0</wp:post_parent>
		<wp:menu_order>0</wp:menu_order>
		<wp:post_type><![CDATA[valpa_obituario_pt]]></wp:post_type>
		<wp:post_password><![CDATA[]]></wp:post_password>
		<wp:is_sticky>0</wp:is_sticky>
														<wp:postmeta>
		<wp:meta_key><![CDATA[_edit_last]]></wp:meta_key>
		<wp:meta_value><![CDATA[1]]></wp:meta_value>
		</wp:postmeta>
							<wp:postmeta>
		<wp:meta_key><![CDATA[_wp_old_date]]></wp:meta_key>
		<wp:meta_value><![CDATA[2020-11-02]]></wp:meta_value>
		</wp:postmeta>
							<wp:postmeta>
		<wp:meta_key><![CDATA[valpa_no_homenaje_meta]]></wp:meta_key>
		<wp:meta_value><![CDATA[0020000543]]></wp:meta_value>
		</wp:postmeta>
							<wp:postmeta>
		<wp:meta_key><![CDATA[valpa_nacimiento_dia_meta]]></wp:meta_key>
		<wp:meta_value><![CDATA[23]]></wp:meta_value>
		</wp:postmeta>
							<wp:postmeta>
		<wp:meta_key><![CDATA[valpa_nacimiento_mes_meta]]></wp:meta_key>
		<wp:meta_value><![CDATA[]]></wp:meta_value>
		</wp:postmeta>
							<wp:postmeta>
		<wp:meta_key><![CDATA[valpa_nacimiento_ano_meta]]></wp:meta_key>
		<wp:meta_value><![CDATA[1962]]></wp:meta_value>
		</wp:postmeta>
							<wp:postmeta>
		<wp:meta_key><![CDATA[post_views_count]]></wp:meta_key>
		<wp:meta_value><![CDATA[248]]></wp:meta_value>
		</wp:postmeta>
							<wp:postmeta>
		<wp:meta_key><![CDATA[num_recuerdos_meta]]></wp:meta_key>
		<wp:meta_value><![CDATA[4]]></wp:meta_value>
		</wp:postmeta>
							<wp:postmeta>
		<wp:meta_key><![CDATA[num_velas_meta]]></wp:meta_key>
		<wp:meta_value><![CDATA[2]]></wp:meta_value>
		</wp:postmeta>
							<wp:postmeta>
		<wp:meta_key><![CDATA[sucursal_relacionada_meta]]></wp:meta_key>
		<wp:meta_value><![CDATA[a:1:{i:0;s:2:"22";}]]></wp:meta_value>
		</wp:postmeta>
							<wp:postmeta>
		<wp:meta_key><![CDATA[servicio_relacionado_meta]]></wp:meta_key>
		<wp:meta_value><![CDATA[a:1:{i:0;s:9:"Domicilio";}]]></wp:meta_value>
		</wp:postmeta>
							<wp:postmeta>
		<wp:meta_key><![CDATA[_thumbnail_id]]></wp:meta_key>
		<wp:meta_value><![CDATA[4931]]></wp:meta_value>
		</wp:postmeta>
							</item>
					<item>
		<title><![CDATA[Maria del Carmen Moreno Flores]]></title>
		<link>http://localhost/sass-wp/obituario/maria-del-carmen-moreno-flores/</link>
		<pubDate>Tue, 03 Nov 2020 21:59:11 +0000</pubDate>
		<dc:creator><![CDATA[webmaster]]></dc:creator>
		<guid isPermaLink="false">http://valparaiso.com.mx/?post_type=valpa_obituario_pt&#038;p=4951</guid>
		<description></description>
		<content:encoded><![CDATA[LA MUERTE DEJA UN DOLOR EN EL CORAZON, QUE NADIE PUEDE SANAR PERO EL AMOR DEJA UNA MEMORIA QUE NADIE PUEDE ROBAR]]></content:encoded>
		<excerpt:encoded><![CDATA[]]></excerpt:encoded>
		<wp:post_id>4951</wp:post_id>
		<wp:post_date><![CDATA[2020-11-03 21:59:11]]></wp:post_date>
		<wp:post_date_gmt><![CDATA[2020-11-03 21:59:11]]></wp:post_date_gmt>
		<wp:post_modified><![CDATA[2020-11-03 21:59:11]]></wp:post_modified>
		<wp:post_modified_gmt><![CDATA[2020-11-03 21:59:11]]></wp:post_modified_gmt>
		<wp:comment_status><![CDATA[open]]></wp:comment_status>
		<wp:ping_status><![CDATA[closed]]></wp:ping_status>
		<wp:post_name><![CDATA[maria-del-carmen-moreno-flores]]></wp:post_name>
		<wp:status><![CDATA[publish]]></wp:status>
		<wp:post_parent>0</wp:post_parent>
		<wp:menu_order>0</wp:menu_order>
		<wp:post_type><![CDATA[valpa_obituario_pt]]></wp:post_type>
		<wp:post_password><![CDATA[]]></wp:post_password>
		<wp:is_sticky>0</wp:is_sticky>
														<wp:postmeta>
		<wp:meta_key><![CDATA[_edit_last]]></wp:meta_key>
		<wp:meta_value><![CDATA[1]]></wp:meta_value>
		</wp:postmeta>
							<wp:postmeta>
		<wp:meta_key><![CDATA[sucursal_relacionada_meta]]></wp:meta_key>
		<wp:meta_value><![CDATA[a:1:{i:0;s:2:"22";}]]></wp:meta_value>
		</wp:postmeta>
							<wp:postmeta>
		<wp:meta_key><![CDATA[valpa_no_homenaje_meta]]></wp:meta_key>
		<wp:meta_value><![CDATA[0020000544]]></wp:meta_value>
		</wp:postmeta>
							<wp:postmeta>
		<wp:meta_key><![CDATA[servicio_relacionado_meta]]></wp:meta_key>
		<wp:meta_value><![CDATA[a:1:{i:0;s:9:"Domicilio";}]]></wp:meta_value>
		</wp:postmeta>
							<wp:postmeta>
		<wp:meta_key><![CDATA[valpa_nacimiento_dia_meta]]></wp:meta_key>
		<wp:meta_value><![CDATA[]]></wp:meta_value>
		</wp:postmeta>
							<wp:postmeta>
		<wp:meta_key><![CDATA[valpa_nacimiento_mes_meta]]></wp:meta_key>
		<wp:meta_value><![CDATA[]]></wp:meta_value>
		</wp:postmeta>
							<wp:postmeta>
		<wp:meta_key><![CDATA[valpa_nacimiento_ano_meta]]></wp:meta_key>
		<wp:meta_value><![CDATA[]]></wp:meta_value>
		</wp:postmeta>
							<wp:postmeta>
		<wp:meta_key><![CDATA[post_views_count]]></wp:meta_key>
		<wp:meta_value><![CDATA[316]]></wp:meta_value>
		</wp:postmeta>
							</item>
					<item>
		<title><![CDATA[Ignacio Aguilar Antonio]]></title>
		<link>http://localhost/sass-wp/obituario/ignacio-aguilar-antonio/</link>
		<pubDate>Wed, 04 Nov 2020 18:56:13 +0000</pubDate>
		<dc:creator><![CDATA[webmaster]]></dc:creator>
		<guid isPermaLink="false">http://valparaiso.com.mx/?post_type=valpa_obituario_pt&#038;p=5017</guid>
		<description></description>
		<content:encoded><![CDATA[TE DIGO ADIOS PARA TODA LA VIDA, PERO TODA LA VIDA SEGUIRE PENSANDO EN TI.]]></content:encoded>
		<excerpt:encoded><![CDATA[]]></excerpt:encoded>
		<wp:post_id>5017</wp:post_id>
		<wp:post_date><![CDATA[2020-11-04 18:56:13]]></wp:post_date>
		<wp:post_date_gmt><![CDATA[2020-11-04 18:56:13]]></wp:post_date_gmt>
		<wp:post_modified><![CDATA[2020-11-04 18:56:13]]></wp:post_modified>
		<wp:post_modified_gmt><![CDATA[2020-11-04 18:56:13]]></wp:post_modified_gmt>
		<wp:comment_status><![CDATA[open]]></wp:comment_status>
		<wp:ping_status><![CDATA[closed]]></wp:ping_status>
		<wp:post_name><![CDATA[ignacio-aguilar-antonio]]></wp:post_name>
		<wp:status><![CDATA[publish]]></wp:status>
		<wp:post_parent>0</wp:post_parent>
		<wp:menu_order>0</wp:menu_order>
		<wp:post_type><![CDATA[valpa_obituario_pt]]></wp:post_type>
		<wp:post_password><![CDATA[]]></wp:post_password>
		<wp:is_sticky>0</wp:is_sticky>
														<wp:postmeta>
		<wp:meta_key><![CDATA[_edit_last]]></wp:meta_key>
		<wp:meta_value><![CDATA[1]]></wp:meta_value>
		</wp:postmeta>
							<wp:postmeta>
		<wp:meta_key><![CDATA[sucursal_relacionada_meta]]></wp:meta_key>
		<wp:meta_value><![CDATA[a:1:{i:0;s:2:"22";}]]></wp:meta_value>
		</wp:postmeta>
							<wp:postmeta>
		<wp:meta_key><![CDATA[valpa_no_homenaje_meta]]></wp:meta_key>
		<wp:meta_value><![CDATA[0020000545]]></wp:meta_value>
		</wp:postmeta>
							<wp:postmeta>
		<wp:meta_key><![CDATA[servicio_relacionado_meta]]></wp:meta_key>
		<wp:meta_value><![CDATA[a:1:{i:0;s:8:"Sucursal";}]]></wp:meta_value>
		</wp:postmeta>
							<wp:postmeta>
		<wp:meta_key><![CDATA[valpa_nacimiento_dia_meta]]></wp:meta_key>
		<wp:meta_value><![CDATA[30]]></wp:meta_value>
		</wp:postmeta>
							<wp:postmeta>
		<wp:meta_key><![CDATA[valpa_nacimiento_mes_meta]]></wp:meta_key>
		<wp:meta_value><![CDATA[07]]></wp:meta_value>
		</wp:postmeta>
							<wp:postmeta>
		<wp:meta_key><![CDATA[valpa_nacimiento_ano_meta]]></wp:meta_key>
		<wp:meta_value><![CDATA[1956]]></wp:meta_value>
		</wp:postmeta>
							<wp:postmeta>
		<wp:meta_key><![CDATA[post_views_count]]></wp:meta_key>
		<wp:meta_value><![CDATA[410]]></wp:meta_value>
		</wp:postmeta>
							<wp:postmeta>
		<wp:meta_key><![CDATA[_thumbnail_id]]></wp:meta_key>
		<wp:meta_value><![CDATA[5027]]></wp:meta_value>
		</wp:postmeta>
							<wp:postmeta>
		<wp:meta_key><![CDATA[num_recuerdos_meta]]></wp:meta_key>
		<wp:meta_value><![CDATA[13]]></wp:meta_value>
		</wp:postmeta>
							<wp:postmeta>
		<wp:meta_key><![CDATA[num_velas_meta]]></wp:meta_key>
		<wp:meta_value><![CDATA[10]]></wp:meta_value>
		</wp:postmeta>
							</item>
					<item>
		<title><![CDATA[Guillermina Ruiz MontaÃ±o]]></title>
		<link>http://localhost/sass-wp/obituario/guillermina-ruiz-montano/</link>
		<pubDate>Wed, 04 Nov 2020 20:35:27 +0000</pubDate>
		<dc:creator><![CDATA[webmaster]]></dc:creator>
		<guid isPermaLink="false">http://valparaiso.com.mx/?post_type=valpa_obituario_pt&#038;p=5038</guid>
		<description></description>
		<content:encoded><![CDATA[LA MUERTE DEJA UN DOLOR EN EL CORAZON, QUE NADIE PUEDE SANAR PERO EL AMOR DEJA UNA MEMORIA QUE NADIE PUEDE ROBAR]]></content:encoded>
		<excerpt:encoded><![CDATA[]]></excerpt:encoded>
		<wp:post_id>5038</wp:post_id>
		<wp:post_date><![CDATA[2020-11-04 20:35:27]]></wp:post_date>
		<wp:post_date_gmt><![CDATA[2020-11-04 20:35:27]]></wp:post_date_gmt>
		<wp:post_modified><![CDATA[2020-11-04 20:35:27]]></wp:post_modified>
		<wp:post_modified_gmt><![CDATA[2020-11-04 20:35:27]]></wp:post_modified_gmt>
		<wp:comment_status><![CDATA[open]]></wp:comment_status>
		<wp:ping_status><![CDATA[closed]]></wp:ping_status>
		<wp:post_name><![CDATA[guillermina-ruiz-montano]]></wp:post_name>
		<wp:status><![CDATA[publish]]></wp:status>
		<wp:post_parent>0</wp:post_parent>
		<wp:menu_order>0</wp:menu_order>
		<wp:post_type><![CDATA[valpa_obituario_pt]]></wp:post_type>
		<wp:post_password><![CDATA[]]></wp:post_password>
		<wp:is_sticky>0</wp:is_sticky>
														<wp:postmeta>
		<wp:meta_key><![CDATA[_edit_last]]></wp:meta_key>
		<wp:meta_value><![CDATA[1]]></wp:meta_value>
		</wp:postmeta>
							<wp:postmeta>
		<wp:meta_key><![CDATA[sucursal_relacionada_meta]]></wp:meta_key>
		<wp:meta_value><![CDATA[a:1:{i:0;s:2:"22";}]]></wp:meta_value>
		</wp:postmeta>
							<wp:postmeta>
		<wp:meta_key><![CDATA[valpa_no_homenaje_meta]]></wp:meta_key>
		<wp:meta_value><![CDATA[0020000546]]></wp:meta_value>
		</wp:postmeta>
							<wp:postmeta>
		<wp:meta_key><![CDATA[servicio_relacionado_meta]]></wp:meta_key>
		<wp:meta_value><![CDATA[a:1:{i:0;s:8:"Sucursal";}]]></wp:meta_value>
		</wp:postmeta>
							<wp:postmeta>
		<wp:meta_key><![CDATA[valpa_nacimiento_dia_meta]]></wp:meta_key>
		<wp:meta_value><![CDATA[13]]></wp:meta_value>
		</wp:postmeta>
							<wp:postmeta>
		<wp:meta_key><![CDATA[valpa_nacimiento_mes_meta]]></wp:meta_key>
		<wp:meta_value><![CDATA[12]]></wp:meta_value>
		</wp:postmeta>
							<wp:postmeta>
		<wp:meta_key><![CDATA[valpa_nacimiento_ano_meta]]></wp:meta_key>
		<wp:meta_value><![CDATA[1949]]></wp:meta_value>
		</wp:postmeta>
							<wp:postmeta>
		<wp:meta_key><![CDATA[post_views_count]]></wp:meta_key>
		<wp:meta_value><![CDATA[645]]></wp:meta_value>
		</wp:postmeta>
							<wp:postmeta>
		<wp:meta_key><![CDATA[num_recuerdos_meta]]></wp:meta_key>
		<wp:meta_value><![CDATA[33]]></wp:meta_value>
		</wp:postmeta>
							<wp:postmeta>
		<wp:meta_key><![CDATA[num_velas_meta]]></wp:meta_key>
		<wp:meta_value><![CDATA[3]]></wp:meta_value>
		</wp:postmeta>
							<wp:postmeta>
		<wp:meta_key><![CDATA[_thumbnail_id]]></wp:meta_key>
		<wp:meta_value><![CDATA[5118]]></wp:meta_value>
		</wp:postmeta>
							</item>
					<item>
		<title><![CDATA[Jesus Refugio CastaÃ±eda Arzaluz]]></title>
		<link>http://localhost/sass-wp/obituario/jesus-refugio-castaneda-arzaluz/</link>
		<pubDate>Wed, 04 Nov 2020 22:00:39 +0000</pubDate>
		<dc:creator><![CDATA[webmaster]]></dc:creator>
		<guid isPermaLink="false">http://valparaiso.com.mx/?post_type=valpa_obituario_pt&#038;p=5052</guid>
		<description></description>
		<content:encoded><![CDATA[<b>A PESAR DE NO ESTAR PRESENTE EN CUERPO, TU ESTARAS CON NOSOTROS POR SIEMPRE EN NUESTROS CORAZONES</b>]]></content:encoded>
		<excerpt:encoded><![CDATA[]]></excerpt:encoded>
		<wp:post_id>5052</wp:post_id>
		<wp:post_date><![CDATA[2020-11-04 22:00:39]]></wp:post_date>
		<wp:post_date_gmt><![CDATA[2020-11-04 22:00:39]]></wp:post_date_gmt>
		<wp:post_modified><![CDATA[2020-11-04 22:00:39]]></wp:post_modified>
		<wp:post_modified_gmt><![CDATA[2020-11-04 22:00:39]]></wp:post_modified_gmt>
		<wp:comment_status><![CDATA[open]]></wp:comment_status>
		<wp:ping_status><![CDATA[closed]]></wp:ping_status>
		<wp:post_name><![CDATA[jesus-refugio-castaneda-arzaluz]]></wp:post_name>
		<wp:status><![CDATA[publish]]></wp:status>
		<wp:post_parent>0</wp:post_parent>
		<wp:menu_order>0</wp:menu_order>
		<wp:post_type><![CDATA[valpa_obituario_pt]]></wp:post_type>
		<wp:post_password><![CDATA[]]></wp:post_password>
		<wp:is_sticky>0</wp:is_sticky>
														<wp:postmeta>
		<wp:meta_key><![CDATA[_edit_last]]></wp:meta_key>
		<wp:meta_value><![CDATA[1]]></wp:meta_value>
		</wp:postmeta>
							<wp:postmeta>
		<wp:meta_key><![CDATA[sucursal_relacionada_meta]]></wp:meta_key>
		<wp:meta_value><![CDATA[a:1:{i:0;s:2:"22";}]]></wp:meta_value>
		</wp:postmeta>
							<wp:postmeta>
		<wp:meta_key><![CDATA[valpa_no_homenaje_meta]]></wp:meta_key>
		<wp:meta_value><![CDATA[0020000547]]></wp:meta_value>
		</wp:postmeta>
							<wp:postmeta>
		<wp:meta_key><![CDATA[servicio_relacionado_meta]]></wp:meta_key>
		<wp:meta_value><![CDATA[a:1:{i:0;s:9:"Domicilio";}]]></wp:meta_value>
		</wp:postmeta>
							<wp:postmeta>
		<wp:meta_key><![CDATA[valpa_nacimiento_dia_meta]]></wp:meta_key>
		<wp:meta_value><![CDATA[4]]></wp:meta_value>
		</wp:postmeta>
							<wp:postmeta>
		<wp:meta_key><![CDATA[valpa_nacimiento_mes_meta]]></wp:meta_key>
		<wp:meta_value><![CDATA[7]]></wp:meta_value>
		</wp:postmeta>
							<wp:postmeta>
		<wp:meta_key><![CDATA[valpa_nacimiento_ano_meta]]></wp:meta_key>
		<wp:meta_value><![CDATA[1957]]></wp:meta_value>
		</wp:postmeta>
							<wp:postmeta>
		<wp:meta_key><![CDATA[post_views_count]]></wp:meta_key>
		<wp:meta_value><![CDATA[127]]></wp:meta_value>
		</wp:postmeta>
							<wp:postmeta>
		<wp:meta_key><![CDATA[num_velas_meta]]></wp:meta_key>
		<wp:meta_value><![CDATA[1]]></wp:meta_value>
		</wp:postmeta>
							</item>
					<item>
		<title><![CDATA[Leonor Vallejo Manjarrez]]></title>
		<link>http://localhost/sass-wp/obituario/leonor-vallejo-manjarrez/</link>
		<pubDate>Thu, 05 Nov 2020 05:40:21 +0000</pubDate>
		<dc:creator><![CDATA[webmaster]]></dc:creator>
		<guid isPermaLink="false">http://valparaiso.com.mx/?post_type=valpa_obituario_pt&#038;p=5084</guid>
		<description></description>
		<content:encoded><![CDATA[HASTA PRONTO, QUE BRILLE PARA TI LA LUZ QUE NO TIENE FIN.]]></content:encoded>
		<excerpt:encoded><![CDATA[]]></excerpt:encoded>
		<wp:post_id>5084</wp:post_id>
		<wp:post_date><![CDATA[2020-11-05 05:40:21]]></wp:post_date>
		<wp:post_date_gmt><![CDATA[2020-11-05 05:40:21]]></wp:post_date_gmt>
		<wp:post_modified><![CDATA[2020-11-05 05:40:21]]></wp:post_modified>
		<wp:post_modified_gmt><![CDATA[2020-11-05 05:40:21]]></wp:post_modified_gmt>
		<wp:comment_status><![CDATA[open]]></wp:comment_status>
		<wp:ping_status><![CDATA[closed]]></wp:ping_status>
		<wp:post_name><![CDATA[leonor-vallejo-manjarrez]]></wp:post_name>
		<wp:status><![CDATA[publish]]></wp:status>
		<wp:post_parent>0</wp:post_parent>
		<wp:menu_order>0</wp:menu_order>
		<wp:post_type><![CDATA[valpa_obituario_pt]]></wp:post_type>
		<wp:post_password><![CDATA[]]></wp:post_password>
		<wp:is_sticky>0</wp:is_sticky>
														<wp:postmeta>
		<wp:meta_key><![CDATA[_edit_last]]></wp:meta_key>
		<wp:meta_value><![CDATA[1]]></wp:meta_value>
		</wp:postmeta>
							<wp:postmeta>
		<wp:meta_key><![CDATA[sucursal_relacionada_meta]]></wp:meta_key>
		<wp:meta_value><![CDATA[a:1:{i:0;s:2:"22";}]]></wp:meta_value>
		</wp:postmeta>
							<wp:postmeta>
		<wp:meta_key><![CDATA[valpa_no_homenaje_meta]]></wp:meta_key>
		<wp:meta_value><![CDATA[0020000548]]></wp:meta_value>
		</wp:postmeta>
							<wp:postmeta>
		<wp:meta_key><![CDATA[servicio_relacionado_meta]]></wp:meta_key>
		<wp:meta_value><![CDATA[a:1:{i:0;s:9:"Domicilio";}]]></wp:meta_value>
		</wp:postmeta>
							<wp:postmeta>
		<wp:meta_key><![CDATA[valpa_nacimiento_dia_meta]]></wp:meta_key>
		<wp:meta_value><![CDATA[11]]></wp:meta_value>
		</wp:postmeta>
							<wp:postmeta>
		<wp:meta_key><![CDATA[valpa_nacimiento_mes_meta]]></wp:meta_key>
		<wp:meta_value><![CDATA[4]]></wp:meta_value>
		</wp:postmeta>
							<wp:postmeta>
		<wp:meta_key><![CDATA[valpa_nacimiento_ano_meta]]></wp:meta_key>
		<wp:meta_value><![CDATA[1970]]></wp:meta_value>
		</wp:postmeta>
							<wp:postmeta>
		<wp:meta_key><![CDATA[_thumbnail_id]]></wp:meta_key>
		<wp:meta_value><![CDATA[5089]]></wp:meta_value>
		</wp:postmeta>
							<wp:postmeta>
		<wp:meta_key><![CDATA[post_views_count]]></wp:meta_key>
		<wp:meta_value><![CDATA[207]]></wp:meta_value>
		</wp:postmeta>
							<wp:postmeta>
		<wp:meta_key><![CDATA[num_velas_meta]]></wp:meta_key>
		<wp:meta_value><![CDATA[2]]></wp:meta_value>
		</wp:postmeta>
							</item>
					<item>
		<title><![CDATA[IsaÃ­as Aguilar Herrera]]></title>
		<link>http://localhost/sass-wp/obituario/isaias-aguilar-herrera/</link>
		<pubDate>Fri, 06 Nov 2020 19:56:26 +0000</pubDate>
		<dc:creator><![CDATA[webmaster]]></dc:creator>
		<guid isPermaLink="false">http://valparaiso.com.mx/?post_type=valpa_obituario_pt&#038;p=5171</guid>
		<description></description>
		<content:encoded><![CDATA[TE DIGO ADIOS PARA TODA LA VIDA, PERO TODA LA VIDA SEGUIRE PENSANDO EN TI.]]></content:encoded>
		<excerpt:encoded><![CDATA[]]></excerpt:encoded>
		<wp:post_id>5171</wp:post_id>
		<wp:post_date><![CDATA[2020-11-06 19:56:26]]></wp:post_date>
		<wp:post_date_gmt><![CDATA[2020-11-06 19:56:26]]></wp:post_date_gmt>
		<wp:post_modified><![CDATA[2020-11-06 19:56:26]]></wp:post_modified>
		<wp:post_modified_gmt><![CDATA[2020-11-06 19:56:26]]></wp:post_modified_gmt>
		<wp:comment_status><![CDATA[open]]></wp:comment_status>
		<wp:ping_status><![CDATA[closed]]></wp:ping_status>
		<wp:post_name><![CDATA[isaias-aguilar-herrera]]></wp:post_name>
		<wp:status><![CDATA[publish]]></wp:status>
		<wp:post_parent>0</wp:post_parent>
		<wp:menu_order>0</wp:menu_order>
		<wp:post_type><![CDATA[valpa_obituario_pt]]></wp:post_type>
		<wp:post_password><![CDATA[]]></wp:post_password>
		<wp:is_sticky>0</wp:is_sticky>
														<wp:postmeta>
		<wp:meta_key><![CDATA[_edit_last]]></wp:meta_key>
		<wp:meta_value><![CDATA[1]]></wp:meta_value>
		</wp:postmeta>
							<wp:postmeta>
		<wp:meta_key><![CDATA[sucursal_relacionada_meta]]></wp:meta_key>
		<wp:meta_value><![CDATA[a:1:{i:0;s:2:"22";}]]></wp:meta_value>
		</wp:postmeta>
							<wp:postmeta>
		<wp:meta_key><![CDATA[valpa_no_homenaje_meta]]></wp:meta_key>
		<wp:meta_value><![CDATA[0020000551]]></wp:meta_value>
		</wp:postmeta>
							<wp:postmeta>
		<wp:meta_key><![CDATA[servicio_relacionado_meta]]></wp:meta_key>
		<wp:meta_value><![CDATA[a:1:{i:0;s:9:"Domicilio";}]]></wp:meta_value>
		</wp:postmeta>
							<wp:postmeta>
		<wp:meta_key><![CDATA[valpa_nacimiento_dia_meta]]></wp:meta_key>
		<wp:meta_value><![CDATA[06]]></wp:meta_value>
		</wp:postmeta>
							<wp:postmeta>
		<wp:meta_key><![CDATA[valpa_nacimiento_mes_meta]]></wp:meta_key>
		<wp:meta_value><![CDATA[07]]></wp:meta_value>
		</wp:postmeta>
							<wp:postmeta>
		<wp:meta_key><![CDATA[valpa_nacimiento_ano_meta]]></wp:meta_key>
		<wp:meta_value><![CDATA[1978]]></wp:meta_value>
		</wp:postmeta>
							<wp:postmeta>
		<wp:meta_key><![CDATA[post_views_count]]></wp:meta_key>
		<wp:meta_value><![CDATA[462]]></wp:meta_value>
		</wp:postmeta>
							<wp:postmeta>
		<wp:meta_key><![CDATA[num_recuerdos_meta]]></wp:meta_key>
		<wp:meta_value><![CDATA[5]]></wp:meta_value>
		</wp:postmeta>
							<wp:postmeta>
		<wp:meta_key><![CDATA[num_velas_meta]]></wp:meta_key>
		<wp:meta_value><![CDATA[17]]></wp:meta_value>
		</wp:postmeta>
							<wp:postmeta>
		<wp:meta_key><![CDATA[_thumbnail_id]]></wp:meta_key>
		<wp:meta_value><![CDATA[5189]]></wp:meta_value>
		</wp:postmeta>
							</item>
					<item>
		<title><![CDATA[JosÃ© Antonio Padilla Legorreta]]></title>
		<link>http://localhost/sass-wp/obituario/jose-antonio-padilla-legorreta/</link>
		<pubDate>Fri, 06 Nov 2020 20:21:29 +0000</pubDate>
		<dc:creator><![CDATA[webmaster]]></dc:creator>
		<guid isPermaLink="false">http://valparaiso.com.mx/?post_type=valpa_obituario_pt&#038;p=5191</guid>
		<description></description>
		<content:encoded><![CDATA[LA MUERTE DEJA UN DOLOR EN EL CORAZON, QUE NADIE PUEDE SANAR PERO EL AMOR DEJA UNA MEMORIA QUE NADIE PUEDE ROBAR]]></content:encoded>
		<excerpt:encoded><![CDATA[]]></excerpt:encoded>
		<wp:post_id>5191</wp:post_id>
		<wp:post_date><![CDATA[2020-11-06 20:21:29]]></wp:post_date>
		<wp:post_date_gmt><![CDATA[2020-11-06 20:21:29]]></wp:post_date_gmt>
		<wp:post_modified><![CDATA[2020-11-06 20:21:29]]></wp:post_modified>
		<wp:post_modified_gmt><![CDATA[2020-11-06 20:21:29]]></wp:post_modified_gmt>
		<wp:comment_status><![CDATA[open]]></wp:comment_status>
		<wp:ping_status><![CDATA[closed]]></wp:ping_status>
		<wp:post_name><![CDATA[jose-antonio-padilla-legorreta]]></wp:post_name>
		<wp:status><![CDATA[publish]]></wp:status>
		<wp:post_parent>0</wp:post_parent>
		<wp:menu_order>0</wp:menu_order>
		<wp:post_type><![CDATA[valpa_obituario_pt]]></wp:post_type>
		<wp:post_password><![CDATA[]]></wp:post_password>
		<wp:is_sticky>0</wp:is_sticky>
														<wp:postmeta>
		<wp:meta_key><![CDATA[_edit_last]]></wp:meta_key>
		<wp:meta_value><![CDATA[1]]></wp:meta_value>
		</wp:postmeta>
							<wp:postmeta>
		<wp:meta_key><![CDATA[sucursal_relacionada_meta]]></wp:meta_key>
		<wp:meta_value><![CDATA[a:1:{i:0;s:2:"22";}]]></wp:meta_value>
		</wp:postmeta>
							<wp:postmeta>
		<wp:meta_key><![CDATA[valpa_no_homenaje_meta]]></wp:meta_key>
		<wp:meta_value><![CDATA[0020000550]]></wp:meta_value>
		</wp:postmeta>
							<wp:postmeta>
		<wp:meta_key><![CDATA[servicio_relacionado_meta]]></wp:meta_key>
		<wp:meta_value><![CDATA[a:1:{i:0;s:9:"Domicilio";}]]></wp:meta_value>
		</wp:postmeta>
							<wp:postmeta>
		<wp:meta_key><![CDATA[valpa_nacimiento_dia_meta]]></wp:meta_key>
		<wp:meta_value><![CDATA[19]]></wp:meta_value>
		</wp:postmeta>
							<wp:postmeta>
		<wp:meta_key><![CDATA[valpa_nacimiento_mes_meta]]></wp:meta_key>
		<wp:meta_value><![CDATA[10]]></wp:meta_value>
		</wp:postmeta>
							<wp:postmeta>
		<wp:meta_key><![CDATA[valpa_nacimiento_ano_meta]]></wp:meta_key>
		<wp:meta_value><![CDATA[1965]]></wp:meta_value>
		</wp:postmeta>
							<wp:postmeta>
		<wp:meta_key><![CDATA[_thumbnail_id]]></wp:meta_key>
		<wp:meta_value><![CDATA[5201]]></wp:meta_value>
		</wp:postmeta>
							<wp:postmeta>
		<wp:meta_key><![CDATA[post_views_count]]></wp:meta_key>
		<wp:meta_value><![CDATA[187]]></wp:meta_value>
		</wp:postmeta>
							<wp:postmeta>
		<wp:meta_key><![CDATA[num_recuerdos_meta]]></wp:meta_key>
		<wp:meta_value><![CDATA[1]]></wp:meta_value>
		</wp:postmeta>
							<wp:postmeta>
		<wp:meta_key><![CDATA[num_velas_meta]]></wp:meta_key>
		<wp:meta_value><![CDATA[7]]></wp:meta_value>
		</wp:postmeta>
							</item>
					<item>
		<title><![CDATA[Martha GÃ³mora PiÃ±a]]></title>
		<link>http://localhost/sass-wp/obituario/martha-gomora-pina/</link>
		<pubDate>Fri, 06 Nov 2020 22:21:50 +0000</pubDate>
		<dc:creator><![CDATA[webmaster]]></dc:creator>
		<guid isPermaLink="false">http://valparaiso.com.mx/?post_type=valpa_obituario_pt&#038;p=5212</guid>
		<description></description>
		<content:encoded><![CDATA[A PESAR DE NO ESTAR PRESENTE EN CUERPO, TU ESTARAS CON NOSOTROS POR SIEMPRE EN NUESTROS CORAZONES]]></content:encoded>
		<excerpt:encoded><![CDATA[]]></excerpt:encoded>
		<wp:post_id>5212</wp:post_id>
		<wp:post_date><![CDATA[2020-11-06 22:21:50]]></wp:post_date>
		<wp:post_date_gmt><![CDATA[2020-11-06 22:21:50]]></wp:post_date_gmt>
		<wp:post_modified><![CDATA[2020-11-06 22:21:50]]></wp:post_modified>
		<wp:post_modified_gmt><![CDATA[2020-11-06 22:21:50]]></wp:post_modified_gmt>
		<wp:comment_status><![CDATA[open]]></wp:comment_status>
		<wp:ping_status><![CDATA[closed]]></wp:ping_status>
		<wp:post_name><![CDATA[martha-gomora-pina]]></wp:post_name>
		<wp:status><![CDATA[publish]]></wp:status>
		<wp:post_parent>0</wp:post_parent>
		<wp:menu_order>0</wp:menu_order>
		<wp:post_type><![CDATA[valpa_obituario_pt]]></wp:post_type>
		<wp:post_password><![CDATA[]]></wp:post_password>
		<wp:is_sticky>0</wp:is_sticky>
														<wp:postmeta>
		<wp:meta_key><![CDATA[_edit_last]]></wp:meta_key>
		<wp:meta_value><![CDATA[1]]></wp:meta_value>
		</wp:postmeta>
							<wp:postmeta>
		<wp:meta_key><![CDATA[sucursal_relacionada_meta]]></wp:meta_key>
		<wp:meta_value><![CDATA[a:1:{i:0;s:2:"22";}]]></wp:meta_value>
		</wp:postmeta>
							<wp:postmeta>
		<wp:meta_key><![CDATA[valpa_no_homenaje_meta]]></wp:meta_key>
		<wp:meta_value><![CDATA[0020000553]]></wp:meta_value>
		</wp:postmeta>
							<wp:postmeta>
		<wp:meta_key><![CDATA[servicio_relacionado_meta]]></wp:meta_key>
		<wp:meta_value><![CDATA[a:1:{i:0;s:9:"Domicilio";}]]></wp:meta_value>
		</wp:postmeta>
							<wp:postmeta>
		<wp:meta_key><![CDATA[valpa_nacimiento_dia_meta]]></wp:meta_key>
		<wp:meta_value><![CDATA[29]]></wp:meta_value>
		</wp:postmeta>
							<wp:postmeta>
		<wp:meta_key><![CDATA[valpa_nacimiento_mes_meta]]></wp:meta_key>
		<wp:meta_value><![CDATA[06]]></wp:meta_value>
		</wp:postmeta>
							<wp:postmeta>
		<wp:meta_key><![CDATA[valpa_nacimiento_ano_meta]]></wp:meta_key>
		<wp:meta_value><![CDATA[1975]]></wp:meta_value>
		</wp:postmeta>
							<wp:postmeta>
		<wp:meta_key><![CDATA[post_views_count]]></wp:meta_key>
		<wp:meta_value><![CDATA[853]]></wp:meta_value>
		</wp:postmeta>
							<wp:postmeta>
		<wp:meta_key><![CDATA[_thumbnail_id]]></wp:meta_key>
		<wp:meta_value><![CDATA[5213]]></wp:meta_value>
		</wp:postmeta>
							<wp:postmeta>
		<wp:meta_key><![CDATA[num_velas_meta]]></wp:meta_key>
		<wp:meta_value><![CDATA[2]]></wp:meta_value>
		</wp:postmeta>
							</item>
					<item>
		<title><![CDATA[Gregorio Sanabria Balbuena]]></title>
		<link>http://localhost/sass-wp/obituario/gregorio-sanabria-balbuena/</link>
		<pubDate>Sun, 08 Nov 2020 15:29:53 +0000</pubDate>
		<dc:creator><![CDATA[webmaster]]></dc:creator>
		<guid isPermaLink="false">http://valparaiso.com.mx/?post_type=valpa_obituario_pt&#038;p=5263</guid>
		<description></description>
		<content:encoded><![CDATA[A PESAR DE NO ESTAR PRESENTE EN CUERPO, TU ESTARAS CON NOSOTROS POR SIEMPRE EN NUESTROS CORAZONES]]></content:encoded>
		<excerpt:encoded><![CDATA[]]></excerpt:encoded>
		<wp:post_id>5263</wp:post_id>
		<wp:post_date><![CDATA[2020-11-08 15:29:53]]></wp:post_date>
		<wp:post_date_gmt><![CDATA[2020-11-08 15:29:53]]></wp:post_date_gmt>
		<wp:post_modified><![CDATA[2020-11-08 15:29:53]]></wp:post_modified>
		<wp:post_modified_gmt><![CDATA[2020-11-08 15:29:53]]></wp:post_modified_gmt>
		<wp:comment_status><![CDATA[open]]></wp:comment_status>
		<wp:ping_status><![CDATA[closed]]></wp:ping_status>
		<wp:post_name><![CDATA[gregorio-sanabria-balbuena]]></wp:post_name>
		<wp:status><![CDATA[publish]]></wp:status>
		<wp:post_parent>0</wp:post_parent>
		<wp:menu_order>0</wp:menu_order>
		<wp:post_type><![CDATA[valpa_obituario_pt]]></wp:post_type>
		<wp:post_password><![CDATA[]]></wp:post_password>
		<wp:is_sticky>0</wp:is_sticky>
														<wp:postmeta>
		<wp:meta_key><![CDATA[_edit_last]]></wp:meta_key>
		<wp:meta_value><![CDATA[1]]></wp:meta_value>
		</wp:postmeta>
							<wp:postmeta>
		<wp:meta_key><![CDATA[sucursal_relacionada_meta]]></wp:meta_key>
		<wp:meta_value><![CDATA[a:1:{i:0;s:2:"22";}]]></wp:meta_value>
		</wp:postmeta>
							<wp:postmeta>
		<wp:meta_key><![CDATA[valpa_no_homenaje_meta]]></wp:meta_key>
		<wp:meta_value><![CDATA[0020000556]]></wp:meta_value>
		</wp:postmeta>
							<wp:postmeta>
		<wp:meta_key><![CDATA[servicio_relacionado_meta]]></wp:meta_key>
		<wp:meta_value><![CDATA[a:1:{i:0;s:9:"Domicilio";}]]></wp:meta_value>
		</wp:postmeta>
							<wp:postmeta>
		<wp:meta_key><![CDATA[valpa_nacimiento_dia_meta]]></wp:meta_key>
		<wp:meta_value><![CDATA[14]]></wp:meta_value>
		</wp:postmeta>
							<wp:postmeta>
		<wp:meta_key><![CDATA[valpa_nacimiento_mes_meta]]></wp:meta_key>
		<wp:meta_value><![CDATA[12]]></wp:meta_value>
		</wp:postmeta>
							<wp:postmeta>
		<wp:meta_key><![CDATA[valpa_nacimiento_ano_meta]]></wp:meta_key>
		<wp:meta_value><![CDATA[1960]]></wp:meta_value>
		</wp:postmeta>
							<wp:postmeta>
		<wp:meta_key><![CDATA[post_views_count]]></wp:meta_key>
		<wp:meta_value><![CDATA[517]]></wp:meta_value>
		</wp:postmeta>
							<wp:postmeta>
		<wp:meta_key><![CDATA[_thumbnail_id]]></wp:meta_key>
		<wp:meta_value><![CDATA[5264]]></wp:meta_value>
		</wp:postmeta>
							<wp:postmeta>
		<wp:meta_key><![CDATA[num_recuerdos_meta]]></wp:meta_key>
		<wp:meta_value><![CDATA[1]]></wp:meta_value>
		</wp:postmeta>
							<wp:postmeta>
		<wp:meta_key><![CDATA[num_velas_meta]]></wp:meta_key>
		<wp:meta_value><![CDATA[11]]></wp:meta_value>
		</wp:postmeta>
							</item>
					<item>
		<title><![CDATA[Evaristo GarcÃ­a Enriques]]></title>
		<link>http://localhost/sass-wp/obituario/evaristo-garcia-enriques/</link>
		<pubDate>Sun, 08 Nov 2020 17:28:08 +0000</pubDate>
		<dc:creator><![CDATA[webmaster]]></dc:creator>
		<guid isPermaLink="false">http://valparaiso.com.mx/?post_type=valpa_obituario_pt&#038;p=5280</guid>
		<description></description>
		<content:encoded><![CDATA[HASTA PRONTO, QUE BRILLE PARA TI LA LUZ QUE NO TIENE FIN]]></content:encoded>
		<excerpt:encoded><![CDATA[]]></excerpt:encoded>
		<wp:post_id>5280</wp:post_id>
		<wp:post_date><![CDATA[2020-11-08 17:28:08]]></wp:post_date>
		<wp:post_date_gmt><![CDATA[2020-11-08 17:28:08]]></wp:post_date_gmt>
		<wp:post_modified><![CDATA[2020-11-08 17:28:08]]></wp:post_modified>
		<wp:post_modified_gmt><![CDATA[2020-11-08 17:28:08]]></wp:post_modified_gmt>
		<wp:comment_status><![CDATA[open]]></wp:comment_status>
		<wp:ping_status><![CDATA[closed]]></wp:ping_status>
		<wp:post_name><![CDATA[evaristo-garcia-enriques]]></wp:post_name>
		<wp:status><![CDATA[publish]]></wp:status>
		<wp:post_parent>0</wp:post_parent>
		<wp:menu_order>0</wp:menu_order>
		<wp:post_type><![CDATA[valpa_obituario_pt]]></wp:post_type>
		<wp:post_password><![CDATA[]]></wp:post_password>
		<wp:is_sticky>0</wp:is_sticky>
														<wp:postmeta>
		<wp:meta_key><![CDATA[_edit_last]]></wp:meta_key>
		<wp:meta_value><![CDATA[1]]></wp:meta_value>
		</wp:postmeta>
							<wp:postmeta>
		<wp:meta_key><![CDATA[sucursal_relacionada_meta]]></wp:meta_key>
		<wp:meta_value><![CDATA[a:1:{i:0;s:2:"22";}]]></wp:meta_value>
		</wp:postmeta>
							<wp:postmeta>
		<wp:meta_key><![CDATA[valpa_no_homenaje_meta]]></wp:meta_key>
		<wp:meta_value><![CDATA[0020000555]]></wp:meta_value>
		</wp:postmeta>
							<wp:postmeta>
		<wp:meta_key><![CDATA[servicio_relacionado_meta]]></wp:meta_key>
		<wp:meta_value><![CDATA[a:1:{i:0;s:9:"Domicilio";}]]></wp:meta_value>
		</wp:postmeta>
							<wp:postmeta>
		<wp:meta_key><![CDATA[valpa_nacimiento_dia_meta]]></wp:meta_key>
		<wp:meta_value><![CDATA[24]]></wp:meta_value>
		</wp:postmeta>
							<wp:postmeta>
		<wp:meta_key><![CDATA[valpa_nacimiento_mes_meta]]></wp:meta_key>
		<wp:meta_value><![CDATA[10]]></wp:meta_value>
		</wp:postmeta>
							<wp:postmeta>
		<wp:meta_key><![CDATA[valpa_nacimiento_ano_meta]]></wp:meta_key>
		<wp:meta_value><![CDATA[1965]]></wp:meta_value>
		</wp:postmeta>
							<wp:postmeta>
		<wp:meta_key><![CDATA[post_views_count]]></wp:meta_key>
		<wp:meta_value><![CDATA[78]]></wp:meta_value>
		</wp:postmeta>
							<wp:postmeta>
		<wp:meta_key><![CDATA[num_recuerdos_meta]]></wp:meta_key>
		<wp:meta_value><![CDATA[2]]></wp:meta_value>
		</wp:postmeta>
							<wp:postmeta>
		<wp:meta_key><![CDATA[num_velas_meta]]></wp:meta_key>
		<wp:meta_value><![CDATA[2]]></wp:meta_value>
		</wp:postmeta>
							</item>
					<item>
		<title><![CDATA[Dominga Sebastina GarcÃ­a Sanchez]]></title>
		<link>http://localhost/sass-wp/obituario/dominga-sebastina-garcia-sanchez/</link>
		<pubDate>Sun, 08 Nov 2020 18:02:15 +0000</pubDate>
		<dc:creator><![CDATA[webmaster]]></dc:creator>
		<guid isPermaLink="false">http://valparaiso.com.mx/?post_type=valpa_obituario_pt&#038;p=5285</guid>
		<description></description>
		<content:encoded><![CDATA[A PESAR DE NO ESTAR PRESENTE EN CUERPO, TU ESTARAS CON NOSOTROS POR SIEMPRE EN NUESTROS CORAZONES]]></content:encoded>
		<excerpt:encoded><![CDATA[]]></excerpt:encoded>
		<wp:post_id>5285</wp:post_id>
		<wp:post_date><![CDATA[2020-11-08 18:02:15]]></wp:post_date>
		<wp:post_date_gmt><![CDATA[2020-11-08 18:02:15]]></wp:post_date_gmt>
		<wp:post_modified><![CDATA[2020-11-08 18:02:15]]></wp:post_modified>
		<wp:post_modified_gmt><![CDATA[2020-11-08 18:02:15]]></wp:post_modified_gmt>
		<wp:comment_status><![CDATA[open]]></wp:comment_status>
		<wp:ping_status><![CDATA[closed]]></wp:ping_status>
		<wp:post_name><![CDATA[dominga-sebastina-garcia-sanchez]]></wp:post_name>
		<wp:status><![CDATA[publish]]></wp:status>
		<wp:post_parent>0</wp:post_parent>
		<wp:menu_order>0</wp:menu_order>
		<wp:post_type><![CDATA[valpa_obituario_pt]]></wp:post_type>
		<wp:post_password><![CDATA[]]></wp:post_password>
		<wp:is_sticky>0</wp:is_sticky>
														<wp:postmeta>
		<wp:meta_key><![CDATA[_edit_last]]></wp:meta_key>
		<wp:meta_value><![CDATA[1]]></wp:meta_value>
		</wp:postmeta>
							<wp:postmeta>
		<wp:meta_key><![CDATA[sucursal_relacionada_meta]]></wp:meta_key>
		<wp:meta_value><![CDATA[a:1:{i:0;s:2:"22";}]]></wp:meta_value>
		</wp:postmeta>
							<wp:postmeta>
		<wp:meta_key><![CDATA[valpa_no_homenaje_meta]]></wp:meta_key>
		<wp:meta_value><![CDATA[0020000554]]></wp:meta_value>
		</wp:postmeta>
							<wp:postmeta>
		<wp:meta_key><![CDATA[servicio_relacionado_meta]]></wp:meta_key>
		<wp:meta_value><![CDATA[a:1:{i:0;s:9:"Domicilio";}]]></wp:meta_value>
		</wp:postmeta>
							<wp:postmeta>
		<wp:meta_key><![CDATA[valpa_nacimiento_dia_meta]]></wp:meta_key>
		<wp:meta_value><![CDATA[05]]></wp:meta_value>
		</wp:postmeta>
							<wp:postmeta>
		<wp:meta_key><![CDATA[valpa_nacimiento_mes_meta]]></wp:meta_key>
		<wp:meta_value><![CDATA[10]]></wp:meta_value>
		</wp:postmeta>
							<wp:postmeta>
		<wp:meta_key><![CDATA[valpa_nacimiento_ano_meta]]></wp:meta_key>
		<wp:meta_value><![CDATA[1948]]></wp:meta_value>
		</wp:postmeta>
							<wp:postmeta>
		<wp:meta_key><![CDATA[post_views_count]]></wp:meta_key>
		<wp:meta_value><![CDATA[152]]></wp:meta_value>
		</wp:postmeta>
							<wp:postmeta>
		<wp:meta_key><![CDATA[num_recuerdos_meta]]></wp:meta_key>
		<wp:meta_value><![CDATA[3]]></wp:meta_value>
		</wp:postmeta>
							<wp:postmeta>
		<wp:meta_key><![CDATA[num_velas_meta]]></wp:meta_key>
		<wp:meta_value><![CDATA[3]]></wp:meta_value>
		</wp:postmeta>
							<wp:postmeta>
		<wp:meta_key><![CDATA[_thumbnail_id]]></wp:meta_key>
		<wp:meta_value><![CDATA[5410]]></wp:meta_value>
		</wp:postmeta>
							</item>
					<item>
		<title><![CDATA[Pablo Orihuela Guerrero]]></title>
		<link>http://localhost/sass-wp/obituario/pablo-orihuela-guerrero/</link>
		<pubDate>Sun, 08 Nov 2020 18:21:10 +0000</pubDate>
		<dc:creator><![CDATA[webmaster]]></dc:creator>
		<guid isPermaLink="false">http://valparaiso.com.mx/?post_type=valpa_obituario_pt&#038;p=5286</guid>
		<description></description>
		<content:encoded><![CDATA[TE DIGO ADIOS PARA TODA LA VIDA, PERO TODA LA VIDA SEGUIRE PENSANDO EN TI.]]></content:encoded>
		<excerpt:encoded><![CDATA[]]></excerpt:encoded>
		<wp:post_id>5286</wp:post_id>
		<wp:post_date><![CDATA[2020-11-08 18:21:10]]></wp:post_date>
		<wp:post_date_gmt><![CDATA[2020-11-08 18:21:10]]></wp:post_date_gmt>
		<wp:post_modified><![CDATA[2020-11-08 18:21:10]]></wp:post_modified>
		<wp:post_modified_gmt><![CDATA[2020-11-08 18:21:10]]></wp:post_modified_gmt>
		<wp:comment_status><![CDATA[open]]></wp:comment_status>
		<wp:ping_status><![CDATA[closed]]></wp:ping_status>
		<wp:post_name><![CDATA[pablo-orihuela-guerrero]]></wp:post_name>
		<wp:status><![CDATA[publish]]></wp:status>
		<wp:post_parent>0</wp:post_parent>
		<wp:menu_order>0</wp:menu_order>
		<wp:post_type><![CDATA[valpa_obituario_pt]]></wp:post_type>
		<wp:post_password><![CDATA[]]></wp:post_password>
		<wp:is_sticky>0</wp:is_sticky>
														<wp:postmeta>
		<wp:meta_key><![CDATA[_edit_last]]></wp:meta_key>
		<wp:meta_value><![CDATA[1]]></wp:meta_value>
		</wp:postmeta>
							<wp:postmeta>
		<wp:meta_key><![CDATA[sucursal_relacionada_meta]]></wp:meta_key>
		<wp:meta_value><![CDATA[a:1:{i:0;s:2:"22";}]]></wp:meta_value>
		</wp:postmeta>
							<wp:postmeta>
		<wp:meta_key><![CDATA[valpa_no_homenaje_meta]]></wp:meta_key>
		<wp:meta_value><![CDATA[0020000549]]></wp:meta_value>
		</wp:postmeta>
							<wp:postmeta>
		<wp:meta_key><![CDATA[servicio_relacionado_meta]]></wp:meta_key>
		<wp:meta_value><![CDATA[a:1:{i:0;s:9:"Domicilio";}]]></wp:meta_value>
		</wp:postmeta>
							<wp:postmeta>
		<wp:meta_key><![CDATA[valpa_nacimiento_dia_meta]]></wp:meta_key>
		<wp:meta_value><![CDATA[05]]></wp:meta_value>
		</wp:postmeta>
							<wp:postmeta>
		<wp:meta_key><![CDATA[valpa_nacimiento_mes_meta]]></wp:meta_key>
		<wp:meta_value><![CDATA[09]]></wp:meta_value>
		</wp:postmeta>
							<wp:postmeta>
		<wp:meta_key><![CDATA[valpa_nacimiento_ano_meta]]></wp:meta_key>
		<wp:meta_value><![CDATA[1963]]></wp:meta_value>
		</wp:postmeta>
							<wp:postmeta>
		<wp:meta_key><![CDATA[post_views_count]]></wp:meta_key>
		<wp:meta_value><![CDATA[137]]></wp:meta_value>
		</wp:postmeta>
							<wp:postmeta>
		<wp:meta_key><![CDATA[num_recuerdos_meta]]></wp:meta_key>
		<wp:meta_value><![CDATA[1]]></wp:meta_value>
		</wp:postmeta>
							</item>
					<item>
		<title><![CDATA[Pedro Rojas Gil]]></title>
		<link>http://localhost/sass-wp/obituario/pedro-rojas-gil/</link>
		<pubDate>Sun, 08 Nov 2020 20:45:43 +0000</pubDate>
		<dc:creator><![CDATA[webmaster]]></dc:creator>
		<guid isPermaLink="false">http://valparaiso.com.mx/?post_type=valpa_obituario_pt&#038;p=5291</guid>
		<description></description>
		<content:encoded><![CDATA[A PESAR DE NO ESTAR PRESENTE EN CUERPO, TU ESTARAS CON NOSOTROS POR SIEMPRE EN NUESTROS CORAZONES]]></content:encoded>
		<excerpt:encoded><![CDATA[]]></excerpt:encoded>
		<wp:post_id>5291</wp:post_id>
		<wp:post_date><![CDATA[2020-11-08 20:45:43]]></wp:post_date>
		<wp:post_date_gmt><![CDATA[2020-11-08 20:45:43]]></wp:post_date_gmt>
		<wp:post_modified><![CDATA[2020-11-08 20:45:43]]></wp:post_modified>
		<wp:post_modified_gmt><![CDATA[2020-11-08 20:45:43]]></wp:post_modified_gmt>
		<wp:comment_status><![CDATA[open]]></wp:comment_status>
		<wp:ping_status><![CDATA[closed]]></wp:ping_status>
		<wp:post_name><![CDATA[pedro-rojas-gil]]></wp:post_name>
		<wp:status><![CDATA[publish]]></wp:status>
		<wp:post_parent>0</wp:post_parent>
		<wp:menu_order>0</wp:menu_order>
		<wp:post_type><![CDATA[valpa_obituario_pt]]></wp:post_type>
		<wp:post_password><![CDATA[]]></wp:post_password>
		<wp:is_sticky>0</wp:is_sticky>
														<wp:postmeta>
		<wp:meta_key><![CDATA[_edit_last]]></wp:meta_key>
		<wp:meta_value><![CDATA[1]]></wp:meta_value>
		</wp:postmeta>
							<wp:postmeta>
		<wp:meta_key><![CDATA[sucursal_relacionada_meta]]></wp:meta_key>
		<wp:meta_value><![CDATA[a:1:{i:0;s:2:"22";}]]></wp:meta_value>
		</wp:postmeta>
							<wp:postmeta>
		<wp:meta_key><![CDATA[valpa_no_homenaje_meta]]></wp:meta_key>
		<wp:meta_value><![CDATA[0020000557]]></wp:meta_value>
		</wp:postmeta>
							<wp:postmeta>
		<wp:meta_key><![CDATA[valpa_nacimiento_dia_meta]]></wp:meta_key>
		<wp:meta_value><![CDATA[11]]></wp:meta_value>
		</wp:postmeta>
							<wp:postmeta>
		<wp:meta_key><![CDATA[valpa_nacimiento_mes_meta]]></wp:meta_key>
		<wp:meta_value><![CDATA[06]]></wp:meta_value>
		</wp:postmeta>
							<wp:postmeta>
		<wp:meta_key><![CDATA[valpa_nacimiento_ano_meta]]></wp:meta_key>
		<wp:meta_value><![CDATA[1397]]></wp:meta_value>
		</wp:postmeta>
							<wp:postmeta>
		<wp:meta_key><![CDATA[post_views_count]]></wp:meta_key>
		<wp:meta_value><![CDATA[107]]></wp:meta_value>
		</wp:postmeta>
							<wp:postmeta>
		<wp:meta_key><![CDATA[num_recuerdos_meta]]></wp:meta_key>
		<wp:meta_value><![CDATA[1]]></wp:meta_value>
		</wp:postmeta>
							<wp:postmeta>
		<wp:meta_key><![CDATA[servicio_relacionado_meta]]></wp:meta_key>
		<wp:meta_value><![CDATA[a:1:{i:0;s:9:"Domicilio";}]]></wp:meta_value>
		</wp:postmeta>
							<wp:postmeta>
		<wp:meta_key><![CDATA[num_velas_meta]]></wp:meta_key>
		<wp:meta_value><![CDATA[1]]></wp:meta_value>
		</wp:postmeta>
							</item>
					<item>
		<title><![CDATA[Constantino Benito RodrÃ­guez Mendoza]]></title>
		<link>http://localhost/sass-wp/obituario/constantino-benito-rodriguez-mendoza/</link>
		<pubDate>Sun, 08 Nov 2020 22:00:17 +0000</pubDate>
		<dc:creator><![CDATA[webmaster]]></dc:creator>
		<guid isPermaLink="false">http://valparaiso.com.mx/?post_type=valpa_obituario_pt&#038;p=5299</guid>
		<description></description>
		<content:encoded><![CDATA[LA MUERTE DEJA UN DOLOR EN EL CORAZON, QUE NADIE PUEDE SANAR PERO EL AMOR DEJA UNA MEMORIA QUE NADIE PUEDE ROBAR]]></content:encoded>
		<excerpt:encoded><![CDATA[]]></excerpt:encoded>
		<wp:post_id>5299</wp:post_id>
		<wp:post_date><![CDATA[2020-11-08 22:00:17]]></wp:post_date>
		<wp:post_date_gmt><![CDATA[2020-11-08 22:00:17]]></wp:post_date_gmt>
		<wp:post_modified><![CDATA[2020-11-08 22:00:17]]></wp:post_modified>
		<wp:post_modified_gmt><![CDATA[2020-11-08 22:00:17]]></wp:post_modified_gmt>
		<wp:comment_status><![CDATA[open]]></wp:comment_status>
		<wp:ping_status><![CDATA[closed]]></wp:ping_status>
		<wp:post_name><![CDATA[constantino-benito-rodriguez-mendoza]]></wp:post_name>
		<wp:status><![CDATA[publish]]></wp:status>
		<wp:post_parent>0</wp:post_parent>
		<wp:menu_order>0</wp:menu_order>
		<wp:post_type><![CDATA[valpa_obituario_pt]]></wp:post_type>
		<wp:post_password><![CDATA[]]></wp:post_password>
		<wp:is_sticky>0</wp:is_sticky>
														<wp:postmeta>
		<wp:meta_key><![CDATA[_edit_last]]></wp:meta_key>
		<wp:meta_value><![CDATA[1]]></wp:meta_value>
		</wp:postmeta>
							<wp:postmeta>
		<wp:meta_key><![CDATA[sucursal_relacionada_meta]]></wp:meta_key>
		<wp:meta_value><![CDATA[a:1:{i:0;s:2:"22";}]]></wp:meta_value>
		</wp:postmeta>
							<wp:postmeta>
		<wp:meta_key><![CDATA[valpa_no_homenaje_meta]]></wp:meta_key>
		<wp:meta_value><![CDATA[0020000558]]></wp:meta_value>
		</wp:postmeta>
							<wp:postmeta>
		<wp:meta_key><![CDATA[servicio_relacionado_meta]]></wp:meta_key>
		<wp:meta_value><![CDATA[a:1:{i:0;s:9:"Domicilio";}]]></wp:meta_value>
		</wp:postmeta>
							<wp:postmeta>
		<wp:meta_key><![CDATA[valpa_nacimiento_dia_meta]]></wp:meta_key>
		<wp:meta_value><![CDATA[13]]></wp:meta_value>
		</wp:postmeta>
							<wp:postmeta>
		<wp:meta_key><![CDATA[valpa_nacimiento_mes_meta]]></wp:meta_key>
		<wp:meta_value><![CDATA[03]]></wp:meta_value>
		</wp:postmeta>
							<wp:postmeta>
		<wp:meta_key><![CDATA[valpa_nacimiento_ano_meta]]></wp:meta_key>
		<wp:meta_value><![CDATA[1959]]></wp:meta_value>
		</wp:postmeta>
							<wp:postmeta>
		<wp:meta_key><![CDATA[post_views_count]]></wp:meta_key>
		<wp:meta_value><![CDATA[112]]></wp:meta_value>
		</wp:postmeta>
							<wp:postmeta>
		<wp:meta_key><![CDATA[num_recuerdos_meta]]></wp:meta_key>
		<wp:meta_value><![CDATA[1]]></wp:meta_value>
		</wp:postmeta>
							<wp:postmeta>
		<wp:meta_key><![CDATA[num_velas_meta]]></wp:meta_key>
		<wp:meta_value><![CDATA[1]]></wp:meta_value>
		</wp:postmeta>
							<wp:postmeta>
		<wp:meta_key><![CDATA[_thumbnail_id]]></wp:meta_key>
		<wp:meta_value><![CDATA[5357]]></wp:meta_value>
		</wp:postmeta>
							</item>
					<item>
		<title><![CDATA[Eustacio  Flores Antonio]]></title>
		<link>http://localhost/sass-wp/obituario/eustacio-flores-antonio/</link>
		<pubDate>Mon, 09 Nov 2020 15:21:55 +0000</pubDate>
		<dc:creator><![CDATA[webmaster]]></dc:creator>
		<guid isPermaLink="false">http://valparaiso.com.mx/?post_type=valpa_obituario_pt&#038;p=5310</guid>
		<description></description>
		<content:encoded><![CDATA[A PESAR DE NO ESTAR PRESENTE EN CUERPO, TU ESTARAS CON NOSOTROS POR SIEMPRE EN NUESTROS CORAZONES]]></content:encoded>
		<excerpt:encoded><![CDATA[]]></excerpt:encoded>
		<wp:post_id>5310</wp:post_id>
		<wp:post_date><![CDATA[2020-11-09 15:21:55]]></wp:post_date>
		<wp:post_date_gmt><![CDATA[2020-11-09 15:21:55]]></wp:post_date_gmt>
		<wp:post_modified><![CDATA[2020-11-09 15:21:55]]></wp:post_modified>
		<wp:post_modified_gmt><![CDATA[2020-11-09 15:21:55]]></wp:post_modified_gmt>
		<wp:comment_status><![CDATA[open]]></wp:comment_status>
		<wp:ping_status><![CDATA[closed]]></wp:ping_status>
		<wp:post_name><![CDATA[eustacio-flores-antonio]]></wp:post_name>
		<wp:status><![CDATA[publish]]></wp:status>
		<wp:post_parent>0</wp:post_parent>
		<wp:menu_order>0</wp:menu_order>
		<wp:post_type><![CDATA[valpa_obituario_pt]]></wp:post_type>
		<wp:post_password><![CDATA[]]></wp:post_password>
		<wp:is_sticky>0</wp:is_sticky>
														<wp:postmeta>
		<wp:meta_key><![CDATA[_edit_last]]></wp:meta_key>
		<wp:meta_value><![CDATA[1]]></wp:meta_value>
		</wp:postmeta>
							<wp:postmeta>
		<wp:meta_key><![CDATA[sucursal_relacionada_meta]]></wp:meta_key>
		<wp:meta_value><![CDATA[a:1:{i:0;s:2:"22";}]]></wp:meta_value>
		</wp:postmeta>
							<wp:postmeta>
		<wp:meta_key><![CDATA[valpa_no_homenaje_meta]]></wp:meta_key>
		<wp:meta_value><![CDATA[0020000497]]></wp:meta_value>
		</wp:postmeta>
							<wp:postmeta>
		<wp:meta_key><![CDATA[servicio_relacionado_meta]]></wp:meta_key>
		<wp:meta_value><![CDATA[a:1:{i:0;s:9:"Domicilio";}]]></wp:meta_value>
		</wp:postmeta>
							<wp:postmeta>
		<wp:meta_key><![CDATA[valpa_nacimiento_dia_meta]]></wp:meta_key>
		<wp:meta_value><![CDATA[29]]></wp:meta_value>
		</wp:postmeta>
							<wp:postmeta>
		<wp:meta_key><![CDATA[valpa_nacimiento_mes_meta]]></wp:meta_key>
		<wp:meta_value><![CDATA[3]]></wp:meta_value>
		</wp:postmeta>
							<wp:postmeta>
		<wp:meta_key><![CDATA[valpa_nacimiento_ano_meta]]></wp:meta_key>
		<wp:meta_value><![CDATA[1949]]></wp:meta_value>
		</wp:postmeta>
							<wp:postmeta>
		<wp:meta_key><![CDATA[post_views_count]]></wp:meta_key>
		<wp:meta_value><![CDATA[132]]></wp:meta_value>
		</wp:postmeta>
							<wp:postmeta>
		<wp:meta_key><![CDATA[num_recuerdos_meta]]></wp:meta_key>
		<wp:meta_value><![CDATA[1]]></wp:meta_value>
		</wp:postmeta>
							<wp:postmeta>
		<wp:meta_key><![CDATA[num_velas_meta]]></wp:meta_key>
		<wp:meta_value><![CDATA[1]]></wp:meta_value>
		</wp:postmeta>
							<wp:postmeta>
		<wp:meta_key><![CDATA[_wp_old_slug]]></wp:meta_key>
		<wp:meta_value><![CDATA[eustasio-flores-antonio]]></wp:meta_value>
		</wp:postmeta>
							</item>
					<item>
		<title><![CDATA[Fernando Flores Chaparro]]></title>
		<link>http://localhost/sass-wp/obituario/fernando-flores-chaparro/</link>
		<pubDate>Mon, 09 Nov 2020 16:56:17 +0000</pubDate>
		<dc:creator><![CDATA[webmaster]]></dc:creator>
		<guid isPermaLink="false">http://valparaiso.com.mx/?post_type=valpa_obituario_pt&#038;p=5313</guid>
		<description></description>
		<content:encoded><![CDATA[<b>Â </b>A PESAR DE NO ESTAR PRESENTE EN CUERPO, TU ESTARAS CON NOSOTROS POR SIEMPRE EN NUESTROS CORAZONES]]></content:encoded>
		<excerpt:encoded><![CDATA[]]></excerpt:encoded>
		<wp:post_id>5313</wp:post_id>
		<wp:post_date><![CDATA[2020-11-09 16:56:17]]></wp:post_date>
		<wp:post_date_gmt><![CDATA[2020-11-09 16:56:17]]></wp:post_date_gmt>
		<wp:post_modified><![CDATA[2020-11-09 16:56:17]]></wp:post_modified>
		<wp:post_modified_gmt><![CDATA[2020-11-09 16:56:17]]></wp:post_modified_gmt>
		<wp:comment_status><![CDATA[open]]></wp:comment_status>
		<wp:ping_status><![CDATA[closed]]></wp:ping_status>
		<wp:post_name><![CDATA[fernando-flores-chaparro]]></wp:post_name>
		<wp:status><![CDATA[publish]]></wp:status>
		<wp:post_parent>0</wp:post_parent>
		<wp:menu_order>0</wp:menu_order>
		<wp:post_type><![CDATA[valpa_obituario_pt]]></wp:post_type>
		<wp:post_password><![CDATA[]]></wp:post_password>
		<wp:is_sticky>0</wp:is_sticky>
														<wp:postmeta>
		<wp:meta_key><![CDATA[_edit_last]]></wp:meta_key>
		<wp:meta_value><![CDATA[1]]></wp:meta_value>
		</wp:postmeta>
							<wp:postmeta>
		<wp:meta_key><![CDATA[sucursal_relacionada_meta]]></wp:meta_key>
		<wp:meta_value><![CDATA[a:1:{i:0;s:2:"22";}]]></wp:meta_value>
		</wp:postmeta>
							<wp:postmeta>
		<wp:meta_key><![CDATA[valpa_no_homenaje_meta]]></wp:meta_key>
		<wp:meta_value><![CDATA[0020000495]]></wp:meta_value>
		</wp:postmeta>
							<wp:postmeta>
		<wp:meta_key><![CDATA[servicio_relacionado_meta]]></wp:meta_key>
		<wp:meta_value><![CDATA[a:1:{i:0;s:9:"Domicilio";}]]></wp:meta_value>
		</wp:postmeta>
							<wp:postmeta>
		<wp:meta_key><![CDATA[valpa_nacimiento_dia_meta]]></wp:meta_key>
		<wp:meta_value><![CDATA[8]]></wp:meta_value>
		</wp:postmeta>
							<wp:postmeta>
		<wp:meta_key><![CDATA[valpa_nacimiento_mes_meta]]></wp:meta_key>
		<wp:meta_value><![CDATA[5]]></wp:meta_value>
		</wp:postmeta>
							<wp:postmeta>
		<wp:meta_key><![CDATA[valpa_nacimiento_ano_meta]]></wp:meta_key>
		<wp:meta_value><![CDATA[1977]]></wp:meta_value>
		</wp:postmeta>
							<wp:postmeta>
		<wp:meta_key><![CDATA[post_views_count]]></wp:meta_key>
		<wp:meta_value><![CDATA[135]]></wp:meta_value>
		</wp:postmeta>
							<wp:postmeta>
		<wp:meta_key><![CDATA[num_recuerdos_meta]]></wp:meta_key>
		<wp:meta_value><![CDATA[1]]></wp:meta_value>
		</wp:postmeta>
							<wp:postmeta>
		<wp:meta_key><![CDATA[num_velas_meta]]></wp:meta_key>
		<wp:meta_value><![CDATA[1]]></wp:meta_value>
		</wp:postmeta>
							<wp:postmeta>
		<wp:meta_key><![CDATA[_thumbnail_id]]></wp:meta_key>
		<wp:meta_value><![CDATA[5359]]></wp:meta_value>
		</wp:postmeta>
							</item>
					<item>
		<title><![CDATA[Maria Ruth Garcia Gonzalez]]></title>
		<link>http://localhost/sass-wp/obituario/maria-ruth-garcia-gonzalez/</link>
		<pubDate>Tue, 10 Nov 2020 07:04:47 +0000</pubDate>
		<dc:creator><![CDATA[webmaster]]></dc:creator>
		<guid isPermaLink="false">http://valparaiso.com.mx/?post_type=valpa_obituario_pt&#038;p=5371</guid>
		<description></description>
		<content:encoded><![CDATA[<b>TE DIGO ADIOS PARA TODA LA VIDA, PERO TODA LA VIDA SEGUIRE PENSANDO EN TI.</b>]]></content:encoded>
		<excerpt:encoded><![CDATA[]]></excerpt:encoded>
		<wp:post_id>5371</wp:post_id>
		<wp:post_date><![CDATA[2020-11-10 07:04:47]]></wp:post_date>
		<wp:post_date_gmt><![CDATA[2020-11-10 07:04:47]]></wp:post_date_gmt>
		<wp:post_modified><![CDATA[2020-11-10 07:04:47]]></wp:post_modified>
		<wp:post_modified_gmt><![CDATA[2020-11-10 07:04:47]]></wp:post_modified_gmt>
		<wp:comment_status><![CDATA[open]]></wp:comment_status>
		<wp:ping_status><![CDATA[closed]]></wp:ping_status>
		<wp:post_name><![CDATA[maria-ruth-garcia-gonzalez]]></wp:post_name>
		<wp:status><![CDATA[publish]]></wp:status>
		<wp:post_parent>0</wp:post_parent>
		<wp:menu_order>0</wp:menu_order>
		<wp:post_type><![CDATA[valpa_obituario_pt]]></wp:post_type>
		<wp:post_password><![CDATA[]]></wp:post_password>
		<wp:is_sticky>0</wp:is_sticky>
														<wp:postmeta>
		<wp:meta_key><![CDATA[_edit_last]]></wp:meta_key>
		<wp:meta_value><![CDATA[1]]></wp:meta_value>
		</wp:postmeta>
							<wp:postmeta>
		<wp:meta_key><![CDATA[_thumbnail_id]]></wp:meta_key>
		<wp:meta_value><![CDATA[5372]]></wp:meta_value>
		</wp:postmeta>
							<wp:postmeta>
		<wp:meta_key><![CDATA[sucursal_relacionada_meta]]></wp:meta_key>
		<wp:meta_value><![CDATA[a:1:{i:0;s:2:"22";}]]></wp:meta_value>
		</wp:postmeta>
							<wp:postmeta>
		<wp:meta_key><![CDATA[valpa_no_homenaje_meta]]></wp:meta_key>
		<wp:meta_value><![CDATA[0020000560]]></wp:meta_value>
		</wp:postmeta>
							<wp:postmeta>
		<wp:meta_key><![CDATA[servicio_relacionado_meta]]></wp:meta_key>
		<wp:meta_value><![CDATA[a:1:{i:0;s:9:"Domicilio";}]]></wp:meta_value>
		</wp:postmeta>
							<wp:postmeta>
		<wp:meta_key><![CDATA[valpa_nacimiento_dia_meta]]></wp:meta_key>
		<wp:meta_value><![CDATA[6]]></wp:meta_value>
		</wp:postmeta>
							<wp:postmeta>
		<wp:meta_key><![CDATA[valpa_nacimiento_mes_meta]]></wp:meta_key>
		<wp:meta_value><![CDATA[3]]></wp:meta_value>
		</wp:postmeta>
							<wp:postmeta>
		<wp:meta_key><![CDATA[valpa_nacimiento_ano_meta]]></wp:meta_key>
		<wp:meta_value><![CDATA[1945]]></wp:meta_value>
		</wp:postmeta>
							<wp:postmeta>
		<wp:meta_key><![CDATA[post_views_count]]></wp:meta_key>
		<wp:meta_value><![CDATA[912]]></wp:meta_value>
		</wp:postmeta>
							<wp:postmeta>
		<wp:meta_key><![CDATA[num_velas_meta]]></wp:meta_key>
		<wp:meta_value><![CDATA[59]]></wp:meta_value>
		</wp:postmeta>
							<wp:postmeta>
		<wp:meta_key><![CDATA[num_recuerdos_meta]]></wp:meta_key>
		<wp:meta_value><![CDATA[13]]></wp:meta_value>
		</wp:postmeta>
							</item>
					<item>
		<title><![CDATA[Carmelo Escogido Luna]]></title>
		<link>http://localhost/sass-wp/obituario/carmelo-escogido-luna-2/</link>
		<pubDate>Tue, 10 Nov 2020 18:39:00 +0000</pubDate>
		<dc:creator><![CDATA[webmaster]]></dc:creator>
		<guid isPermaLink="false">http://valparaiso.com.mx/?post_type=valpa_obituario_pt&#038;p=5430</guid>
		<description></description>
		<content:encoded><![CDATA[LA MUERTE DEJA UN DOLOR EN EL CORAZON, QUE NADIE PUEDE SANAR PERO EL AMOR DEJA UNA MEMORIA QUE NADIE PUEDE ROBAR]]></content:encoded>
		<excerpt:encoded><![CDATA[]]></excerpt:encoded>
		<wp:post_id>5430</wp:post_id>
		<wp:post_date><![CDATA[2020-11-10 18:39:00]]></wp:post_date>
		<wp:post_date_gmt><![CDATA[2020-11-10 18:39:00]]></wp:post_date_gmt>
		<wp:post_modified><![CDATA[2020-11-10 18:39:00]]></wp:post_modified>
		<wp:post_modified_gmt><![CDATA[2020-11-10 18:39:00]]></wp:post_modified_gmt>
		<wp:comment_status><![CDATA[open]]></wp:comment_status>
		<wp:ping_status><![CDATA[closed]]></wp:ping_status>
		<wp:post_name><![CDATA[carmelo-escogido-luna-2]]></wp:post_name>
		<wp:status><![CDATA[publish]]></wp:status>
		<wp:post_parent>0</wp:post_parent>
		<wp:menu_order>0</wp:menu_order>
		<wp:post_type><![CDATA[valpa_obituario_pt]]></wp:post_type>
		<wp:post_password><![CDATA[]]></wp:post_password>
		<wp:is_sticky>0</wp:is_sticky>
														<wp:postmeta>
		<wp:meta_key><![CDATA[_edit_last]]></wp:meta_key>
		<wp:meta_value><![CDATA[1]]></wp:meta_value>
		</wp:postmeta>
							<wp:postmeta>
		<wp:meta_key><![CDATA[sucursal_relacionada_meta]]></wp:meta_key>
		<wp:meta_value><![CDATA[a:1:{i:0;s:2:"22";}]]></wp:meta_value>
		</wp:postmeta>
							<wp:postmeta>
		<wp:meta_key><![CDATA[valpa_no_homenaje_meta]]></wp:meta_key>
		<wp:meta_value><![CDATA[0020000405]]></wp:meta_value>
		</wp:postmeta>
							<wp:postmeta>
		<wp:meta_key><![CDATA[valpa_nacimiento_dia_meta]]></wp:meta_key>
		<wp:meta_value><![CDATA[]]></wp:meta_value>
		</wp:postmeta>
							<wp:postmeta>
		<wp:meta_key><![CDATA[valpa_nacimiento_mes_meta]]></wp:meta_key>
		<wp:meta_value><![CDATA[]]></wp:meta_value>
		</wp:postmeta>
							<wp:postmeta>
		<wp:meta_key><![CDATA[valpa_nacimiento_ano_meta]]></wp:meta_key>
		<wp:meta_value><![CDATA[]]></wp:meta_value>
		</wp:postmeta>
							<wp:postmeta>
		<wp:meta_key><![CDATA[post_views_count]]></wp:meta_key>
		<wp:meta_value><![CDATA[75]]></wp:meta_value>
		</wp:postmeta>
							</item>
					<item>
		<title><![CDATA[Roberto HernÃ¡ndez MartÃ­nez]]></title>
		<link>http://localhost/sass-wp/obituario/roberto-hernandez-martinez/</link>
		<pubDate>Tue, 10 Nov 2020 19:23:58 +0000</pubDate>
		<dc:creator><![CDATA[webmaster]]></dc:creator>
		<guid isPermaLink="false">http://valparaiso.com.mx/?post_type=valpa_obituario_pt&#038;p=5436</guid>
		<description></description>
		<content:encoded><![CDATA[A PESAR DE NO ESTAR PRESENTE EN CUERPO, TU ESTARAS CON NOSOTROS POR SIEMPRE EN NUESTROS CORAZONES]]></content:encoded>
		<excerpt:encoded><![CDATA[]]></excerpt:encoded>
		<wp:post_id>5436</wp:post_id>
		<wp:post_date><![CDATA[2020-11-10 19:23:58]]></wp:post_date>
		<wp:post_date_gmt><![CDATA[2020-11-10 19:23:58]]></wp:post_date_gmt>
		<wp:post_modified><![CDATA[2020-11-10 19:23:58]]></wp:post_modified>
		<wp:post_modified_gmt><![CDATA[2020-11-10 19:23:58]]></wp:post_modified_gmt>
		<wp:comment_status><![CDATA[open]]></wp:comment_status>
		<wp:ping_status><![CDATA[closed]]></wp:ping_status>
		<wp:post_name><![CDATA[roberto-hernandez-martinez]]></wp:post_name>
		<wp:status><![CDATA[publish]]></wp:status>
		<wp:post_parent>0</wp:post_parent>
		<wp:menu_order>0</wp:menu_order>
		<wp:post_type><![CDATA[valpa_obituario_pt]]></wp:post_type>
		<wp:post_password><![CDATA[]]></wp:post_password>
		<wp:is_sticky>0</wp:is_sticky>
														<wp:postmeta>
		<wp:meta_key><![CDATA[_edit_last]]></wp:meta_key>
		<wp:meta_value><![CDATA[1]]></wp:meta_value>
		</wp:postmeta>
							<wp:postmeta>
		<wp:meta_key><![CDATA[sucursal_relacionada_meta]]></wp:meta_key>
		<wp:meta_value><![CDATA[a:1:{i:0;s:2:"22";}]]></wp:meta_value>
		</wp:postmeta>
							<wp:postmeta>
		<wp:meta_key><![CDATA[valpa_no_homenaje_meta]]></wp:meta_key>
		<wp:meta_value><![CDATA[0020000501]]></wp:meta_value>
		</wp:postmeta>
							<wp:postmeta>
		<wp:meta_key><![CDATA[valpa_nacimiento_dia_meta]]></wp:meta_key>
		<wp:meta_value><![CDATA[18]]></wp:meta_value>
		</wp:postmeta>
							<wp:postmeta>
		<wp:meta_key><![CDATA[valpa_nacimiento_mes_meta]]></wp:meta_key>
		<wp:meta_value><![CDATA[07]]></wp:meta_value>
		</wp:postmeta>
							<wp:postmeta>
		<wp:meta_key><![CDATA[valpa_nacimiento_ano_meta]]></wp:meta_key>
		<wp:meta_value><![CDATA[1986]]></wp:meta_value>
		</wp:postmeta>
							<wp:postmeta>
		<wp:meta_key><![CDATA[post_views_count]]></wp:meta_key>
		<wp:meta_value><![CDATA[84]]></wp:meta_value>
		</wp:postmeta>
							</item>
					<item>
		<title><![CDATA[Ãngel Mancilla VÃ¡zquez]]></title>
		<link>http://localhost/sass-wp/obituario/angel-mancilla-vasquez/</link>
		<pubDate>Tue, 10 Nov 2020 19:33:13 +0000</pubDate>
		<dc:creator><![CDATA[webmaster]]></dc:creator>
		<guid isPermaLink="false">http://valparaiso.com.mx/?post_type=valpa_obituario_pt&#038;p=5438</guid>
		<description></description>
		<content:encoded><![CDATA[HASTA PRONTO, QUE BRILLE PARA TI LA LUZ QUE NO TIENE FIN.]]></content:encoded>
		<excerpt:encoded><![CDATA[]]></excerpt:encoded>
		<wp:post_id>5438</wp:post_id>
		<wp:post_date><![CDATA[2020-11-10 19:33:13]]></wp:post_date>
		<wp:post_date_gmt><![CDATA[2020-11-10 19:33:13]]></wp:post_date_gmt>
		<wp:post_modified><![CDATA[2020-11-10 19:33:13]]></wp:post_modified>
		<wp:post_modified_gmt><![CDATA[2020-11-10 19:33:13]]></wp:post_modified_gmt>
		<wp:comment_status><![CDATA[open]]></wp:comment_status>
		<wp:ping_status><![CDATA[closed]]></wp:ping_status>
		<wp:post_name><![CDATA[angel-mancilla-vasquez]]></wp:post_name>
		<wp:status><![CDATA[publish]]></wp:status>
		<wp:post_parent>0</wp:post_parent>
		<wp:menu_order>0</wp:menu_order>
		<wp:post_type><![CDATA[valpa_obituario_pt]]></wp:post_type>
		<wp:post_password><![CDATA[]]></wp:post_password>
		<wp:is_sticky>0</wp:is_sticky>
														<wp:postmeta>
		<wp:meta_key><![CDATA[_edit_last]]></wp:meta_key>
		<wp:meta_value><![CDATA[1]]></wp:meta_value>
		</wp:postmeta>
							<wp:postmeta>
		<wp:meta_key><![CDATA[sucursal_relacionada_meta]]></wp:meta_key>
		<wp:meta_value><![CDATA[a:1:{i:0;s:2:"22";}]]></wp:meta_value>
		</wp:postmeta>
							<wp:postmeta>
		<wp:meta_key><![CDATA[valpa_no_homenaje_meta]]></wp:meta_key>
		<wp:meta_value><![CDATA[0020000503]]></wp:meta_value>
		</wp:postmeta>
							<wp:postmeta>
		<wp:meta_key><![CDATA[valpa_nacimiento_dia_meta]]></wp:meta_key>
		<wp:meta_value><![CDATA[02]]></wp:meta_value>
		</wp:postmeta>
							<wp:postmeta>
		<wp:meta_key><![CDATA[valpa_nacimiento_mes_meta]]></wp:meta_key>
		<wp:meta_value><![CDATA[08]]></wp:meta_value>
		</wp:postmeta>
							<wp:postmeta>
		<wp:meta_key><![CDATA[valpa_nacimiento_ano_meta]]></wp:meta_key>
		<wp:meta_value><![CDATA[1960]]></wp:meta_value>
		</wp:postmeta>
							<wp:postmeta>
		<wp:meta_key><![CDATA[post_views_count]]></wp:meta_key>
		<wp:meta_value><![CDATA[99]]></wp:meta_value>
		</wp:postmeta>
							</item>
					<item>
		<title><![CDATA[Alfredo Ortega Orihuela]]></title>
		<link>http://localhost/sass-wp/obituario/alfredo-ortega-orihuela/</link>
		<pubDate>Tue, 10 Nov 2020 21:15:40 +0000</pubDate>
		<dc:creator><![CDATA[webmaster]]></dc:creator>
		<guid isPermaLink="false">http://valparaiso.com.mx/?post_type=valpa_obituario_pt&#038;p=5460</guid>
		<description></description>
		<content:encoded><![CDATA[]]></content:encoded>
		<excerpt:encoded><![CDATA[]]></excerpt:encoded>
		<wp:post_id>5460</wp:post_id>
		<wp:post_date><![CDATA[2020-11-10 21:15:40]]></wp:post_date>
		<wp:post_date_gmt><![CDATA[2020-11-10 21:15:40]]></wp:post_date_gmt>
		<wp:post_modified><![CDATA[2020-11-10 21:15:40]]></wp:post_modified>
		<wp:post_modified_gmt><![CDATA[2020-11-10 21:15:40]]></wp:post_modified_gmt>
		<wp:comment_status><![CDATA[open]]></wp:comment_status>
		<wp:ping_status><![CDATA[closed]]></wp:ping_status>
		<wp:post_name><![CDATA[alfredo-ortega-orihuela]]></wp:post_name>
		<wp:status><![CDATA[publish]]></wp:status>
		<wp:post_parent>0</wp:post_parent>
		<wp:menu_order>0</wp:menu_order>
		<wp:post_type><![CDATA[valpa_obituario_pt]]></wp:post_type>
		<wp:post_password><![CDATA[]]></wp:post_password>
		<wp:is_sticky>0</wp:is_sticky>
														<wp:postmeta>
		<wp:meta_key><![CDATA[_edit_last]]></wp:meta_key>
		<wp:meta_value><![CDATA[1]]></wp:meta_value>
		</wp:postmeta>
							<wp:postmeta>
		<wp:meta_key><![CDATA[sucursal_relacionada_meta]]></wp:meta_key>
		<wp:meta_value><![CDATA[a:1:{i:0;s:2:"22";}]]></wp:meta_value>
		</wp:postmeta>
							<wp:postmeta>
		<wp:meta_key><![CDATA[valpa_no_homenaje_meta]]></wp:meta_key>
		<wp:meta_value><![CDATA[0020000510]]></wp:meta_value>
		</wp:postmeta>
							<wp:postmeta>
		<wp:meta_key><![CDATA[servicio_relacionado_meta]]></wp:meta_key>
		<wp:meta_value><![CDATA[a:1:{i:0;s:9:"Domicilio";}]]></wp:meta_value>
		</wp:postmeta>
							<wp:postmeta>
		<wp:meta_key><![CDATA[valpa_nacimiento_dia_meta]]></wp:meta_key>
		<wp:meta_value><![CDATA[09]]></wp:meta_value>
		</wp:postmeta>
							<wp:postmeta>
		<wp:meta_key><![CDATA[valpa_nacimiento_mes_meta]]></wp:meta_key>
		<wp:meta_value><![CDATA[10]]></wp:meta_value>
		</wp:postmeta>
							<wp:postmeta>
		<wp:meta_key><![CDATA[valpa_nacimiento_ano_meta]]></wp:meta_key>
		<wp:meta_value><![CDATA[1971]]></wp:meta_value>
		</wp:postmeta>
							<wp:postmeta>
		<wp:meta_key><![CDATA[post_views_count]]></wp:meta_key>
		<wp:meta_value><![CDATA[62]]></wp:meta_value>
		</wp:postmeta>
							</item>
					<item>
		<title><![CDATA[Clementina Teresa Rosales Mora]]></title>
		<link>http://localhost/sass-wp/obituario/clementina-teresa-rosales-mora/</link>
		<pubDate>Tue, 10 Nov 2020 21:51:26 +0000</pubDate>
		<dc:creator><![CDATA[webmaster]]></dc:creator>
		<guid isPermaLink="false">http://valparaiso.com.mx/?post_type=valpa_obituario_pt&#038;p=5475</guid>
		<description></description>
		<content:encoded><![CDATA[]]></content:encoded>
		<excerpt:encoded><![CDATA[]]></excerpt:encoded>
		<wp:post_id>5475</wp:post_id>
		<wp:post_date><![CDATA[2020-11-10 21:51:26]]></wp:post_date>
		<wp:post_date_gmt><![CDATA[2020-11-10 21:51:26]]></wp:post_date_gmt>
		<wp:post_modified><![CDATA[2020-11-10 21:51:26]]></wp:post_modified>
		<wp:post_modified_gmt><![CDATA[2020-11-10 21:51:26]]></wp:post_modified_gmt>
		<wp:comment_status><![CDATA[open]]></wp:comment_status>
		<wp:ping_status><![CDATA[closed]]></wp:ping_status>
		<wp:post_name><![CDATA[clementina-teresa-rosales-mora]]></wp:post_name>
		<wp:status><![CDATA[publish]]></wp:status>
		<wp:post_parent>0</wp:post_parent>
		<wp:menu_order>0</wp:menu_order>
		<wp:post_type><![CDATA[valpa_obituario_pt]]></wp:post_type>
		<wp:post_password><![CDATA[]]></wp:post_password>
		<wp:is_sticky>0</wp:is_sticky>
														<wp:postmeta>
		<wp:meta_key><![CDATA[_edit_last]]></wp:meta_key>
		<wp:meta_value><![CDATA[1]]></wp:meta_value>
		</wp:postmeta>
							<wp:postmeta>
		<wp:meta_key><![CDATA[sucursal_relacionada_meta]]></wp:meta_key>
		<wp:meta_value><![CDATA[a:1:{i:0;s:2:"22";}]]></wp:meta_value>
		</wp:postmeta>
							<wp:postmeta>
		<wp:meta_key><![CDATA[valpa_no_homenaje_meta]]></wp:meta_key>
		<wp:meta_value><![CDATA[0020000514]]></wp:meta_value>
		</wp:postmeta>
							<wp:postmeta>
		<wp:meta_key><![CDATA[servicio_relacionado_meta]]></wp:meta_key>
		<wp:meta_value><![CDATA[a:1:{i:0;s:9:"Domicilio";}]]></wp:meta_value>
		</wp:postmeta>
							<wp:postmeta>
		<wp:meta_key><![CDATA[valpa_nacimiento_dia_meta]]></wp:meta_key>
		<wp:meta_value><![CDATA[26]]></wp:meta_value>
		</wp:postmeta>
							<wp:postmeta>
		<wp:meta_key><![CDATA[valpa_nacimiento_mes_meta]]></wp:meta_key>
		<wp:meta_value><![CDATA[11]]></wp:meta_value>
		</wp:postmeta>
							<wp:postmeta>
		<wp:meta_key><![CDATA[valpa_nacimiento_ano_meta]]></wp:meta_key>
		<wp:meta_value><![CDATA[1959]]></wp:meta_value>
		</wp:postmeta>
							<wp:postmeta>
		<wp:meta_key><![CDATA[post_views_count]]></wp:meta_key>
		<wp:meta_value><![CDATA[97]]></wp:meta_value>
		</wp:postmeta>
							</item>
					<item>
		<title><![CDATA[JosÃ© Luis JuÃ¡rez Contreras]]></title>
		<link>http://localhost/sass-wp/obituario/jose-luis-juarez-contreras-2/</link>
		<pubDate>Wed, 11 Nov 2020 00:17:40 +0000</pubDate>
		<dc:creator><![CDATA[webmaster]]></dc:creator>
		<guid isPermaLink="false">http://valparaiso.com.mx/?post_type=valpa_obituario_pt&#038;p=5530</guid>
		<description></description>
		<content:encoded><![CDATA[TE DIGO ADIOS PARA TODA LA VIDA, PERO TODA LA VIDA SEGUIRE PENSANDO EN TI.]]></content:encoded>
		<excerpt:encoded><![CDATA[]]></excerpt:encoded>
		<wp:post_id>5530</wp:post_id>
		<wp:post_date><![CDATA[2020-11-11 00:17:40]]></wp:post_date>
		<wp:post_date_gmt><![CDATA[2020-11-11 00:17:40]]></wp:post_date_gmt>
		<wp:post_modified><![CDATA[2020-11-11 00:17:40]]></wp:post_modified>
		<wp:post_modified_gmt><![CDATA[2020-11-11 00:17:40]]></wp:post_modified_gmt>
		<wp:comment_status><![CDATA[open]]></wp:comment_status>
		<wp:ping_status><![CDATA[closed]]></wp:ping_status>
		<wp:post_name><![CDATA[jose-luis-juarez-contreras-2]]></wp:post_name>
		<wp:status><![CDATA[publish]]></wp:status>
		<wp:post_parent>0</wp:post_parent>
		<wp:menu_order>0</wp:menu_order>
		<wp:post_type><![CDATA[valpa_obituario_pt]]></wp:post_type>
		<wp:post_password><![CDATA[]]></wp:post_password>
		<wp:is_sticky>0</wp:is_sticky>
														<wp:postmeta>
		<wp:meta_key><![CDATA[_edit_last]]></wp:meta_key>
		<wp:meta_value><![CDATA[1]]></wp:meta_value>
		</wp:postmeta>
							<wp:postmeta>
		<wp:meta_key><![CDATA[_wp_old_date]]></wp:meta_key>
		<wp:meta_value><![CDATA[2020-11-10]]></wp:meta_value>
		</wp:postmeta>
							<wp:postmeta>
		<wp:meta_key><![CDATA[sucursal_relacionada_meta]]></wp:meta_key>
		<wp:meta_value><![CDATA[a:1:{i:0;s:2:"22";}]]></wp:meta_value>
		</wp:postmeta>
							<wp:postmeta>
		<wp:meta_key><![CDATA[valpa_no_homenaje_meta]]></wp:meta_key>
		<wp:meta_value><![CDATA[]]></wp:meta_value>
		</wp:postmeta>
							<wp:postmeta>
		<wp:meta_key><![CDATA[servicio_relacionado_meta]]></wp:meta_key>
		<wp:meta_value><![CDATA[a:1:{i:0;s:8:"Sucursal";}]]></wp:meta_value>
		</wp:postmeta>
							<wp:postmeta>
		<wp:meta_key><![CDATA[valpa_nacimiento_dia_meta]]></wp:meta_key>
		<wp:meta_value><![CDATA[29]]></wp:meta_value>
		</wp:postmeta>
							<wp:postmeta>
		<wp:meta_key><![CDATA[valpa_nacimiento_mes_meta]]></wp:meta_key>
		<wp:meta_value><![CDATA[11]]></wp:meta_value>
		</wp:postmeta>
							<wp:postmeta>
		<wp:meta_key><![CDATA[valpa_nacimiento_ano_meta]]></wp:meta_key>
		<wp:meta_value><![CDATA[1949]]></wp:meta_value>
		</wp:postmeta>
							<wp:postmeta>
		<wp:meta_key><![CDATA[post_views_count]]></wp:meta_key>
		<wp:meta_value><![CDATA[162]]></wp:meta_value>
		</wp:postmeta>
							<wp:postmeta>
		<wp:meta_key><![CDATA[_thumbnail_id]]></wp:meta_key>
		<wp:meta_value><![CDATA[5557]]></wp:meta_value>
		</wp:postmeta>
							<wp:postmeta>
		<wp:meta_key><![CDATA[num_velas_meta]]></wp:meta_key>
		<wp:meta_value><![CDATA[11]]></wp:meta_value>
		</wp:postmeta>
							</item>
					<item>
		<title><![CDATA[Mariana Mota Hernandez]]></title>
		<link>http://localhost/sass-wp/obituario/mariana-mota-hernandez/</link>
		<pubDate>Wed, 11 Nov 2020 18:38:24 +0000</pubDate>
		<dc:creator><![CDATA[webmaster]]></dc:creator>
		<guid isPermaLink="false">http://valparaiso.com.mx/?post_type=valpa_obituario_pt&#038;p=5674</guid>
		<description></description>
		<content:encoded><![CDATA[LA MUERTE DEJA UN DOLOR EN EL CORAZON, QUE NADIE PUEDE SANAR, PERO EL AMOR DEJA UNA MEMORIA QUE NADIE PUEDE ROBAR]]></content:encoded>
		<excerpt:encoded><![CDATA[]]></excerpt:encoded>
		<wp:post_id>5674</wp:post_id>
		<wp:post_date><![CDATA[2020-11-11 18:38:24]]></wp:post_date>
		<wp:post_date_gmt><![CDATA[2020-11-11 18:38:24]]></wp:post_date_gmt>
		<wp:post_modified><![CDATA[2020-11-11 18:38:24]]></wp:post_modified>
		<wp:post_modified_gmt><![CDATA[2020-11-11 18:38:24]]></wp:post_modified_gmt>
		<wp:comment_status><![CDATA[open]]></wp:comment_status>
		<wp:ping_status><![CDATA[closed]]></wp:ping_status>
		<wp:post_name><![CDATA[mariana-mota-hernandez]]></wp:post_name>
		<wp:status><![CDATA[publish]]></wp:status>
		<wp:post_parent>0</wp:post_parent>
		<wp:menu_order>0</wp:menu_order>
		<wp:post_type><![CDATA[valpa_obituario_pt]]></wp:post_type>
		<wp:post_password><![CDATA[]]></wp:post_password>
		<wp:is_sticky>0</wp:is_sticky>
														<wp:postmeta>
		<wp:meta_key><![CDATA[_edit_last]]></wp:meta_key>
		<wp:meta_value><![CDATA[1]]></wp:meta_value>
		</wp:postmeta>
							<wp:postmeta>
		<wp:meta_key><![CDATA[_thumbnail_id]]></wp:meta_key>
		<wp:meta_value><![CDATA[5702]]></wp:meta_value>
		</wp:postmeta>
							<wp:postmeta>
		<wp:meta_key><![CDATA[sucursal_relacionada_meta]]></wp:meta_key>
		<wp:meta_value><![CDATA[a:1:{i:0;s:2:"22";}]]></wp:meta_value>
		</wp:postmeta>
							<wp:postmeta>
		<wp:meta_key><![CDATA[valpa_no_homenaje_meta]]></wp:meta_key>
		<wp:meta_value><![CDATA[0020000509]]></wp:meta_value>
		</wp:postmeta>
							<wp:postmeta>
		<wp:meta_key><![CDATA[servicio_relacionado_meta]]></wp:meta_key>
		<wp:meta_value><![CDATA[a:1:{i:0;s:9:"Domicilio";}]]></wp:meta_value>
		</wp:postmeta>
							<wp:postmeta>
		<wp:meta_key><![CDATA[valpa_nacimiento_dia_meta]]></wp:meta_key>
		<wp:meta_value><![CDATA[19]]></wp:meta_value>
		</wp:postmeta>
							<wp:postmeta>
		<wp:meta_key><![CDATA[valpa_nacimiento_mes_meta]]></wp:meta_key>
		<wp:meta_value><![CDATA[01]]></wp:meta_value>
		</wp:postmeta>
							<wp:postmeta>
		<wp:meta_key><![CDATA[valpa_nacimiento_ano_meta]]></wp:meta_key>
		<wp:meta_value><![CDATA[1961]]></wp:meta_value>
		</wp:postmeta>
							<wp:postmeta>
		<wp:meta_key><![CDATA[post_views_count]]></wp:meta_key>
		<wp:meta_value><![CDATA[161]]></wp:meta_value>
		</wp:postmeta>
							<wp:postmeta>
		<wp:meta_key><![CDATA[num_velas_meta]]></wp:meta_key>
		<wp:meta_value><![CDATA[2]]></wp:meta_value>
		</wp:postmeta>
							</item>
					<item>
		<title><![CDATA[Laura Santa Ana Nava]]></title>
		<link>http://localhost/sass-wp/obituario/laura-santa-ana-nava/</link>
		<pubDate>Thu, 12 Nov 2020 18:04:29 +0000</pubDate>
		<dc:creator><![CDATA[webmaster]]></dc:creator>
		<guid isPermaLink="false">http://valparaiso.com.mx/?post_type=valpa_obituario_pt&#038;p=5742</guid>
		<description></description>
		<content:encoded><![CDATA[No estarÃ© triste por que te fuiste, me alegrarÃ© cada dÃ­aÂ  por cada momentoÂ  que vivÃ­ a tu lado y tu imborrable recuerdo.

Hasta siempre y gracias.]]></content:encoded>
		<excerpt:encoded><![CDATA[]]></excerpt:encoded>
		<wp:post_id>5742</wp:post_id>
		<wp:post_date><![CDATA[2020-11-12 18:04:29]]></wp:post_date>
		<wp:post_date_gmt><![CDATA[2020-11-12 18:04:29]]></wp:post_date_gmt>
		<wp:post_modified><![CDATA[2020-11-12 18:04:29]]></wp:post_modified>
		<wp:post_modified_gmt><![CDATA[2020-11-12 18:04:29]]></wp:post_modified_gmt>
		<wp:comment_status><![CDATA[open]]></wp:comment_status>
		<wp:ping_status><![CDATA[closed]]></wp:ping_status>
		<wp:post_name><![CDATA[laura-santa-ana-nava]]></wp:post_name>
		<wp:status><![CDATA[publish]]></wp:status>
		<wp:post_parent>0</wp:post_parent>
		<wp:menu_order>0</wp:menu_order>
		<wp:post_type><![CDATA[valpa_obituario_pt]]></wp:post_type>
		<wp:post_password><![CDATA[]]></wp:post_password>
		<wp:is_sticky>0</wp:is_sticky>
														<wp:postmeta>
		<wp:meta_key><![CDATA[_edit_last]]></wp:meta_key>
		<wp:meta_value><![CDATA[1]]></wp:meta_value>
		</wp:postmeta>
							<wp:postmeta>
		<wp:meta_key><![CDATA[sucursal_relacionada_meta]]></wp:meta_key>
		<wp:meta_value><![CDATA[a:1:{i:0;s:2:"22";}]]></wp:meta_value>
		</wp:postmeta>
							<wp:postmeta>
		<wp:meta_key><![CDATA[valpa_no_homenaje_meta]]></wp:meta_key>
		<wp:meta_value><![CDATA[0020000563]]></wp:meta_value>
		</wp:postmeta>
							<wp:postmeta>
		<wp:meta_key><![CDATA[servicio_relacionado_meta]]></wp:meta_key>
		<wp:meta_value><![CDATA[a:1:{i:0;s:8:"Sucursal";}]]></wp:meta_value>
		</wp:postmeta>
							<wp:postmeta>
		<wp:meta_key><![CDATA[valpa_nacimiento_dia_meta]]></wp:meta_key>
		<wp:meta_value><![CDATA[19]]></wp:meta_value>
		</wp:postmeta>
							<wp:postmeta>
		<wp:meta_key><![CDATA[valpa_nacimiento_mes_meta]]></wp:meta_key>
		<wp:meta_value><![CDATA[10]]></wp:meta_value>
		</wp:postmeta>
							<wp:postmeta>
		<wp:meta_key><![CDATA[valpa_nacimiento_ano_meta]]></wp:meta_key>
		<wp:meta_value><![CDATA[1954]]></wp:meta_value>
		</wp:postmeta>
							<wp:postmeta>
		<wp:meta_key><![CDATA[post_views_count]]></wp:meta_key>
		<wp:meta_value><![CDATA[711]]></wp:meta_value>
		</wp:postmeta>
							<wp:postmeta>
		<wp:meta_key><![CDATA[_thumbnail_id]]></wp:meta_key>
		<wp:meta_value><![CDATA[5745]]></wp:meta_value>
		</wp:postmeta>
							<wp:postmeta>
		<wp:meta_key><![CDATA[num_recuerdos_meta]]></wp:meta_key>
		<wp:meta_value><![CDATA[5]]></wp:meta_value>
		</wp:postmeta>
							<wp:postmeta>
		<wp:meta_key><![CDATA[num_velas_meta]]></wp:meta_key>
		<wp:meta_value><![CDATA[45]]></wp:meta_value>
		</wp:postmeta>
							</item>
					<item>
		<title><![CDATA[Pedro RamÃ­rez Tirado]]></title>
		<link>http://localhost/sass-wp/obituario/pedro-ramirez-tirado/</link>
		<pubDate>Thu, 12 Nov 2020 23:39:58 +0000</pubDate>
		<dc:creator><![CDATA[webmaster]]></dc:creator>
		<guid isPermaLink="false">http://valparaiso.com.mx/?post_type=valpa_obituario_pt&#038;p=5827</guid>
		<description></description>
		<content:encoded><![CDATA[A PESAR DE NO ESTAR PRESENTE EN CUERPO, TU ESTARAS CON NOSOTROS POR SIEMPRE EN NUESTROS CORAZONES.]]></content:encoded>
		<excerpt:encoded><![CDATA[]]></excerpt:encoded>
		<wp:post_id>5827</wp:post_id>
		<wp:post_date><![CDATA[2020-11-12 23:39:58]]></wp:post_date>
		<wp:post_date_gmt><![CDATA[2020-11-12 23:39:58]]></wp:post_date_gmt>
		<wp:post_modified><![CDATA[2020-11-12 23:39:58]]></wp:post_modified>
		<wp:post_modified_gmt><![CDATA[2020-11-12 23:39:58]]></wp:post_modified_gmt>
		<wp:comment_status><![CDATA[open]]></wp:comment_status>
		<wp:ping_status><![CDATA[closed]]></wp:ping_status>
		<wp:post_name><![CDATA[pedro-ramirez-tirado]]></wp:post_name>
		<wp:status><![CDATA[publish]]></wp:status>
		<wp:post_parent>0</wp:post_parent>
		<wp:menu_order>0</wp:menu_order>
		<wp:post_type><![CDATA[valpa_obituario_pt]]></wp:post_type>
		<wp:post_password><![CDATA[]]></wp:post_password>
		<wp:is_sticky>0</wp:is_sticky>
														<wp:postmeta>
		<wp:meta_key><![CDATA[_edit_last]]></wp:meta_key>
		<wp:meta_value><![CDATA[1]]></wp:meta_value>
		</wp:postmeta>
							<wp:postmeta>
		<wp:meta_key><![CDATA[sucursal_relacionada_meta]]></wp:meta_key>
		<wp:meta_value><![CDATA[a:1:{i:0;s:2:"22";}]]></wp:meta_value>
		</wp:postmeta>
							<wp:postmeta>
		<wp:meta_key><![CDATA[valpa_no_homenaje_meta]]></wp:meta_key>
		<wp:meta_value><![CDATA[0020000483]]></wp:meta_value>
		</wp:postmeta>
							<wp:postmeta>
		<wp:meta_key><![CDATA[servicio_relacionado_meta]]></wp:meta_key>
		<wp:meta_value><![CDATA[a:1:{i:0;s:8:"Sucursal";}]]></wp:meta_value>
		</wp:postmeta>
							<wp:postmeta>
		<wp:meta_key><![CDATA[valpa_nacimiento_dia_meta]]></wp:meta_key>
		<wp:meta_value><![CDATA[06]]></wp:meta_value>
		</wp:postmeta>
							<wp:postmeta>
		<wp:meta_key><![CDATA[valpa_nacimiento_mes_meta]]></wp:meta_key>
		<wp:meta_value><![CDATA[08]]></wp:meta_value>
		</wp:postmeta>
							<wp:postmeta>
		<wp:meta_key><![CDATA[valpa_nacimiento_ano_meta]]></wp:meta_key>
		<wp:meta_value><![CDATA[1961]]></wp:meta_value>
		</wp:postmeta>
							<wp:postmeta>
		<wp:meta_key><![CDATA[post_views_count]]></wp:meta_key>
		<wp:meta_value><![CDATA[131]]></wp:meta_value>
		</wp:postmeta>
							<wp:postmeta>
		<wp:meta_key><![CDATA[num_velas_meta]]></wp:meta_key>
		<wp:meta_value><![CDATA[1]]></wp:meta_value>
		</wp:postmeta>
							</item>
					<item>
		<title><![CDATA[Juan RaÃºl RamÃ­rez Tirado]]></title>
		<link>http://localhost/sass-wp/obituario/raul-ramirez-tirado/</link>
		<pubDate>Fri, 13 Nov 2020 00:54:52 +0000</pubDate>
		<dc:creator><![CDATA[webmaster]]></dc:creator>
		<guid isPermaLink="false">http://valparaiso.com.mx/?post_type=valpa_obituario_pt&#038;p=5898</guid>
		<description></description>
		<content:encoded><![CDATA[TE DIGO ADIOS PARA TODA LA VIDA, PERO TODA LA VIDA SEGUIRE PENSANDO EN TI.]]></content:encoded>
		<excerpt:encoded><![CDATA[]]></excerpt:encoded>
		<wp:post_id>5898</wp:post_id>
		<wp:post_date><![CDATA[2020-11-13 00:54:52]]></wp:post_date>
		<wp:post_date_gmt><![CDATA[2020-11-13 00:54:52]]></wp:post_date_gmt>
		<wp:post_modified><![CDATA[2020-11-13 00:54:52]]></wp:post_modified>
		<wp:post_modified_gmt><![CDATA[2020-11-13 00:54:52]]></wp:post_modified_gmt>
		<wp:comment_status><![CDATA[open]]></wp:comment_status>
		<wp:ping_status><![CDATA[closed]]></wp:ping_status>
		<wp:post_name><![CDATA[raul-ramirez-tirado]]></wp:post_name>
		<wp:status><![CDATA[publish]]></wp:status>
		<wp:post_parent>0</wp:post_parent>
		<wp:menu_order>0</wp:menu_order>
		<wp:post_type><![CDATA[valpa_obituario_pt]]></wp:post_type>
		<wp:post_password><![CDATA[]]></wp:post_password>
		<wp:is_sticky>0</wp:is_sticky>
														<wp:postmeta>
		<wp:meta_key><![CDATA[_edit_last]]></wp:meta_key>
		<wp:meta_value><![CDATA[1]]></wp:meta_value>
		</wp:postmeta>
							<wp:postmeta>
		<wp:meta_key><![CDATA[_thumbnail_id]]></wp:meta_key>
		<wp:meta_value><![CDATA[5929]]></wp:meta_value>
		</wp:postmeta>
							<wp:postmeta>
		<wp:meta_key><![CDATA[sucursal_relacionada_meta]]></wp:meta_key>
		<wp:meta_value><![CDATA[a:1:{i:0;s:2:"22";}]]></wp:meta_value>
		</wp:postmeta>
							<wp:postmeta>
		<wp:meta_key><![CDATA[valpa_no_homenaje_meta]]></wp:meta_key>
		<wp:meta_value><![CDATA[0020000562]]></wp:meta_value>
		</wp:postmeta>
							<wp:postmeta>
		<wp:meta_key><![CDATA[servicio_relacionado_meta]]></wp:meta_key>
		<wp:meta_value><![CDATA[a:1:{i:0;s:9:"Domicilio";}]]></wp:meta_value>
		</wp:postmeta>
							<wp:postmeta>
		<wp:meta_key><![CDATA[valpa_nacimiento_dia_meta]]></wp:meta_key>
		<wp:meta_value><![CDATA[16]]></wp:meta_value>
		</wp:postmeta>
							<wp:postmeta>
		<wp:meta_key><![CDATA[valpa_nacimiento_mes_meta]]></wp:meta_key>
		<wp:meta_value><![CDATA[02]]></wp:meta_value>
		</wp:postmeta>
							<wp:postmeta>
		<wp:meta_key><![CDATA[valpa_nacimiento_ano_meta]]></wp:meta_key>
		<wp:meta_value><![CDATA[1960]]></wp:meta_value>
		</wp:postmeta>
							<wp:postmeta>
		<wp:meta_key><![CDATA[post_views_count]]></wp:meta_key>
		<wp:meta_value><![CDATA[119]]></wp:meta_value>
		</wp:postmeta>
							<wp:postmeta>
		<wp:meta_key><![CDATA[num_velas_meta]]></wp:meta_key>
		<wp:meta_value><![CDATA[1]]></wp:meta_value>
		</wp:postmeta>
							<wp:postmeta>
		<wp:meta_key><![CDATA[num_recuerdos_meta]]></wp:meta_key>
		<wp:meta_value><![CDATA[1]]></wp:meta_value>
		</wp:postmeta>
							</item>
					<item>
		<title><![CDATA[Gregorio TahuilÃ¡n MartÃ­nez]]></title>
		<link>http://localhost/sass-wp/obituario/gregorio-tahuilan-martinez/</link>
		<pubDate>Sun, 15 Nov 2020 15:17:44 +0000</pubDate>
		<dc:creator><![CDATA[webmaster]]></dc:creator>
		<guid isPermaLink="false">http://valparaiso.com.mx/?post_type=valpa_obituario_pt&#038;p=5997</guid>
		<description></description>
		<content:encoded><![CDATA[LA MUERTE DEJA UN DOLOR EN EL CORAZON, QUE NADIE PUEDE SANAR PERO EL AMOR DEJA UNA MEMORIA QUE NADIE PUEDE ROBAR]]></content:encoded>
		<excerpt:encoded><![CDATA[]]></excerpt:encoded>
		<wp:post_id>5997</wp:post_id>
		<wp:post_date><![CDATA[2020-11-15 15:17:44]]></wp:post_date>
		<wp:post_date_gmt><![CDATA[2020-11-15 15:17:44]]></wp:post_date_gmt>
		<wp:post_modified><![CDATA[2020-11-15 15:17:44]]></wp:post_modified>
		<wp:post_modified_gmt><![CDATA[2020-11-15 15:17:44]]></wp:post_modified_gmt>
		<wp:comment_status><![CDATA[open]]></wp:comment_status>
		<wp:ping_status><![CDATA[closed]]></wp:ping_status>
		<wp:post_name><![CDATA[gregorio-tahuilan-martinez]]></wp:post_name>
		<wp:status><![CDATA[publish]]></wp:status>
		<wp:post_parent>0</wp:post_parent>
		<wp:menu_order>0</wp:menu_order>
		<wp:post_type><![CDATA[valpa_obituario_pt]]></wp:post_type>
		<wp:post_password><![CDATA[]]></wp:post_password>
		<wp:is_sticky>0</wp:is_sticky>
														<wp:postmeta>
		<wp:meta_key><![CDATA[_edit_last]]></wp:meta_key>
		<wp:meta_value><![CDATA[1]]></wp:meta_value>
		</wp:postmeta>
							<wp:postmeta>
		<wp:meta_key><![CDATA[sucursal_relacionada_meta]]></wp:meta_key>
		<wp:meta_value><![CDATA[a:1:{i:0;s:2:"22";}]]></wp:meta_value>
		</wp:postmeta>
							<wp:postmeta>
		<wp:meta_key><![CDATA[valpa_no_homenaje_meta]]></wp:meta_key>
		<wp:meta_value><![CDATA[0020000566]]></wp:meta_value>
		</wp:postmeta>
							<wp:postmeta>
		<wp:meta_key><![CDATA[servicio_relacionado_meta]]></wp:meta_key>
		<wp:meta_value><![CDATA[a:1:{i:0;s:9:"Domicilio";}]]></wp:meta_value>
		</wp:postmeta>
							<wp:postmeta>
		<wp:meta_key><![CDATA[valpa_nacimiento_dia_meta]]></wp:meta_key>
		<wp:meta_value><![CDATA[09]]></wp:meta_value>
		</wp:postmeta>
							<wp:postmeta>
		<wp:meta_key><![CDATA[valpa_nacimiento_mes_meta]]></wp:meta_key>
		<wp:meta_value><![CDATA[05]]></wp:meta_value>
		</wp:postmeta>
							<wp:postmeta>
		<wp:meta_key><![CDATA[valpa_nacimiento_ano_meta]]></wp:meta_key>
		<wp:meta_value><![CDATA[1957]]></wp:meta_value>
		</wp:postmeta>
							<wp:postmeta>
		<wp:meta_key><![CDATA[_thumbnail_id]]></wp:meta_key>
		<wp:meta_value><![CDATA[6000]]></wp:meta_value>
		</wp:postmeta>
							<wp:postmeta>
		<wp:meta_key><![CDATA[post_views_count]]></wp:meta_key>
		<wp:meta_value><![CDATA[184]]></wp:meta_value>
		</wp:postmeta>
							<wp:postmeta>
		<wp:meta_key><![CDATA[num_velas_meta]]></wp:meta_key>
		<wp:meta_value><![CDATA[2]]></wp:meta_value>
		</wp:postmeta>
							<wp:postmeta>
		<wp:meta_key><![CDATA[num_recuerdos_meta]]></wp:meta_key>
		<wp:meta_value><![CDATA[1]]></wp:meta_value>
		</wp:postmeta>
							</item>
					<item>
		<title><![CDATA[JosÃ© Juan Ochoa Becerril]]></title>
		<link>http://localhost/sass-wp/obituario/jose-juan-ochoa-becerril/</link>
		<pubDate>Sun, 15 Nov 2020 15:28:12 +0000</pubDate>
		<dc:creator><![CDATA[webmaster]]></dc:creator>
		<guid isPermaLink="false">http://valparaiso.com.mx/?post_type=valpa_obituario_pt&#038;p=6028</guid>
		<description></description>
		<content:encoded><![CDATA[A PESAR DE NO ESTAR PRESENTE EN CUERPO, TU ESTARAS CON NOSOTROS POR SIEMPRE EN NUESTROS CORAZONES]]></content:encoded>
		<excerpt:encoded><![CDATA[]]></excerpt:encoded>
		<wp:post_id>6028</wp:post_id>
		<wp:post_date><![CDATA[2020-11-15 15:28:12]]></wp:post_date>
		<wp:post_date_gmt><![CDATA[2020-11-15 15:28:12]]></wp:post_date_gmt>
		<wp:post_modified><![CDATA[2020-11-15 15:28:12]]></wp:post_modified>
		<wp:post_modified_gmt><![CDATA[2020-11-15 15:28:12]]></wp:post_modified_gmt>
		<wp:comment_status><![CDATA[open]]></wp:comment_status>
		<wp:ping_status><![CDATA[closed]]></wp:ping_status>
		<wp:post_name><![CDATA[jose-juan-ochoa-becerril]]></wp:post_name>
		<wp:status><![CDATA[publish]]></wp:status>
		<wp:post_parent>0</wp:post_parent>
		<wp:menu_order>0</wp:menu_order>
		<wp:post_type><![CDATA[valpa_obituario_pt]]></wp:post_type>
		<wp:post_password><![CDATA[]]></wp:post_password>
		<wp:is_sticky>0</wp:is_sticky>
														<wp:postmeta>
		<wp:meta_key><![CDATA[_edit_last]]></wp:meta_key>
		<wp:meta_value><![CDATA[1]]></wp:meta_value>
		</wp:postmeta>
							<wp:postmeta>
		<wp:meta_key><![CDATA[sucursal_relacionada_meta]]></wp:meta_key>
		<wp:meta_value><![CDATA[a:1:{i:0;s:2:"22";}]]></wp:meta_value>
		</wp:postmeta>
							<wp:postmeta>
		<wp:meta_key><![CDATA[valpa_no_homenaje_meta]]></wp:meta_key>
		<wp:meta_value><![CDATA[0020000565]]></wp:meta_value>
		</wp:postmeta>
							<wp:postmeta>
		<wp:meta_key><![CDATA[servicio_relacionado_meta]]></wp:meta_key>
		<wp:meta_value><![CDATA[a:1:{i:0;s:9:"Domicilio";}]]></wp:meta_value>
		</wp:postmeta>
							<wp:postmeta>
		<wp:meta_key><![CDATA[valpa_nacimiento_dia_meta]]></wp:meta_key>
		<wp:meta_value><![CDATA[30]]></wp:meta_value>
		</wp:postmeta>
							<wp:postmeta>
		<wp:meta_key><![CDATA[valpa_nacimiento_mes_meta]]></wp:meta_key>
		<wp:meta_value><![CDATA[03]]></wp:meta_value>
		</wp:postmeta>
							<wp:postmeta>
		<wp:meta_key><![CDATA[valpa_nacimiento_ano_meta]]></wp:meta_key>
		<wp:meta_value><![CDATA[1978]]></wp:meta_value>
		</wp:postmeta>
							<wp:postmeta>
		<wp:meta_key><![CDATA[_thumbnail_id]]></wp:meta_key>
		<wp:meta_value><![CDATA[6030]]></wp:meta_value>
		</wp:postmeta>
							<wp:postmeta>
		<wp:meta_key><![CDATA[post_views_count]]></wp:meta_key>
		<wp:meta_value><![CDATA[136]]></wp:meta_value>
		</wp:postmeta>
							<wp:postmeta>
		<wp:meta_key><![CDATA[num_velas_meta]]></wp:meta_key>
		<wp:meta_value><![CDATA[2]]></wp:meta_value>
		</wp:postmeta>
							</item>
					<item>
		<title><![CDATA[Jacoba FÃ©lix TorrejÃ³n Bernal]]></title>
		<link>http://localhost/sass-wp/obituario/jacoba-felix-torrejon-bernal/</link>
		<pubDate>Sun, 15 Nov 2020 20:10:55 +0000</pubDate>
		<dc:creator><![CDATA[webmaster]]></dc:creator>
		<guid isPermaLink="false">http://valparaiso.com.mx/?post_type=valpa_obituario_pt&#038;p=6046</guid>
		<description></description>
		<content:encoded><![CDATA[HASTA PRONTO, QUE BRILLE PARA TI LA LUZ QUE NO TIENE FIN.]]></content:encoded>
		<excerpt:encoded><![CDATA[]]></excerpt:encoded>
		<wp:post_id>6046</wp:post_id>
		<wp:post_date><![CDATA[2020-11-15 20:10:55]]></wp:post_date>
		<wp:post_date_gmt><![CDATA[2020-11-15 20:10:55]]></wp:post_date_gmt>
		<wp:post_modified><![CDATA[2020-11-15 20:10:55]]></wp:post_modified>
		<wp:post_modified_gmt><![CDATA[2020-11-15 20:10:55]]></wp:post_modified_gmt>
		<wp:comment_status><![CDATA[open]]></wp:comment_status>
		<wp:ping_status><![CDATA[closed]]></wp:ping_status>
		<wp:post_name><![CDATA[jacoba-felix-torrejon-bernal]]></wp:post_name>
		<wp:status><![CDATA[publish]]></wp:status>
		<wp:post_parent>0</wp:post_parent>
		<wp:menu_order>0</wp:menu_order>
		<wp:post_type><![CDATA[valpa_obituario_pt]]></wp:post_type>
		<wp:post_password><![CDATA[]]></wp:post_password>
		<wp:is_sticky>0</wp:is_sticky>
														<wp:postmeta>
		<wp:meta_key><![CDATA[_edit_last]]></wp:meta_key>
		<wp:meta_value><![CDATA[1]]></wp:meta_value>
		</wp:postmeta>
							<wp:postmeta>
		<wp:meta_key><![CDATA[sucursal_relacionada_meta]]></wp:meta_key>
		<wp:meta_value><![CDATA[a:1:{i:0;s:2:"22";}]]></wp:meta_value>
		</wp:postmeta>
							<wp:postmeta>
		<wp:meta_key><![CDATA[valpa_no_homenaje_meta]]></wp:meta_key>
		<wp:meta_value><![CDATA[0020000568]]></wp:meta_value>
		</wp:postmeta>
							<wp:postmeta>
		<wp:meta_key><![CDATA[servicio_relacionado_meta]]></wp:meta_key>
		<wp:meta_value><![CDATA[a:1:{i:0;s:9:"Domicilio";}]]></wp:meta_value>
		</wp:postmeta>
							<wp:postmeta>
		<wp:meta_key><![CDATA[valpa_nacimiento_dia_meta]]></wp:meta_key>
		<wp:meta_value><![CDATA[25]]></wp:meta_value>
		</wp:postmeta>
							<wp:postmeta>
		<wp:meta_key><![CDATA[valpa_nacimiento_mes_meta]]></wp:meta_key>
		<wp:meta_value><![CDATA[07]]></wp:meta_value>
		</wp:postmeta>
							<wp:postmeta>
		<wp:meta_key><![CDATA[valpa_nacimiento_ano_meta]]></wp:meta_key>
		<wp:meta_value><![CDATA[1961]]></wp:meta_value>
		</wp:postmeta>
							<wp:postmeta>
		<wp:meta_key><![CDATA[post_views_count]]></wp:meta_key>
		<wp:meta_value><![CDATA[246]]></wp:meta_value>
		</wp:postmeta>
							<wp:postmeta>
		<wp:meta_key><![CDATA[_thumbnail_id]]></wp:meta_key>
		<wp:meta_value><![CDATA[6082]]></wp:meta_value>
		</wp:postmeta>
							<wp:postmeta>
		<wp:meta_key><![CDATA[num_velas_meta]]></wp:meta_key>
		<wp:meta_value><![CDATA[3]]></wp:meta_value>
		</wp:postmeta>
							</item>
					<item>
		<title><![CDATA[Vicente Castillo GonzÃ¡lez]]></title>
		<link>http://localhost/sass-wp/obituario/vicente-castillo-gonzalez/</link>
		<pubDate>Mon, 16 Nov 2020 20:15:28 +0000</pubDate>
		<dc:creator><![CDATA[webmaster]]></dc:creator>
		<guid isPermaLink="false">http://valparaiso.com.mx/?post_type=valpa_obituario_pt&#038;p=6090</guid>
		<description></description>
		<content:encoded><![CDATA[<b>LA MUERTE DEJA UN DOLOR EN EL CORAZON, QUE NADIE PUEDE SANAR PERO EL AMOR DEJA UNA MEMORIA QUE NADIE PUEDE ROBAR</b>]]></content:encoded>
		<excerpt:encoded><![CDATA[]]></excerpt:encoded>
		<wp:post_id>6090</wp:post_id>
		<wp:post_date><![CDATA[2020-11-16 20:15:28]]></wp:post_date>
		<wp:post_date_gmt><![CDATA[2020-11-16 20:15:28]]></wp:post_date_gmt>
		<wp:post_modified><![CDATA[2020-11-16 20:15:28]]></wp:post_modified>
		<wp:post_modified_gmt><![CDATA[2020-11-16 20:15:28]]></wp:post_modified_gmt>
		<wp:comment_status><![CDATA[open]]></wp:comment_status>
		<wp:ping_status><![CDATA[closed]]></wp:ping_status>
		<wp:post_name><![CDATA[vicente-castillo-gonzalez]]></wp:post_name>
		<wp:status><![CDATA[publish]]></wp:status>
		<wp:post_parent>0</wp:post_parent>
		<wp:menu_order>0</wp:menu_order>
		<wp:post_type><![CDATA[valpa_obituario_pt]]></wp:post_type>
		<wp:post_password><![CDATA[]]></wp:post_password>
		<wp:is_sticky>0</wp:is_sticky>
														<wp:postmeta>
		<wp:meta_key><![CDATA[_edit_last]]></wp:meta_key>
		<wp:meta_value><![CDATA[1]]></wp:meta_value>
		</wp:postmeta>
							<wp:postmeta>
		<wp:meta_key><![CDATA[sucursal_relacionada_meta]]></wp:meta_key>
		<wp:meta_value><![CDATA[a:1:{i:0;s:2:"22";}]]></wp:meta_value>
		</wp:postmeta>
							<wp:postmeta>
		<wp:meta_key><![CDATA[valpa_no_homenaje_meta]]></wp:meta_key>
		<wp:meta_value><![CDATA[0020000569]]></wp:meta_value>
		</wp:postmeta>
							<wp:postmeta>
		<wp:meta_key><![CDATA[servicio_relacionado_meta]]></wp:meta_key>
		<wp:meta_value><![CDATA[a:1:{i:0;s:9:"Domicilio";}]]></wp:meta_value>
		</wp:postmeta>
							<wp:postmeta>
		<wp:meta_key><![CDATA[valpa_nacimiento_dia_meta]]></wp:meta_key>
		<wp:meta_value><![CDATA[05]]></wp:meta_value>
		</wp:postmeta>
							<wp:postmeta>
		<wp:meta_key><![CDATA[valpa_nacimiento_mes_meta]]></wp:meta_key>
		<wp:meta_value><![CDATA[4]]></wp:meta_value>
		</wp:postmeta>
							<wp:postmeta>
		<wp:meta_key><![CDATA[valpa_nacimiento_ano_meta]]></wp:meta_key>
		<wp:meta_value><![CDATA[1943]]></wp:meta_value>
		</wp:postmeta>
							<wp:postmeta>
		<wp:meta_key><![CDATA[post_views_count]]></wp:meta_key>
		<wp:meta_value><![CDATA[122]]></wp:meta_value>
		</wp:postmeta>
							<wp:postmeta>
		<wp:meta_key><![CDATA[num_velas_meta]]></wp:meta_key>
		<wp:meta_value><![CDATA[1]]></wp:meta_value>
		</wp:postmeta>
							<wp:postmeta>
		<wp:meta_key><![CDATA[num_recuerdos_meta]]></wp:meta_key>
		<wp:meta_value><![CDATA[1]]></wp:meta_value>
		</wp:postmeta>
							</item>
					<item>
		<title><![CDATA[Oscar Garcia Peralta]]></title>
		<link>http://localhost/sass-wp/obituario/oscar-garcia-peralta/</link>
		<pubDate>Mon, 16 Nov 2020 20:45:39 +0000</pubDate>
		<dc:creator><![CDATA[webmaster]]></dc:creator>
		<guid isPermaLink="false">http://valparaiso.com.mx/?post_type=valpa_obituario_pt&#038;p=6093</guid>
		<description></description>
		<content:encoded><![CDATA[<b>LA MUERTE DEJA UN DOLOR EN EL CORAZON, QUE NADIE PUEDE SANAR PERO EL AMOR DEJA UNA MEMORIA QUE NADIE PUEDE ROBAR</b>]]></content:encoded>
		<excerpt:encoded><![CDATA[]]></excerpt:encoded>
		<wp:post_id>6093</wp:post_id>
		<wp:post_date><![CDATA[2020-11-16 20:45:39]]></wp:post_date>
		<wp:post_date_gmt><![CDATA[2020-11-16 20:45:39]]></wp:post_date_gmt>
		<wp:post_modified><![CDATA[2020-11-16 20:45:39]]></wp:post_modified>
		<wp:post_modified_gmt><![CDATA[2020-11-16 20:45:39]]></wp:post_modified_gmt>
		<wp:comment_status><![CDATA[open]]></wp:comment_status>
		<wp:ping_status><![CDATA[closed]]></wp:ping_status>
		<wp:post_name><![CDATA[oscar-garcia-peralta]]></wp:post_name>
		<wp:status><![CDATA[publish]]></wp:status>
		<wp:post_parent>0</wp:post_parent>
		<wp:menu_order>0</wp:menu_order>
		<wp:post_type><![CDATA[valpa_obituario_pt]]></wp:post_type>
		<wp:post_password><![CDATA[]]></wp:post_password>
		<wp:is_sticky>0</wp:is_sticky>
														<wp:postmeta>
		<wp:meta_key><![CDATA[_edit_last]]></wp:meta_key>
		<wp:meta_value><![CDATA[1]]></wp:meta_value>
		</wp:postmeta>
							<wp:postmeta>
		<wp:meta_key><![CDATA[sucursal_relacionada_meta]]></wp:meta_key>
		<wp:meta_value><![CDATA[a:1:{i:0;s:2:"22";}]]></wp:meta_value>
		</wp:postmeta>
							<wp:postmeta>
		<wp:meta_key><![CDATA[valpa_no_homenaje_meta]]></wp:meta_key>
		<wp:meta_value><![CDATA[0020000570]]></wp:meta_value>
		</wp:postmeta>
							<wp:postmeta>
		<wp:meta_key><![CDATA[servicio_relacionado_meta]]></wp:meta_key>
		<wp:meta_value><![CDATA[a:1:{i:0;s:9:"Domicilio";}]]></wp:meta_value>
		</wp:postmeta>
							<wp:postmeta>
		<wp:meta_key><![CDATA[valpa_nacimiento_dia_meta]]></wp:meta_key>
		<wp:meta_value><![CDATA[16]]></wp:meta_value>
		</wp:postmeta>
							<wp:postmeta>
		<wp:meta_key><![CDATA[valpa_nacimiento_mes_meta]]></wp:meta_key>
		<wp:meta_value><![CDATA[7]]></wp:meta_value>
		</wp:postmeta>
							<wp:postmeta>
		<wp:meta_key><![CDATA[valpa_nacimiento_ano_meta]]></wp:meta_key>
		<wp:meta_value><![CDATA[1967]]></wp:meta_value>
		</wp:postmeta>
							<wp:postmeta>
		<wp:meta_key><![CDATA[post_views_count]]></wp:meta_key>
		<wp:meta_value><![CDATA[119]]></wp:meta_value>
		</wp:postmeta>
							<wp:postmeta>
		<wp:meta_key><![CDATA[num_velas_meta]]></wp:meta_key>
		<wp:meta_value><![CDATA[1]]></wp:meta_value>
		</wp:postmeta>
							<wp:postmeta>
		<wp:meta_key><![CDATA[num_recuerdos_meta]]></wp:meta_key>
		<wp:meta_value><![CDATA[1]]></wp:meta_value>
		</wp:postmeta>
							</item>
					<item>
		<title><![CDATA[Amalia Ortega Ramos]]></title>
		<link>http://localhost/sass-wp/obituario/amalia-ortega-ramos/</link>
		<pubDate>Wed, 18 Nov 2020 21:56:15 +0000</pubDate>
		<dc:creator><![CDATA[webmaster]]></dc:creator>
		<guid isPermaLink="false">http://valparaiso.com.mx/?post_type=valpa_obituario_pt&#038;p=6129</guid>
		<description></description>
		<content:encoded><![CDATA[<b>LA MUERTE DEJA UN DOLOR EN EL CORAZON, QUE NADIE PUEDE SANAR PERO EL AMOR DEJA UNA MEMORIA QUE NADIE PUEDE ROBAR</b>]]></content:encoded>
		<excerpt:encoded><![CDATA[]]></excerpt:encoded>
		<wp:post_id>6129</wp:post_id>
		<wp:post_date><![CDATA[2020-11-18 21:56:15]]></wp:post_date>
		<wp:post_date_gmt><![CDATA[2020-11-18 21:56:15]]></wp:post_date_gmt>
		<wp:post_modified><![CDATA[2020-11-18 21:56:15]]></wp:post_modified>
		<wp:post_modified_gmt><![CDATA[2020-11-18 21:56:15]]></wp:post_modified_gmt>
		<wp:comment_status><![CDATA[open]]></wp:comment_status>
		<wp:ping_status><![CDATA[closed]]></wp:ping_status>
		<wp:post_name><![CDATA[amalia-ortega-ramos]]></wp:post_name>
		<wp:status><![CDATA[publish]]></wp:status>
		<wp:post_parent>0</wp:post_parent>
		<wp:menu_order>0</wp:menu_order>
		<wp:post_type><![CDATA[valpa_obituario_pt]]></wp:post_type>
		<wp:post_password><![CDATA[]]></wp:post_password>
		<wp:is_sticky>0</wp:is_sticky>
														<wp:postmeta>
		<wp:meta_key><![CDATA[_edit_last]]></wp:meta_key>
		<wp:meta_value><![CDATA[1]]></wp:meta_value>
		</wp:postmeta>
							<wp:postmeta>
		<wp:meta_key><![CDATA[sucursal_relacionada_meta]]></wp:meta_key>
		<wp:meta_value><![CDATA[a:1:{i:0;s:2:"22";}]]></wp:meta_value>
		</wp:postmeta>
							<wp:postmeta>
		<wp:meta_key><![CDATA[valpa_no_homenaje_meta]]></wp:meta_key>
		<wp:meta_value><![CDATA[0020000572]]></wp:meta_value>
		</wp:postmeta>
							<wp:postmeta>
		<wp:meta_key><![CDATA[servicio_relacionado_meta]]></wp:meta_key>
		<wp:meta_value><![CDATA[a:1:{i:0;s:9:"Domicilio";}]]></wp:meta_value>
		</wp:postmeta>
							<wp:postmeta>
		<wp:meta_key><![CDATA[valpa_nacimiento_dia_meta]]></wp:meta_key>
		<wp:meta_value><![CDATA[]]></wp:meta_value>
		</wp:postmeta>
							<wp:postmeta>
		<wp:meta_key><![CDATA[valpa_nacimiento_mes_meta]]></wp:meta_key>
		<wp:meta_value><![CDATA[]]></wp:meta_value>
		</wp:postmeta>
							<wp:postmeta>
		<wp:meta_key><![CDATA[valpa_nacimiento_ano_meta]]></wp:meta_key>
		<wp:meta_value><![CDATA[]]></wp:meta_value>
		</wp:postmeta>
							<wp:postmeta>
		<wp:meta_key><![CDATA[post_views_count]]></wp:meta_key>
		<wp:meta_value><![CDATA[98]]></wp:meta_value>
		</wp:postmeta>
							<wp:postmeta>
		<wp:meta_key><![CDATA[num_recuerdos_meta]]></wp:meta_key>
		<wp:meta_value><![CDATA[1]]></wp:meta_value>
		</wp:postmeta>
							<wp:postmeta>
		<wp:meta_key><![CDATA[num_velas_meta]]></wp:meta_key>
		<wp:meta_value><![CDATA[1]]></wp:meta_value>
		</wp:postmeta>
							</item>
					<item>
		<title><![CDATA[Claudia Norma Capula SÃ¡nchez]]></title>
		<link>http://localhost/sass-wp/obituario/claudia-norma-capula-sanchez/</link>
		<pubDate>Thu, 19 Nov 2020 12:10:29 +0000</pubDate>
		<dc:creator><![CDATA[webmaster]]></dc:creator>
		<guid isPermaLink="false">http://valparaiso.com.mx/?post_type=valpa_obituario_pt&#038;p=6134</guid>
		<description></description>
		<content:encoded><![CDATA[]]></content:encoded>
		<excerpt:encoded><![CDATA[]]></excerpt:encoded>
		<wp:post_id>6134</wp:post_id>
		<wp:post_date><![CDATA[2020-11-19 12:10:29]]></wp:post_date>
		<wp:post_date_gmt><![CDATA[2020-11-19 12:10:29]]></wp:post_date_gmt>
		<wp:post_modified><![CDATA[2020-11-19 12:10:29]]></wp:post_modified>
		<wp:post_modified_gmt><![CDATA[2020-11-19 12:10:29]]></wp:post_modified_gmt>
		<wp:comment_status><![CDATA[open]]></wp:comment_status>
		<wp:ping_status><![CDATA[closed]]></wp:ping_status>
		<wp:post_name><![CDATA[claudia-norma-capula-sanchez]]></wp:post_name>
		<wp:status><![CDATA[publish]]></wp:status>
		<wp:post_parent>0</wp:post_parent>
		<wp:menu_order>0</wp:menu_order>
		<wp:post_type><![CDATA[valpa_obituario_pt]]></wp:post_type>
		<wp:post_password><![CDATA[]]></wp:post_password>
		<wp:is_sticky>0</wp:is_sticky>
														<wp:postmeta>
		<wp:meta_key><![CDATA[_edit_last]]></wp:meta_key>
		<wp:meta_value><![CDATA[1]]></wp:meta_value>
		</wp:postmeta>
							<wp:postmeta>
		<wp:meta_key><![CDATA[_thumbnail_id]]></wp:meta_key>
		<wp:meta_value><![CDATA[6140]]></wp:meta_value>
		</wp:postmeta>
							<wp:postmeta>
		<wp:meta_key><![CDATA[sucursal_relacionada_meta]]></wp:meta_key>
		<wp:meta_value><![CDATA[a:1:{i:0;s:2:"22";}]]></wp:meta_value>
		</wp:postmeta>
							<wp:postmeta>
		<wp:meta_key><![CDATA[valpa_no_homenaje_meta]]></wp:meta_key>
		<wp:meta_value><![CDATA[0020000578]]></wp:meta_value>
		</wp:postmeta>
							<wp:postmeta>
		<wp:meta_key><![CDATA[servicio_relacionado_meta]]></wp:meta_key>
		<wp:meta_value><![CDATA[a:1:{i:0;s:9:"Domicilio";}]]></wp:meta_value>
		</wp:postmeta>
							<wp:postmeta>
		<wp:meta_key><![CDATA[valpa_nacimiento_dia_meta]]></wp:meta_key>
		<wp:meta_value><![CDATA[30]]></wp:meta_value>
		</wp:postmeta>
							<wp:postmeta>
		<wp:meta_key><![CDATA[valpa_nacimiento_mes_meta]]></wp:meta_key>
		<wp:meta_value><![CDATA[10]]></wp:meta_value>
		</wp:postmeta>
							<wp:postmeta>
		<wp:meta_key><![CDATA[valpa_nacimiento_ano_meta]]></wp:meta_key>
		<wp:meta_value><![CDATA[1971]]></wp:meta_value>
		</wp:postmeta>
							<wp:postmeta>
		<wp:meta_key><![CDATA[post_views_count]]></wp:meta_key>
		<wp:meta_value><![CDATA[202]]></wp:meta_value>
		</wp:postmeta>
							<wp:postmeta>
		<wp:meta_key><![CDATA[num_velas_meta]]></wp:meta_key>
		<wp:meta_value><![CDATA[2]]></wp:meta_value>
		</wp:postmeta>
							</item>
					<item>
		<title><![CDATA[Esteban Tereso Dionicio Arcadio]]></title>
		<link>http://localhost/sass-wp/obituario/esteban-tereso-dionicio-arcadio/</link>
		<pubDate>Thu, 19 Nov 2020 17:02:51 +0000</pubDate>
		<dc:creator><![CDATA[webmaster]]></dc:creator>
		<guid isPermaLink="false">http://valparaiso.com.mx/?post_type=valpa_obituario_pt&#038;p=6145</guid>
		<description></description>
		<content:encoded><![CDATA[LA MUERTE DEJA UN DOLOR EN EL CORAZON, QUE NADIE PUEDE SANAR, PERO EL AMOR DEJA UNA MEMORIA QUE NADIE PUEDE ROBAR]]></content:encoded>
		<excerpt:encoded><![CDATA[]]></excerpt:encoded>
		<wp:post_id>6145</wp:post_id>
		<wp:post_date><![CDATA[2020-11-19 17:02:51]]></wp:post_date>
		<wp:post_date_gmt><![CDATA[2020-11-19 17:02:51]]></wp:post_date_gmt>
		<wp:post_modified><![CDATA[2020-11-19 17:02:51]]></wp:post_modified>
		<wp:post_modified_gmt><![CDATA[2020-11-19 17:02:51]]></wp:post_modified_gmt>
		<wp:comment_status><![CDATA[open]]></wp:comment_status>
		<wp:ping_status><![CDATA[closed]]></wp:ping_status>
		<wp:post_name><![CDATA[esteban-tereso-dionicio-arcadio]]></wp:post_name>
		<wp:status><![CDATA[publish]]></wp:status>
		<wp:post_parent>0</wp:post_parent>
		<wp:menu_order>0</wp:menu_order>
		<wp:post_type><![CDATA[valpa_obituario_pt]]></wp:post_type>
		<wp:post_password><![CDATA[]]></wp:post_password>
		<wp:is_sticky>0</wp:is_sticky>
														<wp:postmeta>
		<wp:meta_key><![CDATA[_edit_last]]></wp:meta_key>
		<wp:meta_value><![CDATA[1]]></wp:meta_value>
		</wp:postmeta>
							<wp:postmeta>
		<wp:meta_key><![CDATA[sucursal_relacionada_meta]]></wp:meta_key>
		<wp:meta_value><![CDATA[a:1:{i:0;s:2:"22";}]]></wp:meta_value>
		</wp:postmeta>
							<wp:postmeta>
		<wp:meta_key><![CDATA[valpa_no_homenaje_meta]]></wp:meta_key>
		<wp:meta_value><![CDATA[0020000575]]></wp:meta_value>
		</wp:postmeta>
							<wp:postmeta>
		<wp:meta_key><![CDATA[servicio_relacionado_meta]]></wp:meta_key>
		<wp:meta_value><![CDATA[a:1:{i:0;s:9:"Domicilio";}]]></wp:meta_value>
		</wp:postmeta>
							<wp:postmeta>
		<wp:meta_key><![CDATA[valpa_nacimiento_dia_meta]]></wp:meta_key>
		<wp:meta_value><![CDATA[19]]></wp:meta_value>
		</wp:postmeta>
							<wp:postmeta>
		<wp:meta_key><![CDATA[valpa_nacimiento_mes_meta]]></wp:meta_key>
		<wp:meta_value><![CDATA[11]]></wp:meta_value>
		</wp:postmeta>
							<wp:postmeta>
		<wp:meta_key><![CDATA[valpa_nacimiento_ano_meta]]></wp:meta_key>
		<wp:meta_value><![CDATA[1970]]></wp:meta_value>
		</wp:postmeta>
							<wp:postmeta>
		<wp:meta_key><![CDATA[_thumbnail_id]]></wp:meta_key>
		<wp:meta_value><![CDATA[6160]]></wp:meta_value>
		</wp:postmeta>
							<wp:postmeta>
		<wp:meta_key><![CDATA[post_views_count]]></wp:meta_key>
		<wp:meta_value><![CDATA[141]]></wp:meta_value>
		</wp:postmeta>
							<wp:postmeta>
		<wp:meta_key><![CDATA[num_recuerdos_meta]]></wp:meta_key>
		<wp:meta_value><![CDATA[2]]></wp:meta_value>
		</wp:postmeta>
							<wp:postmeta>
		<wp:meta_key><![CDATA[num_velas_meta]]></wp:meta_key>
		<wp:meta_value><![CDATA[1]]></wp:meta_value>
		</wp:postmeta>
							</item>
					<item>
		<title><![CDATA[Justino OdilÃ³n Reyes MejÃ­a]]></title>
		<link>http://localhost/sass-wp/obituario/justino-odilon-reyes-mejia/</link>
		<pubDate>Thu, 19 Nov 2020 17:17:23 +0000</pubDate>
		<dc:creator><![CDATA[webmaster]]></dc:creator>
		<guid isPermaLink="false">http://valparaiso.com.mx/?post_type=valpa_obituario_pt&#038;p=6184</guid>
		<description></description>
		<content:encoded><![CDATA[A PESAR DE NO ESTAR PRESENTE EN CUERPO, TU ESTARAS CON NOSOTROS POR SIEMPRE EN NUESTROS CORAZONES]]></content:encoded>
		<excerpt:encoded><![CDATA[]]></excerpt:encoded>
		<wp:post_id>6184</wp:post_id>
		<wp:post_date><![CDATA[2020-11-19 17:17:23]]></wp:post_date>
		<wp:post_date_gmt><![CDATA[2020-11-19 17:17:23]]></wp:post_date_gmt>
		<wp:post_modified><![CDATA[2020-11-19 17:17:23]]></wp:post_modified>
		<wp:post_modified_gmt><![CDATA[2020-11-19 17:17:23]]></wp:post_modified_gmt>
		<wp:comment_status><![CDATA[open]]></wp:comment_status>
		<wp:ping_status><![CDATA[closed]]></wp:ping_status>
		<wp:post_name><![CDATA[justino-odilon-reyes-mejia]]></wp:post_name>
		<wp:status><![CDATA[publish]]></wp:status>
		<wp:post_parent>0</wp:post_parent>
		<wp:menu_order>0</wp:menu_order>
		<wp:post_type><![CDATA[valpa_obituario_pt]]></wp:post_type>
		<wp:post_password><![CDATA[]]></wp:post_password>
		<wp:is_sticky>0</wp:is_sticky>
														<wp:postmeta>
		<wp:meta_key><![CDATA[_edit_last]]></wp:meta_key>
		<wp:meta_value><![CDATA[1]]></wp:meta_value>
		</wp:postmeta>
							<wp:postmeta>
		<wp:meta_key><![CDATA[sucursal_relacionada_meta]]></wp:meta_key>
		<wp:meta_value><![CDATA[a:1:{i:0;s:2:"22";}]]></wp:meta_value>
		</wp:postmeta>
							<wp:postmeta>
		<wp:meta_key><![CDATA[valpa_no_homenaje_meta]]></wp:meta_key>
		<wp:meta_value><![CDATA[0020000579]]></wp:meta_value>
		</wp:postmeta>
							<wp:postmeta>
		<wp:meta_key><![CDATA[servicio_relacionado_meta]]></wp:meta_key>
		<wp:meta_value><![CDATA[a:1:{i:0;s:8:"Sucursal";}]]></wp:meta_value>
		</wp:postmeta>
							<wp:postmeta>
		<wp:meta_key><![CDATA[valpa_nacimiento_dia_meta]]></wp:meta_key>
		<wp:meta_value><![CDATA[01]]></wp:meta_value>
		</wp:postmeta>
							<wp:postmeta>
		<wp:meta_key><![CDATA[valpa_nacimiento_mes_meta]]></wp:meta_key>
		<wp:meta_value><![CDATA[01]]></wp:meta_value>
		</wp:postmeta>
							<wp:postmeta>
		<wp:meta_key><![CDATA[valpa_nacimiento_ano_meta]]></wp:meta_key>
		<wp:meta_value><![CDATA[1957]]></wp:meta_value>
		</wp:postmeta>
							<wp:postmeta>
		<wp:meta_key><![CDATA[post_views_count]]></wp:meta_key>
		<wp:meta_value><![CDATA[164]]></wp:meta_value>
		</wp:postmeta>
							<wp:postmeta>
		<wp:meta_key><![CDATA[num_velas_meta]]></wp:meta_key>
		<wp:meta_value><![CDATA[2]]></wp:meta_value>
		</wp:postmeta>
							<wp:postmeta>
		<wp:meta_key><![CDATA[num_recuerdos_meta]]></wp:meta_key>
		<wp:meta_value><![CDATA[1]]></wp:meta_value>
		</wp:postmeta>
							</item>
					<item>
		<title><![CDATA[Juana Ilagorre Reyes]]></title>
		<link>http://localhost/sass-wp/obituario/juana-ilagorre-reyes/</link>
		<pubDate>Fri, 20 Nov 2020 05:39:35 +0000</pubDate>
		<dc:creator><![CDATA[webmaster]]></dc:creator>
		<guid isPermaLink="false">http://valparaiso.com.mx/?post_type=valpa_obituario_pt&#038;p=6211</guid>
		<description></description>
		<content:encoded><![CDATA[TE DIGO ADIOS PARA TODA LA VIDA, PERO TODA LA VIDA SEGUIRE PENSANDO EN TI.]]></content:encoded>
		<excerpt:encoded><![CDATA[]]></excerpt:encoded>
		<wp:post_id>6211</wp:post_id>
		<wp:post_date><![CDATA[2020-11-20 05:39:35]]></wp:post_date>
		<wp:post_date_gmt><![CDATA[2020-11-20 05:39:35]]></wp:post_date_gmt>
		<wp:post_modified><![CDATA[2020-11-20 05:39:35]]></wp:post_modified>
		<wp:post_modified_gmt><![CDATA[2020-11-20 05:39:35]]></wp:post_modified_gmt>
		<wp:comment_status><![CDATA[open]]></wp:comment_status>
		<wp:ping_status><![CDATA[closed]]></wp:ping_status>
		<wp:post_name><![CDATA[juana-ilagorre-reyes]]></wp:post_name>
		<wp:status><![CDATA[publish]]></wp:status>
		<wp:post_parent>0</wp:post_parent>
		<wp:menu_order>0</wp:menu_order>
		<wp:post_type><![CDATA[valpa_obituario_pt]]></wp:post_type>
		<wp:post_password><![CDATA[]]></wp:post_password>
		<wp:is_sticky>0</wp:is_sticky>
														<wp:postmeta>
		<wp:meta_key><![CDATA[_edit_last]]></wp:meta_key>
		<wp:meta_value><![CDATA[1]]></wp:meta_value>
		</wp:postmeta>
							<wp:postmeta>
		<wp:meta_key><![CDATA[sucursal_relacionada_meta]]></wp:meta_key>
		<wp:meta_value><![CDATA[a:1:{i:0;s:2:"22";}]]></wp:meta_value>
		</wp:postmeta>
							<wp:postmeta>
		<wp:meta_key><![CDATA[valpa_no_homenaje_meta]]></wp:meta_key>
		<wp:meta_value><![CDATA[0020000580]]></wp:meta_value>
		</wp:postmeta>
							<wp:postmeta>
		<wp:meta_key><![CDATA[servicio_relacionado_meta]]></wp:meta_key>
		<wp:meta_value><![CDATA[a:1:{i:0;s:9:"Domicilio";}]]></wp:meta_value>
		</wp:postmeta>
							<wp:postmeta>
		<wp:meta_key><![CDATA[valpa_nacimiento_dia_meta]]></wp:meta_key>
		<wp:meta_value><![CDATA[17]]></wp:meta_value>
		</wp:postmeta>
							<wp:postmeta>
		<wp:meta_key><![CDATA[valpa_nacimiento_mes_meta]]></wp:meta_key>
		<wp:meta_value><![CDATA[12]]></wp:meta_value>
		</wp:postmeta>
							<wp:postmeta>
		<wp:meta_key><![CDATA[valpa_nacimiento_ano_meta]]></wp:meta_key>
		<wp:meta_value><![CDATA[1962]]></wp:meta_value>
		</wp:postmeta>
							<wp:postmeta>
		<wp:meta_key><![CDATA[post_views_count]]></wp:meta_key>
		<wp:meta_value><![CDATA[100]]></wp:meta_value>
		</wp:postmeta>
							<wp:postmeta>
		<wp:meta_key><![CDATA[num_velas_meta]]></wp:meta_key>
		<wp:meta_value><![CDATA[1]]></wp:meta_value>
		</wp:postmeta>
							</item>
					<item>
		<title><![CDATA[Jenaro Rendon Robles]]></title>
		<link>http://localhost/sass-wp/obituario/jenaro-rendon-robles/</link>
		<pubDate>Fri, 20 Nov 2020 20:17:28 +0000</pubDate>
		<dc:creator><![CDATA[webmaster]]></dc:creator>
		<guid isPermaLink="false">http://valparaiso.com.mx/?post_type=valpa_obituario_pt&#038;p=6214</guid>
		<description></description>
		<content:encoded><![CDATA[TE DIGO ADIOS PARA TODA LA VIDA, PERO TODA LA VIDA SEGUIRE PENSANDO EN TI.]]></content:encoded>
		<excerpt:encoded><![CDATA[]]></excerpt:encoded>
		<wp:post_id>6214</wp:post_id>
		<wp:post_date><![CDATA[2020-11-20 20:17:28]]></wp:post_date>
		<wp:post_date_gmt><![CDATA[2020-11-20 20:17:28]]></wp:post_date_gmt>
		<wp:post_modified><![CDATA[2020-11-20 20:17:28]]></wp:post_modified>
		<wp:post_modified_gmt><![CDATA[2020-11-20 20:17:28]]></wp:post_modified_gmt>
		<wp:comment_status><![CDATA[open]]></wp:comment_status>
		<wp:ping_status><![CDATA[closed]]></wp:ping_status>
		<wp:post_name><![CDATA[jenaro-rendon-robles]]></wp:post_name>
		<wp:status><![CDATA[publish]]></wp:status>
		<wp:post_parent>0</wp:post_parent>
		<wp:menu_order>0</wp:menu_order>
		<wp:post_type><![CDATA[valpa_obituario_pt]]></wp:post_type>
		<wp:post_password><![CDATA[]]></wp:post_password>
		<wp:is_sticky>0</wp:is_sticky>
														<wp:postmeta>
		<wp:meta_key><![CDATA[_edit_last]]></wp:meta_key>
		<wp:meta_value><![CDATA[1]]></wp:meta_value>
		</wp:postmeta>
							<wp:postmeta>
		<wp:meta_key><![CDATA[sucursal_relacionada_meta]]></wp:meta_key>
		<wp:meta_value><![CDATA[a:1:{i:0;s:2:"22";}]]></wp:meta_value>
		</wp:postmeta>
							<wp:postmeta>
		<wp:meta_key><![CDATA[valpa_no_homenaje_meta]]></wp:meta_key>
		<wp:meta_value><![CDATA[0020000581]]></wp:meta_value>
		</wp:postmeta>
							<wp:postmeta>
		<wp:meta_key><![CDATA[servicio_relacionado_meta]]></wp:meta_key>
		<wp:meta_value><![CDATA[a:1:{i:0;s:8:"Sucursal";}]]></wp:meta_value>
		</wp:postmeta>
							<wp:postmeta>
		<wp:meta_key><![CDATA[valpa_nacimiento_dia_meta]]></wp:meta_key>
		<wp:meta_value><![CDATA[]]></wp:meta_value>
		</wp:postmeta>
							<wp:postmeta>
		<wp:meta_key><![CDATA[valpa_nacimiento_mes_meta]]></wp:meta_key>
		<wp:meta_value><![CDATA[]]></wp:meta_value>
		</wp:postmeta>
							<wp:postmeta>
		<wp:meta_key><![CDATA[valpa_nacimiento_ano_meta]]></wp:meta_key>
		<wp:meta_value><![CDATA[]]></wp:meta_value>
		</wp:postmeta>
							<wp:postmeta>
		<wp:meta_key><![CDATA[post_views_count]]></wp:meta_key>
		<wp:meta_value><![CDATA[322]]></wp:meta_value>
		</wp:postmeta>
							<wp:postmeta>
		<wp:meta_key><![CDATA[num_recuerdos_meta]]></wp:meta_key>
		<wp:meta_value><![CDATA[14]]></wp:meta_value>
		</wp:postmeta>
							<wp:postmeta>
		<wp:meta_key><![CDATA[num_velas_meta]]></wp:meta_key>
		<wp:meta_value><![CDATA[5]]></wp:meta_value>
		</wp:postmeta>
							</item>
					<item>
		<title><![CDATA[Maria Guadalupe Guerra  Estrada]]></title>
		<link>http://localhost/sass-wp/obituario/maria-guadalupe-guerra-estrada/</link>
		<pubDate>Fri, 20 Nov 2020 22:33:05 +0000</pubDate>
		<dc:creator><![CDATA[webmaster]]></dc:creator>
		<guid isPermaLink="false">http://valparaiso.com.mx/?post_type=valpa_obituario_pt&#038;p=6228</guid>
		<description></description>
		<content:encoded><![CDATA[TE DIGO ADIOS PARA TODA LA VIDA, PERO TODA LA VIDA SEGUIRE PENSANDO EN TI]]></content:encoded>
		<excerpt:encoded><![CDATA[]]></excerpt:encoded>
		<wp:post_id>6228</wp:post_id>
		<wp:post_date><![CDATA[2020-11-20 22:33:05]]></wp:post_date>
		<wp:post_date_gmt><![CDATA[2020-11-20 22:33:05]]></wp:post_date_gmt>
		<wp:post_modified><![CDATA[2020-11-20 22:33:05]]></wp:post_modified>
		<wp:post_modified_gmt><![CDATA[2020-11-20 22:33:05]]></wp:post_modified_gmt>
		<wp:comment_status><![CDATA[open]]></wp:comment_status>
		<wp:ping_status><![CDATA[closed]]></wp:ping_status>
		<wp:post_name><![CDATA[maria-guadalupe-guerra-estrada]]></wp:post_name>
		<wp:status><![CDATA[publish]]></wp:status>
		<wp:post_parent>0</wp:post_parent>
		<wp:menu_order>0</wp:menu_order>
		<wp:post_type><![CDATA[valpa_obituario_pt]]></wp:post_type>
		<wp:post_password><![CDATA[]]></wp:post_password>
		<wp:is_sticky>0</wp:is_sticky>
														<wp:postmeta>
		<wp:meta_key><![CDATA[_edit_last]]></wp:meta_key>
		<wp:meta_value><![CDATA[1]]></wp:meta_value>
		</wp:postmeta>
							<wp:postmeta>
		<wp:meta_key><![CDATA[sucursal_relacionada_meta]]></wp:meta_key>
		<wp:meta_value><![CDATA[a:1:{i:0;s:2:"22";}]]></wp:meta_value>
		</wp:postmeta>
							<wp:postmeta>
		<wp:meta_key><![CDATA[valpa_no_homenaje_meta]]></wp:meta_key>
		<wp:meta_value><![CDATA[0020000573]]></wp:meta_value>
		</wp:postmeta>
							<wp:postmeta>
		<wp:meta_key><![CDATA[servicio_relacionado_meta]]></wp:meta_key>
		<wp:meta_value><![CDATA[a:1:{i:0;s:9:"Domicilio";}]]></wp:meta_value>
		</wp:postmeta>
							<wp:postmeta>
		<wp:meta_key><![CDATA[valpa_nacimiento_dia_meta]]></wp:meta_key>
		<wp:meta_value><![CDATA[]]></wp:meta_value>
		</wp:postmeta>
							<wp:postmeta>
		<wp:meta_key><![CDATA[valpa_nacimiento_mes_meta]]></wp:meta_key>
		<wp:meta_value><![CDATA[]]></wp:meta_value>
		</wp:postmeta>
							<wp:postmeta>
		<wp:meta_key><![CDATA[valpa_nacimiento_ano_meta]]></wp:meta_key>
		<wp:meta_value><![CDATA[]]></wp:meta_value>
		</wp:postmeta>
							<wp:postmeta>
		<wp:meta_key><![CDATA[post_views_count]]></wp:meta_key>
		<wp:meta_value><![CDATA[548]]></wp:meta_value>
		</wp:postmeta>
							<wp:postmeta>
		<wp:meta_key><![CDATA[num_recuerdos_meta]]></wp:meta_key>
		<wp:meta_value><![CDATA[3]]></wp:meta_value>
		</wp:postmeta>
							<wp:postmeta>
		<wp:meta_key><![CDATA[num_velas_meta]]></wp:meta_key>
		<wp:meta_value><![CDATA[15]]></wp:meta_value>
		</wp:postmeta>
							<wp:postmeta>
		<wp:meta_key><![CDATA[_thumbnail_id]]></wp:meta_key>
		<wp:meta_value><![CDATA[6526]]></wp:meta_value>
		</wp:postmeta>
							</item>
					<item>
		<title><![CDATA[Juan Jose Bibiano Varela]]></title>
		<link>http://localhost/sass-wp/obituario/juan-jose-bibiano-varela/</link>
		<pubDate>Fri, 20 Nov 2020 23:33:51 +0000</pubDate>
		<dc:creator><![CDATA[webmaster]]></dc:creator>
		<guid isPermaLink="false">http://valparaiso.com.mx/?post_type=valpa_obituario_pt&#038;p=6229</guid>
		<description></description>
		<content:encoded><![CDATA[A PESAR DE NO ESTAR PRESENTE EN CUERPO, TU ESTARAS CON NOSOTROS POR SIEMPRE EN NUESTROS CORAZONES]]></content:encoded>
		<excerpt:encoded><![CDATA[]]></excerpt:encoded>
		<wp:post_id>6229</wp:post_id>
		<wp:post_date><![CDATA[2020-11-20 23:33:51]]></wp:post_date>
		<wp:post_date_gmt><![CDATA[2020-11-20 23:33:51]]></wp:post_date_gmt>
		<wp:post_modified><![CDATA[2020-11-20 23:33:51]]></wp:post_modified>
		<wp:post_modified_gmt><![CDATA[2020-11-20 23:33:51]]></wp:post_modified_gmt>
		<wp:comment_status><![CDATA[open]]></wp:comment_status>
		<wp:ping_status><![CDATA[closed]]></wp:ping_status>
		<wp:post_name><![CDATA[juan-jose-bibiano-varela]]></wp:post_name>
		<wp:status><![CDATA[publish]]></wp:status>
		<wp:post_parent>0</wp:post_parent>
		<wp:menu_order>0</wp:menu_order>
		<wp:post_type><![CDATA[valpa_obituario_pt]]></wp:post_type>
		<wp:post_password><![CDATA[]]></wp:post_password>
		<wp:is_sticky>0</wp:is_sticky>
														<wp:postmeta>
		<wp:meta_key><![CDATA[_edit_last]]></wp:meta_key>
		<wp:meta_value><![CDATA[1]]></wp:meta_value>
		</wp:postmeta>
							<wp:postmeta>
		<wp:meta_key><![CDATA[valpa_no_homenaje_meta]]></wp:meta_key>
		<wp:meta_value><![CDATA[0020000574]]></wp:meta_value>
		</wp:postmeta>
							<wp:postmeta>
		<wp:meta_key><![CDATA[valpa_nacimiento_dia_meta]]></wp:meta_key>
		<wp:meta_value><![CDATA[]]></wp:meta_value>
		</wp:postmeta>
							<wp:postmeta>
		<wp:meta_key><![CDATA[valpa_nacimiento_mes_meta]]></wp:meta_key>
		<wp:meta_value><![CDATA[]]></wp:meta_value>
		</wp:postmeta>
							<wp:postmeta>
		<wp:meta_key><![CDATA[valpa_nacimiento_ano_meta]]></wp:meta_key>
		<wp:meta_value><![CDATA[]]></wp:meta_value>
		</wp:postmeta>
							<wp:postmeta>
		<wp:meta_key><![CDATA[sucursal_relacionada_meta]]></wp:meta_key>
		<wp:meta_value><![CDATA[a:1:{i:0;s:2:"22";}]]></wp:meta_value>
		</wp:postmeta>
							<wp:postmeta>
		<wp:meta_key><![CDATA[servicio_relacionado_meta]]></wp:meta_key>
		<wp:meta_value><![CDATA[a:1:{i:0;s:9:"Domicilio";}]]></wp:meta_value>
		</wp:postmeta>
							<wp:postmeta>
		<wp:meta_key><![CDATA[post_views_count]]></wp:meta_key>
		<wp:meta_value><![CDATA[200]]></wp:meta_value>
		</wp:postmeta>
							<wp:postmeta>
		<wp:meta_key><![CDATA[num_recuerdos_meta]]></wp:meta_key>
		<wp:meta_value><![CDATA[1]]></wp:meta_value>
		</wp:postmeta>
							<wp:postmeta>
		<wp:meta_key><![CDATA[num_velas_meta]]></wp:meta_key>
		<wp:meta_value><![CDATA[3]]></wp:meta_value>
		</wp:postmeta>
							</item>
					<item>
		<title><![CDATA[Timoteo Juventino Roldan Pulido]]></title>
		<link>http://localhost/sass-wp/obituario/timoteo-juventino-roldan-pulido/</link>
		<pubDate>Fri, 20 Nov 2020 23:36:56 +0000</pubDate>
		<dc:creator><![CDATA[webmaster]]></dc:creator>
		<guid isPermaLink="false">http://valparaiso.com.mx/?post_type=valpa_obituario_pt&#038;p=6242</guid>
		<description></description>
		<content:encoded><![CDATA[TE DIGO ADIOS PARA TODA LA VIDA, PERO TODA LA VIDA SEGUIRE PENSANDO EN TI.]]></content:encoded>
		<excerpt:encoded><![CDATA[]]></excerpt:encoded>
		<wp:post_id>6242</wp:post_id>
		<wp:post_date><![CDATA[2020-11-20 23:36:56]]></wp:post_date>
		<wp:post_date_gmt><![CDATA[2020-11-20 23:36:56]]></wp:post_date_gmt>
		<wp:post_modified><![CDATA[2020-11-20 23:36:56]]></wp:post_modified>
		<wp:post_modified_gmt><![CDATA[2020-11-20 23:36:56]]></wp:post_modified_gmt>
		<wp:comment_status><![CDATA[open]]></wp:comment_status>
		<wp:ping_status><![CDATA[closed]]></wp:ping_status>
		<wp:post_name><![CDATA[timoteo-juventino-roldan-pulido]]></wp:post_name>
		<wp:status><![CDATA[publish]]></wp:status>
		<wp:post_parent>0</wp:post_parent>
		<wp:menu_order>0</wp:menu_order>
		<wp:post_type><![CDATA[valpa_obituario_pt]]></wp:post_type>
		<wp:post_password><![CDATA[]]></wp:post_password>
		<wp:is_sticky>0</wp:is_sticky>
														<wp:postmeta>
		<wp:meta_key><![CDATA[_edit_last]]></wp:meta_key>
		<wp:meta_value><![CDATA[1]]></wp:meta_value>
		</wp:postmeta>
							<wp:postmeta>
		<wp:meta_key><![CDATA[sucursal_relacionada_meta]]></wp:meta_key>
		<wp:meta_value><![CDATA[a:1:{i:0;s:2:"22";}]]></wp:meta_value>
		</wp:postmeta>
							<wp:postmeta>
		<wp:meta_key><![CDATA[valpa_no_homenaje_meta]]></wp:meta_key>
		<wp:meta_value><![CDATA[0020000576]]></wp:meta_value>
		</wp:postmeta>
							<wp:postmeta>
		<wp:meta_key><![CDATA[servicio_relacionado_meta]]></wp:meta_key>
		<wp:meta_value><![CDATA[a:1:{i:0;s:9:"Domicilio";}]]></wp:meta_value>
		</wp:postmeta>
							<wp:postmeta>
		<wp:meta_key><![CDATA[valpa_nacimiento_dia_meta]]></wp:meta_key>
		<wp:meta_value><![CDATA[]]></wp:meta_value>
		</wp:postmeta>
							<wp:postmeta>
		<wp:meta_key><![CDATA[valpa_nacimiento_mes_meta]]></wp:meta_key>
		<wp:meta_value><![CDATA[]]></wp:meta_value>
		</wp:postmeta>
							<wp:postmeta>
		<wp:meta_key><![CDATA[valpa_nacimiento_ano_meta]]></wp:meta_key>
		<wp:meta_value><![CDATA[]]></wp:meta_value>
		</wp:postmeta>
							<wp:postmeta>
		<wp:meta_key><![CDATA[post_views_count]]></wp:meta_key>
		<wp:meta_value><![CDATA[117]]></wp:meta_value>
		</wp:postmeta>
							<wp:postmeta>
		<wp:meta_key><![CDATA[num_recuerdos_meta]]></wp:meta_key>
		<wp:meta_value><![CDATA[1]]></wp:meta_value>
		</wp:postmeta>
							<wp:postmeta>
		<wp:meta_key><![CDATA[_thumbnail_id]]></wp:meta_key>
		<wp:meta_value><![CDATA[6547]]></wp:meta_value>
		</wp:postmeta>
							</item>
					<item>
		<title><![CDATA[Isaac Manuel Ortiz Reyes]]></title>
		<link>http://localhost/sass-wp/obituario/isaac-manuel-ortiz-reyes/</link>
		<pubDate>Fri, 20 Nov 2020 23:40:45 +0000</pubDate>
		<dc:creator><![CDATA[webmaster]]></dc:creator>
		<guid isPermaLink="false">http://valparaiso.com.mx/?post_type=valpa_obituario_pt&#038;p=6243</guid>
		<description></description>
		<content:encoded><![CDATA[A PESAR DE NO ESTAR PRESENTE EN CUERPO, TU ESTARAS CON NOSOTROS POR SIEMPRE EN NUESTROS CORAZONES]]></content:encoded>
		<excerpt:encoded><![CDATA[]]></excerpt:encoded>
		<wp:post_id>6243</wp:post_id>
		<wp:post_date><![CDATA[2020-11-20 23:40:45]]></wp:post_date>
		<wp:post_date_gmt><![CDATA[2020-11-20 23:40:45]]></wp:post_date_gmt>
		<wp:post_modified><![CDATA[2020-11-20 23:40:45]]></wp:post_modified>
		<wp:post_modified_gmt><![CDATA[2020-11-20 23:40:45]]></wp:post_modified_gmt>
		<wp:comment_status><![CDATA[open]]></wp:comment_status>
		<wp:ping_status><![CDATA[closed]]></wp:ping_status>
		<wp:post_name><![CDATA[isaac-manuel-ortiz-reyes]]></wp:post_name>
		<wp:status><![CDATA[publish]]></wp:status>
		<wp:post_parent>0</wp:post_parent>
		<wp:menu_order>0</wp:menu_order>
		<wp:post_type><![CDATA[valpa_obituario_pt]]></wp:post_type>
		<wp:post_password><![CDATA[]]></wp:post_password>
		<wp:is_sticky>0</wp:is_sticky>
														<wp:postmeta>
		<wp:meta_key><![CDATA[_edit_last]]></wp:meta_key>
		<wp:meta_value><![CDATA[1]]></wp:meta_value>
		</wp:postmeta>
							<wp:postmeta>
		<wp:meta_key><![CDATA[sucursal_relacionada_meta]]></wp:meta_key>
		<wp:meta_value><![CDATA[a:1:{i:0;s:2:"22";}]]></wp:meta_value>
		</wp:postmeta>
							<wp:postmeta>
		<wp:meta_key><![CDATA[valpa_no_homenaje_meta]]></wp:meta_key>
		<wp:meta_value><![CDATA[0020000577]]></wp:meta_value>
		</wp:postmeta>
							<wp:postmeta>
		<wp:meta_key><![CDATA[servicio_relacionado_meta]]></wp:meta_key>
		<wp:meta_value><![CDATA[a:1:{i:0;s:9:"Domicilio";}]]></wp:meta_value>
		</wp:postmeta>
							<wp:postmeta>
		<wp:meta_key><![CDATA[valpa_nacimiento_dia_meta]]></wp:meta_key>
		<wp:meta_value><![CDATA[]]></wp:meta_value>
		</wp:postmeta>
							<wp:postmeta>
		<wp:meta_key><![CDATA[valpa_nacimiento_mes_meta]]></wp:meta_key>
		<wp:meta_value><![CDATA[]]></wp:meta_value>
		</wp:postmeta>
							<wp:postmeta>
		<wp:meta_key><![CDATA[valpa_nacimiento_ano_meta]]></wp:meta_key>
		<wp:meta_value><![CDATA[]]></wp:meta_value>
		</wp:postmeta>
							<wp:postmeta>
		<wp:meta_key><![CDATA[post_views_count]]></wp:meta_key>
		<wp:meta_value><![CDATA[98]]></wp:meta_value>
		</wp:postmeta>
							<wp:postmeta>
		<wp:meta_key><![CDATA[num_recuerdos_meta]]></wp:meta_key>
		<wp:meta_value><![CDATA[1]]></wp:meta_value>
		</wp:postmeta>
							</item>
					<item>
		<title><![CDATA[Alberto Alejandro Vega Soriano]]></title>
		<link>http://localhost/sass-wp/obituario/alberto-alejandro-vega-soriano/</link>
		<pubDate>Sat, 21 Nov 2020 09:47:28 +0000</pubDate>
		<dc:creator><![CDATA[webmaster]]></dc:creator>
		<guid isPermaLink="false">http://valparaiso.com.mx/?post_type=valpa_obituario_pt&#038;p=6296</guid>
		<description></description>
		<content:encoded><![CDATA[<h2>TE DIGO ADIOS PARA TODA LA VIDA, PERO TODA LA VIDA SEGUIRE PENSANDO EN TI.</h2>]]></content:encoded>
		<excerpt:encoded><![CDATA[]]></excerpt:encoded>
		<wp:post_id>6296</wp:post_id>
		<wp:post_date><![CDATA[2020-11-21 09:47:28]]></wp:post_date>
		<wp:post_date_gmt><![CDATA[2020-11-21 09:47:28]]></wp:post_date_gmt>
		<wp:post_modified><![CDATA[2020-11-21 09:47:28]]></wp:post_modified>
		<wp:post_modified_gmt><![CDATA[2020-11-21 09:47:28]]></wp:post_modified_gmt>
		<wp:comment_status><![CDATA[open]]></wp:comment_status>
		<wp:ping_status><![CDATA[closed]]></wp:ping_status>
		<wp:post_name><![CDATA[alberto-alejandro-vega-soriano]]></wp:post_name>
		<wp:status><![CDATA[publish]]></wp:status>
		<wp:post_parent>0</wp:post_parent>
		<wp:menu_order>0</wp:menu_order>
		<wp:post_type><![CDATA[valpa_obituario_pt]]></wp:post_type>
		<wp:post_password><![CDATA[]]></wp:post_password>
		<wp:is_sticky>0</wp:is_sticky>
														<wp:postmeta>
		<wp:meta_key><![CDATA[_edit_last]]></wp:meta_key>
		<wp:meta_value><![CDATA[1]]></wp:meta_value>
		</wp:postmeta>
							<wp:postmeta>
		<wp:meta_key><![CDATA[valpa_no_homenaje_meta]]></wp:meta_key>
		<wp:meta_value><![CDATA[0020000582]]></wp:meta_value>
		</wp:postmeta>
							<wp:postmeta>
		<wp:meta_key><![CDATA[valpa_nacimiento_dia_meta]]></wp:meta_key>
		<wp:meta_value><![CDATA[20]]></wp:meta_value>
		</wp:postmeta>
							<wp:postmeta>
		<wp:meta_key><![CDATA[valpa_nacimiento_mes_meta]]></wp:meta_key>
		<wp:meta_value><![CDATA[04]]></wp:meta_value>
		</wp:postmeta>
							<wp:postmeta>
		<wp:meta_key><![CDATA[valpa_nacimiento_ano_meta]]></wp:meta_key>
		<wp:meta_value><![CDATA[1940]]></wp:meta_value>
		</wp:postmeta>
							<wp:postmeta>
		<wp:meta_key><![CDATA[_oembed_ebd1e847dd483677a1c01a2d46eda5f4]]></wp:meta_key>
		<wp:meta_value><![CDATA[{{unknown}}]]></wp:meta_value>
		</wp:postmeta>
							<wp:postmeta>
		<wp:meta_key><![CDATA[_thumbnail_id]]></wp:meta_key>
		<wp:meta_value><![CDATA[6319]]></wp:meta_value>
		</wp:postmeta>
							<wp:postmeta>
		<wp:meta_key><![CDATA[sucursal_relacionada_meta]]></wp:meta_key>
		<wp:meta_value><![CDATA[a:1:{i:0;s:2:"22";}]]></wp:meta_value>
		</wp:postmeta>
							<wp:postmeta>
		<wp:meta_key><![CDATA[servicio_relacionado_meta]]></wp:meta_key>
		<wp:meta_value><![CDATA[a:1:{i:0;s:8:"Sucursal";}]]></wp:meta_value>
		</wp:postmeta>
							<wp:postmeta>
		<wp:meta_key><![CDATA[post_views_count]]></wp:meta_key>
		<wp:meta_value><![CDATA[175]]></wp:meta_value>
		</wp:postmeta>
							<wp:postmeta>
		<wp:meta_key><![CDATA[num_velas_meta]]></wp:meta_key>
		<wp:meta_value><![CDATA[2]]></wp:meta_value>
		</wp:postmeta>
							</item>
					<item>
		<title><![CDATA[Alejandro Estrada  RodrÃ­guez]]></title>
		<link>http://localhost/sass-wp/obituario/alejandro-estrada-rodriguez/</link>
		<pubDate>Sat, 21 Nov 2020 15:18:49 +0000</pubDate>
		<dc:creator><![CDATA[webmaster]]></dc:creator>
		<guid isPermaLink="false">http://valparaiso.com.mx/?post_type=valpa_obituario_pt&#038;p=6324</guid>
		<description></description>
		<content:encoded><![CDATA[A PESAR DE NO ESTAR PRESENTE EN CUERPO, TU ESTARAS CON NOSOTROS POR SIEMPRE EN NUESTROS CORAZONES]]></content:encoded>
		<excerpt:encoded><![CDATA[]]></excerpt:encoded>
		<wp:post_id>6324</wp:post_id>
		<wp:post_date><![CDATA[2020-11-21 15:18:49]]></wp:post_date>
		<wp:post_date_gmt><![CDATA[2020-11-21 15:18:49]]></wp:post_date_gmt>
		<wp:post_modified><![CDATA[2020-11-21 15:18:49]]></wp:post_modified>
		<wp:post_modified_gmt><![CDATA[2020-11-21 15:18:49]]></wp:post_modified_gmt>
		<wp:comment_status><![CDATA[open]]></wp:comment_status>
		<wp:ping_status><![CDATA[closed]]></wp:ping_status>
		<wp:post_name><![CDATA[alejandro-estrada-rodriguez]]></wp:post_name>
		<wp:status><![CDATA[publish]]></wp:status>
		<wp:post_parent>0</wp:post_parent>
		<wp:menu_order>0</wp:menu_order>
		<wp:post_type><![CDATA[valpa_obituario_pt]]></wp:post_type>
		<wp:post_password><![CDATA[]]></wp:post_password>
		<wp:is_sticky>0</wp:is_sticky>
														<wp:postmeta>
		<wp:meta_key><![CDATA[_edit_last]]></wp:meta_key>
		<wp:meta_value><![CDATA[1]]></wp:meta_value>
		</wp:postmeta>
							<wp:postmeta>
		<wp:meta_key><![CDATA[sucursal_relacionada_meta]]></wp:meta_key>
		<wp:meta_value><![CDATA[a:1:{i:0;s:2:"22";}]]></wp:meta_value>
		</wp:postmeta>
							<wp:postmeta>
		<wp:meta_key><![CDATA[valpa_no_homenaje_meta]]></wp:meta_key>
		<wp:meta_value><![CDATA[0020000583]]></wp:meta_value>
		</wp:postmeta>
							<wp:postmeta>
		<wp:meta_key><![CDATA[servicio_relacionado_meta]]></wp:meta_key>
		<wp:meta_value><![CDATA[a:1:{i:0;s:9:"Domicilio";}]]></wp:meta_value>
		</wp:postmeta>
							<wp:postmeta>
		<wp:meta_key><![CDATA[valpa_nacimiento_dia_meta]]></wp:meta_key>
		<wp:meta_value><![CDATA[16]]></wp:meta_value>
		</wp:postmeta>
							<wp:postmeta>
		<wp:meta_key><![CDATA[valpa_nacimiento_mes_meta]]></wp:meta_key>
		<wp:meta_value><![CDATA[06]]></wp:meta_value>
		</wp:postmeta>
							<wp:postmeta>
		<wp:meta_key><![CDATA[valpa_nacimiento_ano_meta]]></wp:meta_key>
		<wp:meta_value><![CDATA[1977]]></wp:meta_value>
		</wp:postmeta>
							<wp:postmeta>
		<wp:meta_key><![CDATA[post_views_count]]></wp:meta_key>
		<wp:meta_value><![CDATA[731]]></wp:meta_value>
		</wp:postmeta>
							<wp:postmeta>
		<wp:meta_key><![CDATA[num_recuerdos_meta]]></wp:meta_key>
		<wp:meta_value><![CDATA[15]]></wp:meta_value>
		</wp:postmeta>
							<wp:postmeta>
		<wp:meta_key><![CDATA[num_velas_meta]]></wp:meta_key>
		<wp:meta_value><![CDATA[48]]></wp:meta_value>
		</wp:postmeta>
							</item>
					<item>
		<title><![CDATA[Francisco Barrera Vega]]></title>
		<link>http://localhost/sass-wp/obituario/francisco-barrera-vega/</link>
		<pubDate>Sun, 22 Nov 2020 00:35:10 +0000</pubDate>
		<dc:creator><![CDATA[webmaster]]></dc:creator>
		<guid isPermaLink="false">http://valparaiso.com.mx/?post_type=valpa_obituario_pt&#038;p=6387</guid>
		<description></description>
		<content:encoded><![CDATA[A PESAR DE NO ESTAR PRESENTE EN CUERPO, TU ESTARAS CON NOSOTROS POR SIEMPRE EN NUESTROS CORAZONES]]></content:encoded>
		<excerpt:encoded><![CDATA[]]></excerpt:encoded>
		<wp:post_id>6387</wp:post_id>
		<wp:post_date><![CDATA[2020-11-22 00:35:10]]></wp:post_date>
		<wp:post_date_gmt><![CDATA[2020-11-22 00:35:10]]></wp:post_date_gmt>
		<wp:post_modified><![CDATA[2020-11-22 00:35:10]]></wp:post_modified>
		<wp:post_modified_gmt><![CDATA[2020-11-22 00:35:10]]></wp:post_modified_gmt>
		<wp:comment_status><![CDATA[open]]></wp:comment_status>
		<wp:ping_status><![CDATA[closed]]></wp:ping_status>
		<wp:post_name><![CDATA[francisco-barrera-vega]]></wp:post_name>
		<wp:status><![CDATA[publish]]></wp:status>
		<wp:post_parent>0</wp:post_parent>
		<wp:menu_order>0</wp:menu_order>
		<wp:post_type><![CDATA[valpa_obituario_pt]]></wp:post_type>
		<wp:post_password><![CDATA[]]></wp:post_password>
		<wp:is_sticky>0</wp:is_sticky>
														<wp:postmeta>
		<wp:meta_key><![CDATA[_edit_last]]></wp:meta_key>
		<wp:meta_value><![CDATA[1]]></wp:meta_value>
		</wp:postmeta>
							<wp:postmeta>
		<wp:meta_key><![CDATA[sucursal_relacionada_meta]]></wp:meta_key>
		<wp:meta_value><![CDATA[a:1:{i:0;s:2:"22";}]]></wp:meta_value>
		</wp:postmeta>
							<wp:postmeta>
		<wp:meta_key><![CDATA[valpa_no_homenaje_meta]]></wp:meta_key>
		<wp:meta_value><![CDATA[0020000584]]></wp:meta_value>
		</wp:postmeta>
							<wp:postmeta>
		<wp:meta_key><![CDATA[servicio_relacionado_meta]]></wp:meta_key>
		<wp:meta_value><![CDATA[a:1:{i:0;s:8:"Sucursal";}]]></wp:meta_value>
		</wp:postmeta>
							<wp:postmeta>
		<wp:meta_key><![CDATA[valpa_nacimiento_dia_meta]]></wp:meta_key>
		<wp:meta_value><![CDATA[02]]></wp:meta_value>
		</wp:postmeta>
							<wp:postmeta>
		<wp:meta_key><![CDATA[valpa_nacimiento_mes_meta]]></wp:meta_key>
		<wp:meta_value><![CDATA[09]]></wp:meta_value>
		</wp:postmeta>
							<wp:postmeta>
		<wp:meta_key><![CDATA[valpa_nacimiento_ano_meta]]></wp:meta_key>
		<wp:meta_value><![CDATA[1927]]></wp:meta_value>
		</wp:postmeta>
							<wp:postmeta>
		<wp:meta_key><![CDATA[post_views_count]]></wp:meta_key>
		<wp:meta_value><![CDATA[258]]></wp:meta_value>
		</wp:postmeta>
							<wp:postmeta>
		<wp:meta_key><![CDATA[_thumbnail_id]]></wp:meta_key>
		<wp:meta_value><![CDATA[6388]]></wp:meta_value>
		</wp:postmeta>
							<wp:postmeta>
		<wp:meta_key><![CDATA[num_velas_meta]]></wp:meta_key>
		<wp:meta_value><![CDATA[10]]></wp:meta_value>
		</wp:postmeta>
							<wp:postmeta>
		<wp:meta_key><![CDATA[num_recuerdos_meta]]></wp:meta_key>
		<wp:meta_value><![CDATA[7]]></wp:meta_value>
		</wp:postmeta>
							</item>
					<item>
		<title><![CDATA[Paula PeÃ±a Placido]]></title>
		<link>http://localhost/sass-wp/obituario/paula-pena-placido/</link>
		<pubDate>Mon, 23 Nov 2020 16:57:06 +0000</pubDate>
		<dc:creator><![CDATA[webmaster]]></dc:creator>
		<guid isPermaLink="false">http://valparaiso.com.mx/?post_type=valpa_obituario_pt&#038;p=6586</guid>
		<description></description>
		<content:encoded><![CDATA[TE DIGO ADIOS PARA TODA LA VIDA, PERO TODA LA VIDA SEGUIRE PENSANDO EN TI.]]></content:encoded>
		<excerpt:encoded><![CDATA[]]></excerpt:encoded>
		<wp:post_id>6586</wp:post_id>
		<wp:post_date><![CDATA[2020-11-23 16:57:06]]></wp:post_date>
		<wp:post_date_gmt><![CDATA[2020-11-23 16:57:06]]></wp:post_date_gmt>
		<wp:post_modified><![CDATA[2020-11-23 16:57:06]]></wp:post_modified>
		<wp:post_modified_gmt><![CDATA[2020-11-23 16:57:06]]></wp:post_modified_gmt>
		<wp:comment_status><![CDATA[open]]></wp:comment_status>
		<wp:ping_status><![CDATA[closed]]></wp:ping_status>
		<wp:post_name><![CDATA[paula-pena-placido]]></wp:post_name>
		<wp:status><![CDATA[publish]]></wp:status>
		<wp:post_parent>0</wp:post_parent>
		<wp:menu_order>0</wp:menu_order>
		<wp:post_type><![CDATA[valpa_obituario_pt]]></wp:post_type>
		<wp:post_password><![CDATA[]]></wp:post_password>
		<wp:is_sticky>0</wp:is_sticky>
														<wp:postmeta>
		<wp:meta_key><![CDATA[_edit_last]]></wp:meta_key>
		<wp:meta_value><![CDATA[1]]></wp:meta_value>
		</wp:postmeta>
							<wp:postmeta>
		<wp:meta_key><![CDATA[sucursal_relacionada_meta]]></wp:meta_key>
		<wp:meta_value><![CDATA[a:1:{i:0;s:2:"22";}]]></wp:meta_value>
		</wp:postmeta>
							<wp:postmeta>
		<wp:meta_key><![CDATA[valpa_no_homenaje_meta]]></wp:meta_key>
		<wp:meta_value><![CDATA[0020000587]]></wp:meta_value>
		</wp:postmeta>
							<wp:postmeta>
		<wp:meta_key><![CDATA[servicio_relacionado_meta]]></wp:meta_key>
		<wp:meta_value><![CDATA[a:1:{i:0;s:9:"Domicilio";}]]></wp:meta_value>
		</wp:postmeta>
							<wp:postmeta>
		<wp:meta_key><![CDATA[valpa_nacimiento_dia_meta]]></wp:meta_key>
		<wp:meta_value><![CDATA[19]]></wp:meta_value>
		</wp:postmeta>
							<wp:postmeta>
		<wp:meta_key><![CDATA[valpa_nacimiento_mes_meta]]></wp:meta_key>
		<wp:meta_value><![CDATA[06]]></wp:meta_value>
		</wp:postmeta>
							<wp:postmeta>
		<wp:meta_key><![CDATA[valpa_nacimiento_ano_meta]]></wp:meta_key>
		<wp:meta_value><![CDATA[1949]]></wp:meta_value>
		</wp:postmeta>
							<wp:postmeta>
		<wp:meta_key><![CDATA[post_views_count]]></wp:meta_key>
		<wp:meta_value><![CDATA[177]]></wp:meta_value>
		</wp:postmeta>
							</item>
					<item>
		<title><![CDATA[Vicenta Lorena Reza Villanueva]]></title>
		<link>http://localhost/sass-wp/obituario/vicenta-lorena-reza-villanueva/</link>
		<pubDate>Wed, 25 Nov 2020 02:53:07 +0000</pubDate>
		<dc:creator><![CDATA[webmaster]]></dc:creator>
		<guid isPermaLink="false">http://valparaiso.com.mx/?post_type=valpa_obituario_pt&#038;p=6791</guid>
		<description></description>
		<content:encoded><![CDATA[A PESAR DE NO ESTAR PRESENTE EN CUERPO, TU ESTARAS CON NOSOTROS POR SIEMPRE EN NUESTROS CORAZONES]]></content:encoded>
		<excerpt:encoded><![CDATA[]]></excerpt:encoded>
		<wp:post_id>6791</wp:post_id>
		<wp:post_date><![CDATA[2020-11-25 02:53:07]]></wp:post_date>
		<wp:post_date_gmt><![CDATA[2020-11-25 02:53:07]]></wp:post_date_gmt>
		<wp:post_modified><![CDATA[2020-11-25 02:53:07]]></wp:post_modified>
		<wp:post_modified_gmt><![CDATA[2020-11-25 02:53:07]]></wp:post_modified_gmt>
		<wp:comment_status><![CDATA[open]]></wp:comment_status>
		<wp:ping_status><![CDATA[closed]]></wp:ping_status>
		<wp:post_name><![CDATA[vicenta-lorena-reza-villanueva]]></wp:post_name>
		<wp:status><![CDATA[publish]]></wp:status>
		<wp:post_parent>0</wp:post_parent>
		<wp:menu_order>0</wp:menu_order>
		<wp:post_type><![CDATA[valpa_obituario_pt]]></wp:post_type>
		<wp:post_password><![CDATA[]]></wp:post_password>
		<wp:is_sticky>0</wp:is_sticky>
														<wp:postmeta>
		<wp:meta_key><![CDATA[_edit_last]]></wp:meta_key>
		<wp:meta_value><![CDATA[1]]></wp:meta_value>
		</wp:postmeta>
							<wp:postmeta>
		<wp:meta_key><![CDATA[sucursal_relacionada_meta]]></wp:meta_key>
		<wp:meta_value><![CDATA[a:1:{i:0;s:2:"22";}]]></wp:meta_value>
		</wp:postmeta>
							<wp:postmeta>
		<wp:meta_key><![CDATA[valpa_no_homenaje_meta]]></wp:meta_key>
		<wp:meta_value><![CDATA[0020000589]]></wp:meta_value>
		</wp:postmeta>
							<wp:postmeta>
		<wp:meta_key><![CDATA[servicio_relacionado_meta]]></wp:meta_key>
		<wp:meta_value><![CDATA[a:1:{i:0;s:9:"Domicilio";}]]></wp:meta_value>
		</wp:postmeta>
							<wp:postmeta>
		<wp:meta_key><![CDATA[valpa_nacimiento_dia_meta]]></wp:meta_key>
		<wp:meta_value><![CDATA[22]]></wp:meta_value>
		</wp:postmeta>
							<wp:postmeta>
		<wp:meta_key><![CDATA[valpa_nacimiento_mes_meta]]></wp:meta_key>
		<wp:meta_value><![CDATA[1]]></wp:meta_value>
		</wp:postmeta>
							<wp:postmeta>
		<wp:meta_key><![CDATA[valpa_nacimiento_ano_meta]]></wp:meta_key>
		<wp:meta_value><![CDATA[1968]]></wp:meta_value>
		</wp:postmeta>
							<wp:postmeta>
		<wp:meta_key><![CDATA[post_views_count]]></wp:meta_key>
		<wp:meta_value><![CDATA[118]]></wp:meta_value>
		</wp:postmeta>
							<wp:postmeta>
		<wp:meta_key><![CDATA[num_recuerdos_meta]]></wp:meta_key>
		<wp:meta_value><![CDATA[1]]></wp:meta_value>
		</wp:postmeta>
							<wp:postmeta>
		<wp:meta_key><![CDATA[num_velas_meta]]></wp:meta_key>
		<wp:meta_value><![CDATA[1]]></wp:meta_value>
		</wp:postmeta>
							</item>
					<item>
		<title><![CDATA[Paula PeÃ±a Placido]]></title>
		<link>http://localhost/sass-wp/obituario/paula-pena-placido-2/</link>
		<pubDate>Wed, 25 Nov 2020 03:03:36 +0000</pubDate>
		<dc:creator><![CDATA[webmaster]]></dc:creator>
		<guid isPermaLink="false">http://valparaiso.com.mx/?post_type=valpa_obituario_pt&#038;p=6837</guid>
		<description></description>
		<content:encoded><![CDATA[A PESAR DE NO ESTAR PRESENTE EN CUERPO, TU ESTARAS CON NOSOTROS POR SIEMPRE EN NUESTROS CORAZONES]]></content:encoded>
		<excerpt:encoded><![CDATA[]]></excerpt:encoded>
		<wp:post_id>6837</wp:post_id>
		<wp:post_date><![CDATA[2020-11-25 03:03:36]]></wp:post_date>
		<wp:post_date_gmt><![CDATA[2020-11-25 03:03:36]]></wp:post_date_gmt>
		<wp:post_modified><![CDATA[2020-11-25 03:03:36]]></wp:post_modified>
		<wp:post_modified_gmt><![CDATA[2020-11-25 03:03:36]]></wp:post_modified_gmt>
		<wp:comment_status><![CDATA[open]]></wp:comment_status>
		<wp:ping_status><![CDATA[closed]]></wp:ping_status>
		<wp:post_name><![CDATA[paula-pena-placido-2]]></wp:post_name>
		<wp:status><![CDATA[publish]]></wp:status>
		<wp:post_parent>0</wp:post_parent>
		<wp:menu_order>0</wp:menu_order>
		<wp:post_type><![CDATA[valpa_obituario_pt]]></wp:post_type>
		<wp:post_password><![CDATA[]]></wp:post_password>
		<wp:is_sticky>0</wp:is_sticky>
														<wp:postmeta>
		<wp:meta_key><![CDATA[_edit_last]]></wp:meta_key>
		<wp:meta_value><![CDATA[1]]></wp:meta_value>
		</wp:postmeta>
							<wp:postmeta>
		<wp:meta_key><![CDATA[post_views_count]]></wp:meta_key>
		<wp:meta_value><![CDATA[330]]></wp:meta_value>
		</wp:postmeta>
							<wp:postmeta>
		<wp:meta_key><![CDATA[_thumbnail_id]]></wp:meta_key>
		<wp:meta_value><![CDATA[6871]]></wp:meta_value>
		</wp:postmeta>
							<wp:postmeta>
		<wp:meta_key><![CDATA[sucursal_relacionada_meta]]></wp:meta_key>
		<wp:meta_value><![CDATA[a:1:{i:0;s:2:"22";}]]></wp:meta_value>
		</wp:postmeta>
							<wp:postmeta>
		<wp:meta_key><![CDATA[valpa_no_homenaje_meta]]></wp:meta_key>
		<wp:meta_value><![CDATA[0020000587]]></wp:meta_value>
		</wp:postmeta>
							<wp:postmeta>
		<wp:meta_key><![CDATA[servicio_relacionado_meta]]></wp:meta_key>
		<wp:meta_value><![CDATA[a:1:{i:0;s:9:"Domicilio";}]]></wp:meta_value>
		</wp:postmeta>
							<wp:postmeta>
		<wp:meta_key><![CDATA[valpa_nacimiento_dia_meta]]></wp:meta_key>
		<wp:meta_value><![CDATA[]]></wp:meta_value>
		</wp:postmeta>
							<wp:postmeta>
		<wp:meta_key><![CDATA[valpa_nacimiento_mes_meta]]></wp:meta_key>
		<wp:meta_value><![CDATA[]]></wp:meta_value>
		</wp:postmeta>
							<wp:postmeta>
		<wp:meta_key><![CDATA[valpa_nacimiento_ano_meta]]></wp:meta_key>
		<wp:meta_value><![CDATA[]]></wp:meta_value>
		</wp:postmeta>
							<wp:postmeta>
		<wp:meta_key><![CDATA[num_recuerdos_meta]]></wp:meta_key>
		<wp:meta_value><![CDATA[1]]></wp:meta_value>
		</wp:postmeta>
							</item>
					<item>
		<title><![CDATA[Maria Del Socorro Fuentes Arriaga]]></title>
		<link>http://localhost/sass-wp/obituario/maria-del-socorro-fuentes-arriaga/</link>
		<pubDate>Thu, 26 Nov 2020 15:52:21 +0000</pubDate>
		<dc:creator><![CDATA[webmaster]]></dc:creator>
		<guid isPermaLink="false">http://valparaiso.com.mx/?post_type=valpa_obituario_pt&#038;p=6951</guid>
		<description></description>
		<content:encoded><![CDATA[LA MUERTE DEJA UN DOLOR EN EL CORAZON, QUE NADIE PUEDE SANAR PERO EL AMOR DEJA UNA MEMORIA QUE NADIE PUEDE ROBAR]]></content:encoded>
		<excerpt:encoded><![CDATA[]]></excerpt:encoded>
		<wp:post_id>6951</wp:post_id>
		<wp:post_date><![CDATA[2020-11-26 15:52:21]]></wp:post_date>
		<wp:post_date_gmt><![CDATA[2020-11-26 15:52:21]]></wp:post_date_gmt>
		<wp:post_modified><![CDATA[2020-11-26 15:52:21]]></wp:post_modified>
		<wp:post_modified_gmt><![CDATA[2020-11-26 15:52:21]]></wp:post_modified_gmt>
		<wp:comment_status><![CDATA[open]]></wp:comment_status>
		<wp:ping_status><![CDATA[closed]]></wp:ping_status>
		<wp:post_name><![CDATA[maria-del-socorro-fuentes-arriaga]]></wp:post_name>
		<wp:status><![CDATA[publish]]></wp:status>
		<wp:post_parent>0</wp:post_parent>
		<wp:menu_order>0</wp:menu_order>
		<wp:post_type><![CDATA[valpa_obituario_pt]]></wp:post_type>
		<wp:post_password><![CDATA[]]></wp:post_password>
		<wp:is_sticky>0</wp:is_sticky>
														<wp:postmeta>
		<wp:meta_key><![CDATA[_edit_last]]></wp:meta_key>
		<wp:meta_value><![CDATA[1]]></wp:meta_value>
		</wp:postmeta>
							<wp:postmeta>
		<wp:meta_key><![CDATA[sucursal_relacionada_meta]]></wp:meta_key>
		<wp:meta_value><![CDATA[a:1:{i:0;s:2:"22";}]]></wp:meta_value>
		</wp:postmeta>
							<wp:postmeta>
		<wp:meta_key><![CDATA[valpa_no_homenaje_meta]]></wp:meta_key>
		<wp:meta_value><![CDATA[0020000590]]></wp:meta_value>
		</wp:postmeta>
							<wp:postmeta>
		<wp:meta_key><![CDATA[servicio_relacionado_meta]]></wp:meta_key>
		<wp:meta_value><![CDATA[a:1:{i:0;s:9:"Domicilio";}]]></wp:meta_value>
		</wp:postmeta>
							<wp:postmeta>
		<wp:meta_key><![CDATA[valpa_nacimiento_dia_meta]]></wp:meta_key>
		<wp:meta_value><![CDATA[13]]></wp:meta_value>
		</wp:postmeta>
							<wp:postmeta>
		<wp:meta_key><![CDATA[valpa_nacimiento_mes_meta]]></wp:meta_key>
		<wp:meta_value><![CDATA[05]]></wp:meta_value>
		</wp:postmeta>
							<wp:postmeta>
		<wp:meta_key><![CDATA[valpa_nacimiento_ano_meta]]></wp:meta_key>
		<wp:meta_value><![CDATA[1950]]></wp:meta_value>
		</wp:postmeta>
							<wp:postmeta>
		<wp:meta_key><![CDATA[post_views_count]]></wp:meta_key>
		<wp:meta_value><![CDATA[77]]></wp:meta_value>
		</wp:postmeta>
							</item>
					<item>
		<title><![CDATA[Miriam Sofia CastaÃ±eda Galindo]]></title>
		<link>http://localhost/sass-wp/obituario/miriam-sofia-castaneda-galindo/</link>
		<pubDate>Thu, 26 Nov 2020 16:21:42 +0000</pubDate>
		<dc:creator><![CDATA[webmaster]]></dc:creator>
		<guid isPermaLink="false">http://valparaiso.com.mx/?post_type=valpa_obituario_pt&#038;p=6953</guid>
		<description></description>
		<content:encoded><![CDATA[LA MUERTE DEJA UN DOLOR EN EL CORAZON, QUE NADIE PUEDE SANAR PERO EL AMOR DEJA UNA MEMORIA QUE NADIE PUEDE ROBAR]]></content:encoded>
		<excerpt:encoded><![CDATA[]]></excerpt:encoded>
		<wp:post_id>6953</wp:post_id>
		<wp:post_date><![CDATA[2020-11-26 16:21:42]]></wp:post_date>
		<wp:post_date_gmt><![CDATA[2020-11-26 16:21:42]]></wp:post_date_gmt>
		<wp:post_modified><![CDATA[2020-11-26 16:21:42]]></wp:post_modified>
		<wp:post_modified_gmt><![CDATA[2020-11-26 16:21:42]]></wp:post_modified_gmt>
		<wp:comment_status><![CDATA[open]]></wp:comment_status>
		<wp:ping_status><![CDATA[closed]]></wp:ping_status>
		<wp:post_name><![CDATA[miriam-sofia-castaneda-galindo]]></wp:post_name>
		<wp:status><![CDATA[publish]]></wp:status>
		<wp:post_parent>0</wp:post_parent>
		<wp:menu_order>0</wp:menu_order>
		<wp:post_type><![CDATA[valpa_obituario_pt]]></wp:post_type>
		<wp:post_password><![CDATA[]]></wp:post_password>
		<wp:is_sticky>0</wp:is_sticky>
														<wp:postmeta>
		<wp:meta_key><![CDATA[_edit_last]]></wp:meta_key>
		<wp:meta_value><![CDATA[1]]></wp:meta_value>
		</wp:postmeta>
							<wp:postmeta>
		<wp:meta_key><![CDATA[sucursal_relacionada_meta]]></wp:meta_key>
		<wp:meta_value><![CDATA[a:1:{i:0;s:2:"22";}]]></wp:meta_value>
		</wp:postmeta>
							<wp:postmeta>
		<wp:meta_key><![CDATA[valpa_no_homenaje_meta]]></wp:meta_key>
		<wp:meta_value><![CDATA[0020000592]]></wp:meta_value>
		</wp:postmeta>
							<wp:postmeta>
		<wp:meta_key><![CDATA[servicio_relacionado_meta]]></wp:meta_key>
		<wp:meta_value><![CDATA[a:1:{i:0;s:9:"Domicilio";}]]></wp:meta_value>
		</wp:postmeta>
							<wp:postmeta>
		<wp:meta_key><![CDATA[valpa_nacimiento_dia_meta]]></wp:meta_key>
		<wp:meta_value><![CDATA[08]]></wp:meta_value>
		</wp:postmeta>
							<wp:postmeta>
		<wp:meta_key><![CDATA[valpa_nacimiento_mes_meta]]></wp:meta_key>
		<wp:meta_value><![CDATA[03]]></wp:meta_value>
		</wp:postmeta>
							<wp:postmeta>
		<wp:meta_key><![CDATA[valpa_nacimiento_ano_meta]]></wp:meta_key>
		<wp:meta_value><![CDATA[1950]]></wp:meta_value>
		</wp:postmeta>
							<wp:postmeta>
		<wp:meta_key><![CDATA[post_views_count]]></wp:meta_key>
		<wp:meta_value><![CDATA[113]]></wp:meta_value>
		</wp:postmeta>
							<wp:postmeta>
		<wp:meta_key><![CDATA[num_velas_meta]]></wp:meta_key>
		<wp:meta_value><![CDATA[1]]></wp:meta_value>
		</wp:postmeta>
							</item>
					<item>
		<title><![CDATA[Adriana Morales Santos]]></title>
		<link>http://localhost/sass-wp/obituario/adriana-morales-santos/</link>
		<pubDate>Thu, 26 Nov 2020 16:23:58 +0000</pubDate>
		<dc:creator><![CDATA[webmaster]]></dc:creator>
		<guid isPermaLink="false">http://valparaiso.com.mx/?post_type=valpa_obituario_pt&#038;p=6954</guid>
		<description></description>
		<content:encoded><![CDATA[LA MUERTE DEJA UN DOLOR EN EL CORAZON, QUE NADIE PUEDE SANAR PERO EL AMOR DEJA UNA MEMORIA QUE NADIE PUEDE ROBAR]]></content:encoded>
		<excerpt:encoded><![CDATA[]]></excerpt:encoded>
		<wp:post_id>6954</wp:post_id>
		<wp:post_date><![CDATA[2020-11-26 16:23:58]]></wp:post_date>
		<wp:post_date_gmt><![CDATA[2020-11-26 16:23:58]]></wp:post_date_gmt>
		<wp:post_modified><![CDATA[2020-11-26 16:23:58]]></wp:post_modified>
		<wp:post_modified_gmt><![CDATA[2020-11-26 16:23:58]]></wp:post_modified_gmt>
		<wp:comment_status><![CDATA[open]]></wp:comment_status>
		<wp:ping_status><![CDATA[closed]]></wp:ping_status>
		<wp:post_name><![CDATA[adriana-morales-santos]]></wp:post_name>
		<wp:status><![CDATA[publish]]></wp:status>
		<wp:post_parent>0</wp:post_parent>
		<wp:menu_order>0</wp:menu_order>
		<wp:post_type><![CDATA[valpa_obituario_pt]]></wp:post_type>
		<wp:post_password><![CDATA[]]></wp:post_password>
		<wp:is_sticky>0</wp:is_sticky>
														<wp:postmeta>
		<wp:meta_key><![CDATA[_edit_last]]></wp:meta_key>
		<wp:meta_value><![CDATA[1]]></wp:meta_value>
		</wp:postmeta>
							<wp:postmeta>
		<wp:meta_key><![CDATA[sucursal_relacionada_meta]]></wp:meta_key>
		<wp:meta_value><![CDATA[a:1:{i:0;s:2:"22";}]]></wp:meta_value>
		</wp:postmeta>
							<wp:postmeta>
		<wp:meta_key><![CDATA[valpa_no_homenaje_meta]]></wp:meta_key>
		<wp:meta_value><![CDATA[0020000593]]></wp:meta_value>
		</wp:postmeta>
							<wp:postmeta>
		<wp:meta_key><![CDATA[servicio_relacionado_meta]]></wp:meta_key>
		<wp:meta_value><![CDATA[a:1:{i:0;s:8:"Sucursal";}]]></wp:meta_value>
		</wp:postmeta>
							<wp:postmeta>
		<wp:meta_key><![CDATA[valpa_nacimiento_dia_meta]]></wp:meta_key>
		<wp:meta_value><![CDATA[20]]></wp:meta_value>
		</wp:postmeta>
							<wp:postmeta>
		<wp:meta_key><![CDATA[valpa_nacimiento_mes_meta]]></wp:meta_key>
		<wp:meta_value><![CDATA[02]]></wp:meta_value>
		</wp:postmeta>
							<wp:postmeta>
		<wp:meta_key><![CDATA[valpa_nacimiento_ano_meta]]></wp:meta_key>
		<wp:meta_value><![CDATA[1983]]></wp:meta_value>
		</wp:postmeta>
							<wp:postmeta>
		<wp:meta_key><![CDATA[post_views_count]]></wp:meta_key>
		<wp:meta_value><![CDATA[148]]></wp:meta_value>
		</wp:postmeta>
							<wp:postmeta>
		<wp:meta_key><![CDATA[_thumbnail_id]]></wp:meta_key>
		<wp:meta_value><![CDATA[6973]]></wp:meta_value>
		</wp:postmeta>
							<wp:postmeta>
		<wp:meta_key><![CDATA[num_velas_meta]]></wp:meta_key>
		<wp:meta_value><![CDATA[1]]></wp:meta_value>
		</wp:postmeta>
							<wp:postmeta>
		<wp:meta_key><![CDATA[num_recuerdos_meta]]></wp:meta_key>
		<wp:meta_value><![CDATA[1]]></wp:meta_value>
		</wp:postmeta>
							</item>
					<item>
		<title><![CDATA[Martha Sixta Almazan Gonzalez]]></title>
		<link>http://localhost/sass-wp/obituario/martha-sixta-almazan-gonzalez/</link>
		<pubDate>Thu, 26 Nov 2020 23:10:20 +0000</pubDate>
		<dc:creator><![CDATA[webmaster]]></dc:creator>
		<guid isPermaLink="false">http://valparaiso.com.mx/?post_type=valpa_obituario_pt&#038;p=7054</guid>
		<description></description>
		<content:encoded><![CDATA[QUE BRILLE PARA TI, LA LUZ QUE NO TIENE FIN]]></content:encoded>
		<excerpt:encoded><![CDATA[]]></excerpt:encoded>
		<wp:post_id>7054</wp:post_id>
		<wp:post_date><![CDATA[2020-11-26 23:10:20]]></wp:post_date>
		<wp:post_date_gmt><![CDATA[2020-11-26 23:10:20]]></wp:post_date_gmt>
		<wp:post_modified><![CDATA[2020-11-26 23:10:20]]></wp:post_modified>
		<wp:post_modified_gmt><![CDATA[2020-11-26 23:10:20]]></wp:post_modified_gmt>
		<wp:comment_status><![CDATA[open]]></wp:comment_status>
		<wp:ping_status><![CDATA[closed]]></wp:ping_status>
		<wp:post_name><![CDATA[martha-sixta-almazan-gonzalez]]></wp:post_name>
		<wp:status><![CDATA[publish]]></wp:status>
		<wp:post_parent>0</wp:post_parent>
		<wp:menu_order>0</wp:menu_order>
		<wp:post_type><![CDATA[valpa_obituario_pt]]></wp:post_type>
		<wp:post_password><![CDATA[]]></wp:post_password>
		<wp:is_sticky>0</wp:is_sticky>
														<wp:postmeta>
		<wp:meta_key><![CDATA[_edit_last]]></wp:meta_key>
		<wp:meta_value><![CDATA[1]]></wp:meta_value>
		</wp:postmeta>
							<wp:postmeta>
		<wp:meta_key><![CDATA[sucursal_relacionada_meta]]></wp:meta_key>
		<wp:meta_value><![CDATA[a:1:{i:0;s:2:"22";}]]></wp:meta_value>
		</wp:postmeta>
							<wp:postmeta>
		<wp:meta_key><![CDATA[valpa_no_homenaje_meta]]></wp:meta_key>
		<wp:meta_value><![CDATA[0020000594]]></wp:meta_value>
		</wp:postmeta>
							<wp:postmeta>
		<wp:meta_key><![CDATA[servicio_relacionado_meta]]></wp:meta_key>
		<wp:meta_value><![CDATA[a:1:{i:0;s:9:"Domicilio";}]]></wp:meta_value>
		</wp:postmeta>
							<wp:postmeta>
		<wp:meta_key><![CDATA[valpa_nacimiento_dia_meta]]></wp:meta_key>
		<wp:meta_value><![CDATA[30]]></wp:meta_value>
		</wp:postmeta>
							<wp:postmeta>
		<wp:meta_key><![CDATA[valpa_nacimiento_mes_meta]]></wp:meta_key>
		<wp:meta_value><![CDATA[6]]></wp:meta_value>
		</wp:postmeta>
							<wp:postmeta>
		<wp:meta_key><![CDATA[valpa_nacimiento_ano_meta]]></wp:meta_key>
		<wp:meta_value><![CDATA[1943]]></wp:meta_value>
		</wp:postmeta>
							<wp:postmeta>
		<wp:meta_key><![CDATA[post_views_count]]></wp:meta_key>
		<wp:meta_value><![CDATA[308]]></wp:meta_value>
		</wp:postmeta>
							<wp:postmeta>
		<wp:meta_key><![CDATA[num_velas_meta]]></wp:meta_key>
		<wp:meta_value><![CDATA[6]]></wp:meta_value>
		</wp:postmeta>
							<wp:postmeta>
		<wp:meta_key><![CDATA[num_recuerdos_meta]]></wp:meta_key>
		<wp:meta_value><![CDATA[2]]></wp:meta_value>
		</wp:postmeta>
							<wp:postmeta>
		<wp:meta_key><![CDATA[_thumbnail_id]]></wp:meta_key>
		<wp:meta_value><![CDATA[7080]]></wp:meta_value>
		</wp:postmeta>
							</item>
					<item>
		<title><![CDATA[Leonila Molina Alonso]]></title>
		<link>http://localhost/sass-wp/obituario/leonila-molina-alonso/</link>
		<pubDate>Fri, 27 Nov 2020 09:17:09 +0000</pubDate>
		<dc:creator><![CDATA[webmaster]]></dc:creator>
		<guid isPermaLink="false">http://valparaiso.com.mx/?post_type=valpa_obituario_pt&#038;p=7072</guid>
		<description></description>
		<content:encoded><![CDATA[LA MUERTE DEJA UN DOLOR EN EL CORAZON, QUE NADIE PUEDE SANAR PERO EL AMOR DEJA UNA MEMORIA QUE NADIE PUEDE ROBAR]]></content:encoded>
		<excerpt:encoded><![CDATA[]]></excerpt:encoded>
		<wp:post_id>7072</wp:post_id>
		<wp:post_date><![CDATA[2020-11-27 09:17:09]]></wp:post_date>
		<wp:post_date_gmt><![CDATA[2020-11-27 09:17:09]]></wp:post_date_gmt>
		<wp:post_modified><![CDATA[2020-11-27 09:17:09]]></wp:post_modified>
		<wp:post_modified_gmt><![CDATA[2020-11-27 09:17:09]]></wp:post_modified_gmt>
		<wp:comment_status><![CDATA[open]]></wp:comment_status>
		<wp:ping_status><![CDATA[closed]]></wp:ping_status>
		<wp:post_name><![CDATA[leonila-molina-alonso]]></wp:post_name>
		<wp:status><![CDATA[publish]]></wp:status>
		<wp:post_parent>0</wp:post_parent>
		<wp:menu_order>0</wp:menu_order>
		<wp:post_type><![CDATA[valpa_obituario_pt]]></wp:post_type>
		<wp:post_password><![CDATA[]]></wp:post_password>
		<wp:is_sticky>0</wp:is_sticky>
														<wp:postmeta>
		<wp:meta_key><![CDATA[_edit_last]]></wp:meta_key>
		<wp:meta_value><![CDATA[1]]></wp:meta_value>
		</wp:postmeta>
							<wp:postmeta>
		<wp:meta_key><![CDATA[sucursal_relacionada_meta]]></wp:meta_key>
		<wp:meta_value><![CDATA[a:1:{i:0;s:2:"22";}]]></wp:meta_value>
		</wp:postmeta>
							<wp:postmeta>
		<wp:meta_key><![CDATA[valpa_no_homenaje_meta]]></wp:meta_key>
		<wp:meta_value><![CDATA[0020000597]]></wp:meta_value>
		</wp:postmeta>
							<wp:postmeta>
		<wp:meta_key><![CDATA[servicio_relacionado_meta]]></wp:meta_key>
		<wp:meta_value><![CDATA[a:1:{i:0;s:9:"Domicilio";}]]></wp:meta_value>
		</wp:postmeta>
							<wp:postmeta>
		<wp:meta_key><![CDATA[valpa_nacimiento_dia_meta]]></wp:meta_key>
		<wp:meta_value><![CDATA[06]]></wp:meta_value>
		</wp:postmeta>
							<wp:postmeta>
		<wp:meta_key><![CDATA[valpa_nacimiento_mes_meta]]></wp:meta_key>
		<wp:meta_value><![CDATA[12]]></wp:meta_value>
		</wp:postmeta>
							<wp:postmeta>
		<wp:meta_key><![CDATA[valpa_nacimiento_ano_meta]]></wp:meta_key>
		<wp:meta_value><![CDATA[1938]]></wp:meta_value>
		</wp:postmeta>
							<wp:postmeta>
		<wp:meta_key><![CDATA[post_views_count]]></wp:meta_key>
		<wp:meta_value><![CDATA[127]]></wp:meta_value>
		</wp:postmeta>
							<wp:postmeta>
		<wp:meta_key><![CDATA[num_recuerdos_meta]]></wp:meta_key>
		<wp:meta_value><![CDATA[1]]></wp:meta_value>
		</wp:postmeta>
							<wp:postmeta>
		<wp:meta_key><![CDATA[num_velas_meta]]></wp:meta_key>
		<wp:meta_value><![CDATA[1]]></wp:meta_value>
		</wp:postmeta>
							</item>
					<item>
		<title><![CDATA[Alejandro Miguel Terrazas Sotelo]]></title>
		<link>http://localhost/sass-wp/obituario/alejandro-miguel-terrazas-sotelo/</link>
		<pubDate>Sat, 28 Nov 2020 20:13:24 +0000</pubDate>
		<dc:creator><![CDATA[webmaster]]></dc:creator>
		<guid isPermaLink="false">http://valparaiso.com.mx/?post_type=valpa_obituario_pt&#038;p=7189</guid>
		<description></description>
		<content:encoded><![CDATA[<strong>QUE BRILLE PARA TI, LA LUZ QUE NO TIENE FIN.</strong>]]></content:encoded>
		<excerpt:encoded><![CDATA[]]></excerpt:encoded>
		<wp:post_id>7189</wp:post_id>
		<wp:post_date><![CDATA[2020-11-28 20:13:24]]></wp:post_date>
		<wp:post_date_gmt><![CDATA[2020-11-28 20:13:24]]></wp:post_date_gmt>
		<wp:post_modified><![CDATA[2020-11-28 20:13:24]]></wp:post_modified>
		<wp:post_modified_gmt><![CDATA[2020-11-28 20:13:24]]></wp:post_modified_gmt>
		<wp:comment_status><![CDATA[open]]></wp:comment_status>
		<wp:ping_status><![CDATA[closed]]></wp:ping_status>
		<wp:post_name><![CDATA[alejandro-miguel-terrazas-sotelo]]></wp:post_name>
		<wp:status><![CDATA[publish]]></wp:status>
		<wp:post_parent>0</wp:post_parent>
		<wp:menu_order>0</wp:menu_order>
		<wp:post_type><![CDATA[valpa_obituario_pt]]></wp:post_type>
		<wp:post_password><![CDATA[]]></wp:post_password>
		<wp:is_sticky>0</wp:is_sticky>
														<wp:postmeta>
		<wp:meta_key><![CDATA[_edit_last]]></wp:meta_key>
		<wp:meta_value><![CDATA[1]]></wp:meta_value>
		</wp:postmeta>
							<wp:postmeta>
		<wp:meta_key><![CDATA[_thumbnail_id]]></wp:meta_key>
		<wp:meta_value><![CDATA[7192]]></wp:meta_value>
		</wp:postmeta>
							<wp:postmeta>
		<wp:meta_key><![CDATA[sucursal_relacionada_meta]]></wp:meta_key>
		<wp:meta_value><![CDATA[a:1:{i:0;s:2:"22";}]]></wp:meta_value>
		</wp:postmeta>
							<wp:postmeta>
		<wp:meta_key><![CDATA[valpa_no_homenaje_meta]]></wp:meta_key>
		<wp:meta_value><![CDATA[0020000599]]></wp:meta_value>
		</wp:postmeta>
							<wp:postmeta>
		<wp:meta_key><![CDATA[servicio_relacionado_meta]]></wp:meta_key>
		<wp:meta_value><![CDATA[a:1:{i:0;s:8:"Sucursal";}]]></wp:meta_value>
		</wp:postmeta>
							<wp:postmeta>
		<wp:meta_key><![CDATA[valpa_nacimiento_dia_meta]]></wp:meta_key>
		<wp:meta_value><![CDATA[6]]></wp:meta_value>
		</wp:postmeta>
							<wp:postmeta>
		<wp:meta_key><![CDATA[valpa_nacimiento_mes_meta]]></wp:meta_key>
		<wp:meta_value><![CDATA[10]]></wp:meta_value>
		</wp:postmeta>
							<wp:postmeta>
		<wp:meta_key><![CDATA[valpa_nacimiento_ano_meta]]></wp:meta_key>
		<wp:meta_value><![CDATA[1951]]></wp:meta_value>
		</wp:postmeta>
							<wp:postmeta>
		<wp:meta_key><![CDATA[post_views_count]]></wp:meta_key>
		<wp:meta_value><![CDATA[405]]></wp:meta_value>
		</wp:postmeta>
							<wp:postmeta>
		<wp:meta_key><![CDATA[num_velas_meta]]></wp:meta_key>
		<wp:meta_value><![CDATA[29]]></wp:meta_value>
		</wp:postmeta>
							<wp:postmeta>
		<wp:meta_key><![CDATA[num_recuerdos_meta]]></wp:meta_key>
		<wp:meta_value><![CDATA[14]]></wp:meta_value>
		</wp:postmeta>
							</item>
					<item>
		<title><![CDATA[Rogaciano Solorzano Reyes]]></title>
		<link>http://localhost/sass-wp/obituario/rogaciano-solorzano-reyes/</link>
		<pubDate>Sun, 29 Nov 2020 02:32:16 +0000</pubDate>
		<dc:creator><![CDATA[webmaster]]></dc:creator>
		<guid isPermaLink="false">http://valparaiso.com.mx/?post_type=valpa_obituario_pt&#038;p=7221</guid>
		<description></description>
		<content:encoded><![CDATA[TE DIGO ADIOS PARA TODA LA VIDA, PERO TODA LA VIDA SEGUIRE PENSANDO EN TI.]]></content:encoded>
		<excerpt:encoded><![CDATA[]]></excerpt:encoded>
		<wp:post_id>7221</wp:post_id>
		<wp:post_date><![CDATA[2020-11-29 02:32:16]]></wp:post_date>
		<wp:post_date_gmt><![CDATA[2020-11-29 02:32:16]]></wp:post_date_gmt>
		<wp:post_modified><![CDATA[2020-11-29 02:32:16]]></wp:post_modified>
		<wp:post_modified_gmt><![CDATA[2020-11-29 02:32:16]]></wp:post_modified_gmt>
		<wp:comment_status><![CDATA[open]]></wp:comment_status>
		<wp:ping_status><![CDATA[closed]]></wp:ping_status>
		<wp:post_name><![CDATA[rogaciano-solorzano-reyes]]></wp:post_name>
		<wp:status><![CDATA[publish]]></wp:status>
		<wp:post_parent>0</wp:post_parent>
		<wp:menu_order>0</wp:menu_order>
		<wp:post_type><![CDATA[valpa_obituario_pt]]></wp:post_type>
		<wp:post_password><![CDATA[]]></wp:post_password>
		<wp:is_sticky>0</wp:is_sticky>
														<wp:postmeta>
		<wp:meta_key><![CDATA[_edit_last]]></wp:meta_key>
		<wp:meta_value><![CDATA[1]]></wp:meta_value>
		</wp:postmeta>
							<wp:postmeta>
		<wp:meta_key><![CDATA[sucursal_relacionada_meta]]></wp:meta_key>
		<wp:meta_value><![CDATA[a:1:{i:0;s:2:"22";}]]></wp:meta_value>
		</wp:postmeta>
							<wp:postmeta>
		<wp:meta_key><![CDATA[valpa_no_homenaje_meta]]></wp:meta_key>
		<wp:meta_value><![CDATA[0020000601]]></wp:meta_value>
		</wp:postmeta>
							<wp:postmeta>
		<wp:meta_key><![CDATA[servicio_relacionado_meta]]></wp:meta_key>
		<wp:meta_value><![CDATA[a:1:{i:0;s:9:"Domicilio";}]]></wp:meta_value>
		</wp:postmeta>
							<wp:postmeta>
		<wp:meta_key><![CDATA[valpa_nacimiento_dia_meta]]></wp:meta_key>
		<wp:meta_value><![CDATA[24]]></wp:meta_value>
		</wp:postmeta>
							<wp:postmeta>
		<wp:meta_key><![CDATA[valpa_nacimiento_mes_meta]]></wp:meta_key>
		<wp:meta_value><![CDATA[05]]></wp:meta_value>
		</wp:postmeta>
							<wp:postmeta>
		<wp:meta_key><![CDATA[valpa_nacimiento_ano_meta]]></wp:meta_key>
		<wp:meta_value><![CDATA[1962]]></wp:meta_value>
		</wp:postmeta>
							<wp:postmeta>
		<wp:meta_key><![CDATA[post_views_count]]></wp:meta_key>
		<wp:meta_value><![CDATA[308]]></wp:meta_value>
		</wp:postmeta>
							<wp:postmeta>
		<wp:meta_key><![CDATA[num_velas_meta]]></wp:meta_key>
		<wp:meta_value><![CDATA[9]]></wp:meta_value>
		</wp:postmeta>
							<wp:postmeta>
		<wp:meta_key><![CDATA[_thumbnail_id]]></wp:meta_key>
		<wp:meta_value><![CDATA[7229]]></wp:meta_value>
		</wp:postmeta>
							<wp:postmeta>
		<wp:meta_key><![CDATA[num_recuerdos_meta]]></wp:meta_key>
		<wp:meta_value><![CDATA[3]]></wp:meta_value>
		</wp:postmeta>
							</item>
					<item>
		<title><![CDATA[JosÃ© Juan LÃ³pez Huerta]]></title>
		<link>http://localhost/sass-wp/obituario/jose-juan-lopez-huerta/</link>
		<pubDate>Sun, 29 Nov 2020 06:15:41 +0000</pubDate>
		<dc:creator><![CDATA[webmaster]]></dc:creator>
		<guid isPermaLink="false">http://valparaiso.com.mx/?post_type=valpa_obituario_pt&#038;p=7239</guid>
		<description></description>
		<content:encoded><![CDATA[A PESAR DE NO ESTAR PRESENTE EN CUERPO, TU ESTARAS CON NOSOTROS POR SIEMPRE EN NUESTROS CORAZONES.]]></content:encoded>
		<excerpt:encoded><![CDATA[]]></excerpt:encoded>
		<wp:post_id>7239</wp:post_id>
		<wp:post_date><![CDATA[2020-11-29 06:15:41]]></wp:post_date>
		<wp:post_date_gmt><![CDATA[2020-11-29 06:15:41]]></wp:post_date_gmt>
		<wp:post_modified><![CDATA[2020-11-29 06:15:41]]></wp:post_modified>
		<wp:post_modified_gmt><![CDATA[2020-11-29 06:15:41]]></wp:post_modified_gmt>
		<wp:comment_status><![CDATA[open]]></wp:comment_status>
		<wp:ping_status><![CDATA[closed]]></wp:ping_status>
		<wp:post_name><![CDATA[jose-juan-lopez-huerta]]></wp:post_name>
		<wp:status><![CDATA[publish]]></wp:status>
		<wp:post_parent>0</wp:post_parent>
		<wp:menu_order>0</wp:menu_order>
		<wp:post_type><![CDATA[valpa_obituario_pt]]></wp:post_type>
		<wp:post_password><![CDATA[]]></wp:post_password>
		<wp:is_sticky>0</wp:is_sticky>
														<wp:postmeta>
		<wp:meta_key><![CDATA[_edit_last]]></wp:meta_key>
		<wp:meta_value><![CDATA[1]]></wp:meta_value>
		</wp:postmeta>
							<wp:postmeta>
		<wp:meta_key><![CDATA[_oembed_baa8475a5dc4572475315b7421984787]]></wp:meta_key>
		<wp:meta_value><![CDATA[<blockquote class="wp-embedded-content" data-secret="HvMDhA9mfa"><a href="http://valparaiso.com.mx/obituario/rogaciano-solorzano-reyes/">Rogaciano Solorzano Reyes</a></blockquote><iframe class="wp-embedded-content" sandbox="allow-scripts" security="restricted" style="position: absolute; clip: rect(1px, 1px, 1px, 1px);" title="Â«Rogaciano Solorzano ReyesÂ» â Valparaiso" src="http://valparaiso.com.mx/obituario/rogaciano-solorzano-reyes/embed/#?secret=HvMDhA9mfa" data-secret="HvMDhA9mfa" width="500" height="282" frameborder="0" marginwidth="0" marginheight="0" scrolling="no"></iframe>]]></wp:meta_value>
		</wp:postmeta>
							<wp:postmeta>
		<wp:meta_key><![CDATA[_oembed_time_baa8475a5dc4572475315b7421984787]]></wp:meta_key>
		<wp:meta_value><![CDATA[1606630487]]></wp:meta_value>
		</wp:postmeta>
							<wp:postmeta>
		<wp:meta_key><![CDATA[sucursal_relacionada_meta]]></wp:meta_key>
		<wp:meta_value><![CDATA[a:1:{i:0;s:2:"22";}]]></wp:meta_value>
		</wp:postmeta>
							<wp:postmeta>
		<wp:meta_key><![CDATA[valpa_no_homenaje_meta]]></wp:meta_key>
		<wp:meta_value><![CDATA[0020000602]]></wp:meta_value>
		</wp:postmeta>
							<wp:postmeta>
		<wp:meta_key><![CDATA[servicio_relacionado_meta]]></wp:meta_key>
		<wp:meta_value><![CDATA[a:1:{i:0;s:8:"Sucursal";}]]></wp:meta_value>
		</wp:postmeta>
							<wp:postmeta>
		<wp:meta_key><![CDATA[valpa_nacimiento_dia_meta]]></wp:meta_key>
		<wp:meta_value><![CDATA[28]]></wp:meta_value>
		</wp:postmeta>
							<wp:postmeta>
		<wp:meta_key><![CDATA[valpa_nacimiento_mes_meta]]></wp:meta_key>
		<wp:meta_value><![CDATA[04]]></wp:meta_value>
		</wp:postmeta>
							<wp:postmeta>
		<wp:meta_key><![CDATA[valpa_nacimiento_ano_meta]]></wp:meta_key>
		<wp:meta_value><![CDATA[1959]]></wp:meta_value>
		</wp:postmeta>
							<wp:postmeta>
		<wp:meta_key><![CDATA[post_views_count]]></wp:meta_key>
		<wp:meta_value><![CDATA[138]]></wp:meta_value>
		</wp:postmeta>
							</item>
					<item>
		<title><![CDATA[InÃ©s MartÃ­nez de la Cuz]]></title>
		<link>http://localhost/sass-wp/obituario/ines-martinez-de-la-cuz/</link>
		<pubDate>Mon, 30 Nov 2020 01:22:47 +0000</pubDate>
		<dc:creator><![CDATA[webmaster]]></dc:creator>
		<guid isPermaLink="false">http://valparaiso.com.mx/?post_type=valpa_obituario_pt&#038;p=7265</guid>
		<description></description>
		<content:encoded><![CDATA[HASTA PRONTO, QUE BRILLE PARA TI LA LUZ QUE NO TIENE FIN.]]></content:encoded>
		<excerpt:encoded><![CDATA[]]></excerpt:encoded>
		<wp:post_id>7265</wp:post_id>
		<wp:post_date><![CDATA[2020-11-30 01:22:47]]></wp:post_date>
		<wp:post_date_gmt><![CDATA[2020-11-30 01:22:47]]></wp:post_date_gmt>
		<wp:post_modified><![CDATA[2020-11-30 01:22:47]]></wp:post_modified>
		<wp:post_modified_gmt><![CDATA[2020-11-30 01:22:47]]></wp:post_modified_gmt>
		<wp:comment_status><![CDATA[open]]></wp:comment_status>
		<wp:ping_status><![CDATA[closed]]></wp:ping_status>
		<wp:post_name><![CDATA[ines-martinez-de-la-cuz]]></wp:post_name>
		<wp:status><![CDATA[publish]]></wp:status>
		<wp:post_parent>0</wp:post_parent>
		<wp:menu_order>0</wp:menu_order>
		<wp:post_type><![CDATA[valpa_obituario_pt]]></wp:post_type>
		<wp:post_password><![CDATA[]]></wp:post_password>
		<wp:is_sticky>0</wp:is_sticky>
														<wp:postmeta>
		<wp:meta_key><![CDATA[_edit_last]]></wp:meta_key>
		<wp:meta_value><![CDATA[1]]></wp:meta_value>
		</wp:postmeta>
							<wp:postmeta>
		<wp:meta_key><![CDATA[_thumbnail_id]]></wp:meta_key>
		<wp:meta_value><![CDATA[7266]]></wp:meta_value>
		</wp:postmeta>
							<wp:postmeta>
		<wp:meta_key><![CDATA[sucursal_relacionada_meta]]></wp:meta_key>
		<wp:meta_value><![CDATA[a:1:{i:0;s:2:"22";}]]></wp:meta_value>
		</wp:postmeta>
							<wp:postmeta>
		<wp:meta_key><![CDATA[valpa_no_homenaje_meta]]></wp:meta_key>
		<wp:meta_value><![CDATA[0020000603]]></wp:meta_value>
		</wp:postmeta>
							<wp:postmeta>
		<wp:meta_key><![CDATA[servicio_relacionado_meta]]></wp:meta_key>
		<wp:meta_value><![CDATA[a:1:{i:0;s:8:"Sucursal";}]]></wp:meta_value>
		</wp:postmeta>
							<wp:postmeta>
		<wp:meta_key><![CDATA[valpa_nacimiento_dia_meta]]></wp:meta_key>
		<wp:meta_value><![CDATA[20]]></wp:meta_value>
		</wp:postmeta>
							<wp:postmeta>
		<wp:meta_key><![CDATA[valpa_nacimiento_mes_meta]]></wp:meta_key>
		<wp:meta_value><![CDATA[04]]></wp:meta_value>
		</wp:postmeta>
							<wp:postmeta>
		<wp:meta_key><![CDATA[valpa_nacimiento_ano_meta]]></wp:meta_key>
		<wp:meta_value><![CDATA[1964]]></wp:meta_value>
		</wp:postmeta>
							<wp:postmeta>
		<wp:meta_key><![CDATA[post_views_count]]></wp:meta_key>
		<wp:meta_value><![CDATA[751]]></wp:meta_value>
		</wp:postmeta>
							<wp:postmeta>
		<wp:meta_key><![CDATA[num_velas_meta]]></wp:meta_key>
		<wp:meta_value><![CDATA[38]]></wp:meta_value>
		</wp:postmeta>
							<wp:postmeta>
		<wp:meta_key><![CDATA[num_recuerdos_meta]]></wp:meta_key>
		<wp:meta_value><![CDATA[20]]></wp:meta_value>
		</wp:postmeta>
							</item>
					<item>
		<title><![CDATA[Pedro Gil CastaÃ±eda]]></title>
		<link>http://localhost/sass-wp/obituario/pedro-gil-castaneda/</link>
		<pubDate>Tue, 01 Dec 2020 18:08:24 +0000</pubDate>
		<dc:creator><![CDATA[webmaster]]></dc:creator>
		<guid isPermaLink="false">http://valparaiso.com.mx/?post_type=valpa_obituario_pt&#038;p=7347</guid>
		<description></description>
		<content:encoded><![CDATA[TE DIGO ADIOS PARA TODA LA VID

uA, PERO TODA LA VIDA SEGUIRE PENSANDO EN TI]]></content:encoded>
		<excerpt:encoded><![CDATA[]]></excerpt:encoded>
		<wp:post_id>7347</wp:post_id>
		<wp:post_date><![CDATA[2020-12-01 18:08:24]]></wp:post_date>
		<wp:post_date_gmt><![CDATA[2020-12-01 18:08:24]]></wp:post_date_gmt>
		<wp:post_modified><![CDATA[2020-12-01 18:08:24]]></wp:post_modified>
		<wp:post_modified_gmt><![CDATA[2020-12-01 18:08:24]]></wp:post_modified_gmt>
		<wp:comment_status><![CDATA[open]]></wp:comment_status>
		<wp:ping_status><![CDATA[closed]]></wp:ping_status>
		<wp:post_name><![CDATA[pedro-gil-castaneda]]></wp:post_name>
		<wp:status><![CDATA[publish]]></wp:status>
		<wp:post_parent>0</wp:post_parent>
		<wp:menu_order>0</wp:menu_order>
		<wp:post_type><![CDATA[valpa_obituario_pt]]></wp:post_type>
		<wp:post_password><![CDATA[]]></wp:post_password>
		<wp:is_sticky>0</wp:is_sticky>
														<wp:postmeta>
		<wp:meta_key><![CDATA[_edit_last]]></wp:meta_key>
		<wp:meta_value><![CDATA[1]]></wp:meta_value>
		</wp:postmeta>
							<wp:postmeta>
		<wp:meta_key><![CDATA[sucursal_relacionada_meta]]></wp:meta_key>
		<wp:meta_value><![CDATA[a:1:{i:0;s:2:"22";}]]></wp:meta_value>
		</wp:postmeta>
							<wp:postmeta>
		<wp:meta_key><![CDATA[valpa_no_homenaje_meta]]></wp:meta_key>
		<wp:meta_value><![CDATA[0020000606]]></wp:meta_value>
		</wp:postmeta>
							<wp:postmeta>
		<wp:meta_key><![CDATA[servicio_relacionado_meta]]></wp:meta_key>
		<wp:meta_value><![CDATA[a:1:{i:0;s:9:"Domicilio";}]]></wp:meta_value>
		</wp:postmeta>
							<wp:postmeta>
		<wp:meta_key><![CDATA[valpa_nacimiento_dia_meta]]></wp:meta_key>
		<wp:meta_value><![CDATA[03]]></wp:meta_value>
		</wp:postmeta>
							<wp:postmeta>
		<wp:meta_key><![CDATA[valpa_nacimiento_mes_meta]]></wp:meta_key>
		<wp:meta_value><![CDATA[11]]></wp:meta_value>
		</wp:postmeta>
							<wp:postmeta>
		<wp:meta_key><![CDATA[valpa_nacimiento_ano_meta]]></wp:meta_key>
		<wp:meta_value><![CDATA[1970]]></wp:meta_value>
		</wp:postmeta>
							<wp:postmeta>
		<wp:meta_key><![CDATA[post_views_count]]></wp:meta_key>
		<wp:meta_value><![CDATA[120]]></wp:meta_value>
		</wp:postmeta>
							<wp:postmeta>
		<wp:meta_key><![CDATA[_thumbnail_id]]></wp:meta_key>
		<wp:meta_value><![CDATA[7353]]></wp:meta_value>
		</wp:postmeta>
							<wp:postmeta>
		<wp:meta_key><![CDATA[num_velas_meta]]></wp:meta_key>
		<wp:meta_value><![CDATA[1]]></wp:meta_value>
		</wp:postmeta>
							<wp:postmeta>
		<wp:meta_key><![CDATA[num_recuerdos_meta]]></wp:meta_key>
		<wp:meta_value><![CDATA[1]]></wp:meta_value>
		</wp:postmeta>
							</item>
					<item>
		<title><![CDATA[Maria del  Carmen Sarabia Albarran]]></title>
		<link>http://localhost/sass-wp/obituario/maria-del-carmen-sarabia-albarran/</link>
		<pubDate>Wed, 02 Dec 2020 01:09:40 +0000</pubDate>
		<dc:creator><![CDATA[webmaster]]></dc:creator>
		<guid isPermaLink="false">http://valparaiso.com.mx/?post_type=valpa_obituario_pt&#038;p=7375</guid>
		<description></description>
		<content:encoded><![CDATA[A PESAR DE NO ESTAR PRESENTE EN CUERPO, TU ESTARAS CON NOSOTROS POR SIEMPRE EN NUESTROS CORAZONES]]></content:encoded>
		<excerpt:encoded><![CDATA[]]></excerpt:encoded>
		<wp:post_id>7375</wp:post_id>
		<wp:post_date><![CDATA[2020-12-02 01:09:40]]></wp:post_date>
		<wp:post_date_gmt><![CDATA[2020-12-02 01:09:40]]></wp:post_date_gmt>
		<wp:post_modified><![CDATA[2020-12-02 01:09:40]]></wp:post_modified>
		<wp:post_modified_gmt><![CDATA[2020-12-02 01:09:40]]></wp:post_modified_gmt>
		<wp:comment_status><![CDATA[open]]></wp:comment_status>
		<wp:ping_status><![CDATA[closed]]></wp:ping_status>
		<wp:post_name><![CDATA[maria-del-carmen-sarabia-albarran]]></wp:post_name>
		<wp:status><![CDATA[publish]]></wp:status>
		<wp:post_parent>0</wp:post_parent>
		<wp:menu_order>0</wp:menu_order>
		<wp:post_type><![CDATA[valpa_obituario_pt]]></wp:post_type>
		<wp:post_password><![CDATA[]]></wp:post_password>
		<wp:is_sticky>0</wp:is_sticky>
														<wp:postmeta>
		<wp:meta_key><![CDATA[_edit_last]]></wp:meta_key>
		<wp:meta_value><![CDATA[1]]></wp:meta_value>
		</wp:postmeta>
							<wp:postmeta>
		<wp:meta_key><![CDATA[post_views_count]]></wp:meta_key>
		<wp:meta_value><![CDATA[102]]></wp:meta_value>
		</wp:postmeta>
							<wp:postmeta>
		<wp:meta_key><![CDATA[_thumbnail_id]]></wp:meta_key>
		<wp:meta_value><![CDATA[7388]]></wp:meta_value>
		</wp:postmeta>
							<wp:postmeta>
		<wp:meta_key><![CDATA[sucursal_relacionada_meta]]></wp:meta_key>
		<wp:meta_value><![CDATA[a:1:{i:0;s:2:"22";}]]></wp:meta_value>
		</wp:postmeta>
							<wp:postmeta>
		<wp:meta_key><![CDATA[valpa_no_homenaje_meta]]></wp:meta_key>
		<wp:meta_value><![CDATA[0020000609]]></wp:meta_value>
		</wp:postmeta>
							<wp:postmeta>
		<wp:meta_key><![CDATA[servicio_relacionado_meta]]></wp:meta_key>
		<wp:meta_value><![CDATA[a:1:{i:0;s:9:"Domicilio";}]]></wp:meta_value>
		</wp:postmeta>
							<wp:postmeta>
		<wp:meta_key><![CDATA[valpa_nacimiento_dia_meta]]></wp:meta_key>
		<wp:meta_value><![CDATA[]]></wp:meta_value>
		</wp:postmeta>
							<wp:postmeta>
		<wp:meta_key><![CDATA[valpa_nacimiento_mes_meta]]></wp:meta_key>
		<wp:meta_value><![CDATA[]]></wp:meta_value>
		</wp:postmeta>
							<wp:postmeta>
		<wp:meta_key><![CDATA[valpa_nacimiento_ano_meta]]></wp:meta_key>
		<wp:meta_value><![CDATA[]]></wp:meta_value>
		</wp:postmeta>
							</item>
					<item>
		<title><![CDATA[Juana Garcia Garcia]]></title>
		<link>http://localhost/sass-wp/obituario/juana-garcia-garcia/</link>
		<pubDate>Wed, 02 Dec 2020 15:06:22 +0000</pubDate>
		<dc:creator><![CDATA[webmaster]]></dc:creator>
		<guid isPermaLink="false">http://valparaiso.com.mx/?post_type=valpa_obituario_pt&#038;p=7392</guid>
		<description></description>
		<content:encoded><![CDATA[A PESAR DE NO ESTAR PRESENTE EN CUERPO, TU ESTARAS CON NOSOTROS POR SIEMPRE EN NUESTROS CORAZONES]]></content:encoded>
		<excerpt:encoded><![CDATA[]]></excerpt:encoded>
		<wp:post_id>7392</wp:post_id>
		<wp:post_date><![CDATA[2020-12-02 15:06:22]]></wp:post_date>
		<wp:post_date_gmt><![CDATA[2020-12-02 15:06:22]]></wp:post_date_gmt>
		<wp:post_modified><![CDATA[2020-12-02 15:06:22]]></wp:post_modified>
		<wp:post_modified_gmt><![CDATA[2020-12-02 15:06:22]]></wp:post_modified_gmt>
		<wp:comment_status><![CDATA[open]]></wp:comment_status>
		<wp:ping_status><![CDATA[closed]]></wp:ping_status>
		<wp:post_name><![CDATA[juana-garcia-garcia]]></wp:post_name>
		<wp:status><![CDATA[publish]]></wp:status>
		<wp:post_parent>0</wp:post_parent>
		<wp:menu_order>0</wp:menu_order>
		<wp:post_type><![CDATA[valpa_obituario_pt]]></wp:post_type>
		<wp:post_password><![CDATA[]]></wp:post_password>
		<wp:is_sticky>0</wp:is_sticky>
														<wp:postmeta>
		<wp:meta_key><![CDATA[_edit_last]]></wp:meta_key>
		<wp:meta_value><![CDATA[1]]></wp:meta_value>
		</wp:postmeta>
							<wp:postmeta>
		<wp:meta_key><![CDATA[sucursal_relacionada_meta]]></wp:meta_key>
		<wp:meta_value><![CDATA[a:1:{i:0;s:2:"22";}]]></wp:meta_value>
		</wp:postmeta>
							<wp:postmeta>
		<wp:meta_key><![CDATA[valpa_no_homenaje_meta]]></wp:meta_key>
		<wp:meta_value><![CDATA[002000612]]></wp:meta_value>
		</wp:postmeta>
							<wp:postmeta>
		<wp:meta_key><![CDATA[servicio_relacionado_meta]]></wp:meta_key>
		<wp:meta_value><![CDATA[a:1:{i:0;s:9:"Domicilio";}]]></wp:meta_value>
		</wp:postmeta>
							<wp:postmeta>
		<wp:meta_key><![CDATA[valpa_nacimiento_dia_meta]]></wp:meta_key>
		<wp:meta_value><![CDATA[]]></wp:meta_value>
		</wp:postmeta>
							<wp:postmeta>
		<wp:meta_key><![CDATA[valpa_nacimiento_mes_meta]]></wp:meta_key>
		<wp:meta_value><![CDATA[]]></wp:meta_value>
		</wp:postmeta>
							<wp:postmeta>
		<wp:meta_key><![CDATA[valpa_nacimiento_ano_meta]]></wp:meta_key>
		<wp:meta_value><![CDATA[]]></wp:meta_value>
		</wp:postmeta>
							<wp:postmeta>
		<wp:meta_key><![CDATA[post_views_count]]></wp:meta_key>
		<wp:meta_value><![CDATA[420]]></wp:meta_value>
		</wp:postmeta>
							<wp:postmeta>
		<wp:meta_key><![CDATA[num_velas_meta]]></wp:meta_key>
		<wp:meta_value><![CDATA[13]]></wp:meta_value>
		</wp:postmeta>
							<wp:postmeta>
		<wp:meta_key><![CDATA[num_recuerdos_meta]]></wp:meta_key>
		<wp:meta_value><![CDATA[3]]></wp:meta_value>
		</wp:postmeta>
							<wp:postmeta>
		<wp:meta_key><![CDATA[_thumbnail_id]]></wp:meta_key>
		<wp:meta_value><![CDATA[7397]]></wp:meta_value>
		</wp:postmeta>
							</item>
					<item>
		<title><![CDATA[Ãlvaro Camilo Osorio Ortega]]></title>
		<link>http://localhost/sass-wp/obituario/alvaro-camilo-osorio-ortega/</link>
		<pubDate>Wed, 02 Dec 2020 21:13:23 +0000</pubDate>
		<dc:creator><![CDATA[webmaster]]></dc:creator>
		<guid isPermaLink="false">http://valparaiso.com.mx/?post_type=valpa_obituario_pt&#038;p=7410</guid>
		<description></description>
		<content:encoded><![CDATA[A PESAR DE NO ESTAR PRESENTE EN CUERPO, TU ESTARAS CON NOSOTROS POR SIEMPRE EN NUESTROS CORAZONES]]></content:encoded>
		<excerpt:encoded><![CDATA[]]></excerpt:encoded>
		<wp:post_id>7410</wp:post_id>
		<wp:post_date><![CDATA[2020-12-02 21:13:23]]></wp:post_date>
		<wp:post_date_gmt><![CDATA[2020-12-02 21:13:23]]></wp:post_date_gmt>
		<wp:post_modified><![CDATA[2020-12-02 21:13:23]]></wp:post_modified>
		<wp:post_modified_gmt><![CDATA[2020-12-02 21:13:23]]></wp:post_modified_gmt>
		<wp:comment_status><![CDATA[open]]></wp:comment_status>
		<wp:ping_status><![CDATA[closed]]></wp:ping_status>
		<wp:post_name><![CDATA[alvaro-camilo-osorio-ortega]]></wp:post_name>
		<wp:status><![CDATA[publish]]></wp:status>
		<wp:post_parent>0</wp:post_parent>
		<wp:menu_order>0</wp:menu_order>
		<wp:post_type><![CDATA[valpa_obituario_pt]]></wp:post_type>
		<wp:post_password><![CDATA[]]></wp:post_password>
		<wp:is_sticky>0</wp:is_sticky>
														<wp:postmeta>
		<wp:meta_key><![CDATA[_edit_last]]></wp:meta_key>
		<wp:meta_value><![CDATA[1]]></wp:meta_value>
		</wp:postmeta>
							<wp:postmeta>
		<wp:meta_key><![CDATA[_thumbnail_id]]></wp:meta_key>
		<wp:meta_value><![CDATA[7421]]></wp:meta_value>
		</wp:postmeta>
							<wp:postmeta>
		<wp:meta_key><![CDATA[sucursal_relacionada_meta]]></wp:meta_key>
		<wp:meta_value><![CDATA[a:1:{i:0;s:2:"22";}]]></wp:meta_value>
		</wp:postmeta>
							<wp:postmeta>
		<wp:meta_key><![CDATA[valpa_no_homenaje_meta]]></wp:meta_key>
		<wp:meta_value><![CDATA[]]></wp:meta_value>
		</wp:postmeta>
							<wp:postmeta>
		<wp:meta_key><![CDATA[servicio_relacionado_meta]]></wp:meta_key>
		<wp:meta_value><![CDATA[a:1:{i:0;s:9:"Domicilio";}]]></wp:meta_value>
		</wp:postmeta>
							<wp:postmeta>
		<wp:meta_key><![CDATA[valpa_nacimiento_dia_meta]]></wp:meta_key>
		<wp:meta_value><![CDATA[14]]></wp:meta_value>
		</wp:postmeta>
							<wp:postmeta>
		<wp:meta_key><![CDATA[valpa_nacimiento_mes_meta]]></wp:meta_key>
		<wp:meta_value><![CDATA[06]]></wp:meta_value>
		</wp:postmeta>
							<wp:postmeta>
		<wp:meta_key><![CDATA[valpa_nacimiento_ano_meta]]></wp:meta_key>
		<wp:meta_value><![CDATA[1959]]></wp:meta_value>
		</wp:postmeta>
							<wp:postmeta>
		<wp:meta_key><![CDATA[post_views_count]]></wp:meta_key>
		<wp:meta_value><![CDATA[168]]></wp:meta_value>
		</wp:postmeta>
							<wp:postmeta>
		<wp:meta_key><![CDATA[num_velas_meta]]></wp:meta_key>
		<wp:meta_value><![CDATA[1]]></wp:meta_value>
		</wp:postmeta>
							<wp:postmeta>
		<wp:meta_key><![CDATA[num_recuerdos_meta]]></wp:meta_key>
		<wp:meta_value><![CDATA[1]]></wp:meta_value>
		</wp:postmeta>
							</item>
					<item>
		<title><![CDATA[JosÃ© Guadalupe Pedraza Esquivel]]></title>
		<link>http://localhost/sass-wp/obituario/jose-guadalupe-pedraza-esquivel-2/</link>
		<pubDate>Wed, 02 Dec 2020 23:02:04 +0000</pubDate>
		<dc:creator><![CDATA[webmaster]]></dc:creator>
		<guid isPermaLink="false">http://valparaiso.com.mx/?post_type=valpa_obituario_pt&#038;p=7432</guid>
		<description></description>
		<content:encoded><![CDATA[A PESAR DE NO ESTAR PRESENTE EN CUERPO, TU ESTARAS CON NOSOTROS POR SIEMPRE EN NUESTROS CORAZONES]]></content:encoded>
		<excerpt:encoded><![CDATA[]]></excerpt:encoded>
		<wp:post_id>7432</wp:post_id>
		<wp:post_date><![CDATA[2020-12-02 23:02:04]]></wp:post_date>
		<wp:post_date_gmt><![CDATA[2020-12-02 23:02:04]]></wp:post_date_gmt>
		<wp:post_modified><![CDATA[2020-12-02 23:02:04]]></wp:post_modified>
		<wp:post_modified_gmt><![CDATA[2020-12-02 23:02:04]]></wp:post_modified_gmt>
		<wp:comment_status><![CDATA[open]]></wp:comment_status>
		<wp:ping_status><![CDATA[closed]]></wp:ping_status>
		<wp:post_name><![CDATA[jose-guadalupe-pedraza-esquivel-2]]></wp:post_name>
		<wp:status><![CDATA[publish]]></wp:status>
		<wp:post_parent>0</wp:post_parent>
		<wp:menu_order>0</wp:menu_order>
		<wp:post_type><![CDATA[valpa_obituario_pt]]></wp:post_type>
		<wp:post_password><![CDATA[]]></wp:post_password>
		<wp:is_sticky>0</wp:is_sticky>
														<wp:postmeta>
		<wp:meta_key><![CDATA[_edit_last]]></wp:meta_key>
		<wp:meta_value><![CDATA[1]]></wp:meta_value>
		</wp:postmeta>
							<wp:postmeta>
		<wp:meta_key><![CDATA[sucursal_relacionada_meta]]></wp:meta_key>
		<wp:meta_value><![CDATA[a:1:{i:0;s:2:"22";}]]></wp:meta_value>
		</wp:postmeta>
							<wp:postmeta>
		<wp:meta_key><![CDATA[valpa_no_homenaje_meta]]></wp:meta_key>
		<wp:meta_value><![CDATA[]]></wp:meta_value>
		</wp:postmeta>
							<wp:postmeta>
		<wp:meta_key><![CDATA[servicio_relacionado_meta]]></wp:meta_key>
		<wp:meta_value><![CDATA[a:1:{i:0;s:9:"Domicilio";}]]></wp:meta_value>
		</wp:postmeta>
							<wp:postmeta>
		<wp:meta_key><![CDATA[valpa_nacimiento_dia_meta]]></wp:meta_key>
		<wp:meta_value><![CDATA[01]]></wp:meta_value>
		</wp:postmeta>
							<wp:postmeta>
		<wp:meta_key><![CDATA[valpa_nacimiento_mes_meta]]></wp:meta_key>
		<wp:meta_value><![CDATA[11]]></wp:meta_value>
		</wp:postmeta>
							<wp:postmeta>
		<wp:meta_key><![CDATA[valpa_nacimiento_ano_meta]]></wp:meta_key>
		<wp:meta_value><![CDATA[1963]]></wp:meta_value>
		</wp:postmeta>
							<wp:postmeta>
		<wp:meta_key><![CDATA[post_views_count]]></wp:meta_key>
		<wp:meta_value><![CDATA[281]]></wp:meta_value>
		</wp:postmeta>
							<wp:postmeta>
		<wp:meta_key><![CDATA[_thumbnail_id]]></wp:meta_key>
		<wp:meta_value><![CDATA[7437]]></wp:meta_value>
		</wp:postmeta>
							<wp:postmeta>
		<wp:meta_key><![CDATA[num_recuerdos_meta]]></wp:meta_key>
		<wp:meta_value><![CDATA[3]]></wp:meta_value>
		</wp:postmeta>
							<wp:postmeta>
		<wp:meta_key><![CDATA[num_velas_meta]]></wp:meta_key>
		<wp:meta_value><![CDATA[15]]></wp:meta_value>
		</wp:postmeta>
							</item>
					<item>
		<title><![CDATA[Mario Gutierrez Rojas]]></title>
		<link>http://localhost/sass-wp/obituario/mario-gutierrez-rojas/</link>
		<pubDate>Fri, 04 Dec 2020 03:19:18 +0000</pubDate>
		<dc:creator><![CDATA[webmaster]]></dc:creator>
		<guid isPermaLink="false">http://valparaiso.com.mx/?post_type=valpa_obituario_pt&#038;p=7469</guid>
		<description></description>
		<content:encoded><![CDATA[<strong>La muerte no llega con la vejez, sino con el olvido</strong>]]></content:encoded>
		<excerpt:encoded><![CDATA[]]></excerpt:encoded>
		<wp:post_id>7469</wp:post_id>
		<wp:post_date><![CDATA[2020-12-04 03:19:18]]></wp:post_date>
		<wp:post_date_gmt><![CDATA[2020-12-04 03:19:18]]></wp:post_date_gmt>
		<wp:post_modified><![CDATA[2020-12-04 03:19:18]]></wp:post_modified>
		<wp:post_modified_gmt><![CDATA[2020-12-04 03:19:18]]></wp:post_modified_gmt>
		<wp:comment_status><![CDATA[open]]></wp:comment_status>
		<wp:ping_status><![CDATA[closed]]></wp:ping_status>
		<wp:post_name><![CDATA[mario-gutierrez-rojas]]></wp:post_name>
		<wp:status><![CDATA[publish]]></wp:status>
		<wp:post_parent>0</wp:post_parent>
		<wp:menu_order>0</wp:menu_order>
		<wp:post_type><![CDATA[valpa_obituario_pt]]></wp:post_type>
		<wp:post_password><![CDATA[]]></wp:post_password>
		<wp:is_sticky>0</wp:is_sticky>
														<wp:postmeta>
		<wp:meta_key><![CDATA[_edit_last]]></wp:meta_key>
		<wp:meta_value><![CDATA[1]]></wp:meta_value>
		</wp:postmeta>
							<wp:postmeta>
		<wp:meta_key><![CDATA[_thumbnail_id]]></wp:meta_key>
		<wp:meta_value><![CDATA[7470]]></wp:meta_value>
		</wp:postmeta>
							<wp:postmeta>
		<wp:meta_key><![CDATA[sucursal_relacionada_meta]]></wp:meta_key>
		<wp:meta_value><![CDATA[a:1:{i:0;s:2:"22";}]]></wp:meta_value>
		</wp:postmeta>
							<wp:postmeta>
		<wp:meta_key><![CDATA[valpa_no_homenaje_meta]]></wp:meta_key>
		<wp:meta_value><![CDATA[0020000619]]></wp:meta_value>
		</wp:postmeta>
							<wp:postmeta>
		<wp:meta_key><![CDATA[servicio_relacionado_meta]]></wp:meta_key>
		<wp:meta_value><![CDATA[a:1:{i:0;s:8:"Sucursal";}]]></wp:meta_value>
		</wp:postmeta>
							<wp:postmeta>
		<wp:meta_key><![CDATA[valpa_nacimiento_dia_meta]]></wp:meta_key>
		<wp:meta_value><![CDATA[09]]></wp:meta_value>
		</wp:postmeta>
							<wp:postmeta>
		<wp:meta_key><![CDATA[valpa_nacimiento_mes_meta]]></wp:meta_key>
		<wp:meta_value><![CDATA[01]]></wp:meta_value>
		</wp:postmeta>
							<wp:postmeta>
		<wp:meta_key><![CDATA[valpa_nacimiento_ano_meta]]></wp:meta_key>
		<wp:meta_value><![CDATA[1949]]></wp:meta_value>
		</wp:postmeta>
							<wp:postmeta>
		<wp:meta_key><![CDATA[post_views_count]]></wp:meta_key>
		<wp:meta_value><![CDATA[421]]></wp:meta_value>
		</wp:postmeta>
							<wp:postmeta>
		<wp:meta_key><![CDATA[num_velas_meta]]></wp:meta_key>
		<wp:meta_value><![CDATA[22]]></wp:meta_value>
		</wp:postmeta>
							<wp:postmeta>
		<wp:meta_key><![CDATA[num_recuerdos_meta]]></wp:meta_key>
		<wp:meta_value><![CDATA[9]]></wp:meta_value>
		</wp:postmeta>
							</item>
					<item>
		<title><![CDATA[Rodolfo Mendoza Jordan]]></title>
		<link>http://localhost/sass-wp/obituario/rodolfo-mendoza-jordan/</link>
		<pubDate>Fri, 11 Dec 2020 22:53:59 +0000</pubDate>
		<dc:creator><![CDATA[webmaster]]></dc:creator>
		<guid isPermaLink="false">http://valparaiso.com.mx/?post_type=valpa_obituario_pt&#038;p=7669</guid>
		<description></description>
		<content:encoded><![CDATA[q<b>TE DIGO ADIOS PARA TODA LA VIDA, PERO TODA LA VIDA SEGUIRE PENSANDO EN TI.</b>]]></content:encoded>
		<excerpt:encoded><![CDATA[]]></excerpt:encoded>
		<wp:post_id>7669</wp:post_id>
		<wp:post_date><![CDATA[2020-12-11 22:53:59]]></wp:post_date>
		<wp:post_date_gmt><![CDATA[2020-12-11 22:53:59]]></wp:post_date_gmt>
		<wp:post_modified><![CDATA[2020-12-11 22:53:59]]></wp:post_modified>
		<wp:post_modified_gmt><![CDATA[2020-12-11 22:53:59]]></wp:post_modified_gmt>
		<wp:comment_status><![CDATA[open]]></wp:comment_status>
		<wp:ping_status><![CDATA[closed]]></wp:ping_status>
		<wp:post_name><![CDATA[rodolfo-mendoza-jordan]]></wp:post_name>
		<wp:status><![CDATA[publish]]></wp:status>
		<wp:post_parent>0</wp:post_parent>
		<wp:menu_order>0</wp:menu_order>
		<wp:post_type><![CDATA[valpa_obituario_pt]]></wp:post_type>
		<wp:post_password><![CDATA[]]></wp:post_password>
		<wp:is_sticky>0</wp:is_sticky>
														<wp:postmeta>
		<wp:meta_key><![CDATA[_edit_last]]></wp:meta_key>
		<wp:meta_value><![CDATA[1]]></wp:meta_value>
		</wp:postmeta>
							<wp:postmeta>
		<wp:meta_key><![CDATA[_thumbnail_id]]></wp:meta_key>
		<wp:meta_value><![CDATA[7672]]></wp:meta_value>
		</wp:postmeta>
							<wp:postmeta>
		<wp:meta_key><![CDATA[sucursal_relacionada_meta]]></wp:meta_key>
		<wp:meta_value><![CDATA[a:1:{i:0;s:2:"22";}]]></wp:meta_value>
		</wp:postmeta>
							<wp:postmeta>
		<wp:meta_key><![CDATA[valpa_no_homenaje_meta]]></wp:meta_key>
		<wp:meta_value><![CDATA[0020000651]]></wp:meta_value>
		</wp:postmeta>
							<wp:postmeta>
		<wp:meta_key><![CDATA[servicio_relacionado_meta]]></wp:meta_key>
		<wp:meta_value><![CDATA[a:1:{i:0;s:8:"Sucursal";}]]></wp:meta_value>
		</wp:postmeta>
							<wp:postmeta>
		<wp:meta_key><![CDATA[valpa_nacimiento_dia_meta]]></wp:meta_key>
		<wp:meta_value><![CDATA[09]]></wp:meta_value>
		</wp:postmeta>
							<wp:postmeta>
		<wp:meta_key><![CDATA[valpa_nacimiento_mes_meta]]></wp:meta_key>
		<wp:meta_value><![CDATA[10]]></wp:meta_value>
		</wp:postmeta>
							<wp:postmeta>
		<wp:meta_key><![CDATA[valpa_nacimiento_ano_meta]]></wp:meta_key>
		<wp:meta_value><![CDATA[1956]]></wp:meta_value>
		</wp:postmeta>
							<wp:postmeta>
		<wp:meta_key><![CDATA[post_views_count]]></wp:meta_key>
		<wp:meta_value><![CDATA[182]]></wp:meta_value>
		</wp:postmeta>
							<wp:postmeta>
		<wp:meta_key><![CDATA[num_velas_meta]]></wp:meta_key>
		<wp:meta_value><![CDATA[6]]></wp:meta_value>
		</wp:postmeta>
							<wp:postmeta>
		<wp:meta_key><![CDATA[num_recuerdos_meta]]></wp:meta_key>
		<wp:meta_value><![CDATA[3]]></wp:meta_value>
		</wp:postmeta>
							</item>
					<item>
		<title><![CDATA[Justino Barranco Alejandre]]></title>
		<link>http://localhost/sass-wp/obituario/justino-barranco-alejandre/</link>
		<pubDate>Sun, 13 Dec 2020 01:47:35 +0000</pubDate>
		<dc:creator><![CDATA[webmaster]]></dc:creator>
		<guid isPermaLink="false">http://valparaiso.com.mx/?post_type=valpa_obituario_pt&#038;p=7707</guid>
		<description></description>
		<content:encoded><![CDATA[]]></content:encoded>
		<excerpt:encoded><![CDATA[]]></excerpt:encoded>
		<wp:post_id>7707</wp:post_id>
		<wp:post_date><![CDATA[2020-12-13 01:47:35]]></wp:post_date>
		<wp:post_date_gmt><![CDATA[2020-12-13 01:47:35]]></wp:post_date_gmt>
		<wp:post_modified><![CDATA[2020-12-13 01:47:35]]></wp:post_modified>
		<wp:post_modified_gmt><![CDATA[2020-12-13 01:47:35]]></wp:post_modified_gmt>
		<wp:comment_status><![CDATA[open]]></wp:comment_status>
		<wp:ping_status><![CDATA[closed]]></wp:ping_status>
		<wp:post_name><![CDATA[justino-barranco-alejandre]]></wp:post_name>
		<wp:status><![CDATA[publish]]></wp:status>
		<wp:post_parent>0</wp:post_parent>
		<wp:menu_order>0</wp:menu_order>
		<wp:post_type><![CDATA[valpa_obituario_pt]]></wp:post_type>
		<wp:post_password><![CDATA[]]></wp:post_password>
		<wp:is_sticky>0</wp:is_sticky>
														<wp:postmeta>
		<wp:meta_key><![CDATA[_edit_last]]></wp:meta_key>
		<wp:meta_value><![CDATA[1]]></wp:meta_value>
		</wp:postmeta>
							<wp:postmeta>
		<wp:meta_key><![CDATA[_thumbnail_id]]></wp:meta_key>
		<wp:meta_value><![CDATA[7712]]></wp:meta_value>
		</wp:postmeta>
							<wp:postmeta>
		<wp:meta_key><![CDATA[sucursal_relacionada_meta]]></wp:meta_key>
		<wp:meta_value><![CDATA[a:1:{i:0;s:2:"22";}]]></wp:meta_value>
		</wp:postmeta>
							<wp:postmeta>
		<wp:meta_key><![CDATA[valpa_no_homenaje_meta]]></wp:meta_key>
		<wp:meta_value><![CDATA[0020000664]]></wp:meta_value>
		</wp:postmeta>
							<wp:postmeta>
		<wp:meta_key><![CDATA[servicio_relacionado_meta]]></wp:meta_key>
		<wp:meta_value><![CDATA[a:1:{i:0;s:8:"Sucursal";}]]></wp:meta_value>
		</wp:postmeta>
							<wp:postmeta>
		<wp:meta_key><![CDATA[valpa_nacimiento_dia_meta]]></wp:meta_key>
		<wp:meta_value><![CDATA[14]]></wp:meta_value>
		</wp:postmeta>
							<wp:postmeta>
		<wp:meta_key><![CDATA[valpa_nacimiento_mes_meta]]></wp:meta_key>
		<wp:meta_value><![CDATA[04]]></wp:meta_value>
		</wp:postmeta>
							<wp:postmeta>
		<wp:meta_key><![CDATA[valpa_nacimiento_ano_meta]]></wp:meta_key>
		<wp:meta_value><![CDATA[1948]]></wp:meta_value>
		</wp:postmeta>
							<wp:postmeta>
		<wp:meta_key><![CDATA[post_views_count]]></wp:meta_key>
		<wp:meta_value><![CDATA[271]]></wp:meta_value>
		</wp:postmeta>
							</item>
					<item>
		<title><![CDATA[Alexander Salvador Sosa]]></title>
		<link>http://localhost/sass-wp/obituario/alexander-salvador-sosa/</link>
		<pubDate>Tue, 15 Dec 2020 00:31:54 +0000</pubDate>
		<dc:creator><![CDATA[webmaster]]></dc:creator>
		<guid isPermaLink="false">http://valparaiso.com.mx/?post_type=valpa_obituario_pt&#038;p=7760</guid>
		<description></description>
		<content:encoded><![CDATA[TE DIGO ADIOS PARA TODA LA VIDA, PERO TODA LA VIDA SEGUIRE PENSANDO EN TI.]]></content:encoded>
		<excerpt:encoded><![CDATA[]]></excerpt:encoded>
		<wp:post_id>7760</wp:post_id>
		<wp:post_date><![CDATA[2020-12-15 00:31:54]]></wp:post_date>
		<wp:post_date_gmt><![CDATA[2020-12-15 00:31:54]]></wp:post_date_gmt>
		<wp:post_modified><![CDATA[2020-12-15 00:31:54]]></wp:post_modified>
		<wp:post_modified_gmt><![CDATA[2020-12-15 00:31:54]]></wp:post_modified_gmt>
		<wp:comment_status><![CDATA[open]]></wp:comment_status>
		<wp:ping_status><![CDATA[closed]]></wp:ping_status>
		<wp:post_name><![CDATA[alexander-salvador-sosa]]></wp:post_name>
		<wp:status><![CDATA[publish]]></wp:status>
		<wp:post_parent>0</wp:post_parent>
		<wp:menu_order>0</wp:menu_order>
		<wp:post_type><![CDATA[valpa_obituario_pt]]></wp:post_type>
		<wp:post_password><![CDATA[]]></wp:post_password>
		<wp:is_sticky>0</wp:is_sticky>
														<wp:postmeta>
		<wp:meta_key><![CDATA[_edit_last]]></wp:meta_key>
		<wp:meta_value><![CDATA[1]]></wp:meta_value>
		</wp:postmeta>
							<wp:postmeta>
		<wp:meta_key><![CDATA[_thumbnail_id]]></wp:meta_key>
		<wp:meta_value><![CDATA[7764]]></wp:meta_value>
		</wp:postmeta>
							<wp:postmeta>
		<wp:meta_key><![CDATA[sucursal_relacionada_meta]]></wp:meta_key>
		<wp:meta_value><![CDATA[a:1:{i:0;s:2:"22";}]]></wp:meta_value>
		</wp:postmeta>
							<wp:postmeta>
		<wp:meta_key><![CDATA[valpa_no_homenaje_meta]]></wp:meta_key>
		<wp:meta_value><![CDATA[0020000670]]></wp:meta_value>
		</wp:postmeta>
							<wp:postmeta>
		<wp:meta_key><![CDATA[servicio_relacionado_meta]]></wp:meta_key>
		<wp:meta_value><![CDATA[a:1:{i:0;s:8:"Sucursal";}]]></wp:meta_value>
		</wp:postmeta>
							<wp:postmeta>
		<wp:meta_key><![CDATA[valpa_nacimiento_dia_meta]]></wp:meta_key>
		<wp:meta_value><![CDATA[01]]></wp:meta_value>
		</wp:postmeta>
							<wp:postmeta>
		<wp:meta_key><![CDATA[valpa_nacimiento_mes_meta]]></wp:meta_key>
		<wp:meta_value><![CDATA[04]]></wp:meta_value>
		</wp:postmeta>
							<wp:postmeta>
		<wp:meta_key><![CDATA[valpa_nacimiento_ano_meta]]></wp:meta_key>
		<wp:meta_value><![CDATA[1975]]></wp:meta_value>
		</wp:postmeta>
							<wp:postmeta>
		<wp:meta_key><![CDATA[post_views_count]]></wp:meta_key>
		<wp:meta_value><![CDATA[109]]></wp:meta_value>
		</wp:postmeta>
							</item>
					<item>
		<title><![CDATA[Dulce Maria Claudia Velasco Rosales]]></title>
		<link>http://localhost/sass-wp/obituario/dulce-maria-claudio-velasco-rosales/</link>
		<pubDate>Tue, 15 Dec 2020 01:04:50 +0000</pubDate>
		<dc:creator><![CDATA[webmaster]]></dc:creator>
		<guid isPermaLink="false">http://valparaiso.com.mx/?post_type=valpa_obituario_pt&#038;p=7767</guid>
		<description></description>
		<content:encoded><![CDATA[LA MUERTE DEJA UN DOLOR EN EL CORAZON, QUE NADIE PUEDE SANAR PERO EL AMOR DEJA UNA MEMORIA QUE NADIE PUEDE ROBAR]]></content:encoded>
		<excerpt:encoded><![CDATA[]]></excerpt:encoded>
		<wp:post_id>7767</wp:post_id>
		<wp:post_date><![CDATA[2020-12-15 01:04:50]]></wp:post_date>
		<wp:post_date_gmt><![CDATA[2020-12-15 01:04:50]]></wp:post_date_gmt>
		<wp:post_modified><![CDATA[2020-12-15 01:04:50]]></wp:post_modified>
		<wp:post_modified_gmt><![CDATA[2020-12-15 01:04:50]]></wp:post_modified_gmt>
		<wp:comment_status><![CDATA[open]]></wp:comment_status>
		<wp:ping_status><![CDATA[closed]]></wp:ping_status>
		<wp:post_name><![CDATA[dulce-maria-claudio-velasco-rosales]]></wp:post_name>
		<wp:status><![CDATA[publish]]></wp:status>
		<wp:post_parent>0</wp:post_parent>
		<wp:menu_order>0</wp:menu_order>
		<wp:post_type><![CDATA[valpa_obituario_pt]]></wp:post_type>
		<wp:post_password><![CDATA[]]></wp:post_password>
		<wp:is_sticky>0</wp:is_sticky>
														<wp:postmeta>
		<wp:meta_key><![CDATA[_edit_last]]></wp:meta_key>
		<wp:meta_value><![CDATA[1]]></wp:meta_value>
		</wp:postmeta>
							<wp:postmeta>
		<wp:meta_key><![CDATA[_thumbnail_id]]></wp:meta_key>
		<wp:meta_value><![CDATA[7773]]></wp:meta_value>
		</wp:postmeta>
							<wp:postmeta>
		<wp:meta_key><![CDATA[sucursal_relacionada_meta]]></wp:meta_key>
		<wp:meta_value><![CDATA[a:1:{i:0;s:2:"22";}]]></wp:meta_value>
		</wp:postmeta>
							<wp:postmeta>
		<wp:meta_key><![CDATA[valpa_no_homenaje_meta]]></wp:meta_key>
		<wp:meta_value><![CDATA[0020000684]]></wp:meta_value>
		</wp:postmeta>
							<wp:postmeta>
		<wp:meta_key><![CDATA[servicio_relacionado_meta]]></wp:meta_key>
		<wp:meta_value><![CDATA[a:1:{i:0;s:8:"Sucursal";}]]></wp:meta_value>
		</wp:postmeta>
							<wp:postmeta>
		<wp:meta_key><![CDATA[valpa_nacimiento_dia_meta]]></wp:meta_key>
		<wp:meta_value><![CDATA[15]]></wp:meta_value>
		</wp:postmeta>
							<wp:postmeta>
		<wp:meta_key><![CDATA[valpa_nacimiento_mes_meta]]></wp:meta_key>
		<wp:meta_value><![CDATA[08]]></wp:meta_value>
		</wp:postmeta>
							<wp:postmeta>
		<wp:meta_key><![CDATA[valpa_nacimiento_ano_meta]]></wp:meta_key>
		<wp:meta_value><![CDATA[1968]]></wp:meta_value>
		</wp:postmeta>
							<wp:postmeta>
		<wp:meta_key><![CDATA[post_views_count]]></wp:meta_key>
		<wp:meta_value><![CDATA[206]]></wp:meta_value>
		</wp:postmeta>
							</item>
					<item>
		<title><![CDATA[Javier Ixcoatl Valencia Almendariz]]></title>
		<link>http://localhost/sass-wp/obituario/javier-ixcoatl-valencia-almendariz/</link>
		<pubDate>Tue, 15 Dec 2020 17:17:25 +0000</pubDate>
		<dc:creator><![CDATA[webmaster]]></dc:creator>
		<guid isPermaLink="false">http://valparaiso.com.mx/?post_type=valpa_obituario_pt&#038;p=7813</guid>
		<description></description>
		<content:encoded><![CDATA[<b>A PESAR DE NO ESTAR PRESENTE EN CUERPO, TU ESTARAS CON NOSOTROS POR SIEMPRE EN NUESTROS CORAZONES</b>]]></content:encoded>
		<excerpt:encoded><![CDATA[]]></excerpt:encoded>
		<wp:post_id>7813</wp:post_id>
		<wp:post_date><![CDATA[2020-12-15 17:17:25]]></wp:post_date>
		<wp:post_date_gmt><![CDATA[2020-12-15 17:17:25]]></wp:post_date_gmt>
		<wp:post_modified><![CDATA[2020-12-15 17:17:25]]></wp:post_modified>
		<wp:post_modified_gmt><![CDATA[2020-12-15 17:17:25]]></wp:post_modified_gmt>
		<wp:comment_status><![CDATA[open]]></wp:comment_status>
		<wp:ping_status><![CDATA[closed]]></wp:ping_status>
		<wp:post_name><![CDATA[javier-ixcoatl-valencia-almendariz]]></wp:post_name>
		<wp:status><![CDATA[publish]]></wp:status>
		<wp:post_parent>0</wp:post_parent>
		<wp:menu_order>0</wp:menu_order>
		<wp:post_type><![CDATA[valpa_obituario_pt]]></wp:post_type>
		<wp:post_password><![CDATA[]]></wp:post_password>
		<wp:is_sticky>0</wp:is_sticky>
														<wp:postmeta>
		<wp:meta_key><![CDATA[_edit_last]]></wp:meta_key>
		<wp:meta_value><![CDATA[1]]></wp:meta_value>
		</wp:postmeta>
							<wp:postmeta>
		<wp:meta_key><![CDATA[sucursal_relacionada_meta]]></wp:meta_key>
		<wp:meta_value><![CDATA[a:1:{i:0;s:2:"22";}]]></wp:meta_value>
		</wp:postmeta>
							<wp:postmeta>
		<wp:meta_key><![CDATA[valpa_no_homenaje_meta]]></wp:meta_key>
		<wp:meta_value><![CDATA[669]]></wp:meta_value>
		</wp:postmeta>
							<wp:postmeta>
		<wp:meta_key><![CDATA[servicio_relacionado_meta]]></wp:meta_key>
		<wp:meta_value><![CDATA[a:1:{i:0;s:8:"Sucursal";}]]></wp:meta_value>
		</wp:postmeta>
							<wp:postmeta>
		<wp:meta_key><![CDATA[valpa_nacimiento_dia_meta]]></wp:meta_key>
		<wp:meta_value><![CDATA[23]]></wp:meta_value>
		</wp:postmeta>
							<wp:postmeta>
		<wp:meta_key><![CDATA[valpa_nacimiento_mes_meta]]></wp:meta_key>
		<wp:meta_value><![CDATA[11]]></wp:meta_value>
		</wp:postmeta>
							<wp:postmeta>
		<wp:meta_key><![CDATA[valpa_nacimiento_ano_meta]]></wp:meta_key>
		<wp:meta_value><![CDATA[1975]]></wp:meta_value>
		</wp:postmeta>
							<wp:postmeta>
		<wp:meta_key><![CDATA[post_views_count]]></wp:meta_key>
		<wp:meta_value><![CDATA[969]]></wp:meta_value>
		</wp:postmeta>
							<wp:postmeta>
		<wp:meta_key><![CDATA[_thumbnail_id]]></wp:meta_key>
		<wp:meta_value><![CDATA[7876]]></wp:meta_value>
		</wp:postmeta>
							<wp:postmeta>
		<wp:meta_key><![CDATA[num_velas_meta]]></wp:meta_key>
		<wp:meta_value><![CDATA[15]]></wp:meta_value>
		</wp:postmeta>
							</item>
					<item>
		<title><![CDATA[Carlos Montes de Oca GarcÃ­a]]></title>
		<link>http://localhost/sass-wp/obituario/carlos-montes-de-oca-garcia/</link>
		<pubDate>Tue, 15 Dec 2020 07:24:49 +0000</pubDate>
		<dc:creator><![CDATA[webmaster]]></dc:creator>
		<guid isPermaLink="false">http://valparaiso.com.mx/?post_type=valpa_obituario_pt&#038;p=13663</guid>
		<description></description>
		<content:encoded><![CDATA["No has muerto solo te fuiste antes, se muere quien se olvida, a ti nunca te olvidaremos y no te recordaremos con lÃ¡grimas como aquellos que no tienen esperanza.

No has muerto, aunque tu cuerpo no estÃ©, siempre tu presencia se harÃ¡ sentir. Gracias por lo vivido, lo aprendido y sobre todo por el amor que nos tuvimos.

SerÃ¡s el silencio de la casa que tanto compartimos, serÃ¡s la brisa que besara nuestros rostros, serÃ¡s el recuerdo mÃ¡s dulce que llegue a nuestra memoria, dejas tu legado, tu ADN y sin duda todos lo llevaremos con gran orgullo.

Sabemos que solo te adelantaste, porque no has muerto solo te fuiste antes y sÃ© que algÃºn dÃ­a nos volveremos a verâ¦"]]></content:encoded>
		<excerpt:encoded><![CDATA[]]></excerpt:encoded>
		<wp:post_id>13663</wp:post_id>
		<wp:post_date><![CDATA[2020-12-15 07:24:49]]></wp:post_date>
		<wp:post_date_gmt><![CDATA[2020-12-15 07:24:49]]></wp:post_date_gmt>
		<wp:post_modified><![CDATA[2020-12-15 07:24:49]]></wp:post_modified>
		<wp:post_modified_gmt><![CDATA[2020-12-15 07:24:49]]></wp:post_modified_gmt>
		<wp:comment_status><![CDATA[open]]></wp:comment_status>
		<wp:ping_status><![CDATA[closed]]></wp:ping_status>
		<wp:post_name><![CDATA[carlos-montes-de-oca-garcia]]></wp:post_name>
		<wp:status><![CDATA[publish]]></wp:status>
		<wp:post_parent>0</wp:post_parent>
		<wp:menu_order>0</wp:menu_order>
		<wp:post_type><![CDATA[valpa_obituario_pt]]></wp:post_type>
		<wp:post_password><![CDATA[]]></wp:post_password>
		<wp:is_sticky>0</wp:is_sticky>
														<wp:postmeta>
		<wp:meta_key><![CDATA[_edit_last]]></wp:meta_key>
		<wp:meta_value><![CDATA[1]]></wp:meta_value>
		</wp:postmeta>
							<wp:postmeta>
		<wp:meta_key><![CDATA[sucursal_relacionada_meta]]></wp:meta_key>
		<wp:meta_value><![CDATA[a:1:{i:0;s:2:"22";}]]></wp:meta_value>
		</wp:postmeta>
							<wp:postmeta>
		<wp:meta_key><![CDATA[valpa_no_homenaje_meta]]></wp:meta_key>
		<wp:meta_value><![CDATA[0020000938]]></wp:meta_value>
		</wp:postmeta>
							<wp:postmeta>
		<wp:meta_key><![CDATA[valpa_nacimiento_dia_meta]]></wp:meta_key>
		<wp:meta_value><![CDATA[03]]></wp:meta_value>
		</wp:postmeta>
							<wp:postmeta>
		<wp:meta_key><![CDATA[valpa_nacimiento_mes_meta]]></wp:meta_key>
		<wp:meta_value><![CDATA[08]]></wp:meta_value>
		</wp:postmeta>
							<wp:postmeta>
		<wp:meta_key><![CDATA[valpa_nacimiento_ano_meta]]></wp:meta_key>
		<wp:meta_value><![CDATA[1940]]></wp:meta_value>
		</wp:postmeta>
							<wp:postmeta>
		<wp:meta_key><![CDATA[post_views_count]]></wp:meta_key>
		<wp:meta_value><![CDATA[204]]></wp:meta_value>
		</wp:postmeta>
							<wp:postmeta>
		<wp:meta_key><![CDATA[num_velas_meta]]></wp:meta_key>
		<wp:meta_value><![CDATA[9]]></wp:meta_value>
		</wp:postmeta>
							<wp:postmeta>
		<wp:meta_key><![CDATA[servicio_relacionado_meta]]></wp:meta_key>
		<wp:meta_value><![CDATA[a:1:{i:0;s:8:"Sucursal";}]]></wp:meta_value>
		</wp:postmeta>
							<wp:postmeta>
		<wp:meta_key><![CDATA[_thumbnail_id]]></wp:meta_key>
		<wp:meta_value><![CDATA[14375]]></wp:meta_value>
		</wp:postmeta>
							<wp:postmeta>
		<wp:meta_key><![CDATA[_wp_old_date]]></wp:meta_key>
		<wp:meta_value><![CDATA[2021-02-20]]></wp:meta_value>
		</wp:postmeta>
							<wp:postmeta>
		<wp:meta_key><![CDATA[num_recuerdos_meta]]></wp:meta_key>
		<wp:meta_value><![CDATA[2]]></wp:meta_value>
		</wp:postmeta>
							</item>
					<item>
		<title><![CDATA[Gerardo Cedillo Michua]]></title>
		<link>http://localhost/sass-wp/obituario/gerardo-cedillo-michua/</link>
		<pubDate>Tue, 15 Dec 2020 18:03:31 +0000</pubDate>
		<dc:creator><![CDATA[webmaster]]></dc:creator>
		<guid isPermaLink="false">http://valparaiso.com.mx/?post_type=valpa_obituario_pt&#038;p=7883</guid>
		<description></description>
		<content:encoded><![CDATA[<b>HASTA PRONTO, QUE BRILLE PARA TI LA LUZ QUE NO TIENE FIN.</b>]]></content:encoded>
		<excerpt:encoded><![CDATA[]]></excerpt:encoded>
		<wp:post_id>7883</wp:post_id>
		<wp:post_date><![CDATA[2020-12-15 18:03:31]]></wp:post_date>
		<wp:post_date_gmt><![CDATA[2020-12-15 18:03:31]]></wp:post_date_gmt>
		<wp:post_modified><![CDATA[2020-12-15 18:03:31]]></wp:post_modified>
		<wp:post_modified_gmt><![CDATA[2020-12-15 18:03:31]]></wp:post_modified_gmt>
		<wp:comment_status><![CDATA[open]]></wp:comment_status>
		<wp:ping_status><![CDATA[closed]]></wp:ping_status>
		<wp:post_name><![CDATA[gerardo-cedillo-michua]]></wp:post_name>
		<wp:status><![CDATA[publish]]></wp:status>
		<wp:post_parent>0</wp:post_parent>
		<wp:menu_order>0</wp:menu_order>
		<wp:post_type><![CDATA[valpa_obituario_pt]]></wp:post_type>
		<wp:post_password><![CDATA[]]></wp:post_password>
		<wp:is_sticky>0</wp:is_sticky>
														<wp:postmeta>
		<wp:meta_key><![CDATA[_edit_last]]></wp:meta_key>
		<wp:meta_value><![CDATA[1]]></wp:meta_value>
		</wp:postmeta>
							<wp:postmeta>
		<wp:meta_key><![CDATA[_thumbnail_id]]></wp:meta_key>
		<wp:meta_value><![CDATA[7925]]></wp:meta_value>
		</wp:postmeta>
							<wp:postmeta>
		<wp:meta_key><![CDATA[sucursal_relacionada_meta]]></wp:meta_key>
		<wp:meta_value><![CDATA[a:1:{i:0;s:2:"22";}]]></wp:meta_value>
		</wp:postmeta>
							<wp:postmeta>
		<wp:meta_key><![CDATA[valpa_no_homenaje_meta]]></wp:meta_key>
		<wp:meta_value><![CDATA[675]]></wp:meta_value>
		</wp:postmeta>
							<wp:postmeta>
		<wp:meta_key><![CDATA[servicio_relacionado_meta]]></wp:meta_key>
		<wp:meta_value><![CDATA[a:1:{i:0;s:8:"Sucursal";}]]></wp:meta_value>
		</wp:postmeta>
							<wp:postmeta>
		<wp:meta_key><![CDATA[valpa_nacimiento_dia_meta]]></wp:meta_key>
		<wp:meta_value><![CDATA[16]]></wp:meta_value>
		</wp:postmeta>
							<wp:postmeta>
		<wp:meta_key><![CDATA[valpa_nacimiento_mes_meta]]></wp:meta_key>
		<wp:meta_value><![CDATA[4]]></wp:meta_value>
		</wp:postmeta>
							<wp:postmeta>
		<wp:meta_key><![CDATA[valpa_nacimiento_ano_meta]]></wp:meta_key>
		<wp:meta_value><![CDATA[1979]]></wp:meta_value>
		</wp:postmeta>
							<wp:postmeta>
		<wp:meta_key><![CDATA[post_views_count]]></wp:meta_key>
		<wp:meta_value><![CDATA[154]]></wp:meta_value>
		</wp:postmeta>
							</item>
					<item>
		<title><![CDATA[Juan Luis Villavicencio]]></title>
		<link>http://localhost/sass-wp/obituario/juan-luis-villavicencio/</link>
		<pubDate>Tue, 15 Dec 2020 18:33:02 +0000</pubDate>
		<dc:creator><![CDATA[webmaster]]></dc:creator>
		<guid isPermaLink="false">http://valparaiso.com.mx/?post_type=valpa_obituario_pt&#038;p=7929</guid>
		<description></description>
		<content:encoded><![CDATA[]]></content:encoded>
		<excerpt:encoded><![CDATA[]]></excerpt:encoded>
		<wp:post_id>7929</wp:post_id>
		<wp:post_date><![CDATA[2020-12-15 18:33:02]]></wp:post_date>
		<wp:post_date_gmt><![CDATA[2020-12-15 18:33:02]]></wp:post_date_gmt>
		<wp:post_modified><![CDATA[2020-12-15 18:33:02]]></wp:post_modified>
		<wp:post_modified_gmt><![CDATA[2020-12-15 18:33:02]]></wp:post_modified_gmt>
		<wp:comment_status><![CDATA[open]]></wp:comment_status>
		<wp:ping_status><![CDATA[closed]]></wp:ping_status>
		<wp:post_name><![CDATA[juan-luis-villavicencio]]></wp:post_name>
		<wp:status><![CDATA[publish]]></wp:status>
		<wp:post_parent>0</wp:post_parent>
		<wp:menu_order>0</wp:menu_order>
		<wp:post_type><![CDATA[valpa_obituario_pt]]></wp:post_type>
		<wp:post_password><![CDATA[]]></wp:post_password>
		<wp:is_sticky>0</wp:is_sticky>
														<wp:postmeta>
		<wp:meta_key><![CDATA[_edit_last]]></wp:meta_key>
		<wp:meta_value><![CDATA[1]]></wp:meta_value>
		</wp:postmeta>
							<wp:postmeta>
		<wp:meta_key><![CDATA[valpa_no_homenaje_meta]]></wp:meta_key>
		<wp:meta_value><![CDATA[]]></wp:meta_value>
		</wp:postmeta>
							<wp:postmeta>
		<wp:meta_key><![CDATA[valpa_nacimiento_dia_meta]]></wp:meta_key>
		<wp:meta_value><![CDATA[]]></wp:meta_value>
		</wp:postmeta>
							<wp:postmeta>
		<wp:meta_key><![CDATA[valpa_nacimiento_mes_meta]]></wp:meta_key>
		<wp:meta_value><![CDATA[]]></wp:meta_value>
		</wp:postmeta>
							<wp:postmeta>
		<wp:meta_key><![CDATA[valpa_nacimiento_ano_meta]]></wp:meta_key>
		<wp:meta_value><![CDATA[]]></wp:meta_value>
		</wp:postmeta>
							<wp:postmeta>
		<wp:meta_key><![CDATA[post_views_count]]></wp:meta_key>
		<wp:meta_value><![CDATA[156]]></wp:meta_value>
		</wp:postmeta>
							<wp:postmeta>
		<wp:meta_key><![CDATA[_thumbnail_id]]></wp:meta_key>
		<wp:meta_value><![CDATA[7935]]></wp:meta_value>
		</wp:postmeta>
							</item>
					<item>
		<title><![CDATA[Nazaria Guadalupe Trejo Vargas]]></title>
		<link>http://localhost/sass-wp/obituario/nazaria-guadalupe-trejo-vargas/</link>
		<pubDate>Tue, 15 Dec 2020 18:56:13 +0000</pubDate>
		<dc:creator><![CDATA[webmaster]]></dc:creator>
		<guid isPermaLink="false">http://valparaiso.com.mx/?post_type=valpa_obituario_pt&#038;p=7937</guid>
		<description></description>
		<content:encoded><![CDATA[<b>HASTA PRONTO, QUE BRILLE PARA TI LA LUZ QUE NO TIENE FIN.</b>]]></content:encoded>
		<excerpt:encoded><![CDATA[]]></excerpt:encoded>
		<wp:post_id>7937</wp:post_id>
		<wp:post_date><![CDATA[2020-12-15 18:56:13]]></wp:post_date>
		<wp:post_date_gmt><![CDATA[2020-12-15 18:56:13]]></wp:post_date_gmt>
		<wp:post_modified><![CDATA[2020-12-15 18:56:13]]></wp:post_modified>
		<wp:post_modified_gmt><![CDATA[2020-12-15 18:56:13]]></wp:post_modified_gmt>
		<wp:comment_status><![CDATA[open]]></wp:comment_status>
		<wp:ping_status><![CDATA[closed]]></wp:ping_status>
		<wp:post_name><![CDATA[nazaria-guadalupe-trejo-vargas]]></wp:post_name>
		<wp:status><![CDATA[publish]]></wp:status>
		<wp:post_parent>0</wp:post_parent>
		<wp:menu_order>0</wp:menu_order>
		<wp:post_type><![CDATA[valpa_obituario_pt]]></wp:post_type>
		<wp:post_password><![CDATA[]]></wp:post_password>
		<wp:is_sticky>0</wp:is_sticky>
														<wp:postmeta>
		<wp:meta_key><![CDATA[_edit_last]]></wp:meta_key>
		<wp:meta_value><![CDATA[1]]></wp:meta_value>
		</wp:postmeta>
							<wp:postmeta>
		<wp:meta_key><![CDATA[_thumbnail_id]]></wp:meta_key>
		<wp:meta_value><![CDATA[7938]]></wp:meta_value>
		</wp:postmeta>
							<wp:postmeta>
		<wp:meta_key><![CDATA[sucursal_relacionada_meta]]></wp:meta_key>
		<wp:meta_value><![CDATA[a:1:{i:0;s:2:"22";}]]></wp:meta_value>
		</wp:postmeta>
							<wp:postmeta>
		<wp:meta_key><![CDATA[valpa_no_homenaje_meta]]></wp:meta_key>
		<wp:meta_value><![CDATA[645]]></wp:meta_value>
		</wp:postmeta>
							<wp:postmeta>
		<wp:meta_key><![CDATA[servicio_relacionado_meta]]></wp:meta_key>
		<wp:meta_value><![CDATA[a:1:{i:0;s:8:"Sucursal";}]]></wp:meta_value>
		</wp:postmeta>
							<wp:postmeta>
		<wp:meta_key><![CDATA[valpa_nacimiento_dia_meta]]></wp:meta_key>
		<wp:meta_value><![CDATA[12]]></wp:meta_value>
		</wp:postmeta>
							<wp:postmeta>
		<wp:meta_key><![CDATA[valpa_nacimiento_mes_meta]]></wp:meta_key>
		<wp:meta_value><![CDATA[06]]></wp:meta_value>
		</wp:postmeta>
							<wp:postmeta>
		<wp:meta_key><![CDATA[valpa_nacimiento_ano_meta]]></wp:meta_key>
		<wp:meta_value><![CDATA[1951]]></wp:meta_value>
		</wp:postmeta>
							<wp:postmeta>
		<wp:meta_key><![CDATA[post_views_count]]></wp:meta_key>
		<wp:meta_value><![CDATA[347]]></wp:meta_value>
		</wp:postmeta>
							<wp:postmeta>
		<wp:meta_key><![CDATA[num_velas_meta]]></wp:meta_key>
		<wp:meta_value><![CDATA[18]]></wp:meta_value>
		</wp:postmeta>
							<wp:postmeta>
		<wp:meta_key><![CDATA[num_recuerdos_meta]]></wp:meta_key>
		<wp:meta_value><![CDATA[6]]></wp:meta_value>
		</wp:postmeta>
							</item>
					<item>
		<title><![CDATA[Anselmo Barajas Osorio]]></title>
		<link>http://localhost/sass-wp/obituario/anselmo-barajas-osorio/</link>
		<pubDate>Wed, 16 Dec 2020 02:59:25 +0000</pubDate>
		<dc:creator><![CDATA[webmaster]]></dc:creator>
		<guid isPermaLink="false">http://valparaiso.com.mx/?post_type=valpa_obituario_pt&#038;p=7962</guid>
		<description></description>
		<content:encoded><![CDATA[TE DIGO ADIOS PARA TODA LA VIDA, PERO TODA LA VIDA SEGUIRE PENSANDO EN TI]]></content:encoded>
		<excerpt:encoded><![CDATA[]]></excerpt:encoded>
		<wp:post_id>7962</wp:post_id>
		<wp:post_date><![CDATA[2020-12-16 02:59:25]]></wp:post_date>
		<wp:post_date_gmt><![CDATA[2020-12-16 02:59:25]]></wp:post_date_gmt>
		<wp:post_modified><![CDATA[2020-12-16 02:59:25]]></wp:post_modified>
		<wp:post_modified_gmt><![CDATA[2020-12-16 02:59:25]]></wp:post_modified_gmt>
		<wp:comment_status><![CDATA[open]]></wp:comment_status>
		<wp:ping_status><![CDATA[closed]]></wp:ping_status>
		<wp:post_name><![CDATA[anselmo-barajas-osorio]]></wp:post_name>
		<wp:status><![CDATA[publish]]></wp:status>
		<wp:post_parent>0</wp:post_parent>
		<wp:menu_order>0</wp:menu_order>
		<wp:post_type><![CDATA[valpa_obituario_pt]]></wp:post_type>
		<wp:post_password><![CDATA[]]></wp:post_password>
		<wp:is_sticky>0</wp:is_sticky>
														<wp:postmeta>
		<wp:meta_key><![CDATA[_edit_last]]></wp:meta_key>
		<wp:meta_value><![CDATA[1]]></wp:meta_value>
		</wp:postmeta>
							<wp:postmeta>
		<wp:meta_key><![CDATA[sucursal_relacionada_meta]]></wp:meta_key>
		<wp:meta_value><![CDATA[a:1:{i:0;s:2:"22";}]]></wp:meta_value>
		</wp:postmeta>
							<wp:postmeta>
		<wp:meta_key><![CDATA[valpa_no_homenaje_meta]]></wp:meta_key>
		<wp:meta_value><![CDATA[0020000689]]></wp:meta_value>
		</wp:postmeta>
							<wp:postmeta>
		<wp:meta_key><![CDATA[servicio_relacionado_meta]]></wp:meta_key>
		<wp:meta_value><![CDATA[a:1:{i:0;s:8:"Sucursal";}]]></wp:meta_value>
		</wp:postmeta>
							<wp:postmeta>
		<wp:meta_key><![CDATA[valpa_nacimiento_dia_meta]]></wp:meta_key>
		<wp:meta_value><![CDATA[28]]></wp:meta_value>
		</wp:postmeta>
							<wp:postmeta>
		<wp:meta_key><![CDATA[valpa_nacimiento_mes_meta]]></wp:meta_key>
		<wp:meta_value><![CDATA[03]]></wp:meta_value>
		</wp:postmeta>
							<wp:postmeta>
		<wp:meta_key><![CDATA[valpa_nacimiento_ano_meta]]></wp:meta_key>
		<wp:meta_value><![CDATA[1958]]></wp:meta_value>
		</wp:postmeta>
							<wp:postmeta>
		<wp:meta_key><![CDATA[post_views_count]]></wp:meta_key>
		<wp:meta_value><![CDATA[430]]></wp:meta_value>
		</wp:postmeta>
							<wp:postmeta>
		<wp:meta_key><![CDATA[_thumbnail_id]]></wp:meta_key>
		<wp:meta_value><![CDATA[7973]]></wp:meta_value>
		</wp:postmeta>
							<wp:postmeta>
		<wp:meta_key><![CDATA[num_velas_meta]]></wp:meta_key>
		<wp:meta_value><![CDATA[11]]></wp:meta_value>
		</wp:postmeta>
							<wp:postmeta>
		<wp:meta_key><![CDATA[num_recuerdos_meta]]></wp:meta_key>
		<wp:meta_value><![CDATA[7]]></wp:meta_value>
		</wp:postmeta>
							</item>
					<item>
		<title><![CDATA[ConcepciÃ³n Sanchez GalvÃ¡n]]></title>
		<link>http://localhost/sass-wp/obituario/concepcion-sanchez-galvan/</link>
		<pubDate>Wed, 16 Dec 2020 23:52:19 +0000</pubDate>
		<dc:creator><![CDATA[webmaster]]></dc:creator>
		<guid isPermaLink="false">http://valparaiso.com.mx/?post_type=valpa_obituario_pt&#038;p=8027</guid>
		<description></description>
		<content:encoded><![CDATA[A PESAR DE NO ESTAR PRESENTE EN CUERPO, TU ESTARAS CON NOSOTROS POR SIEMPRE EN NUESTROS CORAZONES]]></content:encoded>
		<excerpt:encoded><![CDATA[]]></excerpt:encoded>
		<wp:post_id>8027</wp:post_id>
		<wp:post_date><![CDATA[2020-12-16 23:52:19]]></wp:post_date>
		<wp:post_date_gmt><![CDATA[2020-12-16 23:52:19]]></wp:post_date_gmt>
		<wp:post_modified><![CDATA[2020-12-16 23:52:19]]></wp:post_modified>
		<wp:post_modified_gmt><![CDATA[2020-12-16 23:52:19]]></wp:post_modified_gmt>
		<wp:comment_status><![CDATA[open]]></wp:comment_status>
		<wp:ping_status><![CDATA[closed]]></wp:ping_status>
		<wp:post_name><![CDATA[concepcion-sanchez-galvan]]></wp:post_name>
		<wp:status><![CDATA[publish]]></wp:status>
		<wp:post_parent>0</wp:post_parent>
		<wp:menu_order>0</wp:menu_order>
		<wp:post_type><![CDATA[valpa_obituario_pt]]></wp:post_type>
		<wp:post_password><![CDATA[]]></wp:post_password>
		<wp:is_sticky>0</wp:is_sticky>
														<wp:postmeta>
		<wp:meta_key><![CDATA[_edit_last]]></wp:meta_key>
		<wp:meta_value><![CDATA[1]]></wp:meta_value>
		</wp:postmeta>
							<wp:postmeta>
		<wp:meta_key><![CDATA[_thumbnail_id]]></wp:meta_key>
		<wp:meta_value><![CDATA[8029]]></wp:meta_value>
		</wp:postmeta>
							<wp:postmeta>
		<wp:meta_key><![CDATA[sucursal_relacionada_meta]]></wp:meta_key>
		<wp:meta_value><![CDATA[a:1:{i:0;s:2:"22";}]]></wp:meta_value>
		</wp:postmeta>
							<wp:postmeta>
		<wp:meta_key><![CDATA[valpa_no_homenaje_meta]]></wp:meta_key>
		<wp:meta_value><![CDATA[0020000700]]></wp:meta_value>
		</wp:postmeta>
							<wp:postmeta>
		<wp:meta_key><![CDATA[servicio_relacionado_meta]]></wp:meta_key>
		<wp:meta_value><![CDATA[a:1:{i:0;s:8:"Sucursal";}]]></wp:meta_value>
		</wp:postmeta>
							<wp:postmeta>
		<wp:meta_key><![CDATA[valpa_nacimiento_dia_meta]]></wp:meta_key>
		<wp:meta_value><![CDATA[14]]></wp:meta_value>
		</wp:postmeta>
							<wp:postmeta>
		<wp:meta_key><![CDATA[valpa_nacimiento_mes_meta]]></wp:meta_key>
		<wp:meta_value><![CDATA[11]]></wp:meta_value>
		</wp:postmeta>
							<wp:postmeta>
		<wp:meta_key><![CDATA[valpa_nacimiento_ano_meta]]></wp:meta_key>
		<wp:meta_value><![CDATA[1946]]></wp:meta_value>
		</wp:postmeta>
							<wp:postmeta>
		<wp:meta_key><![CDATA[post_views_count]]></wp:meta_key>
		<wp:meta_value><![CDATA[393]]></wp:meta_value>
		</wp:postmeta>
							<wp:postmeta>
		<wp:meta_key><![CDATA[num_recuerdos_meta]]></wp:meta_key>
		<wp:meta_value><![CDATA[6]]></wp:meta_value>
		</wp:postmeta>
							<wp:postmeta>
		<wp:meta_key><![CDATA[num_velas_meta]]></wp:meta_key>
		<wp:meta_value><![CDATA[16]]></wp:meta_value>
		</wp:postmeta>
							</item>
					<item>
		<title><![CDATA[Ebodio Salvador Franco Trejo]]></title>
		<link>http://localhost/sass-wp/obituario/ebodio-salvador-franco-trejo/</link>
		<pubDate>Thu, 17 Dec 2020 00:39:51 +0000</pubDate>
		<dc:creator><![CDATA[webmaster]]></dc:creator>
		<guid isPermaLink="false">http://valparaiso.com.mx/?post_type=valpa_obituario_pt&#038;p=8107</guid>
		<description></description>
		<content:encoded><![CDATA[A PESAR DE NO ESTAR PRESENTE EN CUERPO, TU ESTARAS CON NOSOTROS POR SIEMPRE EN NUESTROS CORAZONES]]></content:encoded>
		<excerpt:encoded><![CDATA[]]></excerpt:encoded>
		<wp:post_id>8107</wp:post_id>
		<wp:post_date><![CDATA[2020-12-17 00:39:51]]></wp:post_date>
		<wp:post_date_gmt><![CDATA[2020-12-17 00:39:51]]></wp:post_date_gmt>
		<wp:post_modified><![CDATA[2020-12-17 00:39:51]]></wp:post_modified>
		<wp:post_modified_gmt><![CDATA[2020-12-17 00:39:51]]></wp:post_modified_gmt>
		<wp:comment_status><![CDATA[open]]></wp:comment_status>
		<wp:ping_status><![CDATA[closed]]></wp:ping_status>
		<wp:post_name><![CDATA[ebodio-salvador-franco-trejo]]></wp:post_name>
		<wp:status><![CDATA[publish]]></wp:status>
		<wp:post_parent>0</wp:post_parent>
		<wp:menu_order>0</wp:menu_order>
		<wp:post_type><![CDATA[valpa_obituario_pt]]></wp:post_type>
		<wp:post_password><![CDATA[]]></wp:post_password>
		<wp:is_sticky>0</wp:is_sticky>
														<wp:postmeta>
		<wp:meta_key><![CDATA[_edit_last]]></wp:meta_key>
		<wp:meta_value><![CDATA[1]]></wp:meta_value>
		</wp:postmeta>
							<wp:postmeta>
		<wp:meta_key><![CDATA[sucursal_relacionada_meta]]></wp:meta_key>
		<wp:meta_value><![CDATA[a:1:{i:0;s:2:"22";}]]></wp:meta_value>
		</wp:postmeta>
							<wp:postmeta>
		<wp:meta_key><![CDATA[valpa_no_homenaje_meta]]></wp:meta_key>
		<wp:meta_value><![CDATA[0020000691]]></wp:meta_value>
		</wp:postmeta>
							<wp:postmeta>
		<wp:meta_key><![CDATA[servicio_relacionado_meta]]></wp:meta_key>
		<wp:meta_value><![CDATA[a:1:{i:0;s:8:"Sucursal";}]]></wp:meta_value>
		</wp:postmeta>
							<wp:postmeta>
		<wp:meta_key><![CDATA[valpa_nacimiento_dia_meta]]></wp:meta_key>
		<wp:meta_value><![CDATA[06]]></wp:meta_value>
		</wp:postmeta>
							<wp:postmeta>
		<wp:meta_key><![CDATA[valpa_nacimiento_mes_meta]]></wp:meta_key>
		<wp:meta_value><![CDATA[05]]></wp:meta_value>
		</wp:postmeta>
							<wp:postmeta>
		<wp:meta_key><![CDATA[valpa_nacimiento_ano_meta]]></wp:meta_key>
		<wp:meta_value><![CDATA[1947]]></wp:meta_value>
		</wp:postmeta>
							<wp:postmeta>
		<wp:meta_key><![CDATA[_thumbnail_id]]></wp:meta_key>
		<wp:meta_value><![CDATA[8229]]></wp:meta_value>
		</wp:postmeta>
							<wp:postmeta>
		<wp:meta_key><![CDATA[post_views_count]]></wp:meta_key>
		<wp:meta_value><![CDATA[577]]></wp:meta_value>
		</wp:postmeta>
							<wp:postmeta>
		<wp:meta_key><![CDATA[_wp_old_slug]]></wp:meta_key>
		<wp:meta_value><![CDATA[evodio-salvador-franco-trejo]]></wp:meta_value>
		</wp:postmeta>
							<wp:postmeta>
		<wp:meta_key><![CDATA[num_velas_meta]]></wp:meta_key>
		<wp:meta_value><![CDATA[15]]></wp:meta_value>
		</wp:postmeta>
							<wp:postmeta>
		<wp:meta_key><![CDATA[num_recuerdos_meta]]></wp:meta_key>
		<wp:meta_value><![CDATA[2]]></wp:meta_value>
		</wp:postmeta>
							</item>
					<item>
		<title><![CDATA[Jorge Rogelio Correa Campos]]></title>
		<link>http://localhost/sass-wp/obituario/jorge-rogelio-correa-campos/</link>
		<pubDate>Sat, 19 Dec 2020 22:55:26 +0000</pubDate>
		<dc:creator><![CDATA[webmaster]]></dc:creator>
		<guid isPermaLink="false">http://valparaiso.com.mx/?post_type=valpa_obituario_pt&#038;p=8260</guid>
		<description></description>
		<content:encoded><![CDATA[Amoroso padre y esposo, siempre hizo todo por su familia y por su estado que tanto amaba]]></content:encoded>
		<excerpt:encoded><![CDATA[]]></excerpt:encoded>
		<wp:post_id>8260</wp:post_id>
		<wp:post_date><![CDATA[2020-12-19 22:55:26]]></wp:post_date>
		<wp:post_date_gmt><![CDATA[2020-12-19 22:55:26]]></wp:post_date_gmt>
		<wp:post_modified><![CDATA[2020-12-19 22:55:26]]></wp:post_modified>
		<wp:post_modified_gmt><![CDATA[2020-12-19 22:55:26]]></wp:post_modified_gmt>
		<wp:comment_status><![CDATA[open]]></wp:comment_status>
		<wp:ping_status><![CDATA[closed]]></wp:ping_status>
		<wp:post_name><![CDATA[jorge-rogelio-correa-campos]]></wp:post_name>
		<wp:status><![CDATA[publish]]></wp:status>
		<wp:post_parent>0</wp:post_parent>
		<wp:menu_order>0</wp:menu_order>
		<wp:post_type><![CDATA[valpa_obituario_pt]]></wp:post_type>
		<wp:post_password><![CDATA[]]></wp:post_password>
		<wp:is_sticky>0</wp:is_sticky>
														<wp:postmeta>
		<wp:meta_key><![CDATA[_edit_last]]></wp:meta_key>
		<wp:meta_value><![CDATA[1]]></wp:meta_value>
		</wp:postmeta>
							<wp:postmeta>
		<wp:meta_key><![CDATA[_thumbnail_id]]></wp:meta_key>
		<wp:meta_value><![CDATA[8331]]></wp:meta_value>
		</wp:postmeta>
							<wp:postmeta>
		<wp:meta_key><![CDATA[sucursal_relacionada_meta]]></wp:meta_key>
		<wp:meta_value><![CDATA[a:1:{i:0;s:2:"22";}]]></wp:meta_value>
		</wp:postmeta>
							<wp:postmeta>
		<wp:meta_key><![CDATA[valpa_no_homenaje_meta]]></wp:meta_key>
		<wp:meta_value><![CDATA[0020000711]]></wp:meta_value>
		</wp:postmeta>
							<wp:postmeta>
		<wp:meta_key><![CDATA[servicio_relacionado_meta]]></wp:meta_key>
		<wp:meta_value><![CDATA[a:1:{i:0;s:8:"Sucursal";}]]></wp:meta_value>
		</wp:postmeta>
							<wp:postmeta>
		<wp:meta_key><![CDATA[valpa_nacimiento_dia_meta]]></wp:meta_key>
		<wp:meta_value><![CDATA[11]]></wp:meta_value>
		</wp:postmeta>
							<wp:postmeta>
		<wp:meta_key><![CDATA[valpa_nacimiento_mes_meta]]></wp:meta_key>
		<wp:meta_value><![CDATA[02]]></wp:meta_value>
		</wp:postmeta>
							<wp:postmeta>
		<wp:meta_key><![CDATA[valpa_nacimiento_ano_meta]]></wp:meta_key>
		<wp:meta_value><![CDATA[1954]]></wp:meta_value>
		</wp:postmeta>
							<wp:postmeta>
		<wp:meta_key><![CDATA[post_views_count]]></wp:meta_key>
		<wp:meta_value><![CDATA[214]]></wp:meta_value>
		</wp:postmeta>
							</item>
					<item>
		<title><![CDATA[Elvia Aguirre Calvo]]></title>
		<link>http://localhost/sass-wp/obituario/elvia-aguirre-calvo/</link>
		<pubDate>Sun, 20 Dec 2020 23:32:26 +0000</pubDate>
		<dc:creator><![CDATA[webmaster]]></dc:creator>
		<guid isPermaLink="false">http://valparaiso.com.mx/?post_type=valpa_obituario_pt&#038;p=8425</guid>
		<description></description>
		<content:encoded><![CDATA[<ul>
 	<li style="list-style-type: none;">
<ul>
 	<li style="text-align: center;">LO QUE UNA VEZ DISFRUTAMOS NUNCA O PERDEMOS. TODO LO QUE AMAMOS PROFUNDAMENTE SE CONVIERTE EN PARTE DE NOSOTROS MISMOS</li>
</ul>
</li>
</ul>]]></content:encoded>
		<excerpt:encoded><![CDATA[]]></excerpt:encoded>
		<wp:post_id>8425</wp:post_id>
		<wp:post_date><![CDATA[2020-12-20 23:32:26]]></wp:post_date>
		<wp:post_date_gmt><![CDATA[2020-12-20 23:32:26]]></wp:post_date_gmt>
		<wp:post_modified><![CDATA[2020-12-20 23:32:26]]></wp:post_modified>
		<wp:post_modified_gmt><![CDATA[2020-12-20 23:32:26]]></wp:post_modified_gmt>
		<wp:comment_status><![CDATA[open]]></wp:comment_status>
		<wp:ping_status><![CDATA[closed]]></wp:ping_status>
		<wp:post_name><![CDATA[elvia-aguirre-calvo]]></wp:post_name>
		<wp:status><![CDATA[publish]]></wp:status>
		<wp:post_parent>0</wp:post_parent>
		<wp:menu_order>0</wp:menu_order>
		<wp:post_type><![CDATA[valpa_obituario_pt]]></wp:post_type>
		<wp:post_password><![CDATA[]]></wp:post_password>
		<wp:is_sticky>0</wp:is_sticky>
														<wp:postmeta>
		<wp:meta_key><![CDATA[_edit_last]]></wp:meta_key>
		<wp:meta_value><![CDATA[1]]></wp:meta_value>
		</wp:postmeta>
							<wp:postmeta>
		<wp:meta_key><![CDATA[valpa_no_homenaje_meta]]></wp:meta_key>
		<wp:meta_value><![CDATA[0020000722]]></wp:meta_value>
		</wp:postmeta>
							<wp:postmeta>
		<wp:meta_key><![CDATA[valpa_nacimiento_dia_meta]]></wp:meta_key>
		<wp:meta_value><![CDATA[27]]></wp:meta_value>
		</wp:postmeta>
							<wp:postmeta>
		<wp:meta_key><![CDATA[valpa_nacimiento_mes_meta]]></wp:meta_key>
		<wp:meta_value><![CDATA[03]]></wp:meta_value>
		</wp:postmeta>
							<wp:postmeta>
		<wp:meta_key><![CDATA[valpa_nacimiento_ano_meta]]></wp:meta_key>
		<wp:meta_value><![CDATA[1958]]></wp:meta_value>
		</wp:postmeta>
							<wp:postmeta>
		<wp:meta_key><![CDATA[_thumbnail_id]]></wp:meta_key>
		<wp:meta_value><![CDATA[8426]]></wp:meta_value>
		</wp:postmeta>
							<wp:postmeta>
		<wp:meta_key><![CDATA[sucursal_relacionada_meta]]></wp:meta_key>
		<wp:meta_value><![CDATA[a:1:{i:0;s:2:"22";}]]></wp:meta_value>
		</wp:postmeta>
							<wp:postmeta>
		<wp:meta_key><![CDATA[servicio_relacionado_meta]]></wp:meta_key>
		<wp:meta_value><![CDATA[a:1:{i:0;s:8:"Sucursal";}]]></wp:meta_value>
		</wp:postmeta>
							<wp:postmeta>
		<wp:meta_key><![CDATA[post_views_count]]></wp:meta_key>
		<wp:meta_value><![CDATA[195]]></wp:meta_value>
		</wp:postmeta>
							<wp:postmeta>
		<wp:meta_key><![CDATA[num_velas_meta]]></wp:meta_key>
		<wp:meta_value><![CDATA[1]]></wp:meta_value>
		</wp:postmeta>
							</item>
					<item>
		<title><![CDATA[Eutimio Benavides Mejia]]></title>
		<link>http://localhost/sass-wp/obituario/eutimio-benavides-mejia/</link>
		<pubDate>Wed, 23 Dec 2020 19:29:23 +0000</pubDate>
		<dc:creator><![CDATA[webmaster]]></dc:creator>
		<guid isPermaLink="false">http://valparaiso.com.mx/?post_type=valpa_obituario_pt&#038;p=8431</guid>
		<description></description>
		<content:encoded><![CDATA[<b>A PESAR DE NO ESTAR PRESENTE EN CUERPO, TU ESTARAS CON NOSOTROS POR SIEMPRE EN NUESTROS CORAZONES</b>]]></content:encoded>
		<excerpt:encoded><![CDATA[]]></excerpt:encoded>
		<wp:post_id>8431</wp:post_id>
		<wp:post_date><![CDATA[2020-12-23 19:29:23]]></wp:post_date>
		<wp:post_date_gmt><![CDATA[2020-12-23 19:29:23]]></wp:post_date_gmt>
		<wp:post_modified><![CDATA[2020-12-23 19:29:23]]></wp:post_modified>
		<wp:post_modified_gmt><![CDATA[2020-12-23 19:29:23]]></wp:post_modified_gmt>
		<wp:comment_status><![CDATA[open]]></wp:comment_status>
		<wp:ping_status><![CDATA[closed]]></wp:ping_status>
		<wp:post_name><![CDATA[eutimio-benavides-mejia]]></wp:post_name>
		<wp:status><![CDATA[publish]]></wp:status>
		<wp:post_parent>0</wp:post_parent>
		<wp:menu_order>0</wp:menu_order>
		<wp:post_type><![CDATA[valpa_obituario_pt]]></wp:post_type>
		<wp:post_password><![CDATA[]]></wp:post_password>
		<wp:is_sticky>0</wp:is_sticky>
														<wp:postmeta>
		<wp:meta_key><![CDATA[_edit_last]]></wp:meta_key>
		<wp:meta_value><![CDATA[1]]></wp:meta_value>
		</wp:postmeta>
							<wp:postmeta>
		<wp:meta_key><![CDATA[_thumbnail_id]]></wp:meta_key>
		<wp:meta_value><![CDATA[8432]]></wp:meta_value>
		</wp:postmeta>
							<wp:postmeta>
		<wp:meta_key><![CDATA[sucursal_relacionada_meta]]></wp:meta_key>
		<wp:meta_value><![CDATA[a:1:{i:0;s:2:"22";}]]></wp:meta_value>
		</wp:postmeta>
							<wp:postmeta>
		<wp:meta_key><![CDATA[valpa_no_homenaje_meta]]></wp:meta_key>
		<wp:meta_value><![CDATA[744]]></wp:meta_value>
		</wp:postmeta>
							<wp:postmeta>
		<wp:meta_key><![CDATA[servicio_relacionado_meta]]></wp:meta_key>
		<wp:meta_value><![CDATA[a:1:{i:0;s:8:"Sucursal";}]]></wp:meta_value>
		</wp:postmeta>
							<wp:postmeta>
		<wp:meta_key><![CDATA[valpa_nacimiento_dia_meta]]></wp:meta_key>
		<wp:meta_value><![CDATA[23]]></wp:meta_value>
		</wp:postmeta>
							<wp:postmeta>
		<wp:meta_key><![CDATA[valpa_nacimiento_mes_meta]]></wp:meta_key>
		<wp:meta_value><![CDATA[11]]></wp:meta_value>
		</wp:postmeta>
							<wp:postmeta>
		<wp:meta_key><![CDATA[valpa_nacimiento_ano_meta]]></wp:meta_key>
		<wp:meta_value><![CDATA[1950]]></wp:meta_value>
		</wp:postmeta>
							<wp:postmeta>
		<wp:meta_key><![CDATA[post_views_count]]></wp:meta_key>
		<wp:meta_value><![CDATA[324]]></wp:meta_value>
		</wp:postmeta>
							<wp:postmeta>
		<wp:meta_key><![CDATA[num_velas_meta]]></wp:meta_key>
		<wp:meta_value><![CDATA[6]]></wp:meta_value>
		</wp:postmeta>
							<wp:postmeta>
		<wp:meta_key><![CDATA[num_recuerdos_meta]]></wp:meta_key>
		<wp:meta_value><![CDATA[1]]></wp:meta_value>
		</wp:postmeta>
							</item>
					<item>
		<title><![CDATA[Fidel Torres Ramirez]]></title>
		<link>http://localhost/sass-wp/obituario/fidel-torres-ramirez/</link>
		<pubDate>Thu, 24 Dec 2020 00:12:34 +0000</pubDate>
		<dc:creator><![CDATA[webmaster]]></dc:creator>
		<guid isPermaLink="false">http://valparaiso.com.mx/?post_type=valpa_obituario_pt&#038;p=8478</guid>
		<description></description>
		<content:encoded><![CDATA[A PESAR DE NO ESTAR PRESENTE EN CUERPO, TU ESTARAS CON NOSOTROS POR SIEMPRE EN NUESTROS CORAZONES]]></content:encoded>
		<excerpt:encoded><![CDATA[]]></excerpt:encoded>
		<wp:post_id>8478</wp:post_id>
		<wp:post_date><![CDATA[2020-12-24 00:12:34]]></wp:post_date>
		<wp:post_date_gmt><![CDATA[2020-12-24 00:12:34]]></wp:post_date_gmt>
		<wp:post_modified><![CDATA[2020-12-24 00:12:34]]></wp:post_modified>
		<wp:post_modified_gmt><![CDATA[2020-12-24 00:12:34]]></wp:post_modified_gmt>
		<wp:comment_status><![CDATA[open]]></wp:comment_status>
		<wp:ping_status><![CDATA[closed]]></wp:ping_status>
		<wp:post_name><![CDATA[fidel-torres-ramirez]]></wp:post_name>
		<wp:status><![CDATA[publish]]></wp:status>
		<wp:post_parent>0</wp:post_parent>
		<wp:menu_order>0</wp:menu_order>
		<wp:post_type><![CDATA[valpa_obituario_pt]]></wp:post_type>
		<wp:post_password><![CDATA[]]></wp:post_password>
		<wp:is_sticky>0</wp:is_sticky>
														<wp:postmeta>
		<wp:meta_key><![CDATA[_edit_last]]></wp:meta_key>
		<wp:meta_value><![CDATA[1]]></wp:meta_value>
		</wp:postmeta>
							<wp:postmeta>
		<wp:meta_key><![CDATA[sucursal_relacionada_meta]]></wp:meta_key>
		<wp:meta_value><![CDATA[a:1:{i:0;s:2:"22";}]]></wp:meta_value>
		</wp:postmeta>
							<wp:postmeta>
		<wp:meta_key><![CDATA[valpa_no_homenaje_meta]]></wp:meta_key>
		<wp:meta_value><![CDATA[]]></wp:meta_value>
		</wp:postmeta>
							<wp:postmeta>
		<wp:meta_key><![CDATA[servicio_relacionado_meta]]></wp:meta_key>
		<wp:meta_value><![CDATA[a:1:{i:0;s:9:"Domicilio";}]]></wp:meta_value>
		</wp:postmeta>
							<wp:postmeta>
		<wp:meta_key><![CDATA[valpa_nacimiento_dia_meta]]></wp:meta_key>
		<wp:meta_value><![CDATA[20]]></wp:meta_value>
		</wp:postmeta>
							<wp:postmeta>
		<wp:meta_key><![CDATA[valpa_nacimiento_mes_meta]]></wp:meta_key>
		<wp:meta_value><![CDATA[08]]></wp:meta_value>
		</wp:postmeta>
							<wp:postmeta>
		<wp:meta_key><![CDATA[valpa_nacimiento_ano_meta]]></wp:meta_key>
		<wp:meta_value><![CDATA[1979]]></wp:meta_value>
		</wp:postmeta>
							<wp:postmeta>
		<wp:meta_key><![CDATA[post_views_count]]></wp:meta_key>
		<wp:meta_value><![CDATA[373]]></wp:meta_value>
		</wp:postmeta>
							<wp:postmeta>
		<wp:meta_key><![CDATA[_thumbnail_id]]></wp:meta_key>
		<wp:meta_value><![CDATA[8492]]></wp:meta_value>
		</wp:postmeta>
							<wp:postmeta>
		<wp:meta_key><![CDATA[num_recuerdos_meta]]></wp:meta_key>
		<wp:meta_value><![CDATA[11]]></wp:meta_value>
		</wp:postmeta>
							<wp:postmeta>
		<wp:meta_key><![CDATA[num_velas_meta]]></wp:meta_key>
		<wp:meta_value><![CDATA[7]]></wp:meta_value>
		</wp:postmeta>
							</item>
					<item>
		<title><![CDATA[Ma. Magdalena RamÃ­rez Ortega]]></title>
		<link>http://localhost/sass-wp/obituario/m-a-magdalena-ramirez-ortega/</link>
		<pubDate>Sat, 26 Dec 2020 01:56:39 +0000</pubDate>
		<dc:creator><![CDATA[webmaster]]></dc:creator>
		<guid isPermaLink="false">http://valparaiso.com.mx/?post_type=valpa_obituario_pt&#038;p=8531</guid>
		<description></description>
		<content:encoded><![CDATA[<b>LA MUERTE DEJA UN DOLOR EN EL CORAZON, QUE NADIE PUEDE SANAR PERO EL AMOR DEJA UNA MEMORIA QUE NADIE PUEDE ROBAR</b>]]></content:encoded>
		<excerpt:encoded><![CDATA[]]></excerpt:encoded>
		<wp:post_id>8531</wp:post_id>
		<wp:post_date><![CDATA[2020-12-26 01:56:39]]></wp:post_date>
		<wp:post_date_gmt><![CDATA[2020-12-26 01:56:39]]></wp:post_date_gmt>
		<wp:post_modified><![CDATA[2020-12-26 01:56:39]]></wp:post_modified>
		<wp:post_modified_gmt><![CDATA[2020-12-26 01:56:39]]></wp:post_modified_gmt>
		<wp:comment_status><![CDATA[open]]></wp:comment_status>
		<wp:ping_status><![CDATA[closed]]></wp:ping_status>
		<wp:post_name><![CDATA[m-a-magdalena-ramirez-ortega]]></wp:post_name>
		<wp:status><![CDATA[publish]]></wp:status>
		<wp:post_parent>0</wp:post_parent>
		<wp:menu_order>0</wp:menu_order>
		<wp:post_type><![CDATA[valpa_obituario_pt]]></wp:post_type>
		<wp:post_password><![CDATA[]]></wp:post_password>
		<wp:is_sticky>0</wp:is_sticky>
														<wp:postmeta>
		<wp:meta_key><![CDATA[_edit_last]]></wp:meta_key>
		<wp:meta_value><![CDATA[1]]></wp:meta_value>
		</wp:postmeta>
							<wp:postmeta>
		<wp:meta_key><![CDATA[sucursal_relacionada_meta]]></wp:meta_key>
		<wp:meta_value><![CDATA[a:1:{i:0;s:2:"22";}]]></wp:meta_value>
		</wp:postmeta>
							<wp:postmeta>
		<wp:meta_key><![CDATA[valpa_no_homenaje_meta]]></wp:meta_key>
		<wp:meta_value><![CDATA[757]]></wp:meta_value>
		</wp:postmeta>
							<wp:postmeta>
		<wp:meta_key><![CDATA[servicio_relacionado_meta]]></wp:meta_key>
		<wp:meta_value><![CDATA[a:1:{i:0;s:8:"Sucursal";}]]></wp:meta_value>
		</wp:postmeta>
							<wp:postmeta>
		<wp:meta_key><![CDATA[valpa_nacimiento_dia_meta]]></wp:meta_key>
		<wp:meta_value><![CDATA[28]]></wp:meta_value>
		</wp:postmeta>
							<wp:postmeta>
		<wp:meta_key><![CDATA[valpa_nacimiento_mes_meta]]></wp:meta_key>
		<wp:meta_value><![CDATA[10]]></wp:meta_value>
		</wp:postmeta>
							<wp:postmeta>
		<wp:meta_key><![CDATA[valpa_nacimiento_ano_meta]]></wp:meta_key>
		<wp:meta_value><![CDATA[1956]]></wp:meta_value>
		</wp:postmeta>
							<wp:postmeta>
		<wp:meta_key><![CDATA[_thumbnail_id]]></wp:meta_key>
		<wp:meta_value><![CDATA[8532]]></wp:meta_value>
		</wp:postmeta>
							<wp:postmeta>
		<wp:meta_key><![CDATA[post_views_count]]></wp:meta_key>
		<wp:meta_value><![CDATA[150]]></wp:meta_value>
		</wp:postmeta>
							<wp:postmeta>
		<wp:meta_key><![CDATA[num_velas_meta]]></wp:meta_key>
		<wp:meta_value><![CDATA[7]]></wp:meta_value>
		</wp:postmeta>
							<wp:postmeta>
		<wp:meta_key><![CDATA[num_recuerdos_meta]]></wp:meta_key>
		<wp:meta_value><![CDATA[2]]></wp:meta_value>
		</wp:postmeta>
							</item>
					<item>
		<title><![CDATA[Francisco BaÃ±uelos Mendoza]]></title>
		<link>http://localhost/sass-wp/obituario/francisco-banuelos-mendoza/</link>
		<pubDate>Fri, 08 Jan 2021 06:10:00 +0000</pubDate>
		<dc:creator><![CDATA[webmaster]]></dc:creator>
		<guid isPermaLink="false">http://valparaiso.com.mx/?post_type=valpa_obituario_pt&#038;p=8638</guid>
		<description></description>
		<content:encoded><![CDATA[A PESAR DE NO ESTAR PRESENTE EN CUERPO, TU ESTARAS CON NOSOTROS POR SIEMPRE EN NUESTROS CORAZONES]]></content:encoded>
		<excerpt:encoded><![CDATA[]]></excerpt:encoded>
		<wp:post_id>8638</wp:post_id>
		<wp:post_date><![CDATA[2021-01-08 06:10:00]]></wp:post_date>
		<wp:post_date_gmt><![CDATA[2021-01-08 06:10:00]]></wp:post_date_gmt>
		<wp:post_modified><![CDATA[2021-01-08 06:10:00]]></wp:post_modified>
		<wp:post_modified_gmt><![CDATA[2021-01-08 06:10:00]]></wp:post_modified_gmt>
		<wp:comment_status><![CDATA[open]]></wp:comment_status>
		<wp:ping_status><![CDATA[closed]]></wp:ping_status>
		<wp:post_name><![CDATA[francisco-banuelos-mendoza]]></wp:post_name>
		<wp:status><![CDATA[publish]]></wp:status>
		<wp:post_parent>0</wp:post_parent>
		<wp:menu_order>0</wp:menu_order>
		<wp:post_type><![CDATA[valpa_obituario_pt]]></wp:post_type>
		<wp:post_password><![CDATA[]]></wp:post_password>
		<wp:is_sticky>0</wp:is_sticky>
														<wp:postmeta>
		<wp:meta_key><![CDATA[_edit_last]]></wp:meta_key>
		<wp:meta_value><![CDATA[1]]></wp:meta_value>
		</wp:postmeta>
							<wp:postmeta>
		<wp:meta_key><![CDATA[_thumbnail_id]]></wp:meta_key>
		<wp:meta_value><![CDATA[8640]]></wp:meta_value>
		</wp:postmeta>
							<wp:postmeta>
		<wp:meta_key><![CDATA[sucursal_relacionada_meta]]></wp:meta_key>
		<wp:meta_value><![CDATA[a:1:{i:0;s:2:"22";}]]></wp:meta_value>
		</wp:postmeta>
							<wp:postmeta>
		<wp:meta_key><![CDATA[valpa_no_homenaje_meta]]></wp:meta_key>
		<wp:meta_value><![CDATA[0020000868]]></wp:meta_value>
		</wp:postmeta>
							<wp:postmeta>
		<wp:meta_key><![CDATA[servicio_relacionado_meta]]></wp:meta_key>
		<wp:meta_value><![CDATA[a:1:{i:0;s:9:"Domicilio";}]]></wp:meta_value>
		</wp:postmeta>
							<wp:postmeta>
		<wp:meta_key><![CDATA[valpa_nacimiento_dia_meta]]></wp:meta_key>
		<wp:meta_value><![CDATA[17]]></wp:meta_value>
		</wp:postmeta>
							<wp:postmeta>
		<wp:meta_key><![CDATA[valpa_nacimiento_mes_meta]]></wp:meta_key>
		<wp:meta_value><![CDATA[9]]></wp:meta_value>
		</wp:postmeta>
							<wp:postmeta>
		<wp:meta_key><![CDATA[valpa_nacimiento_ano_meta]]></wp:meta_key>
		<wp:meta_value><![CDATA[1968]]></wp:meta_value>
		</wp:postmeta>
							<wp:postmeta>
		<wp:meta_key><![CDATA[post_views_count]]></wp:meta_key>
		<wp:meta_value><![CDATA[248]]></wp:meta_value>
		</wp:postmeta>
							<wp:postmeta>
		<wp:meta_key><![CDATA[num_velas_meta]]></wp:meta_key>
		<wp:meta_value><![CDATA[4]]></wp:meta_value>
		</wp:postmeta>
							<wp:postmeta>
		<wp:meta_key><![CDATA[num_recuerdos_meta]]></wp:meta_key>
		<wp:meta_value><![CDATA[1]]></wp:meta_value>
		</wp:postmeta>
							</item>
					<item>
		<title><![CDATA[Nancy Araceli RamÃ­rez Cedillo]]></title>
		<link>http://localhost/sass-wp/obituario/nancy-araceli-ramirez-cedillo/</link>
		<pubDate>Sun, 10 Jan 2021 02:59:03 +0000</pubDate>
		<dc:creator><![CDATA[webmaster]]></dc:creator>
		<guid isPermaLink="false">http://valparaiso.com.mx/?post_type=valpa_obituario_pt&#038;p=8658</guid>
		<description></description>
		<content:encoded><![CDATA[LA MUERTE DEJA UN DOLOR EN EL CORAZON, QUE NADIE PUEDE SANAR PERO EL AMOR DEJA UNA MEMORIA QUE NADIE PUEDE ROBAR]]></content:encoded>
		<excerpt:encoded><![CDATA[]]></excerpt:encoded>
		<wp:post_id>8658</wp:post_id>
		<wp:post_date><![CDATA[2021-01-10 02:59:03]]></wp:post_date>
		<wp:post_date_gmt><![CDATA[2021-01-10 02:59:03]]></wp:post_date_gmt>
		<wp:post_modified><![CDATA[2021-01-10 02:59:03]]></wp:post_modified>
		<wp:post_modified_gmt><![CDATA[2021-01-10 02:59:03]]></wp:post_modified_gmt>
		<wp:comment_status><![CDATA[open]]></wp:comment_status>
		<wp:ping_status><![CDATA[closed]]></wp:ping_status>
		<wp:post_name><![CDATA[nancy-araceli-ramirez-cedillo]]></wp:post_name>
		<wp:status><![CDATA[publish]]></wp:status>
		<wp:post_parent>0</wp:post_parent>
		<wp:menu_order>0</wp:menu_order>
		<wp:post_type><![CDATA[valpa_obituario_pt]]></wp:post_type>
		<wp:post_password><![CDATA[]]></wp:post_password>
		<wp:is_sticky>0</wp:is_sticky>
														<wp:postmeta>
		<wp:meta_key><![CDATA[_edit_last]]></wp:meta_key>
		<wp:meta_value><![CDATA[1]]></wp:meta_value>
		</wp:postmeta>
							<wp:postmeta>
		<wp:meta_key><![CDATA[_thumbnail_id]]></wp:meta_key>
		<wp:meta_value><![CDATA[8664]]></wp:meta_value>
		</wp:postmeta>
							<wp:postmeta>
		<wp:meta_key><![CDATA[sucursal_relacionada_meta]]></wp:meta_key>
		<wp:meta_value><![CDATA[a:1:{i:0;s:2:"22";}]]></wp:meta_value>
		</wp:postmeta>
							<wp:postmeta>
		<wp:meta_key><![CDATA[valpa_no_homenaje_meta]]></wp:meta_key>
		<wp:meta_value><![CDATA[0020000882]]></wp:meta_value>
		</wp:postmeta>
							<wp:postmeta>
		<wp:meta_key><![CDATA[servicio_relacionado_meta]]></wp:meta_key>
		<wp:meta_value><![CDATA[a:1:{i:0;s:8:"Sucursal";}]]></wp:meta_value>
		</wp:postmeta>
							<wp:postmeta>
		<wp:meta_key><![CDATA[valpa_nacimiento_dia_meta]]></wp:meta_key>
		<wp:meta_value><![CDATA[30]]></wp:meta_value>
		</wp:postmeta>
							<wp:postmeta>
		<wp:meta_key><![CDATA[valpa_nacimiento_mes_meta]]></wp:meta_key>
		<wp:meta_value><![CDATA[06]]></wp:meta_value>
		</wp:postmeta>
							<wp:postmeta>
		<wp:meta_key><![CDATA[valpa_nacimiento_ano_meta]]></wp:meta_key>
		<wp:meta_value><![CDATA[1961]]></wp:meta_value>
		</wp:postmeta>
							<wp:postmeta>
		<wp:meta_key><![CDATA[post_views_count]]></wp:meta_key>
		<wp:meta_value><![CDATA[216]]></wp:meta_value>
		</wp:postmeta>
							<wp:postmeta>
		<wp:meta_key><![CDATA[num_velas_meta]]></wp:meta_key>
		<wp:meta_value><![CDATA[2]]></wp:meta_value>
		</wp:postmeta>
							</item>
					<item>
		<title><![CDATA[Josefina Santiago HernÃ¡ndez]]></title>
		<link>http://localhost/sass-wp/obituario/josefina-santiago-hernandez/</link>
		<pubDate>Sun, 10 Jan 2021 19:08:21 +0000</pubDate>
		<dc:creator><![CDATA[webmaster]]></dc:creator>
		<guid isPermaLink="false">http://valparaiso.com.mx/?post_type=valpa_obituario_pt&#038;p=8690</guid>
		<description></description>
		<content:encoded><![CDATA[QUE BRILLE PARA TI LA LUZ QUE NO TIENE FIN.]]></content:encoded>
		<excerpt:encoded><![CDATA[]]></excerpt:encoded>
		<wp:post_id>8690</wp:post_id>
		<wp:post_date><![CDATA[2021-01-10 19:08:21]]></wp:post_date>
		<wp:post_date_gmt><![CDATA[2021-01-10 19:08:21]]></wp:post_date_gmt>
		<wp:post_modified><![CDATA[2021-01-10 19:08:21]]></wp:post_modified>
		<wp:post_modified_gmt><![CDATA[2021-01-10 19:08:21]]></wp:post_modified_gmt>
		<wp:comment_status><![CDATA[open]]></wp:comment_status>
		<wp:ping_status><![CDATA[closed]]></wp:ping_status>
		<wp:post_name><![CDATA[josefina-santiago-hernandez]]></wp:post_name>
		<wp:status><![CDATA[publish]]></wp:status>
		<wp:post_parent>0</wp:post_parent>
		<wp:menu_order>0</wp:menu_order>
		<wp:post_type><![CDATA[valpa_obituario_pt]]></wp:post_type>
		<wp:post_password><![CDATA[]]></wp:post_password>
		<wp:is_sticky>0</wp:is_sticky>
														<wp:postmeta>
		<wp:meta_key><![CDATA[_edit_last]]></wp:meta_key>
		<wp:meta_value><![CDATA[1]]></wp:meta_value>
		</wp:postmeta>
							<wp:postmeta>
		<wp:meta_key><![CDATA[sucursal_relacionada_meta]]></wp:meta_key>
		<wp:meta_value><![CDATA[a:1:{i:0;s:2:"22";}]]></wp:meta_value>
		</wp:postmeta>
							<wp:postmeta>
		<wp:meta_key><![CDATA[valpa_no_homenaje_meta]]></wp:meta_key>
		<wp:meta_value><![CDATA[0020000858]]></wp:meta_value>
		</wp:postmeta>
							<wp:postmeta>
		<wp:meta_key><![CDATA[servicio_relacionado_meta]]></wp:meta_key>
		<wp:meta_value><![CDATA[a:1:{i:0;s:8:"Sucursal";}]]></wp:meta_value>
		</wp:postmeta>
							<wp:postmeta>
		<wp:meta_key><![CDATA[valpa_nacimiento_dia_meta]]></wp:meta_key>
		<wp:meta_value><![CDATA[01]]></wp:meta_value>
		</wp:postmeta>
							<wp:postmeta>
		<wp:meta_key><![CDATA[valpa_nacimiento_mes_meta]]></wp:meta_key>
		<wp:meta_value><![CDATA[07]]></wp:meta_value>
		</wp:postmeta>
							<wp:postmeta>
		<wp:meta_key><![CDATA[valpa_nacimiento_ano_meta]]></wp:meta_key>
		<wp:meta_value><![CDATA[1942]]></wp:meta_value>
		</wp:postmeta>
							<wp:postmeta>
		<wp:meta_key><![CDATA[post_views_count]]></wp:meta_key>
		<wp:meta_value><![CDATA[327]]></wp:meta_value>
		</wp:postmeta>
							<wp:postmeta>
		<wp:meta_key><![CDATA[num_velas_meta]]></wp:meta_key>
		<wp:meta_value><![CDATA[14]]></wp:meta_value>
		</wp:postmeta>
							<wp:postmeta>
		<wp:meta_key><![CDATA[num_recuerdos_meta]]></wp:meta_key>
		<wp:meta_value><![CDATA[7]]></wp:meta_value>
		</wp:postmeta>
							<wp:postmeta>
		<wp:meta_key><![CDATA[_thumbnail_id]]></wp:meta_key>
		<wp:meta_value><![CDATA[8698]]></wp:meta_value>
		</wp:postmeta>
							</item>
					<item>
		<title><![CDATA[JosÃ© Diego MejÃ­a GarcÃ­a]]></title>
		<link>http://localhost/sass-wp/obituario/jose-diego-mejia-garcia/</link>
		<pubDate>Wed, 13 Jan 2021 00:59:13 +0000</pubDate>
		<dc:creator><![CDATA[webmaster]]></dc:creator>
		<guid isPermaLink="false">http://valparaiso.com.mx/?post_type=valpa_obituario_pt&#038;p=8733</guid>
		<description></description>
		<content:encoded><![CDATA[<b>A PESAR DE NO ESTAR PRESENTE EN CUERPO, TU ESTARÃS CON NOSOTROS POR SIEMPRE EN NUESTROS CORAZONES</b>]]></content:encoded>
		<excerpt:encoded><![CDATA[]]></excerpt:encoded>
		<wp:post_id>8733</wp:post_id>
		<wp:post_date><![CDATA[2021-01-13 00:59:13]]></wp:post_date>
		<wp:post_date_gmt><![CDATA[2021-01-13 00:59:13]]></wp:post_date_gmt>
		<wp:post_modified><![CDATA[2021-01-13 00:59:13]]></wp:post_modified>
		<wp:post_modified_gmt><![CDATA[2021-01-13 00:59:13]]></wp:post_modified_gmt>
		<wp:comment_status><![CDATA[open]]></wp:comment_status>
		<wp:ping_status><![CDATA[closed]]></wp:ping_status>
		<wp:post_name><![CDATA[jose-diego-mejia-garcia]]></wp:post_name>
		<wp:status><![CDATA[publish]]></wp:status>
		<wp:post_parent>0</wp:post_parent>
		<wp:menu_order>0</wp:menu_order>
		<wp:post_type><![CDATA[valpa_obituario_pt]]></wp:post_type>
		<wp:post_password><![CDATA[]]></wp:post_password>
		<wp:is_sticky>0</wp:is_sticky>
														<wp:postmeta>
		<wp:meta_key><![CDATA[_edit_last]]></wp:meta_key>
		<wp:meta_value><![CDATA[1]]></wp:meta_value>
		</wp:postmeta>
							<wp:postmeta>
		<wp:meta_key><![CDATA[_thumbnail_id]]></wp:meta_key>
		<wp:meta_value><![CDATA[8737]]></wp:meta_value>
		</wp:postmeta>
							<wp:postmeta>
		<wp:meta_key><![CDATA[sucursal_relacionada_meta]]></wp:meta_key>
		<wp:meta_value><![CDATA[a:1:{i:0;s:2:"22";}]]></wp:meta_value>
		</wp:postmeta>
							<wp:postmeta>
		<wp:meta_key><![CDATA[valpa_no_homenaje_meta]]></wp:meta_key>
		<wp:meta_value><![CDATA[0020000866]]></wp:meta_value>
		</wp:postmeta>
							<wp:postmeta>
		<wp:meta_key><![CDATA[servicio_relacionado_meta]]></wp:meta_key>
		<wp:meta_value><![CDATA[a:1:{i:0;s:9:"Domicilio";}]]></wp:meta_value>
		</wp:postmeta>
							<wp:postmeta>
		<wp:meta_key><![CDATA[valpa_nacimiento_dia_meta]]></wp:meta_key>
		<wp:meta_value><![CDATA[13]]></wp:meta_value>
		</wp:postmeta>
							<wp:postmeta>
		<wp:meta_key><![CDATA[valpa_nacimiento_mes_meta]]></wp:meta_key>
		<wp:meta_value><![CDATA[11]]></wp:meta_value>
		</wp:postmeta>
							<wp:postmeta>
		<wp:meta_key><![CDATA[valpa_nacimiento_ano_meta]]></wp:meta_key>
		<wp:meta_value><![CDATA[1964]]></wp:meta_value>
		</wp:postmeta>
							<wp:postmeta>
		<wp:meta_key><![CDATA[post_views_count]]></wp:meta_key>
		<wp:meta_value><![CDATA[470]]></wp:meta_value>
		</wp:postmeta>
							<wp:postmeta>
		<wp:meta_key><![CDATA[num_recuerdos_meta]]></wp:meta_key>
		<wp:meta_value><![CDATA[4]]></wp:meta_value>
		</wp:postmeta>
							<wp:postmeta>
		<wp:meta_key><![CDATA[num_velas_meta]]></wp:meta_key>
		<wp:meta_value><![CDATA[19]]></wp:meta_value>
		</wp:postmeta>
							</item>
					<item>
		<title><![CDATA[Silvia Cruz UrÃ­as]]></title>
		<link>http://localhost/sass-wp/obituario/silvia-cruz-urias/</link>
		<pubDate>Wed, 13 Jan 2021 21:02:29 +0000</pubDate>
		<dc:creator><![CDATA[webmaster]]></dc:creator>
		<guid isPermaLink="false">http://valparaiso.com.mx/?post_type=valpa_obituario_pt&#038;p=8797</guid>
		<description></description>
		<content:encoded><![CDATA[<p style="text-align: center;"><b>"TE DIGO ADIOS PARA TODA LA VIDA, PERO TODA LA VIDA SEGUIRE PENSANDO EN TI."</b></p>]]></content:encoded>
		<excerpt:encoded><![CDATA[]]></excerpt:encoded>
		<wp:post_id>8797</wp:post_id>
		<wp:post_date><![CDATA[2021-01-13 21:02:29]]></wp:post_date>
		<wp:post_date_gmt><![CDATA[2021-01-13 21:02:29]]></wp:post_date_gmt>
		<wp:post_modified><![CDATA[2021-01-13 21:02:29]]></wp:post_modified>
		<wp:post_modified_gmt><![CDATA[2021-01-13 21:02:29]]></wp:post_modified_gmt>
		<wp:comment_status><![CDATA[open]]></wp:comment_status>
		<wp:ping_status><![CDATA[closed]]></wp:ping_status>
		<wp:post_name><![CDATA[silvia-cruz-urias]]></wp:post_name>
		<wp:status><![CDATA[publish]]></wp:status>
		<wp:post_parent>0</wp:post_parent>
		<wp:menu_order>0</wp:menu_order>
		<wp:post_type><![CDATA[valpa_obituario_pt]]></wp:post_type>
		<wp:post_password><![CDATA[]]></wp:post_password>
		<wp:is_sticky>0</wp:is_sticky>
														<wp:postmeta>
		<wp:meta_key><![CDATA[_edit_last]]></wp:meta_key>
		<wp:meta_value><![CDATA[1]]></wp:meta_value>
		</wp:postmeta>
							<wp:postmeta>
		<wp:meta_key><![CDATA[_thumbnail_id]]></wp:meta_key>
		<wp:meta_value><![CDATA[8798]]></wp:meta_value>
		</wp:postmeta>
							<wp:postmeta>
		<wp:meta_key><![CDATA[valpa_no_homenaje_meta]]></wp:meta_key>
		<wp:meta_value><![CDATA[0020000923]]></wp:meta_value>
		</wp:postmeta>
							<wp:postmeta>
		<wp:meta_key><![CDATA[servicio_relacionado_meta]]></wp:meta_key>
		<wp:meta_value><![CDATA[a:1:{i:0;s:8:"Sucursal";}]]></wp:meta_value>
		</wp:postmeta>
							<wp:postmeta>
		<wp:meta_key><![CDATA[valpa_nacimiento_dia_meta]]></wp:meta_key>
		<wp:meta_value><![CDATA[08]]></wp:meta_value>
		</wp:postmeta>
							<wp:postmeta>
		<wp:meta_key><![CDATA[valpa_nacimiento_mes_meta]]></wp:meta_key>
		<wp:meta_value><![CDATA[10]]></wp:meta_value>
		</wp:postmeta>
							<wp:postmeta>
		<wp:meta_key><![CDATA[valpa_nacimiento_ano_meta]]></wp:meta_key>
		<wp:meta_value><![CDATA[1970]]></wp:meta_value>
		</wp:postmeta>
							<wp:postmeta>
		<wp:meta_key><![CDATA[post_views_count]]></wp:meta_key>
		<wp:meta_value><![CDATA[355]]></wp:meta_value>
		</wp:postmeta>
							<wp:postmeta>
		<wp:meta_key><![CDATA[sucursal_relacionada_meta]]></wp:meta_key>
		<wp:meta_value><![CDATA[a:1:{i:0;s:2:"22";}]]></wp:meta_value>
		</wp:postmeta>
							<wp:postmeta>
		<wp:meta_key><![CDATA[num_velas_meta]]></wp:meta_key>
		<wp:meta_value><![CDATA[16]]></wp:meta_value>
		</wp:postmeta>
							<wp:postmeta>
		<wp:meta_key><![CDATA[num_recuerdos_meta]]></wp:meta_key>
		<wp:meta_value><![CDATA[13]]></wp:meta_value>
		</wp:postmeta>
							<wp:postmeta>
		<wp:meta_key><![CDATA[_wp_old_slug]]></wp:meta_key>
		<wp:meta_value><![CDATA[susana-cruz-urias]]></wp:meta_value>
		</wp:postmeta>
							</item>
					<item>
		<title><![CDATA[Reyna VelÃ¡zquez BaÃ±os]]></title>
		<link>http://localhost/sass-wp/obituario/reyna-velazquez-banos/</link>
		<pubDate>Fri, 15 Jan 2021 22:47:33 +0000</pubDate>
		<dc:creator><![CDATA[webmaster]]></dc:creator>
		<guid isPermaLink="false">http://valparaiso.com.mx/?post_type=valpa_obituario_pt&#038;p=8806</guid>
		<description></description>
		<content:encoded><![CDATA[<h3><strong>Te digo adiÃ³s para toda la vida, pero toda la vida seguirÃ© pensando en tiÂ </strong></h3>]]></content:encoded>
		<excerpt:encoded><![CDATA[]]></excerpt:encoded>
		<wp:post_id>8806</wp:post_id>
		<wp:post_date><![CDATA[2021-01-15 22:47:33]]></wp:post_date>
		<wp:post_date_gmt><![CDATA[2021-01-15 22:47:33]]></wp:post_date_gmt>
		<wp:post_modified><![CDATA[2021-01-15 22:47:33]]></wp:post_modified>
		<wp:post_modified_gmt><![CDATA[2021-01-15 22:47:33]]></wp:post_modified_gmt>
		<wp:comment_status><![CDATA[open]]></wp:comment_status>
		<wp:ping_status><![CDATA[closed]]></wp:ping_status>
		<wp:post_name><![CDATA[reyna-velazquez-banos]]></wp:post_name>
		<wp:status><![CDATA[publish]]></wp:status>
		<wp:post_parent>0</wp:post_parent>
		<wp:menu_order>0</wp:menu_order>
		<wp:post_type><![CDATA[valpa_obituario_pt]]></wp:post_type>
		<wp:post_password><![CDATA[]]></wp:post_password>
		<wp:is_sticky>0</wp:is_sticky>
														<wp:postmeta>
		<wp:meta_key><![CDATA[_edit_last]]></wp:meta_key>
		<wp:meta_value><![CDATA[1]]></wp:meta_value>
		</wp:postmeta>
							<wp:postmeta>
		<wp:meta_key><![CDATA[sucursal_relacionada_meta]]></wp:meta_key>
		<wp:meta_value><![CDATA[a:1:{i:0;s:2:"22";}]]></wp:meta_value>
		</wp:postmeta>
							<wp:postmeta>
		<wp:meta_key><![CDATA[valpa_no_homenaje_meta]]></wp:meta_key>
		<wp:meta_value><![CDATA[0020000928]]></wp:meta_value>
		</wp:postmeta>
							<wp:postmeta>
		<wp:meta_key><![CDATA[servicio_relacionado_meta]]></wp:meta_key>
		<wp:meta_value><![CDATA[a:1:{i:0;s:8:"Sucursal";}]]></wp:meta_value>
		</wp:postmeta>
							<wp:postmeta>
		<wp:meta_key><![CDATA[valpa_nacimiento_dia_meta]]></wp:meta_key>
		<wp:meta_value><![CDATA[]]></wp:meta_value>
		</wp:postmeta>
							<wp:postmeta>
		<wp:meta_key><![CDATA[valpa_nacimiento_mes_meta]]></wp:meta_key>
		<wp:meta_value><![CDATA[]]></wp:meta_value>
		</wp:postmeta>
							<wp:postmeta>
		<wp:meta_key><![CDATA[valpa_nacimiento_ano_meta]]></wp:meta_key>
		<wp:meta_value><![CDATA[]]></wp:meta_value>
		</wp:postmeta>
							<wp:postmeta>
		<wp:meta_key><![CDATA[post_views_count]]></wp:meta_key>
		<wp:meta_value><![CDATA[97]]></wp:meta_value>
		</wp:postmeta>
							<wp:postmeta>
		<wp:meta_key><![CDATA[_thumbnail_id]]></wp:meta_key>
		<wp:meta_value><![CDATA[8809]]></wp:meta_value>
		</wp:postmeta>
							<wp:postmeta>
		<wp:meta_key><![CDATA[num_velas_meta]]></wp:meta_key>
		<wp:meta_value><![CDATA[1]]></wp:meta_value>
		</wp:postmeta>
							</item>
					<item>
		<title><![CDATA[Joel Celso Guadarrama Tavira]]></title>
		<link>http://localhost/sass-wp/obituario/joel-celso-guadarrama-tavira/</link>
		<pubDate>Sat, 16 Jan 2021 22:25:30 +0000</pubDate>
		<dc:creator><![CDATA[webmaster]]></dc:creator>
		<guid isPermaLink="false">http://valparaiso.com.mx/?post_type=valpa_obituario_pt&#038;p=8836</guid>
		<description></description>
		<content:encoded><![CDATA[<p style="text-align: center;"><strong>"TE DIGO ADIOS PARA TODA LA VIDA, PERO TODA LA VIDA SEGUIRE PENSANDO EN TI."</strong></p>]]></content:encoded>
		<excerpt:encoded><![CDATA[]]></excerpt:encoded>
		<wp:post_id>8836</wp:post_id>
		<wp:post_date><![CDATA[2021-01-16 22:25:30]]></wp:post_date>
		<wp:post_date_gmt><![CDATA[2021-01-16 22:25:30]]></wp:post_date_gmt>
		<wp:post_modified><![CDATA[2021-01-16 22:25:30]]></wp:post_modified>
		<wp:post_modified_gmt><![CDATA[2021-01-16 22:25:30]]></wp:post_modified_gmt>
		<wp:comment_status><![CDATA[open]]></wp:comment_status>
		<wp:ping_status><![CDATA[closed]]></wp:ping_status>
		<wp:post_name><![CDATA[joel-celso-guadarrama-tavira]]></wp:post_name>
		<wp:status><![CDATA[publish]]></wp:status>
		<wp:post_parent>0</wp:post_parent>
		<wp:menu_order>0</wp:menu_order>
		<wp:post_type><![CDATA[valpa_obituario_pt]]></wp:post_type>
		<wp:post_password><![CDATA[]]></wp:post_password>
		<wp:is_sticky>0</wp:is_sticky>
														<wp:postmeta>
		<wp:meta_key><![CDATA[_edit_last]]></wp:meta_key>
		<wp:meta_value><![CDATA[1]]></wp:meta_value>
		</wp:postmeta>
							<wp:postmeta>
		<wp:meta_key><![CDATA[sucursal_relacionada_meta]]></wp:meta_key>
		<wp:meta_value><![CDATA[a:1:{i:0;s:2:"22";}]]></wp:meta_value>
		</wp:postmeta>
							<wp:postmeta>
		<wp:meta_key><![CDATA[valpa_no_homenaje_meta]]></wp:meta_key>
		<wp:meta_value><![CDATA[943]]></wp:meta_value>
		</wp:postmeta>
							<wp:postmeta>
		<wp:meta_key><![CDATA[servicio_relacionado_meta]]></wp:meta_key>
		<wp:meta_value><![CDATA[a:1:{i:0;s:8:"Sucursal";}]]></wp:meta_value>
		</wp:postmeta>
							<wp:postmeta>
		<wp:meta_key><![CDATA[valpa_nacimiento_dia_meta]]></wp:meta_key>
		<wp:meta_value><![CDATA[13]]></wp:meta_value>
		</wp:postmeta>
							<wp:postmeta>
		<wp:meta_key><![CDATA[valpa_nacimiento_mes_meta]]></wp:meta_key>
		<wp:meta_value><![CDATA[7]]></wp:meta_value>
		</wp:postmeta>
							<wp:postmeta>
		<wp:meta_key><![CDATA[valpa_nacimiento_ano_meta]]></wp:meta_key>
		<wp:meta_value><![CDATA[1956]]></wp:meta_value>
		</wp:postmeta>
							<wp:postmeta>
		<wp:meta_key><![CDATA[post_views_count]]></wp:meta_key>
		<wp:meta_value><![CDATA[215]]></wp:meta_value>
		</wp:postmeta>
							<wp:postmeta>
		<wp:meta_key><![CDATA[_thumbnail_id]]></wp:meta_key>
		<wp:meta_value><![CDATA[8896]]></wp:meta_value>
		</wp:postmeta>
							<wp:postmeta>
		<wp:meta_key><![CDATA[num_velas_meta]]></wp:meta_key>
		<wp:meta_value><![CDATA[4]]></wp:meta_value>
		</wp:postmeta>
							</item>
					<item>
		<title><![CDATA[JosÃ© GarcÃ­a Sanchez]]></title>
		<link>http://localhost/sass-wp/obituario/jose-garcia-sanchez/</link>
		<pubDate>Sat, 16 Jan 2021 18:28:03 +0000</pubDate>
		<dc:creator><![CDATA[webmaster]]></dc:creator>
		<guid isPermaLink="false">http://valparaiso.com.mx/?post_type=valpa_obituario_pt&#038;p=14851</guid>
		<description></description>
		<content:encoded><![CDATA[âDios nos dio memoria, para nunca olvidar a quien amamosâ]]></content:encoded>
		<excerpt:encoded><![CDATA[]]></excerpt:encoded>
		<wp:post_id>14851</wp:post_id>
		<wp:post_date><![CDATA[2021-01-16 18:28:03]]></wp:post_date>
		<wp:post_date_gmt><![CDATA[2021-01-16 18:28:03]]></wp:post_date_gmt>
		<wp:post_modified><![CDATA[2021-01-16 18:28:03]]></wp:post_modified>
		<wp:post_modified_gmt><![CDATA[2021-01-16 18:28:03]]></wp:post_modified_gmt>
		<wp:comment_status><![CDATA[open]]></wp:comment_status>
		<wp:ping_status><![CDATA[closed]]></wp:ping_status>
		<wp:post_name><![CDATA[jose-garcia-sanchez]]></wp:post_name>
		<wp:status><![CDATA[publish]]></wp:status>
		<wp:post_parent>0</wp:post_parent>
		<wp:menu_order>0</wp:menu_order>
		<wp:post_type><![CDATA[valpa_obituario_pt]]></wp:post_type>
		<wp:post_password><![CDATA[]]></wp:post_password>
		<wp:is_sticky>0</wp:is_sticky>
														<wp:postmeta>
		<wp:meta_key><![CDATA[_edit_last]]></wp:meta_key>
		<wp:meta_value><![CDATA[1]]></wp:meta_value>
		</wp:postmeta>
							<wp:postmeta>
		<wp:meta_key><![CDATA[_thumbnail_id]]></wp:meta_key>
		<wp:meta_value><![CDATA[14876]]></wp:meta_value>
		</wp:postmeta>
							<wp:postmeta>
		<wp:meta_key><![CDATA[sucursal_relacionada_meta]]></wp:meta_key>
		<wp:meta_value><![CDATA[a:1:{i:0;s:2:"22";}]]></wp:meta_value>
		</wp:postmeta>
							<wp:postmeta>
		<wp:meta_key><![CDATA[valpa_no_homenaje_meta]]></wp:meta_key>
		<wp:meta_value><![CDATA[0020000647]]></wp:meta_value>
		</wp:postmeta>
							<wp:postmeta>
		<wp:meta_key><![CDATA[valpa_nacimiento_dia_meta]]></wp:meta_key>
		<wp:meta_value><![CDATA[19]]></wp:meta_value>
		</wp:postmeta>
							<wp:postmeta>
		<wp:meta_key><![CDATA[valpa_nacimiento_mes_meta]]></wp:meta_key>
		<wp:meta_value><![CDATA[03]]></wp:meta_value>
		</wp:postmeta>
							<wp:postmeta>
		<wp:meta_key><![CDATA[valpa_nacimiento_ano_meta]]></wp:meta_key>
		<wp:meta_value><![CDATA[87]]></wp:meta_value>
		</wp:postmeta>
							<wp:postmeta>
		<wp:meta_key><![CDATA[post_views_count]]></wp:meta_key>
		<wp:meta_value><![CDATA[149]]></wp:meta_value>
		</wp:postmeta>
							<wp:postmeta>
		<wp:meta_key><![CDATA[servicio_relacionado_meta]]></wp:meta_key>
		<wp:meta_value><![CDATA[a:1:{i:0;s:9:"Domicilio";}]]></wp:meta_value>
		</wp:postmeta>
							<wp:postmeta>
		<wp:meta_key><![CDATA[num_velas_meta]]></wp:meta_key>
		<wp:meta_value><![CDATA[8]]></wp:meta_value>
		</wp:postmeta>
							<wp:postmeta>
		<wp:meta_key><![CDATA[num_recuerdos_meta]]></wp:meta_key>
		<wp:meta_value><![CDATA[2]]></wp:meta_value>
		</wp:postmeta>
							</item>
					<item>
		<title><![CDATA[VerÃ³nica DÃ­az LopÃ©z]]></title>
		<link>http://localhost/sass-wp/obituario/veronica-diaz-lopez/</link>
		<pubDate>Fri, 08 Jan 2021 13:57:25 +0000</pubDate>
		<dc:creator><![CDATA[webmaster]]></dc:creator>
		<guid isPermaLink="false">http://valparaiso.com.mx/?post_type=valpa_obituario_pt&#038;p=19091</guid>
		<description></description>
		<content:encoded><![CDATA[Amada esposa recordada con amor.]]></content:encoded>
		<excerpt:encoded><![CDATA[]]></excerpt:encoded>
		<wp:post_id>19091</wp:post_id>
		<wp:post_date><![CDATA[2021-01-08 13:57:25]]></wp:post_date>
		<wp:post_date_gmt><![CDATA[2021-01-08 13:57:25]]></wp:post_date_gmt>
		<wp:post_modified><![CDATA[2021-01-08 13:57:25]]></wp:post_modified>
		<wp:post_modified_gmt><![CDATA[2021-01-08 13:57:25]]></wp:post_modified_gmt>
		<wp:comment_status><![CDATA[open]]></wp:comment_status>
		<wp:ping_status><![CDATA[closed]]></wp:ping_status>
		<wp:post_name><![CDATA[veronica-diaz-lopez]]></wp:post_name>
		<wp:status><![CDATA[publish]]></wp:status>
		<wp:post_parent>0</wp:post_parent>
		<wp:menu_order>0</wp:menu_order>
		<wp:post_type><![CDATA[valpa_obituario_pt]]></wp:post_type>
		<wp:post_password><![CDATA[]]></wp:post_password>
		<wp:is_sticky>0</wp:is_sticky>
														<wp:postmeta>
		<wp:meta_key><![CDATA[post_views_count]]></wp:meta_key>
		<wp:meta_value><![CDATA[30]]></wp:meta_value>
		</wp:postmeta>
							<wp:postmeta>
		<wp:meta_key><![CDATA[_thumbnail_id]]></wp:meta_key>
		<wp:meta_value><![CDATA[19067]]></wp:meta_value>
		</wp:postmeta>
							<wp:postmeta>
		<wp:meta_key><![CDATA[_wp_old_date]]></wp:meta_key>
		<wp:meta_value><![CDATA[2021-04-20]]></wp:meta_value>
		</wp:postmeta>
							<wp:postmeta>
		<wp:meta_key><![CDATA[sucursal_relacionada_meta]]></wp:meta_key>
		<wp:meta_value><![CDATA[a:1:{i:0;s:2:"22";}]]></wp:meta_value>
		</wp:postmeta>
							<wp:postmeta>
		<wp:meta_key><![CDATA[valpa_no_homenaje_meta]]></wp:meta_key>
		<wp:meta_value><![CDATA[0123]]></wp:meta_value>
		</wp:postmeta>
							<wp:postmeta>
		<wp:meta_key><![CDATA[servicio_relacionado_meta]]></wp:meta_key>
		<wp:meta_value><![CDATA[a:1:{i:0;s:8:"Sucursal";}]]></wp:meta_value>
		</wp:postmeta>
							<wp:postmeta>
		<wp:meta_key><![CDATA[valpa_nacimiento_dia_meta]]></wp:meta_key>
		<wp:meta_value><![CDATA[23]]></wp:meta_value>
		</wp:postmeta>
							<wp:postmeta>
		<wp:meta_key><![CDATA[valpa_nacimiento_mes_meta]]></wp:meta_key>
		<wp:meta_value><![CDATA[7]]></wp:meta_value>
		</wp:postmeta>
							<wp:postmeta>
		<wp:meta_key><![CDATA[valpa_nacimiento_ano_meta]]></wp:meta_key>
		<wp:meta_value><![CDATA[1951]]></wp:meta_value>
		</wp:postmeta>
							<wp:postmeta>
		<wp:meta_key><![CDATA[num_recuerdos_meta]]></wp:meta_key>
		<wp:meta_value><![CDATA[1]]></wp:meta_value>
		</wp:postmeta>
							<wp:postmeta>
		<wp:meta_key><![CDATA[num_velas_meta]]></wp:meta_key>
		<wp:meta_value><![CDATA[1]]></wp:meta_value>
		</wp:postmeta>
							</item>
					<item>
		<title><![CDATA[Teresa Ãlvarez LÃ³pez]]></title>
		<link>http://localhost/sass-wp/obituario/teresa-alvarez-lopez/</link>
		<pubDate>Sun, 17 Jan 2021 15:51:22 +0000</pubDate>
		<dc:creator><![CDATA[webmaster]]></dc:creator>
		<guid isPermaLink="false">http://valparaiso.com.mx/?post_type=valpa_obituario_pt&#038;p=8832</guid>
		<description></description>
		<content:encoded><![CDATA[<p style="text-align: center;">MI SOLâ¦.</p>
<p style="text-align: center;">VIDA NADA TE DEBO</p>
<p style="text-align: center;">VIDA ESTAMOS</p>
<p style="text-align: center;">Â Â° LUZ</p>
<p style="text-align: center;">Â Â Â Â Â Â  Â Â° FUERZA</p>
<p style="text-align: center;">Â Â Â Â Â Â Â  Â° FORTALEZA</p>
<p style="text-align: center;"></p>]]></content:encoded>
		<excerpt:encoded><![CDATA[]]></excerpt:encoded>
		<wp:post_id>8832</wp:post_id>
		<wp:post_date><![CDATA[2021-01-17 15:51:22]]></wp:post_date>
		<wp:post_date_gmt><![CDATA[2021-01-17 15:51:22]]></wp:post_date_gmt>
		<wp:post_modified><![CDATA[2021-01-17 15:51:22]]></wp:post_modified>
		<wp:post_modified_gmt><![CDATA[2021-01-17 15:51:22]]></wp:post_modified_gmt>
		<wp:comment_status><![CDATA[open]]></wp:comment_status>
		<wp:ping_status><![CDATA[closed]]></wp:ping_status>
		<wp:post_name><![CDATA[teresa-alvarez-lopez]]></wp:post_name>
		<wp:status><![CDATA[publish]]></wp:status>
		<wp:post_parent>0</wp:post_parent>
		<wp:menu_order>0</wp:menu_order>
		<wp:post_type><![CDATA[valpa_obituario_pt]]></wp:post_type>
		<wp:post_password><![CDATA[]]></wp:post_password>
		<wp:is_sticky>0</wp:is_sticky>
														<wp:postmeta>
		<wp:meta_key><![CDATA[_edit_last]]></wp:meta_key>
		<wp:meta_value><![CDATA[1]]></wp:meta_value>
		</wp:postmeta>
							<wp:postmeta>
		<wp:meta_key><![CDATA[_thumbnail_id]]></wp:meta_key>
		<wp:meta_value><![CDATA[8916]]></wp:meta_value>
		</wp:postmeta>
							<wp:postmeta>
		<wp:meta_key><![CDATA[_wp_old_date]]></wp:meta_key>
		<wp:meta_value><![CDATA[2021-01-16]]></wp:meta_value>
		</wp:postmeta>
							<wp:postmeta>
		<wp:meta_key><![CDATA[sucursal_relacionada_meta]]></wp:meta_key>
		<wp:meta_value><![CDATA[a:1:{i:0;s:2:"22";}]]></wp:meta_value>
		</wp:postmeta>
							<wp:postmeta>
		<wp:meta_key><![CDATA[valpa_no_homenaje_meta]]></wp:meta_key>
		<wp:meta_value><![CDATA[0020000939]]></wp:meta_value>
		</wp:postmeta>
							<wp:postmeta>
		<wp:meta_key><![CDATA[servicio_relacionado_meta]]></wp:meta_key>
		<wp:meta_value><![CDATA[a:1:{i:0;s:8:"Sucursal";}]]></wp:meta_value>
		</wp:postmeta>
							<wp:postmeta>
		<wp:meta_key><![CDATA[valpa_nacimiento_dia_meta]]></wp:meta_key>
		<wp:meta_value><![CDATA[01]]></wp:meta_value>
		</wp:postmeta>
							<wp:postmeta>
		<wp:meta_key><![CDATA[valpa_nacimiento_mes_meta]]></wp:meta_key>
		<wp:meta_value><![CDATA[04]]></wp:meta_value>
		</wp:postmeta>
							<wp:postmeta>
		<wp:meta_key><![CDATA[valpa_nacimiento_ano_meta]]></wp:meta_key>
		<wp:meta_value><![CDATA[1956]]></wp:meta_value>
		</wp:postmeta>
							<wp:postmeta>
		<wp:meta_key><![CDATA[post_views_count]]></wp:meta_key>
		<wp:meta_value><![CDATA[124]]></wp:meta_value>
		</wp:postmeta>
							</item>
					<item>
		<title><![CDATA[Gerardo Prado Rocha]]></title>
		<link>http://localhost/sass-wp/obituario/gerardo-prado-rocha/</link>
		<pubDate>Sun, 17 Jan 2021 16:04:20 +0000</pubDate>
		<dc:creator><![CDATA[webmaster]]></dc:creator>
		<guid isPermaLink="false">http://valparaiso.com.mx/?post_type=valpa_obituario_pt&#038;p=8949</guid>
		<description></description>
		<content:encoded><![CDATA[<p style="text-align: center;"><b>"TE DIGO ADIOS PARA TODA LA VIDA, PERO TODA LA VIDA SEGUIRE PENSANDO EN TI."</b></p>]]></content:encoded>
		<excerpt:encoded><![CDATA[]]></excerpt:encoded>
		<wp:post_id>8949</wp:post_id>
		<wp:post_date><![CDATA[2021-01-17 16:04:20]]></wp:post_date>
		<wp:post_date_gmt><![CDATA[2021-01-17 16:04:20]]></wp:post_date_gmt>
		<wp:post_modified><![CDATA[2021-01-17 16:04:20]]></wp:post_modified>
		<wp:post_modified_gmt><![CDATA[2021-01-17 16:04:20]]></wp:post_modified_gmt>
		<wp:comment_status><![CDATA[open]]></wp:comment_status>
		<wp:ping_status><![CDATA[closed]]></wp:ping_status>
		<wp:post_name><![CDATA[gerardo-prado-rocha]]></wp:post_name>
		<wp:status><![CDATA[publish]]></wp:status>
		<wp:post_parent>0</wp:post_parent>
		<wp:menu_order>0</wp:menu_order>
		<wp:post_type><![CDATA[valpa_obituario_pt]]></wp:post_type>
		<wp:post_password><![CDATA[]]></wp:post_password>
		<wp:is_sticky>0</wp:is_sticky>
														<wp:postmeta>
		<wp:meta_key><![CDATA[_edit_last]]></wp:meta_key>
		<wp:meta_value><![CDATA[1]]></wp:meta_value>
		</wp:postmeta>
							<wp:postmeta>
		<wp:meta_key><![CDATA[_thumbnail_id]]></wp:meta_key>
		<wp:meta_value><![CDATA[8950]]></wp:meta_value>
		</wp:postmeta>
							<wp:postmeta>
		<wp:meta_key><![CDATA[sucursal_relacionada_meta]]></wp:meta_key>
		<wp:meta_value><![CDATA[a:1:{i:0;s:2:"22";}]]></wp:meta_value>
		</wp:postmeta>
							<wp:postmeta>
		<wp:meta_key><![CDATA[valpa_no_homenaje_meta]]></wp:meta_key>
		<wp:meta_value><![CDATA[0020000921]]></wp:meta_value>
		</wp:postmeta>
							<wp:postmeta>
		<wp:meta_key><![CDATA[servicio_relacionado_meta]]></wp:meta_key>
		<wp:meta_value><![CDATA[a:1:{i:0;s:8:"Sucursal";}]]></wp:meta_value>
		</wp:postmeta>
							<wp:postmeta>
		<wp:meta_key><![CDATA[valpa_nacimiento_dia_meta]]></wp:meta_key>
		<wp:meta_value><![CDATA[26]]></wp:meta_value>
		</wp:postmeta>
							<wp:postmeta>
		<wp:meta_key><![CDATA[valpa_nacimiento_mes_meta]]></wp:meta_key>
		<wp:meta_value><![CDATA[08]]></wp:meta_value>
		</wp:postmeta>
							<wp:postmeta>
		<wp:meta_key><![CDATA[valpa_nacimiento_ano_meta]]></wp:meta_key>
		<wp:meta_value><![CDATA[1959]]></wp:meta_value>
		</wp:postmeta>
							<wp:postmeta>
		<wp:meta_key><![CDATA[post_views_count]]></wp:meta_key>
		<wp:meta_value><![CDATA[131]]></wp:meta_value>
		</wp:postmeta>
							<wp:postmeta>
		<wp:meta_key><![CDATA[num_velas_meta]]></wp:meta_key>
		<wp:meta_value><![CDATA[1]]></wp:meta_value>
		</wp:postmeta>
							<wp:postmeta>
		<wp:meta_key><![CDATA[num_recuerdos_meta]]></wp:meta_key>
		<wp:meta_value><![CDATA[1]]></wp:meta_value>
		</wp:postmeta>
							</item>
					<item>
		<title><![CDATA[Silvia Cruz Maldonado]]></title>
		<link>http://localhost/sass-wp/obituario/silvia-cruz-maldonado/</link>
		<pubDate>Sun, 17 Jan 2021 16:41:04 +0000</pubDate>
		<dc:creator><![CDATA[webmaster]]></dc:creator>
		<guid isPermaLink="false">http://valparaiso.com.mx/?post_type=valpa_obituario_pt&#038;p=8955</guid>
		<description></description>
		<content:encoded><![CDATA["A PESAR DE NO ESTAR PRESENTE EN CUERPO, TU ESTARAS CON NOSOTROS POR SIEMPRE EN NUESTROS CORAZONES"]]></content:encoded>
		<excerpt:encoded><![CDATA[]]></excerpt:encoded>
		<wp:post_id>8955</wp:post_id>
		<wp:post_date><![CDATA[2021-01-17 16:41:04]]></wp:post_date>
		<wp:post_date_gmt><![CDATA[2021-01-17 16:41:04]]></wp:post_date_gmt>
		<wp:post_modified><![CDATA[2021-01-17 16:41:04]]></wp:post_modified>
		<wp:post_modified_gmt><![CDATA[2021-01-17 16:41:04]]></wp:post_modified_gmt>
		<wp:comment_status><![CDATA[open]]></wp:comment_status>
		<wp:ping_status><![CDATA[closed]]></wp:ping_status>
		<wp:post_name><![CDATA[silvia-cruz-maldonado]]></wp:post_name>
		<wp:status><![CDATA[publish]]></wp:status>
		<wp:post_parent>0</wp:post_parent>
		<wp:menu_order>0</wp:menu_order>
		<wp:post_type><![CDATA[valpa_obituario_pt]]></wp:post_type>
		<wp:post_password><![CDATA[]]></wp:post_password>
		<wp:is_sticky>0</wp:is_sticky>
														<wp:postmeta>
		<wp:meta_key><![CDATA[_thumbnail_id]]></wp:meta_key>
		<wp:meta_value><![CDATA[8987]]></wp:meta_value>
		</wp:postmeta>
							<wp:postmeta>
		<wp:meta_key><![CDATA[valpa_no_homenaje_meta]]></wp:meta_key>
		<wp:meta_value><![CDATA[0020000917]]></wp:meta_value>
		</wp:postmeta>
							<wp:postmeta>
		<wp:meta_key><![CDATA[valpa_nacimiento_dia_meta]]></wp:meta_key>
		<wp:meta_value><![CDATA[26]]></wp:meta_value>
		</wp:postmeta>
							<wp:postmeta>
		<wp:meta_key><![CDATA[valpa_nacimiento_mes_meta]]></wp:meta_key>
		<wp:meta_value><![CDATA[07]]></wp:meta_value>
		</wp:postmeta>
							<wp:postmeta>
		<wp:meta_key><![CDATA[valpa_nacimiento_ano_meta]]></wp:meta_key>
		<wp:meta_value><![CDATA[1958]]></wp:meta_value>
		</wp:postmeta>
							<wp:postmeta>
		<wp:meta_key><![CDATA[sucursal_relacionada_meta]]></wp:meta_key>
		<wp:meta_value><![CDATA[a:1:{i:0;s:2:"22";}]]></wp:meta_value>
		</wp:postmeta>
							<wp:postmeta>
		<wp:meta_key><![CDATA[servicio_relacionado_meta]]></wp:meta_key>
		<wp:meta_value><![CDATA[a:1:{i:0;s:9:"Domicilio";}]]></wp:meta_value>
		</wp:postmeta>
							<wp:postmeta>
		<wp:meta_key><![CDATA[post_views_count]]></wp:meta_key>
		<wp:meta_value><![CDATA[590]]></wp:meta_value>
		</wp:postmeta>
							<wp:postmeta>
		<wp:meta_key><![CDATA[num_velas_meta]]></wp:meta_key>
		<wp:meta_value><![CDATA[46]]></wp:meta_value>
		</wp:postmeta>
							<wp:postmeta>
		<wp:meta_key><![CDATA[num_recuerdos_meta]]></wp:meta_key>
		<wp:meta_value><![CDATA[8]]></wp:meta_value>
		</wp:postmeta>
							</item>
					<item>
		<title><![CDATA[Carlos Ahumada Licona]]></title>
		<link>http://localhost/sass-wp/obituario/carlos-ahumada-licona/</link>
		<pubDate>Wed, 20 Jan 2021 21:59:08 +0000</pubDate>
		<dc:creator><![CDATA[webmaster]]></dc:creator>
		<guid isPermaLink="false">http://valparaiso.com.mx/?post_type=valpa_obituario_pt&#038;p=9076</guid>
		<description></description>
		<content:encoded><![CDATA[LA MUERTE DEJA UN DOLOR EN EL CORAZON, QUE NADIE PUEDE SANAR, PERO EL AMOR DEJA UNA MEMORIA QUE NADIE PUEDE ROBAR.]]></content:encoded>
		<excerpt:encoded><![CDATA[]]></excerpt:encoded>
		<wp:post_id>9076</wp:post_id>
		<wp:post_date><![CDATA[2021-01-20 21:59:08]]></wp:post_date>
		<wp:post_date_gmt><![CDATA[2021-01-20 21:59:08]]></wp:post_date_gmt>
		<wp:post_modified><![CDATA[2021-01-20 21:59:08]]></wp:post_modified>
		<wp:post_modified_gmt><![CDATA[2021-01-20 21:59:08]]></wp:post_modified_gmt>
		<wp:comment_status><![CDATA[open]]></wp:comment_status>
		<wp:ping_status><![CDATA[closed]]></wp:ping_status>
		<wp:post_name><![CDATA[carlos-ahumada-licona]]></wp:post_name>
		<wp:status><![CDATA[publish]]></wp:status>
		<wp:post_parent>0</wp:post_parent>
		<wp:menu_order>0</wp:menu_order>
		<wp:post_type><![CDATA[valpa_obituario_pt]]></wp:post_type>
		<wp:post_password><![CDATA[]]></wp:post_password>
		<wp:is_sticky>0</wp:is_sticky>
														<wp:postmeta>
		<wp:meta_key><![CDATA[_edit_last]]></wp:meta_key>
		<wp:meta_value><![CDATA[1]]></wp:meta_value>
		</wp:postmeta>
							<wp:postmeta>
		<wp:meta_key><![CDATA[_thumbnail_id]]></wp:meta_key>
		<wp:meta_value><![CDATA[9077]]></wp:meta_value>
		</wp:postmeta>
							<wp:postmeta>
		<wp:meta_key><![CDATA[sucursal_relacionada_meta]]></wp:meta_key>
		<wp:meta_value><![CDATA[a:1:{i:0;s:2:"22";}]]></wp:meta_value>
		</wp:postmeta>
							<wp:postmeta>
		<wp:meta_key><![CDATA[valpa_no_homenaje_meta]]></wp:meta_key>
		<wp:meta_value><![CDATA[0020000968]]></wp:meta_value>
		</wp:postmeta>
							<wp:postmeta>
		<wp:meta_key><![CDATA[servicio_relacionado_meta]]></wp:meta_key>
		<wp:meta_value><![CDATA[a:1:{i:0;s:8:"Sucursal";}]]></wp:meta_value>
		</wp:postmeta>
							<wp:postmeta>
		<wp:meta_key><![CDATA[valpa_nacimiento_dia_meta]]></wp:meta_key>
		<wp:meta_value><![CDATA[15]]></wp:meta_value>
		</wp:postmeta>
							<wp:postmeta>
		<wp:meta_key><![CDATA[valpa_nacimiento_mes_meta]]></wp:meta_key>
		<wp:meta_value><![CDATA[04]]></wp:meta_value>
		</wp:postmeta>
							<wp:postmeta>
		<wp:meta_key><![CDATA[valpa_nacimiento_ano_meta]]></wp:meta_key>
		<wp:meta_value><![CDATA[1960]]></wp:meta_value>
		</wp:postmeta>
							<wp:postmeta>
		<wp:meta_key><![CDATA[post_views_count]]></wp:meta_key>
		<wp:meta_value><![CDATA[221]]></wp:meta_value>
		</wp:postmeta>
							<wp:postmeta>
		<wp:meta_key><![CDATA[num_velas_meta]]></wp:meta_key>
		<wp:meta_value><![CDATA[3]]></wp:meta_value>
		</wp:postmeta>
							</item>
					<item>
		<title><![CDATA[JerÃ³nima HernÃ¡ndez Solis]]></title>
		<link>http://localhost/sass-wp/obituario/jeronima-hernandez-solis/</link>
		<pubDate>Sun, 24 Jan 2021 02:58:20 +0000</pubDate>
		<dc:creator><![CDATA[webmaster]]></dc:creator>
		<guid isPermaLink="false">http://valparaiso.com.mx/?post_type=valpa_obituario_pt&#038;p=9137</guid>
		<description></description>
		<content:encoded><![CDATA["TE DIGO ADIÃS PARA TODA LA VIDA, PERO TODA LA VIDA SEGUIRÃ PENSANDO EN TI.]]></content:encoded>
		<excerpt:encoded><![CDATA[]]></excerpt:encoded>
		<wp:post_id>9137</wp:post_id>
		<wp:post_date><![CDATA[2021-01-24 02:58:20]]></wp:post_date>
		<wp:post_date_gmt><![CDATA[2021-01-24 02:58:20]]></wp:post_date_gmt>
		<wp:post_modified><![CDATA[2021-01-24 02:58:20]]></wp:post_modified>
		<wp:post_modified_gmt><![CDATA[2021-01-24 02:58:20]]></wp:post_modified_gmt>
		<wp:comment_status><![CDATA[open]]></wp:comment_status>
		<wp:ping_status><![CDATA[closed]]></wp:ping_status>
		<wp:post_name><![CDATA[jeronima-hernandez-solis]]></wp:post_name>
		<wp:status><![CDATA[publish]]></wp:status>
		<wp:post_parent>0</wp:post_parent>
		<wp:menu_order>0</wp:menu_order>
		<wp:post_type><![CDATA[valpa_obituario_pt]]></wp:post_type>
		<wp:post_password><![CDATA[]]></wp:post_password>
		<wp:is_sticky>0</wp:is_sticky>
														<wp:postmeta>
		<wp:meta_key><![CDATA[_edit_last]]></wp:meta_key>
		<wp:meta_value><![CDATA[1]]></wp:meta_value>
		</wp:postmeta>
							<wp:postmeta>
		<wp:meta_key><![CDATA[_thumbnail_id]]></wp:meta_key>
		<wp:meta_value><![CDATA[9166]]></wp:meta_value>
		</wp:postmeta>
							<wp:postmeta>
		<wp:meta_key><![CDATA[sucursal_relacionada_meta]]></wp:meta_key>
		<wp:meta_value><![CDATA[a:1:{i:0;s:2:"22";}]]></wp:meta_value>
		</wp:postmeta>
							<wp:postmeta>
		<wp:meta_key><![CDATA[valpa_no_homenaje_meta]]></wp:meta_key>
		<wp:meta_value><![CDATA[0020000999]]></wp:meta_value>
		</wp:postmeta>
							<wp:postmeta>
		<wp:meta_key><![CDATA[servicio_relacionado_meta]]></wp:meta_key>
		<wp:meta_value><![CDATA[a:1:{i:0;s:8:"Sucursal";}]]></wp:meta_value>
		</wp:postmeta>
							<wp:postmeta>
		<wp:meta_key><![CDATA[valpa_nacimiento_dia_meta]]></wp:meta_key>
		<wp:meta_value><![CDATA[28]]></wp:meta_value>
		</wp:postmeta>
							<wp:postmeta>
		<wp:meta_key><![CDATA[valpa_nacimiento_mes_meta]]></wp:meta_key>
		<wp:meta_value><![CDATA[07]]></wp:meta_value>
		</wp:postmeta>
							<wp:postmeta>
		<wp:meta_key><![CDATA[valpa_nacimiento_ano_meta]]></wp:meta_key>
		<wp:meta_value><![CDATA[1941]]></wp:meta_value>
		</wp:postmeta>
							<wp:postmeta>
		<wp:meta_key><![CDATA[post_views_count]]></wp:meta_key>
		<wp:meta_value><![CDATA[355]]></wp:meta_value>
		</wp:postmeta>
							<wp:postmeta>
		<wp:meta_key><![CDATA[num_velas_meta]]></wp:meta_key>
		<wp:meta_value><![CDATA[2]]></wp:meta_value>
		</wp:postmeta>
							<wp:postmeta>
		<wp:meta_key><![CDATA[num_recuerdos_meta]]></wp:meta_key>
		<wp:meta_value><![CDATA[10]]></wp:meta_value>
		</wp:postmeta>
							</item>
					<item>
		<title><![CDATA[Martha Minerva JimÃ©nez Mendoza]]></title>
		<link>http://localhost/sass-wp/obituario/martha-minerva-jimenez-mendoza/</link>
		<pubDate>Tue, 26 Jan 2021 17:02:32 +0000</pubDate>
		<dc:creator><![CDATA[webmaster]]></dc:creator>
		<guid isPermaLink="false">http://valparaiso.com.mx/?post_type=valpa_obituario_pt&#038;p=9211</guid>
		<description></description>
		<content:encoded><![CDATA[<b>A PESAR DE NO ESTAR PRESENTE EN CUERPO, TU ESTARÃS CON NOSOTROS POR SIEMPRE EN NUESTROS </b><b>CORAZONES.</b>]]></content:encoded>
		<excerpt:encoded><![CDATA[]]></excerpt:encoded>
		<wp:post_id>9211</wp:post_id>
		<wp:post_date><![CDATA[2021-01-26 17:02:32]]></wp:post_date>
		<wp:post_date_gmt><![CDATA[2021-01-26 17:02:32]]></wp:post_date_gmt>
		<wp:post_modified><![CDATA[2021-01-26 17:02:32]]></wp:post_modified>
		<wp:post_modified_gmt><![CDATA[2021-01-26 17:02:32]]></wp:post_modified_gmt>
		<wp:comment_status><![CDATA[open]]></wp:comment_status>
		<wp:ping_status><![CDATA[closed]]></wp:ping_status>
		<wp:post_name><![CDATA[martha-minerva-jimenez-mendoza]]></wp:post_name>
		<wp:status><![CDATA[publish]]></wp:status>
		<wp:post_parent>0</wp:post_parent>
		<wp:menu_order>0</wp:menu_order>
		<wp:post_type><![CDATA[valpa_obituario_pt]]></wp:post_type>
		<wp:post_password><![CDATA[]]></wp:post_password>
		<wp:is_sticky>0</wp:is_sticky>
														<wp:postmeta>
		<wp:meta_key><![CDATA[_edit_last]]></wp:meta_key>
		<wp:meta_value><![CDATA[1]]></wp:meta_value>
		</wp:postmeta>
							<wp:postmeta>
		<wp:meta_key><![CDATA[sucursal_relacionada_meta]]></wp:meta_key>
		<wp:meta_value><![CDATA[a:1:{i:0;s:2:"22";}]]></wp:meta_value>
		</wp:postmeta>
							<wp:postmeta>
		<wp:meta_key><![CDATA[valpa_no_homenaje_meta]]></wp:meta_key>
		<wp:meta_value><![CDATA[0020001012]]></wp:meta_value>
		</wp:postmeta>
							<wp:postmeta>
		<wp:meta_key><![CDATA[servicio_relacionado_meta]]></wp:meta_key>
		<wp:meta_value><![CDATA[a:1:{i:0;s:8:"Sucursal";}]]></wp:meta_value>
		</wp:postmeta>
							<wp:postmeta>
		<wp:meta_key><![CDATA[valpa_nacimiento_dia_meta]]></wp:meta_key>
		<wp:meta_value><![CDATA[29]]></wp:meta_value>
		</wp:postmeta>
							<wp:postmeta>
		<wp:meta_key><![CDATA[valpa_nacimiento_mes_meta]]></wp:meta_key>
		<wp:meta_value><![CDATA[01]]></wp:meta_value>
		</wp:postmeta>
							<wp:postmeta>
		<wp:meta_key><![CDATA[valpa_nacimiento_ano_meta]]></wp:meta_key>
		<wp:meta_value><![CDATA[1935]]></wp:meta_value>
		</wp:postmeta>
							<wp:postmeta>
		<wp:meta_key><![CDATA[post_views_count]]></wp:meta_key>
		<wp:meta_value><![CDATA[455]]></wp:meta_value>
		</wp:postmeta>
							<wp:postmeta>
		<wp:meta_key><![CDATA[num_recuerdos_meta]]></wp:meta_key>
		<wp:meta_value><![CDATA[14]]></wp:meta_value>
		</wp:postmeta>
							<wp:postmeta>
		<wp:meta_key><![CDATA[_thumbnail_id]]></wp:meta_key>
		<wp:meta_value><![CDATA[9265]]></wp:meta_value>
		</wp:postmeta>
							<wp:postmeta>
		<wp:meta_key><![CDATA[num_velas_meta]]></wp:meta_key>
		<wp:meta_value><![CDATA[19]]></wp:meta_value>
		</wp:postmeta>
							</item>
					<item>
		<title><![CDATA[Juan Manuel ValdÃ©s GarcÃ­a]]></title>
		<link>http://localhost/sass-wp/obituario/juan-manuel-valdes-garcia/</link>
		<pubDate>Sat, 30 Jan 2021 18:39:41 +0000</pubDate>
		<dc:creator><![CDATA[webmaster]]></dc:creator>
		<guid isPermaLink="false">http://valparaiso.com.mx/?post_type=valpa_obituario_pt&#038;p=9305</guid>
		<description></description>
		<content:encoded><![CDATA[<p style="text-align: left;"><em><strong>"LA MUERTE DEJA UN DOLOR EN EL CORAZON, QUE NADIE PUEDE SANAR PERO EL AMOR DEJA UNA MEMORIA QUE NADIE PUEDE ROBAR"</strong></em></p>]]></content:encoded>
		<excerpt:encoded><![CDATA[]]></excerpt:encoded>
		<wp:post_id>9305</wp:post_id>
		<wp:post_date><![CDATA[2021-01-30 18:39:41]]></wp:post_date>
		<wp:post_date_gmt><![CDATA[2021-01-30 18:39:41]]></wp:post_date_gmt>
		<wp:post_modified><![CDATA[2021-01-30 18:39:41]]></wp:post_modified>
		<wp:post_modified_gmt><![CDATA[2021-01-30 18:39:41]]></wp:post_modified_gmt>
		<wp:comment_status><![CDATA[open]]></wp:comment_status>
		<wp:ping_status><![CDATA[closed]]></wp:ping_status>
		<wp:post_name><![CDATA[juan-manuel-valdes-garcia]]></wp:post_name>
		<wp:status><![CDATA[publish]]></wp:status>
		<wp:post_parent>0</wp:post_parent>
		<wp:menu_order>0</wp:menu_order>
		<wp:post_type><![CDATA[valpa_obituario_pt]]></wp:post_type>
		<wp:post_password><![CDATA[]]></wp:post_password>
		<wp:is_sticky>0</wp:is_sticky>
														<wp:postmeta>
		<wp:meta_key><![CDATA[_edit_last]]></wp:meta_key>
		<wp:meta_value><![CDATA[1]]></wp:meta_value>
		</wp:postmeta>
							<wp:postmeta>
		<wp:meta_key><![CDATA[sucursal_relacionada_meta]]></wp:meta_key>
		<wp:meta_value><![CDATA[a:1:{i:0;s:2:"22";}]]></wp:meta_value>
		</wp:postmeta>
							<wp:postmeta>
		<wp:meta_key><![CDATA[valpa_no_homenaje_meta]]></wp:meta_key>
		<wp:meta_value><![CDATA[0020001044]]></wp:meta_value>
		</wp:postmeta>
							<wp:postmeta>
		<wp:meta_key><![CDATA[servicio_relacionado_meta]]></wp:meta_key>
		<wp:meta_value><![CDATA[a:1:{i:0;s:8:"Sucursal";}]]></wp:meta_value>
		</wp:postmeta>
							<wp:postmeta>
		<wp:meta_key><![CDATA[valpa_nacimiento_dia_meta]]></wp:meta_key>
		<wp:meta_value><![CDATA[30]]></wp:meta_value>
		</wp:postmeta>
							<wp:postmeta>
		<wp:meta_key><![CDATA[valpa_nacimiento_mes_meta]]></wp:meta_key>
		<wp:meta_value><![CDATA[10]]></wp:meta_value>
		</wp:postmeta>
							<wp:postmeta>
		<wp:meta_key><![CDATA[valpa_nacimiento_ano_meta]]></wp:meta_key>
		<wp:meta_value><![CDATA[1971]]></wp:meta_value>
		</wp:postmeta>
							<wp:postmeta>
		<wp:meta_key><![CDATA[post_views_count]]></wp:meta_key>
		<wp:meta_value><![CDATA[157]]></wp:meta_value>
		</wp:postmeta>
							<wp:postmeta>
		<wp:meta_key><![CDATA[_thumbnail_id]]></wp:meta_key>
		<wp:meta_value><![CDATA[9330]]></wp:meta_value>
		</wp:postmeta>
							<wp:postmeta>
		<wp:meta_key><![CDATA[num_recuerdos_meta]]></wp:meta_key>
		<wp:meta_value><![CDATA[1]]></wp:meta_value>
		</wp:postmeta>
							<wp:postmeta>
		<wp:meta_key><![CDATA[num_velas_meta]]></wp:meta_key>
		<wp:meta_value><![CDATA[1]]></wp:meta_value>
		</wp:postmeta>
							</item>
					<item>
		<title><![CDATA[Aurora Galicia Narciso]]></title>
		<link>http://localhost/sass-wp/obituario/aurora-galicia-narciso/</link>
		<pubDate>Sat, 30 Jan 2021 18:57:06 +0000</pubDate>
		<dc:creator><![CDATA[webmaster]]></dc:creator>
		<guid isPermaLink="false">http://valparaiso.com.mx/?post_type=valpa_obituario_pt&#038;p=9332</guid>
		<description></description>
		<content:encoded><![CDATA[<em><b>LA MUERTE DEJA UN DOLOR EN EL CORAZON, QUE NADIE PUEDE SANAR PERO EL AMOR DEJA UNA MEMORIA QUE NADIE PUEDE ROBAR</b></em>]]></content:encoded>
		<excerpt:encoded><![CDATA[]]></excerpt:encoded>
		<wp:post_id>9332</wp:post_id>
		<wp:post_date><![CDATA[2021-01-30 18:57:06]]></wp:post_date>
		<wp:post_date_gmt><![CDATA[2021-01-30 18:57:06]]></wp:post_date_gmt>
		<wp:post_modified><![CDATA[2021-01-30 18:57:06]]></wp:post_modified>
		<wp:post_modified_gmt><![CDATA[2021-01-30 18:57:06]]></wp:post_modified_gmt>
		<wp:comment_status><![CDATA[open]]></wp:comment_status>
		<wp:ping_status><![CDATA[closed]]></wp:ping_status>
		<wp:post_name><![CDATA[aurora-galicia-narciso]]></wp:post_name>
		<wp:status><![CDATA[publish]]></wp:status>
		<wp:post_parent>0</wp:post_parent>
		<wp:menu_order>0</wp:menu_order>
		<wp:post_type><![CDATA[valpa_obituario_pt]]></wp:post_type>
		<wp:post_password><![CDATA[]]></wp:post_password>
		<wp:is_sticky>0</wp:is_sticky>
														<wp:postmeta>
		<wp:meta_key><![CDATA[_edit_last]]></wp:meta_key>
		<wp:meta_value><![CDATA[1]]></wp:meta_value>
		</wp:postmeta>
							<wp:postmeta>
		<wp:meta_key><![CDATA[_thumbnail_id]]></wp:meta_key>
		<wp:meta_value><![CDATA[9339]]></wp:meta_value>
		</wp:postmeta>
							<wp:postmeta>
		<wp:meta_key><![CDATA[sucursal_relacionada_meta]]></wp:meta_key>
		<wp:meta_value><![CDATA[a:1:{i:0;s:2:"22";}]]></wp:meta_value>
		</wp:postmeta>
							<wp:postmeta>
		<wp:meta_key><![CDATA[valpa_no_homenaje_meta]]></wp:meta_key>
		<wp:meta_value><![CDATA[0020000880]]></wp:meta_value>
		</wp:postmeta>
							<wp:postmeta>
		<wp:meta_key><![CDATA[servicio_relacionado_meta]]></wp:meta_key>
		<wp:meta_value><![CDATA[a:1:{i:0;s:9:"Domicilio";}]]></wp:meta_value>
		</wp:postmeta>
							<wp:postmeta>
		<wp:meta_key><![CDATA[valpa_nacimiento_dia_meta]]></wp:meta_key>
		<wp:meta_value><![CDATA[04]]></wp:meta_value>
		</wp:postmeta>
							<wp:postmeta>
		<wp:meta_key><![CDATA[valpa_nacimiento_mes_meta]]></wp:meta_key>
		<wp:meta_value><![CDATA[04]]></wp:meta_value>
		</wp:postmeta>
							<wp:postmeta>
		<wp:meta_key><![CDATA[valpa_nacimiento_ano_meta]]></wp:meta_key>
		<wp:meta_value><![CDATA[1956]]></wp:meta_value>
		</wp:postmeta>
							<wp:postmeta>
		<wp:meta_key><![CDATA[post_views_count]]></wp:meta_key>
		<wp:meta_value><![CDATA[145]]></wp:meta_value>
		</wp:postmeta>
							<wp:postmeta>
		<wp:meta_key><![CDATA[num_recuerdos_meta]]></wp:meta_key>
		<wp:meta_value><![CDATA[2]]></wp:meta_value>
		</wp:postmeta>
							<wp:postmeta>
		<wp:meta_key><![CDATA[num_velas_meta]]></wp:meta_key>
		<wp:meta_value><![CDATA[8]]></wp:meta_value>
		</wp:postmeta>
							</item>
					<item>
		<title><![CDATA[Jorge PÃ©rez Estrada]]></title>
		<link>http://localhost/sass-wp/obituario/jorge-perez-estrada/</link>
		<pubDate>Sun, 31 Jan 2021 22:44:28 +0000</pubDate>
		<dc:creator><![CDATA[webmaster]]></dc:creator>
		<guid isPermaLink="false">http://valparaiso.com.mx/?post_type=valpa_obituario_pt&#038;p=9361</guid>
		<description></description>
		<content:encoded><![CDATA[<p style="text-align: center;"><em><strong>"</strong><strong><b>A pesar de no estar presente en cuerpo, tu estarÃ¡s con nosotros por siempre en nuestro</b></strong><b></b><strong><b>s corazones</b>."</strong></em></p>]]></content:encoded>
		<excerpt:encoded><![CDATA[]]></excerpt:encoded>
		<wp:post_id>9361</wp:post_id>
		<wp:post_date><![CDATA[2021-01-31 22:44:28]]></wp:post_date>
		<wp:post_date_gmt><![CDATA[2021-01-31 22:44:28]]></wp:post_date_gmt>
		<wp:post_modified><![CDATA[2021-01-31 22:44:28]]></wp:post_modified>
		<wp:post_modified_gmt><![CDATA[2021-01-31 22:44:28]]></wp:post_modified_gmt>
		<wp:comment_status><![CDATA[open]]></wp:comment_status>
		<wp:ping_status><![CDATA[closed]]></wp:ping_status>
		<wp:post_name><![CDATA[jorge-perez-estrada]]></wp:post_name>
		<wp:status><![CDATA[publish]]></wp:status>
		<wp:post_parent>0</wp:post_parent>
		<wp:menu_order>0</wp:menu_order>
		<wp:post_type><![CDATA[valpa_obituario_pt]]></wp:post_type>
		<wp:post_password><![CDATA[]]></wp:post_password>
		<wp:is_sticky>0</wp:is_sticky>
														<wp:postmeta>
		<wp:meta_key><![CDATA[_edit_last]]></wp:meta_key>
		<wp:meta_value><![CDATA[1]]></wp:meta_value>
		</wp:postmeta>
							<wp:postmeta>
		<wp:meta_key><![CDATA[_thumbnail_id]]></wp:meta_key>
		<wp:meta_value><![CDATA[9362]]></wp:meta_value>
		</wp:postmeta>
							<wp:postmeta>
		<wp:meta_key><![CDATA[sucursal_relacionada_meta]]></wp:meta_key>
		<wp:meta_value><![CDATA[a:1:{i:0;s:2:"22";}]]></wp:meta_value>
		</wp:postmeta>
							<wp:postmeta>
		<wp:meta_key><![CDATA[valpa_no_homenaje_meta]]></wp:meta_key>
		<wp:meta_value><![CDATA[0020001048]]></wp:meta_value>
		</wp:postmeta>
							<wp:postmeta>
		<wp:meta_key><![CDATA[servicio_relacionado_meta]]></wp:meta_key>
		<wp:meta_value><![CDATA[a:1:{i:0;s:8:"Sucursal";}]]></wp:meta_value>
		</wp:postmeta>
							<wp:postmeta>
		<wp:meta_key><![CDATA[valpa_nacimiento_dia_meta]]></wp:meta_key>
		<wp:meta_value><![CDATA[23]]></wp:meta_value>
		</wp:postmeta>
							<wp:postmeta>
		<wp:meta_key><![CDATA[valpa_nacimiento_mes_meta]]></wp:meta_key>
		<wp:meta_value><![CDATA[04]]></wp:meta_value>
		</wp:postmeta>
							<wp:postmeta>
		<wp:meta_key><![CDATA[valpa_nacimiento_ano_meta]]></wp:meta_key>
		<wp:meta_value><![CDATA[1963]]></wp:meta_value>
		</wp:postmeta>
							<wp:postmeta>
		<wp:meta_key><![CDATA[post_views_count]]></wp:meta_key>
		<wp:meta_value><![CDATA[189]]></wp:meta_value>
		</wp:postmeta>
							<wp:postmeta>
		<wp:meta_key><![CDATA[num_recuerdos_meta]]></wp:meta_key>
		<wp:meta_value><![CDATA[4]]></wp:meta_value>
		</wp:postmeta>
							<wp:postmeta>
		<wp:meta_key><![CDATA[num_velas_meta]]></wp:meta_key>
		<wp:meta_value><![CDATA[9]]></wp:meta_value>
		</wp:postmeta>
							</item>
					<item>
		<title><![CDATA[Merced Lorenzo Tejeda Reyez]]></title>
		<link>http://localhost/sass-wp/obituario/merced-lorenzo-tejeda-reyez/</link>
		<pubDate>Mon, 01 Feb 2021 23:07:10 +0000</pubDate>
		<dc:creator><![CDATA[webmaster]]></dc:creator>
		<guid isPermaLink="false">http://valparaiso.com.mx/?post_type=valpa_obituario_pt&#038;p=9385</guid>
		<description></description>
		<content:encoded><![CDATA["Te digo adiÃ³s para toda la vida, pero toda la vida seguirÃ© pensando en ti.]]></content:encoded>
		<excerpt:encoded><![CDATA[]]></excerpt:encoded>
		<wp:post_id>9385</wp:post_id>
		<wp:post_date><![CDATA[2021-02-01 23:07:10]]></wp:post_date>
		<wp:post_date_gmt><![CDATA[2021-02-01 23:07:10]]></wp:post_date_gmt>
		<wp:post_modified><![CDATA[2021-02-01 23:07:10]]></wp:post_modified>
		<wp:post_modified_gmt><![CDATA[2021-02-01 23:07:10]]></wp:post_modified_gmt>
		<wp:comment_status><![CDATA[open]]></wp:comment_status>
		<wp:ping_status><![CDATA[closed]]></wp:ping_status>
		<wp:post_name><![CDATA[merced-lorenzo-tejeda-reyez]]></wp:post_name>
		<wp:status><![CDATA[publish]]></wp:status>
		<wp:post_parent>0</wp:post_parent>
		<wp:menu_order>0</wp:menu_order>
		<wp:post_type><![CDATA[valpa_obituario_pt]]></wp:post_type>
		<wp:post_password><![CDATA[]]></wp:post_password>
		<wp:is_sticky>0</wp:is_sticky>
														<wp:postmeta>
		<wp:meta_key><![CDATA[_edit_last]]></wp:meta_key>
		<wp:meta_value><![CDATA[1]]></wp:meta_value>
		</wp:postmeta>
							<wp:postmeta>
		<wp:meta_key><![CDATA[_thumbnail_id]]></wp:meta_key>
		<wp:meta_value><![CDATA[9386]]></wp:meta_value>
		</wp:postmeta>
							<wp:postmeta>
		<wp:meta_key><![CDATA[sucursal_relacionada_meta]]></wp:meta_key>
		<wp:meta_value><![CDATA[a:1:{i:0;s:2:"22";}]]></wp:meta_value>
		</wp:postmeta>
							<wp:postmeta>
		<wp:meta_key><![CDATA[valpa_no_homenaje_meta]]></wp:meta_key>
		<wp:meta_value><![CDATA[0020001002]]></wp:meta_value>
		</wp:postmeta>
							<wp:postmeta>
		<wp:meta_key><![CDATA[servicio_relacionado_meta]]></wp:meta_key>
		<wp:meta_value><![CDATA[a:1:{i:0;s:8:"Sucursal";}]]></wp:meta_value>
		</wp:postmeta>
							<wp:postmeta>
		<wp:meta_key><![CDATA[valpa_nacimiento_dia_meta]]></wp:meta_key>
		<wp:meta_value><![CDATA[10]]></wp:meta_value>
		</wp:postmeta>
							<wp:postmeta>
		<wp:meta_key><![CDATA[valpa_nacimiento_mes_meta]]></wp:meta_key>
		<wp:meta_value><![CDATA[08]]></wp:meta_value>
		</wp:postmeta>
							<wp:postmeta>
		<wp:meta_key><![CDATA[valpa_nacimiento_ano_meta]]></wp:meta_key>
		<wp:meta_value><![CDATA[1960]]></wp:meta_value>
		</wp:postmeta>
							<wp:postmeta>
		<wp:meta_key><![CDATA[post_views_count]]></wp:meta_key>
		<wp:meta_value><![CDATA[66]]></wp:meta_value>
		</wp:postmeta>
							<wp:postmeta>
		<wp:meta_key><![CDATA[num_velas_meta]]></wp:meta_key>
		<wp:meta_value><![CDATA[1]]></wp:meta_value>
		</wp:postmeta>
							</item>
					<item>
		<title><![CDATA[Roque Ãvila GonzÃ¡lez]]></title>
		<link>http://localhost/sass-wp/obituario/roque-avila-gonzalez/</link>
		<pubDate>Mon, 01 Feb 2021 00:43:03 +0000</pubDate>
		<dc:creator><![CDATA[webmaster]]></dc:creator>
		<guid isPermaLink="false">http://valparaiso.com.mx/?post_type=valpa_obituario_pt&#038;p=9406</guid>
		<description></description>
		<content:encoded><![CDATA[<p style="text-align: center;"><em><strong>"Querido papÃ¡, Descansa en paz, fuiste todo para nosotros y siempre vivirÃ¡s en nuestro corazÃ³n."</strong></em></p>]]></content:encoded>
		<excerpt:encoded><![CDATA[]]></excerpt:encoded>
		<wp:post_id>9406</wp:post_id>
		<wp:post_date><![CDATA[2021-02-01 00:43:03]]></wp:post_date>
		<wp:post_date_gmt><![CDATA[2021-02-01 00:43:03]]></wp:post_date_gmt>
		<wp:post_modified><![CDATA[2021-02-01 00:43:03]]></wp:post_modified>
		<wp:post_modified_gmt><![CDATA[2021-02-01 00:43:03]]></wp:post_modified_gmt>
		<wp:comment_status><![CDATA[open]]></wp:comment_status>
		<wp:ping_status><![CDATA[closed]]></wp:ping_status>
		<wp:post_name><![CDATA[roque-avila-gonzalez]]></wp:post_name>
		<wp:status><![CDATA[publish]]></wp:status>
		<wp:post_parent>0</wp:post_parent>
		<wp:menu_order>0</wp:menu_order>
		<wp:post_type><![CDATA[valpa_obituario_pt]]></wp:post_type>
		<wp:post_password><![CDATA[]]></wp:post_password>
		<wp:is_sticky>0</wp:is_sticky>
														<wp:postmeta>
		<wp:meta_key><![CDATA[_edit_last]]></wp:meta_key>
		<wp:meta_value><![CDATA[1]]></wp:meta_value>
		</wp:postmeta>
							<wp:postmeta>
		<wp:meta_key><![CDATA[valpa_no_homenaje_meta]]></wp:meta_key>
		<wp:meta_value><![CDATA[0020001049]]></wp:meta_value>
		</wp:postmeta>
							<wp:postmeta>
		<wp:meta_key><![CDATA[valpa_nacimiento_dia_meta]]></wp:meta_key>
		<wp:meta_value><![CDATA[31]]></wp:meta_value>
		</wp:postmeta>
							<wp:postmeta>
		<wp:meta_key><![CDATA[valpa_nacimiento_mes_meta]]></wp:meta_key>
		<wp:meta_value><![CDATA[01]]></wp:meta_value>
		</wp:postmeta>
							<wp:postmeta>
		<wp:meta_key><![CDATA[valpa_nacimiento_ano_meta]]></wp:meta_key>
		<wp:meta_value><![CDATA[1960]]></wp:meta_value>
		</wp:postmeta>
							<wp:postmeta>
		<wp:meta_key><![CDATA[_thumbnail_id]]></wp:meta_key>
		<wp:meta_value><![CDATA[9413]]></wp:meta_value>
		</wp:postmeta>
							<wp:postmeta>
		<wp:meta_key><![CDATA[sucursal_relacionada_meta]]></wp:meta_key>
		<wp:meta_value><![CDATA[a:1:{i:0;s:2:"22";}]]></wp:meta_value>
		</wp:postmeta>
							<wp:postmeta>
		<wp:meta_key><![CDATA[servicio_relacionado_meta]]></wp:meta_key>
		<wp:meta_value><![CDATA[a:1:{i:0;s:9:"Domicilio";}]]></wp:meta_value>
		</wp:postmeta>
							<wp:postmeta>
		<wp:meta_key><![CDATA[post_views_count]]></wp:meta_key>
		<wp:meta_value><![CDATA[101]]></wp:meta_value>
		</wp:postmeta>
							</item>
					<item>
		<title><![CDATA[JosÃ© Luis LÃ³pez Manjarrez]]></title>
		<link>http://localhost/sass-wp/obituario/jose-luis-lopez-manjarrez/</link>
		<pubDate>Sat, 23 Jan 2021 01:10:04 +0000</pubDate>
		<dc:creator><![CDATA[webmaster]]></dc:creator>
		<guid isPermaLink="false">http://valparaiso.com.mx/?post_type=valpa_obituario_pt&#038;p=9432</guid>
		<description></description>
		<content:encoded><![CDATA[<strong>Â  Â  Â  Â  Â  Â  Â  Â  Â  Â  Â  Â  Â  Â  Â  Â  Â  Â  Â  Â  Â  Â  Â  Â  Â  Â  Â  Â  Â  Â  Â  Â  Â  Â  Â  Â  TE DIGO ADIOS PARA TODA LA VIDA, PERO TODA LA VIDA SEGUIRE PENSANDO EN TI.</strong>]]></content:encoded>
		<excerpt:encoded><![CDATA[]]></excerpt:encoded>
		<wp:post_id>9432</wp:post_id>
		<wp:post_date><![CDATA[2021-01-23 01:10:04]]></wp:post_date>
		<wp:post_date_gmt><![CDATA[2021-01-23 01:10:04]]></wp:post_date_gmt>
		<wp:post_modified><![CDATA[2021-01-23 01:10:04]]></wp:post_modified>
		<wp:post_modified_gmt><![CDATA[2021-01-23 01:10:04]]></wp:post_modified_gmt>
		<wp:comment_status><![CDATA[open]]></wp:comment_status>
		<wp:ping_status><![CDATA[closed]]></wp:ping_status>
		<wp:post_name><![CDATA[jose-luis-lopez-manjarrez]]></wp:post_name>
		<wp:status><![CDATA[publish]]></wp:status>
		<wp:post_parent>0</wp:post_parent>
		<wp:menu_order>0</wp:menu_order>
		<wp:post_type><![CDATA[valpa_obituario_pt]]></wp:post_type>
		<wp:post_password><![CDATA[]]></wp:post_password>
		<wp:is_sticky>0</wp:is_sticky>
														<wp:postmeta>
		<wp:meta_key><![CDATA[_edit_last]]></wp:meta_key>
		<wp:meta_value><![CDATA[1]]></wp:meta_value>
		</wp:postmeta>
							<wp:postmeta>
		<wp:meta_key><![CDATA[_thumbnail_id]]></wp:meta_key>
		<wp:meta_value><![CDATA[9441]]></wp:meta_value>
		</wp:postmeta>
							<wp:postmeta>
		<wp:meta_key><![CDATA[_wp_old_date]]></wp:meta_key>
		<wp:meta_value><![CDATA[2021-02-01]]></wp:meta_value>
		</wp:postmeta>
							<wp:postmeta>
		<wp:meta_key><![CDATA[valpa_no_homenaje_meta]]></wp:meta_key>
		<wp:meta_value><![CDATA[0020001003]]></wp:meta_value>
		</wp:postmeta>
							<wp:postmeta>
		<wp:meta_key><![CDATA[servicio_relacionado_meta]]></wp:meta_key>
		<wp:meta_value><![CDATA[a:1:{i:0;s:8:"Sucursal";}]]></wp:meta_value>
		</wp:postmeta>
							<wp:postmeta>
		<wp:meta_key><![CDATA[valpa_nacimiento_dia_meta]]></wp:meta_key>
		<wp:meta_value><![CDATA[20]]></wp:meta_value>
		</wp:postmeta>
							<wp:postmeta>
		<wp:meta_key><![CDATA[valpa_nacimiento_mes_meta]]></wp:meta_key>
		<wp:meta_value><![CDATA[11]]></wp:meta_value>
		</wp:postmeta>
							<wp:postmeta>
		<wp:meta_key><![CDATA[valpa_nacimiento_ano_meta]]></wp:meta_key>
		<wp:meta_value><![CDATA[1969]]></wp:meta_value>
		</wp:postmeta>
							<wp:postmeta>
		<wp:meta_key><![CDATA[post_views_count]]></wp:meta_key>
		<wp:meta_value><![CDATA[421]]></wp:meta_value>
		</wp:postmeta>
							<wp:postmeta>
		<wp:meta_key><![CDATA[num_velas_meta]]></wp:meta_key>
		<wp:meta_value><![CDATA[16]]></wp:meta_value>
		</wp:postmeta>
							<wp:postmeta>
		<wp:meta_key><![CDATA[num_recuerdos_meta]]></wp:meta_key>
		<wp:meta_value><![CDATA[2]]></wp:meta_value>
		</wp:postmeta>
							</item>
					<item>
		<title><![CDATA[Ismael SÃ¡nchez MejÃ­a]]></title>
		<link>http://localhost/sass-wp/obituario/ismael-sanchez-mejia/</link>
		<pubDate>Mon, 01 Feb 2021 03:22:10 +0000</pubDate>
		<dc:creator><![CDATA[webmaster]]></dc:creator>
		<guid isPermaLink="false">http://valparaiso.com.mx/?post_type=valpa_obituario_pt&#038;p=9449</guid>
		<description></description>
		<content:encoded><![CDATA["Hasta pronto, que brille para ti la luz que no tiene fin."]]></content:encoded>
		<excerpt:encoded><![CDATA[]]></excerpt:encoded>
		<wp:post_id>9449</wp:post_id>
		<wp:post_date><![CDATA[2021-02-01 03:22:10]]></wp:post_date>
		<wp:post_date_gmt><![CDATA[2021-02-01 03:22:10]]></wp:post_date_gmt>
		<wp:post_modified><![CDATA[2021-02-01 03:22:10]]></wp:post_modified>
		<wp:post_modified_gmt><![CDATA[2021-02-01 03:22:10]]></wp:post_modified_gmt>
		<wp:comment_status><![CDATA[open]]></wp:comment_status>
		<wp:ping_status><![CDATA[closed]]></wp:ping_status>
		<wp:post_name><![CDATA[ismael-sanchez-mejia]]></wp:post_name>
		<wp:status><![CDATA[publish]]></wp:status>
		<wp:post_parent>0</wp:post_parent>
		<wp:menu_order>0</wp:menu_order>
		<wp:post_type><![CDATA[valpa_obituario_pt]]></wp:post_type>
		<wp:post_password><![CDATA[]]></wp:post_password>
		<wp:is_sticky>0</wp:is_sticky>
														<wp:postmeta>
		<wp:meta_key><![CDATA[_edit_last]]></wp:meta_key>
		<wp:meta_value><![CDATA[1]]></wp:meta_value>
		</wp:postmeta>
							<wp:postmeta>
		<wp:meta_key><![CDATA[valpa_no_homenaje_meta]]></wp:meta_key>
		<wp:meta_value><![CDATA[]]></wp:meta_value>
		</wp:postmeta>
							<wp:postmeta>
		<wp:meta_key><![CDATA[valpa_nacimiento_dia_meta]]></wp:meta_key>
		<wp:meta_value><![CDATA[22]]></wp:meta_value>
		</wp:postmeta>
							<wp:postmeta>
		<wp:meta_key><![CDATA[valpa_nacimiento_mes_meta]]></wp:meta_key>
		<wp:meta_value><![CDATA[07]]></wp:meta_value>
		</wp:postmeta>
							<wp:postmeta>
		<wp:meta_key><![CDATA[valpa_nacimiento_ano_meta]]></wp:meta_key>
		<wp:meta_value><![CDATA[1987]]></wp:meta_value>
		</wp:postmeta>
							<wp:postmeta>
		<wp:meta_key><![CDATA[post_views_count]]></wp:meta_key>
		<wp:meta_value><![CDATA[89]]></wp:meta_value>
		</wp:postmeta>
							<wp:postmeta>
		<wp:meta_key><![CDATA[sucursal_relacionada_meta]]></wp:meta_key>
		<wp:meta_value><![CDATA[a:1:{i:0;s:2:"22";}]]></wp:meta_value>
		</wp:postmeta>
							<wp:postmeta>
		<wp:meta_key><![CDATA[_thumbnail_id]]></wp:meta_key>
		<wp:meta_value><![CDATA[9457]]></wp:meta_value>
		</wp:postmeta>
							<wp:postmeta>
		<wp:meta_key><![CDATA[num_velas_meta]]></wp:meta_key>
		<wp:meta_value><![CDATA[2]]></wp:meta_value>
		</wp:postmeta>
							</item>
					<item>
		<title><![CDATA[Raymundo Robles Rivera]]></title>
		<link>http://localhost/sass-wp/obituario/raymundo-robles-rivera/</link>
		<pubDate>Mon, 01 Feb 2021 19:48:29 +0000</pubDate>
		<dc:creator><![CDATA[webmaster]]></dc:creator>
		<guid isPermaLink="false">http://valparaiso.com.mx/?post_type=valpa_obituario_pt&#038;p=9492</guid>
		<description></description>
		<content:encoded><![CDATA["La muerte deja un dolor en el corazÃ³n, que nadie puede sanar, pero el amor deja una memoria que nadie puede robar."

]]></content:encoded>
		<excerpt:encoded><![CDATA[]]></excerpt:encoded>
		<wp:post_id>9492</wp:post_id>
		<wp:post_date><![CDATA[2021-02-01 19:48:29]]></wp:post_date>
		<wp:post_date_gmt><![CDATA[2021-02-01 19:48:29]]></wp:post_date_gmt>
		<wp:post_modified><![CDATA[2021-02-01 19:48:29]]></wp:post_modified>
		<wp:post_modified_gmt><![CDATA[2021-02-01 19:48:29]]></wp:post_modified_gmt>
		<wp:comment_status><![CDATA[open]]></wp:comment_status>
		<wp:ping_status><![CDATA[closed]]></wp:ping_status>
		<wp:post_name><![CDATA[raymundo-robles-rivera]]></wp:post_name>
		<wp:status><![CDATA[publish]]></wp:status>
		<wp:post_parent>0</wp:post_parent>
		<wp:menu_order>0</wp:menu_order>
		<wp:post_type><![CDATA[valpa_obituario_pt]]></wp:post_type>
		<wp:post_password><![CDATA[]]></wp:post_password>
		<wp:is_sticky>0</wp:is_sticky>
														<wp:postmeta>
		<wp:meta_key><![CDATA[_edit_last]]></wp:meta_key>
		<wp:meta_value><![CDATA[1]]></wp:meta_value>
		</wp:postmeta>
							<wp:postmeta>
		<wp:meta_key><![CDATA[post_views_count]]></wp:meta_key>
		<wp:meta_value><![CDATA[57]]></wp:meta_value>
		</wp:postmeta>
							<wp:postmeta>
		<wp:meta_key><![CDATA[valpa_no_homenaje_meta]]></wp:meta_key>
		<wp:meta_value><![CDATA[]]></wp:meta_value>
		</wp:postmeta>
							<wp:postmeta>
		<wp:meta_key><![CDATA[valpa_nacimiento_dia_meta]]></wp:meta_key>
		<wp:meta_value><![CDATA[23]]></wp:meta_value>
		</wp:postmeta>
							<wp:postmeta>
		<wp:meta_key><![CDATA[valpa_nacimiento_mes_meta]]></wp:meta_key>
		<wp:meta_value><![CDATA[1]]></wp:meta_value>
		</wp:postmeta>
							<wp:postmeta>
		<wp:meta_key><![CDATA[valpa_nacimiento_ano_meta]]></wp:meta_key>
		<wp:meta_value><![CDATA[1977]]></wp:meta_value>
		</wp:postmeta>
							<wp:postmeta>
		<wp:meta_key><![CDATA[_thumbnail_id]]></wp:meta_key>
		<wp:meta_value><![CDATA[9509]]></wp:meta_value>
		</wp:postmeta>
							<wp:postmeta>
		<wp:meta_key><![CDATA[sucursal_relacionada_meta]]></wp:meta_key>
		<wp:meta_value><![CDATA[a:1:{i:0;s:2:"22";}]]></wp:meta_value>
		</wp:postmeta>
							<wp:postmeta>
		<wp:meta_key><![CDATA[servicio_relacionado_meta]]></wp:meta_key>
		<wp:meta_value><![CDATA[a:1:{i:0;s:8:"Sucursal";}]]></wp:meta_value>
		</wp:postmeta>
							<wp:postmeta>
		<wp:meta_key><![CDATA[num_velas_meta]]></wp:meta_key>
		<wp:meta_value><![CDATA[1]]></wp:meta_value>
		</wp:postmeta>
							</item>
					<item>
		<title><![CDATA[Pablo SÃ¡nchez GarcÃ­a]]></title>
		<link>http://localhost/sass-wp/obituario/pablo-sanchez-garcia/</link>
		<pubDate>Mon, 01 Feb 2021 23:23:58 +0000</pubDate>
		<dc:creator><![CDATA[webmaster]]></dc:creator>
		<guid isPermaLink="false">http://valparaiso.com.mx/?post_type=valpa_obituario_pt&#038;p=9529</guid>
		<description></description>
		<content:encoded><![CDATA["Viejo, te voy a extraÃ±ar mucho, nunca pensÃ© que fuera la Ãºltima vez que te iba a ver, espero en Dios algÃºn dÃ­a volvernos a ver. Tu esposa que te ama mucho Â¡Te voy a extraÃ±ar!"

Paulina]]></content:encoded>
		<excerpt:encoded><![CDATA[]]></excerpt:encoded>
		<wp:post_id>9529</wp:post_id>
		<wp:post_date><![CDATA[2021-02-01 23:23:58]]></wp:post_date>
		<wp:post_date_gmt><![CDATA[2021-02-01 23:23:58]]></wp:post_date_gmt>
		<wp:post_modified><![CDATA[2021-02-01 23:23:58]]></wp:post_modified>
		<wp:post_modified_gmt><![CDATA[2021-02-01 23:23:58]]></wp:post_modified_gmt>
		<wp:comment_status><![CDATA[open]]></wp:comment_status>
		<wp:ping_status><![CDATA[closed]]></wp:ping_status>
		<wp:post_name><![CDATA[pablo-sanchez-garcia]]></wp:post_name>
		<wp:status><![CDATA[publish]]></wp:status>
		<wp:post_parent>0</wp:post_parent>
		<wp:menu_order>0</wp:menu_order>
		<wp:post_type><![CDATA[valpa_obituario_pt]]></wp:post_type>
		<wp:post_password><![CDATA[]]></wp:post_password>
		<wp:is_sticky>0</wp:is_sticky>
														<wp:postmeta>
		<wp:meta_key><![CDATA[_edit_last]]></wp:meta_key>
		<wp:meta_value><![CDATA[1]]></wp:meta_value>
		</wp:postmeta>
							<wp:postmeta>
		<wp:meta_key><![CDATA[valpa_no_homenaje_meta]]></wp:meta_key>
		<wp:meta_value><![CDATA[1052]]></wp:meta_value>
		</wp:postmeta>
							<wp:postmeta>
		<wp:meta_key><![CDATA[valpa_nacimiento_dia_meta]]></wp:meta_key>
		<wp:meta_value><![CDATA[26]]></wp:meta_value>
		</wp:postmeta>
							<wp:postmeta>
		<wp:meta_key><![CDATA[valpa_nacimiento_mes_meta]]></wp:meta_key>
		<wp:meta_value><![CDATA[01]]></wp:meta_value>
		</wp:postmeta>
							<wp:postmeta>
		<wp:meta_key><![CDATA[valpa_nacimiento_ano_meta]]></wp:meta_key>
		<wp:meta_value><![CDATA[1946]]></wp:meta_value>
		</wp:postmeta>
							<wp:postmeta>
		<wp:meta_key><![CDATA[post_views_count]]></wp:meta_key>
		<wp:meta_value><![CDATA[238]]></wp:meta_value>
		</wp:postmeta>
							<wp:postmeta>
		<wp:meta_key><![CDATA[_thumbnail_id]]></wp:meta_key>
		<wp:meta_value><![CDATA[9534]]></wp:meta_value>
		</wp:postmeta>
							<wp:postmeta>
		<wp:meta_key><![CDATA[sucursal_relacionada_meta]]></wp:meta_key>
		<wp:meta_value><![CDATA[a:1:{i:0;s:2:"22";}]]></wp:meta_value>
		</wp:postmeta>
							<wp:postmeta>
		<wp:meta_key><![CDATA[num_velas_meta]]></wp:meta_key>
		<wp:meta_value><![CDATA[4]]></wp:meta_value>
		</wp:postmeta>
							<wp:postmeta>
		<wp:meta_key><![CDATA[num_recuerdos_meta]]></wp:meta_key>
		<wp:meta_value><![CDATA[1]]></wp:meta_value>
		</wp:postmeta>
							</item>
					<item>
		<title><![CDATA[Clara Moreno Flores]]></title>
		<link>http://localhost/sass-wp/obituario/clara-moreno-flores/</link>
		<pubDate>Mon, 01 Feb 2021 23:58:00 +0000</pubDate>
		<dc:creator><![CDATA[webmaster]]></dc:creator>
		<guid isPermaLink="false">http://valparaiso.com.mx/?post_type=valpa_obituario_pt&#038;p=9547</guid>
		<description></description>
		<content:encoded><![CDATA["A pesar de no estar presente, en cuerpo tu estarÃ¡s con nosotros, presente en nuestros corazones."]]></content:encoded>
		<excerpt:encoded><![CDATA[]]></excerpt:encoded>
		<wp:post_id>9547</wp:post_id>
		<wp:post_date><![CDATA[2021-02-01 23:58:00]]></wp:post_date>
		<wp:post_date_gmt><![CDATA[2021-02-01 23:58:00]]></wp:post_date_gmt>
		<wp:post_modified><![CDATA[2021-02-01 23:58:00]]></wp:post_modified>
		<wp:post_modified_gmt><![CDATA[2021-02-01 23:58:00]]></wp:post_modified_gmt>
		<wp:comment_status><![CDATA[open]]></wp:comment_status>
		<wp:ping_status><![CDATA[closed]]></wp:ping_status>
		<wp:post_name><![CDATA[clara-moreno-flores]]></wp:post_name>
		<wp:status><![CDATA[publish]]></wp:status>
		<wp:post_parent>0</wp:post_parent>
		<wp:menu_order>0</wp:menu_order>
		<wp:post_type><![CDATA[valpa_obituario_pt]]></wp:post_type>
		<wp:post_password><![CDATA[]]></wp:post_password>
		<wp:is_sticky>0</wp:is_sticky>
														<wp:postmeta>
		<wp:meta_key><![CDATA[_edit_last]]></wp:meta_key>
		<wp:meta_value><![CDATA[1]]></wp:meta_value>
		</wp:postmeta>
							<wp:postmeta>
		<wp:meta_key><![CDATA[_thumbnail_id]]></wp:meta_key>
		<wp:meta_value><![CDATA[9551]]></wp:meta_value>
		</wp:postmeta>
							<wp:postmeta>
		<wp:meta_key><![CDATA[sucursal_relacionada_meta]]></wp:meta_key>
		<wp:meta_value><![CDATA[a:1:{i:0;s:2:"22";}]]></wp:meta_value>
		</wp:postmeta>
							<wp:postmeta>
		<wp:meta_key><![CDATA[valpa_no_homenaje_meta]]></wp:meta_key>
		<wp:meta_value><![CDATA[1056]]></wp:meta_value>
		</wp:postmeta>
							<wp:postmeta>
		<wp:meta_key><![CDATA[valpa_nacimiento_dia_meta]]></wp:meta_key>
		<wp:meta_value><![CDATA[12]]></wp:meta_value>
		</wp:postmeta>
							<wp:postmeta>
		<wp:meta_key><![CDATA[valpa_nacimiento_mes_meta]]></wp:meta_key>
		<wp:meta_value><![CDATA[08]]></wp:meta_value>
		</wp:postmeta>
							<wp:postmeta>
		<wp:meta_key><![CDATA[valpa_nacimiento_ano_meta]]></wp:meta_key>
		<wp:meta_value><![CDATA[1961]]></wp:meta_value>
		</wp:postmeta>
							<wp:postmeta>
		<wp:meta_key><![CDATA[post_views_count]]></wp:meta_key>
		<wp:meta_value><![CDATA[201]]></wp:meta_value>
		</wp:postmeta>
							<wp:postmeta>
		<wp:meta_key><![CDATA[num_velas_meta]]></wp:meta_key>
		<wp:meta_value><![CDATA[7]]></wp:meta_value>
		</wp:postmeta>
							<wp:postmeta>
		<wp:meta_key><![CDATA[num_recuerdos_meta]]></wp:meta_key>
		<wp:meta_value><![CDATA[1]]></wp:meta_value>
		</wp:postmeta>
							</item>
					<item>
		<title><![CDATA[Melody Abigail PÃ©rez SÃ¡nchez]]></title>
		<link>http://localhost/sass-wp/obituario/melody-abigail-perez-sanchez/</link>
		<pubDate>Tue, 02 Feb 2021 00:25:16 +0000</pubDate>
		<dc:creator><![CDATA[webmaster]]></dc:creator>
		<guid isPermaLink="false">http://valparaiso.com.mx/?post_type=valpa_obituario_pt&#038;p=9562</guid>
		<description></description>
		<content:encoded><![CDATA[Hoy maÃ±ana y siempre
elevo mis oraciones
clamando por tu alma,
que estÃ©s en aquel lugar
bello, junto con el creador.
Al igual le pido fuerzas
para lidiar con todo esto,
que nada ha sido igual sin ti.
Hoy, mando mi cariÃ±o,
mi amor donde quiera
que estÃ©s desde el mÃ¡s allÃ¡.
Â¡Nunca te olvidarÃ©!]]></content:encoded>
		<excerpt:encoded><![CDATA[]]></excerpt:encoded>
		<wp:post_id>9562</wp:post_id>
		<wp:post_date><![CDATA[2021-02-02 00:25:16]]></wp:post_date>
		<wp:post_date_gmt><![CDATA[2021-02-02 00:25:16]]></wp:post_date_gmt>
		<wp:post_modified><![CDATA[2021-02-02 00:25:16]]></wp:post_modified>
		<wp:post_modified_gmt><![CDATA[2021-02-02 00:25:16]]></wp:post_modified_gmt>
		<wp:comment_status><![CDATA[open]]></wp:comment_status>
		<wp:ping_status><![CDATA[closed]]></wp:ping_status>
		<wp:post_name><![CDATA[melody-abigail-perez-sanchez]]></wp:post_name>
		<wp:status><![CDATA[publish]]></wp:status>
		<wp:post_parent>0</wp:post_parent>
		<wp:menu_order>0</wp:menu_order>
		<wp:post_type><![CDATA[valpa_obituario_pt]]></wp:post_type>
		<wp:post_password><![CDATA[]]></wp:post_password>
		<wp:is_sticky>0</wp:is_sticky>
														<wp:postmeta>
		<wp:meta_key><![CDATA[_edit_last]]></wp:meta_key>
		<wp:meta_value><![CDATA[1]]></wp:meta_value>
		</wp:postmeta>
							<wp:postmeta>
		<wp:meta_key><![CDATA[sucursal_relacionada_meta]]></wp:meta_key>
		<wp:meta_value><![CDATA[a:1:{i:0;s:2:"22";}]]></wp:meta_value>
		</wp:postmeta>
							<wp:postmeta>
		<wp:meta_key><![CDATA[valpa_no_homenaje_meta]]></wp:meta_key>
		<wp:meta_value><![CDATA[0020001005]]></wp:meta_value>
		</wp:postmeta>
							<wp:postmeta>
		<wp:meta_key><![CDATA[valpa_nacimiento_dia_meta]]></wp:meta_key>
		<wp:meta_value><![CDATA[15]]></wp:meta_value>
		</wp:postmeta>
							<wp:postmeta>
		<wp:meta_key><![CDATA[valpa_nacimiento_mes_meta]]></wp:meta_key>
		<wp:meta_value><![CDATA[12]]></wp:meta_value>
		</wp:postmeta>
							<wp:postmeta>
		<wp:meta_key><![CDATA[valpa_nacimiento_ano_meta]]></wp:meta_key>
		<wp:meta_value><![CDATA[1993]]></wp:meta_value>
		</wp:postmeta>
							<wp:postmeta>
		<wp:meta_key><![CDATA[_thumbnail_id]]></wp:meta_key>
		<wp:meta_value><![CDATA[9563]]></wp:meta_value>
		</wp:postmeta>
							<wp:postmeta>
		<wp:meta_key><![CDATA[post_views_count]]></wp:meta_key>
		<wp:meta_value><![CDATA[185]]></wp:meta_value>
		</wp:postmeta>
							<wp:postmeta>
		<wp:meta_key><![CDATA[num_velas_meta]]></wp:meta_key>
		<wp:meta_value><![CDATA[4]]></wp:meta_value>
		</wp:postmeta>
							<wp:postmeta>
		<wp:meta_key><![CDATA[num_recuerdos_meta]]></wp:meta_key>
		<wp:meta_value><![CDATA[2]]></wp:meta_value>
		</wp:postmeta>
							</item>
					<item>
		<title><![CDATA[Fructuoso Malvaez Malvaez]]></title>
		<link>http://localhost/sass-wp/obituario/fructuoso-malvaes-malvaes/</link>
		<pubDate>Tue, 02 Feb 2021 03:41:33 +0000</pubDate>
		<dc:creator><![CDATA[webmaster]]></dc:creator>
		<guid isPermaLink="false">http://valparaiso.com.mx/?post_type=valpa_obituario_pt&#038;p=9627</guid>
		<description></description>
		<content:encoded><![CDATA[Te nos adelantaste papÃ¡.Â  Gracias por tantas enseÃ±anzas, tantos momentos a tu lado: no te digo adiÃ³s, por que siempre te llevarÃ© en mi corazÃ³n. Descansa en paz.]]></content:encoded>
		<excerpt:encoded><![CDATA[]]></excerpt:encoded>
		<wp:post_id>9627</wp:post_id>
		<wp:post_date><![CDATA[2021-02-02 03:41:33]]></wp:post_date>
		<wp:post_date_gmt><![CDATA[2021-02-02 03:41:33]]></wp:post_date_gmt>
		<wp:post_modified><![CDATA[2021-02-02 03:41:33]]></wp:post_modified>
		<wp:post_modified_gmt><![CDATA[2021-02-02 03:41:33]]></wp:post_modified_gmt>
		<wp:comment_status><![CDATA[open]]></wp:comment_status>
		<wp:ping_status><![CDATA[closed]]></wp:ping_status>
		<wp:post_name><![CDATA[fructuoso-malvaes-malvaes]]></wp:post_name>
		<wp:status><![CDATA[publish]]></wp:status>
		<wp:post_parent>0</wp:post_parent>
		<wp:menu_order>0</wp:menu_order>
		<wp:post_type><![CDATA[valpa_obituario_pt]]></wp:post_type>
		<wp:post_password><![CDATA[]]></wp:post_password>
		<wp:is_sticky>0</wp:is_sticky>
														<wp:postmeta>
		<wp:meta_key><![CDATA[_edit_last]]></wp:meta_key>
		<wp:meta_value><![CDATA[1]]></wp:meta_value>
		</wp:postmeta>
							<wp:postmeta>
		<wp:meta_key><![CDATA[_thumbnail_id]]></wp:meta_key>
		<wp:meta_value><![CDATA[9609]]></wp:meta_value>
		</wp:postmeta>
							<wp:postmeta>
		<wp:meta_key><![CDATA[sucursal_relacionada_meta]]></wp:meta_key>
		<wp:meta_value><![CDATA[a:1:{i:0;s:2:"22";}]]></wp:meta_value>
		</wp:postmeta>
							<wp:postmeta>
		<wp:meta_key><![CDATA[valpa_no_homenaje_meta]]></wp:meta_key>
		<wp:meta_value><![CDATA[0020001057]]></wp:meta_value>
		</wp:postmeta>
							<wp:postmeta>
		<wp:meta_key><![CDATA[servicio_relacionado_meta]]></wp:meta_key>
		<wp:meta_value><![CDATA[a:1:{i:0;s:8:"Sucursal";}]]></wp:meta_value>
		</wp:postmeta>
							<wp:postmeta>
		<wp:meta_key><![CDATA[valpa_nacimiento_dia_meta]]></wp:meta_key>
		<wp:meta_value><![CDATA[21]]></wp:meta_value>
		</wp:postmeta>
							<wp:postmeta>
		<wp:meta_key><![CDATA[valpa_nacimiento_mes_meta]]></wp:meta_key>
		<wp:meta_value><![CDATA[01]]></wp:meta_value>
		</wp:postmeta>
							<wp:postmeta>
		<wp:meta_key><![CDATA[valpa_nacimiento_ano_meta]]></wp:meta_key>
		<wp:meta_value><![CDATA[1959]]></wp:meta_value>
		</wp:postmeta>
							<wp:postmeta>
		<wp:meta_key><![CDATA[post_views_count]]></wp:meta_key>
		<wp:meta_value><![CDATA[260]]></wp:meta_value>
		</wp:postmeta>
							<wp:postmeta>
		<wp:meta_key><![CDATA[num_velas_meta]]></wp:meta_key>
		<wp:meta_value><![CDATA[11]]></wp:meta_value>
		</wp:postmeta>
							<wp:postmeta>
		<wp:meta_key><![CDATA[num_recuerdos_meta]]></wp:meta_key>
		<wp:meta_value><![CDATA[12]]></wp:meta_value>
		</wp:postmeta>
							</item>
					<item>
		<title><![CDATA[BelÃ©m JuÃ¡rez Bueno]]></title>
		<link>http://localhost/sass-wp/obituario/belen-juarez-bueno/</link>
		<pubDate>Tue, 02 Feb 2021 04:33:35 +0000</pubDate>
		<dc:creator><![CDATA[webmaster]]></dc:creator>
		<guid isPermaLink="false">http://valparaiso.com.mx/?post_type=valpa_obituario_pt&#038;p=9647</guid>
		<description></description>
		<content:encoded><![CDATA[En todo momento caminarÃ¡s con nosotros.]]></content:encoded>
		<excerpt:encoded><![CDATA[]]></excerpt:encoded>
		<wp:post_id>9647</wp:post_id>
		<wp:post_date><![CDATA[2021-02-02 04:33:35]]></wp:post_date>
		<wp:post_date_gmt><![CDATA[2021-02-02 04:33:35]]></wp:post_date_gmt>
		<wp:post_modified><![CDATA[2021-02-02 04:33:35]]></wp:post_modified>
		<wp:post_modified_gmt><![CDATA[2021-02-02 04:33:35]]></wp:post_modified_gmt>
		<wp:comment_status><![CDATA[open]]></wp:comment_status>
		<wp:ping_status><![CDATA[closed]]></wp:ping_status>
		<wp:post_name><![CDATA[belen-juarez-bueno]]></wp:post_name>
		<wp:status><![CDATA[publish]]></wp:status>
		<wp:post_parent>0</wp:post_parent>
		<wp:menu_order>0</wp:menu_order>
		<wp:post_type><![CDATA[valpa_obituario_pt]]></wp:post_type>
		<wp:post_password><![CDATA[]]></wp:post_password>
		<wp:is_sticky>0</wp:is_sticky>
														<wp:postmeta>
		<wp:meta_key><![CDATA[_edit_last]]></wp:meta_key>
		<wp:meta_value><![CDATA[1]]></wp:meta_value>
		</wp:postmeta>
							<wp:postmeta>
		<wp:meta_key><![CDATA[sucursal_relacionada_meta]]></wp:meta_key>
		<wp:meta_value><![CDATA[a:1:{i:0;s:2:"22";}]]></wp:meta_value>
		</wp:postmeta>
							<wp:postmeta>
		<wp:meta_key><![CDATA[valpa_no_homenaje_meta]]></wp:meta_key>
		<wp:meta_value><![CDATA[]]></wp:meta_value>
		</wp:postmeta>
							<wp:postmeta>
		<wp:meta_key><![CDATA[servicio_relacionado_meta]]></wp:meta_key>
		<wp:meta_value><![CDATA[a:1:{i:0;s:8:"Sucursal";}]]></wp:meta_value>
		</wp:postmeta>
							<wp:postmeta>
		<wp:meta_key><![CDATA[valpa_nacimiento_dia_meta]]></wp:meta_key>
		<wp:meta_value><![CDATA[27]]></wp:meta_value>
		</wp:postmeta>
							<wp:postmeta>
		<wp:meta_key><![CDATA[valpa_nacimiento_mes_meta]]></wp:meta_key>
		<wp:meta_value><![CDATA[01]]></wp:meta_value>
		</wp:postmeta>
							<wp:postmeta>
		<wp:meta_key><![CDATA[valpa_nacimiento_ano_meta]]></wp:meta_key>
		<wp:meta_value><![CDATA[1957]]></wp:meta_value>
		</wp:postmeta>
							<wp:postmeta>
		<wp:meta_key><![CDATA[post_views_count]]></wp:meta_key>
		<wp:meta_value><![CDATA[256]]></wp:meta_value>
		</wp:postmeta>
							<wp:postmeta>
		<wp:meta_key><![CDATA[_thumbnail_id]]></wp:meta_key>
		<wp:meta_value><![CDATA[9669]]></wp:meta_value>
		</wp:postmeta>
							<wp:postmeta>
		<wp:meta_key><![CDATA[num_velas_meta]]></wp:meta_key>
		<wp:meta_value><![CDATA[14]]></wp:meta_value>
		</wp:postmeta>
							<wp:postmeta>
		<wp:meta_key><![CDATA[num_recuerdos_meta]]></wp:meta_key>
		<wp:meta_value><![CDATA[12]]></wp:meta_value>
		</wp:postmeta>
							</item>
					<item>
		<title><![CDATA[Javier Miranda Ãlvarez]]></title>
		<link>http://localhost/sass-wp/obituario/javier-miranda-alvarez/</link>
		<pubDate>Tue, 02 Feb 2021 08:01:28 +0000</pubDate>
		<dc:creator><![CDATA[webmaster]]></dc:creator>
		<guid isPermaLink="false">http://valparaiso.com.mx/?post_type=valpa_obituario_pt&#038;p=9692</guid>
		<description></description>
		<content:encoded><![CDATA[Â¡Buenos dÃ­as mi gente! Que Dios los bendiga.]]></content:encoded>
		<excerpt:encoded><![CDATA[]]></excerpt:encoded>
		<wp:post_id>9692</wp:post_id>
		<wp:post_date><![CDATA[2021-02-02 08:01:28]]></wp:post_date>
		<wp:post_date_gmt><![CDATA[2021-02-02 08:01:28]]></wp:post_date_gmt>
		<wp:post_modified><![CDATA[2021-02-02 08:01:28]]></wp:post_modified>
		<wp:post_modified_gmt><![CDATA[2021-02-02 08:01:28]]></wp:post_modified_gmt>
		<wp:comment_status><![CDATA[open]]></wp:comment_status>
		<wp:ping_status><![CDATA[closed]]></wp:ping_status>
		<wp:post_name><![CDATA[javier-miranda-alvarez]]></wp:post_name>
		<wp:status><![CDATA[publish]]></wp:status>
		<wp:post_parent>0</wp:post_parent>
		<wp:menu_order>0</wp:menu_order>
		<wp:post_type><![CDATA[valpa_obituario_pt]]></wp:post_type>
		<wp:post_password><![CDATA[]]></wp:post_password>
		<wp:is_sticky>0</wp:is_sticky>
														<wp:postmeta>
		<wp:meta_key><![CDATA[_edit_last]]></wp:meta_key>
		<wp:meta_value><![CDATA[1]]></wp:meta_value>
		</wp:postmeta>
							<wp:postmeta>
		<wp:meta_key><![CDATA[sucursal_relacionada_meta]]></wp:meta_key>
		<wp:meta_value><![CDATA[a:1:{i:0;s:2:"22";}]]></wp:meta_value>
		</wp:postmeta>
							<wp:postmeta>
		<wp:meta_key><![CDATA[valpa_no_homenaje_meta]]></wp:meta_key>
		<wp:meta_value><![CDATA[]]></wp:meta_value>
		</wp:postmeta>
							<wp:postmeta>
		<wp:meta_key><![CDATA[servicio_relacionado_meta]]></wp:meta_key>
		<wp:meta_value><![CDATA[a:1:{i:0;s:8:"Sucursal";}]]></wp:meta_value>
		</wp:postmeta>
							<wp:postmeta>
		<wp:meta_key><![CDATA[valpa_nacimiento_dia_meta]]></wp:meta_key>
		<wp:meta_value><![CDATA[30]]></wp:meta_value>
		</wp:postmeta>
							<wp:postmeta>
		<wp:meta_key><![CDATA[valpa_nacimiento_mes_meta]]></wp:meta_key>
		<wp:meta_value><![CDATA[06]]></wp:meta_value>
		</wp:postmeta>
							<wp:postmeta>
		<wp:meta_key><![CDATA[valpa_nacimiento_ano_meta]]></wp:meta_key>
		<wp:meta_value><![CDATA[1969]]></wp:meta_value>
		</wp:postmeta>
							<wp:postmeta>
		<wp:meta_key><![CDATA[post_views_count]]></wp:meta_key>
		<wp:meta_value><![CDATA[456]]></wp:meta_value>
		</wp:postmeta>
							<wp:postmeta>
		<wp:meta_key><![CDATA[_thumbnail_id]]></wp:meta_key>
		<wp:meta_value><![CDATA[9710]]></wp:meta_value>
		</wp:postmeta>
							<wp:postmeta>
		<wp:meta_key><![CDATA[num_velas_meta]]></wp:meta_key>
		<wp:meta_value><![CDATA[18]]></wp:meta_value>
		</wp:postmeta>
							<wp:postmeta>
		<wp:meta_key><![CDATA[num_recuerdos_meta]]></wp:meta_key>
		<wp:meta_value><![CDATA[5]]></wp:meta_value>
		</wp:postmeta>
							</item>
					<item>
		<title><![CDATA[RubÃ©n GonzÃ¡lez Estrada]]></title>
		<link>http://localhost/sass-wp/obituario/ruben-gonzalez-estrada/</link>
		<pubDate>Tue, 02 Feb 2021 18:13:49 +0000</pubDate>
		<dc:creator><![CDATA[webmaster]]></dc:creator>
		<guid isPermaLink="false">http://valparaiso.com.mx/?post_type=valpa_obituario_pt&#038;p=9747</guid>
		<description></description>
		<content:encoded><![CDATA["A pesar de no estar presente en cuerpo, estarÃ¡s por siempre en nuestros corazones."]]></content:encoded>
		<excerpt:encoded><![CDATA[]]></excerpt:encoded>
		<wp:post_id>9747</wp:post_id>
		<wp:post_date><![CDATA[2021-02-02 18:13:49]]></wp:post_date>
		<wp:post_date_gmt><![CDATA[2021-02-02 18:13:49]]></wp:post_date_gmt>
		<wp:post_modified><![CDATA[2021-02-02 18:13:49]]></wp:post_modified>
		<wp:post_modified_gmt><![CDATA[2021-02-02 18:13:49]]></wp:post_modified_gmt>
		<wp:comment_status><![CDATA[open]]></wp:comment_status>
		<wp:ping_status><![CDATA[closed]]></wp:ping_status>
		<wp:post_name><![CDATA[ruben-gonzalez-estrada]]></wp:post_name>
		<wp:status><![CDATA[publish]]></wp:status>
		<wp:post_parent>0</wp:post_parent>
		<wp:menu_order>0</wp:menu_order>
		<wp:post_type><![CDATA[valpa_obituario_pt]]></wp:post_type>
		<wp:post_password><![CDATA[]]></wp:post_password>
		<wp:is_sticky>0</wp:is_sticky>
														<wp:postmeta>
		<wp:meta_key><![CDATA[_edit_last]]></wp:meta_key>
		<wp:meta_value><![CDATA[1]]></wp:meta_value>
		</wp:postmeta>
							<wp:postmeta>
		<wp:meta_key><![CDATA[post_views_count]]></wp:meta_key>
		<wp:meta_value><![CDATA[896]]></wp:meta_value>
		</wp:postmeta>
							<wp:postmeta>
		<wp:meta_key><![CDATA[_thumbnail_id]]></wp:meta_key>
		<wp:meta_value><![CDATA[9759]]></wp:meta_value>
		</wp:postmeta>
							<wp:postmeta>
		<wp:meta_key><![CDATA[sucursal_relacionada_meta]]></wp:meta_key>
		<wp:meta_value><![CDATA[a:1:{i:0;s:2:"22";}]]></wp:meta_value>
		</wp:postmeta>
							<wp:postmeta>
		<wp:meta_key><![CDATA[valpa_no_homenaje_meta]]></wp:meta_key>
		<wp:meta_value><![CDATA[1062]]></wp:meta_value>
		</wp:postmeta>
							<wp:postmeta>
		<wp:meta_key><![CDATA[valpa_nacimiento_dia_meta]]></wp:meta_key>
		<wp:meta_value><![CDATA[19]]></wp:meta_value>
		</wp:postmeta>
							<wp:postmeta>
		<wp:meta_key><![CDATA[valpa_nacimiento_mes_meta]]></wp:meta_key>
		<wp:meta_value><![CDATA[12]]></wp:meta_value>
		</wp:postmeta>
							<wp:postmeta>
		<wp:meta_key><![CDATA[valpa_nacimiento_ano_meta]]></wp:meta_key>
		<wp:meta_value><![CDATA[1969]]></wp:meta_value>
		</wp:postmeta>
							<wp:postmeta>
		<wp:meta_key><![CDATA[num_velas_meta]]></wp:meta_key>
		<wp:meta_value><![CDATA[53]]></wp:meta_value>
		</wp:postmeta>
							<wp:postmeta>
		<wp:meta_key><![CDATA[num_recuerdos_meta]]></wp:meta_key>
		<wp:meta_value><![CDATA[12]]></wp:meta_value>
		</wp:postmeta>
							</item>
					<item>
		<title><![CDATA[Rosa MarÃ­a Escalera GonzÃ¡lez]]></title>
		<link>http://localhost/sass-wp/obituario/rosa-maria-escalera-gonzalez/</link>
		<pubDate>Tue, 02 Feb 2021 22:05:38 +0000</pubDate>
		<dc:creator><![CDATA[webmaster]]></dc:creator>
		<guid isPermaLink="false">http://valparaiso.com.mx/?post_type=valpa_obituario_pt&#038;p=9816</guid>
		<description></description>
		<content:encoded><![CDATA["Vuela, vuela mamita; eres libre como el viento... te vamos a extraÃ±ar
]]></content:encoded>
		<excerpt:encoded><![CDATA[]]></excerpt:encoded>
		<wp:post_id>9816</wp:post_id>
		<wp:post_date><![CDATA[2021-02-02 22:05:38]]></wp:post_date>
		<wp:post_date_gmt><![CDATA[2021-02-02 22:05:38]]></wp:post_date_gmt>
		<wp:post_modified><![CDATA[2021-02-02 22:05:38]]></wp:post_modified>
		<wp:post_modified_gmt><![CDATA[2021-02-02 22:05:38]]></wp:post_modified_gmt>
		<wp:comment_status><![CDATA[open]]></wp:comment_status>
		<wp:ping_status><![CDATA[closed]]></wp:ping_status>
		<wp:post_name><![CDATA[rosa-maria-escalera-gonzalez]]></wp:post_name>
		<wp:status><![CDATA[publish]]></wp:status>
		<wp:post_parent>0</wp:post_parent>
		<wp:menu_order>0</wp:menu_order>
		<wp:post_type><![CDATA[valpa_obituario_pt]]></wp:post_type>
		<wp:post_password><![CDATA[]]></wp:post_password>
		<wp:is_sticky>0</wp:is_sticky>
														<wp:postmeta>
		<wp:meta_key><![CDATA[_edit_last]]></wp:meta_key>
		<wp:meta_value><![CDATA[1]]></wp:meta_value>
		</wp:postmeta>
							<wp:postmeta>
		<wp:meta_key><![CDATA[sucursal_relacionada_meta]]></wp:meta_key>
		<wp:meta_value><![CDATA[a:1:{i:0;s:2:"22";}]]></wp:meta_value>
		</wp:postmeta>
							<wp:postmeta>
		<wp:meta_key><![CDATA[valpa_no_homenaje_meta]]></wp:meta_key>
		<wp:meta_value><![CDATA[]]></wp:meta_value>
		</wp:postmeta>
							<wp:postmeta>
		<wp:meta_key><![CDATA[valpa_nacimiento_dia_meta]]></wp:meta_key>
		<wp:meta_value><![CDATA[12]]></wp:meta_value>
		</wp:postmeta>
							<wp:postmeta>
		<wp:meta_key><![CDATA[valpa_nacimiento_mes_meta]]></wp:meta_key>
		<wp:meta_value><![CDATA[05]]></wp:meta_value>
		</wp:postmeta>
							<wp:postmeta>
		<wp:meta_key><![CDATA[valpa_nacimiento_ano_meta]]></wp:meta_key>
		<wp:meta_value><![CDATA[1965]]></wp:meta_value>
		</wp:postmeta>
							<wp:postmeta>
		<wp:meta_key><![CDATA[post_views_count]]></wp:meta_key>
		<wp:meta_value><![CDATA[582]]></wp:meta_value>
		</wp:postmeta>
							<wp:postmeta>
		<wp:meta_key><![CDATA[_thumbnail_id]]></wp:meta_key>
		<wp:meta_value><![CDATA[9839]]></wp:meta_value>
		</wp:postmeta>
							<wp:postmeta>
		<wp:meta_key><![CDATA[num_velas_meta]]></wp:meta_key>
		<wp:meta_value><![CDATA[26]]></wp:meta_value>
		</wp:postmeta>
							<wp:postmeta>
		<wp:meta_key><![CDATA[num_recuerdos_meta]]></wp:meta_key>
		<wp:meta_value><![CDATA[1]]></wp:meta_value>
		</wp:postmeta>
							</item>
					<item>
		<title><![CDATA[Rosa MarÃ­a DÃ­az ColÃ­n]]></title>
		<link>http://localhost/sass-wp/obituario/rosa-maria-diaz-colin/</link>
		<pubDate>Tue, 02 Feb 2021 22:23:56 +0000</pubDate>
		<dc:creator><![CDATA[webmaster]]></dc:creator>
		<guid isPermaLink="false">http://valparaiso.com.mx/?post_type=valpa_obituario_pt&#038;p=9849</guid>
		<description></description>
		<content:encoded><![CDATA["Porque eras una niÃ±a en un cuerpo de adulto."]]></content:encoded>
		<excerpt:encoded><![CDATA[]]></excerpt:encoded>
		<wp:post_id>9849</wp:post_id>
		<wp:post_date><![CDATA[2021-02-02 22:23:56]]></wp:post_date>
		<wp:post_date_gmt><![CDATA[2021-02-02 22:23:56]]></wp:post_date_gmt>
		<wp:post_modified><![CDATA[2021-02-02 22:23:56]]></wp:post_modified>
		<wp:post_modified_gmt><![CDATA[2021-02-02 22:23:56]]></wp:post_modified_gmt>
		<wp:comment_status><![CDATA[open]]></wp:comment_status>
		<wp:ping_status><![CDATA[closed]]></wp:ping_status>
		<wp:post_name><![CDATA[rosa-maria-diaz-colin]]></wp:post_name>
		<wp:status><![CDATA[publish]]></wp:status>
		<wp:post_parent>0</wp:post_parent>
		<wp:menu_order>0</wp:menu_order>
		<wp:post_type><![CDATA[valpa_obituario_pt]]></wp:post_type>
		<wp:post_password><![CDATA[]]></wp:post_password>
		<wp:is_sticky>0</wp:is_sticky>
														<wp:postmeta>
		<wp:meta_key><![CDATA[_edit_last]]></wp:meta_key>
		<wp:meta_value><![CDATA[1]]></wp:meta_value>
		</wp:postmeta>
							<wp:postmeta>
		<wp:meta_key><![CDATA[post_views_count]]></wp:meta_key>
		<wp:meta_value><![CDATA[72]]></wp:meta_value>
		</wp:postmeta>
							<wp:postmeta>
		<wp:meta_key><![CDATA[sucursal_relacionada_meta]]></wp:meta_key>
		<wp:meta_value><![CDATA[a:1:{i:0;s:2:"22";}]]></wp:meta_value>
		</wp:postmeta>
							<wp:postmeta>
		<wp:meta_key><![CDATA[valpa_no_homenaje_meta]]></wp:meta_key>
		<wp:meta_value><![CDATA[]]></wp:meta_value>
		</wp:postmeta>
							<wp:postmeta>
		<wp:meta_key><![CDATA[valpa_nacimiento_dia_meta]]></wp:meta_key>
		<wp:meta_value><![CDATA[20]]></wp:meta_value>
		</wp:postmeta>
							<wp:postmeta>
		<wp:meta_key><![CDATA[valpa_nacimiento_mes_meta]]></wp:meta_key>
		<wp:meta_value><![CDATA[05]]></wp:meta_value>
		</wp:postmeta>
							<wp:postmeta>
		<wp:meta_key><![CDATA[valpa_nacimiento_ano_meta]]></wp:meta_key>
		<wp:meta_value><![CDATA[1966]]></wp:meta_value>
		</wp:postmeta>
							<wp:postmeta>
		<wp:meta_key><![CDATA[_thumbnail_id]]></wp:meta_key>
		<wp:meta_value><![CDATA[9862]]></wp:meta_value>
		</wp:postmeta>
							<wp:postmeta>
		<wp:meta_key><![CDATA[num_velas_meta]]></wp:meta_key>
		<wp:meta_value><![CDATA[1]]></wp:meta_value>
		</wp:postmeta>
							</item>
					<item>
		<title><![CDATA[Pedro Villa Quezada]]></title>
		<link>http://localhost/sass-wp/obituario/pedro-villa-quezada/</link>
		<pubDate>Wed, 03 Feb 2021 03:00:03 +0000</pubDate>
		<dc:creator><![CDATA[webmaster]]></dc:creator>
		<guid isPermaLink="false">http://valparaiso.com.mx/?post_type=valpa_obituario_pt&#038;p=9959</guid>
		<description></description>
		<content:encoded><![CDATA["Si vas a hacer las cosas bien, hazlas bien para que no seas un macuarro como yo"]]></content:encoded>
		<excerpt:encoded><![CDATA[]]></excerpt:encoded>
		<wp:post_id>9959</wp:post_id>
		<wp:post_date><![CDATA[2021-02-03 03:00:03]]></wp:post_date>
		<wp:post_date_gmt><![CDATA[2021-02-03 03:00:03]]></wp:post_date_gmt>
		<wp:post_modified><![CDATA[2021-02-03 03:00:03]]></wp:post_modified>
		<wp:post_modified_gmt><![CDATA[2021-02-03 03:00:03]]></wp:post_modified_gmt>
		<wp:comment_status><![CDATA[open]]></wp:comment_status>
		<wp:ping_status><![CDATA[closed]]></wp:ping_status>
		<wp:post_name><![CDATA[pedro-villa-quezada]]></wp:post_name>
		<wp:status><![CDATA[publish]]></wp:status>
		<wp:post_parent>0</wp:post_parent>
		<wp:menu_order>0</wp:menu_order>
		<wp:post_type><![CDATA[valpa_obituario_pt]]></wp:post_type>
		<wp:post_password><![CDATA[]]></wp:post_password>
		<wp:is_sticky>0</wp:is_sticky>
														<wp:postmeta>
		<wp:meta_key><![CDATA[_edit_last]]></wp:meta_key>
		<wp:meta_value><![CDATA[1]]></wp:meta_value>
		</wp:postmeta>
							<wp:postmeta>
		<wp:meta_key><![CDATA[valpa_no_homenaje_meta]]></wp:meta_key>
		<wp:meta_value><![CDATA[]]></wp:meta_value>
		</wp:postmeta>
							<wp:postmeta>
		<wp:meta_key><![CDATA[valpa_nacimiento_dia_meta]]></wp:meta_key>
		<wp:meta_value><![CDATA[11]]></wp:meta_value>
		</wp:postmeta>
							<wp:postmeta>
		<wp:meta_key><![CDATA[valpa_nacimiento_mes_meta]]></wp:meta_key>
		<wp:meta_value><![CDATA[8]]></wp:meta_value>
		</wp:postmeta>
							<wp:postmeta>
		<wp:meta_key><![CDATA[valpa_nacimiento_ano_meta]]></wp:meta_key>
		<wp:meta_value><![CDATA[1953]]></wp:meta_value>
		</wp:postmeta>
							<wp:postmeta>
		<wp:meta_key><![CDATA[post_views_count]]></wp:meta_key>
		<wp:meta_value><![CDATA[211]]></wp:meta_value>
		</wp:postmeta>
							<wp:postmeta>
		<wp:meta_key><![CDATA[_thumbnail_id]]></wp:meta_key>
		<wp:meta_value><![CDATA[9986]]></wp:meta_value>
		</wp:postmeta>
							<wp:postmeta>
		<wp:meta_key><![CDATA[sucursal_relacionada_meta]]></wp:meta_key>
		<wp:meta_value><![CDATA[a:1:{i:0;s:2:"22";}]]></wp:meta_value>
		</wp:postmeta>
							<wp:postmeta>
		<wp:meta_key><![CDATA[servicio_relacionado_meta]]></wp:meta_key>
		<wp:meta_value><![CDATA[a:1:{i:0;s:8:"Sucursal";}]]></wp:meta_value>
		</wp:postmeta>
							<wp:postmeta>
		<wp:meta_key><![CDATA[num_velas_meta]]></wp:meta_key>
		<wp:meta_value><![CDATA[10]]></wp:meta_value>
		</wp:postmeta>
							<wp:postmeta>
		<wp:meta_key><![CDATA[num_recuerdos_meta]]></wp:meta_key>
		<wp:meta_value><![CDATA[1]]></wp:meta_value>
		</wp:postmeta>
							</item>
					<item>
		<title><![CDATA[Patricia FalcÃ³n Carte]]></title>
		<link>http://localhost/sass-wp/obituario/patricia-falcon-carte/</link>
		<pubDate>Wed, 03 Feb 2021 16:53:27 +0000</pubDate>
		<dc:creator><![CDATA[webmaster]]></dc:creator>
		<guid isPermaLink="false">http://valparaiso.com.mx/?post_type=valpa_obituario_pt&#038;p=9994</guid>
		<description></description>
		<content:encoded><![CDATA["Te amaremos hoy maÃ±ana y siempre tus nietos te adoran."]]></content:encoded>
		<excerpt:encoded><![CDATA[]]></excerpt:encoded>
		<wp:post_id>9994</wp:post_id>
		<wp:post_date><![CDATA[2021-02-03 16:53:27]]></wp:post_date>
		<wp:post_date_gmt><![CDATA[2021-02-03 16:53:27]]></wp:post_date_gmt>
		<wp:post_modified><![CDATA[2021-02-03 16:53:27]]></wp:post_modified>
		<wp:post_modified_gmt><![CDATA[2021-02-03 16:53:27]]></wp:post_modified_gmt>
		<wp:comment_status><![CDATA[open]]></wp:comment_status>
		<wp:ping_status><![CDATA[closed]]></wp:ping_status>
		<wp:post_name><![CDATA[patricia-falcon-carte]]></wp:post_name>
		<wp:status><![CDATA[publish]]></wp:status>
		<wp:post_parent>0</wp:post_parent>
		<wp:menu_order>0</wp:menu_order>
		<wp:post_type><![CDATA[valpa_obituario_pt]]></wp:post_type>
		<wp:post_password><![CDATA[]]></wp:post_password>
		<wp:is_sticky>0</wp:is_sticky>
														<wp:postmeta>
		<wp:meta_key><![CDATA[_edit_last]]></wp:meta_key>
		<wp:meta_value><![CDATA[1]]></wp:meta_value>
		</wp:postmeta>
							<wp:postmeta>
		<wp:meta_key><![CDATA[post_views_count]]></wp:meta_key>
		<wp:meta_value><![CDATA[372]]></wp:meta_value>
		</wp:postmeta>
							<wp:postmeta>
		<wp:meta_key><![CDATA[_thumbnail_id]]></wp:meta_key>
		<wp:meta_value><![CDATA[10016]]></wp:meta_value>
		</wp:postmeta>
							<wp:postmeta>
		<wp:meta_key><![CDATA[sucursal_relacionada_meta]]></wp:meta_key>
		<wp:meta_value><![CDATA[a:1:{i:0;s:2:"22";}]]></wp:meta_value>
		</wp:postmeta>
							<wp:postmeta>
		<wp:meta_key><![CDATA[valpa_no_homenaje_meta]]></wp:meta_key>
		<wp:meta_value><![CDATA[1067]]></wp:meta_value>
		</wp:postmeta>
							<wp:postmeta>
		<wp:meta_key><![CDATA[servicio_relacionado_meta]]></wp:meta_key>
		<wp:meta_value><![CDATA[a:1:{i:0;s:8:"Sucursal";}]]></wp:meta_value>
		</wp:postmeta>
							<wp:postmeta>
		<wp:meta_key><![CDATA[valpa_nacimiento_dia_meta]]></wp:meta_key>
		<wp:meta_value><![CDATA[18]]></wp:meta_value>
		</wp:postmeta>
							<wp:postmeta>
		<wp:meta_key><![CDATA[valpa_nacimiento_mes_meta]]></wp:meta_key>
		<wp:meta_value><![CDATA[07]]></wp:meta_value>
		</wp:postmeta>
							<wp:postmeta>
		<wp:meta_key><![CDATA[valpa_nacimiento_ano_meta]]></wp:meta_key>
		<wp:meta_value><![CDATA[1957]]></wp:meta_value>
		</wp:postmeta>
							<wp:postmeta>
		<wp:meta_key><![CDATA[num_velas_meta]]></wp:meta_key>
		<wp:meta_value><![CDATA[16]]></wp:meta_value>
		</wp:postmeta>
							<wp:postmeta>
		<wp:meta_key><![CDATA[num_recuerdos_meta]]></wp:meta_key>
		<wp:meta_value><![CDATA[31]]></wp:meta_value>
		</wp:postmeta>
							</item>
					<item>
		<title><![CDATA[Rosalio Pacheco Cruz]]></title>
		<link>http://localhost/sass-wp/obituario/rosalio-pacheco-cruz/</link>
		<pubDate>Wed, 03 Feb 2021 18:21:39 +0000</pubDate>
		<dc:creator><![CDATA[webmaster]]></dc:creator>
		<guid isPermaLink="false">http://valparaiso.com.mx/?post_type=valpa_obituario_pt&#038;p=10023</guid>
		<description></description>
		<content:encoded><![CDATA["Padre, es largo y solitario el camino sin ti, pero te llevo en mis recuerdos, aunque no estÃ©s hoy conmigo."]]></content:encoded>
		<excerpt:encoded><![CDATA[]]></excerpt:encoded>
		<wp:post_id>10023</wp:post_id>
		<wp:post_date><![CDATA[2021-02-03 18:21:39]]></wp:post_date>
		<wp:post_date_gmt><![CDATA[2021-02-03 18:21:39]]></wp:post_date_gmt>
		<wp:post_modified><![CDATA[2021-02-03 18:21:39]]></wp:post_modified>
		<wp:post_modified_gmt><![CDATA[2021-02-03 18:21:39]]></wp:post_modified_gmt>
		<wp:comment_status><![CDATA[open]]></wp:comment_status>
		<wp:ping_status><![CDATA[closed]]></wp:ping_status>
		<wp:post_name><![CDATA[rosalio-pacheco-cruz]]></wp:post_name>
		<wp:status><![CDATA[publish]]></wp:status>
		<wp:post_parent>0</wp:post_parent>
		<wp:menu_order>0</wp:menu_order>
		<wp:post_type><![CDATA[valpa_obituario_pt]]></wp:post_type>
		<wp:post_password><![CDATA[]]></wp:post_password>
		<wp:is_sticky>0</wp:is_sticky>
														<wp:postmeta>
		<wp:meta_key><![CDATA[_edit_last]]></wp:meta_key>
		<wp:meta_value><![CDATA[1]]></wp:meta_value>
		</wp:postmeta>
							<wp:postmeta>
		<wp:meta_key><![CDATA[_thumbnail_id]]></wp:meta_key>
		<wp:meta_value><![CDATA[10034]]></wp:meta_value>
		</wp:postmeta>
							<wp:postmeta>
		<wp:meta_key><![CDATA[sucursal_relacionada_meta]]></wp:meta_key>
		<wp:meta_value><![CDATA[a:1:{i:0;s:2:"22";}]]></wp:meta_value>
		</wp:postmeta>
							<wp:postmeta>
		<wp:meta_key><![CDATA[valpa_no_homenaje_meta]]></wp:meta_key>
		<wp:meta_value><![CDATA[1058]]></wp:meta_value>
		</wp:postmeta>
							<wp:postmeta>
		<wp:meta_key><![CDATA[valpa_nacimiento_dia_meta]]></wp:meta_key>
		<wp:meta_value><![CDATA[04]]></wp:meta_value>
		</wp:postmeta>
							<wp:postmeta>
		<wp:meta_key><![CDATA[valpa_nacimiento_mes_meta]]></wp:meta_key>
		<wp:meta_value><![CDATA[09]]></wp:meta_value>
		</wp:postmeta>
							<wp:postmeta>
		<wp:meta_key><![CDATA[valpa_nacimiento_ano_meta]]></wp:meta_key>
		<wp:meta_value><![CDATA[1937]]></wp:meta_value>
		</wp:postmeta>
							<wp:postmeta>
		<wp:meta_key><![CDATA[post_views_count]]></wp:meta_key>
		<wp:meta_value><![CDATA[421]]></wp:meta_value>
		</wp:postmeta>
							<wp:postmeta>
		<wp:meta_key><![CDATA[num_velas_meta]]></wp:meta_key>
		<wp:meta_value><![CDATA[20]]></wp:meta_value>
		</wp:postmeta>
							<wp:postmeta>
		<wp:meta_key><![CDATA[num_recuerdos_meta]]></wp:meta_key>
		<wp:meta_value><![CDATA[6]]></wp:meta_value>
		</wp:postmeta>
							</item>
					<item>
		<title><![CDATA[Iker Hivanho HernÃ¡ndez Arzate]]></title>
		<link>http://localhost/sass-wp/obituario/iker-hivanho-hernandez-arzate/</link>
		<pubDate>Wed, 03 Feb 2021 18:49:53 +0000</pubDate>
		<dc:creator><![CDATA[webmaster]]></dc:creator>
		<guid isPermaLink="false">http://valparaiso.com.mx/?post_type=valpa_obituario_pt&#038;p=10046</guid>
		<description></description>
		<content:encoded><![CDATA[Â¡Â¡Siempre vivirÃ¡s en nuestros corazones!!]]></content:encoded>
		<excerpt:encoded><![CDATA[]]></excerpt:encoded>
		<wp:post_id>10046</wp:post_id>
		<wp:post_date><![CDATA[2021-02-03 18:49:53]]></wp:post_date>
		<wp:post_date_gmt><![CDATA[2021-02-03 18:49:53]]></wp:post_date_gmt>
		<wp:post_modified><![CDATA[2021-02-03 18:49:53]]></wp:post_modified>
		<wp:post_modified_gmt><![CDATA[2021-02-03 18:49:53]]></wp:post_modified_gmt>
		<wp:comment_status><![CDATA[open]]></wp:comment_status>
		<wp:ping_status><![CDATA[closed]]></wp:ping_status>
		<wp:post_name><![CDATA[iker-hivanho-hernandez-arzate]]></wp:post_name>
		<wp:status><![CDATA[publish]]></wp:status>
		<wp:post_parent>0</wp:post_parent>
		<wp:menu_order>0</wp:menu_order>
		<wp:post_type><![CDATA[valpa_obituario_pt]]></wp:post_type>
		<wp:post_password><![CDATA[]]></wp:post_password>
		<wp:is_sticky>0</wp:is_sticky>
														<wp:postmeta>
		<wp:meta_key><![CDATA[_edit_last]]></wp:meta_key>
		<wp:meta_value><![CDATA[1]]></wp:meta_value>
		</wp:postmeta>
							<wp:postmeta>
		<wp:meta_key><![CDATA[post_views_count]]></wp:meta_key>
		<wp:meta_value><![CDATA[78]]></wp:meta_value>
		</wp:postmeta>
							<wp:postmeta>
		<wp:meta_key><![CDATA[_thumbnail_id]]></wp:meta_key>
		<wp:meta_value><![CDATA[10054]]></wp:meta_value>
		</wp:postmeta>
							<wp:postmeta>
		<wp:meta_key><![CDATA[sucursal_relacionada_meta]]></wp:meta_key>
		<wp:meta_value><![CDATA[a:1:{i:0;s:2:"22";}]]></wp:meta_value>
		</wp:postmeta>
							<wp:postmeta>
		<wp:meta_key><![CDATA[valpa_no_homenaje_meta]]></wp:meta_key>
		<wp:meta_value><![CDATA[0020001006]]></wp:meta_value>
		</wp:postmeta>
							<wp:postmeta>
		<wp:meta_key><![CDATA[valpa_nacimiento_dia_meta]]></wp:meta_key>
		<wp:meta_value><![CDATA[04]]></wp:meta_value>
		</wp:postmeta>
							<wp:postmeta>
		<wp:meta_key><![CDATA[valpa_nacimiento_mes_meta]]></wp:meta_key>
		<wp:meta_value><![CDATA[04]]></wp:meta_value>
		</wp:postmeta>
							<wp:postmeta>
		<wp:meta_key><![CDATA[valpa_nacimiento_ano_meta]]></wp:meta_key>
		<wp:meta_value><![CDATA[1985]]></wp:meta_value>
		</wp:postmeta>
							<wp:postmeta>
		<wp:meta_key><![CDATA[num_velas_meta]]></wp:meta_key>
		<wp:meta_value><![CDATA[1]]></wp:meta_value>
		</wp:postmeta>
							</item>
					<item>
		<title><![CDATA[Perla Vera de la O]]></title>
		<link>http://localhost/sass-wp/obituario/perla-vera-de-la-o/</link>
		<pubDate>Tue, 02 Feb 2021 23:25:49 +0000</pubDate>
		<dc:creator><![CDATA[webmaster]]></dc:creator>
		<guid isPermaLink="false">http://valparaiso.com.mx/?post_type=valpa_obituario_pt&#038;p=10125</guid>
		<description></description>
		<content:encoded><![CDATA["Amada madre y abuela, estarÃ¡s siempre en nuestros corazones"]]></content:encoded>
		<excerpt:encoded><![CDATA[]]></excerpt:encoded>
		<wp:post_id>10125</wp:post_id>
		<wp:post_date><![CDATA[2021-02-02 23:25:49]]></wp:post_date>
		<wp:post_date_gmt><![CDATA[2021-02-02 23:25:49]]></wp:post_date_gmt>
		<wp:post_modified><![CDATA[2021-02-02 23:25:49]]></wp:post_modified>
		<wp:post_modified_gmt><![CDATA[2021-02-02 23:25:49]]></wp:post_modified_gmt>
		<wp:comment_status><![CDATA[open]]></wp:comment_status>
		<wp:ping_status><![CDATA[closed]]></wp:ping_status>
		<wp:post_name><![CDATA[perla-vera-de-la-o]]></wp:post_name>
		<wp:status><![CDATA[publish]]></wp:status>
		<wp:post_parent>0</wp:post_parent>
		<wp:menu_order>0</wp:menu_order>
		<wp:post_type><![CDATA[valpa_obituario_pt]]></wp:post_type>
		<wp:post_password><![CDATA[]]></wp:post_password>
		<wp:is_sticky>0</wp:is_sticky>
														<wp:postmeta>
		<wp:meta_key><![CDATA[post_views_count]]></wp:meta_key>
		<wp:meta_value><![CDATA[81]]></wp:meta_value>
		</wp:postmeta>
							<wp:postmeta>
		<wp:meta_key><![CDATA[_wp_old_date]]></wp:meta_key>
		<wp:meta_value><![CDATA[2021-02-03]]></wp:meta_value>
		</wp:postmeta>
							<wp:postmeta>
		<wp:meta_key><![CDATA[sucursal_relacionada_meta]]></wp:meta_key>
		<wp:meta_value><![CDATA[a:1:{i:0;s:2:"22";}]]></wp:meta_value>
		</wp:postmeta>
							<wp:postmeta>
		<wp:meta_key><![CDATA[valpa_no_homenaje_meta]]></wp:meta_key>
		<wp:meta_value><![CDATA[20001078]]></wp:meta_value>
		</wp:postmeta>
							<wp:postmeta>
		<wp:meta_key><![CDATA[servicio_relacionado_meta]]></wp:meta_key>
		<wp:meta_value><![CDATA[a:1:{i:0;s:8:"Sucursal";}]]></wp:meta_value>
		</wp:postmeta>
							<wp:postmeta>
		<wp:meta_key><![CDATA[valpa_nacimiento_dia_meta]]></wp:meta_key>
		<wp:meta_value><![CDATA[13]]></wp:meta_value>
		</wp:postmeta>
							<wp:postmeta>
		<wp:meta_key><![CDATA[valpa_nacimiento_mes_meta]]></wp:meta_key>
		<wp:meta_value><![CDATA[12]]></wp:meta_value>
		</wp:postmeta>
							<wp:postmeta>
		<wp:meta_key><![CDATA[valpa_nacimiento_ano_meta]]></wp:meta_key>
		<wp:meta_value><![CDATA[1947]]></wp:meta_value>
		</wp:postmeta>
							<wp:postmeta>
		<wp:meta_key><![CDATA[_wp_old_slug]]></wp:meta_key>
		<wp:meta_value><![CDATA[perla-vera-de-la-o__trashed]]></wp:meta_value>
		</wp:postmeta>
							<wp:postmeta>
		<wp:meta_key><![CDATA[_thumbnail_id]]></wp:meta_key>
		<wp:meta_value><![CDATA[14850]]></wp:meta_value>
		</wp:postmeta>
							<wp:postmeta>
		<wp:meta_key><![CDATA[num_velas_meta]]></wp:meta_key>
		<wp:meta_value><![CDATA[7]]></wp:meta_value>
		</wp:postmeta>
							<wp:postmeta>
		<wp:meta_key><![CDATA[num_recuerdos_meta]]></wp:meta_key>
		<wp:meta_value><![CDATA[3]]></wp:meta_value>
		</wp:postmeta>
							</item>
					<item>
		<title><![CDATA[Rogelio GutiÃ©rrez Barranco]]></title>
		<link>http://localhost/sass-wp/obituario/rogelio-gutierrez-barranco/</link>
		<pubDate>Wed, 03 Feb 2021 02:23:40 +0000</pubDate>
		<dc:creator><![CDATA[webmaster]]></dc:creator>
		<guid isPermaLink="false">http://valparaiso.com.mx/?post_type=valpa_obituario_pt&#038;p=10170</guid>
		<description></description>
		<content:encoded><![CDATA["A pesar de no estar presente en cuerpo, tÃº estarÃ¡s con nosotros por siempre en nuestros corazones."]]></content:encoded>
		<excerpt:encoded><![CDATA[]]></excerpt:encoded>
		<wp:post_id>10170</wp:post_id>
		<wp:post_date><![CDATA[2021-02-03 02:23:40]]></wp:post_date>
		<wp:post_date_gmt><![CDATA[2021-02-03 02:23:40]]></wp:post_date_gmt>
		<wp:post_modified><![CDATA[2021-02-03 02:23:40]]></wp:post_modified>
		<wp:post_modified_gmt><![CDATA[2021-02-03 02:23:40]]></wp:post_modified_gmt>
		<wp:comment_status><![CDATA[open]]></wp:comment_status>
		<wp:ping_status><![CDATA[closed]]></wp:ping_status>
		<wp:post_name><![CDATA[rogelio-gutierrez-barranco]]></wp:post_name>
		<wp:status><![CDATA[publish]]></wp:status>
		<wp:post_parent>0</wp:post_parent>
		<wp:menu_order>0</wp:menu_order>
		<wp:post_type><![CDATA[valpa_obituario_pt]]></wp:post_type>
		<wp:post_password><![CDATA[]]></wp:post_password>
		<wp:is_sticky>0</wp:is_sticky>
														<wp:postmeta>
		<wp:meta_key><![CDATA[_edit_last]]></wp:meta_key>
		<wp:meta_value><![CDATA[1]]></wp:meta_value>
		</wp:postmeta>
							<wp:postmeta>
		<wp:meta_key><![CDATA[_thumbnail_id]]></wp:meta_key>
		<wp:meta_value><![CDATA[10174]]></wp:meta_value>
		</wp:postmeta>
							<wp:postmeta>
		<wp:meta_key><![CDATA[sucursal_relacionada_meta]]></wp:meta_key>
		<wp:meta_value><![CDATA[a:1:{i:0;s:2:"22";}]]></wp:meta_value>
		</wp:postmeta>
							<wp:postmeta>
		<wp:meta_key><![CDATA[valpa_no_homenaje_meta]]></wp:meta_key>
		<wp:meta_value><![CDATA[0020001069]]></wp:meta_value>
		</wp:postmeta>
							<wp:postmeta>
		<wp:meta_key><![CDATA[servicio_relacionado_meta]]></wp:meta_key>
		<wp:meta_value><![CDATA[a:1:{i:0;s:8:"Sucursal";}]]></wp:meta_value>
		</wp:postmeta>
							<wp:postmeta>
		<wp:meta_key><![CDATA[valpa_nacimiento_dia_meta]]></wp:meta_key>
		<wp:meta_value><![CDATA[12]]></wp:meta_value>
		</wp:postmeta>
							<wp:postmeta>
		<wp:meta_key><![CDATA[valpa_nacimiento_mes_meta]]></wp:meta_key>
		<wp:meta_value><![CDATA[09]]></wp:meta_value>
		</wp:postmeta>
							<wp:postmeta>
		<wp:meta_key><![CDATA[valpa_nacimiento_ano_meta]]></wp:meta_key>
		<wp:meta_value><![CDATA[1945]]></wp:meta_value>
		</wp:postmeta>
							<wp:postmeta>
		<wp:meta_key><![CDATA[post_views_count]]></wp:meta_key>
		<wp:meta_value><![CDATA[416]]></wp:meta_value>
		</wp:postmeta>
							<wp:postmeta>
		<wp:meta_key><![CDATA[num_recuerdos_meta]]></wp:meta_key>
		<wp:meta_value><![CDATA[19]]></wp:meta_value>
		</wp:postmeta>
							<wp:postmeta>
		<wp:meta_key><![CDATA[num_velas_meta]]></wp:meta_key>
		<wp:meta_value><![CDATA[17]]></wp:meta_value>
		</wp:postmeta>
							</item>
					<item>
		<title><![CDATA[Pedro Abel Mendiola Diaz]]></title>
		<link>http://localhost/sass-wp/obituario/pedro-abel-mendiola-diaz/</link>
		<pubDate>Thu, 04 Feb 2021 03:09:37 +0000</pubDate>
		<dc:creator><![CDATA[webmaster]]></dc:creator>
		<guid isPermaLink="false">http://valparaiso.com.mx/?post_type=valpa_obituario_pt&#038;p=10183</guid>
		<description></description>
		<content:encoded><![CDATA["Te digo adiÃ³s para toda la vida, pero toda la vida seguirÃ© pensando en ti."]]></content:encoded>
		<excerpt:encoded><![CDATA[]]></excerpt:encoded>
		<wp:post_id>10183</wp:post_id>
		<wp:post_date><![CDATA[2021-02-04 03:09:37]]></wp:post_date>
		<wp:post_date_gmt><![CDATA[2021-02-04 03:09:37]]></wp:post_date_gmt>
		<wp:post_modified><![CDATA[2021-02-04 03:09:37]]></wp:post_modified>
		<wp:post_modified_gmt><![CDATA[2021-02-04 03:09:37]]></wp:post_modified_gmt>
		<wp:comment_status><![CDATA[open]]></wp:comment_status>
		<wp:ping_status><![CDATA[closed]]></wp:ping_status>
		<wp:post_name><![CDATA[pedro-abel-mendiola-diaz]]></wp:post_name>
		<wp:status><![CDATA[publish]]></wp:status>
		<wp:post_parent>0</wp:post_parent>
		<wp:menu_order>0</wp:menu_order>
		<wp:post_type><![CDATA[valpa_obituario_pt]]></wp:post_type>
		<wp:post_password><![CDATA[]]></wp:post_password>
		<wp:is_sticky>0</wp:is_sticky>
														<wp:postmeta>
		<wp:meta_key><![CDATA[_edit_last]]></wp:meta_key>
		<wp:meta_value><![CDATA[1]]></wp:meta_value>
		</wp:postmeta>
							<wp:postmeta>
		<wp:meta_key><![CDATA[sucursal_relacionada_meta]]></wp:meta_key>
		<wp:meta_value><![CDATA[a:1:{i:0;s:2:"22";}]]></wp:meta_value>
		</wp:postmeta>
							<wp:postmeta>
		<wp:meta_key><![CDATA[valpa_no_homenaje_meta]]></wp:meta_key>
		<wp:meta_value><![CDATA[0020001070]]></wp:meta_value>
		</wp:postmeta>
							<wp:postmeta>
		<wp:meta_key><![CDATA[servicio_relacionado_meta]]></wp:meta_key>
		<wp:meta_value><![CDATA[a:1:{i:0;s:8:"Sucursal";}]]></wp:meta_value>
		</wp:postmeta>
							<wp:postmeta>
		<wp:meta_key><![CDATA[valpa_nacimiento_dia_meta]]></wp:meta_key>
		<wp:meta_value><![CDATA[19]]></wp:meta_value>
		</wp:postmeta>
							<wp:postmeta>
		<wp:meta_key><![CDATA[valpa_nacimiento_mes_meta]]></wp:meta_key>
		<wp:meta_value><![CDATA[02]]></wp:meta_value>
		</wp:postmeta>
							<wp:postmeta>
		<wp:meta_key><![CDATA[valpa_nacimiento_ano_meta]]></wp:meta_key>
		<wp:meta_value><![CDATA[1979]]></wp:meta_value>
		</wp:postmeta>
							<wp:postmeta>
		<wp:meta_key><![CDATA[post_views_count]]></wp:meta_key>
		<wp:meta_value><![CDATA[823]]></wp:meta_value>
		</wp:postmeta>
							<wp:postmeta>
		<wp:meta_key><![CDATA[_thumbnail_id]]></wp:meta_key>
		<wp:meta_value><![CDATA[10187]]></wp:meta_value>
		</wp:postmeta>
							<wp:postmeta>
		<wp:meta_key><![CDATA[num_velas_meta]]></wp:meta_key>
		<wp:meta_value><![CDATA[62]]></wp:meta_value>
		</wp:postmeta>
							<wp:postmeta>
		<wp:meta_key><![CDATA[num_recuerdos_meta]]></wp:meta_key>
		<wp:meta_value><![CDATA[4]]></wp:meta_value>
		</wp:postmeta>
							</item>
					<item>
		<title><![CDATA[Gerardo PÃ©rez SÃ¡nchez]]></title>
		<link>http://localhost/sass-wp/obituario/gerardo-perez-sanchez/</link>
		<pubDate>Thu, 04 Feb 2021 10:33:49 +0000</pubDate>
		<dc:creator><![CDATA[webmaster]]></dc:creator>
		<guid isPermaLink="false">http://valparaiso.com.mx/?post_type=valpa_obituario_pt&#038;p=10259</guid>
		<description></description>
		<content:encoded><![CDATA["La muerte deja un dolor en el corazÃ³n que nadie puede sanar, pero el amor deja una memoria que nadie puede robar."]]></content:encoded>
		<excerpt:encoded><![CDATA[]]></excerpt:encoded>
		<wp:post_id>10259</wp:post_id>
		<wp:post_date><![CDATA[2021-02-04 10:33:49]]></wp:post_date>
		<wp:post_date_gmt><![CDATA[2021-02-04 10:33:49]]></wp:post_date_gmt>
		<wp:post_modified><![CDATA[2021-02-04 10:33:49]]></wp:post_modified>
		<wp:post_modified_gmt><![CDATA[2021-02-04 10:33:49]]></wp:post_modified_gmt>
		<wp:comment_status><![CDATA[open]]></wp:comment_status>
		<wp:ping_status><![CDATA[closed]]></wp:ping_status>
		<wp:post_name><![CDATA[gerardo-perez-sanchez]]></wp:post_name>
		<wp:status><![CDATA[publish]]></wp:status>
		<wp:post_parent>0</wp:post_parent>
		<wp:menu_order>0</wp:menu_order>
		<wp:post_type><![CDATA[valpa_obituario_pt]]></wp:post_type>
		<wp:post_password><![CDATA[]]></wp:post_password>
		<wp:is_sticky>0</wp:is_sticky>
														<wp:postmeta>
		<wp:meta_key><![CDATA[_edit_last]]></wp:meta_key>
		<wp:meta_value><![CDATA[1]]></wp:meta_value>
		</wp:postmeta>
							<wp:postmeta>
		<wp:meta_key><![CDATA[sucursal_relacionada_meta]]></wp:meta_key>
		<wp:meta_value><![CDATA[a:1:{i:0;s:2:"22";}]]></wp:meta_value>
		</wp:postmeta>
							<wp:postmeta>
		<wp:meta_key><![CDATA[valpa_no_homenaje_meta]]></wp:meta_key>
		<wp:meta_value><![CDATA[0020001072]]></wp:meta_value>
		</wp:postmeta>
							<wp:postmeta>
		<wp:meta_key><![CDATA[servicio_relacionado_meta]]></wp:meta_key>
		<wp:meta_value><![CDATA[a:1:{i:0;s:8:"Sucursal";}]]></wp:meta_value>
		</wp:postmeta>
							<wp:postmeta>
		<wp:meta_key><![CDATA[valpa_nacimiento_dia_meta]]></wp:meta_key>
		<wp:meta_value><![CDATA[22]]></wp:meta_value>
		</wp:postmeta>
							<wp:postmeta>
		<wp:meta_key><![CDATA[valpa_nacimiento_mes_meta]]></wp:meta_key>
		<wp:meta_value><![CDATA[01]]></wp:meta_value>
		</wp:postmeta>
							<wp:postmeta>
		<wp:meta_key><![CDATA[valpa_nacimiento_ano_meta]]></wp:meta_key>
		<wp:meta_value><![CDATA[1965]]></wp:meta_value>
		</wp:postmeta>
							<wp:postmeta>
		<wp:meta_key><![CDATA[post_views_count]]></wp:meta_key>
		<wp:meta_value><![CDATA[273]]></wp:meta_value>
		</wp:postmeta>
							<wp:postmeta>
		<wp:meta_key><![CDATA[_thumbnail_id]]></wp:meta_key>
		<wp:meta_value><![CDATA[10275]]></wp:meta_value>
		</wp:postmeta>
							<wp:postmeta>
		<wp:meta_key><![CDATA[num_velas_meta]]></wp:meta_key>
		<wp:meta_value><![CDATA[15]]></wp:meta_value>
		</wp:postmeta>
							<wp:postmeta>
		<wp:meta_key><![CDATA[num_recuerdos_meta]]></wp:meta_key>
		<wp:meta_value><![CDATA[14]]></wp:meta_value>
		</wp:postmeta>
							</item>
					<item>
		<title><![CDATA[Mario FernÃ¡ndez Constantino]]></title>
		<link>http://localhost/sass-wp/obituario/mario-fernandez-constantino/</link>
		<pubDate>Thu, 04 Feb 2021 12:38:42 +0000</pubDate>
		<dc:creator><![CDATA[webmaster]]></dc:creator>
		<guid isPermaLink="false">http://valparaiso.com.mx/?post_type=valpa_obituario_pt&#038;p=10280</guid>
		<description></description>
		<content:encoded><![CDATA["Lo querÃ­an mucho; el tÃ­o Mario es la neta del planeta"]]></content:encoded>
		<excerpt:encoded><![CDATA[]]></excerpt:encoded>
		<wp:post_id>10280</wp:post_id>
		<wp:post_date><![CDATA[2021-02-04 12:38:42]]></wp:post_date>
		<wp:post_date_gmt><![CDATA[2021-02-04 12:38:42]]></wp:post_date_gmt>
		<wp:post_modified><![CDATA[2021-02-04 12:38:42]]></wp:post_modified>
		<wp:post_modified_gmt><![CDATA[2021-02-04 12:38:42]]></wp:post_modified_gmt>
		<wp:comment_status><![CDATA[open]]></wp:comment_status>
		<wp:ping_status><![CDATA[closed]]></wp:ping_status>
		<wp:post_name><![CDATA[mario-fernandez-constantino]]></wp:post_name>
		<wp:status><![CDATA[publish]]></wp:status>
		<wp:post_parent>0</wp:post_parent>
		<wp:menu_order>0</wp:menu_order>
		<wp:post_type><![CDATA[valpa_obituario_pt]]></wp:post_type>
		<wp:post_password><![CDATA[]]></wp:post_password>
		<wp:is_sticky>0</wp:is_sticky>
														<wp:postmeta>
		<wp:meta_key><![CDATA[_edit_last]]></wp:meta_key>
		<wp:meta_value><![CDATA[1]]></wp:meta_value>
		</wp:postmeta>
							<wp:postmeta>
		<wp:meta_key><![CDATA[_thumbnail_id]]></wp:meta_key>
		<wp:meta_value><![CDATA[10283]]></wp:meta_value>
		</wp:postmeta>
							<wp:postmeta>
		<wp:meta_key><![CDATA[sucursal_relacionada_meta]]></wp:meta_key>
		<wp:meta_value><![CDATA[a:1:{i:0;s:2:"22";}]]></wp:meta_value>
		</wp:postmeta>
							<wp:postmeta>
		<wp:meta_key><![CDATA[valpa_no_homenaje_meta]]></wp:meta_key>
		<wp:meta_value><![CDATA[0020001073]]></wp:meta_value>
		</wp:postmeta>
							<wp:postmeta>
		<wp:meta_key><![CDATA[servicio_relacionado_meta]]></wp:meta_key>
		<wp:meta_value><![CDATA[a:1:{i:0;s:9:"Domicilio";}]]></wp:meta_value>
		</wp:postmeta>
							<wp:postmeta>
		<wp:meta_key><![CDATA[valpa_nacimiento_dia_meta]]></wp:meta_key>
		<wp:meta_value><![CDATA[15]]></wp:meta_value>
		</wp:postmeta>
							<wp:postmeta>
		<wp:meta_key><![CDATA[valpa_nacimiento_mes_meta]]></wp:meta_key>
		<wp:meta_value><![CDATA[08]]></wp:meta_value>
		</wp:postmeta>
							<wp:postmeta>
		<wp:meta_key><![CDATA[valpa_nacimiento_ano_meta]]></wp:meta_key>
		<wp:meta_value><![CDATA[1963]]></wp:meta_value>
		</wp:postmeta>
							<wp:postmeta>
		<wp:meta_key><![CDATA[post_views_count]]></wp:meta_key>
		<wp:meta_value><![CDATA[808]]></wp:meta_value>
		</wp:postmeta>
							<wp:postmeta>
		<wp:meta_key><![CDATA[num_recuerdos_meta]]></wp:meta_key>
		<wp:meta_value><![CDATA[6]]></wp:meta_value>
		</wp:postmeta>
							<wp:postmeta>
		<wp:meta_key><![CDATA[num_velas_meta]]></wp:meta_key>
		<wp:meta_value><![CDATA[22]]></wp:meta_value>
		</wp:postmeta>
							</item>
					<item>
		<title><![CDATA[Armando Antonio Bocanegra YÃ¡Ã±ez]]></title>
		<link>http://localhost/sass-wp/obituario/armando-antonio-bocanegra-yanez/</link>
		<pubDate>Thu, 04 Feb 2021 15:07:12 +0000</pubDate>
		<dc:creator><![CDATA[webmaster]]></dc:creator>
		<guid isPermaLink="false">http://valparaiso.com.mx/?post_type=valpa_obituario_pt&#038;p=10322</guid>
		<description></description>
		<content:encoded><![CDATA["A pesar de no estar presente en cuerpo, tu estarÃ¡s con nosotros por siempre en nuestros corazones."]]></content:encoded>
		<excerpt:encoded><![CDATA[]]></excerpt:encoded>
		<wp:post_id>10322</wp:post_id>
		<wp:post_date><![CDATA[2021-02-04 15:07:12]]></wp:post_date>
		<wp:post_date_gmt><![CDATA[2021-02-04 15:07:12]]></wp:post_date_gmt>
		<wp:post_modified><![CDATA[2021-02-04 15:07:12]]></wp:post_modified>
		<wp:post_modified_gmt><![CDATA[2021-02-04 15:07:12]]></wp:post_modified_gmt>
		<wp:comment_status><![CDATA[open]]></wp:comment_status>
		<wp:ping_status><![CDATA[closed]]></wp:ping_status>
		<wp:post_name><![CDATA[armando-antonio-bocanegra-yanez]]></wp:post_name>
		<wp:status><![CDATA[publish]]></wp:status>
		<wp:post_parent>0</wp:post_parent>
		<wp:menu_order>0</wp:menu_order>
		<wp:post_type><![CDATA[valpa_obituario_pt]]></wp:post_type>
		<wp:post_password><![CDATA[]]></wp:post_password>
		<wp:is_sticky>0</wp:is_sticky>
														<wp:postmeta>
		<wp:meta_key><![CDATA[_edit_last]]></wp:meta_key>
		<wp:meta_value><![CDATA[1]]></wp:meta_value>
		</wp:postmeta>
							<wp:postmeta>
		<wp:meta_key><![CDATA[post_views_count]]></wp:meta_key>
		<wp:meta_value><![CDATA[301]]></wp:meta_value>
		</wp:postmeta>
							<wp:postmeta>
		<wp:meta_key><![CDATA[_thumbnail_id]]></wp:meta_key>
		<wp:meta_value><![CDATA[10340]]></wp:meta_value>
		</wp:postmeta>
							<wp:postmeta>
		<wp:meta_key><![CDATA[sucursal_relacionada_meta]]></wp:meta_key>
		<wp:meta_value><![CDATA[a:1:{i:0;s:2:"22";}]]></wp:meta_value>
		</wp:postmeta>
							<wp:postmeta>
		<wp:meta_key><![CDATA[valpa_no_homenaje_meta]]></wp:meta_key>
		<wp:meta_value><![CDATA[0020001071]]></wp:meta_value>
		</wp:postmeta>
							<wp:postmeta>
		<wp:meta_key><![CDATA[valpa_nacimiento_dia_meta]]></wp:meta_key>
		<wp:meta_value><![CDATA[08]]></wp:meta_value>
		</wp:postmeta>
							<wp:postmeta>
		<wp:meta_key><![CDATA[valpa_nacimiento_mes_meta]]></wp:meta_key>
		<wp:meta_value><![CDATA[02]]></wp:meta_value>
		</wp:postmeta>
							<wp:postmeta>
		<wp:meta_key><![CDATA[valpa_nacimiento_ano_meta]]></wp:meta_key>
		<wp:meta_value><![CDATA[1967]]></wp:meta_value>
		</wp:postmeta>
							<wp:postmeta>
		<wp:meta_key><![CDATA[num_velas_meta]]></wp:meta_key>
		<wp:meta_value><![CDATA[6]]></wp:meta_value>
		</wp:postmeta>
							<wp:postmeta>
		<wp:meta_key><![CDATA[num_recuerdos_meta]]></wp:meta_key>
		<wp:meta_value><![CDATA[16]]></wp:meta_value>
		</wp:postmeta>
							<wp:postmeta>
		<wp:meta_key><![CDATA[servicio_relacionado_meta]]></wp:meta_key>
		<wp:meta_value><![CDATA[a:1:{i:0;s:8:"Sucursal";}]]></wp:meta_value>
		</wp:postmeta>
							</item>
					<item>
		<title><![CDATA[Benito Contreras CampirÃ¡n]]></title>
		<link>http://localhost/sass-wp/obituario/benito-contreras-campiran/</link>
		<pubDate>Fri, 05 Feb 2021 08:12:08 +0000</pubDate>
		<dc:creator><![CDATA[webmaster]]></dc:creator>
		<guid isPermaLink="false">http://valparaiso.com.mx/?post_type=valpa_obituario_pt&#038;p=10466</guid>
		<description></description>
		<content:encoded><![CDATA["La muerte deja un dolor en el corazÃ³n que nadie puede sanar, pero el amor deja una memoria que nadie puede robar".]]></content:encoded>
		<excerpt:encoded><![CDATA[]]></excerpt:encoded>
		<wp:post_id>10466</wp:post_id>
		<wp:post_date><![CDATA[2021-02-05 08:12:08]]></wp:post_date>
		<wp:post_date_gmt><![CDATA[2021-02-05 08:12:08]]></wp:post_date_gmt>
		<wp:post_modified><![CDATA[2021-02-05 08:12:08]]></wp:post_modified>
		<wp:post_modified_gmt><![CDATA[2021-02-05 08:12:08]]></wp:post_modified_gmt>
		<wp:comment_status><![CDATA[open]]></wp:comment_status>
		<wp:ping_status><![CDATA[closed]]></wp:ping_status>
		<wp:post_name><![CDATA[benito-contreras-campiran]]></wp:post_name>
		<wp:status><![CDATA[publish]]></wp:status>
		<wp:post_parent>0</wp:post_parent>
		<wp:menu_order>0</wp:menu_order>
		<wp:post_type><![CDATA[valpa_obituario_pt]]></wp:post_type>
		<wp:post_password><![CDATA[]]></wp:post_password>
		<wp:is_sticky>0</wp:is_sticky>
														<wp:postmeta>
		<wp:meta_key><![CDATA[_edit_last]]></wp:meta_key>
		<wp:meta_value><![CDATA[1]]></wp:meta_value>
		</wp:postmeta>
							<wp:postmeta>
		<wp:meta_key><![CDATA[_thumbnail_id]]></wp:meta_key>
		<wp:meta_value><![CDATA[10487]]></wp:meta_value>
		</wp:postmeta>
							<wp:postmeta>
		<wp:meta_key><![CDATA[sucursal_relacionada_meta]]></wp:meta_key>
		<wp:meta_value><![CDATA[a:1:{i:0;s:2:"22";}]]></wp:meta_value>
		</wp:postmeta>
							<wp:postmeta>
		<wp:meta_key><![CDATA[valpa_no_homenaje_meta]]></wp:meta_key>
		<wp:meta_value><![CDATA[0020001078]]></wp:meta_value>
		</wp:postmeta>
							<wp:postmeta>
		<wp:meta_key><![CDATA[servicio_relacionado_meta]]></wp:meta_key>
		<wp:meta_value><![CDATA[a:1:{i:0;s:9:"Domicilio";}]]></wp:meta_value>
		</wp:postmeta>
							<wp:postmeta>
		<wp:meta_key><![CDATA[valpa_nacimiento_dia_meta]]></wp:meta_key>
		<wp:meta_value><![CDATA[21]]></wp:meta_value>
		</wp:postmeta>
							<wp:postmeta>
		<wp:meta_key><![CDATA[valpa_nacimiento_mes_meta]]></wp:meta_key>
		<wp:meta_value><![CDATA[03]]></wp:meta_value>
		</wp:postmeta>
							<wp:postmeta>
		<wp:meta_key><![CDATA[valpa_nacimiento_ano_meta]]></wp:meta_key>
		<wp:meta_value><![CDATA[1933]]></wp:meta_value>
		</wp:postmeta>
							<wp:postmeta>
		<wp:meta_key><![CDATA[post_views_count]]></wp:meta_key>
		<wp:meta_value><![CDATA[654]]></wp:meta_value>
		</wp:postmeta>
							<wp:postmeta>
		<wp:meta_key><![CDATA[num_velas_meta]]></wp:meta_key>
		<wp:meta_value><![CDATA[113]]></wp:meta_value>
		</wp:postmeta>
							<wp:postmeta>
		<wp:meta_key><![CDATA[num_recuerdos_meta]]></wp:meta_key>
		<wp:meta_value><![CDATA[27]]></wp:meta_value>
		</wp:postmeta>
							<wp:postmeta>
		<wp:meta_key><![CDATA[_wp_old_slug]]></wp:meta_key>
		<wp:meta_value><![CDATA[benito-contreras-rojas]]></wp:meta_value>
		</wp:postmeta>
							</item>
					<item>
		<title><![CDATA[Manuel Pulido Ruiz]]></title>
		<link>http://localhost/sass-wp/obituario/manuel-pulido-ruiz/</link>
		<pubDate>Sat, 06 Feb 2021 02:10:38 +0000</pubDate>
		<dc:creator><![CDATA[webmaster]]></dc:creator>
		<guid isPermaLink="false">http://valparaiso.com.mx/?post_type=valpa_obituario_pt&#038;p=10540</guid>
		<description></description>
		<content:encoded><![CDATA["A pesar de no estar presente en cuerpo, tu estarÃ¡s con nosotros por siempre en nuestros corazones."]]></content:encoded>
		<excerpt:encoded><![CDATA[]]></excerpt:encoded>
		<wp:post_id>10540</wp:post_id>
		<wp:post_date><![CDATA[2021-02-06 02:10:38]]></wp:post_date>
		<wp:post_date_gmt><![CDATA[2021-02-06 02:10:38]]></wp:post_date_gmt>
		<wp:post_modified><![CDATA[2021-02-06 02:10:38]]></wp:post_modified>
		<wp:post_modified_gmt><![CDATA[2021-02-06 02:10:38]]></wp:post_modified_gmt>
		<wp:comment_status><![CDATA[open]]></wp:comment_status>
		<wp:ping_status><![CDATA[closed]]></wp:ping_status>
		<wp:post_name><![CDATA[manuel-pulido-ruiz]]></wp:post_name>
		<wp:status><![CDATA[publish]]></wp:status>
		<wp:post_parent>0</wp:post_parent>
		<wp:menu_order>0</wp:menu_order>
		<wp:post_type><![CDATA[valpa_obituario_pt]]></wp:post_type>
		<wp:post_password><![CDATA[]]></wp:post_password>
		<wp:is_sticky>0</wp:is_sticky>
														<wp:postmeta>
		<wp:meta_key><![CDATA[_edit_last]]></wp:meta_key>
		<wp:meta_value><![CDATA[1]]></wp:meta_value>
		</wp:postmeta>
							<wp:postmeta>
		<wp:meta_key><![CDATA[_thumbnail_id]]></wp:meta_key>
		<wp:meta_value><![CDATA[10566]]></wp:meta_value>
		</wp:postmeta>
							<wp:postmeta>
		<wp:meta_key><![CDATA[sucursal_relacionada_meta]]></wp:meta_key>
		<wp:meta_value><![CDATA[a:1:{i:0;s:2:"22";}]]></wp:meta_value>
		</wp:postmeta>
							<wp:postmeta>
		<wp:meta_key><![CDATA[valpa_no_homenaje_meta]]></wp:meta_key>
		<wp:meta_value><![CDATA[0020001022]]></wp:meta_value>
		</wp:postmeta>
							<wp:postmeta>
		<wp:meta_key><![CDATA[servicio_relacionado_meta]]></wp:meta_key>
		<wp:meta_value><![CDATA[a:1:{i:0;s:9:"Domicilio";}]]></wp:meta_value>
		</wp:postmeta>
							<wp:postmeta>
		<wp:meta_key><![CDATA[valpa_nacimiento_dia_meta]]></wp:meta_key>
		<wp:meta_value><![CDATA[06]]></wp:meta_value>
		</wp:postmeta>
							<wp:postmeta>
		<wp:meta_key><![CDATA[valpa_nacimiento_mes_meta]]></wp:meta_key>
		<wp:meta_value><![CDATA[04]]></wp:meta_value>
		</wp:postmeta>
							<wp:postmeta>
		<wp:meta_key><![CDATA[valpa_nacimiento_ano_meta]]></wp:meta_key>
		<wp:meta_value><![CDATA[1975]]></wp:meta_value>
		</wp:postmeta>
							<wp:postmeta>
		<wp:meta_key><![CDATA[post_views_count]]></wp:meta_key>
		<wp:meta_value><![CDATA[516]]></wp:meta_value>
		</wp:postmeta>
							<wp:postmeta>
		<wp:meta_key><![CDATA[num_velas_meta]]></wp:meta_key>
		<wp:meta_value><![CDATA[19]]></wp:meta_value>
		</wp:postmeta>
							<wp:postmeta>
		<wp:meta_key><![CDATA[num_recuerdos_meta]]></wp:meta_key>
		<wp:meta_value><![CDATA[11]]></wp:meta_value>
		</wp:postmeta>
							</item>
					<item>
		<title><![CDATA[Leonardo Garfias MartÃ­nez]]></title>
		<link>http://localhost/sass-wp/obituario/leonardo-garfias-martinez/</link>
		<pubDate>Sat, 06 Feb 2021 09:24:27 +0000</pubDate>
		<dc:creator><![CDATA[webmaster]]></dc:creator>
		<guid isPermaLink="false">http://valparaiso.com.mx/?post_type=valpa_obituario_pt&#038;p=10570</guid>
		<description></description>
		<content:encoded><![CDATA["La muerte deja un dolor en el corazÃ³n que nadie puede sanar, pero el amor deja una memoria que nadie puede robar."]]></content:encoded>
		<excerpt:encoded><![CDATA[]]></excerpt:encoded>
		<wp:post_id>10570</wp:post_id>
		<wp:post_date><![CDATA[2021-02-06 09:24:27]]></wp:post_date>
		<wp:post_date_gmt><![CDATA[2021-02-06 09:24:27]]></wp:post_date_gmt>
		<wp:post_modified><![CDATA[2021-02-06 09:24:27]]></wp:post_modified>
		<wp:post_modified_gmt><![CDATA[2021-02-06 09:24:27]]></wp:post_modified_gmt>
		<wp:comment_status><![CDATA[open]]></wp:comment_status>
		<wp:ping_status><![CDATA[closed]]></wp:ping_status>
		<wp:post_name><![CDATA[leonardo-garfias-martinez]]></wp:post_name>
		<wp:status><![CDATA[publish]]></wp:status>
		<wp:post_parent>0</wp:post_parent>
		<wp:menu_order>0</wp:menu_order>
		<wp:post_type><![CDATA[valpa_obituario_pt]]></wp:post_type>
		<wp:post_password><![CDATA[]]></wp:post_password>
		<wp:is_sticky>0</wp:is_sticky>
														<wp:postmeta>
		<wp:meta_key><![CDATA[_edit_last]]></wp:meta_key>
		<wp:meta_value><![CDATA[1]]></wp:meta_value>
		</wp:postmeta>
							<wp:postmeta>
		<wp:meta_key><![CDATA[valpa_no_homenaje_meta]]></wp:meta_key>
		<wp:meta_value><![CDATA[0020001080]]></wp:meta_value>
		</wp:postmeta>
							<wp:postmeta>
		<wp:meta_key><![CDATA[valpa_nacimiento_dia_meta]]></wp:meta_key>
		<wp:meta_value><![CDATA[19]]></wp:meta_value>
		</wp:postmeta>
							<wp:postmeta>
		<wp:meta_key><![CDATA[valpa_nacimiento_mes_meta]]></wp:meta_key>
		<wp:meta_value><![CDATA[04]]></wp:meta_value>
		</wp:postmeta>
							<wp:postmeta>
		<wp:meta_key><![CDATA[valpa_nacimiento_ano_meta]]></wp:meta_key>
		<wp:meta_value><![CDATA[1979]]></wp:meta_value>
		</wp:postmeta>
							<wp:postmeta>
		<wp:meta_key><![CDATA[_thumbnail_id]]></wp:meta_key>
		<wp:meta_value><![CDATA[10614]]></wp:meta_value>
		</wp:postmeta>
							<wp:postmeta>
		<wp:meta_key><![CDATA[sucursal_relacionada_meta]]></wp:meta_key>
		<wp:meta_value><![CDATA[a:1:{i:0;s:2:"22";}]]></wp:meta_value>
		</wp:postmeta>
							<wp:postmeta>
		<wp:meta_key><![CDATA[servicio_relacionado_meta]]></wp:meta_key>
		<wp:meta_value><![CDATA[a:1:{i:0;s:8:"Sucursal";}]]></wp:meta_value>
		</wp:postmeta>
							<wp:postmeta>
		<wp:meta_key><![CDATA[post_views_count]]></wp:meta_key>
		<wp:meta_value><![CDATA[775]]></wp:meta_value>
		</wp:postmeta>
							<wp:postmeta>
		<wp:meta_key><![CDATA[num_recuerdos_meta]]></wp:meta_key>
		<wp:meta_value><![CDATA[20]]></wp:meta_value>
		</wp:postmeta>
							<wp:postmeta>
		<wp:meta_key><![CDATA[num_velas_meta]]></wp:meta_key>
		<wp:meta_value><![CDATA[34]]></wp:meta_value>
		</wp:postmeta>
							</item>
					<item>
		<title><![CDATA[Adela HernÃ¡ndez Morales]]></title>
		<link>http://localhost/sass-wp/obituario/adela-hernandez-morales/</link>
		<pubDate>Sun, 07 Feb 2021 01:48:18 +0000</pubDate>
		<dc:creator><![CDATA[webmaster]]></dc:creator>
		<guid isPermaLink="false">http://valparaiso.com.mx/?post_type=valpa_obituario_pt&#038;p=10681</guid>
		<description></description>
		<content:encoded><![CDATA["La muerte deja un dolor en el corazÃ³n que nadie puede sanar, pero el amor deja una memoria que nadie puede robar."]]></content:encoded>
		<excerpt:encoded><![CDATA[]]></excerpt:encoded>
		<wp:post_id>10681</wp:post_id>
		<wp:post_date><![CDATA[2021-02-07 01:48:18]]></wp:post_date>
		<wp:post_date_gmt><![CDATA[2021-02-07 01:48:18]]></wp:post_date_gmt>
		<wp:post_modified><![CDATA[2021-02-07 01:48:18]]></wp:post_modified>
		<wp:post_modified_gmt><![CDATA[2021-02-07 01:48:18]]></wp:post_modified_gmt>
		<wp:comment_status><![CDATA[open]]></wp:comment_status>
		<wp:ping_status><![CDATA[closed]]></wp:ping_status>
		<wp:post_name><![CDATA[adela-hernandez-morales]]></wp:post_name>
		<wp:status><![CDATA[publish]]></wp:status>
		<wp:post_parent>0</wp:post_parent>
		<wp:menu_order>0</wp:menu_order>
		<wp:post_type><![CDATA[valpa_obituario_pt]]></wp:post_type>
		<wp:post_password><![CDATA[]]></wp:post_password>
		<wp:is_sticky>0</wp:is_sticky>
														<wp:postmeta>
		<wp:meta_key><![CDATA[_edit_last]]></wp:meta_key>
		<wp:meta_value><![CDATA[1]]></wp:meta_value>
		</wp:postmeta>
							<wp:postmeta>
		<wp:meta_key><![CDATA[valpa_no_homenaje_meta]]></wp:meta_key>
		<wp:meta_value><![CDATA[0020001045]]></wp:meta_value>
		</wp:postmeta>
							<wp:postmeta>
		<wp:meta_key><![CDATA[valpa_nacimiento_dia_meta]]></wp:meta_key>
		<wp:meta_value><![CDATA[24]]></wp:meta_value>
		</wp:postmeta>
							<wp:postmeta>
		<wp:meta_key><![CDATA[valpa_nacimiento_mes_meta]]></wp:meta_key>
		<wp:meta_value><![CDATA[07]]></wp:meta_value>
		</wp:postmeta>
							<wp:postmeta>
		<wp:meta_key><![CDATA[valpa_nacimiento_ano_meta]]></wp:meta_key>
		<wp:meta_value><![CDATA[1963]]></wp:meta_value>
		</wp:postmeta>
							<wp:postmeta>
		<wp:meta_key><![CDATA[post_views_count]]></wp:meta_key>
		<wp:meta_value><![CDATA[249]]></wp:meta_value>
		</wp:postmeta>
							<wp:postmeta>
		<wp:meta_key><![CDATA[sucursal_relacionada_meta]]></wp:meta_key>
		<wp:meta_value><![CDATA[a:1:{i:0;s:2:"22";}]]></wp:meta_value>
		</wp:postmeta>
							<wp:postmeta>
		<wp:meta_key><![CDATA[servicio_relacionado_meta]]></wp:meta_key>
		<wp:meta_value><![CDATA[a:1:{i:0;s:9:"Domicilio";}]]></wp:meta_value>
		</wp:postmeta>
							<wp:postmeta>
		<wp:meta_key><![CDATA[_thumbnail_id]]></wp:meta_key>
		<wp:meta_value><![CDATA[10751]]></wp:meta_value>
		</wp:postmeta>
							<wp:postmeta>
		<wp:meta_key><![CDATA[num_recuerdos_meta]]></wp:meta_key>
		<wp:meta_value><![CDATA[1]]></wp:meta_value>
		</wp:postmeta>
							<wp:postmeta>
		<wp:meta_key><![CDATA[num_velas_meta]]></wp:meta_key>
		<wp:meta_value><![CDATA[5]]></wp:meta_value>
		</wp:postmeta>
							</item>
					<item>
		<title><![CDATA[Guadalupe Alfredo Becerril AlmazÃ¡n]]></title>
		<link>http://localhost/sass-wp/obituario/guadalupe-alfredo-becerril-almazan/</link>
		<pubDate>Sun, 07 Feb 2021 04:41:02 +0000</pubDate>
		<dc:creator><![CDATA[webmaster]]></dc:creator>
		<guid isPermaLink="false">http://valparaiso.com.mx/?post_type=valpa_obituario_pt&#038;p=10756</guid>
		<description></description>
		<content:encoded><![CDATA["La muerte deja un dolor en el corazÃ³n que nadie puede sanar, pero el amor deja una memoria que nadie puede robar."]]></content:encoded>
		<excerpt:encoded><![CDATA[]]></excerpt:encoded>
		<wp:post_id>10756</wp:post_id>
		<wp:post_date><![CDATA[2021-02-07 04:41:02]]></wp:post_date>
		<wp:post_date_gmt><![CDATA[2021-02-07 04:41:02]]></wp:post_date_gmt>
		<wp:post_modified><![CDATA[2021-02-07 04:41:02]]></wp:post_modified>
		<wp:post_modified_gmt><![CDATA[2021-02-07 04:41:02]]></wp:post_modified_gmt>
		<wp:comment_status><![CDATA[open]]></wp:comment_status>
		<wp:ping_status><![CDATA[closed]]></wp:ping_status>
		<wp:post_name><![CDATA[guadalupe-alfredo-becerril-almazan]]></wp:post_name>
		<wp:status><![CDATA[publish]]></wp:status>
		<wp:post_parent>0</wp:post_parent>
		<wp:menu_order>0</wp:menu_order>
		<wp:post_type><![CDATA[valpa_obituario_pt]]></wp:post_type>
		<wp:post_password><![CDATA[]]></wp:post_password>
		<wp:is_sticky>0</wp:is_sticky>
														<wp:postmeta>
		<wp:meta_key><![CDATA[_edit_last]]></wp:meta_key>
		<wp:meta_value><![CDATA[1]]></wp:meta_value>
		</wp:postmeta>
							<wp:postmeta>
		<wp:meta_key><![CDATA[_thumbnail_id]]></wp:meta_key>
		<wp:meta_value><![CDATA[10785]]></wp:meta_value>
		</wp:postmeta>
							<wp:postmeta>
		<wp:meta_key><![CDATA[sucursal_relacionada_meta]]></wp:meta_key>
		<wp:meta_value><![CDATA[a:1:{i:0;s:2:"22";}]]></wp:meta_value>
		</wp:postmeta>
							<wp:postmeta>
		<wp:meta_key><![CDATA[valpa_no_homenaje_meta]]></wp:meta_key>
		<wp:meta_value><![CDATA[0020001081]]></wp:meta_value>
		</wp:postmeta>
							<wp:postmeta>
		<wp:meta_key><![CDATA[servicio_relacionado_meta]]></wp:meta_key>
		<wp:meta_value><![CDATA[a:1:{i:0;s:8:"Sucursal";}]]></wp:meta_value>
		</wp:postmeta>
							<wp:postmeta>
		<wp:meta_key><![CDATA[valpa_nacimiento_dia_meta]]></wp:meta_key>
		<wp:meta_value><![CDATA[08]]></wp:meta_value>
		</wp:postmeta>
							<wp:postmeta>
		<wp:meta_key><![CDATA[valpa_nacimiento_mes_meta]]></wp:meta_key>
		<wp:meta_value><![CDATA[12]]></wp:meta_value>
		</wp:postmeta>
							<wp:postmeta>
		<wp:meta_key><![CDATA[valpa_nacimiento_ano_meta]]></wp:meta_key>
		<wp:meta_value><![CDATA[1962]]></wp:meta_value>
		</wp:postmeta>
							<wp:postmeta>
		<wp:meta_key><![CDATA[post_views_count]]></wp:meta_key>
		<wp:meta_value><![CDATA[2788]]></wp:meta_value>
		</wp:postmeta>
							<wp:postmeta>
		<wp:meta_key><![CDATA[num_velas_meta]]></wp:meta_key>
		<wp:meta_value><![CDATA[130]]></wp:meta_value>
		</wp:postmeta>
							<wp:postmeta>
		<wp:meta_key><![CDATA[num_recuerdos_meta]]></wp:meta_key>
		<wp:meta_value><![CDATA[50]]></wp:meta_value>
		</wp:postmeta>
							</item>
					<item>
		<title><![CDATA[Juana Maximina Molina GonzÃ¡lez]]></title>
		<link>http://localhost/sass-wp/obituario/maximina-juana-molina-gonzalez/</link>
		<pubDate>Mon, 08 Feb 2021 13:34:59 +0000</pubDate>
		<dc:creator><![CDATA[webmaster]]></dc:creator>
		<guid isPermaLink="false">http://valparaiso.com.mx/?post_type=valpa_obituario_pt&#038;p=11073</guid>
		<description></description>
		<content:encoded><![CDATA["Ahora sÃ© que no te volverÃ© a ver. Es una cruel jugada del destino; no me acostumbro a tu ausencia."]]></content:encoded>
		<excerpt:encoded><![CDATA[]]></excerpt:encoded>
		<wp:post_id>11073</wp:post_id>
		<wp:post_date><![CDATA[2021-02-08 13:34:59]]></wp:post_date>
		<wp:post_date_gmt><![CDATA[2021-02-08 13:34:59]]></wp:post_date_gmt>
		<wp:post_modified><![CDATA[2021-02-08 13:34:59]]></wp:post_modified>
		<wp:post_modified_gmt><![CDATA[2021-02-08 13:34:59]]></wp:post_modified_gmt>
		<wp:comment_status><![CDATA[open]]></wp:comment_status>
		<wp:ping_status><![CDATA[closed]]></wp:ping_status>
		<wp:post_name><![CDATA[maximina-juana-molina-gonzalez]]></wp:post_name>
		<wp:status><![CDATA[publish]]></wp:status>
		<wp:post_parent>0</wp:post_parent>
		<wp:menu_order>0</wp:menu_order>
		<wp:post_type><![CDATA[valpa_obituario_pt]]></wp:post_type>
		<wp:post_password><![CDATA[]]></wp:post_password>
		<wp:is_sticky>0</wp:is_sticky>
														<wp:postmeta>
		<wp:meta_key><![CDATA[_edit_last]]></wp:meta_key>
		<wp:meta_value><![CDATA[1]]></wp:meta_value>
		</wp:postmeta>
							<wp:postmeta>
		<wp:meta_key><![CDATA[valpa_no_homenaje_meta]]></wp:meta_key>
		<wp:meta_value><![CDATA[0020001083]]></wp:meta_value>
		</wp:postmeta>
							<wp:postmeta>
		<wp:meta_key><![CDATA[valpa_nacimiento_dia_meta]]></wp:meta_key>
		<wp:meta_value><![CDATA[08]]></wp:meta_value>
		</wp:postmeta>
							<wp:postmeta>
		<wp:meta_key><![CDATA[valpa_nacimiento_mes_meta]]></wp:meta_key>
		<wp:meta_value><![CDATA[06]]></wp:meta_value>
		</wp:postmeta>
							<wp:postmeta>
		<wp:meta_key><![CDATA[valpa_nacimiento_ano_meta]]></wp:meta_key>
		<wp:meta_value><![CDATA[1947]]></wp:meta_value>
		</wp:postmeta>
							<wp:postmeta>
		<wp:meta_key><![CDATA[sucursal_relacionada_meta]]></wp:meta_key>
		<wp:meta_value><![CDATA[a:1:{i:0;s:2:"22";}]]></wp:meta_value>
		</wp:postmeta>
							<wp:postmeta>
		<wp:meta_key><![CDATA[servicio_relacionado_meta]]></wp:meta_key>
		<wp:meta_value><![CDATA[a:1:{i:0;s:8:"Sucursal";}]]></wp:meta_value>
		</wp:postmeta>
							<wp:postmeta>
		<wp:meta_key><![CDATA[post_views_count]]></wp:meta_key>
		<wp:meta_value><![CDATA[204]]></wp:meta_value>
		</wp:postmeta>
							<wp:postmeta>
		<wp:meta_key><![CDATA[num_velas_meta]]></wp:meta_key>
		<wp:meta_value><![CDATA[7]]></wp:meta_value>
		</wp:postmeta>
							<wp:postmeta>
		<wp:meta_key><![CDATA[_thumbnail_id]]></wp:meta_key>
		<wp:meta_value><![CDATA[11196]]></wp:meta_value>
		</wp:postmeta>
							<wp:postmeta>
		<wp:meta_key><![CDATA[num_recuerdos_meta]]></wp:meta_key>
		<wp:meta_value><![CDATA[2]]></wp:meta_value>
		</wp:postmeta>
							</item>
					<item>
		<title><![CDATA[Jonas Urbina Solano]]></title>
		<link>http://localhost/sass-wp/obituario/jonas-urbina-solano/</link>
		<pubDate>Mon, 08 Feb 2021 23:18:23 +0000</pubDate>
		<dc:creator><![CDATA[webmaster]]></dc:creator>
		<guid isPermaLink="false">http://valparaiso.com.mx/?post_type=valpa_obituario_pt&#038;p=11108</guid>
		<description></description>
		<content:encoded><![CDATA["EstarÃ¡s presente en cada momento de mi vida, estarÃ¡s en mis oraciones, cuando llore, cuando rÃ­a... Y al final de mis dÃ­as dirÃ© que nunca te fuiste."]]></content:encoded>
		<excerpt:encoded><![CDATA[]]></excerpt:encoded>
		<wp:post_id>11108</wp:post_id>
		<wp:post_date><![CDATA[2021-02-08 23:18:23]]></wp:post_date>
		<wp:post_date_gmt><![CDATA[2021-02-08 23:18:23]]></wp:post_date_gmt>
		<wp:post_modified><![CDATA[2021-02-08 23:18:23]]></wp:post_modified>
		<wp:post_modified_gmt><![CDATA[2021-02-08 23:18:23]]></wp:post_modified_gmt>
		<wp:comment_status><![CDATA[open]]></wp:comment_status>
		<wp:ping_status><![CDATA[closed]]></wp:ping_status>
		<wp:post_name><![CDATA[jonas-urbina-solano]]></wp:post_name>
		<wp:status><![CDATA[publish]]></wp:status>
		<wp:post_parent>0</wp:post_parent>
		<wp:menu_order>0</wp:menu_order>
		<wp:post_type><![CDATA[valpa_obituario_pt]]></wp:post_type>
		<wp:post_password><![CDATA[]]></wp:post_password>
		<wp:is_sticky>0</wp:is_sticky>
														<wp:postmeta>
		<wp:meta_key><![CDATA[_edit_last]]></wp:meta_key>
		<wp:meta_value><![CDATA[1]]></wp:meta_value>
		</wp:postmeta>
							<wp:postmeta>
		<wp:meta_key><![CDATA[_thumbnail_id]]></wp:meta_key>
		<wp:meta_value><![CDATA[11113]]></wp:meta_value>
		</wp:postmeta>
							<wp:postmeta>
		<wp:meta_key><![CDATA[sucursal_relacionada_meta]]></wp:meta_key>
		<wp:meta_value><![CDATA[a:1:{i:0;s:2:"22";}]]></wp:meta_value>
		</wp:postmeta>
							<wp:postmeta>
		<wp:meta_key><![CDATA[valpa_no_homenaje_meta]]></wp:meta_key>
		<wp:meta_value><![CDATA[]]></wp:meta_value>
		</wp:postmeta>
							<wp:postmeta>
		<wp:meta_key><![CDATA[servicio_relacionado_meta]]></wp:meta_key>
		<wp:meta_value><![CDATA[a:1:{i:0;s:9:"Domicilio";}]]></wp:meta_value>
		</wp:postmeta>
							<wp:postmeta>
		<wp:meta_key><![CDATA[valpa_nacimiento_dia_meta]]></wp:meta_key>
		<wp:meta_value><![CDATA[20]]></wp:meta_value>
		</wp:postmeta>
							<wp:postmeta>
		<wp:meta_key><![CDATA[valpa_nacimiento_mes_meta]]></wp:meta_key>
		<wp:meta_value><![CDATA[10]]></wp:meta_value>
		</wp:postmeta>
							<wp:postmeta>
		<wp:meta_key><![CDATA[valpa_nacimiento_ano_meta]]></wp:meta_key>
		<wp:meta_value><![CDATA[1972]]></wp:meta_value>
		</wp:postmeta>
							<wp:postmeta>
		<wp:meta_key><![CDATA[post_views_count]]></wp:meta_key>
		<wp:meta_value><![CDATA[123]]></wp:meta_value>
		</wp:postmeta>
							<wp:postmeta>
		<wp:meta_key><![CDATA[num_velas_meta]]></wp:meta_key>
		<wp:meta_value><![CDATA[3]]></wp:meta_value>
		</wp:postmeta>
							</item>
					<item>
		<title><![CDATA[Gudelia Sandoval Chepe]]></title>
		<link>http://localhost/sass-wp/obituario/gudelia-sandoval-chepe/</link>
		<pubDate>Tue, 09 Feb 2021 11:34:14 +0000</pubDate>
		<dc:creator><![CDATA[webmaster]]></dc:creator>
		<guid isPermaLink="false">http://valparaiso.com.mx/?post_type=valpa_obituario_pt&#038;p=11130</guid>
		<description></description>
		<content:encoded><![CDATA["Hasta pronto, que brille para ti la luz que no tiene fin."]]></content:encoded>
		<excerpt:encoded><![CDATA[]]></excerpt:encoded>
		<wp:post_id>11130</wp:post_id>
		<wp:post_date><![CDATA[2021-02-09 11:34:14]]></wp:post_date>
		<wp:post_date_gmt><![CDATA[2021-02-09 11:34:14]]></wp:post_date_gmt>
		<wp:post_modified><![CDATA[2021-02-09 11:34:14]]></wp:post_modified>
		<wp:post_modified_gmt><![CDATA[2021-02-09 11:34:14]]></wp:post_modified_gmt>
		<wp:comment_status><![CDATA[open]]></wp:comment_status>
		<wp:ping_status><![CDATA[closed]]></wp:ping_status>
		<wp:post_name><![CDATA[gudelia-sandoval-chepe]]></wp:post_name>
		<wp:status><![CDATA[publish]]></wp:status>
		<wp:post_parent>0</wp:post_parent>
		<wp:menu_order>0</wp:menu_order>
		<wp:post_type><![CDATA[valpa_obituario_pt]]></wp:post_type>
		<wp:post_password><![CDATA[]]></wp:post_password>
		<wp:is_sticky>0</wp:is_sticky>
														<wp:postmeta>
		<wp:meta_key><![CDATA[_edit_last]]></wp:meta_key>
		<wp:meta_value><![CDATA[1]]></wp:meta_value>
		</wp:postmeta>
							<wp:postmeta>
		<wp:meta_key><![CDATA[valpa_no_homenaje_meta]]></wp:meta_key>
		<wp:meta_value><![CDATA[0020001087]]></wp:meta_value>
		</wp:postmeta>
							<wp:postmeta>
		<wp:meta_key><![CDATA[valpa_nacimiento_dia_meta]]></wp:meta_key>
		<wp:meta_value><![CDATA[29]]></wp:meta_value>
		</wp:postmeta>
							<wp:postmeta>
		<wp:meta_key><![CDATA[valpa_nacimiento_mes_meta]]></wp:meta_key>
		<wp:meta_value><![CDATA[09]]></wp:meta_value>
		</wp:postmeta>
							<wp:postmeta>
		<wp:meta_key><![CDATA[valpa_nacimiento_ano_meta]]></wp:meta_key>
		<wp:meta_value><![CDATA[1942]]></wp:meta_value>
		</wp:postmeta>
							<wp:postmeta>
		<wp:meta_key><![CDATA[post_views_count]]></wp:meta_key>
		<wp:meta_value><![CDATA[688]]></wp:meta_value>
		</wp:postmeta>
							<wp:postmeta>
		<wp:meta_key><![CDATA[_thumbnail_id]]></wp:meta_key>
		<wp:meta_value><![CDATA[11165]]></wp:meta_value>
		</wp:postmeta>
							<wp:postmeta>
		<wp:meta_key><![CDATA[sucursal_relacionada_meta]]></wp:meta_key>
		<wp:meta_value><![CDATA[a:1:{i:0;s:2:"22";}]]></wp:meta_value>
		</wp:postmeta>
							<wp:postmeta>
		<wp:meta_key><![CDATA[servicio_relacionado_meta]]></wp:meta_key>
		<wp:meta_value><![CDATA[a:1:{i:0;s:8:"Sucursal";}]]></wp:meta_value>
		</wp:postmeta>
							<wp:postmeta>
		<wp:meta_key><![CDATA[num_velas_meta]]></wp:meta_key>
		<wp:meta_value><![CDATA[38]]></wp:meta_value>
		</wp:postmeta>
							<wp:postmeta>
		<wp:meta_key><![CDATA[num_recuerdos_meta]]></wp:meta_key>
		<wp:meta_value><![CDATA[6]]></wp:meta_value>
		</wp:postmeta>
							</item>
					<item>
		<title><![CDATA[Bernarda Remedios Perez Reyes]]></title>
		<link>http://localhost/sass-wp/obituario/bernarda-remedios-perez-reyes/</link>
		<pubDate>Tue, 09 Feb 2021 19:32:40 +0000</pubDate>
		<dc:creator><![CDATA[webmaster]]></dc:creator>
		<guid isPermaLink="false">http://valparaiso.com.mx/?post_type=valpa_obituario_pt&#038;p=11249</guid>
		<description></description>
		<content:encoded><![CDATA["No estÃ©n tristes y alegren sus penas.
Yo estarÃ© cerca y permanecerÃ© viva en el cariÃ±o y el recuerdo de todos ustedes.
Les mando muchos saludos a todos, gracias por todos esos momentos buenos y malos que nos tocaron vivir.
Es momento de marcharme al camino de luz y felicidad, yo los estarÃ© esperando como siempre con alegrÃ­a y con los brazos abiertos, les dirÃ© con una sonrisa grandiosa, ahora sÃ­ por siempre estaremos juntos."]]></content:encoded>
		<excerpt:encoded><![CDATA[]]></excerpt:encoded>
		<wp:post_id>11249</wp:post_id>
		<wp:post_date><![CDATA[2021-02-09 19:32:40]]></wp:post_date>
		<wp:post_date_gmt><![CDATA[2021-02-09 19:32:40]]></wp:post_date_gmt>
		<wp:post_modified><![CDATA[2021-02-09 19:32:40]]></wp:post_modified>
		<wp:post_modified_gmt><![CDATA[2021-02-09 19:32:40]]></wp:post_modified_gmt>
		<wp:comment_status><![CDATA[open]]></wp:comment_status>
		<wp:ping_status><![CDATA[closed]]></wp:ping_status>
		<wp:post_name><![CDATA[bernarda-remedios-perez-reyes]]></wp:post_name>
		<wp:status><![CDATA[publish]]></wp:status>
		<wp:post_parent>0</wp:post_parent>
		<wp:menu_order>0</wp:menu_order>
		<wp:post_type><![CDATA[valpa_obituario_pt]]></wp:post_type>
		<wp:post_password><![CDATA[]]></wp:post_password>
		<wp:is_sticky>0</wp:is_sticky>
														<wp:postmeta>
		<wp:meta_key><![CDATA[_edit_last]]></wp:meta_key>
		<wp:meta_value><![CDATA[1]]></wp:meta_value>
		</wp:postmeta>
							<wp:postmeta>
		<wp:meta_key><![CDATA[_thumbnail_id]]></wp:meta_key>
		<wp:meta_value><![CDATA[11270]]></wp:meta_value>
		</wp:postmeta>
							<wp:postmeta>
		<wp:meta_key><![CDATA[sucursal_relacionada_meta]]></wp:meta_key>
		<wp:meta_value><![CDATA[a:1:{i:0;s:2:"22";}]]></wp:meta_value>
		</wp:postmeta>
							<wp:postmeta>
		<wp:meta_key><![CDATA[valpa_no_homenaje_meta]]></wp:meta_key>
		<wp:meta_value><![CDATA[0020001086]]></wp:meta_value>
		</wp:postmeta>
							<wp:postmeta>
		<wp:meta_key><![CDATA[servicio_relacionado_meta]]></wp:meta_key>
		<wp:meta_value><![CDATA[a:1:{i:0;s:9:"Domicilio";}]]></wp:meta_value>
		</wp:postmeta>
							<wp:postmeta>
		<wp:meta_key><![CDATA[valpa_nacimiento_dia_meta]]></wp:meta_key>
		<wp:meta_value><![CDATA[20]]></wp:meta_value>
		</wp:postmeta>
							<wp:postmeta>
		<wp:meta_key><![CDATA[valpa_nacimiento_mes_meta]]></wp:meta_key>
		<wp:meta_value><![CDATA[08]]></wp:meta_value>
		</wp:postmeta>
							<wp:postmeta>
		<wp:meta_key><![CDATA[valpa_nacimiento_ano_meta]]></wp:meta_key>
		<wp:meta_value><![CDATA[1941]]></wp:meta_value>
		</wp:postmeta>
							<wp:postmeta>
		<wp:meta_key><![CDATA[post_views_count]]></wp:meta_key>
		<wp:meta_value><![CDATA[293]]></wp:meta_value>
		</wp:postmeta>
							<wp:postmeta>
		<wp:meta_key><![CDATA[num_velas_meta]]></wp:meta_key>
		<wp:meta_value><![CDATA[22]]></wp:meta_value>
		</wp:postmeta>
							<wp:postmeta>
		<wp:meta_key><![CDATA[num_recuerdos_meta]]></wp:meta_key>
		<wp:meta_value><![CDATA[8]]></wp:meta_value>
		</wp:postmeta>
							</item>
					<item>
		<title><![CDATA[Benito HernÃ¡ndez HernÃ¡ndez]]></title>
		<link>http://localhost/sass-wp/obituario/benito-hernandez-hernandez/</link>
		<pubDate>Tue, 09 Feb 2021 20:24:41 +0000</pubDate>
		<dc:creator><![CDATA[webmaster]]></dc:creator>
		<guid isPermaLink="false">http://valparaiso.com.mx/?post_type=valpa_obituario_pt&#038;p=11274</guid>
		<description></description>
		<content:encoded><![CDATA[âTus valores y enseÃ±anzas viven en nosotros y te hacen inmortal."]]></content:encoded>
		<excerpt:encoded><![CDATA[]]></excerpt:encoded>
		<wp:post_id>11274</wp:post_id>
		<wp:post_date><![CDATA[2021-02-09 20:24:41]]></wp:post_date>
		<wp:post_date_gmt><![CDATA[2021-02-09 20:24:41]]></wp:post_date_gmt>
		<wp:post_modified><![CDATA[2021-02-09 20:24:41]]></wp:post_modified>
		<wp:post_modified_gmt><![CDATA[2021-02-09 20:24:41]]></wp:post_modified_gmt>
		<wp:comment_status><![CDATA[open]]></wp:comment_status>
		<wp:ping_status><![CDATA[closed]]></wp:ping_status>
		<wp:post_name><![CDATA[benito-hernandez-hernandez]]></wp:post_name>
		<wp:status><![CDATA[publish]]></wp:status>
		<wp:post_parent>0</wp:post_parent>
		<wp:menu_order>0</wp:menu_order>
		<wp:post_type><![CDATA[valpa_obituario_pt]]></wp:post_type>
		<wp:post_password><![CDATA[]]></wp:post_password>
		<wp:is_sticky>0</wp:is_sticky>
														<wp:postmeta>
		<wp:meta_key><![CDATA[_edit_last]]></wp:meta_key>
		<wp:meta_value><![CDATA[1]]></wp:meta_value>
		</wp:postmeta>
							<wp:postmeta>
		<wp:meta_key><![CDATA[_thumbnail_id]]></wp:meta_key>
		<wp:meta_value><![CDATA[11283]]></wp:meta_value>
		</wp:postmeta>
							<wp:postmeta>
		<wp:meta_key><![CDATA[sucursal_relacionada_meta]]></wp:meta_key>
		<wp:meta_value><![CDATA[a:1:{i:0;s:2:"22";}]]></wp:meta_value>
		</wp:postmeta>
							<wp:postmeta>
		<wp:meta_key><![CDATA[valpa_no_homenaje_meta]]></wp:meta_key>
		<wp:meta_value><![CDATA[0020001088]]></wp:meta_value>
		</wp:postmeta>
							<wp:postmeta>
		<wp:meta_key><![CDATA[servicio_relacionado_meta]]></wp:meta_key>
		<wp:meta_value><![CDATA[a:1:{i:0;s:8:"Sucursal";}]]></wp:meta_value>
		</wp:postmeta>
							<wp:postmeta>
		<wp:meta_key><![CDATA[valpa_nacimiento_dia_meta]]></wp:meta_key>
		<wp:meta_value><![CDATA[21]]></wp:meta_value>
		</wp:postmeta>
							<wp:postmeta>
		<wp:meta_key><![CDATA[valpa_nacimiento_mes_meta]]></wp:meta_key>
		<wp:meta_value><![CDATA[03]]></wp:meta_value>
		</wp:postmeta>
							<wp:postmeta>
		<wp:meta_key><![CDATA[valpa_nacimiento_ano_meta]]></wp:meta_key>
		<wp:meta_value><![CDATA[1947]]></wp:meta_value>
		</wp:postmeta>
							<wp:postmeta>
		<wp:meta_key><![CDATA[post_views_count]]></wp:meta_key>
		<wp:meta_value><![CDATA[126]]></wp:meta_value>
		</wp:postmeta>
							<wp:postmeta>
		<wp:meta_key><![CDATA[num_velas_meta]]></wp:meta_key>
		<wp:meta_value><![CDATA[3]]></wp:meta_value>
		</wp:postmeta>
							<wp:postmeta>
		<wp:meta_key><![CDATA[num_recuerdos_meta]]></wp:meta_key>
		<wp:meta_value><![CDATA[1]]></wp:meta_value>
		</wp:postmeta>
							</item>
					<item>
		<title><![CDATA[Lourdes Cruz Velazquez]]></title>
		<link>http://localhost/sass-wp/obituario/lourdes-cruz-velazquez/</link>
		<pubDate>Tue, 09 Feb 2021 21:59:57 +0000</pubDate>
		<dc:creator><![CDATA[webmaster]]></dc:creator>
		<guid isPermaLink="false">http://valparaiso.com.mx/?post_type=valpa_obituario_pt&#038;p=11289</guid>
		<description></description>
		<content:encoded><![CDATA["Te amarÃ©, aunque tengas manos frÃ­as, te amarÃ© con tu mala ortografÃ­a, con tu no saber perder... Con defectos y virtudes Â¡Â¡Â¡Por siempre te amarÃ©, LulÃº!!!"]]></content:encoded>
		<excerpt:encoded><![CDATA[]]></excerpt:encoded>
		<wp:post_id>11289</wp:post_id>
		<wp:post_date><![CDATA[2021-02-09 21:59:57]]></wp:post_date>
		<wp:post_date_gmt><![CDATA[2021-02-09 21:59:57]]></wp:post_date_gmt>
		<wp:post_modified><![CDATA[2021-02-09 21:59:57]]></wp:post_modified>
		<wp:post_modified_gmt><![CDATA[2021-02-09 21:59:57]]></wp:post_modified_gmt>
		<wp:comment_status><![CDATA[open]]></wp:comment_status>
		<wp:ping_status><![CDATA[closed]]></wp:ping_status>
		<wp:post_name><![CDATA[lourdes-cruz-velazquez]]></wp:post_name>
		<wp:status><![CDATA[publish]]></wp:status>
		<wp:post_parent>0</wp:post_parent>
		<wp:menu_order>0</wp:menu_order>
		<wp:post_type><![CDATA[valpa_obituario_pt]]></wp:post_type>
		<wp:post_password><![CDATA[]]></wp:post_password>
		<wp:is_sticky>0</wp:is_sticky>
														<wp:postmeta>
		<wp:meta_key><![CDATA[_edit_last]]></wp:meta_key>
		<wp:meta_value><![CDATA[1]]></wp:meta_value>
		</wp:postmeta>
							<wp:postmeta>
		<wp:meta_key><![CDATA[_thumbnail_id]]></wp:meta_key>
		<wp:meta_value><![CDATA[11297]]></wp:meta_value>
		</wp:postmeta>
							<wp:postmeta>
		<wp:meta_key><![CDATA[sucursal_relacionada_meta]]></wp:meta_key>
		<wp:meta_value><![CDATA[a:1:{i:0;s:2:"22";}]]></wp:meta_value>
		</wp:postmeta>
							<wp:postmeta>
		<wp:meta_key><![CDATA[valpa_no_homenaje_meta]]></wp:meta_key>
		<wp:meta_value><![CDATA[0020001076]]></wp:meta_value>
		</wp:postmeta>
							<wp:postmeta>
		<wp:meta_key><![CDATA[servicio_relacionado_meta]]></wp:meta_key>
		<wp:meta_value><![CDATA[a:1:{i:0;s:9:"Domicilio";}]]></wp:meta_value>
		</wp:postmeta>
							<wp:postmeta>
		<wp:meta_key><![CDATA[valpa_nacimiento_dia_meta]]></wp:meta_key>
		<wp:meta_value><![CDATA[19]]></wp:meta_value>
		</wp:postmeta>
							<wp:postmeta>
		<wp:meta_key><![CDATA[valpa_nacimiento_mes_meta]]></wp:meta_key>
		<wp:meta_value><![CDATA[07]]></wp:meta_value>
		</wp:postmeta>
							<wp:postmeta>
		<wp:meta_key><![CDATA[valpa_nacimiento_ano_meta]]></wp:meta_key>
		<wp:meta_value><![CDATA[1960]]></wp:meta_value>
		</wp:postmeta>
							<wp:postmeta>
		<wp:meta_key><![CDATA[post_views_count]]></wp:meta_key>
		<wp:meta_value><![CDATA[79]]></wp:meta_value>
		</wp:postmeta>
							<wp:postmeta>
		<wp:meta_key><![CDATA[num_velas_meta]]></wp:meta_key>
		<wp:meta_value><![CDATA[1]]></wp:meta_value>
		</wp:postmeta>
							<wp:postmeta>
		<wp:meta_key><![CDATA[num_recuerdos_meta]]></wp:meta_key>
		<wp:meta_value><![CDATA[1]]></wp:meta_value>
		</wp:postmeta>
							</item>
					<item>
		<title><![CDATA[Amador GarcÃ­a Sanabria]]></title>
		<link>http://localhost/sass-wp/obituario/amador-garcia-sanabria/</link>
		<pubDate>Wed, 10 Feb 2021 00:28:19 +0000</pubDate>
		<dc:creator><![CDATA[webmaster]]></dc:creator>
		<guid isPermaLink="false">http://valparaiso.com.mx/?post_type=valpa_obituario_pt&#038;p=11321</guid>
		<description></description>
		<content:encoded><![CDATA["La muerte deja un dolor en el corazÃ³n, que nadie puede sanar pero, el amor deja una memoria que nadie puede robar."]]></content:encoded>
		<excerpt:encoded><![CDATA[]]></excerpt:encoded>
		<wp:post_id>11321</wp:post_id>
		<wp:post_date><![CDATA[2021-02-10 00:28:19]]></wp:post_date>
		<wp:post_date_gmt><![CDATA[2021-02-10 00:28:19]]></wp:post_date_gmt>
		<wp:post_modified><![CDATA[2021-02-10 00:28:19]]></wp:post_modified>
		<wp:post_modified_gmt><![CDATA[2021-02-10 00:28:19]]></wp:post_modified_gmt>
		<wp:comment_status><![CDATA[open]]></wp:comment_status>
		<wp:ping_status><![CDATA[closed]]></wp:ping_status>
		<wp:post_name><![CDATA[amador-garcia-sanabria]]></wp:post_name>
		<wp:status><![CDATA[publish]]></wp:status>
		<wp:post_parent>0</wp:post_parent>
		<wp:menu_order>0</wp:menu_order>
		<wp:post_type><![CDATA[valpa_obituario_pt]]></wp:post_type>
		<wp:post_password><![CDATA[]]></wp:post_password>
		<wp:is_sticky>0</wp:is_sticky>
														<wp:postmeta>
		<wp:meta_key><![CDATA[_edit_last]]></wp:meta_key>
		<wp:meta_value><![CDATA[1]]></wp:meta_value>
		</wp:postmeta>
							<wp:postmeta>
		<wp:meta_key><![CDATA[_thumbnail_id]]></wp:meta_key>
		<wp:meta_value><![CDATA[11344]]></wp:meta_value>
		</wp:postmeta>
							<wp:postmeta>
		<wp:meta_key><![CDATA[sucursal_relacionada_meta]]></wp:meta_key>
		<wp:meta_value><![CDATA[a:1:{i:0;s:2:"22";}]]></wp:meta_value>
		</wp:postmeta>
							<wp:postmeta>
		<wp:meta_key><![CDATA[valpa_no_homenaje_meta]]></wp:meta_key>
		<wp:meta_value><![CDATA[0020001061]]></wp:meta_value>
		</wp:postmeta>
							<wp:postmeta>
		<wp:meta_key><![CDATA[servicio_relacionado_meta]]></wp:meta_key>
		<wp:meta_value><![CDATA[a:1:{i:0;s:9:"Domicilio";}]]></wp:meta_value>
		</wp:postmeta>
							<wp:postmeta>
		<wp:meta_key><![CDATA[valpa_nacimiento_dia_meta]]></wp:meta_key>
		<wp:meta_value><![CDATA[13]]></wp:meta_value>
		</wp:postmeta>
							<wp:postmeta>
		<wp:meta_key><![CDATA[valpa_nacimiento_mes_meta]]></wp:meta_key>
		<wp:meta_value><![CDATA[09]]></wp:meta_value>
		</wp:postmeta>
							<wp:postmeta>
		<wp:meta_key><![CDATA[valpa_nacimiento_ano_meta]]></wp:meta_key>
		<wp:meta_value><![CDATA[1937]]></wp:meta_value>
		</wp:postmeta>
							<wp:postmeta>
		<wp:meta_key><![CDATA[post_views_count]]></wp:meta_key>
		<wp:meta_value><![CDATA[194]]></wp:meta_value>
		</wp:postmeta>
							<wp:postmeta>
		<wp:meta_key><![CDATA[num_recuerdos_meta]]></wp:meta_key>
		<wp:meta_value><![CDATA[6]]></wp:meta_value>
		</wp:postmeta>
							<wp:postmeta>
		<wp:meta_key><![CDATA[num_velas_meta]]></wp:meta_key>
		<wp:meta_value><![CDATA[17]]></wp:meta_value>
		</wp:postmeta>
							</item>
					<item>
		<title><![CDATA[HÃ©ctor PiÃ±a Casimiro]]></title>
		<link>http://localhost/sass-wp/obituario/hector-pina-casimiro/</link>
		<pubDate>Wed, 10 Feb 2021 00:40:41 +0000</pubDate>
		<dc:creator><![CDATA[webmaster]]></dc:creator>
		<guid isPermaLink="false">http://valparaiso.com.mx/?post_type=valpa_obituario_pt&#038;p=11347</guid>
		<description></description>
		<content:encoded><![CDATA["La muerte deja un dolor en el corazÃ³n, que nadie puede sanar pero el amor deja una memoria que nadie puede robar"]]></content:encoded>
		<excerpt:encoded><![CDATA[]]></excerpt:encoded>
		<wp:post_id>11347</wp:post_id>
		<wp:post_date><![CDATA[2021-02-10 00:40:41]]></wp:post_date>
		<wp:post_date_gmt><![CDATA[2021-02-10 00:40:41]]></wp:post_date_gmt>
		<wp:post_modified><![CDATA[2021-02-10 00:40:41]]></wp:post_modified>
		<wp:post_modified_gmt><![CDATA[2021-02-10 00:40:41]]></wp:post_modified_gmt>
		<wp:comment_status><![CDATA[open]]></wp:comment_status>
		<wp:ping_status><![CDATA[closed]]></wp:ping_status>
		<wp:post_name><![CDATA[hector-pina-casimiro]]></wp:post_name>
		<wp:status><![CDATA[publish]]></wp:status>
		<wp:post_parent>0</wp:post_parent>
		<wp:menu_order>0</wp:menu_order>
		<wp:post_type><![CDATA[valpa_obituario_pt]]></wp:post_type>
		<wp:post_password><![CDATA[]]></wp:post_password>
		<wp:is_sticky>0</wp:is_sticky>
														<wp:postmeta>
		<wp:meta_key><![CDATA[_edit_last]]></wp:meta_key>
		<wp:meta_value><![CDATA[1]]></wp:meta_value>
		</wp:postmeta>
							<wp:postmeta>
		<wp:meta_key><![CDATA[_thumbnail_id]]></wp:meta_key>
		<wp:meta_value><![CDATA[11348]]></wp:meta_value>
		</wp:postmeta>
							<wp:postmeta>
		<wp:meta_key><![CDATA[sucursal_relacionada_meta]]></wp:meta_key>
		<wp:meta_value><![CDATA[a:1:{i:0;s:2:"22";}]]></wp:meta_value>
		</wp:postmeta>
							<wp:postmeta>
		<wp:meta_key><![CDATA[valpa_no_homenaje_meta]]></wp:meta_key>
		<wp:meta_value><![CDATA[0020001068]]></wp:meta_value>
		</wp:postmeta>
							<wp:postmeta>
		<wp:meta_key><![CDATA[servicio_relacionado_meta]]></wp:meta_key>
		<wp:meta_value><![CDATA[a:1:{i:0;s:9:"Domicilio";}]]></wp:meta_value>
		</wp:postmeta>
							<wp:postmeta>
		<wp:meta_key><![CDATA[valpa_nacimiento_dia_meta]]></wp:meta_key>
		<wp:meta_value><![CDATA[07]]></wp:meta_value>
		</wp:postmeta>
							<wp:postmeta>
		<wp:meta_key><![CDATA[valpa_nacimiento_mes_meta]]></wp:meta_key>
		<wp:meta_value><![CDATA[11]]></wp:meta_value>
		</wp:postmeta>
							<wp:postmeta>
		<wp:meta_key><![CDATA[valpa_nacimiento_ano_meta]]></wp:meta_key>
		<wp:meta_value><![CDATA[1963]]></wp:meta_value>
		</wp:postmeta>
							<wp:postmeta>
		<wp:meta_key><![CDATA[post_views_count]]></wp:meta_key>
		<wp:meta_value><![CDATA[59]]></wp:meta_value>
		</wp:postmeta>
							<wp:postmeta>
		<wp:meta_key><![CDATA[num_velas_meta]]></wp:meta_key>
		<wp:meta_value><![CDATA[1]]></wp:meta_value>
		</wp:postmeta>
							<wp:postmeta>
		<wp:meta_key><![CDATA[num_recuerdos_meta]]></wp:meta_key>
		<wp:meta_value><![CDATA[1]]></wp:meta_value>
		</wp:postmeta>
							</item>
					<item>
		<title><![CDATA[Teodora AlanÃ­z GuzmÃ¡n]]></title>
		<link>http://localhost/sass-wp/obituario/teodora-alaniz-guzman/</link>
		<pubDate>Wed, 10 Feb 2021 01:46:28 +0000</pubDate>
		<dc:creator><![CDATA[webmaster]]></dc:creator>
		<guid isPermaLink="false">http://valparaiso.com.mx/?post_type=valpa_obituario_pt&#038;p=11357</guid>
		<description></description>
		<content:encoded><![CDATA["A pesar de no estar presente en cuerpo, tÃº estarÃ¡s con nosotros por siempre en nuestros corazones."]]></content:encoded>
		<excerpt:encoded><![CDATA[]]></excerpt:encoded>
		<wp:post_id>11357</wp:post_id>
		<wp:post_date><![CDATA[2021-02-10 01:46:28]]></wp:post_date>
		<wp:post_date_gmt><![CDATA[2021-02-10 01:46:28]]></wp:post_date_gmt>
		<wp:post_modified><![CDATA[2021-02-10 01:46:28]]></wp:post_modified>
		<wp:post_modified_gmt><![CDATA[2021-02-10 01:46:28]]></wp:post_modified_gmt>
		<wp:comment_status><![CDATA[open]]></wp:comment_status>
		<wp:ping_status><![CDATA[closed]]></wp:ping_status>
		<wp:post_name><![CDATA[teodora-alaniz-guzman]]></wp:post_name>
		<wp:status><![CDATA[publish]]></wp:status>
		<wp:post_parent>0</wp:post_parent>
		<wp:menu_order>0</wp:menu_order>
		<wp:post_type><![CDATA[valpa_obituario_pt]]></wp:post_type>
		<wp:post_password><![CDATA[]]></wp:post_password>
		<wp:is_sticky>0</wp:is_sticky>
														<wp:postmeta>
		<wp:meta_key><![CDATA[_edit_last]]></wp:meta_key>
		<wp:meta_value><![CDATA[1]]></wp:meta_value>
		</wp:postmeta>
							<wp:postmeta>
		<wp:meta_key><![CDATA[post_views_count]]></wp:meta_key>
		<wp:meta_value><![CDATA[215]]></wp:meta_value>
		</wp:postmeta>
							<wp:postmeta>
		<wp:meta_key><![CDATA[_thumbnail_id]]></wp:meta_key>
		<wp:meta_value><![CDATA[11358]]></wp:meta_value>
		</wp:postmeta>
							<wp:postmeta>
		<wp:meta_key><![CDATA[sucursal_relacionada_meta]]></wp:meta_key>
		<wp:meta_value><![CDATA[a:1:{i:0;s:2:"22";}]]></wp:meta_value>
		</wp:postmeta>
							<wp:postmeta>
		<wp:meta_key><![CDATA[valpa_no_homenaje_meta]]></wp:meta_key>
		<wp:meta_value><![CDATA[0020000985]]></wp:meta_value>
		</wp:postmeta>
							<wp:postmeta>
		<wp:meta_key><![CDATA[valpa_nacimiento_dia_meta]]></wp:meta_key>
		<wp:meta_value><![CDATA[22]]></wp:meta_value>
		</wp:postmeta>
							<wp:postmeta>
		<wp:meta_key><![CDATA[valpa_nacimiento_mes_meta]]></wp:meta_key>
		<wp:meta_value><![CDATA[12]]></wp:meta_value>
		</wp:postmeta>
							<wp:postmeta>
		<wp:meta_key><![CDATA[valpa_nacimiento_ano_meta]]></wp:meta_key>
		<wp:meta_value><![CDATA[1944]]></wp:meta_value>
		</wp:postmeta>
							<wp:postmeta>
		<wp:meta_key><![CDATA[num_velas_meta]]></wp:meta_key>
		<wp:meta_value><![CDATA[17]]></wp:meta_value>
		</wp:postmeta>
							<wp:postmeta>
		<wp:meta_key><![CDATA[num_recuerdos_meta]]></wp:meta_key>
		<wp:meta_value><![CDATA[5]]></wp:meta_value>
		</wp:postmeta>
							</item>
					<item>
		<title><![CDATA[Esther JimÃ©nez Morales]]></title>
		<link>http://localhost/sass-wp/obituario/esther-jimenez-morales/</link>
		<pubDate>Wed, 10 Feb 2021 02:19:48 +0000</pubDate>
		<dc:creator><![CDATA[webmaster]]></dc:creator>
		<guid isPermaLink="false">http://valparaiso.com.mx/?post_type=valpa_obituario_pt&#038;p=11384</guid>
		<description></description>
		<content:encoded><![CDATA["Tus alas ya estaban listas para irte, pero mi corazÃ³n no estaba listo para dejarte partir."]]></content:encoded>
		<excerpt:encoded><![CDATA[]]></excerpt:encoded>
		<wp:post_id>11384</wp:post_id>
		<wp:post_date><![CDATA[2021-02-10 02:19:48]]></wp:post_date>
		<wp:post_date_gmt><![CDATA[2021-02-10 02:19:48]]></wp:post_date_gmt>
		<wp:post_modified><![CDATA[2021-02-10 02:19:48]]></wp:post_modified>
		<wp:post_modified_gmt><![CDATA[2021-02-10 02:19:48]]></wp:post_modified_gmt>
		<wp:comment_status><![CDATA[open]]></wp:comment_status>
		<wp:ping_status><![CDATA[closed]]></wp:ping_status>
		<wp:post_name><![CDATA[esther-jimenez-morales]]></wp:post_name>
		<wp:status><![CDATA[publish]]></wp:status>
		<wp:post_parent>0</wp:post_parent>
		<wp:menu_order>0</wp:menu_order>
		<wp:post_type><![CDATA[valpa_obituario_pt]]></wp:post_type>
		<wp:post_password><![CDATA[]]></wp:post_password>
		<wp:is_sticky>0</wp:is_sticky>
														<wp:postmeta>
		<wp:meta_key><![CDATA[_edit_last]]></wp:meta_key>
		<wp:meta_value><![CDATA[1]]></wp:meta_value>
		</wp:postmeta>
							<wp:postmeta>
		<wp:meta_key><![CDATA[_thumbnail_id]]></wp:meta_key>
		<wp:meta_value><![CDATA[11394]]></wp:meta_value>
		</wp:postmeta>
							<wp:postmeta>
		<wp:meta_key><![CDATA[sucursal_relacionada_meta]]></wp:meta_key>
		<wp:meta_value><![CDATA[a:1:{i:0;s:2:"22";}]]></wp:meta_value>
		</wp:postmeta>
							<wp:postmeta>
		<wp:meta_key><![CDATA[valpa_no_homenaje_meta]]></wp:meta_key>
		<wp:meta_value><![CDATA[0020001041                                                      ]]></wp:meta_value>
		</wp:postmeta>
							<wp:postmeta>
		<wp:meta_key><![CDATA[valpa_nacimiento_dia_meta]]></wp:meta_key>
		<wp:meta_value><![CDATA[26]]></wp:meta_value>
		</wp:postmeta>
							<wp:postmeta>
		<wp:meta_key><![CDATA[valpa_nacimiento_mes_meta]]></wp:meta_key>
		<wp:meta_value><![CDATA[10]]></wp:meta_value>
		</wp:postmeta>
							<wp:postmeta>
		<wp:meta_key><![CDATA[valpa_nacimiento_ano_meta]]></wp:meta_key>
		<wp:meta_value><![CDATA[1948]]></wp:meta_value>
		</wp:postmeta>
							<wp:postmeta>
		<wp:meta_key><![CDATA[post_views_count]]></wp:meta_key>
		<wp:meta_value><![CDATA[143]]></wp:meta_value>
		</wp:postmeta>
							<wp:postmeta>
		<wp:meta_key><![CDATA[num_velas_meta]]></wp:meta_key>
		<wp:meta_value><![CDATA[1]]></wp:meta_value>
		</wp:postmeta>
							<wp:postmeta>
		<wp:meta_key><![CDATA[num_recuerdos_meta]]></wp:meta_key>
		<wp:meta_value><![CDATA[1]]></wp:meta_value>
		</wp:postmeta>
							</item>
					<item>
		<title><![CDATA[Mario Talavera Vidal]]></title>
		<link>http://localhost/sass-wp/obituario/mario-talavera-vidal/</link>
		<pubDate>Wed, 10 Feb 2021 04:18:33 +0000</pubDate>
		<dc:creator><![CDATA[webmaster]]></dc:creator>
		<guid isPermaLink="false">http://valparaiso.com.mx/?post_type=valpa_obituario_pt&#038;p=11418</guid>
		<description></description>
		<content:encoded><![CDATA["A pesar de no estar presente en cuerpo, tu estarÃ¡s con nosotros por siempre en nuestros corazones."]]></content:encoded>
		<excerpt:encoded><![CDATA[]]></excerpt:encoded>
		<wp:post_id>11418</wp:post_id>
		<wp:post_date><![CDATA[2021-02-10 04:18:33]]></wp:post_date>
		<wp:post_date_gmt><![CDATA[2021-02-10 04:18:33]]></wp:post_date_gmt>
		<wp:post_modified><![CDATA[2021-02-10 04:18:33]]></wp:post_modified>
		<wp:post_modified_gmt><![CDATA[2021-02-10 04:18:33]]></wp:post_modified_gmt>
		<wp:comment_status><![CDATA[open]]></wp:comment_status>
		<wp:ping_status><![CDATA[closed]]></wp:ping_status>
		<wp:post_name><![CDATA[mario-talavera-vidal]]></wp:post_name>
		<wp:status><![CDATA[publish]]></wp:status>
		<wp:post_parent>0</wp:post_parent>
		<wp:menu_order>0</wp:menu_order>
		<wp:post_type><![CDATA[valpa_obituario_pt]]></wp:post_type>
		<wp:post_password><![CDATA[]]></wp:post_password>
		<wp:is_sticky>0</wp:is_sticky>
														<wp:postmeta>
		<wp:meta_key><![CDATA[_edit_last]]></wp:meta_key>
		<wp:meta_value><![CDATA[1]]></wp:meta_value>
		</wp:postmeta>
							<wp:postmeta>
		<wp:meta_key><![CDATA[_thumbnail_id]]></wp:meta_key>
		<wp:meta_value><![CDATA[11438]]></wp:meta_value>
		</wp:postmeta>
							<wp:postmeta>
		<wp:meta_key><![CDATA[sucursal_relacionada_meta]]></wp:meta_key>
		<wp:meta_value><![CDATA[a:1:{i:0;s:2:"22";}]]></wp:meta_value>
		</wp:postmeta>
							<wp:postmeta>
		<wp:meta_key><![CDATA[valpa_no_homenaje_meta]]></wp:meta_key>
		<wp:meta_value><![CDATA[0020001089]]></wp:meta_value>
		</wp:postmeta>
							<wp:postmeta>
		<wp:meta_key><![CDATA[valpa_nacimiento_dia_meta]]></wp:meta_key>
		<wp:meta_value><![CDATA[28]]></wp:meta_value>
		</wp:postmeta>
							<wp:postmeta>
		<wp:meta_key><![CDATA[valpa_nacimiento_mes_meta]]></wp:meta_key>
		<wp:meta_value><![CDATA[11]]></wp:meta_value>
		</wp:postmeta>
							<wp:postmeta>
		<wp:meta_key><![CDATA[valpa_nacimiento_ano_meta]]></wp:meta_key>
		<wp:meta_value><![CDATA[1945]]></wp:meta_value>
		</wp:postmeta>
							<wp:postmeta>
		<wp:meta_key><![CDATA[post_views_count]]></wp:meta_key>
		<wp:meta_value><![CDATA[1034]]></wp:meta_value>
		</wp:postmeta>
							<wp:postmeta>
		<wp:meta_key><![CDATA[num_velas_meta]]></wp:meta_key>
		<wp:meta_value><![CDATA[79]]></wp:meta_value>
		</wp:postmeta>
							<wp:postmeta>
		<wp:meta_key><![CDATA[num_recuerdos_meta]]></wp:meta_key>
		<wp:meta_value><![CDATA[14]]></wp:meta_value>
		</wp:postmeta>
							</item>
					<item>
		<title><![CDATA[Jose Luis PeÃ±a Ãlvarez]]></title>
		<link>http://localhost/sass-wp/obituario/jose-luis-pena-alvarez/</link>
		<pubDate>Wed, 10 Feb 2021 09:21:54 +0000</pubDate>
		<dc:creator><![CDATA[webmaster]]></dc:creator>
		<guid isPermaLink="false">http://valparaiso.com.mx/?post_type=valpa_obituario_pt&#038;p=11453</guid>
		<description></description>
		<content:encoded><![CDATA["Hasta pronto, que brille para ti la luz que no tiene fin."]]></content:encoded>
		<excerpt:encoded><![CDATA[]]></excerpt:encoded>
		<wp:post_id>11453</wp:post_id>
		<wp:post_date><![CDATA[2021-02-10 09:21:54]]></wp:post_date>
		<wp:post_date_gmt><![CDATA[2021-02-10 09:21:54]]></wp:post_date_gmt>
		<wp:post_modified><![CDATA[2021-02-10 09:21:54]]></wp:post_modified>
		<wp:post_modified_gmt><![CDATA[2021-02-10 09:21:54]]></wp:post_modified_gmt>
		<wp:comment_status><![CDATA[open]]></wp:comment_status>
		<wp:ping_status><![CDATA[closed]]></wp:ping_status>
		<wp:post_name><![CDATA[jose-luis-pena-alvarez]]></wp:post_name>
		<wp:status><![CDATA[publish]]></wp:status>
		<wp:post_parent>0</wp:post_parent>
		<wp:menu_order>0</wp:menu_order>
		<wp:post_type><![CDATA[valpa_obituario_pt]]></wp:post_type>
		<wp:post_password><![CDATA[]]></wp:post_password>
		<wp:is_sticky>0</wp:is_sticky>
														<wp:postmeta>
		<wp:meta_key><![CDATA[_edit_last]]></wp:meta_key>
		<wp:meta_value><![CDATA[1]]></wp:meta_value>
		</wp:postmeta>
							<wp:postmeta>
		<wp:meta_key><![CDATA[_thumbnail_id]]></wp:meta_key>
		<wp:meta_value><![CDATA[11465]]></wp:meta_value>
		</wp:postmeta>
							<wp:postmeta>
		<wp:meta_key><![CDATA[sucursal_relacionada_meta]]></wp:meta_key>
		<wp:meta_value><![CDATA[a:1:{i:0;s:2:"22";}]]></wp:meta_value>
		</wp:postmeta>
							<wp:postmeta>
		<wp:meta_key><![CDATA[valpa_no_homenaje_meta]]></wp:meta_key>
		<wp:meta_value><![CDATA[0020001091]]></wp:meta_value>
		</wp:postmeta>
							<wp:postmeta>
		<wp:meta_key><![CDATA[servicio_relacionado_meta]]></wp:meta_key>
		<wp:meta_value><![CDATA[a:1:{i:0;s:8:"Sucursal";}]]></wp:meta_value>
		</wp:postmeta>
							<wp:postmeta>
		<wp:meta_key><![CDATA[valpa_nacimiento_dia_meta]]></wp:meta_key>
		<wp:meta_value><![CDATA[16]]></wp:meta_value>
		</wp:postmeta>
							<wp:postmeta>
		<wp:meta_key><![CDATA[valpa_nacimiento_mes_meta]]></wp:meta_key>
		<wp:meta_value><![CDATA[05]]></wp:meta_value>
		</wp:postmeta>
							<wp:postmeta>
		<wp:meta_key><![CDATA[valpa_nacimiento_ano_meta]]></wp:meta_key>
		<wp:meta_value><![CDATA[1968]]></wp:meta_value>
		</wp:postmeta>
							<wp:postmeta>
		<wp:meta_key><![CDATA[post_views_count]]></wp:meta_key>
		<wp:meta_value><![CDATA[188]]></wp:meta_value>
		</wp:postmeta>
							<wp:postmeta>
		<wp:meta_key><![CDATA[num_velas_meta]]></wp:meta_key>
		<wp:meta_value><![CDATA[4]]></wp:meta_value>
		</wp:postmeta>
							<wp:postmeta>
		<wp:meta_key><![CDATA[num_recuerdos_meta]]></wp:meta_key>
		<wp:meta_value><![CDATA[1]]></wp:meta_value>
		</wp:postmeta>
							</item>
					<item>
		<title><![CDATA[Gregorio Becerril Cuevas]]></title>
		<link>http://localhost/sass-wp/obituario/gregorio-becerril-cuevas/</link>
		<pubDate>Wed, 10 Feb 2021 14:49:25 +0000</pubDate>
		<dc:creator><![CDATA[webmaster]]></dc:creator>
		<guid isPermaLink="false">http://valparaiso.com.mx/?post_type=valpa_obituario_pt&#038;p=11478</guid>
		<description></description>
		<content:encoded><![CDATA["Tus alas ya estÃ¡n listan para volar, pero mi corazÃ³n nunca estuvo listoâ¦ Para verte partir."]]></content:encoded>
		<excerpt:encoded><![CDATA[]]></excerpt:encoded>
		<wp:post_id>11478</wp:post_id>
		<wp:post_date><![CDATA[2021-02-10 14:49:25]]></wp:post_date>
		<wp:post_date_gmt><![CDATA[2021-02-10 14:49:25]]></wp:post_date_gmt>
		<wp:post_modified><![CDATA[2021-02-10 14:49:25]]></wp:post_modified>
		<wp:post_modified_gmt><![CDATA[2021-02-10 14:49:25]]></wp:post_modified_gmt>
		<wp:comment_status><![CDATA[open]]></wp:comment_status>
		<wp:ping_status><![CDATA[closed]]></wp:ping_status>
		<wp:post_name><![CDATA[gregorio-becerril-cuevas]]></wp:post_name>
		<wp:status><![CDATA[publish]]></wp:status>
		<wp:post_parent>0</wp:post_parent>
		<wp:menu_order>0</wp:menu_order>
		<wp:post_type><![CDATA[valpa_obituario_pt]]></wp:post_type>
		<wp:post_password><![CDATA[]]></wp:post_password>
		<wp:is_sticky>0</wp:is_sticky>
														<wp:postmeta>
		<wp:meta_key><![CDATA[_edit_last]]></wp:meta_key>
		<wp:meta_value><![CDATA[1]]></wp:meta_value>
		</wp:postmeta>
							<wp:postmeta>
		<wp:meta_key><![CDATA[_thumbnail_id]]></wp:meta_key>
		<wp:meta_value><![CDATA[11501]]></wp:meta_value>
		</wp:postmeta>
							<wp:postmeta>
		<wp:meta_key><![CDATA[valpa_no_homenaje_meta]]></wp:meta_key>
		<wp:meta_value><![CDATA[020001077]]></wp:meta_value>
		</wp:postmeta>
							<wp:postmeta>
		<wp:meta_key><![CDATA[valpa_nacimiento_dia_meta]]></wp:meta_key>
		<wp:meta_value><![CDATA[26]]></wp:meta_value>
		</wp:postmeta>
							<wp:postmeta>
		<wp:meta_key><![CDATA[valpa_nacimiento_mes_meta]]></wp:meta_key>
		<wp:meta_value><![CDATA[09]]></wp:meta_value>
		</wp:postmeta>
							<wp:postmeta>
		<wp:meta_key><![CDATA[valpa_nacimiento_ano_meta]]></wp:meta_key>
		<wp:meta_value><![CDATA[1990]]></wp:meta_value>
		</wp:postmeta>
							<wp:postmeta>
		<wp:meta_key><![CDATA[post_views_count]]></wp:meta_key>
		<wp:meta_value><![CDATA[197]]></wp:meta_value>
		</wp:postmeta>
							<wp:postmeta>
		<wp:meta_key><![CDATA[num_recuerdos_meta]]></wp:meta_key>
		<wp:meta_value><![CDATA[1]]></wp:meta_value>
		</wp:postmeta>
							<wp:postmeta>
		<wp:meta_key><![CDATA[num_velas_meta]]></wp:meta_key>
		<wp:meta_value><![CDATA[2]]></wp:meta_value>
		</wp:postmeta>
							<wp:postmeta>
		<wp:meta_key><![CDATA[sucursal_relacionada_meta]]></wp:meta_key>
		<wp:meta_value><![CDATA[a:1:{i:0;s:2:"22";}]]></wp:meta_value>
		</wp:postmeta>
							<wp:postmeta>
		<wp:meta_key><![CDATA[servicio_relacionado_meta]]></wp:meta_key>
		<wp:meta_value><![CDATA[a:1:{i:0;s:9:"Domicilio";}]]></wp:meta_value>
		</wp:postmeta>
							</item>
					<item>
		<title><![CDATA[Luz Maria Cuevas Valencia]]></title>
		<link>http://localhost/sass-wp/obituario/luz-maria-cuevas-valencia/</link>
		<pubDate>Wed, 10 Feb 2021 15:07:01 +0000</pubDate>
		<dc:creator><![CDATA[webmaster]]></dc:creator>
		<guid isPermaLink="false">http://valparaiso.com.mx/?post_type=valpa_obituario_pt&#038;p=11507</guid>
		<description></description>
		<content:encoded><![CDATA["Tus alas ya estÃ¡n listan para volar, pero mi corazÃ³n nunca estuvo listoâ¦ Para verte partir."]]></content:encoded>
		<excerpt:encoded><![CDATA[]]></excerpt:encoded>
		<wp:post_id>11507</wp:post_id>
		<wp:post_date><![CDATA[2021-02-10 15:07:01]]></wp:post_date>
		<wp:post_date_gmt><![CDATA[2021-02-10 15:07:01]]></wp:post_date_gmt>
		<wp:post_modified><![CDATA[2021-02-10 15:07:01]]></wp:post_modified>
		<wp:post_modified_gmt><![CDATA[2021-02-10 15:07:01]]></wp:post_modified_gmt>
		<wp:comment_status><![CDATA[open]]></wp:comment_status>
		<wp:ping_status><![CDATA[closed]]></wp:ping_status>
		<wp:post_name><![CDATA[luz-maria-cuevas-valencia]]></wp:post_name>
		<wp:status><![CDATA[publish]]></wp:status>
		<wp:post_parent>0</wp:post_parent>
		<wp:menu_order>0</wp:menu_order>
		<wp:post_type><![CDATA[valpa_obituario_pt]]></wp:post_type>
		<wp:post_password><![CDATA[]]></wp:post_password>
		<wp:is_sticky>0</wp:is_sticky>
														<wp:postmeta>
		<wp:meta_key><![CDATA[_edit_last]]></wp:meta_key>
		<wp:meta_value><![CDATA[1]]></wp:meta_value>
		</wp:postmeta>
							<wp:postmeta>
		<wp:meta_key><![CDATA[_thumbnail_id]]></wp:meta_key>
		<wp:meta_value><![CDATA[11514]]></wp:meta_value>
		</wp:postmeta>
							<wp:postmeta>
		<wp:meta_key><![CDATA[sucursal_relacionada_meta]]></wp:meta_key>
		<wp:meta_value><![CDATA[a:1:{i:0;s:2:"22";}]]></wp:meta_value>
		</wp:postmeta>
							<wp:postmeta>
		<wp:meta_key><![CDATA[valpa_no_homenaje_meta]]></wp:meta_key>
		<wp:meta_value><![CDATA[0020001024]]></wp:meta_value>
		</wp:postmeta>
							<wp:postmeta>
		<wp:meta_key><![CDATA[servicio_relacionado_meta]]></wp:meta_key>
		<wp:meta_value><![CDATA[a:1:{i:0;s:9:"Domicilio";}]]></wp:meta_value>
		</wp:postmeta>
							<wp:postmeta>
		<wp:meta_key><![CDATA[valpa_nacimiento_dia_meta]]></wp:meta_key>
		<wp:meta_value><![CDATA[19]]></wp:meta_value>
		</wp:postmeta>
							<wp:postmeta>
		<wp:meta_key><![CDATA[valpa_nacimiento_mes_meta]]></wp:meta_key>
		<wp:meta_value><![CDATA[02]]></wp:meta_value>
		</wp:postmeta>
							<wp:postmeta>
		<wp:meta_key><![CDATA[valpa_nacimiento_ano_meta]]></wp:meta_key>
		<wp:meta_value><![CDATA[1957]]></wp:meta_value>
		</wp:postmeta>
							<wp:postmeta>
		<wp:meta_key><![CDATA[post_views_count]]></wp:meta_key>
		<wp:meta_value><![CDATA[131]]></wp:meta_value>
		</wp:postmeta>
							<wp:postmeta>
		<wp:meta_key><![CDATA[num_recuerdos_meta]]></wp:meta_key>
		<wp:meta_value><![CDATA[1]]></wp:meta_value>
		</wp:postmeta>
							<wp:postmeta>
		<wp:meta_key><![CDATA[num_velas_meta]]></wp:meta_key>
		<wp:meta_value><![CDATA[1]]></wp:meta_value>
		</wp:postmeta>
							</item>
					<item>
		<title><![CDATA[Jorge Reyes Cano]]></title>
		<link>http://localhost/sass-wp/obituario/jorge-reyes-cano/</link>
		<pubDate>Wed, 10 Feb 2021 17:22:29 +0000</pubDate>
		<dc:creator><![CDATA[webmaster]]></dc:creator>
		<guid isPermaLink="false">http://valparaiso.com.mx/?post_type=valpa_obituario_pt&#038;p=11526</guid>
		<description></description>
		<content:encoded><![CDATA[âDios nos dio memoria, para nunca olvidar a quien amamosâ]]></content:encoded>
		<excerpt:encoded><![CDATA[]]></excerpt:encoded>
		<wp:post_id>11526</wp:post_id>
		<wp:post_date><![CDATA[2021-02-10 17:22:29]]></wp:post_date>
		<wp:post_date_gmt><![CDATA[2021-02-10 17:22:29]]></wp:post_date_gmt>
		<wp:post_modified><![CDATA[2021-02-10 17:22:29]]></wp:post_modified>
		<wp:post_modified_gmt><![CDATA[2021-02-10 17:22:29]]></wp:post_modified_gmt>
		<wp:comment_status><![CDATA[open]]></wp:comment_status>
		<wp:ping_status><![CDATA[closed]]></wp:ping_status>
		<wp:post_name><![CDATA[jorge-reyes-cano]]></wp:post_name>
		<wp:status><![CDATA[publish]]></wp:status>
		<wp:post_parent>0</wp:post_parent>
		<wp:menu_order>0</wp:menu_order>
		<wp:post_type><![CDATA[valpa_obituario_pt]]></wp:post_type>
		<wp:post_password><![CDATA[]]></wp:post_password>
		<wp:is_sticky>0</wp:is_sticky>
														<wp:postmeta>
		<wp:meta_key><![CDATA[_edit_last]]></wp:meta_key>
		<wp:meta_value><![CDATA[1]]></wp:meta_value>
		</wp:postmeta>
							<wp:postmeta>
		<wp:meta_key><![CDATA[_thumbnail_id]]></wp:meta_key>
		<wp:meta_value><![CDATA[11539]]></wp:meta_value>
		</wp:postmeta>
							<wp:postmeta>
		<wp:meta_key><![CDATA[sucursal_relacionada_meta]]></wp:meta_key>
		<wp:meta_value><![CDATA[a:1:{i:0;s:2:"22";}]]></wp:meta_value>
		</wp:postmeta>
							<wp:postmeta>
		<wp:meta_key><![CDATA[valpa_no_homenaje_meta]]></wp:meta_key>
		<wp:meta_value><![CDATA[0020001084]]></wp:meta_value>
		</wp:postmeta>
							<wp:postmeta>
		<wp:meta_key><![CDATA[servicio_relacionado_meta]]></wp:meta_key>
		<wp:meta_value><![CDATA[a:1:{i:0;s:9:"Domicilio";}]]></wp:meta_value>
		</wp:postmeta>
							<wp:postmeta>
		<wp:meta_key><![CDATA[valpa_nacimiento_dia_meta]]></wp:meta_key>
		<wp:meta_value><![CDATA[04]]></wp:meta_value>
		</wp:postmeta>
							<wp:postmeta>
		<wp:meta_key><![CDATA[valpa_nacimiento_mes_meta]]></wp:meta_key>
		<wp:meta_value><![CDATA[05]]></wp:meta_value>
		</wp:postmeta>
							<wp:postmeta>
		<wp:meta_key><![CDATA[valpa_nacimiento_ano_meta]]></wp:meta_key>
		<wp:meta_value><![CDATA[1978]]></wp:meta_value>
		</wp:postmeta>
							<wp:postmeta>
		<wp:meta_key><![CDATA[post_views_count]]></wp:meta_key>
		<wp:meta_value><![CDATA[205]]></wp:meta_value>
		</wp:postmeta>
							<wp:postmeta>
		<wp:meta_key><![CDATA[num_velas_meta]]></wp:meta_key>
		<wp:meta_value><![CDATA[1]]></wp:meta_value>
		</wp:postmeta>
							<wp:postmeta>
		<wp:meta_key><![CDATA[num_recuerdos_meta]]></wp:meta_key>
		<wp:meta_value><![CDATA[1]]></wp:meta_value>
		</wp:postmeta>
							</item>
					<item>
		<title><![CDATA[VÃ­ctor Manuel HernÃ¡ndez Contreras]]></title>
		<link>http://localhost/sass-wp/obituario/victor-manuel-hernandez-contreras/</link>
		<pubDate>Wed, 10 Feb 2021 22:41:30 +0000</pubDate>
		<dc:creator><![CDATA[webmaster]]></dc:creator>
		<guid isPermaLink="false">http://valparaiso.com.mx/?post_type=valpa_obituario_pt&#038;p=11547</guid>
		<description></description>
		<content:encoded><![CDATA[âTus valores y enseÃ±anzas viven en nosotros y te hacen inmortal.â]]></content:encoded>
		<excerpt:encoded><![CDATA[]]></excerpt:encoded>
		<wp:post_id>11547</wp:post_id>
		<wp:post_date><![CDATA[2021-02-10 22:41:30]]></wp:post_date>
		<wp:post_date_gmt><![CDATA[2021-02-10 22:41:30]]></wp:post_date_gmt>
		<wp:post_modified><![CDATA[2021-02-10 22:41:30]]></wp:post_modified>
		<wp:post_modified_gmt><![CDATA[2021-02-10 22:41:30]]></wp:post_modified_gmt>
		<wp:comment_status><![CDATA[open]]></wp:comment_status>
		<wp:ping_status><![CDATA[closed]]></wp:ping_status>
		<wp:post_name><![CDATA[victor-manuel-hernandez-contreras]]></wp:post_name>
		<wp:status><![CDATA[publish]]></wp:status>
		<wp:post_parent>0</wp:post_parent>
		<wp:menu_order>0</wp:menu_order>
		<wp:post_type><![CDATA[valpa_obituario_pt]]></wp:post_type>
		<wp:post_password><![CDATA[]]></wp:post_password>
		<wp:is_sticky>0</wp:is_sticky>
														<wp:postmeta>
		<wp:meta_key><![CDATA[_edit_last]]></wp:meta_key>
		<wp:meta_value><![CDATA[1]]></wp:meta_value>
		</wp:postmeta>
							<wp:postmeta>
		<wp:meta_key><![CDATA[_thumbnail_id]]></wp:meta_key>
		<wp:meta_value><![CDATA[11625]]></wp:meta_value>
		</wp:postmeta>
							<wp:postmeta>
		<wp:meta_key><![CDATA[sucursal_relacionada_meta]]></wp:meta_key>
		<wp:meta_value><![CDATA[a:1:{i:0;s:2:"22";}]]></wp:meta_value>
		</wp:postmeta>
							<wp:postmeta>
		<wp:meta_key><![CDATA[valpa_no_homenaje_meta]]></wp:meta_key>
		<wp:meta_value><![CDATA[0020001065]]></wp:meta_value>
		</wp:postmeta>
							<wp:postmeta>
		<wp:meta_key><![CDATA[servicio_relacionado_meta]]></wp:meta_key>
		<wp:meta_value><![CDATA[a:1:{i:0;s:8:"Sucursal";}]]></wp:meta_value>
		</wp:postmeta>
							<wp:postmeta>
		<wp:meta_key><![CDATA[valpa_nacimiento_dia_meta]]></wp:meta_key>
		<wp:meta_value><![CDATA[17]]></wp:meta_value>
		</wp:postmeta>
							<wp:postmeta>
		<wp:meta_key><![CDATA[valpa_nacimiento_mes_meta]]></wp:meta_key>
		<wp:meta_value><![CDATA[08]]></wp:meta_value>
		</wp:postmeta>
							<wp:postmeta>
		<wp:meta_key><![CDATA[valpa_nacimiento_ano_meta]]></wp:meta_key>
		<wp:meta_value><![CDATA[1927]]></wp:meta_value>
		</wp:postmeta>
							<wp:postmeta>
		<wp:meta_key><![CDATA[post_views_count]]></wp:meta_key>
		<wp:meta_value><![CDATA[397]]></wp:meta_value>
		</wp:postmeta>
							<wp:postmeta>
		<wp:meta_key><![CDATA[num_recuerdos_meta]]></wp:meta_key>
		<wp:meta_value><![CDATA[5]]></wp:meta_value>
		</wp:postmeta>
							<wp:postmeta>
		<wp:meta_key><![CDATA[num_velas_meta]]></wp:meta_key>
		<wp:meta_value><![CDATA[20]]></wp:meta_value>
		</wp:postmeta>
							</item>
					<item>
		<title><![CDATA[InÃ©s MaÃ±Ã³n Salgado]]></title>
		<link>http://localhost/sass-wp/obituario/ines-manon-salgado/</link>
		<pubDate>Thu, 11 Feb 2021 00:03:14 +0000</pubDate>
		<dc:creator><![CDATA[webmaster]]></dc:creator>
		<guid isPermaLink="false">http://valparaiso.com.mx/?post_type=valpa_obituario_pt&#038;p=11580</guid>
		<description></description>
		<content:encoded><![CDATA["La muerte deja un dolor en el corazÃ³n, que nadie puede sanar pero el amor deja una memoria que nadie puede robar"]]></content:encoded>
		<excerpt:encoded><![CDATA[]]></excerpt:encoded>
		<wp:post_id>11580</wp:post_id>
		<wp:post_date><![CDATA[2021-02-11 00:03:14]]></wp:post_date>
		<wp:post_date_gmt><![CDATA[2021-02-11 00:03:14]]></wp:post_date_gmt>
		<wp:post_modified><![CDATA[2021-02-11 00:03:14]]></wp:post_modified>
		<wp:post_modified_gmt><![CDATA[2021-02-11 00:03:14]]></wp:post_modified_gmt>
		<wp:comment_status><![CDATA[open]]></wp:comment_status>
		<wp:ping_status><![CDATA[closed]]></wp:ping_status>
		<wp:post_name><![CDATA[ines-manon-salgado]]></wp:post_name>
		<wp:status><![CDATA[publish]]></wp:status>
		<wp:post_parent>0</wp:post_parent>
		<wp:menu_order>0</wp:menu_order>
		<wp:post_type><![CDATA[valpa_obituario_pt]]></wp:post_type>
		<wp:post_password><![CDATA[]]></wp:post_password>
		<wp:is_sticky>0</wp:is_sticky>
														<wp:postmeta>
		<wp:meta_key><![CDATA[_edit_last]]></wp:meta_key>
		<wp:meta_value><![CDATA[1]]></wp:meta_value>
		</wp:postmeta>
							<wp:postmeta>
		<wp:meta_key><![CDATA[sucursal_relacionada_meta]]></wp:meta_key>
		<wp:meta_value><![CDATA[a:1:{i:0;s:2:"22";}]]></wp:meta_value>
		</wp:postmeta>
							<wp:postmeta>
		<wp:meta_key><![CDATA[valpa_no_homenaje_meta]]></wp:meta_key>
		<wp:meta_value><![CDATA[0020001092]]></wp:meta_value>
		</wp:postmeta>
							<wp:postmeta>
		<wp:meta_key><![CDATA[servicio_relacionado_meta]]></wp:meta_key>
		<wp:meta_value><![CDATA[a:1:{i:0;s:8:"Sucursal";}]]></wp:meta_value>
		</wp:postmeta>
							<wp:postmeta>
		<wp:meta_key><![CDATA[valpa_nacimiento_dia_meta]]></wp:meta_key>
		<wp:meta_value><![CDATA[21]]></wp:meta_value>
		</wp:postmeta>
							<wp:postmeta>
		<wp:meta_key><![CDATA[valpa_nacimiento_mes_meta]]></wp:meta_key>
		<wp:meta_value><![CDATA[01]]></wp:meta_value>
		</wp:postmeta>
							<wp:postmeta>
		<wp:meta_key><![CDATA[valpa_nacimiento_ano_meta]]></wp:meta_key>
		<wp:meta_value><![CDATA[1941]]></wp:meta_value>
		</wp:postmeta>
							<wp:postmeta>
		<wp:meta_key><![CDATA[post_views_count]]></wp:meta_key>
		<wp:meta_value><![CDATA[156]]></wp:meta_value>
		</wp:postmeta>
							<wp:postmeta>
		<wp:meta_key><![CDATA[_thumbnail_id]]></wp:meta_key>
		<wp:meta_value><![CDATA[11601]]></wp:meta_value>
		</wp:postmeta>
							<wp:postmeta>
		<wp:meta_key><![CDATA[num_velas_meta]]></wp:meta_key>
		<wp:meta_value><![CDATA[1]]></wp:meta_value>
		</wp:postmeta>
							<wp:postmeta>
		<wp:meta_key><![CDATA[num_recuerdos_meta]]></wp:meta_key>
		<wp:meta_value><![CDATA[1]]></wp:meta_value>
		</wp:postmeta>
							</item>
					<item>
		<title><![CDATA[Romana Zamorano Mendoza]]></title>
		<link>http://localhost/sass-wp/obituario/romana-zamorano-mendoza/</link>
		<pubDate>Thu, 11 Feb 2021 02:28:38 +0000</pubDate>
		<dc:creator><![CDATA[webmaster]]></dc:creator>
		<guid isPermaLink="false">http://valparaiso.com.mx/?post_type=valpa_obituario_pt&#038;p=11616</guid>
		<description></description>
		<content:encoded><![CDATA["Lo que una vez disfrutamos nunca lo perdemos todo lo que amamos profundamente se convierte en parte de nosotros mismos." "Por siempre te recordaremos"]]></content:encoded>
		<excerpt:encoded><![CDATA[]]></excerpt:encoded>
		<wp:post_id>11616</wp:post_id>
		<wp:post_date><![CDATA[2021-02-11 02:28:38]]></wp:post_date>
		<wp:post_date_gmt><![CDATA[2021-02-11 02:28:38]]></wp:post_date_gmt>
		<wp:post_modified><![CDATA[2021-02-11 02:28:38]]></wp:post_modified>
		<wp:post_modified_gmt><![CDATA[2021-02-11 02:28:38]]></wp:post_modified_gmt>
		<wp:comment_status><![CDATA[open]]></wp:comment_status>
		<wp:ping_status><![CDATA[closed]]></wp:ping_status>
		<wp:post_name><![CDATA[romana-zamorano-mendoza]]></wp:post_name>
		<wp:status><![CDATA[publish]]></wp:status>
		<wp:post_parent>0</wp:post_parent>
		<wp:menu_order>0</wp:menu_order>
		<wp:post_type><![CDATA[valpa_obituario_pt]]></wp:post_type>
		<wp:post_password><![CDATA[]]></wp:post_password>
		<wp:is_sticky>0</wp:is_sticky>
														<wp:postmeta>
		<wp:meta_key><![CDATA[_edit_last]]></wp:meta_key>
		<wp:meta_value><![CDATA[1]]></wp:meta_value>
		</wp:postmeta>
							<wp:postmeta>
		<wp:meta_key><![CDATA[post_views_count]]></wp:meta_key>
		<wp:meta_value><![CDATA[66]]></wp:meta_value>
		</wp:postmeta>
							<wp:postmeta>
		<wp:meta_key><![CDATA[sucursal_relacionada_meta]]></wp:meta_key>
		<wp:meta_value><![CDATA[a:1:{i:0;s:2:"22";}]]></wp:meta_value>
		</wp:postmeta>
							<wp:postmeta>
		<wp:meta_key><![CDATA[valpa_no_homenaje_meta]]></wp:meta_key>
		<wp:meta_value><![CDATA[0020000906]]></wp:meta_value>
		</wp:postmeta>
							<wp:postmeta>
		<wp:meta_key><![CDATA[valpa_nacimiento_dia_meta]]></wp:meta_key>
		<wp:meta_value><![CDATA[20]]></wp:meta_value>
		</wp:postmeta>
							<wp:postmeta>
		<wp:meta_key><![CDATA[valpa_nacimiento_mes_meta]]></wp:meta_key>
		<wp:meta_value><![CDATA[02]]></wp:meta_value>
		</wp:postmeta>
							<wp:postmeta>
		<wp:meta_key><![CDATA[valpa_nacimiento_ano_meta]]></wp:meta_key>
		<wp:meta_value><![CDATA[1945]]></wp:meta_value>
		</wp:postmeta>
							<wp:postmeta>
		<wp:meta_key><![CDATA[_thumbnail_id]]></wp:meta_key>
		<wp:meta_value><![CDATA[11621]]></wp:meta_value>
		</wp:postmeta>
							<wp:postmeta>
		<wp:meta_key><![CDATA[num_velas_meta]]></wp:meta_key>
		<wp:meta_value><![CDATA[1]]></wp:meta_value>
		</wp:postmeta>
							</item>
					<item>
		<title><![CDATA[Gerardo BenjamÃ­n Carmona Aguilar]]></title>
		<link>http://localhost/sass-wp/obituario/gerardo-benjamin-carmona-aguilar/</link>
		<pubDate>Thu, 11 Feb 2021 05:41:50 +0000</pubDate>
		<dc:creator><![CDATA[webmaster]]></dc:creator>
		<guid isPermaLink="false">http://valparaiso.com.mx/?post_type=valpa_obituario_pt&#038;p=11636</guid>
		<description></description>
		<content:encoded><![CDATA["AÃ±o de 1990...esa es la fecha cuando yo pise este mundo, aun recuerdo los dÃ­as del ayer."]]></content:encoded>
		<excerpt:encoded><![CDATA[]]></excerpt:encoded>
		<wp:post_id>11636</wp:post_id>
		<wp:post_date><![CDATA[2021-02-11 05:41:50]]></wp:post_date>
		<wp:post_date_gmt><![CDATA[2021-02-11 05:41:50]]></wp:post_date_gmt>
		<wp:post_modified><![CDATA[2021-02-11 05:41:50]]></wp:post_modified>
		<wp:post_modified_gmt><![CDATA[2021-02-11 05:41:50]]></wp:post_modified_gmt>
		<wp:comment_status><![CDATA[open]]></wp:comment_status>
		<wp:ping_status><![CDATA[closed]]></wp:ping_status>
		<wp:post_name><![CDATA[gerardo-benjamin-carmona-aguilar]]></wp:post_name>
		<wp:status><![CDATA[publish]]></wp:status>
		<wp:post_parent>0</wp:post_parent>
		<wp:menu_order>0</wp:menu_order>
		<wp:post_type><![CDATA[valpa_obituario_pt]]></wp:post_type>
		<wp:post_password><![CDATA[]]></wp:post_password>
		<wp:is_sticky>0</wp:is_sticky>
														<wp:postmeta>
		<wp:meta_key><![CDATA[_edit_last]]></wp:meta_key>
		<wp:meta_value><![CDATA[1]]></wp:meta_value>
		</wp:postmeta>
							<wp:postmeta>
		<wp:meta_key><![CDATA[post_views_count]]></wp:meta_key>
		<wp:meta_value><![CDATA[128]]></wp:meta_value>
		</wp:postmeta>
							<wp:postmeta>
		<wp:meta_key><![CDATA[_thumbnail_id]]></wp:meta_key>
		<wp:meta_value><![CDATA[11651]]></wp:meta_value>
		</wp:postmeta>
							<wp:postmeta>
		<wp:meta_key><![CDATA[sucursal_relacionada_meta]]></wp:meta_key>
		<wp:meta_value><![CDATA[a:1:{i:0;s:2:"22";}]]></wp:meta_value>
		</wp:postmeta>
							<wp:postmeta>
		<wp:meta_key><![CDATA[valpa_no_homenaje_meta]]></wp:meta_key>
		<wp:meta_value><![CDATA[0020001017]]></wp:meta_value>
		</wp:postmeta>
							<wp:postmeta>
		<wp:meta_key><![CDATA[valpa_nacimiento_dia_meta]]></wp:meta_key>
		<wp:meta_value><![CDATA[17]]></wp:meta_value>
		</wp:postmeta>
							<wp:postmeta>
		<wp:meta_key><![CDATA[valpa_nacimiento_mes_meta]]></wp:meta_key>
		<wp:meta_value><![CDATA[02]]></wp:meta_value>
		</wp:postmeta>
							<wp:postmeta>
		<wp:meta_key><![CDATA[valpa_nacimiento_ano_meta]]></wp:meta_key>
		<wp:meta_value><![CDATA[1990]]></wp:meta_value>
		</wp:postmeta>
							<wp:postmeta>
		<wp:meta_key><![CDATA[num_velas_meta]]></wp:meta_key>
		<wp:meta_value><![CDATA[5]]></wp:meta_value>
		</wp:postmeta>
							<wp:postmeta>
		<wp:meta_key><![CDATA[num_recuerdos_meta]]></wp:meta_key>
		<wp:meta_value><![CDATA[1]]></wp:meta_value>
		</wp:postmeta>
							</item>
					<item>
		<title><![CDATA[BrÃ­gida Lorenza EnrÃ­quez HernÃ¡ndez]]></title>
		<link>http://localhost/sass-wp/obituario/brigida-lorenza-enriquez-hernandez/</link>
		<pubDate>Thu, 11 Feb 2021 09:08:13 +0000</pubDate>
		<dc:creator><![CDATA[webmaster]]></dc:creator>
		<guid isPermaLink="false">http://valparaiso.com.mx/?post_type=valpa_obituario_pt&#038;p=11657</guid>
		<description></description>
		<content:encoded><![CDATA["Mami, siempre te recordaremos, seguirÃ¡s viva en cada uno de nosotros. 
-Tu familia."]]></content:encoded>
		<excerpt:encoded><![CDATA[]]></excerpt:encoded>
		<wp:post_id>11657</wp:post_id>
		<wp:post_date><![CDATA[2021-02-11 09:08:13]]></wp:post_date>
		<wp:post_date_gmt><![CDATA[2021-02-11 09:08:13]]></wp:post_date_gmt>
		<wp:post_modified><![CDATA[2021-02-11 09:08:13]]></wp:post_modified>
		<wp:post_modified_gmt><![CDATA[2021-02-11 09:08:13]]></wp:post_modified_gmt>
		<wp:comment_status><![CDATA[open]]></wp:comment_status>
		<wp:ping_status><![CDATA[closed]]></wp:ping_status>
		<wp:post_name><![CDATA[brigida-lorenza-enriquez-hernandez]]></wp:post_name>
		<wp:status><![CDATA[publish]]></wp:status>
		<wp:post_parent>0</wp:post_parent>
		<wp:menu_order>0</wp:menu_order>
		<wp:post_type><![CDATA[valpa_obituario_pt]]></wp:post_type>
		<wp:post_password><![CDATA[]]></wp:post_password>
		<wp:is_sticky>0</wp:is_sticky>
														<wp:postmeta>
		<wp:meta_key><![CDATA[_edit_last]]></wp:meta_key>
		<wp:meta_value><![CDATA[1]]></wp:meta_value>
		</wp:postmeta>
							<wp:postmeta>
		<wp:meta_key><![CDATA[_thumbnail_id]]></wp:meta_key>
		<wp:meta_value><![CDATA[11663]]></wp:meta_value>
		</wp:postmeta>
							<wp:postmeta>
		<wp:meta_key><![CDATA[sucursal_relacionada_meta]]></wp:meta_key>
		<wp:meta_value><![CDATA[a:1:{i:0;s:2:"22";}]]></wp:meta_value>
		</wp:postmeta>
							<wp:postmeta>
		<wp:meta_key><![CDATA[valpa_no_homenaje_meta]]></wp:meta_key>
		<wp:meta_value><![CDATA[0020001094]]></wp:meta_value>
		</wp:postmeta>
							<wp:postmeta>
		<wp:meta_key><![CDATA[servicio_relacionado_meta]]></wp:meta_key>
		<wp:meta_value><![CDATA[a:1:{i:0;s:8:"Sucursal";}]]></wp:meta_value>
		</wp:postmeta>
							<wp:postmeta>
		<wp:meta_key><![CDATA[valpa_nacimiento_dia_meta]]></wp:meta_key>
		<wp:meta_value><![CDATA[08]]></wp:meta_value>
		</wp:postmeta>
							<wp:postmeta>
		<wp:meta_key><![CDATA[valpa_nacimiento_mes_meta]]></wp:meta_key>
		<wp:meta_value><![CDATA[10]]></wp:meta_value>
		</wp:postmeta>
							<wp:postmeta>
		<wp:meta_key><![CDATA[valpa_nacimiento_ano_meta]]></wp:meta_key>
		<wp:meta_value><![CDATA[1953]]></wp:meta_value>
		</wp:postmeta>
							<wp:postmeta>
		<wp:meta_key><![CDATA[post_views_count]]></wp:meta_key>
		<wp:meta_value><![CDATA[205]]></wp:meta_value>
		</wp:postmeta>
							<wp:postmeta>
		<wp:meta_key><![CDATA[num_velas_meta]]></wp:meta_key>
		<wp:meta_value><![CDATA[9]]></wp:meta_value>
		</wp:postmeta>
							</item>
					<item>
		<title><![CDATA[Lucero LÃ³pez GÃ³mez]]></title>
		<link>http://localhost/sass-wp/obituario/lucero-lopez-gomez/</link>
		<pubDate>Thu, 11 Feb 2021 15:39:02 +0000</pubDate>
		<dc:creator><![CDATA[webmaster]]></dc:creator>
		<guid isPermaLink="false">http://valparaiso.com.mx/?post_type=valpa_obituario_pt&#038;p=11703</guid>
		<description></description>
		<content:encoded><![CDATA["EstarÃ¡s presente en cada momento de mi vida, estarÃ¡s en mis oraciones, cuando llore, cuando rÃ­a... Y al final de mis dÃ­as dirÃ© que nunca te fuiste."]]></content:encoded>
		<excerpt:encoded><![CDATA[]]></excerpt:encoded>
		<wp:post_id>11703</wp:post_id>
		<wp:post_date><![CDATA[2021-02-11 15:39:02]]></wp:post_date>
		<wp:post_date_gmt><![CDATA[2021-02-11 15:39:02]]></wp:post_date_gmt>
		<wp:post_modified><![CDATA[2021-02-11 15:39:02]]></wp:post_modified>
		<wp:post_modified_gmt><![CDATA[2021-02-11 15:39:02]]></wp:post_modified_gmt>
		<wp:comment_status><![CDATA[open]]></wp:comment_status>
		<wp:ping_status><![CDATA[closed]]></wp:ping_status>
		<wp:post_name><![CDATA[lucero-lopez-gomez]]></wp:post_name>
		<wp:status><![CDATA[publish]]></wp:status>
		<wp:post_parent>0</wp:post_parent>
		<wp:menu_order>0</wp:menu_order>
		<wp:post_type><![CDATA[valpa_obituario_pt]]></wp:post_type>
		<wp:post_password><![CDATA[]]></wp:post_password>
		<wp:is_sticky>0</wp:is_sticky>
														<wp:postmeta>
		<wp:meta_key><![CDATA[_edit_last]]></wp:meta_key>
		<wp:meta_value><![CDATA[1]]></wp:meta_value>
		</wp:postmeta>
							<wp:postmeta>
		<wp:meta_key><![CDATA[_thumbnail_id]]></wp:meta_key>
		<wp:meta_value><![CDATA[11721]]></wp:meta_value>
		</wp:postmeta>
							<wp:postmeta>
		<wp:meta_key><![CDATA[sucursal_relacionada_meta]]></wp:meta_key>
		<wp:meta_value><![CDATA[a:1:{i:0;s:2:"22";}]]></wp:meta_value>
		</wp:postmeta>
							<wp:postmeta>
		<wp:meta_key><![CDATA[valpa_no_homenaje_meta]]></wp:meta_key>
		<wp:meta_value><![CDATA[0020001023]]></wp:meta_value>
		</wp:postmeta>
							<wp:postmeta>
		<wp:meta_key><![CDATA[servicio_relacionado_meta]]></wp:meta_key>
		<wp:meta_value><![CDATA[a:1:{i:0;s:9:"Domicilio";}]]></wp:meta_value>
		</wp:postmeta>
							<wp:postmeta>
		<wp:meta_key><![CDATA[valpa_nacimiento_dia_meta]]></wp:meta_key>
		<wp:meta_value><![CDATA[26]]></wp:meta_value>
		</wp:postmeta>
							<wp:postmeta>
		<wp:meta_key><![CDATA[valpa_nacimiento_mes_meta]]></wp:meta_key>
		<wp:meta_value><![CDATA[06]]></wp:meta_value>
		</wp:postmeta>
							<wp:postmeta>
		<wp:meta_key><![CDATA[valpa_nacimiento_ano_meta]]></wp:meta_key>
		<wp:meta_value><![CDATA[1988]]></wp:meta_value>
		</wp:postmeta>
							<wp:postmeta>
		<wp:meta_key><![CDATA[post_views_count]]></wp:meta_key>
		<wp:meta_value><![CDATA[83]]></wp:meta_value>
		</wp:postmeta>
							<wp:postmeta>
		<wp:meta_key><![CDATA[num_velas_meta]]></wp:meta_key>
		<wp:meta_value><![CDATA[1]]></wp:meta_value>
		</wp:postmeta>
							<wp:postmeta>
		<wp:meta_key><![CDATA[num_recuerdos_meta]]></wp:meta_key>
		<wp:meta_value><![CDATA[1]]></wp:meta_value>
		</wp:postmeta>
							</item>
					<item>
		<title><![CDATA[Emma GÃ³mez CÃ¡rdenas]]></title>
		<link>http://localhost/sass-wp/obituario/emma-gomez-cardenas/</link>
		<pubDate>Thu, 11 Feb 2021 21:33:07 +0000</pubDate>
		<dc:creator><![CDATA[webmaster]]></dc:creator>
		<guid isPermaLink="false">http://valparaiso.com.mx/?post_type=valpa_obituario_pt&#038;p=11781</guid>
		<description></description>
		<content:encoded><![CDATA["A pesar de no estar presente en cuerpo, tu estarÃ¡s con nosotros por siempre en nuestros corazones"]]></content:encoded>
		<excerpt:encoded><![CDATA[]]></excerpt:encoded>
		<wp:post_id>11781</wp:post_id>
		<wp:post_date><![CDATA[2021-02-11 21:33:07]]></wp:post_date>
		<wp:post_date_gmt><![CDATA[2021-02-11 21:33:07]]></wp:post_date_gmt>
		<wp:post_modified><![CDATA[2021-02-11 21:33:07]]></wp:post_modified>
		<wp:post_modified_gmt><![CDATA[2021-02-11 21:33:07]]></wp:post_modified_gmt>
		<wp:comment_status><![CDATA[open]]></wp:comment_status>
		<wp:ping_status><![CDATA[closed]]></wp:ping_status>
		<wp:post_name><![CDATA[emma-gomez-cardenas]]></wp:post_name>
		<wp:status><![CDATA[publish]]></wp:status>
		<wp:post_parent>0</wp:post_parent>
		<wp:menu_order>0</wp:menu_order>
		<wp:post_type><![CDATA[valpa_obituario_pt]]></wp:post_type>
		<wp:post_password><![CDATA[]]></wp:post_password>
		<wp:is_sticky>0</wp:is_sticky>
														<wp:postmeta>
		<wp:meta_key><![CDATA[_edit_last]]></wp:meta_key>
		<wp:meta_value><![CDATA[1]]></wp:meta_value>
		</wp:postmeta>
							<wp:postmeta>
		<wp:meta_key><![CDATA[_thumbnail_id]]></wp:meta_key>
		<wp:meta_value><![CDATA[11802]]></wp:meta_value>
		</wp:postmeta>
							<wp:postmeta>
		<wp:meta_key><![CDATA[sucursal_relacionada_meta]]></wp:meta_key>
		<wp:meta_value><![CDATA[a:1:{i:0;s:2:"22";}]]></wp:meta_value>
		</wp:postmeta>
							<wp:postmeta>
		<wp:meta_key><![CDATA[valpa_no_homenaje_meta]]></wp:meta_key>
		<wp:meta_value><![CDATA[0020000910]]></wp:meta_value>
		</wp:postmeta>
							<wp:postmeta>
		<wp:meta_key><![CDATA[servicio_relacionado_meta]]></wp:meta_key>
		<wp:meta_value><![CDATA[a:1:{i:0;s:8:"Sucursal";}]]></wp:meta_value>
		</wp:postmeta>
							<wp:postmeta>
		<wp:meta_key><![CDATA[valpa_nacimiento_dia_meta]]></wp:meta_key>
		<wp:meta_value><![CDATA[19]]></wp:meta_value>
		</wp:postmeta>
							<wp:postmeta>
		<wp:meta_key><![CDATA[valpa_nacimiento_mes_meta]]></wp:meta_key>
		<wp:meta_value><![CDATA[04]]></wp:meta_value>
		</wp:postmeta>
							<wp:postmeta>
		<wp:meta_key><![CDATA[valpa_nacimiento_ano_meta]]></wp:meta_key>
		<wp:meta_value><![CDATA[1959]]></wp:meta_value>
		</wp:postmeta>
							<wp:postmeta>
		<wp:meta_key><![CDATA[post_views_count]]></wp:meta_key>
		<wp:meta_value><![CDATA[413]]></wp:meta_value>
		</wp:postmeta>
							<wp:postmeta>
		<wp:meta_key><![CDATA[num_velas_meta]]></wp:meta_key>
		<wp:meta_value><![CDATA[19]]></wp:meta_value>
		</wp:postmeta>
							<wp:postmeta>
		<wp:meta_key><![CDATA[num_recuerdos_meta]]></wp:meta_key>
		<wp:meta_value><![CDATA[5]]></wp:meta_value>
		</wp:postmeta>
							</item>
					<item>
		<title><![CDATA[Victor Margarito Medina Reyes]]></title>
		<link>http://localhost/sass-wp/obituario/victor-margarito-medina-reyes/</link>
		<pubDate>Fri, 12 Feb 2021 00:19:29 +0000</pubDate>
		<dc:creator><![CDATA[webmaster]]></dc:creator>
		<guid isPermaLink="false">http://valparaiso.com.mx/?post_type=valpa_obituario_pt&#038;p=11854</guid>
		<description></description>
		<content:encoded><![CDATA[âVives en el corazÃ³n de tus padres, hijos, esposa, de toda tu familia.â]]></content:encoded>
		<excerpt:encoded><![CDATA[]]></excerpt:encoded>
		<wp:post_id>11854</wp:post_id>
		<wp:post_date><![CDATA[2021-02-12 00:19:29]]></wp:post_date>
		<wp:post_date_gmt><![CDATA[2021-02-12 00:19:29]]></wp:post_date_gmt>
		<wp:post_modified><![CDATA[2021-02-12 00:19:29]]></wp:post_modified>
		<wp:post_modified_gmt><![CDATA[2021-02-12 00:19:29]]></wp:post_modified_gmt>
		<wp:comment_status><![CDATA[open]]></wp:comment_status>
		<wp:ping_status><![CDATA[closed]]></wp:ping_status>
		<wp:post_name><![CDATA[victor-margarito-medina-reyes]]></wp:post_name>
		<wp:status><![CDATA[publish]]></wp:status>
		<wp:post_parent>0</wp:post_parent>
		<wp:menu_order>0</wp:menu_order>
		<wp:post_type><![CDATA[valpa_obituario_pt]]></wp:post_type>
		<wp:post_password><![CDATA[]]></wp:post_password>
		<wp:is_sticky>0</wp:is_sticky>
														<wp:postmeta>
		<wp:meta_key><![CDATA[_edit_last]]></wp:meta_key>
		<wp:meta_value><![CDATA[1]]></wp:meta_value>
		</wp:postmeta>
							<wp:postmeta>
		<wp:meta_key><![CDATA[_thumbnail_id]]></wp:meta_key>
		<wp:meta_value><![CDATA[11880]]></wp:meta_value>
		</wp:postmeta>
							<wp:postmeta>
		<wp:meta_key><![CDATA[sucursal_relacionada_meta]]></wp:meta_key>
		<wp:meta_value><![CDATA[a:1:{i:0;s:2:"22";}]]></wp:meta_value>
		</wp:postmeta>
							<wp:postmeta>
		<wp:meta_key><![CDATA[valpa_no_homenaje_meta]]></wp:meta_key>
		<wp:meta_value><![CDATA[0020001016]]></wp:meta_value>
		</wp:postmeta>
							<wp:postmeta>
		<wp:meta_key><![CDATA[servicio_relacionado_meta]]></wp:meta_key>
		<wp:meta_value><![CDATA[a:1:{i:0;s:8:"Sucursal";}]]></wp:meta_value>
		</wp:postmeta>
							<wp:postmeta>
		<wp:meta_key><![CDATA[valpa_nacimiento_dia_meta]]></wp:meta_key>
		<wp:meta_value><![CDATA[23]]></wp:meta_value>
		</wp:postmeta>
							<wp:postmeta>
		<wp:meta_key><![CDATA[valpa_nacimiento_mes_meta]]></wp:meta_key>
		<wp:meta_value><![CDATA[12]]></wp:meta_value>
		</wp:postmeta>
							<wp:postmeta>
		<wp:meta_key><![CDATA[valpa_nacimiento_ano_meta]]></wp:meta_key>
		<wp:meta_value><![CDATA[1960]]></wp:meta_value>
		</wp:postmeta>
							<wp:postmeta>
		<wp:meta_key><![CDATA[post_views_count]]></wp:meta_key>
		<wp:meta_value><![CDATA[253]]></wp:meta_value>
		</wp:postmeta>
							<wp:postmeta>
		<wp:meta_key><![CDATA[num_velas_meta]]></wp:meta_key>
		<wp:meta_value><![CDATA[15]]></wp:meta_value>
		</wp:postmeta>
							<wp:postmeta>
		<wp:meta_key><![CDATA[num_recuerdos_meta]]></wp:meta_key>
		<wp:meta_value><![CDATA[3]]></wp:meta_value>
		</wp:postmeta>
							</item>
					<item>
		<title><![CDATA[Doroteo VelÃ¡zquez SÃ¡nchez]]></title>
		<link>http://localhost/sass-wp/obituario/doroteo-velazquez-sanchez/</link>
		<pubDate>Fri, 12 Feb 2021 00:37:56 +0000</pubDate>
		<dc:creator><![CDATA[webmaster]]></dc:creator>
		<guid isPermaLink="false">http://valparaiso.com.mx/?post_type=valpa_obituario_pt&#038;p=11885</guid>
		<description></description>
		<content:encoded><![CDATA[âTus valores y enseÃ±anzas viven en nosotros y te hacen inmortal."]]></content:encoded>
		<excerpt:encoded><![CDATA[]]></excerpt:encoded>
		<wp:post_id>11885</wp:post_id>
		<wp:post_date><![CDATA[2021-02-12 00:37:56]]></wp:post_date>
		<wp:post_date_gmt><![CDATA[2021-02-12 00:37:56]]></wp:post_date_gmt>
		<wp:post_modified><![CDATA[2021-02-12 00:37:56]]></wp:post_modified>
		<wp:post_modified_gmt><![CDATA[2021-02-12 00:37:56]]></wp:post_modified_gmt>
		<wp:comment_status><![CDATA[open]]></wp:comment_status>
		<wp:ping_status><![CDATA[closed]]></wp:ping_status>
		<wp:post_name><![CDATA[doroteo-velazquez-sanchez]]></wp:post_name>
		<wp:status><![CDATA[publish]]></wp:status>
		<wp:post_parent>0</wp:post_parent>
		<wp:menu_order>0</wp:menu_order>
		<wp:post_type><![CDATA[valpa_obituario_pt]]></wp:post_type>
		<wp:post_password><![CDATA[]]></wp:post_password>
		<wp:is_sticky>0</wp:is_sticky>
														<wp:postmeta>
		<wp:meta_key><![CDATA[_edit_last]]></wp:meta_key>
		<wp:meta_value><![CDATA[1]]></wp:meta_value>
		</wp:postmeta>
							<wp:postmeta>
		<wp:meta_key><![CDATA[_thumbnail_id]]></wp:meta_key>
		<wp:meta_value><![CDATA[11909]]></wp:meta_value>
		</wp:postmeta>
							<wp:postmeta>
		<wp:meta_key><![CDATA[sucursal_relacionada_meta]]></wp:meta_key>
		<wp:meta_value><![CDATA[a:1:{i:0;s:2:"22";}]]></wp:meta_value>
		</wp:postmeta>
							<wp:postmeta>
		<wp:meta_key><![CDATA[valpa_no_homenaje_meta]]></wp:meta_key>
		<wp:meta_value><![CDATA[853]]></wp:meta_value>
		</wp:postmeta>
							<wp:postmeta>
		<wp:meta_key><![CDATA[servicio_relacionado_meta]]></wp:meta_key>
		<wp:meta_value><![CDATA[a:1:{i:0;s:8:"Sucursal";}]]></wp:meta_value>
		</wp:postmeta>
							<wp:postmeta>
		<wp:meta_key><![CDATA[valpa_nacimiento_dia_meta]]></wp:meta_key>
		<wp:meta_value><![CDATA[06]]></wp:meta_value>
		</wp:postmeta>
							<wp:postmeta>
		<wp:meta_key><![CDATA[valpa_nacimiento_mes_meta]]></wp:meta_key>
		<wp:meta_value><![CDATA[02]]></wp:meta_value>
		</wp:postmeta>
							<wp:postmeta>
		<wp:meta_key><![CDATA[valpa_nacimiento_ano_meta]]></wp:meta_key>
		<wp:meta_value><![CDATA[1940]]></wp:meta_value>
		</wp:postmeta>
							<wp:postmeta>
		<wp:meta_key><![CDATA[post_views_count]]></wp:meta_key>
		<wp:meta_value><![CDATA[105]]></wp:meta_value>
		</wp:postmeta>
							<wp:postmeta>
		<wp:meta_key><![CDATA[num_velas_meta]]></wp:meta_key>
		<wp:meta_value><![CDATA[3]]></wp:meta_value>
		</wp:postmeta>
							<wp:postmeta>
		<wp:meta_key><![CDATA[num_recuerdos_meta]]></wp:meta_key>
		<wp:meta_value><![CDATA[3]]></wp:meta_value>
		</wp:postmeta>
							</item>
					<item>
		<title><![CDATA[Elvira Miranda Quinto]]></title>
		<link>http://localhost/sass-wp/obituario/elvira-miranda-quinto/</link>
		<pubDate>Fri, 12 Feb 2021 00:46:33 +0000</pubDate>
		<dc:creator><![CDATA[webmaster]]></dc:creator>
		<guid isPermaLink="false">http://valparaiso.com.mx/?post_type=valpa_obituario_pt&#038;p=11911</guid>
		<description></description>
		<content:encoded><![CDATA[âPasaste por nuestras vidas como una estrella fugaz, pero su brillo vivirÃ¡ siempre en nuestros corazonesâ.]]></content:encoded>
		<excerpt:encoded><![CDATA[]]></excerpt:encoded>
		<wp:post_id>11911</wp:post_id>
		<wp:post_date><![CDATA[2021-02-12 00:46:33]]></wp:post_date>
		<wp:post_date_gmt><![CDATA[2021-02-12 00:46:33]]></wp:post_date_gmt>
		<wp:post_modified><![CDATA[2021-02-12 00:46:33]]></wp:post_modified>
		<wp:post_modified_gmt><![CDATA[2021-02-12 00:46:33]]></wp:post_modified_gmt>
		<wp:comment_status><![CDATA[open]]></wp:comment_status>
		<wp:ping_status><![CDATA[closed]]></wp:ping_status>
		<wp:post_name><![CDATA[elvira-miranda-quinto]]></wp:post_name>
		<wp:status><![CDATA[publish]]></wp:status>
		<wp:post_parent>0</wp:post_parent>
		<wp:menu_order>0</wp:menu_order>
		<wp:post_type><![CDATA[valpa_obituario_pt]]></wp:post_type>
		<wp:post_password><![CDATA[]]></wp:post_password>
		<wp:is_sticky>0</wp:is_sticky>
														<wp:postmeta>
		<wp:meta_key><![CDATA[_edit_last]]></wp:meta_key>
		<wp:meta_value><![CDATA[1]]></wp:meta_value>
		</wp:postmeta>
							<wp:postmeta>
		<wp:meta_key><![CDATA[_thumbnail_id]]></wp:meta_key>
		<wp:meta_value><![CDATA[11937]]></wp:meta_value>
		</wp:postmeta>
							<wp:postmeta>
		<wp:meta_key><![CDATA[sucursal_relacionada_meta]]></wp:meta_key>
		<wp:meta_value><![CDATA[a:1:{i:0;s:2:"22";}]]></wp:meta_value>
		</wp:postmeta>
							<wp:postmeta>
		<wp:meta_key><![CDATA[valpa_no_homenaje_meta]]></wp:meta_key>
		<wp:meta_value><![CDATA[909]]></wp:meta_value>
		</wp:postmeta>
							<wp:postmeta>
		<wp:meta_key><![CDATA[servicio_relacionado_meta]]></wp:meta_key>
		<wp:meta_value><![CDATA[a:1:{i:0;s:8:"Sucursal";}]]></wp:meta_value>
		</wp:postmeta>
							<wp:postmeta>
		<wp:meta_key><![CDATA[valpa_nacimiento_dia_meta]]></wp:meta_key>
		<wp:meta_value><![CDATA[29]]></wp:meta_value>
		</wp:postmeta>
							<wp:postmeta>
		<wp:meta_key><![CDATA[valpa_nacimiento_mes_meta]]></wp:meta_key>
		<wp:meta_value><![CDATA[12]]></wp:meta_value>
		</wp:postmeta>
							<wp:postmeta>
		<wp:meta_key><![CDATA[valpa_nacimiento_ano_meta]]></wp:meta_key>
		<wp:meta_value><![CDATA[1941]]></wp:meta_value>
		</wp:postmeta>
							<wp:postmeta>
		<wp:meta_key><![CDATA[post_views_count]]></wp:meta_key>
		<wp:meta_value><![CDATA[123]]></wp:meta_value>
		</wp:postmeta>
							<wp:postmeta>
		<wp:meta_key><![CDATA[num_velas_meta]]></wp:meta_key>
		<wp:meta_value><![CDATA[3]]></wp:meta_value>
		</wp:postmeta>
							<wp:postmeta>
		<wp:meta_key><![CDATA[num_recuerdos_meta]]></wp:meta_key>
		<wp:meta_value><![CDATA[3]]></wp:meta_value>
		</wp:postmeta>
							</item>
					<item>
		<title><![CDATA[Ãngel Carmona GarcÃ­a]]></title>
		<link>http://localhost/sass-wp/obituario/angel-carmona-garcia/</link>
		<pubDate>Fri, 12 Feb 2021 00:59:24 +0000</pubDate>
		<dc:creator><![CDATA[webmaster]]></dc:creator>
		<guid isPermaLink="false">http://valparaiso.com.mx/?post_type=valpa_obituario_pt&#038;p=11942</guid>
		<description></description>
		<content:encoded><![CDATA[âTus valores y enseÃ±anzas viven en nosotros y te hacen inmortal.â]]></content:encoded>
		<excerpt:encoded><![CDATA[]]></excerpt:encoded>
		<wp:post_id>11942</wp:post_id>
		<wp:post_date><![CDATA[2021-02-12 00:59:24]]></wp:post_date>
		<wp:post_date_gmt><![CDATA[2021-02-12 00:59:24]]></wp:post_date_gmt>
		<wp:post_modified><![CDATA[2021-02-12 00:59:24]]></wp:post_modified>
		<wp:post_modified_gmt><![CDATA[2021-02-12 00:59:24]]></wp:post_modified_gmt>
		<wp:comment_status><![CDATA[open]]></wp:comment_status>
		<wp:ping_status><![CDATA[closed]]></wp:ping_status>
		<wp:post_name><![CDATA[angel-carmona-garcia]]></wp:post_name>
		<wp:status><![CDATA[publish]]></wp:status>
		<wp:post_parent>0</wp:post_parent>
		<wp:menu_order>0</wp:menu_order>
		<wp:post_type><![CDATA[valpa_obituario_pt]]></wp:post_type>
		<wp:post_password><![CDATA[]]></wp:post_password>
		<wp:is_sticky>0</wp:is_sticky>
														<wp:postmeta>
		<wp:meta_key><![CDATA[_edit_last]]></wp:meta_key>
		<wp:meta_value><![CDATA[1]]></wp:meta_value>
		</wp:postmeta>
							<wp:postmeta>
		<wp:meta_key><![CDATA[sucursal_relacionada_meta]]></wp:meta_key>
		<wp:meta_value><![CDATA[a:1:{i:0;s:2:"22";}]]></wp:meta_value>
		</wp:postmeta>
							<wp:postmeta>
		<wp:meta_key><![CDATA[valpa_no_homenaje_meta]]></wp:meta_key>
		<wp:meta_value><![CDATA[0020001097]]></wp:meta_value>
		</wp:postmeta>
							<wp:postmeta>
		<wp:meta_key><![CDATA[servicio_relacionado_meta]]></wp:meta_key>
		<wp:meta_value><![CDATA[a:1:{i:0;s:8:"Sucursal";}]]></wp:meta_value>
		</wp:postmeta>
							<wp:postmeta>
		<wp:meta_key><![CDATA[valpa_nacimiento_dia_meta]]></wp:meta_key>
		<wp:meta_value><![CDATA[06]]></wp:meta_value>
		</wp:postmeta>
							<wp:postmeta>
		<wp:meta_key><![CDATA[valpa_nacimiento_mes_meta]]></wp:meta_key>
		<wp:meta_value><![CDATA[07]]></wp:meta_value>
		</wp:postmeta>
							<wp:postmeta>
		<wp:meta_key><![CDATA[valpa_nacimiento_ano_meta]]></wp:meta_key>
		<wp:meta_value><![CDATA[1979]]></wp:meta_value>
		</wp:postmeta>
							<wp:postmeta>
		<wp:meta_key><![CDATA[post_views_count]]></wp:meta_key>
		<wp:meta_value><![CDATA[641]]></wp:meta_value>
		</wp:postmeta>
							<wp:postmeta>
		<wp:meta_key><![CDATA[_thumbnail_id]]></wp:meta_key>
		<wp:meta_value><![CDATA[11965]]></wp:meta_value>
		</wp:postmeta>
							<wp:postmeta>
		<wp:meta_key><![CDATA[num_velas_meta]]></wp:meta_key>
		<wp:meta_value><![CDATA[40]]></wp:meta_value>
		</wp:postmeta>
							<wp:postmeta>
		<wp:meta_key><![CDATA[num_recuerdos_meta]]></wp:meta_key>
		<wp:meta_value><![CDATA[20]]></wp:meta_value>
		</wp:postmeta>
							</item>
					<item>
		<title><![CDATA[Abraham Torres Sumoza]]></title>
		<link>http://localhost/sass-wp/obituario/abraham-torres-sumoza/</link>
		<pubDate>Fri, 12 Feb 2021 14:14:45 +0000</pubDate>
		<dc:creator><![CDATA[webmaster]]></dc:creator>
		<guid isPermaLink="false">http://valparaiso.com.mx/?post_type=valpa_obituario_pt&#038;p=12068</guid>
		<description></description>
		<content:encoded><![CDATA[âTus valores y enseÃ±anzas viven en nosotros y te hacen inmortal.â]]></content:encoded>
		<excerpt:encoded><![CDATA[]]></excerpt:encoded>
		<wp:post_id>12068</wp:post_id>
		<wp:post_date><![CDATA[2021-02-12 14:14:45]]></wp:post_date>
		<wp:post_date_gmt><![CDATA[2021-02-12 14:14:45]]></wp:post_date_gmt>
		<wp:post_modified><![CDATA[2021-02-12 14:14:45]]></wp:post_modified>
		<wp:post_modified_gmt><![CDATA[2021-02-12 14:14:45]]></wp:post_modified_gmt>
		<wp:comment_status><![CDATA[open]]></wp:comment_status>
		<wp:ping_status><![CDATA[closed]]></wp:ping_status>
		<wp:post_name><![CDATA[abraham-torres-sumoza]]></wp:post_name>
		<wp:status><![CDATA[publish]]></wp:status>
		<wp:post_parent>0</wp:post_parent>
		<wp:menu_order>0</wp:menu_order>
		<wp:post_type><![CDATA[valpa_obituario_pt]]></wp:post_type>
		<wp:post_password><![CDATA[]]></wp:post_password>
		<wp:is_sticky>0</wp:is_sticky>
														<wp:postmeta>
		<wp:meta_key><![CDATA[_edit_last]]></wp:meta_key>
		<wp:meta_value><![CDATA[1]]></wp:meta_value>
		</wp:postmeta>
							<wp:postmeta>
		<wp:meta_key><![CDATA[_thumbnail_id]]></wp:meta_key>
		<wp:meta_value><![CDATA[12105]]></wp:meta_value>
		</wp:postmeta>
							<wp:postmeta>
		<wp:meta_key><![CDATA[sucursal_relacionada_meta]]></wp:meta_key>
		<wp:meta_value><![CDATA[a:1:{i:0;s:2:"22";}]]></wp:meta_value>
		</wp:postmeta>
							<wp:postmeta>
		<wp:meta_key><![CDATA[valpa_no_homenaje_meta]]></wp:meta_key>
		<wp:meta_value><![CDATA[0020001099]]></wp:meta_value>
		</wp:postmeta>
							<wp:postmeta>
		<wp:meta_key><![CDATA[servicio_relacionado_meta]]></wp:meta_key>
		<wp:meta_value><![CDATA[a:1:{i:0;s:8:"Sucursal";}]]></wp:meta_value>
		</wp:postmeta>
							<wp:postmeta>
		<wp:meta_key><![CDATA[valpa_nacimiento_dia_meta]]></wp:meta_key>
		<wp:meta_value><![CDATA[24]]></wp:meta_value>
		</wp:postmeta>
							<wp:postmeta>
		<wp:meta_key><![CDATA[valpa_nacimiento_mes_meta]]></wp:meta_key>
		<wp:meta_value><![CDATA[12]]></wp:meta_value>
		</wp:postmeta>
							<wp:postmeta>
		<wp:meta_key><![CDATA[valpa_nacimiento_ano_meta]]></wp:meta_key>
		<wp:meta_value><![CDATA[1950]]></wp:meta_value>
		</wp:postmeta>
							<wp:postmeta>
		<wp:meta_key><![CDATA[post_views_count]]></wp:meta_key>
		<wp:meta_value><![CDATA[634]]></wp:meta_value>
		</wp:postmeta>
							<wp:postmeta>
		<wp:meta_key><![CDATA[num_recuerdos_meta]]></wp:meta_key>
		<wp:meta_value><![CDATA[17]]></wp:meta_value>
		</wp:postmeta>
							<wp:postmeta>
		<wp:meta_key><![CDATA[num_velas_meta]]></wp:meta_key>
		<wp:meta_value><![CDATA[48]]></wp:meta_value>
		</wp:postmeta>
							</item>
					<item>
		<title><![CDATA[Miguel SÃ¡nchez Moreno]]></title>
		<link>http://localhost/sass-wp/obituario/miguel-sanchez-moreno/</link>
		<pubDate>Fri, 12 Feb 2021 09:09:13 +0000</pubDate>
		<dc:creator><![CDATA[webmaster]]></dc:creator>
		<guid isPermaLink="false">http://valparaiso.com.mx/?post_type=valpa_obituario_pt&#038;p=12114</guid>
		<description></description>
		<content:encoded><![CDATA[âHiciste bellas las vidas de quienes te rodeamos. Tu legado vive."]]></content:encoded>
		<excerpt:encoded><![CDATA[]]></excerpt:encoded>
		<wp:post_id>12114</wp:post_id>
		<wp:post_date><![CDATA[2021-02-12 09:09:13]]></wp:post_date>
		<wp:post_date_gmt><![CDATA[2021-02-12 09:09:13]]></wp:post_date_gmt>
		<wp:post_modified><![CDATA[2021-02-12 09:09:13]]></wp:post_modified>
		<wp:post_modified_gmt><![CDATA[2021-02-12 09:09:13]]></wp:post_modified_gmt>
		<wp:comment_status><![CDATA[open]]></wp:comment_status>
		<wp:ping_status><![CDATA[closed]]></wp:ping_status>
		<wp:post_name><![CDATA[miguel-sanchez-moreno]]></wp:post_name>
		<wp:status><![CDATA[publish]]></wp:status>
		<wp:post_parent>0</wp:post_parent>
		<wp:menu_order>0</wp:menu_order>
		<wp:post_type><![CDATA[valpa_obituario_pt]]></wp:post_type>
		<wp:post_password><![CDATA[]]></wp:post_password>
		<wp:is_sticky>0</wp:is_sticky>
														<wp:postmeta>
		<wp:meta_key><![CDATA[_edit_last]]></wp:meta_key>
		<wp:meta_value><![CDATA[1]]></wp:meta_value>
		</wp:postmeta>
							<wp:postmeta>
		<wp:meta_key><![CDATA[_thumbnail_id]]></wp:meta_key>
		<wp:meta_value><![CDATA[12139]]></wp:meta_value>
		</wp:postmeta>
							<wp:postmeta>
		<wp:meta_key><![CDATA[sucursal_relacionada_meta]]></wp:meta_key>
		<wp:meta_value><![CDATA[a:1:{i:0;s:2:"22";}]]></wp:meta_value>
		</wp:postmeta>
							<wp:postmeta>
		<wp:meta_key><![CDATA[valpa_no_homenaje_meta]]></wp:meta_key>
		<wp:meta_value><![CDATA[0020001096]]></wp:meta_value>
		</wp:postmeta>
							<wp:postmeta>
		<wp:meta_key><![CDATA[servicio_relacionado_meta]]></wp:meta_key>
		<wp:meta_value><![CDATA[a:1:{i:0;s:8:"Sucursal";}]]></wp:meta_value>
		</wp:postmeta>
							<wp:postmeta>
		<wp:meta_key><![CDATA[valpa_nacimiento_dia_meta]]></wp:meta_key>
		<wp:meta_value><![CDATA[20]]></wp:meta_value>
		</wp:postmeta>
							<wp:postmeta>
		<wp:meta_key><![CDATA[valpa_nacimiento_mes_meta]]></wp:meta_key>
		<wp:meta_value><![CDATA[05]]></wp:meta_value>
		</wp:postmeta>
							<wp:postmeta>
		<wp:meta_key><![CDATA[valpa_nacimiento_ano_meta]]></wp:meta_key>
		<wp:meta_value><![CDATA[1985]]></wp:meta_value>
		</wp:postmeta>
							<wp:postmeta>
		<wp:meta_key><![CDATA[post_views_count]]></wp:meta_key>
		<wp:meta_value><![CDATA[560]]></wp:meta_value>
		</wp:postmeta>
							<wp:postmeta>
		<wp:meta_key><![CDATA[num_recuerdos_meta]]></wp:meta_key>
		<wp:meta_value><![CDATA[5]]></wp:meta_value>
		</wp:postmeta>
							<wp:postmeta>
		<wp:meta_key><![CDATA[num_velas_meta]]></wp:meta_key>
		<wp:meta_value><![CDATA[25]]></wp:meta_value>
		</wp:postmeta>
							</item>
					<item>
		<title><![CDATA[Eva GÃ³mez Ruiz]]></title>
		<link>http://localhost/sass-wp/obituario/eva-gomez-ruiz/</link>
		<pubDate>Fri, 12 Feb 2021 17:56:18 +0000</pubDate>
		<dc:creator><![CDATA[webmaster]]></dc:creator>
		<guid isPermaLink="false">http://valparaiso.com.mx/?post_type=valpa_obituario_pt&#038;p=12211</guid>
		<description></description>
		<content:encoded><![CDATA["La muerte deja un dolor en el corazÃ³n, que nadie puede sanar pero el amor deja una memoria que nadie puede robar."]]></content:encoded>
		<excerpt:encoded><![CDATA[]]></excerpt:encoded>
		<wp:post_id>12211</wp:post_id>
		<wp:post_date><![CDATA[2021-02-12 17:56:18]]></wp:post_date>
		<wp:post_date_gmt><![CDATA[2021-02-12 17:56:18]]></wp:post_date_gmt>
		<wp:post_modified><![CDATA[2021-02-12 17:56:18]]></wp:post_modified>
		<wp:post_modified_gmt><![CDATA[2021-02-12 17:56:18]]></wp:post_modified_gmt>
		<wp:comment_status><![CDATA[open]]></wp:comment_status>
		<wp:ping_status><![CDATA[closed]]></wp:ping_status>
		<wp:post_name><![CDATA[eva-gomez-ruiz]]></wp:post_name>
		<wp:status><![CDATA[publish]]></wp:status>
		<wp:post_parent>0</wp:post_parent>
		<wp:menu_order>0</wp:menu_order>
		<wp:post_type><![CDATA[valpa_obituario_pt]]></wp:post_type>
		<wp:post_password><![CDATA[]]></wp:post_password>
		<wp:is_sticky>0</wp:is_sticky>
														<wp:postmeta>
		<wp:meta_key><![CDATA[_edit_last]]></wp:meta_key>
		<wp:meta_value><![CDATA[1]]></wp:meta_value>
		</wp:postmeta>
							<wp:postmeta>
		<wp:meta_key><![CDATA[_thumbnail_id]]></wp:meta_key>
		<wp:meta_value><![CDATA[12250]]></wp:meta_value>
		</wp:postmeta>
							<wp:postmeta>
		<wp:meta_key><![CDATA[sucursal_relacionada_meta]]></wp:meta_key>
		<wp:meta_value><![CDATA[a:1:{i:0;s:2:"22";}]]></wp:meta_value>
		</wp:postmeta>
							<wp:postmeta>
		<wp:meta_key><![CDATA[valpa_no_homenaje_meta]]></wp:meta_key>
		<wp:meta_value><![CDATA[0020000932]]></wp:meta_value>
		</wp:postmeta>
							<wp:postmeta>
		<wp:meta_key><![CDATA[servicio_relacionado_meta]]></wp:meta_key>
		<wp:meta_value><![CDATA[a:1:{i:0;s:8:"Sucursal";}]]></wp:meta_value>
		</wp:postmeta>
							<wp:postmeta>
		<wp:meta_key><![CDATA[valpa_nacimiento_dia_meta]]></wp:meta_key>
		<wp:meta_value><![CDATA[14]]></wp:meta_value>
		</wp:postmeta>
							<wp:postmeta>
		<wp:meta_key><![CDATA[valpa_nacimiento_mes_meta]]></wp:meta_key>
		<wp:meta_value><![CDATA[04]]></wp:meta_value>
		</wp:postmeta>
							<wp:postmeta>
		<wp:meta_key><![CDATA[valpa_nacimiento_ano_meta]]></wp:meta_key>
		<wp:meta_value><![CDATA[1948]]></wp:meta_value>
		</wp:postmeta>
							<wp:postmeta>
		<wp:meta_key><![CDATA[post_views_count]]></wp:meta_key>
		<wp:meta_value><![CDATA[61]]></wp:meta_value>
		</wp:postmeta>
							<wp:postmeta>
		<wp:meta_key><![CDATA[num_recuerdos_meta]]></wp:meta_key>
		<wp:meta_value><![CDATA[1]]></wp:meta_value>
		</wp:postmeta>
							<wp:postmeta>
		<wp:meta_key><![CDATA[num_velas_meta]]></wp:meta_key>
		<wp:meta_value><![CDATA[1]]></wp:meta_value>
		</wp:postmeta>
							</item>
					<item>
		<title><![CDATA[Susana HernÃ¡ndez GonzÃ¡lez]]></title>
		<link>http://localhost/sass-wp/obituario/susana-hernandez-gonzalez/</link>
		<pubDate>Fri, 12 Feb 2021 19:05:09 +0000</pubDate>
		<dc:creator><![CDATA[webmaster]]></dc:creator>
		<guid isPermaLink="false">http://valparaiso.com.mx/?post_type=valpa_obituario_pt&#038;p=12272</guid>
		<description></description>
		<content:encoded><![CDATA[âTus valores y enseÃ±anzas viven en nosotros y te hacen inmortal."]]></content:encoded>
		<excerpt:encoded><![CDATA[]]></excerpt:encoded>
		<wp:post_id>12272</wp:post_id>
		<wp:post_date><![CDATA[2021-02-12 19:05:09]]></wp:post_date>
		<wp:post_date_gmt><![CDATA[2021-02-12 19:05:09]]></wp:post_date_gmt>
		<wp:post_modified><![CDATA[2021-02-12 19:05:09]]></wp:post_modified>
		<wp:post_modified_gmt><![CDATA[2021-02-12 19:05:09]]></wp:post_modified_gmt>
		<wp:comment_status><![CDATA[open]]></wp:comment_status>
		<wp:ping_status><![CDATA[closed]]></wp:ping_status>
		<wp:post_name><![CDATA[susana-hernandez-gonzalez]]></wp:post_name>
		<wp:status><![CDATA[publish]]></wp:status>
		<wp:post_parent>0</wp:post_parent>
		<wp:menu_order>0</wp:menu_order>
		<wp:post_type><![CDATA[valpa_obituario_pt]]></wp:post_type>
		<wp:post_password><![CDATA[]]></wp:post_password>
		<wp:is_sticky>0</wp:is_sticky>
														<wp:postmeta>
		<wp:meta_key><![CDATA[_edit_last]]></wp:meta_key>
		<wp:meta_value><![CDATA[1]]></wp:meta_value>
		</wp:postmeta>
							<wp:postmeta>
		<wp:meta_key><![CDATA[_thumbnail_id]]></wp:meta_key>
		<wp:meta_value><![CDATA[12291]]></wp:meta_value>
		</wp:postmeta>
							<wp:postmeta>
		<wp:meta_key><![CDATA[sucursal_relacionada_meta]]></wp:meta_key>
		<wp:meta_value><![CDATA[a:1:{i:0;s:2:"22";}]]></wp:meta_value>
		</wp:postmeta>
							<wp:postmeta>
		<wp:meta_key><![CDATA[valpa_no_homenaje_meta]]></wp:meta_key>
		<wp:meta_value><![CDATA[0020000949]]></wp:meta_value>
		</wp:postmeta>
							<wp:postmeta>
		<wp:meta_key><![CDATA[servicio_relacionado_meta]]></wp:meta_key>
		<wp:meta_value><![CDATA[a:1:{i:0;s:9:"Domicilio";}]]></wp:meta_value>
		</wp:postmeta>
							<wp:postmeta>
		<wp:meta_key><![CDATA[valpa_nacimiento_dia_meta]]></wp:meta_key>
		<wp:meta_value><![CDATA[13]]></wp:meta_value>
		</wp:postmeta>
							<wp:postmeta>
		<wp:meta_key><![CDATA[valpa_nacimiento_mes_meta]]></wp:meta_key>
		<wp:meta_value><![CDATA[08]]></wp:meta_value>
		</wp:postmeta>
							<wp:postmeta>
		<wp:meta_key><![CDATA[valpa_nacimiento_ano_meta]]></wp:meta_key>
		<wp:meta_value><![CDATA[1963]]></wp:meta_value>
		</wp:postmeta>
							<wp:postmeta>
		<wp:meta_key><![CDATA[post_views_count]]></wp:meta_key>
		<wp:meta_value><![CDATA[178]]></wp:meta_value>
		</wp:postmeta>
							<wp:postmeta>
		<wp:meta_key><![CDATA[num_velas_meta]]></wp:meta_key>
		<wp:meta_value><![CDATA[15]]></wp:meta_value>
		</wp:postmeta>
							<wp:postmeta>
		<wp:meta_key><![CDATA[num_recuerdos_meta]]></wp:meta_key>
		<wp:meta_value><![CDATA[2]]></wp:meta_value>
		</wp:postmeta>
							</item>
					<item>
		<title><![CDATA[Navidad HernÃ¡ndez Narciso]]></title>
		<link>http://localhost/sass-wp/obituario/navidad-hernandez-narciso/</link>
		<pubDate>Fri, 12 Feb 2021 19:49:16 +0000</pubDate>
		<dc:creator><![CDATA[webmaster]]></dc:creator>
		<guid isPermaLink="false">http://valparaiso.com.mx/?post_type=valpa_obituario_pt&#038;p=12297</guid>
		<description></description>
		<content:encoded><![CDATA["La muerte deja un dolor en el corazÃ³n, que nadie puede sanar pero el amor deja una memoria que nadie puede robar."]]></content:encoded>
		<excerpt:encoded><![CDATA[]]></excerpt:encoded>
		<wp:post_id>12297</wp:post_id>
		<wp:post_date><![CDATA[2021-02-12 19:49:16]]></wp:post_date>
		<wp:post_date_gmt><![CDATA[2021-02-12 19:49:16]]></wp:post_date_gmt>
		<wp:post_modified><![CDATA[2021-02-12 19:49:16]]></wp:post_modified>
		<wp:post_modified_gmt><![CDATA[2021-02-12 19:49:16]]></wp:post_modified_gmt>
		<wp:comment_status><![CDATA[open]]></wp:comment_status>
		<wp:ping_status><![CDATA[closed]]></wp:ping_status>
		<wp:post_name><![CDATA[navidad-hernandez-narciso]]></wp:post_name>
		<wp:status><![CDATA[publish]]></wp:status>
		<wp:post_parent>0</wp:post_parent>
		<wp:menu_order>0</wp:menu_order>
		<wp:post_type><![CDATA[valpa_obituario_pt]]></wp:post_type>
		<wp:post_password><![CDATA[]]></wp:post_password>
		<wp:is_sticky>0</wp:is_sticky>
														<wp:postmeta>
		<wp:meta_key><![CDATA[_edit_last]]></wp:meta_key>
		<wp:meta_value><![CDATA[1]]></wp:meta_value>
		</wp:postmeta>
							<wp:postmeta>
		<wp:meta_key><![CDATA[_thumbnail_id]]></wp:meta_key>
		<wp:meta_value><![CDATA[12319]]></wp:meta_value>
		</wp:postmeta>
							<wp:postmeta>
		<wp:meta_key><![CDATA[sucursal_relacionada_meta]]></wp:meta_key>
		<wp:meta_value><![CDATA[a:1:{i:0;s:2:"22";}]]></wp:meta_value>
		</wp:postmeta>
							<wp:postmeta>
		<wp:meta_key><![CDATA[valpa_no_homenaje_meta]]></wp:meta_key>
		<wp:meta_value><![CDATA[0020000953]]></wp:meta_value>
		</wp:postmeta>
							<wp:postmeta>
		<wp:meta_key><![CDATA[servicio_relacionado_meta]]></wp:meta_key>
		<wp:meta_value><![CDATA[a:1:{i:0;s:8:"Sucursal";}]]></wp:meta_value>
		</wp:postmeta>
							<wp:postmeta>
		<wp:meta_key><![CDATA[valpa_nacimiento_dia_meta]]></wp:meta_key>
		<wp:meta_value><![CDATA[19]]></wp:meta_value>
		</wp:postmeta>
							<wp:postmeta>
		<wp:meta_key><![CDATA[valpa_nacimiento_mes_meta]]></wp:meta_key>
		<wp:meta_value><![CDATA[03]]></wp:meta_value>
		</wp:postmeta>
							<wp:postmeta>
		<wp:meta_key><![CDATA[valpa_nacimiento_ano_meta]]></wp:meta_key>
		<wp:meta_value><![CDATA[1956]]></wp:meta_value>
		</wp:postmeta>
							<wp:postmeta>
		<wp:meta_key><![CDATA[post_views_count]]></wp:meta_key>
		<wp:meta_value><![CDATA[134]]></wp:meta_value>
		</wp:postmeta>
							<wp:postmeta>
		<wp:meta_key><![CDATA[num_velas_meta]]></wp:meta_key>
		<wp:meta_value><![CDATA[4]]></wp:meta_value>
		</wp:postmeta>
							<wp:postmeta>
		<wp:meta_key><![CDATA[num_recuerdos_meta]]></wp:meta_key>
		<wp:meta_value><![CDATA[1]]></wp:meta_value>
		</wp:postmeta>
							</item>
					<item>
		<title><![CDATA[Eulogio MartÃ­nez Flores]]></title>
		<link>http://localhost/sass-wp/obituario/eulogio-martinez-flores/</link>
		<pubDate>Fri, 12 Feb 2021 20:04:23 +0000</pubDate>
		<dc:creator><![CDATA[webmaster]]></dc:creator>
		<guid isPermaLink="false">http://valparaiso.com.mx/?post_type=valpa_obituario_pt&#038;p=12323</guid>
		<description></description>
		<content:encoded><![CDATA[âTus valores y enseÃ±anzas viven en nosotros y te hacen inmortal."]]></content:encoded>
		<excerpt:encoded><![CDATA[]]></excerpt:encoded>
		<wp:post_id>12323</wp:post_id>
		<wp:post_date><![CDATA[2021-02-12 20:04:23]]></wp:post_date>
		<wp:post_date_gmt><![CDATA[2021-02-12 20:04:23]]></wp:post_date_gmt>
		<wp:post_modified><![CDATA[2021-02-12 20:04:23]]></wp:post_modified>
		<wp:post_modified_gmt><![CDATA[2021-02-12 20:04:23]]></wp:post_modified_gmt>
		<wp:comment_status><![CDATA[open]]></wp:comment_status>
		<wp:ping_status><![CDATA[closed]]></wp:ping_status>
		<wp:post_name><![CDATA[eulogio-martinez-flores]]></wp:post_name>
		<wp:status><![CDATA[publish]]></wp:status>
		<wp:post_parent>0</wp:post_parent>
		<wp:menu_order>0</wp:menu_order>
		<wp:post_type><![CDATA[valpa_obituario_pt]]></wp:post_type>
		<wp:post_password><![CDATA[]]></wp:post_password>
		<wp:is_sticky>0</wp:is_sticky>
														<wp:postmeta>
		<wp:meta_key><![CDATA[_edit_last]]></wp:meta_key>
		<wp:meta_value><![CDATA[1]]></wp:meta_value>
		</wp:postmeta>
							<wp:postmeta>
		<wp:meta_key><![CDATA[_thumbnail_id]]></wp:meta_key>
		<wp:meta_value><![CDATA[12340]]></wp:meta_value>
		</wp:postmeta>
							<wp:postmeta>
		<wp:meta_key><![CDATA[sucursal_relacionada_meta]]></wp:meta_key>
		<wp:meta_value><![CDATA[a:1:{i:0;s:2:"22";}]]></wp:meta_value>
		</wp:postmeta>
							<wp:postmeta>
		<wp:meta_key><![CDATA[valpa_no_homenaje_meta]]></wp:meta_key>
		<wp:meta_value><![CDATA[0020001090]]></wp:meta_value>
		</wp:postmeta>
							<wp:postmeta>
		<wp:meta_key><![CDATA[servicio_relacionado_meta]]></wp:meta_key>
		<wp:meta_value><![CDATA[a:1:{i:0;s:8:"Sucursal";}]]></wp:meta_value>
		</wp:postmeta>
							<wp:postmeta>
		<wp:meta_key><![CDATA[valpa_nacimiento_dia_meta]]></wp:meta_key>
		<wp:meta_value><![CDATA[30]]></wp:meta_value>
		</wp:postmeta>
							<wp:postmeta>
		<wp:meta_key><![CDATA[valpa_nacimiento_mes_meta]]></wp:meta_key>
		<wp:meta_value><![CDATA[08]]></wp:meta_value>
		</wp:postmeta>
							<wp:postmeta>
		<wp:meta_key><![CDATA[valpa_nacimiento_ano_meta]]></wp:meta_key>
		<wp:meta_value><![CDATA[1945]]></wp:meta_value>
		</wp:postmeta>
							<wp:postmeta>
		<wp:meta_key><![CDATA[post_views_count]]></wp:meta_key>
		<wp:meta_value><![CDATA[365]]></wp:meta_value>
		</wp:postmeta>
							<wp:postmeta>
		<wp:meta_key><![CDATA[num_recuerdos_meta]]></wp:meta_key>
		<wp:meta_value><![CDATA[13]]></wp:meta_value>
		</wp:postmeta>
							<wp:postmeta>
		<wp:meta_key><![CDATA[num_velas_meta]]></wp:meta_key>
		<wp:meta_value><![CDATA[23]]></wp:meta_value>
		</wp:postmeta>
							</item>
					<item>
		<title><![CDATA[Christian Flores VÃ¡zquez]]></title>
		<link>http://localhost/sass-wp/obituario/christian-flores-vazquez/</link>
		<pubDate>Fri, 12 Feb 2021 20:43:57 +0000</pubDate>
		<dc:creator><![CDATA[webmaster]]></dc:creator>
		<guid isPermaLink="false">http://valparaiso.com.mx/?post_type=valpa_obituario_pt&#038;p=12345</guid>
		<description></description>
		<content:encoded><![CDATA["A pesar de no estar presente en cuerpo, tu estarÃ¡s con nosotros por siempre en nuestros corazones."]]></content:encoded>
		<excerpt:encoded><![CDATA[]]></excerpt:encoded>
		<wp:post_id>12345</wp:post_id>
		<wp:post_date><![CDATA[2021-02-12 20:43:57]]></wp:post_date>
		<wp:post_date_gmt><![CDATA[2021-02-12 20:43:57]]></wp:post_date_gmt>
		<wp:post_modified><![CDATA[2021-02-12 20:43:57]]></wp:post_modified>
		<wp:post_modified_gmt><![CDATA[2021-02-12 20:43:57]]></wp:post_modified_gmt>
		<wp:comment_status><![CDATA[open]]></wp:comment_status>
		<wp:ping_status><![CDATA[closed]]></wp:ping_status>
		<wp:post_name><![CDATA[christian-flores-vazquez]]></wp:post_name>
		<wp:status><![CDATA[publish]]></wp:status>
		<wp:post_parent>0</wp:post_parent>
		<wp:menu_order>0</wp:menu_order>
		<wp:post_type><![CDATA[valpa_obituario_pt]]></wp:post_type>
		<wp:post_password><![CDATA[]]></wp:post_password>
		<wp:is_sticky>0</wp:is_sticky>
														<wp:postmeta>
		<wp:meta_key><![CDATA[_edit_last]]></wp:meta_key>
		<wp:meta_value><![CDATA[1]]></wp:meta_value>
		</wp:postmeta>
							<wp:postmeta>
		<wp:meta_key><![CDATA[_thumbnail_id]]></wp:meta_key>
		<wp:meta_value><![CDATA[12398]]></wp:meta_value>
		</wp:postmeta>
							<wp:postmeta>
		<wp:meta_key><![CDATA[sucursal_relacionada_meta]]></wp:meta_key>
		<wp:meta_value><![CDATA[a:1:{i:0;s:2:"22";}]]></wp:meta_value>
		</wp:postmeta>
							<wp:postmeta>
		<wp:meta_key><![CDATA[valpa_no_homenaje_meta]]></wp:meta_key>
		<wp:meta_value><![CDATA[002000955]]></wp:meta_value>
		</wp:postmeta>
							<wp:postmeta>
		<wp:meta_key><![CDATA[servicio_relacionado_meta]]></wp:meta_key>
		<wp:meta_value><![CDATA[a:1:{i:0;s:9:"Domicilio";}]]></wp:meta_value>
		</wp:postmeta>
							<wp:postmeta>
		<wp:meta_key><![CDATA[valpa_nacimiento_dia_meta]]></wp:meta_key>
		<wp:meta_value><![CDATA[11]]></wp:meta_value>
		</wp:postmeta>
							<wp:postmeta>
		<wp:meta_key><![CDATA[valpa_nacimiento_mes_meta]]></wp:meta_key>
		<wp:meta_value><![CDATA[05]]></wp:meta_value>
		</wp:postmeta>
							<wp:postmeta>
		<wp:meta_key><![CDATA[valpa_nacimiento_ano_meta]]></wp:meta_key>
		<wp:meta_value><![CDATA[1989]]></wp:meta_value>
		</wp:postmeta>
							<wp:postmeta>
		<wp:meta_key><![CDATA[post_views_count]]></wp:meta_key>
		<wp:meta_value><![CDATA[150]]></wp:meta_value>
		</wp:postmeta>
							<wp:postmeta>
		<wp:meta_key><![CDATA[num_recuerdos_meta]]></wp:meta_key>
		<wp:meta_value><![CDATA[2]]></wp:meta_value>
		</wp:postmeta>
							<wp:postmeta>
		<wp:meta_key><![CDATA[num_velas_meta]]></wp:meta_key>
		<wp:meta_value><![CDATA[2]]></wp:meta_value>
		</wp:postmeta>
							</item>
					<item>
		<title><![CDATA[Juan Manuel Palacios LÃ³pez]]></title>
		<link>http://localhost/sass-wp/obituario/juan-manuel-palacios-lopez/</link>
		<pubDate>Fri, 12 Feb 2021 22:12:50 +0000</pubDate>
		<dc:creator><![CDATA[webmaster]]></dc:creator>
		<guid isPermaLink="false">http://valparaiso.com.mx/?post_type=valpa_obituario_pt&#038;p=12413</guid>
		<description></description>
		<content:encoded><![CDATA[âPasaste por nuestras vidas como una estrella fugaz, pero tu brillo vivirÃ¡ siempre en nuestros corazones."]]></content:encoded>
		<excerpt:encoded><![CDATA[]]></excerpt:encoded>
		<wp:post_id>12413</wp:post_id>
		<wp:post_date><![CDATA[2021-02-12 22:12:50]]></wp:post_date>
		<wp:post_date_gmt><![CDATA[2021-02-12 22:12:50]]></wp:post_date_gmt>
		<wp:post_modified><![CDATA[2021-02-12 22:12:50]]></wp:post_modified>
		<wp:post_modified_gmt><![CDATA[2021-02-12 22:12:50]]></wp:post_modified_gmt>
		<wp:comment_status><![CDATA[open]]></wp:comment_status>
		<wp:ping_status><![CDATA[closed]]></wp:ping_status>
		<wp:post_name><![CDATA[juan-manuel-palacios-lopez]]></wp:post_name>
		<wp:status><![CDATA[publish]]></wp:status>
		<wp:post_parent>0</wp:post_parent>
		<wp:menu_order>0</wp:menu_order>
		<wp:post_type><![CDATA[valpa_obituario_pt]]></wp:post_type>
		<wp:post_password><![CDATA[]]></wp:post_password>
		<wp:is_sticky>0</wp:is_sticky>
														<wp:postmeta>
		<wp:meta_key><![CDATA[_edit_last]]></wp:meta_key>
		<wp:meta_value><![CDATA[1]]></wp:meta_value>
		</wp:postmeta>
							<wp:postmeta>
		<wp:meta_key><![CDATA[_thumbnail_id]]></wp:meta_key>
		<wp:meta_value><![CDATA[12434]]></wp:meta_value>
		</wp:postmeta>
							<wp:postmeta>
		<wp:meta_key><![CDATA[sucursal_relacionada_meta]]></wp:meta_key>
		<wp:meta_value><![CDATA[a:1:{i:0;s:2:"22";}]]></wp:meta_value>
		</wp:postmeta>
							<wp:postmeta>
		<wp:meta_key><![CDATA[valpa_no_homenaje_meta]]></wp:meta_key>
		<wp:meta_value><![CDATA[0020000954]]></wp:meta_value>
		</wp:postmeta>
							<wp:postmeta>
		<wp:meta_key><![CDATA[servicio_relacionado_meta]]></wp:meta_key>
		<wp:meta_value><![CDATA[a:1:{i:0;s:8:"Sucursal";}]]></wp:meta_value>
		</wp:postmeta>
							<wp:postmeta>
		<wp:meta_key><![CDATA[valpa_nacimiento_dia_meta]]></wp:meta_key>
		<wp:meta_value><![CDATA[03]]></wp:meta_value>
		</wp:postmeta>
							<wp:postmeta>
		<wp:meta_key><![CDATA[valpa_nacimiento_mes_meta]]></wp:meta_key>
		<wp:meta_value><![CDATA[08]]></wp:meta_value>
		</wp:postmeta>
							<wp:postmeta>
		<wp:meta_key><![CDATA[valpa_nacimiento_ano_meta]]></wp:meta_key>
		<wp:meta_value><![CDATA[1975]]></wp:meta_value>
		</wp:postmeta>
							<wp:postmeta>
		<wp:meta_key><![CDATA[post_views_count]]></wp:meta_key>
		<wp:meta_value><![CDATA[78]]></wp:meta_value>
		</wp:postmeta>
							<wp:postmeta>
		<wp:meta_key><![CDATA[num_velas_meta]]></wp:meta_key>
		<wp:meta_value><![CDATA[1]]></wp:meta_value>
		</wp:postmeta>
							<wp:postmeta>
		<wp:meta_key><![CDATA[num_recuerdos_meta]]></wp:meta_key>
		<wp:meta_value><![CDATA[1]]></wp:meta_value>
		</wp:postmeta>
							</item>
					<item>
		<title><![CDATA[AgustÃ­n Leal GonzÃ¡lez]]></title>
		<link>http://localhost/sass-wp/obituario/agustin-leal-gonzalez/</link>
		<pubDate>Fri, 12 Feb 2021 22:37:45 +0000</pubDate>
		<dc:creator><![CDATA[webmaster]]></dc:creator>
		<guid isPermaLink="false">http://valparaiso.com.mx/?post_type=valpa_obituario_pt&#038;p=12437</guid>
		<description></description>
		<content:encoded><![CDATA["EstarÃ¡s presente en cada momento de mi vida, estarÃ¡s en mis oraciones, cuando llore, cuando rÃ­a... Y al final de mis dÃ­as dirÃ© que nunca te fuiste"]]></content:encoded>
		<excerpt:encoded><![CDATA[]]></excerpt:encoded>
		<wp:post_id>12437</wp:post_id>
		<wp:post_date><![CDATA[2021-02-12 22:37:45]]></wp:post_date>
		<wp:post_date_gmt><![CDATA[2021-02-12 22:37:45]]></wp:post_date_gmt>
		<wp:post_modified><![CDATA[2021-02-12 22:37:45]]></wp:post_modified>
		<wp:post_modified_gmt><![CDATA[2021-02-12 22:37:45]]></wp:post_modified_gmt>
		<wp:comment_status><![CDATA[open]]></wp:comment_status>
		<wp:ping_status><![CDATA[closed]]></wp:ping_status>
		<wp:post_name><![CDATA[agustin-leal-gonzalez]]></wp:post_name>
		<wp:status><![CDATA[publish]]></wp:status>
		<wp:post_parent>0</wp:post_parent>
		<wp:menu_order>0</wp:menu_order>
		<wp:post_type><![CDATA[valpa_obituario_pt]]></wp:post_type>
		<wp:post_password><![CDATA[]]></wp:post_password>
		<wp:is_sticky>0</wp:is_sticky>
														<wp:postmeta>
		<wp:meta_key><![CDATA[_edit_last]]></wp:meta_key>
		<wp:meta_value><![CDATA[1]]></wp:meta_value>
		</wp:postmeta>
							<wp:postmeta>
		<wp:meta_key><![CDATA[_oembed_5f6b67ba6ae28e42744d9f459c82ec3e]]></wp:meta_key>
		<wp:meta_value><![CDATA[<blockquote class="wp-embedded-content" data-secret="ftwvKzI848"><a href="http://valparaiso.com.mx/obituario/juan-manuel-palacios-lopez/">Juan Manuel Palacios Lopez</a></blockquote><iframe class="wp-embedded-content" sandbox="allow-scripts" security="restricted" style="position: absolute; clip: rect(1px, 1px, 1px, 1px);" title="Â«Juan Manuel Palacios LopezÂ» â Valparaiso" src="http://valparaiso.com.mx/obituario/juan-manuel-palacios-lopez/embed/#?secret=ftwvKzI848" data-secret="ftwvKzI848" width="500" height="282" frameborder="0" marginwidth="0" marginheight="0" scrolling="no"></iframe>]]></wp:meta_value>
		</wp:postmeta>
							<wp:postmeta>
		<wp:meta_key><![CDATA[_oembed_time_5f6b67ba6ae28e42744d9f459c82ec3e]]></wp:meta_key>
		<wp:meta_value><![CDATA[1613169055]]></wp:meta_value>
		</wp:postmeta>
							<wp:postmeta>
		<wp:meta_key><![CDATA[sucursal_relacionada_meta]]></wp:meta_key>
		<wp:meta_value><![CDATA[a:1:{i:0;s:2:"22";}]]></wp:meta_value>
		</wp:postmeta>
							<wp:postmeta>
		<wp:meta_key><![CDATA[valpa_no_homenaje_meta]]></wp:meta_key>
		<wp:meta_value><![CDATA[0020001098]]></wp:meta_value>
		</wp:postmeta>
							<wp:postmeta>
		<wp:meta_key><![CDATA[servicio_relacionado_meta]]></wp:meta_key>
		<wp:meta_value><![CDATA[a:1:{i:0;s:8:"Sucursal";}]]></wp:meta_value>
		</wp:postmeta>
							<wp:postmeta>
		<wp:meta_key><![CDATA[valpa_nacimiento_dia_meta]]></wp:meta_key>
		<wp:meta_value><![CDATA[07]]></wp:meta_value>
		</wp:postmeta>
							<wp:postmeta>
		<wp:meta_key><![CDATA[valpa_nacimiento_mes_meta]]></wp:meta_key>
		<wp:meta_value><![CDATA[05]]></wp:meta_value>
		</wp:postmeta>
							<wp:postmeta>
		<wp:meta_key><![CDATA[valpa_nacimiento_ano_meta]]></wp:meta_key>
		<wp:meta_value><![CDATA[1950]]></wp:meta_value>
		</wp:postmeta>
							<wp:postmeta>
		<wp:meta_key><![CDATA[post_views_count]]></wp:meta_key>
		<wp:meta_value><![CDATA[550]]></wp:meta_value>
		</wp:postmeta>
							<wp:postmeta>
		<wp:meta_key><![CDATA[_thumbnail_id]]></wp:meta_key>
		<wp:meta_value><![CDATA[12457]]></wp:meta_value>
		</wp:postmeta>
							<wp:postmeta>
		<wp:meta_key><![CDATA[num_velas_meta]]></wp:meta_key>
		<wp:meta_value><![CDATA[26]]></wp:meta_value>
		</wp:postmeta>
							<wp:postmeta>
		<wp:meta_key><![CDATA[num_recuerdos_meta]]></wp:meta_key>
		<wp:meta_value><![CDATA[8]]></wp:meta_value>
		</wp:postmeta>
							</item>
					<item>
		<title><![CDATA[Claudio Andrade RodrÃ­guez]]></title>
		<link>http://localhost/sass-wp/obituario/claudio-andrade-rodriguez/</link>
		<pubDate>Sat, 13 Feb 2021 14:15:22 +0000</pubDate>
		<dc:creator><![CDATA[webmaster]]></dc:creator>
		<guid isPermaLink="false">http://valparaiso.com.mx/?post_type=valpa_obituario_pt&#038;p=12546</guid>
		<description></description>
		<content:encoded><![CDATA["A pesar de no estar presente en cuerpo, estarÃ¡s con nosotros por siempre en nuestros corazones."]]></content:encoded>
		<excerpt:encoded><![CDATA[]]></excerpt:encoded>
		<wp:post_id>12546</wp:post_id>
		<wp:post_date><![CDATA[2021-02-13 14:15:22]]></wp:post_date>
		<wp:post_date_gmt><![CDATA[2021-02-13 14:15:22]]></wp:post_date_gmt>
		<wp:post_modified><![CDATA[2021-02-13 14:15:22]]></wp:post_modified>
		<wp:post_modified_gmt><![CDATA[2021-02-13 14:15:22]]></wp:post_modified_gmt>
		<wp:comment_status><![CDATA[open]]></wp:comment_status>
		<wp:ping_status><![CDATA[closed]]></wp:ping_status>
		<wp:post_name><![CDATA[claudio-andrade-rodriguez]]></wp:post_name>
		<wp:status><![CDATA[publish]]></wp:status>
		<wp:post_parent>0</wp:post_parent>
		<wp:menu_order>0</wp:menu_order>
		<wp:post_type><![CDATA[valpa_obituario_pt]]></wp:post_type>
		<wp:post_password><![CDATA[]]></wp:post_password>
		<wp:is_sticky>0</wp:is_sticky>
														<wp:postmeta>
		<wp:meta_key><![CDATA[_edit_last]]></wp:meta_key>
		<wp:meta_value><![CDATA[1]]></wp:meta_value>
		</wp:postmeta>
							<wp:postmeta>
		<wp:meta_key><![CDATA[sucursal_relacionada_meta]]></wp:meta_key>
		<wp:meta_value><![CDATA[a:1:{i:0;s:2:"22";}]]></wp:meta_value>
		</wp:postmeta>
							<wp:postmeta>
		<wp:meta_key><![CDATA[valpa_no_homenaje_meta]]></wp:meta_key>
		<wp:meta_value><![CDATA[H0020001105]]></wp:meta_value>
		</wp:postmeta>
							<wp:postmeta>
		<wp:meta_key><![CDATA[servicio_relacionado_meta]]></wp:meta_key>
		<wp:meta_value><![CDATA[a:1:{i:0;s:8:"Sucursal";}]]></wp:meta_value>
		</wp:postmeta>
							<wp:postmeta>
		<wp:meta_key><![CDATA[valpa_nacimiento_dia_meta]]></wp:meta_key>
		<wp:meta_value><![CDATA[18]]></wp:meta_value>
		</wp:postmeta>
							<wp:postmeta>
		<wp:meta_key><![CDATA[valpa_nacimiento_mes_meta]]></wp:meta_key>
		<wp:meta_value><![CDATA[02]]></wp:meta_value>
		</wp:postmeta>
							<wp:postmeta>
		<wp:meta_key><![CDATA[valpa_nacimiento_ano_meta]]></wp:meta_key>
		<wp:meta_value><![CDATA[1955]]></wp:meta_value>
		</wp:postmeta>
							<wp:postmeta>
		<wp:meta_key><![CDATA[_thumbnail_id]]></wp:meta_key>
		<wp:meta_value><![CDATA[12552]]></wp:meta_value>
		</wp:postmeta>
							<wp:postmeta>
		<wp:meta_key><![CDATA[post_views_count]]></wp:meta_key>
		<wp:meta_value><![CDATA[196]]></wp:meta_value>
		</wp:postmeta>
							<wp:postmeta>
		<wp:meta_key><![CDATA[num_velas_meta]]></wp:meta_key>
		<wp:meta_value><![CDATA[9]]></wp:meta_value>
		</wp:postmeta>
							</item>
					<item>
		<title><![CDATA[JosÃ© Samuel Boyzo Bucio]]></title>
		<link>http://localhost/sass-wp/obituario/jose-samuel-boyzo-bucio/</link>
		<pubDate>Sat, 13 Feb 2021 16:47:47 +0000</pubDate>
		<dc:creator><![CDATA[webmaster]]></dc:creator>
		<guid isPermaLink="false">http://valparaiso.com.mx/?post_type=valpa_obituario_pt&#038;p=12568</guid>
		<description></description>
		<content:encoded><![CDATA["Donde habÃ­a tristeza brindabas sonrisas, en las horas de tinieblas tu presencia era luz. Tu amor, alegrÃ­a y enseÃ±anzas permanecerÃ¡n en el corazÃ³n de todos a quien dejaste huella y unido a los Ã¡ngeles escucharemos tu canto en la eternidad.]]></content:encoded>
		<excerpt:encoded><![CDATA[]]></excerpt:encoded>
		<wp:post_id>12568</wp:post_id>
		<wp:post_date><![CDATA[2021-02-13 16:47:47]]></wp:post_date>
		<wp:post_date_gmt><![CDATA[2021-02-13 16:47:47]]></wp:post_date_gmt>
		<wp:post_modified><![CDATA[2021-02-13 16:47:47]]></wp:post_modified>
		<wp:post_modified_gmt><![CDATA[2021-02-13 16:47:47]]></wp:post_modified_gmt>
		<wp:comment_status><![CDATA[open]]></wp:comment_status>
		<wp:ping_status><![CDATA[closed]]></wp:ping_status>
		<wp:post_name><![CDATA[jose-samuel-boyzo-bucio]]></wp:post_name>
		<wp:status><![CDATA[publish]]></wp:status>
		<wp:post_parent>0</wp:post_parent>
		<wp:menu_order>0</wp:menu_order>
		<wp:post_type><![CDATA[valpa_obituario_pt]]></wp:post_type>
		<wp:post_password><![CDATA[]]></wp:post_password>
		<wp:is_sticky>0</wp:is_sticky>
														<wp:postmeta>
		<wp:meta_key><![CDATA[_edit_last]]></wp:meta_key>
		<wp:meta_value><![CDATA[1]]></wp:meta_value>
		</wp:postmeta>
							<wp:postmeta>
		<wp:meta_key><![CDATA[_thumbnail_id]]></wp:meta_key>
		<wp:meta_value><![CDATA[12586]]></wp:meta_value>
		</wp:postmeta>
							<wp:postmeta>
		<wp:meta_key><![CDATA[sucursal_relacionada_meta]]></wp:meta_key>
		<wp:meta_value><![CDATA[a:1:{i:0;s:2:"22";}]]></wp:meta_value>
		</wp:postmeta>
							<wp:postmeta>
		<wp:meta_key><![CDATA[valpa_no_homenaje_meta]]></wp:meta_key>
		<wp:meta_value><![CDATA[20001104]]></wp:meta_value>
		</wp:postmeta>
							<wp:postmeta>
		<wp:meta_key><![CDATA[servicio_relacionado_meta]]></wp:meta_key>
		<wp:meta_value><![CDATA[a:1:{i:0;s:8:"Sucursal";}]]></wp:meta_value>
		</wp:postmeta>
							<wp:postmeta>
		<wp:meta_key><![CDATA[valpa_nacimiento_dia_meta]]></wp:meta_key>
		<wp:meta_value><![CDATA[21]]></wp:meta_value>
		</wp:postmeta>
							<wp:postmeta>
		<wp:meta_key><![CDATA[valpa_nacimiento_mes_meta]]></wp:meta_key>
		<wp:meta_value><![CDATA[12]]></wp:meta_value>
		</wp:postmeta>
							<wp:postmeta>
		<wp:meta_key><![CDATA[valpa_nacimiento_ano_meta]]></wp:meta_key>
		<wp:meta_value><![CDATA[1968]]></wp:meta_value>
		</wp:postmeta>
							<wp:postmeta>
		<wp:meta_key><![CDATA[post_views_count]]></wp:meta_key>
		<wp:meta_value><![CDATA[1579]]></wp:meta_value>
		</wp:postmeta>
							<wp:postmeta>
		<wp:meta_key><![CDATA[num_velas_meta]]></wp:meta_key>
		<wp:meta_value><![CDATA[83]]></wp:meta_value>
		</wp:postmeta>
							<wp:postmeta>
		<wp:meta_key><![CDATA[num_recuerdos_meta]]></wp:meta_key>
		<wp:meta_value><![CDATA[11]]></wp:meta_value>
		</wp:postmeta>
							</item>
					<item>
		<title><![CDATA[Cirilo Guadarrama AvilÃ©s]]></title>
		<link>http://localhost/sass-wp/obituario/cirilo-guadarrama-aviles/</link>
		<pubDate>Sat, 13 Feb 2021 21:57:02 +0000</pubDate>
		<dc:creator><![CDATA[webmaster]]></dc:creator>
		<guid isPermaLink="false">http://valparaiso.com.mx/?post_type=valpa_obituario_pt&#038;p=12659</guid>
		<description></description>
		<content:encoded><![CDATA["Tus valores y enseÃ±anzas viven en nosotros y te hacen inmortal."]]></content:encoded>
		<excerpt:encoded><![CDATA[]]></excerpt:encoded>
		<wp:post_id>12659</wp:post_id>
		<wp:post_date><![CDATA[2021-02-13 21:57:02]]></wp:post_date>
		<wp:post_date_gmt><![CDATA[2021-02-13 21:57:02]]></wp:post_date_gmt>
		<wp:post_modified><![CDATA[2021-02-13 21:57:02]]></wp:post_modified>
		<wp:post_modified_gmt><![CDATA[2021-02-13 21:57:02]]></wp:post_modified_gmt>
		<wp:comment_status><![CDATA[open]]></wp:comment_status>
		<wp:ping_status><![CDATA[closed]]></wp:ping_status>
		<wp:post_name><![CDATA[cirilo-guadarrama-aviles]]></wp:post_name>
		<wp:status><![CDATA[publish]]></wp:status>
		<wp:post_parent>0</wp:post_parent>
		<wp:menu_order>0</wp:menu_order>
		<wp:post_type><![CDATA[valpa_obituario_pt]]></wp:post_type>
		<wp:post_password><![CDATA[]]></wp:post_password>
		<wp:is_sticky>0</wp:is_sticky>
														<wp:postmeta>
		<wp:meta_key><![CDATA[_edit_last]]></wp:meta_key>
		<wp:meta_value><![CDATA[1]]></wp:meta_value>
		</wp:postmeta>
							<wp:postmeta>
		<wp:meta_key><![CDATA[post_views_count]]></wp:meta_key>
		<wp:meta_value><![CDATA[428]]></wp:meta_value>
		</wp:postmeta>
							<wp:postmeta>
		<wp:meta_key><![CDATA[_thumbnail_id]]></wp:meta_key>
		<wp:meta_value><![CDATA[12670]]></wp:meta_value>
		</wp:postmeta>
							<wp:postmeta>
		<wp:meta_key><![CDATA[sucursal_relacionada_meta]]></wp:meta_key>
		<wp:meta_value><![CDATA[a:1:{i:0;s:2:"22";}]]></wp:meta_value>
		</wp:postmeta>
							<wp:postmeta>
		<wp:meta_key><![CDATA[valpa_no_homenaje_meta]]></wp:meta_key>
		<wp:meta_value><![CDATA[20000935]]></wp:meta_value>
		</wp:postmeta>
							<wp:postmeta>
		<wp:meta_key><![CDATA[valpa_nacimiento_dia_meta]]></wp:meta_key>
		<wp:meta_value><![CDATA[16]]></wp:meta_value>
		</wp:postmeta>
							<wp:postmeta>
		<wp:meta_key><![CDATA[valpa_nacimiento_mes_meta]]></wp:meta_key>
		<wp:meta_value><![CDATA[07]]></wp:meta_value>
		</wp:postmeta>
							<wp:postmeta>
		<wp:meta_key><![CDATA[valpa_nacimiento_ano_meta]]></wp:meta_key>
		<wp:meta_value><![CDATA[1953]]></wp:meta_value>
		</wp:postmeta>
							<wp:postmeta>
		<wp:meta_key><![CDATA[num_velas_meta]]></wp:meta_key>
		<wp:meta_value><![CDATA[13]]></wp:meta_value>
		</wp:postmeta>
							<wp:postmeta>
		<wp:meta_key><![CDATA[num_recuerdos_meta]]></wp:meta_key>
		<wp:meta_value><![CDATA[5]]></wp:meta_value>
		</wp:postmeta>
							</item>
					<item>
		<title><![CDATA[Marcos Estrada Rivera]]></title>
		<link>http://localhost/sass-wp/obituario/marcos-estrada-rivera/</link>
		<pubDate>Mon, 15 Feb 2021 03:07:59 +0000</pubDate>
		<dc:creator><![CDATA[webmaster]]></dc:creator>
		<guid isPermaLink="false">http://valparaiso.com.mx/?post_type=valpa_obituario_pt&#038;p=12802</guid>
		<description></description>
		<content:encoded><![CDATA["EstarÃ¡s presente en cada momento de mi vida, estarÃ¡s en mis oraciones, cuando llore, cuando rÃ­a... Y al final de mis dÃ­as dirÃ© que nunca te fuiste."
]]></content:encoded>
		<excerpt:encoded><![CDATA[]]></excerpt:encoded>
		<wp:post_id>12802</wp:post_id>
		<wp:post_date><![CDATA[2021-02-15 03:07:59]]></wp:post_date>
		<wp:post_date_gmt><![CDATA[2021-02-15 03:07:59]]></wp:post_date_gmt>
		<wp:post_modified><![CDATA[2021-02-15 03:07:59]]></wp:post_modified>
		<wp:post_modified_gmt><![CDATA[2021-02-15 03:07:59]]></wp:post_modified_gmt>
		<wp:comment_status><![CDATA[open]]></wp:comment_status>
		<wp:ping_status><![CDATA[closed]]></wp:ping_status>
		<wp:post_name><![CDATA[marcos-estrada-rivera]]></wp:post_name>
		<wp:status><![CDATA[publish]]></wp:status>
		<wp:post_parent>0</wp:post_parent>
		<wp:menu_order>0</wp:menu_order>
		<wp:post_type><![CDATA[valpa_obituario_pt]]></wp:post_type>
		<wp:post_password><![CDATA[]]></wp:post_password>
		<wp:is_sticky>0</wp:is_sticky>
														<wp:postmeta>
		<wp:meta_key><![CDATA[_edit_last]]></wp:meta_key>
		<wp:meta_value><![CDATA[1]]></wp:meta_value>
		</wp:postmeta>
							<wp:postmeta>
		<wp:meta_key><![CDATA[_thumbnail_id]]></wp:meta_key>
		<wp:meta_value><![CDATA[12794]]></wp:meta_value>
		</wp:postmeta>
							<wp:postmeta>
		<wp:meta_key><![CDATA[sucursal_relacionada_meta]]></wp:meta_key>
		<wp:meta_value><![CDATA[a:1:{i:0;s:2:"22";}]]></wp:meta_value>
		</wp:postmeta>
							<wp:postmeta>
		<wp:meta_key><![CDATA[valpa_no_homenaje_meta]]></wp:meta_key>
		<wp:meta_value><![CDATA[0020001111]]></wp:meta_value>
		</wp:postmeta>
							<wp:postmeta>
		<wp:meta_key><![CDATA[servicio_relacionado_meta]]></wp:meta_key>
		<wp:meta_value><![CDATA[a:1:{i:0;s:8:"Sucursal";}]]></wp:meta_value>
		</wp:postmeta>
							<wp:postmeta>
		<wp:meta_key><![CDATA[valpa_nacimiento_dia_meta]]></wp:meta_key>
		<wp:meta_value><![CDATA[06]]></wp:meta_value>
		</wp:postmeta>
							<wp:postmeta>
		<wp:meta_key><![CDATA[valpa_nacimiento_mes_meta]]></wp:meta_key>
		<wp:meta_value><![CDATA[10]]></wp:meta_value>
		</wp:postmeta>
							<wp:postmeta>
		<wp:meta_key><![CDATA[valpa_nacimiento_ano_meta]]></wp:meta_key>
		<wp:meta_value><![CDATA[1963]]></wp:meta_value>
		</wp:postmeta>
							<wp:postmeta>
		<wp:meta_key><![CDATA[post_views_count]]></wp:meta_key>
		<wp:meta_value><![CDATA[363]]></wp:meta_value>
		</wp:postmeta>
							<wp:postmeta>
		<wp:meta_key><![CDATA[num_velas_meta]]></wp:meta_key>
		<wp:meta_value><![CDATA[23]]></wp:meta_value>
		</wp:postmeta>
							<wp:postmeta>
		<wp:meta_key><![CDATA[num_recuerdos_meta]]></wp:meta_key>
		<wp:meta_value><![CDATA[48]]></wp:meta_value>
		</wp:postmeta>
							</item>
					<item>
		<title><![CDATA[RamÃ³n Carrillo Archundia]]></title>
		<link>http://localhost/sass-wp/obituario/ramon-carrillo-archundia/</link>
		<pubDate>Mon, 15 Feb 2021 16:50:22 +0000</pubDate>
		<dc:creator><![CDATA[webmaster]]></dc:creator>
		<guid isPermaLink="false">http://valparaiso.com.mx/?post_type=valpa_obituario_pt&#038;p=12896</guid>
		<description></description>
		<content:encoded><![CDATA["A pesar de no estar presente en cuerpo, estarÃ¡s con nosotros por siempre en nuestros corazones."]]></content:encoded>
		<excerpt:encoded><![CDATA[]]></excerpt:encoded>
		<wp:post_id>12896</wp:post_id>
		<wp:post_date><![CDATA[2021-02-15 16:50:22]]></wp:post_date>
		<wp:post_date_gmt><![CDATA[2021-02-15 16:50:22]]></wp:post_date_gmt>
		<wp:post_modified><![CDATA[2021-02-15 16:50:22]]></wp:post_modified>
		<wp:post_modified_gmt><![CDATA[2021-02-15 16:50:22]]></wp:post_modified_gmt>
		<wp:comment_status><![CDATA[open]]></wp:comment_status>
		<wp:ping_status><![CDATA[closed]]></wp:ping_status>
		<wp:post_name><![CDATA[ramon-carrillo-archundia]]></wp:post_name>
		<wp:status><![CDATA[publish]]></wp:status>
		<wp:post_parent>0</wp:post_parent>
		<wp:menu_order>0</wp:menu_order>
		<wp:post_type><![CDATA[valpa_obituario_pt]]></wp:post_type>
		<wp:post_password><![CDATA[]]></wp:post_password>
		<wp:is_sticky>0</wp:is_sticky>
														<wp:postmeta>
		<wp:meta_key><![CDATA[sucursal_relacionada_meta]]></wp:meta_key>
		<wp:meta_value><![CDATA[a:1:{i:0;s:2:"22";}]]></wp:meta_value>
		</wp:postmeta>
							<wp:postmeta>
		<wp:meta_key><![CDATA[valpa_no_homenaje_meta]]></wp:meta_key>
		<wp:meta_value><![CDATA[0020001113]]></wp:meta_value>
		</wp:postmeta>
							<wp:postmeta>
		<wp:meta_key><![CDATA[servicio_relacionado_meta]]></wp:meta_key>
		<wp:meta_value><![CDATA[a:1:{i:0;s:8:"Sucursal";}]]></wp:meta_value>
		</wp:postmeta>
							<wp:postmeta>
		<wp:meta_key><![CDATA[valpa_nacimiento_dia_meta]]></wp:meta_key>
		<wp:meta_value><![CDATA[31]]></wp:meta_value>
		</wp:postmeta>
							<wp:postmeta>
		<wp:meta_key><![CDATA[valpa_nacimiento_mes_meta]]></wp:meta_key>
		<wp:meta_value><![CDATA[08]]></wp:meta_value>
		</wp:postmeta>
							<wp:postmeta>
		<wp:meta_key><![CDATA[valpa_nacimiento_ano_meta]]></wp:meta_key>
		<wp:meta_value><![CDATA[1964]]></wp:meta_value>
		</wp:postmeta>
							<wp:postmeta>
		<wp:meta_key><![CDATA[post_views_count]]></wp:meta_key>
		<wp:meta_value><![CDATA[615]]></wp:meta_value>
		</wp:postmeta>
							<wp:postmeta>
		<wp:meta_key><![CDATA[_thumbnail_id]]></wp:meta_key>
		<wp:meta_value><![CDATA[12911]]></wp:meta_value>
		</wp:postmeta>
							<wp:postmeta>
		<wp:meta_key><![CDATA[num_velas_meta]]></wp:meta_key>
		<wp:meta_value><![CDATA[28]]></wp:meta_value>
		</wp:postmeta>
							<wp:postmeta>
		<wp:meta_key><![CDATA[num_recuerdos_meta]]></wp:meta_key>
		<wp:meta_value><![CDATA[10]]></wp:meta_value>
		</wp:postmeta>
							</item>
					<item>
		<title><![CDATA[Elisa JimÃ©nez GarduÃ±o]]></title>
		<link>http://localhost/sass-wp/obituario/elisa-jimenez-garduno/</link>
		<pubDate>Tue, 16 Feb 2021 00:02:22 +0000</pubDate>
		<dc:creator><![CDATA[webmaster]]></dc:creator>
		<guid isPermaLink="false">http://valparaiso.com.mx/?post_type=valpa_obituario_pt&#038;p=12945</guid>
		<description></description>
		<content:encoded><![CDATA["Se que aun es pronto para acompaÃ±arte pero nos consuela saber que estas en un mejor lugar.
JamÃ¡s dejaremos de amarte.
Y tu recuerdo siempre nos acompaÃ±arÃ¡.
Por toda la eternidad
Te extraÃ±aremos madre mÃ­a"]]></content:encoded>
		<excerpt:encoded><![CDATA[]]></excerpt:encoded>
		<wp:post_id>12945</wp:post_id>
		<wp:post_date><![CDATA[2021-02-16 00:02:22]]></wp:post_date>
		<wp:post_date_gmt><![CDATA[2021-02-16 00:02:22]]></wp:post_date_gmt>
		<wp:post_modified><![CDATA[2021-02-16 00:02:22]]></wp:post_modified>
		<wp:post_modified_gmt><![CDATA[2021-02-16 00:02:22]]></wp:post_modified_gmt>
		<wp:comment_status><![CDATA[open]]></wp:comment_status>
		<wp:ping_status><![CDATA[closed]]></wp:ping_status>
		<wp:post_name><![CDATA[elisa-jimenez-garduno]]></wp:post_name>
		<wp:status><![CDATA[publish]]></wp:status>
		<wp:post_parent>0</wp:post_parent>
		<wp:menu_order>0</wp:menu_order>
		<wp:post_type><![CDATA[valpa_obituario_pt]]></wp:post_type>
		<wp:post_password><![CDATA[]]></wp:post_password>
		<wp:is_sticky>0</wp:is_sticky>
														<wp:postmeta>
		<wp:meta_key><![CDATA[_edit_last]]></wp:meta_key>
		<wp:meta_value><![CDATA[1]]></wp:meta_value>
		</wp:postmeta>
							<wp:postmeta>
		<wp:meta_key><![CDATA[_thumbnail_id]]></wp:meta_key>
		<wp:meta_value><![CDATA[12967]]></wp:meta_value>
		</wp:postmeta>
							<wp:postmeta>
		<wp:meta_key><![CDATA[_wp_old_date]]></wp:meta_key>
		<wp:meta_value><![CDATA[2021-02-15]]></wp:meta_value>
		</wp:postmeta>
							<wp:postmeta>
		<wp:meta_key><![CDATA[sucursal_relacionada_meta]]></wp:meta_key>
		<wp:meta_value><![CDATA[a:1:{i:0;s:2:"22";}]]></wp:meta_value>
		</wp:postmeta>
							<wp:postmeta>
		<wp:meta_key><![CDATA[valpa_no_homenaje_meta]]></wp:meta_key>
		<wp:meta_value><![CDATA[1115]]></wp:meta_value>
		</wp:postmeta>
							<wp:postmeta>
		<wp:meta_key><![CDATA[servicio_relacionado_meta]]></wp:meta_key>
		<wp:meta_value><![CDATA[a:1:{i:0;s:9:"Domicilio";}]]></wp:meta_value>
		</wp:postmeta>
							<wp:postmeta>
		<wp:meta_key><![CDATA[valpa_nacimiento_dia_meta]]></wp:meta_key>
		<wp:meta_value><![CDATA[23]]></wp:meta_value>
		</wp:postmeta>
							<wp:postmeta>
		<wp:meta_key><![CDATA[valpa_nacimiento_mes_meta]]></wp:meta_key>
		<wp:meta_value><![CDATA[11]]></wp:meta_value>
		</wp:postmeta>
							<wp:postmeta>
		<wp:meta_key><![CDATA[valpa_nacimiento_ano_meta]]></wp:meta_key>
		<wp:meta_value><![CDATA[1976]]></wp:meta_value>
		</wp:postmeta>
							<wp:postmeta>
		<wp:meta_key><![CDATA[post_views_count]]></wp:meta_key>
		<wp:meta_value><![CDATA[360]]></wp:meta_value>
		</wp:postmeta>
							<wp:postmeta>
		<wp:meta_key><![CDATA[num_velas_meta]]></wp:meta_key>
		<wp:meta_value><![CDATA[2]]></wp:meta_value>
		</wp:postmeta>
							<wp:postmeta>
		<wp:meta_key><![CDATA[_wp_old_slug]]></wp:meta_key>
		<wp:meta_value><![CDATA[elisa-garduno-jimenez]]></wp:meta_value>
		</wp:postmeta>
							<wp:postmeta>
		<wp:meta_key><![CDATA[num_recuerdos_meta]]></wp:meta_key>
		<wp:meta_value><![CDATA[1]]></wp:meta_value>
		</wp:postmeta>
							</item>
					<item>
		<title><![CDATA[MarÃ­a de Lourdes Villarreal]]></title>
		<link>http://localhost/sass-wp/obituario/maria-de-lourdes-villarreal/</link>
		<pubDate>Tue, 16 Feb 2021 00:21:29 +0000</pubDate>
		<dc:creator><![CDATA[webmaster]]></dc:creator>
		<guid isPermaLink="false">http://valparaiso.com.mx/?post_type=valpa_obituario_pt&#038;p=12970</guid>
		<description></description>
		<content:encoded><![CDATA["Mujer fuerte, amorosa y bondadosa, que la luz te abrace y te llene"]]></content:encoded>
		<excerpt:encoded><![CDATA[]]></excerpt:encoded>
		<wp:post_id>12970</wp:post_id>
		<wp:post_date><![CDATA[2021-02-16 00:21:29]]></wp:post_date>
		<wp:post_date_gmt><![CDATA[2021-02-16 00:21:29]]></wp:post_date_gmt>
		<wp:post_modified><![CDATA[2021-02-16 00:21:29]]></wp:post_modified>
		<wp:post_modified_gmt><![CDATA[2021-02-16 00:21:29]]></wp:post_modified_gmt>
		<wp:comment_status><![CDATA[open]]></wp:comment_status>
		<wp:ping_status><![CDATA[closed]]></wp:ping_status>
		<wp:post_name><![CDATA[maria-de-lourdes-villarreal]]></wp:post_name>
		<wp:status><![CDATA[publish]]></wp:status>
		<wp:post_parent>0</wp:post_parent>
		<wp:menu_order>0</wp:menu_order>
		<wp:post_type><![CDATA[valpa_obituario_pt]]></wp:post_type>
		<wp:post_password><![CDATA[]]></wp:post_password>
		<wp:is_sticky>0</wp:is_sticky>
														<wp:postmeta>
		<wp:meta_key><![CDATA[_edit_last]]></wp:meta_key>
		<wp:meta_value><![CDATA[1]]></wp:meta_value>
		</wp:postmeta>
							<wp:postmeta>
		<wp:meta_key><![CDATA[_thumbnail_id]]></wp:meta_key>
		<wp:meta_value><![CDATA[12988]]></wp:meta_value>
		</wp:postmeta>
							<wp:postmeta>
		<wp:meta_key><![CDATA[sucursal_relacionada_meta]]></wp:meta_key>
		<wp:meta_value><![CDATA[a:1:{i:0;s:2:"22";}]]></wp:meta_value>
		</wp:postmeta>
							<wp:postmeta>
		<wp:meta_key><![CDATA[valpa_no_homenaje_meta]]></wp:meta_key>
		<wp:meta_value><![CDATA[934]]></wp:meta_value>
		</wp:postmeta>
							<wp:postmeta>
		<wp:meta_key><![CDATA[valpa_nacimiento_dia_meta]]></wp:meta_key>
		<wp:meta_value><![CDATA[11]]></wp:meta_value>
		</wp:postmeta>
							<wp:postmeta>
		<wp:meta_key><![CDATA[valpa_nacimiento_mes_meta]]></wp:meta_key>
		<wp:meta_value><![CDATA[02]]></wp:meta_value>
		</wp:postmeta>
							<wp:postmeta>
		<wp:meta_key><![CDATA[valpa_nacimiento_ano_meta]]></wp:meta_key>
		<wp:meta_value><![CDATA[1968]]></wp:meta_value>
		</wp:postmeta>
							<wp:postmeta>
		<wp:meta_key><![CDATA[post_views_count]]></wp:meta_key>
		<wp:meta_value><![CDATA[302]]></wp:meta_value>
		</wp:postmeta>
							<wp:postmeta>
		<wp:meta_key><![CDATA[num_velas_meta]]></wp:meta_key>
		<wp:meta_value><![CDATA[17]]></wp:meta_value>
		</wp:postmeta>
							<wp:postmeta>
		<wp:meta_key><![CDATA[num_recuerdos_meta]]></wp:meta_key>
		<wp:meta_value><![CDATA[1]]></wp:meta_value>
		</wp:postmeta>
							</item>
					<item>
		<title><![CDATA[MarÃ­a Luisa Margarita Cruz HernÃ¡ndez]]></title>
		<link>http://localhost/sass-wp/obituario/margarita-maria-luisa-cruz-hernandez/</link>
		<pubDate>Tue, 16 Feb 2021 00:54:18 +0000</pubDate>
		<dc:creator><![CDATA[webmaster]]></dc:creator>
		<guid isPermaLink="false">http://valparaiso.com.mx/?post_type=valpa_obituario_pt&#038;p=12993</guid>
		<description></description>
		<content:encoded><![CDATA["Gracias a Dios por haber nacido de ti, gracias por haber sido nuestra protectoraâ¦ siempre te amaremos tus hijos, tu mayor tesoro"]]></content:encoded>
		<excerpt:encoded><![CDATA[]]></excerpt:encoded>
		<wp:post_id>12993</wp:post_id>
		<wp:post_date><![CDATA[2021-02-16 00:54:18]]></wp:post_date>
		<wp:post_date_gmt><![CDATA[2021-02-16 00:54:18]]></wp:post_date_gmt>
		<wp:post_modified><![CDATA[2021-02-16 00:54:18]]></wp:post_modified>
		<wp:post_modified_gmt><![CDATA[2021-02-16 00:54:18]]></wp:post_modified_gmt>
		<wp:comment_status><![CDATA[open]]></wp:comment_status>
		<wp:ping_status><![CDATA[closed]]></wp:ping_status>
		<wp:post_name><![CDATA[margarita-maria-luisa-cruz-hernandez]]></wp:post_name>
		<wp:status><![CDATA[publish]]></wp:status>
		<wp:post_parent>0</wp:post_parent>
		<wp:menu_order>0</wp:menu_order>
		<wp:post_type><![CDATA[valpa_obituario_pt]]></wp:post_type>
		<wp:post_password><![CDATA[]]></wp:post_password>
		<wp:is_sticky>0</wp:is_sticky>
														<wp:postmeta>
		<wp:meta_key><![CDATA[_edit_last]]></wp:meta_key>
		<wp:meta_value><![CDATA[1]]></wp:meta_value>
		</wp:postmeta>
							<wp:postmeta>
		<wp:meta_key><![CDATA[_thumbnail_id]]></wp:meta_key>
		<wp:meta_value><![CDATA[13007]]></wp:meta_value>
		</wp:postmeta>
							<wp:postmeta>
		<wp:meta_key><![CDATA[sucursal_relacionada_meta]]></wp:meta_key>
		<wp:meta_value><![CDATA[a:1:{i:0;s:2:"22";}]]></wp:meta_value>
		</wp:postmeta>
							<wp:postmeta>
		<wp:meta_key><![CDATA[valpa_no_homenaje_meta]]></wp:meta_key>
		<wp:meta_value><![CDATA[0020001116]]></wp:meta_value>
		</wp:postmeta>
							<wp:postmeta>
		<wp:meta_key><![CDATA[servicio_relacionado_meta]]></wp:meta_key>
		<wp:meta_value><![CDATA[a:1:{i:0;s:8:"Sucursal";}]]></wp:meta_value>
		</wp:postmeta>
							<wp:postmeta>
		<wp:meta_key><![CDATA[valpa_nacimiento_dia_meta]]></wp:meta_key>
		<wp:meta_value><![CDATA[15]]></wp:meta_value>
		</wp:postmeta>
							<wp:postmeta>
		<wp:meta_key><![CDATA[valpa_nacimiento_mes_meta]]></wp:meta_key>
		<wp:meta_value><![CDATA[01]]></wp:meta_value>
		</wp:postmeta>
							<wp:postmeta>
		<wp:meta_key><![CDATA[valpa_nacimiento_ano_meta]]></wp:meta_key>
		<wp:meta_value><![CDATA[1949]]></wp:meta_value>
		</wp:postmeta>
							<wp:postmeta>
		<wp:meta_key><![CDATA[post_views_count]]></wp:meta_key>
		<wp:meta_value><![CDATA[137]]></wp:meta_value>
		</wp:postmeta>
							<wp:postmeta>
		<wp:meta_key><![CDATA[num_velas_meta]]></wp:meta_key>
		<wp:meta_value><![CDATA[1]]></wp:meta_value>
		</wp:postmeta>
							</item>
					<item>
		<title><![CDATA[Ãngel GarcÃ­a Hinojosa]]></title>
		<link>http://localhost/sass-wp/obituario/angel-garcia-hinojosa/</link>
		<pubDate>Wed, 17 Feb 2021 07:19:15 +0000</pubDate>
		<dc:creator><![CDATA[webmaster]]></dc:creator>
		<guid isPermaLink="false">http://valparaiso.com.mx/?post_type=valpa_obituario_pt&#038;p=13090</guid>
		<description></description>
		<content:encoded><![CDATA[âHiciste bellas las vidas de quienes te rodeamos. Tu legado vive.â]]></content:encoded>
		<excerpt:encoded><![CDATA[]]></excerpt:encoded>
		<wp:post_id>13090</wp:post_id>
		<wp:post_date><![CDATA[2021-02-17 07:19:15]]></wp:post_date>
		<wp:post_date_gmt><![CDATA[2021-02-17 07:19:15]]></wp:post_date_gmt>
		<wp:post_modified><![CDATA[2021-02-17 07:19:15]]></wp:post_modified>
		<wp:post_modified_gmt><![CDATA[2021-02-17 07:19:15]]></wp:post_modified_gmt>
		<wp:comment_status><![CDATA[open]]></wp:comment_status>
		<wp:ping_status><![CDATA[closed]]></wp:ping_status>
		<wp:post_name><![CDATA[angel-garcia-hinojosa]]></wp:post_name>
		<wp:status><![CDATA[publish]]></wp:status>
		<wp:post_parent>0</wp:post_parent>
		<wp:menu_order>0</wp:menu_order>
		<wp:post_type><![CDATA[valpa_obituario_pt]]></wp:post_type>
		<wp:post_password><![CDATA[]]></wp:post_password>
		<wp:is_sticky>0</wp:is_sticky>
														<wp:postmeta>
		<wp:meta_key><![CDATA[_edit_last]]></wp:meta_key>
		<wp:meta_value><![CDATA[1]]></wp:meta_value>
		</wp:postmeta>
							<wp:postmeta>
		<wp:meta_key><![CDATA[sucursal_relacionada_meta]]></wp:meta_key>
		<wp:meta_value><![CDATA[a:1:{i:0;s:2:"22";}]]></wp:meta_value>
		</wp:postmeta>
							<wp:postmeta>
		<wp:meta_key><![CDATA[valpa_no_homenaje_meta]]></wp:meta_key>
		<wp:meta_value><![CDATA[0020001119]]></wp:meta_value>
		</wp:postmeta>
							<wp:postmeta>
		<wp:meta_key><![CDATA[servicio_relacionado_meta]]></wp:meta_key>
		<wp:meta_value><![CDATA[a:1:{i:0;s:8:"Sucursal";}]]></wp:meta_value>
		</wp:postmeta>
							<wp:postmeta>
		<wp:meta_key><![CDATA[valpa_nacimiento_dia_meta]]></wp:meta_key>
		<wp:meta_value><![CDATA[02]]></wp:meta_value>
		</wp:postmeta>
							<wp:postmeta>
		<wp:meta_key><![CDATA[valpa_nacimiento_mes_meta]]></wp:meta_key>
		<wp:meta_value><![CDATA[10]]></wp:meta_value>
		</wp:postmeta>
							<wp:postmeta>
		<wp:meta_key><![CDATA[valpa_nacimiento_ano_meta]]></wp:meta_key>
		<wp:meta_value><![CDATA[1947]]></wp:meta_value>
		</wp:postmeta>
							<wp:postmeta>
		<wp:meta_key><![CDATA[post_views_count]]></wp:meta_key>
		<wp:meta_value><![CDATA[241]]></wp:meta_value>
		</wp:postmeta>
							<wp:postmeta>
		<wp:meta_key><![CDATA[_thumbnail_id]]></wp:meta_key>
		<wp:meta_value><![CDATA[13122]]></wp:meta_value>
		</wp:postmeta>
							<wp:postmeta>
		<wp:meta_key><![CDATA[num_velas_meta]]></wp:meta_key>
		<wp:meta_value><![CDATA[12]]></wp:meta_value>
		</wp:postmeta>
							<wp:postmeta>
		<wp:meta_key><![CDATA[num_recuerdos_meta]]></wp:meta_key>
		<wp:meta_value><![CDATA[3]]></wp:meta_value>
		</wp:postmeta>
							</item>
					<item>
		<title><![CDATA[Juan Manuel GÃ³mez Mendoza]]></title>
		<link>http://localhost/sass-wp/obituario/juan-manuel-gomez-mendoza/</link>
		<pubDate>Wed, 17 Feb 2021 10:57:28 +0000</pubDate>
		<dc:creator><![CDATA[webmaster]]></dc:creator>
		<guid isPermaLink="false">http://valparaiso.com.mx/?post_type=valpa_obituario_pt&#038;p=13133</guid>
		<description></description>
		<content:encoded><![CDATA[âHiciste bellas las vidas de quienes te rodeamos. Tu legado viveâ]]></content:encoded>
		<excerpt:encoded><![CDATA[]]></excerpt:encoded>
		<wp:post_id>13133</wp:post_id>
		<wp:post_date><![CDATA[2021-02-17 10:57:28]]></wp:post_date>
		<wp:post_date_gmt><![CDATA[2021-02-17 10:57:28]]></wp:post_date_gmt>
		<wp:post_modified><![CDATA[2021-02-17 10:57:28]]></wp:post_modified>
		<wp:post_modified_gmt><![CDATA[2021-02-17 10:57:28]]></wp:post_modified_gmt>
		<wp:comment_status><![CDATA[open]]></wp:comment_status>
		<wp:ping_status><![CDATA[closed]]></wp:ping_status>
		<wp:post_name><![CDATA[juan-manuel-gomez-mendoza]]></wp:post_name>
		<wp:status><![CDATA[publish]]></wp:status>
		<wp:post_parent>0</wp:post_parent>
		<wp:menu_order>0</wp:menu_order>
		<wp:post_type><![CDATA[valpa_obituario_pt]]></wp:post_type>
		<wp:post_password><![CDATA[]]></wp:post_password>
		<wp:is_sticky>0</wp:is_sticky>
														<wp:postmeta>
		<wp:meta_key><![CDATA[_edit_last]]></wp:meta_key>
		<wp:meta_value><![CDATA[1]]></wp:meta_value>
		</wp:postmeta>
							<wp:postmeta>
		<wp:meta_key><![CDATA[sucursal_relacionada_meta]]></wp:meta_key>
		<wp:meta_value><![CDATA[a:1:{i:0;s:2:"22";}]]></wp:meta_value>
		</wp:postmeta>
							<wp:postmeta>
		<wp:meta_key><![CDATA[valpa_no_homenaje_meta]]></wp:meta_key>
		<wp:meta_value><![CDATA[0020001120]]></wp:meta_value>
		</wp:postmeta>
							<wp:postmeta>
		<wp:meta_key><![CDATA[servicio_relacionado_meta]]></wp:meta_key>
		<wp:meta_value><![CDATA[a:1:{i:0;s:8:"Sucursal";}]]></wp:meta_value>
		</wp:postmeta>
							<wp:postmeta>
		<wp:meta_key><![CDATA[valpa_nacimiento_dia_meta]]></wp:meta_key>
		<wp:meta_value><![CDATA[06]]></wp:meta_value>
		</wp:postmeta>
							<wp:postmeta>
		<wp:meta_key><![CDATA[valpa_nacimiento_mes_meta]]></wp:meta_key>
		<wp:meta_value><![CDATA[01]]></wp:meta_value>
		</wp:postmeta>
							<wp:postmeta>
		<wp:meta_key><![CDATA[valpa_nacimiento_ano_meta]]></wp:meta_key>
		<wp:meta_value><![CDATA[1964]]></wp:meta_value>
		</wp:postmeta>
							<wp:postmeta>
		<wp:meta_key><![CDATA[post_views_count]]></wp:meta_key>
		<wp:meta_value><![CDATA[1685]]></wp:meta_value>
		</wp:postmeta>
							<wp:postmeta>
		<wp:meta_key><![CDATA[num_velas_meta]]></wp:meta_key>
		<wp:meta_value><![CDATA[66]]></wp:meta_value>
		</wp:postmeta>
							<wp:postmeta>
		<wp:meta_key><![CDATA[num_recuerdos_meta]]></wp:meta_key>
		<wp:meta_value><![CDATA[11]]></wp:meta_value>
		</wp:postmeta>
							<wp:postmeta>
		<wp:meta_key><![CDATA[_thumbnail_id]]></wp:meta_key>
		<wp:meta_value><![CDATA[13150]]></wp:meta_value>
		</wp:postmeta>
							</item>
					<item>
		<title><![CDATA[RaÃºl Morales Briano]]></title>
		<link>http://localhost/sass-wp/obituario/raul-morales-briano/</link>
		<pubDate>Wed, 17 Feb 2021 15:32:04 +0000</pubDate>
		<dc:creator><![CDATA[webmaster]]></dc:creator>
		<guid isPermaLink="false">http://valparaiso.com.mx/?post_type=valpa_obituario_pt&#038;p=13179</guid>
		<description></description>
		<content:encoded><![CDATA["EstarÃ¡s presente en cada momento de mi vida, estarÃ¡s en mis oraciones, cuando llore, cuando rÃ­a... Y al final de mis dÃ­as dirÃ© que nunca te fuiste."]]></content:encoded>
		<excerpt:encoded><![CDATA[]]></excerpt:encoded>
		<wp:post_id>13179</wp:post_id>
		<wp:post_date><![CDATA[2021-02-17 15:32:04]]></wp:post_date>
		<wp:post_date_gmt><![CDATA[2021-02-17 15:32:04]]></wp:post_date_gmt>
		<wp:post_modified><![CDATA[2021-02-17 15:32:04]]></wp:post_modified>
		<wp:post_modified_gmt><![CDATA[2021-02-17 15:32:04]]></wp:post_modified_gmt>
		<wp:comment_status><![CDATA[open]]></wp:comment_status>
		<wp:ping_status><![CDATA[closed]]></wp:ping_status>
		<wp:post_name><![CDATA[raul-morales-briano]]></wp:post_name>
		<wp:status><![CDATA[publish]]></wp:status>
		<wp:post_parent>0</wp:post_parent>
		<wp:menu_order>0</wp:menu_order>
		<wp:post_type><![CDATA[valpa_obituario_pt]]></wp:post_type>
		<wp:post_password><![CDATA[]]></wp:post_password>
		<wp:is_sticky>0</wp:is_sticky>
														<wp:postmeta>
		<wp:meta_key><![CDATA[_edit_last]]></wp:meta_key>
		<wp:meta_value><![CDATA[1]]></wp:meta_value>
		</wp:postmeta>
							<wp:postmeta>
		<wp:meta_key><![CDATA[_thumbnail_id]]></wp:meta_key>
		<wp:meta_value><![CDATA[13180]]></wp:meta_value>
		</wp:postmeta>
							<wp:postmeta>
		<wp:meta_key><![CDATA[sucursal_relacionada_meta]]></wp:meta_key>
		<wp:meta_value><![CDATA[a:1:{i:0;s:2:"22";}]]></wp:meta_value>
		</wp:postmeta>
							<wp:postmeta>
		<wp:meta_key><![CDATA[valpa_no_homenaje_meta]]></wp:meta_key>
		<wp:meta_value><![CDATA[0020001121]]></wp:meta_value>
		</wp:postmeta>
							<wp:postmeta>
		<wp:meta_key><![CDATA[servicio_relacionado_meta]]></wp:meta_key>
		<wp:meta_value><![CDATA[a:1:{i:0;s:8:"Sucursal";}]]></wp:meta_value>
		</wp:postmeta>
							<wp:postmeta>
		<wp:meta_key><![CDATA[valpa_nacimiento_dia_meta]]></wp:meta_key>
		<wp:meta_value><![CDATA[22]]></wp:meta_value>
		</wp:postmeta>
							<wp:postmeta>
		<wp:meta_key><![CDATA[valpa_nacimiento_mes_meta]]></wp:meta_key>
		<wp:meta_value><![CDATA[11]]></wp:meta_value>
		</wp:postmeta>
							<wp:postmeta>
		<wp:meta_key><![CDATA[valpa_nacimiento_ano_meta]]></wp:meta_key>
		<wp:meta_value><![CDATA[1981]]></wp:meta_value>
		</wp:postmeta>
							<wp:postmeta>
		<wp:meta_key><![CDATA[post_views_count]]></wp:meta_key>
		<wp:meta_value><![CDATA[2151]]></wp:meta_value>
		</wp:postmeta>
							<wp:postmeta>
		<wp:meta_key><![CDATA[num_velas_meta]]></wp:meta_key>
		<wp:meta_value><![CDATA[147]]></wp:meta_value>
		</wp:postmeta>
							<wp:postmeta>
		<wp:meta_key><![CDATA[num_recuerdos_meta]]></wp:meta_key>
		<wp:meta_value><![CDATA[55]]></wp:meta_value>
		</wp:postmeta>
							</item>
					<item>
		<title><![CDATA[Mario Nieves Maqueda]]></title>
		<link>http://localhost/sass-wp/obituario/mario-nieves-maqueda/</link>
		<pubDate>Thu, 18 Feb 2021 22:02:18 +0000</pubDate>
		<dc:creator><![CDATA[webmaster]]></dc:creator>
		<guid isPermaLink="false">http://valparaiso.com.mx/?post_type=valpa_obituario_pt&#038;p=13451</guid>
		<description></description>
		<content:encoded><![CDATA[Tus alas estaban listas para volar, pero mi corazÃ³n no para verte partir]]></content:encoded>
		<excerpt:encoded><![CDATA[]]></excerpt:encoded>
		<wp:post_id>13451</wp:post_id>
		<wp:post_date><![CDATA[2021-02-18 22:02:18]]></wp:post_date>
		<wp:post_date_gmt><![CDATA[2021-02-18 22:02:18]]></wp:post_date_gmt>
		<wp:post_modified><![CDATA[2021-02-18 22:02:18]]></wp:post_modified>
		<wp:post_modified_gmt><![CDATA[2021-02-18 22:02:18]]></wp:post_modified_gmt>
		<wp:comment_status><![CDATA[open]]></wp:comment_status>
		<wp:ping_status><![CDATA[closed]]></wp:ping_status>
		<wp:post_name><![CDATA[mario-nieves-maqueda]]></wp:post_name>
		<wp:status><![CDATA[publish]]></wp:status>
		<wp:post_parent>0</wp:post_parent>
		<wp:menu_order>0</wp:menu_order>
		<wp:post_type><![CDATA[valpa_obituario_pt]]></wp:post_type>
		<wp:post_password><![CDATA[]]></wp:post_password>
		<wp:is_sticky>0</wp:is_sticky>
														<wp:postmeta>
		<wp:meta_key><![CDATA[_edit_last]]></wp:meta_key>
		<wp:meta_value><![CDATA[1]]></wp:meta_value>
		</wp:postmeta>
							<wp:postmeta>
		<wp:meta_key><![CDATA[_thumbnail_id]]></wp:meta_key>
		<wp:meta_value><![CDATA[13486]]></wp:meta_value>
		</wp:postmeta>
							<wp:postmeta>
		<wp:meta_key><![CDATA[valpa_no_homenaje_meta]]></wp:meta_key>
		<wp:meta_value><![CDATA[0020001014]]></wp:meta_value>
		</wp:postmeta>
							<wp:postmeta>
		<wp:meta_key><![CDATA[valpa_nacimiento_dia_meta]]></wp:meta_key>
		<wp:meta_value><![CDATA[10]]></wp:meta_value>
		</wp:postmeta>
							<wp:postmeta>
		<wp:meta_key><![CDATA[valpa_nacimiento_mes_meta]]></wp:meta_key>
		<wp:meta_value><![CDATA[01]]></wp:meta_value>
		</wp:postmeta>
							<wp:postmeta>
		<wp:meta_key><![CDATA[valpa_nacimiento_ano_meta]]></wp:meta_key>
		<wp:meta_value><![CDATA[1973]]></wp:meta_value>
		</wp:postmeta>
							<wp:postmeta>
		<wp:meta_key><![CDATA[post_views_count]]></wp:meta_key>
		<wp:meta_value><![CDATA[296]]></wp:meta_value>
		</wp:postmeta>
							<wp:postmeta>
		<wp:meta_key><![CDATA[sucursal_relacionada_meta]]></wp:meta_key>
		<wp:meta_value><![CDATA[a:1:{i:0;s:2:"22";}]]></wp:meta_value>
		</wp:postmeta>
							<wp:postmeta>
		<wp:meta_key><![CDATA[servicio_relacionado_meta]]></wp:meta_key>
		<wp:meta_value><![CDATA[a:1:{i:0;s:8:"Sucursal";}]]></wp:meta_value>
		</wp:postmeta>
							<wp:postmeta>
		<wp:meta_key><![CDATA[num_velas_meta]]></wp:meta_key>
		<wp:meta_value><![CDATA[12]]></wp:meta_value>
		</wp:postmeta>
							<wp:postmeta>
		<wp:meta_key><![CDATA[num_recuerdos_meta]]></wp:meta_key>
		<wp:meta_value><![CDATA[2]]></wp:meta_value>
		</wp:postmeta>
							</item>
					<item>
		<title><![CDATA[JesÃºs MartÃ­nez Bernal]]></title>
		<link>http://localhost/sass-wp/obituario/jesus-martinez-bernal/</link>
		<pubDate>Fri, 19 Feb 2021 02:22:11 +0000</pubDate>
		<dc:creator><![CDATA[webmaster]]></dc:creator>
		<guid isPermaLink="false">http://valparaiso.com.mx/?post_type=valpa_obituario_pt&#038;p=13498</guid>
		<description></description>
		<content:encoded><![CDATA[âTus valores y enseÃ±anzas viven en nosotros y te hacen inmortal."]]></content:encoded>
		<excerpt:encoded><![CDATA[]]></excerpt:encoded>
		<wp:post_id>13498</wp:post_id>
		<wp:post_date><![CDATA[2021-02-19 02:22:11]]></wp:post_date>
		<wp:post_date_gmt><![CDATA[2021-02-19 02:22:11]]></wp:post_date_gmt>
		<wp:post_modified><![CDATA[2021-02-19 02:22:11]]></wp:post_modified>
		<wp:post_modified_gmt><![CDATA[2021-02-19 02:22:11]]></wp:post_modified_gmt>
		<wp:comment_status><![CDATA[open]]></wp:comment_status>
		<wp:ping_status><![CDATA[closed]]></wp:ping_status>
		<wp:post_name><![CDATA[jesus-martinez-bernal]]></wp:post_name>
		<wp:status><![CDATA[publish]]></wp:status>
		<wp:post_parent>0</wp:post_parent>
		<wp:menu_order>0</wp:menu_order>
		<wp:post_type><![CDATA[valpa_obituario_pt]]></wp:post_type>
		<wp:post_password><![CDATA[]]></wp:post_password>
		<wp:is_sticky>0</wp:is_sticky>
														<wp:postmeta>
		<wp:meta_key><![CDATA[_edit_last]]></wp:meta_key>
		<wp:meta_value><![CDATA[1]]></wp:meta_value>
		</wp:postmeta>
							<wp:postmeta>
		<wp:meta_key><![CDATA[_thumbnail_id]]></wp:meta_key>
		<wp:meta_value><![CDATA[13519]]></wp:meta_value>
		</wp:postmeta>
							<wp:postmeta>
		<wp:meta_key><![CDATA[sucursal_relacionada_meta]]></wp:meta_key>
		<wp:meta_value><![CDATA[a:1:{i:0;s:2:"22";}]]></wp:meta_value>
		</wp:postmeta>
							<wp:postmeta>
		<wp:meta_key><![CDATA[valpa_no_homenaje_meta]]></wp:meta_key>
		<wp:meta_value><![CDATA[0020000942]]></wp:meta_value>
		</wp:postmeta>
							<wp:postmeta>
		<wp:meta_key><![CDATA[servicio_relacionado_meta]]></wp:meta_key>
		<wp:meta_value><![CDATA[a:1:{i:0;s:8:"Sucursal";}]]></wp:meta_value>
		</wp:postmeta>
							<wp:postmeta>
		<wp:meta_key><![CDATA[valpa_nacimiento_dia_meta]]></wp:meta_key>
		<wp:meta_value><![CDATA[17]]></wp:meta_value>
		</wp:postmeta>
							<wp:postmeta>
		<wp:meta_key><![CDATA[valpa_nacimiento_mes_meta]]></wp:meta_key>
		<wp:meta_value><![CDATA[01]]></wp:meta_value>
		</wp:postmeta>
							<wp:postmeta>
		<wp:meta_key><![CDATA[valpa_nacimiento_ano_meta]]></wp:meta_key>
		<wp:meta_value><![CDATA[1968]]></wp:meta_value>
		</wp:postmeta>
							<wp:postmeta>
		<wp:meta_key><![CDATA[post_views_count]]></wp:meta_key>
		<wp:meta_value><![CDATA[325]]></wp:meta_value>
		</wp:postmeta>
							<wp:postmeta>
		<wp:meta_key><![CDATA[num_velas_meta]]></wp:meta_key>
		<wp:meta_value><![CDATA[20]]></wp:meta_value>
		</wp:postmeta>
							<wp:postmeta>
		<wp:meta_key><![CDATA[num_recuerdos_meta]]></wp:meta_key>
		<wp:meta_value><![CDATA[16]]></wp:meta_value>
		</wp:postmeta>
							</item>
					<item>
		<title><![CDATA[Cecilia Colin Castro]]></title>
		<link>http://localhost/sass-wp/obituario/cecilia-colin-castro/</link>
		<pubDate>Fri, 19 Feb 2021 04:07:21 +0000</pubDate>
		<dc:creator><![CDATA[webmaster]]></dc:creator>
		<guid isPermaLink="false">http://valparaiso.com.mx/?post_type=valpa_obituario_pt&#038;p=13532</guid>
		<description></description>
		<content:encoded><![CDATA["Te digo adiÃ³s para toda la vida, pero toda la vida seguirÃ© pensando en ti."]]></content:encoded>
		<excerpt:encoded><![CDATA[]]></excerpt:encoded>
		<wp:post_id>13532</wp:post_id>
		<wp:post_date><![CDATA[2021-02-19 04:07:21]]></wp:post_date>
		<wp:post_date_gmt><![CDATA[2021-02-19 04:07:21]]></wp:post_date_gmt>
		<wp:post_modified><![CDATA[2021-02-19 04:07:21]]></wp:post_modified>
		<wp:post_modified_gmt><![CDATA[2021-02-19 04:07:21]]></wp:post_modified_gmt>
		<wp:comment_status><![CDATA[open]]></wp:comment_status>
		<wp:ping_status><![CDATA[closed]]></wp:ping_status>
		<wp:post_name><![CDATA[cecilia-colin-castro]]></wp:post_name>
		<wp:status><![CDATA[publish]]></wp:status>
		<wp:post_parent>0</wp:post_parent>
		<wp:menu_order>0</wp:menu_order>
		<wp:post_type><![CDATA[valpa_obituario_pt]]></wp:post_type>
		<wp:post_password><![CDATA[]]></wp:post_password>
		<wp:is_sticky>0</wp:is_sticky>
														<wp:postmeta>
		<wp:meta_key><![CDATA[_edit_last]]></wp:meta_key>
		<wp:meta_value><![CDATA[1]]></wp:meta_value>
		</wp:postmeta>
							<wp:postmeta>
		<wp:meta_key><![CDATA[sucursal_relacionada_meta]]></wp:meta_key>
		<wp:meta_value><![CDATA[a:1:{i:0;s:2:"22";}]]></wp:meta_value>
		</wp:postmeta>
							<wp:postmeta>
		<wp:meta_key><![CDATA[valpa_no_homenaje_meta]]></wp:meta_key>
		<wp:meta_value><![CDATA[0020001125]]></wp:meta_value>
		</wp:postmeta>
							<wp:postmeta>
		<wp:meta_key><![CDATA[servicio_relacionado_meta]]></wp:meta_key>
		<wp:meta_value><![CDATA[a:1:{i:0;s:9:"Domicilio";}]]></wp:meta_value>
		</wp:postmeta>
							<wp:postmeta>
		<wp:meta_key><![CDATA[valpa_nacimiento_dia_meta]]></wp:meta_key>
		<wp:meta_value><![CDATA[22]]></wp:meta_value>
		</wp:postmeta>
							<wp:postmeta>
		<wp:meta_key><![CDATA[valpa_nacimiento_mes_meta]]></wp:meta_key>
		<wp:meta_value><![CDATA[11]]></wp:meta_value>
		</wp:postmeta>
							<wp:postmeta>
		<wp:meta_key><![CDATA[valpa_nacimiento_ano_meta]]></wp:meta_key>
		<wp:meta_value><![CDATA[1933]]></wp:meta_value>
		</wp:postmeta>
							<wp:postmeta>
		<wp:meta_key><![CDATA[post_views_count]]></wp:meta_key>
		<wp:meta_value><![CDATA[83]]></wp:meta_value>
		</wp:postmeta>
							<wp:postmeta>
		<wp:meta_key><![CDATA[_thumbnail_id]]></wp:meta_key>
		<wp:meta_value><![CDATA[13544]]></wp:meta_value>
		</wp:postmeta>
							<wp:postmeta>
		<wp:meta_key><![CDATA[num_velas_meta]]></wp:meta_key>
		<wp:meta_value><![CDATA[1]]></wp:meta_value>
		</wp:postmeta>
							<wp:postmeta>
		<wp:meta_key><![CDATA[num_recuerdos_meta]]></wp:meta_key>
		<wp:meta_value><![CDATA[1]]></wp:meta_value>
		</wp:postmeta>
							</item>
					<item>
		<title><![CDATA[Eusebio Flores MejÃ­a]]></title>
		<link>http://localhost/sass-wp/obituario/eusebio-flores-mejia/</link>
		<pubDate>Sat, 20 Feb 2021 04:46:48 +0000</pubDate>
		<dc:creator><![CDATA[webmaster]]></dc:creator>
		<guid isPermaLink="false">http://valparaiso.com.mx/?post_type=valpa_obituario_pt&#038;p=13611</guid>
		<description></description>
		<content:encoded><![CDATA["A mis abuelos queridos: Dios los bendiga en su camino, siempre estarÃ¡n en nuestros corazones. Los amo."]]></content:encoded>
		<excerpt:encoded><![CDATA[]]></excerpt:encoded>
		<wp:post_id>13611</wp:post_id>
		<wp:post_date><![CDATA[2021-02-20 04:46:48]]></wp:post_date>
		<wp:post_date_gmt><![CDATA[2021-02-20 04:46:48]]></wp:post_date_gmt>
		<wp:post_modified><![CDATA[2021-02-20 04:46:48]]></wp:post_modified>
		<wp:post_modified_gmt><![CDATA[2021-02-20 04:46:48]]></wp:post_modified_gmt>
		<wp:comment_status><![CDATA[open]]></wp:comment_status>
		<wp:ping_status><![CDATA[closed]]></wp:ping_status>
		<wp:post_name><![CDATA[eusebio-flores-mejia]]></wp:post_name>
		<wp:status><![CDATA[publish]]></wp:status>
		<wp:post_parent>0</wp:post_parent>
		<wp:menu_order>0</wp:menu_order>
		<wp:post_type><![CDATA[valpa_obituario_pt]]></wp:post_type>
		<wp:post_password><![CDATA[]]></wp:post_password>
		<wp:is_sticky>0</wp:is_sticky>
														<wp:postmeta>
		<wp:meta_key><![CDATA[_edit_last]]></wp:meta_key>
		<wp:meta_value><![CDATA[1]]></wp:meta_value>
		</wp:postmeta>
							<wp:postmeta>
		<wp:meta_key><![CDATA[_thumbnail_id]]></wp:meta_key>
		<wp:meta_value><![CDATA[13613]]></wp:meta_value>
		</wp:postmeta>
							<wp:postmeta>
		<wp:meta_key><![CDATA[sucursal_relacionada_meta]]></wp:meta_key>
		<wp:meta_value><![CDATA[a:1:{i:0;s:2:"22";}]]></wp:meta_value>
		</wp:postmeta>
							<wp:postmeta>
		<wp:meta_key><![CDATA[valpa_no_homenaje_meta]]></wp:meta_key>
		<wp:meta_value><![CDATA[0020001127]]></wp:meta_value>
		</wp:postmeta>
							<wp:postmeta>
		<wp:meta_key><![CDATA[servicio_relacionado_meta]]></wp:meta_key>
		<wp:meta_value><![CDATA[a:1:{i:0;s:8:"Sucursal";}]]></wp:meta_value>
		</wp:postmeta>
							<wp:postmeta>
		<wp:meta_key><![CDATA[valpa_nacimiento_dia_meta]]></wp:meta_key>
		<wp:meta_value><![CDATA[20]]></wp:meta_value>
		</wp:postmeta>
							<wp:postmeta>
		<wp:meta_key><![CDATA[valpa_nacimiento_mes_meta]]></wp:meta_key>
		<wp:meta_value><![CDATA[02]]></wp:meta_value>
		</wp:postmeta>
							<wp:postmeta>
		<wp:meta_key><![CDATA[valpa_nacimiento_ano_meta]]></wp:meta_key>
		<wp:meta_value><![CDATA[1940]]></wp:meta_value>
		</wp:postmeta>
							<wp:postmeta>
		<wp:meta_key><![CDATA[post_views_count]]></wp:meta_key>
		<wp:meta_value><![CDATA[433]]></wp:meta_value>
		</wp:postmeta>
							<wp:postmeta>
		<wp:meta_key><![CDATA[num_recuerdos_meta]]></wp:meta_key>
		<wp:meta_value><![CDATA[32]]></wp:meta_value>
		</wp:postmeta>
							<wp:postmeta>
		<wp:meta_key><![CDATA[num_velas_meta]]></wp:meta_key>
		<wp:meta_value><![CDATA[10]]></wp:meta_value>
		</wp:postmeta>
							</item>
					<item>
		<title><![CDATA[Cesar MartÃ­nez Zaguilan]]></title>
		<link>http://localhost/sass-wp/obituario/cesar-martinez-zaguilan/</link>
		<pubDate>Sat, 20 Feb 2021 21:07:28 +0000</pubDate>
		<dc:creator><![CDATA[webmaster]]></dc:creator>
		<guid isPermaLink="false">http://valparaiso.com.mx/?post_type=valpa_obituario_pt&#038;p=13728</guid>
		<description></description>
		<content:encoded><![CDATA["La muerte deja un dolor en el corazÃ³n, que nadie puede sanar, pero el amor deja una memoria que nadie puede robar."]]></content:encoded>
		<excerpt:encoded><![CDATA[]]></excerpt:encoded>
		<wp:post_id>13728</wp:post_id>
		<wp:post_date><![CDATA[2021-02-20 21:07:28]]></wp:post_date>
		<wp:post_date_gmt><![CDATA[2021-02-20 21:07:28]]></wp:post_date_gmt>
		<wp:post_modified><![CDATA[2021-02-20 21:07:28]]></wp:post_modified>
		<wp:post_modified_gmt><![CDATA[2021-02-20 21:07:28]]></wp:post_modified_gmt>
		<wp:comment_status><![CDATA[open]]></wp:comment_status>
		<wp:ping_status><![CDATA[closed]]></wp:ping_status>
		<wp:post_name><![CDATA[cesar-martinez-zaguilan]]></wp:post_name>
		<wp:status><![CDATA[publish]]></wp:status>
		<wp:post_parent>0</wp:post_parent>
		<wp:menu_order>0</wp:menu_order>
		<wp:post_type><![CDATA[valpa_obituario_pt]]></wp:post_type>
		<wp:post_password><![CDATA[]]></wp:post_password>
		<wp:is_sticky>0</wp:is_sticky>
														<wp:postmeta>
		<wp:meta_key><![CDATA[_edit_last]]></wp:meta_key>
		<wp:meta_value><![CDATA[1]]></wp:meta_value>
		</wp:postmeta>
							<wp:postmeta>
		<wp:meta_key><![CDATA[_thumbnail_id]]></wp:meta_key>
		<wp:meta_value><![CDATA[13734]]></wp:meta_value>
		</wp:postmeta>
							<wp:postmeta>
		<wp:meta_key><![CDATA[sucursal_relacionada_meta]]></wp:meta_key>
		<wp:meta_value><![CDATA[a:1:{i:0;s:2:"22";}]]></wp:meta_value>
		</wp:postmeta>
							<wp:postmeta>
		<wp:meta_key><![CDATA[valpa_no_homenaje_meta]]></wp:meta_key>
		<wp:meta_value><![CDATA[0020001130]]></wp:meta_value>
		</wp:postmeta>
							<wp:postmeta>
		<wp:meta_key><![CDATA[servicio_relacionado_meta]]></wp:meta_key>
		<wp:meta_value><![CDATA[a:1:{i:0;s:8:"Sucursal";}]]></wp:meta_value>
		</wp:postmeta>
							<wp:postmeta>
		<wp:meta_key><![CDATA[valpa_nacimiento_dia_meta]]></wp:meta_key>
		<wp:meta_value><![CDATA[11]]></wp:meta_value>
		</wp:postmeta>
							<wp:postmeta>
		<wp:meta_key><![CDATA[valpa_nacimiento_mes_meta]]></wp:meta_key>
		<wp:meta_value><![CDATA[09]]></wp:meta_value>
		</wp:postmeta>
							<wp:postmeta>
		<wp:meta_key><![CDATA[valpa_nacimiento_ano_meta]]></wp:meta_key>
		<wp:meta_value><![CDATA[1961]]></wp:meta_value>
		</wp:postmeta>
							<wp:postmeta>
		<wp:meta_key><![CDATA[post_views_count]]></wp:meta_key>
		<wp:meta_value><![CDATA[3114]]></wp:meta_value>
		</wp:postmeta>
							<wp:postmeta>
		<wp:meta_key><![CDATA[num_velas_meta]]></wp:meta_key>
		<wp:meta_value><![CDATA[132]]></wp:meta_value>
		</wp:postmeta>
							<wp:postmeta>
		<wp:meta_key><![CDATA[num_recuerdos_meta]]></wp:meta_key>
		<wp:meta_value><![CDATA[47]]></wp:meta_value>
		</wp:postmeta>
							</item>
					<item>
		<title><![CDATA[Guillermo CortÃ©s Vallejo]]></title>
		<link>http://localhost/sass-wp/obituario/guillermo-cortes-vallejo/</link>
		<pubDate>Sun, 21 Feb 2021 04:27:04 +0000</pubDate>
		<dc:creator><![CDATA[webmaster]]></dc:creator>
		<guid isPermaLink="false">http://valparaiso.com.mx/?post_type=valpa_obituario_pt&#038;p=13910</guid>
		<description></description>
		<content:encoded><![CDATA["Hasta pronto, que brille para ti la luz que no tiene fin."]]></content:encoded>
		<excerpt:encoded><![CDATA[]]></excerpt:encoded>
		<wp:post_id>13910</wp:post_id>
		<wp:post_date><![CDATA[2021-02-21 04:27:04]]></wp:post_date>
		<wp:post_date_gmt><![CDATA[2021-02-21 04:27:04]]></wp:post_date_gmt>
		<wp:post_modified><![CDATA[2021-02-21 04:27:04]]></wp:post_modified>
		<wp:post_modified_gmt><![CDATA[2021-02-21 04:27:04]]></wp:post_modified_gmt>
		<wp:comment_status><![CDATA[open]]></wp:comment_status>
		<wp:ping_status><![CDATA[closed]]></wp:ping_status>
		<wp:post_name><![CDATA[guillermo-cortes-vallejo]]></wp:post_name>
		<wp:status><![CDATA[publish]]></wp:status>
		<wp:post_parent>0</wp:post_parent>
		<wp:menu_order>0</wp:menu_order>
		<wp:post_type><![CDATA[valpa_obituario_pt]]></wp:post_type>
		<wp:post_password><![CDATA[]]></wp:post_password>
		<wp:is_sticky>0</wp:is_sticky>
														<wp:postmeta>
		<wp:meta_key><![CDATA[_edit_last]]></wp:meta_key>
		<wp:meta_value><![CDATA[1]]></wp:meta_value>
		</wp:postmeta>
							<wp:postmeta>
		<wp:meta_key><![CDATA[_thumbnail_id]]></wp:meta_key>
		<wp:meta_value><![CDATA[13929]]></wp:meta_value>
		</wp:postmeta>
							<wp:postmeta>
		<wp:meta_key><![CDATA[sucursal_relacionada_meta]]></wp:meta_key>
		<wp:meta_value><![CDATA[a:1:{i:0;s:2:"22";}]]></wp:meta_value>
		</wp:postmeta>
							<wp:postmeta>
		<wp:meta_key><![CDATA[valpa_no_homenaje_meta]]></wp:meta_key>
		<wp:meta_value><![CDATA[0020001131]]></wp:meta_value>
		</wp:postmeta>
							<wp:postmeta>
		<wp:meta_key><![CDATA[servicio_relacionado_meta]]></wp:meta_key>
		<wp:meta_value><![CDATA[a:1:{i:0;s:8:"Sucursal";}]]></wp:meta_value>
		</wp:postmeta>
							<wp:postmeta>
		<wp:meta_key><![CDATA[valpa_nacimiento_dia_meta]]></wp:meta_key>
		<wp:meta_value><![CDATA[25]]></wp:meta_value>
		</wp:postmeta>
							<wp:postmeta>
		<wp:meta_key><![CDATA[valpa_nacimiento_mes_meta]]></wp:meta_key>
		<wp:meta_value><![CDATA[06]]></wp:meta_value>
		</wp:postmeta>
							<wp:postmeta>
		<wp:meta_key><![CDATA[valpa_nacimiento_ano_meta]]></wp:meta_key>
		<wp:meta_value><![CDATA[1975]]></wp:meta_value>
		</wp:postmeta>
							<wp:postmeta>
		<wp:meta_key><![CDATA[post_views_count]]></wp:meta_key>
		<wp:meta_value><![CDATA[672]]></wp:meta_value>
		</wp:postmeta>
							<wp:postmeta>
		<wp:meta_key><![CDATA[num_velas_meta]]></wp:meta_key>
		<wp:meta_value><![CDATA[24]]></wp:meta_value>
		</wp:postmeta>
							<wp:postmeta>
		<wp:meta_key><![CDATA[num_recuerdos_meta]]></wp:meta_key>
		<wp:meta_value><![CDATA[4]]></wp:meta_value>
		</wp:postmeta>
							</item>
					<item>
		<title><![CDATA[Melecio Mendoza GÃ³mez]]></title>
		<link>http://localhost/sass-wp/obituario/melecio-mendoza-gomez/</link>
		<pubDate>Sun, 21 Feb 2021 05:54:24 +0000</pubDate>
		<dc:creator><![CDATA[webmaster]]></dc:creator>
		<guid isPermaLink="false">http://valparaiso.com.mx/?post_type=valpa_obituario_pt&#038;p=13957</guid>
		<description></description>
		<content:encoded><![CDATA["A pesar de no estar presente en cuerpo, tu estarÃ¡s con nosotros por siempre en nuestros corazones."]]></content:encoded>
		<excerpt:encoded><![CDATA[]]></excerpt:encoded>
		<wp:post_id>13957</wp:post_id>
		<wp:post_date><![CDATA[2021-02-21 05:54:24]]></wp:post_date>
		<wp:post_date_gmt><![CDATA[2021-02-21 05:54:24]]></wp:post_date_gmt>
		<wp:post_modified><![CDATA[2021-02-21 05:54:24]]></wp:post_modified>
		<wp:post_modified_gmt><![CDATA[2021-02-21 05:54:24]]></wp:post_modified_gmt>
		<wp:comment_status><![CDATA[open]]></wp:comment_status>
		<wp:ping_status><![CDATA[closed]]></wp:ping_status>
		<wp:post_name><![CDATA[melecio-mendoza-gomez]]></wp:post_name>
		<wp:status><![CDATA[publish]]></wp:status>
		<wp:post_parent>0</wp:post_parent>
		<wp:menu_order>0</wp:menu_order>
		<wp:post_type><![CDATA[valpa_obituario_pt]]></wp:post_type>
		<wp:post_password><![CDATA[]]></wp:post_password>
		<wp:is_sticky>0</wp:is_sticky>
														<wp:postmeta>
		<wp:meta_key><![CDATA[_edit_last]]></wp:meta_key>
		<wp:meta_value><![CDATA[1]]></wp:meta_value>
		</wp:postmeta>
							<wp:postmeta>
		<wp:meta_key><![CDATA[_thumbnail_id]]></wp:meta_key>
		<wp:meta_value><![CDATA[13973]]></wp:meta_value>
		</wp:postmeta>
							<wp:postmeta>
		<wp:meta_key><![CDATA[sucursal_relacionada_meta]]></wp:meta_key>
		<wp:meta_value><![CDATA[a:1:{i:0;s:2:"22";}]]></wp:meta_value>
		</wp:postmeta>
							<wp:postmeta>
		<wp:meta_key><![CDATA[valpa_no_homenaje_meta]]></wp:meta_key>
		<wp:meta_value><![CDATA[0020001126]]></wp:meta_value>
		</wp:postmeta>
							<wp:postmeta>
		<wp:meta_key><![CDATA[servicio_relacionado_meta]]></wp:meta_key>
		<wp:meta_value><![CDATA[a:1:{i:0;s:8:"Sucursal";}]]></wp:meta_value>
		</wp:postmeta>
							<wp:postmeta>
		<wp:meta_key><![CDATA[valpa_nacimiento_dia_meta]]></wp:meta_key>
		<wp:meta_value><![CDATA[04]]></wp:meta_value>
		</wp:postmeta>
							<wp:postmeta>
		<wp:meta_key><![CDATA[valpa_nacimiento_mes_meta]]></wp:meta_key>
		<wp:meta_value><![CDATA[12]]></wp:meta_value>
		</wp:postmeta>
							<wp:postmeta>
		<wp:meta_key><![CDATA[valpa_nacimiento_ano_meta]]></wp:meta_key>
		<wp:meta_value><![CDATA[1937]]></wp:meta_value>
		</wp:postmeta>
							<wp:postmeta>
		<wp:meta_key><![CDATA[post_views_count]]></wp:meta_key>
		<wp:meta_value><![CDATA[94]]></wp:meta_value>
		</wp:postmeta>
							<wp:postmeta>
		<wp:meta_key><![CDATA[num_velas_meta]]></wp:meta_key>
		<wp:meta_value><![CDATA[3]]></wp:meta_value>
		</wp:postmeta>
							<wp:postmeta>
		<wp:meta_key><![CDATA[num_recuerdos_meta]]></wp:meta_key>
		<wp:meta_value><![CDATA[1]]></wp:meta_value>
		</wp:postmeta>
							</item>
					<item>
		<title><![CDATA[Bertha HernÃ¡ndez GonzÃ¡lez]]></title>
		<link>http://localhost/sass-wp/obituario/bertha-hernandez-gonzalez/</link>
		<pubDate>Sun, 21 Feb 2021 06:24:26 +0000</pubDate>
		<dc:creator><![CDATA[webmaster]]></dc:creator>
		<guid isPermaLink="false">http://valparaiso.com.mx/?post_type=valpa_obituario_pt&#038;p=13975</guid>
		<description></description>
		<content:encoded><![CDATA["A pesar de no estar presente en cuerpo, estarÃ¡s con nosotros por siempre en nuestros corazones."]]></content:encoded>
		<excerpt:encoded><![CDATA[]]></excerpt:encoded>
		<wp:post_id>13975</wp:post_id>
		<wp:post_date><![CDATA[2021-02-21 06:24:26]]></wp:post_date>
		<wp:post_date_gmt><![CDATA[2021-02-21 06:24:26]]></wp:post_date_gmt>
		<wp:post_modified><![CDATA[2021-02-21 06:24:26]]></wp:post_modified>
		<wp:post_modified_gmt><![CDATA[2021-02-21 06:24:26]]></wp:post_modified_gmt>
		<wp:comment_status><![CDATA[open]]></wp:comment_status>
		<wp:ping_status><![CDATA[closed]]></wp:ping_status>
		<wp:post_name><![CDATA[bertha-hernandez-gonzalez]]></wp:post_name>
		<wp:status><![CDATA[publish]]></wp:status>
		<wp:post_parent>0</wp:post_parent>
		<wp:menu_order>0</wp:menu_order>
		<wp:post_type><![CDATA[valpa_obituario_pt]]></wp:post_type>
		<wp:post_password><![CDATA[]]></wp:post_password>
		<wp:is_sticky>0</wp:is_sticky>
														<wp:postmeta>
		<wp:meta_key><![CDATA[_edit_last]]></wp:meta_key>
		<wp:meta_value><![CDATA[1]]></wp:meta_value>
		</wp:postmeta>
							<wp:postmeta>
		<wp:meta_key><![CDATA[_thumbnail_id]]></wp:meta_key>
		<wp:meta_value><![CDATA[13977]]></wp:meta_value>
		</wp:postmeta>
							<wp:postmeta>
		<wp:meta_key><![CDATA[sucursal_relacionada_meta]]></wp:meta_key>
		<wp:meta_value><![CDATA[a:1:{i:0;s:2:"22";}]]></wp:meta_value>
		</wp:postmeta>
							<wp:postmeta>
		<wp:meta_key><![CDATA[valpa_no_homenaje_meta]]></wp:meta_key>
		<wp:meta_value><![CDATA[0020001128]]></wp:meta_value>
		</wp:postmeta>
							<wp:postmeta>
		<wp:meta_key><![CDATA[servicio_relacionado_meta]]></wp:meta_key>
		<wp:meta_value><![CDATA[a:1:{i:0;s:8:"Sucursal";}]]></wp:meta_value>
		</wp:postmeta>
							<wp:postmeta>
		<wp:meta_key><![CDATA[valpa_nacimiento_dia_meta]]></wp:meta_key>
		<wp:meta_value><![CDATA[08]]></wp:meta_value>
		</wp:postmeta>
							<wp:postmeta>
		<wp:meta_key><![CDATA[valpa_nacimiento_mes_meta]]></wp:meta_key>
		<wp:meta_value><![CDATA[04]]></wp:meta_value>
		</wp:postmeta>
							<wp:postmeta>
		<wp:meta_key><![CDATA[valpa_nacimiento_ano_meta]]></wp:meta_key>
		<wp:meta_value><![CDATA[1935]]></wp:meta_value>
		</wp:postmeta>
							<wp:postmeta>
		<wp:meta_key><![CDATA[post_views_count]]></wp:meta_key>
		<wp:meta_value><![CDATA[167]]></wp:meta_value>
		</wp:postmeta>
							<wp:postmeta>
		<wp:meta_key><![CDATA[num_velas_meta]]></wp:meta_key>
		<wp:meta_value><![CDATA[3]]></wp:meta_value>
		</wp:postmeta>
							<wp:postmeta>
		<wp:meta_key><![CDATA[num_recuerdos_meta]]></wp:meta_key>
		<wp:meta_value><![CDATA[1]]></wp:meta_value>
		</wp:postmeta>
							</item>
					<item>
		<title><![CDATA[Omar Israel Larios Orozco]]></title>
		<link>http://localhost/sass-wp/obituario/omar-israel-larios-orozco/</link>
		<pubDate>Sun, 21 Feb 2021 20:11:23 +0000</pubDate>
		<dc:creator><![CDATA[webmaster]]></dc:creator>
		<guid isPermaLink="false">http://valparaiso.com.mx/?post_type=valpa_obituario_pt&#038;p=14034</guid>
		<description></description>
		<content:encoded><![CDATA["A pesar de no estar presente en cuerpo, tu estarÃ¡s con nosotros por siempre en nuestros corazones"]]></content:encoded>
		<excerpt:encoded><![CDATA[]]></excerpt:encoded>
		<wp:post_id>14034</wp:post_id>
		<wp:post_date><![CDATA[2021-02-21 20:11:23]]></wp:post_date>
		<wp:post_date_gmt><![CDATA[2021-02-21 20:11:23]]></wp:post_date_gmt>
		<wp:post_modified><![CDATA[2021-02-21 20:11:23]]></wp:post_modified>
		<wp:post_modified_gmt><![CDATA[2021-02-21 20:11:23]]></wp:post_modified_gmt>
		<wp:comment_status><![CDATA[open]]></wp:comment_status>
		<wp:ping_status><![CDATA[closed]]></wp:ping_status>
		<wp:post_name><![CDATA[omar-israel-larios-orozco]]></wp:post_name>
		<wp:status><![CDATA[publish]]></wp:status>
		<wp:post_parent>0</wp:post_parent>
		<wp:menu_order>0</wp:menu_order>
		<wp:post_type><![CDATA[valpa_obituario_pt]]></wp:post_type>
		<wp:post_password><![CDATA[]]></wp:post_password>
		<wp:is_sticky>0</wp:is_sticky>
														<wp:postmeta>
		<wp:meta_key><![CDATA[_edit_last]]></wp:meta_key>
		<wp:meta_value><![CDATA[1]]></wp:meta_value>
		</wp:postmeta>
							<wp:postmeta>
		<wp:meta_key><![CDATA[_thumbnail_id]]></wp:meta_key>
		<wp:meta_value><![CDATA[14050]]></wp:meta_value>
		</wp:postmeta>
							<wp:postmeta>
		<wp:meta_key><![CDATA[sucursal_relacionada_meta]]></wp:meta_key>
		<wp:meta_value><![CDATA[a:1:{i:0;s:2:"22";}]]></wp:meta_value>
		</wp:postmeta>
							<wp:postmeta>
		<wp:meta_key><![CDATA[valpa_no_homenaje_meta]]></wp:meta_key>
		<wp:meta_value><![CDATA[0020001134]]></wp:meta_value>
		</wp:postmeta>
							<wp:postmeta>
		<wp:meta_key><![CDATA[servicio_relacionado_meta]]></wp:meta_key>
		<wp:meta_value><![CDATA[a:1:{i:0;s:8:"Sucursal";}]]></wp:meta_value>
		</wp:postmeta>
							<wp:postmeta>
		<wp:meta_key><![CDATA[valpa_nacimiento_dia_meta]]></wp:meta_key>
		<wp:meta_value><![CDATA[07]]></wp:meta_value>
		</wp:postmeta>
							<wp:postmeta>
		<wp:meta_key><![CDATA[valpa_nacimiento_mes_meta]]></wp:meta_key>
		<wp:meta_value><![CDATA[02]]></wp:meta_value>
		</wp:postmeta>
							<wp:postmeta>
		<wp:meta_key><![CDATA[valpa_nacimiento_ano_meta]]></wp:meta_key>
		<wp:meta_value><![CDATA[1980]]></wp:meta_value>
		</wp:postmeta>
							<wp:postmeta>
		<wp:meta_key><![CDATA[post_views_count]]></wp:meta_key>
		<wp:meta_value><![CDATA[1090]]></wp:meta_value>
		</wp:postmeta>
							<wp:postmeta>
		<wp:meta_key><![CDATA[num_velas_meta]]></wp:meta_key>
		<wp:meta_value><![CDATA[85]]></wp:meta_value>
		</wp:postmeta>
							<wp:postmeta>
		<wp:meta_key><![CDATA[num_recuerdos_meta]]></wp:meta_key>
		<wp:meta_value><![CDATA[38]]></wp:meta_value>
		</wp:postmeta>
							</item>
					<item>
		<title><![CDATA[MartÃ­n Carrillo DÃ­az]]></title>
		<link>http://localhost/sass-wp/obituario/martin-carrillo-diaz/</link>
		<pubDate>Sun, 21 Feb 2021 21:00:41 +0000</pubDate>
		<dc:creator><![CDATA[webmaster]]></dc:creator>
		<guid isPermaLink="false">http://valparaiso.com.mx/?post_type=valpa_obituario_pt&#038;p=14078</guid>
		<description></description>
		<content:encoded><![CDATA[âDios nos dio memoria, para nunca olvidar a quien amamos.â]]></content:encoded>
		<excerpt:encoded><![CDATA[]]></excerpt:encoded>
		<wp:post_id>14078</wp:post_id>
		<wp:post_date><![CDATA[2021-02-21 21:00:41]]></wp:post_date>
		<wp:post_date_gmt><![CDATA[2021-02-21 21:00:41]]></wp:post_date_gmt>
		<wp:post_modified><![CDATA[2021-02-21 21:00:41]]></wp:post_modified>
		<wp:post_modified_gmt><![CDATA[2021-02-21 21:00:41]]></wp:post_modified_gmt>
		<wp:comment_status><![CDATA[open]]></wp:comment_status>
		<wp:ping_status><![CDATA[closed]]></wp:ping_status>
		<wp:post_name><![CDATA[martin-carrillo-diaz]]></wp:post_name>
		<wp:status><![CDATA[publish]]></wp:status>
		<wp:post_parent>0</wp:post_parent>
		<wp:menu_order>0</wp:menu_order>
		<wp:post_type><![CDATA[valpa_obituario_pt]]></wp:post_type>
		<wp:post_password><![CDATA[]]></wp:post_password>
		<wp:is_sticky>0</wp:is_sticky>
														<wp:postmeta>
		<wp:meta_key><![CDATA[_edit_last]]></wp:meta_key>
		<wp:meta_value><![CDATA[1]]></wp:meta_value>
		</wp:postmeta>
							<wp:postmeta>
		<wp:meta_key><![CDATA[valpa_no_homenaje_meta]]></wp:meta_key>
		<wp:meta_value><![CDATA[0020001135]]></wp:meta_value>
		</wp:postmeta>
							<wp:postmeta>
		<wp:meta_key><![CDATA[valpa_nacimiento_dia_meta]]></wp:meta_key>
		<wp:meta_value><![CDATA[11]]></wp:meta_value>
		</wp:postmeta>
							<wp:postmeta>
		<wp:meta_key><![CDATA[valpa_nacimiento_mes_meta]]></wp:meta_key>
		<wp:meta_value><![CDATA[11]]></wp:meta_value>
		</wp:postmeta>
							<wp:postmeta>
		<wp:meta_key><![CDATA[valpa_nacimiento_ano_meta]]></wp:meta_key>
		<wp:meta_value><![CDATA[1952]]></wp:meta_value>
		</wp:postmeta>
							<wp:postmeta>
		<wp:meta_key><![CDATA[_thumbnail_id]]></wp:meta_key>
		<wp:meta_value><![CDATA[14095]]></wp:meta_value>
		</wp:postmeta>
							<wp:postmeta>
		<wp:meta_key><![CDATA[sucursal_relacionada_meta]]></wp:meta_key>
		<wp:meta_value><![CDATA[a:1:{i:0;s:2:"22";}]]></wp:meta_value>
		</wp:postmeta>
							<wp:postmeta>
		<wp:meta_key><![CDATA[servicio_relacionado_meta]]></wp:meta_key>
		<wp:meta_value><![CDATA[a:1:{i:0;s:8:"Sucursal";}]]></wp:meta_value>
		</wp:postmeta>
							<wp:postmeta>
		<wp:meta_key><![CDATA[post_views_count]]></wp:meta_key>
		<wp:meta_value><![CDATA[1315]]></wp:meta_value>
		</wp:postmeta>
							<wp:postmeta>
		<wp:meta_key><![CDATA[num_velas_meta]]></wp:meta_key>
		<wp:meta_value><![CDATA[41]]></wp:meta_value>
		</wp:postmeta>
							<wp:postmeta>
		<wp:meta_key><![CDATA[num_recuerdos_meta]]></wp:meta_key>
		<wp:meta_value><![CDATA[9]]></wp:meta_value>
		</wp:postmeta>
							</item>
					<item>
		<title><![CDATA[JosÃ© Luis GutiÃ©rrez Ãlvarez]]></title>
		<link>http://localhost/sass-wp/obituario/jose-luis-gutierrez-alvarez/</link>
		<pubDate>Mon, 22 Feb 2021 02:22:24 +0000</pubDate>
		<dc:creator><![CDATA[webmaster]]></dc:creator>
		<guid isPermaLink="false">http://valparaiso.com.mx/?post_type=valpa_obituario_pt&#038;p=14253</guid>
		<description></description>
		<content:encoded><![CDATA["Pasaste por nuestras vidas como una estrella fugaz, pero su brillo vivirÃ¡ siempre en nuestros corazones."]]></content:encoded>
		<excerpt:encoded><![CDATA[]]></excerpt:encoded>
		<wp:post_id>14253</wp:post_id>
		<wp:post_date><![CDATA[2021-02-22 02:22:24]]></wp:post_date>
		<wp:post_date_gmt><![CDATA[2021-02-22 02:22:24]]></wp:post_date_gmt>
		<wp:post_modified><![CDATA[2021-02-22 02:22:24]]></wp:post_modified>
		<wp:post_modified_gmt><![CDATA[2021-02-22 02:22:24]]></wp:post_modified_gmt>
		<wp:comment_status><![CDATA[open]]></wp:comment_status>
		<wp:ping_status><![CDATA[closed]]></wp:ping_status>
		<wp:post_name><![CDATA[jose-luis-gutierrez-alvarez]]></wp:post_name>
		<wp:status><![CDATA[publish]]></wp:status>
		<wp:post_parent>0</wp:post_parent>
		<wp:menu_order>0</wp:menu_order>
		<wp:post_type><![CDATA[valpa_obituario_pt]]></wp:post_type>
		<wp:post_password><![CDATA[]]></wp:post_password>
		<wp:is_sticky>0</wp:is_sticky>
														<wp:postmeta>
		<wp:meta_key><![CDATA[_edit_last]]></wp:meta_key>
		<wp:meta_value><![CDATA[1]]></wp:meta_value>
		</wp:postmeta>
							<wp:postmeta>
		<wp:meta_key><![CDATA[_thumbnail_id]]></wp:meta_key>
		<wp:meta_value><![CDATA[14272]]></wp:meta_value>
		</wp:postmeta>
							<wp:postmeta>
		<wp:meta_key><![CDATA[valpa_no_homenaje_meta]]></wp:meta_key>
		<wp:meta_value><![CDATA[0020001136]]></wp:meta_value>
		</wp:postmeta>
							<wp:postmeta>
		<wp:meta_key><![CDATA[servicio_relacionado_meta]]></wp:meta_key>
		<wp:meta_value><![CDATA[a:1:{i:0;s:9:"Domicilio";}]]></wp:meta_value>
		</wp:postmeta>
							<wp:postmeta>
		<wp:meta_key><![CDATA[valpa_nacimiento_dia_meta]]></wp:meta_key>
		<wp:meta_value><![CDATA[27]]></wp:meta_value>
		</wp:postmeta>
							<wp:postmeta>
		<wp:meta_key><![CDATA[valpa_nacimiento_mes_meta]]></wp:meta_key>
		<wp:meta_value><![CDATA[10]]></wp:meta_value>
		</wp:postmeta>
							<wp:postmeta>
		<wp:meta_key><![CDATA[valpa_nacimiento_ano_meta]]></wp:meta_key>
		<wp:meta_value><![CDATA[1971]]></wp:meta_value>
		</wp:postmeta>
							<wp:postmeta>
		<wp:meta_key><![CDATA[post_views_count]]></wp:meta_key>
		<wp:meta_value><![CDATA[705]]></wp:meta_value>
		</wp:postmeta>
							<wp:postmeta>
		<wp:meta_key><![CDATA[num_velas_meta]]></wp:meta_key>
		<wp:meta_value><![CDATA[30]]></wp:meta_value>
		</wp:postmeta>
							<wp:postmeta>
		<wp:meta_key><![CDATA[num_recuerdos_meta]]></wp:meta_key>
		<wp:meta_value><![CDATA[1]]></wp:meta_value>
		</wp:postmeta>
							</item>
					<item>
		<title><![CDATA[Juan JosÃ© Valladares Miranda]]></title>
		<link>http://localhost/sass-wp/obituario/juan-jose-valladares-miranda/</link>
		<pubDate>Mon, 22 Feb 2021 23:15:26 +0000</pubDate>
		<dc:creator><![CDATA[webmaster]]></dc:creator>
		<guid isPermaLink="false">http://valparaiso.com.mx/?post_type=valpa_obituario_pt&#038;p=14400</guid>
		<description></description>
		<content:encoded><![CDATA["EstarÃ¡s presente en cada momento de mi vida, estarÃ¡s en mis oraciones, cuando llore, cuando rÃ­a... Y al final de mis dÃ­as dirÃ© que nunca te fuiste."]]></content:encoded>
		<excerpt:encoded><![CDATA[]]></excerpt:encoded>
		<wp:post_id>14400</wp:post_id>
		<wp:post_date><![CDATA[2021-02-22 23:15:26]]></wp:post_date>
		<wp:post_date_gmt><![CDATA[2021-02-22 23:15:26]]></wp:post_date_gmt>
		<wp:post_modified><![CDATA[2021-02-22 23:15:26]]></wp:post_modified>
		<wp:post_modified_gmt><![CDATA[2021-02-22 23:15:26]]></wp:post_modified_gmt>
		<wp:comment_status><![CDATA[open]]></wp:comment_status>
		<wp:ping_status><![CDATA[closed]]></wp:ping_status>
		<wp:post_name><![CDATA[juan-jose-valladares-miranda]]></wp:post_name>
		<wp:status><![CDATA[publish]]></wp:status>
		<wp:post_parent>0</wp:post_parent>
		<wp:menu_order>0</wp:menu_order>
		<wp:post_type><![CDATA[valpa_obituario_pt]]></wp:post_type>
		<wp:post_password><![CDATA[]]></wp:post_password>
		<wp:is_sticky>0</wp:is_sticky>
														<wp:postmeta>
		<wp:meta_key><![CDATA[_edit_last]]></wp:meta_key>
		<wp:meta_value><![CDATA[1]]></wp:meta_value>
		</wp:postmeta>
							<wp:postmeta>
		<wp:meta_key><![CDATA[_thumbnail_id]]></wp:meta_key>
		<wp:meta_value><![CDATA[14423]]></wp:meta_value>
		</wp:postmeta>
							<wp:postmeta>
		<wp:meta_key><![CDATA[sucursal_relacionada_meta]]></wp:meta_key>
		<wp:meta_value><![CDATA[a:1:{i:0;s:2:"22";}]]></wp:meta_value>
		</wp:postmeta>
							<wp:postmeta>
		<wp:meta_key><![CDATA[valpa_no_homenaje_meta]]></wp:meta_key>
		<wp:meta_value><![CDATA[0020000966]]></wp:meta_value>
		</wp:postmeta>
							<wp:postmeta>
		<wp:meta_key><![CDATA[servicio_relacionado_meta]]></wp:meta_key>
		<wp:meta_value><![CDATA[a:1:{i:0;s:8:"Sucursal";}]]></wp:meta_value>
		</wp:postmeta>
							<wp:postmeta>
		<wp:meta_key><![CDATA[valpa_nacimiento_dia_meta]]></wp:meta_key>
		<wp:meta_value><![CDATA[28]]></wp:meta_value>
		</wp:postmeta>
							<wp:postmeta>
		<wp:meta_key><![CDATA[valpa_nacimiento_mes_meta]]></wp:meta_key>
		<wp:meta_value><![CDATA[09]]></wp:meta_value>
		</wp:postmeta>
							<wp:postmeta>
		<wp:meta_key><![CDATA[valpa_nacimiento_ano_meta]]></wp:meta_key>
		<wp:meta_value><![CDATA[1974]]></wp:meta_value>
		</wp:postmeta>
							<wp:postmeta>
		<wp:meta_key><![CDATA[post_views_count]]></wp:meta_key>
		<wp:meta_value><![CDATA[91]]></wp:meta_value>
		</wp:postmeta>
							<wp:postmeta>
		<wp:meta_key><![CDATA[num_velas_meta]]></wp:meta_key>
		<wp:meta_value><![CDATA[1]]></wp:meta_value>
		</wp:postmeta>
							<wp:postmeta>
		<wp:meta_key><![CDATA[num_recuerdos_meta]]></wp:meta_key>
		<wp:meta_value><![CDATA[1]]></wp:meta_value>
		</wp:postmeta>
							</item>
					<item>
		<title><![CDATA[JesÃºs IvÃ¡n GonzÃ¡lez Romero]]></title>
		<link>http://localhost/sass-wp/obituario/jesus-ivan-gonzalez-romero/</link>
		<pubDate>Tue, 23 Feb 2021 00:39:05 +0000</pubDate>
		<dc:creator><![CDATA[webmaster]]></dc:creator>
		<guid isPermaLink="false">http://valparaiso.com.mx/?post_type=valpa_obituario_pt&#038;p=14428</guid>
		<description></description>
		<content:encoded><![CDATA[âPasaste por nuestras vidas como una estrella fugaz, pero su brillo vivirÃ¡ siempre en nuestros corazones."]]></content:encoded>
		<excerpt:encoded><![CDATA[]]></excerpt:encoded>
		<wp:post_id>14428</wp:post_id>
		<wp:post_date><![CDATA[2021-02-23 00:39:05]]></wp:post_date>
		<wp:post_date_gmt><![CDATA[2021-02-23 00:39:05]]></wp:post_date_gmt>
		<wp:post_modified><![CDATA[2021-02-23 00:39:05]]></wp:post_modified>
		<wp:post_modified_gmt><![CDATA[2021-02-23 00:39:05]]></wp:post_modified_gmt>
		<wp:comment_status><![CDATA[open]]></wp:comment_status>
		<wp:ping_status><![CDATA[closed]]></wp:ping_status>
		<wp:post_name><![CDATA[jesus-ivan-gonzalez-romero]]></wp:post_name>
		<wp:status><![CDATA[publish]]></wp:status>
		<wp:post_parent>0</wp:post_parent>
		<wp:menu_order>0</wp:menu_order>
		<wp:post_type><![CDATA[valpa_obituario_pt]]></wp:post_type>
		<wp:post_password><![CDATA[]]></wp:post_password>
		<wp:is_sticky>0</wp:is_sticky>
														<wp:postmeta>
		<wp:meta_key><![CDATA[_edit_last]]></wp:meta_key>
		<wp:meta_value><![CDATA[1]]></wp:meta_value>
		</wp:postmeta>
							<wp:postmeta>
		<wp:meta_key><![CDATA[sucursal_relacionada_meta]]></wp:meta_key>
		<wp:meta_value><![CDATA[a:1:{i:0;s:2:"22";}]]></wp:meta_value>
		</wp:postmeta>
							<wp:postmeta>
		<wp:meta_key><![CDATA[valpa_no_homenaje_meta]]></wp:meta_key>
		<wp:meta_value><![CDATA[0020000945]]></wp:meta_value>
		</wp:postmeta>
							<wp:postmeta>
		<wp:meta_key><![CDATA[servicio_relacionado_meta]]></wp:meta_key>
		<wp:meta_value><![CDATA[a:1:{i:0;s:8:"Sucursal";}]]></wp:meta_value>
		</wp:postmeta>
							<wp:postmeta>
		<wp:meta_key><![CDATA[valpa_nacimiento_dia_meta]]></wp:meta_key>
		<wp:meta_value><![CDATA[10]]></wp:meta_value>
		</wp:postmeta>
							<wp:postmeta>
		<wp:meta_key><![CDATA[valpa_nacimiento_mes_meta]]></wp:meta_key>
		<wp:meta_value><![CDATA[07]]></wp:meta_value>
		</wp:postmeta>
							<wp:postmeta>
		<wp:meta_key><![CDATA[valpa_nacimiento_ano_meta]]></wp:meta_key>
		<wp:meta_value><![CDATA[1980]]></wp:meta_value>
		</wp:postmeta>
							<wp:postmeta>
		<wp:meta_key><![CDATA[post_views_count]]></wp:meta_key>
		<wp:meta_value><![CDATA[629]]></wp:meta_value>
		</wp:postmeta>
							<wp:postmeta>
		<wp:meta_key><![CDATA[_thumbnail_id]]></wp:meta_key>
		<wp:meta_value><![CDATA[14452]]></wp:meta_value>
		</wp:postmeta>
							<wp:postmeta>
		<wp:meta_key><![CDATA[num_velas_meta]]></wp:meta_key>
		<wp:meta_value><![CDATA[22]]></wp:meta_value>
		</wp:postmeta>
							<wp:postmeta>
		<wp:meta_key><![CDATA[num_recuerdos_meta]]></wp:meta_key>
		<wp:meta_value><![CDATA[4]]></wp:meta_value>
		</wp:postmeta>
							</item>
					<item>
		<title><![CDATA[Dante Edgar NÃºÃ±ez Bastida]]></title>
		<link>http://localhost/sass-wp/obituario/dante-edgar-nunez-bastida/</link>
		<pubDate>Tue, 23 Feb 2021 04:13:37 +0000</pubDate>
		<dc:creator><![CDATA[webmaster]]></dc:creator>
		<guid isPermaLink="false">http://valparaiso.com.mx/?post_type=valpa_obituario_pt&#038;p=14501</guid>
		<description></description>
		<content:encoded><![CDATA[âPasaste por nuestras vidas como una estrella fugaz, pero tu brillo vivirÃ¡ siempre en nuestros corazones."]]></content:encoded>
		<excerpt:encoded><![CDATA[]]></excerpt:encoded>
		<wp:post_id>14501</wp:post_id>
		<wp:post_date><![CDATA[2021-02-23 04:13:37]]></wp:post_date>
		<wp:post_date_gmt><![CDATA[2021-02-23 04:13:37]]></wp:post_date_gmt>
		<wp:post_modified><![CDATA[2021-02-23 04:13:37]]></wp:post_modified>
		<wp:post_modified_gmt><![CDATA[2021-02-23 04:13:37]]></wp:post_modified_gmt>
		<wp:comment_status><![CDATA[open]]></wp:comment_status>
		<wp:ping_status><![CDATA[closed]]></wp:ping_status>
		<wp:post_name><![CDATA[dante-edgar-nunez-bastida]]></wp:post_name>
		<wp:status><![CDATA[publish]]></wp:status>
		<wp:post_parent>0</wp:post_parent>
		<wp:menu_order>0</wp:menu_order>
		<wp:post_type><![CDATA[valpa_obituario_pt]]></wp:post_type>
		<wp:post_password><![CDATA[]]></wp:post_password>
		<wp:is_sticky>0</wp:is_sticky>
														<wp:postmeta>
		<wp:meta_key><![CDATA[_edit_last]]></wp:meta_key>
		<wp:meta_value><![CDATA[1]]></wp:meta_value>
		</wp:postmeta>
							<wp:postmeta>
		<wp:meta_key><![CDATA[_thumbnail_id]]></wp:meta_key>
		<wp:meta_value><![CDATA[14523]]></wp:meta_value>
		</wp:postmeta>
							<wp:postmeta>
		<wp:meta_key><![CDATA[sucursal_relacionada_meta]]></wp:meta_key>
		<wp:meta_value><![CDATA[a:1:{i:0;s:2:"22";}]]></wp:meta_value>
		</wp:postmeta>
							<wp:postmeta>
		<wp:meta_key><![CDATA[valpa_no_homenaje_meta]]></wp:meta_key>
		<wp:meta_value><![CDATA[0020001140]]></wp:meta_value>
		</wp:postmeta>
							<wp:postmeta>
		<wp:meta_key><![CDATA[servicio_relacionado_meta]]></wp:meta_key>
		<wp:meta_value><![CDATA[a:1:{i:0;s:8:"Sucursal";}]]></wp:meta_value>
		</wp:postmeta>
							<wp:postmeta>
		<wp:meta_key><![CDATA[valpa_nacimiento_dia_meta]]></wp:meta_key>
		<wp:meta_value><![CDATA[20]]></wp:meta_value>
		</wp:postmeta>
							<wp:postmeta>
		<wp:meta_key><![CDATA[valpa_nacimiento_mes_meta]]></wp:meta_key>
		<wp:meta_value><![CDATA[01]]></wp:meta_value>
		</wp:postmeta>
							<wp:postmeta>
		<wp:meta_key><![CDATA[valpa_nacimiento_ano_meta]]></wp:meta_key>
		<wp:meta_value><![CDATA[1960]]></wp:meta_value>
		</wp:postmeta>
							<wp:postmeta>
		<wp:meta_key><![CDATA[post_views_count]]></wp:meta_key>
		<wp:meta_value><![CDATA[946]]></wp:meta_value>
		</wp:postmeta>
							<wp:postmeta>
		<wp:meta_key><![CDATA[num_velas_meta]]></wp:meta_key>
		<wp:meta_value><![CDATA[66]]></wp:meta_value>
		</wp:postmeta>
							<wp:postmeta>
		<wp:meta_key><![CDATA[num_recuerdos_meta]]></wp:meta_key>
		<wp:meta_value><![CDATA[9]]></wp:meta_value>
		</wp:postmeta>
							</item>
					<item>
		<title><![CDATA[JosÃ© ChÃ¡vez Lino]]></title>
		<link>http://localhost/sass-wp/obituario/jose-chavez-lino/</link>
		<pubDate>Tue, 23 Feb 2021 12:33:58 +0000</pubDate>
		<dc:creator><![CDATA[webmaster]]></dc:creator>
		<guid isPermaLink="false">http://valparaiso.com.mx/?post_type=valpa_obituario_pt&#038;p=14544</guid>
		<description></description>
		<content:encoded><![CDATA[âNos separÃ³ la muerte, pero el amor nos mantiene unidosâ]]></content:encoded>
		<excerpt:encoded><![CDATA[]]></excerpt:encoded>
		<wp:post_id>14544</wp:post_id>
		<wp:post_date><![CDATA[2021-02-23 12:33:58]]></wp:post_date>
		<wp:post_date_gmt><![CDATA[2021-02-23 12:33:58]]></wp:post_date_gmt>
		<wp:post_modified><![CDATA[2021-02-23 12:33:58]]></wp:post_modified>
		<wp:post_modified_gmt><![CDATA[2021-02-23 12:33:58]]></wp:post_modified_gmt>
		<wp:comment_status><![CDATA[open]]></wp:comment_status>
		<wp:ping_status><![CDATA[closed]]></wp:ping_status>
		<wp:post_name><![CDATA[jose-chavez-lino]]></wp:post_name>
		<wp:status><![CDATA[publish]]></wp:status>
		<wp:post_parent>0</wp:post_parent>
		<wp:menu_order>0</wp:menu_order>
		<wp:post_type><![CDATA[valpa_obituario_pt]]></wp:post_type>
		<wp:post_password><![CDATA[]]></wp:post_password>
		<wp:is_sticky>0</wp:is_sticky>
														<wp:postmeta>
		<wp:meta_key><![CDATA[_edit_last]]></wp:meta_key>
		<wp:meta_value><![CDATA[1]]></wp:meta_value>
		</wp:postmeta>
							<wp:postmeta>
		<wp:meta_key><![CDATA[post_views_count]]></wp:meta_key>
		<wp:meta_value><![CDATA[943]]></wp:meta_value>
		</wp:postmeta>
							<wp:postmeta>
		<wp:meta_key><![CDATA[_thumbnail_id]]></wp:meta_key>
		<wp:meta_value><![CDATA[14563]]></wp:meta_value>
		</wp:postmeta>
							<wp:postmeta>
		<wp:meta_key><![CDATA[sucursal_relacionada_meta]]></wp:meta_key>
		<wp:meta_value><![CDATA[a:1:{i:0;s:2:"22";}]]></wp:meta_value>
		</wp:postmeta>
							<wp:postmeta>
		<wp:meta_key><![CDATA[valpa_no_homenaje_meta]]></wp:meta_key>
		<wp:meta_value><![CDATA[0020001143]]></wp:meta_value>
		</wp:postmeta>
							<wp:postmeta>
		<wp:meta_key><![CDATA[servicio_relacionado_meta]]></wp:meta_key>
		<wp:meta_value><![CDATA[a:1:{i:0;s:8:"Sucursal";}]]></wp:meta_value>
		</wp:postmeta>
							<wp:postmeta>
		<wp:meta_key><![CDATA[valpa_nacimiento_dia_meta]]></wp:meta_key>
		<wp:meta_value><![CDATA[19]]></wp:meta_value>
		</wp:postmeta>
							<wp:postmeta>
		<wp:meta_key><![CDATA[valpa_nacimiento_mes_meta]]></wp:meta_key>
		<wp:meta_value><![CDATA[03]]></wp:meta_value>
		</wp:postmeta>
							<wp:postmeta>
		<wp:meta_key><![CDATA[valpa_nacimiento_ano_meta]]></wp:meta_key>
		<wp:meta_value><![CDATA[1956]]></wp:meta_value>
		</wp:postmeta>
							<wp:postmeta>
		<wp:meta_key><![CDATA[num_velas_meta]]></wp:meta_key>
		<wp:meta_value><![CDATA[31]]></wp:meta_value>
		</wp:postmeta>
							<wp:postmeta>
		<wp:meta_key><![CDATA[num_recuerdos_meta]]></wp:meta_key>
		<wp:meta_value><![CDATA[35]]></wp:meta_value>
		</wp:postmeta>
							</item>
					<item>
		<title><![CDATA[Maria del Carmen Arzate PeÃ±aloza]]></title>
		<link>http://localhost/sass-wp/obituario/maria-del-carmen-arzate-penaloza/</link>
		<pubDate>Tue, 23 Feb 2021 19:13:19 +0000</pubDate>
		<dc:creator><![CDATA[webmaster]]></dc:creator>
		<guid isPermaLink="false">http://valparaiso.com.mx/?post_type=valpa_obituario_pt&#038;p=14689</guid>
		<description></description>
		<content:encoded><![CDATA["Gracias por los aÃ±os de felicidad que nos regalaste, tu ejemplo de fortaleza, constancia y el gran amor a Dios y aunque hoy tu cuerpo ya no este en este mundo, tu recuerdo seguirÃ¡ dentro de nuestros corazones y por ello tu siempre seguirÃ¡s viviendo. Te amamos tus hijos y tus nietos"]]></content:encoded>
		<excerpt:encoded><![CDATA[]]></excerpt:encoded>
		<wp:post_id>14689</wp:post_id>
		<wp:post_date><![CDATA[2021-02-23 19:13:19]]></wp:post_date>
		<wp:post_date_gmt><![CDATA[2021-02-23 19:13:19]]></wp:post_date_gmt>
		<wp:post_modified><![CDATA[2021-02-23 19:13:19]]></wp:post_modified>
		<wp:post_modified_gmt><![CDATA[2021-02-23 19:13:19]]></wp:post_modified_gmt>
		<wp:comment_status><![CDATA[open]]></wp:comment_status>
		<wp:ping_status><![CDATA[closed]]></wp:ping_status>
		<wp:post_name><![CDATA[maria-del-carmen-arzate-penaloza]]></wp:post_name>
		<wp:status><![CDATA[publish]]></wp:status>
		<wp:post_parent>0</wp:post_parent>
		<wp:menu_order>0</wp:menu_order>
		<wp:post_type><![CDATA[valpa_obituario_pt]]></wp:post_type>
		<wp:post_password><![CDATA[]]></wp:post_password>
		<wp:is_sticky>0</wp:is_sticky>
														<wp:postmeta>
		<wp:meta_key><![CDATA[_thumbnail_id]]></wp:meta_key>
		<wp:meta_value><![CDATA[14715]]></wp:meta_value>
		</wp:postmeta>
							<wp:postmeta>
		<wp:meta_key><![CDATA[sucursal_relacionada_meta]]></wp:meta_key>
		<wp:meta_value><![CDATA[a:1:{i:0;s:2:"22";}]]></wp:meta_value>
		</wp:postmeta>
							<wp:postmeta>
		<wp:meta_key><![CDATA[valpa_no_homenaje_meta]]></wp:meta_key>
		<wp:meta_value><![CDATA[0020001141]]></wp:meta_value>
		</wp:postmeta>
							<wp:postmeta>
		<wp:meta_key><![CDATA[servicio_relacionado_meta]]></wp:meta_key>
		<wp:meta_value><![CDATA[a:1:{i:0;s:8:"Sucursal";}]]></wp:meta_value>
		</wp:postmeta>
							<wp:postmeta>
		<wp:meta_key><![CDATA[valpa_nacimiento_dia_meta]]></wp:meta_key>
		<wp:meta_value><![CDATA[01]]></wp:meta_value>
		</wp:postmeta>
							<wp:postmeta>
		<wp:meta_key><![CDATA[valpa_nacimiento_mes_meta]]></wp:meta_key>
		<wp:meta_value><![CDATA[12]]></wp:meta_value>
		</wp:postmeta>
							<wp:postmeta>
		<wp:meta_key><![CDATA[valpa_nacimiento_ano_meta]]></wp:meta_key>
		<wp:meta_value><![CDATA[1932]]></wp:meta_value>
		</wp:postmeta>
							<wp:postmeta>
		<wp:meta_key><![CDATA[post_views_count]]></wp:meta_key>
		<wp:meta_value><![CDATA[282]]></wp:meta_value>
		</wp:postmeta>
							<wp:postmeta>
		<wp:meta_key><![CDATA[num_recuerdos_meta]]></wp:meta_key>
		<wp:meta_value><![CDATA[19]]></wp:meta_value>
		</wp:postmeta>
							<wp:postmeta>
		<wp:meta_key><![CDATA[num_velas_meta]]></wp:meta_key>
		<wp:meta_value><![CDATA[12]]></wp:meta_value>
		</wp:postmeta>
							</item>
					<item>
		<title><![CDATA[Raquel MartÃ­nez Ãlvarez]]></title>
		<link>http://localhost/sass-wp/obituario/raquel-martinez-alvarez/</link>
		<pubDate>Wed, 24 Feb 2021 04:55:30 +0000</pubDate>
		<dc:creator><![CDATA[webmaster]]></dc:creator>
		<guid isPermaLink="false">http://valparaiso.com.mx/?post_type=valpa_obituario_pt&#038;p=14806</guid>
		<description></description>
		<content:encoded><![CDATA[âTus valores y enseÃ±anzas viven en nosotros y te hacen inmortalâ]]></content:encoded>
		<excerpt:encoded><![CDATA[]]></excerpt:encoded>
		<wp:post_id>14806</wp:post_id>
		<wp:post_date><![CDATA[2021-02-24 04:55:30]]></wp:post_date>
		<wp:post_date_gmt><![CDATA[2021-02-24 04:55:30]]></wp:post_date_gmt>
		<wp:post_modified><![CDATA[2021-02-24 04:55:30]]></wp:post_modified>
		<wp:post_modified_gmt><![CDATA[2021-02-24 04:55:30]]></wp:post_modified_gmt>
		<wp:comment_status><![CDATA[open]]></wp:comment_status>
		<wp:ping_status><![CDATA[closed]]></wp:ping_status>
		<wp:post_name><![CDATA[raquel-martinez-alvarez]]></wp:post_name>
		<wp:status><![CDATA[publish]]></wp:status>
		<wp:post_parent>0</wp:post_parent>
		<wp:menu_order>0</wp:menu_order>
		<wp:post_type><![CDATA[valpa_obituario_pt]]></wp:post_type>
		<wp:post_password><![CDATA[]]></wp:post_password>
		<wp:is_sticky>0</wp:is_sticky>
														<wp:postmeta>
		<wp:meta_key><![CDATA[_thumbnail_id]]></wp:meta_key>
		<wp:meta_value><![CDATA[14807]]></wp:meta_value>
		</wp:postmeta>
							<wp:postmeta>
		<wp:meta_key><![CDATA[sucursal_relacionada_meta]]></wp:meta_key>
		<wp:meta_value><![CDATA[a:1:{i:0;s:2:"22";}]]></wp:meta_value>
		</wp:postmeta>
							<wp:postmeta>
		<wp:meta_key><![CDATA[valpa_no_homenaje_meta]]></wp:meta_key>
		<wp:meta_value><![CDATA[]]></wp:meta_value>
		</wp:postmeta>
							<wp:postmeta>
		<wp:meta_key><![CDATA[servicio_relacionado_meta]]></wp:meta_key>
		<wp:meta_value><![CDATA[a:1:{i:0;s:8:"Sucursal";}]]></wp:meta_value>
		</wp:postmeta>
							<wp:postmeta>
		<wp:meta_key><![CDATA[valpa_nacimiento_dia_meta]]></wp:meta_key>
		<wp:meta_value><![CDATA[27]]></wp:meta_value>
		</wp:postmeta>
							<wp:postmeta>
		<wp:meta_key><![CDATA[valpa_nacimiento_mes_meta]]></wp:meta_key>
		<wp:meta_value><![CDATA[6]]></wp:meta_value>
		</wp:postmeta>
							<wp:postmeta>
		<wp:meta_key><![CDATA[valpa_nacimiento_ano_meta]]></wp:meta_key>
		<wp:meta_value><![CDATA[1966]]></wp:meta_value>
		</wp:postmeta>
							<wp:postmeta>
		<wp:meta_key><![CDATA[post_views_count]]></wp:meta_key>
		<wp:meta_value><![CDATA[102]]></wp:meta_value>
		</wp:postmeta>
							</item>
					<item>
		<title><![CDATA[Juan Manuel MejÃ­a GarcÃ­a]]></title>
		<link>http://localhost/sass-wp/obituario/juan-manuel-mejia-garcia/</link>
		<pubDate>Thu, 25 Feb 2021 02:14:01 +0000</pubDate>
		<dc:creator><![CDATA[webmaster]]></dc:creator>
		<guid isPermaLink="false">http://valparaiso.com.mx/?post_type=valpa_obituario_pt&#038;p=14887</guid>
		<description></description>
		<content:encoded><![CDATA["EstarÃ¡s presente en cada momento de mi vida, estarÃ¡s en mis oraciones, cuando llore, cuando rÃ­a... Y al final de mis dÃ­as dirÃ© que nunca te fuiste"]]></content:encoded>
		<excerpt:encoded><![CDATA[]]></excerpt:encoded>
		<wp:post_id>14887</wp:post_id>
		<wp:post_date><![CDATA[2021-02-25 02:14:01]]></wp:post_date>
		<wp:post_date_gmt><![CDATA[2021-02-25 02:14:01]]></wp:post_date_gmt>
		<wp:post_modified><![CDATA[2021-02-25 02:14:01]]></wp:post_modified>
		<wp:post_modified_gmt><![CDATA[2021-02-25 02:14:01]]></wp:post_modified_gmt>
		<wp:comment_status><![CDATA[open]]></wp:comment_status>
		<wp:ping_status><![CDATA[closed]]></wp:ping_status>
		<wp:post_name><![CDATA[juan-manuel-mejia-garcia]]></wp:post_name>
		<wp:status><![CDATA[publish]]></wp:status>
		<wp:post_parent>0</wp:post_parent>
		<wp:menu_order>0</wp:menu_order>
		<wp:post_type><![CDATA[valpa_obituario_pt]]></wp:post_type>
		<wp:post_password><![CDATA[]]></wp:post_password>
		<wp:is_sticky>0</wp:is_sticky>
														<wp:postmeta>
		<wp:meta_key><![CDATA[_edit_last]]></wp:meta_key>
		<wp:meta_value><![CDATA[1]]></wp:meta_value>
		</wp:postmeta>
							<wp:postmeta>
		<wp:meta_key><![CDATA[sucursal_relacionada_meta]]></wp:meta_key>
		<wp:meta_value><![CDATA[a:1:{i:0;s:2:"22";}]]></wp:meta_value>
		</wp:postmeta>
							<wp:postmeta>
		<wp:meta_key><![CDATA[valpa_no_homenaje_meta]]></wp:meta_key>
		<wp:meta_value><![CDATA[0020001148]]></wp:meta_value>
		</wp:postmeta>
							<wp:postmeta>
		<wp:meta_key><![CDATA[valpa_nacimiento_dia_meta]]></wp:meta_key>
		<wp:meta_value><![CDATA[29]]></wp:meta_value>
		</wp:postmeta>
							<wp:postmeta>
		<wp:meta_key><![CDATA[valpa_nacimiento_mes_meta]]></wp:meta_key>
		<wp:meta_value><![CDATA[03]]></wp:meta_value>
		</wp:postmeta>
							<wp:postmeta>
		<wp:meta_key><![CDATA[valpa_nacimiento_ano_meta]]></wp:meta_key>
		<wp:meta_value><![CDATA[1970]]></wp:meta_value>
		</wp:postmeta>
							<wp:postmeta>
		<wp:meta_key><![CDATA[_thumbnail_id]]></wp:meta_key>
		<wp:meta_value><![CDATA[14892]]></wp:meta_value>
		</wp:postmeta>
							<wp:postmeta>
		<wp:meta_key><![CDATA[servicio_relacionado_meta]]></wp:meta_key>
		<wp:meta_value><![CDATA[a:1:{i:0;s:8:"Sucursal";}]]></wp:meta_value>
		</wp:postmeta>
							<wp:postmeta>
		<wp:meta_key><![CDATA[post_views_count]]></wp:meta_key>
		<wp:meta_value><![CDATA[283]]></wp:meta_value>
		</wp:postmeta>
							<wp:postmeta>
		<wp:meta_key><![CDATA[num_velas_meta]]></wp:meta_key>
		<wp:meta_value><![CDATA[1]]></wp:meta_value>
		</wp:postmeta>
							<wp:postmeta>
		<wp:meta_key><![CDATA[num_recuerdos_meta]]></wp:meta_key>
		<wp:meta_value><![CDATA[1]]></wp:meta_value>
		</wp:postmeta>
							</item>
					<item>
		<title><![CDATA[Luis MartÃ­nez Puebla]]></title>
		<link>http://localhost/sass-wp/obituario/luis-martinez-puebla/</link>
		<pubDate>Fri, 26 Feb 2021 03:05:58 +0000</pubDate>
		<dc:creator><![CDATA[webmaster]]></dc:creator>
		<guid isPermaLink="false">http://valparaiso.com.mx/?post_type=valpa_obituario_pt&#038;p=14938</guid>
		<description></description>
		<content:encoded><![CDATA[âVives en el corazÃ³n de tus padres, hijos, esposa, de toda tu familia."]]></content:encoded>
		<excerpt:encoded><![CDATA[]]></excerpt:encoded>
		<wp:post_id>14938</wp:post_id>
		<wp:post_date><![CDATA[2021-02-26 03:05:58]]></wp:post_date>
		<wp:post_date_gmt><![CDATA[2021-02-26 03:05:58]]></wp:post_date_gmt>
		<wp:post_modified><![CDATA[2021-02-26 03:05:58]]></wp:post_modified>
		<wp:post_modified_gmt><![CDATA[2021-02-26 03:05:58]]></wp:post_modified_gmt>
		<wp:comment_status><![CDATA[open]]></wp:comment_status>
		<wp:ping_status><![CDATA[closed]]></wp:ping_status>
		<wp:post_name><![CDATA[luis-martinez-puebla]]></wp:post_name>
		<wp:status><![CDATA[publish]]></wp:status>
		<wp:post_parent>0</wp:post_parent>
		<wp:menu_order>0</wp:menu_order>
		<wp:post_type><![CDATA[valpa_obituario_pt]]></wp:post_type>
		<wp:post_password><![CDATA[]]></wp:post_password>
		<wp:is_sticky>0</wp:is_sticky>
														<wp:postmeta>
		<wp:meta_key><![CDATA[_edit_last]]></wp:meta_key>
		<wp:meta_value><![CDATA[1]]></wp:meta_value>
		</wp:postmeta>
							<wp:postmeta>
		<wp:meta_key><![CDATA[_thumbnail_id]]></wp:meta_key>
		<wp:meta_value><![CDATA[14939]]></wp:meta_value>
		</wp:postmeta>
							<wp:postmeta>
		<wp:meta_key><![CDATA[valpa_no_homenaje_meta]]></wp:meta_key>
		<wp:meta_value><![CDATA[1150]]></wp:meta_value>
		</wp:postmeta>
							<wp:postmeta>
		<wp:meta_key><![CDATA[valpa_nacimiento_dia_meta]]></wp:meta_key>
		<wp:meta_value><![CDATA[02]]></wp:meta_value>
		</wp:postmeta>
							<wp:postmeta>
		<wp:meta_key><![CDATA[valpa_nacimiento_mes_meta]]></wp:meta_key>
		<wp:meta_value><![CDATA[02]]></wp:meta_value>
		</wp:postmeta>
							<wp:postmeta>
		<wp:meta_key><![CDATA[valpa_nacimiento_ano_meta]]></wp:meta_key>
		<wp:meta_value><![CDATA[1944]]></wp:meta_value>
		</wp:postmeta>
							<wp:postmeta>
		<wp:meta_key><![CDATA[post_views_count]]></wp:meta_key>
		<wp:meta_value><![CDATA[995]]></wp:meta_value>
		</wp:postmeta>
							<wp:postmeta>
		<wp:meta_key><![CDATA[servicio_relacionado_meta]]></wp:meta_key>
		<wp:meta_value><![CDATA[a:1:{i:0;s:8:"Sucursal";}]]></wp:meta_value>
		</wp:postmeta>
							<wp:postmeta>
		<wp:meta_key><![CDATA[num_velas_meta]]></wp:meta_key>
		<wp:meta_value><![CDATA[62]]></wp:meta_value>
		</wp:postmeta>
							<wp:postmeta>
		<wp:meta_key><![CDATA[num_recuerdos_meta]]></wp:meta_key>
		<wp:meta_value><![CDATA[17]]></wp:meta_value>
		</wp:postmeta>
							<wp:postmeta>
		<wp:meta_key><![CDATA[sucursal_relacionada_meta]]></wp:meta_key>
		<wp:meta_value><![CDATA[a:1:{i:0;s:2:"22";}]]></wp:meta_value>
		</wp:postmeta>
							</item>
					<item>
		<title><![CDATA[Facundo Carmona GarcÃ­a]]></title>
		<link>http://localhost/sass-wp/obituario/facundo-carmona-garcia/</link>
		<pubDate>Fri, 26 Feb 2021 17:37:21 +0000</pubDate>
		<dc:creator><![CDATA[webmaster]]></dc:creator>
		<guid isPermaLink="false">http://valparaiso.com.mx/?post_type=valpa_obituario_pt&#038;p=15036</guid>
		<description></description>
		<content:encoded><![CDATA[âTus valores y enseÃ±anzas viven en nosotros y te hacen inmortal."]]></content:encoded>
		<excerpt:encoded><![CDATA[]]></excerpt:encoded>
		<wp:post_id>15036</wp:post_id>
		<wp:post_date><![CDATA[2021-02-26 17:37:21]]></wp:post_date>
		<wp:post_date_gmt><![CDATA[2021-02-26 17:37:21]]></wp:post_date_gmt>
		<wp:post_modified><![CDATA[2021-02-26 17:37:21]]></wp:post_modified>
		<wp:post_modified_gmt><![CDATA[2021-02-26 17:37:21]]></wp:post_modified_gmt>
		<wp:comment_status><![CDATA[open]]></wp:comment_status>
		<wp:ping_status><![CDATA[closed]]></wp:ping_status>
		<wp:post_name><![CDATA[facundo-carmona-garcia]]></wp:post_name>
		<wp:status><![CDATA[publish]]></wp:status>
		<wp:post_parent>0</wp:post_parent>
		<wp:menu_order>0</wp:menu_order>
		<wp:post_type><![CDATA[valpa_obituario_pt]]></wp:post_type>
		<wp:post_password><![CDATA[]]></wp:post_password>
		<wp:is_sticky>0</wp:is_sticky>
														<wp:postmeta>
		<wp:meta_key><![CDATA[_edit_last]]></wp:meta_key>
		<wp:meta_value><![CDATA[1]]></wp:meta_value>
		</wp:postmeta>
							<wp:postmeta>
		<wp:meta_key><![CDATA[_thumbnail_id]]></wp:meta_key>
		<wp:meta_value><![CDATA[15046]]></wp:meta_value>
		</wp:postmeta>
							<wp:postmeta>
		<wp:meta_key><![CDATA[sucursal_relacionada_meta]]></wp:meta_key>
		<wp:meta_value><![CDATA[a:1:{i:0;s:2:"22";}]]></wp:meta_value>
		</wp:postmeta>
							<wp:postmeta>
		<wp:meta_key><![CDATA[valpa_no_homenaje_meta]]></wp:meta_key>
		<wp:meta_value><![CDATA[911]]></wp:meta_value>
		</wp:postmeta>
							<wp:postmeta>
		<wp:meta_key><![CDATA[valpa_nacimiento_dia_meta]]></wp:meta_key>
		<wp:meta_value><![CDATA[27]]></wp:meta_value>
		</wp:postmeta>
							<wp:postmeta>
		<wp:meta_key><![CDATA[valpa_nacimiento_mes_meta]]></wp:meta_key>
		<wp:meta_value><![CDATA[11]]></wp:meta_value>
		</wp:postmeta>
							<wp:postmeta>
		<wp:meta_key><![CDATA[valpa_nacimiento_ano_meta]]></wp:meta_key>
		<wp:meta_value><![CDATA[1957]]></wp:meta_value>
		</wp:postmeta>
							<wp:postmeta>
		<wp:meta_key><![CDATA[post_views_count]]></wp:meta_key>
		<wp:meta_value><![CDATA[180]]></wp:meta_value>
		</wp:postmeta>
							<wp:postmeta>
		<wp:meta_key><![CDATA[num_velas_meta]]></wp:meta_key>
		<wp:meta_value><![CDATA[3]]></wp:meta_value>
		</wp:postmeta>
							<wp:postmeta>
		<wp:meta_key><![CDATA[num_recuerdos_meta]]></wp:meta_key>
		<wp:meta_value><![CDATA[1]]></wp:meta_value>
		</wp:postmeta>
							</item>
					<item>
		<title><![CDATA[JoaquÃ­n Fuentes LÃ³pez]]></title>
		<link>http://localhost/sass-wp/obituario/joaquin-fuentes-lopez/</link>
		<pubDate>Sat, 27 Feb 2021 20:29:30 +0000</pubDate>
		<dc:creator><![CDATA[webmaster]]></dc:creator>
		<guid isPermaLink="false">http://valparaiso.com.mx/?post_type=valpa_obituario_pt&#038;p=15092</guid>
		<description></description>
		<content:encoded><![CDATA["Dios nos dio memoria, para nunca olvidar a quien amamos."]]></content:encoded>
		<excerpt:encoded><![CDATA[]]></excerpt:encoded>
		<wp:post_id>15092</wp:post_id>
		<wp:post_date><![CDATA[2021-02-27 20:29:30]]></wp:post_date>
		<wp:post_date_gmt><![CDATA[2021-02-27 20:29:30]]></wp:post_date_gmt>
		<wp:post_modified><![CDATA[2021-02-27 20:29:30]]></wp:post_modified>
		<wp:post_modified_gmt><![CDATA[2021-02-27 20:29:30]]></wp:post_modified_gmt>
		<wp:comment_status><![CDATA[open]]></wp:comment_status>
		<wp:ping_status><![CDATA[closed]]></wp:ping_status>
		<wp:post_name><![CDATA[joaquin-fuentes-lopez]]></wp:post_name>
		<wp:status><![CDATA[publish]]></wp:status>
		<wp:post_parent>0</wp:post_parent>
		<wp:menu_order>0</wp:menu_order>
		<wp:post_type><![CDATA[valpa_obituario_pt]]></wp:post_type>
		<wp:post_password><![CDATA[]]></wp:post_password>
		<wp:is_sticky>0</wp:is_sticky>
														<wp:postmeta>
		<wp:meta_key><![CDATA[_edit_last]]></wp:meta_key>
		<wp:meta_value><![CDATA[1]]></wp:meta_value>
		</wp:postmeta>
							<wp:postmeta>
		<wp:meta_key><![CDATA[_thumbnail_id]]></wp:meta_key>
		<wp:meta_value><![CDATA[15097]]></wp:meta_value>
		</wp:postmeta>
							<wp:postmeta>
		<wp:meta_key><![CDATA[sucursal_relacionada_meta]]></wp:meta_key>
		<wp:meta_value><![CDATA[a:1:{i:0;s:2:"22";}]]></wp:meta_value>
		</wp:postmeta>
							<wp:postmeta>
		<wp:meta_key><![CDATA[valpa_no_homenaje_meta]]></wp:meta_key>
		<wp:meta_value><![CDATA[1155]]></wp:meta_value>
		</wp:postmeta>
							<wp:postmeta>
		<wp:meta_key><![CDATA[servicio_relacionado_meta]]></wp:meta_key>
		<wp:meta_value><![CDATA[a:1:{i:0;s:9:"Domicilio";}]]></wp:meta_value>
		</wp:postmeta>
							<wp:postmeta>
		<wp:meta_key><![CDATA[valpa_nacimiento_dia_meta]]></wp:meta_key>
		<wp:meta_value><![CDATA[26]]></wp:meta_value>
		</wp:postmeta>
							<wp:postmeta>
		<wp:meta_key><![CDATA[valpa_nacimiento_mes_meta]]></wp:meta_key>
		<wp:meta_value><![CDATA[07]]></wp:meta_value>
		</wp:postmeta>
							<wp:postmeta>
		<wp:meta_key><![CDATA[valpa_nacimiento_ano_meta]]></wp:meta_key>
		<wp:meta_value><![CDATA[1988]]></wp:meta_value>
		</wp:postmeta>
							<wp:postmeta>
		<wp:meta_key><![CDATA[post_views_count]]></wp:meta_key>
		<wp:meta_value><![CDATA[146]]></wp:meta_value>
		</wp:postmeta>
							<wp:postmeta>
		<wp:meta_key><![CDATA[num_velas_meta]]></wp:meta_key>
		<wp:meta_value><![CDATA[1]]></wp:meta_value>
		</wp:postmeta>
							</item>
					<item>
		<title><![CDATA[Erasmo HernÃ¡ndez Alejo]]></title>
		<link>http://localhost/sass-wp/obituario/erasmo-hernandez-alejo/</link>
		<pubDate>Sat, 27 Feb 2021 21:44:44 +0000</pubDate>
		<dc:creator><![CDATA[webmaster]]></dc:creator>
		<guid isPermaLink="false">http://valparaiso.com.mx/?post_type=valpa_obituario_pt&#038;p=15099</guid>
		<description></description>
		<content:encoded><![CDATA[Juan 3:16 
"Porque de tal manera amÃ³ Dios al mundo, que ha dado a su hijo unigÃ©nito, para que todo aquel en el que cree, no se pierda, mas tenga vida eterna."]]></content:encoded>
		<excerpt:encoded><![CDATA[]]></excerpt:encoded>
		<wp:post_id>15099</wp:post_id>
		<wp:post_date><![CDATA[2021-02-27 21:44:44]]></wp:post_date>
		<wp:post_date_gmt><![CDATA[2021-02-27 21:44:44]]></wp:post_date_gmt>
		<wp:post_modified><![CDATA[2021-02-27 21:44:44]]></wp:post_modified>
		<wp:post_modified_gmt><![CDATA[2021-02-27 21:44:44]]></wp:post_modified_gmt>
		<wp:comment_status><![CDATA[open]]></wp:comment_status>
		<wp:ping_status><![CDATA[closed]]></wp:ping_status>
		<wp:post_name><![CDATA[erasmo-hernandez-alejo]]></wp:post_name>
		<wp:status><![CDATA[publish]]></wp:status>
		<wp:post_parent>0</wp:post_parent>
		<wp:menu_order>0</wp:menu_order>
		<wp:post_type><![CDATA[valpa_obituario_pt]]></wp:post_type>
		<wp:post_password><![CDATA[]]></wp:post_password>
		<wp:is_sticky>0</wp:is_sticky>
														<wp:postmeta>
		<wp:meta_key><![CDATA[_edit_last]]></wp:meta_key>
		<wp:meta_value><![CDATA[1]]></wp:meta_value>
		</wp:postmeta>
							<wp:postmeta>
		<wp:meta_key><![CDATA[_thumbnail_id]]></wp:meta_key>
		<wp:meta_value><![CDATA[15100]]></wp:meta_value>
		</wp:postmeta>
							<wp:postmeta>
		<wp:meta_key><![CDATA[sucursal_relacionada_meta]]></wp:meta_key>
		<wp:meta_value><![CDATA[a:1:{i:0;s:2:"22";}]]></wp:meta_value>
		</wp:postmeta>
							<wp:postmeta>
		<wp:meta_key><![CDATA[valpa_no_homenaje_meta]]></wp:meta_key>
		<wp:meta_value><![CDATA[0020001154]]></wp:meta_value>
		</wp:postmeta>
							<wp:postmeta>
		<wp:meta_key><![CDATA[servicio_relacionado_meta]]></wp:meta_key>
		<wp:meta_value><![CDATA[a:1:{i:0;s:9:"Domicilio";}]]></wp:meta_value>
		</wp:postmeta>
							<wp:postmeta>
		<wp:meta_key><![CDATA[valpa_nacimiento_dia_meta]]></wp:meta_key>
		<wp:meta_value><![CDATA[02]]></wp:meta_value>
		</wp:postmeta>
							<wp:postmeta>
		<wp:meta_key><![CDATA[valpa_nacimiento_mes_meta]]></wp:meta_key>
		<wp:meta_value><![CDATA[06]]></wp:meta_value>
		</wp:postmeta>
							<wp:postmeta>
		<wp:meta_key><![CDATA[valpa_nacimiento_ano_meta]]></wp:meta_key>
		<wp:meta_value><![CDATA[1931]]></wp:meta_value>
		</wp:postmeta>
							<wp:postmeta>
		<wp:meta_key><![CDATA[post_views_count]]></wp:meta_key>
		<wp:meta_value><![CDATA[102]]></wp:meta_value>
		</wp:postmeta>
							<wp:postmeta>
		<wp:meta_key><![CDATA[num_velas_meta]]></wp:meta_key>
		<wp:meta_value><![CDATA[1]]></wp:meta_value>
		</wp:postmeta>
							</item>
					<item>
		<title><![CDATA[Claudia Zepeda Padilla]]></title>
		<link>http://localhost/sass-wp/obituario/claudia-zepeda-padilla/</link>
		<pubDate>Sat, 27 Feb 2021 22:17:42 +0000</pubDate>
		<dc:creator><![CDATA[webmaster]]></dc:creator>
		<guid isPermaLink="false">http://valparaiso.com.mx/?post_type=valpa_obituario_pt&#038;p=15104</guid>
		<description></description>
		<content:encoded><![CDATA["EstarÃ¡s presente en cada momento de mi vida, estarÃ¡s en mis oraciones, cuando llore, cuando rÃ­a... Y al final de mis dÃ­as dirÃ© que nunca te fuiste."]]></content:encoded>
		<excerpt:encoded><![CDATA[]]></excerpt:encoded>
		<wp:post_id>15104</wp:post_id>
		<wp:post_date><![CDATA[2021-02-27 22:17:42]]></wp:post_date>
		<wp:post_date_gmt><![CDATA[2021-02-27 22:17:42]]></wp:post_date_gmt>
		<wp:post_modified><![CDATA[2021-02-27 22:17:42]]></wp:post_modified>
		<wp:post_modified_gmt><![CDATA[2021-02-27 22:17:42]]></wp:post_modified_gmt>
		<wp:comment_status><![CDATA[open]]></wp:comment_status>
		<wp:ping_status><![CDATA[closed]]></wp:ping_status>
		<wp:post_name><![CDATA[claudia-zepeda-padilla]]></wp:post_name>
		<wp:status><![CDATA[publish]]></wp:status>
		<wp:post_parent>0</wp:post_parent>
		<wp:menu_order>0</wp:menu_order>
		<wp:post_type><![CDATA[valpa_obituario_pt]]></wp:post_type>
		<wp:post_password><![CDATA[]]></wp:post_password>
		<wp:is_sticky>0</wp:is_sticky>
														<wp:postmeta>
		<wp:meta_key><![CDATA[_edit_last]]></wp:meta_key>
		<wp:meta_value><![CDATA[1]]></wp:meta_value>
		</wp:postmeta>
							<wp:postmeta>
		<wp:meta_key><![CDATA[valpa_no_homenaje_meta]]></wp:meta_key>
		<wp:meta_value><![CDATA[0020000972]]></wp:meta_value>
		</wp:postmeta>
							<wp:postmeta>
		<wp:meta_key><![CDATA[valpa_nacimiento_dia_meta]]></wp:meta_key>
		<wp:meta_value><![CDATA[20]]></wp:meta_value>
		</wp:postmeta>
							<wp:postmeta>
		<wp:meta_key><![CDATA[valpa_nacimiento_mes_meta]]></wp:meta_key>
		<wp:meta_value><![CDATA[08]]></wp:meta_value>
		</wp:postmeta>
							<wp:postmeta>
		<wp:meta_key><![CDATA[valpa_nacimiento_ano_meta]]></wp:meta_key>
		<wp:meta_value><![CDATA[1975]]></wp:meta_value>
		</wp:postmeta>
							<wp:postmeta>
		<wp:meta_key><![CDATA[_thumbnail_id]]></wp:meta_key>
		<wp:meta_value><![CDATA[15105]]></wp:meta_value>
		</wp:postmeta>
							<wp:postmeta>
		<wp:meta_key><![CDATA[sucursal_relacionada_meta]]></wp:meta_key>
		<wp:meta_value><![CDATA[a:1:{i:0;s:2:"22";}]]></wp:meta_value>
		</wp:postmeta>
							<wp:postmeta>
		<wp:meta_key><![CDATA[servicio_relacionado_meta]]></wp:meta_key>
		<wp:meta_value><![CDATA[a:1:{i:0;s:8:"Sucursal";}]]></wp:meta_value>
		</wp:postmeta>
							<wp:postmeta>
		<wp:meta_key><![CDATA[post_views_count]]></wp:meta_key>
		<wp:meta_value><![CDATA[121]]></wp:meta_value>
		</wp:postmeta>
							<wp:postmeta>
		<wp:meta_key><![CDATA[num_velas_meta]]></wp:meta_key>
		<wp:meta_value><![CDATA[2]]></wp:meta_value>
		</wp:postmeta>
							</item>
					<item>
		<title><![CDATA[Kimberly Janet RodrÃ­guez DÃ­az]]></title>
		<link>http://localhost/sass-wp/obituario/kimberly-janet-rodriguez-diaz/</link>
		<pubDate>Sun, 28 Feb 2021 05:08:56 +0000</pubDate>
		<dc:creator><![CDATA[webmaster]]></dc:creator>
		<guid isPermaLink="false">http://valparaiso.com.mx/?post_type=valpa_obituario_pt&#038;p=15132</guid>
		<description></description>
		<content:encoded><![CDATA[ âPasaste por nuestras vidas como una estrella fugaz, pero tu brillo vivirÃ¡ siempre en nuestros corazonesâ]]></content:encoded>
		<excerpt:encoded><![CDATA[]]></excerpt:encoded>
		<wp:post_id>15132</wp:post_id>
		<wp:post_date><![CDATA[2021-02-28 05:08:56]]></wp:post_date>
		<wp:post_date_gmt><![CDATA[2021-02-28 05:08:56]]></wp:post_date_gmt>
		<wp:post_modified><![CDATA[2021-02-28 05:08:56]]></wp:post_modified>
		<wp:post_modified_gmt><![CDATA[2021-02-28 05:08:56]]></wp:post_modified_gmt>
		<wp:comment_status><![CDATA[open]]></wp:comment_status>
		<wp:ping_status><![CDATA[closed]]></wp:ping_status>
		<wp:post_name><![CDATA[kimberly-janet-rodriguez-diaz]]></wp:post_name>
		<wp:status><![CDATA[publish]]></wp:status>
		<wp:post_parent>0</wp:post_parent>
		<wp:menu_order>0</wp:menu_order>
		<wp:post_type><![CDATA[valpa_obituario_pt]]></wp:post_type>
		<wp:post_password><![CDATA[]]></wp:post_password>
		<wp:is_sticky>0</wp:is_sticky>
														<wp:postmeta>
		<wp:meta_key><![CDATA[_edit_last]]></wp:meta_key>
		<wp:meta_value><![CDATA[1]]></wp:meta_value>
		</wp:postmeta>
							<wp:postmeta>
		<wp:meta_key><![CDATA[sucursal_relacionada_meta]]></wp:meta_key>
		<wp:meta_value><![CDATA[a:1:{i:0;s:2:"22";}]]></wp:meta_value>
		</wp:postmeta>
							<wp:postmeta>
		<wp:meta_key><![CDATA[valpa_no_homenaje_meta]]></wp:meta_key>
		<wp:meta_value><![CDATA[0020001157]]></wp:meta_value>
		</wp:postmeta>
							<wp:postmeta>
		<wp:meta_key><![CDATA[servicio_relacionado_meta]]></wp:meta_key>
		<wp:meta_value><![CDATA[a:1:{i:0;s:8:"Sucursal";}]]></wp:meta_value>
		</wp:postmeta>
							<wp:postmeta>
		<wp:meta_key><![CDATA[valpa_nacimiento_dia_meta]]></wp:meta_key>
		<wp:meta_value><![CDATA[28]]></wp:meta_value>
		</wp:postmeta>
							<wp:postmeta>
		<wp:meta_key><![CDATA[valpa_nacimiento_mes_meta]]></wp:meta_key>
		<wp:meta_value><![CDATA[02]]></wp:meta_value>
		</wp:postmeta>
							<wp:postmeta>
		<wp:meta_key><![CDATA[valpa_nacimiento_ano_meta]]></wp:meta_key>
		<wp:meta_value><![CDATA[2020]]></wp:meta_value>
		</wp:postmeta>
							<wp:postmeta>
		<wp:meta_key><![CDATA[post_views_count]]></wp:meta_key>
		<wp:meta_value><![CDATA[670]]></wp:meta_value>
		</wp:postmeta>
							<wp:postmeta>
		<wp:meta_key><![CDATA[_thumbnail_id]]></wp:meta_key>
		<wp:meta_value><![CDATA[15154]]></wp:meta_value>
		</wp:postmeta>
							<wp:postmeta>
		<wp:meta_key><![CDATA[num_velas_meta]]></wp:meta_key>
		<wp:meta_value><![CDATA[23]]></wp:meta_value>
		</wp:postmeta>
							<wp:postmeta>
		<wp:meta_key><![CDATA[num_recuerdos_meta]]></wp:meta_key>
		<wp:meta_value><![CDATA[10]]></wp:meta_value>
		</wp:postmeta>
							</item>
					<item>
		<title><![CDATA[Alejandro Solano Sotelo]]></title>
		<link>http://localhost/sass-wp/obituario/alejandro-solano-sotelo/</link>
		<pubDate>Sun, 28 Feb 2021 23:42:18 +0000</pubDate>
		<dc:creator><![CDATA[webmaster]]></dc:creator>
		<guid isPermaLink="false">http://valparaiso.com.mx/?post_type=valpa_obituario_pt&#038;p=15193</guid>
		<description></description>
		<content:encoded><![CDATA[Hoy es el dÃ­a mas triste es el dÃ­a de tu partida, hacia un lugar mejor a lado de nuestros seres queridos que se nos adelantaron. Donde no podemos ir contigo pero estas en los corazones de cada uno de nosotros, fuiste y serÃ¡s una persona muy especial te recordaremos siempre, tus padres, hijos, hermanos, primos, nietos y sobrinos. Te amamos mucho gracias por estar a nuestro lado mi querido viejito.]]></content:encoded>
		<excerpt:encoded><![CDATA[]]></excerpt:encoded>
		<wp:post_id>15193</wp:post_id>
		<wp:post_date><![CDATA[2021-02-28 23:42:18]]></wp:post_date>
		<wp:post_date_gmt><![CDATA[2021-02-28 23:42:18]]></wp:post_date_gmt>
		<wp:post_modified><![CDATA[2021-02-28 23:42:18]]></wp:post_modified>
		<wp:post_modified_gmt><![CDATA[2021-02-28 23:42:18]]></wp:post_modified_gmt>
		<wp:comment_status><![CDATA[open]]></wp:comment_status>
		<wp:ping_status><![CDATA[closed]]></wp:ping_status>
		<wp:post_name><![CDATA[alejandro-solano-sotelo]]></wp:post_name>
		<wp:status><![CDATA[publish]]></wp:status>
		<wp:post_parent>0</wp:post_parent>
		<wp:menu_order>0</wp:menu_order>
		<wp:post_type><![CDATA[valpa_obituario_pt]]></wp:post_type>
		<wp:post_password><![CDATA[]]></wp:post_password>
		<wp:is_sticky>0</wp:is_sticky>
														<wp:postmeta>
		<wp:meta_key><![CDATA[_edit_last]]></wp:meta_key>
		<wp:meta_value><![CDATA[1]]></wp:meta_value>
		</wp:postmeta>
							<wp:postmeta>
		<wp:meta_key><![CDATA[_thumbnail_id]]></wp:meta_key>
		<wp:meta_value><![CDATA[15225]]></wp:meta_value>
		</wp:postmeta>
							<wp:postmeta>
		<wp:meta_key><![CDATA[sucursal_relacionada_meta]]></wp:meta_key>
		<wp:meta_value><![CDATA[a:1:{i:0;s:2:"22";}]]></wp:meta_value>
		</wp:postmeta>
							<wp:postmeta>
		<wp:meta_key><![CDATA[valpa_no_homenaje_meta]]></wp:meta_key>
		<wp:meta_value><![CDATA[0020001158]]></wp:meta_value>
		</wp:postmeta>
							<wp:postmeta>
		<wp:meta_key><![CDATA[servicio_relacionado_meta]]></wp:meta_key>
		<wp:meta_value><![CDATA[a:1:{i:0;s:9:"Domicilio";}]]></wp:meta_value>
		</wp:postmeta>
							<wp:postmeta>
		<wp:meta_key><![CDATA[valpa_nacimiento_dia_meta]]></wp:meta_key>
		<wp:meta_value><![CDATA[24]]></wp:meta_value>
		</wp:postmeta>
							<wp:postmeta>
		<wp:meta_key><![CDATA[valpa_nacimiento_mes_meta]]></wp:meta_key>
		<wp:meta_value><![CDATA[04]]></wp:meta_value>
		</wp:postmeta>
							<wp:postmeta>
		<wp:meta_key><![CDATA[valpa_nacimiento_ano_meta]]></wp:meta_key>
		<wp:meta_value><![CDATA[1971]]></wp:meta_value>
		</wp:postmeta>
							<wp:postmeta>
		<wp:meta_key><![CDATA[post_views_count]]></wp:meta_key>
		<wp:meta_value><![CDATA[100]]></wp:meta_value>
		</wp:postmeta>
							<wp:postmeta>
		<wp:meta_key><![CDATA[num_recuerdos_meta]]></wp:meta_key>
		<wp:meta_value><![CDATA[2]]></wp:meta_value>
		</wp:postmeta>
							<wp:postmeta>
		<wp:meta_key><![CDATA[num_velas_meta]]></wp:meta_key>
		<wp:meta_value><![CDATA[1]]></wp:meta_value>
		</wp:postmeta>
							</item>
					<item>
		<title><![CDATA[FÃ©lix PeÃ±a Torres]]></title>
		<link>http://localhost/sass-wp/obituario/felix-pena-torres/</link>
		<pubDate>Mon, 01 Mar 2021 04:02:20 +0000</pubDate>
		<dc:creator><![CDATA[webmaster]]></dc:creator>
		<guid isPermaLink="false">http://valparaiso.com.mx/?post_type=valpa_obituario_pt&#038;p=15227</guid>
		<description></description>
		<content:encoded><![CDATA["EstarÃ¡s presente en cada momento de mi vida, estarÃ¡s en mis oraciones, cuando llore, cuando rÃ­a... Y al final de mis dÃ­as dirÃ© que nunca te fuiste"]]></content:encoded>
		<excerpt:encoded><![CDATA[]]></excerpt:encoded>
		<wp:post_id>15227</wp:post_id>
		<wp:post_date><![CDATA[2021-03-01 04:02:20]]></wp:post_date>
		<wp:post_date_gmt><![CDATA[2021-03-01 04:02:20]]></wp:post_date_gmt>
		<wp:post_modified><![CDATA[2021-03-01 04:02:20]]></wp:post_modified>
		<wp:post_modified_gmt><![CDATA[2021-03-01 04:02:20]]></wp:post_modified_gmt>
		<wp:comment_status><![CDATA[open]]></wp:comment_status>
		<wp:ping_status><![CDATA[closed]]></wp:ping_status>
		<wp:post_name><![CDATA[felix-pena-torres]]></wp:post_name>
		<wp:status><![CDATA[publish]]></wp:status>
		<wp:post_parent>0</wp:post_parent>
		<wp:menu_order>0</wp:menu_order>
		<wp:post_type><![CDATA[valpa_obituario_pt]]></wp:post_type>
		<wp:post_password><![CDATA[]]></wp:post_password>
		<wp:is_sticky>0</wp:is_sticky>
														<wp:postmeta>
		<wp:meta_key><![CDATA[_edit_last]]></wp:meta_key>
		<wp:meta_value><![CDATA[1]]></wp:meta_value>
		</wp:postmeta>
							<wp:postmeta>
		<wp:meta_key><![CDATA[_thumbnail_id]]></wp:meta_key>
		<wp:meta_value><![CDATA[15249]]></wp:meta_value>
		</wp:postmeta>
							<wp:postmeta>
		<wp:meta_key><![CDATA[sucursal_relacionada_meta]]></wp:meta_key>
		<wp:meta_value><![CDATA[a:1:{i:0;s:2:"22";}]]></wp:meta_value>
		</wp:postmeta>
							<wp:postmeta>
		<wp:meta_key><![CDATA[valpa_no_homenaje_meta]]></wp:meta_key>
		<wp:meta_value><![CDATA[0020001162]]></wp:meta_value>
		</wp:postmeta>
							<wp:postmeta>
		<wp:meta_key><![CDATA[valpa_nacimiento_dia_meta]]></wp:meta_key>
		<wp:meta_value><![CDATA[29]]></wp:meta_value>
		</wp:postmeta>
							<wp:postmeta>
		<wp:meta_key><![CDATA[valpa_nacimiento_mes_meta]]></wp:meta_key>
		<wp:meta_value><![CDATA[07]]></wp:meta_value>
		</wp:postmeta>
							<wp:postmeta>
		<wp:meta_key><![CDATA[valpa_nacimiento_ano_meta]]></wp:meta_key>
		<wp:meta_value><![CDATA[1957]]></wp:meta_value>
		</wp:postmeta>
							<wp:postmeta>
		<wp:meta_key><![CDATA[post_views_count]]></wp:meta_key>
		<wp:meta_value><![CDATA[708]]></wp:meta_value>
		</wp:postmeta>
							<wp:postmeta>
		<wp:meta_key><![CDATA[servicio_relacionado_meta]]></wp:meta_key>
		<wp:meta_value><![CDATA[a:1:{i:0;s:8:"Sucursal";}]]></wp:meta_value>
		</wp:postmeta>
							<wp:postmeta>
		<wp:meta_key><![CDATA[num_velas_meta]]></wp:meta_key>
		<wp:meta_value><![CDATA[40]]></wp:meta_value>
		</wp:postmeta>
							<wp:postmeta>
		<wp:meta_key><![CDATA[num_recuerdos_meta]]></wp:meta_key>
		<wp:meta_value><![CDATA[4]]></wp:meta_value>
		</wp:postmeta>
							</item>
					<item>
		<title><![CDATA[Hilario Chaparro RodrÃ­guez]]></title>
		<link>http://localhost/sass-wp/obituario/hilario-chaparro-rodriguez/</link>
		<pubDate>Mon, 01 Mar 2021 19:10:53 +0000</pubDate>
		<dc:creator><![CDATA[webmaster]]></dc:creator>
		<guid isPermaLink="false">http://valparaiso.com.mx/?post_type=valpa_obituario_pt&#038;p=15294</guid>
		<description></description>
		<content:encoded><![CDATA[âPasaste por nuestras vidas como una estrella fugaz, pero su brillo vivirÃ¡ siempre en nuestros corazonesâ]]></content:encoded>
		<excerpt:encoded><![CDATA[]]></excerpt:encoded>
		<wp:post_id>15294</wp:post_id>
		<wp:post_date><![CDATA[2021-03-01 19:10:53]]></wp:post_date>
		<wp:post_date_gmt><![CDATA[2021-03-01 19:10:53]]></wp:post_date_gmt>
		<wp:post_modified><![CDATA[2021-03-01 19:10:53]]></wp:post_modified>
		<wp:post_modified_gmt><![CDATA[2021-03-01 19:10:53]]></wp:post_modified_gmt>
		<wp:comment_status><![CDATA[open]]></wp:comment_status>
		<wp:ping_status><![CDATA[closed]]></wp:ping_status>
		<wp:post_name><![CDATA[hilario-chaparro-rodriguez]]></wp:post_name>
		<wp:status><![CDATA[publish]]></wp:status>
		<wp:post_parent>0</wp:post_parent>
		<wp:menu_order>0</wp:menu_order>
		<wp:post_type><![CDATA[valpa_obituario_pt]]></wp:post_type>
		<wp:post_password><![CDATA[]]></wp:post_password>
		<wp:is_sticky>0</wp:is_sticky>
														<wp:postmeta>
		<wp:meta_key><![CDATA[_thumbnail_id]]></wp:meta_key>
		<wp:meta_value><![CDATA[15315]]></wp:meta_value>
		</wp:postmeta>
							<wp:postmeta>
		<wp:meta_key><![CDATA[sucursal_relacionada_meta]]></wp:meta_key>
		<wp:meta_value><![CDATA[a:1:{i:0;s:2:"22";}]]></wp:meta_value>
		</wp:postmeta>
							<wp:postmeta>
		<wp:meta_key><![CDATA[valpa_no_homenaje_meta]]></wp:meta_key>
		<wp:meta_value><![CDATA[0020001163]]></wp:meta_value>
		</wp:postmeta>
							<wp:postmeta>
		<wp:meta_key><![CDATA[servicio_relacionado_meta]]></wp:meta_key>
		<wp:meta_value><![CDATA[a:1:{i:0;s:9:"Domicilio";}]]></wp:meta_value>
		</wp:postmeta>
							<wp:postmeta>
		<wp:meta_key><![CDATA[valpa_nacimiento_dia_meta]]></wp:meta_key>
		<wp:meta_value><![CDATA[05]]></wp:meta_value>
		</wp:postmeta>
							<wp:postmeta>
		<wp:meta_key><![CDATA[valpa_nacimiento_mes_meta]]></wp:meta_key>
		<wp:meta_value><![CDATA[05]]></wp:meta_value>
		</wp:postmeta>
							<wp:postmeta>
		<wp:meta_key><![CDATA[valpa_nacimiento_ano_meta]]></wp:meta_key>
		<wp:meta_value><![CDATA[1946]]></wp:meta_value>
		</wp:postmeta>
							<wp:postmeta>
		<wp:meta_key><![CDATA[post_views_count]]></wp:meta_key>
		<wp:meta_value><![CDATA[174]]></wp:meta_value>
		</wp:postmeta>
							<wp:postmeta>
		<wp:meta_key><![CDATA[num_recuerdos_meta]]></wp:meta_key>
		<wp:meta_value><![CDATA[2]]></wp:meta_value>
		</wp:postmeta>
							<wp:postmeta>
		<wp:meta_key><![CDATA[num_velas_meta]]></wp:meta_key>
		<wp:meta_value><![CDATA[2]]></wp:meta_value>
		</wp:postmeta>
							</item>
					<item>
		<title><![CDATA[VÃ­ctor GonzÃ¡lez Flores]]></title>
		<link>http://localhost/sass-wp/obituario/victor-gonzalez-flores/</link>
		<pubDate>Mon, 01 Mar 2021 20:07:19 +0000</pubDate>
		<dc:creator><![CDATA[webmaster]]></dc:creator>
		<guid isPermaLink="false">http://valparaiso.com.mx/?post_type=valpa_obituario_pt&#038;p=15320</guid>
		<description></description>
		<content:encoded><![CDATA["La muerte deja un dolor en el corazÃ³n, que nadie puede sanar pero el amor deja una memoria que nadie puede robar."]]></content:encoded>
		<excerpt:encoded><![CDATA[]]></excerpt:encoded>
		<wp:post_id>15320</wp:post_id>
		<wp:post_date><![CDATA[2021-03-01 20:07:19]]></wp:post_date>
		<wp:post_date_gmt><![CDATA[2021-03-01 20:07:19]]></wp:post_date_gmt>
		<wp:post_modified><![CDATA[2021-03-01 20:07:19]]></wp:post_modified>
		<wp:post_modified_gmt><![CDATA[2021-03-01 20:07:19]]></wp:post_modified_gmt>
		<wp:comment_status><![CDATA[open]]></wp:comment_status>
		<wp:ping_status><![CDATA[closed]]></wp:ping_status>
		<wp:post_name><![CDATA[victor-gonzalez-flores]]></wp:post_name>
		<wp:status><![CDATA[publish]]></wp:status>
		<wp:post_parent>0</wp:post_parent>
		<wp:menu_order>0</wp:menu_order>
		<wp:post_type><![CDATA[valpa_obituario_pt]]></wp:post_type>
		<wp:post_password><![CDATA[]]></wp:post_password>
		<wp:is_sticky>0</wp:is_sticky>
														<wp:postmeta>
		<wp:meta_key><![CDATA[_edit_last]]></wp:meta_key>
		<wp:meta_value><![CDATA[1]]></wp:meta_value>
		</wp:postmeta>
							<wp:postmeta>
		<wp:meta_key><![CDATA[_thumbnail_id]]></wp:meta_key>
		<wp:meta_value><![CDATA[15339]]></wp:meta_value>
		</wp:postmeta>
							<wp:postmeta>
		<wp:meta_key><![CDATA[sucursal_relacionada_meta]]></wp:meta_key>
		<wp:meta_value><![CDATA[a:1:{i:0;s:2:"22";}]]></wp:meta_value>
		</wp:postmeta>
							<wp:postmeta>
		<wp:meta_key><![CDATA[valpa_no_homenaje_meta]]></wp:meta_key>
		<wp:meta_value><![CDATA[0020001160]]></wp:meta_value>
		</wp:postmeta>
							<wp:postmeta>
		<wp:meta_key><![CDATA[servicio_relacionado_meta]]></wp:meta_key>
		<wp:meta_value><![CDATA[a:1:{i:0;s:9:"Domicilio";}]]></wp:meta_value>
		</wp:postmeta>
							<wp:postmeta>
		<wp:meta_key><![CDATA[valpa_nacimiento_dia_meta]]></wp:meta_key>
		<wp:meta_value><![CDATA[12]]></wp:meta_value>
		</wp:postmeta>
							<wp:postmeta>
		<wp:meta_key><![CDATA[valpa_nacimiento_mes_meta]]></wp:meta_key>
		<wp:meta_value><![CDATA[02]]></wp:meta_value>
		</wp:postmeta>
							<wp:postmeta>
		<wp:meta_key><![CDATA[valpa_nacimiento_ano_meta]]></wp:meta_key>
		<wp:meta_value><![CDATA[1950]]></wp:meta_value>
		</wp:postmeta>
							<wp:postmeta>
		<wp:meta_key><![CDATA[post_views_count]]></wp:meta_key>
		<wp:meta_value><![CDATA[660]]></wp:meta_value>
		</wp:postmeta>
							<wp:postmeta>
		<wp:meta_key><![CDATA[num_recuerdos_meta]]></wp:meta_key>
		<wp:meta_value><![CDATA[12]]></wp:meta_value>
		</wp:postmeta>
							<wp:postmeta>
		<wp:meta_key><![CDATA[num_velas_meta]]></wp:meta_key>
		<wp:meta_value><![CDATA[21]]></wp:meta_value>
		</wp:postmeta>
							</item>
					<item>
		<title><![CDATA[IvÃ¡n Escutia GonzÃ¡lez]]></title>
		<link>http://localhost/sass-wp/obituario/ivan-escutia-gonzalez/</link>
		<pubDate>Tue, 02 Mar 2021 14:59:54 +0000</pubDate>
		<dc:creator><![CDATA[webmaster]]></dc:creator>
		<guid isPermaLink="false">http://valparaiso.com.mx/?post_type=valpa_obituario_pt&#038;p=15390</guid>
		<description></description>
		<content:encoded><![CDATA["EstarÃ¡s presente en cada momento de mi vida, estarÃ¡s en mis oraciones, cuando llore, cuando rÃ­a... Y al final de mis dÃ­as dirÃ© que nunca te fuiste"]]></content:encoded>
		<excerpt:encoded><![CDATA[]]></excerpt:encoded>
		<wp:post_id>15390</wp:post_id>
		<wp:post_date><![CDATA[2021-03-02 14:59:54]]></wp:post_date>
		<wp:post_date_gmt><![CDATA[2021-03-02 14:59:54]]></wp:post_date_gmt>
		<wp:post_modified><![CDATA[2021-03-02 14:59:54]]></wp:post_modified>
		<wp:post_modified_gmt><![CDATA[2021-03-02 14:59:54]]></wp:post_modified_gmt>
		<wp:comment_status><![CDATA[open]]></wp:comment_status>
		<wp:ping_status><![CDATA[closed]]></wp:ping_status>
		<wp:post_name><![CDATA[ivan-escutia-gonzalez]]></wp:post_name>
		<wp:status><![CDATA[publish]]></wp:status>
		<wp:post_parent>0</wp:post_parent>
		<wp:menu_order>0</wp:menu_order>
		<wp:post_type><![CDATA[valpa_obituario_pt]]></wp:post_type>
		<wp:post_password><![CDATA[]]></wp:post_password>
		<wp:is_sticky>0</wp:is_sticky>
														<wp:postmeta>
		<wp:meta_key><![CDATA[_edit_last]]></wp:meta_key>
		<wp:meta_value><![CDATA[1]]></wp:meta_value>
		</wp:postmeta>
							<wp:postmeta>
		<wp:meta_key><![CDATA[_thumbnail_id]]></wp:meta_key>
		<wp:meta_value><![CDATA[15414]]></wp:meta_value>
		</wp:postmeta>
							<wp:postmeta>
		<wp:meta_key><![CDATA[sucursal_relacionada_meta]]></wp:meta_key>
		<wp:meta_value><![CDATA[a:1:{i:0;s:2:"22";}]]></wp:meta_value>
		</wp:postmeta>
							<wp:postmeta>
		<wp:meta_key><![CDATA[valpa_no_homenaje_meta]]></wp:meta_key>
		<wp:meta_value><![CDATA[0020001165]]></wp:meta_value>
		</wp:postmeta>
							<wp:postmeta>
		<wp:meta_key><![CDATA[servicio_relacionado_meta]]></wp:meta_key>
		<wp:meta_value><![CDATA[a:1:{i:0;s:8:"Sucursal";}]]></wp:meta_value>
		</wp:postmeta>
							<wp:postmeta>
		<wp:meta_key><![CDATA[valpa_nacimiento_dia_meta]]></wp:meta_key>
		<wp:meta_value><![CDATA[24]]></wp:meta_value>
		</wp:postmeta>
							<wp:postmeta>
		<wp:meta_key><![CDATA[valpa_nacimiento_mes_meta]]></wp:meta_key>
		<wp:meta_value><![CDATA[12]]></wp:meta_value>
		</wp:postmeta>
							<wp:postmeta>
		<wp:meta_key><![CDATA[valpa_nacimiento_ano_meta]]></wp:meta_key>
		<wp:meta_value><![CDATA[1982]]></wp:meta_value>
		</wp:postmeta>
							<wp:postmeta>
		<wp:meta_key><![CDATA[post_views_count]]></wp:meta_key>
		<wp:meta_value><![CDATA[420]]></wp:meta_value>
		</wp:postmeta>
							<wp:postmeta>
		<wp:meta_key><![CDATA[num_recuerdos_meta]]></wp:meta_key>
		<wp:meta_value><![CDATA[1]]></wp:meta_value>
		</wp:postmeta>
							<wp:postmeta>
		<wp:meta_key><![CDATA[num_velas_meta]]></wp:meta_key>
		<wp:meta_value><![CDATA[15]]></wp:meta_value>
		</wp:postmeta>
							</item>
					<item>
		<title><![CDATA[Maria Luisa GarcÃ­a Rugerio]]></title>
		<link>http://localhost/sass-wp/obituario/maria-luisa-garcia-rugerio/</link>
		<pubDate>Tue, 02 Mar 2021 19:25:50 +0000</pubDate>
		<dc:creator><![CDATA[webmaster]]></dc:creator>
		<guid isPermaLink="false">http://valparaiso.com.mx/?post_type=valpa_obituario_pt&#038;p=15418</guid>
		<description></description>
		<content:encoded><![CDATA["La muerte deja un dolor en el corazÃ³n, que nadie puede sanar pero el amor deja una memoria que nadie puede robar."]]></content:encoded>
		<excerpt:encoded><![CDATA[]]></excerpt:encoded>
		<wp:post_id>15418</wp:post_id>
		<wp:post_date><![CDATA[2021-03-02 19:25:50]]></wp:post_date>
		<wp:post_date_gmt><![CDATA[2021-03-02 19:25:50]]></wp:post_date_gmt>
		<wp:post_modified><![CDATA[2021-03-02 19:25:50]]></wp:post_modified>
		<wp:post_modified_gmt><![CDATA[2021-03-02 19:25:50]]></wp:post_modified_gmt>
		<wp:comment_status><![CDATA[open]]></wp:comment_status>
		<wp:ping_status><![CDATA[closed]]></wp:ping_status>
		<wp:post_name><![CDATA[maria-luisa-garcia-rugerio]]></wp:post_name>
		<wp:status><![CDATA[publish]]></wp:status>
		<wp:post_parent>0</wp:post_parent>
		<wp:menu_order>0</wp:menu_order>
		<wp:post_type><![CDATA[valpa_obituario_pt]]></wp:post_type>
		<wp:post_password><![CDATA[]]></wp:post_password>
		<wp:is_sticky>0</wp:is_sticky>
														<wp:postmeta>
		<wp:meta_key><![CDATA[_edit_last]]></wp:meta_key>
		<wp:meta_value><![CDATA[1]]></wp:meta_value>
		</wp:postmeta>
							<wp:postmeta>
		<wp:meta_key><![CDATA[_thumbnail_id]]></wp:meta_key>
		<wp:meta_value><![CDATA[15441]]></wp:meta_value>
		</wp:postmeta>
							<wp:postmeta>
		<wp:meta_key><![CDATA[sucursal_relacionada_meta]]></wp:meta_key>
		<wp:meta_value><![CDATA[a:1:{i:0;s:2:"22";}]]></wp:meta_value>
		</wp:postmeta>
							<wp:postmeta>
		<wp:meta_key><![CDATA[valpa_no_homenaje_meta]]></wp:meta_key>
		<wp:meta_value><![CDATA[0020001166]]></wp:meta_value>
		</wp:postmeta>
							<wp:postmeta>
		<wp:meta_key><![CDATA[servicio_relacionado_meta]]></wp:meta_key>
		<wp:meta_value><![CDATA[a:1:{i:0;s:8:"Sucursal";}]]></wp:meta_value>
		</wp:postmeta>
							<wp:postmeta>
		<wp:meta_key><![CDATA[valpa_nacimiento_dia_meta]]></wp:meta_key>
		<wp:meta_value><![CDATA[11]]></wp:meta_value>
		</wp:postmeta>
							<wp:postmeta>
		<wp:meta_key><![CDATA[valpa_nacimiento_mes_meta]]></wp:meta_key>
		<wp:meta_value><![CDATA[04]]></wp:meta_value>
		</wp:postmeta>
							<wp:postmeta>
		<wp:meta_key><![CDATA[valpa_nacimiento_ano_meta]]></wp:meta_key>
		<wp:meta_value><![CDATA[1950]]></wp:meta_value>
		</wp:postmeta>
							<wp:postmeta>
		<wp:meta_key><![CDATA[post_views_count]]></wp:meta_key>
		<wp:meta_value><![CDATA[508]]></wp:meta_value>
		</wp:postmeta>
							<wp:postmeta>
		<wp:meta_key><![CDATA[num_recuerdos_meta]]></wp:meta_key>
		<wp:meta_value><![CDATA[3]]></wp:meta_value>
		</wp:postmeta>
							<wp:postmeta>
		<wp:meta_key><![CDATA[num_velas_meta]]></wp:meta_key>
		<wp:meta_value><![CDATA[11]]></wp:meta_value>
		</wp:postmeta>
							</item>
					<item>
		<title><![CDATA[Petra BolaÃ±os Ledezma]]></title>
		<link>http://localhost/sass-wp/obituario/petra-bolanos-ledezma/</link>
		<pubDate>Thu, 04 Mar 2021 03:10:41 +0000</pubDate>
		<dc:creator><![CDATA[webmaster]]></dc:creator>
		<guid isPermaLink="false">http://valparaiso.com.mx/?post_type=valpa_obituario_pt&#038;p=15486</guid>
		<description></description>
		<content:encoded><![CDATA["EstarÃ¡s presente en cada momento de mi vida, estarÃ¡s en mis oraciones, cuando llore, cuando rÃ­a... Y al final de mis dÃ­as dirÃ© que nunca te fuiste."]]></content:encoded>
		<excerpt:encoded><![CDATA[]]></excerpt:encoded>
		<wp:post_id>15486</wp:post_id>
		<wp:post_date><![CDATA[2021-03-04 03:10:41]]></wp:post_date>
		<wp:post_date_gmt><![CDATA[2021-03-04 03:10:41]]></wp:post_date_gmt>
		<wp:post_modified><![CDATA[2021-03-04 03:10:41]]></wp:post_modified>
		<wp:post_modified_gmt><![CDATA[2021-03-04 03:10:41]]></wp:post_modified_gmt>
		<wp:comment_status><![CDATA[open]]></wp:comment_status>
		<wp:ping_status><![CDATA[closed]]></wp:ping_status>
		<wp:post_name><![CDATA[petra-bolanos-ledezma]]></wp:post_name>
		<wp:status><![CDATA[publish]]></wp:status>
		<wp:post_parent>0</wp:post_parent>
		<wp:menu_order>0</wp:menu_order>
		<wp:post_type><![CDATA[valpa_obituario_pt]]></wp:post_type>
		<wp:post_password><![CDATA[]]></wp:post_password>
		<wp:is_sticky>0</wp:is_sticky>
														<wp:postmeta>
		<wp:meta_key><![CDATA[_edit_last]]></wp:meta_key>
		<wp:meta_value><![CDATA[1]]></wp:meta_value>
		</wp:postmeta>
							<wp:postmeta>
		<wp:meta_key><![CDATA[_thumbnail_id]]></wp:meta_key>
		<wp:meta_value><![CDATA[15502]]></wp:meta_value>
		</wp:postmeta>
							<wp:postmeta>
		<wp:meta_key><![CDATA[sucursal_relacionada_meta]]></wp:meta_key>
		<wp:meta_value><![CDATA[a:1:{i:0;s:2:"22";}]]></wp:meta_value>
		</wp:postmeta>
							<wp:postmeta>
		<wp:meta_key><![CDATA[valpa_no_homenaje_meta]]></wp:meta_key>
		<wp:meta_value><![CDATA[0020001170]]></wp:meta_value>
		</wp:postmeta>
							<wp:postmeta>
		<wp:meta_key><![CDATA[servicio_relacionado_meta]]></wp:meta_key>
		<wp:meta_value><![CDATA[a:1:{i:0;s:8:"Sucursal";}]]></wp:meta_value>
		</wp:postmeta>
							<wp:postmeta>
		<wp:meta_key><![CDATA[valpa_nacimiento_dia_meta]]></wp:meta_key>
		<wp:meta_value><![CDATA[20]]></wp:meta_value>
		</wp:postmeta>
							<wp:postmeta>
		<wp:meta_key><![CDATA[valpa_nacimiento_mes_meta]]></wp:meta_key>
		<wp:meta_value><![CDATA[11]]></wp:meta_value>
		</wp:postmeta>
							<wp:postmeta>
		<wp:meta_key><![CDATA[valpa_nacimiento_ano_meta]]></wp:meta_key>
		<wp:meta_value><![CDATA[1953]]></wp:meta_value>
		</wp:postmeta>
							<wp:postmeta>
		<wp:meta_key><![CDATA[post_views_count]]></wp:meta_key>
		<wp:meta_value><![CDATA[334]]></wp:meta_value>
		</wp:postmeta>
							<wp:postmeta>
		<wp:meta_key><![CDATA[num_velas_meta]]></wp:meta_key>
		<wp:meta_value><![CDATA[19]]></wp:meta_value>
		</wp:postmeta>
							<wp:postmeta>
		<wp:meta_key><![CDATA[num_recuerdos_meta]]></wp:meta_key>
		<wp:meta_value><![CDATA[2]]></wp:meta_value>
		</wp:postmeta>
							</item>
					<item>
		<title><![CDATA[Constantina DomÃ­nguez Viveros]]></title>
		<link>http://localhost/sass-wp/obituario/constantina-dominguez-viveros/</link>
		<pubDate>Fri, 05 Mar 2021 00:03:43 +0000</pubDate>
		<dc:creator><![CDATA[webmaster]]></dc:creator>
		<guid isPermaLink="false">http://valparaiso.com.mx/?post_type=valpa_obituario_pt&#038;p=15550</guid>
		<description></description>
		<content:encoded><![CDATA[âHiciste bellas las vidas de quienes te rodeamos. Tu legado viveâ.]]></content:encoded>
		<excerpt:encoded><![CDATA[]]></excerpt:encoded>
		<wp:post_id>15550</wp:post_id>
		<wp:post_date><![CDATA[2021-03-05 00:03:43]]></wp:post_date>
		<wp:post_date_gmt><![CDATA[2021-03-05 00:03:43]]></wp:post_date_gmt>
		<wp:post_modified><![CDATA[2021-03-05 00:03:43]]></wp:post_modified>
		<wp:post_modified_gmt><![CDATA[2021-03-05 00:03:43]]></wp:post_modified_gmt>
		<wp:comment_status><![CDATA[open]]></wp:comment_status>
		<wp:ping_status><![CDATA[closed]]></wp:ping_status>
		<wp:post_name><![CDATA[constantina-dominguez-viveros]]></wp:post_name>
		<wp:status><![CDATA[publish]]></wp:status>
		<wp:post_parent>0</wp:post_parent>
		<wp:menu_order>0</wp:menu_order>
		<wp:post_type><![CDATA[valpa_obituario_pt]]></wp:post_type>
		<wp:post_password><![CDATA[]]></wp:post_password>
		<wp:is_sticky>0</wp:is_sticky>
														<wp:postmeta>
		<wp:meta_key><![CDATA[_edit_last]]></wp:meta_key>
		<wp:meta_value><![CDATA[1]]></wp:meta_value>
		</wp:postmeta>
							<wp:postmeta>
		<wp:meta_key><![CDATA[_thumbnail_id]]></wp:meta_key>
		<wp:meta_value><![CDATA[15617]]></wp:meta_value>
		</wp:postmeta>
							<wp:postmeta>
		<wp:meta_key><![CDATA[sucursal_relacionada_meta]]></wp:meta_key>
		<wp:meta_value><![CDATA[a:1:{i:0;s:2:"22";}]]></wp:meta_value>
		</wp:postmeta>
							<wp:postmeta>
		<wp:meta_key><![CDATA[valpa_no_homenaje_meta]]></wp:meta_key>
		<wp:meta_value><![CDATA[0020001172]]></wp:meta_value>
		</wp:postmeta>
							<wp:postmeta>
		<wp:meta_key><![CDATA[servicio_relacionado_meta]]></wp:meta_key>
		<wp:meta_value><![CDATA[a:1:{i:0;s:8:"Sucursal";}]]></wp:meta_value>
		</wp:postmeta>
							<wp:postmeta>
		<wp:meta_key><![CDATA[valpa_nacimiento_dia_meta]]></wp:meta_key>
		<wp:meta_value><![CDATA[16]]></wp:meta_value>
		</wp:postmeta>
							<wp:postmeta>
		<wp:meta_key><![CDATA[valpa_nacimiento_mes_meta]]></wp:meta_key>
		<wp:meta_value><![CDATA[04]]></wp:meta_value>
		</wp:postmeta>
							<wp:postmeta>
		<wp:meta_key><![CDATA[valpa_nacimiento_ano_meta]]></wp:meta_key>
		<wp:meta_value><![CDATA[1972]]></wp:meta_value>
		</wp:postmeta>
							<wp:postmeta>
		<wp:meta_key><![CDATA[post_views_count]]></wp:meta_key>
		<wp:meta_value><![CDATA[484]]></wp:meta_value>
		</wp:postmeta>
							<wp:postmeta>
		<wp:meta_key><![CDATA[num_velas_meta]]></wp:meta_key>
		<wp:meta_value><![CDATA[29]]></wp:meta_value>
		</wp:postmeta>
							<wp:postmeta>
		<wp:meta_key><![CDATA[num_recuerdos_meta]]></wp:meta_key>
		<wp:meta_value><![CDATA[8]]></wp:meta_value>
		</wp:postmeta>
							</item>
					<item>
		<title><![CDATA[Miguel Ãngel Valero Cota]]></title>
		<link>http://localhost/sass-wp/obituario/miguel-angel-valero-cota/</link>
		<pubDate>Fri, 05 Mar 2021 01:56:41 +0000</pubDate>
		<dc:creator><![CDATA[webmaster]]></dc:creator>
		<guid isPermaLink="false">http://valparaiso.com.mx/?post_type=valpa_obituario_pt&#038;p=15589</guid>
		<description></description>
		<content:encoded><![CDATA["Gracias por todo lo que nos diste, trascendiste en nuestros corazones."]]></content:encoded>
		<excerpt:encoded><![CDATA[]]></excerpt:encoded>
		<wp:post_id>15589</wp:post_id>
		<wp:post_date><![CDATA[2021-03-05 01:56:41]]></wp:post_date>
		<wp:post_date_gmt><![CDATA[2021-03-05 01:56:41]]></wp:post_date_gmt>
		<wp:post_modified><![CDATA[2021-03-05 01:56:41]]></wp:post_modified>
		<wp:post_modified_gmt><![CDATA[2021-03-05 01:56:41]]></wp:post_modified_gmt>
		<wp:comment_status><![CDATA[open]]></wp:comment_status>
		<wp:ping_status><![CDATA[closed]]></wp:ping_status>
		<wp:post_name><![CDATA[miguel-angel-valero-cota]]></wp:post_name>
		<wp:status><![CDATA[publish]]></wp:status>
		<wp:post_parent>0</wp:post_parent>
		<wp:menu_order>0</wp:menu_order>
		<wp:post_type><![CDATA[valpa_obituario_pt]]></wp:post_type>
		<wp:post_password><![CDATA[]]></wp:post_password>
		<wp:is_sticky>0</wp:is_sticky>
														<wp:postmeta>
		<wp:meta_key><![CDATA[_edit_last]]></wp:meta_key>
		<wp:meta_value><![CDATA[1]]></wp:meta_value>
		</wp:postmeta>
							<wp:postmeta>
		<wp:meta_key><![CDATA[_thumbnail_id]]></wp:meta_key>
		<wp:meta_value><![CDATA[15604]]></wp:meta_value>
		</wp:postmeta>
							<wp:postmeta>
		<wp:meta_key><![CDATA[valpa_no_homenaje_meta]]></wp:meta_key>
		<wp:meta_value><![CDATA[]]></wp:meta_value>
		</wp:postmeta>
							<wp:postmeta>
		<wp:meta_key><![CDATA[valpa_nacimiento_dia_meta]]></wp:meta_key>
		<wp:meta_value><![CDATA[29]]></wp:meta_value>
		</wp:postmeta>
							<wp:postmeta>
		<wp:meta_key><![CDATA[valpa_nacimiento_mes_meta]]></wp:meta_key>
		<wp:meta_value><![CDATA[09]]></wp:meta_value>
		</wp:postmeta>
							<wp:postmeta>
		<wp:meta_key><![CDATA[valpa_nacimiento_ano_meta]]></wp:meta_key>
		<wp:meta_value><![CDATA[1967]]></wp:meta_value>
		</wp:postmeta>
							<wp:postmeta>
		<wp:meta_key><![CDATA[post_views_count]]></wp:meta_key>
		<wp:meta_value><![CDATA[1772]]></wp:meta_value>
		</wp:postmeta>
							<wp:postmeta>
		<wp:meta_key><![CDATA[num_velas_meta]]></wp:meta_key>
		<wp:meta_value><![CDATA[106]]></wp:meta_value>
		</wp:postmeta>
							<wp:postmeta>
		<wp:meta_key><![CDATA[num_recuerdos_meta]]></wp:meta_key>
		<wp:meta_value><![CDATA[17]]></wp:meta_value>
		</wp:postmeta>
							</item>
					<item>
		<title><![CDATA[Rosalva Estrella Duarte]]></title>
		<link>http://localhost/sass-wp/obituario/rosalva-estrella-duarte/</link>
		<pubDate>Sat, 06 Mar 2021 01:46:16 +0000</pubDate>
		<dc:creator><![CDATA[webmaster]]></dc:creator>
		<guid isPermaLink="false">http://valparaiso.com.mx/?post_type=valpa_obituario_pt&#038;p=15728</guid>
		<description></description>
		<content:encoded><![CDATA["VivirÃ¡s en nuestros corazones siempre mamita."]]></content:encoded>
		<excerpt:encoded><![CDATA[]]></excerpt:encoded>
		<wp:post_id>15728</wp:post_id>
		<wp:post_date><![CDATA[2021-03-06 01:46:16]]></wp:post_date>
		<wp:post_date_gmt><![CDATA[2021-03-06 01:46:16]]></wp:post_date_gmt>
		<wp:post_modified><![CDATA[2021-03-06 01:46:16]]></wp:post_modified>
		<wp:post_modified_gmt><![CDATA[2021-03-06 01:46:16]]></wp:post_modified_gmt>
		<wp:comment_status><![CDATA[open]]></wp:comment_status>
		<wp:ping_status><![CDATA[closed]]></wp:ping_status>
		<wp:post_name><![CDATA[rosalva-estrella-duarte]]></wp:post_name>
		<wp:status><![CDATA[publish]]></wp:status>
		<wp:post_parent>0</wp:post_parent>
		<wp:menu_order>0</wp:menu_order>
		<wp:post_type><![CDATA[valpa_obituario_pt]]></wp:post_type>
		<wp:post_password><![CDATA[]]></wp:post_password>
		<wp:is_sticky>0</wp:is_sticky>
														<wp:postmeta>
		<wp:meta_key><![CDATA[_edit_last]]></wp:meta_key>
		<wp:meta_value><![CDATA[1]]></wp:meta_value>
		</wp:postmeta>
							<wp:postmeta>
		<wp:meta_key><![CDATA[_thumbnail_id]]></wp:meta_key>
		<wp:meta_value><![CDATA[15742]]></wp:meta_value>
		</wp:postmeta>
							<wp:postmeta>
		<wp:meta_key><![CDATA[sucursal_relacionada_meta]]></wp:meta_key>
		<wp:meta_value><![CDATA[a:1:{i:0;s:2:"22";}]]></wp:meta_value>
		</wp:postmeta>
							<wp:postmeta>
		<wp:meta_key><![CDATA[valpa_no_homenaje_meta]]></wp:meta_key>
		<wp:meta_value><![CDATA[0020001153]]></wp:meta_value>
		</wp:postmeta>
							<wp:postmeta>
		<wp:meta_key><![CDATA[valpa_nacimiento_dia_meta]]></wp:meta_key>
		<wp:meta_value><![CDATA[01]]></wp:meta_value>
		</wp:postmeta>
							<wp:postmeta>
		<wp:meta_key><![CDATA[valpa_nacimiento_mes_meta]]></wp:meta_key>
		<wp:meta_value><![CDATA[01]]></wp:meta_value>
		</wp:postmeta>
							<wp:postmeta>
		<wp:meta_key><![CDATA[valpa_nacimiento_ano_meta]]></wp:meta_key>
		<wp:meta_value><![CDATA[1947]]></wp:meta_value>
		</wp:postmeta>
							<wp:postmeta>
		<wp:meta_key><![CDATA[post_views_count]]></wp:meta_key>
		<wp:meta_value><![CDATA[166]]></wp:meta_value>
		</wp:postmeta>
							<wp:postmeta>
		<wp:meta_key><![CDATA[num_velas_meta]]></wp:meta_key>
		<wp:meta_value><![CDATA[6]]></wp:meta_value>
		</wp:postmeta>
							<wp:postmeta>
		<wp:meta_key><![CDATA[num_recuerdos_meta]]></wp:meta_key>
		<wp:meta_value><![CDATA[1]]></wp:meta_value>
		</wp:postmeta>
							</item>
					<item>
		<title><![CDATA[Julia HernÃ¡ndez MartÃ­nez]]></title>
		<link>http://localhost/sass-wp/obituario/julia-hernandez-martinez/</link>
		<pubDate>Sat, 06 Mar 2021 05:58:40 +0000</pubDate>
		<dc:creator><![CDATA[webmaster]]></dc:creator>
		<guid isPermaLink="false">http://valparaiso.com.mx/?post_type=valpa_obituario_pt&#038;p=15761</guid>
		<description></description>
		<content:encoded><![CDATA["En memoria de mi madre, amiga, maestra y confidente leal de mis dÃ­as...AÃºn mis ojos no dejan de llorar tu partida."]]></content:encoded>
		<excerpt:encoded><![CDATA[]]></excerpt:encoded>
		<wp:post_id>15761</wp:post_id>
		<wp:post_date><![CDATA[2021-03-06 05:58:40]]></wp:post_date>
		<wp:post_date_gmt><![CDATA[2021-03-06 05:58:40]]></wp:post_date_gmt>
		<wp:post_modified><![CDATA[2021-03-06 05:58:40]]></wp:post_modified>
		<wp:post_modified_gmt><![CDATA[2021-03-06 05:58:40]]></wp:post_modified_gmt>
		<wp:comment_status><![CDATA[open]]></wp:comment_status>
		<wp:ping_status><![CDATA[closed]]></wp:ping_status>
		<wp:post_name><![CDATA[julia-hernandez-martinez]]></wp:post_name>
		<wp:status><![CDATA[publish]]></wp:status>
		<wp:post_parent>0</wp:post_parent>
		<wp:menu_order>0</wp:menu_order>
		<wp:post_type><![CDATA[valpa_obituario_pt]]></wp:post_type>
		<wp:post_password><![CDATA[]]></wp:post_password>
		<wp:is_sticky>0</wp:is_sticky>
														<wp:postmeta>
		<wp:meta_key><![CDATA[_edit_last]]></wp:meta_key>
		<wp:meta_value><![CDATA[1]]></wp:meta_value>
		</wp:postmeta>
							<wp:postmeta>
		<wp:meta_key><![CDATA[_thumbnail_id]]></wp:meta_key>
		<wp:meta_value><![CDATA[15765]]></wp:meta_value>
		</wp:postmeta>
							<wp:postmeta>
		<wp:meta_key><![CDATA[valpa_no_homenaje_meta]]></wp:meta_key>
		<wp:meta_value><![CDATA[1171]]></wp:meta_value>
		</wp:postmeta>
							<wp:postmeta>
		<wp:meta_key><![CDATA[servicio_relacionado_meta]]></wp:meta_key>
		<wp:meta_value><![CDATA[a:1:{i:0;s:8:"Sucursal";}]]></wp:meta_value>
		</wp:postmeta>
							<wp:postmeta>
		<wp:meta_key><![CDATA[valpa_nacimiento_dia_meta]]></wp:meta_key>
		<wp:meta_value><![CDATA[19]]></wp:meta_value>
		</wp:postmeta>
							<wp:postmeta>
		<wp:meta_key><![CDATA[valpa_nacimiento_mes_meta]]></wp:meta_key>
		<wp:meta_value><![CDATA[06]]></wp:meta_value>
		</wp:postmeta>
							<wp:postmeta>
		<wp:meta_key><![CDATA[valpa_nacimiento_ano_meta]]></wp:meta_key>
		<wp:meta_value><![CDATA[1972]]></wp:meta_value>
		</wp:postmeta>
							<wp:postmeta>
		<wp:meta_key><![CDATA[post_views_count]]></wp:meta_key>
		<wp:meta_value><![CDATA[274]]></wp:meta_value>
		</wp:postmeta>
							<wp:postmeta>
		<wp:meta_key><![CDATA[num_velas_meta]]></wp:meta_key>
		<wp:meta_value><![CDATA[6]]></wp:meta_value>
		</wp:postmeta>
							<wp:postmeta>
		<wp:meta_key><![CDATA[num_recuerdos_meta]]></wp:meta_key>
		<wp:meta_value><![CDATA[2]]></wp:meta_value>
		</wp:postmeta>
							</item>
					<item>
		<title><![CDATA[Jorge Eleno PÃ©rez]]></title>
		<link>http://localhost/sass-wp/obituario/jorge-eleno-perez/</link>
		<pubDate>Sat, 06 Mar 2021 09:54:18 +0000</pubDate>
		<dc:creator><![CDATA[webmaster]]></dc:creator>
		<guid isPermaLink="false">http://valparaiso.com.mx/?post_type=valpa_obituario_pt&#038;p=15778</guid>
		<description></description>
		<content:encoded><![CDATA["EstarÃ¡s presente en cada momento de mi vida, estarÃ¡s en mis oraciones, cuando llore, cuando rÃ­a... Y al final de mis dÃ­as dirÃ© que nunca te fuiste."]]></content:encoded>
		<excerpt:encoded><![CDATA[]]></excerpt:encoded>
		<wp:post_id>15778</wp:post_id>
		<wp:post_date><![CDATA[2021-03-06 09:54:18]]></wp:post_date>
		<wp:post_date_gmt><![CDATA[2021-03-06 09:54:18]]></wp:post_date_gmt>
		<wp:post_modified><![CDATA[2021-03-06 09:54:18]]></wp:post_modified>
		<wp:post_modified_gmt><![CDATA[2021-03-06 09:54:18]]></wp:post_modified_gmt>
		<wp:comment_status><![CDATA[open]]></wp:comment_status>
		<wp:ping_status><![CDATA[closed]]></wp:ping_status>
		<wp:post_name><![CDATA[jorge-eleno-perez]]></wp:post_name>
		<wp:status><![CDATA[publish]]></wp:status>
		<wp:post_parent>0</wp:post_parent>
		<wp:menu_order>0</wp:menu_order>
		<wp:post_type><![CDATA[valpa_obituario_pt]]></wp:post_type>
		<wp:post_password><![CDATA[]]></wp:post_password>
		<wp:is_sticky>0</wp:is_sticky>
														<wp:postmeta>
		<wp:meta_key><![CDATA[_edit_last]]></wp:meta_key>
		<wp:meta_value><![CDATA[1]]></wp:meta_value>
		</wp:postmeta>
							<wp:postmeta>
		<wp:meta_key><![CDATA[_thumbnail_id]]></wp:meta_key>
		<wp:meta_value><![CDATA[15782]]></wp:meta_value>
		</wp:postmeta>
							<wp:postmeta>
		<wp:meta_key><![CDATA[sucursal_relacionada_meta]]></wp:meta_key>
		<wp:meta_value><![CDATA[a:1:{i:0;s:2:"22";}]]></wp:meta_value>
		</wp:postmeta>
							<wp:postmeta>
		<wp:meta_key><![CDATA[valpa_no_homenaje_meta]]></wp:meta_key>
		<wp:meta_value><![CDATA[0020001174]]></wp:meta_value>
		</wp:postmeta>
							<wp:postmeta>
		<wp:meta_key><![CDATA[servicio_relacionado_meta]]></wp:meta_key>
		<wp:meta_value><![CDATA[a:1:{i:0;s:9:"Domicilio";}]]></wp:meta_value>
		</wp:postmeta>
							<wp:postmeta>
		<wp:meta_key><![CDATA[valpa_nacimiento_dia_meta]]></wp:meta_key>
		<wp:meta_value><![CDATA[15]]></wp:meta_value>
		</wp:postmeta>
							<wp:postmeta>
		<wp:meta_key><![CDATA[valpa_nacimiento_mes_meta]]></wp:meta_key>
		<wp:meta_value><![CDATA[04]]></wp:meta_value>
		</wp:postmeta>
							<wp:postmeta>
		<wp:meta_key><![CDATA[valpa_nacimiento_ano_meta]]></wp:meta_key>
		<wp:meta_value><![CDATA[1964]]></wp:meta_value>
		</wp:postmeta>
							<wp:postmeta>
		<wp:meta_key><![CDATA[post_views_count]]></wp:meta_key>
		<wp:meta_value><![CDATA[521]]></wp:meta_value>
		</wp:postmeta>
							<wp:postmeta>
		<wp:meta_key><![CDATA[num_velas_meta]]></wp:meta_key>
		<wp:meta_value><![CDATA[24]]></wp:meta_value>
		</wp:postmeta>
							<wp:postmeta>
		<wp:meta_key><![CDATA[num_recuerdos_meta]]></wp:meta_key>
		<wp:meta_value><![CDATA[3]]></wp:meta_value>
		</wp:postmeta>
							</item>
					<item>
		<title><![CDATA[Â¿Conoces el ramo funerario?]]></title>
		<link>http://localhost/sass-wp/valpa_preguntas_pt/conoces-el-ramo-funerario/</link>
		<pubDate>Fri, 03 Jul 2020 14:29:08 +0000</pubDate>
		<dc:creator><![CDATA[webmaster]]></dc:creator>
		<guid isPermaLink="false">http://valparaiso.com.mx/?post_type=valpa_preguntas_pt&#038;p=26</guid>
		<description></description>
		<content:encoded><![CDATA[]]></content:encoded>
		<excerpt:encoded><![CDATA[]]></excerpt:encoded>
		<wp:post_id>26</wp:post_id>
		<wp:post_date><![CDATA[2020-07-03 14:29:08]]></wp:post_date>
		<wp:post_date_gmt><![CDATA[2020-07-03 14:29:08]]></wp:post_date_gmt>
		<wp:post_modified><![CDATA[2020-07-03 14:29:08]]></wp:post_modified>
		<wp:post_modified_gmt><![CDATA[2020-07-03 14:29:08]]></wp:post_modified_gmt>
		<wp:comment_status><![CDATA[closed]]></wp:comment_status>
		<wp:ping_status><![CDATA[closed]]></wp:ping_status>
		<wp:post_name><![CDATA[conoces-el-ramo-funerario]]></wp:post_name>
		<wp:status><![CDATA[publish]]></wp:status>
		<wp:post_parent>0</wp:post_parent>
		<wp:menu_order>0</wp:menu_order>
		<wp:post_type><![CDATA[valpa_preguntas_pt]]></wp:post_type>
		<wp:post_password><![CDATA[]]></wp:post_password>
		<wp:is_sticky>0</wp:is_sticky>
														<wp:postmeta>
		<wp:meta_key><![CDATA[_edit_last]]></wp:meta_key>
		<wp:meta_value><![CDATA[1]]></wp:meta_value>
		</wp:postmeta>
							<wp:postmeta>
		<wp:meta_key><![CDATA[tipo_pregunta_puesto_meta]]></wp:meta_key>
		<wp:meta_value><![CDATA[a:1:{i:0;s:7:"Buleano";}]]></wp:meta_value>
		</wp:postmeta>
							<wp:postmeta>
		<wp:meta_key><![CDATA[caracteres_input_meta]]></wp:meta_key>
		<wp:meta_value><![CDATA[]]></wp:meta_value>
		</wp:postmeta>
							<wp:postmeta>
		<wp:meta_key><![CDATA[opciones_input_meta]]></wp:meta_key>
		<wp:meta_value><![CDATA[si,no]]></wp:meta_value>
		</wp:postmeta>
							<wp:postmeta>
		<wp:meta_key><![CDATA[_wp_old_date]]></wp:meta_key>
		<wp:meta_value><![CDATA[2020-07-25]]></wp:meta_value>
		</wp:postmeta>
							</item>
					<item>
		<title><![CDATA[Â¿Vives en Toluca?]]></title>
		<link>http://localhost/sass-wp/valpa_preguntas_pt/vives-en-toluca/</link>
		<pubDate>Wed, 01 Jul 2020 21:11:16 +0000</pubDate>
		<dc:creator><![CDATA[webmaster]]></dc:creator>
		<guid isPermaLink="false">http://valparaiso.com.mx/?post_type=valpa_preguntas_pt&#038;p=48</guid>
		<description></description>
		<content:encoded><![CDATA[]]></content:encoded>
		<excerpt:encoded><![CDATA[]]></excerpt:encoded>
		<wp:post_id>48</wp:post_id>
		<wp:post_date><![CDATA[2020-07-01 21:11:16]]></wp:post_date>
		<wp:post_date_gmt><![CDATA[2020-07-01 21:11:16]]></wp:post_date_gmt>
		<wp:post_modified><![CDATA[2020-07-01 21:11:16]]></wp:post_modified>
		<wp:post_modified_gmt><![CDATA[2020-07-01 21:11:16]]></wp:post_modified_gmt>
		<wp:comment_status><![CDATA[closed]]></wp:comment_status>
		<wp:ping_status><![CDATA[closed]]></wp:ping_status>
		<wp:post_name><![CDATA[vives-en-toluca]]></wp:post_name>
		<wp:status><![CDATA[publish]]></wp:status>
		<wp:post_parent>0</wp:post_parent>
		<wp:menu_order>0</wp:menu_order>
		<wp:post_type><![CDATA[valpa_preguntas_pt]]></wp:post_type>
		<wp:post_password><![CDATA[]]></wp:post_password>
		<wp:is_sticky>0</wp:is_sticky>
														<wp:postmeta>
		<wp:meta_key><![CDATA[_edit_last]]></wp:meta_key>
		<wp:meta_value><![CDATA[1]]></wp:meta_value>
		</wp:postmeta>
							<wp:postmeta>
		<wp:meta_key><![CDATA[tipo_pregunta_puesto_meta]]></wp:meta_key>
		<wp:meta_value><![CDATA[a:1:{i:0;s:7:"Buleano";}]]></wp:meta_value>
		</wp:postmeta>
							<wp:postmeta>
		<wp:meta_key><![CDATA[caracteres_input_meta]]></wp:meta_key>
		<wp:meta_value><![CDATA[]]></wp:meta_value>
		</wp:postmeta>
							<wp:postmeta>
		<wp:meta_key><![CDATA[opciones_input_meta]]></wp:meta_key>
		<wp:meta_value><![CDATA[si, no]]></wp:meta_value>
		</wp:postmeta>
							<wp:postmeta>
		<wp:meta_key><![CDATA[_wp_old_date]]></wp:meta_key>
		<wp:meta_value><![CDATA[2020-07-29]]></wp:meta_value>
		</wp:postmeta>
							<wp:postmeta>
		<wp:meta_key><![CDATA[_wp_old_date]]></wp:meta_key>
		<wp:meta_value><![CDATA[2020-07-28]]></wp:meta_value>
		</wp:postmeta>
							</item>
					<item>
		<title><![CDATA[Â¿Has trabajado en Funeraria?]]></title>
		<link>http://localhost/sass-wp/valpa_preguntas_pt/has-trabajado-en-funeraria/</link>
		<pubDate>Thu, 02 Jul 2020 23:16:40 +0000</pubDate>
		<dc:creator><![CDATA[webmaster]]></dc:creator>
		<guid isPermaLink="false">http://valparaiso.com.mx/?post_type=valpa_preguntas_pt&#038;p=57</guid>
		<description></description>
		<content:encoded><![CDATA[]]></content:encoded>
		<excerpt:encoded><![CDATA[]]></excerpt:encoded>
		<wp:post_id>57</wp:post_id>
		<wp:post_date><![CDATA[2020-07-02 23:16:40]]></wp:post_date>
		<wp:post_date_gmt><![CDATA[2020-07-02 23:16:40]]></wp:post_date_gmt>
		<wp:post_modified><![CDATA[2020-07-02 23:16:40]]></wp:post_modified>
		<wp:post_modified_gmt><![CDATA[2020-07-02 23:16:40]]></wp:post_modified_gmt>
		<wp:comment_status><![CDATA[closed]]></wp:comment_status>
		<wp:ping_status><![CDATA[closed]]></wp:ping_status>
		<wp:post_name><![CDATA[has-trabajado-en-funeraria]]></wp:post_name>
		<wp:status><![CDATA[publish]]></wp:status>
		<wp:post_parent>0</wp:post_parent>
		<wp:menu_order>0</wp:menu_order>
		<wp:post_type><![CDATA[valpa_preguntas_pt]]></wp:post_type>
		<wp:post_password><![CDATA[]]></wp:post_password>
		<wp:is_sticky>0</wp:is_sticky>
														<wp:postmeta>
		<wp:meta_key><![CDATA[_edit_last]]></wp:meta_key>
		<wp:meta_value><![CDATA[1]]></wp:meta_value>
		</wp:postmeta>
							<wp:postmeta>
		<wp:meta_key><![CDATA[tipo_pregunta_puesto_meta]]></wp:meta_key>
		<wp:meta_value><![CDATA[a:1:{i:0;s:7:"Buleano";}]]></wp:meta_value>
		</wp:postmeta>
							<wp:postmeta>
		<wp:meta_key><![CDATA[caracteres_input_meta]]></wp:meta_key>
		<wp:meta_value><![CDATA[]]></wp:meta_value>
		</wp:postmeta>
							<wp:postmeta>
		<wp:meta_key><![CDATA[opciones_input_meta]]></wp:meta_key>
		<wp:meta_value><![CDATA[Si,No]]></wp:meta_value>
		</wp:postmeta>
							<wp:postmeta>
		<wp:meta_key><![CDATA[_wp_old_date]]></wp:meta_key>
		<wp:meta_value><![CDATA[2020-07-30]]></wp:meta_value>
		</wp:postmeta>
							</item>
					<item>
		<title><![CDATA[Â¿Tienes experiencia en la vacante?]]></title>
		<link>http://localhost/sass-wp/valpa_preguntas_pt/tienes-experiencia-en-la-vacante/</link>
		<pubDate>Tue, 07 Jul 2020 23:16:25 +0000</pubDate>
		<dc:creator><![CDATA[webmaster]]></dc:creator>
		<guid isPermaLink="false">http://valparaiso.com.mx/?post_type=valpa_preguntas_pt&#038;p=58</guid>
		<description></description>
		<content:encoded><![CDATA[]]></content:encoded>
		<excerpt:encoded><![CDATA[]]></excerpt:encoded>
		<wp:post_id>58</wp:post_id>
		<wp:post_date><![CDATA[2020-07-07 23:16:25]]></wp:post_date>
		<wp:post_date_gmt><![CDATA[2020-07-07 23:16:25]]></wp:post_date_gmt>
		<wp:post_modified><![CDATA[2020-07-07 23:16:25]]></wp:post_modified>
		<wp:post_modified_gmt><![CDATA[2020-07-07 23:16:25]]></wp:post_modified_gmt>
		<wp:comment_status><![CDATA[closed]]></wp:comment_status>
		<wp:ping_status><![CDATA[closed]]></wp:ping_status>
		<wp:post_name><![CDATA[tienes-experiencia-en-la-vacante]]></wp:post_name>
		<wp:status><![CDATA[publish]]></wp:status>
		<wp:post_parent>0</wp:post_parent>
		<wp:menu_order>0</wp:menu_order>
		<wp:post_type><![CDATA[valpa_preguntas_pt]]></wp:post_type>
		<wp:post_password><![CDATA[]]></wp:post_password>
		<wp:is_sticky>0</wp:is_sticky>
														<wp:postmeta>
		<wp:meta_key><![CDATA[_edit_last]]></wp:meta_key>
		<wp:meta_value><![CDATA[1]]></wp:meta_value>
		</wp:postmeta>
							<wp:postmeta>
		<wp:meta_key><![CDATA[tipo_pregunta_puesto_meta]]></wp:meta_key>
		<wp:meta_value><![CDATA[a:1:{i:0;s:7:"Buleano";}]]></wp:meta_value>
		</wp:postmeta>
							<wp:postmeta>
		<wp:meta_key><![CDATA[caracteres_input_meta]]></wp:meta_key>
		<wp:meta_value><![CDATA[]]></wp:meta_value>
		</wp:postmeta>
							<wp:postmeta>
		<wp:meta_key><![CDATA[opciones_input_meta]]></wp:meta_key>
		<wp:meta_value><![CDATA[Si,No]]></wp:meta_value>
		</wp:postmeta>
							<wp:postmeta>
		<wp:meta_key><![CDATA[_wp_old_date]]></wp:meta_key>
		<wp:meta_value><![CDATA[2020-07-30]]></wp:meta_value>
		</wp:postmeta>
							</item>
					<item>
		<title><![CDATA[Estado civil]]></title>
		<link>http://localhost/sass-wp/valpa_preguntas_pt/estado-civil/</link>
		<pubDate>Sun, 05 Jul 2020 16:28:35 +0000</pubDate>
		<dc:creator><![CDATA[webmaster]]></dc:creator>
		<guid isPermaLink="false">http://valparaiso.com.mx/?post_type=valpa_preguntas_pt&#038;p=74</guid>
		<description></description>
		<content:encoded><![CDATA[]]></content:encoded>
		<excerpt:encoded><![CDATA[]]></excerpt:encoded>
		<wp:post_id>74</wp:post_id>
		<wp:post_date><![CDATA[2020-07-05 16:28:35]]></wp:post_date>
		<wp:post_date_gmt><![CDATA[2020-07-05 16:28:35]]></wp:post_date_gmt>
		<wp:post_modified><![CDATA[2020-07-05 16:28:35]]></wp:post_modified>
		<wp:post_modified_gmt><![CDATA[2020-07-05 16:28:35]]></wp:post_modified_gmt>
		<wp:comment_status><![CDATA[closed]]></wp:comment_status>
		<wp:ping_status><![CDATA[closed]]></wp:ping_status>
		<wp:post_name><![CDATA[estado-civil]]></wp:post_name>
		<wp:status><![CDATA[publish]]></wp:status>
		<wp:post_parent>0</wp:post_parent>
		<wp:menu_order>0</wp:menu_order>
		<wp:post_type><![CDATA[valpa_preguntas_pt]]></wp:post_type>
		<wp:post_password><![CDATA[]]></wp:post_password>
		<wp:is_sticky>0</wp:is_sticky>
														<wp:postmeta>
		<wp:meta_key><![CDATA[_edit_last]]></wp:meta_key>
		<wp:meta_value><![CDATA[1]]></wp:meta_value>
		</wp:postmeta>
							<wp:postmeta>
		<wp:meta_key><![CDATA[tipo_pregunta_puesto_meta]]></wp:meta_key>
		<wp:meta_value><![CDATA[a:1:{i:0;s:7:"Buleano";}]]></wp:meta_value>
		</wp:postmeta>
							<wp:postmeta>
		<wp:meta_key><![CDATA[caracteres_input_meta]]></wp:meta_key>
		<wp:meta_value><![CDATA[]]></wp:meta_value>
		</wp:postmeta>
							<wp:postmeta>
		<wp:meta_key><![CDATA[opciones_input_meta]]></wp:meta_key>
		<wp:meta_value><![CDATA[Soltero, Casado , UniÃ³n libre]]></wp:meta_value>
		</wp:postmeta>
							<wp:postmeta>
		<wp:meta_key><![CDATA[_wp_old_date]]></wp:meta_key>
		<wp:meta_value><![CDATA[2020-07-31]]></wp:meta_value>
		</wp:postmeta>
							</item>
					<item>
		<title><![CDATA[Escolaridad]]></title>
		<link>http://localhost/sass-wp/valpa_preguntas_pt/escolaridad/</link>
		<pubDate>Mon, 06 Jul 2020 08:28:19 +0000</pubDate>
		<dc:creator><![CDATA[webmaster]]></dc:creator>
		<guid isPermaLink="false">http://valparaiso.com.mx/?post_type=valpa_preguntas_pt&#038;p=75</guid>
		<description></description>
		<content:encoded><![CDATA[]]></content:encoded>
		<excerpt:encoded><![CDATA[]]></excerpt:encoded>
		<wp:post_id>75</wp:post_id>
		<wp:post_date><![CDATA[2020-07-06 08:28:19]]></wp:post_date>
		<wp:post_date_gmt><![CDATA[2020-07-06 08:28:19]]></wp:post_date_gmt>
		<wp:post_modified><![CDATA[2020-07-06 08:28:19]]></wp:post_modified>
		<wp:post_modified_gmt><![CDATA[2020-07-06 08:28:19]]></wp:post_modified_gmt>
		<wp:comment_status><![CDATA[closed]]></wp:comment_status>
		<wp:ping_status><![CDATA[closed]]></wp:ping_status>
		<wp:post_name><![CDATA[escolaridad]]></wp:post_name>
		<wp:status><![CDATA[publish]]></wp:status>
		<wp:post_parent>0</wp:post_parent>
		<wp:menu_order>0</wp:menu_order>
		<wp:post_type><![CDATA[valpa_preguntas_pt]]></wp:post_type>
		<wp:post_password><![CDATA[]]></wp:post_password>
		<wp:is_sticky>0</wp:is_sticky>
														<wp:postmeta>
		<wp:meta_key><![CDATA[_edit_last]]></wp:meta_key>
		<wp:meta_value><![CDATA[1]]></wp:meta_value>
		</wp:postmeta>
							<wp:postmeta>
		<wp:meta_key><![CDATA[tipo_pregunta_puesto_meta]]></wp:meta_key>
		<wp:meta_value><![CDATA[a:1:{i:0;s:7:"Buleano";}]]></wp:meta_value>
		</wp:postmeta>
							<wp:postmeta>
		<wp:meta_key><![CDATA[caracteres_input_meta]]></wp:meta_key>
		<wp:meta_value><![CDATA[]]></wp:meta_value>
		</wp:postmeta>
							<wp:postmeta>
		<wp:meta_key><![CDATA[opciones_input_meta]]></wp:meta_key>
		<wp:meta_value><![CDATA[Primaria, Secundaria, Bachillerato o Tecnico, Licenciatura o Ingenieria]]></wp:meta_value>
		</wp:postmeta>
							<wp:postmeta>
		<wp:meta_key><![CDATA[_wp_old_date]]></wp:meta_key>
		<wp:meta_value><![CDATA[2020-07-31]]></wp:meta_value>
		</wp:postmeta>
							</item>
					<item>
		<title><![CDATA[Â¿Sueldo mensual deseado?]]></title>
		<link>http://localhost/sass-wp/valpa_preguntas_pt/sueldo-mensual-deseado/</link>
		<pubDate>Sat, 04 Jul 2020 23:09:55 +0000</pubDate>
		<dc:creator><![CDATA[webmaster]]></dc:creator>
		<guid isPermaLink="false">http://valparaiso.com.mx/?post_type=valpa_preguntas_pt&#038;p=89</guid>
		<description></description>
		<content:encoded><![CDATA[]]></content:encoded>
		<excerpt:encoded><![CDATA[]]></excerpt:encoded>
		<wp:post_id>89</wp:post_id>
		<wp:post_date><![CDATA[2020-07-04 23:09:55]]></wp:post_date>
		<wp:post_date_gmt><![CDATA[2020-07-04 23:09:55]]></wp:post_date_gmt>
		<wp:post_modified><![CDATA[2020-07-04 23:09:55]]></wp:post_modified>
		<wp:post_modified_gmt><![CDATA[2020-07-04 23:09:55]]></wp:post_modified_gmt>
		<wp:comment_status><![CDATA[closed]]></wp:comment_status>
		<wp:ping_status><![CDATA[closed]]></wp:ping_status>
		<wp:post_name><![CDATA[sueldo-mensual-deseado]]></wp:post_name>
		<wp:status><![CDATA[publish]]></wp:status>
		<wp:post_parent>0</wp:post_parent>
		<wp:menu_order>0</wp:menu_order>
		<wp:post_type><![CDATA[valpa_preguntas_pt]]></wp:post_type>
		<wp:post_password><![CDATA[]]></wp:post_password>
		<wp:is_sticky>0</wp:is_sticky>
														<wp:postmeta>
		<wp:meta_key><![CDATA[_edit_last]]></wp:meta_key>
		<wp:meta_value><![CDATA[1]]></wp:meta_value>
		</wp:postmeta>
							<wp:postmeta>
		<wp:meta_key><![CDATA[tipo_pregunta_puesto_meta]]></wp:meta_key>
		<wp:meta_value><![CDATA[a:1:{i:0;s:5:"Texto";}]]></wp:meta_value>
		</wp:postmeta>
							<wp:postmeta>
		<wp:meta_key><![CDATA[caracteres_input_meta]]></wp:meta_key>
		<wp:meta_value><![CDATA[]]></wp:meta_value>
		</wp:postmeta>
							<wp:postmeta>
		<wp:meta_key><![CDATA[opciones_input_meta]]></wp:meta_key>
		<wp:meta_value><![CDATA[]]></wp:meta_value>
		</wp:postmeta>
							<wp:postmeta>
		<wp:meta_key><![CDATA[_wp_old_date]]></wp:meta_key>
		<wp:meta_value><![CDATA[2020-07-31]]></wp:meta_value>
		</wp:postmeta>
							</item>
					<item>
		<title><![CDATA[Â¿Le gustan las ventas ?]]></title>
		<link>http://localhost/sass-wp/valpa_preguntas_pt/te-gustan-las-ventas/</link>
		<pubDate>Mon, 06 Jul 2020 22:21:10 +0000</pubDate>
		<dc:creator><![CDATA[webmaster]]></dc:creator>
		<guid isPermaLink="false">http://valparaiso.com.mx/?post_type=valpa_preguntas_pt&#038;p=136</guid>
		<description></description>
		<content:encoded><![CDATA[]]></content:encoded>
		<excerpt:encoded><![CDATA[]]></excerpt:encoded>
		<wp:post_id>136</wp:post_id>
		<wp:post_date><![CDATA[2020-07-06 22:21:10]]></wp:post_date>
		<wp:post_date_gmt><![CDATA[2020-07-06 22:21:10]]></wp:post_date_gmt>
		<wp:post_modified><![CDATA[2020-07-06 22:21:10]]></wp:post_modified>
		<wp:post_modified_gmt><![CDATA[2020-07-06 22:21:10]]></wp:post_modified_gmt>
		<wp:comment_status><![CDATA[closed]]></wp:comment_status>
		<wp:ping_status><![CDATA[closed]]></wp:ping_status>
		<wp:post_name><![CDATA[te-gustan-las-ventas]]></wp:post_name>
		<wp:status><![CDATA[publish]]></wp:status>
		<wp:post_parent>0</wp:post_parent>
		<wp:menu_order>0</wp:menu_order>
		<wp:post_type><![CDATA[valpa_preguntas_pt]]></wp:post_type>
		<wp:post_password><![CDATA[]]></wp:post_password>
		<wp:is_sticky>0</wp:is_sticky>
														<wp:postmeta>
		<wp:meta_key><![CDATA[_edit_last]]></wp:meta_key>
		<wp:meta_value><![CDATA[1]]></wp:meta_value>
		</wp:postmeta>
							<wp:postmeta>
		<wp:meta_key><![CDATA[tipo_pregunta_puesto_meta]]></wp:meta_key>
		<wp:meta_value><![CDATA[a:1:{i:0;s:7:"Buleano";}]]></wp:meta_value>
		</wp:postmeta>
							<wp:postmeta>
		<wp:meta_key><![CDATA[opciones_input_meta]]></wp:meta_key>
		<wp:meta_value><![CDATA[Si, No]]></wp:meta_value>
		</wp:postmeta>
							<wp:postmeta>
		<wp:meta_key><![CDATA[_wp_old_date]]></wp:meta_key>
		<wp:meta_value><![CDATA[2020-08-07]]></wp:meta_value>
		</wp:postmeta>
							</item>
					<item>
		<title><![CDATA[Â¿Tiene experiencia en Manejo de personal?]]></title>
		<link>http://localhost/sass-wp/valpa_preguntas_pt/tiene-experiencia-en-manejo-de-personal/</link>
		<pubDate>Mon, 06 Jul 2020 14:35:50 +0000</pubDate>
		<dc:creator><![CDATA[webmaster]]></dc:creator>
		<guid isPermaLink="false">http://valparaiso.com.mx/?post_type=valpa_preguntas_pt&#038;p=138</guid>
		<description></description>
		<content:encoded><![CDATA[]]></content:encoded>
		<excerpt:encoded><![CDATA[]]></excerpt:encoded>
		<wp:post_id>138</wp:post_id>
		<wp:post_date><![CDATA[2020-07-06 14:35:50]]></wp:post_date>
		<wp:post_date_gmt><![CDATA[2020-07-06 14:35:50]]></wp:post_date_gmt>
		<wp:post_modified><![CDATA[2020-07-06 14:35:50]]></wp:post_modified>
		<wp:post_modified_gmt><![CDATA[2020-07-06 14:35:50]]></wp:post_modified_gmt>
		<wp:comment_status><![CDATA[closed]]></wp:comment_status>
		<wp:ping_status><![CDATA[closed]]></wp:ping_status>
		<wp:post_name><![CDATA[tiene-experiencia-en-manejo-de-personal]]></wp:post_name>
		<wp:status><![CDATA[publish]]></wp:status>
		<wp:post_parent>0</wp:post_parent>
		<wp:menu_order>0</wp:menu_order>
		<wp:post_type><![CDATA[valpa_preguntas_pt]]></wp:post_type>
		<wp:post_password><![CDATA[]]></wp:post_password>
		<wp:is_sticky>0</wp:is_sticky>
														<wp:postmeta>
		<wp:meta_key><![CDATA[_edit_last]]></wp:meta_key>
		<wp:meta_value><![CDATA[1]]></wp:meta_value>
		</wp:postmeta>
							<wp:postmeta>
		<wp:meta_key><![CDATA[tipo_pregunta_puesto_meta]]></wp:meta_key>
		<wp:meta_value><![CDATA[a:1:{i:0;s:7:"Buleano";}]]></wp:meta_value>
		</wp:postmeta>
							<wp:postmeta>
		<wp:meta_key><![CDATA[opciones_input_meta]]></wp:meta_key>
		<wp:meta_value><![CDATA[Si, No]]></wp:meta_value>
		</wp:postmeta>
							<wp:postmeta>
		<wp:meta_key><![CDATA[_wp_old_date]]></wp:meta_key>
		<wp:meta_value><![CDATA[2020-08-07]]></wp:meta_value>
		</wp:postmeta>
							</item>
					<item>
		<title><![CDATA[Â¿Tiene experiencia en manejo de redes sociales?]]></title>
		<link>http://localhost/sass-wp/valpa_preguntas_pt/tiene-experiencia-en-manejo-de-redes-sociales/</link>
		<pubDate>Tue, 07 Jul 2020 23:17:23 +0000</pubDate>
		<dc:creator><![CDATA[webmaster]]></dc:creator>
		<guid isPermaLink="false">http://valparaiso.com.mx/?post_type=valpa_preguntas_pt&#038;p=3825</guid>
		<description></description>
		<content:encoded><![CDATA[]]></content:encoded>
		<excerpt:encoded><![CDATA[]]></excerpt:encoded>
		<wp:post_id>3825</wp:post_id>
		<wp:post_date><![CDATA[2020-07-07 23:17:23]]></wp:post_date>
		<wp:post_date_gmt><![CDATA[2020-07-07 23:17:23]]></wp:post_date_gmt>
		<wp:post_modified><![CDATA[2020-07-07 23:17:23]]></wp:post_modified>
		<wp:post_modified_gmt><![CDATA[2020-07-07 23:17:23]]></wp:post_modified_gmt>
		<wp:comment_status><![CDATA[closed]]></wp:comment_status>
		<wp:ping_status><![CDATA[closed]]></wp:ping_status>
		<wp:post_name><![CDATA[tiene-experiencia-en-manejo-de-redes-sociales]]></wp:post_name>
		<wp:status><![CDATA[publish]]></wp:status>
		<wp:post_parent>0</wp:post_parent>
		<wp:menu_order>0</wp:menu_order>
		<wp:post_type><![CDATA[valpa_preguntas_pt]]></wp:post_type>
		<wp:post_password><![CDATA[]]></wp:post_password>
		<wp:is_sticky>0</wp:is_sticky>
														<wp:postmeta>
		<wp:meta_key><![CDATA[_edit_last]]></wp:meta_key>
		<wp:meta_value><![CDATA[1]]></wp:meta_value>
		</wp:postmeta>
							<wp:postmeta>
		<wp:meta_key><![CDATA[opciones_input_meta]]></wp:meta_key>
		<wp:meta_value><![CDATA[]]></wp:meta_value>
		</wp:postmeta>
							<wp:postmeta>
		<wp:meta_key><![CDATA[_wp_old_date]]></wp:meta_key>
		<wp:meta_value><![CDATA[2020-10-21]]></wp:meta_value>
		</wp:postmeta>
							<wp:postmeta>
		<wp:meta_key><![CDATA[tipo_pregunta_puesto_meta]]></wp:meta_key>
		<wp:meta_value><![CDATA[a:1:{i:0;s:5:"Texto";}]]></wp:meta_value>
		</wp:postmeta>
							</item>
					<item>
		<title><![CDATA[Â¿CuÃ¡ntos aÃ±os de experiencia tiene en mantenimiento de equipo?]]></title>
		<link>http://localhost/sass-wp/valpa_preguntas_pt/cuantos-anos-de-experiencia-tiene-en-mantenimiento-de-equipo/</link>
		<pubDate>Tue, 07 Jul 2020 23:17:08 +0000</pubDate>
		<dc:creator><![CDATA[webmaster]]></dc:creator>
		<guid isPermaLink="false">http://valparaiso.com.mx/?post_type=valpa_preguntas_pt&#038;p=5953</guid>
		<description></description>
		<content:encoded><![CDATA[]]></content:encoded>
		<excerpt:encoded><![CDATA[]]></excerpt:encoded>
		<wp:post_id>5953</wp:post_id>
		<wp:post_date><![CDATA[2020-07-07 23:17:08]]></wp:post_date>
		<wp:post_date_gmt><![CDATA[2020-07-07 23:17:08]]></wp:post_date_gmt>
		<wp:post_modified><![CDATA[2020-07-07 23:17:08]]></wp:post_modified>
		<wp:post_modified_gmt><![CDATA[2020-07-07 23:17:08]]></wp:post_modified_gmt>
		<wp:comment_status><![CDATA[closed]]></wp:comment_status>
		<wp:ping_status><![CDATA[closed]]></wp:ping_status>
		<wp:post_name><![CDATA[cuantos-anos-de-experiencia-tiene-en-mantenimiento-de-equipo]]></wp:post_name>
		<wp:status><![CDATA[publish]]></wp:status>
		<wp:post_parent>0</wp:post_parent>
		<wp:menu_order>0</wp:menu_order>
		<wp:post_type><![CDATA[valpa_preguntas_pt]]></wp:post_type>
		<wp:post_password><![CDATA[]]></wp:post_password>
		<wp:is_sticky>0</wp:is_sticky>
														<wp:postmeta>
		<wp:meta_key><![CDATA[_edit_last]]></wp:meta_key>
		<wp:meta_value><![CDATA[1]]></wp:meta_value>
		</wp:postmeta>
							<wp:postmeta>
		<wp:meta_key><![CDATA[_wp_old_date]]></wp:meta_key>
		<wp:meta_value><![CDATA[2020-11-13]]></wp:meta_value>
		</wp:postmeta>
							<wp:postmeta>
		<wp:meta_key><![CDATA[tipo_pregunta_puesto_meta]]></wp:meta_key>
		<wp:meta_value><![CDATA[a:1:{i:0;s:8:"Numerico";}]]></wp:meta_value>
		</wp:postmeta>
							<wp:postmeta>
		<wp:meta_key><![CDATA[opciones_input_meta]]></wp:meta_key>
		<wp:meta_value><![CDATA[]]></wp:meta_value>
		</wp:postmeta>
							</item>
					<item>
		<title><![CDATA[Â¿CuÃ¡ntos aÃ±os tiene de experiencia en el manejo de personal?]]></title>
		<link>http://localhost/sass-wp/valpa_preguntas_pt/cuantos-anos-tiene-de-experiencia-en-el-manejo-de-personal/</link>
		<pubDate>Tue, 07 Jul 2020 23:17:11 +0000</pubDate>
		<dc:creator><![CDATA[webmaster]]></dc:creator>
		<guid isPermaLink="false">http://valparaiso.com.mx/?post_type=valpa_preguntas_pt&#038;p=8239</guid>
		<description></description>
		<content:encoded><![CDATA[]]></content:encoded>
		<excerpt:encoded><![CDATA[]]></excerpt:encoded>
		<wp:post_id>8239</wp:post_id>
		<wp:post_date><![CDATA[2020-07-07 23:17:11]]></wp:post_date>
		<wp:post_date_gmt><![CDATA[2020-07-07 23:17:11]]></wp:post_date_gmt>
		<wp:post_modified><![CDATA[2020-07-07 23:17:11]]></wp:post_modified>
		<wp:post_modified_gmt><![CDATA[2020-07-07 23:17:11]]></wp:post_modified_gmt>
		<wp:comment_status><![CDATA[closed]]></wp:comment_status>
		<wp:ping_status><![CDATA[closed]]></wp:ping_status>
		<wp:post_name><![CDATA[cuantos-anos-tiene-de-experiencia-en-el-manejo-de-personal]]></wp:post_name>
		<wp:status><![CDATA[publish]]></wp:status>
		<wp:post_parent>0</wp:post_parent>
		<wp:menu_order>0</wp:menu_order>
		<wp:post_type><![CDATA[valpa_preguntas_pt]]></wp:post_type>
		<wp:post_password><![CDATA[]]></wp:post_password>
		<wp:is_sticky>0</wp:is_sticky>
														<wp:postmeta>
		<wp:meta_key><![CDATA[_edit_last]]></wp:meta_key>
		<wp:meta_value><![CDATA[1]]></wp:meta_value>
		</wp:postmeta>
							<wp:postmeta>
		<wp:meta_key><![CDATA[_wp_old_date]]></wp:meta_key>
		<wp:meta_value><![CDATA[2020-12-17]]></wp:meta_value>
		</wp:postmeta>
							<wp:postmeta>
		<wp:meta_key><![CDATA[tipo_pregunta_puesto_meta]]></wp:meta_key>
		<wp:meta_value><![CDATA[a:1:{i:0;s:8:"Numerico";}]]></wp:meta_value>
		</wp:postmeta>
							<wp:postmeta>
		<wp:meta_key><![CDATA[opciones_input_meta]]></wp:meta_key>
		<wp:meta_value><![CDATA[]]></wp:meta_value>
		</wp:postmeta>
							</item>
					<item>
		<title><![CDATA[Perla Lorena Navarro MartÃ­n]]></title>
		<link>http://localhost/sass-wp/obituario/perla/</link>
		<pubDate>Sat, 06 Mar 2021 22:20:31 +0000</pubDate>
		<dc:creator><![CDATA[webmaster]]></dc:creator>
		<guid isPermaLink="false">http://valparaiso.com.mx/?post_type=valpa_obituario_pt&#038;p=15846</guid>
		<description></description>
		<content:encoded><![CDATA[Una tÃ­a es un refugio seguro para un niÃ±o. Alguien que guardarÃ¡ tus secretos y siempre estarÃ¡ de tu lado. Sara Sheridan.]]></content:encoded>
		<excerpt:encoded><![CDATA[]]></excerpt:encoded>
		<wp:post_id>15846</wp:post_id>
		<wp:post_date><![CDATA[2021-03-06 22:20:31]]></wp:post_date>
		<wp:post_date_gmt><![CDATA[2021-03-06 22:20:31]]></wp:post_date_gmt>
		<wp:post_modified><![CDATA[2021-03-06 22:20:31]]></wp:post_modified>
		<wp:post_modified_gmt><![CDATA[2021-03-06 22:20:31]]></wp:post_modified_gmt>
		<wp:comment_status><![CDATA[open]]></wp:comment_status>
		<wp:ping_status><![CDATA[closed]]></wp:ping_status>
		<wp:post_name><![CDATA[perla]]></wp:post_name>
		<wp:status><![CDATA[publish]]></wp:status>
		<wp:post_parent>0</wp:post_parent>
		<wp:menu_order>0</wp:menu_order>
		<wp:post_type><![CDATA[valpa_obituario_pt]]></wp:post_type>
		<wp:post_password><![CDATA[]]></wp:post_password>
		<wp:is_sticky>0</wp:is_sticky>
														<wp:postmeta>
		<wp:meta_key><![CDATA[_edit_last]]></wp:meta_key>
		<wp:meta_value><![CDATA[1]]></wp:meta_value>
		</wp:postmeta>
							<wp:postmeta>
		<wp:meta_key><![CDATA[valpa_no_homenaje_meta]]></wp:meta_key>
		<wp:meta_value><![CDATA[]]></wp:meta_value>
		</wp:postmeta>
							<wp:postmeta>
		<wp:meta_key><![CDATA[servicio_relacionado_meta]]></wp:meta_key>
		<wp:meta_value><![CDATA[a:1:{i:0;s:9:"Domicilio";}]]></wp:meta_value>
		</wp:postmeta>
							<wp:postmeta>
		<wp:meta_key><![CDATA[valpa_nacimiento_dia_meta]]></wp:meta_key>
		<wp:meta_value><![CDATA[]]></wp:meta_value>
		</wp:postmeta>
							<wp:postmeta>
		<wp:meta_key><![CDATA[valpa_nacimiento_mes_meta]]></wp:meta_key>
		<wp:meta_value><![CDATA[]]></wp:meta_value>
		</wp:postmeta>
							<wp:postmeta>
		<wp:meta_key><![CDATA[valpa_nacimiento_ano_meta]]></wp:meta_key>
		<wp:meta_value><![CDATA[1971]]></wp:meta_value>
		</wp:postmeta>
							<wp:postmeta>
		<wp:meta_key><![CDATA[_thumbnail_id]]></wp:meta_key>
		<wp:meta_value><![CDATA[15849]]></wp:meta_value>
		</wp:postmeta>
							<wp:postmeta>
		<wp:meta_key><![CDATA[_wp_old_slug]]></wp:meta_key>
		<wp:meta_value><![CDATA[perla-lorena-navarro-martin]]></wp:meta_value>
		</wp:postmeta>
							<wp:postmeta>
		<wp:meta_key><![CDATA[post_views_count]]></wp:meta_key>
		<wp:meta_value><![CDATA[944]]></wp:meta_value>
		</wp:postmeta>
							<wp:postmeta>
		<wp:meta_key><![CDATA[num_recuerdos_meta]]></wp:meta_key>
		<wp:meta_value><![CDATA[32]]></wp:meta_value>
		</wp:postmeta>
							<wp:postmeta>
		<wp:meta_key><![CDATA[num_velas_meta]]></wp:meta_key>
		<wp:meta_value><![CDATA[45]]></wp:meta_value>
		</wp:postmeta>
							</item>
					<item>
		<title><![CDATA[JosÃ© Rodolfo GarcÃ­a Reyes]]></title>
		<link>http://localhost/sass-wp/obituario/jose-rodolfo-garcia-reyes/</link>
		<pubDate>Mon, 08 Mar 2021 13:47:55 +0000</pubDate>
		<dc:creator><![CDATA[webmaster]]></dc:creator>
		<guid isPermaLink="false">http://valparaiso.com.mx/?post_type=valpa_obituario_pt&#038;p=15993</guid>
		<description></description>
		<content:encoded><![CDATA[âDios nos dio memoria, para nunca olvidar a quien amamosâ]]></content:encoded>
		<excerpt:encoded><![CDATA[]]></excerpt:encoded>
		<wp:post_id>15993</wp:post_id>
		<wp:post_date><![CDATA[2021-03-08 13:47:55]]></wp:post_date>
		<wp:post_date_gmt><![CDATA[2021-03-08 13:47:55]]></wp:post_date_gmt>
		<wp:post_modified><![CDATA[2021-03-08 13:47:55]]></wp:post_modified>
		<wp:post_modified_gmt><![CDATA[2021-03-08 13:47:55]]></wp:post_modified_gmt>
		<wp:comment_status><![CDATA[open]]></wp:comment_status>
		<wp:ping_status><![CDATA[closed]]></wp:ping_status>
		<wp:post_name><![CDATA[jose-rodolfo-garcia-reyes]]></wp:post_name>
		<wp:status><![CDATA[publish]]></wp:status>
		<wp:post_parent>0</wp:post_parent>
		<wp:menu_order>0</wp:menu_order>
		<wp:post_type><![CDATA[valpa_obituario_pt]]></wp:post_type>
		<wp:post_password><![CDATA[]]></wp:post_password>
		<wp:is_sticky>0</wp:is_sticky>
														<wp:postmeta>
		<wp:meta_key><![CDATA[_thumbnail_id]]></wp:meta_key>
		<wp:meta_value><![CDATA[16001]]></wp:meta_value>
		</wp:postmeta>
							<wp:postmeta>
		<wp:meta_key><![CDATA[sucursal_relacionada_meta]]></wp:meta_key>
		<wp:meta_value><![CDATA[a:1:{i:0;s:2:"22";}]]></wp:meta_value>
		</wp:postmeta>
							<wp:postmeta>
		<wp:meta_key><![CDATA[valpa_no_homenaje_meta]]></wp:meta_key>
		<wp:meta_value><![CDATA[0020001178]]></wp:meta_value>
		</wp:postmeta>
							<wp:postmeta>
		<wp:meta_key><![CDATA[servicio_relacionado_meta]]></wp:meta_key>
		<wp:meta_value><![CDATA[a:1:{i:0;s:8:"Sucursal";}]]></wp:meta_value>
		</wp:postmeta>
							<wp:postmeta>
		<wp:meta_key><![CDATA[valpa_nacimiento_dia_meta]]></wp:meta_key>
		<wp:meta_value><![CDATA[07]]></wp:meta_value>
		</wp:postmeta>
							<wp:postmeta>
		<wp:meta_key><![CDATA[valpa_nacimiento_mes_meta]]></wp:meta_key>
		<wp:meta_value><![CDATA[05]]></wp:meta_value>
		</wp:postmeta>
							<wp:postmeta>
		<wp:meta_key><![CDATA[valpa_nacimiento_ano_meta]]></wp:meta_key>
		<wp:meta_value><![CDATA[1957]]></wp:meta_value>
		</wp:postmeta>
							<wp:postmeta>
		<wp:meta_key><![CDATA[post_views_count]]></wp:meta_key>
		<wp:meta_value><![CDATA[447]]></wp:meta_value>
		</wp:postmeta>
							<wp:postmeta>
		<wp:meta_key><![CDATA[num_velas_meta]]></wp:meta_key>
		<wp:meta_value><![CDATA[22]]></wp:meta_value>
		</wp:postmeta>
							<wp:postmeta>
		<wp:meta_key><![CDATA[num_recuerdos_meta]]></wp:meta_key>
		<wp:meta_value><![CDATA[12]]></wp:meta_value>
		</wp:postmeta>
							</item>
					<item>
		<title><![CDATA[JosÃ© Placido RodrÃ­guez RodrÃ­guez]]></title>
		<link>http://localhost/sass-wp/obituario/jose-placido-rodriguez-rodriguez/</link>
		<pubDate>Mon, 08 Mar 2021 23:52:00 +0000</pubDate>
		<dc:creator><![CDATA[webmaster]]></dc:creator>
		<guid isPermaLink="false">http://valparaiso.com.mx/?post_type=valpa_obituario_pt&#038;p=16047</guid>
		<description></description>
		<content:encoded><![CDATA["EstarÃ¡s presente en cada momento de mi vida, estarÃ¡s en mis oraciones, cuando llore, cuando rÃ­a... Y al final de mis dÃ­as dirÃ© que nunca te fuiste"]]></content:encoded>
		<excerpt:encoded><![CDATA[]]></excerpt:encoded>
		<wp:post_id>16047</wp:post_id>
		<wp:post_date><![CDATA[2021-03-08 23:52:00]]></wp:post_date>
		<wp:post_date_gmt><![CDATA[2021-03-08 23:52:00]]></wp:post_date_gmt>
		<wp:post_modified><![CDATA[2021-03-08 23:52:00]]></wp:post_modified>
		<wp:post_modified_gmt><![CDATA[2021-03-08 23:52:00]]></wp:post_modified_gmt>
		<wp:comment_status><![CDATA[open]]></wp:comment_status>
		<wp:ping_status><![CDATA[closed]]></wp:ping_status>
		<wp:post_name><![CDATA[jose-placido-rodriguez-rodriguez]]></wp:post_name>
		<wp:status><![CDATA[publish]]></wp:status>
		<wp:post_parent>0</wp:post_parent>
		<wp:menu_order>0</wp:menu_order>
		<wp:post_type><![CDATA[valpa_obituario_pt]]></wp:post_type>
		<wp:post_password><![CDATA[]]></wp:post_password>
		<wp:is_sticky>0</wp:is_sticky>
														<wp:postmeta>
		<wp:meta_key><![CDATA[_thumbnail_id]]></wp:meta_key>
		<wp:meta_value><![CDATA[16081]]></wp:meta_value>
		</wp:postmeta>
							<wp:postmeta>
		<wp:meta_key><![CDATA[sucursal_relacionada_meta]]></wp:meta_key>
		<wp:meta_value><![CDATA[a:1:{i:0;s:2:"22";}]]></wp:meta_value>
		</wp:postmeta>
							<wp:postmeta>
		<wp:meta_key><![CDATA[valpa_no_homenaje_meta]]></wp:meta_key>
		<wp:meta_value><![CDATA[0020001179]]></wp:meta_value>
		</wp:postmeta>
							<wp:postmeta>
		<wp:meta_key><![CDATA[servicio_relacionado_meta]]></wp:meta_key>
		<wp:meta_value><![CDATA[a:1:{i:0;s:8:"Sucursal";}]]></wp:meta_value>
		</wp:postmeta>
							<wp:postmeta>
		<wp:meta_key><![CDATA[valpa_nacimiento_dia_meta]]></wp:meta_key>
		<wp:meta_value><![CDATA[06]]></wp:meta_value>
		</wp:postmeta>
							<wp:postmeta>
		<wp:meta_key><![CDATA[valpa_nacimiento_mes_meta]]></wp:meta_key>
		<wp:meta_value><![CDATA[12]]></wp:meta_value>
		</wp:postmeta>
							<wp:postmeta>
		<wp:meta_key><![CDATA[valpa_nacimiento_ano_meta]]></wp:meta_key>
		<wp:meta_value><![CDATA[1943]]></wp:meta_value>
		</wp:postmeta>
							<wp:postmeta>
		<wp:meta_key><![CDATA[post_views_count]]></wp:meta_key>
		<wp:meta_value><![CDATA[183]]></wp:meta_value>
		</wp:postmeta>
							<wp:postmeta>
		<wp:meta_key><![CDATA[num_velas_meta]]></wp:meta_key>
		<wp:meta_value><![CDATA[1]]></wp:meta_value>
		</wp:postmeta>
							<wp:postmeta>
		<wp:meta_key><![CDATA[num_recuerdos_meta]]></wp:meta_key>
		<wp:meta_value><![CDATA[1]]></wp:meta_value>
		</wp:postmeta>
							</item>
					<item>
		<title><![CDATA[JosÃ© Luis JimÃ©nez Luna]]></title>
		<link>http://localhost/sass-wp/obituario/jose-luis-jimenez-luna/</link>
		<pubDate>Tue, 09 Mar 2021 04:41:38 +0000</pubDate>
		<dc:creator><![CDATA[webmaster]]></dc:creator>
		<guid isPermaLink="false">http://valparaiso.com.mx/?post_type=valpa_obituario_pt&#038;p=16100</guid>
		<description></description>
		<content:encoded><![CDATA["EstarÃ¡s presente en cada momento de mi vida, estarÃ¡s en mis oraciones, cuando llore, cuando rÃ­a... Y al final de mis dÃ­as dirÃ© que nunca te fuiste"]]></content:encoded>
		<excerpt:encoded><![CDATA[]]></excerpt:encoded>
		<wp:post_id>16100</wp:post_id>
		<wp:post_date><![CDATA[2021-03-09 04:41:38]]></wp:post_date>
		<wp:post_date_gmt><![CDATA[2021-03-09 04:41:38]]></wp:post_date_gmt>
		<wp:post_modified><![CDATA[2021-03-09 04:41:38]]></wp:post_modified>
		<wp:post_modified_gmt><![CDATA[2021-03-09 04:41:38]]></wp:post_modified_gmt>
		<wp:comment_status><![CDATA[open]]></wp:comment_status>
		<wp:ping_status><![CDATA[closed]]></wp:ping_status>
		<wp:post_name><![CDATA[jose-luis-jimenez-luna]]></wp:post_name>
		<wp:status><![CDATA[publish]]></wp:status>
		<wp:post_parent>0</wp:post_parent>
		<wp:menu_order>0</wp:menu_order>
		<wp:post_type><![CDATA[valpa_obituario_pt]]></wp:post_type>
		<wp:post_password><![CDATA[]]></wp:post_password>
		<wp:is_sticky>0</wp:is_sticky>
														<wp:postmeta>
		<wp:meta_key><![CDATA[_thumbnail_id]]></wp:meta_key>
		<wp:meta_value><![CDATA[16116]]></wp:meta_value>
		</wp:postmeta>
							<wp:postmeta>
		<wp:meta_key><![CDATA[sucursal_relacionada_meta]]></wp:meta_key>
		<wp:meta_value><![CDATA[a:1:{i:0;s:2:"22";}]]></wp:meta_value>
		</wp:postmeta>
							<wp:postmeta>
		<wp:meta_key><![CDATA[valpa_no_homenaje_meta]]></wp:meta_key>
		<wp:meta_value><![CDATA[0020001180]]></wp:meta_value>
		</wp:postmeta>
							<wp:postmeta>
		<wp:meta_key><![CDATA[servicio_relacionado_meta]]></wp:meta_key>
		<wp:meta_value><![CDATA[a:1:{i:0;s:8:"Sucursal";}]]></wp:meta_value>
		</wp:postmeta>
							<wp:postmeta>
		<wp:meta_key><![CDATA[valpa_nacimiento_dia_meta]]></wp:meta_key>
		<wp:meta_value><![CDATA[02]]></wp:meta_value>
		</wp:postmeta>
							<wp:postmeta>
		<wp:meta_key><![CDATA[valpa_nacimiento_mes_meta]]></wp:meta_key>
		<wp:meta_value><![CDATA[05]]></wp:meta_value>
		</wp:postmeta>
							<wp:postmeta>
		<wp:meta_key><![CDATA[valpa_nacimiento_ano_meta]]></wp:meta_key>
		<wp:meta_value><![CDATA[1951]]></wp:meta_value>
		</wp:postmeta>
							<wp:postmeta>
		<wp:meta_key><![CDATA[post_views_count]]></wp:meta_key>
		<wp:meta_value><![CDATA[312]]></wp:meta_value>
		</wp:postmeta>
							<wp:postmeta>
		<wp:meta_key><![CDATA[num_velas_meta]]></wp:meta_key>
		<wp:meta_value><![CDATA[15]]></wp:meta_value>
		</wp:postmeta>
							<wp:postmeta>
		<wp:meta_key><![CDATA[num_recuerdos_meta]]></wp:meta_key>
		<wp:meta_value><![CDATA[6]]></wp:meta_value>
		</wp:postmeta>
							</item>
					<item>
		<title><![CDATA[Erika Venta Gonzaga]]></title>
		<link>http://localhost/sass-wp/obituario/erika-venta-gonzaga/</link>
		<pubDate>Wed, 10 Mar 2021 00:00:41 +0000</pubDate>
		<dc:creator><![CDATA[webmaster]]></dc:creator>
		<guid isPermaLink="false">http://valparaiso.com.mx/?post_type=valpa_obituario_pt&#038;p=16177</guid>
		<description></description>
		<content:encoded><![CDATA[Mientras viva, tÃº vivirÃ¡s conmigo en cada recuerdo, en cada respiro. ]]></content:encoded>
		<excerpt:encoded><![CDATA[]]></excerpt:encoded>
		<wp:post_id>16177</wp:post_id>
		<wp:post_date><![CDATA[2021-03-10 00:00:41]]></wp:post_date>
		<wp:post_date_gmt><![CDATA[2021-03-10 00:00:41]]></wp:post_date_gmt>
		<wp:post_modified><![CDATA[2021-03-10 00:00:41]]></wp:post_modified>
		<wp:post_modified_gmt><![CDATA[2021-03-10 00:00:41]]></wp:post_modified_gmt>
		<wp:comment_status><![CDATA[open]]></wp:comment_status>
		<wp:ping_status><![CDATA[closed]]></wp:ping_status>
		<wp:post_name><![CDATA[erika-venta-gonzaga]]></wp:post_name>
		<wp:status><![CDATA[publish]]></wp:status>
		<wp:post_parent>0</wp:post_parent>
		<wp:menu_order>0</wp:menu_order>
		<wp:post_type><![CDATA[valpa_obituario_pt]]></wp:post_type>
		<wp:post_password><![CDATA[]]></wp:post_password>
		<wp:is_sticky>0</wp:is_sticky>
														<wp:postmeta>
		<wp:meta_key><![CDATA[post_views_count]]></wp:meta_key>
		<wp:meta_value><![CDATA[113]]></wp:meta_value>
		</wp:postmeta>
							<wp:postmeta>
		<wp:meta_key><![CDATA[_thumbnail_id]]></wp:meta_key>
		<wp:meta_value><![CDATA[16178]]></wp:meta_value>
		</wp:postmeta>
							<wp:postmeta>
		<wp:meta_key><![CDATA[_wp_old_date]]></wp:meta_key>
		<wp:meta_value><![CDATA[2021-03-11]]></wp:meta_value>
		</wp:postmeta>
							<wp:postmeta>
		<wp:meta_key><![CDATA[sucursal_relacionada_meta]]></wp:meta_key>
		<wp:meta_value><![CDATA[a:1:{i:0;s:2:"22";}]]></wp:meta_value>
		</wp:postmeta>
							<wp:postmeta>
		<wp:meta_key><![CDATA[valpa_no_homenaje_meta]]></wp:meta_key>
		<wp:meta_value><![CDATA[H-0020001184]]></wp:meta_value>
		</wp:postmeta>
							<wp:postmeta>
		<wp:meta_key><![CDATA[servicio_relacionado_meta]]></wp:meta_key>
		<wp:meta_value><![CDATA[a:1:{i:0;s:9:"Domicilio";}]]></wp:meta_value>
		</wp:postmeta>
							<wp:postmeta>
		<wp:meta_key><![CDATA[valpa_nacimiento_dia_meta]]></wp:meta_key>
		<wp:meta_value><![CDATA[22]]></wp:meta_value>
		</wp:postmeta>
							<wp:postmeta>
		<wp:meta_key><![CDATA[valpa_nacimiento_mes_meta]]></wp:meta_key>
		<wp:meta_value><![CDATA[6]]></wp:meta_value>
		</wp:postmeta>
							<wp:postmeta>
		<wp:meta_key><![CDATA[valpa_nacimiento_ano_meta]]></wp:meta_key>
		<wp:meta_value><![CDATA[1975]]></wp:meta_value>
		</wp:postmeta>
							<wp:postmeta>
		<wp:meta_key><![CDATA[num_velas_meta]]></wp:meta_key>
		<wp:meta_value><![CDATA[1]]></wp:meta_value>
		</wp:postmeta>
							<wp:postmeta>
		<wp:meta_key><![CDATA[num_recuerdos_meta]]></wp:meta_key>
		<wp:meta_value><![CDATA[1]]></wp:meta_value>
		</wp:postmeta>
							</item>
					<item>
		<title><![CDATA[Daniel Gerardo SÃ¡nchez Ascencio]]></title>
		<link>http://localhost/sass-wp/obituario/daniel-gerardo-sanchez-ascencio/</link>
		<pubDate>Thu, 11 Mar 2021 21:37:06 +0000</pubDate>
		<dc:creator><![CDATA[webmaster]]></dc:creator>
		<guid isPermaLink="false">http://valparaiso.com.mx/?post_type=valpa_obituario_pt&#038;p=16204</guid>
		<description></description>
		<content:encoded><![CDATA[âTus valores y enseÃ±anzas viven en nosotros y te hacen inmortal."]]></content:encoded>
		<excerpt:encoded><![CDATA[]]></excerpt:encoded>
		<wp:post_id>16204</wp:post_id>
		<wp:post_date><![CDATA[2021-03-11 21:37:06]]></wp:post_date>
		<wp:post_date_gmt><![CDATA[2021-03-11 21:37:06]]></wp:post_date_gmt>
		<wp:post_modified><![CDATA[2021-03-11 21:37:06]]></wp:post_modified>
		<wp:post_modified_gmt><![CDATA[2021-03-11 21:37:06]]></wp:post_modified_gmt>
		<wp:comment_status><![CDATA[open]]></wp:comment_status>
		<wp:ping_status><![CDATA[closed]]></wp:ping_status>
		<wp:post_name><![CDATA[daniel-gerardo-sanchez-ascencio]]></wp:post_name>
		<wp:status><![CDATA[publish]]></wp:status>
		<wp:post_parent>0</wp:post_parent>
		<wp:menu_order>0</wp:menu_order>
		<wp:post_type><![CDATA[valpa_obituario_pt]]></wp:post_type>
		<wp:post_password><![CDATA[]]></wp:post_password>
		<wp:is_sticky>0</wp:is_sticky>
														<wp:postmeta>
		<wp:meta_key><![CDATA[_edit_last]]></wp:meta_key>
		<wp:meta_value><![CDATA[1]]></wp:meta_value>
		</wp:postmeta>
							<wp:postmeta>
		<wp:meta_key><![CDATA[_thumbnail_id]]></wp:meta_key>
		<wp:meta_value><![CDATA[16221]]></wp:meta_value>
		</wp:postmeta>
							<wp:postmeta>
		<wp:meta_key><![CDATA[sucursal_relacionada_meta]]></wp:meta_key>
		<wp:meta_value><![CDATA[a:1:{i:0;s:2:"22";}]]></wp:meta_value>
		</wp:postmeta>
							<wp:postmeta>
		<wp:meta_key><![CDATA[valpa_no_homenaje_meta]]></wp:meta_key>
		<wp:meta_value><![CDATA[0020001114]]></wp:meta_value>
		</wp:postmeta>
							<wp:postmeta>
		<wp:meta_key><![CDATA[servicio_relacionado_meta]]></wp:meta_key>
		<wp:meta_value><![CDATA[a:1:{i:0;s:9:"Domicilio";}]]></wp:meta_value>
		</wp:postmeta>
							<wp:postmeta>
		<wp:meta_key><![CDATA[valpa_nacimiento_dia_meta]]></wp:meta_key>
		<wp:meta_value><![CDATA[21]]></wp:meta_value>
		</wp:postmeta>
							<wp:postmeta>
		<wp:meta_key><![CDATA[valpa_nacimiento_mes_meta]]></wp:meta_key>
		<wp:meta_value><![CDATA[07]]></wp:meta_value>
		</wp:postmeta>
							</item>
					<item>
		<title><![CDATA[Â¿CuÃ¡nto tiempo de experiencia tiene en relaciones pÃºblicas?]]></title>
		<link>http://localhost/sass-wp/valpa_preguntas_pt/cuanto-tiempo-de-experiencia-tiene-en-relaciones-publicas/</link>
		<pubDate>Tue, 07 Jul 2020 23:17:00 +0000</pubDate>
		<dc:creator><![CDATA[webmaster]]></dc:creator>
		<guid isPermaLink="false">http://valparaiso.com.mx/?post_type=valpa_preguntas_pt&#038;p=20385</guid>
		<description></description>
		<content:encoded><![CDATA[]]></content:encoded>
		<excerpt:encoded><![CDATA[]]></excerpt:encoded>
		<wp:post_id>20385</wp:post_id>
		<wp:post_date><![CDATA[2020-07-07 23:17:00]]></wp:post_date>
		<wp:post_date_gmt><![CDATA[2020-07-07 23:17:00]]></wp:post_date_gmt>
		<wp:post_modified><![CDATA[2020-07-07 23:17:00]]></wp:post_modified>
		<wp:post_modified_gmt><![CDATA[2020-07-07 23:17:00]]></wp:post_modified_gmt>
		<wp:comment_status><![CDATA[closed]]></wp:comment_status>
		<wp:ping_status><![CDATA[closed]]></wp:ping_status>
		<wp:post_name><![CDATA[cuanto-tiempo-de-experiencia-tiene-en-relaciones-publicas]]></wp:post_name>
		<wp:status><![CDATA[publish]]></wp:status>
		<wp:post_parent>0</wp:post_parent>
		<wp:menu_order>0</wp:menu_order>
		<wp:post_type><![CDATA[valpa_preguntas_pt]]></wp:post_type>
		<wp:post_password><![CDATA[]]></wp:post_password>
		<wp:is_sticky>0</wp:is_sticky>
														<wp:postmeta>
		<wp:meta_key><![CDATA[_edit_last]]></wp:meta_key>
		<wp:meta_value><![CDATA[1]]></wp:meta_value>
		</wp:postmeta>
							<wp:postmeta>
		<wp:meta_key><![CDATA[_wp_old_date]]></wp:meta_key>
		<wp:meta_value><![CDATA[2021-05-19]]></wp:meta_value>
		</wp:postmeta>
							<wp:postmeta>
		<wp:meta_key><![CDATA[tipo_pregunta_puesto_meta]]></wp:meta_key>
		<wp:meta_value><![CDATA[a:1:{i:0;s:5:"Texto";}]]></wp:meta_value>
		</wp:postmeta>
							<wp:postmeta>
		<wp:meta_key><![CDATA[opciones_input_meta]]></wp:meta_key>
		<wp:meta_value><![CDATA[]]></wp:meta_value>
		</wp:postmeta>
							</item>
					<item>
		<title><![CDATA[Â¿CuÃ¡ntos aÃ±os tiene de experiencia como Herrero?]]></title>
		<link>http://localhost/sass-wp/valpa_preguntas_pt/cuantos-anos-tiene-de-experiencia-como-herrero/</link>
		<pubDate>Tue, 07 Jul 2020 23:17:11 +0000</pubDate>
		<dc:creator><![CDATA[webmaster]]></dc:creator>
		<guid isPermaLink="false">http://valparaiso.com.mx/?post_type=valpa_preguntas_pt&#038;p=22771</guid>
		<description></description>
		<content:encoded><![CDATA[]]></content:encoded>
		<excerpt:encoded><![CDATA[]]></excerpt:encoded>
		<wp:post_id>22771</wp:post_id>
		<wp:post_date><![CDATA[2020-07-07 23:17:11]]></wp:post_date>
		<wp:post_date_gmt><![CDATA[2020-07-07 23:17:11]]></wp:post_date_gmt>
		<wp:post_modified><![CDATA[2020-07-07 23:17:11]]></wp:post_modified>
		<wp:post_modified_gmt><![CDATA[2020-07-07 23:17:11]]></wp:post_modified_gmt>
		<wp:comment_status><![CDATA[closed]]></wp:comment_status>
		<wp:ping_status><![CDATA[closed]]></wp:ping_status>
		<wp:post_name><![CDATA[cuantos-anos-tiene-de-experiencia-como-herrero]]></wp:post_name>
		<wp:status><![CDATA[publish]]></wp:status>
		<wp:post_parent>0</wp:post_parent>
		<wp:menu_order>0</wp:menu_order>
		<wp:post_type><![CDATA[valpa_preguntas_pt]]></wp:post_type>
		<wp:post_password><![CDATA[]]></wp:post_password>
		<wp:is_sticky>0</wp:is_sticky>
														<wp:postmeta>
		<wp:meta_key><![CDATA[_edit_last]]></wp:meta_key>
		<wp:meta_value><![CDATA[1]]></wp:meta_value>
		</wp:postmeta>
							<wp:postmeta>
		<wp:meta_key><![CDATA[_wp_old_date]]></wp:meta_key>
		<wp:meta_value><![CDATA[2021-07-13]]></wp:meta_value>
		</wp:postmeta>
							<wp:postmeta>
		<wp:meta_key><![CDATA[tipo_pregunta_puesto_meta]]></wp:meta_key>
		<wp:meta_value><![CDATA[a:1:{i:0;s:8:"Numerico";}]]></wp:meta_value>
		</wp:postmeta>
							<wp:postmeta>
		<wp:meta_key><![CDATA[opciones_input_meta]]></wp:meta_key>
		<wp:meta_value><![CDATA[]]></wp:meta_value>
		</wp:postmeta>
							</item>
					<item>
		<title><![CDATA[Nombre de la empresa del Ãºltimo empleo]]></title>
		<link>http://localhost/sass-wp/valpa_preguntas_pt/ultimo-empleo/</link>
		<pubDate>Wed, 08 Jul 2020 23:21:21 +0000</pubDate>
		<dc:creator><![CDATA[webmaster]]></dc:creator>
		<guid isPermaLink="false">http://valparaiso.com.mx/?post_type=valpa_preguntas_pt&#038;p=90</guid>
		<description></description>
		<content:encoded><![CDATA[]]></content:encoded>
		<excerpt:encoded><![CDATA[]]></excerpt:encoded>
		<wp:post_id>90</wp:post_id>
		<wp:post_date><![CDATA[2020-07-08 23:21:21]]></wp:post_date>
		<wp:post_date_gmt><![CDATA[2020-07-08 23:21:21]]></wp:post_date_gmt>
		<wp:post_modified><![CDATA[2020-07-08 23:21:21]]></wp:post_modified>
		<wp:post_modified_gmt><![CDATA[2020-07-08 23:21:21]]></wp:post_modified_gmt>
		<wp:comment_status><![CDATA[closed]]></wp:comment_status>
		<wp:ping_status><![CDATA[closed]]></wp:ping_status>
		<wp:post_name><![CDATA[ultimo-empleo]]></wp:post_name>
		<wp:status><![CDATA[publish]]></wp:status>
		<wp:post_parent>0</wp:post_parent>
		<wp:menu_order>0</wp:menu_order>
		<wp:post_type><![CDATA[valpa_preguntas_pt]]></wp:post_type>
		<wp:post_password><![CDATA[]]></wp:post_password>
		<wp:is_sticky>0</wp:is_sticky>
														<wp:postmeta>
		<wp:meta_key><![CDATA[_edit_last]]></wp:meta_key>
		<wp:meta_value><![CDATA[1]]></wp:meta_value>
		</wp:postmeta>
							<wp:postmeta>
		<wp:meta_key><![CDATA[tipo_pregunta_puesto_meta]]></wp:meta_key>
		<wp:meta_value><![CDATA[a:1:{i:0;s:5:"Texto";}]]></wp:meta_value>
		</wp:postmeta>
							<wp:postmeta>
		<wp:meta_key><![CDATA[caracteres_input_meta]]></wp:meta_key>
		<wp:meta_value><![CDATA[]]></wp:meta_value>
		</wp:postmeta>
							<wp:postmeta>
		<wp:meta_key><![CDATA[opciones_input_meta]]></wp:meta_key>
		<wp:meta_value><![CDATA[]]></wp:meta_value>
		</wp:postmeta>
							<wp:postmeta>
		<wp:meta_key><![CDATA[_wp_old_date]]></wp:meta_key>
		<wp:meta_value><![CDATA[2020-07-31]]></wp:meta_value>
		</wp:postmeta>
							</item>
					<item>
		<title><![CDATA[Periodo que prestÃ³ sus servicios]]></title>
		<link>http://localhost/sass-wp/valpa_preguntas_pt/periodo-que-presto-sus-servicios/</link>
		<pubDate>Thu, 09 Jul 2020 23:24:26 +0000</pubDate>
		<dc:creator><![CDATA[webmaster]]></dc:creator>
		<guid isPermaLink="false">http://valparaiso.com.mx/?post_type=valpa_preguntas_pt&#038;p=91</guid>
		<description></description>
		<content:encoded><![CDATA[]]></content:encoded>
		<excerpt:encoded><![CDATA[]]></excerpt:encoded>
		<wp:post_id>91</wp:post_id>
		<wp:post_date><![CDATA[2020-07-09 23:24:26]]></wp:post_date>
		<wp:post_date_gmt><![CDATA[2020-07-09 23:24:26]]></wp:post_date_gmt>
		<wp:post_modified><![CDATA[2020-07-09 23:24:26]]></wp:post_modified>
		<wp:post_modified_gmt><![CDATA[2020-07-09 23:24:26]]></wp:post_modified_gmt>
		<wp:comment_status><![CDATA[closed]]></wp:comment_status>
		<wp:ping_status><![CDATA[closed]]></wp:ping_status>
		<wp:post_name><![CDATA[periodo-que-presto-sus-servicios]]></wp:post_name>
		<wp:status><![CDATA[publish]]></wp:status>
		<wp:post_parent>0</wp:post_parent>
		<wp:menu_order>0</wp:menu_order>
		<wp:post_type><![CDATA[valpa_preguntas_pt]]></wp:post_type>
		<wp:post_password><![CDATA[]]></wp:post_password>
		<wp:is_sticky>0</wp:is_sticky>
														<wp:postmeta>
		<wp:meta_key><![CDATA[_edit_last]]></wp:meta_key>
		<wp:meta_value><![CDATA[1]]></wp:meta_value>
		</wp:postmeta>
							<wp:postmeta>
		<wp:meta_key><![CDATA[_wp_old_date]]></wp:meta_key>
		<wp:meta_value><![CDATA[2020-07-31]]></wp:meta_value>
		</wp:postmeta>
							<wp:postmeta>
		<wp:meta_key><![CDATA[tipo_pregunta_puesto_meta]]></wp:meta_key>
		<wp:meta_value><![CDATA[a:1:{i:0;s:5:"Texto";}]]></wp:meta_value>
		</wp:postmeta>
							<wp:postmeta>
		<wp:meta_key><![CDATA[caracteres_input_meta]]></wp:meta_key>
		<wp:meta_value><![CDATA[]]></wp:meta_value>
		</wp:postmeta>
							<wp:postmeta>
		<wp:meta_key><![CDATA[opciones_input_meta]]></wp:meta_key>
		<wp:meta_value><![CDATA[]]></wp:meta_value>
		</wp:postmeta>
							</item>
					<item>
		<title><![CDATA[Â¿Se considera una persona influencer?]]></title>
		<link>http://localhost/sass-wp/valpa_preguntas_pt/se-considera-una-persona-influencer/</link>
		<pubDate>Tue, 07 Jul 2020 23:18:53 +0000</pubDate>
		<dc:creator><![CDATA[webmaster]]></dc:creator>
		<guid isPermaLink="false">http://valparaiso.com.mx/?post_type=valpa_preguntas_pt&#038;p=3826</guid>
		<description></description>
		<content:encoded><![CDATA[]]></content:encoded>
		<excerpt:encoded><![CDATA[]]></excerpt:encoded>
		<wp:post_id>3826</wp:post_id>
		<wp:post_date><![CDATA[2020-07-07 23:18:53]]></wp:post_date>
		<wp:post_date_gmt><![CDATA[2020-07-07 23:18:53]]></wp:post_date_gmt>
		<wp:post_modified><![CDATA[2020-07-07 23:18:53]]></wp:post_modified>
		<wp:post_modified_gmt><![CDATA[2020-07-07 23:18:53]]></wp:post_modified_gmt>
		<wp:comment_status><![CDATA[closed]]></wp:comment_status>
		<wp:ping_status><![CDATA[closed]]></wp:ping_status>
		<wp:post_name><![CDATA[se-considera-una-persona-influencer]]></wp:post_name>
		<wp:status><![CDATA[publish]]></wp:status>
		<wp:post_parent>0</wp:post_parent>
		<wp:menu_order>0</wp:menu_order>
		<wp:post_type><![CDATA[valpa_preguntas_pt]]></wp:post_type>
		<wp:post_password><![CDATA[]]></wp:post_password>
		<wp:is_sticky>0</wp:is_sticky>
														<wp:postmeta>
		<wp:meta_key><![CDATA[_edit_last]]></wp:meta_key>
		<wp:meta_value><![CDATA[1]]></wp:meta_value>
		</wp:postmeta>
							<wp:postmeta>
		<wp:meta_key><![CDATA[tipo_pregunta_puesto_meta]]></wp:meta_key>
		<wp:meta_value><![CDATA[a:1:{i:0;s:5:"Texto";}]]></wp:meta_value>
		</wp:postmeta>
							<wp:postmeta>
		<wp:meta_key><![CDATA[opciones_input_meta]]></wp:meta_key>
		<wp:meta_value><![CDATA[]]></wp:meta_value>
		</wp:postmeta>
							<wp:postmeta>
		<wp:meta_key><![CDATA[_wp_old_date]]></wp:meta_key>
		<wp:meta_value><![CDATA[2020-10-21]]></wp:meta_value>
		</wp:postmeta>
							</item>
					<item>
		<title><![CDATA[Â¿Ha efectuado configuraciÃ³n en Redes LAN?]]></title>
		<link>http://localhost/sass-wp/valpa_preguntas_pt/ha-efectuado-configuracion-en-redes-lan/</link>
		<pubDate>Tue, 07 Jul 2020 23:18:40 +0000</pubDate>
		<dc:creator><![CDATA[webmaster]]></dc:creator>
		<guid isPermaLink="false">http://valparaiso.com.mx/?post_type=valpa_preguntas_pt&#038;p=5954</guid>
		<description></description>
		<content:encoded><![CDATA[]]></content:encoded>
		<excerpt:encoded><![CDATA[]]></excerpt:encoded>
		<wp:post_id>5954</wp:post_id>
		<wp:post_date><![CDATA[2020-07-07 23:18:40]]></wp:post_date>
		<wp:post_date_gmt><![CDATA[2020-07-07 23:18:40]]></wp:post_date_gmt>
		<wp:post_modified><![CDATA[2020-07-07 23:18:40]]></wp:post_modified>
		<wp:post_modified_gmt><![CDATA[2020-07-07 23:18:40]]></wp:post_modified_gmt>
		<wp:comment_status><![CDATA[closed]]></wp:comment_status>
		<wp:ping_status><![CDATA[closed]]></wp:ping_status>
		<wp:post_name><![CDATA[ha-efectuado-configuracion-en-redes-lan]]></wp:post_name>
		<wp:status><![CDATA[publish]]></wp:status>
		<wp:post_parent>0</wp:post_parent>
		<wp:menu_order>0</wp:menu_order>
		<wp:post_type><![CDATA[valpa_preguntas_pt]]></wp:post_type>
		<wp:post_password><![CDATA[]]></wp:post_password>
		<wp:is_sticky>0</wp:is_sticky>
														<wp:postmeta>
		<wp:meta_key><![CDATA[_edit_last]]></wp:meta_key>
		<wp:meta_value><![CDATA[1]]></wp:meta_value>
		</wp:postmeta>
							<wp:postmeta>
		<wp:meta_key><![CDATA[_wp_old_date]]></wp:meta_key>
		<wp:meta_value><![CDATA[2020-11-13]]></wp:meta_value>
		</wp:postmeta>
							<wp:postmeta>
		<wp:meta_key><![CDATA[tipo_pregunta_puesto_meta]]></wp:meta_key>
		<wp:meta_value><![CDATA[a:1:{i:0;s:7:"Buleano";}]]></wp:meta_value>
		</wp:postmeta>
							<wp:postmeta>
		<wp:meta_key><![CDATA[opciones_input_meta]]></wp:meta_key>
		<wp:meta_value><![CDATA[Si, No]]></wp:meta_value>
		</wp:postmeta>
							</item>
					<item>
		<title><![CDATA[Â¿Ha realizado alguna instalaciÃ³n de cableado estructurado?]]></title>
		<link>http://localhost/sass-wp/valpa_preguntas_pt/ha-realizado-alguna-instalacion-de-cableado-estructurado/</link>
		<pubDate>Tue, 07 Jul 2020 23:19:52 +0000</pubDate>
		<dc:creator><![CDATA[webmaster]]></dc:creator>
		<guid isPermaLink="false">http://valparaiso.com.mx/?post_type=valpa_preguntas_pt&#038;p=5955</guid>
		<description></description>
		<content:encoded><![CDATA[]]></content:encoded>
		<excerpt:encoded><![CDATA[]]></excerpt:encoded>
		<wp:post_id>5955</wp:post_id>
		<wp:post_date><![CDATA[2020-07-07 23:19:52]]></wp:post_date>
		<wp:post_date_gmt><![CDATA[2020-07-07 23:19:52]]></wp:post_date_gmt>
		<wp:post_modified><![CDATA[2020-07-07 23:19:52]]></wp:post_modified>
		<wp:post_modified_gmt><![CDATA[2020-07-07 23:19:52]]></wp:post_modified_gmt>
		<wp:comment_status><![CDATA[closed]]></wp:comment_status>
		<wp:ping_status><![CDATA[closed]]></wp:ping_status>
		<wp:post_name><![CDATA[ha-realizado-alguna-instalacion-de-cableado-estructurado]]></wp:post_name>
		<wp:status><![CDATA[publish]]></wp:status>
		<wp:post_parent>0</wp:post_parent>
		<wp:menu_order>0</wp:menu_order>
		<wp:post_type><![CDATA[valpa_preguntas_pt]]></wp:post_type>
		<wp:post_password><![CDATA[]]></wp:post_password>
		<wp:is_sticky>0</wp:is_sticky>
														<wp:postmeta>
		<wp:meta_key><![CDATA[_edit_last]]></wp:meta_key>
		<wp:meta_value><![CDATA[1]]></wp:meta_value>
		</wp:postmeta>
							<wp:postmeta>
		<wp:meta_key><![CDATA[_wp_old_date]]></wp:meta_key>
		<wp:meta_value><![CDATA[2020-11-13]]></wp:meta_value>
		</wp:postmeta>
							<wp:postmeta>
		<wp:meta_key><![CDATA[tipo_pregunta_puesto_meta]]></wp:meta_key>
		<wp:meta_value><![CDATA[a:1:{i:0;s:7:"Buleano";}]]></wp:meta_value>
		</wp:postmeta>
							<wp:postmeta>
		<wp:meta_key><![CDATA[opciones_input_meta]]></wp:meta_key>
		<wp:meta_value><![CDATA[Si, No]]></wp:meta_value>
		</wp:postmeta>
							</item>
					<item>
		<title><![CDATA[Â¿Ha elaborado bitÃ¡coras respecto al mantenimiento de equipo?]]></title>
		<link>http://localhost/sass-wp/valpa_preguntas_pt/ha-elaborado-bitacoras-respecto-al-mantenimiento-de-equipo/</link>
		<pubDate>Tue, 07 Jul 2020 23:20:50 +0000</pubDate>
		<dc:creator><![CDATA[webmaster]]></dc:creator>
		<guid isPermaLink="false">http://valparaiso.com.mx/?post_type=valpa_preguntas_pt&#038;p=5956</guid>
		<description></description>
		<content:encoded><![CDATA[]]></content:encoded>
		<excerpt:encoded><![CDATA[]]></excerpt:encoded>
		<wp:post_id>5956</wp:post_id>
		<wp:post_date><![CDATA[2020-07-07 23:20:50]]></wp:post_date>
		<wp:post_date_gmt><![CDATA[2020-07-07 23:20:50]]></wp:post_date_gmt>
		<wp:post_modified><![CDATA[2020-07-07 23:20:50]]></wp:post_modified>
		<wp:post_modified_gmt><![CDATA[2020-07-07 23:20:50]]></wp:post_modified_gmt>
		<wp:comment_status><![CDATA[closed]]></wp:comment_status>
		<wp:ping_status><![CDATA[closed]]></wp:ping_status>
		<wp:post_name><![CDATA[ha-elaborado-bitacoras-respecto-al-mantenimiento-de-equipo]]></wp:post_name>
		<wp:status><![CDATA[publish]]></wp:status>
		<wp:post_parent>0</wp:post_parent>
		<wp:menu_order>0</wp:menu_order>
		<wp:post_type><![CDATA[valpa_preguntas_pt]]></wp:post_type>
		<wp:post_password><![CDATA[]]></wp:post_password>
		<wp:is_sticky>0</wp:is_sticky>
														<wp:postmeta>
		<wp:meta_key><![CDATA[_edit_last]]></wp:meta_key>
		<wp:meta_value><![CDATA[1]]></wp:meta_value>
		</wp:postmeta>
							<wp:postmeta>
		<wp:meta_key><![CDATA[_wp_old_date]]></wp:meta_key>
		<wp:meta_value><![CDATA[2020-11-13]]></wp:meta_value>
		</wp:postmeta>
							<wp:postmeta>
		<wp:meta_key><![CDATA[tipo_pregunta_puesto_meta]]></wp:meta_key>
		<wp:meta_value><![CDATA[a:1:{i:0;s:7:"Buleano";}]]></wp:meta_value>
		</wp:postmeta>
							<wp:postmeta>
		<wp:meta_key><![CDATA[opciones_input_meta]]></wp:meta_key>
		<wp:meta_value><![CDATA[Si, No]]></wp:meta_value>
		</wp:postmeta>
							</item>
					<item>
		<title><![CDATA[Â¿CuÃ¡ntos aÃ±os tiene de experiencia en logÃ­stica de distribuciÃ³n?]]></title>
		<link>http://localhost/sass-wp/valpa_preguntas_pt/cuantos-anos-tiene-de-experiencia-en-logistica-de-distribucion/</link>
		<pubDate>Tue, 07 Jul 2020 23:18:03 +0000</pubDate>
		<dc:creator><![CDATA[webmaster]]></dc:creator>
		<guid isPermaLink="false">http://valparaiso.com.mx/?post_type=valpa_preguntas_pt&#038;p=8240</guid>
		<description></description>
		<content:encoded><![CDATA[]]></content:encoded>
		<excerpt:encoded><![CDATA[]]></excerpt:encoded>
		<wp:post_id>8240</wp:post_id>
		<wp:post_date><![CDATA[2020-07-07 23:18:03]]></wp:post_date>
		<wp:post_date_gmt><![CDATA[2020-07-07 23:18:03]]></wp:post_date_gmt>
		<wp:post_modified><![CDATA[2020-07-07 23:18:03]]></wp:post_modified>
		<wp:post_modified_gmt><![CDATA[2020-07-07 23:18:03]]></wp:post_modified_gmt>
		<wp:comment_status><![CDATA[closed]]></wp:comment_status>
		<wp:ping_status><![CDATA[closed]]></wp:ping_status>
		<wp:post_name><![CDATA[cuantos-anos-tiene-de-experiencia-en-logistica-de-distribucion]]></wp:post_name>
		<wp:status><![CDATA[publish]]></wp:status>
		<wp:post_parent>0</wp:post_parent>
		<wp:menu_order>0</wp:menu_order>
		<wp:post_type><![CDATA[valpa_preguntas_pt]]></wp:post_type>
		<wp:post_password><![CDATA[]]></wp:post_password>
		<wp:is_sticky>0</wp:is_sticky>
														<wp:postmeta>
		<wp:meta_key><![CDATA[_edit_last]]></wp:meta_key>
		<wp:meta_value><![CDATA[1]]></wp:meta_value>
		</wp:postmeta>
							<wp:postmeta>
		<wp:meta_key><![CDATA[_wp_old_date]]></wp:meta_key>
		<wp:meta_value><![CDATA[2020-12-17]]></wp:meta_value>
		</wp:postmeta>
							<wp:postmeta>
		<wp:meta_key><![CDATA[tipo_pregunta_puesto_meta]]></wp:meta_key>
		<wp:meta_value><![CDATA[a:1:{i:0;s:8:"Numerico";}]]></wp:meta_value>
		</wp:postmeta>
							<wp:postmeta>
		<wp:meta_key><![CDATA[opciones_input_meta]]></wp:meta_key>
		<wp:meta_value><![CDATA[]]></wp:meta_value>
		</wp:postmeta>
							</item>
					<item>
		<title><![CDATA[Â¿CuÃ¡les sistemas tipo ERP ha manejado?]]></title>
		<link>http://localhost/sass-wp/valpa_preguntas_pt/cuales-sistemas-tipo-erp-ha-manejado/</link>
		<pubDate>Tue, 07 Jul 2020 23:19:34 +0000</pubDate>
		<dc:creator><![CDATA[webmaster]]></dc:creator>
		<guid isPermaLink="false">http://valparaiso.com.mx/?post_type=valpa_preguntas_pt&#038;p=8241</guid>
		<description></description>
		<content:encoded><![CDATA[]]></content:encoded>
		<excerpt:encoded><![CDATA[]]></excerpt:encoded>
		<wp:post_id>8241</wp:post_id>
		<wp:post_date><![CDATA[2020-07-07 23:19:34]]></wp:post_date>
		<wp:post_date_gmt><![CDATA[2020-07-07 23:19:34]]></wp:post_date_gmt>
		<wp:post_modified><![CDATA[2020-07-07 23:19:34]]></wp:post_modified>
		<wp:post_modified_gmt><![CDATA[2020-07-07 23:19:34]]></wp:post_modified_gmt>
		<wp:comment_status><![CDATA[closed]]></wp:comment_status>
		<wp:ping_status><![CDATA[closed]]></wp:ping_status>
		<wp:post_name><![CDATA[cuales-sistemas-tipo-erp-ha-manejado]]></wp:post_name>
		<wp:status><![CDATA[publish]]></wp:status>
		<wp:post_parent>0</wp:post_parent>
		<wp:menu_order>0</wp:menu_order>
		<wp:post_type><![CDATA[valpa_preguntas_pt]]></wp:post_type>
		<wp:post_password><![CDATA[]]></wp:post_password>
		<wp:is_sticky>0</wp:is_sticky>
														<wp:postmeta>
		<wp:meta_key><![CDATA[_edit_last]]></wp:meta_key>
		<wp:meta_value><![CDATA[1]]></wp:meta_value>
		</wp:postmeta>
							<wp:postmeta>
		<wp:meta_key><![CDATA[_wp_old_date]]></wp:meta_key>
		<wp:meta_value><![CDATA[2020-12-17]]></wp:meta_value>
		</wp:postmeta>
							<wp:postmeta>
		<wp:meta_key><![CDATA[tipo_pregunta_puesto_meta]]></wp:meta_key>
		<wp:meta_value><![CDATA[a:1:{i:0;s:5:"Texto";}]]></wp:meta_value>
		</wp:postmeta>
							<wp:postmeta>
		<wp:meta_key><![CDATA[opciones_input_meta]]></wp:meta_key>
		<wp:meta_value><![CDATA[]]></wp:meta_value>
		</wp:postmeta>
							</item>
					<item>
		<title><![CDATA[Â¿QuÃ© mÃ©todos conoce para el manejo de inventarios?]]></title>
		<link>http://localhost/sass-wp/valpa_preguntas_pt/que-metodos-conoce-para-el-manejo-de-inventarios/</link>
		<pubDate>Tue, 07 Jul 2020 23:20:15 +0000</pubDate>
		<dc:creator><![CDATA[webmaster]]></dc:creator>
		<guid isPermaLink="false">http://valparaiso.com.mx/?post_type=valpa_preguntas_pt&#038;p=8242</guid>
		<description></description>
		<content:encoded><![CDATA[]]></content:encoded>
		<excerpt:encoded><![CDATA[]]></excerpt:encoded>
		<wp:post_id>8242</wp:post_id>
		<wp:post_date><![CDATA[2020-07-07 23:20:15]]></wp:post_date>
		<wp:post_date_gmt><![CDATA[2020-07-07 23:20:15]]></wp:post_date_gmt>
		<wp:post_modified><![CDATA[2020-07-07 23:20:15]]></wp:post_modified>
		<wp:post_modified_gmt><![CDATA[2020-07-07 23:20:15]]></wp:post_modified_gmt>
		<wp:comment_status><![CDATA[closed]]></wp:comment_status>
		<wp:ping_status><![CDATA[closed]]></wp:ping_status>
		<wp:post_name><![CDATA[que-metodos-conoce-para-el-manejo-de-inventarios]]></wp:post_name>
		<wp:status><![CDATA[publish]]></wp:status>
		<wp:post_parent>0</wp:post_parent>
		<wp:menu_order>0</wp:menu_order>
		<wp:post_type><![CDATA[valpa_preguntas_pt]]></wp:post_type>
		<wp:post_password><![CDATA[]]></wp:post_password>
		<wp:is_sticky>0</wp:is_sticky>
														<wp:postmeta>
		<wp:meta_key><![CDATA[_edit_last]]></wp:meta_key>
		<wp:meta_value><![CDATA[1]]></wp:meta_value>
		</wp:postmeta>
							<wp:postmeta>
		<wp:meta_key><![CDATA[_wp_old_date]]></wp:meta_key>
		<wp:meta_value><![CDATA[2020-12-17]]></wp:meta_value>
		</wp:postmeta>
							<wp:postmeta>
		<wp:meta_key><![CDATA[tipo_pregunta_puesto_meta]]></wp:meta_key>
		<wp:meta_value><![CDATA[a:1:{i:0;s:5:"Texto";}]]></wp:meta_value>
		</wp:postmeta>
							<wp:postmeta>
		<wp:meta_key><![CDATA[opciones_input_meta]]></wp:meta_key>
		<wp:meta_value><![CDATA[]]></wp:meta_value>
		</wp:postmeta>
							</item>
					<item>
		<title><![CDATA[Â¿CuÃ¡nto tiempo lleva programando?]]></title>
		<link>http://localhost/sass-wp/valpa_preguntas_pt/cuanto-tiempo-lleva-programando/</link>
		<pubDate>Tue, 07 Jul 2020 23:17:37 +0000</pubDate>
		<dc:creator><![CDATA[webmaster]]></dc:creator>
		<guid isPermaLink="false">http://valparaiso.com.mx/?post_type=valpa_preguntas_pt&#038;p=19627</guid>
		<description></description>
		<content:encoded><![CDATA[]]></content:encoded>
		<excerpt:encoded><![CDATA[]]></excerpt:encoded>
		<wp:post_id>19627</wp:post_id>
		<wp:post_date><![CDATA[2020-07-07 23:17:37]]></wp:post_date>
		<wp:post_date_gmt><![CDATA[2020-07-07 23:17:37]]></wp:post_date_gmt>
		<wp:post_modified><![CDATA[2020-07-07 23:17:37]]></wp:post_modified>
		<wp:post_modified_gmt><![CDATA[2020-07-07 23:17:37]]></wp:post_modified_gmt>
		<wp:comment_status><![CDATA[closed]]></wp:comment_status>
		<wp:ping_status><![CDATA[closed]]></wp:ping_status>
		<wp:post_name><![CDATA[cuanto-tiempo-lleva-programando]]></wp:post_name>
		<wp:status><![CDATA[publish]]></wp:status>
		<wp:post_parent>0</wp:post_parent>
		<wp:menu_order>0</wp:menu_order>
		<wp:post_type><![CDATA[valpa_preguntas_pt]]></wp:post_type>
		<wp:post_password><![CDATA[]]></wp:post_password>
		<wp:is_sticky>0</wp:is_sticky>
														<wp:postmeta>
		<wp:meta_key><![CDATA[_edit_last]]></wp:meta_key>
		<wp:meta_value><![CDATA[1]]></wp:meta_value>
		</wp:postmeta>
							<wp:postmeta>
		<wp:meta_key><![CDATA[_wp_old_date]]></wp:meta_key>
		<wp:meta_value><![CDATA[2021-05-04]]></wp:meta_value>
		</wp:postmeta>
							<wp:postmeta>
		<wp:meta_key><![CDATA[tipo_pregunta_puesto_meta]]></wp:meta_key>
		<wp:meta_value><![CDATA[a:1:{i:0;s:8:"Numerico";}]]></wp:meta_value>
		</wp:postmeta>
							<wp:postmeta>
		<wp:meta_key><![CDATA[opciones_input_meta]]></wp:meta_key>
		<wp:meta_value><![CDATA[]]></wp:meta_value>
		</wp:postmeta>
							</item>
					<item>
		<title><![CDATA[Â¿CuÃ¡l es su Ã¡rea de experiencia?]]></title>
		<link>http://localhost/sass-wp/valpa_preguntas_pt/cual-es-su-area-de-experiencia/</link>
		<pubDate>Tue, 07 Jul 2020 23:18:18 +0000</pubDate>
		<dc:creator><![CDATA[webmaster]]></dc:creator>
		<guid isPermaLink="false">http://valparaiso.com.mx/?post_type=valpa_preguntas_pt&#038;p=19628</guid>
		<description></description>
		<content:encoded><![CDATA[]]></content:encoded>
		<excerpt:encoded><![CDATA[]]></excerpt:encoded>
		<wp:post_id>19628</wp:post_id>
		<wp:post_date><![CDATA[2020-07-07 23:18:18]]></wp:post_date>
		<wp:post_date_gmt><![CDATA[2020-07-07 23:18:18]]></wp:post_date_gmt>
		<wp:post_modified><![CDATA[2020-07-07 23:18:18]]></wp:post_modified>
		<wp:post_modified_gmt><![CDATA[2020-07-07 23:18:18]]></wp:post_modified_gmt>
		<wp:comment_status><![CDATA[closed]]></wp:comment_status>
		<wp:ping_status><![CDATA[closed]]></wp:ping_status>
		<wp:post_name><![CDATA[cual-es-su-area-de-experiencia]]></wp:post_name>
		<wp:status><![CDATA[publish]]></wp:status>
		<wp:post_parent>0</wp:post_parent>
		<wp:menu_order>0</wp:menu_order>
		<wp:post_type><![CDATA[valpa_preguntas_pt]]></wp:post_type>
		<wp:post_password><![CDATA[]]></wp:post_password>
		<wp:is_sticky>0</wp:is_sticky>
														<wp:postmeta>
		<wp:meta_key><![CDATA[_edit_last]]></wp:meta_key>
		<wp:meta_value><![CDATA[1]]></wp:meta_value>
		</wp:postmeta>
							<wp:postmeta>
		<wp:meta_key><![CDATA[_wp_old_date]]></wp:meta_key>
		<wp:meta_value><![CDATA[2021-05-04]]></wp:meta_value>
		</wp:postmeta>
							<wp:postmeta>
		<wp:meta_key><![CDATA[tipo_pregunta_puesto_meta]]></wp:meta_key>
		<wp:meta_value><![CDATA[a:1:{i:0;s:5:"Texto";}]]></wp:meta_value>
		</wp:postmeta>
							<wp:postmeta>
		<wp:meta_key><![CDATA[opciones_input_meta]]></wp:meta_key>
		<wp:meta_value><![CDATA[]]></wp:meta_value>
		</wp:postmeta>
							</item>
					<item>
		<title><![CDATA[Â¿Entiende lo que es una Estructura de codificaciÃ³n?]]></title>
		<link>http://localhost/sass-wp/valpa_preguntas_pt/entiende-lo-que-es-una-estructura-de-codificacion/</link>
		<pubDate>Tue, 07 Jul 2020 23:19:06 +0000</pubDate>
		<dc:creator><![CDATA[webmaster]]></dc:creator>
		<guid isPermaLink="false">http://valparaiso.com.mx/?post_type=valpa_preguntas_pt&#038;p=19629</guid>
		<description></description>
		<content:encoded><![CDATA[]]></content:encoded>
		<excerpt:encoded><![CDATA[]]></excerpt:encoded>
		<wp:post_id>19629</wp:post_id>
		<wp:post_date><![CDATA[2020-07-07 23:19:06]]></wp:post_date>
		<wp:post_date_gmt><![CDATA[2020-07-07 23:19:06]]></wp:post_date_gmt>
		<wp:post_modified><![CDATA[2020-07-07 23:19:06]]></wp:post_modified>
		<wp:post_modified_gmt><![CDATA[2020-07-07 23:19:06]]></wp:post_modified_gmt>
		<wp:comment_status><![CDATA[closed]]></wp:comment_status>
		<wp:ping_status><![CDATA[closed]]></wp:ping_status>
		<wp:post_name><![CDATA[entiende-lo-que-es-una-estructura-de-codificacion]]></wp:post_name>
		<wp:status><![CDATA[publish]]></wp:status>
		<wp:post_parent>0</wp:post_parent>
		<wp:menu_order>0</wp:menu_order>
		<wp:post_type><![CDATA[valpa_preguntas_pt]]></wp:post_type>
		<wp:post_password><![CDATA[]]></wp:post_password>
		<wp:is_sticky>0</wp:is_sticky>
														<wp:postmeta>
		<wp:meta_key><![CDATA[_edit_last]]></wp:meta_key>
		<wp:meta_value><![CDATA[1]]></wp:meta_value>
		</wp:postmeta>
							<wp:postmeta>
		<wp:meta_key><![CDATA[_wp_old_date]]></wp:meta_key>
		<wp:meta_value><![CDATA[2021-05-04]]></wp:meta_value>
		</wp:postmeta>
							<wp:postmeta>
		<wp:meta_key><![CDATA[tipo_pregunta_puesto_meta]]></wp:meta_key>
		<wp:meta_value><![CDATA[a:1:{i:0;s:5:"Texto";}]]></wp:meta_value>
		</wp:postmeta>
							<wp:postmeta>
		<wp:meta_key><![CDATA[opciones_input_meta]]></wp:meta_key>
		<wp:meta_value><![CDATA[]]></wp:meta_value>
		</wp:postmeta>
							</item>
					<item>
		<title><![CDATA[Â¿CuÃ¡ntos aÃ±os tienes de experiencia en diseÃ±o Grafico?]]></title>
		<link>http://localhost/sass-wp/valpa_preguntas_pt/cuantos-anos-tienes-de-experiencia-en-diseno-grafico/</link>
		<pubDate>Tue, 07 Jul 2020 23:17:29 +0000</pubDate>
		<dc:creator><![CDATA[webmaster]]></dc:creator>
		<guid isPermaLink="false">http://valparaiso.com.mx/?post_type=valpa_preguntas_pt&#038;p=20077</guid>
		<description></description>
		<content:encoded><![CDATA[]]></content:encoded>
		<excerpt:encoded><![CDATA[]]></excerpt:encoded>
		<wp:post_id>20077</wp:post_id>
		<wp:post_date><![CDATA[2020-07-07 23:17:29]]></wp:post_date>
		<wp:post_date_gmt><![CDATA[2020-07-07 23:17:29]]></wp:post_date_gmt>
		<wp:post_modified><![CDATA[2020-07-07 23:17:29]]></wp:post_modified>
		<wp:post_modified_gmt><![CDATA[2020-07-07 23:17:29]]></wp:post_modified_gmt>
		<wp:comment_status><![CDATA[closed]]></wp:comment_status>
		<wp:ping_status><![CDATA[closed]]></wp:ping_status>
		<wp:post_name><![CDATA[cuantos-anos-tienes-de-experiencia-en-diseno-grafico]]></wp:post_name>
		<wp:status><![CDATA[publish]]></wp:status>
		<wp:post_parent>0</wp:post_parent>
		<wp:menu_order>0</wp:menu_order>
		<wp:post_type><![CDATA[valpa_preguntas_pt]]></wp:post_type>
		<wp:post_password><![CDATA[]]></wp:post_password>
		<wp:is_sticky>0</wp:is_sticky>
														<wp:postmeta>
		<wp:meta_key><![CDATA[_edit_last]]></wp:meta_key>
		<wp:meta_value><![CDATA[1]]></wp:meta_value>
		</wp:postmeta>
							<wp:postmeta>
		<wp:meta_key><![CDATA[_wp_old_date]]></wp:meta_key>
		<wp:meta_value><![CDATA[2021-05-13]]></wp:meta_value>
		</wp:postmeta>
							<wp:postmeta>
		<wp:meta_key><![CDATA[tipo_pregunta_puesto_meta]]></wp:meta_key>
		<wp:meta_value><![CDATA[a:1:{i:0;s:8:"Numerico";}]]></wp:meta_value>
		</wp:postmeta>
							<wp:postmeta>
		<wp:meta_key><![CDATA[opciones_input_meta]]></wp:meta_key>
		<wp:meta_value><![CDATA[]]></wp:meta_value>
		</wp:postmeta>
							</item>
					<item>
		<title><![CDATA[Â¿Tienes de experiencia en manejo de Corel Draw y  paqueterÃ­a Adobe (Photoshop, Ilustrator, etc.)?]]></title>
		<link>http://localhost/sass-wp/valpa_preguntas_pt/tienes-de-experiencia-en-manejo-de-corel-draw-y-paqueteria-adobe-photoshop-ilustrator-etc/</link>
		<pubDate>Tue, 07 Jul 2020 23:18:25 +0000</pubDate>
		<dc:creator><![CDATA[webmaster]]></dc:creator>
		<guid isPermaLink="false">http://valparaiso.com.mx/?post_type=valpa_preguntas_pt&#038;p=20078</guid>
		<description></description>
		<content:encoded><![CDATA[]]></content:encoded>
		<excerpt:encoded><![CDATA[]]></excerpt:encoded>
		<wp:post_id>20078</wp:post_id>
		<wp:post_date><![CDATA[2020-07-07 23:18:25]]></wp:post_date>
		<wp:post_date_gmt><![CDATA[2020-07-07 23:18:25]]></wp:post_date_gmt>
		<wp:post_modified><![CDATA[2020-07-07 23:18:25]]></wp:post_modified>
		<wp:post_modified_gmt><![CDATA[2020-07-07 23:18:25]]></wp:post_modified_gmt>
		<wp:comment_status><![CDATA[closed]]></wp:comment_status>
		<wp:ping_status><![CDATA[closed]]></wp:ping_status>
		<wp:post_name><![CDATA[tienes-de-experiencia-en-manejo-de-corel-draw-y-paqueteria-adobe-photoshop-ilustrator-etc]]></wp:post_name>
		<wp:status><![CDATA[publish]]></wp:status>
		<wp:post_parent>0</wp:post_parent>
		<wp:menu_order>0</wp:menu_order>
		<wp:post_type><![CDATA[valpa_preguntas_pt]]></wp:post_type>
		<wp:post_password><![CDATA[]]></wp:post_password>
		<wp:is_sticky>0</wp:is_sticky>
														<wp:postmeta>
		<wp:meta_key><![CDATA[_edit_last]]></wp:meta_key>
		<wp:meta_value><![CDATA[1]]></wp:meta_value>
		</wp:postmeta>
							<wp:postmeta>
		<wp:meta_key><![CDATA[_wp_old_date]]></wp:meta_key>
		<wp:meta_value><![CDATA[2021-05-13]]></wp:meta_value>
		</wp:postmeta>
							<wp:postmeta>
		<wp:meta_key><![CDATA[tipo_pregunta_puesto_meta]]></wp:meta_key>
		<wp:meta_value><![CDATA[a:1:{i:0;s:5:"Texto";}]]></wp:meta_value>
		</wp:postmeta>
							<wp:postmeta>
		<wp:meta_key><![CDATA[opciones_input_meta]]></wp:meta_key>
		<wp:meta_value><![CDATA[]]></wp:meta_value>
		</wp:postmeta>
							</item>
					<item>
		<title><![CDATA[Â¿Tienes experiencia en manejo de After efect?]]></title>
		<link>http://localhost/sass-wp/valpa_preguntas_pt/tienes-experiencia-en-manejo-de-after-efect/</link>
		<pubDate>Tue, 07 Jul 2020 23:19:03 +0000</pubDate>
		<dc:creator><![CDATA[webmaster]]></dc:creator>
		<guid isPermaLink="false">http://valparaiso.com.mx/?post_type=valpa_preguntas_pt&#038;p=20079</guid>
		<description></description>
		<content:encoded><![CDATA[]]></content:encoded>
		<excerpt:encoded><![CDATA[]]></excerpt:encoded>
		<wp:post_id>20079</wp:post_id>
		<wp:post_date><![CDATA[2020-07-07 23:19:03]]></wp:post_date>
		<wp:post_date_gmt><![CDATA[2020-07-07 23:19:03]]></wp:post_date_gmt>
		<wp:post_modified><![CDATA[2020-07-07 23:19:03]]></wp:post_modified>
		<wp:post_modified_gmt><![CDATA[2020-07-07 23:19:03]]></wp:post_modified_gmt>
		<wp:comment_status><![CDATA[closed]]></wp:comment_status>
		<wp:ping_status><![CDATA[closed]]></wp:ping_status>
		<wp:post_name><![CDATA[tienes-experiencia-en-manejo-de-after-efect]]></wp:post_name>
		<wp:status><![CDATA[publish]]></wp:status>
		<wp:post_parent>0</wp:post_parent>
		<wp:menu_order>0</wp:menu_order>
		<wp:post_type><![CDATA[valpa_preguntas_pt]]></wp:post_type>
		<wp:post_password><![CDATA[]]></wp:post_password>
		<wp:is_sticky>0</wp:is_sticky>
														<wp:postmeta>
		<wp:meta_key><![CDATA[_edit_last]]></wp:meta_key>
		<wp:meta_value><![CDATA[1]]></wp:meta_value>
		</wp:postmeta>
							<wp:postmeta>
		<wp:meta_key><![CDATA[_wp_old_date]]></wp:meta_key>
		<wp:meta_value><![CDATA[2021-05-13]]></wp:meta_value>
		</wp:postmeta>
							<wp:postmeta>
		<wp:meta_key><![CDATA[tipo_pregunta_puesto_meta]]></wp:meta_key>
		<wp:meta_value><![CDATA[a:1:{i:0;s:5:"Texto";}]]></wp:meta_value>
		</wp:postmeta>
							<wp:postmeta>
		<wp:meta_key><![CDATA[opciones_input_meta]]></wp:meta_key>
		<wp:meta_value><![CDATA[]]></wp:meta_value>
		</wp:postmeta>
							</item>
					<item>
		<title><![CDATA[Â¿Tiene una cartera de clientes o sabrÃ­a como aperturar una?]]></title>
		<link>http://localhost/sass-wp/valpa_preguntas_pt/tiene-una-cartera-de-clientes-o-sabria-como-aperturar-una/</link>
		<pubDate>Tue, 07 Jul 2020 23:18:13 +0000</pubDate>
		<dc:creator><![CDATA[webmaster]]></dc:creator>
		<guid isPermaLink="false">http://valparaiso.com.mx/?post_type=valpa_preguntas_pt&#038;p=20386</guid>
		<description></description>
		<content:encoded><![CDATA[]]></content:encoded>
		<excerpt:encoded><![CDATA[]]></excerpt:encoded>
		<wp:post_id>20386</wp:post_id>
		<wp:post_date><![CDATA[2020-07-07 23:18:13]]></wp:post_date>
		<wp:post_date_gmt><![CDATA[2020-07-07 23:18:13]]></wp:post_date_gmt>
		<wp:post_modified><![CDATA[2020-07-07 23:18:13]]></wp:post_modified>
		<wp:post_modified_gmt><![CDATA[2020-07-07 23:18:13]]></wp:post_modified_gmt>
		<wp:comment_status><![CDATA[closed]]></wp:comment_status>
		<wp:ping_status><![CDATA[closed]]></wp:ping_status>
		<wp:post_name><![CDATA[tiene-una-cartera-de-clientes-o-sabria-como-aperturar-una]]></wp:post_name>
		<wp:status><![CDATA[publish]]></wp:status>
		<wp:post_parent>0</wp:post_parent>
		<wp:menu_order>0</wp:menu_order>
		<wp:post_type><![CDATA[valpa_preguntas_pt]]></wp:post_type>
		<wp:post_password><![CDATA[]]></wp:post_password>
		<wp:is_sticky>0</wp:is_sticky>
														<wp:postmeta>
		<wp:meta_key><![CDATA[_edit_last]]></wp:meta_key>
		<wp:meta_value><![CDATA[1]]></wp:meta_value>
		</wp:postmeta>
							<wp:postmeta>
		<wp:meta_key><![CDATA[_wp_old_date]]></wp:meta_key>
		<wp:meta_value><![CDATA[2021-05-19]]></wp:meta_value>
		</wp:postmeta>
							<wp:postmeta>
		<wp:meta_key><![CDATA[tipo_pregunta_puesto_meta]]></wp:meta_key>
		<wp:meta_value><![CDATA[a:1:{i:0;s:5:"Texto";}]]></wp:meta_value>
		</wp:postmeta>
							<wp:postmeta>
		<wp:meta_key><![CDATA[opciones_input_meta]]></wp:meta_key>
		<wp:meta_value><![CDATA[]]></wp:meta_value>
		</wp:postmeta>
							</item>
					<item>
		<title><![CDATA[Â¿Ha representado alguna marca?]]></title>
		<link>http://localhost/sass-wp/valpa_preguntas_pt/ha-representado-alguna-marca/</link>
		<pubDate>Tue, 07 Jul 2020 23:19:55 +0000</pubDate>
		<dc:creator><![CDATA[webmaster]]></dc:creator>
		<guid isPermaLink="false">http://valparaiso.com.mx/?post_type=valpa_preguntas_pt&#038;p=20387</guid>
		<description></description>
		<content:encoded><![CDATA[]]></content:encoded>
		<excerpt:encoded><![CDATA[]]></excerpt:encoded>
		<wp:post_id>20387</wp:post_id>
		<wp:post_date><![CDATA[2020-07-07 23:19:55]]></wp:post_date>
		<wp:post_date_gmt><![CDATA[2020-07-07 23:19:55]]></wp:post_date_gmt>
		<wp:post_modified><![CDATA[2020-07-07 23:19:55]]></wp:post_modified>
		<wp:post_modified_gmt><![CDATA[2020-07-07 23:19:55]]></wp:post_modified_gmt>
		<wp:comment_status><![CDATA[closed]]></wp:comment_status>
		<wp:ping_status><![CDATA[closed]]></wp:ping_status>
		<wp:post_name><![CDATA[ha-representado-alguna-marca]]></wp:post_name>
		<wp:status><![CDATA[publish]]></wp:status>
		<wp:post_parent>0</wp:post_parent>
		<wp:menu_order>0</wp:menu_order>
		<wp:post_type><![CDATA[valpa_preguntas_pt]]></wp:post_type>
		<wp:post_password><![CDATA[]]></wp:post_password>
		<wp:is_sticky>0</wp:is_sticky>
														<wp:postmeta>
		<wp:meta_key><![CDATA[_edit_last]]></wp:meta_key>
		<wp:meta_value><![CDATA[1]]></wp:meta_value>
		</wp:postmeta>
							<wp:postmeta>
		<wp:meta_key><![CDATA[_wp_old_date]]></wp:meta_key>
		<wp:meta_value><![CDATA[2021-05-19]]></wp:meta_value>
		</wp:postmeta>
							<wp:postmeta>
		<wp:meta_key><![CDATA[tipo_pregunta_puesto_meta]]></wp:meta_key>
		<wp:meta_value><![CDATA[a:1:{i:0;s:7:"Buleano";}]]></wp:meta_value>
		</wp:postmeta>
							<wp:postmeta>
		<wp:meta_key><![CDATA[opciones_input_meta]]></wp:meta_key>
		<wp:meta_value><![CDATA[SI,NO]]></wp:meta_value>
		</wp:postmeta>
							</item>
					<item>
		<title><![CDATA[Â¿Tiene aversiÃ³n al ver cuerpos?]]></title>
		<link>http://localhost/sass-wp/valpa_preguntas_pt/tiene-aversion-al-ver-cuerpos/</link>
		<pubDate>Tue, 07 Jul 2020 23:17:59 +0000</pubDate>
		<dc:creator><![CDATA[webmaster]]></dc:creator>
		<guid isPermaLink="false">http://valparaiso.com.mx/?post_type=valpa_preguntas_pt&#038;p=21193</guid>
		<description></description>
		<content:encoded><![CDATA[]]></content:encoded>
		<excerpt:encoded><![CDATA[]]></excerpt:encoded>
		<wp:post_id>21193</wp:post_id>
		<wp:post_date><![CDATA[2020-07-07 23:17:59]]></wp:post_date>
		<wp:post_date_gmt><![CDATA[2020-07-07 23:17:59]]></wp:post_date_gmt>
		<wp:post_modified><![CDATA[2020-07-07 23:17:59]]></wp:post_modified>
		<wp:post_modified_gmt><![CDATA[2020-07-07 23:17:59]]></wp:post_modified_gmt>
		<wp:comment_status><![CDATA[closed]]></wp:comment_status>
		<wp:ping_status><![CDATA[closed]]></wp:ping_status>
		<wp:post_name><![CDATA[tiene-aversion-al-ver-cuerpos]]></wp:post_name>
		<wp:status><![CDATA[publish]]></wp:status>
		<wp:post_parent>0</wp:post_parent>
		<wp:menu_order>0</wp:menu_order>
		<wp:post_type><![CDATA[valpa_preguntas_pt]]></wp:post_type>
		<wp:post_password><![CDATA[]]></wp:post_password>
		<wp:is_sticky>0</wp:is_sticky>
														<wp:postmeta>
		<wp:meta_key><![CDATA[_edit_last]]></wp:meta_key>
		<wp:meta_value><![CDATA[1]]></wp:meta_value>
		</wp:postmeta>
							<wp:postmeta>
		<wp:meta_key><![CDATA[_wp_old_date]]></wp:meta_key>
		<wp:meta_value><![CDATA[2021-06-04]]></wp:meta_value>
		</wp:postmeta>
							<wp:postmeta>
		<wp:meta_key><![CDATA[tipo_pregunta_puesto_meta]]></wp:meta_key>
		<wp:meta_value><![CDATA[a:1:{i:0;s:7:"Buleano";}]]></wp:meta_value>
		</wp:postmeta>
							<wp:postmeta>
		<wp:meta_key><![CDATA[opciones_input_meta]]></wp:meta_key>
		<wp:meta_value><![CDATA[Si,No]]></wp:meta_value>
		</wp:postmeta>
							</item>
					<item>
		<title><![CDATA[Â¿CuÃ¡ntos aÃ±os tiene de experiencia en el Ã¡rea de limpieza?]]></title>
		<link>http://localhost/sass-wp/valpa_preguntas_pt/cuantos-anos-tiene-de-experiencia-en-el-area-de-limpieza/</link>
		<pubDate>Tue, 07 Jul 2020 23:18:59 +0000</pubDate>
		<dc:creator><![CDATA[webmaster]]></dc:creator>
		<guid isPermaLink="false">http://valparaiso.com.mx/?post_type=valpa_preguntas_pt&#038;p=21194</guid>
		<description></description>
		<content:encoded><![CDATA[]]></content:encoded>
		<excerpt:encoded><![CDATA[]]></excerpt:encoded>
		<wp:post_id>21194</wp:post_id>
		<wp:post_date><![CDATA[2020-07-07 23:18:59]]></wp:post_date>
		<wp:post_date_gmt><![CDATA[2020-07-07 23:18:59]]></wp:post_date_gmt>
		<wp:post_modified><![CDATA[2020-07-07 23:18:59]]></wp:post_modified>
		<wp:post_modified_gmt><![CDATA[2020-07-07 23:18:59]]></wp:post_modified_gmt>
		<wp:comment_status><![CDATA[closed]]></wp:comment_status>
		<wp:ping_status><![CDATA[closed]]></wp:ping_status>
		<wp:post_name><![CDATA[cuantos-anos-tiene-de-experiencia-en-el-area-de-limpieza]]></wp:post_name>
		<wp:status><![CDATA[publish]]></wp:status>
		<wp:post_parent>0</wp:post_parent>
		<wp:menu_order>0</wp:menu_order>
		<wp:post_type><![CDATA[valpa_preguntas_pt]]></wp:post_type>
		<wp:post_password><![CDATA[]]></wp:post_password>
		<wp:is_sticky>0</wp:is_sticky>
														<wp:postmeta>
		<wp:meta_key><![CDATA[_edit_last]]></wp:meta_key>
		<wp:meta_value><![CDATA[1]]></wp:meta_value>
		</wp:postmeta>
							<wp:postmeta>
		<wp:meta_key><![CDATA[_wp_old_date]]></wp:meta_key>
		<wp:meta_value><![CDATA[2021-06-04]]></wp:meta_value>
		</wp:postmeta>
							<wp:postmeta>
		<wp:meta_key><![CDATA[tipo_pregunta_puesto_meta]]></wp:meta_key>
		<wp:meta_value><![CDATA[a:1:{i:0;s:8:"Numerico";}]]></wp:meta_value>
		</wp:postmeta>
							<wp:postmeta>
		<wp:meta_key><![CDATA[opciones_input_meta]]></wp:meta_key>
		<wp:meta_value><![CDATA[]]></wp:meta_value>
		</wp:postmeta>
							</item>
					<item>
		<title><![CDATA[Â¿CÃ³mo se considera con el trato de las personas?]]></title>
		<link>http://localhost/sass-wp/valpa_preguntas_pt/como-se-considera-con-el-trato-de-las-personas/</link>
		<pubDate>Tue, 07 Jul 2020 23:19:04 +0000</pubDate>
		<dc:creator><![CDATA[webmaster]]></dc:creator>
		<guid isPermaLink="false">http://valparaiso.com.mx/?post_type=valpa_preguntas_pt&#038;p=21196</guid>
		<description></description>
		<content:encoded><![CDATA[]]></content:encoded>
		<excerpt:encoded><![CDATA[]]></excerpt:encoded>
		<wp:post_id>21196</wp:post_id>
		<wp:post_date><![CDATA[2020-07-07 23:19:04]]></wp:post_date>
		<wp:post_date_gmt><![CDATA[2020-07-07 23:19:04]]></wp:post_date_gmt>
		<wp:post_modified><![CDATA[2020-07-07 23:19:04]]></wp:post_modified>
		<wp:post_modified_gmt><![CDATA[2020-07-07 23:19:04]]></wp:post_modified_gmt>
		<wp:comment_status><![CDATA[closed]]></wp:comment_status>
		<wp:ping_status><![CDATA[closed]]></wp:ping_status>
		<wp:post_name><![CDATA[como-se-considera-con-el-trato-de-las-personas]]></wp:post_name>
		<wp:status><![CDATA[publish]]></wp:status>
		<wp:post_parent>0</wp:post_parent>
		<wp:menu_order>0</wp:menu_order>
		<wp:post_type><![CDATA[valpa_preguntas_pt]]></wp:post_type>
		<wp:post_password><![CDATA[]]></wp:post_password>
		<wp:is_sticky>0</wp:is_sticky>
														<wp:postmeta>
		<wp:meta_key><![CDATA[_edit_last]]></wp:meta_key>
		<wp:meta_value><![CDATA[1]]></wp:meta_value>
		</wp:postmeta>
							<wp:postmeta>
		<wp:meta_key><![CDATA[_wp_old_date]]></wp:meta_key>
		<wp:meta_value><![CDATA[2021-06-04]]></wp:meta_value>
		</wp:postmeta>
							<wp:postmeta>
		<wp:meta_key><![CDATA[tipo_pregunta_puesto_meta]]></wp:meta_key>
		<wp:meta_value><![CDATA[a:1:{i:0;s:5:"Texto";}]]></wp:meta_value>
		</wp:postmeta>
							<wp:postmeta>
		<wp:meta_key><![CDATA[opciones_input_meta]]></wp:meta_key>
		<wp:meta_value><![CDATA[]]></wp:meta_value>
		</wp:postmeta>
							</item>
					<item>
		<title><![CDATA[Toluca Nezahualcoyotl]]></title>
		<link>http://localhost/sass-wp/valpa_sucursales_pt/toluca-nezahualcoyotl/</link>
		<pubDate>Sat, 25 Jul 2020 14:26:27 +0000</pubDate>
		<dc:creator><![CDATA[webmaster]]></dc:creator>
		<guid isPermaLink="false">http://valparaiso.com.mx/?post_type=valpa_sucursales_pt&#038;p=22</guid>
		<description></description>
		<content:encoded><![CDATA[NetzahualcÃ³yotl 503 Col. San SebastiÃ¡n, Toluca.]]></content:encoded>
		<excerpt:encoded><![CDATA[]]></excerpt:encoded>
		<wp:post_id>22</wp:post_id>
		<wp:post_date><![CDATA[2020-07-25 14:26:27]]></wp:post_date>
		<wp:post_date_gmt><![CDATA[2020-07-25 14:26:27]]></wp:post_date_gmt>
		<wp:post_modified><![CDATA[2020-07-25 14:26:27]]></wp:post_modified>
		<wp:post_modified_gmt><![CDATA[2020-07-25 14:26:27]]></wp:post_modified_gmt>
		<wp:comment_status><![CDATA[closed]]></wp:comment_status>
		<wp:ping_status><![CDATA[closed]]></wp:ping_status>
		<wp:post_name><![CDATA[toluca-nezahualcoyotl]]></wp:post_name>
		<wp:status><![CDATA[publish]]></wp:status>
		<wp:post_parent>0</wp:post_parent>
		<wp:menu_order>0</wp:menu_order>
		<wp:post_type><![CDATA[valpa_sucursales_pt]]></wp:post_type>
		<wp:post_password><![CDATA[]]></wp:post_password>
		<wp:is_sticky>0</wp:is_sticky>
														<wp:postmeta>
		<wp:meta_key><![CDATA[_edit_last]]></wp:meta_key>
		<wp:meta_value><![CDATA[1]]></wp:meta_value>
		</wp:postmeta>
							<wp:postmeta>
		<wp:meta_key><![CDATA[valpa_linkgoogle_meta]]></wp:meta_key>
		<wp:meta_value><![CDATA[https://goo.gl/maps/tAaeUhJoFWCKSfnHA]]></wp:meta_value>
		</wp:postmeta>
							</item>
					<item>
		<title><![CDATA[Â¿Puede viajar?]]></title>
		<link>http://localhost/sass-wp/valpa_preguntas_pt/empleo-anterior/</link>
		<pubDate>Thu, 16 Jul 2020 16:24:56 +0000</pubDate>
		<dc:creator><![CDATA[webmaster]]></dc:creator>
		<guid isPermaLink="false">http://valparaiso.com.mx/?post_type=valpa_preguntas_pt&#038;p=76</guid>
		<description></description>
		<content:encoded><![CDATA[]]></content:encoded>
		<excerpt:encoded><![CDATA[]]></excerpt:encoded>
		<wp:post_id>76</wp:post_id>
		<wp:post_date><![CDATA[2020-07-16 16:24:56]]></wp:post_date>
		<wp:post_date_gmt><![CDATA[2020-07-16 16:24:56]]></wp:post_date_gmt>
		<wp:post_modified><![CDATA[2020-07-16 16:24:56]]></wp:post_modified>
		<wp:post_modified_gmt><![CDATA[2020-07-16 16:24:56]]></wp:post_modified_gmt>
		<wp:comment_status><![CDATA[closed]]></wp:comment_status>
		<wp:ping_status><![CDATA[closed]]></wp:ping_status>
		<wp:post_name><![CDATA[empleo-anterior]]></wp:post_name>
		<wp:status><![CDATA[publish]]></wp:status>
		<wp:post_parent>0</wp:post_parent>
		<wp:menu_order>0</wp:menu_order>
		<wp:post_type><![CDATA[valpa_preguntas_pt]]></wp:post_type>
		<wp:post_password><![CDATA[]]></wp:post_password>
		<wp:is_sticky>0</wp:is_sticky>
														<wp:postmeta>
		<wp:meta_key><![CDATA[_edit_last]]></wp:meta_key>
		<wp:meta_value><![CDATA[1]]></wp:meta_value>
		</wp:postmeta>
							<wp:postmeta>
		<wp:meta_key><![CDATA[tipo_pregunta_puesto_meta]]></wp:meta_key>
		<wp:meta_value><![CDATA[a:1:{i:0;s:15:"Opcion multiple";}]]></wp:meta_value>
		</wp:postmeta>
							<wp:postmeta>
		<wp:meta_key><![CDATA[caracteres_input_meta]]></wp:meta_key>
		<wp:meta_value><![CDATA[]]></wp:meta_value>
		</wp:postmeta>
							<wp:postmeta>
		<wp:meta_key><![CDATA[opciones_input_meta]]></wp:meta_key>
		<wp:meta_value><![CDATA[Si,No]]></wp:meta_value>
		</wp:postmeta>
							<wp:postmeta>
		<wp:meta_key><![CDATA[_wp_old_date]]></wp:meta_key>
		<wp:meta_value><![CDATA[2020-07-31]]></wp:meta_value>
		</wp:postmeta>
							<wp:postmeta>
		<wp:meta_key><![CDATA[_wp_old_date]]></wp:meta_key>
		<wp:meta_value><![CDATA[2020-07-10]]></wp:meta_value>
		</wp:postmeta>
							<wp:postmeta>
		<wp:meta_key><![CDATA[_wp_old_date]]></wp:meta_key>
		<wp:meta_value><![CDATA[2020-07-14]]></wp:meta_value>
		</wp:postmeta>
							<wp:postmeta>
		<wp:meta_key><![CDATA[_wp_old_date]]></wp:meta_key>
		<wp:meta_value><![CDATA[2020-07-15]]></wp:meta_value>
		</wp:postmeta>
							</item>
					<item>
		<title><![CDATA[Â¿Esta dispuesto a cambiar de Residencia?]]></title>
		<link>http://localhost/sass-wp/valpa_preguntas_pt/esta-dispuesto-a-cambiar-de-residencia/</link>
		<pubDate>Fri, 17 Jul 2020 16:37:56 +0000</pubDate>
		<dc:creator><![CDATA[webmaster]]></dc:creator>
		<guid isPermaLink="false">http://valparaiso.com.mx/?post_type=valpa_preguntas_pt&#038;p=78</guid>
		<description></description>
		<content:encoded><![CDATA[]]></content:encoded>
		<excerpt:encoded><![CDATA[]]></excerpt:encoded>
		<wp:post_id>78</wp:post_id>
		<wp:post_date><![CDATA[2020-07-17 16:37:56]]></wp:post_date>
		<wp:post_date_gmt><![CDATA[2020-07-17 16:37:56]]></wp:post_date_gmt>
		<wp:post_modified><![CDATA[2020-07-17 16:37:56]]></wp:post_modified>
		<wp:post_modified_gmt><![CDATA[2020-07-17 16:37:56]]></wp:post_modified_gmt>
		<wp:comment_status><![CDATA[closed]]></wp:comment_status>
		<wp:ping_status><![CDATA[closed]]></wp:ping_status>
		<wp:post_name><![CDATA[esta-dispuesto-a-cambiar-de-residencia]]></wp:post_name>
		<wp:status><![CDATA[publish]]></wp:status>
		<wp:post_parent>0</wp:post_parent>
		<wp:menu_order>0</wp:menu_order>
		<wp:post_type><![CDATA[valpa_preguntas_pt]]></wp:post_type>
		<wp:post_password><![CDATA[]]></wp:post_password>
		<wp:is_sticky>0</wp:is_sticky>
														<wp:postmeta>
		<wp:meta_key><![CDATA[_edit_last]]></wp:meta_key>
		<wp:meta_value><![CDATA[1]]></wp:meta_value>
		</wp:postmeta>
							<wp:postmeta>
		<wp:meta_key><![CDATA[tipo_pregunta_puesto_meta]]></wp:meta_key>
		<wp:meta_value><![CDATA[a:1:{i:0;s:7:"Buleano";}]]></wp:meta_value>
		</wp:postmeta>
							<wp:postmeta>
		<wp:meta_key><![CDATA[caracteres_input_meta]]></wp:meta_key>
		<wp:meta_value><![CDATA[]]></wp:meta_value>
		</wp:postmeta>
							<wp:postmeta>
		<wp:meta_key><![CDATA[opciones_input_meta]]></wp:meta_key>
		<wp:meta_value><![CDATA[Si, No]]></wp:meta_value>
		</wp:postmeta>
							<wp:postmeta>
		<wp:meta_key><![CDATA[_wp_old_date]]></wp:meta_key>
		<wp:meta_value><![CDATA[2020-07-31]]></wp:meta_value>
		</wp:postmeta>
							<wp:postmeta>
		<wp:meta_key><![CDATA[_wp_old_date]]></wp:meta_key>
		<wp:meta_value><![CDATA[2020-07-11]]></wp:meta_value>
		</wp:postmeta>
							<wp:postmeta>
		<wp:meta_key><![CDATA[_wp_old_date]]></wp:meta_key>
		<wp:meta_value><![CDATA[2020-07-15]]></wp:meta_value>
		</wp:postmeta>
							<wp:postmeta>
		<wp:meta_key><![CDATA[_wp_old_date]]></wp:meta_key>
		<wp:meta_value><![CDATA[2020-07-16]]></wp:meta_value>
		</wp:postmeta>
							</item>
					<item>
		<title><![CDATA[Â¿Porque medio se entero de la vacante?]]></title>
		<link>http://localhost/sass-wp/valpa_preguntas_pt/porque-medio-se-entero-de-la-vacante/</link>
		<pubDate>Mon, 13 Jul 2020 16:39:09 +0000</pubDate>
		<dc:creator><![CDATA[webmaster]]></dc:creator>
		<guid isPermaLink="false">http://valparaiso.com.mx/?post_type=valpa_preguntas_pt&#038;p=79</guid>
		<description></description>
		<content:encoded><![CDATA[]]></content:encoded>
		<excerpt:encoded><![CDATA[]]></excerpt:encoded>
		<wp:post_id>79</wp:post_id>
		<wp:post_date><![CDATA[2020-07-13 16:39:09]]></wp:post_date>
		<wp:post_date_gmt><![CDATA[2020-07-13 16:39:09]]></wp:post_date_gmt>
		<wp:post_modified><![CDATA[2020-07-13 16:39:09]]></wp:post_modified>
		<wp:post_modified_gmt><![CDATA[2020-07-13 16:39:09]]></wp:post_modified_gmt>
		<wp:comment_status><![CDATA[closed]]></wp:comment_status>
		<wp:ping_status><![CDATA[closed]]></wp:ping_status>
		<wp:post_name><![CDATA[porque-medio-se-entero-de-la-vacante]]></wp:post_name>
		<wp:status><![CDATA[publish]]></wp:status>
		<wp:post_parent>0</wp:post_parent>
		<wp:menu_order>0</wp:menu_order>
		<wp:post_type><![CDATA[valpa_preguntas_pt]]></wp:post_type>
		<wp:post_password><![CDATA[]]></wp:post_password>
		<wp:is_sticky>0</wp:is_sticky>
														<wp:postmeta>
		<wp:meta_key><![CDATA[_edit_last]]></wp:meta_key>
		<wp:meta_value><![CDATA[1]]></wp:meta_value>
		</wp:postmeta>
							<wp:postmeta>
		<wp:meta_key><![CDATA[tipo_pregunta_puesto_meta]]></wp:meta_key>
		<wp:meta_value><![CDATA[a:1:{i:0;s:7:"Buleano";}]]></wp:meta_value>
		</wp:postmeta>
							<wp:postmeta>
		<wp:meta_key><![CDATA[caracteres_input_meta]]></wp:meta_key>
		<wp:meta_value><![CDATA[]]></wp:meta_value>
		</wp:postmeta>
							<wp:postmeta>
		<wp:meta_key><![CDATA[opciones_input_meta]]></wp:meta_key>
		<wp:meta_value><![CDATA[Facebook, SNE, Indeed,Computrabajo]]></wp:meta_value>
		</wp:postmeta>
							<wp:postmeta>
		<wp:meta_key><![CDATA[_wp_old_date]]></wp:meta_key>
		<wp:meta_value><![CDATA[2020-07-31]]></wp:meta_value>
		</wp:postmeta>
							<wp:postmeta>
		<wp:meta_key><![CDATA[_wp_old_date]]></wp:meta_key>
		<wp:meta_value><![CDATA[2020-07-09]]></wp:meta_value>
		</wp:postmeta>
							</item>
					<item>
		<title><![CDATA[Â¿Como considera su estado de salud actual?]]></title>
		<link>http://localhost/sass-wp/valpa_preguntas_pt/como-considera-su-estado-de-salud-actual/</link>
		<pubDate>Mon, 13 Jul 2020 16:40:16 +0000</pubDate>
		<dc:creator><![CDATA[webmaster]]></dc:creator>
		<guid isPermaLink="false">http://valparaiso.com.mx/?post_type=valpa_preguntas_pt&#038;p=80</guid>
		<description></description>
		<content:encoded><![CDATA[]]></content:encoded>
		<excerpt:encoded><![CDATA[]]></excerpt:encoded>
		<wp:post_id>80</wp:post_id>
		<wp:post_date><![CDATA[2020-07-13 16:40:16]]></wp:post_date>
		<wp:post_date_gmt><![CDATA[2020-07-13 16:40:16]]></wp:post_date_gmt>
		<wp:post_modified><![CDATA[2020-07-13 16:40:16]]></wp:post_modified>
		<wp:post_modified_gmt><![CDATA[2020-07-13 16:40:16]]></wp:post_modified_gmt>
		<wp:comment_status><![CDATA[closed]]></wp:comment_status>
		<wp:ping_status><![CDATA[closed]]></wp:ping_status>
		<wp:post_name><![CDATA[como-considera-su-estado-de-salud-actual]]></wp:post_name>
		<wp:status><![CDATA[publish]]></wp:status>
		<wp:post_parent>0</wp:post_parent>
		<wp:menu_order>0</wp:menu_order>
		<wp:post_type><![CDATA[valpa_preguntas_pt]]></wp:post_type>
		<wp:post_password><![CDATA[]]></wp:post_password>
		<wp:is_sticky>0</wp:is_sticky>
														<wp:postmeta>
		<wp:meta_key><![CDATA[_edit_last]]></wp:meta_key>
		<wp:meta_value><![CDATA[1]]></wp:meta_value>
		</wp:postmeta>
							<wp:postmeta>
		<wp:meta_key><![CDATA[tipo_pregunta_puesto_meta]]></wp:meta_key>
		<wp:meta_value><![CDATA[a:1:{i:0;s:7:"Buleano";}]]></wp:meta_value>
		</wp:postmeta>
							<wp:postmeta>
		<wp:meta_key><![CDATA[caracteres_input_meta]]></wp:meta_key>
		<wp:meta_value><![CDATA[]]></wp:meta_value>
		</wp:postmeta>
							<wp:postmeta>
		<wp:meta_key><![CDATA[opciones_input_meta]]></wp:meta_key>
		<wp:meta_value><![CDATA[Bueno, Regular, Malo]]></wp:meta_value>
		</wp:postmeta>
							<wp:postmeta>
		<wp:meta_key><![CDATA[_wp_old_date]]></wp:meta_key>
		<wp:meta_value><![CDATA[2020-07-31]]></wp:meta_value>
		</wp:postmeta>
							<wp:postmeta>
		<wp:meta_key><![CDATA[_wp_old_date]]></wp:meta_key>
		<wp:meta_value><![CDATA[2020-07-12]]></wp:meta_value>
		</wp:postmeta>
							<wp:postmeta>
		<wp:meta_key><![CDATA[_wp_old_date]]></wp:meta_key>
		<wp:meta_value><![CDATA[2020-07-16]]></wp:meta_value>
		</wp:postmeta>
							</item>
					<item>
		<title><![CDATA[Â¿Padece alguna enfermedad Cronica?]]></title>
		<link>http://localhost/sass-wp/valpa_preguntas_pt/padece-alguna-enfermedad-cronica/</link>
		<pubDate>Tue, 14 Jul 2020 16:43:43 +0000</pubDate>
		<dc:creator><![CDATA[webmaster]]></dc:creator>
		<guid isPermaLink="false">http://valparaiso.com.mx/?post_type=valpa_preguntas_pt&#038;p=82</guid>
		<description></description>
		<content:encoded><![CDATA[]]></content:encoded>
		<excerpt:encoded><![CDATA[]]></excerpt:encoded>
		<wp:post_id>82</wp:post_id>
		<wp:post_date><![CDATA[2020-07-14 16:43:43]]></wp:post_date>
		<wp:post_date_gmt><![CDATA[2020-07-14 16:43:43]]></wp:post_date_gmt>
		<wp:post_modified><![CDATA[2020-07-14 16:43:43]]></wp:post_modified>
		<wp:post_modified_gmt><![CDATA[2020-07-14 16:43:43]]></wp:post_modified_gmt>
		<wp:comment_status><![CDATA[closed]]></wp:comment_status>
		<wp:ping_status><![CDATA[closed]]></wp:ping_status>
		<wp:post_name><![CDATA[padece-alguna-enfermedad-cronica]]></wp:post_name>
		<wp:status><![CDATA[publish]]></wp:status>
		<wp:post_parent>0</wp:post_parent>
		<wp:menu_order>0</wp:menu_order>
		<wp:post_type><![CDATA[valpa_preguntas_pt]]></wp:post_type>
		<wp:post_password><![CDATA[]]></wp:post_password>
		<wp:is_sticky>0</wp:is_sticky>
														<wp:postmeta>
		<wp:meta_key><![CDATA[_edit_last]]></wp:meta_key>
		<wp:meta_value><![CDATA[1]]></wp:meta_value>
		</wp:postmeta>
							<wp:postmeta>
		<wp:meta_key><![CDATA[tipo_pregunta_puesto_meta]]></wp:meta_key>
		<wp:meta_value><![CDATA[a:1:{i:0;s:7:"Buleano";}]]></wp:meta_value>
		</wp:postmeta>
							<wp:postmeta>
		<wp:meta_key><![CDATA[caracteres_input_meta]]></wp:meta_key>
		<wp:meta_value><![CDATA[2]]></wp:meta_value>
		</wp:postmeta>
							<wp:postmeta>
		<wp:meta_key><![CDATA[opciones_input_meta]]></wp:meta_key>
		<wp:meta_value><![CDATA[No, Si , Explique]]></wp:meta_value>
		</wp:postmeta>
							<wp:postmeta>
		<wp:meta_key><![CDATA[_wp_old_date]]></wp:meta_key>
		<wp:meta_value><![CDATA[2020-07-31]]></wp:meta_value>
		</wp:postmeta>
							<wp:postmeta>
		<wp:meta_key><![CDATA[_wp_old_date]]></wp:meta_key>
		<wp:meta_value><![CDATA[2020-07-13]]></wp:meta_value>
		</wp:postmeta>
							</item>
					<item>
		<title><![CDATA[Explique sus enfermedas crÃ³nicas]]></title>
		<link>http://localhost/sass-wp/valpa_preguntas_pt/explique-sus-enfermedas-cronicas/</link>
		<pubDate>Wed, 15 Jul 2020 22:27:43 +0000</pubDate>
		<dc:creator><![CDATA[webmaster]]></dc:creator>
		<guid isPermaLink="false">http://valparaiso.com.mx/?post_type=valpa_preguntas_pt&#038;p=87</guid>
		<description></description>
		<content:encoded><![CDATA[]]></content:encoded>
		<excerpt:encoded><![CDATA[]]></excerpt:encoded>
		<wp:post_id>87</wp:post_id>
		<wp:post_date><![CDATA[2020-07-15 22:27:43]]></wp:post_date>
		<wp:post_date_gmt><![CDATA[2020-07-15 22:27:43]]></wp:post_date_gmt>
		<wp:post_modified><![CDATA[2020-07-15 22:27:43]]></wp:post_modified>
		<wp:post_modified_gmt><![CDATA[2020-07-15 22:27:43]]></wp:post_modified_gmt>
		<wp:comment_status><![CDATA[closed]]></wp:comment_status>
		<wp:ping_status><![CDATA[closed]]></wp:ping_status>
		<wp:post_name><![CDATA[explique-sus-enfermedas-cronicas]]></wp:post_name>
		<wp:status><![CDATA[publish]]></wp:status>
		<wp:post_parent>0</wp:post_parent>
		<wp:menu_order>0</wp:menu_order>
		<wp:post_type><![CDATA[valpa_preguntas_pt]]></wp:post_type>
		<wp:post_password><![CDATA[]]></wp:post_password>
		<wp:is_sticky>0</wp:is_sticky>
														<wp:postmeta>
		<wp:meta_key><![CDATA[_edit_last]]></wp:meta_key>
		<wp:meta_value><![CDATA[1]]></wp:meta_value>
		</wp:postmeta>
							<wp:postmeta>
		<wp:meta_key><![CDATA[tipo_pregunta_puesto_meta]]></wp:meta_key>
		<wp:meta_value><![CDATA[a:1:{i:0;s:7:"Parrafo";}]]></wp:meta_value>
		</wp:postmeta>
							<wp:postmeta>
		<wp:meta_key><![CDATA[caracteres_input_meta]]></wp:meta_key>
		<wp:meta_value><![CDATA[]]></wp:meta_value>
		</wp:postmeta>
							<wp:postmeta>
		<wp:meta_key><![CDATA[opciones_input_meta]]></wp:meta_key>
		<wp:meta_value><![CDATA[]]></wp:meta_value>
		</wp:postmeta>
							<wp:postmeta>
		<wp:meta_key><![CDATA[_wp_old_date]]></wp:meta_key>
		<wp:meta_value><![CDATA[2020-07-31]]></wp:meta_value>
		</wp:postmeta>
							<wp:postmeta>
		<wp:meta_key><![CDATA[_wp_old_date]]></wp:meta_key>
		<wp:meta_value><![CDATA[2020-07-14]]></wp:meta_value>
		</wp:postmeta>
							</item>
					<item>
		<title><![CDATA[Puesto desempeÃ±ado]]></title>
		<link>http://localhost/sass-wp/valpa_preguntas_pt/puesto-desempenado/</link>
		<pubDate>Fri, 10 Jul 2020 23:25:29 +0000</pubDate>
		<dc:creator><![CDATA[webmaster]]></dc:creator>
		<guid isPermaLink="false">http://valparaiso.com.mx/?post_type=valpa_preguntas_pt&#038;p=92</guid>
		<description></description>
		<content:encoded><![CDATA[]]></content:encoded>
		<excerpt:encoded><![CDATA[]]></excerpt:encoded>
		<wp:post_id>92</wp:post_id>
		<wp:post_date><![CDATA[2020-07-10 23:25:29]]></wp:post_date>
		<wp:post_date_gmt><![CDATA[2020-07-10 23:25:29]]></wp:post_date_gmt>
		<wp:post_modified><![CDATA[2020-07-10 23:25:29]]></wp:post_modified>
		<wp:post_modified_gmt><![CDATA[2020-07-10 23:25:29]]></wp:post_modified_gmt>
		<wp:comment_status><![CDATA[closed]]></wp:comment_status>
		<wp:ping_status><![CDATA[closed]]></wp:ping_status>
		<wp:post_name><![CDATA[puesto-desempenado]]></wp:post_name>
		<wp:status><![CDATA[publish]]></wp:status>
		<wp:post_parent>0</wp:post_parent>
		<wp:menu_order>0</wp:menu_order>
		<wp:post_type><![CDATA[valpa_preguntas_pt]]></wp:post_type>
		<wp:post_password><![CDATA[]]></wp:post_password>
		<wp:is_sticky>0</wp:is_sticky>
														<wp:postmeta>
		<wp:meta_key><![CDATA[_edit_last]]></wp:meta_key>
		<wp:meta_value><![CDATA[1]]></wp:meta_value>
		</wp:postmeta>
							<wp:postmeta>
		<wp:meta_key><![CDATA[_wp_old_date]]></wp:meta_key>
		<wp:meta_value><![CDATA[2020-07-31]]></wp:meta_value>
		</wp:postmeta>
							<wp:postmeta>
		<wp:meta_key><![CDATA[tipo_pregunta_puesto_meta]]></wp:meta_key>
		<wp:meta_value><![CDATA[a:1:{i:0;s:5:"Texto";}]]></wp:meta_value>
		</wp:postmeta>
							<wp:postmeta>
		<wp:meta_key><![CDATA[caracteres_input_meta]]></wp:meta_key>
		<wp:meta_value><![CDATA[]]></wp:meta_value>
		</wp:postmeta>
							<wp:postmeta>
		<wp:meta_key><![CDATA[opciones_input_meta]]></wp:meta_key>
		<wp:meta_value><![CDATA[]]></wp:meta_value>
		</wp:postmeta>
							</item>
					<item>
		<title><![CDATA[Actividades que realizo]]></title>
		<link>http://localhost/sass-wp/valpa_preguntas_pt/actividades-que-realizo/</link>
		<pubDate>Sat, 11 Jul 2020 23:25:47 +0000</pubDate>
		<dc:creator><![CDATA[webmaster]]></dc:creator>
		<guid isPermaLink="false">http://valparaiso.com.mx/?post_type=valpa_preguntas_pt&#038;p=93</guid>
		<description></description>
		<content:encoded><![CDATA[]]></content:encoded>
		<excerpt:encoded><![CDATA[]]></excerpt:encoded>
		<wp:post_id>93</wp:post_id>
		<wp:post_date><![CDATA[2020-07-11 23:25:47]]></wp:post_date>
		<wp:post_date_gmt><![CDATA[2020-07-11 23:25:47]]></wp:post_date_gmt>
		<wp:post_modified><![CDATA[2020-07-11 23:25:47]]></wp:post_modified>
		<wp:post_modified_gmt><![CDATA[2020-07-11 23:25:47]]></wp:post_modified_gmt>
		<wp:comment_status><![CDATA[closed]]></wp:comment_status>
		<wp:ping_status><![CDATA[closed]]></wp:ping_status>
		<wp:post_name><![CDATA[actividades-que-realizo]]></wp:post_name>
		<wp:status><![CDATA[publish]]></wp:status>
		<wp:post_parent>0</wp:post_parent>
		<wp:menu_order>0</wp:menu_order>
		<wp:post_type><![CDATA[valpa_preguntas_pt]]></wp:post_type>
		<wp:post_password><![CDATA[]]></wp:post_password>
		<wp:is_sticky>0</wp:is_sticky>
														<wp:postmeta>
		<wp:meta_key><![CDATA[_edit_last]]></wp:meta_key>
		<wp:meta_value><![CDATA[1]]></wp:meta_value>
		</wp:postmeta>
							<wp:postmeta>
		<wp:meta_key><![CDATA[_wp_old_date]]></wp:meta_key>
		<wp:meta_value><![CDATA[2020-07-31]]></wp:meta_value>
		</wp:postmeta>
							<wp:postmeta>
		<wp:meta_key><![CDATA[tipo_pregunta_puesto_meta]]></wp:meta_key>
		<wp:meta_value><![CDATA[a:1:{i:0;s:7:"Parrafo";}]]></wp:meta_value>
		</wp:postmeta>
							<wp:postmeta>
		<wp:meta_key><![CDATA[caracteres_input_meta]]></wp:meta_key>
		<wp:meta_value><![CDATA[]]></wp:meta_value>
		</wp:postmeta>
							<wp:postmeta>
		<wp:meta_key><![CDATA[opciones_input_meta]]></wp:meta_key>
		<wp:meta_value><![CDATA[]]></wp:meta_value>
		</wp:postmeta>
							</item>
					<item>
		<title><![CDATA[Motivo de separaciÃ³n]]></title>
		<link>http://localhost/sass-wp/valpa_preguntas_pt/motivo-de-separacion/</link>
		<pubDate>Sun, 12 Jul 2020 23:26:20 +0000</pubDate>
		<dc:creator><![CDATA[webmaster]]></dc:creator>
		<guid isPermaLink="false">http://valparaiso.com.mx/?post_type=valpa_preguntas_pt&#038;p=94</guid>
		<description></description>
		<content:encoded><![CDATA[]]></content:encoded>
		<excerpt:encoded><![CDATA[]]></excerpt:encoded>
		<wp:post_id>94</wp:post_id>
		<wp:post_date><![CDATA[2020-07-12 23:26:20]]></wp:post_date>
		<wp:post_date_gmt><![CDATA[2020-07-12 23:26:20]]></wp:post_date_gmt>
		<wp:post_modified><![CDATA[2020-07-12 23:26:20]]></wp:post_modified>
		<wp:post_modified_gmt><![CDATA[2020-07-12 23:26:20]]></wp:post_modified_gmt>
		<wp:comment_status><![CDATA[closed]]></wp:comment_status>
		<wp:ping_status><![CDATA[closed]]></wp:ping_status>
		<wp:post_name><![CDATA[motivo-de-separacion]]></wp:post_name>
		<wp:status><![CDATA[publish]]></wp:status>
		<wp:post_parent>0</wp:post_parent>
		<wp:menu_order>0</wp:menu_order>
		<wp:post_type><![CDATA[valpa_preguntas_pt]]></wp:post_type>
		<wp:post_password><![CDATA[]]></wp:post_password>
		<wp:is_sticky>0</wp:is_sticky>
														<wp:postmeta>
		<wp:meta_key><![CDATA[_edit_last]]></wp:meta_key>
		<wp:meta_value><![CDATA[1]]></wp:meta_value>
		</wp:postmeta>
							<wp:postmeta>
		<wp:meta_key><![CDATA[_wp_old_date]]></wp:meta_key>
		<wp:meta_value><![CDATA[2020-07-31]]></wp:meta_value>
		</wp:postmeta>
							<wp:postmeta>
		<wp:meta_key><![CDATA[tipo_pregunta_puesto_meta]]></wp:meta_key>
		<wp:meta_value><![CDATA[a:1:{i:0;s:7:"Parrafo";}]]></wp:meta_value>
		</wp:postmeta>
							<wp:postmeta>
		<wp:meta_key><![CDATA[caracteres_input_meta]]></wp:meta_key>
		<wp:meta_value><![CDATA[]]></wp:meta_value>
		</wp:postmeta>
							<wp:postmeta>
		<wp:meta_key><![CDATA[opciones_input_meta]]></wp:meta_key>
		<wp:meta_value><![CDATA[]]></wp:meta_value>
		</wp:postmeta>
							</item>
					<item>
		<title><![CDATA[Responsable de almacÃ©n y logÃ­stica]]></title>
		<link>http://localhost/sass-wp/?post_type=valpa_trabajos_pt&#038;p=137</link>
		<pubDate>Sat, 22 Aug 2020 18:35:24 +0000</pubDate>
		<dc:creator><![CDATA[webmaster]]></dc:creator>
		<guid isPermaLink="false">http://valparaiso.com.mx/?post_type=valpa_trabajos_pt&#038;p=137</guid>
		<description></description>
		<content:encoded><![CDATA[Buscamos un responsable de almacÃ©n eficiente para dirigir las actividades de almacenaje, manejo de personal y control de autos. AdemÃ¡s de brindar el servicio oportuno y de calidad a nuestros clientes internos y externos.]]></content:encoded>
		<excerpt:encoded><![CDATA[]]></excerpt:encoded>
		<wp:post_id>137</wp:post_id>
		<wp:post_date><![CDATA[2020-08-22 18:35:24]]></wp:post_date>
		<wp:post_date_gmt><![CDATA[2020-08-22 18:35:24]]></wp:post_date_gmt>
		<wp:post_modified><![CDATA[2020-08-22 18:35:24]]></wp:post_modified>
		<wp:post_modified_gmt><![CDATA[2020-08-22 18:35:24]]></wp:post_modified_gmt>
		<wp:comment_status><![CDATA[closed]]></wp:comment_status>
		<wp:ping_status><![CDATA[closed]]></wp:ping_status>
		<wp:post_name><![CDATA[responsable-de-almacen-y-logistica]]></wp:post_name>
		<wp:status><![CDATA[draft]]></wp:status>
		<wp:post_parent>0</wp:post_parent>
		<wp:menu_order>0</wp:menu_order>
		<wp:post_type><![CDATA[valpa_trabajos_pt]]></wp:post_type>
		<wp:post_password><![CDATA[]]></wp:post_password>
		<wp:is_sticky>0</wp:is_sticky>
														<wp:postmeta>
		<wp:meta_key><![CDATA[_edit_last]]></wp:meta_key>
		<wp:meta_value><![CDATA[1]]></wp:meta_value>
		</wp:postmeta>
							<wp:postmeta>
		<wp:meta_key><![CDATA[valpa_info_puesto_]]></wp:meta_key>
		<wp:meta_value><![CDATA[a:5:{i:1;a:2:{s:4:"desc";s:5:"Sexo:";s:4:"link";s:9:"Masculino";}i:2;a:2:{s:4:"desc";s:5:"Edad:";s:4:"link";s:13:"30 a 50 aÃ±os";}i:3;a:2:{s:4:"desc";s:12:"Escolaridad:";s:4:"link";s:39:"Bachillerato o Tecnico / Carrera trunca";}i:4;a:2:{s:4:"desc";s:19:"Licencia de Manejo:";s:4:"link";s:7:"Vigente";}i:5;a:2:{s:4:"desc";s:0:"";s:4:"link";s:0:"";}}]]></wp:meta_value>
		</wp:postmeta>
							<wp:postmeta>
		<wp:meta_key><![CDATA[valpa_log_links_]]></wp:meta_key>
		<wp:meta_value><![CDATA[a:2:{i:1;a:2:{s:4:"desc";s:1:"A";s:4:"link";s:1:"A";}i:2;a:2:{s:4:"desc";s:0:"";s:4:"link";s:0:"";}}]]></wp:meta_value>
		</wp:postmeta>
							<wp:postmeta>
		<wp:meta_key><![CDATA[tareas_puesto_meta]]></wp:meta_key>
		<wp:meta_value><![CDATA[-Planea y programa los Recursos materiales para brindar los servicios requeridos.
-Control de almacÃ©n, registro de entradas y salidas (productos y equipos necesarios para servicio).
-AsignaciÃ³n y control de los vehÃ­culos.
-Supervisar y administrar el personal y se asegura que cumplan con las normas de la empresa.
-Delega las actividades operativas para el cumplimiento de los objetivos.
-Seguimiento de procesos y registros.

]]></wp:meta_value>
		</wp:postmeta>
							<wp:postmeta>
		<wp:meta_key><![CDATA[experiencia_previa_meta]]></wp:meta_key>
		<wp:meta_value><![CDATA[Auxiliar de almacÃ©n, Analista logÃ­stica-almacÃ©n, Operador de logÃ­stica, Responsable de almacÃ©n, Seguimiento de procesos operativos, Etc.]]></wp:meta_value>
		</wp:postmeta>
							<wp:postmeta>
		<wp:meta_key><![CDATA[publico_objetivo_meta]]></wp:meta_key>
		<wp:meta_value><![CDATA[Hombre 
34 a 50 aÃ±os 
]]></wp:meta_value>
		</wp:postmeta>
							<wp:postmeta>
		<wp:meta_key><![CDATA[preguntas_puesto_meta]]></wp:meta_key>
		<wp:meta_value><![CDATA[a:19:{i:0;s:2:"48";i:1;s:2:"57";i:2;s:2:"26";i:3;s:2:"89";i:4;s:2:"74";i:5;s:2:"75";i:6;s:3:"138";i:7;s:2:"58";i:8;s:2:"90";i:9;s:2:"91";i:10;s:2:"92";i:11;s:2:"93";i:12;s:2:"94";i:13;s:2:"79";i:14;s:2:"80";i:15;s:2:"82";i:16;s:2:"87";i:17;s:2:"76";i:18;s:2:"78";}]]></wp:meta_value>
		</wp:postmeta>
							<wp:postmeta>
		<wp:meta_key><![CDATA[sucursal_relacionada_meta]]></wp:meta_key>
		<wp:meta_value><![CDATA[a:1:{i:0;s:2:"22";}]]></wp:meta_value>
		</wp:postmeta>
							<wp:postmeta>
		<wp:meta_key><![CDATA[documentos_necesarios_meta]]></wp:meta_key>
		<wp:meta_value><![CDATA[a:8:{i:0;s:2:"24";i:1;s:2:"25";i:2;s:2:"60";i:3;s:2:"64";i:4;s:2:"63";i:5;s:2:"62";i:6;s:3:"107";i:7;s:3:"134";}]]></wp:meta_value>
		</wp:postmeta>
							<wp:postmeta>
		<wp:meta_key><![CDATA[_thumbnail_id]]></wp:meta_key>
		<wp:meta_value><![CDATA[3868]]></wp:meta_value>
		</wp:postmeta>
							<wp:postmeta>
		<wp:meta_key><![CDATA[_wp_old_date]]></wp:meta_key>
		<wp:meta_value><![CDATA[2020-08-07]]></wp:meta_value>
		</wp:postmeta>
							</item>
					<item>
		<title><![CDATA[Auxiliar Administrativo]]></title>
		<link>http://localhost/sass-wp/?post_type=valpa_trabajos_pt&#038;p=159</link>
		<pubDate>Sat, 22 Aug 2020 18:30:35 +0000</pubDate>
		<dc:creator><![CDATA[webmaster]]></dc:creator>
		<guid isPermaLink="false">http://valparaiso.com.mx/?post_type=valpa_trabajos_pt&#038;p=159</guid>
		<description></description>
		<content:encoded><![CDATA[Buscamos una persona responsable, organizada, con iniciativa y pro-activa, para realizar actividades administrativas,Â a fin de cumplir con las metas establecidas mediante PlaneaciÃ³n yÂ  control de los recursos humanos, materiales y financieros a las Ã¡reas correspondientes.]]></content:encoded>
		<excerpt:encoded><![CDATA[]]></excerpt:encoded>
		<wp:post_id>159</wp:post_id>
		<wp:post_date><![CDATA[2020-08-22 18:30:35]]></wp:post_date>
		<wp:post_date_gmt><![CDATA[2020-08-22 18:30:35]]></wp:post_date_gmt>
		<wp:post_modified><![CDATA[2020-08-22 18:30:35]]></wp:post_modified>
		<wp:post_modified_gmt><![CDATA[2020-08-22 18:30:35]]></wp:post_modified_gmt>
		<wp:comment_status><![CDATA[closed]]></wp:comment_status>
		<wp:ping_status><![CDATA[closed]]></wp:ping_status>
		<wp:post_name><![CDATA[auxiliar-administrativo]]></wp:post_name>
		<wp:status><![CDATA[draft]]></wp:status>
		<wp:post_parent>0</wp:post_parent>
		<wp:menu_order>0</wp:menu_order>
		<wp:post_type><![CDATA[valpa_trabajos_pt]]></wp:post_type>
		<wp:post_password><![CDATA[]]></wp:post_password>
		<wp:is_sticky>0</wp:is_sticky>
														<wp:postmeta>
		<wp:meta_key><![CDATA[_edit_last]]></wp:meta_key>
		<wp:meta_value><![CDATA[1]]></wp:meta_value>
		</wp:postmeta>
							<wp:postmeta>
		<wp:meta_key><![CDATA[valpa_info_puesto_]]></wp:meta_key>
		<wp:meta_value><![CDATA[a:4:{i:1;a:2:{s:4:"desc";s:5:"Edad:";s:4:"link";s:13:"28 a 45 aÃ±os";}i:2;a:2:{s:4:"desc";s:5:"Sexo:";s:4:"link";s:10:"Indistinto";}i:3;a:2:{s:4:"desc";s:13:"Escolaridad: ";s:4:"link";s:38:"Lic. en AdmÃ³n, Contabilidad, o a fin ";}i:4;a:2:{s:4:"desc";s:0:"";s:4:"link";s:0:"";}}]]></wp:meta_value>
		</wp:postmeta>
							<wp:postmeta>
		<wp:meta_key><![CDATA[valpa_log_links_]]></wp:meta_key>
		<wp:meta_value><![CDATA[a:2:{i:1;a:2:{s:4:"desc";s:1:"A";s:4:"link";s:1:"A";}i:2;a:2:{s:4:"desc";s:0:"";s:4:"link";s:0:"";}}]]></wp:meta_value>
		</wp:postmeta>
							<wp:postmeta>
		<wp:meta_key><![CDATA[tareas_puesto_meta]]></wp:meta_key>
		<wp:meta_value><![CDATA[Gestionar con el Ã¡rea administrativa, los recursos financieros y servicios generales que requiera.]]></wp:meta_value>
		</wp:postmeta>
							<wp:postmeta>
		<wp:meta_key><![CDATA[experiencia_previa_meta]]></wp:meta_key>
		<wp:meta_value><![CDATA[Auxiliar Contable, Auxiliar Administrativo, AdministraciÃ³n de sucursal, Administrativo de sucursal , Control Interno, Caja.]]></wp:meta_value>
		</wp:postmeta>
							<wp:postmeta>
		<wp:meta_key><![CDATA[publico_objetivo_meta]]></wp:meta_key>
		<wp:meta_value><![CDATA[Hombre o mujer de 23 a 45 aÃ±os]]></wp:meta_value>
		</wp:postmeta>
							<wp:postmeta>
		<wp:meta_key><![CDATA[preguntas_puesto_meta]]></wp:meta_key>
		<wp:meta_value><![CDATA[a:18:{i:0;s:2:"48";i:1;s:2:"57";i:2;s:2:"26";i:3;s:2:"89";i:4;s:2:"74";i:5;s:2:"75";i:6;s:2:"58";i:7;s:2:"90";i:8;s:2:"91";i:9;s:2:"92";i:10;s:2:"93";i:11;s:2:"94";i:12;s:2:"79";i:13;s:2:"80";i:14;s:2:"82";i:15;s:2:"87";i:16;s:2:"76";i:17;s:2:"78";}]]></wp:meta_value>
		</wp:postmeta>
							<wp:postmeta>
		<wp:meta_key><![CDATA[documentos_necesarios_meta]]></wp:meta_key>
		<wp:meta_value><![CDATA[a:9:{i:0;s:2:"24";i:1;s:2:"25";i:2;s:2:"60";i:3;s:2:"64";i:4;s:2:"63";i:5;s:2:"62";i:6;s:3:"107";i:7;s:3:"134";i:8;s:3:"154";}]]></wp:meta_value>
		</wp:postmeta>
							<wp:postmeta>
		<wp:meta_key><![CDATA[_wp_old_date]]></wp:meta_key>
		<wp:meta_value><![CDATA[2020-08-21]]></wp:meta_value>
		</wp:postmeta>
							<wp:postmeta>
		<wp:meta_key><![CDATA[sucursal_relacionada_meta]]></wp:meta_key>
		<wp:meta_value><![CDATA[a:1:{i:0;s:2:"22";}]]></wp:meta_value>
		</wp:postmeta>
							<wp:postmeta>
		<wp:meta_key><![CDATA[_thumbnail_id]]></wp:meta_key>
		<wp:meta_value><![CDATA[3869]]></wp:meta_value>
		</wp:postmeta>
							</item>
					<item>
		<title><![CDATA[Ixtlahuaca]]></title>
		<link>http://localhost/sass-wp/?post_type=valpa_sucursales_pt&#038;p=3423</link>
		<pubDate>Thu, 17 Sep 2020 20:31:08 +0000</pubDate>
		<dc:creator><![CDATA[webmaster]]></dc:creator>
		<guid isPermaLink="false">http://valparaiso.com.mx/?post_type=valpa_sucursales_pt&#038;p=3423</guid>
		<description></description>
		<content:encoded><![CDATA[]]></content:encoded>
		<excerpt:encoded><![CDATA[]]></excerpt:encoded>
		<wp:post_id>3423</wp:post_id>
		<wp:post_date><![CDATA[2020-09-17 20:31:08]]></wp:post_date>
		<wp:post_date_gmt><![CDATA[2020-09-17 20:31:08]]></wp:post_date_gmt>
		<wp:post_modified><![CDATA[2020-09-17 20:31:08]]></wp:post_modified>
		<wp:post_modified_gmt><![CDATA[2020-09-17 20:31:08]]></wp:post_modified_gmt>
		<wp:comment_status><![CDATA[closed]]></wp:comment_status>
		<wp:ping_status><![CDATA[closed]]></wp:ping_status>
		<wp:post_name><![CDATA[ixtlahuaca]]></wp:post_name>
		<wp:status><![CDATA[draft]]></wp:status>
		<wp:post_parent>0</wp:post_parent>
		<wp:menu_order>0</wp:menu_order>
		<wp:post_type><![CDATA[valpa_sucursales_pt]]></wp:post_type>
		<wp:post_password><![CDATA[]]></wp:post_password>
		<wp:is_sticky>0</wp:is_sticky>
														<wp:postmeta>
		<wp:meta_key><![CDATA[_edit_last]]></wp:meta_key>
		<wp:meta_value><![CDATA[1]]></wp:meta_value>
		</wp:postmeta>
							<wp:postmeta>
		<wp:meta_key><![CDATA[valpa_linkgoogle_meta]]></wp:meta_key>
		<wp:meta_value><![CDATA[]]></wp:meta_value>
		</wp:postmeta>
							</item>
					<item>
		<title><![CDATA[Â¿CuÃ¡ntos aÃ±os tiene de experiencia como reclutador?]]></title>
		<link>http://localhost/sass-wp/valpa_preguntas_pt/cuantos-anos-tiene-de-experiencia-como-reclutador/</link>
		<pubDate>Tue, 21 Jul 2020 23:17:29 +0000</pubDate>
		<dc:creator><![CDATA[webmaster]]></dc:creator>
		<guid isPermaLink="false">http://valparaiso.com.mx/?post_type=valpa_preguntas_pt&#038;p=3480</guid>
		<description></description>
		<content:encoded><![CDATA[]]></content:encoded>
		<excerpt:encoded><![CDATA[]]></excerpt:encoded>
		<wp:post_id>3480</wp:post_id>
		<wp:post_date><![CDATA[2020-07-21 23:17:29]]></wp:post_date>
		<wp:post_date_gmt><![CDATA[2020-07-21 23:17:29]]></wp:post_date_gmt>
		<wp:post_modified><![CDATA[2020-07-21 23:17:29]]></wp:post_modified>
		<wp:post_modified_gmt><![CDATA[2020-07-21 23:17:29]]></wp:post_modified_gmt>
		<wp:comment_status><![CDATA[closed]]></wp:comment_status>
		<wp:ping_status><![CDATA[closed]]></wp:ping_status>
		<wp:post_name><![CDATA[cuantos-anos-tiene-de-experiencia-como-reclutador]]></wp:post_name>
		<wp:status><![CDATA[publish]]></wp:status>
		<wp:post_parent>0</wp:post_parent>
		<wp:menu_order>0</wp:menu_order>
		<wp:post_type><![CDATA[valpa_preguntas_pt]]></wp:post_type>
		<wp:post_password><![CDATA[]]></wp:post_password>
		<wp:is_sticky>0</wp:is_sticky>
														<wp:postmeta>
		<wp:meta_key><![CDATA[_edit_last]]></wp:meta_key>
		<wp:meta_value><![CDATA[1]]></wp:meta_value>
		</wp:postmeta>
							<wp:postmeta>
		<wp:meta_key><![CDATA[_wp_old_date]]></wp:meta_key>
		<wp:meta_value><![CDATA[2020-09-21]]></wp:meta_value>
		</wp:postmeta>
							<wp:postmeta>
		<wp:meta_key><![CDATA[tipo_pregunta_puesto_meta]]></wp:meta_key>
		<wp:meta_value><![CDATA[a:1:{i:0;s:5:"Texto";}]]></wp:meta_value>
		</wp:postmeta>
							<wp:postmeta>
		<wp:meta_key><![CDATA[opciones_input_meta]]></wp:meta_key>
		<wp:meta_value><![CDATA[]]></wp:meta_value>
		</wp:postmeta>
							</item>
					<item>
		<title><![CDATA[Â¿Ha efectuado reclutamiento 2.0 y 3.0?]]></title>
		<link>http://localhost/sass-wp/valpa_preguntas_pt/ha-efectuado-reclutamiento-2-0-y-3-0/</link>
		<pubDate>Tue, 21 Jul 2020 23:18:20 +0000</pubDate>
		<dc:creator><![CDATA[webmaster]]></dc:creator>
		<guid isPermaLink="false">http://valparaiso.com.mx/?post_type=valpa_preguntas_pt&#038;p=3481</guid>
		<description></description>
		<content:encoded><![CDATA[]]></content:encoded>
		<excerpt:encoded><![CDATA[]]></excerpt:encoded>
		<wp:post_id>3481</wp:post_id>
		<wp:post_date><![CDATA[2020-07-21 23:18:20]]></wp:post_date>
		<wp:post_date_gmt><![CDATA[2020-07-21 23:18:20]]></wp:post_date_gmt>
		<wp:post_modified><![CDATA[2020-07-21 23:18:20]]></wp:post_modified>
		<wp:post_modified_gmt><![CDATA[2020-07-21 23:18:20]]></wp:post_modified_gmt>
		<wp:comment_status><![CDATA[closed]]></wp:comment_status>
		<wp:ping_status><![CDATA[closed]]></wp:ping_status>
		<wp:post_name><![CDATA[ha-efectuado-reclutamiento-2-0-y-3-0]]></wp:post_name>
		<wp:status><![CDATA[publish]]></wp:status>
		<wp:post_parent>0</wp:post_parent>
		<wp:menu_order>0</wp:menu_order>
		<wp:post_type><![CDATA[valpa_preguntas_pt]]></wp:post_type>
		<wp:post_password><![CDATA[]]></wp:post_password>
		<wp:is_sticky>0</wp:is_sticky>
														<wp:postmeta>
		<wp:meta_key><![CDATA[_edit_last]]></wp:meta_key>
		<wp:meta_value><![CDATA[1]]></wp:meta_value>
		</wp:postmeta>
							<wp:postmeta>
		<wp:meta_key><![CDATA[_wp_old_date]]></wp:meta_key>
		<wp:meta_value><![CDATA[2020-09-21]]></wp:meta_value>
		</wp:postmeta>
							<wp:postmeta>
		<wp:meta_key><![CDATA[tipo_pregunta_puesto_meta]]></wp:meta_key>
		<wp:meta_value><![CDATA[a:1:{i:0;s:5:"Texto";}]]></wp:meta_value>
		</wp:postmeta>
							<wp:postmeta>
		<wp:meta_key><![CDATA[opciones_input_meta]]></wp:meta_key>
		<wp:meta_value><![CDATA[]]></wp:meta_value>
		</wp:postmeta>
							</item>
					<item>
		<title><![CDATA[Â¿Que actividades de Recursos Humanos domina?]]></title>
		<link>http://localhost/sass-wp/valpa_preguntas_pt/que-actividades-de-recursos-humanos-domina/</link>
		<pubDate>Tue, 21 Jul 2020 20:19:47 +0000</pubDate>
		<dc:creator><![CDATA[webmaster]]></dc:creator>
		<guid isPermaLink="false">http://valparaiso.com.mx/?post_type=valpa_preguntas_pt&#038;p=3482</guid>
		<description></description>
		<content:encoded><![CDATA[]]></content:encoded>
		<excerpt:encoded><![CDATA[]]></excerpt:encoded>
		<wp:post_id>3482</wp:post_id>
		<wp:post_date><![CDATA[2020-07-21 20:19:47]]></wp:post_date>
		<wp:post_date_gmt><![CDATA[2020-07-21 20:19:47]]></wp:post_date_gmt>
		<wp:post_modified><![CDATA[2020-07-21 20:19:47]]></wp:post_modified>
		<wp:post_modified_gmt><![CDATA[2020-07-21 20:19:47]]></wp:post_modified_gmt>
		<wp:comment_status><![CDATA[closed]]></wp:comment_status>
		<wp:ping_status><![CDATA[closed]]></wp:ping_status>
		<wp:post_name><![CDATA[que-actividades-de-recursos-humanos-domina]]></wp:post_name>
		<wp:status><![CDATA[publish]]></wp:status>
		<wp:post_parent>0</wp:post_parent>
		<wp:menu_order>0</wp:menu_order>
		<wp:post_type><![CDATA[valpa_preguntas_pt]]></wp:post_type>
		<wp:post_password><![CDATA[]]></wp:post_password>
		<wp:is_sticky>0</wp:is_sticky>
														<wp:postmeta>
		<wp:meta_key><![CDATA[_edit_last]]></wp:meta_key>
		<wp:meta_value><![CDATA[1]]></wp:meta_value>
		</wp:postmeta>
							<wp:postmeta>
		<wp:meta_key><![CDATA[_wp_old_date]]></wp:meta_key>
		<wp:meta_value><![CDATA[2020-09-21]]></wp:meta_value>
		</wp:postmeta>
							<wp:postmeta>
		<wp:meta_key><![CDATA[opciones_input_meta]]></wp:meta_key>
		<wp:meta_value><![CDATA[]]></wp:meta_value>
		</wp:postmeta>
							</item>
					<item>
		<title><![CDATA[Â¿Ha llevado el control de archivo de algÃºn Ã¡rea administrativa?]]></title>
		<link>http://localhost/sass-wp/valpa_preguntas_pt/ha-llevado-el-control-de-archivo-de-algun-area-administrativa/</link>
		<pubDate>Tue, 21 Jul 2020 23:20:30 +0000</pubDate>
		<dc:creator><![CDATA[webmaster]]></dc:creator>
		<guid isPermaLink="false">http://valparaiso.com.mx/?post_type=valpa_preguntas_pt&#038;p=3483</guid>
		<description></description>
		<content:encoded><![CDATA[]]></content:encoded>
		<excerpt:encoded><![CDATA[]]></excerpt:encoded>
		<wp:post_id>3483</wp:post_id>
		<wp:post_date><![CDATA[2020-07-21 23:20:30]]></wp:post_date>
		<wp:post_date_gmt><![CDATA[2020-07-21 23:20:30]]></wp:post_date_gmt>
		<wp:post_modified><![CDATA[2020-07-21 23:20:30]]></wp:post_modified>
		<wp:post_modified_gmt><![CDATA[2020-07-21 23:20:30]]></wp:post_modified_gmt>
		<wp:comment_status><![CDATA[closed]]></wp:comment_status>
		<wp:ping_status><![CDATA[closed]]></wp:ping_status>
		<wp:post_name><![CDATA[ha-llevado-el-control-de-archivo-de-algun-area-administrativa]]></wp:post_name>
		<wp:status><![CDATA[publish]]></wp:status>
		<wp:post_parent>0</wp:post_parent>
		<wp:menu_order>0</wp:menu_order>
		<wp:post_type><![CDATA[valpa_preguntas_pt]]></wp:post_type>
		<wp:post_password><![CDATA[]]></wp:post_password>
		<wp:is_sticky>0</wp:is_sticky>
														<wp:postmeta>
		<wp:meta_key><![CDATA[_edit_last]]></wp:meta_key>
		<wp:meta_value><![CDATA[1]]></wp:meta_value>
		</wp:postmeta>
							<wp:postmeta>
		<wp:meta_key><![CDATA[_wp_old_date]]></wp:meta_key>
		<wp:meta_value><![CDATA[2020-09-21]]></wp:meta_value>
		</wp:postmeta>
							<wp:postmeta>
		<wp:meta_key><![CDATA[tipo_pregunta_puesto_meta]]></wp:meta_key>
		<wp:meta_value><![CDATA[a:1:{i:0;s:7:"Parrafo";}]]></wp:meta_value>
		</wp:postmeta>
							<wp:postmeta>
		<wp:meta_key><![CDATA[opciones_input_meta]]></wp:meta_key>
		<wp:meta_value><![CDATA[]]></wp:meta_value>
		</wp:postmeta>
							</item>
					<item>
		<title><![CDATA[Guerrero]]></title>
		<link>http://localhost/sass-wp/?post_type=valpa_sucursales_pt&#038;p=3489</link>
		<pubDate>Mon, 21 Sep 2020 22:25:22 +0000</pubDate>
		<dc:creator><![CDATA[webmaster]]></dc:creator>
		<guid isPermaLink="false">http://valparaiso.com.mx/?post_type=valpa_sucursales_pt&#038;p=3489</guid>
		<description></description>
		<content:encoded><![CDATA[]]></content:encoded>
		<excerpt:encoded><![CDATA[]]></excerpt:encoded>
		<wp:post_id>3489</wp:post_id>
		<wp:post_date><![CDATA[2020-09-21 22:25:22]]></wp:post_date>
		<wp:post_date_gmt><![CDATA[2020-09-21 22:25:22]]></wp:post_date_gmt>
		<wp:post_modified><![CDATA[2020-09-21 22:25:22]]></wp:post_modified>
		<wp:post_modified_gmt><![CDATA[2020-09-21 22:25:22]]></wp:post_modified_gmt>
		<wp:comment_status><![CDATA[closed]]></wp:comment_status>
		<wp:ping_status><![CDATA[closed]]></wp:ping_status>
		<wp:post_name><![CDATA[guerreo]]></wp:post_name>
		<wp:status><![CDATA[draft]]></wp:status>
		<wp:post_parent>0</wp:post_parent>
		<wp:menu_order>0</wp:menu_order>
		<wp:post_type><![CDATA[valpa_sucursales_pt]]></wp:post_type>
		<wp:post_password><![CDATA[]]></wp:post_password>
		<wp:is_sticky>0</wp:is_sticky>
														<wp:postmeta>
		<wp:meta_key><![CDATA[_edit_last]]></wp:meta_key>
		<wp:meta_value><![CDATA[1]]></wp:meta_value>
		</wp:postmeta>
							<wp:postmeta>
		<wp:meta_key><![CDATA[valpa_linkgoogle_meta]]></wp:meta_key>
		<wp:meta_value><![CDATA[]]></wp:meta_value>
		</wp:postmeta>
							</item>
					<item>
		<title><![CDATA[]]></title>
		<link>http://localhost/sass-wp/?post_type=valpa_sucursales_pt&#038;p=9246</link>
		<pubDate>Thu, 28 Jan 2021 18:28:02 +0000</pubDate>
		<dc:creator><![CDATA[webmaster]]></dc:creator>
		<guid isPermaLink="false">http://valparaiso.com.mx/?post_type=valpa_sucursales_pt&#038;p=9246</guid>
		<description></description>
		<content:encoded><![CDATA[]]></content:encoded>
		<excerpt:encoded><![CDATA[]]></excerpt:encoded>
		<wp:post_id>9246</wp:post_id>
		<wp:post_date><![CDATA[2021-01-28 18:28:02]]></wp:post_date>
		<wp:post_date_gmt><![CDATA[2021-01-28 18:28:02]]></wp:post_date_gmt>
		<wp:post_modified><![CDATA[2021-09-09 14:47:07]]></wp:post_modified>
		<wp:post_modified_gmt><![CDATA[2021-09-09 14:47:07]]></wp:post_modified_gmt>
		<wp:comment_status><![CDATA[closed]]></wp:comment_status>
		<wp:ping_status><![CDATA[closed]]></wp:ping_status>
		<wp:post_name><![CDATA[9246__trashed]]></wp:post_name>
		<wp:status><![CDATA[trash]]></wp:status>
		<wp:post_parent>0</wp:post_parent>
		<wp:menu_order>0</wp:menu_order>
		<wp:post_type><![CDATA[valpa_sucursales_pt]]></wp:post_type>
		<wp:post_password><![CDATA[]]></wp:post_password>
		<wp:is_sticky>0</wp:is_sticky>
														<wp:postmeta>
		<wp:meta_key><![CDATA[valpa_linkgoogle_meta]]></wp:meta_key>
		<wp:meta_value><![CDATA[]]></wp:meta_value>
		</wp:postmeta>
							<wp:postmeta>
		<wp:meta_key><![CDATA[_wp_trash_meta_status]]></wp:meta_key>
		<wp:meta_value><![CDATA[draft]]></wp:meta_value>
		</wp:postmeta>
							<wp:postmeta>
		<wp:meta_key><![CDATA[_wp_trash_meta_time]]></wp:meta_key>
		<wp:meta_value><![CDATA[1631198827]]></wp:meta_value>
		</wp:postmeta>
							<wp:postmeta>
		<wp:meta_key><![CDATA[_wp_desired_post_slug]]></wp:meta_key>
		<wp:meta_value><![CDATA[9246]]></wp:meta_value>
		</wp:postmeta>
							</item>
					<item>
		<title><![CDATA[simple]]></title>
		<link>http://localhost/sass-wp/valpa_preguntas_pt/simple/</link>
		<pubDate>Mon, 30 Aug 2021 20:41:33 +0000</pubDate>
		<dc:creator><![CDATA[webmaster]]></dc:creator>
		<guid isPermaLink="false">http://localhost/sass-wp/?post_type=valpa_preguntas_pt&#038;p=19377</guid>
		<description></description>
		<content:encoded><![CDATA[]]></content:encoded>
		<excerpt:encoded><![CDATA[]]></excerpt:encoded>
		<wp:post_id>19377</wp:post_id>
		<wp:post_date><![CDATA[2021-08-30 20:41:33]]></wp:post_date>
		<wp:post_date_gmt><![CDATA[2021-08-30 20:41:33]]></wp:post_date_gmt>
		<wp:post_modified><![CDATA[2021-08-30 20:41:33]]></wp:post_modified>
		<wp:post_modified_gmt><![CDATA[2021-08-30 20:41:33]]></wp:post_modified_gmt>
		<wp:comment_status><![CDATA[closed]]></wp:comment_status>
		<wp:ping_status><![CDATA[closed]]></wp:ping_status>
		<wp:post_name><![CDATA[simple]]></wp:post_name>
		<wp:status><![CDATA[publish]]></wp:status>
		<wp:post_parent>0</wp:post_parent>
		<wp:menu_order>0</wp:menu_order>
		<wp:post_type><![CDATA[valpa_preguntas_pt]]></wp:post_type>
		<wp:post_password><![CDATA[]]></wp:post_password>
		<wp:is_sticky>0</wp:is_sticky>
														<wp:postmeta>
		<wp:meta_key><![CDATA[_edit_last]]></wp:meta_key>
		<wp:meta_value><![CDATA[1]]></wp:meta_value>
		</wp:postmeta>
							<wp:postmeta>
		<wp:meta_key><![CDATA[tipo_pregunta_puesto_meta]]></wp:meta_key>
		<wp:meta_value><![CDATA[a:1:{i:0;s:7:"Buleano";}]]></wp:meta_value>
		</wp:postmeta>
							<wp:postmeta>
		<wp:meta_key><![CDATA[opciones_input_meta]]></wp:meta_key>
		<wp:meta_value><![CDATA[]]></wp:meta_value>
		</wp:postmeta>
							</item>
					<item>
		<title><![CDATA[Promotores de Venta]]></title>
		<link>http://localhost/sass-wp/bolsadetrabajo/promotores-de-venta/</link>
		<pubDate>Thu, 30 Jul 2020 18:11:57 +0000</pubDate>
		<dc:creator><![CDATA[webmaster]]></dc:creator>
		<guid isPermaLink="false">http://valparaiso.com.mx/?post_type=valpa_trabajos_pt&#038;p=56</guid>
		<description></description>
		<content:encoded><![CDATA[Buscamos un promotor de ventas fiable que nos ayude a aumentar nuestras actividades comerciales.

Entre las responsabilidades de un ejecutivo de ventas se incluye descubrir y buscar nuevas oportunidades de ventas, negociar acuerdos y mantener la satisfacciÃ³n del cliente. Si tienes excelentes capacidades comunicativas y te sientes cÃ³modo buscando posibles clientes para ofrecer nuestros servicios, nos gustarÃ­a conocerte.]]></content:encoded>
		<excerpt:encoded><![CDATA[]]></excerpt:encoded>
		<wp:post_id>56</wp:post_id>
		<wp:post_date><![CDATA[2020-07-30 18:11:57]]></wp:post_date>
		<wp:post_date_gmt><![CDATA[2020-07-30 18:11:57]]></wp:post_date_gmt>
		<wp:post_modified><![CDATA[2020-07-30 18:11:57]]></wp:post_modified>
		<wp:post_modified_gmt><![CDATA[2020-07-30 18:11:57]]></wp:post_modified_gmt>
		<wp:comment_status><![CDATA[closed]]></wp:comment_status>
		<wp:ping_status><![CDATA[closed]]></wp:ping_status>
		<wp:post_name><![CDATA[promotores-de-venta]]></wp:post_name>
		<wp:status><![CDATA[publish]]></wp:status>
		<wp:post_parent>0</wp:post_parent>
		<wp:menu_order>0</wp:menu_order>
		<wp:post_type><![CDATA[valpa_trabajos_pt]]></wp:post_type>
		<wp:post_password><![CDATA[]]></wp:post_password>
		<wp:is_sticky>0</wp:is_sticky>
														<wp:postmeta>
		<wp:meta_key><![CDATA[_edit_last]]></wp:meta_key>
		<wp:meta_value><![CDATA[1]]></wp:meta_value>
		</wp:postmeta>
							<wp:postmeta>
		<wp:meta_key><![CDATA[santi_acercade_links_]]></wp:meta_key>
		<wp:meta_value><![CDATA[a:5:{i:1;a:2:{s:4:"desc";s:13:"Escolaridad: ";s:4:"link";s:10:"Secundaria";}i:2;a:2:{s:4:"desc";s:5:"Edad:";s:4:"link";s:5:"21-55";}i:3;a:2:{s:4:"desc";s:5:"Sexo:";s:4:"link";s:10:"Indistinto";}i:4;a:2:{s:4:"desc";s:7:"Horario";s:4:"link";s:52:"Lunes a Viernes 9:00 a 17:00 y SÃ¡bados 9:00 a 14:00";}i:5;a:2:{s:4:"desc";s:0:"";s:4:"link";s:0:"";}}]]></wp:meta_value>
		</wp:postmeta>
							<wp:postmeta>
		<wp:meta_key><![CDATA[sucursal_relacionada_meta]]></wp:meta_key>
		<wp:meta_value><![CDATA[a:1:{i:0;s:2:"22";}]]></wp:meta_value>
		</wp:postmeta>
							<wp:postmeta>
		<wp:meta_key><![CDATA[tareas_puesto_meta]]></wp:meta_key>
		<wp:meta_value><![CDATA[-Ofrecer y dar a conocer nuestros servicios a posibles clientes.
-Buscar activamente nuevas oportunidades de venta a travÃ©s de visitas a negocios y hogares.
-Aclarar dudas respecto a nuestros servicios.
-Negociar/cerrar acuerdos y gestionar quejas u objeciones.]]></wp:meta_value>
		</wp:postmeta>
							<wp:postmeta>
		<wp:meta_key><![CDATA[experiencia_previa_meta]]></wp:meta_key>
		<wp:meta_value><![CDATA[Venta de catalogo, Ventas de Cambaceo, Vendedor repartidor, Promovendedor, Trabajo de campo, Venta de productos intangibles (Tarjetas de CrÃ©dito, Afore, Inmobiliaria, TelefonÃ­a, CrÃ©ditos, Etc.).Â 
]]></wp:meta_value>
		</wp:postmeta>
							<wp:postmeta>
		<wp:meta_key><![CDATA[publico_objetivo_meta]]></wp:meta_key>
		<wp:meta_value><![CDATA[Hombre  40 a 45  aÃ±os que viva en toluca ]]></wp:meta_value>
		</wp:postmeta>
							<wp:postmeta>
		<wp:meta_key><![CDATA[preguntas_puesto_meta]]></wp:meta_key>
		<wp:meta_value><![CDATA[a:19:{i:0;s:2:"48";i:1;s:2:"57";i:2;s:2:"26";i:3;s:2:"89";i:4;s:2:"74";i:5;s:2:"75";i:6;s:3:"136";i:7;s:2:"58";i:8;s:2:"90";i:9;s:2:"91";i:10;s:2:"92";i:11;s:2:"93";i:12;s:2:"94";i:13;s:2:"79";i:14;s:2:"80";i:15;s:2:"82";i:16;s:2:"87";i:17;s:2:"76";i:18;s:2:"78";}]]></wp:meta_value>
		</wp:postmeta>
							<wp:postmeta>
		<wp:meta_key><![CDATA[documentos_necesarios_meta]]></wp:meta_key>
		<wp:meta_value><![CDATA[a:6:{i:0;s:2:"24";i:1;s:2:"25";i:2;s:2:"60";i:3;s:2:"64";i:4;s:2:"63";i:5;s:2:"62";}]]></wp:meta_value>
		</wp:postmeta>
							<wp:postmeta>
		<wp:meta_key><![CDATA[_thumbnail_id]]></wp:meta_key>
		<wp:meta_value><![CDATA[3872]]></wp:meta_value>
		</wp:postmeta>
							<wp:postmeta>
		<wp:meta_key><![CDATA[valpa_info_puesto_]]></wp:meta_key>
		<wp:meta_value><![CDATA[a:5:{i:1;a:2:{s:4:"desc";s:13:"Escolaridad :";s:4:"link";s:10:"Secundaria";}i:2;a:2:{s:4:"desc";s:5:"Edad:";s:4:"link";s:5:"19-60";}i:3;a:2:{s:4:"desc";s:5:"Sexo:";s:4:"link";s:10:"Indistinto";}i:4;a:2:{s:4:"desc";s:8:"Horario:";s:4:"link";s:58:"Lunes a Viernes de 9:00 a 17:00 y SÃ¡bados de 9:00 a 14:00";}i:5;a:2:{s:4:"desc";s:0:"";s:4:"link";s:0:"";}}]]></wp:meta_value>
		</wp:postmeta>
							<wp:postmeta>
		<wp:meta_key><![CDATA[valpa_log_links_]]></wp:meta_key>
		<wp:meta_value><![CDATA[a:23:{i:1;a:2:{s:4:"desc";s:1:"A";s:4:"link";s:1:"A";}i:2;a:2:{s:4:"desc";s:28:"grupo empleo toluca facebook";s:4:"link";s:65:"https://www.facebook.com/alexandra.orti.524/posts/149500866758969";}i:3;a:2:{s:4:"desc";s:35:"Linea de tiempo (facebook personal)";s:4:"link";s:139:"https://www.facebook.com/alexandra.orti.524/posts/153961299646259?comment_id=153961909646198&notif_id=1597871176964907&notif_t=feed_comment";}i:4;a:2:{s:4:"desc";s:58:"EMPLEOS TOLUCA, METEPEC, ZINACANTEPEC, LERMA Y ALREDEDORES";s:4:"link";s:75:"https://www.facebook.com/groups/799308456807881/permalink/4329891637082861/";}i:5;a:2:{s:4:"desc";s:27:"Ofertas Toluca y Metepec...";s:4:"link";s:75:"https://www.facebook.com/groups/657168791013469/permalink/3381571358573185/";}i:6;a:2:{s:4:"desc";s:40:"Bolsa de trabajo toluca, metepec y lerma";s:4:"link";s:75:"https://www.facebook.com/groups/939610906242643/permalink/1361380480732348/";}i:7;a:2:{s:4:"desc";s:33:"Bolsa de Trabajo Toluca & Metepec";s:4:"link";s:88:"https://www.facebook.com/groups/BolsadetrabajoTolucayMetepec/permalink/3444295835616179/";}i:8;a:2:{s:4:"desc";s:46:"Vacantes Empleo, Toluca, Metepec y alrededores";s:4:"link";s:76:"https://www.facebook.com/groups/1444174222503281/permalink/2721267794793911/";}i:9;a:2:{s:4:"desc";s:76:"EMPLEO EN Ixtlahuaca, Jiquipilco, Jocotitlan, San JosÃ© del RincÃ³n, Temoaya";s:4:"link";s:75:"https://www.facebook.com/groups/866772033408513/permalink/3290330607719298/";}i:10;a:2:{s:4:"desc";s:68:"Super Trabajo! Empleos y Vacantes en Toluca, Metepec, y Alrededores!";s:4:"link";s:76:"https://www.facebook.com/groups/2237140303271905/permalink/2653756231610308/";}i:11;a:2:{s:4:"desc";s:34:"EMPLEOS en TOLUCA (Chango Empleos)";s:4:"link";s:71:"https://www.facebook.com/groups/empleotoluca/permalink/827028627829941/";}i:12;a:2:{s:4:"desc";s:73:"Bolsa de trabajo en Toluca , Ixtlahuaca, Atlacomulco, Lerma y alrededores";s:4:"link";s:48:"https://www.facebook.com/groups/281134676022906/";}i:13;a:2:{s:4:"desc";s:18:"EMPLEOS IXTLAHUACA";s:4:"link";s:76:"https://www.facebook.com/groups/1077515235666693/permalink/3233217273429801/";}i:14;a:2:{s:4:"desc";s:63:"BOLSA DE TRABAJO IXTLAHUACA SAN FELIPE ATLACOMULCO Y ALEDEDORES";s:4:"link";s:75:"https://www.facebook.com/groups/795421680603390/permalink/2348285488650327/";}i:15;a:2:{s:4:"desc";s:36:"Empleo Toluca, Metepec y Alrededores";s:4:"link";s:75:"https://www.facebook.com/groups/645948432213693/permalink/2072954026179786/";}i:16;a:2:{s:4:"desc";s:14:"Empleos Toluca";s:4:"link";s:75:"https://www.facebook.com/groups/419978205051033/permalink/1180213735694139/";}i:17;a:2:{s:4:"desc";s:47:"Bolsa de Empleo Toluca (alrededores) Edo. MÃ©x.";s:4:"link";s:48:"https://www.facebook.com/groups/227739544242328/";}i:18;a:2:{s:4:"desc";s:47:"Vacantes Empleos, Toluca, Metepec y alrededores";s:4:"link";s:75:"https://www.facebook.com/groups/223990174740629/permalink/1000794083726897/";}i:19;a:2:{s:4:"desc";s:46:"Vacantes Empleo, Toluca, Metepec y alrededores";s:4:"link";s:76:"https://www.facebook.com/groups/1444174222503281/permalink/2738063609780996/";}i:20;a:2:{s:4:"desc";s:40:"Bolsa de trabajo toluca, metepec y lerma";s:4:"link";s:75:"https://www.facebook.com/groups/939610906242643/permalink/1377671732436556/";}i:21;a:2:{s:4:"desc";s:72:"EMPLEOS TOLUCA, METEPEC, AEROPUERTO, PARQUE 2000, PARQUE COESILLO,LERMA.";s:4:"link";s:49:"https://www.facebook.com/groups/1682847718658576/";}i:22;a:2:{s:4:"desc";s:36:"Empleo Toluca, Metepec y Alrededores";s:4:"link";s:75:"https://www.facebook.com/groups/645948432213693/permalink/2093102107498311/";}i:23;a:2:{s:4:"desc";s:0:"";s:4:"link";s:0:"";}}]]></wp:meta_value>
		</wp:postmeta>
							</item>
					<item>
		<title><![CDATA[Chofer-Vendedor]]></title>
		<link>http://localhost/sass-wp/bolsadetrabajo/chofer-vendedor/</link>
		<pubDate>Thu, 06 Aug 2020 00:22:59 +0000</pubDate>
		<dc:creator><![CDATA[webmaster]]></dc:creator>
		<guid isPermaLink="false">http://valparaiso.com.mx/?post_type=valpa_trabajos_pt&#038;p=106</guid>
		<description></description>
		<content:encoded><![CDATA[Buscamos un ChoferÂ que nos ayude atender nuevas oportunidades de venta, negociando con los posibles clientes y asesorarlosÂ  a cerca de los servicios y como utilizarlos para que obtenga unaÂ optima experiencia en el uso de ellos.]]></content:encoded>
		<excerpt:encoded><![CDATA[]]></excerpt:encoded>
		<wp:post_id>106</wp:post_id>
		<wp:post_date><![CDATA[2020-08-06 00:22:59]]></wp:post_date>
		<wp:post_date_gmt><![CDATA[2020-08-06 00:22:59]]></wp:post_date_gmt>
		<wp:post_modified><![CDATA[2020-08-06 00:22:59]]></wp:post_modified>
		<wp:post_modified_gmt><![CDATA[2020-08-06 00:22:59]]></wp:post_modified_gmt>
		<wp:comment_status><![CDATA[closed]]></wp:comment_status>
		<wp:ping_status><![CDATA[closed]]></wp:ping_status>
		<wp:post_name><![CDATA[chofer-vendedor]]></wp:post_name>
		<wp:status><![CDATA[publish]]></wp:status>
		<wp:post_parent>0</wp:post_parent>
		<wp:menu_order>0</wp:menu_order>
		<wp:post_type><![CDATA[valpa_trabajos_pt]]></wp:post_type>
		<wp:post_password><![CDATA[]]></wp:post_password>
		<wp:is_sticky>0</wp:is_sticky>
														<wp:postmeta>
		<wp:meta_key><![CDATA[_edit_last]]></wp:meta_key>
		<wp:meta_value><![CDATA[1]]></wp:meta_value>
		</wp:postmeta>
							<wp:postmeta>
		<wp:meta_key><![CDATA[valpa_info_puesto_]]></wp:meta_key>
		<wp:meta_value><![CDATA[a:6:{i:1;a:2:{s:4:"desc";s:5:"Edad:";s:4:"link";s:13:"28 a 50 aÃ±os";}i:2;a:2:{s:4:"desc";s:5:"Sexo:";s:4:"link";s:10:"Indistinto";}i:3;a:2:{s:4:"desc";s:12:"Escolaridad:";s:4:"link";s:22:"Bachillerato o Tecnico";}i:4;a:2:{s:4:"desc";s:20:"Licencia de Conducir";s:4:"link";s:7:"Vigente";}i:5;a:2:{s:4:"desc";s:8:"Horario:";s:4:"link";s:8:"Rotativo";}i:6;a:2:{s:4:"desc";s:0:"";s:4:"link";s:0:"";}}]]></wp:meta_value>
		</wp:postmeta>
							<wp:postmeta>
		<wp:meta_key><![CDATA[valpa_log_links_]]></wp:meta_key>
		<wp:meta_value><![CDATA[a:5:{i:1;a:2:{s:4:"desc";s:1:"A";s:4:"link";s:1:"A";}i:2;a:2:{s:4:"desc";s:33:"Bolsa de Trabajo Toluca & Metepec";s:4:"link";s:88:"https://www.facebook.com/groups/BolsadetrabajoTolucayMetepec/permalink/3504424799603282/";}i:3;a:2:{s:4:"desc";s:58:"EMPLEOS TOLUCA, METEPEC, ZINACANTEPEC, LERMA Y ALREDEDORES";s:4:"link";s:75:"https://www.facebook.com/groups/799308456807881/permalink/4432817573456933/";}i:4;a:2:{s:4:"desc";s:28:"EMPLEOS Y VACANTES EN TOLUCA";s:4:"link";s:48:"https://www.facebook.com/groups/205184406571180/";}i:5;a:2:{s:4:"desc";s:0:"";s:4:"link";s:0:"";}}]]></wp:meta_value>
		</wp:postmeta>
							<wp:postmeta>
		<wp:meta_key><![CDATA[tareas_puesto_meta]]></wp:meta_key>
		<wp:meta_value><![CDATA[Trasladar a los clientes a las instalaciones para poder ser orientadas respecto al servicio que desean adquirir 

Estar en comunicaciÃ³n constante con las Ã¡reas correspondientes.

EstablecerÂ una comunicaciÃ³nÂ oportuna entreÂ elÂ clienteÂ yÂ laÂ empresa.]]></wp:meta_value>
		</wp:postmeta>
							<wp:postmeta>
		<wp:meta_key><![CDATA[experiencia_previa_meta]]></wp:meta_key>
		<wp:meta_value><![CDATA[Chofer Promotor , Chofer Repartidor , Ventas , Ubber, Diddi , etc. ]]></wp:meta_value>
		</wp:postmeta>
							<wp:postmeta>
		<wp:meta_key><![CDATA[publico_objetivo_meta]]></wp:meta_key>
		<wp:meta_value><![CDATA[Persona de 35 a 45 aÃ±os
Hombre o Mujer
Experiencia en Ventas
Licencia Conducir Vigente]]></wp:meta_value>
		</wp:postmeta>
							<wp:postmeta>
		<wp:meta_key><![CDATA[preguntas_puesto_meta]]></wp:meta_key>
		<wp:meta_value><![CDATA[a:19:{i:0;s:2:"48";i:1;s:2:"57";i:2;s:2:"26";i:3;s:2:"89";i:4;s:2:"74";i:5;s:2:"75";i:6;s:3:"136";i:7;s:2:"58";i:8;s:2:"90";i:9;s:2:"91";i:10;s:2:"92";i:11;s:2:"93";i:12;s:2:"94";i:13;s:2:"79";i:14;s:2:"80";i:15;s:2:"82";i:16;s:2:"87";i:17;s:2:"76";i:18;s:2:"78";}]]></wp:meta_value>
		</wp:postmeta>
							<wp:postmeta>
		<wp:meta_key><![CDATA[sucursal_relacionada_meta]]></wp:meta_key>
		<wp:meta_value><![CDATA[a:1:{i:0;s:2:"22";}]]></wp:meta_value>
		</wp:postmeta>
							<wp:postmeta>
		<wp:meta_key><![CDATA[documentos_necesarios_meta]]></wp:meta_key>
		<wp:meta_value><![CDATA[a:7:{i:0;s:2:"24";i:1;s:2:"25";i:2;s:2:"60";i:3;s:2:"64";i:4;s:2:"63";i:5;s:2:"62";i:6;s:3:"107";}]]></wp:meta_value>
		</wp:postmeta>
							<wp:postmeta>
		<wp:meta_key><![CDATA[_thumbnail_id]]></wp:meta_key>
		<wp:meta_value><![CDATA[3871]]></wp:meta_value>
		</wp:postmeta>
							<wp:postmeta>
		<wp:meta_key><![CDATA[_wp_old_date]]></wp:meta_key>
		<wp:meta_value><![CDATA[2020-08-05]]></wp:meta_value>
		</wp:postmeta>
							</item>
					<item>
		<title><![CDATA[Guardia de seguridad / Ayudante general]]></title>
		<link>http://localhost/sass-wp/?post_type=valpa_trabajos_pt&#038;p=150</link>
		<pubDate>Sat, 22 Aug 2020 18:55:01 +0000</pubDate>
		<dc:creator><![CDATA[webmaster]]></dc:creator>
		<guid isPermaLink="false">http://valparaiso.com.mx/?post_type=valpa_trabajos_pt&#038;p=150</guid>
		<description></description>
		<content:encoded><![CDATA[Buscamos una persona con conocimiento y experiencia en mantenimiento, para realizar actividades de reparaciÃ³n y conservaciÃ³n de las instalaciones de la empresa, ademÃ¡s de proteger los bienes, empleados e instalaciones de la empresa y asÃ­ mantener un entorno seguro y protegido.]]></content:encoded>
		<excerpt:encoded><![CDATA[]]></excerpt:encoded>
		<wp:post_id>150</wp:post_id>
		<wp:post_date><![CDATA[2020-08-22 18:55:01]]></wp:post_date>
		<wp:post_date_gmt><![CDATA[2020-08-22 18:55:01]]></wp:post_date_gmt>
		<wp:post_modified><![CDATA[2020-08-22 18:55:01]]></wp:post_modified>
		<wp:post_modified_gmt><![CDATA[2020-08-22 18:55:01]]></wp:post_modified_gmt>
		<wp:comment_status><![CDATA[closed]]></wp:comment_status>
		<wp:ping_status><![CDATA[closed]]></wp:ping_status>
		<wp:post_name><![CDATA[guardia-de-seguridad-ayudante-general]]></wp:post_name>
		<wp:status><![CDATA[draft]]></wp:status>
		<wp:post_parent>0</wp:post_parent>
		<wp:menu_order>0</wp:menu_order>
		<wp:post_type><![CDATA[valpa_trabajos_pt]]></wp:post_type>
		<wp:post_password><![CDATA[]]></wp:post_password>
		<wp:is_sticky>0</wp:is_sticky>
														<wp:postmeta>
		<wp:meta_key><![CDATA[_edit_last]]></wp:meta_key>
		<wp:meta_value><![CDATA[1]]></wp:meta_value>
		</wp:postmeta>
							<wp:postmeta>
		<wp:meta_key><![CDATA[valpa_info_puesto_]]></wp:meta_key>
		<wp:meta_value><![CDATA[a:5:{i:1;a:2:{s:4:"desc";s:5:"Edad:";s:4:"link";s:13:"28 a 50 aÃ±os";}i:2;a:2:{s:4:"desc";s:5:"Sexo:";s:4:"link";s:10:"Indistinto";}i:3;a:2:{s:4:"desc";s:12:"Escolaridad:";s:4:"link";s:10:"Secundaria";}i:4;a:2:{s:4:"desc";s:8:"Horario:";s:4:"link";s:8:"Rotativo";}i:5;a:2:{s:4:"desc";s:0:"";s:4:"link";s:0:"";}}]]></wp:meta_value>
		</wp:postmeta>
							<wp:postmeta>
		<wp:meta_key><![CDATA[valpa_log_links_]]></wp:meta_key>
		<wp:meta_value><![CDATA[a:5:{i:1;a:2:{s:4:"desc";s:1:"A";s:4:"link";s:1:"A";}i:2;a:2:{s:4:"desc";s:47:"Vacantes Empleos, Toluca, Metepec y alrededores";s:4:"link";s:74:"https://www.facebook.com/groups/223990174740629/permalink/990957161377256/";}i:3;a:2:{s:4:"desc";s:46:"Vacantes Empleo, Toluca, Metepec y alrededores";s:4:"link";s:76:"https://www.facebook.com/groups/1444174222503281/permalink/2755620298025327/";}i:4;a:2:{s:4:"desc";s:33:"Bolsa de Trabajo Toluca & Metepec";s:4:"link";s:88:"https://www.facebook.com/groups/BolsadetrabajoTolucayMetepec/permalink/3567130969999331/";}i:5;a:2:{s:4:"desc";s:0:"";s:4:"link";s:0:"";}}]]></wp:meta_value>
		</wp:postmeta>
							<wp:postmeta>
		<wp:meta_key><![CDATA[tareas_puesto_meta]]></wp:meta_key>
		<wp:meta_value><![CDATA[Actividades de mantenimiento en general como
-Pintura
-Electricidad
-Plomeria
-Herreria
-AlbaÃ±ileria
-Llenado de bitÃ¡coras.
-Seguimiento de entrada y salidas de personas y de vehÃ­culos.
-ProtecciÃ³n de personal dentro de las instalaciones. 
]]></wp:meta_value>
		</wp:postmeta>
							<wp:postmeta>
		<wp:meta_key><![CDATA[experiencia_previa_meta]]></wp:meta_key>
		<wp:meta_value><![CDATA[Guardia de seguridad, Ayudante general, Ayudante de mantenimiento, Mantenimiento en general.]]></wp:meta_value>
		</wp:postmeta>
							<wp:postmeta>
		<wp:meta_key><![CDATA[publico_objetivo_meta]]></wp:meta_key>
		<wp:meta_value><![CDATA[Hombres de 23 a 50 aÃ±os ]]></wp:meta_value>
		</wp:postmeta>
							<wp:postmeta>
		<wp:meta_key><![CDATA[sucursal_relacionada_meta]]></wp:meta_key>
		<wp:meta_value><![CDATA[a:1:{i:0;s:2:"22";}]]></wp:meta_value>
		</wp:postmeta>
							<wp:postmeta>
		<wp:meta_key><![CDATA[preguntas_puesto_meta]]></wp:meta_key>
		<wp:meta_value><![CDATA[a:18:{i:0;s:2:"48";i:1;s:2:"57";i:2;s:2:"26";i:3;s:2:"89";i:4;s:2:"74";i:5;s:2:"75";i:6;s:2:"58";i:7;s:2:"90";i:8;s:2:"91";i:9;s:2:"92";i:10;s:2:"93";i:11;s:2:"94";i:12;s:2:"79";i:13;s:2:"80";i:14;s:2:"82";i:15;s:2:"87";i:16;s:2:"76";i:17;s:2:"78";}]]></wp:meta_value>
		</wp:postmeta>
							<wp:postmeta>
		<wp:meta_key><![CDATA[documentos_necesarios_meta]]></wp:meta_key>
		<wp:meta_value><![CDATA[a:8:{i:0;s:2:"24";i:1;s:2:"25";i:2;s:2:"60";i:3;s:2:"64";i:4;s:2:"63";i:5;s:2:"62";i:6;s:3:"107";i:7;s:3:"154";}]]></wp:meta_value>
		</wp:postmeta>
							<wp:postmeta>
		<wp:meta_key><![CDATA[_thumbnail_id]]></wp:meta_key>
		<wp:meta_value><![CDATA[3864]]></wp:meta_value>
		</wp:postmeta>
							<wp:postmeta>
		<wp:meta_key><![CDATA[_wp_old_date]]></wp:meta_key>
		<wp:meta_value><![CDATA[2020-08-19]]></wp:meta_value>
		</wp:postmeta>
							</item>
					<item>
		<title><![CDATA[Monitorista]]></title>
		<link>http://localhost/sass-wp/bolsadetrabajo/monitorista/</link>
		<pubDate>Sat, 22 Aug 2020 18:14:24 +0000</pubDate>
		<dc:creator><![CDATA[webmaster]]></dc:creator>
		<guid isPermaLink="false">http://valparaiso.com.mx/?post_type=valpa_trabajos_pt&#038;p=151</guid>
		<description></description>
		<content:encoded><![CDATA[Si eres una persona responsable y confiable te estamos buscando , Requerimos un operador monitorista eficiente para controlar y dar seguimiento a los vehÃ­culos y a los procesos de la empresa, con conocimiento en elaboraciÃ³n de reportes, registro y operaciones bÃ¡sicas de sistemas de seguridad]]></content:encoded>
		<excerpt:encoded><![CDATA[]]></excerpt:encoded>
		<wp:post_id>151</wp:post_id>
		<wp:post_date><![CDATA[2020-08-22 18:14:24]]></wp:post_date>
		<wp:post_date_gmt><![CDATA[2020-08-22 18:14:24]]></wp:post_date_gmt>
		<wp:post_modified><![CDATA[2020-08-22 18:14:24]]></wp:post_modified>
		<wp:post_modified_gmt><![CDATA[2020-08-22 18:14:24]]></wp:post_modified_gmt>
		<wp:comment_status><![CDATA[closed]]></wp:comment_status>
		<wp:ping_status><![CDATA[closed]]></wp:ping_status>
		<wp:post_name><![CDATA[monitorista]]></wp:post_name>
		<wp:status><![CDATA[publish]]></wp:status>
		<wp:post_parent>0</wp:post_parent>
		<wp:menu_order>0</wp:menu_order>
		<wp:post_type><![CDATA[valpa_trabajos_pt]]></wp:post_type>
		<wp:post_password><![CDATA[]]></wp:post_password>
		<wp:is_sticky>0</wp:is_sticky>
														<wp:postmeta>
		<wp:meta_key><![CDATA[_edit_last]]></wp:meta_key>
		<wp:meta_value><![CDATA[1]]></wp:meta_value>
		</wp:postmeta>
							<wp:postmeta>
		<wp:meta_key><![CDATA[valpa_info_puesto_]]></wp:meta_key>
		<wp:meta_value><![CDATA[a:5:{i:1;a:2:{s:4:"desc";s:5:"Edad:";s:4:"link";s:13:"25 A 45 aÃ±os";}i:2;a:2:{s:4:"desc";s:5:"Sexo:";s:4:"link";s:10:"Indistinto";}i:3;a:2:{s:4:"desc";s:12:"Escolaridad:";s:4:"link";s:39:"Bachillerato o Tecnico / Carrera trunca";}i:4;a:2:{s:4:"desc";s:8:"Horario:";s:4:"link";s:8:"Rotativo";}i:5;a:2:{s:4:"desc";s:0:"";s:4:"link";s:0:"";}}]]></wp:meta_value>
		</wp:postmeta>
							<wp:postmeta>
		<wp:meta_key><![CDATA[valpa_log_links_]]></wp:meta_key>
		<wp:meta_value><![CDATA[a:2:{i:1;a:2:{s:4:"desc";s:1:"A";s:4:"link";s:1:"A";}i:2;a:2:{s:4:"desc";s:0:"";s:4:"link";s:0:"";}}]]></wp:meta_value>
		</wp:postmeta>
							<wp:postmeta>
		<wp:meta_key><![CDATA[tareas_puesto_meta]]></wp:meta_key>
		<wp:meta_value><![CDATA[-Seguimiento y control de los vehÃ­culos de la empresa.
-Reportar y dar seguimiento a los servicios fuera de la empresa.
-RedacciÃ³n, seguimiento y control de reportes en bitÃ¡cora.
]]></wp:meta_value>
		</wp:postmeta>
							<wp:postmeta>
		<wp:meta_key><![CDATA[experiencia_previa_meta]]></wp:meta_key>
		<wp:meta_value><![CDATA[Operador centro de monitoreo, Monitorista, Rastreo de rutas, Auxiliar en logÃ­stica, Seguimiento GPS.]]></wp:meta_value>
		</wp:postmeta>
							<wp:postmeta>
		<wp:meta_key><![CDATA[publico_objetivo_meta]]></wp:meta_key>
		<wp:meta_value><![CDATA[Hombre o Mujer 
25 a 45 aÃ±os

]]></wp:meta_value>
		</wp:postmeta>
							<wp:postmeta>
		<wp:meta_key><![CDATA[sucursal_relacionada_meta]]></wp:meta_key>
		<wp:meta_value><![CDATA[a:1:{i:0;s:2:"22";}]]></wp:meta_value>
		</wp:postmeta>
							<wp:postmeta>
		<wp:meta_key><![CDATA[preguntas_puesto_meta]]></wp:meta_key>
		<wp:meta_value><![CDATA[a:18:{i:0;s:2:"48";i:1;s:2:"57";i:2;s:2:"26";i:3;s:2:"89";i:4;s:2:"74";i:5;s:2:"75";i:6;s:2:"58";i:7;s:2:"90";i:8;s:2:"91";i:9;s:2:"92";i:10;s:2:"93";i:11;s:2:"94";i:12;s:2:"79";i:13;s:2:"80";i:14;s:2:"82";i:15;s:2:"87";i:16;s:2:"76";i:17;s:2:"78";}]]></wp:meta_value>
		</wp:postmeta>
							<wp:postmeta>
		<wp:meta_key><![CDATA[documentos_necesarios_meta]]></wp:meta_key>
		<wp:meta_value><![CDATA[a:7:{i:0;s:2:"24";i:1;s:2:"25";i:2;s:2:"60";i:3;s:2:"64";i:4;s:2:"63";i:5;s:2:"62";i:6;s:3:"154";}]]></wp:meta_value>
		</wp:postmeta>
							<wp:postmeta>
		<wp:meta_key><![CDATA[_wp_old_date]]></wp:meta_key>
		<wp:meta_value><![CDATA[2020-08-19]]></wp:meta_value>
		</wp:postmeta>
							<wp:postmeta>
		<wp:meta_key><![CDATA[_thumbnail_id]]></wp:meta_key>
		<wp:meta_value><![CDATA[3914]]></wp:meta_value>
		</wp:postmeta>
							</item>
					<item>
		<title><![CDATA[Auxiliar tÃ©cnico preservador (Embalsamador)]]></title>
		<link>http://localhost/sass-wp/bolsadetrabajo/auxiliar-tecnico-preservador-embalsamador/</link>
		<pubDate>Sat, 22 Aug 2020 18:56:06 +0000</pubDate>
		<dc:creator><![CDATA[webmaster]]></dc:creator>
		<guid isPermaLink="false">http://valparaiso.com.mx/?post_type=valpa_trabajos_pt&#038;p=152</guid>
		<description></description>
		<content:encoded><![CDATA[EresÂ  una persona que cuenta con principios, valores humanos, comprometidos,Â  vocaciÃ³nÂ  y con conocimientos bÃ¡sicos en anatomÃ­a y suturas, te estamos buscando para realizar las actividades de cuidado,Â  preservaciÃ³n y estÃ©tica de Nuestros Homenajeados]]></content:encoded>
		<excerpt:encoded><![CDATA[]]></excerpt:encoded>
		<wp:post_id>152</wp:post_id>
		<wp:post_date><![CDATA[2020-08-22 18:56:06]]></wp:post_date>
		<wp:post_date_gmt><![CDATA[2020-08-22 18:56:06]]></wp:post_date_gmt>
		<wp:post_modified><![CDATA[2020-08-22 18:56:06]]></wp:post_modified>
		<wp:post_modified_gmt><![CDATA[2020-08-22 18:56:06]]></wp:post_modified_gmt>
		<wp:comment_status><![CDATA[closed]]></wp:comment_status>
		<wp:ping_status><![CDATA[closed]]></wp:ping_status>
		<wp:post_name><![CDATA[auxiliar-tecnico-preservador-embalsamador]]></wp:post_name>
		<wp:status><![CDATA[publish]]></wp:status>
		<wp:post_parent>0</wp:post_parent>
		<wp:menu_order>0</wp:menu_order>
		<wp:post_type><![CDATA[valpa_trabajos_pt]]></wp:post_type>
		<wp:post_password><![CDATA[]]></wp:post_password>
		<wp:is_sticky>0</wp:is_sticky>
														<wp:postmeta>
		<wp:meta_key><![CDATA[_edit_last]]></wp:meta_key>
		<wp:meta_value><![CDATA[1]]></wp:meta_value>
		</wp:postmeta>
							<wp:postmeta>
		<wp:meta_key><![CDATA[valpa_info_puesto_]]></wp:meta_key>
		<wp:meta_value><![CDATA[a:5:{i:1;a:2:{s:4:"desc";s:5:"Edad:";s:4:"link";s:13:"26 a 50 aÃ±os";}i:2;a:2:{s:4:"desc";s:6:"Sexo: ";s:4:"link";s:10:"Indistinto";}i:3;a:2:{s:4:"desc";s:13:"Escolaridad :";s:4:"link";s:39:"Bachillerato o Tecnico / Carrera trunca";}i:4;a:2:{s:4:"desc";s:8:"Horario:";s:4:"link";s:8:"Rotativo";}i:5;a:2:{s:4:"desc";s:0:"";s:4:"link";s:0:"";}}]]></wp:meta_value>
		</wp:postmeta>
							<wp:postmeta>
		<wp:meta_key><![CDATA[valpa_log_links_]]></wp:meta_key>
		<wp:meta_value><![CDATA[a:2:{i:1;a:2:{s:4:"desc";s:1:"A";s:4:"link";s:1:"A";}i:2;a:2:{s:4:"desc";s:0:"";s:4:"link";s:0:"";}}]]></wp:meta_value>
		</wp:postmeta>
							<wp:postmeta>
		<wp:meta_key><![CDATA[tareas_puesto_meta]]></wp:meta_key>
		<wp:meta_value><![CDATA[-Seguimiento de procesos establecido en laboratorio
-Limpieza, mantenimiento y orden del laboratorio
-Efectuar la preservaciÃ³n del cuerpo segÃºn los estÃ¡ndares de higiene.
]]></wp:meta_value>
		</wp:postmeta>
							<wp:postmeta>
		<wp:meta_key><![CDATA[experiencia_previa_meta]]></wp:meta_key>
		<wp:meta_value><![CDATA[Tec. Embalsamador, Tec. Laboratorista ClÃ­nico, Tec. Laboratorista QuÃ­mico, Tec. en EnfermerÃ­a, Aux. de EnfermerÃ­a o Carrera Trunca en Medicina o enfermerÃ­a o a Fin.]]></wp:meta_value>
		</wp:postmeta>
							<wp:postmeta>
		<wp:meta_key><![CDATA[publico_objetivo_meta]]></wp:meta_key>
		<wp:meta_value><![CDATA[Hombre o Mujer
edad de  a  aÃ±os
conocimientos en anatomÃ­a]]></wp:meta_value>
		</wp:postmeta>
							<wp:postmeta>
		<wp:meta_key><![CDATA[sucursal_relacionada_meta]]></wp:meta_key>
		<wp:meta_value><![CDATA[a:1:{i:0;s:2:"22";}]]></wp:meta_value>
		</wp:postmeta>
							<wp:postmeta>
		<wp:meta_key><![CDATA[preguntas_puesto_meta]]></wp:meta_key>
		<wp:meta_value><![CDATA[a:18:{i:0;s:2:"48";i:1;s:2:"57";i:2;s:2:"26";i:3;s:2:"89";i:4;s:2:"74";i:5;s:2:"75";i:6;s:2:"58";i:7;s:2:"90";i:8;s:2:"91";i:9;s:2:"92";i:10;s:2:"93";i:11;s:2:"94";i:12;s:2:"79";i:13;s:2:"80";i:14;s:2:"82";i:15;s:2:"87";i:16;s:2:"76";i:17;s:2:"78";}]]></wp:meta_value>
		</wp:postmeta>
							<wp:postmeta>
		<wp:meta_key><![CDATA[documentos_necesarios_meta]]></wp:meta_key>
		<wp:meta_value><![CDATA[a:8:{i:0;s:2:"24";i:1;s:2:"25";i:2;s:2:"60";i:3;s:2:"64";i:4;s:2:"63";i:5;s:2:"62";i:6;s:3:"107";i:7;s:3:"154";}]]></wp:meta_value>
		</wp:postmeta>
							<wp:postmeta>
		<wp:meta_key><![CDATA[_wp_old_date]]></wp:meta_key>
		<wp:meta_value><![CDATA[2020-08-19]]></wp:meta_value>
		</wp:postmeta>
							<wp:postmeta>
		<wp:meta_key><![CDATA[_thumbnail_id]]></wp:meta_key>
		<wp:meta_value><![CDATA[3863]]></wp:meta_value>
		</wp:postmeta>
							</item>
					<item>
		<title><![CDATA[Asesor comercial]]></title>
		<link>http://localhost/sass-wp/?post_type=valpa_trabajos_pt&#038;p=157</link>
		<pubDate>Sat, 22 Aug 2020 18:44:24 +0000</pubDate>
		<dc:creator><![CDATA[webmaster]]></dc:creator>
		<guid isPermaLink="false">http://valparaiso.com.mx/?post_type=valpa_trabajos_pt&#038;p=157</guid>
		<description></description>
		<content:encoded><![CDATA[Buscamos una persona , entusiasta, dispuesta a asumir retos profesionales, con iniciativa, segura de sÃ­ mismo e inquietud profesional para crear relaciones internas con los medios relacionados al giro de la empresa y la obtenciÃ³n de notificaciones respecto a pÃºblico en general que tenga la necesidad de hacer uso de los servicios.]]></content:encoded>
		<excerpt:encoded><![CDATA[]]></excerpt:encoded>
		<wp:post_id>157</wp:post_id>
		<wp:post_date><![CDATA[2020-08-22 18:44:24]]></wp:post_date>
		<wp:post_date_gmt><![CDATA[2020-08-22 18:44:24]]></wp:post_date_gmt>
		<wp:post_modified><![CDATA[2020-08-22 18:44:24]]></wp:post_modified>
		<wp:post_modified_gmt><![CDATA[2020-08-22 18:44:24]]></wp:post_modified_gmt>
		<wp:comment_status><![CDATA[closed]]></wp:comment_status>
		<wp:ping_status><![CDATA[closed]]></wp:ping_status>
		<wp:post_name><![CDATA[asesor-comercial]]></wp:post_name>
		<wp:status><![CDATA[draft]]></wp:status>
		<wp:post_parent>0</wp:post_parent>
		<wp:menu_order>0</wp:menu_order>
		<wp:post_type><![CDATA[valpa_trabajos_pt]]></wp:post_type>
		<wp:post_password><![CDATA[]]></wp:post_password>
		<wp:is_sticky>0</wp:is_sticky>
														<wp:postmeta>
		<wp:meta_key><![CDATA[_edit_last]]></wp:meta_key>
		<wp:meta_value><![CDATA[1]]></wp:meta_value>
		</wp:postmeta>
							<wp:postmeta>
		<wp:meta_key><![CDATA[valpa_info_puesto_]]></wp:meta_key>
		<wp:meta_value><![CDATA[a:3:{i:1;a:2:{s:4:"desc";s:5:"Edad:";s:4:"link";s:13:"28 a 55 aÃ±os";}i:2;a:2:{s:4:"desc";s:5:"Sexo:";s:4:"link";s:10:"Indistinto";}i:3;a:2:{s:4:"desc";s:0:"";s:4:"link";s:0:"";}}]]></wp:meta_value>
		</wp:postmeta>
							<wp:postmeta>
		<wp:meta_key><![CDATA[valpa_log_links_]]></wp:meta_key>
		<wp:meta_value><![CDATA[a:2:{i:1;a:2:{s:4:"desc";s:1:"A";s:4:"link";s:1:"A";}i:2;a:2:{s:4:"desc";s:0:"";s:4:"link";s:0:"";}}]]></wp:meta_value>
		</wp:postmeta>
							<wp:postmeta>
		<wp:meta_key><![CDATA[tareas_puesto_meta]]></wp:meta_key>
		<wp:meta_value><![CDATA[-ProspecciÃ³n de Clientes.
 -Generar enlaces nuevos.
-Mantener informado a direcciÃ³n respecto a posibles cambios de operaciÃ³n de hospitales e instituciones forenses que puedan afectar o beneficiar a la operaciÃ³n.
-Crear relaciones funcionales para la obtenciÃ³n de servicios de Necesidad Inmediata.
-Velar por la imagen de la empresa.
-ElaboraciÃ³n de reporte diario.
]]></wp:meta_value>
		</wp:postmeta>
							<wp:postmeta>
		<wp:meta_key><![CDATA[experiencia_previa_meta]]></wp:meta_key>
		<wp:meta_value><![CDATA[-Asesor Comercial
-Especialista Comercial 
-Vendedor 
-Relaciones Publicas]]></wp:meta_value>
		</wp:postmeta>
							<wp:postmeta>
		<wp:meta_key><![CDATA[publico_objetivo_meta]]></wp:meta_key>
		<wp:meta_value><![CDATA[Hombre o Mujer ]]></wp:meta_value>
		</wp:postmeta>
							<wp:postmeta>
		<wp:meta_key><![CDATA[preguntas_puesto_meta]]></wp:meta_key>
		<wp:meta_value><![CDATA[a:19:{i:0;s:2:"48";i:1;s:2:"57";i:2;s:2:"26";i:3;s:2:"89";i:4;s:2:"74";i:5;s:2:"75";i:6;s:3:"136";i:7;s:2:"58";i:8;s:2:"90";i:9;s:2:"91";i:10;s:2:"92";i:11;s:2:"93";i:12;s:2:"94";i:13;s:2:"79";i:14;s:2:"80";i:15;s:2:"82";i:16;s:2:"87";i:17;s:2:"76";i:18;s:2:"78";}]]></wp:meta_value>
		</wp:postmeta>
							<wp:postmeta>
		<wp:meta_key><![CDATA[documentos_necesarios_meta]]></wp:meta_key>
		<wp:meta_value><![CDATA[a:8:{i:0;s:2:"24";i:1;s:2:"25";i:2;s:2:"60";i:3;s:2:"64";i:4;s:2:"62";i:5;s:3:"107";i:6;s:3:"134";i:7;s:3:"154";}]]></wp:meta_value>
		</wp:postmeta>
							<wp:postmeta>
		<wp:meta_key><![CDATA[_wp_old_date]]></wp:meta_key>
		<wp:meta_value><![CDATA[2020-08-21]]></wp:meta_value>
		</wp:postmeta>
							<wp:postmeta>
		<wp:meta_key><![CDATA[sucursal_relacionada_meta]]></wp:meta_key>
		<wp:meta_value><![CDATA[a:1:{i:0;s:2:"22";}]]></wp:meta_value>
		</wp:postmeta>
							<wp:postmeta>
		<wp:meta_key><![CDATA[_thumbnail_id]]></wp:meta_key>
		<wp:meta_value><![CDATA[3866]]></wp:meta_value>
		</wp:postmeta>
							</item>
					<item>
		<title><![CDATA[Sub encargado de sucursal]]></title>
		<link>http://localhost/sass-wp/bolsadetrabajo/sub-encargado-de-sucursal/</link>
		<pubDate>Sat, 22 Aug 2020 18:48:20 +0000</pubDate>
		<dc:creator><![CDATA[webmaster]]></dc:creator>
		<guid isPermaLink="false">http://valparaiso.com.mx/?post_type=valpa_trabajos_pt&#038;p=158</guid>
		<description></description>
		<content:encoded><![CDATA[Si eres una persona responsable, dinÃ¡mica, organizada y con gusto por las ventas,requerimos un sub encargado de sucursal, las actividades son generar y mantener relaciones positivas con los clientes nuevos y existentes logrando experiencias positivas en el proceso de nuestras ventasÂ  y servicios funerarios, ademÃ¡s de verificar los procesos administrativos y de personal.]]></content:encoded>
		<excerpt:encoded><![CDATA[]]></excerpt:encoded>
		<wp:post_id>158</wp:post_id>
		<wp:post_date><![CDATA[2020-08-22 18:48:20]]></wp:post_date>
		<wp:post_date_gmt><![CDATA[2020-08-22 18:48:20]]></wp:post_date_gmt>
		<wp:post_modified><![CDATA[2020-08-22 18:48:20]]></wp:post_modified>
		<wp:post_modified_gmt><![CDATA[2020-08-22 18:48:20]]></wp:post_modified_gmt>
		<wp:comment_status><![CDATA[closed]]></wp:comment_status>
		<wp:ping_status><![CDATA[closed]]></wp:ping_status>
		<wp:post_name><![CDATA[sub-encargado-de-sucursal]]></wp:post_name>
		<wp:status><![CDATA[publish]]></wp:status>
		<wp:post_parent>0</wp:post_parent>
		<wp:menu_order>0</wp:menu_order>
		<wp:post_type><![CDATA[valpa_trabajos_pt]]></wp:post_type>
		<wp:post_password><![CDATA[]]></wp:post_password>
		<wp:is_sticky>0</wp:is_sticky>
														<wp:postmeta>
		<wp:meta_key><![CDATA[_edit_last]]></wp:meta_key>
		<wp:meta_value><![CDATA[1]]></wp:meta_value>
		</wp:postmeta>
							<wp:postmeta>
		<wp:meta_key><![CDATA[valpa_info_puesto_]]></wp:meta_key>
		<wp:meta_value><![CDATA[a:3:{i:1;a:2:{s:4:"desc";s:5:"Edad:";s:4:"link";s:13:"28 a 45 aÃ±os";}i:2;a:2:{s:4:"desc";s:5:"Sexo:";s:4:"link";s:10:"Indistinto";}i:3;a:2:{s:4:"desc";s:0:"";s:4:"link";s:0:"";}}]]></wp:meta_value>
		</wp:postmeta>
							<wp:postmeta>
		<wp:meta_key><![CDATA[valpa_log_links_]]></wp:meta_key>
		<wp:meta_value><![CDATA[a:2:{i:1;a:2:{s:4:"desc";s:1:"A";s:4:"link";s:1:"A";}i:2;a:2:{s:4:"desc";s:0:"";s:4:"link";s:0:"";}}]]></wp:meta_value>
		</wp:postmeta>
							<wp:postmeta>
		<wp:meta_key><![CDATA[preguntas_puesto_meta]]></wp:meta_key>
		<wp:meta_value><![CDATA[a:20:{i:0;s:2:"48";i:1;s:2:"57";i:2;s:2:"26";i:3;s:2:"89";i:4;s:2:"74";i:5;s:2:"75";i:6;s:3:"138";i:7;s:3:"136";i:8;s:2:"58";i:9;s:2:"90";i:10;s:2:"91";i:11;s:2:"92";i:12;s:2:"93";i:13;s:2:"94";i:14;s:2:"79";i:15;s:2:"80";i:16;s:2:"82";i:17;s:2:"87";i:18;s:2:"76";i:19;s:2:"78";}]]></wp:meta_value>
		</wp:postmeta>
							<wp:postmeta>
		<wp:meta_key><![CDATA[documentos_necesarios_meta]]></wp:meta_key>
		<wp:meta_value><![CDATA[a:7:{i:0;s:2:"24";i:1;s:2:"25";i:2;s:2:"60";i:3;s:2:"64";i:4;s:2:"63";i:5;s:2:"62";i:6;s:3:"107";}]]></wp:meta_value>
		</wp:postmeta>
							<wp:postmeta>
		<wp:meta_key><![CDATA[tareas_puesto_meta]]></wp:meta_key>
		<wp:meta_value><![CDATA[-Orientar a los clientes sobre nuestros servicios.
-Concretar y cerrar las ventas de clientes con necesidad inmediata.
-Responsable del correcto funcionamiento del Ã¡rea.
-Manejo de personal.]]></wp:meta_value>
		</wp:postmeta>
							<wp:postmeta>
		<wp:meta_key><![CDATA[experiencia_previa_meta]]></wp:meta_key>
		<wp:meta_value><![CDATA[Sub gerente de empresa de Servicio de Preferencia Ramo Restaurantero.
Sub gerente de tienda (de conveniencia, comida rÃ¡pida, autoservicio, restaurante).
Subjefe de Piso.]]></wp:meta_value>
		</wp:postmeta>
							<wp:postmeta>
		<wp:meta_key><![CDATA[publico_objetivo_meta]]></wp:meta_key>
		<wp:meta_value><![CDATA[Hombre o mujer que han trabajado como sub gerente en empresa de servicio (Restaurante) de 27 a 47 aÃ±os.]]></wp:meta_value>
		</wp:postmeta>
							<wp:postmeta>
		<wp:meta_key><![CDATA[_thumbnail_id]]></wp:meta_key>
		<wp:meta_value><![CDATA[3865]]></wp:meta_value>
		</wp:postmeta>
							<wp:postmeta>
		<wp:meta_key><![CDATA[_wp_old_date]]></wp:meta_key>
		<wp:meta_value><![CDATA[2020-08-21]]></wp:meta_value>
		</wp:postmeta>
							<wp:postmeta>
		<wp:meta_key><![CDATA[sucursal_relacionada_meta]]></wp:meta_key>
		<wp:meta_value><![CDATA[a:1:{i:0;s:2:"22";}]]></wp:meta_value>
		</wp:postmeta>
							</item>
					<item>
		<title><![CDATA[Chofer-Instalador]]></title>
		<link>http://localhost/sass-wp/?post_type=valpa_trabajos_pt&#038;p=160</link>
		<pubDate>Sat, 22 Aug 2020 18:40:15 +0000</pubDate>
		<dc:creator><![CDATA[webmaster]]></dc:creator>
		<guid isPermaLink="false">http://valparaiso.com.mx/?post_type=valpa_trabajos_pt&#038;p=160</guid>
		<description></description>
		<content:encoded><![CDATA[Buscamos una persona del sexo masculino dinÃ¡mico, responsable y honesto para la conservaciÃ³n, el buen estado y funcionalidad del equipo de InstalaciÃ³n. Las actividades a realizar son tareas de entrega, instalaciÃ³n y recolecciÃ³n de nuestro equipo dentro de la ciudad.]]></content:encoded>
		<excerpt:encoded><![CDATA[]]></excerpt:encoded>
		<wp:post_id>160</wp:post_id>
		<wp:post_date><![CDATA[2020-08-22 18:40:15]]></wp:post_date>
		<wp:post_date_gmt><![CDATA[2020-08-22 18:40:15]]></wp:post_date_gmt>
		<wp:post_modified><![CDATA[2020-08-22 18:40:15]]></wp:post_modified>
		<wp:post_modified_gmt><![CDATA[2020-08-22 18:40:15]]></wp:post_modified_gmt>
		<wp:comment_status><![CDATA[closed]]></wp:comment_status>
		<wp:ping_status><![CDATA[closed]]></wp:ping_status>
		<wp:post_name><![CDATA[chofer-instalador]]></wp:post_name>
		<wp:status><![CDATA[draft]]></wp:status>
		<wp:post_parent>0</wp:post_parent>
		<wp:menu_order>0</wp:menu_order>
		<wp:post_type><![CDATA[valpa_trabajos_pt]]></wp:post_type>
		<wp:post_password><![CDATA[]]></wp:post_password>
		<wp:is_sticky>0</wp:is_sticky>
														<wp:postmeta>
		<wp:meta_key><![CDATA[_edit_last]]></wp:meta_key>
		<wp:meta_value><![CDATA[1]]></wp:meta_value>
		</wp:postmeta>
							<wp:postmeta>
		<wp:meta_key><![CDATA[valpa_info_puesto_]]></wp:meta_key>
		<wp:meta_value><![CDATA[a:5:{i:1;a:2:{s:4:"desc";s:6:"Sexo :";s:4:"link";s:9:"Masculino";}i:2;a:2:{s:4:"desc";s:5:"Edad:";s:4:"link";s:13:"28 a 40 aÃ±os";}i:3;a:2:{s:4:"desc";s:12:"Escolaridad:";s:4:"link";s:10:"Secundaria";}i:4;a:2:{s:4:"desc";s:8:"Horario:";s:4:"link";s:8:"Rotativo";}i:5;a:2:{s:4:"desc";s:0:"";s:4:"link";s:0:"";}}]]></wp:meta_value>
		</wp:postmeta>
							<wp:postmeta>
		<wp:meta_key><![CDATA[valpa_log_links_]]></wp:meta_key>
		<wp:meta_value><![CDATA[a:5:{i:1;a:2:{s:4:"desc";s:1:"A";s:4:"link";s:1:"A";}i:2;a:2:{s:4:"desc";s:36:"Empleo Toluca, Metepec y Alrededores";s:4:"link";s:75:"https://www.facebook.com/groups/645948432213693/permalink/2094145737393948/";}i:3;a:2:{s:4:"desc";s:68:"Super Trabajo! Empleos y Vacantes en Toluca, Metepec, y Alrededores!";s:4:"link";s:76:"https://www.facebook.com/groups/2237140303271905/permalink/2671868436465754/";}i:4;a:2:{s:4:"desc";s:38:"Bolsa de trabajo Toluca y alrededores.";s:4:"link";s:48:"https://www.facebook.com/groups/645948432213693/";}i:5;a:2:{s:4:"desc";s:0:"";s:4:"link";s:0:"";}}]]></wp:meta_value>
		</wp:postmeta>
							<wp:postmeta>
		<wp:meta_key><![CDATA[tareas_puesto_meta]]></wp:meta_key>
		<wp:meta_value><![CDATA[Entrega  e instalaciÃ³n del equipo necesario en el tiempo establecido. 
Manejo de VehÃ­culo  
Conocer la ciudad y manejar Google Maps para identificar los domicilios y  rutas de entrega.]]></wp:meta_value>
		</wp:postmeta>
							<wp:postmeta>
		<wp:meta_key><![CDATA[experiencia_previa_meta]]></wp:meta_key>
		<wp:meta_value><![CDATA[Chofer, Chofer instalador, Mantenimiento, Ayudante general, AlmacÃ©n]]></wp:meta_value>
		</wp:postmeta>
							<wp:postmeta>
		<wp:meta_key><![CDATA[publico_objetivo_meta]]></wp:meta_key>
		<wp:meta_value><![CDATA[Hombre de 22a 40 aÃ±os]]></wp:meta_value>
		</wp:postmeta>
							<wp:postmeta>
		<wp:meta_key><![CDATA[sucursal_relacionada_meta]]></wp:meta_key>
		<wp:meta_value><![CDATA[a:1:{i:0;s:2:"22";}]]></wp:meta_value>
		</wp:postmeta>
							<wp:postmeta>
		<wp:meta_key><![CDATA[preguntas_puesto_meta]]></wp:meta_key>
		<wp:meta_value><![CDATA[a:20:{i:0;s:2:"48";i:1;s:2:"57";i:2;s:2:"26";i:3;s:2:"89";i:4;s:2:"74";i:5;s:2:"75";i:6;s:3:"138";i:7;s:3:"136";i:8;s:2:"58";i:9;s:2:"90";i:10;s:2:"91";i:11;s:2:"92";i:12;s:2:"93";i:13;s:2:"94";i:14;s:2:"79";i:15;s:2:"80";i:16;s:2:"82";i:17;s:2:"87";i:18;s:2:"76";i:19;s:2:"78";}]]></wp:meta_value>
		</wp:postmeta>
							<wp:postmeta>
		<wp:meta_key><![CDATA[documentos_necesarios_meta]]></wp:meta_key>
		<wp:meta_value><![CDATA[a:8:{i:0;s:2:"24";i:1;s:2:"25";i:2;s:2:"60";i:3;s:2:"64";i:4;s:2:"63";i:5;s:2:"62";i:6;s:3:"107";i:7;s:3:"154";}]]></wp:meta_value>
		</wp:postmeta>
							<wp:postmeta>
		<wp:meta_key><![CDATA[_thumbnail_id]]></wp:meta_key>
		<wp:meta_value><![CDATA[3867]]></wp:meta_value>
		</wp:postmeta>
							<wp:postmeta>
		<wp:meta_key><![CDATA[_wp_old_date]]></wp:meta_key>
		<wp:meta_value><![CDATA[2020-08-21]]></wp:meta_value>
		</wp:postmeta>
							</item>
					<item>
		<title><![CDATA[Recuperador en Moto]]></title>
		<link>http://localhost/sass-wp/bolsadetrabajo/recuperador-en-moto/</link>
		<pubDate>Sat, 22 Aug 2020 19:49:51 +0000</pubDate>
		<dc:creator><![CDATA[webmaster]]></dc:creator>
		<guid isPermaLink="false">http://valparaiso.com.mx/?post_type=valpa_trabajos_pt&#038;p=179</guid>
		<description></description>
		<content:encoded><![CDATA[Buscamos una persona responsable con facilidad de palabra, actitud de servicio que cuente con experiencia en cobranza y atenciÃ³n a clientes formal e informal. Para hacer efectiva la recuperaciÃ³n de la venta de nuestros servicios.]]></content:encoded>
		<excerpt:encoded><![CDATA[]]></excerpt:encoded>
		<wp:post_id>179</wp:post_id>
		<wp:post_date><![CDATA[2020-08-22 19:49:51]]></wp:post_date>
		<wp:post_date_gmt><![CDATA[2020-08-22 19:49:51]]></wp:post_date_gmt>
		<wp:post_modified><![CDATA[2020-08-22 19:49:51]]></wp:post_modified>
		<wp:post_modified_gmt><![CDATA[2020-08-22 19:49:51]]></wp:post_modified_gmt>
		<wp:comment_status><![CDATA[closed]]></wp:comment_status>
		<wp:ping_status><![CDATA[closed]]></wp:ping_status>
		<wp:post_name><![CDATA[recuperador-en-moto]]></wp:post_name>
		<wp:status><![CDATA[publish]]></wp:status>
		<wp:post_parent>0</wp:post_parent>
		<wp:menu_order>0</wp:menu_order>
		<wp:post_type><![CDATA[valpa_trabajos_pt]]></wp:post_type>
		<wp:post_password><![CDATA[]]></wp:post_password>
		<wp:is_sticky>0</wp:is_sticky>
														<wp:postmeta>
		<wp:meta_key><![CDATA[_edit_last]]></wp:meta_key>
		<wp:meta_value><![CDATA[1]]></wp:meta_value>
		</wp:postmeta>
							<wp:postmeta>
		<wp:meta_key><![CDATA[valpa_info_puesto_]]></wp:meta_key>
		<wp:meta_value><![CDATA[a:4:{i:1;a:2:{s:4:"desc";s:5:"Edad:";s:4:"link";s:13:"30 a 45 aÃ±os";}i:2;a:2:{s:4:"desc";s:5:"Sexo:";s:4:"link";s:6:"Hombre";}i:3;a:2:{s:4:"desc";s:8:"Horario:";s:4:"link";s:4:"Fijo";}i:4;a:2:{s:4:"desc";s:0:"";s:4:"link";s:0:"";}}]]></wp:meta_value>
		</wp:postmeta>
							<wp:postmeta>
		<wp:meta_key><![CDATA[sucursal_relacionada_meta]]></wp:meta_key>
		<wp:meta_value><![CDATA[a:1:{i:0;s:2:"22";}]]></wp:meta_value>
		</wp:postmeta>
							<wp:postmeta>
		<wp:meta_key><![CDATA[valpa_log_links_]]></wp:meta_key>
		<wp:meta_value><![CDATA[a:7:{i:1;a:2:{s:4:"desc";s:1:"A";s:4:"link";s:1:"A";}i:2;a:2:{s:4:"desc";s:46:"Vacantes Empleo, Toluca, Metepec y alrededores";s:4:"link";s:76:"https://www.facebook.com/groups/1444174222503281/permalink/2725007537753270/";}i:3;a:2:{s:4:"desc";s:33:"Bolsa de Trabajo Toluca & Metepec";s:4:"link";s:88:"https://www.facebook.com/groups/BolsadetrabajoTolucayMetepec/permalink/3457521700960259/";}i:4;a:2:{s:4:"desc";s:40:"Bolsa de trabajo toluca, metepec y lerma";s:4:"link";s:75:"https://www.facebook.com/groups/939610906242643/permalink/1365682596968803/";}i:5;a:2:{s:4:"desc";s:58:"EMPLEOS TOLUCA, METEPEC, ZINACANTEPEC, LERMA Y ALREDEDORES";s:4:"link";s:75:"https://www.facebook.com/groups/799308456807881/permalink/4359876547417703/";}i:6;a:2:{s:4:"desc";s:47:"Vacantes Empleos, Toluca, Metepec y alrededores";s:4:"link";s:74:"https://www.facebook.com/groups/223990174740629/permalink/988146491658323/";}i:7;a:2:{s:4:"desc";s:0:"";s:4:"link";s:0:"";}}]]></wp:meta_value>
		</wp:postmeta>
							<wp:postmeta>
		<wp:meta_key><![CDATA[preguntas_puesto_meta]]></wp:meta_key>
		<wp:meta_value><![CDATA[a:18:{i:0;s:2:"48";i:1;s:2:"57";i:2;s:2:"26";i:3;s:2:"89";i:4;s:2:"74";i:5;s:2:"75";i:6;s:2:"58";i:7;s:2:"90";i:8;s:2:"91";i:9;s:2:"92";i:10;s:2:"93";i:11;s:2:"94";i:12;s:2:"79";i:13;s:2:"80";i:14;s:2:"82";i:15;s:2:"87";i:16;s:2:"76";i:17;s:2:"78";}]]></wp:meta_value>
		</wp:postmeta>
							<wp:postmeta>
		<wp:meta_key><![CDATA[documentos_necesarios_meta]]></wp:meta_key>
		<wp:meta_value><![CDATA[a:9:{i:0;s:2:"24";i:1;s:2:"25";i:2;s:2:"60";i:3;s:2:"64";i:4;s:2:"63";i:5;s:2:"62";i:6;s:3:"107";i:7;s:3:"134";i:8;s:3:"154";}]]></wp:meta_value>
		</wp:postmeta>
							<wp:postmeta>
		<wp:meta_key><![CDATA[tareas_puesto_meta]]></wp:meta_key>
		<wp:meta_value><![CDATA[-Acudir a los domicilios de nuestros clientes para efectuar el cobro de los servicios.
-Generar los reportes diarios.
-Efectuar depÃ³sitos en bancos.
-Aclarar las dudas de los clientes respecto a sus pagos.
]]></wp:meta_value>
		</wp:postmeta>
							<wp:postmeta>
		<wp:meta_key><![CDATA[experiencia_previa_meta]]></wp:meta_key>
		<wp:meta_value><![CDATA[-Cobranza en Motocicleta
-Gestor de Cobranza
-Recuperador de cartera
-Manejo de efectivo
-Abonero]]></wp:meta_value>
		</wp:postmeta>
							<wp:postmeta>
		<wp:meta_key><![CDATA[publico_objetivo_meta]]></wp:meta_key>
		<wp:meta_value><![CDATA[Hombres de 25 a 45 aÃ±os que cuente con licencia de motociclista]]></wp:meta_value>
		</wp:postmeta>
							<wp:postmeta>
		<wp:meta_key><![CDATA[_thumbnail_id]]></wp:meta_key>
		<wp:meta_value><![CDATA[3862]]></wp:meta_value>
		</wp:postmeta>
							</item>
					<item>
		<title><![CDATA[Asistente de Ventas]]></title>
		<link>http://localhost/sass-wp/?post_type=valpa_trabajos_pt&#038;p=3422</link>
		<pubDate>Fri, 18 Sep 2020 17:27:04 +0000</pubDate>
		<dc:creator><![CDATA[webmaster]]></dc:creator>
		<guid isPermaLink="false">http://valparaiso.com.mx/?post_type=valpa_trabajos_pt&#038;p=3422</guid>
		<description></description>
		<content:encoded><![CDATA[Buscamos un asistente de ventas para laborar en ixtlahuaca, que sea eficiente y servicial para administrar nuestras actividades comerciales, dentro de las actividades es la administraciÃ³n y capacitaciÃ³n del personal, asÃ­ como la atenciÃ³n de clientes y generar reportes gerenciales. Si cuentas con experiencia en el Ã¡rea Postulate.]]></content:encoded>
		<excerpt:encoded><![CDATA[]]></excerpt:encoded>
		<wp:post_id>3422</wp:post_id>
		<wp:post_date><![CDATA[2020-09-18 17:27:04]]></wp:post_date>
		<wp:post_date_gmt><![CDATA[2020-09-18 17:27:04]]></wp:post_date_gmt>
		<wp:post_modified><![CDATA[2020-09-18 17:27:04]]></wp:post_modified>
		<wp:post_modified_gmt><![CDATA[2020-09-18 17:27:04]]></wp:post_modified_gmt>
		<wp:comment_status><![CDATA[closed]]></wp:comment_status>
		<wp:ping_status><![CDATA[closed]]></wp:ping_status>
		<wp:post_name><![CDATA[asistente-de-ventas]]></wp:post_name>
		<wp:status><![CDATA[draft]]></wp:status>
		<wp:post_parent>0</wp:post_parent>
		<wp:menu_order>0</wp:menu_order>
		<wp:post_type><![CDATA[valpa_trabajos_pt]]></wp:post_type>
		<wp:post_password><![CDATA[]]></wp:post_password>
		<wp:is_sticky>0</wp:is_sticky>
														<wp:postmeta>
		<wp:meta_key><![CDATA[valpa_info_puesto_]]></wp:meta_key>
		<wp:meta_value><![CDATA[a:4:{i:1;a:2:{s:4:"desc";s:5:"Sexo:";s:4:"link";s:10:"Indistinto";}i:2;a:2:{s:4:"desc";s:5:"Edad:";s:4:"link";s:14:"28 a 45 aÃ±os ";}i:3;a:2:{s:4:"desc";s:7:"Horario";s:4:"link";s:63:"Lunes a Viernes de 8:30 am a 5:00 pm SÃ¡bados 8:30 am a 2:00 pm";}i:4;a:2:{s:4:"desc";s:0:"";s:4:"link";s:0:"";}}]]></wp:meta_value>
		</wp:postmeta>
							<wp:postmeta>
		<wp:meta_key><![CDATA[valpa_log_links_]]></wp:meta_key>
		<wp:meta_value><![CDATA[a:2:{i:1;a:2:{s:4:"desc";s:1:"A";s:4:"link";s:1:"A";}i:2;a:2:{s:4:"desc";s:0:"";s:4:"link";s:0:"";}}]]></wp:meta_value>
		</wp:postmeta>
							<wp:postmeta>
		<wp:meta_key><![CDATA[preguntas_puesto_meta]]></wp:meta_key>
		<wp:meta_value><![CDATA[a:20:{i:0;s:2:"48";i:1;s:2:"57";i:2;s:2:"26";i:3;s:2:"89";i:4;s:2:"74";i:5;s:2:"75";i:6;s:3:"138";i:7;s:3:"136";i:8;s:2:"58";i:9;s:2:"90";i:10;s:2:"91";i:11;s:2:"92";i:12;s:2:"93";i:13;s:2:"94";i:14;s:2:"79";i:15;s:2:"80";i:16;s:2:"82";i:17;s:2:"87";i:18;s:2:"76";i:19;s:2:"78";}]]></wp:meta_value>
		</wp:postmeta>
							<wp:postmeta>
		<wp:meta_key><![CDATA[tareas_puesto_meta]]></wp:meta_key>
		<wp:meta_value><![CDATA[-Elaborar planes de ventas, fijar metas y objetivos.
-Reclutamiento, selecciÃ³n y capacitaciÃ³n de los vendedores a cargo.
-RecepciÃ³n de ventas generadas durante el dÃ­a y captura en el sistema.
-ResoluciÃ³n de conflictos y aclaraciÃ³n de dudas a clientes sobre el servicio adquirido.
-Asegurar que el personal de ventas siga los procedimientos y cumpla con las polÃ­ticas.
-Generar reportes de ventas. ]]></wp:meta_value>
		</wp:postmeta>
							<wp:postmeta>
		<wp:meta_key><![CDATA[experiencia_previa_meta]]></wp:meta_key>
		<wp:meta_value><![CDATA[Ventas en Campo.
Auxiliar administrativo.
Manejo de personal.
Reclutamiento y selecciÃ³n de personal.
AtenciÃ³n al clientes.
Reportes de ventas.]]></wp:meta_value>
		</wp:postmeta>
							<wp:postmeta>
		<wp:meta_key><![CDATA[publico_objetivo_meta]]></wp:meta_key>
		<wp:meta_value><![CDATA[Hombre o mujer de 30 a 45 aÃ±os con experiencia en ventas, reclutador y auxiliar administrativo]]></wp:meta_value>
		</wp:postmeta>
							<wp:postmeta>
		<wp:meta_key><![CDATA[sucursal_relacionada_meta]]></wp:meta_key>
		<wp:meta_value><![CDATA[a:1:{i:0;s:4:"3423";}]]></wp:meta_value>
		</wp:postmeta>
							<wp:postmeta>
		<wp:meta_key><![CDATA[documentos_necesarios_meta]]></wp:meta_key>
		<wp:meta_value><![CDATA[a:8:{i:0;s:2:"24";i:1;s:2:"25";i:2;s:2:"60";i:3;s:2:"64";i:4;s:2:"63";i:5;s:2:"62";i:6;s:3:"107";i:7;s:3:"154";}]]></wp:meta_value>
		</wp:postmeta>
							<wp:postmeta>
		<wp:meta_key><![CDATA[_wp_old_date]]></wp:meta_key>
		<wp:meta_value><![CDATA[2020-09-17]]></wp:meta_value>
		</wp:postmeta>
							<wp:postmeta>
		<wp:meta_key><![CDATA[_thumbnail_id]]></wp:meta_key>
		<wp:meta_value><![CDATA[3861]]></wp:meta_value>
		</wp:postmeta>
							</item>
					<item>
		<title><![CDATA[Reclutador ForÃ¡neo]]></title>
		<link>http://localhost/sass-wp/bolsadetrabajo/reclutador-foraneo/</link>
		<pubDate>Mon, 21 Sep 2020 21:54:38 +0000</pubDate>
		<dc:creator><![CDATA[webmaster]]></dc:creator>
		<guid isPermaLink="false">http://valparaiso.com.mx/?post_type=valpa_trabajos_pt&#038;p=3479</guid>
		<description></description>
		<content:encoded><![CDATA[Estamos en busca de una persona con excelentes habilidades de comunicaciÃ³n orientado a objetivos para lograr cubrir las necesidades de la empresa respecto a la contrataciÃ³n de personal y que sepa administrar sus tiempos para el trabajo en campo.]]></content:encoded>
		<excerpt:encoded><![CDATA[]]></excerpt:encoded>
		<wp:post_id>3479</wp:post_id>
		<wp:post_date><![CDATA[2020-09-21 21:54:38]]></wp:post_date>
		<wp:post_date_gmt><![CDATA[2020-09-21 21:54:38]]></wp:post_date_gmt>
		<wp:post_modified><![CDATA[2020-09-21 21:54:38]]></wp:post_modified>
		<wp:post_modified_gmt><![CDATA[2020-09-21 21:54:38]]></wp:post_modified_gmt>
		<wp:comment_status><![CDATA[closed]]></wp:comment_status>
		<wp:ping_status><![CDATA[closed]]></wp:ping_status>
		<wp:post_name><![CDATA[reclutador-foraneo]]></wp:post_name>
		<wp:status><![CDATA[publish]]></wp:status>
		<wp:post_parent>0</wp:post_parent>
		<wp:menu_order>0</wp:menu_order>
		<wp:post_type><![CDATA[valpa_trabajos_pt]]></wp:post_type>
		<wp:post_password><![CDATA[]]></wp:post_password>
		<wp:is_sticky>0</wp:is_sticky>
														<wp:postmeta>
		<wp:meta_key><![CDATA[_edit_last]]></wp:meta_key>
		<wp:meta_value><![CDATA[1]]></wp:meta_value>
		</wp:postmeta>
							<wp:postmeta>
		<wp:meta_key><![CDATA[valpa_info_puesto_]]></wp:meta_key>
		<wp:meta_value><![CDATA[]]></wp:meta_value>
		</wp:postmeta>
							<wp:postmeta>
		<wp:meta_key><![CDATA[valpa_log_links_]]></wp:meta_key>
		<wp:meta_value><![CDATA[a:2:{i:1;a:2:{s:4:"desc";s:1:"A";s:4:"link";s:1:"A";}i:2;a:2:{s:4:"desc";s:0:"";s:4:"link";s:0:"";}}]]></wp:meta_value>
		</wp:postmeta>
							<wp:postmeta>
		<wp:meta_key><![CDATA[tareas_puesto_meta]]></wp:meta_key>
		<wp:meta_value><![CDATA[-BÃºsqueda y selecciÃ³n de Personal.
-Procesos de preselecciÃ³n.
-Contratar al personal dentro de los tiempos y con los perfiles adecuado establecidos.
-Ser responsable de las relaciones sanas con las bolsas de empleo de gobierno.
-Mantener un buen control de archivo vivo.
-Reclutamiento de personal.
-Efectuar todos los reportes relacionados con su puesto.]]></wp:meta_value>
		</wp:postmeta>
							<wp:postmeta>
		<wp:meta_key><![CDATA[experiencia_previa_meta]]></wp:meta_key>
		<wp:meta_value><![CDATA[Reclutamiento en campo
Reclutamiento 2.0 y 3.0
Auxiliar administrativo
Tramites gubernamentales]]></wp:meta_value>
		</wp:postmeta>
							<wp:postmeta>
		<wp:meta_key><![CDATA[publico_objetivo_meta]]></wp:meta_key>
		<wp:meta_value><![CDATA[]]></wp:meta_value>
		</wp:postmeta>
							<wp:postmeta>
		<wp:meta_key><![CDATA[preguntas_puesto_meta]]></wp:meta_key>
		<wp:meta_value><![CDATA[a:23:{i:0;s:2:"48";i:1;s:2:"57";i:2;s:2:"26";i:3;s:2:"89";i:4;s:2:"74";i:5;s:2:"75";i:6;s:3:"138";i:7;s:2:"58";i:8;s:2:"90";i:9;s:2:"91";i:10;s:2:"92";i:11;s:2:"93";i:12;s:2:"94";i:13;s:2:"79";i:14;s:2:"80";i:15;s:2:"82";i:16;s:2:"87";i:17;s:2:"76";i:18;s:2:"78";i:19;s:4:"3482";i:20;s:4:"3480";i:21;s:4:"3481";i:22;s:4:"3483";}]]></wp:meta_value>
		</wp:postmeta>
							<wp:postmeta>
		<wp:meta_key><![CDATA[_thumbnail_id]]></wp:meta_key>
		<wp:meta_value><![CDATA[3860]]></wp:meta_value>
		</wp:postmeta>
							<wp:postmeta>
		<wp:meta_key><![CDATA[documentos_necesarios_meta]]></wp:meta_key>
		<wp:meta_value><![CDATA[a:9:{i:0;s:2:"24";i:1;s:2:"25";i:2;s:2:"60";i:3;s:2:"64";i:4;s:2:"63";i:5;s:2:"62";i:6;s:3:"107";i:7;s:3:"134";i:8;s:3:"154";}]]></wp:meta_value>
		</wp:postmeta>
							<wp:postmeta>
		<wp:meta_key><![CDATA[sucursal_relacionada_meta]]></wp:meta_key>
		<wp:meta_value><![CDATA[a:1:{i:0;s:2:"22";}]]></wp:meta_value>
		</wp:postmeta>
							</item>
					<item>
		<title><![CDATA[AtenciÃ³n a clientes en sucursal]]></title>
		<link>http://localhost/sass-wp/?post_type=valpa_trabajos_pt&#038;p=3663</link>
		<pubDate>Mon, 28 Sep 2020 22:58:09 +0000</pubDate>
		<dc:creator><![CDATA[webmaster]]></dc:creator>
		<guid isPermaLink="false">http://valparaiso.com.mx/?post_type=valpa_trabajos_pt&#038;p=3663</guid>
		<description></description>
		<content:encoded><![CDATA[Estamos en busca de una persona que le guste el trato con la gente humilde y servicial que estÃ© atento de las necesidades de los usuarios de nuestras instalaciones brindÃ¡ndoles un servicio de calidad y sea proactivo para cumplir todas las actividades que se requieran.]]></content:encoded>
		<excerpt:encoded><![CDATA[]]></excerpt:encoded>
		<wp:post_id>3663</wp:post_id>
		<wp:post_date><![CDATA[2020-09-28 22:58:09]]></wp:post_date>
		<wp:post_date_gmt><![CDATA[2020-09-28 22:58:09]]></wp:post_date_gmt>
		<wp:post_modified><![CDATA[2020-09-28 22:58:09]]></wp:post_modified>
		<wp:post_modified_gmt><![CDATA[2020-09-28 22:58:09]]></wp:post_modified_gmt>
		<wp:comment_status><![CDATA[closed]]></wp:comment_status>
		<wp:ping_status><![CDATA[closed]]></wp:ping_status>
		<wp:post_name><![CDATA[atencion-a-clientes-en-sucursal]]></wp:post_name>
		<wp:status><![CDATA[draft]]></wp:status>
		<wp:post_parent>0</wp:post_parent>
		<wp:menu_order>0</wp:menu_order>
		<wp:post_type><![CDATA[valpa_trabajos_pt]]></wp:post_type>
		<wp:post_password><![CDATA[]]></wp:post_password>
		<wp:is_sticky>0</wp:is_sticky>
														<wp:postmeta>
		<wp:meta_key><![CDATA[_edit_last]]></wp:meta_key>
		<wp:meta_value><![CDATA[1]]></wp:meta_value>
		</wp:postmeta>
							<wp:postmeta>
		<wp:meta_key><![CDATA[valpa_info_puesto_]]></wp:meta_key>
		<wp:meta_value><![CDATA[a:3:{i:1;a:2:{s:4:"desc";s:5:"Sexo:";s:4:"link";s:10:"Indistinto";}i:2;a:2:{s:4:"desc";s:5:"Edad:";s:4:"link";s:13:"26 a 45 aÃ±os";}i:3;a:2:{s:4:"desc";s:0:"";s:4:"link";s:0:"";}}]]></wp:meta_value>
		</wp:postmeta>
							<wp:postmeta>
		<wp:meta_key><![CDATA[sucursal_relacionada_meta]]></wp:meta_key>
		<wp:meta_value><![CDATA[a:1:{i:0;s:2:"22";}]]></wp:meta_value>
		</wp:postmeta>
							<wp:postmeta>
		<wp:meta_key><![CDATA[valpa_log_links_]]></wp:meta_key>
		<wp:meta_value><![CDATA[a:2:{i:1;a:2:{s:4:"desc";s:1:"A";s:4:"link";s:1:"A";}i:2;a:2:{s:4:"desc";s:0:"";s:4:"link";s:0:"";}}]]></wp:meta_value>
		</wp:postmeta>
							<wp:postmeta>
		<wp:meta_key><![CDATA[preguntas_puesto_meta]]></wp:meta_key>
		<wp:meta_value><![CDATA[a:18:{i:0;s:2:"48";i:1;s:2:"57";i:2;s:2:"26";i:3;s:2:"89";i:4;s:2:"74";i:5;s:2:"75";i:6;s:2:"58";i:7;s:2:"90";i:8;s:2:"91";i:9;s:2:"92";i:10;s:2:"93";i:11;s:2:"94";i:12;s:2:"79";i:13;s:2:"80";i:14;s:2:"82";i:15;s:2:"87";i:16;s:2:"76";i:17;s:2:"78";}]]></wp:meta_value>
		</wp:postmeta>
							<wp:postmeta>
		<wp:meta_key><![CDATA[documentos_necesarios_meta]]></wp:meta_key>
		<wp:meta_value><![CDATA[a:9:{i:0;s:2:"24";i:1;s:2:"25";i:2;s:2:"60";i:3;s:2:"64";i:4;s:2:"63";i:5;s:2:"62";i:6;s:3:"107";i:7;s:3:"134";i:8;s:3:"154";}]]></wp:meta_value>
		</wp:postmeta>
							<wp:postmeta>
		<wp:meta_key><![CDATA[tareas_puesto_meta]]></wp:meta_key>
		<wp:meta_value><![CDATA[- Dar atenciÃ³n a cliente y usuarios dentro de nuestras instalaciones.
- Asegurarse de que se dÃ© el uso adecuado a las salas.
- Asegurarse de que existan suficientes suministros en el servicio de cafeterÃ­a.
- Reportar cualquier anomalÃ­a.
- Limpieza de su Ã¡rea y herramientas de trabajo.
- Registro de BitÃ¡coras.
- RecepciÃ³n y atenciÃ³n de llamadas.]]></wp:meta_value>
		</wp:postmeta>
							<wp:postmeta>
		<wp:meta_key><![CDATA[experiencia_previa_meta]]></wp:meta_key>
		<wp:meta_value><![CDATA[Servicio a Cliente
Ventas de mostrador.
Mesero.
Camarista.]]></wp:meta_value>
		</wp:postmeta>
							<wp:postmeta>
		<wp:meta_key><![CDATA[publico_objetivo_meta]]></wp:meta_key>
		<wp:meta_value><![CDATA[hombre de 28 a 45 aÃ±os, con experiencia en servicio a clientes en restaurantes y mesero camarista]]></wp:meta_value>
		</wp:postmeta>
							<wp:postmeta>
		<wp:meta_key><![CDATA[_thumbnail_id]]></wp:meta_key>
		<wp:meta_value><![CDATA[3859]]></wp:meta_value>
		</wp:postmeta>
							</item>
					<item>
		<title><![CDATA[Supervisor de ventas en Redes Sociales]]></title>
		<link>http://localhost/sass-wp/bolsadetrabajo/asistente-de-ventas-en-redes-sociales/</link>
		<pubDate>Wed, 21 Oct 2020 22:49:58 +0000</pubDate>
		<dc:creator><![CDATA[webmaster]]></dc:creator>
		<guid isPermaLink="false">http://valparaiso.com.mx/?post_type=valpa_trabajos_pt&#038;p=3824</guid>
		<description></description>
		<content:encoded><![CDATA[Estamos en busca de una persona que genere oportunidades de venta, al crear relaciones entre la empresa y los medios relacionados para la obtenciÃ³n de notificaciones sobre posibles clientes que llegaran a necesitar de nuestros servicios.]]></content:encoded>
		<excerpt:encoded><![CDATA[]]></excerpt:encoded>
		<wp:post_id>3824</wp:post_id>
		<wp:post_date><![CDATA[2020-10-21 22:49:58]]></wp:post_date>
		<wp:post_date_gmt><![CDATA[2020-10-21 22:49:58]]></wp:post_date_gmt>
		<wp:post_modified><![CDATA[2021-09-09 18:57:36]]></wp:post_modified>
		<wp:post_modified_gmt><![CDATA[2021-09-09 18:57:36]]></wp:post_modified_gmt>
		<wp:comment_status><![CDATA[closed]]></wp:comment_status>
		<wp:ping_status><![CDATA[closed]]></wp:ping_status>
		<wp:post_name><![CDATA[asistente-de-ventas-en-redes-sociales]]></wp:post_name>
		<wp:status><![CDATA[publish]]></wp:status>
		<wp:post_parent>0</wp:post_parent>
		<wp:menu_order>0</wp:menu_order>
		<wp:post_type><![CDATA[valpa_trabajos_pt]]></wp:post_type>
		<wp:post_password><![CDATA[]]></wp:post_password>
		<wp:is_sticky>0</wp:is_sticky>
														<wp:postmeta>
		<wp:meta_key><![CDATA[_edit_last]]></wp:meta_key>
		<wp:meta_value><![CDATA[1]]></wp:meta_value>
		</wp:postmeta>
							<wp:postmeta>
		<wp:meta_key><![CDATA[valpa_info_puesto_]]></wp:meta_key>
		<wp:meta_value><![CDATA[a:3:{i:1;a:2:{s:4:"desc";s:5:"Edad:";s:4:"link";s:13:"28 a 35 aÃ±os";}i:2;a:2:{s:4:"desc";s:8:"Horario:";s:4:"link";s:62:"Lunes a Viernes 9:00 am - 6:00 pm y SÃ¡bados 9:00 am - 2:00 pm";}i:3;a:2:{s:4:"desc";s:0:"";s:4:"link";s:0:"";}}]]></wp:meta_value>
		</wp:postmeta>
							<wp:postmeta>
		<wp:meta_key><![CDATA[sucursal_relacionada_meta]]></wp:meta_key>
		<wp:meta_value><![CDATA[a:1:{i:0;s:2:"22";}]]></wp:meta_value>
		</wp:postmeta>
							<wp:postmeta>
		<wp:meta_key><![CDATA[valpa_log_links_]]></wp:meta_key>
		<wp:meta_value><![CDATA[a:2:{i:1;a:2:{s:4:"desc";s:1:"A";s:4:"link";s:1:"A";}i:2;a:2:{s:4:"desc";s:0:"";s:4:"link";s:0:"";}}]]></wp:meta_value>
		</wp:postmeta>
							<wp:postmeta>
		<wp:meta_key><![CDATA[preguntas_puesto_meta]]></wp:meta_key>
		<wp:meta_value><![CDATA[a:21:{i:0;s:2:"48";i:1;s:2:"57";i:2;s:2:"26";i:3;s:2:"89";i:4;s:2:"74";i:5;s:2:"75";i:6;s:3:"136";i:7;s:2:"58";i:8;s:4:"3825";i:9;s:4:"3826";i:10;s:2:"90";i:11;s:2:"91";i:12;s:2:"92";i:13;s:2:"93";i:14;s:2:"94";i:15;s:2:"79";i:16;s:2:"80";i:17;s:2:"82";i:18;s:2:"87";i:19;s:2:"76";i:20;s:2:"78";}]]></wp:meta_value>
		</wp:postmeta>
							<wp:postmeta>
		<wp:meta_key><![CDATA[documentos_necesarios_meta]]></wp:meta_key>
		<wp:meta_value><![CDATA[a:9:{i:0;s:2:"24";i:1;s:2:"25";i:2;s:2:"60";i:3;s:2:"64";i:4;s:2:"63";i:5;s:2:"62";i:6;s:3:"107";i:7;s:3:"134";i:8;s:3:"154";}]]></wp:meta_value>
		</wp:postmeta>
							<wp:postmeta>
		<wp:meta_key><![CDATA[tareas_puesto_meta]]></wp:meta_key>
		<wp:meta_value><![CDATA[-Seguimiento y cierre de solicitudes y ventas en pÃ¡gina web y redes sociales
-DiseÃ±ar estrategias de venta directa e indirecta de servicios mediante portales e-commerce y marketplace.
-AtenciÃ³n al cliente de la empresa.
-CreaciÃ³n de anuncios, audiencias y optimizaciÃ³n de campaÃ±as.
-Generar ventas y estrategias en plataformas.
-Realizar el reporte de actividades efectuados para conocimiento de su jefe inmediato.
-Venta de servicios.]]></wp:meta_value>
		</wp:postmeta>
							<wp:postmeta>
		<wp:meta_key><![CDATA[experiencia_previa_meta]]></wp:meta_key>
		<wp:meta_value><![CDATA[Experiencia en ventas por redes sociales y/o plataformas digitales (se comprobarÃ¡ habilidad),
Lic. en Marketing,
Medios digitales,
Publicidad o a fin.
]]></wp:meta_value>
		</wp:postmeta>
							<wp:postmeta>
		<wp:meta_key><![CDATA[publico_objetivo_meta]]></wp:meta_key>
		<wp:meta_value><![CDATA[personas de 22 a 30 aÃ±os hombre o mujer]]></wp:meta_value>
		</wp:postmeta>
							<wp:postmeta>
		<wp:meta_key><![CDATA[_thumbnail_id]]></wp:meta_key>
		<wp:meta_value><![CDATA[3858]]></wp:meta_value>
		</wp:postmeta>
							<wp:postmeta>
		<wp:meta_key><![CDATA[empresa_relacionada_meta]]></wp:meta_key>
		<wp:meta_value><![CDATA[a:1:{i:0;s:5:"19278";}]]></wp:meta_value>
		</wp:postmeta>
							</item>
					<item>
		<title><![CDATA[Asistente de comunicaciÃ³n]]></title>
		<link>http://localhost/sass-wp/bolsadetrabajo/asistente-de-comunicacion/</link>
		<pubDate>Fri, 06 Nov 2020 15:40:17 +0000</pubDate>
		<dc:creator><![CDATA[webmaster]]></dc:creator>
		<guid isPermaLink="false">http://valparaiso.com.mx/?post_type=valpa_trabajos_pt&#038;p=5168</guid>
		<description></description>
		<content:encoded><![CDATA[Estamos en busca de una persona responsable que tenga experiencia en dirigir y coordinar las estrategias de comunicaciÃ³n por medio de redes sociales, asÃ­ como la supervisiÃ³n y administraciÃ³n del material y diÃ¡logos publicados en las diversas plataformas de la empresa.]]></content:encoded>
		<excerpt:encoded><![CDATA[]]></excerpt:encoded>
		<wp:post_id>5168</wp:post_id>
		<wp:post_date><![CDATA[2020-11-06 15:40:17]]></wp:post_date>
		<wp:post_date_gmt><![CDATA[2020-11-06 15:40:17]]></wp:post_date_gmt>
		<wp:post_modified><![CDATA[2020-11-06 15:40:17]]></wp:post_modified>
		<wp:post_modified_gmt><![CDATA[2020-11-06 15:40:17]]></wp:post_modified_gmt>
		<wp:comment_status><![CDATA[closed]]></wp:comment_status>
		<wp:ping_status><![CDATA[closed]]></wp:ping_status>
		<wp:post_name><![CDATA[asistente-de-comunicacion]]></wp:post_name>
		<wp:status><![CDATA[publish]]></wp:status>
		<wp:post_parent>0</wp:post_parent>
		<wp:menu_order>0</wp:menu_order>
		<wp:post_type><![CDATA[valpa_trabajos_pt]]></wp:post_type>
		<wp:post_password><![CDATA[]]></wp:post_password>
		<wp:is_sticky>0</wp:is_sticky>
														<wp:postmeta>
		<wp:meta_key><![CDATA[_edit_last]]></wp:meta_key>
		<wp:meta_value><![CDATA[1]]></wp:meta_value>
		</wp:postmeta>
							<wp:postmeta>
		<wp:meta_key><![CDATA[valpa_info_puesto_]]></wp:meta_key>
		<wp:meta_value><![CDATA[a:3:{i:1;a:2:{s:4:"desc";s:5:"Edad:";s:4:"link";s:14:" 23 a 35 aÃ±os";}i:2;a:2:{s:4:"desc";s:8:"Horario:";s:4:"link";s:62:"Lunes a Viernes 9:00 am - 6:00 pm y SÃ¡bados 9:00 am - 2:00 pm";}i:3;a:2:{s:4:"desc";s:0:"";s:4:"link";s:0:"";}}]]></wp:meta_value>
		</wp:postmeta>
							<wp:postmeta>
		<wp:meta_key><![CDATA[sucursal_relacionada_meta]]></wp:meta_key>
		<wp:meta_value><![CDATA[a:1:{i:0;s:2:"22";}]]></wp:meta_value>
		</wp:postmeta>
							<wp:postmeta>
		<wp:meta_key><![CDATA[valpa_log_links_]]></wp:meta_key>
		<wp:meta_value><![CDATA[a:2:{i:1;a:2:{s:4:"desc";s:1:"A";s:4:"link";s:1:"A";}i:2;a:2:{s:4:"desc";s:0:"";s:4:"link";s:0:"";}}]]></wp:meta_value>
		</wp:postmeta>
							<wp:postmeta>
		<wp:meta_key><![CDATA[preguntas_puesto_meta]]></wp:meta_key>
		<wp:meta_value><![CDATA[a:21:{i:0;s:2:"48";i:1;s:2:"57";i:2;s:2:"26";i:3;s:2:"89";i:4;s:2:"74";i:5;s:2:"75";i:6;s:3:"136";i:7;s:2:"58";i:8;s:4:"3825";i:9;s:4:"3826";i:10;s:2:"90";i:11;s:2:"91";i:12;s:2:"92";i:13;s:2:"93";i:14;s:2:"94";i:15;s:2:"79";i:16;s:2:"80";i:17;s:2:"82";i:18;s:2:"87";i:19;s:2:"76";i:20;s:2:"78";}]]></wp:meta_value>
		</wp:postmeta>
							<wp:postmeta>
		<wp:meta_key><![CDATA[documentos_necesarios_meta]]></wp:meta_key>
		<wp:meta_value><![CDATA[a:8:{i:0;s:2:"24";i:1;s:2:"25";i:2;s:2:"60";i:3;s:2:"64";i:4;s:2:"63";i:5;s:2:"62";i:6;s:3:"107";i:7;s:3:"154";}]]></wp:meta_value>
		</wp:postmeta>
							<wp:postmeta>
		<wp:meta_key><![CDATA[tareas_puesto_meta]]></wp:meta_key>
		<wp:meta_value><![CDATA[- Planea y programa las publicaciones en redes sociales y eventos generados de la empresa.
- Supervisa y administra los recursos y plataformas de la empresa
- Delega las actividades con el equipo de trabajo 
- Genera los reportes solicitados por parte de la gerencia comercial 
- Encargado de avisos internos y externos 
- Plantear soluciones a emergencias y de comunicados ]]></wp:meta_value>
		</wp:postmeta>
							<wp:postmeta>
		<wp:meta_key><![CDATA[experiencia_previa_meta]]></wp:meta_key>
		<wp:meta_value><![CDATA[DiseÃ±o de estrategias de comunicaciÃ³n. 
GestiÃ³n de redes sociales. 
GestiÃ³n de crisis. 
AtenciÃ³n al cliente.
EdiciÃ³n de contenidos.]]></wp:meta_value>
		</wp:postmeta>
							<wp:postmeta>
		<wp:meta_key><![CDATA[publico_objetivo_meta]]></wp:meta_key>
		<wp:meta_value><![CDATA[Hombre o mujer de edad de 22 a 30 aÃ±os]]></wp:meta_value>
		</wp:postmeta>
							<wp:postmeta>
		<wp:meta_key><![CDATA[_thumbnail_id]]></wp:meta_key>
		<wp:meta_value><![CDATA[20589]]></wp:meta_value>
		</wp:postmeta>
							</item>
					<item>
		<title><![CDATA[Soporte TÃ©cnico en computaciÃ³n.]]></title>
		<link>http://localhost/sass-wp/?post_type=valpa_trabajos_pt&#038;p=5896</link>
		<pubDate>Fri, 13 Nov 2020 15:48:17 +0000</pubDate>
		<dc:creator><![CDATA[webmaster]]></dc:creator>
		<guid isPermaLink="false">http://valparaiso.com.mx/?post_type=valpa_trabajos_pt&#038;p=5896</guid>
		<description></description>
		<content:encoded><![CDATA[Estamos en busca de una persona con conocimientos tÃ©cnico avanzado para el mantenimiento de los equipos de nuestro sistema de tecnologÃ­a (computo y comunicaciÃ³n) y que cuente con gran capacidad de control para la administraciÃ³n de tareas respectivas de su puesto.]]></content:encoded>
		<excerpt:encoded><![CDATA[]]></excerpt:encoded>
		<wp:post_id>5896</wp:post_id>
		<wp:post_date><![CDATA[2020-11-13 15:48:17]]></wp:post_date>
		<wp:post_date_gmt><![CDATA[2020-11-13 15:48:17]]></wp:post_date_gmt>
		<wp:post_modified><![CDATA[2020-11-13 15:48:17]]></wp:post_modified>
		<wp:post_modified_gmt><![CDATA[2020-11-13 15:48:17]]></wp:post_modified_gmt>
		<wp:comment_status><![CDATA[closed]]></wp:comment_status>
		<wp:ping_status><![CDATA[closed]]></wp:ping_status>
		<wp:post_name><![CDATA[soporte-tecnico-en-computacion]]></wp:post_name>
		<wp:status><![CDATA[draft]]></wp:status>
		<wp:post_parent>0</wp:post_parent>
		<wp:menu_order>0</wp:menu_order>
		<wp:post_type><![CDATA[valpa_trabajos_pt]]></wp:post_type>
		<wp:post_password><![CDATA[]]></wp:post_password>
		<wp:is_sticky>0</wp:is_sticky>
														<wp:postmeta>
		<wp:meta_key><![CDATA[_edit_last]]></wp:meta_key>
		<wp:meta_value><![CDATA[1]]></wp:meta_value>
		</wp:postmeta>
							<wp:postmeta>
		<wp:meta_key><![CDATA[valpa_info_puesto_]]></wp:meta_key>
		<wp:meta_value><![CDATA[a:3:{i:1;a:2:{s:4:"desc";s:6:"Edad: ";s:4:"link";s:13:"26 a 40 aÃ±os";}i:2;a:2:{s:4:"desc";s:8:"Horario:";s:4:"link";s:32:"Lunes a Sabado 8:00 am - 6:00 pm";}i:3;a:2:{s:4:"desc";s:0:"";s:4:"link";s:0:"";}}]]></wp:meta_value>
		</wp:postmeta>
							<wp:postmeta>
		<wp:meta_key><![CDATA[valpa_log_links_]]></wp:meta_key>
		<wp:meta_value><![CDATA[a:2:{i:1;a:2:{s:4:"desc";s:1:"A";s:4:"link";s:1:"A";}i:2;a:2:{s:4:"desc";s:0:"";s:4:"link";s:0:"";}}]]></wp:meta_value>
		</wp:postmeta>
							<wp:postmeta>
		<wp:meta_key><![CDATA[documentos_necesarios_meta]]></wp:meta_key>
		<wp:meta_value><![CDATA[a:8:{i:0;s:2:"24";i:1;s:2:"25";i:2;s:2:"60";i:3;s:2:"64";i:4;s:2:"63";i:5;s:2:"62";i:6;s:3:"107";i:7;s:3:"154";}]]></wp:meta_value>
		</wp:postmeta>
							<wp:postmeta>
		<wp:meta_key><![CDATA[tareas_puesto_meta]]></wp:meta_key>
		<wp:meta_value><![CDATA[-Mantenimiento preventivo y correctivo de Hardware
-Mantenimiento preventivo y correctivo de Software
-Brindar Soporte en Redes
-Proporcionar Respuestas inmediatas y precisas a los clientes internos a travÃ©s de diagnÃ³stico de fallas.
-ElaboraciÃ³n y llenado de bitÃ¡coras]]></wp:meta_value>
		</wp:postmeta>
							<wp:postmeta>
		<wp:meta_key><![CDATA[experiencia_previa_meta]]></wp:meta_key>
		<wp:meta_value><![CDATA[Mantenimiento de computadoras e impresoras, Servicio a cliente interno, ConfiguraciÃ³n de Redes LAN, ConfiguraciÃ³n de Router y Access Point.]]></wp:meta_value>
		</wp:postmeta>
							<wp:postmeta>
		<wp:meta_key><![CDATA[publico_objetivo_meta]]></wp:meta_key>
		<wp:meta_value><![CDATA[hombre o mujer de 23 a 40 aÃ±os con experiencia con experiencia en soporte tÃ©cnico en computaciÃ³n.]]></wp:meta_value>
		</wp:postmeta>
							<wp:postmeta>
		<wp:meta_key><![CDATA[sucursal_relacionada_meta]]></wp:meta_key>
		<wp:meta_value><![CDATA[a:1:{i:0;s:2:"22";}]]></wp:meta_value>
		</wp:postmeta>
							<wp:postmeta>
		<wp:meta_key><![CDATA[preguntas_puesto_meta]]></wp:meta_key>
		<wp:meta_value><![CDATA[a:22:{i:0;s:2:"48";i:1;s:2:"57";i:2;s:2:"26";i:3;s:2:"89";i:4;s:2:"74";i:5;s:2:"75";i:6;s:2:"58";i:7;s:4:"5953";i:8;s:4:"5954";i:9;s:4:"5955";i:10;s:4:"5956";i:11;s:2:"90";i:12;s:2:"91";i:13;s:2:"92";i:14;s:2:"93";i:15;s:2:"94";i:16;s:2:"79";i:17;s:2:"80";i:18;s:2:"82";i:19;s:2:"87";i:20;s:2:"76";i:21;s:2:"78";}]]></wp:meta_value>
		</wp:postmeta>
							<wp:postmeta>
		<wp:meta_key><![CDATA[_thumbnail_id]]></wp:meta_key>
		<wp:meta_value><![CDATA[20587]]></wp:meta_value>
		</wp:postmeta>
							</item>
					<item>
		<title><![CDATA[Coordinador de operaciones o Logistica]]></title>
		<link>http://localhost/sass-wp/?post_type=valpa_trabajos_pt&#038;p=8238</link>
		<pubDate>Thu, 17 Dec 2020 23:45:59 +0000</pubDate>
		<dc:creator><![CDATA[webmaster]]></dc:creator>
		<guid isPermaLink="false">http://valparaiso.com.mx/?post_type=valpa_trabajos_pt&#038;p=8238</guid>
		<description></description>
		<content:encoded><![CDATA[Buscamos personal para realizar funciones como coordinar y mantener las operaciones correctas dentro del CEDIS, asÃ­ como los procesos Ã³ptimos de logÃ­stica, calidad, servicio y cumplir con los objetivos marcados por la gerencia comercial.]]></content:encoded>
		<excerpt:encoded><![CDATA[]]></excerpt:encoded>
		<wp:post_id>8238</wp:post_id>
		<wp:post_date><![CDATA[2020-12-17 23:45:59]]></wp:post_date>
		<wp:post_date_gmt><![CDATA[2020-12-17 23:45:59]]></wp:post_date_gmt>
		<wp:post_modified><![CDATA[2020-12-17 23:45:59]]></wp:post_modified>
		<wp:post_modified_gmt><![CDATA[2020-12-17 23:45:59]]></wp:post_modified_gmt>
		<wp:comment_status><![CDATA[closed]]></wp:comment_status>
		<wp:ping_status><![CDATA[closed]]></wp:ping_status>
		<wp:post_name><![CDATA[coordinador-de-operaciones-o-logistica]]></wp:post_name>
		<wp:status><![CDATA[draft]]></wp:status>
		<wp:post_parent>0</wp:post_parent>
		<wp:menu_order>0</wp:menu_order>
		<wp:post_type><![CDATA[valpa_trabajos_pt]]></wp:post_type>
		<wp:post_password><![CDATA[]]></wp:post_password>
		<wp:is_sticky>0</wp:is_sticky>
														<wp:postmeta>
		<wp:meta_key><![CDATA[_edit_last]]></wp:meta_key>
		<wp:meta_value><![CDATA[1]]></wp:meta_value>
		</wp:postmeta>
							<wp:postmeta>
		<wp:meta_key><![CDATA[valpa_info_puesto_]]></wp:meta_key>
		<wp:meta_value><![CDATA[a:3:{i:1;a:2:{s:4:"desc";s:5:"Edad:";s:4:"link";s:13:"34 a 45 aÃ±os";}i:2;a:2:{s:4:"desc";s:5:"Sexo:";s:4:"link";s:9:"Masculino";}i:3;a:2:{s:4:"desc";s:0:"";s:4:"link";s:0:"";}}]]></wp:meta_value>
		</wp:postmeta>
							<wp:postmeta>
		<wp:meta_key><![CDATA[sucursal_relacionada_meta]]></wp:meta_key>
		<wp:meta_value><![CDATA[a:1:{i:0;s:2:"22";}]]></wp:meta_value>
		</wp:postmeta>
							<wp:postmeta>
		<wp:meta_key><![CDATA[valpa_log_links_]]></wp:meta_key>
		<wp:meta_value><![CDATA[a:2:{i:1;a:2:{s:4:"desc";s:1:"A";s:4:"link";s:1:"A";}i:2;a:2:{s:4:"desc";s:0:"";s:4:"link";s:0:"";}}]]></wp:meta_value>
		</wp:postmeta>
							<wp:postmeta>
		<wp:meta_key><![CDATA[preguntas_puesto_meta]]></wp:meta_key>
		<wp:meta_value><![CDATA[a:22:{i:0;s:2:"57";i:1;s:2:"26";i:2;s:2:"89";i:3;s:2:"74";i:4;s:2:"75";i:5;s:3:"138";i:6;s:2:"58";i:7;s:4:"8239";i:8;s:4:"8240";i:9;s:4:"8241";i:10;s:4:"8242";i:11;s:2:"90";i:12;s:2:"91";i:13;s:2:"92";i:14;s:2:"93";i:15;s:2:"94";i:16;s:2:"79";i:17;s:2:"80";i:18;s:2:"82";i:19;s:2:"87";i:20;s:2:"76";i:21;s:2:"78";}]]></wp:meta_value>
		</wp:postmeta>
							<wp:postmeta>
		<wp:meta_key><![CDATA[documentos_necesarios_meta]]></wp:meta_key>
		<wp:meta_value><![CDATA[a:9:{i:0;s:2:"24";i:1;s:2:"25";i:2;s:2:"60";i:3;s:2:"64";i:4;s:2:"63";i:5;s:2:"62";i:6;s:3:"107";i:7;s:3:"134";i:8;s:3:"154";}]]></wp:meta_value>
		</wp:postmeta>
							<wp:postmeta>
		<wp:meta_key><![CDATA[tareas_puesto_meta]]></wp:meta_key>
		<wp:meta_value><![CDATA[-Planea y programa los recursos materiales para brindar los servicios requeridos.
-Control de almacÃ©n.
-Supervisa y administra el personal y se asegura de que cumplen las normas de la empresa.
-Delega las actividades operativas para el cumplimiento de los objetivos.
-Genera y reporta la informaciÃ³n requerida para Gerencia.
-LogÃ­stica de los servicios a domicilio.]]></wp:meta_value>
		</wp:postmeta>
							<wp:postmeta>
		<wp:meta_key><![CDATA[experiencia_previa_meta]]></wp:meta_key>
		<wp:meta_value><![CDATA[1.	LogÃ­stica /Trafico/ Embarques 
2.	Manejo de Personal
3.	Seguimiento de Procesos Operativos
]]></wp:meta_value>
		</wp:postmeta>
							<wp:postmeta>
		<wp:meta_key><![CDATA[publico_objetivo_meta]]></wp:meta_key>
		<wp:meta_value><![CDATA[Hombres de 34 a 45 aÃ±os]]></wp:meta_value>
		</wp:postmeta>
							<wp:postmeta>
		<wp:meta_key><![CDATA[_thumbnail_id]]></wp:meta_key>
		<wp:meta_value><![CDATA[20586]]></wp:meta_value>
		</wp:postmeta>
							</item>
					<item>
		<title><![CDATA[Programador WordPress]]></title>
		<link>http://localhost/sass-wp/bolsadetrabajo/programador-wordpress-jr/</link>
		<pubDate>Tue, 04 May 2021 16:09:18 +0000</pubDate>
		<dc:creator><![CDATA[webmaster]]></dc:creator>
		<guid isPermaLink="false">http://valparaiso.com.mx/?post_type=valpa_trabajos_pt&#038;p=19626</guid>
		<description></description>
		<content:encoded><![CDATA[Estamos en busca de un Programador WordPress Jr. Que tenga conocimientos en programaciÃ³n, desarrollo de plugins, que sepa actualizar funciones PHP, acerca de Arrays, controlar, darle seguimiento y modificar el diseÃ±o y comportamiento de la web, con la apertura para el entendimiento del funcionamiento del giro de la empresa.]]></content:encoded>
		<excerpt:encoded><![CDATA[]]></excerpt:encoded>
		<wp:post_id>19626</wp:post_id>
		<wp:post_date><![CDATA[2021-05-04 16:09:18]]></wp:post_date>
		<wp:post_date_gmt><![CDATA[2021-05-04 16:09:18]]></wp:post_date_gmt>
		<wp:post_modified><![CDATA[2021-09-09 21:30:42]]></wp:post_modified>
		<wp:post_modified_gmt><![CDATA[2021-09-09 21:30:42]]></wp:post_modified_gmt>
		<wp:comment_status><![CDATA[closed]]></wp:comment_status>
		<wp:ping_status><![CDATA[closed]]></wp:ping_status>
		<wp:post_name><![CDATA[programador-wordpress-jr]]></wp:post_name>
		<wp:status><![CDATA[publish]]></wp:status>
		<wp:post_parent>0</wp:post_parent>
		<wp:menu_order>0</wp:menu_order>
		<wp:post_type><![CDATA[valpa_trabajos_pt]]></wp:post_type>
		<wp:post_password><![CDATA[]]></wp:post_password>
		<wp:is_sticky>0</wp:is_sticky>
														<wp:postmeta>
		<wp:meta_key><![CDATA[_edit_last]]></wp:meta_key>
		<wp:meta_value><![CDATA[1]]></wp:meta_value>
		</wp:postmeta>
							<wp:postmeta>
		<wp:meta_key><![CDATA[valpa_info_puesto_]]></wp:meta_key>
		<wp:meta_value><![CDATA[a:3:{i:1;a:2:{s:4:"desc";s:5:"Edad:";s:4:"link";s:14:" 23 a 30 aÃ±os";}i:2;a:2:{s:4:"desc";s:5:"Sexo:";s:4:"link";s:10:"Indistinto";}i:3;a:2:{s:4:"desc";s:0:"";s:4:"link";s:0:"";}}]]></wp:meta_value>
		</wp:postmeta>
							<wp:postmeta>
		<wp:meta_key><![CDATA[sucursal_relacionada_meta]]></wp:meta_key>
		<wp:meta_value><![CDATA[a:1:{i:0;s:2:"22";}]]></wp:meta_value>
		</wp:postmeta>
							<wp:postmeta>
		<wp:meta_key><![CDATA[valpa_log_links_]]></wp:meta_key>
		<wp:meta_value><![CDATA[a:2:{i:1;a:2:{s:4:"desc";s:1:"A";s:4:"link";s:1:"A";}i:2;a:2:{s:4:"desc";s:0:"";s:4:"link";s:0:"";}}]]></wp:meta_value>
		</wp:postmeta>
							<wp:postmeta>
		<wp:meta_key><![CDATA[preguntas_puesto_meta]]></wp:meta_key>
		<wp:meta_value><![CDATA[a:21:{i:0;s:2:"48";i:1;s:2:"57";i:2;s:2:"26";i:3;s:2:"89";i:4;s:2:"74";i:5;s:2:"75";i:6;s:2:"58";i:7;s:5:"19627";i:8;s:5:"19628";i:9;s:5:"19629";i:10;s:2:"90";i:11;s:2:"91";i:12;s:2:"92";i:13;s:2:"93";i:14;s:2:"94";i:15;s:2:"79";i:16;s:2:"80";i:17;s:2:"82";i:18;s:2:"87";i:19;s:2:"76";i:20;s:2:"78";}]]></wp:meta_value>
		</wp:postmeta>
							<wp:postmeta>
		<wp:meta_key><![CDATA[documentos_necesarios_meta]]></wp:meta_key>
		<wp:meta_value><![CDATA[a:9:{i:0;s:2:"24";i:1;s:2:"25";i:2;s:2:"60";i:3;s:2:"64";i:4;s:2:"63";i:5;s:2:"62";i:6;s:3:"107";i:7;s:3:"134";i:8;s:3:"154";}]]></wp:meta_value>
		</wp:postmeta>
							<wp:postmeta>
		<wp:meta_key><![CDATA[tareas_puesto_meta]]></wp:meta_key>
		<wp:meta_value><![CDATA[-Desarrollar plugins de acuerdo a las necesidades de la empresa.
- Hacer despliegues del sitio.
- Mantenimiento de los sitios en general.
- CreaciÃ³n de (Custom Post Types)
- Crear y comprobar el buen funcionamiento de (Rewrite Rules)
- CreaciÃ³n de  (Function Php)
- Conocimiento acerca de funciones post meta para su buen funcionamiento.
- Mejorar o modificar un Child Theme para mejorar las funcionalidades.
- Elaboraciones de Arrays, y creaciÃ³n de las mismas para la mejora continua de las pÃ¡ginas.
]]></wp:meta_value>
		</wp:postmeta>
							<wp:postmeta>
		<wp:meta_key><![CDATA[experiencia_previa_meta]]></wp:meta_key>
		<wp:meta_value><![CDATA[1.	Servidores cloud.
2.	APIs.
3.	Git.
4.	Desarrollo de plugins.]]></wp:meta_value>
		</wp:postmeta>
							<wp:postmeta>
		<wp:meta_key><![CDATA[publico_objetivo_meta]]></wp:meta_key>
		<wp:meta_value><![CDATA[Hombres y Mujeres de 23 a 35 aÃ±os]]></wp:meta_value>
		</wp:postmeta>
							<wp:postmeta>
		<wp:meta_key><![CDATA[_thumbnail_id]]></wp:meta_key>
		<wp:meta_value><![CDATA[22783]]></wp:meta_value>
		</wp:postmeta>
							</item>
					<item>
		<title><![CDATA[Auxiliar de DiseÃ±o Grafico]]></title>
		<link>http://localhost/sass-wp/bolsadetrabajo/auxiliar-de-diseno-grafico/</link>
		<pubDate>Thu, 13 May 2021 18:07:53 +0000</pubDate>
		<dc:creator><![CDATA[webmaster]]></dc:creator>
		<guid isPermaLink="false">http://valparaiso.com.mx/?post_type=valpa_trabajos_pt&#038;p=20076</guid>
		<description></description>
		<content:encoded><![CDATA[<table style="height: 89px;" width="769">
<tbody>
<tr>
<td width="589">Estamos en busca de una persona responsable en el DiseÃ±o de los materiales grÃ¡ficos para la operaciÃ³n diaria de la empresa y efectuar labores diversas de administraciÃ³n en las diferentes Ã¡reas.</td>
</tr>
</tbody>
</table>]]></content:encoded>
		<excerpt:encoded><![CDATA[]]></excerpt:encoded>
		<wp:post_id>20076</wp:post_id>
		<wp:post_date><![CDATA[2021-05-13 18:07:53]]></wp:post_date>
		<wp:post_date_gmt><![CDATA[2021-05-13 18:07:53]]></wp:post_date_gmt>
		<wp:post_modified><![CDATA[2021-09-09 21:27:08]]></wp:post_modified>
		<wp:post_modified_gmt><![CDATA[2021-09-09 21:27:08]]></wp:post_modified_gmt>
		<wp:comment_status><![CDATA[closed]]></wp:comment_status>
		<wp:ping_status><![CDATA[closed]]></wp:ping_status>
		<wp:post_name><![CDATA[auxiliar-de-diseno-grafico]]></wp:post_name>
		<wp:status><![CDATA[publish]]></wp:status>
		<wp:post_parent>0</wp:post_parent>
		<wp:menu_order>0</wp:menu_order>
		<wp:post_type><![CDATA[valpa_trabajos_pt]]></wp:post_type>
		<wp:post_password><![CDATA[]]></wp:post_password>
		<wp:is_sticky>0</wp:is_sticky>
														<wp:postmeta>
		<wp:meta_key><![CDATA[valpa_info_puesto_]]></wp:meta_key>
		<wp:meta_value><![CDATA[a:3:{i:1;a:2:{s:4:"desc";s:5:"Edad:";s:4:"link";s:13:"22 a 40 aÃ±os";}i:2;a:2:{s:4:"desc";s:5:"Sexo:";s:4:"link";s:10:"Indistinto";}i:3;a:2:{s:4:"desc";s:0:"";s:4:"link";s:0:"";}}]]></wp:meta_value>
		</wp:postmeta>
							<wp:postmeta>
		<wp:meta_key><![CDATA[sucursal_relacionada_meta]]></wp:meta_key>
		<wp:meta_value><![CDATA[a:1:{i:0;s:2:"22";}]]></wp:meta_value>
		</wp:postmeta>
							<wp:postmeta>
		<wp:meta_key><![CDATA[valpa_log_links_]]></wp:meta_key>
		<wp:meta_value><![CDATA[a:2:{i:1;a:2:{s:4:"desc";s:1:"A";s:4:"link";s:1:"A";}i:2;a:2:{s:4:"desc";s:0:"";s:4:"link";s:0:"";}}]]></wp:meta_value>
		</wp:postmeta>
							<wp:postmeta>
		<wp:meta_key><![CDATA[documentos_necesarios_meta]]></wp:meta_key>
		<wp:meta_value><![CDATA[a:9:{i:0;s:2:"24";i:1;s:2:"25";i:2;s:2:"60";i:3;s:2:"64";i:4;s:2:"63";i:5;s:2:"62";i:6;s:3:"107";i:7;s:3:"134";i:8;s:3:"154";}]]></wp:meta_value>
		</wp:postmeta>
							<wp:postmeta>
		<wp:meta_key><![CDATA[tareas_puesto_meta]]></wp:meta_key>
		<wp:meta_value><![CDATA[- Colaborar en el diseÃ±o grÃ¡fico para la difusiÃ³n, presentaciÃ³n e identificaciÃ³n de los eventos generados por la empresa.
- Participar en la elaboraciÃ³n de carteles, gafetes, folletos, portadas, credenciales, personificadores, trÃ­pticos e invitaciones, conforme a las solicitudes de las diversas Ã¡reas de la empresa para la difusiÃ³n, identificaciÃ³n y promociÃ³n de actividades y eventos que se generen, siguiendo los lineamientos de identidad corporativa.
- Realizar el reporte de actividades y trabajos efectuados, para conocimiento de su jefe inmediato.
]]></wp:meta_value>
		</wp:postmeta>
							<wp:postmeta>
		<wp:meta_key><![CDATA[experiencia_previa_meta]]></wp:meta_key>
		<wp:meta_value><![CDATA[1. DiseÃ±o GrÃ¡fico.
2. Auxiliar administrativo. 
3. Imagen corporativa.]]></wp:meta_value>
		</wp:postmeta>
							<wp:postmeta>
		<wp:meta_key><![CDATA[publico_objetivo_meta]]></wp:meta_key>
		<wp:meta_value><![CDATA[Hombre o mujer de 22 a 35 aÃ±os]]></wp:meta_value>
		</wp:postmeta>
							<wp:postmeta>
		<wp:meta_key><![CDATA[preguntas_puesto_meta]]></wp:meta_key>
		<wp:meta_value><![CDATA[a:22:{i:0;s:2:"48";i:1;s:2:"57";i:2;s:2:"26";i:3;s:2:"89";i:4;s:2:"74";i:5;s:2:"75";i:6;s:3:"138";i:7;s:2:"58";i:8;s:5:"20077";i:9;s:5:"20078";i:10;s:5:"20079";i:11;s:2:"90";i:12;s:2:"91";i:13;s:2:"92";i:14;s:2:"93";i:15;s:2:"94";i:16;s:2:"79";i:17;s:2:"80";i:18;s:2:"82";i:19;s:2:"87";i:20;s:2:"76";i:21;s:2:"78";}]]></wp:meta_value>
		</wp:postmeta>
							<wp:postmeta>
		<wp:meta_key><![CDATA[_thumbnail_id]]></wp:meta_key>
		<wp:meta_value><![CDATA[22782]]></wp:meta_value>
		</wp:postmeta>
							<wp:postmeta>
		<wp:meta_key><![CDATA[_edit_last]]></wp:meta_key>
		<wp:meta_value><![CDATA[1]]></wp:meta_value>
		</wp:postmeta>
							<wp:postmeta>
		<wp:meta_key><![CDATA[empresa_relacionada_meta]]></wp:meta_key>
		<wp:meta_value><![CDATA[a:1:{i:0;s:5:"19282";}]]></wp:meta_value>
		</wp:postmeta>
							</item>
					<item>
		<title><![CDATA[Gestor Comercial]]></title>
		<link>http://localhost/sass-wp/bolsadetrabajo/gestor-comercial/</link>
		<pubDate>Wed, 19 May 2021 15:58:45 +0000</pubDate>
		<dc:creator><![CDATA[webmaster]]></dc:creator>
		<guid isPermaLink="false">http://valparaiso.com.mx/?post_type=valpa_trabajos_pt&#038;p=20384</guid>
		<description></description>
		<content:encoded><![CDATA[Estamos en busca de un Gestor comercial, con retos profesionales y metas dentro del Ã¡mbito comercial.

Que tenga un buen enfoque a resultados, buena organizaciÃ³n, planeaciÃ³n de cartera de clientes y prospecciÃ³n de nuevo mercado, para la presentaciÃ³n de la marca.

&nbsp;]]></content:encoded>
		<excerpt:encoded><![CDATA[]]></excerpt:encoded>
		<wp:post_id>20384</wp:post_id>
		<wp:post_date><![CDATA[2021-05-19 15:58:45]]></wp:post_date>
		<wp:post_date_gmt><![CDATA[2021-05-19 15:58:45]]></wp:post_date_gmt>
		<wp:post_modified><![CDATA[2021-09-09 21:25:23]]></wp:post_modified>
		<wp:post_modified_gmt><![CDATA[2021-09-09 21:25:23]]></wp:post_modified_gmt>
		<wp:comment_status><![CDATA[closed]]></wp:comment_status>
		<wp:ping_status><![CDATA[closed]]></wp:ping_status>
		<wp:post_name><![CDATA[gestor-comercial]]></wp:post_name>
		<wp:status><![CDATA[publish]]></wp:status>
		<wp:post_parent>0</wp:post_parent>
		<wp:menu_order>0</wp:menu_order>
		<wp:post_type><![CDATA[valpa_trabajos_pt]]></wp:post_type>
		<wp:post_password><![CDATA[]]></wp:post_password>
		<wp:is_sticky>0</wp:is_sticky>
														<wp:postmeta>
		<wp:meta_key><![CDATA[valpa_info_puesto_]]></wp:meta_key>
		<wp:meta_value><![CDATA[a:3:{i:1;a:2:{s:4:"desc";s:5:"Edad:";s:4:"link";s:13:"27 a 48 aÃ±os";}i:2;a:2:{s:4:"desc";s:5:"Sexo:";s:4:"link";s:10:"Indistinto";}i:3;a:2:{s:4:"desc";s:0:"";s:4:"link";s:0:"";}}]]></wp:meta_value>
		</wp:postmeta>
							<wp:postmeta>
		<wp:meta_key><![CDATA[sucursal_relacionada_meta]]></wp:meta_key>
		<wp:meta_value><![CDATA[a:1:{i:0;s:2:"22";}]]></wp:meta_value>
		</wp:postmeta>
							<wp:postmeta>
		<wp:meta_key><![CDATA[valpa_log_links_]]></wp:meta_key>
		<wp:meta_value><![CDATA[a:2:{i:1;a:2:{s:4:"desc";s:1:"A";s:4:"link";s:1:"A";}i:2;a:2:{s:4:"desc";s:0:"";s:4:"link";s:0:"";}}]]></wp:meta_value>
		</wp:postmeta>
							<wp:postmeta>
		<wp:meta_key><![CDATA[documentos_necesarios_meta]]></wp:meta_key>
		<wp:meta_value><![CDATA[a:9:{i:0;s:2:"24";i:1;s:2:"25";i:2;s:2:"60";i:3;s:2:"64";i:4;s:2:"63";i:5;s:2:"62";i:6;s:3:"107";i:7;s:3:"134";i:8;s:3:"154";}]]></wp:meta_value>
		</wp:postmeta>
							<wp:postmeta>
		<wp:meta_key><![CDATA[tareas_puesto_meta]]></wp:meta_key>
		<wp:meta_value><![CDATA[- Generar cartera de nuevos clientes.
- Crear relaciones publicas funcionales con la empresa.
- CaptaciÃ³n de nuevas relaciones empresariales y prospecciÃ³n de eventos sociales.
- Identificar oportunidades comerciales. 
- CreaciÃ³n de relaciones funcionales entre instituciones y la empresa.
- Conseguir y generar acuerdos con nuevas empresas.]]></wp:meta_value>
		</wp:postmeta>
							<wp:postmeta>
		<wp:meta_key><![CDATA[experiencia_previa_meta]]></wp:meta_key>
		<wp:meta_value><![CDATA[Relaciones comerciales; Representante de marca; Relaciones pÃºblicas; PromotorÃ­a y ventas.]]></wp:meta_value>
		</wp:postmeta>
							<wp:postmeta>
		<wp:meta_key><![CDATA[publico_objetivo_meta]]></wp:meta_key>
		<wp:meta_value><![CDATA[Hombre o Mujer de 28 a 50 aÃ±os con experiencia en relaciones publicas o gestor de servicios]]></wp:meta_value>
		</wp:postmeta>
							<wp:postmeta>
		<wp:meta_key><![CDATA[preguntas_puesto_meta]]></wp:meta_key>
		<wp:meta_value><![CDATA[a:23:{i:0;s:2:"48";i:1;s:2:"57";i:2;s:2:"26";i:3;s:2:"89";i:4;s:2:"74";i:5;s:2:"75";i:6;s:3:"138";i:7;s:3:"136";i:8;s:2:"58";i:9;s:5:"20385";i:10;s:5:"20386";i:11;s:5:"20387";i:12;s:2:"90";i:13;s:2:"91";i:14;s:2:"92";i:15;s:2:"93";i:16;s:2:"94";i:17;s:2:"79";i:18;s:2:"80";i:19;s:2:"82";i:20;s:2:"87";i:21;s:2:"76";i:22;s:2:"78";}]]></wp:meta_value>
		</wp:postmeta>
							<wp:postmeta>
		<wp:meta_key><![CDATA[_thumbnail_id]]></wp:meta_key>
		<wp:meta_value><![CDATA[22781]]></wp:meta_value>
		</wp:postmeta>
							<wp:postmeta>
		<wp:meta_key><![CDATA[_edit_last]]></wp:meta_key>
		<wp:meta_value><![CDATA[1]]></wp:meta_value>
		</wp:postmeta>
							<wp:postmeta>
		<wp:meta_key><![CDATA[empresa_relacionada_meta]]></wp:meta_key>
		<wp:meta_value><![CDATA[a:1:{i:0;s:5:"19288";}]]></wp:meta_value>
		</wp:postmeta>
							</item>
					<item>
		<title><![CDATA[Labores]]></title>
		<link>http://localhost/sass-wp/?post_type=valpa_trabajos_pt&#038;p=21190</link>
		<pubDate>Fri, 04 Jun 2021 20:25:38 +0000</pubDate>
		<dc:creator><![CDATA[webmaster]]></dc:creator>
		<guid isPermaLink="false">http://valparaiso.com.mx/?post_type=valpa_trabajos_pt&#038;p=21190</guid>
		<description></description>
		<content:encoded><![CDATA[Estamos en busca de una persona responsable que efectÃºe y mantenga la limpieza de las instalaciones, asistiendo en diversas labores de servicio a cliente y asegurÃ¡ndose del correcto uso y funcionamiento de suministros.

}]]></content:encoded>
		<excerpt:encoded><![CDATA[]]></excerpt:encoded>
		<wp:post_id>21190</wp:post_id>
		<wp:post_date><![CDATA[2021-06-04 20:25:38]]></wp:post_date>
		<wp:post_date_gmt><![CDATA[2021-06-04 20:25:38]]></wp:post_date_gmt>
		<wp:post_modified><![CDATA[2021-09-10 20:42:49]]></wp:post_modified>
		<wp:post_modified_gmt><![CDATA[2021-09-10 20:42:49]]></wp:post_modified_gmt>
		<wp:comment_status><![CDATA[closed]]></wp:comment_status>
		<wp:ping_status><![CDATA[closed]]></wp:ping_status>
		<wp:post_name><![CDATA[labores]]></wp:post_name>
		<wp:status><![CDATA[draft]]></wp:status>
		<wp:post_parent>0</wp:post_parent>
		<wp:menu_order>0</wp:menu_order>
		<wp:post_type><![CDATA[valpa_trabajos_pt]]></wp:post_type>
		<wp:post_password><![CDATA[]]></wp:post_password>
		<wp:is_sticky>0</wp:is_sticky>
														<wp:postmeta>
		<wp:meta_key><![CDATA[_edit_last]]></wp:meta_key>
		<wp:meta_value><![CDATA[1]]></wp:meta_value>
		</wp:postmeta>
							<wp:postmeta>
		<wp:meta_key><![CDATA[valpa_info_puesto_]]></wp:meta_key>
		<wp:meta_value><![CDATA[a:3:{i:1;a:2:{s:4:"desc";s:5:"Sexo:";s:4:"link";s:10:"Indistinto";}i:2;a:2:{s:4:"desc";s:5:"Edad:";s:4:"link";s:13:"23 a 40 aÃ±os";}i:3;a:2:{s:4:"desc";s:0:"";s:4:"link";s:0:"";}}]]></wp:meta_value>
		</wp:postmeta>
							<wp:postmeta>
		<wp:meta_key><![CDATA[sucursal_relacionada_meta]]></wp:meta_key>
		<wp:meta_value><![CDATA[a:1:{i:0;s:2:"22";}]]></wp:meta_value>
		</wp:postmeta>
							<wp:postmeta>
		<wp:meta_key><![CDATA[valpa_log_links_]]></wp:meta_key>
		<wp:meta_value><![CDATA[a:2:{i:1;a:2:{s:4:"desc";s:1:"A";s:4:"link";s:1:"A";}i:2;a:2:{s:4:"desc";s:0:"";s:4:"link";s:0:"";}}]]></wp:meta_value>
		</wp:postmeta>
							<wp:postmeta>
		<wp:meta_key><![CDATA[documentos_necesarios_meta]]></wp:meta_key>
		<wp:meta_value><![CDATA[a:9:{i:0;s:2:"24";i:1;s:2:"25";i:2;s:2:"60";i:3;s:2:"64";i:4;s:2:"63";i:5;s:2:"62";i:6;s:3:"107";i:7;s:3:"134";i:8;s:3:"154";}]]></wp:meta_value>
		</wp:postmeta>
							<wp:postmeta>
		<wp:meta_key><![CDATA[tareas_puesto_meta]]></wp:meta_key>
		<wp:meta_value><![CDATA[1.	Efectuar la limpieza en general de las instalaciones.
2.	Dar atenciÃ³n a cliente dentro de nuestras instalaciones.
3.	Limpieza profunda.
4.	Llenado de bitÃ¡cora de su Ã¡rea.]]></wp:meta_value>
		</wp:postmeta>
							<wp:postmeta>
		<wp:meta_key><![CDATA[experiencia_previa_meta]]></wp:meta_key>
		<wp:meta_value><![CDATA[Limpieza, Servicio a Cliente, Mucama y Labores Generales.]]></wp:meta_value>
		</wp:postmeta>
							<wp:postmeta>
		<wp:meta_key><![CDATA[publico_objetivo_meta]]></wp:meta_key>
		<wp:meta_value><![CDATA[Hombre o mujer de 25 a 45 aÃ±os ]]></wp:meta_value>
		</wp:postmeta>
							<wp:postmeta>
		<wp:meta_key><![CDATA[preguntas_puesto_meta]]></wp:meta_key>
		<wp:meta_value><![CDATA[a:27:{i:0;s:2:"48";i:1;s:2:"57";i:2;s:2:"26";i:3;s:2:"89";i:4;s:2:"74";i:5;s:2:"75";i:6;s:3:"138";i:7;s:3:"136";i:8;s:2:"58";i:9;s:5:"21193";i:10;s:5:"21194";i:11;s:5:"21196";i:12;s:2:"90";i:13;s:2:"91";i:14;s:2:"92";i:15;s:2:"93";i:16;s:2:"94";i:17;s:2:"79";i:18;s:2:"80";i:19;s:2:"82";i:20;s:2:"87";i:21;s:2:"76";i:22;s:2:"78";i:23;s:4:"3482";i:24;s:4:"3480";i:25;s:4:"3481";i:26;s:4:"3483";}]]></wp:meta_value>
		</wp:postmeta>
							</item>
					<item>
		<title><![CDATA[test1]]></title>
		<link>http://localhost/sass-wp/bolsadetrabajo/test1/</link>
		<pubDate>Mon, 30 Aug 2021 20:40:14 +0000</pubDate>
		<dc:creator><![CDATA[webmaster]]></dc:creator>
		<guid isPermaLink="false">http://localhost/sass-wp/?post_type=valpa_trabajos_pt&#038;p=19376</guid>
		<description></description>
		<content:encoded><![CDATA[]]></content:encoded>
		<excerpt:encoded><![CDATA[]]></excerpt:encoded>
		<wp:post_id>19376</wp:post_id>
		<wp:post_date><![CDATA[2021-08-30 20:40:14]]></wp:post_date>
		<wp:post_date_gmt><![CDATA[2021-08-30 20:40:14]]></wp:post_date_gmt>
		<wp:post_modified><![CDATA[2021-08-30 20:40:14]]></wp:post_modified>
		<wp:post_modified_gmt><![CDATA[2021-08-30 20:40:14]]></wp:post_modified_gmt>
		<wp:comment_status><![CDATA[closed]]></wp:comment_status>
		<wp:ping_status><![CDATA[closed]]></wp:ping_status>
		<wp:post_name><![CDATA[test1]]></wp:post_name>
		<wp:status><![CDATA[publish]]></wp:status>
		<wp:post_parent>0</wp:post_parent>
		<wp:menu_order>0</wp:menu_order>
		<wp:post_type><![CDATA[valpa_trabajos_pt]]></wp:post_type>
		<wp:post_password><![CDATA[]]></wp:post_password>
		<wp:is_sticky>0</wp:is_sticky>
														<wp:postmeta>
		<wp:meta_key><![CDATA[_edit_last]]></wp:meta_key>
		<wp:meta_value><![CDATA[1]]></wp:meta_value>
		</wp:postmeta>
							<wp:postmeta>
		<wp:meta_key><![CDATA[experiencia_previa_meta]]></wp:meta_key>
		<wp:meta_value><![CDATA[]]></wp:meta_value>
		</wp:postmeta>
							<wp:postmeta>
		<wp:meta_key><![CDATA[publico_objetivo_meta]]></wp:meta_key>
		<wp:meta_value><![CDATA[]]></wp:meta_value>
		</wp:postmeta>
							</item>
					<item>
		<title><![CDATA[Herrero]]></title>
		<link>http://localhost/sass-wp/bolsadetrabajo/herrero/</link>
		<pubDate>Tue, 13 Jul 2021 15:37:03 +0000</pubDate>
		<dc:creator><![CDATA[webmaster]]></dc:creator>
		<guid isPermaLink="false">http://valparaiso.com.mx/?post_type=valpa_trabajos_pt&#038;p=22770</guid>
		<description></description>
		<content:encoded><![CDATA[Estamos en busca de una persona con experiencia en trabajos de herrerÃ­a, elaborando mobiliario y estructuras, sepa administrar sus tiempos, sea limpio en su trabajo y haya trabajado con aluminio.]]></content:encoded>
		<excerpt:encoded><![CDATA[]]></excerpt:encoded>
		<wp:post_id>22770</wp:post_id>
		<wp:post_date><![CDATA[2021-07-13 15:37:03]]></wp:post_date>
		<wp:post_date_gmt><![CDATA[2021-07-13 15:37:03]]></wp:post_date_gmt>
		<wp:post_modified><![CDATA[2021-09-09 21:23:30]]></wp:post_modified>
		<wp:post_modified_gmt><![CDATA[2021-09-09 21:23:30]]></wp:post_modified_gmt>
		<wp:comment_status><![CDATA[closed]]></wp:comment_status>
		<wp:ping_status><![CDATA[closed]]></wp:ping_status>
		<wp:post_name><![CDATA[herrero]]></wp:post_name>
		<wp:status><![CDATA[publish]]></wp:status>
		<wp:post_parent>0</wp:post_parent>
		<wp:menu_order>0</wp:menu_order>
		<wp:post_type><![CDATA[valpa_trabajos_pt]]></wp:post_type>
		<wp:post_password><![CDATA[]]></wp:post_password>
		<wp:is_sticky>0</wp:is_sticky>
														<wp:postmeta>
		<wp:meta_key><![CDATA[_edit_last]]></wp:meta_key>
		<wp:meta_value><![CDATA[1]]></wp:meta_value>
		</wp:postmeta>
							<wp:postmeta>
		<wp:meta_key><![CDATA[valpa_info_puesto_]]></wp:meta_key>
		<wp:meta_value><![CDATA[a:3:{i:1;a:2:{s:4:"desc";s:5:"Sexo:";s:4:"link";s:9:"Masculino";}i:2;a:2:{s:4:"desc";s:5:"Edad:";s:4:"link";s:5:"20-50";}i:3;a:2:{s:4:"desc";s:0:"";s:4:"link";s:0:"";}}]]></wp:meta_value>
		</wp:postmeta>
							<wp:postmeta>
		<wp:meta_key><![CDATA[sucursal_relacionada_meta]]></wp:meta_key>
		<wp:meta_value><![CDATA[a:1:{i:0;s:2:"22";}]]></wp:meta_value>
		</wp:postmeta>
							<wp:postmeta>
		<wp:meta_key><![CDATA[valpa_log_links_]]></wp:meta_key>
		<wp:meta_value><![CDATA[a:2:{i:1;a:2:{s:4:"desc";s:1:"A";s:4:"link";s:1:"A";}i:2;a:2:{s:4:"desc";s:0:"";s:4:"link";s:0:"";}}]]></wp:meta_value>
		</wp:postmeta>
							<wp:postmeta>
		<wp:meta_key><![CDATA[preguntas_puesto_meta]]></wp:meta_key>
		<wp:meta_value><![CDATA[a:19:{i:0;s:2:"48";i:1;s:2:"57";i:2;s:2:"26";i:3;s:2:"89";i:4;s:2:"74";i:5;s:2:"75";i:6;s:2:"58";i:7;s:5:"22771";i:8;s:2:"90";i:9;s:2:"91";i:10;s:2:"92";i:11;s:2:"93";i:12;s:2:"94";i:13;s:2:"79";i:14;s:2:"80";i:15;s:2:"82";i:16;s:2:"87";i:17;s:2:"76";i:18;s:2:"78";}]]></wp:meta_value>
		</wp:postmeta>
							<wp:postmeta>
		<wp:meta_key><![CDATA[documentos_necesarios_meta]]></wp:meta_key>
		<wp:meta_value><![CDATA[a:8:{i:0;s:2:"25";i:1;s:2:"60";i:2;s:2:"64";i:3;s:2:"63";i:4;s:2:"62";i:5;s:3:"107";i:6;s:3:"134";i:7;s:3:"154";}]]></wp:meta_value>
		</wp:postmeta>
							<wp:postmeta>
		<wp:meta_key><![CDATA[tareas_puesto_meta]]></wp:meta_key>
		<wp:meta_value><![CDATA[- Efectuar trabajos de herrerÃ­a.
- Llenado de bitÃ¡cora de sus tiempos y trabajos efectuados.
- Mantener en Ã³ptimas condiciones sus herramientas de trabajo.
- Limpieza de su Ã¡rea y herramientas de trabajo.]]></wp:meta_value>
		</wp:postmeta>
							<wp:postmeta>
		<wp:meta_key><![CDATA[experiencia_previa_meta]]></wp:meta_key>
		<wp:meta_value><![CDATA[HerrerÃ­a - Mantenimiento - Aluminero - Trabajos u oficios a fin.]]></wp:meta_value>
		</wp:postmeta>
							<wp:postmeta>
		<wp:meta_key><![CDATA[publico_objetivo_meta]]></wp:meta_key>
		<wp:meta_value><![CDATA[Hombres con experiencia en herrerÃ­a de entre 20 a 55 aÃ±os ]]></wp:meta_value>
		</wp:postmeta>
							<wp:postmeta>
		<wp:meta_key><![CDATA[empresa_relacionada_meta]]></wp:meta_key>
		<wp:meta_value><![CDATA[a:1:{i:0;s:5:"19276";}]]></wp:meta_value>
		</wp:postmeta>
							<wp:postmeta>
		<wp:meta_key><![CDATA[_thumbnail_id]]></wp:meta_key>
		<wp:meta_value><![CDATA[22780]]></wp:meta_value>
		</wp:postmeta>
							</item>
				</channel>
</rss>
	